0 0 0.0 0.0 0.0 0.0 0 0 0 0.0 0.0 0.0 0.0 
10000 10 182.927 0.0 0.0 0.4538 0 0 0 0.0 0.0 0.0 0.0 
20000 20 330.458 -1.0 -0.017 0.817 0 0 0 0.0 0.0 0.0 0.0 
30000 63 261.396 -34.0 -0.456 1.4078 0 0 0 0.0010531 0.001053 0.0004325 0.0004984 
40000 149 120.252 -105.0 -0.788 0.8866 0 0 0 0.0009522 0.0009522 0.0003291 0.0006843 
50000 197 219.883 -134.0 -0.639 1.832 0 0 0 0.0009205 0.0009205 0.0002352 0.0009077 
60000 207 362.588 -134.0 -0.522 3.0836 0 0 0 0.0008203 0.0008203 0.0001502 0.0010978 
70000 217 479.188 -134.0 -0.427 4.0826 0 0 0 0.0007228 0.0007228 0.0001005 0.0013377 
80000 227 574.458 -134.0 -0.349 4.8902 0 0 0 0.0006572 0.0006572 7.77e-05 0.0015967 
90000 237 652.302 -134.0 -0.285 5.5622 0 0 0 0.0006162 0.0006162 5.51e-05 0.0018337 
100000 278 406.138 -164.0 -0.558 3.4634 0 0 0 0.0007107 0.0007107 5.69e-05 0.0020605 
110000 374 130.722 -241.0 -0.798 1.1224 0 0 0 0.0009151 0.0009151 6.34e-05 0.0022836 
120000 570 51.124 -408.0 -0.787 0.4505 0 0 0 0.0009684 0.0009684 5.41e-05 0.0024464 
130000 585 210.801 -406.0 -0.547 1.8332 0 0 0 0.0010512 0.0010512 5.02e-05 0.0026336 
140000 597 345.664 -406.0 -0.433 2.9889 0 0 0 0.0010133 0.0010133 4.4e-05 0.002825 
150000 617 396.721 -410.0 -0.338 3.4409 0 0 0 0.001073 0.001073 3.92e-05 0.0029716 
160000 644 378.851 -409.0 -0.198 3.3125 0 0 0 0.0010727 0.0010727 3.5e-05 0.0031258 
170000 674 358.266 -394.0 0.129 3.1104 0 0 0 0.0010795 0.0010795 3.12e-05 0.003437 
180000 705 341.799 -371.0 0.414 2.9816 0 0 0 0.0010924 0.0010924 2.77e-05 0.003699 
190000 741 317.689 -374.0 0.201 2.7662 0 0 0 0.0011325 0.0011325 2.66e-05 0.003837 
200000 767 346.05 -353.0 0.454 2.9972 0 0 0 0.0011302 0.0011302 2.23e-05 0.0041286 
210000 790 380.393 -333.0 0.611 3.3007 0 0 0 0.001067 0.001067 2.05e-05 0.0043153 
220000 826 321.06 -298.0 0.794 2.7804 0 0 0 0.0009705 0.0009705 2.52e-05 0.0044349 
230000 865 287.142 -266.0 0.805 2.478 0 0 0 0.0009484 0.0009484 1.48e-05 0.0043203 
240000 917 219.454 -218.0 0.868 1.8885 0 0 0 0.000886 0.000886 1.32e-05 0.0043921 
250000 965 211.681 -184.0 0.777 1.7949 0 0 0 0.0008863 0.0008863 1.22e-05 0.0044955 
260000 1038 148.863 -117.0 0.886 1.275 0 0 0 0.0008489 0.0008489 1.21e-05 0.004502 
270000 1118 134.744 -43.0 0.9 1.1592 0 0 0 0.0008257 0.0008257 1.13e-05 0.0044873 
280000 1199 119.733 34.0 0.962 1.041 0 0 0 0.0008013 0.0008013 9.7e-06 0.0045859 
290000 1257 166.38 81.0 0.829 1.4346 0 0 0 0.0007866 0.0007866 1.02e-05 0.004617 
300000 1303 183.874 113.0 0.747 1.5617 0 0 0 0.0007546 0.0007546 8.1e-06 0.0046815 
310000 1364 168.818 169.0 0.855 1.4341 0 0 0 0.000666 0.000666 7.5e-06 0.0046804 
320000 1448 124.279 253.0 0.973 1.0807 0 0 0 0.000581 0.000581 6.5e-06 0.0048216 
330000 1514 140.345 316.0 0.97 1.2128 0 0 0 0.0005687 0.0005687 5.7e-06 0.0049462 
340000 1569 173.049 365.0 0.897 1.4876 0 0 0 0.0005498 0.0005498 6.7e-06 0.0050358 
350000 1599 245.418 378.0 0.666 2.099 0 0 0 0.0005272 0.0005272 5.7e-06 0.0053101 
360000 1644 221.183 396.0 0.497 1.886 0 0 0 0.0005342 0.0005342 5.6e-06 0.0054742 
370000 1713 155.311 419.0 0.353 1.3255 0 0 0 0.0005373 0.0005373 5.3e-06 0.0055608 
380000 1779 159.611 466.0 0.66 1.3679 0 0 0 0.0005366 0.0005366 5.7e-06 0.0056471 
390000 1847 151.786 524.0 0.83 1.305 0 0 0 0.0005195 0.0005195 5e-06 0.0058121 
400000 1924 128.228 594.0 0.871 1.1067 0 0 0 0.0005035 0.0005035 4.3e-06 0.0058855 
410000 2003 125.36 653.0 0.78 1.0766 0 0 0 0.0004911 0.0004911 6.2e-06 0.0058652 
420000 2083 121.581 729.0 0.91 1.0469 0 0 0 0.0004986 0.0004986 4.9e-06 0.0061151 
430000 2170 117.496 814.0 0.973 1.0161 0 0 0 0.0004772 0.0004772 5.1e-06 0.0061481 
440000 2273 101.901 907.0 0.897 0.8864 0 0 0 0.0004546 0.0004546 4.7e-06 0.0062477 
450000 2362 111.265 996.0 0.983 0.9661 0 0 0 0.000438 0.000438 4.1e-06 0.0062369 
460000 2435 119.643 1067.0 0.985 1.0369 0 0 0 0.0004286 0.0004286 5.2e-06 0.0063262 
470000 2537 103.546 1166.0 0.964 0.8988 0 0 0 0.0004105 0.0004105 3.4e-06 0.0063008 
480000 2630 115.749 1258.0 0.979 1.0002 0 0 0 0.0004016 0.0004016 1.26e-05 0.0063815 
490000 2741 91.901 1367.0 0.988 0.7891 0 0 0 0.0003863 0.0003863 3.4e-06 0.0064603 
500000 2840 107.493 1451.0 0.891 0.9178 0 0 0 0.0003754 0.0003754 4.5e-06 0.0063878 
510000 2953 91.923 1556.0 0.94 0.7905 0 0 0 0.0003665 0.0003665 3.4e-06 0.0064629 
520000 3051 99.51 1648.0 0.919 0.852 0 0 0 0.0003493 0.0003493 3.7e-06 0.0063616 
530000 3150 106.176 1743.0 0.954 0.9196 0 0 0 0.000342 0.000342 3.9e-06 0.006591 
540000 3259 86.141 1841.0 0.916 0.733 0 0 0 0.000334 0.000334 5.2e-06 0.0065225 
550000 3350 96.25 1930.0 0.98 0.834 0 0 0 0.0003195 0.0003195 3.9e-06 0.0063481 
560000 3435 124.579 2011.0 0.938 1.0685 0 0 0 0.0003085 0.0003085 1e-05 0.0063155 
570000 3531 101.138 2096.0 0.905 0.8701 0 0 0 0.0002917 0.0002917 6.4e-06 0.0062615 
580000 3626 106.77 2188.0 0.974 0.9238 0 0 0 0.0002784 0.0002784 3.3e-06 0.0062745 
590000 3726 100.044 2279.0 0.943 0.8679 0 0 0 0.000265 0.000265 2e-06 0.0062791 
600000 3792 132.831 2338.0 0.904 1.1478 0 0 0 0.0002709 0.0002709 2.5e-06 0.0061406 
610000 3898 106.285 2432.0 0.893 0.9254 0 0 0 0.0002591 0.0002591 2.4e-06 0.0061759 
620000 4027 73.862 2553.0 0.934 0.6405 0 0 0 0.0002635 0.0002635 4.6e-06 0.0060157 
630000 4164 71.61 2683.0 0.932 0.6288 0 0 0 0.000259 0.000259 2.1e-06 0.0060265 
640000 4317 60.632 2835.0 0.992 0.5352 0 0 0 0.0002599 0.0002599 3.1e-06 0.0060251 
650000 4473 67.217 2989.0 0.987 0.593 0 0 0 0.0002611 0.0002611 3.4e-06 0.0059114 
660000 4655 52.0 3167.0 0.987 0.4666 0 0 0 0.0002613 0.0002613 2.8e-06 0.0060922 
670000 4830 63.476 3336.0 0.953 0.5537 0 0 0 0.0002526 0.0002526 3.5e-06 0.0060212 
680000 5038 45.686 3536.0 0.987 0.4004 0 0 0 0.0002533 0.0002533 3.2e-06 0.0059041 
690000 5234 49.262 3718.0 0.926 0.4344 0 0 0 0.0002534 0.0002534 4.1e-06 0.0057782 
700000 5436 43.71 3906.0 0.962 0.3893 0 0 0 0.0002554 0.0002554 2.3e-06 0.0058158 
710000 5634 56.919 4096.0 0.937 0.5016 0 0 0 0.0002526 0.0002526 4.4e-06 0.0057286 
720000 5777 67.016 4219.0 0.915 0.5901 0 0 0 0.0002515 0.0002515 2.4e-06 0.0056244 
730000 5955 60.835 4385.0 0.908 0.5338 0 0 0 0.0002428 0.0002428 2.6e-06 0.0055561 
740000 6107 74.094 4512.0 0.75 0.6411 0 0 0 0.0002469 0.0002469 2.4e-06 0.0055363 
750000 6273 58.073 4656.0 0.883 0.5059 0 0 0 0.000245 0.000245 3.3e-06 0.0055877 
760000 6441 52.68 4810.0 0.853 0.4585 0 0 0 0.0002484 0.0002484 2.7e-06 0.0055075 
770000 6591 62.257 4948.0 0.942 0.5485 0 0 0 0.0002403 0.0002403 5e-06 0.0055033 
780000 6761 51.957 5115.0 0.995 0.4664 0 0 0 0.0002414 0.0002414 3.3e-06 0.0054607 
790000 6958 51.381 5308.0 0.983 0.4539 0 0 0 0.0002432 0.0002432 3.4e-06 0.0054704 
800000 7095 81.482 5443.0 0.969 0.7198 0 0 0 0.0002375 0.0002375 2.3e-06 0.005486 
810000 7276 48.09 5600.0 0.955 0.4213 0 0 0 0.0002374 0.0002374 6.4e-06 0.0054706 
820000 7459 55.206 5781.0 0.979 0.4874 0 0 0 0.000239 0.000239 4.1e-06 0.0053529 
830000 7649 52.479 5965.0 0.986 0.4691 0 0 0 0.0002329 0.0002329 4.1e-06 0.0054159 
840000 7859 49.115 6167.0 0.994 0.4353 0 0 0 0.0002334 0.0002334 3.7e-06 0.0053973 
850000 8039 55.125 6342.0 0.976 0.4911 0 0 0 0.0002312 0.0002312 1.5e-06 0.0053497 
860000 8235 56.531 6530.0 0.958 0.4912 0 0 0 0.0002365 0.0002365 2.8e-06 0.0054265 
870000 8427 54.796 6716.0 0.983 0.4922 0 0 0 0.0002286 0.0002286 2.4e-06 0.005421 
880000 8626 51.824 6915.0 1.0 0.4654 0 0 0 0.0002222 0.0002222 1.1e-06 0.0054177 
890000 8815 52.929 7102.0 0.995 0.4767 0 0 0 0.0002254 0.0002254 2e-06 0.0053589 
900000 9012 49.749 7299.0 1.0 0.4386 0 0 0 0.0002243 0.0002243 1.9e-06 0.0054068 
910000 9190 51.612 7477.0 1.0 0.4577 0 0 0 0.0002244 0.0002244 3.2e-06 0.0054775 
920000 9382 52.806 7665.0 0.997 0.4732 0 0 0 0.0002256 0.0002256 3.4e-06 0.0054916 
930000 9503 86.244 7784.0 0.983 0.7625 0 0 0 0.0002213 0.0002213 4e-06 0.0054183 
940000 9691 56.755 7966.0 0.989 0.4994 0 0 0 0.0002202 0.0002202 1.9e-06 0.0054496 
950000 9883 47.484 8158.0 1.0 0.429 0 0 0 0.0002235 0.0002235 8.9e-06 0.0054295 
960000 10098 48.856 8373.0 1.0 0.4314 0 0 0 0.0002189 0.0002189 3.8e-06 0.0052521 
970000 10296 53.121 8567.0 0.967 0.4661 0 0 0 0.0002215 0.0002215 1.4e-06 0.0052111 
980000 10473 55.527 8737.0 0.989 0.4789 0 0 0 0.0002188 0.0002188 1.5e-06 0.0052259 
990000 10651 57.81 8915.0 1.0 0.5105 0 0 0 0.0002202 0.0002202 3.8e-06 0.005316 
