10000 11 177.25 -21.3 -0.41 0.7015 0 0 0 0.0 0.0 
20000 21 320.07 -61.0 -1.094 1.2545 0 0 0 0.0 0.0 
30000 201 43.898 -190.4 -0.782 0.324 0 0 0 0.000599 0.00599 
40000 325 126.61 -294.7 -0.982 0.9654 0 0 0 0.0005074 0.0050743 
50000 361 216.074 -360.6 -1.464 1.6464 0 0 0 0.0005727 0.0057273 
60000 432 153.446 -431.3 -1.228 1.1865 0 0 0 0.000541 0.0054102 
70000 509 150.056 -590.1 -2.527 1.1576 0 0 0 0.0005136 0.0051359 
80000 535 245.125 -611.8 -1.882 1.8664 0 0 0 0.0004983 0.004983 
90000 554 322.221 -755.4 -3.355 2.4422 0 0 0 0.0004907 0.0049074 
100000 567 439.224 -824.0 -4.134 3.3321 0 0 0 0.0004677 0.0046767 
110000 589 437.223 -988.8 -5.133 3.3268 0 0 0 0.0004441 0.0044409 
120000 606 475.733 -1113.6 -5.398 3.6246 0 0 0 0.0004135 0.0041347 
130000 628 470.489 -1214.2 -5.293 3.5695 0 0 0 0.0004168 0.0041682 
140000 652 441.441 -1345.7 -5.089 3.3409 0 0 0 0.0004091 0.0040911 
150000 670 468.087 -1462.1 -5.034 3.5378 0 0 0 0.0004033 0.0040328 
160000 697 426.072 -1577.3 -4.912 3.2109 0 0 0 0.0003958 0.0039579 
170000 722 417.822 -1671.6 -4.489 3.1639 0 0 0 0.0003977 0.0039769 
180000 753 379.418 -1791.3 -4.128 2.8657 0 0 0 0.0003837 0.0038369 
190000 785 339.907 -1920.6 -4.379 2.5706 0 0 0 0.0003713 0.003713 
200000 822 300.886 -2034.6 -3.258 2.2878 0 0 0 0.0003548 0.003548 
210000 880 204.336 -2157.6 -2.601 1.5641 0 0 0 0.0003333 0.003333 
220000 920 223.315 -2217.0 -1.854 1.6878 0 0 0 0.0003173 0.0031735 
230000 975 190.934 -2264.7 -1.273 1.4396 0 0 0 0.0003096 0.0030956 
240000 1018 212.054 -2320.0 -1.182 1.4743 0 0 0 0.0002994 0.0029936 
250000 1083 172.43 -2398.8 -1.19 1.1615 0 0 0 0.0002839 0.0028389 
260000 1138 188.73 -2435.9 -0.87 1.2977 0 0 0 0.0002753 0.0027526 
270000 1175 236.859 -2458.6 -0.743 1.674 0 0 0 0.0002639 0.0026388 
280000 1233 193.154 -2502.5 -0.826 1.395 0 0 0 0.0002606 0.002606 
290000 1267 242.276 -2530.8 -0.816 1.7648 0 0 0 0.00025 0.0024997 
300000 1321 205.435 -2567.5 -0.687 1.5254 0 0 0 0.0002361 0.002361 
310000 1359 248.591 -2585.7 -0.526 1.8396 0 0 0 0.0002311 0.0023105 
320000 1389 280.952 -2592.4 -0.419 2.077 0 0 0 0.0002271 0.0022706 
330000 1432 243.206 -2620.8 -0.54 1.8006 0 0 0 0.0002151 0.0021511 
340000 1458 309.074 -2643.9 -0.621 2.2788 0 0 0 0.0002139 0.0021391 
350000 1488 321.261 -2669.1 -0.745 2.3617 0 0 0 0.0002041 0.0020411 
360000 1519 322.88 -2683.5 -0.539 2.3823 0 0 0 0.0001972 0.0019725 
370000 1544 357.656 -2693.5 -0.527 2.6547 0 0 0 0.0001903 0.0019029 
380000 1603 214.388 -2733.8 -0.673 1.5652 0 0 0 0.0001877 0.0018775 
390000 1631 258.36 -2732.2 -0.397 1.8926 0 0 0 0.0001787 0.0017873 
400000 1662 299.205 -2739.3 -0.332 2.2024 0 0 0 0.0001696 0.0016962 
410000 1706 247.931 -2784.4 -0.878 1.8447 0 0 0 0.0001663 0.0016633 
420000 1732 309.006 -2783.3 -0.534 2.2179 0 0 0 0.0001591 0.0015909 
430000 1766 305.116 -2797.3 -0.474 2.1978 0 0 0 0.0001534 0.0015336 
440000 1804 269.03 -2809.3 -0.41 1.9277 0 0 0 0.0001508 0.0015082 
450000 1841 275.169 -2806.9 -0.184 1.8871 0 0 0 0.0001449 0.0014491 
460000 1888 232.649 -2830.4 -0.376 1.6203 0 0 0 0.0001429 0.0014285 
470000 1907 316.472 -2852.2 -0.756 2.1462 0 0 0 0.0001389 0.0013891 
480000 1954 263.52 -2875.3 -0.662 1.7989 0 0 0 0.0001383 0.001383 
490000 1984 288.405 -2870.1 -0.298 1.9277 0 0 0 0.0001337 0.0013369 
500000 2025 264.91 -2874.9 -0.18 1.7568 0 0 0 0.0001278 0.0012776 
510000 2052 322.169 -2884.6 -0.21 2.1371 0 0 0 0.000127 0.0012701 
520000 2078 329.86 -2894.5 -0.285 2.3043 0 0 0 0.0001229 0.0012287 
530000 2115 328.963 -2907.5 -0.269 2.2383 0 0 0 0.0001179 0.0011791 
540000 2144 336.953 -2900.7 -0.068 2.3811 0 0 0 0.0001154 0.001154 
550000 2179 316.254 -2920.0 -0.265 2.2962 0 0 0 0.0001116 0.001116 
560000 2207 314.676 -2950.2 -0.629 2.3101 0 0 0 0.0001137 0.0011372 
570000 2243 306.81 -2946.0 -0.303 2.2494 0 0 0 0.0001077 0.0010774 
580000 2267 334.392 -2930.5 0.032 2.4438 0 0 0 0.0001051 0.0010513 
590000 2286 388.796 -2983.9 -0.839 2.7008 0 0 0 0.0001055 0.0010552 
600000 2316 366.825 -3008.9 -0.813 2.5568 0 0 0 0.0001033 0.0010325 
610000 2346 343.954 -2994.1 -0.093 2.3713 0 0 0 0.000101 0.0010099 
620000 2385 307.361 -3000.5 -0.218 2.0632 0 0 0 0.0001014 0.0010139 
630000 2415 321.829 -3000.6 0.027 2.1848 0 0 0 9.84e-05 0.0009842 
640000 2444 335.118 -2995.5 0.017 2.3322 0 0 0 0.0001007 0.0010072 
650000 2475 326.751 -2989.2 0.086 2.2449 0 0 0 9.76e-05 0.0009757 
660000 2507 318.291 -3015.3 -0.364 2.2043 0 0 0 9.79e-05 0.0009793 
670000 2545 311.701 -3005.3 -0.025 2.2369 0 0 0 9.59e-05 0.0009585 
680000 2589 270.052 -2998.0 0.062 1.8596 0 0 0 9.46e-05 0.0009463 
690000 2621 280.818 -3013.6 -0.164 1.8877 0 0 0 9.84e-05 0.0009837 
700000 2655 293.004 -3114.1 -1.947 1.9493 0 0 0 9.5e-05 0.00095 
710000 2722 184.533 -3122.2 -0.735 1.3155 0 0 0 9.24e-05 0.0009244 
720000 2765 215.443 -3150.5 -0.649 1.5914 0 0 0 9.55e-05 0.000955 
730000 2800 242.032 -3214.5 -1.45 1.7908 0 0 0 9.43e-05 0.0009427 
740000 2852 212.144 -3217.0 -0.603 1.5739 0 0 0 9.57e-05 0.0009575 
750000 2905 208.566 -3221.9 -0.287 1.5578 0 0 0 9.63e-05 0.0009631 
760000 2950 199.627 -3212.9 -0.042 1.4957 0 0 0 9.8e-05 0.0009804 
770000 2986 243.701 -3190.3 0.343 1.8049 0 0 0 9.59e-05 0.000959 
780000 3032 224.233 -3208.8 -0.069 1.66 0 0 0 9.38e-05 0.0009375 
790000 3077 226.207 -3193.9 0.169 1.6846 0 0 0 9.23e-05 0.0009234 
800000 3145 167.474 -3168.6 0.224 1.2626 0 0 0 9.26e-05 0.0009256 
810000 3199 187.156 -3139.8 0.526 1.377 0 0 0 8.97e-05 0.0008975 
820000 3263 158.643 -3101.2 0.523 1.1395 0 0 0 9.5e-05 0.0009496 
830000 3314 183.314 -3100.2 0.23 1.3535 0 0 0 8.97e-05 0.0008971 
840000 3381 153.183 -3092.0 0.22 1.1461 0 0 0 9.01e-05 0.0009013 
850000 3446 154.524 -3070.6 0.258 1.1546 0 0 0 9.27e-05 0.0009272 
860000 3507 150.522 -3059.9 0.128 1.1216 0 0 0 8.8e-05 0.0008804 
870000 3556 194.496 -3057.8 0.25 1.3392 0 0 0 8.98e-05 0.0008976 
880000 3614 167.791 -3051.0 0.074 1.1921 0 0 0 8.79e-05 0.0008786 
890000 3682 165.38 -3023.6 0.369 1.1416 0 0 0 8.66e-05 0.0008655 
900000 3738 164.343 -2993.2 0.468 1.1132 0 0 0 8.67e-05 0.0008673 
910000 3769 230.072 -2985.0 0.37 1.5581 0 0 0 8.47e-05 0.0008472 
920000 3838 168.3 -3020.6 -0.019 1.223 0 0 0 8.3e-05 0.0008297 
930000 3893 186.816 -3014.5 0.191 1.3873 0 0 0 8.21e-05 0.000821 
940000 3935 199.931 -3037.6 -0.271 1.4928 0 0 0 8.59e-05 0.0008594 
950000 3982 217.476 -3029.3 -0.144 1.6176 0 0 0 8.22e-05 0.0008224 
960000 4011 276.505 -3040.4 -0.182 2.0553 0 0 0 8.39e-05 0.0008394 
970000 4065 219.503 -3014.7 0.197 1.6616 0 0 0 8.47e-05 0.0008474 
980000 4105 219.891 -3146.0 -1.425 1.6381 0 0 0 8.22e-05 0.0008215 
990000 4149 220.568 -3171.7 -0.904 1.6151 0 0 0 8.21e-05 0.0008213 
1000000 4214 166.985 -3171.6 -0.197 1.2254 0 0 0 8.11e-05 0.000811 
1010000 4271 175.111 -3153.8 0.074 1.2801 0 0 0 8.21e-05 0.0008206 
1020000 4339 161.047 -3159.3 -0.08 1.2022 0 0 0 8.07e-05 0.0008073 
1030000 4399 171.115 -3181.3 -0.337 1.2909 0 0 0 8.04e-05 0.0008037 
1040000 4437 200.344 -3161.0 0.09 1.4516 0 0 0 8.09e-05 0.0008086 
1050000 4472 246.097 -3132.4 0.475 1.7223 0 0 0 7.99e-05 0.0007994 
1060000 4522 212.524 -3104.7 0.577 1.5345 0 0 0 8.09e-05 0.000809 
1070000 4575 198.754 -3112.7 0.148 1.4427 0 0 0 7.82e-05 0.0007823 
1080000 4623 196.027 -3078.7 0.319 1.4369 0 0 0 7.81e-05 0.0007808 
1090000 4669 221.293 -3045.8 0.679 1.6101 0 0 0 8.1e-05 0.0008102 
1100000 4710 226.553 -3082.1 0.141 1.6327 0 0 0 8.03e-05 0.0008029 
1110000 4766 191.091 -3020.0 0.813 1.3627 0 0 0 7.97e-05 0.000797 
1120000 4829 167.616 -2945.7 1.198 1.2203 0 0 0 7.86e-05 0.0007862 
1130000 4890 158.074 -2903.4 0.867 1.1804 0 0 0 7.81e-05 0.000781 
1140000 4948 175.805 -3022.8 -0.74 1.2665 0 0 0 7.69e-05 0.0007685 
1150000 5001 171.335 -3045.6 -0.423 1.2736 0 0 0 7.53e-05 0.0007534 
1160000 5065 154.094 -3069.5 -0.606 1.1521 0 0 0 7.65e-05 0.0007655 
1170000 5110 186.581 -3012.1 0.506 1.3868 0 0 0 7.38e-05 0.000738 
1180000 5163 166.647 -2959.6 0.799 1.2539 0 0 0 7.39e-05 0.0007386 
1190000 5249 124.649 -2921.6 0.452 0.9253 0 0 0 7.55e-05 0.0007551 
1200000 5300 164.802 -2902.9 0.461 1.1754 0 0 0 7.44e-05 0.0007442 
1210000 5366 152.011 -2856.6 0.637 1.1174 0 0 0 7.13e-05 0.0007126 
1220000 5444 137.149 -2791.0 0.751 1.0258 0 0 0 7.08e-05 0.000708 
1230000 5508 142.641 -2730.2 0.9 1.0818 0 0 0 7.29e-05 0.0007288 
1240000 5566 164.45 -2690.3 0.853 1.2311 0 0 0 7.26e-05 0.0007258 
1250000 5611 193.459 -2653.0 0.893 1.3903 0 0 0 6.93e-05 0.0006927 
1260000 5662 193.61 -2582.2 1.299 1.4061 0 0 0 6.73e-05 0.0006733 
1270000 5736 143.16 -2597.9 0.168 1.0697 0 0 0 6.7e-05 0.0006699 
1280000 5799 163.67 -2566.3 0.296 1.1508 0 0 0 6.87e-05 0.0006867 
1290000 5848 193.528 -2500.6 0.857 1.344 0 0 0 6.82e-05 0.0006816 
1300000 5920 151.013 -2440.2 0.821 1.1009 0 0 0 6.87e-05 0.0006869 
1310000 5975 161.56 -2348.1 1.379 1.173 0 0 0 6.71e-05 0.0006706 
1320000 6017 215.922 -2299.0 1.405 1.6089 0 0 0 6.49e-05 0.000649 
1330000 6065 203.608 -2236.7 1.447 1.4841 0 0 0 6.61e-05 0.0006611 
1340000 6131 163.757 -2169.2 1.062 1.1563 0 0 0 6.43e-05 0.0006429 
1350000 6179 201.366 -2088.3 1.391 1.458 0 0 0 6.42e-05 0.0006421 
1360000 6226 212.114 -2026.7 1.338 1.5578 0 0 0 6.54e-05 0.0006545 
1370000 6289 176.065 -2041.8 -0.681 1.3148 0 0 0 6.76e-05 0.0006756 
1380000 6329 224.908 -1972.4 0.673 1.6576 0 0 0 6.5e-05 0.0006505 
1390000 6388 188.679 -1903.8 0.836 1.4025 0 0 0 6.57e-05 0.0006567 
1400000 6443 202.218 -1842.0 0.898 1.5083 0 0 0 6.32e-05 0.0006317 
1410000 6503 169.202 -1740.6 1.347 1.2604 0 0 0 6.24e-05 0.0006245 
1420000 6553 198.333 -1729.3 0.124 1.4949 0 0 0 6.29e-05 0.000629 
1430000 6616 175.279 -1600.0 1.489 1.2762 0 0 0 6.36e-05 0.0006361 
1440000 6676 172.162 -1510.6 1.423 1.285 0 0 0 6.28e-05 0.0006277 
1450000 6722 208.523 -1421.0 1.867 1.5525 0 0 0 6.46e-05 0.0006457 
1460000 6782 157.646 -1443.2 0.651 1.1766 0 0 0 6.36e-05 0.0006365 
1470000 6821 216.599 -1381.3 1.224 1.5969 0 0 0 6.46e-05 0.0006462 
1480000 6886 176.738 -1322.4 0.913 1.3224 0 0 0 6.35e-05 0.0006352 
1490000 6946 166.542 -1238.5 1.24 1.2558 0 0 0 6.38e-05 0.0006383 
1500000 7012 154.437 -1117.0 1.684 1.1162 0 0 0 6.17e-05 0.0006167 
1510000 7079 148.73 -1005.3 1.576 1.0995 0 0 0 6.24e-05 0.0006239 
1520000 7132 187.511 -922.7 1.606 1.3922 0 0 0 6.14e-05 0.0006142 
1530000 7197 161.718 -830.6 1.395 1.2219 0 0 0 6.05e-05 0.0006046 
1540000 7260 156.56 -722.6 1.681 1.1768 0 0 0 6.02e-05 0.0006018 
1550000 7316 166.846 -607.9 1.814 1.2606 0 0 0 5.93e-05 0.0005934 
1560000 7373 168.394 -522.3 1.723 1.2767 0 0 0 6e-05 0.0006005 
1570000 7428 175.751 -506.6 1.308 1.3335 0 0 0 5.78e-05 0.0005776 
1580000 7488 165.187 -366.5 1.974 1.2455 0 0 0 6.01e-05 0.0006006 
1590000 7563 146.54 -279.3 1.504 1.1148 0 0 0 5.8e-05 0.0005799 
1600000 7630 151.298 -197.9 1.426 1.1445 0 0 0 5.66e-05 0.0005656 
1610000 7690 162.237 -101.8 1.572 1.2325 0 0 0 5.84e-05 0.0005843 
1620000 7755 149.159 -19.1 1.464 1.1288 0 0 0 5.81e-05 0.0005806 
1630000 7806 185.192 25.0 1.033 1.3942 0 0 0 5.58e-05 0.0005585 
1640000 7868 164.684 147.3 1.635 1.241 0 0 0 5.66e-05 0.000566 
1650000 7914 194.819 226.5 1.982 1.4653 0 0 0 5.74e-05 0.0005739 
1660000 7968 185.271 329.2 1.984 1.3956 0 0 0 5.55e-05 0.0005555 
1670000 8043 135.592 449.3 1.623 1.0279 0 0 0 5.56e-05 0.000556 
1680000 8090 185.593 482.6 0.945 1.3841 0 0 0 5.4e-05 0.0005399 
1690000 8151 176.713 620.3 2.098 1.3307 0 0 0 5.56e-05 0.0005558 
1700000 8199 193.173 704.7 1.795 1.4156 0 0 0 5.49e-05 0.0005486 
1710000 8248 205.697 817.4 2.234 1.5171 0 0 0 5.55e-05 0.0005552 
1720000 8304 182.247 910.6 2.131 1.3441 0 0 0 5.61e-05 0.0005612 
1730000 8345 218.102 999.5 2.09 1.6207 0 0 0 5.34e-05 0.0005342 
1740000 8394 212.396 1066.3 1.376 1.573 0 0 0 5.43e-05 0.0005432 
1750000 8458 166.505 1187.9 1.621 1.2309 0 0 0 5.66e-05 0.0005664 
1760000 8516 175.797 1325.1 2.202 1.3001 0 0 0 5.67e-05 0.0005674 
1770000 8585 160.411 1420.6 1.657 1.2039 0 0 0 5.58e-05 0.0005582 
1780000 8626 203.1 1516.9 1.996 1.5212 0 0 0 5.82e-05 0.0005823 
1790000 8668 231.871 1591.9 1.706 1.7256 0 0 0 5.65e-05 0.0005655 
1800000 8713 221.818 1719.4 2.441 1.6355 0 0 0 5.68e-05 0.0005676 
1810000 8775 174.138 1862.7 2.276 1.2919 0 0 0 5.69e-05 0.0005687 
1820000 8818 208.822 1971.5 2.364 1.4365 0 0 0 5.64e-05 0.0005639 
1830000 8879 172.362 2082.7 1.96 1.166 0 0 0 5.51e-05 0.0005507 
1840000 8937 181.003 2226.9 2.292 1.2835 0 0 0 5.67e-05 0.0005671 
1850000 8997 169.976 2359.7 2.176 1.248 0 0 0 5.71e-05 0.0005714 
1860000 9061 159.334 2502.2 2.343 1.1823 0 0 0 5.78e-05 0.0005782 
1870000 9129 157.49 2634.3 2.01 1.1653 0 0 0 5.75e-05 0.0005747 
1880000 9189 159.801 2740.8 1.989 1.1977 0 0 0 5.73e-05 0.0005733 
1890000 9248 167.692 2845.0 1.876 1.2259 0 0 0 5.6e-05 0.0005601 
1900000 9308 173.575 2979.2 2.165 1.2727 0 0 0 5.53e-05 0.0005529 
1910000 9366 167.422 3109.2 2.108 1.2441 0 0 0 5.45e-05 0.0005451 
1920000 9437 148.021 3241.5 2.015 1.1064 0 0 0 5.51e-05 0.000551 
1930000 9483 196.819 3352.9 2.271 1.4297 0 0 0 5.63e-05 0.0005627 
1940000 9521 231.129 3429.5 2.081 1.5919 0 0 0 5.7e-05 0.0005705 
1950000 9567 221.934 3568.0 2.453 1.5976 0 0 0 5.38e-05 0.0005385 
1960000 9616 210.999 3698.0 2.539 1.5472 0 0 0 5.62e-05 0.0005623 
1970000 9661 221.859 3806.0 2.454 1.6402 0 0 0 5.57e-05 0.0005574 
1980000 9703 232.133 3908.4 2.438 1.728 0 0 0 5.8e-05 0.0005797 
1990000 9747 230.125 4034.1 2.685 1.6912 0 0 0 5.54e-05 0.0005536 
2000000 9802 197.199 4172.5 2.483 1.4576 0 0 0 5.84e-05 0.0005844 
2010000 9857 183.432 4306.9 2.385 1.3642 0 0 0 5.67e-05 0.0005673 
2020000 9906 196.519 4433.0 2.664 1.4461 0 0 0 5.51e-05 0.0005508 
2030000 9968 171.096 4575.4 2.487 1.2467 0 0 0 5.44e-05 0.0005443 
2040000 10008 205.433 4702.7 2.705 1.5275 0 0 0 5.54e-05 0.0005536 
2050000 10061 202.098 4814.8 2.389 1.5276 0 0 0 5.6e-05 0.0005599 
2060000 10099 231.678 4917.4 2.475 1.7504 0 0 0 5.37e-05 0.0005366 
2070000 10159 189.007 5042.4 2.243 1.4256 0 0 0 5.81e-05 0.0005806 
2080000 10208 188.367 5200.7 2.592 1.4214 0 0 0 5.73e-05 0.0005735 
2090000 10250 222.372 5321.0 2.682 1.6726 0 0 0 5.63e-05 0.0005633 
2100000 10291 222.99 5458.4 3.002 1.6719 0 0 0 5.69e-05 0.0005688 
2110000 10344 204.087 5568.0 2.523 1.5348 0 0 0 5.67e-05 0.0005673 
2120000 10380 238.262 5694.3 2.967 1.7098 0 0 0 5.6e-05 0.0005598 
2130000 10421 231.681 5781.7 2.412 1.5863 0 0 0 5.7e-05 0.0005704 
2140000 10483 180.138 5913.1 2.3 1.2227 0 0 0 5.72e-05 0.0005722 
2150000 10533 192.161 6096.5 3.152 1.2788 0 0 0 5.78e-05 0.0005783 
2160000 10578 199.295 6199.3 2.606 1.3281 0 0 0 5.7e-05 0.0005698 
2170000 10638 177.555 6364.3 2.632 1.1893 0 0 0 5.79e-05 0.0005786 
2180000 10686 202.409 6489.1 2.642 1.4057 0 0 0 5.65e-05 0.0005652 
2190000 10733 203.535 6612.1 2.582 1.471 0 0 0 5.78e-05 0.0005778 
2200000 10792 177.084 6757.4 2.424 1.3187 0 0 0 5.72e-05 0.0005724 
2210000 10840 201.417 6900.5 2.749 1.5028 0 0 0 5.93e-05 0.0005925 
2220000 10904 160.387 7067.9 2.664 1.1891 0 0 0 5.9e-05 0.0005904 
2230000 10954 196.721 7268.2 3.485 1.4475 0 0 0 5.78e-05 0.0005784 
2240000 11001 197.935 7406.9 3.069 1.4706 0 0 0 6.09e-05 0.0006091 
2250000 11049 207.491 7587.9 3.63 1.4846 0 0 0 5.98e-05 0.0005983 
2260000 11091 234.219 7714.5 3.355 1.6839 0 0 0 6.1e-05 0.0006097 
2270000 11145 207.162 7880.4 3.167 1.5173 0 0 0 5.84e-05 0.0005842 
2280000 11194 203.177 8001.5 2.834 1.4955 0 0 0 6.06e-05 0.000606 
2290000 11237 213.982 8150.2 3.144 1.6037 0 0 0 5.93e-05 0.0005925 
2300000 11284 211.292 8250.1 2.379 1.5846 0 0 0 5.85e-05 0.0005855 
2310000 11330 210.328 8390.2 2.705 1.5778 0 0 0 5.98e-05 0.0005977 
2320000 11379 209.372 8553.3 3.017 1.5516 0 0 0 6.16e-05 0.0006156 
2330000 11438 179.416 8738.9 3.106 1.3515 0 0 0 6.3e-05 0.0006301 
2340000 11477 224.316 8874.7 3.404 1.6707 0 0 0 6.23e-05 0.0006233 
2350000 11523 219.451 9024.3 3.249 1.5763 0 0 0 6.31e-05 0.0006314 
2360000 11566 226.922 9217.3 3.978 1.5811 0 0 0 6.18e-05 0.0006181 
2370000 11619 203.268 9389.7 3.602 1.4726 0 0 0 6.06e-05 0.0006059 
2380000 11658 224.157 9537.7 3.702 1.6448 0 0 0 6.62e-05 0.0006623 
2390000 11704 223.08 9727.5 3.951 1.6477 0 0 0 6.3e-05 0.0006301 
2400000 11741 249.991 9868.2 3.838 1.839 0 0 0 6.49e-05 0.0006486 
2410000 11788 225.461 10080.9 4.342 1.6726 0 0 0 6.23e-05 0.000623 
2420000 11834 222.003 10240.6 3.736 1.6526 0 0 0 6.3e-05 0.0006298 
2430000 11886 199.624 10388.1 3.12 1.4905 0 0 0 6.39e-05 0.0006392 
2440000 11932 212.542 10530.2 3.135 1.58 0 0 0 6.5e-05 0.0006503 
2450000 11978 224.954 10683.4 3.245 1.6837 0 0 0 6.69e-05 0.0006694 
2460000 12022 208.643 10823.3 3.231 1.5565 0 0 0 6.36e-05 0.0006364 
2470000 12064 229.148 10970.7 3.154 1.6954 0 0 0 6.44e-05 0.0006438 
2480000 12104 240.719 11113.1 3.368 1.7143 0 0 0 6.45e-05 0.0006455 
2490000 12148 234.315 11283.4 3.682 1.6803 0 0 0 6.58e-05 0.0006579 
2500000 12197 224.519 11444.5 3.607 1.626 0 0 0 6.63e-05 0.0006631 
2510000 12235 242.462 11590.3 3.637 1.7814 0 0 0 6.35e-05 0.0006354 
2520000 12284 216.113 11790.4 3.992 1.5935 0 0 0 6.65e-05 0.0006653 
2530000 12318 248.783 11924.1 3.93 1.8557 0 0 0 6.24e-05 0.0006241 
2540000 12371 213.382 12109.1 3.747 1.5885 0 0 0 6.53e-05 0.0006534 
2550000 12411 230.496 12228.4 3.247 1.6511 0 0 0 6.19e-05 0.0006186 
2560000 12458 222.036 12396.4 3.412 1.5197 0 0 0 6.19e-05 0.0006191 
2570000 12500 229.032 12591.5 4.136 1.6178 0 0 0 6.08e-05 0.0006081 
2580000 12546 213.34 12754.5 3.697 1.5654 0 0 0 5.95e-05 0.0005945 
2590000 12588 226.379 12943.5 4.12 1.6272 0 0 0 5.99e-05 0.0005989 
2600000 12637 207.498 13085.1 3.227 1.5248 0 0 0 5.91e-05 0.0005906 
2610000 12682 225.837 13242.8 3.502 1.6717 0 0 0 5.89e-05 0.0005886 
2620000 12725 229.067 13407.0 3.758 1.6925 0 0 0 5.75e-05 0.000575 
2630000 12774 209.028 13608.5 3.946 1.5389 0 0 0 5.92e-05 0.0005915 
2640000 12824 217.088 13795.2 4.141 1.594 0 0 0 5.64e-05 0.0005639 
2650000 12885 180.237 13985.5 3.371 1.2854 0 0 0 5.92e-05 0.0005918 
2660000 12929 207.743 14117.1 3.161 1.4771 0 0 0 5.55e-05 0.0005553 
2670000 12969 231.949 14252.6 3.255 1.6193 0 0 0 5.46e-05 0.0005462 
2680000 13017 210.507 14444.8 3.507 1.5324 0 0 0 5.49e-05 0.0005494 
2690000 13061 226.869 14599.5 3.538 1.6604 0 0 0 5.6e-05 0.0005605 
2700000 13118 188.421 14756.5 2.972 1.4021 0 0 0 5.5e-05 0.0005495 
2710000 13174 176.636 14906.5 2.647 1.3112 0 0 0 5.5e-05 0.0005502 
2720000 13219 199.906 15040.2 2.846 1.5005 0 0 0 5.62e-05 0.0005618 
2730000 13273 195.223 15225.4 3.335 1.4489 0 0 0 5.53e-05 0.0005533 
2740000 13330 185.562 15388.3 3.075 1.348 0 0 0 5.36e-05 0.0005365 
2750000 13366 230.014 15533.0 3.555 1.594 0 0 0 5.54e-05 0.0005539 
2760000 13415 220.044 15688.6 3.431 1.5764 0 0 0 5.49e-05 0.0005485 
2770000 13453 236.469 15837.6 3.597 1.7491 0 0 0 5.34e-05 0.0005342 
2780000 13502 202.731 16011.9 3.538 1.4908 0 0 0 5.48e-05 0.0005479 
2790000 13548 220.48 16215.1 4.044 1.5552 0 0 0 5.51e-05 0.0005506 
2800000 13588 230.416 16386.7 3.951 1.6811 0 0 0 5.34e-05 0.000534 
2810000 13628 237.281 16546.4 3.885 1.7475 0 0 0 5.67e-05 0.0005665 
2820000 13670 238.783 16674.3 3.501 1.7778 0 0 0 5.55e-05 0.0005551 
2830000 13714 235.273 16856.8 4.013 1.6837 0 0 0 5.4e-05 0.0005396 
2840000 13762 222.985 17010.1 3.528 1.5911 0 0 0 5.55e-05 0.0005553 
2850000 13811 209.281 17166.7 3.273 1.5201 0 0 0 5.62e-05 0.0005616 
2860000 13858 212.365 17313.2 3.071 1.5581 0 0 0 5.67e-05 0.0005667 
2870000 13900 224.857 17492.1 3.761 1.6537 0 0 0 5.82e-05 0.0005815 
2880000 13943 229.108 17657.7 3.793 1.6965 0 0 0 5.84e-05 0.0005841 
2890000 13986 238.332 17806.0 3.555 1.7839 0 0 0 5.78e-05 0.0005779 
2900000 14033 218.272 18013.4 3.985 1.6255 0 0 0 5.85e-05 0.0005849 
2910000 14079 225.356 18166.0 3.609 1.6513 0 0 0 5.76e-05 0.0005758 
2920000 14123 229.491 18341.8 3.803 1.6479 0 0 0 5.84e-05 0.0005841 
2930000 14176 196.64 18543.2 3.677 1.4547 0 0 0 5.99e-05 0.0005994 
2940000 14212 239.184 18669.1 3.568 1.7782 0 0 0 5.88e-05 0.0005876 
2950000 14266 196.445 18870.7 3.558 1.4623 0 0 0 5.91e-05 0.0005913 
2960000 14308 212.166 19029.4 3.539 1.491 0 0 0 6.13e-05 0.0006132 
2970000 14356 202.741 19188.7 3.428 1.4629 0 0 0 6.14e-05 0.0006139 
2980000 14404 211.384 19383.9 3.801 1.4598 0 0 0 6.06e-05 0.0006056 
2990000 14446 217.644 19501.0 3.201 1.5376 0 0 0 5.73e-05 0.0005735 
3000000 14494 213.693 19694.5 3.682 1.5363 0 0 0 6.13e-05 0.0006133 
3010000 14545 195.8 19878.9 3.691 1.4173 0 0 0 6.03e-05 0.0006029 
3020000 14595 196.162 20071.9 3.756 1.4453 0 0 0 6.08e-05 0.0006079 
3030000 14630 241.486 20207.8 3.691 1.7857 0 0 0 6.1e-05 0.00061 
3040000 14671 236.189 20264.7 2.587 1.752 0 0 0 6.05e-05 0.0006048 
3050000 14704 269.632 20399.8 3.408 2.01 0 0 0 5.71e-05 0.0005706 
3060000 14751 233.861 20567.1 3.57 1.7456 0 0 0 5.8e-05 0.00058 
3070000 14795 230.562 20765.5 4.164 1.7099 0 0 0 5.8e-05 0.0005795 
3080000 14837 239.225 20931.1 3.998 1.7768 0 0 0 6.16e-05 0.0006158 
3090000 14874 264.946 21084.1 4.018 1.9746 0 0 0 5.72e-05 0.0005724 
3100000 14922 225.149 21272.7 3.774 1.6742 0 0 0 5.66e-05 0.0005664 
3110000 14965 224.874 21447.9 4.019 1.6758 0 0 0 5.66e-05 0.0005662 
3120000 15014 207.029 21598.5 3.424 1.5557 0 0 0 5.65e-05 0.0005654 
3130000 15052 244.099 21758.4 3.928 1.8186 0 0 0 5.5e-05 0.0005497 
3140000 15101 220.913 21925.3 3.585 1.6386 0 0 0 5.64e-05 0.0005637 
3150000 15151 203.243 22128.8 3.802 1.4982 0 0 0 5.65e-05 0.0005649 
3160000 15194 224.282 22304.5 4.011 1.6658 0 0 0 5.62e-05 0.0005621 
3170000 15247 188.842 22516.7 3.931 1.3596 0 0 0 5.4e-05 0.0005398 
3180000 15289 227.953 22715.2 4.478 1.5653 0 0 0 5.3e-05 0.0005303 
3190000 15337 215.646 22861.4 3.545 1.5507 0 0 0 5.36e-05 0.0005363 
3200000 15380 215.206 23041.7 3.959 1.5905 0 0 0 5.52e-05 0.0005518 
3210000 15427 213.879 23233.1 3.968 1.592 0 0 0 5.19e-05 0.000519 
3220000 15471 223.227 23393.8 3.819 1.674 0 0 0 5.61e-05 0.0005606 
3230000 15512 223.287 23575.5 4.194 1.6737 0 0 0 5.51e-05 0.000551 
3240000 15558 222.72 23775.9 4.352 1.6642 0 0 0 5.66e-05 0.0005657 
3250000 15596 234.178 23900.4 3.708 1.7431 0 0 0 5.19e-05 0.0005191 
3260000 15633 247.454 24050.1 3.945 1.8331 0 0 0 5.67e-05 0.0005669 
3270000 15672 256.519 24195.5 3.644 1.8916 0 0 0 5.65e-05 0.0005647 
3280000 15709 269.706 24358.8 4.007 1.9919 0 0 0 5.49e-05 0.0005488 
3290000 15747 262.063 24532.6 4.265 1.9499 0 0 0 5.68e-05 0.0005676 
3300000 15783 272.373 24679.9 4.207 2.0333 0 0 0 5.4e-05 0.0005403 
3310000 15821 268.768 24852.7 4.436 2.0027 0 0 0 5.3e-05 0.0005305 
3320000 15865 254.418 25009.7 3.986 1.8892 0 0 0 5.3e-05 0.0005297 
3330000 15905 249.419 25169.0 3.945 1.8584 0 0 0 5.48e-05 0.000548 
3340000 15949 242.283 25351.2 4.062 1.812 0 0 0 5.51e-05 0.0005513 
3350000 16000 204.768 25539.5 3.823 1.535 0 0 0 5.48e-05 0.0005482 
3360000 16049 207.882 25731.8 3.847 1.5673 0 0 0 5.49e-05 0.000549 
3370000 16085 244.952 25887.6 4.153 1.8563 0 0 0 5.27e-05 0.0005274 
3380000 16120 263.42 26052.2 4.486 1.9841 0 0 0 5.43e-05 0.0005431 
3390000 16168 234.442 26226.1 4.005 1.7533 0 0 0 5.15e-05 0.0005154 
3400000 16210 233.005 26412.8 4.236 1.7223 0 0 0 5.28e-05 0.0005276 
3410000 16256 218.895 26563.7 3.618 1.6171 0 0 0 5.35e-05 0.0005355 
3420000 16308 198.997 26754.7 3.705 1.4792 0 0 0 5.22e-05 0.0005219 
3430000 16346 225.15 26924.5 4.055 1.6685 0 0 0 5.21e-05 0.0005207 
3440000 16391 220.343 27063.7 3.51 1.6351 0 0 0 5.04e-05 0.000504 
3450000 16435 226.478 27200.7 3.437 1.6833 0 0 0 5.05e-05 0.0005052 
3460000 16481 218.597 27344.5 3.087 1.6382 0 0 0 4.94e-05 0.0004936 
3470000 16525 215.403 27482.6 3.055 1.6163 0 0 0 4.85e-05 0.0004846 
3480000 16571 214.095 27676.1 3.566 1.6044 0 0 0 5.12e-05 0.000512 
3490000 16625 198.272 27833.9 3.248 1.4868 0 0 0 4.93e-05 0.0004934 
3500000 16668 213.841 27948.9 2.886 1.6032 0 0 0 4.79e-05 0.0004785 
3510000 16716 210.739 28128.2 3.662 1.5672 0 0 0 5.05e-05 0.0005053 
3520000 16763 208.29 28255.3 3.021 1.5621 0 0 0 5.07e-05 0.0005069 
3530000 16812 205.882 28462.5 3.761 1.538 0 0 0 5.03e-05 0.0005026 
3540000 16857 220.535 28615.9 3.535 1.6645 0 0 0 5.14e-05 0.0005136 
3550000 16902 222.844 28746.4 3.118 1.67 0 0 0 4.77e-05 0.0004773 
3560000 16950 225.073 28910.4 3.502 1.6877 0 0 0 4.98e-05 0.0004976 
3570000 16995 213.912 29092.7 3.679 1.5957 0 0 0 4.95e-05 0.0004953 
3580000 17045 213.011 29252.9 3.485 1.5932 0 0 0 4.76e-05 0.0004761 
3590000 17090 223.111 29413.7 3.457 1.6624 0 0 0 5e-05 0.0005002 
3600000 17143 194.198 29575.7 3.097 1.4421 0 0 0 4.83e-05 0.0004827 
3610000 17182 219.442 29711.2 3.231 1.6378 0 0 0 5.04e-05 0.0005037 
3620000 17225 232.007 29882.5 3.583 1.7334 0 0 0 4.94e-05 0.0004937 
3630000 17274 209.858 30065.1 3.484 1.5747 0 0 0 5.11e-05 0.0005109 
3640000 17319 222.416 30239.4 3.702 1.6466 0 0 0 5.21e-05 0.0005212 
3650000 17369 198.669 30380.1 3.143 1.4545 0 0 0 5.04e-05 0.0005039 
3660000 17413 212.674 30561.2 3.621 1.5856 0 0 0 5.05e-05 0.0005047 
3670000 17466 200.981 30730.1 3.548 1.4597 0 0 0 4.97e-05 0.0004975 
3680000 17506 224.14 30906.5 3.936 1.6194 0 0 0 5.1e-05 0.00051 
3690000 17564 190.01 31093.9 3.522 1.3942 0 0 0 5.11e-05 0.000511 
3700000 17605 220.209 31233.6 3.476 1.5851 0 0 0 5.06e-05 0.0005061 
3710000 17653 206.452 31354.2 2.704 1.5228 0 0 0 5.06e-05 0.0005056 
3720000 17692 243.613 31489.4 3.136 1.7983 0 0 0 5.12e-05 0.0005122 
3730000 17737 233.972 31667.9 3.623 1.696 0 0 0 5.2e-05 0.0005201 
3740000 17781 230.743 31853.6 4.105 1.6581 0 0 0 5.18e-05 0.0005181 
3750000 17819 245.506 32045.9 4.581 1.7562 0 0 0 5.15e-05 0.0005154 
3760000 17866 225.07 32223.8 4.207 1.6433 0 0 0 5.21e-05 0.0005207 
3770000 17906 236.963 32386.3 4.053 1.7589 0 0 0 5.24e-05 0.0005242 
3780000 17953 223.053 32534.9 3.446 1.6185 0 0 0 5.27e-05 0.0005275 
3790000 17977 290.73 32561.2 2.465 2.0661 0 0 0 5.17e-05 0.0005169 
3800000 18021 253.222 32755.3 3.593 1.7658 0 0 0 4.88e-05 0.0004875 
3810000 18072 216.09 32964.5 4.007 1.4893 0 0 0 5.15e-05 0.000515 
3820000 18128 190.868 33114.0 3.169 1.3801 0 0 0 5.17e-05 0.0005175 
3830000 18172 212.001 33186.1 1.62 1.5636 0 0 0 5.33e-05 0.0005332 
3840000 18208 249.431 33341.5 3.042 1.8371 0 0 0 4.88e-05 0.0004877 
3850000 18256 223.201 33493.0 3.218 1.6536 0 0 0 4.76e-05 0.0004757 
3860000 18302 215.68 33630.2 3.056 1.5909 0 0 0 4.9e-05 0.0004898 
3870000 18350 205.589 33780.8 3.136 1.5157 0 0 0 5.04e-05 0.0005036 
3880000 18401 204.621 33975.4 3.652 1.5079 0 0 0 4.92e-05 0.0004919 
3890000 18441 229.681 34119.6 3.517 1.6956 0 0 0 4.82e-05 0.0004817 
3900000 18495 198.184 34310.9 3.465 1.4653 0 0 0 4.98e-05 0.0004981 
3910000 18535 225.885 34451.0 3.468 1.675 0 0 0 4.98e-05 0.0004979 
3920000 18581 222.184 34593.3 3.291 1.6519 0 0 0 4.81e-05 0.0004807 
3930000 18628 215.074 34781.7 3.63 1.6081 0 0 0 4.71e-05 0.0004714 
3940000 18673 214.096 34952.3 3.613 1.5858 0 0 0 4.79e-05 0.0004792 
3950000 18729 183.158 35130.3 3.132 1.3291 0 0 0 4.77e-05 0.0004773 
3960000 18776 201.19 35315.0 3.603 1.4805 0 0 0 4.44e-05 0.0004444 
3970000 18815 231.183 35467.5 3.891 1.6781 0 0 0 4.65e-05 0.0004645 
3980000 18860 233.503 35629.5 3.801 1.7138 0 0 0 4.58e-05 0.0004582 
3990000 18916 193.564 35805.2 3.191 1.4308 0 0 0 4.62e-05 0.0004624 
4000000 18965 192.623 35944.2 2.968 1.4282 0 0 0 4.37e-05 0.0004373 
