0 0 0.0 0.0 0.0 0.0 0 0 0 
1000 6 17.83 0.04 0.001 2.0493 0 0 0 
2000 12 31.339 0.22 0.003 3.5993 0 0 0 
3000 20 49.007 0.26 0.004 5.6567 0 0 0 
4000 27 62.09 0.52 0.009 7.1691 0 0 0 
5000 33 74.006 0.68 0.011 8.5164 0 0 0 
6000 39 84.205 0.8 0.012 9.6998 0 0 0 
7000 44 92.667 0.9 0.012 10.6828 0 0 0 
8000 51 102.442 0.99 0.013 11.9149 0 0 0 
9000 57 107.596 1.2 0.015 12.6543 0 0 0 
10000 63 115.79 1.49 0.019 13.7533 0 0 0 
11000 67 124.198 1.65 0.021 14.8396 0 0 0 
12000 74 128.844 1.7 0.019 15.4858 0 0 0 
13000 83 126.11 1.83 0.018 15.2309 0 0 0 
14000 87 132.448 2.0 0.02 15.9969 0 0 0 
15000 92 135.969 2.1 0.02 16.4624 0 0 0 
16000 98 145.357 2.36 0.023 17.632 0 0 0 
17000 103 147.787 2.52 0.023 17.9424 0 0 0 
18000 108 152.395 2.62 0.023 18.5592 0 0 0 
19000 113 159.566 2.71 0.023 19.4847 0 0 0 
20000 119 156.757 2.79 0.021 19.146 0 0 0 
21000 126 158.819 3.01 0.023 19.4133 0 0 0 
22000 131 160.727 3.09 0.021 19.6698 0 0 0 
23000 134 165.397 3.49 0.024 20.2638 0 0 0 
24000 139 173.524 3.68 0.03 21.2589 0 0 0 
25000 143 180.517 3.91 0.032 22.1071 0 0 0 
26000 147 186.292 4.26 0.036 22.813 0 0 0 
27000 153 184.213 4.44 0.036 22.5781 0 0 0 
28000 158 186.831 4.52 0.034 22.8495 0 0 0 
