1000 129 7.185 -111.0 -0.828 0.0154 0 0 0 
2000 256 7.828 -232.0 -0.928 0.0175 0 0 0 
3000 383 7.813 -351.0 -0.94 0.018 0 0 0 
4000 509 7.906 -473.0 -0.943 0.0185 0 0 0 
5000 637 7.866 -589.0 -0.92 0.0188 0 0 0 
6000 765 7.793 -705.0 -0.899 0.0171 0 0 0 
7000 890 7.956 -824.0 -0.945 0.0181 0 0 0 
8000 1019 7.873 -943.0 -0.954 0.0181 0 0 0 
9000 1145 7.914 -1063.0 -0.917 0.0185 0 0 0 
10000 1273 7.769 -1183.0 -0.916 0.0187 0 0 0 
11000 1399 7.877 -1303.0 -0.935 0.0178 0 0 0 
12000 1526 7.902 -1422.0 -0.946 0.0183 0 0 0 
13000 1652 7.953 -1544.0 -0.971 0.0183 0 0 0 
14000 1778 7.982 -1668.0 -0.994 0.0189 0 0 0 
15000 1904 7.899 -1786.0 -0.942 0.0191 0 0 0 
16000 2029 7.992 -1911.0 -0.995 0.0197 0 0 0 
17000 2154 7.997 -2034.0 -0.995 0.025 0 0 0 
18000 2281 7.861 -2153.0 -0.907 0.0236 0 0 0 
19000 2407 7.835 -2273.0 -0.926 0.0191 0 0 0 
20000 2534 7.878 -2390.0 -0.946 0.0218 0 0 0 
21000 2662 7.882 -2508.0 -0.932 0.0281 0 0 0 
22000 2791 7.848 -2625.0 -0.914 0.019 0 0 0 
23000 2917 7.954 -2745.0 -0.967 0.0248 0 0 0 
24000 3046 7.773 -2860.0 -0.884 0.0186 0 0 0 
25000 3173 7.843 -2977.0 -0.934 0.0186 0 0 0 
26000 3299 7.914 -3099.0 -0.953 0.0247 0 0 0 
27000 3426 7.778 -3216.0 -0.876 0.0186 0 0 0 
28000 3554 7.846 -3334.0 -0.915 0.0195 0 0 0 
29000 3682 7.842 -3450.0 -0.93 0.0192 0 0 0 
30000 3810 7.787 -3566.0 -0.862 0.0191 0 0 0 
31000 3936 7.845 -3682.0 -0.91 0.0238 0 0 0 
32000 4064 7.874 -3800.0 -0.952 0.0206 0 0 0 
33000 4190 7.959 -3924.0 -0.98 0.0215 0 0 0 
34000 4318 7.86 -4040.0 -0.944 0.0233 0 0 0 
35000 4445 7.924 -4159.0 -0.936 0.0244 0 0 0 
36000 4573 7.869 -4275.0 -0.927 0.0375 0 0 0 
37000 4700 7.827 -4390.0 -0.885 0.0303 0 0 0 
38000 4828 7.87 -4506.0 -0.917 0.0248 0 0 0 
39000 4955 7.849 -4619.0 -0.876 0.022 0 0 0 
40000 5084 7.775 -4736.0 -0.916 0.0196 0 0 0 
41000 5216 7.59 -4842.0 -0.809 0.0191 0 0 0 
42000 5342 7.899 -4962.0 -0.94 0.0196 0 0 0 
43000 5469 7.919 -5079.0 -0.954 0.0179 0 0 0 
44000 5601 7.639 -5185.0 -0.816 0.0178 0 0 0 
45000 5728 7.781 -5302.0 -0.887 0.0183 0 0 0 
46000 5858 7.749 -5414.0 -0.901 0.0186 0 0 0 
47000 5987 7.785 -5525.0 -0.864 0.0191 0 0 0 
48000 6115 7.848 -5639.0 -0.926 0.0177 0 0 0 
49000 6243 7.872 -5755.0 -0.924 0.0181 0 0 0 
50000 6372 7.8 -5864.0 -0.86 0.0182 0 0 0 
51000 6503 7.733 -5969.0 -0.834 0.0183 0 0 0 
52000 6634 7.604 -6074.0 -0.788 0.0183 0 0 0 
53000 6763 7.796 -6179.0 -0.788 0.0194 0 0 0 
54000 6897 7.434 -6263.0 -0.651 0.017 0 0 0 
55000 7032 7.321 -6350.0 -0.587 0.0169 0 0 0 
56000 7168 7.318 -6428.0 -0.546 0.0172 0 0 0 
57000 7306 7.338 -6504.0 -0.591 0.0181 0 0 0 
58000 7451 6.692 -6553.0 -0.231 0.0166 0 0 0 
59000 7590 7.109 -6624.0 -0.466 0.0163 0 0 0 
60000 7736 6.686 -6660.0 -0.165 0.0152 0 0 0 
61000 7886 6.634 -6678.0 -0.106 0.0155 0 0 0 
62000 8043 6.123 -6693.0 0.045 0.0148 0 0 0 
63000 8206 6.041 -6676.0 0.186 0.0148 0 0 0 
64000 8369 6.03 -6657.0 0.252 0.0133 0 0 0 
65000 8541 5.954 -6613.0 0.183 0.0135 0 0 0 
66000 8729 5.264 -6513.0 0.483 0.0124 0 0 0 
67000 8922 5.21 -6404.0 0.608 0.0129 0 0 0 
68000 9115 5.388 -6291.0 0.496 0.0149 0 0 0 
69000 9308 5.259 -6164.0 0.638 0.0182 0 0 0 
70000 9507 5.118 -6029.0 0.696 0.0195 0 0 0 
71000 9723 4.462 -5855.0 0.836 0.0131 0 0 0 
72000 9929 4.79 -5689.0 0.807 0.0158 0 0 0 
73000 10147 4.777 -5503.0 0.801 0.0139 0 0 0 
74000 10372 4.628 -5306.0 0.833 0.0146 0 0 0 
75000 10590 4.4 -5122.0 0.876 0.0124 0 0 0 
76000 10808 4.825 -4942.0 0.821 0.0162 0 0 0 
77000 11026 4.721 -4760.0 0.816 0.0203 0 0 0 
78000 11245 4.414 -4567.0 0.914 0.0136 0 0 0 
79000 11470 4.521 -4368.0 0.92 0.0166 0 0 0 
80000 11690 4.404 -4178.0 0.914 0.0119 0 0 0 
81000 11917 4.5 -3971.0 0.891 0.0106 0 0 0 
82000 12149 4.281 -3753.0 0.93 0.0108 0 0 0 
83000 12387 4.413 -3529.0 0.955 0.0164 0 0 0 
84000 12619 4.355 -3315.0 0.85 0.0143 0 0 0 
85000 12852 4.393 -3094.0 0.936 0.0131 0 0 0 
86000 13090 4.08 -2878.0 0.909 0.0096 0 0 0 
87000 13318 4.195 -2666.0 0.945 0.0137 0 0 0 
88000 13558 4.249 -2442.0 0.957 0.0141 0 0 0 
89000 13788 4.151 -2234.0 0.922 0.0105 0 0 0 
90000 14018 4.132 -2020.0 0.947 0.0128 0 0 0 
91000 14248 4.189 -1808.0 0.964 0.0099 0 0 0 
92000 14484 4.11 -1586.0 0.958 0.0134 0 0 0 
93000 14720 4.282 -1366.0 0.869 0.0135 0 0 0 
94000 14960 4.182 -1138.0 0.946 0.0117 0 0 0 
95000 15202 4.228 -904.0 0.982 0.0151 0 0 0 
96000 15437 4.292 -677.0 0.99 0.0158 0 0 0 
97000 15680 4.248 -444.0 0.993 0.0181 0 0 0 
98000 15911 4.332 -225.0 0.913 0.0137 0 0 0 
99000 16163 4.104 15.0 0.967 0.0117 0 0 0 
100000 16411 3.973 259.0 0.995 0.0122 0 0 0 
