10000 24 164.857 5015.258 83.384 0.1816 0 0 0 0.0 0.0 
20000 42 279.713 9587.339 133.739 0.3089 0 0 0 0.0 0.0 
30000 88 209.193 11718.779 74.709 0.4033 0 0 0 0.0003171 0.0031707 
40000 194 138.777 15672.663 60.346 0.3738 0 0 0 0.0003366 0.0033659 
50000 206 285.467 20631.841 135.422 0.8059 0 0 0 0.0003178 0.0031776 
60000 218 401.098 26637.676 211.938 1.1506 0 0 0 0.000307 0.0030702 
70000 229 505.842 32428.699 277.007 1.4655 0 0 0 0.0003203 0.0032027 
80000 239 596.237 38899.275 345.107 1.7234 0 0 0 0.0003312 0.0033122 
90000 249 670.096 44752.626 387.783 1.9418 0 0 0 0.0003523 0.0035235 
100000 262 676.123 51344.049 402.543 1.962 0 0 0 0.0003611 0.003611 
110000 273 724.198 56656.766 419.751 2.111 0 0 0 0.0003727 0.0037266 
120000 283 774.65 62831.442 455.992 2.2521 0 0 0 0.000392 0.0039202 
130000 293 815.872 68086.756 470.562 2.3743 0 0 0 0.0004019 0.004019 
140000 303 849.554 73519.045 484.334 2.4698 0 0 0 0.0004005 0.0040053 
150000 313 877.075 78542.949 485.37 2.547 0 0 0 0.0004084 0.0040839 
160000 323 899.561 84655.246 507.589 2.6049 0 0 0 0.0003905 0.0039046 
170000 333 917.934 90546.168 525.074 2.669 0 0 0 0.000369 0.0036899 
180000 343 932.946 96505.831 535.833 2.7278 0 0 0 0.0003701 0.0037013 
190000 353 945.212 102335.626 545.107 2.7595 0 0 0 0.0003493 0.0034929 
200000 364 946.935 106642.427 520.503 2.7689 0 0 0 0.0003459 0.0034586 
210000 374 956.642 110849.902 501.625 2.7858 0 0 0 0.0003265 0.0032651 
220000 384 964.573 115601.778 498.195 2.8 0 0 0 0.0003021 0.0030209 
230000 395 953.168 120621.091 488.357 2.7776 0 0 0 0.0002682 0.0026817 
240000 408 906.443 125932.822 466.744 2.6459 0 0 0 0.0002509 0.0025094 
250000 419 913.924 130269.871 456.695 2.6665 0 0 0 0.0002327 0.0023271 
260000 429 929.67 136064.943 479.005 2.7119 0 0 0 0.0002202 0.0022025 
270000 439 942.535 139465.82 453.743 2.7521 0 0 0 0.0002153 0.002153 
280000 449 953.047 144761.914 467.534 2.7891 0 0 0 0.0002155 0.0021547 
290000 459 961.636 150565.201 487.914 2.8158 0 0 0 0.0002098 0.0020976 
300000 469 968.654 156542.276 508.364 2.8453 0 0 0 0.0002052 0.0020519 
310000 479 974.388 161850.217 512.932 2.8804 0 0 0 0.000195 0.00195 
320000 491 934.058 166465.651 480.954 2.7658 0 0 0 0.000196 0.0019598 
330000 502 927.189 171639.114 480.266 2.7413 0 0 0 0.0002074 0.0020744 
340000 512 940.508 176474.802 478.912 2.7807 0 0 0 0.0002115 0.0021151 
350000 523 936.507 181717.145 477.579 2.7581 0 0 0 0.0002103 0.0021029 
360000 535 922.213 187108.444 475.908 2.7068 0 0 0 0.0002159 0.0021589 
370000 547 897.64 193093.271 477.962 2.632 0 0 0 0.0002184 0.0021844 
380000 557 916.365 198924.331 497.562 2.6836 0 0 0 0.0002132 0.0021319 
390000 567 931.664 204556.972 511.049 2.7423 0 0 0 0.0002046 0.0020455 
400000 577 944.164 210558.525 528.645 2.7709 0 0 0 0.0001972 0.0019721 
410000 587 954.378 216207.181 532.721 2.797 0 0 0 0.0002 0.0020004 
420000 597 962.724 221731.139 536.992 2.8285 0 0 0 0.0001886 0.0018861 
430000 607 969.542 227916.668 551.75 2.8542 0 0 0 0.0001884 0.0018842 
440000 619 946.909 234041.683 547.825 2.781 0 0 0 0.0001942 0.0019421 
450000 631 916.418 240337.595 540.146 2.6841 0 0 0 0.0001967 0.001967 
460000 642 917.323 246437.953 544.79 2.6834 0 0 0 0.0001976 0.0019763 
470000 652 932.308 251942.751 545.605 2.7408 0 0 0 0.0002021 0.0020208 
480000 662 944.691 257393.438 544.732 2.7776 0 0 0 0.0002106 0.0021058 
490000 672 954.808 263215.756 550.909 2.811 0 0 0 0.0002111 0.0021112 
500000 682 963.075 269264.7 560.386 2.8326 0 0 0 0.0002129 0.0021288 
510000 692 969.83 276293.55 586.206 2.8466 0 0 0 0.0002121 0.0021207 
520000 702 975.349 282459.894 591.31 2.8656 0 0 0 0.0002111 0.0021108 
530000 712 979.858 289453.898 613.383 2.8889 0 0 0 0.0002162 0.0021625 
540000 722 983.543 296489.616 628.366 2.8948 0 0 0 0.0002073 0.0020727 
550000 732 986.553 303301.469 640.276 2.912 0 0 0 0.0002082 0.0020824 
560000 742 989.013 310374.543 650.284 2.9199 0 0 0 0.0002022 0.0020223 
570000 752 991.023 317731.052 665.95 2.9204 0 0 0 0.0001899 0.0018994 
580000 762 992.665 324454.107 667.057 2.9176 0 0 0 0.0001926 0.0019258 
590000 772 994.007 331062.512 666.113 2.9231 0 0 0 0.0001936 0.0019357 
600000 782 995.103 337709.585 666.118 2.9204 0 0 0 0.0001896 0.001896 
610000 792 995.999 344618.353 670.524 2.9252 0 0 0 0.0001873 0.0018725 
620000 802 996.731 350789.391 661.264 2.9253 0 0 0 0.0001929 0.0019292 
630000 812 997.329 357384.916 660.594 2.926 0 0 0 0.0001893 0.001893 
640000 822 997.817 363721.882 656.604 2.9287 0 0 0 0.0001945 0.0019449 
650000 832 998.217 370057.373 651.93 2.9337 0 0 0 0.0001929 0.0019292 
660000 842 998.543 376468.245 650.67 2.9391 0 0 0 0.00019 0.0018996 
670000 852 998.809 383643.596 662.948 2.9383 0 0 0 0.0001898 0.001898 
680000 862 999.027 390764.568 671.141 2.9329 0 0 0 0.0001786 0.0017858 
690000 872 999.205 397823.263 677.766 2.9321 0 0 0 0.0001717 0.0017173 
700000 882 999.351 405232.7 689.385 2.93 0 0 0 0.0001769 0.0017692 
710000 892 999.469 412777.957 701.464 2.9256 0 0 0 0.0001701 0.0017015 
720000 902 999.566 419759.968 700.432 2.9312 0 0 0 0.0001724 0.0017243 
730000 912 999.646 426503.487 696.143 2.9384 0 0 0 0.0001731 0.0017305 
740000 922 999.711 434085.271 706.898 2.9372 0 0 0 0.0001712 0.001712 
750000 932 999.763 441888.516 721.242 2.9353 0 0 0 0.0001727 0.0017268 
760000 942 999.807 448367.629 708.209 2.9341 0 0 0 0.0001787 0.0017871 
770000 952 999.842 455725.7 713.694 2.9424 0 0 0 0.0001779 0.0017786 
780000 962 999.871 463005.034 716.897 2.9385 0 0 0 0.0001775 0.0017747 
790000 972 999.895 470052.227 713.131 2.9379 0 0 0 0.0001808 0.0018082 
800000 982 999.914 477372.344 715.048 2.9379 0 0 0 0.0001863 0.001863 
810000 992 999.93 484432.364 713.038 2.9322 0 0 0 0.0001839 0.0018391 
820000 1002 999.943 492248.239 725.456 2.9377 0 0 0 0.0001853 0.001853 
830000 1012 999.953 499734.745 728.802 2.9329 0 0 0 0.0001823 0.0018232 
840000 1022 999.962 507400.952 736.195 2.9313 0 0 0 0.00018 0.0018001 
850000 1032 999.969 515738.546 755.133 2.9346 0 0 0 0.0001744 0.0017441 
860000 1042 999.974 523840.919 763.918 2.9306 0 0 0 0.0001766 0.0017662 
870000 1052 999.979 531228.072 759.339 2.9292 0 0 0 0.0001743 0.0017426 
880000 1062 999.983 539700.891 775.169 2.9277 0 0 0 0.0001804 0.0018041 
890000 1072 989.844 547366.301 766.453 2.9039 0 0 0 0.0001823 0.0018228 
900000 1082 991.702 555355.104 775.165 2.9169 0 0 0 0.0001827 0.0018266 
910000 1092 993.22 563021.285 770.112 2.9254 0 0 0 0.0001769 0.0017685 
920000 1102 994.46 570200.152 763.355 2.9277 0 0 0 0.0001817 0.0018173 
930000 1112 995.473 578272.412 768.875 2.9292 0 0 0 0.0001859 0.0018591 
940000 1122 996.302 586120.62 775.539 2.9294 0 0 0 0.0001944 0.0019438 
950000 1132 996.978 593567.444 767.273 2.9406 0 0 0 0.0001926 0.0019255 
960000 1142 997.531 601045.171 765.014 2.9398 0 0 0 0.0001922 0.001922 
970000 1152 997.983 609355.584 777.516 2.9464 0 0 0 0.000194 0.0019397 
980000 1162 998.352 617502.516 785.067 2.9478 0 0 0 0.000194 0.0019401 
990000 1172 998.653 625325.106 782.295 2.9593 0 0 0 0.0002018 0.0020177 
1000000 1182 998.9 633973.465 797.655 2.9677 0 0 0 0.0002048 0.0020482 
1010000 1192 999.101 642898.466 813.564 2.965 0 0 0 0.0002102 0.0021018 
1020000 1202 999.265 653388.387 858.202 2.9636 0 0 0 0.0002031 0.0020307 
1030000 1212 999.4 663600.774 893.908 2.9704 0 0 0 0.000211 0.0021103 
1040000 1222 999.51 672658.693 896.158 2.962 0 0 0 0.0002148 0.0021477 
1050000 1232 999.599 680366.591 875.7 2.9644 0 0 0 0.0002164 0.0021643 
1060000 1242 999.673 689703.385 885.062 2.9548 0 0 0 0.0002237 0.0022368 
1070000 1252 999.732 696829.475 857.873 2.9492 0 0 0 0.0002142 0.0021417 
1080000 1262 999.781 706863.148 869.124 2.9435 0 0 0 0.0002266 0.0022659 
1090000 1272 999.821 717618.959 907.709 2.9445 0 0 0 0.0002231 0.0022314 
1100000 1282 999.854 728762.746 947.709 2.9553 0 0 0 0.0002267 0.0022667 
1110000 1292 999.881 740308.396 995.718 2.9545 0 0 0 0.000234 0.0023401 
1120000 1302 999.903 752509.357 1022.77 2.9697 0 0 0 0.000227 0.0022697 
1130000 1312 999.92 764145.098 1043.543 2.9737 0 0 0 0.0002224 0.0022241 
1140000 1322 999.935 776810.741 1086.746 2.9627 0 0 0 0.0002199 0.0021986 
1150000 1332 999.947 792486.636 1174.481 2.9515 0 0 0 0.0002177 0.002177 
1160000 1342 999.957 806083.377 1213.008 2.9523 0 0 0 0.0002143 0.0021434 
1170000 1352 999.965 819448.663 1227.612 2.9512 0 0 0 0.0002129 0.0021289 
1180000 1362 999.971 831506.619 1228.587 2.952 0 0 0 0.0002177 0.0021772 
1190000 1372 999.976 846868.108 1284.965 2.9388 0 0 0 0.000215 0.0021497 
1200000 1382 999.981 861289.367 1312.565 2.9362 0 0 0 0.0002056 0.0020557 
1210000 1392 999.984 876453.675 1343.932 2.9295 0 0 0 0.0002028 0.0020281 
1220000 1402 999.987 892303.732 1392.907 2.9305 0 0 0 0.0002025 0.002025 
1230000 1412 999.989 907712.979 1420.95 2.9296 0 0 0 0.0002008 0.0020081 
1240000 1422 999.991 921870.945 1415.056 2.93 0 0 0 0.0001966 0.0019655 
1250000 1432 999.993 936131.609 1420.495 2.9419 0 0 0 0.0002006 0.0020061 
1260000 1442 999.994 949148.293 1396.774 2.9432 0 0 0 0.0001955 0.0019551 
1270000 1452 999.995 960956.626 1354.483 2.942 0 0 0 0.000192 0.00192 
1280000 1462 999.996 972880.936 1328.906 2.9347 0 0 0 0.0001964 0.0019638 
1290000 1472 999.997 984203.424 1293.429 2.9297 0 0 0 0.0001899 0.001899 
1300000 1482 999.997 999643.919 1328.574 2.9398 0 0 0 0.0001911 0.0019112 
1310000 1492 999.998 1017143.193 1415.259 2.9455 0 0 0 0.0001913 0.0019126 
1320000 1502 999.998 1034176.124 1460.247 2.9475 0 0 0 0.0001892 0.0018917 
1330000 1512 999.999 1050943.681 1502.339 2.9579 0 0 0 0.0001936 0.0019355 
1340000 1522 999.999 1069599.542 1561.034 2.9584 0 0 0 0.0001909 0.001909 
1350000 1532 999.999 1086258.783 1580.645 2.9509 0 0 0 0.000191 0.0019095 
1360000 1542 999.999 1104432.058 1629.374 2.9423 0 0 0 0.0001884 0.0018844 
1370000 1552 999.999 1124409.655 1703.099 2.9477 0 0 0 0.0001883 0.0018829 
1380000 1562 999.999 1144376.254 1754.375 2.9666 0 0 0 0.0001823 0.0018226 
1390000 1572 1000.0 1161576.827 1755.46 2.9705 0 0 0 0.0001798 0.001798 
1400000 1582 1000.0 1180722.655 1776.434 2.9589 0 0 0 0.0001789 0.0017886 
1410000 1592 1000.0 1199950.253 1798.969 2.9457 0 0 0 0.0001766 0.0017658 
1420000 1602 1000.0 1219557.6 1833.708 2.9533 0 0 0 0.0001745 0.0017449 
1430000 1612 1000.0 1237446.06 1823.488 2.9537 0 0 0 0.0001729 0.0017288 
1440000 1622 1000.0 1255182.493 1814.992 2.9422 0 0 0 0.0001725 0.0017252 
1450000 1632 1000.0 1273334.474 1817.429 2.9588 0 0 0 0.0001725 0.0017247 
1460000 1642 1000.0 1292715.062 1832.163 2.9535 0 0 0 0.0001718 0.0017177 
1470000 1652 1000.0 1313238.11 1871.844 2.9486 0 0 0 0.0001625 0.0016253 
1480000 1662 1000.0 1332583.498 1886.842 2.9414 0 0 0 0.0001574 0.0015737 
1490000 1672 1000.0 1352461.986 1899.578 2.9413 0 0 0 0.0001536 0.0015356 
1500000 1682 1000.0 1372309.538 1922.139 2.9376 0 0 0 0.0001496 0.0014965 
1510000 1692 1000.0 1392900.845 1941.525 2.9291 0 0 0 0.0001511 0.0015106 
1520000 1702 1000.0 1412889.23 1953.942 2.9351 0 0 0 0.0001445 0.0014451 
1530000 1712 1000.0 1433389.213 1972.038 2.9409 0 0 0 0.0001434 0.0014342 
1540000 1722 1000.0 1452984.313 1972.476 2.9375 0 0 0 0.0001418 0.0014178 
1550000 1732 1000.0 1472897.209 1971.065 2.9356 0 0 0 0.0001393 0.0013926 
1560000 1742 1000.0 1488475.973 1898.072 2.9302 0 0 0 0.0001444 0.0014438 
1570000 1752 1000.0 1508240.105 1909.487 2.9328 0 0 0 0.0001406 0.0014057 
1580000 1763 994.18 1527476.162 1903.15 2.9274 0 0 0 0.000139 0.0013903 
1590000 1773 995.245 1544878.143 1876.255 2.9257 0 0 0 0.000138 0.0013803 
1600000 1783 996.115 1564012.988 1884.511 2.9458 0 0 0 0.0001378 0.001378 
1610000 1793 996.825 1583864.351 1901.308 2.9444 0 0 0 0.000141 0.0014105 
1620000 1803 997.406 1603547.464 1914.196 2.938 0 0 0 0.0001437 0.0014372 
1630000 1813 983.141 1621566.054 1859.92 2.8935 0 0 0 0.000143 0.0014296 
1640000 1824 976.779 1637055.29 1791.373 2.8709 0 0 0 0.0001483 0.001483 
1650000 1834 981.026 1654091.032 1769.461 2.8862 0 0 0 0.0001467 0.0014666 
1660000 1844 984.497 1672582.526 1787.574 2.8996 0 0 0 0.0001466 0.001466 
1670000 1854 987.333 1690873.608 1795.07 2.9077 0 0 0 0.0001502 0.001502 
1680000 1864 989.65 1710374.163 1822.436 2.9119 0 0 0 0.0001536 0.0015355 
1690000 1874 991.543 1732043.922 1886.133 2.9112 0 0 0 0.0001545 0.001545 
1700000 1884 993.09 1753613.109 1934.275 2.9193 0 0 0 0.0001536 0.0015363 
1710000 1894 994.354 1775087.238 1975.215 2.918 0 0 0 0.0001515 0.0015151 
1720000 1904 995.387 1794705.379 1970.28 2.9159 0 0 0 0.0001508 0.0015079 
1730000 1914 996.231 1815386.678 1993.975 2.9117 0 0 0 0.0001528 0.0015275 
1740000 1924 996.92 1835103.755 1988.111 2.9074 0 0 0 0.000156 0.0015602 
1750000 1934 997.484 1853696.541 1965.482 2.9175 0 0 0 0.0001544 0.0015444 
1760000 1944 997.944 1871917.064 1937.981 2.9179 0 0 0 0.0001558 0.0015579 
1770000 1954 998.32 1892181.258 1953.944 2.9133 0 0 0 0.0001559 0.0015592 
1780000 1964 998.627 1913402.247 1984.735 2.9246 0 0 0 0.0001537 0.0015369 
1790000 1974 998.878 1933923.71 1998.52 2.9207 0 0 0 0.0001557 0.001557 
1800000 1984 999.084 1955478.739 2026.475 2.9205 0 0 0 0.0001504 0.001504 
1810000 1994 999.251 1976159.27 2033.938 2.922 0 0 0 0.0001494 0.0014938 
1820000 2004 999.388 1996443.366 2032.539 2.918 0 0 0 0.0001514 0.0015136 
1830000 2014 999.5 2017586.237 2048.394 2.9225 0 0 0 0.0001476 0.0014758 
1840000 2024 999.592 2038627.951 2059.17 2.9338 0 0 0 0.0001447 0.0014467 
1850000 2034 999.666 2060767.452 2085.057 2.9341 0 0 0 0.000141 0.0014102 
1860000 2044 999.727 2082076.455 2092.83 2.9335 0 0 0 0.0001395 0.0013946 
1870000 2054 999.777 2104280.66 2117.155 2.9286 0 0 0 0.0001323 0.0013228 
1880000 2064 999.818 2126549.974 2136.134 2.9212 0 0 0 0.0001292 0.0012919 
1890000 2074 999.851 2148945.828 2154.611 2.9232 0 0 0 0.0001249 0.0012492 
1900000 2084 999.878 2170522.004 2154.505 2.9207 0 0 0 0.0001278 0.0012777 
1910000 2094 999.901 2191897.111 2152.114 2.9247 0 0 0 0.0001278 0.0012778 
1920000 2104 999.919 2209742.852 2084.731 2.937 0 0 0 0.0001325 0.001325 
1930000 2114 999.934 2230810.988 2086.273 2.9362 0 0 0 0.000134 0.0013395 
1940000 2124 999.946 2250327.306 2061.672 2.9313 0 0 0 0.0001322 0.0013218 
1950000 2134 999.956 2269996.44 2046.504 2.9382 0 0 0 0.0001284 0.0012837 
1960000 2144 999.964 2286857.511 1978.393 2.9304 0 0 0 0.0001321 0.0013213 
1970000 2154 999.97 2305336.784 1961.42 2.9364 0 0 0 0.000125 0.0012504 
1980000 2164 999.976 2324960.823 1956.296 2.9383 0 0 0 0.0001303 0.0013027 
1990000 2174 999.98 2340027.52 1872.767 2.9308 0 0 0 0.0001289 0.0012895 
2000000 2184 999.984 2358092.808 1864.498 2.9315 0 0 0 0.0001318 0.0013178 
2010000 2194 999.987 2378620.453 1894.196 2.926 0 0 0 0.0001339 0.0013388 
2020000 2204 999.989 2399925.206 1939.562 2.9259 0 0 0 0.0001352 0.0013521 
2030000 2214 999.991 2420627.28 1963.038 2.9247 0 0 0 0.0001362 0.0013622 
2040000 2224 999.993 2439698.12 1959.941 2.9299 0 0 0 0.0001337 0.0013366 
2050000 2234 999.994 2459904.548 1962.38 2.9271 0 0 0 0.000135 0.0013498 
2060000 2244 999.995 2481303.531 1997.924 2.9304 0 0 0 0.0001349 0.0013495 
2070000 2254 999.996 2502071.698 2011.051 2.9298 0 0 0 0.0001345 0.0013446 
2080000 2264 999.997 2523331.471 2033.404 2.9235 0 0 0 0.0001356 0.0013563 
2090000 2274 999.997 2544797.834 2048.663 2.9157 0 0 0 0.0001351 0.0013512 
2100000 2284 999.998 2563063.685 2005.108 2.9164 0 0 0 0.0001369 0.0013687 
2110000 2294 999.998 2583980.225 2021.291 2.9207 0 0 0 0.0001392 0.0013921 
2120000 2304 999.999 2606661.004 2067.215 2.9192 0 0 0 0.0001361 0.0013614 
2130000 2314 999.999 2627389.035 2069.453 2.9276 0 0 0 0.0001372 0.0013718 
2140000 2324 999.999 2648541.116 2076.559 2.9246 0 0 0 0.0001319 0.0013185 
2150000 2334 999.999 2666026.871 2019.576 2.9213 0 0 0 0.0001351 0.0013507 
2160000 2344 999.999 2686004.451 2014.656 2.9253 0 0 0 0.0001349 0.0013487 
2170000 2354 999.999 2708476.64 2056.752 2.9189 0 0 0 0.0001327 0.001327 
2180000 2364 1000.0 2731911.704 2107.151 2.919 0 0 0 0.0001295 0.0012948 
2190000 2374 1000.0 2749631.201 2045.94 2.9165 0 0 0 0.0001315 0.0013155 
2200000 2384 1000.0 2768981.176 2026.771 2.9173 0 0 0 0.0001304 0.0013037 
2210000 2394 1000.0 2790553.542 2050.2 2.9169 0 0 0 0.000126 0.00126 
2220000 2404 1000.0 2814207.613 2105.055 2.9169 0 0 0 0.0001265 0.0012651 
2230000 2414 1000.0 2836575.074 2128.513 2.9183 0 0 0 0.0001257 0.0012573 
2240000 2424 1000.0 2857941.878 2134.453 2.9168 0 0 0 0.0001271 0.001271 
2250000 2435 985.465 2880007.665 2116.67 2.8749 0 0 0 0.0001288 0.0012883 
2260000 2445 988.124 2902140.356 2138.131 2.8841 0 0 0 0.0001291 0.0012905 
2270000 2455 990.296 2922980.065 2128.591 2.8899 0 0 0 0.0001264 0.0012644 
2280000 2465 992.071 2942147.931 2084.846 2.8953 0 0 0 0.0001321 0.0013212 
2290000 2475 993.522 2964252.529 2106.252 2.8955 0 0 0 0.000128 0.0012801 
2300000 2485 994.707 2985101.129 2105.438 2.9073 0 0 0 0.0001316 0.0013161 
2310000 2495 995.675 3006913.846 2116.38 2.9175 0 0 0 0.0001306 0.0013056 
2320000 2505 996.466 3027284.691 2105.343 2.9218 0 0 0 0.0001314 0.0013142 
2330000 2515 997.113 3044792.684 2040.117 2.9233 0 0 0 0.0001363 0.0013633 
2340000 2525 992.507 3064372.444 2011.569 2.9113 0 0 0 0.0001367 0.0013669 
2350000 2535 993.877 3085783.062 2034.616 2.919 0 0 0 0.0001336 0.0013361 
2360000 2545 994.997 3103171.258 1981.71 2.9301 0 0 0 0.000136 0.00136 
2370000 2555 995.912 3124258.877 2007.267 2.9312 0 0 0 0.0001351 0.0013514 
2380000 2565 996.66 3146182.376 2036.524 2.9315 0 0 0 0.0001389 0.0013887 
2390000 2575 997.271 3166683.518 2046.666 2.9323 0 0 0 0.0001359 0.0013593 
2400000 2585 997.77 3187974.345 2056.081 2.9277 0 0 0 0.0001363 0.0013635 
2410000 2595 998.178 3211222.411 2108.523 2.9422 0 0 0 0.0001317 0.0013166 
2420000 2605 998.511 3234025.96 2136.335 2.9522 0 0 0 0.0001333 0.0013326 
2430000 2615 998.784 3255183.459 2133.057 2.9452 0 0 0 0.0001368 0.0013679 
2440000 2625 999.006 3276441.077 2131.228 2.9475 0 0 0 0.0001321 0.001321 
2450000 2635 999.188 3295471.045 2091.615 2.9402 0 0 0 0.000135 0.00135 
2460000 2645 999.337 3314691.713 2064.451 2.9419 0 0 0 0.0001368 0.0013681 
2470000 2655 999.458 3330515.589 1974.748 2.9381 0 0 0 0.0001398 0.001398 
2480000 2666 988.977 3350630.483 1961.806 2.9131 0 0 0 0.0001347 0.0013466 
2490000 2676 990.994 3372911.707 2008.369 2.9171 0 0 0 0.0001383 0.0013826 
2500000 2686 992.641 3394569.744 2038.531 2.9116 0 0 0 0.000139 0.0013896 
2510000 2696 993.987 3416871.92 2072.739 2.9114 0 0 0 0.0001367 0.0013673 
2520000 2706 995.087 3438192.836 2083.044 2.9151 0 0 0 0.0001355 0.0013548 
2530000 2716 995.986 3460276.409 2106.511 2.9095 0 0 0 0.0001333 0.0013333 
2540000 2726 996.72 3479668.258 2075.611 2.9074 0 0 0 0.0001339 0.0013391 
2550000 2736 997.32 3500922.306 2084.716 2.9198 0 0 0 0.0001305 0.0013048 
2560000 2746 997.81 3522050.828 2090.762 2.9304 0 0 0 0.0001288 0.0012883 
2570000 2756 998.211 3544687.717 2121.707 2.9255 0 0 0 0.0001272 0.0012717 
2580000 2766 998.538 3567185.739 2145.278 2.9325 0 0 0 0.0001287 0.0012867 
2590000 2776 998.806 3585247.351 2081.115 2.9338 0 0 0 0.0001304 0.001304 
2600000 2786 999.024 3606553.918 2092.659 2.9542 0 0 0 0.0001245 0.0012446 
2610000 2796 999.203 3628041.942 2102.723 2.9482 0 0 0 0.0001244 0.0012436 
2620000 2806 999.348 3648598.316 2090.686 2.9407 0 0 0 0.0001305 0.0013049 
2630000 2816 999.468 3667944.264 2062.856 2.9317 0 0 0 0.0001287 0.0012875 
2640000 2826 999.565 3679259.352 1891.505 2.9335 0 0 0 0.000132 0.0013201 
2650000 2836 999.645 3693196.038 1799.266 2.9441 0 0 0 0.0001341 0.0013413 
2660000 2846 999.71 3703270.407 1654.981 2.9449 0 0 0 0.0001368 0.0013678 
2670000 2856 999.763 3721404.983 1686.137 2.9424 0 0 0 0.0001349 0.0013489 
2680000 2866 999.806 3734798.313 1618.926 2.9556 0 0 0 0.0001368 0.0013681 
2690000 2876 999.842 3749176.702 1581.876 2.9481 0 0 0 0.0001335 0.001335 
2700000 2886 999.871 3770213.276 1675.312 2.9434 0 0 0 0.0001333 0.0013326 
2710000 2896 999.894 3791235.461 1755.584 2.9403 0 0 0 0.000137 0.0013703 
2720000 2906 999.914 3813036.979 1834.475 2.9461 0 0 0 0.000136 0.0013598 
2730000 2916 999.929 3831015.344 1828.594 2.9588 0 0 0 0.0001359 0.0013586 
2740000 2926 999.942 3850252.043 1846.178 2.9497 0 0 0 0.0001349 0.0013492 
2750000 2936 999.953 3871367.597 1894.778 2.951 0 0 0 0.0001353 0.0013529 
2760000 2946 999.961 3892913.656 1942.564 2.9496 0 0 0 0.0001374 0.0013739 
2770000 2956 999.969 3912610.083 1945.727 2.9397 0 0 0 0.0001391 0.0013907 
2780000 2966 999.974 3934930.787 1998.669 2.9372 0 0 0 0.0001444 0.0014436 
2790000 2976 999.979 3957328.874 2039.381 2.9395 0 0 0 0.0001392 0.0013918 
2800000 2986 999.983 3979852.723 2079.205 2.9449 0 0 0 0.0001422 0.0014223 
2810000 2996 999.986 4000138.039 2069.491 2.9375 0 0 0 0.000145 0.0014498 
2820000 3006 999.989 4020216.023 2059.378 2.949 0 0 0 0.0001455 0.0014546 
2830000 3016 999.991 4040834.906 2058.773 2.9561 0 0 0 0.0001485 0.0014852 
2840000 3026 999.992 4061224.481 2054.76 2.9492 0 0 0 0.0001478 0.0014782 
2850000 3036 999.994 4079922.706 2018.724 2.9451 0 0 0 0.0001447 0.0014467 
2860000 3046 999.995 4099049.585 2000.12 2.9435 0 0 0 0.0001501 0.0015006 
2870000 3056 999.996 4119113.674 2003.829 2.9441 0 0 0 0.0001506 0.0015057 
2880000 3066 999.997 4138785.311 1997.521 2.9403 0 0 0 0.0001458 0.0014576 
2890000 3076 999.997 4159801.941 2014.742 2.9363 0 0 0 0.0001436 0.0014365 
2900000 3086 999.998 4180383.319 2023.968 2.9336 0 0 0 0.0001405 0.0014046 
2910000 3096 999.998 4202169.349 2052.169 2.9365 0 0 0 0.0001427 0.0014268 
2920000 3106 999.998 4224899.165 2092.645 2.9541 0 0 0 0.0001385 0.0013847 
2930000 3116 999.999 4247234.896 2119.461 2.9471 0 0 0 0.0001418 0.0014185 
2940000 3126 999.999 4270378.658 2154.45 2.9443 0 0 0 0.0001407 0.0014069 
2950000 3136 999.999 4290643.113 2132.294 2.9473 0 0 0 0.000139 0.0013898 
2960000 3146 999.999 4310549.774 2105.287 2.9425 0 0 0 0.00014 0.0014002 
2970000 3156 999.999 4330356.859 2079.704 2.9418 0 0 0 0.0001403 0.0014033 
2980000 3166 1000.0 4351023.679 2079.295 2.9384 0 0 0 0.0001413 0.0014132 
2990000 3176 1000.0 4368537.054 2020.102 2.9376 0 0 0 0.000142 0.0014201 
3000000 3186 1000.0 4389048.307 2027.716 2.9346 0 0 0 0.000142 0.0014203 
3010000 3196 989.91 4409078.522 1999.556 2.9023 0 0 0 0.000144 0.0014399 
3020000 3206 991.755 4430413.861 2023.469 2.9067 0 0 0 0.0001459 0.001459 
3030000 3216 993.264 4451336.112 2037.056 2.9104 0 0 0 0.0001443 0.0014425 
3040000 3226 994.496 4467492.251 1976.09 2.9138 0 0 0 0.00015 0.0014998 
3050000 3236 995.503 4486980.376 1956.556 2.9194 0 0 0 0.0001483 0.0014832 
3060000 3246 996.325 4505866.785 1945.753 2.9269 0 0 0 0.0001485 0.0014845 
3070000 3256 996.998 4525752.028 1951.877 2.936 0 0 0 0.0001477 0.0014766 
3080000 3266 997.547 4542728.785 1911.346 2.9299 0 0 0 0.0001538 0.0015376 
3090000 3276 997.996 4563347.689 1940.853 2.926 0 0 0 0.0001504 0.0015036 
3100000 3286 998.362 4582163.522 1921.395 2.9397 0 0 0 0.0001515 0.0015153 
3110000 3296 998.662 4603334.596 1952.334 2.9375 0 0 0 0.0001499 0.001499 
3120000 3306 998.907 4623456.936 1968.0 2.9329 0 0 0 0.0001566 0.0015659 
3130000 3316 999.107 4643914.944 2001.798 2.94 0 0 0 0.0001529 0.0015287 
3140000 3326 999.27 4665033.898 2002.154 2.944 0 0 0 0.0001576 0.001576 
3150000 3336 999.404 4684595.616 1991.237 2.9576 0 0 0 0.0001547 0.001547 
3160000 3346 999.513 4705074.077 2000.817 2.9614 0 0 0 0.0001503 0.0015032 
3170000 3356 999.602 4725485.932 2005.029 2.9535 0 0 0 0.000153 0.0015301 
3180000 3367 991.957 4745136.331 1986.294 2.9367 0 0 0 0.000154 0.0015399 
3190000 3377 993.428 4767004.506 2020.668 2.9347 0 0 0 0.0001512 0.001512 
3200000 3387 994.63 4785062.328 1983.0 2.9303 0 0 0 0.0001557 0.0015567 
3210000 3397 995.612 4805232.151 1991.615 2.9307 0 0 0 0.0001517 0.0015175 
3220000 3407 996.415 4824526.702 1979.932 2.9231 0 0 0 0.000157 0.0015699 
3230000 3417 997.071 4839400.429 1889.585 2.9266 0 0 0 0.0001574 0.0015736 
3240000 3427 997.607 4856436.994 1860.048 2.9239 0 0 0 0.0001569 0.001569 
3250000 3437 998.044 4871238.532 1787.063 2.9207 0 0 0 0.0001571 0.0015709 
3260000 3447 998.402 4884619.553 1701.452 2.9237 0 0 0 0.0001596 0.001596 
3270000 3457 998.694 4900117.704 1669.526 2.9248 0 0 0 0.0001579 0.0015794 
3280000 3467 998.933 4921301.646 1753.392 2.9291 0 0 0 0.0001561 0.0015607 
3290000 3477 999.128 4945806.376 1881.695 2.9234 0 0 0 0.0001567 0.0015667 
3300000 3487 999.288 4969166.885 1962.848 2.9167 0 0 0 0.0001495 0.0014953 
3310000 3497 999.418 4993449.377 2051.017 2.916 0 0 0 0.0001498 0.001498 
3320000 3507 999.525 5017867.243 2120.864 2.9164 0 0 0 0.0001453 0.001453 
3330000 3517 999.612 5039259.904 2120.411 2.9156 0 0 0 0.0001448 0.0014481 
3340000 3527 999.683 5058859.117 2092.898 2.9188 0 0 0 0.0001452 0.001452 
3350000 3537 999.741 5079699.261 2089.318 2.914 0 0 0 0.0001479 0.0014794 
3360000 3547 999.788 5103012.54 2133.574 2.913 0 0 0 0.0001464 0.0014642 
3370000 3557 999.827 5124748.83 2136.888 2.9277 0 0 0 0.0001483 0.0014832 
3380000 3567 999.859 5144128.327 2097.987 2.9255 0 0 0 0.0001455 0.0014553 
3390000 3577 999.884 5165685.248 2108.329 2.9326 0 0 0 0.000142 0.00142 
3400000 3587 999.906 5183973.693 2059.765 2.9349 0 0 0 0.0001418 0.0014185 
3410000 3597 999.923 5205436.981 2078.075 2.9342 0 0 0 0.0001393 0.0013934 
3420000 3607 999.937 5224473.994 2045.122 2.9363 0 0 0 0.0001438 0.0014382 
3430000 3617 999.948 5245389.058 2052.141 2.9294 0 0 0 0.0001387 0.0013871 
3440000 3627 999.958 5262983.91 2003.296 2.9448 0 0 0 0.000142 0.0014197 
3450000 3637 999.966 5283678.94 2017.153 2.9498 0 0 0 0.0001391 0.0013912 
3460000 3647 999.972 5306365.505 2062.114 2.9448 0 0 0 0.0001371 0.0013707 
3470000 3657 999.977 5327014.193 2061.912 2.9376 0 0 0 0.0001302 0.0013023 
3480000 3667 999.981 5349513.268 2097.452 2.9358 0 0 0 0.0001342 0.0013421 
3490000 3677 999.985 5369613.001 2084.518 2.9395 0 0 0 0.0001368 0.0013678 
3500000 3687 999.987 5389569.444 2065.817 2.9395 0 0 0 0.0001362 0.0013618 
3510000 3697 999.99 5412952.344 2115.512 2.9383 0 0 0 0.0001359 0.0013593 
3520000 3707 999.992 5436263.095 2154.835 2.9477 0 0 0 0.0001393 0.0013935 
3530000 3717 999.993 5455999.233 2115.496 2.9443 0 0 0 0.0001391 0.0013911 
3540000 3727 999.994 5479225.147 2153.945 2.9387 0 0 0 0.0001351 0.0013511 
3550000 3737 999.995 5500773.851 2156.668 2.936 0 0 0 0.0001365 0.0013649 
3560000 3747 999.996 5521134.886 2133.166 2.931 0 0 0 0.0001405 0.0014053 
3570000 3757 999.997 5542477.085 2133.903 2.9279 0 0 0 0.00014 0.0013998 
3580000 3767 999.998 5559587.18 2054.304 2.9272 0 0 0 0.0001423 0.0014227 
3590000 3777 999.998 5583041.92 2107.563 2.9292 0 0 0 0.000145 0.0014501 
3600000 3787 999.998 5605406.158 2132.339 2.9289 0 0 0 0.0001408 0.0014079 
3610000 3797 999.999 5628235.103 2166.024 2.9239 0 0 0 0.0001424 0.0014245 
3620000 3807 999.999 5646659.93 2106.604 2.9283 0 0 0 0.0001402 0.0014018 
3630000 3817 999.999 5668568.899 2122.551 2.9231 0 0 0 0.0001401 0.0014005 
3640000 3827 999.999 5690978.061 2144.776 2.9207 0 0 0 0.0001399 0.001399 
3650000 3837 990.062 5710907.111 2092.641 2.9038 0 0 0 0.0001398 0.0013984 
3660000 3847 991.88 5733056.83 2114.966 2.914 0 0 0 0.0001417 0.0014168 
3670000 3857 993.366 5754561.294 2121.646 2.9223 0 0 0 0.0001367 0.0013665 
3680000 3867 994.579 5773373.665 2100.317 2.921 0 0 0 0.0001455 0.001455 
3690000 3877 995.571 5796261.436 2113.14 2.926 0 0 0 0.0001367 0.0013672 
3700000 3887 996.381 5814282.725 2066.235 2.9253 0 0 0 0.0001387 0.0013869 
3710000 3897 997.043 5833115.002 2033.755 2.9347 0 0 0 0.0001421 0.0014209 
3720000 3907 997.584 5852006.715 2000.096 2.9543 0 0 0 0.0001448 0.0014481 
3730000 3917 998.026 5867097.678 1908.059 2.9592 0 0 0 0.0001496 0.0014959 
3740000 3927 998.387 5885209.529 1895.911 2.9528 0 0 0 0.0001481 0.0014806 
3750000 3937 998.682 5902249.823 1862.827 2.9456 0 0 0 0.0001532 0.0015322 
3760000 3947 998.923 5916775.592 1778.524 2.9572 0 0 0 0.0001568 0.0015676 
3770000 3957 999.12 5928497.906 1681.968 2.9667 0 0 0 0.0001536 0.0015361 
3780000 3967 999.281 5945189.093 1669.778 2.9652 0 0 0 0.0001545 0.0015449 
3790000 3977 999.413 5960819.829 1650.434 2.9769 0 0 0 0.0001586 0.0015857 
3800000 3987 999.52 5979499.238 1694.739 2.9767 0 0 0 0.0001601 0.0016012 
3810000 3997 999.608 6000781.581 1768.464 2.9666 0 0 0 0.0001594 0.0015937 
3820000 4007 999.68 6022687.838 1840.137 2.957 0 0 0 0.0001596 0.0015959 
3830000 4017 999.738 6043232.225 1884.442 2.948 0 0 0 0.0001609 0.0016093 
3840000 4027 999.786 6059421.683 1838.713 2.9485 0 0 0 0.000164 0.0016403 
3850000 4037 999.825 6078199.75 1842.5 2.9488 0 0 0 0.000162 0.0016198 
3860000 4047 999.857 6098639.526 1882.451 2.9482 0 0 0 0.0001642 0.0016416 
3870000 4057 999.883 6121409.674 1950.835 2.9403 0 0 0 0.0001655 0.0016547 
3880000 4067 999.905 6140845.384 1948.027 2.9435 0 0 0 0.0001614 0.001614 
3890000 4077 999.922 6163603.406 2006.416 2.9365 0 0 0 0.0001615 0.0016152 
3900000 4087 999.936 6185418.328 2036.577 2.9272 0 0 0 0.000165 0.0016496 
3910000 4097 999.948 6208101.714 2085.242 2.936 0 0 0 0.0001597 0.0015966 
3920000 4107 999.958 6228921.105 2081.838 2.9446 0 0 0 0.0001606 0.0016057 
3930000 4117 999.965 6252974.753 2140.839 2.949 0 0 0 0.0001563 0.0015626 
3940000 4127 999.972 6274093.203 2136.04 2.9557 0 0 0 0.0001515 0.0015147 
3950000 4137 999.977 6292308.002 2081.596 2.9469 0 0 0 0.0001524 0.0015238 
3960000 4147 999.981 6309478.43 2013.875 2.9478 0 0 0 0.0001535 0.0015348 
3970000 4157 999.985 6329075.277 2000.94 2.9425 0 0 0 0.0001487 0.0014874 
3980000 4167 999.987 6350906.505 2046.45 2.9367 0 0 0 0.000149 0.00149 
3990000 4177 999.99 6371245.336 2035.791 2.9357 0 0 0 0.0001433 0.0014326 
4000000 4187 999.992 6391354.484 2036.845 2.9371 0 0 0 0.0001448 0.0014478 
