10000 10 182.927 -13399.927 -245.086 0.1845 0 0 0 0.0 0.0 
20000 20 332.392 -26790.156 -445.243 0.3365 0 0 0 0.0 0.0 
30000 30 454.516 -40636.903 -617.064 0.797 0 0 0 0.0002175 0.0021753 
40000 40 554.3 -53718.852 -742.486 1.1979 0 0 0 0.0001872 0.0018716 
50000 50 635.83 -65476.474 -821.238 1.5213 0 0 0 0.0001878 0.0018778 
60000 60 702.447 -78042.056 -900.867 1.7971 0 0 0 0.0001778 0.0017779 
70000 70 756.877 -90120.082 -956.732 2.0247 0 0 0 0.0001856 0.0018558 
80000 80 801.351 -98958.026 -939.016 2.2115 0 0 0 0.0002409 0.0024092 
90000 90 837.689 -102578.689 -833.63 2.3539 0 0 0 0.0002339 0.0023387 
100000 100 867.38 -108537.113 -791.453 2.46 0 0 0 0.0002445 0.0024449 
110000 110 891.64 -118088.531 -823.504 2.5574 0 0 0 0.0002542 0.0025415 
120000 120 911.462 -126490.026 -825.862 2.642 0 0 0 0.0002542 0.0025418 
130000 130 927.658 -128898.555 -719.25 2.7047 0 0 0 0.0002528 0.0025283 
140000 140 940.891 -127775.608 -568.565 2.7503 0 0 0 0.0002568 0.0025681 
150000 150 951.704 -126613.764 -445.439 2.7951 0 0 0 0.0002683 0.0026827 
160000 160 960.539 -134185.974 -504.676 2.8349 0 0 0 0.0002736 0.0027358 
170000 170 967.757 -133089.53 -389.756 2.8703 0 0 0 0.0002722 0.002722 
180000 180 973.655 -133527.956 -328.076 2.9003 0 0 0 0.0002912 0.0029118 
190000 190 978.474 -135163.424 -300.081 2.9286 0 0 0 0.0002954 0.0029537 
200000 200 982.412 -135823.612 -257.927 2.9444 0 0 0 0.000298 0.0029796 
210000 210 985.629 -137431.534 -235.812 2.9546 0 0 0 0.0002753 0.0027529 
220000 220 988.258 -133917.476 -128.636 2.947 0 0 0 0.0002475 0.0024753 
230000 230 990.406 -132594.966 -78.403 2.9334 0 0 0 0.0002062 0.0020618 
240000 240 992.161 -129356.93 -4.299 2.9473 0 0 0 0.0001842 0.0018422 
250000 250 993.595 -123713.663 99.613 2.9598 0 0 0 0.0001587 0.0015867 
260000 260 994.767 -119774.912 153.251 2.9592 0 0 0 0.0001415 0.0014154 
270000 270 995.724 -118299.45 150.395 2.9662 0 0 0 0.0001258 0.0012583 
280000 280 996.506 -114554.578 194.087 2.9837 0 0 0 0.0001 0.0009996 
290000 290 997.145 -108971.614 260.814 2.9911 0 0 0 9.41e-05 0.0009409 
300000 300 997.667 -103473.043 313.365 2.9994 0 0 0 8.03e-05 0.0008028 
310000 310 998.094 -98445.9 347.761 3.0081 0 0 0 7.21e-05 0.0007215 
320000 320 998.443 -93606.342 372.023 3.0144 0 0 0 6.46e-05 0.0006457 
330000 330 998.728 -88254.32 401.536 2.998 0 0 0 6.51e-05 0.000651 
340000 340 998.96 -82639.5 431.114 2.9919 0 0 0 5.6e-05 0.00056 
350000 350 999.151 -76672.059 461.629 2.9712 0 0 0 5.36e-05 0.0005358 
360000 360 999.306 -70551.267 488.902 2.9716 0 0 0 5.61e-05 0.0005614 
370000 370 999.433 -64756.027 505.623 2.9727 0 0 0 5.22e-05 0.0005222 
380000 380 999.537 -58873.973 520.182 2.9785 0 0 0 4.99e-05 0.0004991 
390000 390 999.621 -53174.874 529.194 2.9732 0 0 0 4.47e-05 0.0004466 
400000 400 999.691 -47282.804 540.364 2.9809 0 0 0 3.96e-05 0.0003957 
410000 410 999.747 -41746.613 543.071 2.9647 0 0 0 3.71e-05 0.0003712 
420000 420 999.793 -35907.449 550.531 2.9539 0 0 0 3.47e-05 0.0003469 
430000 430 999.831 -29762.341 562.315 2.9554 0 0 0 3.23e-05 0.0003233 
440000 440 999.862 -23689.708 570.957 2.9684 0 0 0 3.15e-05 0.0003145 
450000 450 999.887 -17456.495 580.783 2.9777 0 0 0 3.29e-05 0.0003286 
460000 460 999.908 -12350.334 568.023 2.989 0 0 0 3.06e-05 0.0003064 
470000 470 999.925 -6085.005 578.997 2.9868 0 0 0 3.28e-05 0.0003279 
480000 480 999.939 828.425 599.802 2.9895 0 0 0 3.26e-05 0.0003257 
490000 490 999.95 8285.675 626.569 2.9932 0 0 0 3.42e-05 0.0003423 
500000 500 999.959 15954.09 652.124 2.9961 0 0 0 3.34e-05 0.0003343 
510000 510 999.966 23880.959 677.425 3.0044 0 0 0 3.6e-05 0.0003602 
520000 520 999.973 32025.063 702.535 3.008 0 0 0 3.82e-05 0.0003817 
530000 530 999.978 40220.283 723.656 3.0177 0 0 0 3.78e-05 0.0003778 
540000 540 999.982 48782.618 748.18 3.0046 0 0 0 3.78e-05 0.0003784 
550000 550 999.985 56957.161 759.975 3.0133 0 0 0 3.82e-05 0.0003821 
560000 560 999.988 65807.637 783.591 3.0097 0 0 0 3.64e-05 0.0003638 
570000 570 999.99 75055.598 808.967 3.0182 0 0 0 3.78e-05 0.0003784 
580000 580 999.992 83898.656 822.37 3.0186 0 0 0 3.7e-05 0.00037 
590000 590 999.993 92310.827 825.386 3.0185 0 0 0 3.66e-05 0.0003662 
600000 600 999.995 98836.504 793.228 3.0141 0 0 0 4.16e-05 0.0004163 
610000 610 999.996 106756.343 793.857 2.9921 0 0 0 4.14e-05 0.0004138 
620000 620 999.996 115692.06 812.239 2.9755 0 0 0 4.14e-05 0.0004141 
630000 630 999.997 124447.197 823.637 2.969 0 0 0 4.06e-05 0.0004057 
640000 640 999.998 132437.234 818.845 2.9675 0 0 0 4.17e-05 0.0004169 
650000 650 999.998 140720.653 820.806 2.9755 0 0 0 4.38e-05 0.0004379 
660000 660 999.998 148559.642 813.711 2.9959 0 0 0 4.32e-05 0.0004318 
670000 670 999.999 156608.424 812.226 3.0127 0 0 0 4.35e-05 0.0004348 
680000 680 999.999 164914.451 815.596 3.0194 0 0 0 4.21e-05 0.0004209 
690000 690 999.999 173024.542 815.615 2.9865 0 0 0 4.04e-05 0.0004037 
700000 700 999.999 180757.423 807.625 2.9746 0 0 0 3.93e-05 0.0003935 
710000 710 999.999 188504.557 801.301 2.9723 0 0 0 3.85e-05 0.0003853 
720000 720 1000.0 196814.295 806.226 2.9838 0 0 0 3.92e-05 0.0003924 
730000 730 1000.0 206457.969 835.953 2.988 0 0 0 3.93e-05 0.0003928 
740000 740 1000.0 215514.962 848.341 2.973 0 0 0 3.95e-05 0.0003947 
750000 750 1000.0 224236.683 853.61 2.973 0 0 0 4.1e-05 0.0004099 
760000 760 1000.0 234060.098 877.362 2.9674 0 0 0 4.21e-05 0.0004214 
770000 770 1000.0 242112.925 862.636 2.9664 0 0 0 7.02e-05 0.0007017 
780000 780 1000.0 253189.395 907.919 2.9638 0 0 0 5.07e-05 0.0005072 
790000 790 1000.0 263562.041 931.387 2.9696 0 0 0 5.42e-05 0.000542 
800000 800 1000.0 273360.033 939.052 2.9754 0 0 0 5.16e-05 0.0005159 
810000 810 1000.0 283458.88 951.987 2.9688 0 0 0 5.62e-05 0.0005616 
820000 820 1000.0 296107.617 1009.032 2.9704 0 0 0 5.07e-05 0.0005073 
830000 830 1000.0 308646.656 1054.02 2.9738 0 0 0 4.93e-05 0.0004926 
840000 840 1000.0 320526.991 1080.093 2.9832 0 0 0 4.87e-05 0.0004873 
850000 850 1000.0 333580.399 1121.03 2.963 0 0 0 5.28e-05 0.0005283 
860000 860 1000.0 345783.738 1138.489 2.9401 0 0 0 4.87e-05 0.0004872 
870000 870 1000.0 358189.154 1157.332 2.9189 0 0 0 4.85e-05 0.0004848 
880000 880 1000.0 370393.115 1169.836 2.9064 0 0 0 5.18e-05 0.0005183 
890000 890 1000.0 382422.994 1176.108 2.9084 0 0 0 4.86e-05 0.0004857 
900000 900 1000.0 394971.134 1190.424 2.9077 0 0 0 4.56e-05 0.0004557 
910000 910 1000.0 408042.544 1211.921 2.9118 0 0 0 4.88e-05 0.0004882 
920000 920 1000.0 422302.526 1251.646 2.9041 0 0 0 5.13e-05 0.0005133 
930000 930 1000.0 435572.133 1265.293 2.9099 0 0 0 4.8e-05 0.0004801 
940000 940 1000.0 448750.21 1274.245 2.9041 0 0 0 5.13e-05 0.0005126 
950000 950 1000.0 461751.71 1278.842 2.9044 0 0 0 4.59e-05 0.0004585 
960000 960 1000.0 473913.025 1268.429 2.905 0 0 0 4.76e-05 0.0004762 
970000 970 1000.0 486856.144 1273.516 2.9012 0 0 0 4.14e-05 0.0004137 
980000 980 1000.0 501435.491 1307.431 2.9242 0 0 0 3.83e-05 0.0003828 
990000 990 1000.0 516468.317 1343.338 2.9189 0 0 0 3.82e-05 0.0003824 
1000000 1000 1000.0 530578.405 1355.291 2.9267 0 0 0 3.63e-05 0.0003634 
1010000 1010 1000.0 543871.532 1351.25 2.9239 0 0 0 3.48e-05 0.0003476 
1020000 1020 1000.0 557996.176 1362.033 2.9191 0 0 0 3.58e-05 0.0003583 
1030000 1030 1000.0 571099.502 1352.037 2.909 0 0 0 3.27e-05 0.0003269 
1040000 1040 1000.0 583312.791 1327.014 2.903 0 0 0 3.49e-05 0.0003491 
1050000 1050 1000.0 595710.436 1311.465 2.8981 0 0 0 3.41e-05 0.0003407 
1060000 1060 1000.0 608736.339 1309.146 2.896 0 0 0 3.16e-05 0.0003157 
1070000 1070 1000.0 621509.715 1303.148 2.8923 0 0 0 3.3e-05 0.0003302 
1080000 1080 1000.0 633642.937 1286.675 2.9066 0 0 0 3.08e-05 0.0003079 
1090000 1090 1000.0 646157.057 1280.476 2.9264 0 0 0 3.09e-05 0.0003092 
1100000 1100 1000.0 658842.484 1278.364 2.942 0 0 0 2.9e-05 0.00029 
1110000 1110 1000.0 667778.335 1203.459 2.963 0 0 0 3.07e-05 0.0003066 
1120000 1120 1000.0 681585.78 1235.99 2.9676 0 0 0 2.91e-05 0.0002909 
1130000 1130 1000.0 694353.319 1243.402 2.9662 0 0 0 2.75e-05 0.0002749 
1140000 1140 1000.0 707654.156 1259.632 2.9623 0 0 0 2.89e-05 0.0002889 
1150000 1150 1000.0 720159.097 1258.129 2.9607 0 0 0 3.01e-05 0.0003009 
1160000 1160 1000.0 732914.997 1261.276 2.957 0 0 0 2.97e-05 0.0002975 
1170000 1170 1000.0 747808.728 1303.528 2.956 0 0 0 2.97e-05 0.0002973 
1180000 1180 1000.0 762194.745 1328.576 2.967 0 0 0 3.08e-05 0.0003078 
1190000 1190 1000.0 776769.179 1351.938 2.9855 0 0 0 2.89e-05 0.0002893 
1200000 1200 1000.0 791490.624 1374.017 3.0065 0 0 0 3.09e-05 0.0003093 
1210000 1210 1000.0 806646.916 1399.708 2.9964 0 0 0 2.94e-05 0.0002936 
1220000 1220 1000.0 822840.748 1439.948 2.9917 0 0 0 2.94e-05 0.0002936 
1230000 1230 1000.0 837080.439 1435.071 2.9956 0 0 0 2.82e-05 0.0002816 
1240000 1240 1000.0 851931.651 1443.463 3.0011 0 0 0 2.92e-05 0.0002921 
1250000 1250 1000.0 869254.886 1495.962 3.0074 0 0 0 2.78e-05 0.0002778 
1260000 1260 1000.0 884616.503 1503.519 3.0149 0 0 0 2.87e-05 0.0002872 
1270000 1270 1000.0 901548.575 1538.627 3.0205 0 0 0 2.88e-05 0.0002883 
1280000 1280 1000.0 918196.677 1562.437 3.0158 0 0 0 2.74e-05 0.0002737 
1290000 1290 1000.0 934817.153 1579.965 3.0201 0 0 0 2.66e-05 0.0002658 
1300000 1300 1000.0 951081.363 1587.713 3.0236 0 0 0 2.7e-05 0.0002703 
1310000 1310 1000.0 968002.772 1606.526 3.0235 0 0 0 2.72e-05 0.0002725 
1320000 1320 1000.0 984810.27 1620.293 3.0035 0 0 0 2.72e-05 0.0002717 
1330000 1330 1000.0 1002061.913 1639.923 2.9926 0 0 0 2.7e-05 0.0002699 
1340000 1340 1000.0 1019858.232 1665.716 2.9756 0 0 0 2.61e-05 0.0002615 
1350000 1350 1000.0 1037196.261 1677.711 2.9605 0 0 0 2.45e-05 0.000245 
1360000 1360 1000.0 1054938.299 1695.594 2.9487 0 0 0 2.4e-05 0.0002401 
1370000 1370 1000.0 1072637.105 1709.024 2.956 0 0 0 2.43e-05 0.0002432 
1380000 1380 1000.0 1090538.442 1724.347 2.9483 0 0 0 2.38e-05 0.0002376 
1390000 1390 1000.0 1107758.162 1723.755 2.9577 0 0 0 2.24e-05 0.0002237 
1400000 1400 1000.0 1125222.889 1727.66 2.9655 0 0 0 2.28e-05 0.0002283 
1410000 1410 1000.0 1142285.091 1723.903 2.9724 0 0 0 2.25e-05 0.0002254 
1420000 1420 1000.0 1160257.687 1737.047 2.9834 0 0 0 2.26e-05 0.000226 
1430000 1430 1000.0 1177578.606 1735.809 2.9984 0 0 0 2.15e-05 0.0002153 
1440000 1440 1000.0 1194523.056 1728.015 2.9886 0 0 0 2.3e-05 0.0002302 
1450000 1450 1000.0 1211431.638 1720.966 2.9702 0 0 0 2.27e-05 0.0002272 
1460000 1460 1000.0 1227578.037 1700.696 2.9617 0 0 0 2.34e-05 0.0002343 
1470000 1470 1000.0 1242852.891 1667.505 2.9602 0 0 0 2.49e-05 0.0002494 
1480000 1480 1000.0 1258023.736 1640.097 2.9611 0 0 0 2.33e-05 0.0002329 
1490000 1490 1000.0 1271548.586 1587.251 2.973 0 0 0 2.49e-05 0.0002486 
1500000 1500 1000.0 1286311.594 1567.309 2.9886 0 0 0 2.58e-05 0.0002582 
1510000 1510 1000.0 1301558.418 1559.717 3.002 0 0 0 2.68e-05 0.0002676 
1520000 1520 1000.0 1316815.913 1553.944 2.9853 0 0 0 2.57e-05 0.0002568 
1530000 1530 1000.0 1332117.408 1549.864 2.9761 0 0 0 2.5e-05 0.00025 
1540000 1540 1000.0 1349647.871 1587.074 2.9716 0 0 0 2.7e-05 0.0002704 
1550000 1550 1000.0 1367157.719 1616.814 2.9665 0 0 0 2.7e-05 0.00027 
1560000 1560 1000.0 1382972.258 1608.759 2.9572 0 0 0 2.69e-05 0.0002693 
1570000 1570 1000.0 1399917.935 1625.473 2.9541 0 0 0 2.81e-05 0.0002811 
1580000 1580 1000.0 1418484.123 1667.851 2.954 0 0 0 2.86e-05 0.0002856 
1590000 1590 1000.0 1435706.487 1677.682 2.9573 0 0 0 2.87e-05 0.0002867 
1600000 1600 1000.0 1453401.375 1694.211 2.9543 0 0 0 2.86e-05 0.0002856 
1610000 1610 1000.0 1471008.735 1705.889 2.9618 0 0 0 2.92e-05 0.0002916 
1620000 1620 1000.0 1489809.561 1738.149 2.9669 0 0 0 2.97e-05 0.0002972 
1630000 1630 1000.0 1508491.473 1761.766 2.965 0 0 0 2.88e-05 0.0002876 
1640000 1640 1000.0 1526584.635 1770.314 2.9578 0 0 0 2.82e-05 0.0002816 
1650000 1650 1000.0 1545467.385 1792.318 2.9468 0 0 0 2.79e-05 0.0002787 
1660000 1660 1000.0 1564534.052 1812.883 2.9404 0 0 0 2.7e-05 0.0002705 
1670000 1670 1000.0 1583493.282 1828.588 2.9288 0 0 0 2.74e-05 0.000274 
1680000 1680 1000.0 1602618.164 1843.714 2.924 0 0 0 2.69e-05 0.0002693 
1690000 1690 1000.0 1620990.011 1842.526 2.9473 0 0 0 2.69e-05 0.0002693 
1700000 1700 1000.0 1640027.455 1854.389 2.952 0 0 0 2.44e-05 0.0002439 
1710000 1710 1000.0 1659265.356 1866.874 2.9308 0 0 0 2.48e-05 0.0002479 
1720000 1720 1000.0 1678685.832 1880.646 2.9543 0 0 0 2.43e-05 0.0002429 
1730000 1730 1000.0 1697833.35 1886.715 2.9397 0 0 0 2.25e-05 0.0002249 
1740000 1740 1000.0 1717124.194 1894.1 2.9511 0 0 0 2.18e-05 0.0002181 
1750000 1750 1000.0 1736280.217 1897.829 2.9629 0 0 0 1.99e-05 0.0001986 
1760000 1760 1000.0 1755204.357 1896.766 2.9491 0 0 0 1.91e-05 0.0001914 
1770000 1770 1000.0 1774552.186 1903.135 2.9614 0 0 0 1.9e-05 0.00019 
1780000 1780 1000.0 1793975.555 1910.389 2.9376 0 0 0 1.79e-05 0.0001792 
1790000 1790 1000.0 1814063.614 1928.812 2.943 0 0 0 1.85e-05 0.0001847 
1800000 1800 1000.0 1833576.702 1932.107 2.9295 0 0 0 1.7e-05 0.0001699 
1810000 1810 1000.0 1852488.863 1925.045 2.9363 0 0 0 1.71e-05 0.0001715 
1820000 1820 1000.0 1871707.797 1924.654 2.9367 0 0 0 1.69e-05 0.0001692 
1830000 1830 1000.0 1890909.049 1923.856 2.938 0 0 0 1.71e-05 0.0001706 
1840000 1840 1000.0 1910117.677 1923.035 2.9462 0 0 0 1.52e-05 0.0001522 
1850000 1850 1000.0 1929104.166 1919.006 2.9488 0 0 0 1.57e-05 0.0001567 
1860000 1860 1000.0 1948402.896 1920.525 2.9487 0 0 0 1.56e-05 0.0001558 
1870000 1870 1000.0 1966931.995 1908.783 2.948 0 0 0 1.56e-05 0.0001558 
1880000 1880 1000.0 1985239.12 1894.358 2.9474 0 0 0 1.64e-05 0.0001645 
1890000 1890 1000.0 2003012.641 1872.948 2.9485 0 0 0 1.62e-05 0.000162 
1900000 1900 1000.0 2021225.136 1863.164 2.9484 0 0 0 1.78e-05 0.0001782 
1910000 1910 1000.0 2039095.302 1848.696 2.9469 0 0 0 1.71e-05 0.0001707 
1920000 1920 1000.0 2057065.299 1838.953 2.9519 0 0 0 1.7e-05 0.0001698 
1930000 1930 1000.0 2075152.28 1833.423 2.9485 0 0 0 1.77e-05 0.0001772 
1940000 1940 1000.0 2092718.262 1819.223 2.9517 0 0 0 1.92e-05 0.0001924 
1950000 1950 1000.0 2110949.338 1819.969 2.9341 0 0 0 1.88e-05 0.0001875 
1960000 1960 1000.0 2130142.22 1838.33 2.9189 0 0 0 2.01e-05 0.0002015 
1970000 1970 1000.0 2149253.853 1852.171 2.911 0 0 0 1.97e-05 0.0001971 
1980000 1980 1000.0 2167923.513 1854.339 2.9318 0 0 0 2.07e-05 0.0002069 
1990000 1990 1000.0 2186151.267 1849.073 2.9455 0 0 0 2.05e-05 0.0002051 
2000000 2000 1000.0 2204642.363 1848.975 2.9424 0 0 0 2e-05 0.0002005 
2010000 2010 1000.0 2222758.021 1842.336 2.9519 0 0 0 2.07e-05 0.0002073 
2020000 2020 1000.0 2241468.414 1847.636 2.9485 0 0 0 2.05e-05 0.0002045 
2030000 2030 1000.0 2260333.846 1854.544 2.9649 0 0 0 2.02e-05 0.0002025 
2040000 2040 1000.0 2279276.165 1861.659 2.9676 0 0 0 1.96e-05 0.0001963 
2050000 2050 1000.0 2297244.374 1849.546 2.9664 0 0 0 2.07e-05 0.0002075 
2060000 2060 1000.0 2315363.756 1842.515 2.9722 0 0 0 2.07e-05 0.0002066 
2070000 2070 1000.0 2333298.353 1833.093 4.0866 0 0 0 2.11e-05 0.0002113 
2080000 2080 1000.0 2352218.559 1844.42 7.3958 0 0 0 2.13e-05 0.0002134 
2090000 2090 1000.0 2370589.311 1842.44 9.9153 0 0 0 2.04e-05 0.0002041 
2100000 2100 1000.0 2388266.89 1828.671 8.7319 0 0 0 2.01e-05 0.0002012 
2110000 2110 1000.0 2405824.914 1815.305 7.6815 0 0 0 2.14e-05 0.0002139 
2120000 2120 1000.0 2422953.867 1796.286 6.8184 0 0 0 2.07e-05 0.000207 
2130000 2130 1000.0 2440186.423 1782.195 6.1112 0 0 0 2.11e-05 0.0002113 
2140000 2140 1000.0 2456158.089 1748.763 5.5476 0 0 0 2.11e-05 0.0002106 
2150000 2150 1000.0 2472674.158 1731.541 5.0764 0 0 0 2.24e-05 0.0002242 
2160000 2160 1000.0 2490615.945 1743.423 7.594 0 0 0 2.1e-05 0.0002102 
2170000 2170 1000.0 2509299.129 1766.433 11.4624 0 0 0 2.11e-05 0.0002113 
2180000 2180 1000.0 2528097.901 1787.273 12.5842 0 0 0 2.13e-05 0.0002127 
2190000 2190 1000.0 2546593.07 1798.485 13.4616 0 0 0 2.11e-05 0.0002115 
2200000 2200 1000.0 2564767.504 1802.054 14.1686 0 0 0 2.17e-05 0.0002174 
2210000 2210 1000.0 2582884.649 1803.446 12.8348 0 0 0 2.16e-05 0.0002162 
2220000 2220 1000.0 2600618.073 1797.021 11.0311 0 0 0 2.26e-05 0.0002265 
2230000 2230 1000.0 2618964.622 1804.069 9.5658 0 0 0 2.2e-05 0.0002196 
2240000 2240 1000.0 2637892.754 1820.965 8.378 0 0 0 2.24e-05 0.0002242 
2250000 2250 1000.0 2656716.137 1832.058 7.4028 0 0 0 2.21e-05 0.0002208 
2260000 2260 1000.0 2676443.188 1857.662 6.5877 0 0 0 2.2e-05 0.0002202 
2270000 2270 1000.0 2695581.847 1867.158 5.9153 0 0 0 2.2e-05 0.0002197 
2280000 2280 1000.0 2713787.232 1858.684 5.3754 0 0 0 2.27e-05 0.0002273 
2290000 2290 1000.0 2732320.353 1857.617 4.9293 0 0 0 2.26e-05 0.0002258 
2300000 2300 1000.0 2749505.369 1832.246 4.5614 0 0 0 2.35e-05 0.0002347 
2310000 2310 1000.0 2766954.551 1816.911 4.2583 0 0 0 2.38e-05 0.0002384 
2320000 2320 1000.0 2785400.401 1821.622 4.0083 0 0 0 2.46e-05 0.0002461 
2330000 2330 1000.0 2803674.875 1822.64 3.8104 0 0 0 2.35e-05 0.0002353 
2340000 2340 1000.0 2821958.793 1823.36 3.6548 0 0 0 2.61e-05 0.0002606 
2350000 2350 1000.0 2840936.251 1836.427 3.5297 0 0 0 2.56e-05 0.0002562 
2360000 2360 1000.0 2860272.411 1854.101 3.4301 0 0 0 2.38e-05 0.0002378 
2370000 2370 1000.0 2879470.417 1865.917 3.3475 0 0 0 2.36e-05 0.0002361 
2380000 2380 1000.0 2898768.158 1877.712 3.2875 0 0 0 2.43e-05 0.0002434 
2390000 2390 1000.0 2917748.766 1880.284 5.4513 0 0 0 2.38e-05 0.0002376 
2400000 2400 1000.0 2938302.799 1912.515 8.4812 0 0 0 2.36e-05 0.000236 
2410000 2410 1000.0 2958879.582 1938.823 9.9848 0 0 0 2.39e-05 0.0002395 
2420000 2420 1000.0 2977728.326 1927.389 13.1839 0 0 0 2.35e-05 0.000235 
2430000 2430 1000.0 2998035.431 1946.497 14.8883 0 0 0 2.33e-05 0.0002328 
2440000 2440 1000.0 3018100.219 1957.091 15.6165 0 0 0 2.23e-05 0.0002227 
2450000 2450 1000.0 3037589.456 1955.557 16.2665 0 0 0 2.3e-05 0.00023 
2460000 2460 1000.0 3057311.61 1958.558 16.8397 0 0 0 2.37e-05 0.0002372 
2470000 2470 1000.0 3076972.253 1959.294 17.2907 0 0 0 2.32e-05 0.0002316 
2480000 2480 1000.0 3097107.919 1969.142 17.7116 0 0 0 2.37e-05 0.0002365 
2490000 2490 1000.0 3116526.056 1964.101 18.0149 0 0 0 2.33e-05 0.0002329 
2500000 2500 1000.0 3135230.349 1946.791 18.3093 0 0 0 2.27e-05 0.0002272 
2510000 2510 1000.0 3154744.811 1947.949 18.4166 0 0 0 2.24e-05 0.0002235 
2520000 2520 1000.0 3174184.766 1947.237 18.6369 0 0 0 2.27e-05 0.0002272 
2530000 2530 1000.0 3192595.532 1926.001 18.8254 0 0 0 2.3e-05 0.0002296 
2540000 2540 1000.0 3212120.257 1931.307 18.903 0 0 0 2.26e-05 0.0002263 
2550000 2550 1000.0 3227443.727 1859.938 19.0262 0 0 0 2.37e-05 0.0002367 
2560000 2560 1000.0 3245561.047 1851.693 19.101 0 0 0 2.31e-05 0.0002309 
2570000 2570 1000.0 3263208.884 1835.947 19.2599 0 0 0 2.28e-05 0.0002285 
2580000 2580 1000.0 3280448.692 1817.172 19.2802 0 0 0 2.3e-05 0.0002305 
2590000 2590 1000.0 3299747.834 1837.907 19.345 0 0 0 2.34e-05 0.0002341 
2600000 2600 1000.0 3318077.442 1834.903 17.6848 0 0 0 2.48e-05 0.000248 
2610000 2610 1000.0 3337219.912 1849.572 15.6372 0 0 0 2.42e-05 0.0002417 
2620000 2620 1000.0 3357115.512 1875.362 13.9478 0 0 0 2.57e-05 0.0002566 
2630000 2630 1000.0 3375727.612 1870.618 12.6768 0 0 0 2.39e-05 0.000239 
2640000 2640 1000.0 3393425.068 1852.676 12.811 0 0 0 2.63e-05 0.0002633 
2650000 2650 1000.0 3412319.508 1859.633 13.327 0 0 0 2.82e-05 0.0002821 
2660000 2660 1000.0 3432378.853 1886.275 13.7184 0 0 0 2.67e-05 0.0002667 
2670000 2670 1000.0 3452666.605 1912.658 13.8813 0 0 0 2.63e-05 0.0002633 
2680000 2680 1000.0 3473409.068 1941.981 14.005 0 0 0 2.58e-05 0.0002585 
2690000 2690 1000.0 3492434.932 1934.627 14.1223 0 0 0 2.72e-05 0.0002719 
2700000 2700 1000.0 3511953.506 1937.716 14.2316 0 0 0 2.74e-05 0.000274 
2710000 2710 1000.0 3531817.282 1947.155 14.3105 0 0 0 2.62e-05 0.0002622 
2720000 2720 1000.0 3551647.412 1954.39 14.3708 0 0 0 2.8e-05 0.0002801 
2730000 2730 1000.0 3571070.961 1952.688 14.4686 0 0 0 2.7e-05 0.00027 
2740000 2740 1000.0 3591083.837 1961.729 14.5572 0 0 0 2.63e-05 0.0002634 
2750000 2750 1000.0 3610698.583 1961.664 14.5964 0 0 0 2.61e-05 0.0002613 
2760000 2760 1000.0 3630590.254 1966.66 14.6494 0 0 0 2.68e-05 0.0002679 
2770000 2770 1000.0 3649730.938 1957.217 14.6528 0 0 0 2.75e-05 0.0002748 
2780000 2780 1000.0 3663143.336 1838.625 14.675 0 0 0 2.71e-05 0.0002714 
2790000 2790 1000.0 3679700.948 1803.354 14.6806 0 0 0 2.72e-05 0.0002723 
2800000 2800 1000.0 3699518.707 1835.843 14.6999 0 0 0 2.82e-05 0.0002824 
2810000 2810 1000.0 3719412.8 1863.581 14.6933 0 0 0 2.97e-05 0.0002965 
2820000 2820 1000.0 3739323.006 1886.684 14.6265 0 0 0 2.89e-05 0.0002893 
2830000 2830 1000.0 3758902.715 1899.176 14.5634 0 0 0 3e-05 0.0003002 
2840000 2840 1000.0 3778363.162 1907.217 14.5718 0 0 0 2.75e-05 0.0002748 
2850000 2850 1000.0 3796448.91 1889.943 14.548 0 0 0 2.82e-05 0.0002821 
2860000 2860 1000.0 3814703.531 1877.99 14.5631 0 0 0 2.69e-05 0.0002694 
2870000 2870 1000.0 3834509.763 1895.802 14.5567 0 0 0 2.83e-05 0.0002827 
2880000 2880 1000.0 3854062.317 1906.866 14.49 0 0 0 2.89e-05 0.0002889 
2890000 2890 1000.0 3873907.658 1920.808 14.4241 0 0 0 2.86e-05 0.0002858 
2900000 2900 1000.0 3894311.379 1943.228 14.419 0 0 0 2.69e-05 0.0002685 
2910000 2910 1000.0 3914012.258 1948.013 14.6701 0 0 0 2.67e-05 0.0002673 
2920000 2920 1000.0 3933413.299 1946.6 18.3351 0 0 0 2.6e-05 0.0002599 
2930000 2930 1000.0 3952286.941 1935.371 19.8528 0 0 0 2.67e-05 0.0002671 
2940000 2940 1000.0 3971910.027 1940.347 20.7926 0 0 0 2.53e-05 0.0002533 
2950000 2950 1000.0 3991290.221 1939.467 19.505 0 0 0 2.62e-05 0.0002618 
2960000 2960 1000.0 4009447.3 1916.983 16.6406 0 0 0 2.63e-05 0.0002628 
2970000 2970 1000.0 4030341.979 1949.256 14.3065 0 0 0 2.57e-05 0.0002575 
2980000 2980 1000.0 4052031.952 1989.271 12.4058 0 0 0 2.44e-05 0.0002442 
2990000 2990 1000.0 4072733.252 2004.1 10.8384 0 0 0 2.52e-05 0.0002522 
3000000 3000 1000.0 4093478.031 2016.739 9.5708 0 0 0 2.39e-05 0.000239 
3010000 3010 1000.0 4114060.954 2024.219 8.5193 0 0 0 2.47e-05 0.0002472 
3020000 3020 1000.0 4132631.234 1993.07 7.6707 0 0 0 2.51e-05 0.0002506 
3030000 3030 1000.0 4152171.301 1986.222 6.9815 0 0 0 2.45e-05 0.0002449 
3040000 3040 1000.0 4171179.205 1970.527 7.8501 0 0 0 2.44e-05 0.0002438 
3050000 3050 1000.0 4191306.69 1978.122 10.0161 0 0 0 2.44e-05 0.0002443 
3060000 3060 1000.0 4212024.591 1995.676 9.4952 0 0 0 2.42e-05 0.0002424 
3070000 3070 1000.0 4232835.062 2011.159 10.0279 0 0 0 2.4e-05 0.00024 
3080000 3080 1000.0 4253420.104 2019.465 11.8001 0 0 0 2.39e-05 0.0002388 
3090000 3090 1000.0 4273407.477 2014.701 13.2567 0 0 0 2.47e-05 0.0002467 
3100000 3100 1000.0 4293733.817 2018.033 14.5221 0 0 0 2.41e-05 0.0002413 
3110000 3110 1000.0 4314463.053 2028.639 15.5141 0 0 0 2.53e-05 0.0002528 
3120000 3120 1000.0 4336022.482 2052.065 15.8977 0 0 0 2.54e-05 0.0002545 
3130000 3130 1000.0 4356507.594 2051.367 16.2152 0 0 0 2.54e-05 0.0002539 
3140000 3140 1000.0 4377711.314 2063.886 16.465 0 0 0 2.44e-05 0.0002441 
3150000 3150 1000.0 4399291.811 2081.054 16.6883 0 0 0 2.5e-05 0.0002501 
3160000 3160 1000.0 4420602.846 2090.38 16.8671 0 0 0 2.34e-05 0.0002341 
3170000 3170 1000.0 4441585.381 2091.686 17.022 0 0 0 2.55e-05 0.0002555 
3180000 3180 1000.0 4462206.334 2086.33 17.1666 0 0 0 2.44e-05 0.0002438 
3190000 3190 1000.0 4481670.871 2060.087 17.2514 0 0 0 2.54e-05 0.0002537 
3200000 3200 1000.0 4500074.233 2018.968 17.3237 0 0 0 2.4e-05 0.0002405 
3210000 3210 1000.0 4517189.643 1963.666 17.3975 0 0 0 2.52e-05 0.0002522 
3220000 3220 1000.0 4537495.421 1976.248 17.4338 0 0 0 2.56e-05 0.0002564 
3230000 3230 1000.0 4557763.354 1986.634 17.3979 0 0 0 2.46e-05 0.0002464 
3240000 3240 1000.0 4578147.796 1996.224 17.3791 0 0 0 2.46e-05 0.000246 
3250000 3250 1000.0 4598775.316 2008.075 17.3991 0 0 0 2.5e-05 0.0002505 
3260000 3260 1000.0 4618980.926 2009.774 17.4315 0 0 0 2.6e-05 0.0002601 
3270000 3270 1000.0 4638865.745 2005.575 17.4445 0 0 0 2.63e-05 0.0002629 
3280000 3280 1000.0 4659160.261 2010.173 17.454 0 0 0 2.7e-05 0.0002703 
3290000 3290 1000.0 4679684.966 2017.454 17.4422 0 0 0 2.58e-05 0.000258 
3300000 3300 1000.0 4697496.234 1972.876 17.4867 0 0 0 2.65e-05 0.000265 
3310000 3310 1000.0 4717374.739 1976.592 17.5163 0 0 0 2.84e-05 0.0002836 
3320000 3320 1000.0 4738748.357 2005.723 17.5197 0 0 0 2.78e-05 0.0002785 
3330000 3330 1000.0 4759999.48 2026.354 17.5339 0 0 0 2.85e-05 0.0002847 
3340000 3340 1000.0 4778398.305 1993.414 17.4966 0 0 0 2.84e-05 0.0002845 
3350000 3350 1000.0 4798665.205 1999.507 17.5421 0 0 0 3e-05 0.0003004 
3360000 3360 1000.0 4815091.222 1933.86 17.572 0 0 0 2.97e-05 0.0002973 
3370000 3370 1000.0 4834491.218 1934.507 17.5627 0 0 0 3.01e-05 0.0003013 
3380000 3380 1000.0 4853565.473 1929.17 17.5304 0 0 0 3.05e-05 0.0003047 
3390000 3390 1000.0 4873918.359 1949.156 17.6045 0 0 0 3.06e-05 0.0003055 
3400000 3400 1000.0 4892797.498 1939.0 17.5991 0 0 0 3.04e-05 0.0003039 
3410000 3410 1000.0 4913307.046 1959.522 17.5991 0 0 0 2.88e-05 0.0002879 
3420000 3420 1000.0 4934079.665 1980.156 17.6313 0 0 0 3e-05 0.0002996 
3430000 3430 1000.0 4952162.434 1947.994 17.6281 0 0 0 2.94e-05 0.0002939 
3440000 3440 1000.0 4970502.426 1927.177 17.6554 0 0 0 3.09e-05 0.000309 
3450000 3450 1000.0 4989534.775 1923.327 17.621 0 0 0 3.2e-05 0.0003205 
3460000 3460 1000.0 5009807.251 1942.842 17.5835 0 0 0 3.1e-05 0.0003103 
3470000 3470 1000.0 5029651.065 1951.311 17.5582 0 0 0 3.05e-05 0.0003046 
3480000 3480 1000.0 5049168.772 1952.07 17.5399 0 0 0 3.23e-05 0.0003232 
3490000 3490 1000.0 5069222.305 1961.533 17.5652 0 0 0 3.14e-05 0.0003143 
3500000 3500 1000.0 5089820.361 1979.081 17.5921 0 0 0 3.08e-05 0.0003082 
3510000 3510 1000.0 5109123.738 1970.348 17.5815 0 0 0 3.05e-05 0.0003048 
3520000 3520 1000.0 5128470.652 1963.861 17.5804 0 0 0 3.28e-05 0.0003278 
3530000 3530 1000.0 5147922.612 1959.975 17.5327 0 0 0 3.29e-05 0.000329 
3540000 3540 1000.0 5167608.752 1961.962 17.5049 0 0 0 3.15e-05 0.0003152 
3550000 3550 1000.0 5186009.193 1940.594 17.5135 0 0 0 3.21e-05 0.0003207 
3560000 3560 1000.0 5202322.598 1879.105 17.5038 0 0 0 3.28e-05 0.0003279 
3570000 3570 1000.0 5220964.098 1875.775 17.4368 0 0 0 3.31e-05 0.0003309 
3580000 3580 1000.0 5239418.854 1870.182 17.4607 0 0 0 3.23e-05 0.000323 
3590000 3590 1000.0 5258563.246 1878.581 17.499 0 0 0 3.25e-05 0.0003253 
3600000 3600 1000.0 5278620.828 1902.703 17.5018 0 0 0 3.27e-05 0.0003271 
3610000 3610 1000.0 5298468.151 1917.172 17.494 0 0 0 3.29e-05 0.0003291 
3620000 3620 1000.0 5317779.189 1919.515 17.5321 0 0 0 3.28e-05 0.0003275 
3630000 3630 1000.0 5337156.691 1922.817 17.5469 0 0 0 3.52e-05 0.0003516 
3640000 3640 1000.0 5356856.366 1931.629 17.5452 0 0 0 3.28e-05 0.0003278 
3650000 3650 1000.0 5377255.207 1951.23 17.5475 0 0 0 3.37e-05 0.0003369 
3660000 3660 1000.0 5395904.159 1934.561 17.5244 0 0 0 3.34e-05 0.0003343 
3670000 3670 1000.0 5414713.527 1924.676 17.4958 0 0 0 3.4e-05 0.0003395 
3680000 3680 1000.0 5432586.588 1900.31 17.4953 0 0 0 3.28e-05 0.0003284 
3690000 3690 1000.0 5451728.247 1902.555 17.502 0 0 0 3.49e-05 0.0003485 
3700000 3700 1000.0 5470161.508 1892.026 17.5476 0 0 0 3.5e-05 0.0003495 
3710000 3710 1000.0 5489466.191 1899.33 17.5019 0 0 0 3.44e-05 0.000344 
3720000 3720 1000.0 5507316.546 1879.365 17.4858 0 0 0 3.45e-05 0.0003451 
3730000 3730 1000.0 5527953.274 1912.915 17.4974 0 0 0 3.69e-05 0.0003687 
3740000 3740 1000.0 5548278.87 1934.384 17.5141 0 0 0 3.51e-05 0.0003507 
3750000 3750 1000.0 5568336.083 1946.922 17.5598 0 0 0 3.42e-05 0.000342 
3760000 3760 1000.0 5587325.659 1937.585 17.5829 0 0 0 3.58e-05 0.0003581 
3770000 3770 1000.0 5607069.995 1942.997 17.6049 0 0 0 3.5e-05 0.0003498 
3780000 3780 1000.0 5625527.701 1923.714 17.6057 0 0 0 3.34e-05 0.0003338 
3790000 3790 1000.0 5644581.135 1920.789 17.5932 0 0 0 3.55e-05 0.0003548 
3800000 3800 1000.0 5664469.736 1932.761 17.5846 0 0 0 3.5e-05 0.0003504 
3810000 3810 1000.0 5683571.958 1928.262 17.586 0 0 0 3.5e-05 0.0003495 
3820000 3820 1000.0 5702537.04 1922.853 17.5408 0 0 0 3.56e-05 0.0003559 
3830000 3830 1000.0 5723243.362 1949.93 17.5729 0 0 0 3.63e-05 0.0003626 
3840000 3840 1000.0 5743138.852 1957.371 17.5766 0 0 0 3.53e-05 0.0003531 
3850000 3850 1000.0 5761888.471 1942.643 17.549 0 0 0 3.52e-05 0.0003516 
3860000 3860 1000.0 5781814.869 1952.299 17.587 0 0 0 3.67e-05 0.0003669 
3870000 3870 1000.0 5801640.141 1957.498 17.5946 0 0 0 3.57e-05 0.0003568 
3880000 3880 1000.0 5822152.258 1974.567 17.5241 0 0 0 3.62e-05 0.0003622 
3890000 3890 1000.0 5843036.762 1995.238 17.5222 0 0 0 3.65e-05 0.000365 
3900000 3900 1000.0 5863836.674 2011.196 17.5203 0 0 0 3.59e-05 0.0003587 
3910000 3910 1000.0 5883760.043 2007.917 17.5527 0 0 0 3.6e-05 0.0003595 
3920000 3920 1000.0 5902873.962 1991.56 17.5508 0 0 0 3.86e-05 0.0003856 
3930000 3930 1000.0 5922853.782 1992.827 17.5936 0 0 0 3.96e-05 0.0003956 
3940000 3940 1000.0 5942997.187 1996.203 17.5636 0 0 0 3.91e-05 0.0003905 
3950000 3950 1000.0 5962319.937 1986.141 17.5448 0 0 0 3.74e-05 0.0003743 
3960000 3960 1000.0 5982256.622 1986.685 17.5883 0 0 0 4.01e-05 0.0004007 
3970000 3970 1000.0 6003054.461 2003.268 17.6312 0 0 0 3.66e-05 0.0003665 
3980000 3980 1000.0 6023160.186 2004.603 17.6086 0 0 0 3.68e-05 0.0003676 
3990000 3990 1000.0 6043581.037 2010.515 17.6193 0 0 0 3.93e-05 0.000393 
4000000 4000 1000.0 6062670.451 1990.748 17.6019 0 0 0 3.74e-05 0.000374 
4010000 4010 1000.0 6079810.441 1939.244 17.5996 0 0 0 4.69e-05 0.0004686 
4020000 4020 1000.0 6099377.263 1942.333 17.5815 0 0 0 4.66e-05 0.000466 
4030000 4030 1000.0 6119297.911 1951.225 17.5719 0 0 0 4.67e-05 0.0004673 
4040000 4040 1000.0 6139609.404 1966.272 17.5571 0 0 0 4.42e-05 0.0004423 
4050000 4050 1000.0 6158606.48 1953.855 17.5047 0 0 0 4.3e-05 0.0004303 
4060000 4060 1000.0 6178630.408 1962.874 17.5103 0 0 0 4.51e-05 0.0004508 
4070000 4070 1000.0 6198771.896 1972.557 17.497 0 0 0 4.44e-05 0.0004439 
4080000 4080 1000.0 6219123.796 1984.412 17.5309 0 0 0 4.32e-05 0.0004318 
4090000 4090 1000.0 6239056.932 1986.432 17.5966 0 0 0 4.46e-05 0.0004463 
4100000 4100 1000.0 6257980.081 1968.392 17.6118 0 0 0 4.72e-05 0.0004717 
4110000 4110 1000.0 6277309.858 1961.882 17.6263 0 0 0 4.4e-05 0.0004404 
4120000 4120 1000.0 6296852.488 1960.607 17.5934 0 0 0 4.22e-05 0.0004218 
4130000 4130 1000.0 6317559.157 1981.147 17.5965 0 0 0 4.55e-05 0.0004551 
4140000 4140 1000.0 6338299.561 1998.884 17.652 0 0 0 4.28e-05 0.0004276 
4150000 4150 1000.0 6358910.442 2010.475 17.6681 0 0 0 4.31e-05 0.0004311 
4160000 4160 1000.0 6380291.008 2033.86 17.6553 0 0 0 4.25e-05 0.0004246 
4170000 4170 1000.0 6401806.935 2055.496 17.638 0 0 0 4.28e-05 0.0004285 
4180000 4180 1000.0 6420630.029 2022.118 17.6567 0 0 0 4.4e-05 0.0004399 
4190000 4190 1000.0 6442256.763 2048.081 17.6006 0 0 0 4.36e-05 0.0004358 
4200000 4200 1000.0 6461804.686 2027.382 17.5875 0 0 0 4.51e-05 0.0004509 
4210000 4210 1000.0 6482049.641 2026.383 17.5943 0 0 0 3.95e-05 0.000395 
4220000 4220 1000.0 6503115.342 2040.897 17.5561 0 0 0 4.02e-05 0.0004022 
4230000 4230 1000.0 6522783.797 2028.048 17.5845 0 0 0 3.82e-05 0.0003816 
4240000 4240 1000.0 6543589.502 2037.209 17.5789 0 0 0 3.8e-05 0.0003803 
4250000 4250 1000.0 6564085.535 2039.69 17.5543 0 0 0 3.8e-05 0.0003798 
4260000 4260 1000.0 6586256.009 2072.559 17.5202 0 0 0 3.69e-05 0.0003689 
4270000 4270 1000.0 6608286.847 2095.982 17.5511 0 0 0 3.79e-05 0.0003792 
4280000 4280 1000.0 6629821.533 2106.71 17.5628 0 0 0 3.69e-05 0.0003686 
4290000 4290 1000.0 6651527.296 2117.894 17.5399 0 0 0 3.6e-05 0.0003601 
4300000 4300 1000.0 6672223.625 2108.96 17.5027 0 0 0 3.6e-05 0.0003599 
4310000 4310 1000.0 6691398.203 2072.927 17.5244 0 0 0 3.83e-05 0.0003825 
4320000 4320 1000.0 6712266.414 2075.322 17.572 0 0 0 3.82e-05 0.0003818 
4330000 4330 1000.0 6734402.048 2100.557 17.5528 0 0 0 3.65e-05 0.0003646 
4340000 4340 1000.0 6755842.746 2108.328 17.5539 0 0 0 3.62e-05 0.0003618 
4350000 4350 1000.0 6778136.797 2130.789 17.5567 0 0 0 3.78e-05 0.0003785 
4360000 4360 1000.0 6799126.38 2125.667 17.5422 0 0 0 3.79e-05 0.0003795 
4370000 4370 1000.0 6821256.559 2141.859 17.506 0 0 0 3.6e-05 0.0003598 
4380000 4380 1000.0 6843868.005 2164.125 17.5386 0 0 0 3.58e-05 0.0003581 
4390000 4390 1000.0 6865555.852 2163.647 17.5331 0 0 0 3.58e-05 0.0003584 
4400000 4400 1000.0 6887407.183 2167.915 17.5194 0 0 0 3.46e-05 0.000346 
4410000 4410 1000.0 6909307.91 2171.446 17.5171 0 0 0 3.43e-05 0.0003429 
4420000 4420 1000.0 6931139.29 2172.79 17.4682 0 0 0 3.41e-05 0.0003409 
4430000 4430 1000.0 6953744.095 2189.387 17.4568 0 0 0 3.13e-05 0.0003134 
4440000 4440 1000.0 6976241.811 2200.521 17.3922 0 0 0 3.17e-05 0.0003171 
4450000 4450 1000.0 6998063.45 2197.203 17.3525 0 0 0 3.28e-05 0.000328 
4460000 4460 1000.0 7019718.214 2191.643 17.3485 0 0 0 3.28e-05 0.0003275 
4470000 4470 1000.0 7042060.775 2199.396 17.3749 0 0 0 3.22e-05 0.0003222 
4480000 4480 1000.0 7060704.455 2143.612 17.3932 0 0 0 3.24e-05 0.0003236 
4490000 4490 1000.0 7082419.402 2148.414 17.4141 0 0 0 3.26e-05 0.0003257 
4500000 4500 1000.0 7101047.111 2094.465 17.4877 0 0 0 3.17e-05 0.0003168 
4510000 4510 1000.0 7122746.259 2108.042 17.5454 0 0 0 3.02e-05 0.0003018 
4520000 4520 1000.0 7143556.634 2104.04 17.5907 0 0 0 3.01e-05 0.0003007 
4530000 4530 1000.0 7165120.351 2113.433 17.6831 0 0 0 3.01e-05 0.0003013 
4540000 4540 1000.0 7185764.079 2104.193 18.0401 0 0 0 3.1e-05 0.0003097 
4550000 4550 1000.0 7206963.734 2106.609 17.9583 0 0 0 3.09e-05 0.000309 
4560000 4560 1000.0 7228301.619 2110.843 17.9117 0 0 0 3.14e-05 0.0003137 
4570000 4570 1000.0 7250077.432 2123.083 17.8364 0 0 0 3.06e-05 0.0003064 
4580000 4580 1000.0 7271391.22 2125.316 17.8329 0 0 0 3.12e-05 0.0003125 
4590000 4590 1000.0 7292511.338 2123.02 17.8392 0 0 0 3.24e-05 0.0003238 
4600000 4600 1000.0 7313648.799 2121.922 17.8265 0 0 0 3.26e-05 0.0003257 
4610000 4610 1000.0 7334067.707 2107.326 17.7643 0 0 0 3.41e-05 0.0003409 
4620000 4620 1000.0 7355016.857 2104.484 17.7922 0 0 0 3.36e-05 0.0003365 
4630000 4630 1000.0 7375664.904 2097.367 17.7416 0 0 0 3.49e-05 0.000349 
4640000 4640 1000.0 7396090.649 2087.946 17.7052 0 0 0 3.31e-05 0.0003308 
4650000 4650 1000.0 7416815.464 2085.034 17.7045 0 0 0 3.38e-05 0.0003381 
4660000 4660 1000.0 7437014.437 2073.51 17.6759 0 0 0 3.49e-05 0.0003487 
4670000 4670 1000.0 7456782.01 2056.019 17.6491 0 0 0 3.51e-05 0.0003512 
4680000 4680 1000.0 7475365.929 2020.138 17.6397 0 0 0 3.53e-05 0.0003533 
4690000 4690 1000.0 7496304.871 2034.323 17.6451 0 0 0 3.66e-05 0.0003664 
4700000 4700 1000.0 7517758.11 2054.218 17.6741 0 0 0 3.49e-05 0.0003485 
4710000 4710 1000.0 7538221.234 2053.384 17.6471 0 0 0 3.5e-05 0.0003496 
4720000 4720 1000.0 7560075.567 2077.746 17.6766 0 0 0 3.44e-05 0.0003442 
4730000 4730 1000.0 7580787.866 2076.883 17.6997 0 0 0 3.58e-05 0.0003578 
4740000 4740 1000.0 7600872.723 2065.07 17.6466 0 0 0 3.46e-05 0.0003459 
4750000 4750 1000.0 7621920.969 2072.2 17.6092 0 0 0 3.57e-05 0.000357 
4760000 4760 1000.0 7642497.259 2069.533 17.5871 0 0 0 3.42e-05 0.0003418 
4770000 4770 1000.0 7663392.756 2073.539 17.6046 0 0 0 3.43e-05 0.0003426 
4780000 4780 1000.0 7683897.656 2070.188 17.5797 0 0 0 3.35e-05 0.0003351 
4790000 4790 1000.0 7704336.616 2064.901 17.5448 0 0 0 3.55e-05 0.0003546 
4800000 4800 1000.0 7725886.412 2081.124 17.536 0 0 0 3.62e-05 0.0003622 
4810000 4810 1000.0 7745515.472 2061.397 17.5443 0 0 0 3.48e-05 0.0003481 
4820000 4820 1000.0 7765228.439 2042.973 17.5754 0 0 0 3.45e-05 0.0003448 
4830000 4830 1000.0 7786772.236 2062.832 17.5204 0 0 0 3.62e-05 0.0003619 
4840000 4840 1000.0 7808482.626 2082.505 17.5162 0 0 0 3.61e-05 0.0003613 
4850000 4850 1000.0 7830107.355 2097.479 17.5585 0 0 0 3.65e-05 0.0003647 
4860000 4860 1000.0 7850518.269 2089.688 17.4973 0 0 0 3.71e-05 0.0003712 
4870000 4870 1000.0 7870299.256 2069.431 17.4665 0 0 0 3.65e-05 0.0003648 
4880000 4880 1000.0 7890225.222 2055.644 17.4546 0 0 0 3.8e-05 0.0003796 
4890000 4890 1000.0 7910868.609 2057.23 17.4915 0 0 0 4.03e-05 0.0004028 
4900000 4900 1000.0 7931627.458 2059.595 17.4925 0 0 0 3.82e-05 0.0003816 
4910000 4910 1000.0 7952349.86 2062.565 17.5289 0 0 0 3.71e-05 0.0003712 
4920000 4920 1000.0 7972811.615 2059.608 17.5504 0 0 0 3.99e-05 0.0003986 
4930000 4930 1000.0 7993867.531 2068.049 17.5503 0 0 0 4.03e-05 0.0004029 
4940000 4940 1000.0 8014900.157 2073.516 17.556 0 0 0 4.12e-05 0.000412 
4950000 4950 1000.0 8035909.176 2079.107 17.5886 0 0 0 3.88e-05 0.0003878 
4960000 4960 1000.0 8056543.021 2076.036 17.5904 0 0 0 4.07e-05 0.000407 
4970000 4970 1000.0 8076102.159 2051.756 17.5922 0 0 0 5.62e-05 0.0005619 
4980000 4980 1000.0 8097493.085 2067.769 17.5899 0 0 0 4.06e-05 0.0004057 
4990000 4990 1000.0 8118868.67 2080.799 17.579 0 0 0 4.57e-05 0.0004575 
5000000 5000 1000.0 8140949.306 2103.448 17.6 0 0 0 4.39e-05 0.0004395 
5010000 5010 1000.0 8162758.726 2118.16 17.5978 0 0 0 4.37e-05 0.0004368 
5020000 5020 1000.0 8183724.135 2114.274 17.5994 0 0 0 4.6e-05 0.0004599 
5030000 5030 1000.0 8205319.231 2122.244 17.5883 0 0 0 4.32e-05 0.0004316 
5040000 5040 1000.0 8226259.691 2117.31 17.6116 0 0 0 4.41e-05 0.0004414 
5050000 5050 1000.0 8247100.127 2110.691 17.0458 0 0 0 4.42e-05 0.0004417 
5060000 5060 1000.0 8266471.896 2080.156 16.2739 0 0 0 4.21e-05 0.000421 
5070000 5070 1000.0 8283683.722 2018.406 15.6545 0 0 0 4.74e-05 0.0004741 
5080000 5080 1000.0 8304238.453 2024.496 15.144 0 0 0 4.72e-05 0.0004716 
5090000 5090 1000.0 8323952.865 2015.329 14.7123 0 0 0 4.43e-05 0.0004432 
5100000 5100 1000.0 8344139.154 2015.97 14.3454 0 0 0 4.57e-05 0.0004571 
5110000 5110 1000.0 8363914.687 2009.216 14.0262 0 0 0 4.63e-05 0.0004632 
5120000 5120 1000.0 8384188.363 2013.153 13.7887 0 0 0 4.86e-05 0.0004858 
5130000 5130 1000.0 8404749.348 2021.11 12.3944 0 0 0 4.76e-05 0.0004759 
5140000 5140 1000.0 8424635.037 2015.279 10.8065 0 0 0 4.63e-05 0.0004628 
5150000 5150 1000.0 8443506.049 1991.865 9.4992 0 0 0 4.46e-05 0.0004464 
5160000 5160 1000.0 8463775.457 1998.734 9.0616 0 0 0 4.41e-05 0.0004405 
5170000 5170 1000.0 8483699.269 1997.15 11.3067 0 0 0 4.49e-05 0.000449 
5180000 5180 1000.0 8502580.976 1975.348 12.88 0 0 0 4.47e-05 0.0004472 
5190000 5190 1000.0 8519758.613 1927.94 14.0513 0 0 0 4.64e-05 0.0004636 
5200000 5200 1000.0 8538003.96 1908.667 15.0359 0 0 0 4.45e-05 0.0004446 
5210000 5210 1000.0 8557571.011 1918.512 15.9339 0 0 0 4.54e-05 0.0004541 
5220000 5220 1000.0 8576833.596 1920.606 16.6009 0 0 0 4.72e-05 0.0004719 
5230000 5230 1000.0 8596672.719 1931.764 17.1774 0 0 0 4.92e-05 0.0004918 
5240000 5240 1000.0 8616388.748 1938.332 17.6731 0 0 0 4.54e-05 0.0004544 
5250000 5250 1000.0 8636325.084 1948.611 18.1014 0 0 0 4.61e-05 0.000461 
5260000 5260 1000.0 8656269.774 1956.907 18.4571 0 0 0 4.59e-05 0.000459 
5270000 5270 1000.0 8676588.898 1970.165 18.7813 0 0 0 4.59e-05 0.0004595 
5280000 5280 1000.0 8697028.422 1983.268 18.9977 0 0 0 4.26e-05 0.0004261 
5290000 5290 1000.0 8716981.413 1986.086 19.1304 0 0 0 4.44e-05 0.0004442 
5300000 5300 1000.0 8735765.433 1967.752 19.279 0 0 0 4.51e-05 0.0004509 
5310000 5310 1000.0 8755584.155 1970.884 19.3882 0 0 0 4.41e-05 0.000441 
5320000 5320 1000.0 8774506.992 1956.297 19.4869 0 0 0 4.56e-05 0.0004559 
5330000 5330 1000.0 8794811.734 1970.245 19.4908 0 0 0 4.68e-05 0.0004678 
5340000 5340 1000.0 8813964.355 1960.103 19.5446 0 0 0 4.8e-05 0.0004804 
5350000 5350 1000.0 8833293.646 1954.926 19.5497 0 0 0 4.92e-05 0.0004916 
5360000 5360 1000.0 8852800.738 1955.103 19.4026 0 0 0 4.58e-05 0.0004577 
5370000 5370 1000.0 8872854.064 1963.751 19.3043 0 0 0 4.63e-05 0.000463 
5380000 5380 1000.0 8893345.087 1979.433 19.2481 0 0 0 4.61e-05 0.0004615 
5390000 5390 1000.0 8913873.379 1993.211 19.221 0 0 0 4.58e-05 0.0004578 
5400000 5400 1000.0 8932772.768 1972.994 19.2894 0 0 0 4.95e-05 0.0004951 
5410000 5410 1000.0 8953949.181 1999.98 19.3082 0 0 0 4.62e-05 0.0004617 
5420000 5420 1000.0 8975178.608 2022.165 19.3588 0 0 0 4.41e-05 0.0004414 
5430000 5430 1000.0 8997374.149 2058.215 19.425 0 0 0 4.7e-05 0.0004698 
5440000 5440 1000.0 9019281.573 2082.191 19.487 0 0 0 4.43e-05 0.0004431 
5450000 5450 1000.0 9040923.501 2097.228 19.5857 0 0 0 4.48e-05 0.0004485 
5460000 5460 1000.0 9062805.167 2113.124 19.6603 0 0 0 4.54e-05 0.0004544 
5470000 5470 1000.0 9084197.013 2117.734 19.6617 0 0 0 4.73e-05 0.000473 
5480000 5480 1000.0 9105267.661 2115.296 19.7047 0 0 0 4.66e-05 0.0004661 
5490000 5490 1000.0 9125665.287 2101.286 19.7625 0 0 0 4.67e-05 0.000467 
5500000 5500 1000.0 9146262.507 2093.527 19.824 0 0 0 4.46e-05 0.0004464 
5510000 5510 1000.0 9166773.33 2085.818 19.8207 0 0 0 4.55e-05 0.0004552 
5520000 5520 1000.0 9186524.917 2064.571 19.8234 0 0 0 4.72e-05 0.0004715 
5530000 5530 1000.0 9205564.816 2035.475 19.8245 0 0 0 4.64e-05 0.0004638 
5540000 5540 1000.0 9225125.64 2021.047 19.833 0 0 0 4.6e-05 0.0004599 
5550000 5550 1000.0 9244604.623 2007.968 19.8233 0 0 0 4.67e-05 0.0004668 
5560000 5560 1000.0 9264406.253 2002.871 19.8439 0 0 0 4.89e-05 0.0004892 
5570000 5570 1000.0 9284707.553 2007.878 19.816 0 0 0 4.54e-05 0.0004544 
5580000 5580 1000.0 9304792.112 2007.268 19.833 0 0 0 4.67e-05 0.0004667 
5590000 5590 1000.0 9325634.798 2021.58 19.8428 0 0 0 4.63e-05 0.000463 
5600000 5600 1000.0 9346628.943 2035.42 19.8854 0 0 0 4.61e-05 0.0004611 
5610000 5610 1000.0 9365595.29 2010.086 19.9041 0 0 0 4.7e-05 0.0004705 
5620000 5620 1000.0 9385154.495 1999.788 19.8899 0 0 0 4.66e-05 0.0004662 
5630000 5630 1000.0 9406142.505 2017.551 19.9193 0 0 0 4.6e-05 0.0004596 
5640000 5640 1000.0 9426308.548 2017.656 19.9191 0 0 0 4.84e-05 0.0004841 
5650000 5650 1000.0 9447804.651 2042.202 19.8913 0 0 0 4.9e-05 0.0004895 
5660000 5660 1000.0 9469574.292 2066.296 19.918 0 0 0 4.61e-05 0.0004614 
5670000 5670 1000.0 9490356.53 2067.973 19.8672 0 0 0 4.84e-05 0.0004839 
5680000 5680 1000.0 9509636.033 2041.73 19.8606 0 0 0 4.88e-05 0.0004877 
5690000 5690 1000.0 9530633.021 2052.876 19.8561 0 0 0 4.7e-05 0.0004703 
5700000 5700 1000.0 9552539.959 2078.01 19.862 0 0 0 4.79e-05 0.0004786 
5710000 5710 1000.0 9573769.966 2086.353 19.8617 0 0 0 4.59e-05 0.0004588 
5720000 5720 1000.0 9595110.611 2095.194 19.8487 0 0 0 4.58e-05 0.0004581 
5730000 5730 1000.0 9616841.303 2108.992 19.8324 0 0 0 4.58e-05 0.0004581 
5740000 5740 1000.0 9637709.589 2105.104 19.811 0 0 0 4.49e-05 0.0004491 
5750000 5750 1000.0 9657961.942 2091.022 19.8418 0 0 0 4.31e-05 0.0004312 
5760000 5760 1000.0 9678942.207 2091.943 19.8072 0 0 0 4.31e-05 0.0004315 
5770000 5770 1000.0 9699700.343 2088.043 19.7022 0 0 0 4.52e-05 0.0004522 
5780000 5780 1000.0 9720531.017 2087.593 19.5793 0 0 0 4.37e-05 0.0004369 
5790000 5790 1000.0 9741655.26 2092.066 19.5923 0 0 0 4.29e-05 0.0004288 
5800000 5800 1000.0 9762261.438 2085.991 19.5161 0 0 0 4.23e-05 0.0004232 
5810000 5810 1000.0 9781497.897 2056.224 19.5253 0 0 0 4.26e-05 0.0004261 
5820000 5820 1000.0 9800283.028 2024.658 19.5458 0 0 0 4.2e-05 0.0004201 
5830000 5830 1000.0 9819905.962 2013.093 19.5717 0 0 0 3.95e-05 0.0003949 
5840000 5840 1000.0 9839580.795 2003.774 19.6134 0 0 0 4.22e-05 0.0004218 
5850000 5850 1000.0 9860049.012 2011.643 19.6436 0 0 0 4.1e-05 0.0004102 
5860000 5860 1000.0 9880462.907 2016.315 19.6533 0 0 0 4.04e-05 0.0004038 
5870000 5870 1000.0 9900956.301 2022.3 19.6591 0 0 0 4.08e-05 0.0004076 
5880000 5880 1000.0 9921475.516 2027.005 19.7366 0 0 0 4.03e-05 0.0004033 
5890000 5890 1000.0 9941972.849 2031.585 19.7316 0 0 0 3.86e-05 0.000386 
5900000 5900 1000.0 9963616.357 2056.023 19.6824 0 0 0 3.93e-05 0.0003925 
5910000 5910 1000.0 9985001.342 2070.717 19.675 0 0 0 3.88e-05 0.0003881 
5920000 5920 1000.0 10004843.254 2055.115 19.6055 0 0 0 3.93e-05 0.0003932 
5930000 5930 1000.0 10024771.609 2044.593 19.5334 0 0 0 4.02e-05 0.0004023 
5940000 5940 1000.0 10043040.793 2004.334 19.5377 0 0 0 4.02e-05 0.0004021 
5950000 5950 1000.0 10062789.301 1998.947 19.5406 0 0 0 4.24e-05 0.0004241 
5960000 5960 1000.0 10083329.673 2008.625 19.6352 0 0 0 4.1e-05 0.0004098 
5970000 5970 1000.0 10104121.923 2021.078 19.6586 0 0 0 4.02e-05 0.0004022 
5980000 5980 1000.0 10125633.956 2045.455 19.6256 0 0 0 4.04e-05 0.000404 
5990000 5990 1000.0 10146268.228 2049.101 19.6977 0 0 0 3.99e-05 0.0003989 
6000000 6000 1000.0 10167388.792 2060.799 18.6477 0 0 0 3.88e-05 0.0003878 
