0 0 0.0 0.0 0.0 0.0 0 2.0 0.0 
1000 1 7.72 54.2 0.084 0.7956 1 3276.0 120.9 
2000 3 32.993 186.267 2.549 3.3401 3 8615.0 603.839 
3000 6 53.014 356.467 5.833 5.3609 6 13697.0 938.2526 
4000 10 68.869 607.6 10.212 6.9927 10 20544.0 1195.0332 
5000 16 83.028 889.333 15.399 8.5072 16 28002.0 1325.5987 
6000 19 97.301 1112.267 18.652 9.9546 19 34098.0 1497.1955 
7000 23 107.269 1381.733 21.889 10.9752 23 40709.0 1507.1067 
8000 27 114.709 1679.8 24.961 11.7842 27 48319.0 1505.9512 
9000 31 127.654 2017.0 30.375 13.0955 31 56236.0 1772.7148 
10000 35 137.713 2287.933 32.954 14.1234 35 63052.0 1727.8133 
11000 38 151.972 2492.533 36.239 15.5988 38 68169.0 1836.5469 
12000 42 158.108 2763.267 38.202 16.2654 42 75138.0 1754.3245 
13000 45 169.491 3015.533 41.181 17.4352 45 81741.0 1904.5766 
14000 48 176.071 3287.2 43.198 18.1066 48 88486.0 1896.5313 
15000 54 177.959 3644.133 45.959 18.3064 54 96832.0 1720.1118 
16000 58 182.432 3937.533 47.751 18.8055 58 104046.0 1718.2379 
17000 61 188.818 4219.2 49.963 19.4796 61 110594.0 1783.5484 
18000 66 192.822 4578.2 52.698 19.8977 66 118545.0 1772.4785 
19000 70 195.478 4880.133 53.574 20.1653 70 125863.0 1697.6534 
20000 74 198.672 5173.733 55.975 20.5005 74 132798.0 1764.6128 
21000 78 201.631 5512.067 57.138 20.8283 78 140804.0 1764.5028 
22000 82 208.715 5838.267 59.84 21.5578 82 148255.0 1893.0818 
23000 85 214.939 6106.733 61.395 22.2041 85 154840.0 1920.7886 
24000 89 214.742 6418.667 62.0 22.2006 89 162470.0 1838.0573 
25000 92 218.92 6694.067 63.276 22.6404 92 168692.0 1870.6728 
26000 97 223.169 7035.467 64.976 23.0735 97 176516.0 1845.9028 
27000 100 229.454 7355.867 67.813 23.7242 100 184021.0 2064.7991 
28000 102 234.403 7624.667 68.69 24.2402 102 190565.0 2119.9573 
29000 104 247.772 7828.667 70.088 25.6569 104 195520.0 2186.7354 
30000 109 246.164 8119.667 70.108 25.4921 109 202828.0 2002.151 
31000 113 248.051 8448.0 71.77 25.7443 113 210536.0 2026.2342 
32000 115 247.639 8712.2 71.37 25.6778 115 217388.0 1968.6197 
33000 115 247.639 8712.2 71.37 25.6778 115 217188.0 1968.6197 
34000 116 284.087 8818.133 72.716 29.4163 116 219575.0 2102.5577 
35000 119 291.154 9046.467 73.541 30.1378 119 225418.0 2110.7266 
36000 122 295.926 9396.533 76.615 30.6667 122 233409.0 2300.6447 
37000 126 292.489 9698.333 77.016 30.3303 126 240451.0 2162.2628 
38000 128 298.732 9937.467 77.944 31.0221 128 247068.0 2303.0728 
39000 133 290.661 10260.667 76.91 30.2162 133 254846.0 2009.244 
40000 137 288.931 10557.733 77.14 30.0141 137 262060.0 1995.7196 
41000 140 286.807 10825.267 77.12 29.7951 140 268786.0 1953.7836 
42000 144 283.836 11179.2 76.919 29.4744 144 277169.0 1913.6969 
43000 148 282.297 11497.8 77.952 29.3999 148 284611.0 1980.7748 
44000 152 280.539 11814.067 78.597 29.2483 152 292415.0 1988.7894 
45000 156 280.476 12137.6 79.051 29.3135 156 300051.0 2001.6727 
46000 160 277.878 12452.2 79.217 29.0526 160 307717.0 1989.0614 
47000 162 285.699 12692.2 80.364 29.9273 162 313657.0 2130.7197 
48000 166 285.611 13024.0 81.42 29.866 166 321411.0 2147.632 
49000 170 279.448 13441.333 81.826 29.2459 170 330610.0 2047.6302 
50000 174 278.983 13758.667 82.652 29.1645 174 338338.0 2089.5486 
51000 177 279.645 14074.467 82.958 29.2332 177 345977.0 2106.79 
52000 181 278.378 14382.067 82.782 29.1251 181 353108.0 2036.4882 
53000 184 282.785 14702.0 84.567 29.5672 184 360410.0 2192.3079 
54000 187 287.14 14998.0 85.833 29.9815 187 367508.0 2276.5795 
55000 190 289.495 15256.2 85.733 30.2272 190 373850.0 2215.1954 
56000 193 288.289 15585.867 85.931 30.0833 193 381521.0 2193.7905 
57000 196 291.431 15855.933 86.498 30.4273 196 388178.0 2216.0512 
58000 200 291.373 16178.667 86.908 30.4427 200 395475.0 2158.7239 
59000 203 290.782 16535.067 87.54 30.3943 203 403329.0 2154.4067 
60000 207 289.454 16885.0 88.304 30.2097 207 411463.0 2195.4539 
61000 211 287.107 17195.0 87.573 30.0088 211 418712.0 2109.1412 
62000 214 288.811 17580.533 89.661 30.1734 214 427184.0 2267.8409 
63000 214 288.811 17710.067 89.661 30.1734 214 430445.0 2267.8409 
64000 219 297.592 18001.267 88.993 31.096 219 437533.0 2129.8072 
65000 223 294.725 18241.867 86.486 30.7823 223 443633.0 1906.9358 
66000 227 291.853 18576.0 86.791 30.4673 227 451656.0 1987.3208 
67000 231 289.903 18873.2 86.341 30.3005 231 458978.0 1979.9615 
68000 234 289.712 19179.267 86.326 30.2352 234 466380.0 2007.5059 
69000 238 289.849 19571.0 88.295 30.2393 238 474824.0 2152.0049 
70000 241 287.964 19911.8 87.768 30.0563 241 482615.0 2096.6446 
71000 243 297.057 20088.6 88.634 31.0484 243 487078.0 2185.6021 
72000 245 301.47 20371.667 89.571 31.5428 245 493902.0 2277.5977 
73000 248 307.554 20699.733 91.788 32.1587 248 501330.0 2425.9267 
74000 252 303.639 21012.667 90.975 31.7702 252 509022.0 2279.637 
75000 256 299.515 21381.067 91.516 31.3167 256 517251.0 2239.1393 
76000 260 294.746 21796.533 92.286 30.8574 260 526099.0 2208.2264 
77000 262 297.815 22131.333 93.69 31.1868 262 533582.0 2330.9534 
78000 266 297.037 22454.533 93.258 31.1608 266 541073.0 2217.2305 
79000 269 302.065 22740.6 94.447 31.728 269 547881.0 2305.349 
80000 272 302.015 23094.333 94.473 31.7379 272 555834.0 2297.0514 
81000 275 307.146 23364.933 95.95 32.3053 275 561897.0 2392.7555 
82000 275 307.146 23531.333 95.95 32.3053 275 565452.0 2392.7555 
83000 279 320.247 23890.333 97.993 33.7121 279 573870.0 2495.1808 
84000 283 316.253 24220.333 97.281 33.3344 283 581302.0 2328.2118 
85000 287 308.643 24606.2 96.206 32.5406 287 590155.0 2169.6994 
86000 291 303.919 25013.467 96.29 32.0859 291 599047.0 2164.0528 
87000 296 296.699 25352.467 94.952 31.3615 296 606776.0 2020.4918 
88000 297 309.805 25552.067 96.789 32.7707 297 611471.0 2259.3426 
89000 299 315.744 25848.2 98.398 33.4759 299 618695.0 2442.5075 
90000 302 313.434 26186.4 98.277 33.2843 302 626034.0 2368.354 
91000 305 315.604 26538.933 99.554 33.653 305 633844.0 2438.0161 
92000 307 317.141 26877.467 100.549 33.8352 307 641272.0 2503.983 
93000 311 321.654 27188.133 101.962 34.3916 311 648258.0 2526.0493 
94000 312 333.361 27435.133 103.71 35.6577 312 653852.0 2726.6443 
95000 315 335.744 27852.267 106.949 35.9572 315 662601.0 2877.9597 
96000 319 328.975 28225.667 105.845 35.3039 319 670736.0 2570.6776 
97000 323 322.725 28650.333 105.914 34.7643 323 679426.0 2427.6373 
98000 326 320.026 29056.733 105.886 34.5249 326 688029.0 2399.8976 
99000 330 314.386 29412.2 105.117 33.9688 330 695994.0 2292.9451 
100000 333 316.525 29717.467 105.369 34.1463 333 702864.0 2334.604 
101000 335 324.964 30018.533 107.641 35.0145 335 710014.0 2607.5392 
102000 338 320.811 30348.267 106.948 34.5506 338 717640.0 2471.8761 
103000 341 321.687 30682.467 106.268 34.6081 341 725285.0 2441.3807 
104000 343 330.963 30915.4 107.243 35.6903 343 731016.0 2591.0283 
105000 346 330.903 31272.2 107.905 35.8234 346 739232.0 2610.3407 
106000 348 335.57 31591.4 108.794 36.4921 348 746666.0 2721.2559 
107000 350 334.186 31883.4 108.781 36.3247 350 753611.0 2667.7973 
108000 354 334.959 32331.6 110.192 36.6904 354 762891.0 2664.431 
109000 358 332.603 32776.4 112.275 36.438 358 772304.0 2721.1626 
110000 361 327.367 33181.733 111.778 35.8659 361 780980.0 2580.9285 
111000 363 332.33 33516.067 113.425 36.5012 363 788535.0 2753.7621 
112000 366 341.162 33877.533 117.126 37.7698 366 796729.0 3059.3566 
113000 369 340.645 34290.933 118.314 38.0975 369 805512.0 3001.8099 
114000 370 345.613 34708.733 120.388 38.7994 370 814441.0 3190.9289 
115000 372 356.791 35047.533 124.619 40.4197 372 822187.0 3542.9524 
116000 374 362.059 35406.667 126.312 41.2722 374 830119.0 3596.9915 
117000 376 364.815 35741.667 127.408 41.7802 376 837635.0 3550.6531 
118000 378 369.051 36094.467 128.849 42.5659 378 845511.0 3576.179 
119000 379 373.21 36328.667 130.284 43.1692 379 851480.0 3676.7611 
120000 382 376.837 36683.8 130.233 43.8349 382 859583.0 3484.2549 
121000 385 383.306 37055.0 132.766 45.0657 385 867505.0 3551.1348 
122000 386 391.62 37372.4 134.235 46.1691 386 874593.0 3697.6213 
123000 388 399.746 37677.2 137.017 47.2658 388 881570.0 3848.2333 
124000 390 392.935 37978.733 134.606 46.5068 390 888641.0 3450.7289 
125000 393 391.041 38350.267 133.432 46.3827 393 897000.0 3228.3604 
126000 395 397.241 38715.467 135.839 47.2762 395 904958.0 3423.3319 
127000 397 401.555 39003.733 136.629 47.9127 397 911093.0 3390.7889 
128000 398 409.444 39233.867 138.132 48.8758 398 916489.0 3574.41 
129000 400 418.382 39603.267 140.549 50.1252 400 924413.0 3685.0821 
130000 401 424.454 39870.267 141.59 50.9546 401 930930.0 3795.8739 
131000 403 431.8 40227.4 143.984 51.9857 403 938960.0 3951.0978 
132000 405 435.627 40622.8 146.475 52.613 405 947364.0 4045.6792 
133000 407 438.829 40953.2 147.841 53.0536 407 954606.0 4017.7102 
134000 409 440.65 41341.467 148.996 53.4346 409 962982.0 4001.9553 
135000 411 442.25 41751.667 150.936 53.8119 411 971734.0 4033.4738 
136000 411 442.25 41781.867 150.936 53.8119 411 972518.0 4033.4738 
137000 411 442.25 41781.867 150.936 53.8119 411 972319.0 4033.4738 
138000 414 477.208 42200.0 152.046 58.1411 414 981154.0 3899.6224 
139000 415 479.444 42503.6 152.889 58.5513 415 988202.0 3957.2601 
140000 415 479.444 42503.6 152.889 58.5513 415 988002.0 3957.2601 
141000 416 517.775 42604.867 153.901 63.502 416 989903.0 3974.8341 
142000 418 514.317 43008.267 154.576 63.1193 418 998438.0 3916.6056 
143000 420 512.76 43398.667 155.943 63.0213 420 1006890.0 3941.9306 
144000 422 517.999 43676.667 157.7 63.6312 422 1014004.0 4115.1838 
145000 425 501.814 44111.133 155.179 61.6109 425 1023219.0 3632.277 
146000 425 501.814 44138.333 155.179 61.6109 425 1023809.0 3632.277 
147000 425 501.814 44142.133 155.179 61.6109 425 1023744.0 3632.277 
148000 426 540.758 44265.133 155.78 66.251 426 1026131.0 3679.5493 
149000 426 540.758 44265.133 155.78 66.251 426 1025931.0 3679.5493 
150000 428 573.794 44573.2 156.126 70.2183 428 1032885.0 3659.7549 
151000 429 574.138 44893.467 157.525 70.2192 429 1040143.0 3778.0794 
152000 429 574.138 44898.267 157.525 70.2192 429 1040133.0 3778.0794 
153000 429 574.138 44915.667 157.525 70.2192 429 1040422.0 3778.0794 
154000 431 611.313 45274.867 159.307 75.1251 431 1048169.0 3871.8443 
155000 433 604.073 45622.467 159.05 74.2218 433 1056217.0 3770.0639 
156000 435 605.375 45979.267 160.659 74.4992 435 1064155.0 3950.9118 
157000 438 596.91 46356.533 161.741 73.6121 438 1072706.0 3950.4137 
158000 440 588.572 46781.467 161.584 72.6343 440 1081707.0 3832.4651 
159000 443 574.512 47197.667 160.654 70.9797 443 1090658.0 3665.902 
160000 444 572.782 47499.467 161.161 70.7755 444 1097513.0 3712.7118 
161000 446 579.598 47839.667 163.194 71.715 446 1104879.0 3921.6266 
162000 447 583.266 48116.667 164.59 72.2578 447 1111341.0 4047.0639 
163000 450 575.737 48487.667 164.754 71.259 450 1119575.0 3931.0826 
164000 452 568.813 48890.333 164.218 70.4213 452 1128339.0 3833.7469 
165000 455 560.413 49250.467 164.236 69.4334 455 1136220.0 3763.8745 
166000 456 563.225 49635.067 165.731 69.849 456 1144394.0 3915.887 
167000 458 566.61 49936.467 168.01 70.403 458 1151505.0 4118.4985 
168000 459 568.058 50361.067 169.846 70.7175 459 1160296.0 4246.7487 
169000 461 562.861 50760.867 170.193 70.1513 461 1168904.0 4151.2264 
170000 463 566.373 51126.667 172.72 70.8107 463 1176714.0 4329.2934 
171000 465 565.06 51504.867 174.201 70.7568 465 1184947.0 4367.8976 
172000 466 566.199 51848.6 175.237 70.8916 466 1192420.0 4442.0079 
173000 468 568.783 52221.867 177.356 71.4244 468 1200459.0 4517.1664 
174000 470 567.727 52596.0 178.02 71.5082 470 1208569.0 4461.6448 
175000 472 565.282 52947.8 178.262 71.2432 472 1216084.0 4352.6423 
176000 473 566.097 53327.467 179.63 71.4035 473 1224162.0 4440.478 
177000 475 573.845 53594.667 181.691 72.4665 475 1230399.0 4584.2272 
178000 476 573.828 54006.067 182.865 72.5506 476 1239060.0 4637.6045 
179000 478 577.678 54337.333 184.684 73.1545 478 1246121.0 4682.0296 
180000 479 578.804 54673.733 185.078 73.3308 479 1253371.0 4653.0267 
181000 482 573.282 55072.933 185.519 72.9144 482 1261967.0 4503.0354 
182000 483 577.436 55439.133 186.828 73.4747 483 1269770.0 4603.1319 
183000 485 578.181 55786.333 188.294 73.6439 485 1277441.0 4652.3268 
184000 487 571.504 56167.4 186.878 72.7732 487 1285635.0 4378.5647 
185000 490 560.805 56507.2 183.924 71.3438 490 1293181.0 4000.3787 
186000 492 553.806 56958.6 183.14 70.5302 492 1302620.0 3914.1267 
187000 493 557.15 57243.6 184.313 71.1075 493 1309360.0 4075.1141 
188000 496 549.928 57680.4 183.231 70.3007 496 1318500.0 3941.5382 
189000 498 550.997 58079.4 185.606 70.4754 498 1326808.0 4144.2359 
190000 499 553.857 58450.4 186.754 70.9147 499 1334469.0 4236.3123 
191000 500 555.9 58746.8 187.731 71.2682 500 1341312.0 4320.5811 
192000 503 555.208 59165.4 188.266 71.4192 503 1350229.0 4319.3756 
193000 504 558.863 59533.2 189.392 71.8899 504 1357892.0 4415.838 
194000 505 564.086 59834.2 190.845 72.5995 505 1364465.0 4523.4542 
195000 507 568.828 60220.2 193.239 73.2931 507 1372660.0 4690.7879 
196000 508 571.992 60585.2 194.646 73.5817 508 1380393.0 4772.3091 
197000 510 572.05 61036.6 196.734 73.7267 510 1389585.0 4829.5904 
198000 512 574.242 61392.6 198.551 74.0597 512 1397616.0 4921.1182 
199000 513 576.457 61750.0 198.832 74.4055 513 1405288.0 4893.8064 
200000 515 575.582 62206.8 200.739 74.4673 515 1414625.0 4931.3532 
201000 517 575.36 62630.867 202.665 74.4942 517 1423514.0 4980.8361 
202000 518 577.893 62998.667 203.872 74.9225 518 1431299.0 5034.0525 
203000 520 575.701 63445.467 204.678 74.8358 520 1440530.0 4975.9025 
204000 522 575.536 63895.267 206.299 74.847 522 1449915.0 5008.031 
205000 524 573.752 64371.067 208.162 74.7189 524 1459627.0 5042.7751 
206000 525 573.417 64775.667 209.099 74.7668 525 1468118.0 5068.8976 
207000 527 575.38 65078.333 210.785 75.0106 527 1474300.0 5090.0971 
208000 529 577.569 65422.333 209.112 74.8052 529 1481578.0 4811.9286 
209000 530 578.357 65864.933 210.17 74.8917 530 1490829.0 4882.0358 
210000 532 576.072 66327.467 211.838 74.8346 532 1500455.0 4933.059 
211000 534 574.78 66800.6 213.23 74.5859 534 1510043.0 4962.5678 
212000 536 574.899 67266.4 215.052 74.8018 536 1519422.0 5029.6699 
213000 538 575.344 67701.2 217.141 75.0102 538 1528351.0 5104.1226 
214000 539 574.977 68179.8 217.554 75.035 539 1537968.0 5082.4104 
215000 541 572.336 68652.6 218.583 74.7833 541 1547394.0 5039.6524 
216000 543 569.847 69139.0 220.442 74.5692 543 1557292.0 5071.7984 
217000 545 570.344 69561.8 221.086 74.7541 545 1565984.0 5055.9367 
218000 547 569.815 70057.333 223.253 74.9064 547 1575914.0 5148.1788 
219000 548 570.798 70483.6 223.936 75.1778 548 1584784.0 5165.2609 
220000 550 570.148 70999.267 225.976 75.2841 550 1595004.0 5236.1313 
221000 552 568.113 71481.067 227.657 75.2346 552 1604650.0 5251.8664 
222000 554 570.021 71908.467 228.655 75.5554 554 1613587.0 5261.5318 
223000 556 568.4 72415.867 230.377 75.4273 556 1623767.0 5294.9707 
224000 558 567.475 72912.933 232.063 75.4962 558 1633682.0 5321.8963 
225000 559 566.625 73415.733 232.986 75.5102 559 1643667.0 5343.5067 
226000 561 567.465 73880.133 234.476 75.6724 561 1653092.0 5360.2704 
227000 563 562.668 74347.467 233.188 75.0429 563 1662608.0 5121.259 
228000 565 561.189 74833.467 233.928 74.902 565 1672561.0 5130.0098 
229000 567 558.937 75351.067 234.952 74.7158 567 1682800.0 5137.3579 
230000 569 557.472 75875.933 236.513 74.6373 569 1693214.0 5190.5799 
231000 571 557.086 76365.133 237.81 74.6243 571 1703066.0 5234.1297 
232000 573 554.988 76866.333 238.549 74.3889 573 1713262.0 5221.9151 
233000 575 551.438 77290.467 237.083 73.9039 575 1721980.0 5021.4012 
234000 577 547.875 77747.467 235.629 73.4765 577 1731389.0 4872.075 
235000 579 545.95 78275.467 236.664 73.2449 579 1741878.0 4935.2607 
236000 581 545.281 78806.267 238.404 73.2161 581 1752307.0 5050.6112 
237000 583 543.835 79346.467 239.79 73.1161 583 1762858.0 5105.9751 
238000 585 542.75 79852.867 240.807 73.1202 585 1773101.0 5150.6998 
239000 587 543.238 80306.867 241.296 73.2936 587 1782417.0 5156.9068 
240000 589 543.013 80783.867 242.088 73.1877 589 1792188.0 5186.1145 
241000 590 545.012 81239.333 242.727 73.5292 590 1801648.0 5248.1031 
242000 592 545.015 81730.133 243.888 73.607 592 1811703.0 5302.3735 
243000 594 546.829 82175.933 244.757 73.9818 594 1820944.0 5342.7525 
244000 596 546.984 82659.533 245.559 74.0619 596 1830810.0 5358.5196 
245000 598 545.967 83177.333 246.64 74.0611 598 1841176.0 5372.3808 
246000 599 545.868 83574.733 247.272 74.0553 599 1848910.0 5388.9428 
247000 601 551.313 84063.133 248.542 74.8576 601 1858713.0 5414.8536 
248000 603 544.778 84544.933 245.909 73.9593 603 1868504.0 5082.0314 
249000 605 543.32 85058.533 246.705 73.8492 605 1878716.0 5126.6955 
250000 607 543.464 85591.667 248.047 73.9037 607 1889143.0 5204.8533 
251000 609 542.631 86106.067 248.915 73.8785 609 1899327.0 5227.5412 
252000 611 541.971 86638.267 250.244 73.8067 611 1909798.0 5287.4984 
253000 613 540.824 87156.4 250.927 73.7421 613 1920173.0 5296.4237 
254000 615 536.035 87641.067 248.959 73.1313 615 1929976.0 5066.4432 
255000 616 540.174 87967.067 248.6 73.657 616 1936913.0 5042.1989 
256000 619 537.633 88417.933 247.065 73.4207 619 1946355.0 4933.096 
257000 620 537.54 88925.733 247.656 73.3978 620 1956554.0 4993.6864 
258000 622 537.751 89403.733 248.499 73.4393 622 1966202.0 5072.876 
259000 624 536.485 89922.533 248.515 73.336 624 1976491.0 5060.8295 
260000 624 536.485 89963.333 248.515 73.336 624 1977193.0 5060.8295 
261000 624 536.485 89962.333 248.515 73.336 624 1976986.0 5060.8295 
262000 626 574.434 90462.8 249.656 78.5566 626 1987016.0 5122.0819 
263000 628 572.168 90967.2 249.796 78.3224 628 1997118.0 5113.8164 
264000 630 570.395 91502.0 250.936 78.2026 630 2007689.0 5197.3112 
265000 632 567.948 92049.4 252.046 78.0219 632 2018392.0 5244.1821 
266000 634 565.93 92572.0 252.805 77.8309 634 2028859.0 5277.9875 
267000 636 564.848 93066.6 253.412 77.7547 636 2038721.0 5289.6199 
268000 638 563.433 93569.2 254.053 77.6097 638 2048678.0 5294.5621 
269000 640 560.997 94095.6 254.492 77.3836 640 2059041.0 5280.4653 
270000 642 560.202 94609.6 255.431 77.3578 642 2069301.0 5328.9169 
271000 643 559.097 95127.667 255.738 77.2139 643 2079499.0 5329.3252 
272000 645 557.621 95669.467 256.34 77.0516 645 2090123.0 5329.1634 
273000 647 558.54 96133.067 257.38 77.2604 647 2099148.0 5367.9124 
274000 650 550.494 96516.867 252.387 75.9831 650 2107432.0 4868.1221 
275000 652 537.346 96852.733 245.996 74.0591 652 2114737.0 4325.1789 
276000 654 540.688 97325.533 246.033 74.4629 654 2124341.0 4476.0049 
277000 656 539.084 97760.0 244.834 74.2852 656 2133529.0 4485.144 
278000 658 536.87 98301.6 244.655 74.1186 658 2144190.0 4564.1766 
279000 660 535.604 98841.0 246.021 74.1156 660 2154834.0 4729.4431 
280000 662 534.413 99350.6 246.224 73.9978 662 2165052.0 4804.6489 
281000 664 532.952 99886.0 247.308 73.7691 664 2175602.0 4905.3156 
282000 666 531.94 100434.0 248.224 73.7012 666 2186273.0 4986.4056 
283000 668 532.048 100956.0 249.473 73.7576 668 2196616.0 5091.7286 
284000 670 531.551 101502.8 250.832 73.7421 670 2207285.0 5178.0401 
285000 672 530.335 102028.6 251.357 73.5747 672 2217717.0 5185.8425 
286000 674 529.428 102559.2 252.115 73.5068 674 2228193.0 5213.9024 
287000 676 528.407 103103.4 252.974 73.4148 676 2238720.0 5238.751 
288000 678 527.899 103646.8 253.955 73.3388 678 2249395.0 5277.7683 
289000 680 527.204 104187.0 254.862 73.2468 680 2260027.0 5307.5423 
290000 682 526.859 104732.2 256.024 73.0939 682 2270682.0 5352.8493 
291000 684 526.83 105259.8 257.012 73.1211 684 2281156.0 5389.0479 
292000 686 525.269 105811.8 257.413 72.7365 686 2291890.0 5355.6788 
293000 687 525.224 106282.8 257.908 72.6056 687 2301182.0 5374.8109 
294000 687 525.224 106282.8 257.908 72.6056 687 2300982.0 5374.8109 
295000 688 563.759 106394.4 258.438 77.3308 688 2303007.0 5364.8298 
296000 688 563.759 106512.0 258.438 77.3308 688 2305464.0 5364.8298 
297000 688 563.759 106512.0 258.438 77.3308 688 2305264.0 5364.8298 
298000 690 600.293 106925.8 258.637 81.5433 690 2313480.0 5334.2522 
299000 692 592.987 107355.533 256.178 80.2264 692 2322135.0 5054.2143 
300000 692 592.987 107521.2 256.178 80.2264 692 2325358.0 5054.2143 
301000 692 592.987 107521.2 256.178 80.2264 692 2325158.0 5054.2143 
302000 694 631.18 107865.4 256.457 84.4012 694 2331991.0 5071.9235 
303000 694 631.18 108036.4 256.457 84.4012 694 2335473.0 5071.9235 
304000 694 631.18 108036.4 256.457 84.4012 694 2335274.0 5071.9235 
305000 696 664.798 108427.2 257.159 88.0715 696 2342783.0 5113.5881 
306000 698 658.8 108965.0 257.955 86.9846 698 2353340.0 5174.1963 
307000 700 653.283 109495.0 258.723 86.0478 700 2363758.0 5223.449 
308000 702 649.21 109968.8 259.002 85.2904 702 2373286.0 5239.8737 
309000 704 639.343 110474.8 256.561 83.8222 704 2383440.0 5016.4477 
310000 705 638.256 110896.8 256.862 83.6245 705 2392177.0 5066.3029 
311000 705 638.256 110896.8 256.862 83.6245 705 2391977.0 5066.3029 
312000 706 674.751 110994.2 257.129 88.2948 706 2393690.0 5080.5726 
313000 708 669.424 111496.133 257.881 87.6469 708 2403798.0 5165.0038 
314000 709 666.675 111949.533 258.271 87.2219 709 2412933.0 5202.5035 
315000 711 664.771 112432.133 258.516 87.0472 711 2422519.0 5224.9378 
316000 713 660.815 112902.867 258.944 86.8149 713 2432244.0 5284.3096 
317000 715 655.739 113385.467 259.088 86.3596 715 2442085.0 5289.3108 
318000 717 650.339 113878.467 259.082 85.718 717 2452267.0 5295.4417 
319000 718 649.272 114359.067 259.238 85.6618 718 2462056.0 5313.6976 
320000 720 644.744 114878.667 259.803 85.3276 720 2472458.0 5356.465 
321000 722 639.764 115405.533 260.531 84.8851 722 2483016.0 5390.9567 
322000 724 637.652 115845.733 260.736 84.695 724 2492049.0 5396.2249 
323000 726 632.367 116385.333 261.02 84.1185 726 2502678.0 5385.3322 
324000 728 627.99 116912.133 261.586 83.6695 728 2513105.0 5393.0291 
