1000 6 14.432 23.0 0.28 0.6766 2 364.0 24.73 
2000 12 35.874 41.0 0.733 1.7198 4 658.0 56.6613 
3000 16 48.04 64.0 1.007 2.333 5 994.0 67.6952 
4000 23 63.888 76.0 1.203 3.1223 8 1303.0 90.2568 
5000 29 73.413 88.0 1.262 3.582 10 1462.0 87.088 
6000 34 88.354 110.0 1.602 4.3015 11 1762.0 102.0792 
7000 38 101.234 127.0 1.816 4.974 13 2028.0 116.0641 
8000 45 105.293 135.0 1.724 5.159 16 2247.0 103.4028 
9000 48 117.255 145.0 1.801 5.7292 17 2459.0 113.7625 
10000 51 130.733 154.0 1.889 6.4259 18 2861.0 143.0862 
11000 57 133.47 159.0 1.748 6.5685 20 3025.0 130.4799 
12000 61 143.886 177.0 1.926 7.0559 22 3257.0 125.0187 
13000 67 146.625 191.0 1.981 7.1649 24 3486.0 121.5451 
14000 73 148.616 213.0 2.154 7.3043 26 3810.0 129.5816 
15000 79 152.442 228.0 2.25 7.4803 28 4244.0 147.4911 
16000 87 147.308 238.0 2.08 7.2065 31 4587.0 138.013 
17000 92 150.825 257.0 2.221 7.4046 33 4867.0 137.5705 
18000 97 155.219 279.0 2.437 7.6218 34 5452.0 132.0135 
19000 103 157.816 301.0 2.617 7.7202 36 5721.0 172.6609 
20000 107 166.649 319.0 2.767 8.1905 38 6028.0 164.7353 
21000 113 164.288 340.0 2.794 8.07 40 6372.0 166.2656 
22000 119 165.837 366.0 2.988 8.1145 42 6816.0 176.3552 
23000 123 172.366 391.0 3.279 8.4503 43 7287.0 195.9196 
24000 129 171.441 423.0 3.463 8.4136 46 7802.0 196.3374 
25000 135 171.989 451.0 3.657 8.4208 48 8326.0 210.7633 
26000 141 170.866 480.0 3.771 8.3489 50 8830.0 217.9483 
27000 146 171.262 510.0 3.868 8.3974 52 9335.0 227.3681 
28000 152 171.551 544.0 4.112 8.3901 54 9905.0 230.5982 
29000 158 172.066 572.0 4.232 8.4165 56 10394.0 237.6145 
30000 163 172.27 601.0 4.264 8.4374 58 10919.0 243.1978 
31000 169 172.724 627.0 4.343 8.4634 60 11383.0 247.7202 
32000 175 171.273 662.0 4.455 8.3682 62 11963.0 238.0833 
33000 181 171.839 689.0 4.516 8.4362 64 12427.0 243.5775 
34000 187 172.305 716.0 4.571 8.4335 66 12926.0 248.0278 
35000 192 172.506 746.0 4.57 8.4358 68 13456.0 251.6325 
36000 198 171.04 779.0 4.656 8.376 70 13991.0 241.2523 
37000 203 177.74 798.0 4.748 8.7069 72 14551.0 273.6444 
38000 209 176.255 826.0 4.732 8.6285 74 15050.0 268.882 
39000 215 173.523 854.0 4.665 8.484 76 15524.0 261.7744 
40000 220 174.94 879.0 4.654 8.6161 77 16140.0 281.8969 
41000 226 175.233 910.0 4.713 8.6165 79 16689.0 272.0665 
42000 231 175.358 937.0 4.705 8.6018 81 17139.0 263.7039 
43000 238 174.852 965.0 4.784 8.5741 83 17647.0 261.7301 
44000 244 172.869 994.0 4.777 8.5254 85 18157.0 258.3314 
45000 250 173.081 1021.0 4.769 8.5102 87 18646.0 259.9784 
46000 255 172.427 1055.0 4.791 8.4615 89 19231.0 263.7125 
47000 259 172.792 1076.0 4.827 8.4808 90 19802.0 264.0413 
48000 265 177.998 1101.0 4.798 8.7539 93 20352.0 279.4531 
49000 271 177.019 1130.0 4.836 8.6899 95 20876.0 279.587 
50000 277 175.211 1158.0 4.757 8.5921 97 21410.0 272.2455 
51000 282 175.487 1183.0 4.837 8.6435 98 22050.0 271.7209 
52000 286 185.478 1205.0 4.96 9.1358 100 22627.0 316.364 
53000 292 181.263 1237.0 4.883 8.9125 102 23156.0 300.3348 
54000 296 180.774 1258.0 4.909 8.8658 103 23557.0 297.0013 
55000 302 186.078 1283.0 4.9 9.1681 105 24001.0 289.9511 
56000 308 183.515 1308.0 4.833 9.0208 108 24431.0 261.0513 
57000 314 182.608 1337.0 4.847 8.9504 110 24960.0 262.1816 
58000 319 181.843 1367.0 4.9 8.9553 111 25505.0 264.1634 
59000 322 193.053 1388.0 5.08 9.4817 112 26262.0 317.4471 
60000 324 196.118 1403.0 5.057 9.6377 113 26691.0 336.5024 
61000 329 201.921 1431.0 5.066 9.9118 115 27191.0 322.8469 
62000 335 198.474 1457.0 5.034 9.7856 117 27680.0 313.736 
63000 341 195.899 1484.0 5.025 9.6344 119 28169.0 304.8562 
64000 346 194.921 1518.0 5.132 9.5617 121 28715.0 296.0435 
65000 352 192.274 1545.0 5.094 9.4347 123 29264.0 291.8752 
66000 358 189.998 1572.0 5.059 9.3572 125 29778.0 288.6489 
67000 362 194.654 1593.0 5.037 9.5548 126 30089.0 277.984 
68000 369 189.213 1620.0 4.94 9.29 129 30603.0 250.9774 
69000 373 193.893 1645.0 5.042 9.5661 130 31234.0 278.0796 
70000 375 204.49 1661.0 5.118 10.062 131 31867.0 329.9717 
71000 379 207.855 1673.0 4.998 10.1975 132 32098.0 304.1745 
72000 384 199.5 1693.0 4.824 9.7775 134 32404.0 281.3613 
73000 390 203.768 1722.0 4.883 10.0135 136 32933.0 270.4827 
74000 396 200.209 1752.0 4.916 9.8382 138 33472.0 271.071 
75000 402 195.027 1781.0 4.854 9.5705 140 33976.0 263.6475 
76000 408 192.061 1813.0 4.909 9.4685 143 34471.0 248.436 
77000 414 190.271 1840.0 4.919 9.3492 145 34985.0 251.9632 
78000 420 187.408 1869.0 4.891 9.1981 147 35489.0 251.6702 
79000 425 186.1 1899.0 4.88 9.1205 149 35999.0 255.5828 
80000 429 185.074 1928.0 5.025 9.1225 150 36691.0 252.4246 
81000 434 195.004 1953.0 5.192 9.5807 152 37296.0 301.1439 
82000 440 191.239 1979.0 5.071 9.3829 154 37760.0 290.6066 
83000 444 195.708 1999.0 5.088 9.637 155 38106.0 282.2459 
84000 450 189.831 2027.0 4.935 9.3598 158 38626.0 253.9393 
85000 456 189.287 2051.0 4.92 9.3165 160 39050.0 258.1208 
86000 460 194.541 2067.0 4.868 9.5522 161 39391.0 254.0087 
87000 462 198.374 2083.0 4.873 9.7612 162 39859.0 280.3078 
88000 467 203.182 2112.0 4.961 10.0107 164 40395.0 271.0094 
89000 473 199.806 2138.0 4.927 9.8195 166 40814.0 272.1976 
90000 476 207.773 2155.0 4.951 10.2021 167 41171.0 270.1778 
91000 483 201.422 2184.0 4.941 9.9156 169 41689.0 267.024 
92000 487 203.147 2204.0 4.868 9.9897 171 42021.0 266.9595 
93000 493 199.477 2234.0 4.896 9.7888 173 42605.0 270.2672 
94000 498 198.174 2260.0 4.925 9.7384 174 43050.0 267.9405 
95000 503 199.16 2290.0 4.986 9.8057 176 43560.0 271.5118 
96000 507 203.713 2308.0 5.024 10.003 178 43862.0 264.5845 
97000 513 197.984 2337.0 4.919 9.7053 180 44366.0 257.2935 
98000 518 200.946 2351.0 4.808 9.8795 181 44651.0 257.2641 
99000 524 196.548 2374.0 4.693 9.6512 184 45031.0 229.1675 
100000 527 201.824 2394.0 4.649 9.901 185 45358.0 228.4508 
101000 531 197.222 2409.0 4.559 9.6676 186 45619.0 221.8057 
102000 534 207.541 2421.0 4.621 10.1939 187 46056.0 231.8251 
103000 541 205.869 2449.0 4.583 10.0805 190 46515.0 234.5475 
104000 544 211.474 2471.0 4.644 10.3444 191 47067.0 258.7928 
105000 550 206.169 2501.0 4.647 10.1254 193 47601.0 259.3021 
106000 556 204.592 2525.0 4.724 10.0225 195 48055.0 262.4147 
107000 564 190.825 2540.0 4.278 9.3318 198 48343.0 215.9223 
108000 566 201.126 2570.0 4.579 9.8458 199 49031.0 247.7301 
109000 572 200.121 2582.0 4.396 9.8048 201 49195.0 227.1914 
110000 578 194.274 2596.0 4.143 9.5021 203 49439.0 207.055 
111000 585 187.17 2607.0 3.765 9.1505 206 49653.0 170.3851 
112000 592 182.579 2629.0 3.713 8.9491 208 49996.0 170.3419 
113000 597 182.705 2655.0 3.777 8.9432 210 50481.0 179.857 
114000 602 183.297 2675.0 3.779 8.9725 211 51066.0 183.0713 
115000 607 188.384 2700.0 4.025 9.2489 213 51737.0 244.8677 
116000 611 188.706 2720.0 4.043 9.2919 214 52118.0 245.581 
117000 618 186.394 2742.0 3.963 9.1401 217 52536.0 235.2705 
118000 623 187.78 2764.0 4.028 9.194 218 52981.0 232.9435 
119000 630 182.322 2790.0 3.993 8.9578 221 53440.0 222.1728 
120000 635 180.054 2812.0 3.878 8.8738 223 53870.0 220.24 
121000 639 184.49 2835.0 4.056 9.0804 224 54501.0 251.416 
122000 643 187.593 2855.0 4.086 9.211 225 54887.0 263.4744 
123000 650 186.989 2877.0 4.113 9.2134 228 55281.0 237.7898 
124000 657 181.774 2898.0 3.926 8.9645 230 55654.0 228.6897 
125000 662 180.487 2922.0 3.935 8.8713 232 56089.0 222.1187 
126000 668 181.416 2949.0 4.075 8.8974 234 56588.0 236.2461 
127000 675 174.983 2967.0 3.839 8.6261 237 56872.0 192.5454 
128000 677 179.109 2995.0 4.105 8.8319 238 57410.0 222.4909 
129000 680 197.371 3008.0 4.25 9.6978 239 57672.0 238.9418 
130000 684 199.805 3034.0 4.364 9.7945 240 58133.0 250.7476 
131000 691 195.085 3058.0 4.361 9.601 243 58567.0 232.567 
132000 694 202.047 3074.0 4.394 9.9282 244 59034.0 255.5103 
133000 701 191.224 3103.0 4.25 9.3928 246 59517.0 232.2934 
134000 708 187.707 3127.0 4.277 9.2052 248 59985.0 232.5376 
135000 715 181.87 3153.0 4.19 8.9693 251 60394.0 209.8019 
136000 721 180.638 3174.0 4.129 8.8883 253 60733.0 202.6196 
137000 724 186.23 3195.0 4.257 9.1366 254 61100.0 208.0576 
138000 731 182.328 3220.0 4.165 8.9511 257 61533.0 213.186 
139000 738 176.458 3242.0 4.071 8.7011 259 61907.0 195.1607 
140000 743 179.712 3264.0 4.062 8.863 261 62267.0 199.8101 
141000 747 185.566 3289.0 4.255 9.1293 262 62688.0 201.5291 
142000 753 180.981 3318.0 4.226 8.8834 264 63192.0 214.4186 
143000 759 179.992 3340.0 4.275 8.8759 266 63602.0 219.8091 
144000 763 187.587 3360.0 4.316 9.2145 268 63928.0 224.3253 
145000 766 193.698 3390.0 4.513 9.4969 269 64645.0 262.5928 
146000 771 195.303 3425.0 4.848 9.6122 270 65285.0 284.0335 
147000 778 188.476 3451.0 4.7 9.281 273 65724.0 248.1274 
148000 785 184.215 3481.0 4.702 9.0559 276 66312.0 255.3569 
149000 788 191.217 3512.0 4.958 9.3897 277 66834.0 279.5212 
150000 795 186.97 3537.0 4.848 9.2129 279 67382.0 270.1422 
151000 801 180.781 3574.0 4.831 8.918 281 68012.0 253.7952 
152000 805 186.929 3602.0 5.035 9.1986 283 68683.0 295.0541 
153000 812 183.252 3630.0 5.008 8.986 285 69261.0 290.3738 
154000 817 183.937 3661.0 5.087 9.0751 287 69751.0 291.5328 
155000 825 175.782 3691.0 4.881 8.6521 290 70239.0 250.3544 
156000 830 178.436 3717.0 4.946 8.7612 292 70729.0 255.8171 
157000 835 180.754 3741.0 4.953 8.8943 293 71149.0 250.4354 
158000 839 183.394 3775.0 5.078 9.0478 295 71720.0 268.0826 
159000 844 183.633 3812.0 5.282 9.0386 296 72286.0 274.5744 
160000 849 187.483 3844.0 5.48 9.2156 298 72831.0 292.6852 
161000 854 189.177 3868.0 5.429 9.3205 300 73456.0 305.605 
162000 858 191.03 3907.0 5.607 9.3958 301 74087.0 314.7445 
163000 864 190.7 3933.0 5.609 9.3582 304 74512.0 288.8058 
164000 869 192.439 3963.0 5.703 9.4189 305 75037.0 294.1252 
165000 874 191.901 3992.0 5.599 9.4502 307 75527.0 287.5714 
166000 878 196.125 4026.0 5.826 9.6285 308 76118.0 296.0143 
167000 882 196.441 4048.0 5.763 9.6411 310 76540.0 281.8016 
168000 887 202.245 4075.0 5.856 9.9179 312 77000.0 294.7393 
169000 892 202.329 4097.0 5.735 9.9377 314 77375.0 285.9188 
170000 896 202.766 4130.0 5.829 9.9341 315 77881.0 299.5269 
171000 900 207.355 4156.0 5.877 10.1365 317 78478.0 301.7768 
172000 905 206.054 4187.0 5.949 10.1206 318 79043.0 300.7991 
173000 910 206.357 4220.0 5.973 10.1289 320 79603.0 311.8273 
174000 913 212.249 4251.0 6.185 10.3908 321 80175.0 332.3446 
175000 917 216.287 4287.0 6.434 10.6044 323 80722.0 337.2591 
176000 919 219.07 4315.0 6.677 10.7478 323 81265.0 337.2591 
177000 924 226.165 4344.0 6.682 11.074 325 81725.0 358.5599 
178000 929 224.373 4377.0 6.731 10.9739 327 82315.0 359.7635 
179000 934 222.395 4406.0 6.645 10.9294 329 83001.0 359.1184 
180000 937 217.839 4434.0 6.49 10.6947 330 83443.0 343.4066 
181000 942 224.472 4466.0 6.679 11.0078 332 84003.0 348.5293 
182000 946 225.142 4492.0 6.765 11.0326 333 84449.0 345.3764 
183000 950 226.993 4526.0 6.744 11.1664 335 84966.0 337.4649 
184000 954 231.664 4550.0 6.823 11.3674 336 85402.0 334.9184 
185000 958 230.648 4580.0 6.775 11.3055 338 85908.0 334.4539 
186000 962 232.797 4609.0 6.829 11.4272 339 86584.0 355.7085 
187000 968 223.94 4632.0 6.453 11.0099 342 86944.0 303.0385 
188000 972 229.148 4650.0 6.437 11.2316 343 87285.0 301.4347 
189000 977 225.762 4683.0 6.41 11.0606 345 87875.0 311.4421 
190000 981 227.141 4714.0 6.47 11.1469 346 88376.0 317.4979 
191000 983 236.378 4745.0 6.771 11.591 348 89020.0 325.1333 
192000 988 234.398 4766.0 6.653 11.4821 349 89395.0 326.3199 
193000 992 227.247 4792.0 6.371 11.1168 351 89811.0 296.9992 
194000 998 228.988 4815.0 6.331 11.2528 353 90260.0 300.6993 
195000 1000 234.626 4850.0 6.52 11.5192 355 90734.0 274.8664 
196000 1003 240.261 4877.0 6.68 11.7669 356 91206.0 297.0798 
197000 1006 241.442 4903.0 6.717 11.8433 357 91698.0 306.5718 
198000 1011 244.588 4934.0 6.866 12.0154 359 92203.0 301.5332 
199000 1016 236.457 4971.0 6.788 11.616 361 92774.0 279.8519 
200000 1021 238.768 4999.0 6.896 11.7034 363 93344.0 315.91 
201000 1023 239.162 5033.0 6.98 11.7433 363 94142.0 315.91 
202000 1026 249.62 5072.0 7.374 12.2563 365 94749.0 371.9171 
203000 1028 255.064 5106.0 7.756 12.5078 366 95348.0 351.2254 
204000 1034 253.381 5134.0 7.634 12.4272 368 95827.0 358.9226 
205000 1041 238.327 5154.0 7.039 11.6982 370 96120.0 336.8073 
206000 1046 235.265 5178.0 6.825 11.5257 373 96631.0 297.7395 
207000 1049 236.618 5205.0 6.718 11.5781 374 96998.0 291.6656 
208000 1053 237.089 5227.0 6.696 11.6048 375 97394.0 292.699 
209000 1058 233.477 5260.0 6.601 11.4344 377 98064.0 310.9662 
210000 1062 238.407 5289.0 6.856 11.6615 379 98736.0 323.9126 
211000 1064 247.109 5322.0 7.212 12.0856 379 99359.0 323.9126 
212000 1068 239.568 5351.0 6.825 11.7524 381 100005.0 331.6992 
213000 1072 250.647 5377.0 7.23 12.2624 382 100476.0 355.2293 
214000 1075 253.979 5401.0 7.217 12.4067 384 100854.0 359.9557 
215000 1080 247.659 5435.0 7.161 12.1357 385 101394.0 341.6602 
216000 1085 245.217 5457.0 6.958 12.0148 387 101734.0 336.3247 
217000 1089 242.569 5487.0 6.943 11.8628 388 102445.0 358.8923 
218000 1092 249.448 5522.0 7.201 12.2194 390 103178.0 378.3327 
219000 1093 264.159 5559.0 7.757 12.9627 391 104007.0 420.3995 
220000 1097 263.377 5586.0 7.81 12.9039 392 104503.0 418.5595 
221000 1101 262.752 5621.0 7.812 12.8567 394 105109.0 409.6132 
222000 1105 260.867 5664.0 8.0 12.7921 396 105711.0 387.0667 
223000 1106 267.59 5701.0 8.26 13.1159 397 106475.0 398.76 
224000 1110 272.54 5736.0 8.516 13.3277 399 107046.0 392.8556 
225000 1113 269.386 5776.0 8.485 13.1747 400 107858.0 393.2701 
226000 1116 280.538 5800.0 8.799 13.7698 401 108281.0 443.2431 
227000 1120 277.406 5832.0 8.776 13.6079 402 108792.0 424.2187 
228000 1123 282.739 5860.0 8.863 13.8414 404 109434.0 433.7472 
229000 1126 284.006 5895.0 8.887 13.9286 405 110036.0 439.5725 
230000 1132 270.065 5926.0 8.469 13.2344 407 110581.0 407.1837 
231000 1136 267.721 5958.0 8.509 13.1139 408 111127.0 407.1653 
232000 1138 270.93 5990.0 8.489 13.2712 409 111710.0 420.6488 
233000 1141 275.942 6023.0 8.546 13.5174 410 112477.0 450.7839 
234000 1144 283.635 6054.0 8.919 13.8783 412 112980.0 431.705 
235000 1145 293.122 6096.0 9.38 14.3359 413 113859.0 459.9345 
236000 1148 296.868 6123.0 9.446 14.542 414 114336.0 473.641 
237000 1149 305.931 6163.0 9.797 14.97 415 115055.0 470.6769 
238000 1151 321.486 6198.0 10.475 15.7001 417 115579.0 460.1583 
239000 1154 324.418 6223.0 10.476 15.8939 418 116066.0 473.8425 
240000 1155 339.149 6251.0 10.887 16.5879 419 116745.0 496.3582 
241000 1156 350.866 6286.0 11.289 17.1583 420 117509.0 519.6224 
242000 1159 347.279 6322.0 11.246 16.9783 421 118137.0 524.4602 
243000 1160 357.454 6363.0 11.602 17.5196 422 118986.0 537.4141 
244000 1163 354.926 6397.0 11.538 17.3857 423 119778.0 543.8727 
245000 1166 354.696 6424.0 11.495 17.3529 424 120485.0 586.1855 
246000 1170 348.77 6457.0 11.365 17.1059 426 120977.0 530.3902 
247000 1171 365.895 6492.0 12.037 17.9256 426 121591.0 530.3902 
248000 1173 358.876 6530.0 11.76 17.5724 427 122239.0 574.0512 
249000 1177 360.646 6563.0 11.945 17.6557 428 123055.0 587.3461 
250000 1180 356.146 6595.0 11.691 17.4722 430 123578.0 557.8803 
251000 1182 360.149 6628.0 11.778 17.6449 431 124116.0 547.8923 
252000 1185 359.866 6652.0 11.606 17.6015 432 124558.0 540.3031 
253000 1188 358.682 6683.0 11.545 17.575 433 125300.0 562.9728 
254000 1191 358.623 6711.0 11.562 17.5785 434 125943.0 578.0755 
255000 1195 351.354 6743.0 11.345 17.1939 436 126689.0 542.2211 
256000 1197 348.527 6773.0 11.17 17.0393 437 127157.0 518.699 
257000 1199 361.708 6807.0 11.62 17.764 439 127695.0 489.1562 
258000 1204 349.067 6833.0 11.151 17.1278 441 128136.0 432.4965 
259000 1206 343.952 6859.0 10.827 16.8747 442 128569.0 414.4469 
260000 1209 347.772 6888.0 10.954 17.0531 443 129121.0 409.8022 
261000 1211 356.757 6911.0 11.114 17.525 444 129539.0 430.122 
262000 1215 350.561 6934.0 10.713 17.206 446 129966.0 400.7788 
263000 1218 349.472 6962.0 10.643 17.1423 447 130518.0 420.4009 
264000 1220 348.55 6996.0 10.675 17.1124 448 131066.0 416.1608 
265000 1224 348.2 7028.0 10.701 17.1116 450 131722.0 406.7603 
266000 1228 339.073 7060.0 10.454 16.6465 452 132204.0 378.1458 
267000 1232 330.652 7095.0 10.214 16.221 454 132790.0 367.8281 
268000 1235 331.742 7128.0 10.376 16.3112 455 133332.0 364.8453 
269000 1239 327.919 7151.0 10.066 16.1126 457 133788.0 367.1447 
270000 1241 327.889 7187.0 10.06 16.0965 459 134257.0 321.6472 
271000 1243 337.024 7225.0 10.474 16.5624 461 134835.0 321.3942 
272000 1246 333.098 7253.0 10.442 16.3898 462 135497.0 342.5548 
273000 1249 338.381 7286.0 10.514 16.6236 464 136014.0 345.3894 
274000 1251 340.491 7328.0 10.809 16.7081 466 136618.0 326.7254 
275000 1253 351.102 7366.0 11.272 17.2658 468 137231.0 333.4576 
276000 1255 359.588 7391.0 11.476 17.6713 469 137759.0 359.9118 
277000 1259 346.884 7424.0 11.148 17.0312 470 138235.0 349.6206 
278000 1262 343.129 7461.0 11.06 16.8214 472 138948.0 359.4627 
279000 1264 353.773 7491.0 11.268 17.3851 473 139511.0 383.8164 
280000 1266 361.427 7526.0 11.673 17.7404 475 140084.0 372.2513 
281000 1267 365.058 7569.0 11.92 17.904 476 140943.0 373.9262 
282000 1271 362.882 7604.0 12.016 17.8298 477 141535.0 426.3336 
283000 1275 351.712 7636.0 11.53 17.2697 478 142156.0 423.9002 
284000 1277 354.095 7679.0 11.749 17.3763 480 142824.0 417.5892 
285000 1280 353.058 7708.0 11.676 17.3085 481 143556.0 412.2303 
286000 1284 345.266 7742.0 11.444 16.953 483 144028.0 420.4865 
287000 1286 354.906 7781.0 11.803 17.4184 485 144611.0 399.4041 
288000 1288 364.204 7801.0 11.987 17.8479 486 145064.0 419.2637 
289000 1290 362.037 7843.0 11.905 17.744 487 145717.0 409.1373 
290000 1292 370.414 7872.0 12.239 18.209 488 146201.0 432.2236 
291000 1296 362.941 7908.0 12.01 17.8361 490 146937.0 430.4311 
292000 1298 368.453 7942.0 12.191 18.0728 491 147555.0 447.188 
293000 1301 364.599 7963.0 12.017 17.9054 492 147922.0 436.2692 
294000 1304 359.456 8012.0 11.882 17.6721 494 149020.0 417.208 
295000 1307 364.437 8039.0 12.097 17.8834 496 149472.0 428.6985 
296000 1308 367.788 8079.0 12.255 18.0515 497 150106.0 415.2287 
297000 1312 367.392 8106.0 12.227 18.0446 499 150587.0 415.7552 
298000 1315 361.798 8141.0 12.091 17.762 501 151115.0 367.0217 
299000 1318 363.692 8176.0 12.13 17.8319 503 151882.0 385.6676 
300000 1321 359.067 8209.0 11.866 17.5959 504 152429.0 388.8008 
301000 1325 354.278 8231.0 11.638 17.396 505 152865.0 389.1208 
302000 1327 351.843 8271.0 11.536 17.2532 506 153569.0 407.5087 
303000 1329 359.587 8312.0 11.968 17.6196 508 154362.0 415.892 
304000 1331 368.951 8346.0 12.486 18.0954 509 154995.0 408.7028 
305000 1333 374.195 8380.0 12.468 18.3468 510 155548.0 462.5325 
306000 1335 373.248 8424.0 12.665 18.28 512 156192.0 417.2114 
307000 1339 369.51 8455.0 12.609 18.1012 514 156743.0 415.9112 
308000 1342 363.985 8492.0 12.414 17.8557 515 157570.0 416.1201 
309000 1345 364.521 8527.0 12.406 17.8807 517 158102.0 416.6273 
310000 1349 353.029 8560.0 12.074 17.3043 519 158784.0 372.0281 
311000 1352 352.946 8594.0 11.966 17.2922 521 159281.0 373.3627 
312000 1355 353.509 8625.0 12.049 17.3776 522 160003.0 362.3265 
313000 1359 345.173 8656.0 11.611 16.9395 524 160669.0 401.5044 
314000 1364 334.542 8687.0 11.29 16.3936 526 161250.0 358.2486 
315000 1366 328.897 8718.0 11.142 16.1085 527 161973.0 357.2237 
316000 1369 340.79 8740.0 11.228 16.7292 528 162375.0 417.2014 
317000 1371 343.862 8773.0 11.22 16.851 529 162918.0 432.6812 
318000 1375 339.197 8815.0 11.344 16.6002 531 163840.0 415.6318 
319000 1377 346.371 8843.0 11.494 17.0036 533 164493.0 430.0918 
320000 1379 350.759 8879.0 11.634 17.194 534 165586.0 491.8826 
321000 1379 350.759 8911.0 11.634 17.194 534 166376.0 491.8826 
322000 1381 367.799 8956.0 12.271 18.0089 536 167025.0 496.8849 
323000 1382 378.803 8986.0 12.585 18.5859 537 167709.0 491.5964 
324000 1383 390.727 9017.0 13.013 19.1605 538 168423.0 519.8368 
325000 1385 403.322 9047.0 13.487 19.7565 540 168876.0 511.7778 
326000 1387 409.455 9088.0 13.824 20.1208 541 169530.0 487.1 
327000 1391 397.604 9122.0 13.399 19.5253 543 170256.0 492.981 
328000 1394 394.808 9154.0 13.324 19.3689 545 170813.0 464.8946 
329000 1396 391.557 9195.0 13.191 19.2061 546 171451.0 451.2051 
330000 1398 393.13 9241.0 13.479 19.2975 548 172145.0 421.2362 
331000 1399 399.068 9273.0 13.749 19.5997 549 173029.0 442.0126 
332000 1404 394.061 9307.0 13.56 19.3352 551 173664.0 475.9002 
333000 1408 384.372 9343.0 13.306 18.876 552 174260.0 468.5102 
334000 1411 372.974 9374.0 12.795 18.3056 554 174928.0 419.9132 
335000 1413 386.499 9404.0 13.219 18.9569 555 175611.0 438.2219 
336000 1417 375.227 9434.0 12.767 18.3872 557 176192.0 461.3797 
337000 1419 379.331 9465.0 12.859 18.645 557 176745.0 461.3797 
338000 1421 374.216 9503.0 12.69 18.3849 559 177274.0 446.3976 
339000 1422 383.512 9540.0 13.036 18.8106 560 178268.0 469.6578 
340000 1425 392.42 9569.0 13.364 19.2471 561 178800.0 499.492 
341000 1427 386.197 9604.0 12.973 18.9369 562 179448.0 503.7428 
342000 1429 391.912 9647.0 13.367 19.21 564 180242.0 489.0917 
343000 1431 396.081 9672.0 13.368 19.4074 565 180655.0 484.9825 
344000 1434 399.601 9703.0 13.497 19.6088 566 181402.0 512.2843 
345000 1435 414.629 9732.0 13.987 20.3406 567 182141.0 570.3559 
346000 1436 415.637 9781.0 14.127 20.3826 568 182861.0 542.8203 
347000 1436 415.637 9818.0 14.127 20.3826 568 183526.0 542.8203 
348000 1437 448.484 9853.0 15.484 22.0071 568 184140.0 542.8203 
349000 1439 455.612 9889.0 15.657 22.3229 569 184703.0 701.2382 
350000 1441 461.943 9923.0 15.986 22.6322 570 185812.0 708.6144 
351000 1443 447.759 9953.0 15.413 21.9289 571 186325.0 685.053 
352000 1446 450.195 9988.0 15.42 22.0712 573 186832.0 635.8629 
353000 1448 451.541 10021.0 15.4 22.1103 574 187420.0 623.5766 
354000 1452 442.51 10057.0 15.234 21.7033 576 188027.0 541.7071 
355000 1455 435.518 10087.0 14.893 21.3469 578 188509.0 525.0027 
356000 1458 429.671 10122.0 14.74 21.0399 579 189121.0 508.8024 
357000 1460 430.896 10143.0 14.494 21.086 580 189509.0 517.6222 
358000 1463 419.673 10181.0 14.05 20.5698 581 190322.0 492.26 
359000 1464 428.679 10206.0 14.329 20.9976 582 190746.0 520.334 
360000 1465 437.126 10244.0 14.563 21.3823 583 191420.0 511.2006 
361000 1468 442.915 10272.0 14.839 21.6982 584 191927.0 509.9805 
362000 1470 434.293 10314.0 14.551 21.2817 586 192546.0 478.2142 
363000 1473 440.78 10346.0 14.872 21.5565 588 193163.0 486.1235 
364000 1475 439.124 10376.0 14.802 21.4956 588 193691.0 486.1235 
365000 1477 445.637 10408.0 14.933 21.816 590 194449.0 516.2901 
366000 1478 443.904 10456.0 15.094 21.7239 591 195154.0 497.661 
367000 1480 459.082 10493.0 15.725 22.4533 593 196177.0 536.1654 
368000 1482 458.299 10528.0 15.693 22.4324 594 196750.0 533.8489 
369000 1485 442.852 10569.0 15.123 21.6555 595 197422.0 511.164 
370000 1488 446.733 10606.0 15.508 21.8173 598 198030.0 466.1876 
371000 1489 456.279 10642.0 15.837 22.3136 599 198784.0 492.4688 
372000 1490 461.993 10686.0 16.101 22.5855 600 199478.0 491.1219 
373000 1490 461.993 10717.0 16.101 22.5855 600 200078.0 491.1219 
374000 1492 476.535 10761.0 16.717 23.267 602 200967.0 495.8188 
375000 1493 497.905 10798.0 17.563 24.3331 603 201546.0 561.6369 
376000 1493 497.905 10836.0 17.563 24.3331 603 202401.0 561.6369 
377000 1495 513.474 10877.0 18.241 25.0607 604 203124.0 648.7732 
378000 1497 510.259 10915.0 18.307 24.9485 605 203788.0 630.3959 
379000 1499 515.569 10943.0 18.296 25.2016 606 204241.0 612.1563 
380000 1500 513.837 10977.0 18.09 25.1019 607 205015.0 597.2407 
381000 1503 509.614 11010.0 18.014 24.9061 608 205642.0 612.9166 
382000 1506 505.12 11052.0 18.022 24.719 609 206230.0 633.9249 
383000 1507 504.978 11084.0 17.841 24.7043 610 206789.0 627.7324 
384000 1508 514.758 11120.0 18.124 25.1624 611 207418.0 618.8592 
385000 1509 521.323 11160.0 18.442 25.4804 612 208177.0 616.8733 
386000 1512 522.074 11202.0 18.725 25.5461 615 208750.0 546.8696 
387000 1513 526.692 11231.0 18.87 25.7615 615 209314.0 546.8696 
388000 1515 530.619 11274.0 19.091 25.9739 616 209952.0 587.4827 
389000 1516 529.786 11310.0 18.909 25.9298 617 210606.0 578.0344 
390000 1519 528.32 11345.0 18.91 25.8399 620 211169.0 506.7111 
391000 1521 525.234 11380.0 18.769 25.67 621 211952.0 528.34 
392000 1524 512.877 11406.0 18.183 25.1088 622 212594.0 540.706 
393000 1526 513.883 11435.0 18.096 25.1408 623 213117.0 543.9354 
394000 1529 505.148 11474.0 17.867 24.7011 625 213740.0 503.9877 
395000 1531 504.374 11506.0 17.768 24.6958 626 214283.0 507.8889 
396000 1532 509.907 11545.0 17.933 24.9738 627 214917.0 498.0 
397000 1534 501.355 11583.0 17.674 24.53 628 215590.0 487.0 
398000 1536 501.4 11632.0 17.941 24.515 630 216689.0 463.43 
399000 1538 502.547 11667.0 18.158 24.6076 631 217337.0 508.987 
400000 1539 519.116 11697.0 18.675 25.4128 631 217831.0 508.987 
401000 1543 503.756 11725.0 17.902 24.6324 633 218347.0 564.9595 
402000 1544 499.681 11775.0 17.904 24.4234 634 219132.0 535.4635 
403000 1547 503.476 11808.0 18.126 24.6384 636 219939.0 560.2455 
404000 1548 509.786 11851.0 18.383 24.9241 637 220598.0 555.6209 
405000 1549 515.771 11892.0 18.635 25.2135 638 221272.0 552.4588 
406000 1551 512.839 11929.0 18.745 25.1094 639 221911.0 549.7129 
407000 1552 517.622 11964.0 18.81 25.335 640 222550.0 554.5416 
408000 1554 530.875 12000.0 19.352 25.98 642 223228.0 556.5387 
409000 1555 536.178 12043.0 19.585 26.2729 643 223877.0 553.2849 
410000 1557 536.475 12086.0 19.721 26.2612 645 224731.0 532.7107 
411000 1557 536.475 12125.0 19.721 26.2612 645 225391.0 532.7107 
412000 1559 552.521 12159.0 20.233 27.0398 646 226009.0 594.2397 
413000 1559 552.521 12201.0 20.233 27.0398 646 226939.0 594.2397 
414000 1561 560.675 12239.0 20.726 27.4418 647 227753.0 666.2157 
415000 1562 570.062 12269.0 20.972 27.8762 648 228242.0 673.9941 
416000 1565 567.547 12301.0 20.834 27.7744 649 228829.0 660.8947 
417000 1568 548.335 12335.0 20.0 26.8151 650 229486.0 655.1052 
418000 1569 550.308 12373.0 20.04 26.8959 651 230171.0 652.3947 
419000 1570 571.382 12405.0 20.899 27.9855 651 230715.0 652.3947 
420000 1571 567.874 12437.0 20.561 27.807 652 231264.0 704.4552 
421000 1573 569.612 12469.0 20.613 27.8586 653 231842.0 693.9097 
422000 1575 561.935 12507.0 20.287 27.473 654 232521.0 687.8187 
423000 1575 561.935 12540.0 20.287 27.473 654 233066.0 687.8187 
424000 1576 592.656 12565.0 21.241 29.0076 655 233630.0 736.4369 
425000 1578 600.548 12603.0 21.528 29.3706 656 234358.0 732.6932 
426000 1579 594.737 12639.0 21.257 29.1186 657 235148.0 719.3239 
427000 1580 603.662 12670.0 21.492 29.5529 658 235662.0 721.7915 
428000 1582 611.269 12706.0 21.788 29.8808 658 236360.0 721.7915 
429000 1583 604.343 12741.0 21.492 29.5433 659 236984.0 765.3123 
430000 1586 603.58 12770.0 21.441 29.5309 661 237487.0 673.813 
431000 1588 589.163 12798.0 20.672 28.8205 662 238150.0 666.1317 
432000 1589 598.36 12829.0 20.879 29.2535 663 238654.0 668.4185 
433000 1591 596.785 12860.0 20.681 29.2131 664 239347.0 658.3767 
434000 1592 598.009 12900.0 20.907 29.2555 665 240062.0 661.039 
435000 1594 608.892 12935.0 21.407 29.781 666 240715.0 712.2351 
436000 1595 612.414 12983.0 21.658 29.9811 667 241489.0 701.4116 
437000 1597 603.512 13024.0 21.41 29.5254 668 242202.0 686.0704 
438000 1598 605.162 13065.0 21.602 29.5877 669 242927.0 666.4634 
439000 1599 609.079 13099.0 21.83 29.7607 670 243696.0 656.7171 
440000 1602 609.681 13132.0 21.826 29.8378 672 244278.0 657.6508 
441000 1603 613.287 13178.0 22.029 29.9966 673 244992.0 646.2857 
442000 1604 611.581 13217.0 22.089 29.9024 674 245647.0 616.6572 
443000 1605 615.55 13254.0 22.227 30.1217 675 246481.0 603.8914 
444000 1606 637.279 13288.0 23.142 31.1616 675 247275.0 603.8914 
445000 1609 624.165 13317.0 22.44 30.5339 677 247802.0 688.4821 
446000 1612 608.126 13356.0 21.896 29.7943 678 248430.0 632.5339 
447000 1614 590.149 13388.0 21.068 28.8994 679 249023.0 629.9805 
448000 1615 597.086 13417.0 21.327 29.2315 680 249482.0 627.3824 
449000 1616 609.385 13451.0 21.58 29.8019 681 250111.0 624.5442 
450000 1618 615.476 13487.0 21.933 30.1257 682 250905.0 614.0898 
451000 1619 609.067 13518.0 21.594 29.8004 683 251609.0 632.4808 
452000 1620 619.365 13560.0 21.882 30.2895 683 252588.0 632.4808 
453000 1622 620.478 13587.0 22.122 30.3773 684 253036.0 729.5327 
454000 1624 605.521 13625.0 21.425 29.6483 685 253735.0 711.8794 
455000 1625 629.191 13660.0 22.336 30.7652 686 254374.0 756.5915 
456000 1627 622.582 13703.0 22.199 30.452 687 255247.0 755.3323 
457000 1627 622.582 13736.0 22.199 30.452 687 255842.0 755.3323 
458000 1628 635.671 13776.0 22.655 31.1025 688 256647.0 761.1991 
459000 1630 641.88 13814.0 23.024 31.3829 689 257320.0 758.9792 
460000 1631 645.802 13863.0 23.244 31.5845 690 258069.0 795.3813 
461000 1633 640.774 13892.0 22.971 31.3361 691 258622.0 775.6432 
462000 1636 629.129 13929.0 22.692 30.7523 692 259290.0 733.5788 
463000 1638 622.362 13963.0 22.434 30.4401 693 259918.0 714.421 
464000 1639 626.535 14013.0 22.665 30.6308 694 260702.0 760.2789 
465000 1640 628.444 14051.0 22.852 30.7141 695 261361.0 739.651 
466000 1642 631.209 14091.0 23.174 30.8503 696 262080.0 714.6859 
467000 1645 616.816 14133.0 22.682 30.1584 698 262697.0 662.3656 
468000 1646 611.5 14172.0 22.429 29.8934 699 263416.0 653.429 
469000 1649 606.218 14209.0 22.354 29.6169 701 264108.0 636.2875 
470000 1651 603.319 14258.0 22.482 29.5032 703 265087.0 612.5429 
471000 1652 604.392 14301.0 22.633 29.5397 703 265831.0 612.5429 
472000 1653 608.204 14343.0 22.86 29.7268 703 266680.0 612.5429 
473000 1654 612.72 14386.0 23.023 29.9254 704 267469.0 733.9886 
474000 1657 610.28 14422.0 23.02 29.8219 707 268192.0 651.6017 
475000 1657 610.28 14465.0 23.02 29.8219 707 268947.0 651.6017 
476000 1660 611.724 14495.0 23.003 29.8703 708 269659.0 729.6415 
477000 1661 603.87 14525.0 22.723 29.5084 708 270393.0 729.6415 
478000 1665 592.648 14556.0 22.031 28.9747 711 270915.0 645.8857 
479000 1666 597.635 14600.0 22.271 29.1863 712 271789.0 658.6971 
480000 1667 603.422 14638.0 22.525 29.4872 713 272838.0 672.7274 
481000 1669 596.235 14682.0 22.261 29.1539 714 273606.0 679.7546 
482000 1670 596.271 14719.0 22.395 29.1342 715 274246.0 656.2792 
483000 1671 619.025 14750.0 23.207 30.2433 715 274775.0 656.2792 
484000 1673 616.48 14786.0 23.047 30.1287 717 275453.0 698.0061 
485000 1674 620.09 14832.0 23.246 30.284 718 276182.0 685.6055 
486000 1677 607.436 14870.0 22.871 29.6374 720 277040.0 654.2405 
487000 1678 612.907 14908.0 23.094 29.9459 721 277859.0 665.7164 
488000 1679 603.689 14944.0 22.692 29.4893 721 278673.0 665.7164 
489000 1681 611.945 14983.0 23.012 29.8734 722 279666.0 751.8448 
490000 1683 614.206 15018.0 23.074 30.0283 723 280240.0 715.6603 
491000 1685 606.473 15051.0 22.799 29.6318 724 281008.0 703.8943 
492000 1688 592.147 15085.0 22.067 28.9184 726 281580.0 686.4244 
493000 1691 576.423 15117.0 21.392 28.1242 727 282367.0 694.4819 
494000 1694 563.321 15152.0 20.846 27.5116 729 282925.0 619.9804 
495000 1696 554.624 15182.0 20.415 27.0854 729 283508.0 619.9804 
496000 1700 536.358 15215.0 19.657 26.1749 731 284259.0 630.0641 
497000 1702 532.555 15251.0 19.487 26.0064 732 285037.0 634.9577 
498000 1706 501.585 15281.0 18.126 24.513 733 285574.0 582.7619 
499000 1707 508.373 15315.0 18.383 24.8386 734 286523.0 584.1857 
500000 1710 513.498 15344.0 18.505 25.0661 736 287040.0 605.0004 
501000 1710 513.498 15380.0 18.505 25.0661 736 287670.0 605.0004 
502000 1712 531.363 15426.0 19.276 25.9641 738 288394.0 612.5004 
503000 1714 527.739 15463.0 19.121 25.7763 739 289017.0 605.5503 
504000 1717 512.983 15498.0 18.539 25.0253 740 289629.0 595.1953 
505000 1719 508.364 15538.0 18.393 24.8256 741 290522.0 605.4758 
506000 1722 506.73 15576.0 18.5 24.7473 743 291165.0 587.2854 
507000 1725 498.413 15621.0 18.418 24.3124 744 291922.0 583.3568 
508000 1727 490.912 15656.0 18.145 23.9688 745 292550.0 571.3211 
509000 1729 498.549 15691.0 18.322 24.3622 747 293333.0 579.4401 
510000 1731 485.865 15728.0 17.933 23.7265 748 293927.0 527.9961 
511000 1735 479.679 15762.0 17.577 23.4121 750 294563.0 538.4969 
512000 1738 470.631 15794.0 17.128 22.9912 751 295120.0 538.8472 
513000 1739 479.159 15833.0 17.486 23.3878 752 295959.0 564.8625 
514000 1740 473.955 15880.0 17.316 23.137 753 296714.0 516.3762 
515000 1743 478.138 15915.0 17.602 23.3574 754 297351.0 584.9386 
516000 1745 476.807 15959.0 17.519 23.287 755 298114.0 580.7447 
517000 1746 481.591 15994.0 17.769 23.5139 756 298743.0 572.5703 
518000 1748 492.482 16041.0 18.352 24.069 758 299472.0 567.6819 
519000 1750 489.802 16080.0 18.232 23.9308 759 300300.0 582.2137 
520000 1750 489.802 16121.0 18.232 23.9308 759 301235.0 582.2137 
521000 1752 515.55 16155.0 19.404 25.1564 761 301833.0 638.8031 
522000 1755 496.034 16192.0 18.6 24.2472 762 302676.0 576.9228 
523000 1756 501.953 16241.0 18.988 24.5166 763 303420.0 624.9305 
524000 1760 492.914 16276.0 18.684 24.0441 764 304306.0 619.7375 
525000 1763 486.5 16312.0 18.414 23.7792 765 304903.0 644.9637 
526000 1765 482.945 16359.0 18.365 23.597 767 305637.0 632.5906 
527000 1766 492.086 16395.0 18.677 24.0201 768 306286.0 629.2316 
528000 1767 497.884 16436.0 18.944 24.3093 769 306980.0 620.7084 
529000 1768 505.627 16477.0 19.265 24.7071 770 307924.0 639.0376 
530000 1770 513.531 16528.0 19.77 25.0847 772 308748.0 620.8204 
531000 1772 511.923 16560.0 19.615 25.0 773 309336.0 616.0384 
532000 1772 511.923 16600.0 19.615 25.0 773 310001.0 616.0384 
533000 1774 536.244 16642.0 20.79 26.1896 774 310775.0 721.3345 
534000 1774 536.244 16681.0 20.79 26.1896 774 311620.0 721.3345 
535000 1776 551.938 16721.0 21.332 26.9509 775 312278.0 789.5011 
536000 1776 551.938 16765.0 21.332 26.9509 775 313198.0 789.5011 
537000 1780 549.391 16799.0 21.343 26.8167 777 313845.0 791.8559 
538000 1781 547.443 16833.0 21.356 26.7019 777 314444.0 791.8559 
539000 1784 544.705 16862.0 20.872 26.6142 778 314961.0 772.3703 
540000 1786 540.606 16905.0 20.725 26.3982 780 315654.0 729.1399 
541000 1789 531.411 16947.0 20.537 25.933 782 316392.0 671.1633 
542000 1792 519.364 16979.0 19.946 25.3721 783 316994.0 664.247 
543000 1792 519.364 17027.0 19.946 25.3721 783 317944.0 664.247 
544000 1793 543.717 17068.0 20.967 26.513 784 318658.0 740.7223 
545000 1794 558.163 17112.0 21.787 27.2361 785 319423.0 766.6501 
546000 1797 543.562 17146.0 21.047 26.5252 786 319970.0 738.6851 
547000 1799 536.793 17190.0 20.825 26.1876 787 320703.0 719.1166 
548000 1800 552.638 17230.0 21.589 26.9496 788 321442.0 746.1049 
549000 1804 528.405 17272.0 20.697 25.7877 790 322114.0 665.625 
550000 1806 525.958 17311.0 20.508 25.6672 791 322742.0 655.8625 
551000 1807 520.978 17356.0 20.458 25.4153 791 323711.0 655.8625 
552000 1808 535.839 17399.0 21.049 26.1277 792 324640.0 727.5762 
553000 1812 523.543 17435.0 20.62 25.5337 794 325662.0 742.5667 
554000 1813 529.132 17479.0 20.827 25.8068 795 326341.0 720.7101 
555000 1814 536.009 17520.0 21.031 26.111 796 327215.0 700.0391 
556000 1817 529.394 17556.0 20.963 25.8213 797 327902.0 709.9352 
557000 1820 518.458 17590.0 20.357 25.2863 799 328465.0 665.4275 
558000 1823 502.841 17636.0 19.735 24.5143 800 329252.0 654.0847 
559000 1823 502.841 17683.0 19.735 24.5143 800 330267.0 654.0847 
560000 1825 519.436 17718.0 20.645 25.3365 801 330910.0 726.0763 
561000 1827 525.926 17756.0 20.802 25.638 803 331719.0 713.7418 
562000 1828 531.848 17800.0 21.026 25.9305 804 332428.0 697.2676 
563000 1828 531.848 17845.0 21.026 25.9305 804 333208.0 697.2676 
564000 1829 551.411 17882.0 21.945 26.8977 805 333872.0 742.4408 
565000 1832 551.377 17915.0 21.901 26.8835 808 334360.0 625.7834 
566000 1835 538.379 17951.0 21.234 26.2738 809 334997.0 623.405 
567000 1836 544.511 17999.0 21.509 26.5502 810 335966.0 641.9645 
568000 1837 548.721 18041.0 21.679 26.7449 811 336725.0 627.1681 
569000 1841 532.702 18076.0 21.101 26.0073 813 337317.0 602.7161 
570000 1842 538.128 18120.0 21.319 26.2742 814 338056.0 596.8445 
571000 1843 542.965 18164.0 21.572 26.5098 815 338830.0 598.0601 
572000 1845 547.063 18210.0 21.924 26.6898 816 339603.0 643.5541 
573000 1846 558.461 18252.0 22.486 27.2682 817 340303.0 657.6987 
574000 1846 558.461 18284.0 22.486 27.2682 817 341093.0 657.6987 
575000 1847 586.832 18326.0 23.476 28.6332 818 341957.0 755.8288 
576000 1849 580.362 18367.0 23.134 28.344 819 342630.0 731.5459 
577000 1851 580.391 18412.0 23.364 28.3575 821 343369.0 678.4622 
578000 1852 587.123 18450.0 23.557 28.6704 822 344203.0 687.016 
579000 1854 583.784 18495.0 23.532 28.5035 823 344976.0 673.2144 
580000 1855 595.069 18538.0 24.101 29.0705 824 346160.0 757.1929 
581000 1858 577.909 18586.0 23.5 28.2119 826 346898.0 676.2463 
582000 1859 584.911 18625.0 23.69 28.533 827 347562.0 666.0217 
583000 1860 591.753 18664.0 23.876 28.8995 828 348376.0 673.8195 
584000 1862 583.287 18707.0 23.596 28.4773 829 349359.0 686.2375 
585000 1864 587.454 18751.0 23.929 28.6585 831 350078.0 656.5124 
586000 1866 580.662 18791.0 23.588 28.3635 832 350751.0 645.6612 
587000 1866 580.662 18832.0 23.588 28.3635 832 351471.0 645.6612 
588000 1867 610.409 18878.0 24.877 29.7815 833 352215.0 728.495 
589000 1868 619.981 18926.0 25.539 30.2517 834 352995.0 747.1455 
590000 1870 611.954 18965.0 25.141 29.9112 835 353668.0 727.731 
591000 1872 609.395 19004.0 24.971 29.7536 835 354346.0 727.731 
592000 1872 609.395 19041.0 24.971 29.7536 835 355206.0 727.731 
593000 1874 625.769 19088.0 25.659 30.586 837 356080.0 819.3921 
594000 1876 620.119 19120.0 25.29 30.3095 837 356693.0 819.3921 
595000 1877 625.357 19161.0 25.444 30.5516 838 357557.0 871.6529 
596000 1879 617.486 19200.0 25.204 30.1938 839 358225.0 838.8876 
597000 1882 605.876 19242.0 24.672 29.6315 841 358883.0 765.469 
598000 1884 597.891 19281.0 24.324 29.2209 841 359581.0 765.469 
599000 1885 604.633 19323.0 24.538 29.5364 842 360305.0 808.6221 
600000 1887 597.092 19360.0 24.294 29.2155 843 361178.0 775.6599 
601000 1889 601.205 19403.0 24.458 29.3908 844 361877.0 827.8939 
602000 1890 599.881 19446.0 24.489 29.3178 845 362596.0 789.0045 
603000 1890 599.881 19484.0 24.489 29.3178 845 363266.0 789.0045 
604000 1892 610.994 19524.0 24.813 29.8681 846 364189.0 842.404 
605000 1894 619.808 19563.0 25.202 30.2715 848 364843.0 793.4073 
606000 1896 615.894 19603.0 25.071 30.1113 849 365861.0 805.4665 
607000 1898 612.027 19643.0 24.91 29.8993 850 366574.0 782.2199 
608000 1899 611.886 19680.0 24.652 29.8804 851 367253.0 763.7979 
609000 1902 601.267 19715.0 24.199 29.3777 853 367771.0 694.2463 
610000 1902 601.267 19758.0 24.199 29.3777 853 368506.0 694.2463 
611000 1903 622.682 19799.0 25.035 30.4079 854 369220.0 736.2217 
612000 1905 626.955 19837.0 25.352 30.645 856 370303.0 742.0496 
613000 1907 619.227 19884.0 25.017 30.2329 857 371032.0 728.2446 
614000 1908 621.723 19928.0 25.177 30.3473 858 372001.0 729.8201 
615000 1909 623.228 19971.0 25.353 30.4269 859 372820.0 717.2381 
616000 1912 619.097 20011.0 25.244 30.2418 861 373467.0 688.6229 
617000 1916 587.995 20057.0 23.98 28.709 863 374269.0 625.9145 
618000 1917 586.495 20097.0 24.0 28.6314 864 375138.0 622.7231 
619000 1921 571.7 20131.0 23.283 27.9239 866 375964.0 624.9657 
620000 1922 575.126 20179.0 23.437 28.0789 867 376723.0 614.3691 
621000 1924 574.739 20223.0 23.516 28.052 869 377352.0 567.599 
622000 1925 579.364 20264.0 23.666 28.3051 870 378021.0 562.7391 
623000 1927 583.262 20301.0 23.876 28.4982 871 378699.0 560.8652 
624000 1929 580.047 20337.0 23.649 28.3151 873 379527.0 572.3208 
625000 1931 573.459 20385.0 23.44 28.0105 875 380201.0 515.2898 
626000 1932 576.45 20430.0 23.591 28.1842 876 380970.0 517.6609 
627000 1932 576.45 20470.0 23.591 28.1842 876 381700.0 517.6609 
628000 1934 599.659 20504.0 24.61 29.2693 877 382318.0 583.2948 
629000 1936 594.625 20546.0 24.236 29.0406 879 382932.0 566.6888 
630000 1936 594.625 20599.0 24.236 29.0406 879 383882.0 566.6888 
631000 1938 599.965 20633.0 24.748 29.2879 880 384490.0 629.9199 
632000 1940 605.61 20677.0 24.839 29.5735 882 385153.0 606.0551 
633000 1942 602.137 20725.0 24.842 29.3913 884 385917.0 564.0646 
634000 1943 604.734 20773.0 24.966 29.5104 885 386756.0 559.0582 
635000 1945 607.895 20814.0 25.284 29.6807 887 387489.0 561.4471 
636000 1945 607.895 20867.0 25.284 29.6807 887 388364.0 561.4471 
637000 1947 621.086 20921.0 26.173 30.3356 888 389423.0 685.7024 
638000 1949 612.769 20956.0 25.704 29.9084 889 390006.0 665.9322 
639000 1950 624.594 20999.0 26.41 30.5329 889 390815.0 665.9322 
640000 1952 621.197 21041.0 26.162 30.3508 891 391728.0 721.6251 
641000 1955 601.732 21085.0 25.317 29.3857 893 392431.0 640.3363 
642000 1955 601.732 21126.0 25.317 29.3857 893 393161.0 640.3363 
643000 1957 613.168 21156.0 25.609 29.9627 893 393714.0 640.3363 
644000 1958 617.165 21204.0 25.817 30.1329 894 394568.0 756.5027 
645000 1959 632.521 21247.0 26.541 30.864 895 395203.0 780.8524 
646000 1960 636.591 21291.0 26.71 31.1122 896 396142.0 783.6672 
647000 1963 614.508 21330.0 25.716 30.0165 897 396904.0 759.5004 
648000 1965 605.782 21367.0 25.326 29.5731 898 397772.0 740.8504 
649000 1966 625.047 21418.0 26.28 30.5314 899 398782.0 829.7654 
650000 1966 625.047 21471.0 26.28 30.5314 899 399902.0 829.7654 
651000 1967 652.446 21513.0 27.774 31.86 899 400721.0 829.7654 
652000 1969 646.73 21559.0 27.452 31.5889 901 401474.0 917.2299 
653000 1970 653.616 21599.0 27.703 31.911 902 402104.0 890.5069 
654000 1970 653.616 21646.0 27.703 31.911 902 402934.0 890.5069 
655000 1972 658.864 21686.0 27.939 32.1518 903 403872.0 922.2563 
656000 1972 658.864 21725.0 27.939 32.1518 903 404582.0 922.2563 
657000 1975 669.946 21771.0 28.526 32.7016 905 405310.0 936.3876 
658000 1977 657.162 21820.0 28.066 32.0598 906 406403.0 921.0488 
659000 1978 652.499 21858.0 27.885 31.8447 906 407117.0 921.0488 
660000 1980 661.843 21898.0 28.206 32.3301 907 408210.0 946.6439 
661000 1982 653.782 21951.0 27.876 31.9211 909 408994.0 913.3516 
662000 1985 631.994 21986.0 26.838 30.8745 910 409786.0 895.7164 
663000 1988 613.586 22019.0 25.836 29.9981 911 410593.0 861.3448 
664000 1990 609.767 22058.0 25.794 29.7942 911 411486.0 861.3448 
665000 1991 619.911 22108.0 26.198 30.2783 912 412256.0 973.5103 
666000 1991 619.911 22151.0 26.198 30.2783 912 413006.0 973.5103 
667000 1992 647.733 22193.0 27.554 31.6607 912 413815.0 973.5103 
668000 1993 640.379 22239.0 27.183 31.2912 913 414584.0 1056.4593 
669000 1997 623.056 22276.0 26.321 30.4412 915 415201.0 959.012 
670000 1998 623.635 22313.0 26.435 30.467 915 415840.0 959.012 
671000 1999 634.503 22354.0 26.646 30.9755 916 416774.0 985.9108 
672000 1999 634.503 22389.0 26.646 30.9755 916 417369.0 985.9108 
673000 2001 652.153 22429.0 27.243 31.8739 918 417993.0 939.7478 
674000 2001 652.153 22475.0 27.243 31.8739 918 418783.0 939.7478 
675000 2003 670.163 22511.0 28.089 32.7394 919 419486.0 1015.073 
676000 2004 671.3 22568.0 28.207 32.8135 920 420560.0 973.4657 
677000 2008 639.034 22602.0 26.745 31.2584 922 421067.0 858.5872 
678000 2008 639.034 22635.0 26.745 31.2584 922 421677.0 858.5872 
679000 2009 662.134 22676.0 27.61 32.3674 923 422376.0 895.6285 
680000 2010 664.991 22716.0 27.718 32.5286 924 423130.0 863.4656 
681000 2013 652.983 22761.0 27.213 31.9222 926 423788.0 788.2172 
682000 2014 655.323 22802.0 27.289 32.0216 927 424892.0 778.2954 
683000 2015 657.757 22839.0 27.403 32.1545 928 425531.0 774.8659 
684000 2017 662.28 22884.0 27.565 32.3938 930 426224.0 728.0014 
685000 2019 653.973 22941.0 27.48 31.9658 932 427308.0 678.8911 
686000 2021 643.872 22976.0 27.019 31.4592 933 428121.0 667.802 
687000 2024 622.994 23014.0 26.011 30.4723 934 428818.0 673.7218 
688000 2026 629.222 23049.0 26.268 30.7439 936 429471.0 651.5747 
689000 2027 631.717 23098.0 26.403 30.8523 937 430171.0 640.4172 
690000 2029 626.18 23135.0 26.145 30.6125 938 430999.0 647.7755 
691000 2030 637.416 23173.0 26.622 31.132 938 431698.0 647.7755 
692000 2031 632.988 23213.0 26.269 30.8989 939 432447.0 703.6979 
693000 2033 635.579 23264.0 26.516 31.0456 941 433411.0 689.9553 
694000 2034 636.868 23302.0 26.626 31.1166 942 434085.0 675.8598 
695000 2035 641.79 23341.0 26.713 31.3388 943 434769.0 660.1738 
696000 2039 624.069 23373.0 25.862 30.4966 945 435375.0 640.6208 
697000 2040 626.688 23422.0 25.985 30.6157 946 436090.0 628.5587 
698000 2043 610.194 23464.0 25.452 29.7903 947 436887.0 622.5028 
699000 2045 602.949 23492.0 24.92 29.4153 948 437350.0 606.0526 
700000 2047 605.066 23531.0 24.902 29.5555 949 438063.0 657.6473 
701000 2049 596.31 23577.0 24.524 29.1175 951 438747.0 578.1043 
702000 2049 596.31 23622.0 24.524 29.1175 951 439727.0 578.1043 
703000 2051 604.397 23662.0 24.928 29.5014 952 440510.0 663.0939 
704000 2054 599.867 23701.0 24.731 29.2904 954 441162.0 645.416 
705000 2058 571.38 23744.0 23.618 27.8802 956 441909.0 576.607 
706000 2058 571.38 23794.0 23.618 27.8802 956 442844.0 576.607 
707000 2058 571.38 23835.0 23.618 27.8802 956 443599.0 576.607 
708000 2059 615.253 23894.0 25.785 30.0244 957 444573.0 768.2463 
709000 2062 600.226 23936.0 25.325 29.2968 959 445201.0 701.8995 
710000 2064 601.878 23973.0 25.329 29.3779 960 446059.0 689.1095 
711000 2066 593.029 24008.0 24.704 28.9302 961 446667.0 704.8986 
712000 2069 575.91 24043.0 23.832 28.0897 962 447259.0 688.6087 
713000 2071 573.587 24090.0 23.836 27.997 964 447988.0 625.7331 
714000 2072 577.076 24131.0 23.959 28.1593 965 448737.0 612.5598 
715000 2074 584.383 24167.0 24.297 28.5129 967 449540.0 619.5334 
716000 2075 587.675 24211.0 24.451 28.6897 968 450274.0 612.9801 
717000 2076 595.542 24266.0 24.902 29.0669 969 451109.0 625.1821 
718000 2077 598.251 24303.0 25.024 29.1754 970 451758.0 614.0639 
719000 2079 604.819 24338.0 25.28 29.5321 971 452581.0 612.5575 
720000 2080 603.342 24376.0 25.194 29.4516 971 453280.0 612.5575 
721000 2083 591.238 24418.0 24.515 28.856 973 453858.0 655.5016 
722000 2084 594.873 24465.0 24.704 29.0316 974 454752.0 649.8514 
723000 2086 599.084 24504.0 24.973 29.2623 975 455455.0 639.2663 
724000 2087 602.222 24558.0 25.194 29.4073 976 456344.0 692.1396 
725000 2090 587.429 24598.0 24.568 28.6743 978 457087.0 640.0931 
726000 2091 592.601 24639.0 24.737 28.9843 979 458036.0 650.4838 
727000 2093 595.212 24689.0 25.044 29.0849 981 458869.0 632.9519 
728000 2095 592.022 24723.0 24.919 28.9112 982 459817.0 664.0567 
729000 2098 572.667 24770.0 24.136 27.9807 984 460580.0 604.8159 
730000 2100 572.942 24817.0 24.247 28.0252 984 461458.0 604.8159 
731000 2101 571.983 24855.0 24.002 27.971 985 462152.0 662.5343 
732000 2102 592.604 24892.0 24.922 28.9753 986 462791.0 719.1809 
733000 2103 594.791 24940.0 25.043 29.1052 987 463516.0 697.2628 
734000 2106 578.433 24976.0 24.193 28.3301 988 464368.0 687.2365 
735000 2107 585.244 25016.0 24.409 28.6393 989 465097.0 699.4129 
736000 2108 592.939 25052.0 24.601 29.0063 989 465751.0 699.4129 
737000 2111 583.288 25093.0 24.301 28.5618 991 466349.0 691.9944 
738000 2113 574.426 25129.0 23.75 28.1026 992 466997.0 677.995 
739000 2114 579.877 25168.0 23.935 28.36 993 467726.0 667.0955 
740000 2115 596.74 25217.0 24.797 29.2041 994 468500.0 715.7859 
741000 2116 601.705 25256.0 24.961 29.4513 995 469150.0 698.7073 
742000 2118 596.794 25290.0 24.662 29.1908 995 469848.0 698.7073 
743000 2118 596.794 25330.0 24.662 29.1908 995 470478.0 698.7073 
744000 2119 626.958 25375.0 25.889 30.6813 996 471227.0 839.0366 
745000 2121 620.507 25432.0 25.85 30.3407 998 472146.0 753.4797 
746000 2123 621.702 25473.0 26.107 30.3766 998 472959.0 753.4797 
747000 2124 617.168 25517.0 25.905 30.1664 999 473623.0 816.3317 
748000 2126 625.044 25555.0 26.226 30.547 1001 474366.0 775.5387 
749000 2127 625.723 25613.0 26.381 30.5662 1002 475251.0 754.9848 
750000 2128 628.549 25650.0 26.474 30.7084 1003 475915.0 730.8863 
751000 2129 631.298 25685.0 26.604 30.8665 1004 476539.0 715.1977 
752000 2131 640.66 25725.0 26.838 31.3033 1006 477532.0 719.4701 
753000 2133 629.646 25775.0 26.422 30.7543 1008 478356.0 633.9808 
754000 2134 632.834 25816.0 26.574 30.9617 1009 479145.0 630.4827 
755000 2136 637.599 25856.0 26.836 31.1484 1010 479853.0 684.7345 
756000 2137 641.867 25898.0 26.959 31.3466 1011 480557.0 673.161 
757000 2138 645.79 25952.0 27.32 31.5856 1012 481367.0 676.3449 
758000 2139 649.094 25990.0 27.434 31.7305 1013 482066.0 666.1104 
759000 2139 649.094 26029.0 27.434 31.7305 1013 483131.0 666.1104 
760000 2141 673.662 26066.0 28.379 32.9295 1015 483979.0 753.1594 
761000 2143 659.498 26116.0 27.823 32.2314 1017 484718.0 654.0691 
762000 2144 664.268 26157.0 27.907 32.4456 1018 485482.0 642.5622 
763000 2146 665.842 26193.0 28.009 32.526 1020 486230.0 633.3354 
764000 2148 659.078 26227.0 27.553 32.2106 1021 486828.0 629.8019 
765000 2149 659.977 26277.0 27.662 32.2379 1022 487638.0 621.3217 
766000 2150 662.457 26314.0 27.728 32.3399 1023 488287.0 610.5895 
767000 2152 654.116 26350.0 27.279 31.9366 1023 488965.0 610.5895 
768000 2154 659.184 26393.0 27.485 32.234 1025 489663.0 654.1575 
769000 2156 647.687 26439.0 27.051 31.6449 1026 490432.0 645.6418 
770000 2157 650.913 26481.0 27.15 31.8 1027 491221.0 635.4776 
771000 2160 642.333 26515.0 26.816 31.4281 1029 491828.0 623.4968 
772000 2161 645.767 26562.0 26.9 31.5729 1030 492552.0 613.0472 
773000 2162 649.831 26603.0 27.082 31.743 1031 493452.0 631.7424 
774000 2163 652.055 26640.0 27.12 31.8412 1032 494106.0 615.4682 
775000 2165 657.614 26675.0 27.334 32.129 1034 494729.0 605.1392 
776000 2167 646.929 26727.0 26.918 31.5874 1035 495727.0 624.4253 
777000 2168 651.37 26772.0 27.199 31.816 1036 496502.0 629.4828 
778000 2168 651.37 26817.0 27.199 31.816 1036 497522.0 629.4828 
779000 2170 670.822 26860.0 28.174 32.7462 1038 498265.0 695.6911 
780000 2173 644.72 26905.0 27.066 31.4727 1039 499037.0 675.3219 
781000 2176 630.834 26949.0 26.651 30.8044 1040 499690.0 685.7898 
782000 2177 635.177 26983.0 26.538 30.9904 1041 500349.0 677.9108 
783000 2178 649.053 27022.0 27.187 31.6823 1042 501238.0 726.5197 
784000 2178 649.053 27057.0 27.187 31.6823 1042 501838.0 726.5197 
785000 2180 654.809 27111.0 27.357 31.9532 1044 502647.0 686.391 
786000 2182 645.831 27148.0 26.92 31.5014 1045 503340.0 677.5519 
787000 2183 663.675 27186.0 27.742 32.4197 1046 504049.0 727.1967 
788000 2184 667.441 27232.0 27.867 32.5948 1047 504778.0 714.377 
789000 2185 668.952 27286.0 28.09 32.6426 1048 505688.0 707.9393 
790000 2186 671.253 27322.0 28.188 32.7414 1049 506352.0 694.5454 
791000 2189 657.721 27361.0 27.506 32.1267 1050 506909.0 707.7908 
792000 2192 636.565 27399.0 26.508 31.0732 1051 507631.0 696.7118 
793000 2194 630.605 27441.0 26.265 30.7736 1053 508300.0 622.9965 
794000 2195 633.473 27479.0 26.42 30.9276 1054 509009.0 621.0969 
795000 2196 636.064 27514.0 26.472 31.0526 1055 509808.0 605.3872 
796000 2196 636.064 27547.0 26.472 31.0526 1055 510358.0 605.3872 
797000 2199 646.279 27598.0 26.76 31.3646 1057 511131.0 653.8336 
798000 2200 659.573 27640.0 27.465 31.8763 1057 511930.0 653.8336 
799000 2202 655.204 27676.0 27.195 31.5721 1059 512618.0 700.4752 
800000 2203 656.4 27728.0 27.311 31.5805 1060 513442.0 687.8277 
801000 2205 652.735 27769.0 27.235 31.3233 1061 514176.0 682.0449 
802000 2205 652.735 27804.0 27.235 31.3233 1061 514761.0 682.0449 
803000 2206 681.38 27840.0 28.23 32.5325 1061 515420.0 682.0449 
804000 2207 684.313 27884.0 28.225 32.6255 1062 516134.0 824.0404 
805000 2209 673.426 27925.0 27.795 32.0409 1064 517008.0 719.3328 
806000 2210 686.737 27957.0 28.319 32.5983 1064 517822.0 719.3328 
807000 2213 665.004 27996.0 27.292 31.5102 1066 518449.0 752.8395 
808000 2217 634.57 28040.0 26.138 30.0039 1067 519435.0 758.2556 
809000 2220 608.972 28082.0 24.99 28.7529 1069 520123.0 668.967 
810000 2222 613.147 28120.0 25.267 28.8769 1071 520826.0 644.7733 
811000 2223 616.144 28172.0 25.422 28.9821 1072 521650.0 638.196 
812000 2224 616.741 28218.0 25.574 28.9711 1072 522674.0 638.196 
813000 2226 615.188 28275.0 25.747 28.8582 1074 523563.0 675.0087 
814000 2227 617.085 28314.0 25.872 28.9024 1075 524652.0 661.9079 
815000 2228 636.023 28362.0 26.795 29.7413 1076 525771.0 793.1171 
816000 2229 640.842 28408.0 26.959 29.9253 1077 526780.0 793.7054 
817000 2232 619.491 28448.0 26.147 28.8948 1079 527413.0 703.5713 
818000 2233 626.061 28492.0 26.304 29.1762 1080 528267.0 693.1142 
819000 2235 630.736 28526.0 26.589 29.3816 1081 528875.0 740.6028 
820000 2236 635.081 28570.0 26.697 29.5586 1082 529544.0 720.9425 
821000 2237 636.699 28617.0 26.863 29.599 1083 530369.0 708.8483 
822000 2239 634.047 28643.0 26.607 29.462 1083 530852.0 708.8483 
823000 2240 641.386 28681.0 26.615 29.7537 1084 531671.0 777.6634 
824000 2242 633.457 28714.0 26.188 29.3439 1085 532259.0 756.6971 
825000 2245 614.694 28761.0 25.444 28.4728 1087 533027.0 671.4946 
826000 2246 617.9 28799.0 25.575 28.6619 1088 533901.0 660.2452 
827000 2247 623.382 28838.0 25.764 28.8787 1088 534645.0 660.2452 
828000 2248 644.734 28872.0 26.628 29.8062 1088 535244.0 660.2452 
829000 2250 631.86 28924.0 26.093 29.2058 1090 535998.0 753.9286 
830000 2251 631.383 28963.0 26.192 29.1648 1090 536737.0 753.9286 
831000 2253 642.998 28999.0 26.58 29.6262 1091 537440.0 864.2357 
832000 2254 649.338 29036.0 26.728 29.8835 1092 538064.0 838.2122 
833000 2255 647.871 29093.0 26.874 29.7949 1093 539344.0 828.8909 
834000 2256 653.814 29132.0 27.036 30.0289 1094 540233.0 843.9019 
835000 2257 669.717 29176.0 27.876 30.6952 1095 541012.0 879.9117 
836000 2258 671.523 29227.0 27.978 30.7685 1095 542051.0 879.9117 
837000 2259 674.952 29272.0 28.179 30.9013 1096 542871.0 935.3205 
838000 2260 676.053 29312.0 28.295 30.9176 1096 543635.0 935.3205 
839000 2261 683.132 29355.0 28.809 31.1912 1096 544539.0 935.3205 
840000 2262 695.79 29411.0 29.313 31.74 1097 545688.0 1130.4884 
841000 2263 700.234 29453.0 29.567 31.9031 1098 546368.0 1084.9396 
842000 2264 702.269 29492.0 29.655 31.9761 1099 547082.0 1036.3456 
843000 2265 702.764 29538.0 29.682 31.984 1100 547866.0 984.1111 
844000 2265 702.764 29583.0 29.682 31.984 1100 548626.0 984.1111 
845000 2266 738.129 29626.0 31.249 33.5082 1101 549376.0 1074.7 
846000 2266 738.129 29668.0 31.249 33.5082 1101 550141.0 1074.7 
847000 2267 755.066 29708.0 32.004 34.2552 1102 550835.0 1087.13 
848000 2269 761.639 29760.0 32.488 34.5177 1102 551728.0 1087.13 
849000 2270 757.486 29806.0 32.318 34.3063 1103 552473.0 1174.717 
850000 2270 757.486 29848.0 32.318 34.3063 1103 553423.0 1174.717 
851000 2271 775.336 29882.0 33.032 35.0643 1104 554027.0 1192.1453 
852000 2272 786.43 29922.0 33.531 35.5371 1104 554946.0 1192.1453 
853000 2275 766.976 29974.0 32.697 34.5136 1105 555754.0 1254.7308 
854000 2277 748.172 30001.0 31.657 33.6107 1106 556237.0 1188.9577 
855000 2277 748.172 30041.0 31.657 33.6107 1106 556927.0 1188.9577 
856000 2277 748.172 30086.0 31.657 33.6107 1106 557957.0 1188.9577 
857000 2280 769.908 30131.0 32.621 34.2711 1108 558595.0 1178.3657 
858000 2281 770.93 30169.0 32.669 34.2395 1108 559294.0 1178.3657 
859000 2282 781.911 30209.0 33.015 34.6481 1109 560213.0 1256.2291 
860000 2283 770.233 30244.0 32.575 34.1279 1109 560842.0 1256.2291 
861000 2284 780.828 30298.0 32.944 34.5273 1110 561637.0 1232.0062 
862000 2285 784.652 30331.0 32.965 34.6549 1111 562216.0 1169.7056 
863000 2285 784.652 30374.0 32.965 34.6549 1111 563186.0 1169.7056 
864000 2286 802.319 30428.0 33.705 35.4386 1112 564045.0 1193.135 
865000 2289 788.37 30469.0 33.393 34.8264 1113 564803.0 1190.7215 
866000 2290 782.943 30506.0 32.985 34.5593 1114 565652.0 1126.9494 
867000 2291 799.044 30547.0 33.705 35.1593 1115 566371.0 1151.6544 
868000 2292 800.083 30591.0 33.671 35.164 1116 567075.0 1090.389 
869000 2293 797.841 30633.0 33.638 35.0348 1117 567785.0 1033.3501 
870000 2294 803.184 30665.0 33.665 35.2417 1118 568509.0 1009.9151 
871000 2294 803.184 30713.0 33.665 35.2417 1118 569424.0 1009.9151 
872000 2296 814.959 30762.0 34.364 35.7446 1120 570357.0 1003.0412 
873000 2298 803.857 30807.0 34.07 35.2885 1121 571176.0 959.7371 
874000 2299 798.1 30843.0 33.628 35.0115 1122 572165.0 920.5634 
875000 2302 768.228 30878.0 32.245 33.7033 1123 572847.0 919.7071 
876000 2303 782.443 30929.0 32.94 34.3032 1124 573606.0 942.6363 
877000 2306 761.732 30965.0 32.1 33.4296 1127 574459.0 787.5709 
878000 2307 761.437 31015.0 32.098 33.3939 1128 575228.0 763.2138 
879000 2308 761.669 31057.0 32.116 33.458 1129 575967.0 743.7924 
880000 2309 761.775 31095.0 32.114 33.4318 1130 576661.0 723.3132 
881000 2312 739.612 31141.0 31.149 32.4718 1131 577374.0 728.2819 
882000 2312 739.612 31183.0 31.149 32.4718 1131 578344.0 728.2819 
883000 2313 767.939 31239.0 32.646 33.7392 1132 579218.0 858.3537 
884000 2314 767.401 31275.0 32.613 33.6932 1133 579847.0 824.4183 
885000 2316 758.723 31314.0 32.131 33.3189 1134 580456.0 809.3765 
886000 2318 749.177 31347.0 31.505 32.9019 1135 581239.0 805.7388 
887000 2320 735.223 31384.0 30.925 32.2895 1135 581942.0 805.7388 
888000 2321 738.239 31425.0 30.986 32.4611 1136 582911.0 865.3649 
889000 2322 748.714 31481.0 31.607 32.8958 1137 583746.0 878.3285 
890000 2323 749.22 31516.0 31.634 32.9487 1137 584365.0 878.3285 
891000 2323 749.22 31557.0 31.634 32.9487 1137 585320.0 878.3285 
892000 2325 770.497 31597.0 32.327 33.8664 1138 585913.0 1038.6956 
893000 2326 767.667 31640.0 32.261 33.7465 1139 586618.0 978.326 
894000 2328 766.869 31676.0 32.191 33.699 1141 587231.0 889.0041 
895000 2329 769.032 31720.0 32.207 33.8463 1142 587950.0 858.0037 
896000 2329 769.032 31764.0 32.207 33.8463 1142 588690.0 858.0037 
897000 2330 786.251 31806.0 32.943 34.5552 1143 589450.0 889.2033 
898000 2331 784.926 31857.0 32.924 34.5457 1144 590294.0 854.683 
899000 2332 798.567 31902.0 33.666 35.1275 1145 591078.0 892.1147 
900000 2333 796.616 31940.0 33.612 35.0391 1146 591782.0 855.3032 
901000 2334 802.924 31980.0 33.74 35.2792 1147 592447.0 837.7729 
902000 2334 802.924 32019.0 33.74 35.2792 1147 593172.0 837.7729 
903000 2338 785.519 32064.0 33.007 34.5958 1149 593888.0 840.866 
904000 2339 784.109 32104.0 32.987 34.5053 1150 594592.0 811.1794 
905000 2341 771.325 32144.0 32.35 33.901 1151 595321.0 790.4615 
906000 2343 757.482 32176.0 31.695 33.3506 1152 596074.0 768.2153 
907000 2344 760.252 32215.0 31.741 33.4364 1152 596968.0 768.2153 
908000 2345 761.747 32271.0 31.807 33.5563 1153 597867.0 848.1938 
909000 2346 774.752 32313.0 32.55 34.0721 1154 598597.0 880.3744 
910000 2346 774.752 32352.0 32.55 34.0721 1154 599312.0 880.3744 
911000 2347 791.737 32402.0 33.259 34.8201 1155 600086.0 909.737 
912000 2348 809.043 32440.0 33.994 35.5981 1156 600765.0 941.6633 
913000 2349 807.242 32482.0 33.914 35.4964 1157 601510.0 894.997 
914000 2350 806.197 32521.0 33.916 35.51 1157 602244.0 894.997 
915000 2351 822.633 32566.0 34.678 36.1861 1157 603368.0 894.997 
916000 2352 822.92 32612.0 34.664 36.231 1158 604097.0 1088.6973 
917000 2353 821.942 32656.0 34.631 36.1573 1159 604917.0 1033.8275 
918000 2355 819.845 32687.0 34.506 36.0806 1160 605460.0 990.8448 
919000 2357 791.06 32721.0 33.198 34.8136 1161 606093.0 951.9603 
920000 2359 781.608 32753.0 32.51 34.422 1162 606671.0 914.0643 
921000 2360 789.036 32794.0 32.74 34.7 1163 607501.0 893.6578 
922000 2360 789.036 32837.0 32.74 34.7 1163 608281.0 893.6578 
923000 2361 808.435 32877.0 33.585 35.5567 1163 608985.0 893.6578 
924000 2363 811.92 32919.0 33.79 35.7145 1164 609893.0 1105.9921 
925000 2364 804.302 32973.0 33.594 35.3606 1165 610738.0 1032.3929 
926000 2365 807.756 33008.0 33.602 35.5675 1166 611362.0 989.5536 
927000 2367 807.062 33042.0 33.539 35.487 1168 611965.0 905.5984 
928000 2369 793.173 33082.0 32.819 34.9156 1169 612598.0 870.3386 
929000 2370 787.769 33131.0 32.703 34.6562 1170 613433.0 823.3047 
930000 2371 799.354 33183.0 33.409 35.19 1171 614262.0 858.3742 
931000 2372 798.027 33228.0 33.421 35.1085 1172 615111.0 832.9368 
932000 2372 798.027 33266.0 33.421 35.1085 1172 615781.0 832.9368 
933000 2373 820.066 33321.0 34.512 36.0818 1173 616666.0 895.6431 
934000 2374 834.345 33362.0 35.202 36.733 1174 617390.0 926.4788 
935000 2375 838.818 33388.0 35.098 36.8801 1175 618034.0 901.7309 
936000 2375 838.818 33421.0 35.098 36.8801 1175 618589.0 901.7309 
937000 2377 833.337 33471.0 34.755 36.6642 1177 619313.0 805.7621 
938000 2377 833.337 33510.0 34.755 36.6642 1177 620018.0 805.7621 
939000 2380 829.984 33559.0 34.658 36.5121 1179 620810.0 815.3373 
940000 2380 829.984 33606.0 34.658 36.5121 1179 621860.0 815.3373 
941000 2383 824.664 33655.0 34.84 36.2859 1181 622658.0 798.8832 
942000 2383 824.664 33692.0 34.84 36.2859 1181 623313.0 798.8832 
943000 2384 848.051 33727.0 35.583 37.327 1182 623947.0 902.2949 
944000 2385 846.51 33775.0 35.551 37.3167 1183 624696.0 871.9654 
945000 2386 842.5 33823.0 35.5 37.1134 1184 625716.0 856.7688 
946000 2388 839.974 33857.0 35.302 37.0121 1186 626289.0 790.0428 
947000 2389 838.415 33904.0 35.216 36.911 1187 627013.0 762.4385 
948000 2390 834.486 33947.0 35.112 36.7392 1188 627797.0 738.0946 
949000 2391 838.577 33996.0 35.349 36.9309 1189 628632.0 741.7852 
950000 2394 818.377 34039.0 34.584 36.0605 1191 629379.0 715.066 
951000 2394 818.377 34093.0 34.584 36.0605 1191 630299.0 715.066 
952000 2395 830.989 34130.0 35.253 36.5711 1192 630993.0 761.4594 
953000 2397 819.097 34186.0 34.964 36.0699 1194 631852.0 698.9421 
954000 2399 816.805 34222.0 34.927 35.9993 1194 632540.0 698.9421 
955000 2400 803.229 34271.0 34.228 35.3945 1195 633329.0 751.7479 
956000 2401 817.784 34317.0 34.903 36.0227 1196 634318.0 811.4731 
957000 2403 801.176 34359.0 34.269 35.2856 1198 634992.0 710.4532 
958000 2405 787.851 34391.0 33.52 34.6573 1199 635570.0 693.7079 
959000 2405 787.851 34445.0 33.52 34.6573 1199 636480.0 693.7079 
960000 2405 787.851 34487.0 33.52 34.6573 1199 637180.0 693.7079 
961000 2408 800.414 34528.0 34.224 35.2279 1201 638028.0 773.3234 
962000 2408 800.414 34572.0 34.224 35.2279 1201 639048.0 773.3234 
963000 2409 831.485 34624.0 35.699 36.5905 1202 639872.0 921.8911 
964000 2409 831.485 34663.0 35.699 36.5905 1202 640732.0 921.8911 
965000 2410 847.776 34707.0 36.425 37.3235 1203 641527.0 972.7019 
966000 2413 825.972 34754.0 35.481 36.3808 1205 642474.0 905.3086 
967000 2415 810.422 34791.0 34.724 35.6768 1206 643327.0 875.0777 
968000 2416 811.294 34831.0 34.729 35.6775 1207 644191.0 867.4699 
969000 2417 811.828 34874.0 34.715 35.7571 1208 644986.0 855.223 
970000 2419 808.598 34918.0 34.627 35.6228 1210 645679.0 798.3406 
971000 2419 808.598 34970.0 34.627 35.6228 1210 646599.0 798.3406 
972000 2421 816.252 35010.0 35.248 35.9573 1210 647387.0 798.3406 
973000 2422 810.387 35059.0 34.943 35.6998 1211 648297.0 922.8065 
974000 2423 815.539 35089.0 35.024 35.8855 1211 648981.0 922.8065 
975000 2425 809.731 35129.0 34.724 35.6656 1212 649744.0 993.3259 
976000 2426 801.236 35167.0 34.23 35.2766 1213 650458.0 953.7933 
977000 2427 809.171 35210.0 34.585 35.6631 1214 651048.0 941.914 
978000 2428 812.068 35250.0 34.573 35.762 1215 651817.0 907.6226 
979000 2430 795.583 35283.0 33.811 35.0771 1215 652420.0 907.6226 
980000 2431 802.731 35319.0 33.875 35.3471 1216 653234.0 939.5603 
981000 2432 808.457 35364.0 34.178 35.6433 1217 653899.0 939.6043 
982000 2433 821.107 35397.0 34.614 36.1662 1217 654478.0 939.6043 
983000 2434 812.105 35436.0 34.142 35.8127 1218 655207.0 963.4439 
984000 2437 792.264 35484.0 33.281 34.8751 1219 655939.0 966.7995 
985000 2438 791.279 35524.0 33.275 34.8858 1220 656634.0 924.6195 
986000 2440 790.233 35570.0 33.284 34.812 1222 657577.0 877.2518 
987000 2441 793.969 35604.0 33.278 34.977 1223 658186.0 847.4266 
988000 2441 793.969 35646.0 33.278 34.977 1223 659106.0 847.4266 
989000 2442 807.929 35694.0 33.933 35.619 1224 659931.0 888.684 
990000 2442 807.929 35730.0 33.933 35.619 1224 660561.0 888.684 
991000 2444 822.925 35782.0 34.621 36.2751 1226 661569.0 904.844 
992000 2445 820.507 35823.0 34.588 36.1346 1227 662293.0 871.7596 
993000 2446 822.397 35862.0 34.577 36.2667 1228 663158.0 841.5837 
994000 2447 821.289 35913.0 34.565 36.19 1229 663992.0 834.3253 
995000 2447 821.289 35960.0 34.565 36.19 1229 664817.0 834.3253 
996000 2448 849.563 36000.0 35.974 37.4427 1230 665561.0 933.7928 
997000 2451 818.819 36041.0 34.693 36.1209 1232 666184.0 818.4421 
998000 2454 801.901 36075.0 33.862 35.3213 1233 666826.0 846.2979 
999000 2454 801.901 36129.0 33.862 35.3213 1233 667861.0 846.2979 
1000000 2456 801.773 36168.0 33.894 35.3469 1233 668609.0 846.2979 
