10000 332 31.234 -247.0 -0.701 0.1071 66 -247.0 -3.5581 
20000 653 30.998 -486.0 -0.747 0.0931 130 -486.0 -3.6407 
30000 973 30.752 -719.0 -0.741 0.1025 194 -719.0 -3.6215 
40000 1301 32.613 -964.0 -0.671 0.3172 260 -958.0 -2.7331 
50000 1624 29.783 -1214.0 -0.814 0.3192 324 -1208.0 -3.991 
60000 1930 29.262 -1439.0 -0.806 0.3061 386 -1433.0 -4.0243 
70000 2219 39.642 -1634.0 -0.558 0.3946 443 -1625.0 -2.676 
80000 2523 33.953 -1851.0 -0.671 0.3549 504 -1839.0 -3.3306 
90000 2828 33.874 -2071.0 -0.708 0.3484 565 -2059.0 -3.8898 
100000 3097 39.465 -2239.0 -0.579 0.3954 619 -2224.0 -2.761 
110000 3389 35.093 -2439.0 -0.639 0.3576 677 -2418.0 -3.2414 
120000 3700 32.225 -2678.0 -0.766 0.3423 740 -2657.0 -3.8298 
130000 3983 36.259 -2870.0 -0.668 0.3785 796 -2846.0 -3.2071 
140000 4293 33.935 -3103.0 -0.707 0.3403 858 -3079.0 -3.4296 
150000 4555 40.204 -3265.0 -0.567 0.4007 911 -3241.0 -2.841 
160000 4835 37.49 -3451.0 -0.612 0.3743 967 -3427.0 -3.0447 
170000 5080 43.527 -3590.0 -0.522 0.4348 1016 -3560.0 -2.3537 
180000 5344 40.064 -3754.0 -0.565 0.3932 1068 -3724.0 -2.9361 
190000 5648 35.791 -3980.0 -0.699 0.3774 1129 -3947.0 -3.2059 
200000 5906 42.101 -4139.0 -0.547 0.439 1181 -4103.0 -2.6626 
210000 6179 36.866 -4317.0 -0.625 0.3776 1235 -4281.0 -3.0672 
220000 6410 49.48 -4431.0 -0.377 0.4972 1282 -4383.0 -1.0476 
230000 6559 66.653 -4409.0 0.146 0.7003 1311 -4346.0 0.7923 
240000 6704 73.821 -4388.0 0.255 0.7623 1340 -4301.0 2.2295 
250000 6822 82.467 -4315.0 0.56 0.8343 1364 -4189.0 4.5381 
260000 6929 93.588 -4222.0 0.865 0.9513 1385 -4060.0 5.8691 
270000 7011 118.112 -4076.0 1.671 1.1983 1402 -3863.0 11.3857 
280000 7073 154.344 -3896.0 2.667 1.5822 1414 -3632.0 17.6576 
290000 7140 151.873 -3723.0 2.673 1.5241 1428 -3369.0 19.8494 
300000 7207 148.787 -3539.0 2.715 1.4963 1441 -3104.0 19.8622 
310000 7258 189.014 -3325.0 3.976 1.9116 1451 -2743.0 29.6918 
320000 7305 207.341 -3110.0 4.426 2.1078 1461 -2378.0 36.9883 
330000 7345 229.464 -2887.0 5.034 2.3211 1469 -2002.0 42.836 
340000 7381 255.092 -2657.0 5.756 2.5775 1476 -1571.0 53.2513 
350000 7429 231.569 -2433.0 5.208 2.338 1485 -1143.0 49.3534 
360000 7475 224.307 -2196.0 5.209 2.2475 1495 -666.0 51.791 
370000 7513 249.675 -1961.0 5.853 2.5145 1502 -218.0 54.8404 
380000 7555 234.098 -1724.0 5.49 2.3342 1511 226.0 51.9303 
390000 7595 236.791 -1477.0 5.628 2.3742 1519 665.0 50.5621 
400000 7632 262.653 -1229.0 6.431 2.656 1526 1156.0 59.0868 
410000 7668 272.855 -954.0 7.156 2.7868 1533 1863.0 86.3085 
420000 7710 248.422 -715.0 6.219 2.4962 1542 2324.0 65.9193 
430000 7752 248.071 -464.0 6.234 2.4792 1550 2908.0 70.1473 
440000 7786 263.562 -168.0 7.307 2.6582 1557 3708.0 93.8118 
450000 7820 276.98 151.0 8.252 2.8006 1564 4705.0 120.6157 
460000 7862 256.54 452.0 7.814 2.5914 1572 5546.0 115.933 
470000 7891 304.976 807.0 10.173 3.096 1578 6753.0 164.5178 
480000 7925 289.583 1145.0 9.738 2.9286 1585 7874.0 160.0728 
490000 7967 275.035 1450.0 8.938 2.7947 1593 8779.0 139.0991 
500000 7994 317.161 1812.0 10.961 3.2106 1598 10077.0 173.265 
510000 8026 312.548 2154.0 10.776 3.1364 1605 11271.0 189.2912 
520000 8056 316.385 2483.0 10.613 2.9271 1611 12389.0 184.2601 
530000 8084 331.906 2814.0 10.923 3.1535 1616 13422.0 181.9497 
540000 8117 315.195 3103.0 9.808 3.0937 1623 14089.0 140.3509 
550000 8151 305.391 3416.0 9.466 3.0403 1630 14978.0 124.2017 
560000 8190 271.611 3765.0 8.665 2.7491 1638 16146.0 126.8704 
570000 8216 322.609 4138.0 11.127 3.2654 1643 17482.0 172.8317 
580000 8243 349.97 4505.0 12.298 3.5396 1648 18968.0 221.7068 
590000 8269 366.806 4892.0 13.634 3.7042 1653 20408.0 232.1482 
600000 8298 358.584 5245.0 13.11 3.625 1659 21592.0 246.4329 
610000 8324 367.997 5656.0 13.981 3.7273 1664 23152.0 257.8011 
620000 8346 387.436 6015.0 14.506 3.9277 1669 24507.0 275.9236 
630000 8372 384.094 6399.0 14.454 3.8612 1674 25929.0 274.3147 
640000 8405 354.747 6728.0 12.703 3.5518 1681 26996.0 219.1063 
650000 8433 348.34 7080.0 12.326 3.4918 1686 28146.0 210.8534 
660000 8460 352.864 7522.0 14.012 3.5241 1692 29926.0 264.6796 
670000 8480 399.057 7892.0 15.439 3.9646 1696 31457.0 304.8735 
680000 8505 403.652 8264.0 15.219 4.0257 1701 32873.0 290.8422 
690000 8527 420.268 8630.0 15.59 4.2106 1705 34319.0 315.6911 
700000 8552 409.827 8991.0 15.154 4.1203 1710 35598.0 296.884 
710000 8573 438.375 9364.0 16.243 4.3802 1714 37168.0 299.0627 
720000 8592 463.524 9705.0 16.754 4.6582 1718 38499.0 334.8829 
730000 8616 444.006 10068.0 16.086 4.4961 1723 39960.0 320.8191 
740000 8639 440.559 10434.0 16.048 4.4822 1727 41463.0 317.6458 
750000 8660 431.983 10844.0 16.371 4.396 1732 42965.0 323.7514 
760000 8685 435.236 11232.0 16.841 4.4138 1737 44655.0 340.8055 
770000 8694 540.046 11434.0 17.647 5.4811 1738 45490.0 349.3249 
780000 8708 587.864 11717.0 18.392 5.9633 1741 46628.0 358.6399 
790000 8726 582.754 12014.0 17.853 5.8926 1745 47732.0 359.5223 
800000 8745 553.375 12381.0 17.851 5.5687 1749 49224.0 364.8009 
810000 8771 481.215 12771.0 16.668 4.8525 1754 50733.0 337.5155 
820000 8793 490.504 13127.0 17.002 4.9401 1758 52172.0 314.4764 
830000 8813 477.414 13421.0 15.708 4.8142 1762 53288.0 322.7487 
840000 8829 531.247 13723.0 16.943 5.3804 1765 54565.0 340.4328 
850000 8845 546.877 13977.0 16.266 5.5198 1769 55542.0 321.7717 
860000 8871 484.955 14345.0 15.542 4.8694 1774 56831.0 291.1404 
870000 8894 466.944 14742.0 16.226 4.7068 1778 58509.0 314.5056 
880000 8912 494.044 15050.0 16.54 4.9574 1782 59549.0 316.5282 
890000 8930 507.207 15366.0 16.792 5.0917 1786 60888.0 328.7524 
900000 8950 500.987 15716.0 16.939 5.0452 1790 62333.0 338.9495 
910000 8974 464.161 16114.0 16.499 4.6911 1794 63880.0 340.7625 
920000 8995 462.85 16510.0 17.271 4.7043 1799 65566.0 349.9657 
930000 9012 505.867 16866.0 18.557 5.1406 1802 67050.0 360.435 
940000 9038 453.945 17220.0 16.568 4.6116 1807 68343.0 339.4245 
950000 9065 409.634 17637.0 15.595 4.1536 1813 70089.0 311.7983 
960000 9086 429.982 18023.0 16.484 4.3704 1817 71675.0 339.519 
970000 9112 393.945 18395.0 14.459 3.9695 1822 72971.0 278.4373 
980000 9132 441.832 18725.0 16.027 4.4791 1826 74240.0 312.8346 
990000 9155 440.519 19100.0 16.247 4.4587 1831 75821.0 324.5052 
1000000 9183 400.889 19466.0 14.43 4.071 1836 77219.0 294.741 
1010000 9213 359.691 19792.0 12.539 3.6267 1842 78421.0 251.0142 
1020000 9261 263.459 20056.0 8.069 2.6645 1852 79051.0 128.6998 
1030000 9300 263.072 20322.0 7.669 2.6662 1860 79749.0 113.7601 
1040000 9322 338.563 20695.0 11.174 3.4302 1864 81238.0 198.4269 
1050000 9345 369.255 21038.0 12.434 3.755 1869 82484.0 227.1928 
1060000 9365 408.982 21430.0 14.707 4.1519 1873 84079.0 286.0504 
1070000 9384 454.106 21748.0 15.55 4.6456 1876 85360.0 294.4097 
1080000 9406 453.499 22115.0 15.982 4.5973 1881 86813.0 320.9824 
1090000 9428 457.032 22536.0 17.22 4.6395 1885 88548.0 324.3084 
1100000 9454 417.805 22876.0 15.204 4.2539 1890 89683.0 286.0553 
1110000 9475 434.584 23221.0 15.532 4.4078 1895 91048.0 298.8623 
1120000 9498 414.605 23627.0 16.115 4.1902 1899 92738.0 306.705 
1130000 9523 418.852 23979.0 15.474 4.2576 1904 93993.0 279.3502 
1140000 9545 434.778 24313.0 15.686 4.3884 1909 95263.0 303.8303 
1150000 9570 420.54 24729.0 16.049 4.2481 1914 96900.0 312.8945 
1160000 9595 402.263 25216.0 16.606 4.0898 1919 98977.0 335.7005 
1170000 9622 384.853 25541.0 14.643 3.9463 1924 100184.0 297.4201 
1180000 9646 397.302 25946.0 15.626 4.0352 1929 101792.0 313.8781 
1190000 9670 408.319 26343.0 16.07 4.1284 1934 103437.0 321.5166 
1200000 9690 434.131 26731.0 17.055 4.3792 1938 105025.0 346.5241 
1210000 9716 415.226 27064.0 15.291 4.2198 1943 106105.0 282.9311 
1220000 9738 425.158 27493.0 16.476 4.3294 1947 107929.0 321.7687 
1230000 9758 445.229 27827.0 16.455 4.5381 1951 109247.0 326.4899 
1240000 9777 470.394 28201.0 17.319 4.779 1955 110809.0 344.9271 
1250000 9798 469.418 28426.0 15.587 4.761 1959 111529.0 308.6243 
1260000 9825 425.506 28758.0 14.315 4.2957 1965 112752.0 272.5091 
1270000 9855 388.41 29102.0 13.328 3.9355 1971 113996.0 250.4399 
1280000 9879 401.832 29480.0 14.25 4.0703 1975 115415.0 286.2768 
1290000 9902 411.667 29860.0 14.981 4.1288 1980 116929.0 298.0868 
1300000 9927 399.556 30289.0 15.466 4.0143 1985 118678.0 318.792 
1310000 9943 453.616 30593.0 16.719 4.526 1988 119891.0 315.8204 
1320000 9961 487.199 30862.0 16.118 4.8291 1992 120946.0 328.1885 
1330000 9987 448.588 31239.0 15.737 4.4457 1997 122151.0 279.5039 
1340000 10011 433.832 31599.0 15.515 4.3168 2002 123564.0 295.5221 
1350000 10030 461.163 31940.0 16.128 4.6412 2006 124922.0 313.823 
1360000 10047 475.944 32258.0 15.975 4.7764 2009 126230.0 314.96 
1370000 10068 489.638 32641.0 17.454 4.922 2013 127798.0 337.6971 
1380000 10090 482.078 32966.0 16.705 4.8381 2018 129101.0 337.8584 
1390000 10110 482.426 33286.0 16.187 4.8452 2022 130297.0 321.1223 
1400000 10128 502.106 33664.0 17.662 5.0446 2025 131779.0 330.3651 
1410000 10149 492.184 34024.0 17.362 4.941 2029 133129.0 366.9927 
1420000 10173 462.011 34359.0 15.996 4.6309 2034 134295.0 312.8888 
1430000 10203 400.26 34750.0 14.426 4.0333 2040 135841.0 260.881 
1440000 10231 389.017 35131.0 14.622 3.902 2046 137221.0 278.2051 
1450000 10260 367.623 35480.0 13.414 3.6913 2052 138521.0 251.3825 
1460000 10278 428.214 35812.0 14.962 4.3089 2055 139837.0 262.7728 
1470000 10297 442.44 36201.0 15.776 4.48 2059 141405.0 318.2173 
1480000 10316 477.033 36517.0 16.754 4.8355 2063 142636.0 335.8938 
1490000 10330 523.525 36771.0 16.858 5.3039 2066 143634.0 335.3096 
1500000 10355 478.08 37147.0 16.248 4.8538 2071 145069.0 316.6127 
1510000 10380 438.043 37529.0 15.502 4.4779 2076 146669.0 310.9751 
1520000 10407 408.345 37916.0 14.997 4.1807 2081 148097.0 302.0694 
1530000 10427 429.498 38247.0 15.092 4.3745 2085 149199.0 291.8176 
1540000 10456 399.075 38672.0 14.588 4.0106 2091 150845.0 255.3374 
1550000 10481 402.351 39036.0 15.119 4.0497 2096 152187.0 285.5109 
1560000 10549 196.779 39276.0 5.848 1.9992 2109 152997.0 105.3194 
1570000 10577 264.589 39628.0 8.649 2.707 2115 154126.0 134.9854 
1580000 10599 330.532 40046.0 12.753 3.3738 2119 155897.0 221.8029 
1590000 10623 363.086 40465.0 14.053 3.6952 2124 157657.0 285.1685 
1600000 10641 421.472 40801.0 15.817 4.278 2128 158989.0 325.6162 
1610000 10665 410.427 41233.0 16.164 4.1537 2133 160741.0 333.9713 
1620000 10694 381.359 41610.0 14.531 3.8711 2138 162168.0 284.9647 
1630000 10716 415.313 41973.0 15.65 4.2214 2143 163455.0 291.0844 
1640000 10732 467.776 42291.0 16.561 4.7246 2146 164697.0 323.5025 
1650000 10753 459.922 42660.0 17.193 4.6702 2150 166218.0 324.465 
1660000 10776 458.746 43011.0 16.148 4.6422 2155 167520.0 301.8635 
1670000 10800 439.153 43354.0 15.729 4.4126 2160 168853.0 303.9087 
1680000 10816 491.288 43674.0 16.932 4.9993 2163 170130.0 335.6244 
1690000 10840 450.335 44108.0 17.019 4.6249 2168 171815.0 337.1435 
1700000 10858 494.002 44445.0 18.073 5.1052 2171 173274.0 353.5556 
1710000 10881 473.392 44802.0 17.13 4.9196 2176 174750.0 354.295 
1720000 10909 416.803 45159.0 15.077 4.3291 2181 176091.0 323.2015 
1730000 10930 432.037 45557.0 16.245 4.506 2186 177548.0 318.5872 
1740000 10957 416.475 45945.0 15.862 4.3412 2191 179064.0 290.8959 
1750000 10983 398.844 46310.0 14.955 4.1728 2196 180500.0 312.9249 
1760000 11007 405.839 46710.0 15.609 4.2558 2201 182094.0 292.7526 
1770000 11028 431.119 47017.0 15.657 4.5219 2205 183250.0 286.9544 
1780000 11042 501.48 47268.0 16.079 5.2573 2208 184164.0 322.8807 
1790000 11061 501.008 47629.0 16.689 5.2441 2212 185533.0 321.5838 
1800000 11087 461.911 48017.0 16.234 4.8529 2217 187040.0 320.3988 
1810000 11118 395.119 48399.0 14.247 4.1379 2223 188442.0 276.8293 
1820000 11142 401.29 48763.0 14.411 4.2018 2228 189733.0 267.8745 
1830000 11166 399.758 49158.0 14.905 4.1913 2233 191268.0 287.996 
1840000 11192 391.769 49522.0 14.39 4.0994 2238 192592.0 273.8082 
1850000 11217 400.918 49944.0 15.595 4.2004 2243 194247.0 295.2165 
1860000 11246 372.244 50292.0 13.69 3.8894 2249 195492.0 248.6292 
1870000 11269 402.205 50663.0 14.961 4.1976 2253 197012.0 270.9465 
1880000 11290 408.98 51025.0 14.972 4.2692 2258 198298.0 286.8027 
1890000 11310 442.666 51326.0 15.191 4.6305 2262 199502.0 292.2638 
1900000 11328 488.492 51677.0 16.941 5.0834 2265 200996.0 319.4113 
1910000 11350 473.671 52032.0 16.63 4.9257 2270 202413.0 330.0638 
1920000 11372 462.363 52369.0 16.409 4.8057 2274 203614.0 283.0053 
1930000 11393 473.611 52677.0 15.785 4.9358 2278 204777.0 315.3465 
1940000 11411 491.741 53022.0 16.584 5.1093 2282 206175.0 332.3617 
1950000 11437 446.503 53373.0 15.329 4.6558 2287 207501.0 303.8671 
1960000 11461 437.99 53761.0 15.749 4.57 2292 208927.0 298.2779 
1970000 11477 489.621 54108.0 17.311 5.051 2295 210429.0 330.5496 
1980000 11500 453.12 54461.0 16.302 4.6122 2300 211808.0 326.7482 
1990000 11521 476.855 54812.0 17.031 4.8516 2304 213284.0 343.0136 
2000000 11538 515.975 55117.0 17.359 5.2669 2307 214528.0 329.3119 
2010000 11559 498.322 55458.0 16.935 5.1221 2311 215835.0 321.4602 
2020000 11585 447.955 55827.0 15.501 4.6372 2317 217221.0 301.0306 
2030000 11608 448.268 56222.0 16.174 4.6686 2321 218717.0 314.6913 
2040000 11630 439.727 56620.0 16.521 4.5788 2326 220351.0 330.8666 
2050000 11648 476.794 56992.0 17.765 4.9724 2329 221827.0 334.0938 
2060000 11672 457.408 57426.0 17.961 4.7576 2334 223524.0 362.6807 
2070000 11697 426.546 57800.0 16.512 4.4498 2339 224921.0 330.8289 
2080000 11722 426.528 58244.0 17.396 4.4342 2344 226673.0 338.2451 
2090000 11751 392.67 58614.0 15.364 4.0888 2350 228024.0 291.2746 
2100000 11775 392.362 58964.0 14.729 4.101 2355 229391.0 281.2026 
2110000 11797 417.345 59337.0 15.524 4.3524 2359 230895.0 311.4159 
2120000 11815 462.772 59709.0 17.126 4.8232 2363 232494.0 345.1963 
2130000 11839 429.638 60072.0 16.438 4.4902 2367 233871.0 313.5305 
2140000 11858 473.246 60453.0 17.634 4.9464 2371 235422.0 339.6697 
2150000 11881 460.642 60790.0 16.744 4.8099 2376 236695.0 332.6978 
2160000 11900 460.068 61096.0 15.762 4.8212 2380 237781.0 305.0057 
2170000 11918 503.552 61410.0 16.999 5.2631 2383 239127.0 321.9732 
2180000 11945 442.4 61791.0 15.716 4.6395 2389 240603.0 310.3063 
2190000 11964 473.242 62136.0 16.655 4.9539 2392 241986.0 314.7123 
2200000 11985 464.319 62537.0 17.232 4.877 2397 243593.0 350.0157 
2210000 12009 454.873 62968.0 17.757 4.7659 2401 245401.0 351.6933 
2220000 12029 472.964 63331.0 18.024 4.9619 2405 246886.0 363.2654 
2230000 12050 470.118 63680.0 17.415 4.9392 2410 248243.0 354.0953 
2240000 12072 456.72 64036.0 16.77 4.7808 2414 249628.0 349.0654 
2250000 12096 452.36 64404.0 16.705 4.7426 2419 250965.0 320.3364 
2260000 12120 430.496 64791.0 16.109 4.5066 2424 252426.0 309.3926 
2270000 12147 412.943 65222.0 16.251 4.3301 2429 254273.0 334.6498 
2280000 12162 479.588 65526.0 17.288 5.0215 2432 255405.0 340.7337 
2290000 12182 483.215 65869.0 17.056 5.0669 2436 256753.0 329.4461 
2300000 12203 482.215 66233.0 17.099 5.052 2440 258281.0 358.3054 
2310000 12225 463.825 66618.0 16.925 4.8531 2445 259782.0 336.8241 
2320000 12247 468.129 66985.0 17.109 4.907 2449 261292.0 345.6647 
2330000 12271 439.431 67428.0 17.302 4.5945 2454 263163.0 363.3702 
2340000 12296 419.383 67839.0 16.76 4.3927 2459 264789.0 343.3282 
2350000 12321 412.271 68216.0 16.112 4.3196 2464 266234.0 322.7532 
2360000 12344 415.925 68610.0 15.988 4.3488 2468 267816.0 323.6309 
2370000 12365 417.878 69023.0 16.555 4.3723 2473 269426.0 327.9515 
2380000 12393 407.803 69371.0 15.569 4.2665 2478 270599.0 292.1756 
2390000 12425 366.576 69788.0 14.595 3.7853 2485 272195.0 276.2278 
2400000 12451 367.481 70194.0 14.864 3.7876 2490 273846.0 295.3328 
2410000 12471 406.526 70566.0 15.945 4.1837 2494 275301.0 318.5608 
2420000 12495 409.21 70974.0 16.272 4.1918 2499 276936.0 321.2301 
2430000 12518 418.622 71328.0 15.819 4.2876 2503 278268.0 323.0116 
2440000 12540 426.973 71697.0 16.027 4.3689 2508 279726.0 313.7823 
2450000 12572 376.714 72047.0 13.691 3.8591 2514 280859.0 250.1618 
2460000 12600 373.873 72495.0 14.899 3.8309 2520 282777.0 291.9167 
2470000 12625 384.971 72905.0 15.617 3.9343 2525 284381.0 307.7442 
2480000 12648 404.28 73291.0 16.282 4.1319 2529 285856.0 293.5811 
2490000 12671 415.088 73681.0 16.544 4.2601 2534 287464.0 337.0884 
2500000 12692 431.972 74006.0 15.958 4.4182 2538 288572.0 310.3579 
2510000 12710 451.806 74356.0 16.327 4.631 2542 290011.0 325.2246 
2520000 12731 468.893 74702.0 16.711 4.7922 2546 291428.0 333.3838 
2530000 12742 560.133 74959.0 18.427 5.7094 2548 292573.0 349.5909 
2540000 12758 573.847 75215.0 17.364 5.8165 2551 293534.0 368.7847 
2550000 12778 546.369 75579.0 17.557 5.5194 2555 294981.0 359.9055 
2560000 12799 526.529 75971.0 18.157 5.3305 2559 296618.0 357.9206 
2570000 12822 496.722 76345.0 17.51 5.0186 2564 298063.0 356.804 
2580000 12854 414.232 76714.0 14.919 4.159 2570 299356.0 264.1396 
2590000 12880 404.689 77069.0 14.591 4.0806 2576 300656.0 275.3189 
2600000 12906 382.274 77471.0 14.236 3.8544 2581 302057.0 264.8749 
2610000 12927 432.683 77893.0 16.984 4.3495 2585 303886.0 309.0512 
2620000 12959 370.352 78268.0 14.033 3.7312 2591 305209.0 269.1565 
2630000 12986 376.969 78620.0 14.131 3.8068 2597 306443.0 262.2665 
2640000 13004 422.342 78976.0 15.809 4.2438 2600 307930.0 290.1733 
2650000 13015 501.064 79248.0 16.464 5.0296 2603 308940.0 327.0263 
2660000 13035 509.196 79559.0 16.886 5.1122 2607 310262.0 338.8192 
2670000 13057 489.536 79938.0 16.923 4.9572 2611 311775.0 342.414 
2680000 13076 496.189 80242.0 16.545 4.9641 2615 313036.0 339.7588 
2690000 13096 499.461 80641.0 17.683 5.0126 2619 314617.0 356.5042 
2700000 13117 494.271 80967.0 16.996 4.9992 2623 315831.0 333.3348 
2710000 13145 429.909 81395.0 16.0 4.3566 2629 317684.0 322.6755 
2720000 13176 380.329 81730.0 13.61 3.8889 2635 318754.0 254.4075 
2730000 13200 402.178 82152.0 15.373 4.1236 2640 320526.0 298.7518 
2740000 13220 430.036 82532.0 16.389 4.3989 2644 322052.0 327.4124 
2750000 13241 445.44 82935.0 17.04 4.5647 2648 323697.0 351.9783 
2760000 13264 444.649 83297.0 16.627 4.5306 2652 325142.0 326.8524 
2770000 13286 451.434 83662.0 16.689 4.6011 2657 326455.0 324.6638 
2780000 13308 453.145 84108.0 18.014 4.586 2661 328392.0 347.9102 
2790000 13326 464.533 84502.0 17.921 4.7105 2665 330007.0 368.237 
2800000 13341 531.19 84806.0 19.118 5.3697 2668 331217.0 381.4638 
2810000 13363 506.482 85169.0 18.77 5.132 2672 332744.0 377.871 
2820000 13385 480.059 85524.0 17.655 4.8647 2677 334038.0 352.3181 
2830000 13404 498.628 85894.0 18.362 5.0349 2680 335566.0 362.5209 
2840000 13431 445.542 86277.0 16.667 4.4988 2686 337011.0 331.7807 
2850000 13487 245.771 86594.0 8.393 2.4895 2697 338207.0 164.5806 
2860000 13530 254.889 86925.0 8.607 2.4229 2706 339450.0 160.4923 
2870000 13554 313.877 87335.0 11.786 2.8377 2710 341060.0 211.6196 
2880000 13575 367.284 87667.0 13.027 3.3131 2715 342226.0 244.6084 
2890000 13601 370.307 88037.0 13.412 3.3562 2720 343586.0 252.8479 
2900000 13627 377.039 88456.0 14.521 3.4427 2725 345289.0 290.7615 
2910000 13651 384.867 88792.0 14.074 3.5499 2730 346447.0 267.3184 
2920000 13676 393.42 89181.0 14.845 3.6266 2735 348018.0 290.7826 
2930000 13697 431.4 89511.0 15.368 3.9576 2739 349236.0 292.9928 
2940000 13719 432.581 89904.0 16.298 3.9477 2743 350898.0 308.1491 
2950000 13744 418.549 90294.0 15.873 3.8249 2748 352431.0 313.6026 
2960000 13767 421.359 90668.0 15.744 3.8671 2753 353780.0 297.8567 
2970000 13791 414.402 91000.0 15.236 3.8137 2758 354994.0 295.728 
2980000 13815 412.587 91433.0 16.179 3.8056 2763 356795.0 319.7889 
2990000 13836 436.959 91828.0 17.247 4.0034 2767 358417.0 321.5655 
3000000 13868 375.616 92166.0 13.971 3.4339 2773 359487.0 267.5911 
3010000 13904 315.249 92501.0 11.071 2.8827 2780 360614.0 203.6991 
3020000 13929 355.05 92840.0 12.231 3.228 2785 361823.0 204.7732 
3030000 13952 385.605 93255.0 14.433 3.4947 2790 363510.0 278.9467 
3040000 13970 432.39 93574.0 15.232 3.9558 2794 364852.0 300.1737 
3050000 13995 416.664 93983.0 15.582 3.8313 2799 366419.0 302.8145 
3060000 14014 450.14 94344.0 16.62 4.1213 2802 367869.0 331.8298 
3070000 14036 449.162 94730.0 16.883 4.1093 2807 369479.0 345.644 
3080000 14065 403.07 95090.0 14.965 3.6717 2813 370799.0 290.4278 
3090000 14090 400.783 95496.0 15.61 3.6493 2818 372339.0 303.2091 
3100000 14111 417.882 95851.0 15.756 3.782 2822 373714.0 314.9788 
3110000 14135 410.837 96266.0 16.035 3.7201 2827 375326.0 314.6732 
3120000 14146 504.788 96467.0 16.219 4.5908 2829 376160.0 325.9553 
3130000 14173 448.945 96797.0 14.696 4.0709 2834 377315.0 291.5235 
3140000 14191 475.959 97178.0 16.369 4.2885 2838 378896.0 328.2422 
3150000 14211 458.683 97556.0 16.226 4.1101 2842 380381.0 320.4606 
3160000 14235 464.242 97828.0 15.301 4.1434 2847 381337.0 290.0721 
3170000 14257 463.503 98197.0 15.865 4.138 2851 382852.0 317.7194 
3180000 14281 451.969 98588.0 16.11 4.0618 2856 384443.0 317.2159 
3190000 14300 470.362 98941.0 16.72 4.2516 2860 385912.0 339.8549 
3200000 14323 466.5 99243.0 15.462 4.2173 2864 387132.0 323.453 
3210000 14349 425.236 99628.0 14.714 3.8622 2869 388651.0 309.1705 
3220000 14368 441.65 100004.0 16.331 4.0153 2873 390209.0 305.8335 
3230000 14394 431.583 100405.0 16.16 3.9341 2878 391750.0 306.6258 
3240000 14411 476.209 100739.0 17.109 4.3596 2882 393026.0 338.7093 
3250000 14431 485.895 101088.0 17.175 4.4264 2886 394545.0 357.716 
3260000 14455 457.46 101457.0 16.419 4.1675 2891 395889.0 321.1694 
3270000 14481 431.77 101830.0 15.721 3.9546 2896 397270.0 305.2966 
3280000 14507 408.891 102261.0 15.657 3.7028 2901 398931.0 297.3193 
3290000 14528 432.234 102642.0 16.732 3.8878 2905 400479.0 324.2346 
3300000 14547 463.383 102962.0 16.84 4.147 2909 401576.0 322.7048 
3310000 14570 451.473 103331.0 16.462 4.0289 2914 403067.0 316.1097 
3320000 14596 423.952 103715.0 15.781 3.8056 2919 404498.0 305.0677 
3330000 14612 480.558 104027.0 16.974 4.301 2922 405683.0 305.3173 
3340000 14638 446.65 104430.0 16.619 3.9841 2927 407247.0 306.0381 
3350000 14655 473.521 104751.0 16.657 4.2204 2931 408504.0 326.8519 
3360000 14683 438.801 105104.0 15.42 3.9404 2936 409847.0 307.9159 
3370000 14706 423.111 105439.0 14.586 3.8048 2941 411103.0 280.0765 
3380000 14735 396.187 105830.0 14.359 3.5776 2947 412745.0 278.735 
3390000 14757 402.868 106195.0 14.697 3.6585 2951 414202.0 306.2357 
3400000 14786 380.767 106572.0 13.956 3.4523 2957 415542.0 266.4507 
3410000 14809 398.308 106931.0 14.305 3.6313 2961 416825.0 266.7072 
3420000 14826 446.184 107269.0 15.452 4.0575 2965 418174.0 289.7011 
3430000 14845 483.374 107590.0 16.578 4.3991 2969 419383.0 314.3044 
3440000 14864 501.94 107922.0 17.095 4.5672 2972 420672.0 317.0349 
3450000 14885 493.856 108277.0 16.996 4.5212 2977 422083.0 331.1069 
3460000 14907 476.527 108679.0 17.189 4.3656 2981 423706.0 350.7135 
3470000 14930 455.151 109057.0 16.764 4.1534 2986 425182.0 329.8995 
3480000 14945 487.184 109439.0 17.717 4.4461 2989 426797.0 355.1978 
3490000 14970 466.523 109770.0 16.976 4.2482 2994 427998.0 333.5857 
3500000 14991 448.565 110177.0 16.893 4.0807 2998 429554.0 341.5486 
3510000 15016 437.029 110544.0 16.493 3.9839 3003 430950.0 320.2262 
3520000 15041 421.492 110886.0 15.337 3.8514 3008 432279.0 298.7043 
3530000 15069 391.896 111306.0 14.835 3.5574 3013 433959.0 289.2871 
3540000 15088 436.993 111620.0 15.601 3.9631 3017 435134.0 306.9323 
3550000 15112 408.568 112029.0 15.119 3.713 3022 436788.0 300.8629 
3560000 15143 385.271 112345.0 13.629 3.5164 3028 437875.0 265.1054 
3570000 15163 420.926 112706.0 14.94 3.8416 3032 439217.0 269.4916 
3580000 15186 426.671 113083.0 15.55 3.9052 3037 440758.0 309.2522 
3590000 15208 436.473 113459.0 16.073 3.9679 3041 442160.0 315.6476 
3600000 15233 415.579 113881.0 16.098 3.7985 3046 443935.0 338.4307 
3610000 15259 406.884 114291.0 16.109 3.7013 3051 445533.0 308.249 
3620000 15281 413.257 114666.0 16.056 3.7567 3056 446958.0 325.1604 
3630000 15303 439.619 115050.0 16.876 4.0098 3060 448503.0 315.5556 
3640000 15320 475.507 115385.0 17.428 4.3616 3064 449771.0 347.4753 
3650000 15337 508.367 115666.0 16.884 4.662 3067 450901.0 336.3155 
3660000 15367 428.865 116018.0 14.68 3.9284 3073 452144.0 287.5389 
3670000 15385 458.013 116305.0 14.689 4.2052 3077 453145.0 273.198 
3680000 15415 408.159 116713.0 14.584 3.7345 3083 454723.0 276.5038 
3690000 15440 410.233 117086.0 14.808 3.7409 3088 456188.0 282.8162 
3700000 15461 431.944 117404.0 14.839 3.9415 3092 457328.0 283.4904 
3710000 15486 420.992 117822.0 15.53 3.8254 3097 459006.0 303.9423 
3720000 15507 431.179 118228.0 16.0 3.926 3101 460786.0 329.4184 
3730000 15530 433.147 118580.0 16.268 3.9569 3106 462116.0 327.9542 
3740000 15551 449.707 118949.0 16.81 4.0964 3110 463529.0 330.2715 
3750000 15569 455.357 119288.0 16.726 4.1517 3113 464987.0 350.0259 
3760000 15590 468.219 119674.0 17.116 4.2508 3118 466576.0 350.2745 
3770000 15610 475.964 120013.0 17.2 4.3286 3122 467866.0 350.2205 
3780000 15625 519.365 120312.0 17.571 4.7255 3125 469053.0 360.2327 
3790000 15640 559.644 120588.0 17.902 5.0945 3128 470184.0 367.2707 
3800000 15658 559.226 120959.0 19.037 5.0885 3131 471785.0 377.4723 
3810000 15679 532.508 121296.0 17.887 4.8624 3135 473073.0 374.5696 
3820000 15705 468.599 121671.0 16.576 4.2683 3141 474654.0 336.3418 
3830000 15728 451.686 122029.0 16.124 4.1112 3145 475996.0 328.0012 
3840000 15751 442.282 122378.0 15.707 4.0427 3150 477392.0 314.6258 
3850000 15766 485.477 122670.0 16.151 4.4427 3153 478575.0 337.0162 
3860000 15786 502.788 123043.0 17.208 4.5935 3157 480079.0 343.5998 
3870000 15810 449.904 123453.0 16.213 4.104 3162 481644.0 321.0084 
3880000 15830 491.071 123758.0 17.161 4.4794 3166 482939.0 345.997 
3890000 15853 470.809 124117.0 16.587 4.2981 3170 484276.0 305.3552 
3900000 15875 466.397 124365.0 14.766 4.2342 3175 485217.0 288.7018 
3910000 15892 503.345 124638.0 15.144 4.5546 3178 486201.0 299.5366 
3920000 15911 498.904 125034.0 16.498 4.4865 3182 487779.0 324.1565 
3930000 15932 485.403 125386.0 16.031 4.3462 3186 489181.0 321.5055 
3940000 15948 534.815 125698.0 17.6 4.7652 3189 490519.0 344.7895 
3950000 15978 439.646 126094.0 15.443 3.912 3195 492025.0 312.8062 
3960000 15997 450.52 126482.0 16.168 4.0058 3199 493610.0 325.2119 
3970000 16013 511.21 126857.0 18.933 4.5347 3202 495134.0 370.8815 
3980000 16030 519.139 127191.0 18.597 4.6027 3206 496440.0 380.019 
3990000 16053 498.838 127577.0 18.326 4.4238 3210 498065.0 367.5213 
4000000 16080 441.419 127949.0 16.575 3.9139 3216 499403.0 325.9731 
4010000 16101 453.141 128350.0 17.358 4.0169 3220 501025.0 351.5017 
4020000 16128 424.05 128759.0 16.512 3.763 3225 502589.0 328.1467 
4030000 16150 435.526 129173.0 17.425 3.886 3230 504392.0 352.778 
4040000 16173 422.248 129539.0 16.27 3.7785 3234 505769.0 332.9554 
4050000 16196 421.426 129909.0 16.105 3.7872 3239 507183.0 323.1217 
4060000 16220 428.979 130252.0 15.76 3.8443 3244 508489.0 301.1909 
4070000 16241 440.326 130645.0 16.608 3.9857 3248 510058.0 328.4366 
4080000 16266 423.918 131070.0 16.596 3.8569 3253 511773.0 328.8042 
4090000 16288 432.923 131419.0 16.281 3.9321 3257 513193.0 321.4975 
4100000 16309 435.557 131707.0 15.644 3.9614 3261 514255.0 282.157 
4110000 16334 432.209 132071.0 15.11 3.9241 3266 515636.0 309.1654 
4120000 16361 395.889 132426.0 14.008 3.6013 3272 516993.0 274.2954 
4130000 16386 399.986 132807.0 14.62 3.6526 3277 518502.0 286.9468 
4140000 16408 417.949 133153.0 14.823 3.8229 3281 519784.0 294.0086 
4150000 16433 409.99 133535.0 14.736 3.7619 3286 521297.0 280.0768 
4160000 16455 431.116 133898.0 15.641 3.9456 3291 522737.0 306.7348 
4170000 16476 430.395 134291.0 16.064 3.9394 3295 524249.0 328.6149 
4180000 16500 424.943 134698.0 16.342 3.8878 3300 525838.0 324.6418 
4190000 16526 420.669 135051.0 15.754 3.8574 3305 527112.0 298.1051 
4200000 16548 441.778 135412.0 16.221 4.0557 3309 528619.0 292.1849 
4210000 16572 430.799 135782.0 15.766 3.9329 3314 529970.0 307.851 
4220000 16592 457.946 136192.0 17.656 4.1737 3318 531739.0 330.0026 
4230000 16610 487.29 136438.0 16.674 4.4312 3322 532726.0 334.1128 
4240000 16630 496.086 136772.0 16.761 4.5202 3326 534029.0 335.4725 
4250000 16657 439.149 137144.0 15.263 3.9892 3331 535331.0 294.7491 
4260000 16671 497.579 137492.0 17.702 4.519 3334 536807.0 323.3711 
4270000 16698 455.793 137843.0 16.131 4.1397 3339 538181.0 335.5658 
4280000 16721 441.92 138211.0 15.873 4.0167 3344 539557.0 308.898 
4290000 16740 462.204 138588.0 16.917 4.21 3348 541128.0 338.6493 
4300000 16765 438.449 138984.0 16.61 4.0047 3353 542661.0 326.6385 
4310000 16786 441.748 139306.0 16.104 4.0386 3357 543733.0 274.448 
4320000 16810 445.819 139630.0 15.7 4.064 3362 545002.0 300.5331 
4330000 16833 446.045 139970.0 15.474 4.0706 3366 546173.0 259.833 
4340000 16859 411.847 140355.0 15.145 3.7604 3371 547464.0 255.7222 
4350000 16881 424.108 140704.0 15.182 3.8618 3376 548734.0 279.6736 
4360000 16903 444.458 141076.0 16.087 4.0631 3380 550147.0 281.5306 
4370000 16925 438.705 141402.0 15.566 4.013 3385 551490.0 297.1141 
4380000 16949 437.73 141764.0 15.57 4.0087 3389 552857.0 275.9801 
4390000 16970 447.12 142093.0 15.463 4.0979 3394 554101.0 295.4946 
4400000 16992 449.711 142477.0 16.17 4.1209 3398 555610.0 316.0089 
4410000 17012 464.702 142866.0 17.139 4.2569 3402 557208.0 340.8869 
4420000 17040 422.64 143247.0 15.82 3.8556 3408 558648.0 306.9661 
4430000 17056 472.065 143546.0 16.52 4.2916 3411 559829.0 329.4143 
4440000 17079 453.706 143922.0 16.319 4.1101 3415 561396.0 347.5281 
4450000 17100 457.955 144317.0 17.012 4.1446 3420 563054.0 345.6163 
4460000 17120 476.789 144643.0 16.855 4.3052 3424 564319.0 338.8587 
4470000 17147 424.855 144955.0 14.423 3.8338 3429 565465.0 294.5234 
4480000 17171 423.533 145355.0 15.393 3.8338 3434 567074.0 310.5706 
4490000 17200 387.742 145772.0 14.671 3.5117 3440 568688.0 282.392 
4500000 17226 383.542 146177.0 14.989 3.4539 3445 570194.0 287.088 
4510000 17249 397.469 146573.0 15.572 3.5565 3449 571853.0 312.7234 
4520000 17271 413.051 146918.0 15.221 3.7055 3454 573098.0 284.732 
4530000 17294 408.915 147285.0 15.15 3.6871 3458 574566.0 287.4864 
4540000 17317 410.336 147677.0 15.582 3.7448 3463 576119.0 323.6381 
4550000 17340 428.957 148076.0 16.598 3.9097 3468 577817.0 335.7505 
4560000 17366 416.05 148427.0 15.611 3.786 3473 579002.0 274.429 
4570000 17390 400.524 148790.0 14.654 3.6624 3478 580313.0 275.8065 
4580000 17412 435.182 149100.0 15.324 3.9757 3482 581487.0 303.2464 
4590000 17429 473.822 149417.0 16.028 4.3255 3485 582752.0 324.4166 
4600000 17446 505.172 149710.0 16.41 4.5942 3489 583885.0 319.8461 
4610000 17466 507.83 150050.0 16.584 4.6187 3493 585206.0 322.2909 
4620000 17485 502.577 150416.0 16.873 4.594 3497 586739.0 336.7813 
4630000 17508 486.651 150784.0 17.019 4.4643 3501 588136.0 334.4874 
4640000 17531 458.778 151081.0 15.172 4.2073 3506 589237.0 296.8221 
4650000 17556 428.441 151436.0 14.568 3.9273 3511 590570.0 281.2061 
4660000 17572 481.689 151775.0 16.437 4.3996 3514 591929.0 295.6733 
4670000 17595 468.759 152100.0 15.811 4.2761 3519 593217.0 308.4588 
4680000 17617 454.856 152432.0 15.167 4.1281 3523 594470.0 304.5552 
4690000 17634 487.733 152792.0 16.76 4.406 3526 595826.0 318.8008 
4700000 17656 476.317 153130.0 16.322 4.3055 3531 597046.0 315.9246 
4710000 17678 476.407 153483.0 16.543 4.3078 3535 598401.0 294.9318 
4720000 17700 467.712 153798.0 15.825 4.2373 3540 599553.0 297.3575 
4730000 17723 442.917 154238.0 16.123 4.0058 3544 601370.0 317.6444 
4740000 17745 458.025 154625.0 17.4 4.1424 3549 602975.0 350.9463 
4750000 17768 450.899 155060.0 18.115 4.0882 3553 604727.0 350.7766 
4760000 17791 438.477 155396.0 16.741 3.9812 3558 605963.0 336.1358 
4770000 17811 461.945 155796.0 17.867 4.2038 3562 607542.0 347.1566 
4780000 17833 459.994 156164.0 17.542 4.1749 3566 609062.0 357.8156 
4790000 17856 451.861 156533.0 16.942 4.1207 3571 610484.0 335.6028 
4800000 17880 437.556 156897.0 16.203 3.9757 3576 611847.0 313.1337 
4810000 17906 417.497 157281.0 15.618 3.8041 3581 613368.0 305.9563 
4820000 17931 410.353 157581.0 14.104 3.7218 3586 614580.0 282.3922 
4830000 17962 363.437 157928.0 12.314 3.2947 3592 615887.0 241.043 
4840000 17998 315.088 158297.0 11.027 2.8265 3599 617207.0 214.3772 
4850000 18018 377.139 158619.0 12.594 3.3577 3603 618348.0 239.4157 
4860000 18044 382.513 159015.0 13.826 3.3892 3608 619905.0 246.4466 
4870000 18066 404.193 159360.0 14.553 3.5914 3613 621174.0 275.4856 
4880000 18085 425.862 159756.0 15.629 3.8148 3617 622761.0 310.2429 
4890000 18107 449.479 160120.0 16.572 4.0734 3621 624316.0 346.1742 
4900000 18135 404.141 160486.0 14.944 3.6771 3627 625594.0 285.7571 
4910000 18153 446.857 160850.0 16.695 4.0816 3630 627134.0 309.5829 
4920000 18170 481.812 161149.0 16.61 4.3916 3634 628321.0 329.8023 
4930000 18202 406.323 161498.0 13.933 3.7235 3640 629582.0 268.5837 
4940000 18227 401.761 161867.0 14.108 3.6801 3645 630962.0 267.705 
4950000 18251 413.346 162249.0 15.056 3.7944 3650 632379.0 275.1186 
4960000 18276 410.352 162553.0 13.948 3.765 3655 633526.0 259.6808 
4970000 18300 394.983 162926.0 13.848 3.6121 3660 634829.0 253.7254 
4980000 18325 404.124 163335.0 15.12 3.7118 3665 636492.0 290.0198 
4990000 18358 355.736 163682.0 12.882 3.2512 3671 637679.0 245.3883 
5000000 18379 393.312 163966.0 13.067 3.5571 3675 638674.0 220.5676 
5010000 18401 409.034 164272.0 13.185 3.694 3680 639658.0 235.952 
5020000 18417 464.509 164571.0 14.417 4.206 3683 640872.0 272.973 
5030000 18443 440.226 164925.0 14.53 3.9817 3688 642282.0 289.4978 
5040000 18470 398.807 165252.0 13.169 3.6122 3694 643293.0 233.6716 
5050000 18488 460.365 165621.0 15.771 4.1901 3697 644730.0 276.6846 
5060000 18509 452.991 166009.0 15.807 4.1206 3701 646255.0 316.5799 
5070000 18530 464.732 166414.0 17.374 4.2141 3706 647872.0 341.4639 
5080000 18552 457.178 166774.0 16.956 4.1539 3710 649297.0 346.2053 
5090000 18574 461.442 167192.0 17.844 4.1953 3714 651098.0 355.3005 
5100000 18594 476.579 167580.0 18.472 4.3411 3718 652731.0 367.9092 
5110000 18613 486.263 167904.0 17.872 4.4499 3722 653919.0 370.7504 
5120000 18636 464.105 168301.0 17.419 4.2302 3727 655435.0 333.0983 
5130000 18662 436.964 168677.0 16.485 3.9652 3732 656870.0 296.6949 
5140000 18678 469.987 168990.0 16.628 4.2674 3735 658068.0 333.3616 
5150000 18701 464.071 169356.0 16.727 4.2441 3740 659427.0 318.7141 
5160000 18725 438.05 169698.0 15.477 3.9984 3745 660792.0 298.5254 
5170000 18741 500.125 170011.0 16.896 4.5543 3748 662065.0 319.145 
5180000 18760 503.879 170355.0 17.148 4.593 3752 663537.0 348.6566 
5190000 18785 453.315 170749.0 16.213 4.1472 3757 664906.0 315.0858 
5200000 18805 462.235 170994.0 14.853 4.2156 3761 665796.0 280.7731 
5210000 18823 504.261 171343.0 16.736 4.611 3764 667207.0 308.4036 
5220000 18844 485.757 171705.0 16.858 4.4362 3768 668673.0 318.5227 
5230000 18870 447.557 172049.0 15.303 4.0861 3774 669920.0 292.0682 
5240000 18898 392.995 172423.0 13.825 3.5991 3779 671233.0 270.6263 
5250000 18917 450.254 172736.0 15.051 4.1312 3783 672434.0 281.8663 
5260000 18937 466.403 173112.0 16.347 4.2648 3787 674031.0 312.0722 
5270000 18960 444.524 173484.0 16.115 4.0602 3792 675462.0 318.8557 
5280000 18980 463.094 173878.0 17.347 4.2388 3796 677110.0 351.6609 
5290000 19002 464.223 174274.0 17.643 4.2284 3800 678718.0 364.8549 
5300000 19026 444.926 174701.0 17.636 4.0469 3805 680525.0 365.4378 
5310000 19046 446.557 175080.0 17.266 4.0647 3809 681975.0 352.9093 
5320000 19073 420.126 175455.0 16.134 3.8371 3814 683463.0 317.6305 
5330000 19098 418.546 175777.0 15.184 3.8099 3819 684619.0 305.1464 
5340000 19121 424.229 176163.0 15.625 3.8599 3824 686133.0 303.2835 
5350000 19144 419.562 176542.0 15.894 3.8026 3828 687703.0 300.5415 
5360000 19169 420.657 176970.0 16.492 3.8183 3833 689403.0 311.5099 
5370000 19192 425.244 177302.0 15.655 3.864 3838 690674.0 321.2934 
5380000 19212 448.546 177641.0 15.955 4.0712 3842 691901.0 314.8784 
5390000 19237 424.443 178029.0 15.597 3.8614 3847 693495.0 317.1184 
5400000 19256 445.025 178430.0 16.31 4.0251 3851 695129.0 323.0824 
5410000 19277 461.37 178787.0 17.324 4.1471 3855 696482.0 341.2886 
5420000 19306 408.382 179122.0 14.804 3.7166 3861 697702.0 286.7148 
5430000 19329 413.817 179496.0 15.382 3.7895 3865 699090.0 279.6642 
5440000 19351 430.766 179817.0 15.132 3.9621 3870 700245.0 287.2628 
5450000 19370 447.588 180204.0 16.128 4.0907 3874 701817.0 317.1622 
5460000 19395 432.19 180513.0 14.956 3.9538 3879 703029.0 287.111 
5470000 19421 410.938 180865.0 14.229 3.7569 3884 704281.0 267.5917 
5480000 19450 373.483 181231.0 13.066 3.4142 3890 705643.0 240.8696 
5490000 19499 266.365 181505.0 8.642 2.4292 3899 706562.0 122.0397 
5500000 19517 353.882 181888.0 12.452 3.2177 3903 708154.0 219.0738 
5510000 19540 383.077 182232.0 13.48 3.4476 3908 709467.0 265.6492 
5520000 19560 423.466 182607.0 15.245 3.7943 3912 710943.0 303.8065 
5530000 19579 459.23 182917.0 15.782 4.1662 3915 712210.0 301.256 
5540000 19600 466.889 183280.0 16.287 4.2037 3920 713683.0 330.8092 
5550000 19619 471.865 183643.0 16.934 4.2727 3923 715153.0 338.8779 
5560000 19642 466.101 183949.0 15.566 4.2294 3928 716206.0 312.6128 
5570000 19670 416.127 184346.0 14.91 3.7795 3934 717644.0 281.7391 
5580000 19695 411.061 184729.0 15.116 3.736 3939 719083.0 286.5338 
5590000 19717 424.35 185133.0 16.159 3.8489 3943 720687.0 316.7451 
5600000 19737 443.701 185544.0 17.882 4.0069 3947 722445.0 338.9965 
5610000 19760 440.39 185876.0 16.472 3.9488 3952 723686.0 330.7364 
5620000 19787 421.611 186282.0 16.289 3.7601 3957 725211.0 318.0046 
5630000 19812 406.561 186639.0 15.026 3.6215 3962 726489.0 285.3474 
5640000 19837 404.785 187056.0 15.824 3.5976 3967 728157.0 309.078 
5650000 19863 399.461 187460.0 15.819 3.5688 3972 729752.0 292.2227 
5660000 19879 458.519 187743.0 16.489 4.0986 3975 730953.0 319.5063 
5670000 19901 438.949 188179.0 16.418 3.9212 3980 732661.0 325.7984 
5680000 19921 472.163 188498.0 17.519 4.231 3984 733907.0 350.0724 
5690000 19947 432.065 188873.0 16.116 3.8982 3989 735335.0 326.9881 
5700000 19965 469.815 189211.0 16.883 4.2167 3993 736720.0 334.2098 
5710000 19990 436.266 189626.0 16.599 3.9357 3998 738350.0 329.4982 
5720000 20013 447.422 190008.0 16.951 4.0516 4002 739800.0 331.0503 
5730000 20036 430.599 190474.0 17.126 3.9056 4007 741727.0 338.5665 
5740000 20060 429.669 190833.0 16.986 3.9063 4012 743106.0 336.9649 
5750000 20077 480.346 191102.0 16.655 4.3725 4015 744014.0 325.4164 
5760000 20099 471.766 191475.0 16.759 4.2865 4019 745437.0 331.9921 
5770000 20122 456.295 191849.0 16.487 4.1387 4024 746837.0 317.6524 
5780000 20148 431.59 192248.0 16.393 3.9042 4029 748358.0 285.0627 
5790000 20167 469.67 192576.0 16.979 4.2542 4033 749577.0 292.2482 
5800000 20185 492.557 192865.0 16.5 4.4636 4037 750613.0 313.4442 
5810000 20209 472.334 193203.0 15.789 4.2648 4041 751818.0 299.5647 
5820000 20229 477.742 193550.0 16.324 4.3104 4045 753266.0 295.7922 
5830000 20257 416.888 193880.0 13.932 3.7743 4051 754328.0 264.806 
5840000 20280 421.069 194265.0 14.773 3.7812 4056 755838.0 277.1416 
5850000 20301 444.343 194636.0 15.854 4.0172 4060 757349.0 311.5821 
5860000 20315 513.396 194906.0 16.744 4.6625 4063 758429.0 327.7864 
5870000 20340 467.456 195290.0 16.178 4.2461 4068 759884.0 311.1403 
5880000 20356 498.032 195618.0 16.852 4.553 4071 761169.0 337.5843 
5890000 20376 504.466 195906.0 16.391 4.5761 4075 762339.0 327.955 
5900000 20399 474.299 196322.0 16.937 4.2703 4079 764027.0 331.0912 
5910000 20414 524.201 196558.0 16.782 4.732 4082 764923.0 350.5685 
5920000 20437 485.915 196931.0 16.266 4.3952 4087 766313.0 318.9278 
5930000 20456 495.821 197302.0 17.147 4.4627 4091 767887.0 348.1785 
5940000 20483 442.229 197674.0 15.479 3.9872 4096 769288.0 310.3101 
5950000 20506 436.837 197992.0 14.81 3.9687 4101 770578.0 293.1718 
5960000 20539 361.681 198324.0 12.222 3.2828 4107 771732.0 221.0342 
5970000 20560 401.585 198692.0 14.227 3.6531 4112 773207.0 278.6322 
5980000 20581 434.159 199033.0 14.962 3.9553 4116 774568.0 304.1911 
5990000 20596 496.922 199330.0 16.157 4.5224 4119 775786.0 331.5793 
6000000 20608 537.117 199621.0 17.806 4.9018 4121 777013.0 346.9092 
