10000 74 105.694 -115.9 -1.239 0.4024 0 0 0 0.0 0.0 
20000 161 111.398 -229.8 -1.438 0.4272 0 0 0 0.0 0.0 
30000 278 122.191 -359.1 -1.45 0.8813 0 0 0 0.0005752 0.0057517 
40000 293 269.153 -381.7 -1.475 1.9406 0 0 0 0.0005804 0.0058041 
50000 303 402.845 -389.7 -1.351 2.8014 0 0 0 0.0005017 0.0050171 
60000 313 504.081 -399.7 -1.287 3.4581 0 0 0 0.0003963 0.0039631 
70000 323 594.798 -408.7 -1.215 4.1003 0 0 0 0.0003669 0.0036687 
80000 333 668.92 -418.0 -1.164 4.6238 0 0 0 0.0003523 0.0035227 
90000 344 726.837 -429.0 -1.132 5.1111 0 0 0 0.0003145 0.0031449 
100000 354 765.967 -439.0 -1.107 5.3407 0 0 0 0.0002944 0.002944 
110000 364 808.778 -462.0 -1.314 5.5804 0 0 0 0.0002896 0.0028961 
120000 374 841.987 -485.0 -1.483 5.8879 0 0 0 0.0002877 0.0028767 
130000 384 870.892 -493.7 -1.393 6.1679 0 0 0 0.0002858 0.0028584 
140000 394 894.509 -501.7 -1.286 6.4052 0 0 0 0.0002723 0.0027232 
150000 405 901.95 -512.7 -1.213 6.516 0 0 0 0.0002745 0.0027454 
160000 415 917.793 -528.0 -1.266 6.6695 0 0 0 0.0002584 0.0025845 
170000 425 932.831 -537.0 -1.197 6.7562 0 0 0 0.0002763 0.0027628 
180000 435 945.118 -545.0 -1.125 6.7656 0 0 0 0.0002685 0.0026845 
190000 445 955.157 -551.0 -1.047 6.8767 0 0 0 0.0002635 0.0026349 
200000 455 963.36 -561.3 -1.027 6.97 0 0 0 0.0002595 0.0025953 
210000 465 968.163 -570.3 -1.004 7.0327 0 0 0 0.0002021 0.0020208 
220000 476 966.941 -580.3 -0.986 6.9823 0 0 0 0.0001566 0.0015663 
230000 486 972.989 -596.5 -1.112 7.0126 0 0 0 0.0001217 0.0012168 
240000 496 977.93 -605.5 -1.073 7.0417 0 0 0 0.0001076 0.0010757 
250000 506 981.065 -626.6 -1.257 7.1209 0 0 0 0.0001037 0.0010366 
260000 516 984.529 -635.6 -1.19 7.1354 0 0 0 0.0001003 0.0010028 
270000 526 987.359 -649.5 -1.227 7.0466 0 0 0 9.55e-05 0.0009548 
280000 536 989.671 -680.9 -1.573 7.1315 0 0 0 9.37e-05 0.0009366 
290000 546 991.561 -714.0 -1.869 7.1208 0 0 0 9.23e-05 0.0009235 
300000 556 993.105 -723.0 -1.691 7.2031 0 0 0 9.07e-05 0.0009068 
310000 566 994.366 -730.0 -1.509 7.2717 0 0 0 7.88e-05 0.0007876 
320000 576 995.397 -736.1 -1.345 7.24 0 0 0 7.61e-05 0.0007609 
330000 586 991.589 -747.2 -1.302 7.2733 0 0 0 5.59e-05 0.0005594 
340000 596 993.128 -756.2 -1.228 7.3298 0 0 0 5.24e-05 0.0005239 
350000 606 994.385 -775.0 -1.349 7.3219 0 0 0 5.09e-05 0.0005088 
360000 616 995.412 -797.3 -1.528 7.3766 0 0 0 4.78e-05 0.0004777 
370000 626 996.251 -804.3 -1.395 7.4226 0 0 0 4.55e-05 0.0004549 
380000 636 996.937 -840.9 -1.833 7.4671 0 0 0 4.43e-05 0.0004431 
390000 646 997.497 -850.9 -1.68 7.5099 0 0 0 4.23e-05 0.0004225 
400000 656 997.955 -859.9 -1.536 7.5344 0 0 0 4.22e-05 0.0004221 
410000 666 998.329 -874.9 -1.527 7.5359 0 0 0 4.04e-05 0.0004036 
420000 676 998.635 -884.0 -1.413 7.5523 0 0 0 4.01e-05 0.0004012 
430000 686 998.885 -896.6 -1.383 7.4952 0 0 0 3.96e-05 0.000396 
440000 697 987.338 -914.9 -1.428 7.4505 0 0 0 3.94e-05 0.0003945 
450000 707 989.654 -924.9 -1.35 7.4906 0 0 0 3.72e-05 0.0003716 
460000 717 991.547 -935.9 -1.308 7.5101 0 0 0 3.66e-05 0.0003656 
470000 727 993.093 -944.9 -1.232 7.5371 0 0 0 3.73e-05 0.0003734 
480000 737 994.356 -971.3 -1.499 7.5457 0 0 0 3.7e-05 0.0003703 
490000 747 995.389 -980.3 -1.39 7.5551 0 0 0 3.65e-05 0.0003647 
500000 757 996.232 -989.3 -1.301 7.5734 0 0 0 3.61e-05 0.0003606 
510000 767 996.922 -998.3 -1.226 7.5811 0 0 0 3.49e-05 0.0003492 
520000 777 997.485 -1007.3 -1.168 7.5754 0 0 0 3.42e-05 0.0003422 
530000 787 997.945 -1017.7 -1.151 7.5806 0 0 0 3.36e-05 0.0003363 
540000 797 998.321 -1023.7 -1.048 7.5872 0 0 0 3.26e-05 0.0003257 
550000 807 998.628 -1045.4 -1.231 7.5836 0 0 0 3.19e-05 0.0003188 
560000 817 998.879 -1068.5 -1.451 7.5975 0 0 0 3.2e-05 0.0003202 
570000 827 999.084 -1081.7 -1.432 7.6033 0 0 0 3.14e-05 0.0003141 
580000 837 999.252 -1098.0 -1.48 7.5983 0 0 0 3.06e-05 0.0003059 
590000 847 991.729 -1124.7 -1.679 7.5212 0 0 0 3.02e-05 0.0003016 
600000 857 993.242 -1134.8 -1.557 7.4854 0 0 0 2.94e-05 0.0002938 
610000 867 994.478 -1143.9 -1.438 7.4983 0 0 0 3e-05 0.0002996 
620000 877 995.489 -1173.3 -1.715 7.497 0 0 0 2.93e-05 0.0002927 
630000 887 996.314 -1183.7 -1.59 7.5035 0 0 0 2.85e-05 0.0002847 
640000 897 996.988 -1192.7 -1.464 7.4375 0 0 0 2.86e-05 0.0002859 
650000 907 997.539 -1219.6 -1.717 7.4743 0 0 0 2.83e-05 0.0002828 
660000 917 997.989 -1230.7 -1.606 7.5004 0 0 0 2.83e-05 0.000283 
670000 927 998.357 -1240.7 -1.495 7.3985 0 0 0 2.68e-05 0.0002677 
680000 937 998.658 -1265.1 -1.659 7.4178 0 0 0 2.77e-05 0.0002767 
690000 947 991.995 -1285.6 -1.722 7.4119 0 0 0 2.72e-05 0.0002717 
700000 957 993.459 -1294.6 -1.572 7.4628 0 0 0 2.7e-05 0.0002704 
710000 967 994.656 -1302.6 -1.431 7.5003 0 0 0 2.69e-05 0.0002693 
720000 977 995.633 -1316.9 -1.439 7.4566 0 0 0 2.72e-05 0.0002719 
730000 987 996.432 -1325.9 -1.339 7.4509 0 0 0 2.73e-05 0.000273 
740000 997 997.085 -1356.3 -1.662 7.3367 0 0 0 2.7e-05 0.0002703 
750000 1007 997.618 -1365.3 -1.524 7.2784 0 0 0 2.78e-05 0.0002778 
760000 1017 998.054 -1376.2 -1.458 7.2486 0 0 0 2.64e-05 0.0002645 
770000 1027 998.41 -1386.2 -1.357 7.2353 0 0 0 2.72e-05 0.0002721 
780000 1037 998.701 -1399.7 -1.275 7.191 0 0 0 2.72e-05 0.0002721 
790000 1048 997.294 -1442.4 -1.888 7.1334 0 0 0 2.63e-05 0.0002628 
800000 1084 590.492 -1525.2 -2.109 4.2127 0 0 0 7.35e-05 0.0007353 
810000 1266 53.116 -1683.5 -0.757 0.3999 0 0 0 0.0001161 0.0011608 
820000 1513 38.479 -1910.6 -0.972 0.3023 0 0 0 0.0001505 0.001505 
830000 1741 44.217 -2144.1 -0.928 0.3417 0 0 0 0.0001726 0.0017261 
840000 1805 121.56 -2221.2 -0.969 0.8615 0 0 0 0.000218 0.0021797 
850000 1865 164.531 -2329.6 -1.549 1.2197 0 0 0 0.0002317 0.0023173 
860000 1919 164.746 -2480.5 -1.92 1.2437 0 0 0 0.0002424 0.0024239 
870000 1963 211.571 -2551.8 -2.074 1.5608 0 0 0 0.0002346 0.0023464 
880000 1986 289.638 -2623.6 -2.359 2.1778 0 0 0 0.00023 0.0022998 
890000 2010 331.156 -2768.4 -3.934 2.4987 0 0 0 0.0002123 0.0021229 
900000 2039 331.315 -2850.3 -3.521 2.4434 0 0 0 0.0002224 0.0022236 
910000 2068 334.671 -2914.7 -2.955 2.4787 0 0 0 0.0002383 0.0023831 
920000 2092 361.365 -2949.9 -2.406 2.6792 0 0 0 0.0002389 0.0023888 
930000 2121 363.609 -3100.8 -3.818 2.6034 0 0 0 0.0002393 0.0023934 
940000 2169 255.155 -3243.4 -3.128 1.8498 0 0 0 0.0002513 0.0025128 
950000 2209 246.273 -3366.6 -3.012 1.8269 0 0 0 0.0002733 0.0027329 
960000 2262 190.154 -3460.3 -1.727 1.4208 0 0 0 0.0002801 0.0028008 
970000 2319 162.773 -3519.6 -1.437 1.2224 0 0 0 0.0002791 0.0027915 
980000 2394 145.484 -3752.1 -3.067 1.0999 0 0 0 0.000296 0.0029596 
990000 2454 165.611 -3821.5 -1.619 1.2493 0 0 0 0.0002963 0.0029628 
1000000 2521 161.792 -3852.0 -0.928 1.2194 0 0 0 0.0002934 0.0029339 
1010000 2584 155.908 -3947.5 -1.335 1.1716 0 0 0 0.000285 0.0028504 
1020000 2659 146.093 -4041.8 -1.396 1.1022 0 0 0 0.0002883 0.0028834 
1030000 2708 183.903 -4128.1 -1.616 1.3799 0 0 0 0.0002786 0.0027855 
1040000 2793 114.355 -4141.5 -0.329 0.8712 0 0 0 0.0002745 0.0027453 
1050000 2853 160.29 -4221.9 -0.9 1.1852 0 0 0 0.0002686 0.0026856 
1060000 2908 166.304 -4323.5 -1.86 1.2252 0 0 0 0.0002614 0.0026144 
1070000 2983 143.989 -4369.5 -0.781 1.0583 0 0 0 0.0002735 0.0027347 
1080000 3084 120.371 -4388.9 -0.265 0.8467 0 0 0 0.000274 0.0027403 
1090000 3160 127.81 -4430.6 -0.535 0.9327 0 0 0 0.0002819 0.0028188 
1100000 3256 95.748 -4525.4 -0.441 0.7212 0 0 0 0.0002893 0.0028931 
1110000 3334 128.61 -4524.7 -0.17 0.9496 0 0 0 0.0002919 0.0029192 
1120000 3401 141.977 -4541.3 -0.27 0.9884 0 0 0 0.0003016 0.0030164 
1130000 3463 162.022 -4598.1 -0.637 1.1485 0 0 0 0.0002913 0.0029129 
1140000 3533 151.19 -4648.1 -0.654 1.06 0 0 0 0.0003019 0.0030185 
1150000 3577 195.874 -4691.4 -0.931 1.3285 0 0 0 0.0002953 0.002953 
1160000 3615 217.744 -4699.6 -0.501 1.537 0 0 0 0.0002959 0.0029586 
1170000 3650 248.515 -4718.5 -0.568 1.6967 0 0 0 0.0002952 0.0029524 
1180000 3696 235.103 -4708.4 -0.098 1.6339 0 0 0 0.0002925 0.0029254 
1190000 3740 231.165 -4707.0 -0.073 1.6892 0 0 0 0.0002939 0.002939 
1200000 3786 215.197 -4702.1 0.012 1.5998 0 0 0 0.0002875 0.0028747 
1210000 3828 230.459 -4701.4 0.006 1.7258 0 0 0 0.0002903 0.002903 
1220000 3861 251.918 -4701.4 -0.048 1.8874 0 0 0 0.0002842 0.0028422 
1230000 3912 207.688 -4685.1 0.167 1.5572 0 0 0 0.0002845 0.0028447 
1240000 3955 208.176 -4660.0 0.375 1.569 0 0 0 0.000282 0.0028201 
1250000 4002 219.016 -4673.4 0.042 1.6683 0 0 0 0.0002741 0.0027411 
1260000 4053 198.875 -4651.1 0.135 1.5066 0 0 0 0.00027 0.0027005 
1270000 4085 244.248 -4653.8 0.161 1.8479 0 0 0 0.0002676 0.0026764 
1280000 4140 202.237 -4648.3 0.089 1.5169 0 0 0 0.0002573 0.0025735 
1290000 4179 220.353 -4634.2 0.254 1.6414 0 0 0 0.0002551 0.0025506 
1300000 4209 273.728 -4601.7 0.548 2.0317 0 0 0 0.0002509 0.0025092 
1310000 4244 277.315 -4618.8 0.175 2.0544 0 0 0 0.0002424 0.0024237 
1320000 4304 186.075 -4621.0 -0.032 1.3894 0 0 0 0.0002414 0.0024142 
1330000 4343 230.688 -4620.9 -0.02 1.7152 0 0 0 0.0002352 0.0023518 
1340000 4404 168.262 -4630.4 -0.117 1.2529 0 0 0 0.0002321 0.0023214 
1350000 4469 171.433 -4622.2 0.102 1.2838 0 0 0 0.0002261 0.0022607 
1360000 4509 219.802 -4570.7 0.743 1.6359 0 0 0 0.0002304 0.0023043 
1370000 4550 236.442 -4567.3 0.303 1.7636 0 0 0 0.0002236 0.0022364 
1380000 4596 221.526 -4522.9 0.687 1.6446 0 0 0 0.0002221 0.002221 
1390000 4631 252.655 -4525.6 0.243 1.876 0 0 0 0.00022 0.0022004 
1400000 4683 205.568 -4547.1 -0.517 1.5301 0 0 0 0.0002187 0.002187 
1410000 4723 233.087 -4488.3 0.583 1.7313 0 0 0 0.000209 0.0020896 
1420000 4759 258.557 -4452.0 0.83 1.9156 0 0 0 0.0002063 0.0020635 
1430000 4796 259.825 -4406.0 0.957 1.9325 0 0 0 0.0002019 0.0020193 
1440000 4837 257.081 -4383.0 0.729 1.908 0 0 0 0.0002013 0.0020134 
1450000 4876 258.075 -4344.3 0.802 1.9149 0 0 0 0.0001967 0.0019665 
1460000 4908 288.182 -4309.1 0.885 2.1503 0 0 0 0.0001985 0.0019847 
1470000 4970 215.7 -4289.7 0.455 1.6015 0 0 0 0.0001996 0.001996 
1480000 5018 213.726 -4280.7 0.345 1.5856 0 0 0 0.0002017 0.0020173 
1490000 5057 225.544 -4233.2 0.749 1.6747 0 0 0 0.0001999 0.0019992 
1500000 5103 216.833 -4185.4 1.06 1.608 0 0 0 0.0002044 0.002044 
1510000 5154 208.875 -4116.2 1.306 1.5215 0 0 0 0.0001987 0.001987 
1520000 5196 224.245 -4066.8 1.352 1.6478 0 0 0 0.0001972 0.0019719 
1530000 5245 203.118 -3995.8 1.385 1.5015 0 0 0 0.0001954 0.0019543 
1540000 5282 229.928 -3969.9 0.994 1.707 0 0 0 0.0001884 0.001884 
1550000 5330 211.624 -3946.6 0.691 1.5776 0 0 0 0.0001853 0.0018531 
1560000 5392 170.72 -3850.7 1.282 1.2681 0 0 0 0.0001844 0.0018444 
1570000 5465 142.551 -3759.0 1.273 1.0616 0 0 0 0.0001823 0.0018234 
1580000 5533 156.48 -3656.4 1.542 1.1643 0 0 0 0.000179 0.00179 
1590000 5584 177.464 -3558.6 1.632 1.3228 0 0 0 0.0001796 0.0017958 
1600000 5669 128.591 -3470.1 1.243 0.9604 0 0 0 0.0001754 0.0017538 
1610000 5725 156.406 -3385.3 1.43 1.1643 0 0 0 0.0001736 0.0017363 
1620000 5793 146.067 -3296.6 1.169 1.0842 0 0 0 0.0001773 0.0017734 
1630000 5833 196.955 -3213.8 1.653 1.4644 0 0 0 0.0001718 0.0017177 
1640000 5897 172.713 -3130.8 1.301 1.2865 0 0 0 0.0001692 0.001692 
1650000 5953 173.435 -3031.8 1.675 1.2895 0 0 0 0.000168 0.0016798 
1660000 6000 188.566 -2965.3 1.43 1.3976 0 0 0 0.0001649 0.0016486 
1670000 6046 208.448 -2884.2 1.616 1.5444 0 0 0 0.0001644 0.0016436 
1680000 6097 192.672 -2798.5 1.676 1.43 0 0 0 0.0001613 0.0016127 
1690000 6153 181.171 -2752.1 1.287 1.3382 0 0 0 0.0001582 0.0015822 
1700000 6223 152.115 -2669.3 1.119 1.1257 0 0 0 0.0001611 0.0016107 
1710000 6279 170.03 -2585.1 1.359 1.2687 0 0 0 0.0001559 0.0015591 
1720000 6333 186.466 -2519.9 1.252 1.3872 0 0 0 0.0001555 0.001555 
1730000 6401 168.051 -2406.3 1.745 1.2541 0 0 0 0.0001537 0.0015367 
1740000 6460 170.757 -2315.6 1.563 1.2714 0 0 0 0.0001529 0.0015289 
1750000 6511 183.169 -2229.0 1.689 1.3599 0 0 0 0.0001537 0.0015371 
1760000 6550 207.371 -2194.0 1.299 1.5503 0 0 0 0.0001522 0.0015215 
1770000 6595 211.773 -2131.1 1.294 1.5708 0 0 0 0.0001447 0.0014467 
1780000 6644 209.977 -2077.1 1.387 1.5719 0 0 0 0.000148 0.0014796 
1790000 6698 188.283 -1999.7 1.389 1.4141 0 0 0 0.0001457 0.0014567 
1800000 6745 197.568 -1963.2 1.174 1.4835 0 0 0 0.0001434 0.0014336 
1810000 6805 179.777 -1887.0 1.253 1.3573 0 0 0 0.0001438 0.0014385 
1820000 6852 191.062 -1794.0 1.697 1.4443 0 0 0 0.0001406 0.001406 
1830000 6892 226.38 -1744.3 1.434 1.6993 0 0 0 0.0001441 0.0014413 
1840000 6928 255.484 -1694.9 1.371 1.9196 0 0 0 0.0001381 0.0013807 
1850000 6973 230.209 -1615.4 1.589 1.7296 0 0 0 0.0001394 0.0013943 
1860000 7009 257.112 -1553.7 1.661 1.9248 0 0 0 0.0001369 0.0013695 
1870000 7053 239.041 -1486.3 1.541 1.7967 0 0 0 0.0001368 0.0013677 
1880000 7102 207.766 -1531.5 0.329 1.5666 0 0 0 0.0001321 0.0013214 
1890000 7162 165.837 -1458.8 0.99 1.256 0 0 0 0.0001337 0.0013372 
1900000 7206 204.27 -1397.2 1.352 1.541 0 0 0 0.0001305 0.0013048 
1910000 7269 153.955 -1333.7 0.832 1.1675 0 0 0 0.0001308 0.0013077 
1920000 7325 166.036 -1244.9 1.485 1.2547 0 0 0 0.0001274 0.0012737 
1930000 7370 202.065 -1151.9 1.828 1.5233 0 0 0 0.0001265 0.001265 
1940000 7399 263.882 -1079.3 2.127 1.9773 0 0 0 0.0001254 0.0012538 
1950000 7437 261.164 -1007.2 2.378 1.9534 0 0 0 0.0001229 0.0012287 
1960000 7474 259.948 -950.4 1.805 1.9303 0 0 0 0.0001214 0.0012143 
1970000 7510 262.462 -878.5 1.957 1.9382 0 0 0 0.0001204 0.0012036 
1980000 7541 299.868 -798.1 2.238 2.2007 0 0 0 0.0001187 0.0011872 
1990000 7568 327.814 -741.9 2.161 2.3261 0 0 0 0.0001186 0.0011855 
2000000 7601 315.307 -633.3 2.709 2.2707 0 0 0 0.0001129 0.0011291 
2010000 7632 314.156 -577.1 2.344 2.2875 0 0 0 0.0001138 0.0011377 
2020000 7688 221.358 -500.0 1.707 1.6381 0 0 0 0.0001124 0.0011245 
2030000 7746 186.11 -388.1 2.029 1.3784 0 0 0 0.0001134 0.0011343 
2040000 7784 231.334 -302.2 2.196 1.7173 0 0 0 0.0001149 0.0011485 
2050000 7839 190.952 -173.4 2.161 1.4253 0 0 0 0.0001129 0.0011294 
2060000 7897 180.236 -33.4 2.293 1.3434 0 0 0 0.0001122 0.0011216 
2070000 7949 191.746 83.6 2.288 1.4072 0 0 0 0.0001106 0.0011058 
2080000 8000 198.001 98.3 1.055 1.4554 0 0 0 0.0001121 0.0011211 
2090000 8046 207.507 226.7 2.191 1.4815 0 0 0 0.0001087 0.0010872 
2100000 8104 182.499 351.6 2.171 1.3503 0 0 0 0.0001079 0.0010789 
2110000 8144 214.391 424.3 2.005 1.5981 0 0 0 0.000109 0.0010901 
2120000 8188 212.98 549.6 2.403 1.5806 0 0 0 0.0001084 0.0010838 
2130000 8218 271.355 685.2 3.347 2.0145 0 0 0 0.0001048 0.0010484 
2140000 8264 238.248 810.5 3.071 1.7842 0 0 0 0.0001059 0.0010592 
2150000 8311 221.715 811.7 1.303 1.6535 0 0 0 0.0001088 0.0010879 
2160000 8350 257.737 902.9 1.897 1.9259 0 0 0 0.0001066 0.0010661 
2170000 8398 221.407 1012.3 2.141 1.6591 0 0 0 0.0001043 0.0010435 
2180000 8460 179.437 1163.5 2.347 1.3404 0 0 0 0.0001067 0.001067 
2190000 8519 173.706 1273.7 1.953 1.2994 0 0 0 0.0001059 0.0010587 
2200000 8573 182.775 1417.9 2.5 1.3627 0 0 0 0.0001067 0.0010665 
2210000 8609 231.327 1505.0 2.508 1.7186 0 0 0 0.0001069 0.0010695 
2220000 8650 232.511 1619.4 2.635 1.7289 0 0 0 0.0001047 0.0010474 
2230000 8696 216.637 1735.7 2.494 1.6126 0 0 0 0.0001021 0.0010206 
2240000 8736 225.929 1901.0 3.274 1.6752 0 0 0 0.0001039 0.0010386 
2250000 8774 237.004 2039.0 3.543 1.7533 0 0 0 0.0001048 0.001048 
2260000 8823 217.223 2160.6 2.834 1.605 0 0 0 0.0001013 0.0010129 
2270000 8877 193.687 2319.6 2.743 1.4378 0 0 0 0.0001004 0.001004 
2280000 8913 242.635 2427.4 2.868 1.799 0 0 0 9.96e-05 0.0009962 
2290000 8954 246.881 2544.2 2.775 1.8243 0 0 0 9.96e-05 0.000996 
2300000 8992 255.326 2691.4 3.404 1.8815 0 0 0 9.96e-05 0.0009964 
2310000 9039 227.922 2816.8 2.978 1.6831 0 0 0 0.0001011 0.0010112 
2320000 9082 226.626 2925.9 2.789 1.6745 0 0 0 0.0001009 0.0010095 
2330000 9117 258.325 3048.8 3.031 1.9094 0 0 0 0.0001033 0.0010329 
2340000 9148 293.101 3160.7 3.33 2.1667 0 0 0 0.0001004 0.0010043 
2350000 9184 283.164 3294.0 3.389 2.0832 0 0 0 0.0001001 0.0010009 
2360000 9220 278.684 3413.3 3.271 2.0507 0 0 0 9.91e-05 0.0009912 
2370000 9249 297.425 3516.3 3.318 2.1827 0 0 0 0.0001005 0.0010052 
2380000 9295 244.808 3644.3 3.028 1.8111 0 0 0 0.0001008 0.0010085 
2390000 9335 243.708 3766.7 2.979 1.8148 0 0 0 9.78e-05 0.0009781 
2400000 9378 224.874 3919.2 3.277 1.6739 0 0 0 9.7e-05 0.0009698 
2410000 9412 265.763 4035.3 3.325 1.9749 0 0 0 9.87e-05 0.0009869 
2420000 9448 267.786 4152.3 3.147 1.9808 0 0 0 9.88e-05 0.0009878 
2430000 9499 226.976 4302.1 3.023 1.687 0 0 0 9.83e-05 0.0009828 
2440000 9554 192.105 4454.9 2.83 1.4274 0 0 0 9.76e-05 0.0009758 
2450000 9587 250.592 4576.2 3.143 1.8505 0 0 0 9.55e-05 0.0009549 
2460000 9624 261.656 4674.5 2.873 1.9292 0 0 0 9.65e-05 0.0009654 
2470000 9661 270.463 4800.6 3.242 1.9991 0 0 0 9.5e-05 0.0009501 
2480000 9712 216.401 4954.6 2.938 1.6026 0 0 0 9.51e-05 0.0009512 
2490000 9757 222.907 5098.3 3.163 1.6507 0 0 0 9.57e-05 0.0009569 
2500000 9808 210.893 5234.0 2.98 1.5494 0 0 0 9.36e-05 0.0009362 
2510000 9857 204.843 5359.0 2.709 1.4331 0 0 0 9.38e-05 0.0009382 
2520000 9899 224.742 5489.6 2.944 1.5444 0 0 0 9.28e-05 0.0009276 
2530000 9945 226.974 5627.0 2.98 1.6276 0 0 0 9.14e-05 0.0009144 
2540000 9977 258.815 5737.4 3.243 1.8842 0 0 0 9.15e-05 0.0009149 
2550000 10024 230.405 5907.8 3.367 1.6954 0 0 0 9.22e-05 0.0009219 
2560000 10066 237.118 6042.9 3.213 1.7489 0 0 0 8.96e-05 0.0008964 
2570000 10115 216.625 6235.1 3.771 1.5972 0 0 0 9.12e-05 0.0009115 
2580000 10157 231.803 6418.3 4.03 1.7094 0 0 0 8.81e-05 0.0008814 
2590000 10203 227.344 6584.7 3.83 1.6721 0 0 0 8.9e-05 0.0008902 
2600000 10241 238.875 6736.1 3.837 1.7614 0 0 0 8.72e-05 0.0008718 
2610000 10290 219.619 6951.2 4.274 1.6179 0 0 0 8.9e-05 0.0008897 
2620000 10337 215.348 7141.5 4.108 1.583 0 0 0 8.62e-05 0.0008617 
2630000 10385 210.465 7315.2 3.875 1.5417 0 0 0 8.64e-05 0.0008641 
2640000 10431 214.272 7455.1 3.277 1.5807 0 0 0 8.6e-05 0.0008603 
2650000 10476 220.777 7615.7 3.57 1.6258 0 0 0 8.75e-05 0.0008751 
2660000 10514 245.011 7740.3 3.449 1.7873 0 0 0 8.52e-05 0.0008516 
2670000 10550 246.467 7894.3 3.742 1.7994 0 0 0 8.49e-05 0.0008492 
2680000 10598 224.463 8116.1 4.314 1.6373 0 0 0 8.64e-05 0.000864 
2690000 10646 211.663 8322.7 4.179 1.547 0 0 0 8.58e-05 0.0008581 
2700000 10693 205.936 8488.9 3.753 1.5055 0 0 0 8.82e-05 0.0008824 
2710000 10735 227.336 8649.7 3.906 1.665 0 0 0 8.54e-05 0.0008543 
2720000 10770 258.122 8784.6 3.901 1.8917 0 0 0 8.38e-05 0.0008382 
2730000 10808 260.926 8951.9 4.067 1.9013 0 0 0 8.5e-05 0.0008495 
2740000 10848 250.149 9105.6 3.959 1.8177 0 0 0 8.58e-05 0.0008583 
2750000 10884 260.501 9221.3 3.524 1.891 0 0 0 8.32e-05 0.0008323 
2760000 10929 229.946 9364.3 3.317 1.679 0 0 0 8.43e-05 0.0008429 
2770000 10971 238.911 9498.3 3.043 1.7374 0 0 0 8.28e-05 0.0008281 
2780000 11000 289.011 9622.3 3.636 2.1095 0 0 0 8.39e-05 0.000839 
2790000 11045 250.879 9768.0 3.363 1.823 0 0 0 8.15e-05 0.0008146 
2800000 11098 211.099 9961.3 3.548 1.511 0 0 0 8.28e-05 0.000828 
2810000 11146 205.169 10140.8 3.65 1.3969 0 0 0 8.29e-05 0.0008287 
2820000 11190 219.058 10227.7 2.538 1.5593 0 0 0 8.25e-05 0.0008247 
2830000 11244 201.697 10380.5 2.807 1.4855 0 0 0 7.93e-05 0.0007932 
2840000 11286 230.315 10529.9 3.107 1.6488 0 0 0 8.06e-05 0.0008063 
2850000 11338 210.388 10689.2 3.175 1.5297 0 0 0 8.1e-05 0.0008096 
2860000 11378 231.504 10828.9 3.32 1.6512 0 0 0 8.12e-05 0.0008119 
2870000 11420 235.539 10996.7 3.761 1.6033 0 0 0 7.91e-05 0.0007908 
2880000 11452 267.671 11143.8 4.288 1.8329 0 0 0 8.07e-05 0.0008073 
2890000 11484 277.66 11269.4 4.021 1.9362 0 0 0 7.95e-05 0.0007946 
2900000 11523 267.272 11400.6 3.586 1.8831 0 0 0 7.98e-05 0.0007984 
2910000 11565 246.885 11546.1 3.528 1.7833 0 0 0 8e-05 0.0008001 
2920000 11596 287.357 11706.5 4.394 2.0111 0 0 0 7.84e-05 0.0007841 
2930000 11637 247.053 11846.2 3.728 1.7668 0 0 0 7.86e-05 0.0007863 
2940000 11671 278.424 11959.9 3.489 1.9716 0 0 0 7.76e-05 0.0007756 
2950000 11701 301.938 12065.8 3.534 2.0936 0 0 0 7.74e-05 0.0007736 
2960000 11736 289.664 12220.3 4.003 1.9771 0 0 0 7.64e-05 0.0007642 
2970000 11770 297.939 12337.2 3.714 2.0141 0 0 0 7.95e-05 0.0007945 
2980000 11802 297.686 12479.0 4.009 2.0557 0 0 0 7.78e-05 0.0007783 
2990000 11841 278.833 12662.3 4.475 2.0054 0 0 0 7.69e-05 0.0007694 
3000000 11892 229.129 12846.8 4.181 1.6833 0 0 0 7.89e-05 0.0007889 
3010000 11937 218.147 13031.4 4.127 1.5877 0 0 0 7.8e-05 0.0007795 
3020000 11965 278.81 13168.2 4.413 1.9433 0 0 0 7.8e-05 0.0007803 
3030000 12002 276.843 13324.4 4.3 1.8993 0 0 0 7.77e-05 0.0007775 
3040000 12048 239.115 13479.1 3.741 1.7155 0 0 0 7.82e-05 0.0007822 
3050000 12088 239.461 13641.6 3.747 1.6876 0 0 0 7.8e-05 0.0007803 
3060000 12131 238.954 13764.0 3.519 1.6364 0 0 0 7.81e-05 0.0007813 
3070000 12174 228.954 13880.4 3.017 1.5279 0 0 0 7.92e-05 0.0007916 
3080000 12222 210.06 14074.2 3.536 1.3935 0 0 0 7.72e-05 0.0007719 
3090000 12255 258.642 14198.9 3.566 1.8007 0 0 0 7.82e-05 0.0007816 
3100000 12295 259.24 14336.7 3.6 1.864 0 0 0 7.71e-05 0.0007707 
3110000 12334 254.876 14484.6 3.573 1.7641 0 0 0 7.79e-05 0.0007792 
3120000 12370 251.402 14620.7 3.658 1.6916 0 0 0 7.78e-05 0.0007776 
3130000 12413 243.272 14752.3 3.374 1.6148 0 0 0 7.81e-05 0.0007807 
3140000 12446 279.201 14835.5 3.064 1.8505 0 0 0 7.73e-05 0.0007731 
3150000 12488 258.128 14960.0 2.999 1.7045 0 0 0 7.72e-05 0.0007721 
3160000 12537 227.048 15127.1 3.296 1.5109 0 0 0 8.05e-05 0.0008047 
3170000 12571 260.412 15270.1 3.737 1.7342 0 0 0 7.76e-05 0.0007764 
3180000 12596 312.461 15397.0 4.251 2.0971 0 0 0 7.91e-05 0.0007911 
3190000 12623 334.347 15526.5 4.51 2.2046 0 0 0 7.84e-05 0.000784 
3200000 12659 314.554 15657.1 3.889 2.1537 0 0 0 7.91e-05 0.0007907 
3210000 12702 268.497 15797.6 3.524 1.8971 0 0 0 8.04e-05 0.0008038 
3220000 12737 271.32 15904.0 3.411 1.8746 0 0 0 7.83e-05 0.0007827 
3230000 12768 295.751 16000.2 3.291 2.0877 0 0 0 7.77e-05 0.0007768 
3240000 12800 300.409 16178.2 4.359 2.122 0 0 0 7.72e-05 0.0007721 
3250000 12833 309.357 16305.0 4.171 2.2233 0 0 0 7.51e-05 0.000751 
3260000 12866 297.812 16463.9 4.486 2.0853 0 0 0 7.69e-05 0.0007693 
3270000 12897 303.525 16597.3 4.552 2.149 0 0 0 7.6e-05 0.0007605 
3280000 12927 323.971 16710.6 4.095 2.2558 0 0 0 7.69e-05 0.000769 
3290000 12977 255.8 16870.1 3.652 1.8351 0 0 0 7.69e-05 0.0007689 
3300000 13003 306.392 16920.0 2.738 2.1994 0 0 0 7.57e-05 0.0007565 
3310000 13041 288.56 17018.5 2.754 2.0897 0 0 0 7.69e-05 0.0007692 
3320000 13078 280.439 17132.4 2.926 2.0479 0 0 0 7.71e-05 0.0007705 
3330000 13134 215.207 17345.1 3.654 1.5761 0 0 0 7.58e-05 0.0007583 
3340000 13168 246.24 17489.4 3.897 1.8005 0 0 0 7.55e-05 0.0007555 
3350000 13204 261.979 17627.9 3.746 1.9218 0 0 0 7.56e-05 0.0007564 
3360000 13241 268.987 17728.5 3.403 1.977 0 0 0 7.56e-05 0.0007558 
3370000 13281 261.657 17844.8 3.042 1.9429 0 0 0 7.51e-05 0.0007507 
3380000 13316 282.098 18009.1 3.863 2.0539 0 0 0 7.52e-05 0.0007522 
3390000 13352 276.005 18156.6 4.055 2.003 0 0 0 7.55e-05 0.0007545 
3400000 13404 222.043 18340.0 3.921 1.6077 0 0 0 7.46e-05 0.000746 
3410000 13442 242.853 18505.6 4.203 1.7667 0 0 0 7.55e-05 0.0007552 
3420000 13481 255.151 18676.1 4.311 1.8482 0 0 0 7.43e-05 0.0007427 
3430000 13514 276.611 18796.6 4.02 1.9791 0 0 0 7.5e-05 0.0007497 
3440000 13545 297.12 18915.6 3.85 2.1659 0 0 0 7.28e-05 0.0007277 
3450000 13587 261.072 19049.3 3.491 1.8544 0 0 0 7.43e-05 0.0007435 
3460000 13627 251.996 19187.4 3.531 1.8152 0 0 0 7.19e-05 0.0007186 
3470000 13664 258.59 19307.3 3.38 1.8844 0 0 0 7.32e-05 0.0007323 
3480000 13698 278.065 19426.0 3.458 2.044 0 0 0 7.08e-05 0.0007076 
3490000 13738 259.258 19594.5 3.937 1.8796 0 0 0 7.19e-05 0.0007192 
3500000 13777 268.181 19762.2 4.249 1.854 0 0 0 7.22e-05 0.000722 
3510000 13820 242.118 19910.7 3.792 1.7252 0 0 0 7e-05 0.0007001 
3520000 13857 250.21 19975.2 2.902 1.8029 0 0 0 7.23e-05 0.0007228 
3530000 13907 218.177 20127.6 2.951 1.591 0 0 0 7.25e-05 0.0007254 
3540000 13934 288.582 20233.1 3.291 2.0768 0 0 0 6.93e-05 0.0006926 
3550000 13975 268.8 20407.6 3.964 1.8765 0 0 0 7.03e-05 0.0007025 
3560000 14014 258.876 20547.6 3.694 1.7676 0 0 0 7.04e-05 0.0007044 
3570000 14058 244.587 20621.9 2.175 1.6915 0 0 0 7.06e-05 0.0007059 
3580000 14089 280.594 20735.3 2.899 2.0151 0 0 0 6.97e-05 0.000697 
3590000 14125 285.197 20873.7 3.339 2.071 0 0 0 6.95e-05 0.0006954 
3600000 14169 250.854 21031.3 3.546 1.8327 0 0 0 7.18e-05 0.0007179 
3610000 14204 274.916 21146.3 3.392 1.9549 0 0 0 6.97e-05 0.0006973 
3620000 14235 295.177 21203.6 2.592 2.0635 0 0 0 6.95e-05 0.0006954 
3630000 14268 301.418 21318.9 3.148 2.0699 0 0 0 6.87e-05 0.0006873 
3640000 14300 312.054 21425.6 3.228 2.1456 0 0 0 6.96e-05 0.0006956 
3650000 14341 278.924 21590.5 3.632 1.9893 0 0 0 7.15e-05 0.0007154 
3660000 14372 298.63 21707.6 3.792 2.1564 0 0 0 7.1e-05 0.0007099 
3670000 14402 311.115 21826.5 3.672 2.2248 0 0 0 7.13e-05 0.0007126 
3680000 14434 306.336 21931.1 3.529 2.1294 0 0 0 7.23e-05 0.0007226 
3690000 14473 272.748 22079.3 3.676 1.8956 0 0 0 7.18e-05 0.0007182 
3700000 14513 265.661 22203.9 3.438 1.9079 0 0 0 7.21e-05 0.000721 
3710000 14543 297.634 22321.5 3.595 2.1641 0 0 0 7.31e-05 0.0007313 
3720000 14585 266.851 22471.2 3.742 1.9509 0 0 0 7.08e-05 0.0007079 
3730000 14628 239.319 22622.3 3.598 1.7591 0 0 0 7.27e-05 0.0007267 
3740000 14679 208.774 22817.0 3.748 1.5293 0 0 0 7.24e-05 0.0007242 
3750000 14710 255.45 22817.8 2.446 1.8576 0 0 0 7.23e-05 0.0007228 
3760000 14764 210.065 22986.7 2.962 1.4849 0 0 0 7.44e-05 0.0007444 
3770000 14804 235.324 23116.9 3.14 1.6155 0 0 0 7.08e-05 0.0007081 
3780000 14845 239.494 23262.7 3.422 1.6784 0 0 0 7.04e-05 0.0007035 
3790000 14891 221.318 23398.7 3.213 1.6042 0 0 0 7.11e-05 0.0007109 
3800000 14943 206.893 23599.3 3.643 1.5226 0 0 0 7.23e-05 0.0007226 
3810000 14993 200.456 23756.8 3.439 1.4426 0 0 0 7.15e-05 0.0007155 
3820000 15024 252.095 23856.5 3.288 1.8192 0 0 0 7.5e-05 0.0007505 
3830000 15066 244.331 24009.2 3.511 1.7847 0 0 0 7.31e-05 0.0007311 
3840000 15115 219.287 24219.1 3.932 1.6066 0 0 0 7.35e-05 0.000735 
3850000 15139 289.287 24301.6 3.644 2.1352 0 0 0 7.28e-05 0.0007281 
3860000 15190 230.112 24438.6 3.12 1.6879 0 0 0 7.43e-05 0.0007426 
3870000 15233 229.169 24563.5 2.91 1.6158 0 0 0 7.08e-05 0.0007085 
3880000 15275 229.237 24669.6 2.726 1.66 0 0 0 7.29e-05 0.0007294 
3890000 15325 213.226 24816.4 2.827 1.4884 0 0 0 7.11e-05 0.000711 
3900000 15371 221.333 24961.2 3.236 1.5246 0 0 0 7.2e-05 0.0007197 
3910000 15416 216.244 25108.7 3.222 1.553 0 0 0 7.12e-05 0.0007121 
3920000 15453 247.788 25218.2 3.104 1.8086 0 0 0 7.14e-05 0.0007145 
3930000 15491 256.617 25343.4 3.216 1.8709 0 0 0 6.98e-05 0.0006982 
3940000 15533 246.296 25492.8 3.424 1.7616 0 0 0 7.35e-05 0.0007349 
3950000 15581 220.276 25655.5 3.382 1.6051 0 0 0 7.15e-05 0.0007151 
3960000 15618 238.855 25726.1 2.531 1.7635 0 0 0 7.08e-05 0.0007076 
3970000 15675 198.645 25867.1 2.489 1.4614 0 0 0 7.14e-05 0.0007142 
3980000 15724 206.956 26005.0 2.74 1.4854 0 0 0 6.92e-05 0.0006918 
3990000 15776 193.888 26132.0 2.417 1.407 0 0 0 7.02e-05 0.0007016 
4000000 15810 239.497 26185.9 2.024 1.7652 0 0 0 6.96e-05 0.0006956 
