10000 59 116.512 492.0 5.67 1.0262 19 7151.0 310.4306 0.0 0.0 
20000 114 157.537 913.0 6.78 1.3804 38 14056.0 354.9447 0.0 0.0 
30000 172 170.904 1367.0 7.785 1.4956 57 20208.0 328.9856 0.0 0.0 
40000 230 170.917 1850.0 8.213 2.2039 76 26100.0 302.2143 0.0518283 0.0951496 
50000 289 169.166 2373.0 8.392 2.5445 96 33991.0 370.869 0.0413403 0.0901073 
60000 339 188.65 2920.0 10.034 2.948 113 41531.0 444.399 0.0341122 0.0844561 
70000 393 181.162 3522.0 10.672 2.8678 131 52157.0 571.5724 0.0328528 0.0839065 
80000 445 193.608 4161.0 12.166 3.0764 148 61055.0 563.7866 0.0288641 0.0837504 
90000 497 194.054 4950.0 14.091 3.0788 165 72343.0 636.3384 0.0289801 0.0848323 
100000 551 188.444 5767.0 15.013 2.9936 183 83249.0 635.9375 0.0241861 0.0830411 
110000 597 204.873 6553.0 15.743 3.2606 199 95273.0 694.4014 0.0193966 0.0847413 
120000 645 205.622 7393.0 16.592 3.2714 215 108395.0 829.8954 0.0215324 0.0851028 
130000 690 214.63 8335.0 19.011 3.4052 230 122710.0 870.6542 0.0173524 0.0864166 
140000 740 203.659 9300.0 19.103 3.2315 246 138530.0 899.2702 0.0169159 0.0866583 
150000 786 209.787 10258.0 20.061 3.3141 262 150534.0 811.0558 0.0199678 0.0865305 
160000 832 220.715 11227.0 21.411 3.4859 277 164838.0 1033.8601 0.0161118 0.0853035 
170000 877 219.437 12327.0 23.06 3.4704 292 180603.0 1028.1525 0.0117859 0.0852292 
180000 921 225.417 13421.0 24.239 3.5675 307 198899.0 1167.9464 0.0099604 0.0845415 
190000 962 235.393 14591.0 26.791 3.7375 320 218448.0 1282.1989 0.009224 0.0849447 
200000 1003 238.388 15697.0 26.503 3.7953 334 236577.0 1375.6476 0.007144 0.0846506 
210000 1049 226.022 16864.0 25.999 3.5939 349 254401.0 1200.497 0.0049421 0.0851175 
220000 1085 250.364 18089.0 29.85 3.9658 361 271935.0 1381.1284 0.0045849 0.084886 
230000 1128 235.924 19354.0 28.949 3.7386 376 290042.0 1214.4813 0.0023682 0.0855121 
240000 1169 239.849 20640.0 30.038 3.8044 389 308111.0 1324.6872 0.0034941 0.0855849 
250000 1207 252.784 21942.0 32.293 4.0198 402 327353.0 1432.2014 0.0040582 0.0857117 
260000 1250 239.836 23266.0 31.136 3.8023 416 348670.0 1491.406 0.003808 0.0863073 
270000 1291 239.83 24625.0 31.651 3.8039 430 371469.0 1582.9593 0.0045498 0.0846465 
280000 1329 250.61 26010.0 33.726 3.994 443 392391.0 1585.1758 0.0034881 0.0848594 
290000 1370 249.148 27385.0 34.366 3.9814 456 414010.0 1595.188 0.0034553 0.0869548 
300000 1400 290.234 28641.0 37.994 4.658 466 430780.0 1672.5862 0.0027395 0.0873058 
310000 1433 289.578 29916.0 37.683 4.6357 477 456407.0 1863.0531 0.0024967 0.0869971 
320000 1467 296.584 31213.0 37.975 4.713 489 481403.0 2296.8825 0.0030288 0.0868883 
330000 1499 308.107 32488.0 39.451 4.8993 499 500571.0 2008.1724 0.0039245 0.0871433 
340000 1531 298.669 33771.0 38.595 4.744 510 521739.0 1923.4325 0.0044128 0.087313 
350000 1566 301.947 35074.0 38.948 4.7874 522 538714.0 1658.9019 0.0016296 0.0891806 
360000 1599 297.853 36440.0 39.347 4.7208 533 560541.0 1810.904 0.0027801 0.0876206 
370000 1633 299.289 37773.0 39.863 4.7579 544 581627.0 1962.7747 0.006315 0.0873012 
380000 1665 303.633 39076.0 40.084 4.8227 555 600145.0 1809.9107 0.0028245 0.0889901 
390000 1695 311.789 40496.0 41.87 4.949 565 621105.0 1903.5164 0.002473 0.0884583 
400000 1724 332.327 41745.0 43.771 5.2708 574 641996.0 2214.8205 0.0037234 0.0882457 
410000 1754 335.32 43021.0 43.438 5.317 584 662716.0 2059.089 0.0024154 0.0881512 
420000 1786 317.552 44350.0 41.626 5.0345 595 682514.0 1994.5763 0.0032509 0.0868982 
430000 1820 310.9 45713.0 41.936 4.9275 606 704810.0 2033.1163 0.0033679 0.0882877 
440000 1854 302.734 47049.0 40.41 4.808 618 724326.0 1875.6211 0.0015069 0.0885337 
450000 1887 301.399 48418.0 40.58 4.7973 629 745283.0 1916.7588 0.001961 0.0878888 
460000 1921 295.868 49758.0 39.636 4.7032 640 764669.0 1788.8797 0.0022715 0.0884766 
470000 1952 307.156 51073.0 41.271 4.8718 650 784888.0 1859.4638 0.0028842 0.0877508 
480000 1986 302.492 52433.0 40.418 4.7985 662 805914.0 1897.27 0.0040574 0.0881682 
490000 2016 310.089 53826.0 41.931 4.9173 672 827734.0 1985.4002 0.0026202 0.0880655 
500000 2052 296.043 55237.0 41.343 4.7017 684 848668.0 1834.6954 0.0020624 0.0880318 
510000 2083 305.781 56612.0 41.722 4.8614 694 871727.0 2007.4034 0.0024029 0.0887552 
520000 2112 317.801 57919.0 42.3 5.0528 704 893798.0 2193.7041 0.002341 0.0883066 
530000 2143 323.462 59199.0 42.481 5.1488 714 913727.0 2126.1262 0.0014997 0.0887086 
540000 2174 321.22 60485.0 42.142 5.0874 724 934256.0 2135.5381 0.0038803 0.0886347 
550000 2208 302.961 61954.0 41.372 4.804 736 954592.0 1793.5727 0.0029416 0.0891266 
560000 2239 308.586 63363.0 42.576 4.9024 746 974031.0 1819.1927 0.0012822 0.0891836 
570000 2274 306.034 64742.0 42.475 4.8591 758 994166.0 1909.1354 0.0033972 0.0881468 
580000 2302 325.421 66062.0 44.133 5.1679 767 1015818.0 2189.2896 0.0029629 0.0895221 
590000 2332 329.308 67471.0 45.477 5.2315 777 1037878.0 2158.4527 0.0019581 0.0888911 
600000 2365 306.228 68846.0 42.023 4.8672 788 1058655.0 1979.604 0.0022142 0.0887055 
610000 2402 297.423 70182.0 40.998 4.7369 800 1076438.0 1629.2802 0.0009487 0.0885223 
620000 2433 303.8 71551.0 40.977 4.8358 811 1096587.0 1748.419 0.0024389 0.0878709 
630000 2466 307.215 72895.0 41.942 4.8718 822 1116444.0 1847.4229 0.0027334 0.0892638 
640000 2499 304.093 74308.0 42.054 4.8213 833 1135681.0 1776.9143 0.0029726 0.0879083 
650000 2530 306.208 75714.0 42.107 4.858 843 1156580.0 1872.1992 0.0035022 0.0887498 
660000 2563 308.256 77090.0 43.06 4.8973 854 1177977.0 1885.3093 0.0018325 0.0884533 
670000 2596 299.885 78433.0 40.809 4.7653 865 1202034.0 2067.7591 0.0024006 0.0878366 
680000 2627 316.051 79757.0 42.637 5.0208 875 1221953.0 2008.9461 0.0016754 0.0879972 
690000 2661 304.43 81155.0 41.721 4.8364 887 1242219.0 1930.2979 0.0021531 0.0875017 
700000 2687 335.172 82362.0 43.423 5.3245 895 1260883.0 2053.7908 0.0012996 0.0889902 
710000 2715 337.906 83687.0 43.629 5.3663 905 1282055.0 2100.2841 0.0018708 0.0893058 
720000 2746 328.023 84986.0 42.486 5.2134 915 1302814.0 2012.1076 0.001588 0.088742 
730000 2779 315.903 86338.0 42.045 5.0246 926 1323011.0 1821.9087 0.0022986 0.089313 
740000 2811 305.669 87621.0 39.857 4.8664 937 1343249.0 1752.6 0.0008248 0.0895718 
750000 2840 329.506 88866.0 42.614 5.2443 946 1361140.0 1890.8847 0.0011954 0.0897329 
760000 2874 313.686 90280.0 42.077 4.993 958 1380956.0 1838.1349 0.0018434 0.0894648 
770000 2908 292.97 91663.0 39.275 4.6626 969 1403522.0 1718.1049 0.0020648 0.0884244 
780000 2940 307.891 92994.0 41.442 4.8888 980 1423510.0 1932.7693 0.0040285 0.0884024 
790000 2967 321.644 94371.0 43.128 5.1016 989 1443553.0 1973.1802 0.0021174 0.0890634 
800000 2997 330.195 95691.0 43.905 5.2321 999 1462173.0 1931.4018 0.0017126 0.0884292 
810000 3032 310.313 97047.0 42.303 4.9187 1010 1485658.0 2015.6264 0.0025984 0.0880033 
820000 3060 328.167 98330.0 43.323 5.2095 1020 1504180.0 1982.6015 0.0016413 0.088761 
830000 3087 342.005 99631.0 44.581 5.4293 1029 1525533.0 2229.4746 0.0009028 0.0857165 
840000 3118 336.346 100998.0 45.105 5.343 1039 1544292.0 2021.1001 0.0018219 0.0891275 
850000 3147 338.978 102301.0 44.623 5.3843 1049 1566423.0 2235.7189 0.0028631 0.0868702 
860000 3178 334.209 103724.0 45.721 5.3124 1059 1587942.0 2064.3989 0.0013255 0.0858009 
870000 3209 328.141 105034.0 44.078 5.2142 1069 1607011.0 1924.6415 0.0024616 0.0865006 
880000 3239 332.544 106414.0 45.292 5.2815 1079 1629591.0 2072.4695 0.0034065 0.0869514 
890000 3269 329.105 107736.0 44.581 5.226 1089 1648791.0 2028.6738 0.0023225 0.0874295 
900000 3299 334.449 109071.0 44.902 5.3268 1099 1670961.0 1941.8577 0.0018068 0.089716 
910000 3329 331.318 110447.0 45.034 5.286 1109 1691161.0 2144.9942 0.0025026 0.0901249 
920000 3358 334.085 111781.0 45.366 5.3312 1119 1711222.0 2045.5103 0.0014609 0.0895362 
930000 3392 319.14 113094.0 42.92 5.0799 1130 1730168.0 1796.5549 0.0017402 0.0894807 
940000 3423 322.888 114345.0 41.736 5.1352 1141 1748607.0 1848.9777 0.0040381 0.0891239 
950000 3454 320.3 115714.0 42.605 5.0861 1151 1768726.0 1844.541 0.0020288 0.0873118 
960000 3486 317.09 117109.0 43.096 5.0382 1162 1789784.0 1980.6357 0.0026026 0.0870905 
970000 3514 324.473 118420.0 44.061 5.1561 1171 1809386.0 1954.3838 0.0020565 0.0876984 
980000 3544 336.241 119719.0 44.26 5.3439 1181 1829496.0 2066.3059 0.0006406 0.0855532 
990000 3576 324.491 121031.0 42.759 5.1543 1192 1848324.0 1886.1102 0.0014658 0.0864447 
1000000 3607 321.299 122393.0 42.392 5.096 1202 1869193.0 1923.6008 0.0022867 0.0870657 
1010000 3638 325.549 123718.0 43.313 5.1631 1212 1889932.0 2003.0118 0.0018046 0.0872493 
1020000 3666 333.463 125022.0 43.554 5.2848 1222 1911804.0 2180.6781 0.0029226 0.0878164 
1030000 3699 321.52 126401.0 43.293 5.0945 1233 1932641.0 2091.5251 0.0030509 0.0892191 
1040000 3728 328.861 127699.0 43.501 5.2102 1242 1951322.0 2002.6437 0.0013821 0.0895431 
1050000 3756 336.667 129034.0 44.161 5.3346 1252 1969524.0 1915.9424 0.0009614 0.0888979 
1060000 3786 336.751 130251.0 43.365 5.3366 1262 1986564.0 1849.7493 0.0015192 0.0886919 
1070000 3814 347.779 131561.0 45.412 5.5159 1271 2007086.0 1973.7795 0.0006544 0.0886225 
1080000 3846 326.28 132836.0 41.843 5.1786 1282 2028614.0 2006.0367 0.0035483 0.0880477 
1090000 3876 333.593 134053.0 41.985 5.291 1292 2046874.0 1965.4806 0.0017808 0.0891967 
1100000 3904 344.633 135354.0 44.42 5.4699 1301 2064766.0 1862.4773 0.0016422 0.0885241 
1110000 3932 352.209 136555.0 44.165 5.6206 1310 2083348.0 1988.0255 0.002931 0.0886015 
1120000 3964 334.176 137899.0 43.116 5.3244 1321 2103336.0 1897.6412 0.0008025 0.0901253 
1130000 3990 352.879 139127.0 44.387 5.6019 1330 2124110.0 2267.5938 0.0013061 0.0893005 
1140000 4017 355.716 140374.0 44.351 5.6304 1339 2142483.0 2080.2334 0.0031683 0.0887708 
1150000 4044 357.155 141623.0 44.118 5.6453 1348 2162046.0 2015.9005 0.0024931 0.0904929 
1160000 4073 359.039 142837.0 44.885 5.67 1357 2178667.0 1898.0443 0.0018106 0.0905543 
1170000 4102 352.393 144122.0 43.92 5.5621 1367 2199388.0 2128.7347 0.0019565 0.0893666 
1180000 4131 350.768 145370.0 43.938 5.5414 1377 2218699.0 2097.7519 0.0023477 0.0888149 
1190000 4158 360.878 146589.0 44.576 5.72 1386 2237392.0 2114.3421 0.0027793 0.0875438 
1200000 4184 366.729 147841.0 45.894 5.818 1394 2257486.0 2207.4132 0.0005983 0.0873144 
1210000 4212 365.548 149050.0 44.622 5.804 1404 2274858.0 2027.3508 0.0015518 0.0865418 
1220000 4242 348.622 150401.0 44.292 5.5378 1414 2293218.0 1927.9134 0.0016921 0.0887722 
1230000 4269 354.537 151663.0 44.786 5.6297 1423 2313371.0 2085.0093 0.0027862 0.0888146 
1240000 4296 355.735 152877.0 44.023 5.6539 1432 2333484.0 2162.3763 0.002514 0.0901154 
1250000 4326 350.67 154167.0 44.613 5.5514 1442 2354394.0 2265.8791 0.0011729 0.0901115 
1260000 4358 328.129 155515.0 42.655 5.1981 1452 2374692.0 2046.571 0.0017746 0.0893794 
1270000 4387 338.655 156839.0 44.613 5.3604 1462 2394853.0 2017.4614 0.0021388 0.0888162 
1280000 4416 334.836 158175.0 43.882 5.3033 1472 2413424.0 1904.1452 0.0012847 0.0895809 
1290000 4447 336.344 159485.0 44.617 5.3307 1482 2433113.0 1935.5492 0.0014802 0.0897674 
1300000 4477 332.513 160811.0 44.072 5.2873 1492 2453303.0 2020.1165 0.0019513 0.0903268 
1310000 4508 328.219 162179.0 44.604 5.2443 1502 2474662.0 1996.6706 0.0022985 0.0881236 
1320000 4542 313.922 163557.0 42.68 5.0172 1514 2494048.0 1856.0994 0.0014111 0.0892454 
1330000 4572 318.54 164934.0 43.615 5.0655 1524 2513658.0 1936.3499 0.0014809 0.0883892 
1340000 4599 335.131 166243.0 44.057 5.3375 1533 2531401.0 1898.2197 0.001742 0.0879996 
1350000 4626 354.968 167389.0 44.687 5.667 1542 2547184.0 1893.6787 0.0014264 0.0887482 
1360000 4652 365.996 168641.0 45.76 5.8286 1550 2565158.0 1972.4943 0.0011747 0.0893091 
1370000 4678 371.459 169916.0 46.989 5.9127 1559 2581752.0 1874.4159 0.0016321 0.0903818 
1380000 4706 367.671 171158.0 46.344 5.8425 1568 2600564.0 1950.9602 0.0018148 0.0880226 
1390000 4734 361.003 172466.0 45.769 5.7289 1578 2620076.0 2078.8354 0.0013341 0.089516 
1400000 4762 361.897 173723.0 45.648 5.7473 1587 2639918.0 2076.3922 0.0004006 0.0898539 
1410000 4792 348.22 174990.0 44.506 5.5355 1597 2657608.0 1934.2666 0.0014518 0.0886914 
1420000 4824 329.026 176347.0 43.133 5.2322 1608 2675266.0 1718.0918 0.0010814 0.0892168 
1430000 4853 331.385 177612.0 42.505 5.2658 1617 2693897.0 1866.014 0.0010647 0.0902474 
1440000 4877 359.453 178776.0 44.783 5.7218 1625 2710743.0 1875.7339 0.0023624 0.0904069 
1450000 4907 349.286 180147.0 45.24 5.5581 1635 2730313.0 1944.125 0.0019176 0.0901084 
1460000 4935 356.521 181375.0 44.822 5.6613 1645 2746905.0 1889.2146 0.0005688 0.0900203 
1470000 4958 385.631 182504.0 46.398 6.1045 1652 2766042.0 2157.7305 0.0011537 0.0905613 
1480000 4983 386.047 183717.0 46.084 6.1194 1661 2785837.0 2243.1063 0.0020875 0.090287 
1490000 5013 361.01 185010.0 45.159 5.7253 1671 2805227.0 2053.1797 0.0010795 0.0906761 
1500000 5040 360.286 186236.0 44.6 5.7194 1680 2820520.0 1802.8181 0.0010287 0.0902144 
1510000 5066 364.578 187418.0 44.332 5.7923 1688 2838174.0 1946.7518 0.0013833 0.089752 
1520000 5090 387.718 188560.0 45.92 6.1761 1696 2856060.0 2114.5931 0.0008135 0.0904376 
1530000 5118 369.398 189796.0 44.365 5.88 1706 2872932.0 1917.6361 0.001823 0.0901283 
1540000 5145 367.102 191039.0 44.873 5.8388 1715 2890915.0 1959.6802 0.0017116 0.0895094 
1550000 5173 364.509 192339.0 45.777 5.7919 1724 2909197.0 1954.6462 0.0018271 0.0896459 
1560000 5198 379.542 193435.0 45.227 6.0231 1732 2925392.0 2004.4684 0.0021907 0.0873061 
1570000 5223 381.931 194619.0 44.556 6.0607 1741 2942407.0 1945.4654 0.0010636 0.0871214 
1580000 5250 369.828 195873.0 44.529 5.8712 1750 2962250.0 2095.1923 0.0018433 0.0870191 
1590000 5280 362.898 197095.0 44.086 5.7629 1760 2980230.0 2004.7846 0.0010733 0.0886061 
1600000 5305 379.833 198325.0 46.665 6.0484 1768 2997365.0 2009.9885 0.0013441 0.0903038 
1610000 5333 370.033 199550.0 46.033 5.8998 1777 3017397.0 2165.202 0.001131 0.0895455 
1620000 5361 368.651 200666.0 43.483 5.8749 1787 3032619.0 1868.3206 0.0005482 0.0904743 
1630000 5384 393.59 201811.0 45.856 6.2735 1794 3048736.0 1881.0004 0.0017581 0.0904177 
1640000 5413 371.702 203115.0 45.493 5.922 1804 3067147.0 1955.6855 0.0017395 0.0905014 
1650000 5439 371.754 204360.0 45.07 5.9126 1813 3086421.0 2038.2036 0.0007962 0.0907825 
1660000 5467 373.421 205536.0 45.341 5.9204 1822 3104763.0 1978.4847 0.0013807 0.0903363 
1670000 5490 388.263 206666.0 45.137 6.1741 1830 3125590.0 2427.6531 0.00058 0.0901407 
1680000 5511 417.76 207678.0 45.89 6.6395 1837 3139549.0 2196.7452 0.0008715 0.0910016 
1690000 5535 421.305 208791.0 46.423 6.682 1845 3160215.0 2378.862 0.000821 0.0909653 
1700000 5562 394.937 210091.0 46.111 6.2579 1854 3177948.0 2123.8286 0.0009593 0.0896031 
1710000 5591 382.32 211313.0 46.053 6.0567 1863 3196699.0 2104.4823 0.0021972 0.08936 
1720000 5612 417.546 212344.0 47.39 6.6071 1870 3211478.0 2109.7002 0.0014365 0.0894878 
1730000 5634 422.271 213399.0 46.182 6.6865 1878 3226836.0 2026.6498 0.0022049 0.0908603 
1740000 5660 409.445 214592.0 47.283 6.4895 1886 3245310.0 2127.7839 0.0007405 0.0900123 
1750000 5685 396.191 215837.0 46.036 6.2865 1895 3263025.0 2066.0823 0.0008849 0.0901031 
1760000 5708 416.121 216857.0 47.179 6.6022 1902 3277122.0 2018.6705 0.00188 0.0896238 
1770000 5735 396.37 218086.0 46.824 6.2904 1911 3296695.0 2076.6317 0.0016413 0.0888346 
1780000 5760 396.171 219202.0 45.573 6.261 1920 3313070.0 2015.0731 0.0016266 0.0889448 
1790000 5784 400.836 220389.0 46.127 6.3434 1928 3330176.0 2028.7752 0.0009492 0.0891002 
1800000 5805 421.143 221454.0 46.679 6.6604 1935 3346605.0 2122.7936 0.0007017 0.0891008 
1810000 5831 412.807 222597.0 47.131 6.5082 1943 3362749.0 2037.4793 0.0006804 0.090221 
1820000 5854 417.109 223729.0 46.94 6.5654 1951 3378276.0 2078.2543 0.0016532 0.0890119 
1830000 5880 403.593 224916.0 46.265 6.3605 1960 3396200.0 2036.3365 0.0008335 0.0906051 
1840000 5901 429.008 225866.0 46.269 6.7648 1967 3408919.0 1971.8235 0.0011639 0.0908388 
1850000 5926 417.42 227019.0 46.451 6.6056 1975 3426214.0 2038.8706 0.001392 0.0910349 
1860000 5950 409.111 228003.0 44.043 6.484 1983 3440040.0 1850.3239 0.0008529 0.0915368 
1870000 5972 413.222 229057.0 44.288 6.5569 1990 3455668.0 1863.2936 0.0019397 0.0911131 
1880000 5992 446.907 229995.0 45.579 7.0958 1997 3467738.0 1875.6221 0.0006327 0.0908082 
1890000 6012 466.11 230986.0 45.968 7.3936 2004 3481148.0 1902.7648 0.0007311 0.092129 
1900000 6032 483.214 231924.0 47.116 7.6723 2010 3492408.0 1837.7289 0.0010487 0.0922435 
1910000 6053 476.643 232933.0 47.278 7.5817 2017 3506247.0 1876.4136 0.0009879 0.0916821 
1920000 6069 518.926 233722.0 46.587 8.2588 2023 3516891.0 1886.1346 0.0005836 0.0924127 
1930000 6092 486.795 234779.0 47.537 7.7424 2030 3533048.0 2070.2266 0.0003447 0.093593 
1940000 6118 447.502 235927.0 46.2 7.1125 2039 3549422.0 1969.0009 0.0009983 0.0926531 
1950000 6139 456.58 236972.0 47.283 7.2553 2046 3563411.0 1905.4621 0.0019738 0.092038 
1960000 6163 438.093 237998.0 45.94 6.9504 2054 3578747.0 1783.6434 0.0012228 0.0915577 
1970000 6189 416.121 239129.0 45.116 6.6196 2063 3594041.0 1919.077 0.000651 0.0902265 
1980000 6213 413.99 240251.0 45.267 6.5813 2071 3609477.0 1942.5957 0.0011293 0.0900189 
1990000 6236 405.835 241367.0 46.18 6.4519 2078 3624724.0 1902.3514 0.0006416 0.0896878 
2000000 6258 434.011 242412.0 46.464 6.9044 2086 3638862.0 1960.4362 0.0013154 0.09193 
2010000 6279 447.469 243359.0 46.164 7.1149 2093 3653901.0 2054.8498 0.0014135 0.0911285 
2020000 6294 503.189 244241.0 48.66 7.991 2098 3666546.0 2246.1534 0.0006965 0.0918033 
2030000 6312 512.455 245158.0 48.683 8.1333 2104 3679988.0 2152.3192 0.0012165 0.0921939 
2040000 6339 455.703 246312.0 47.049 7.2356 2113 3694821.0 1904.536 0.003154 0.0926376 
2050000 6361 452.255 247422.0 48.313 7.1826 2120 3708949.0 1832.6036 0.0013705 0.092338 
2060000 6385 442.133 248557.0 47.968 7.023 2128 3723175.0 1813.2384 0.0007193 0.0919561 
2070000 6410 420.582 249693.0 46.363 6.6786 2136 3738620.0 1856.0605 0.0017224 0.0917834 
2080000 6436 410.051 250839.0 45.831 6.5133 2145 3754584.0 1929.2671 0.0023853 0.0918549 
2090000 6460 407.531 252027.0 47.073 6.4568 2153 3771900.0 1987.9001 0.0015565 0.0913136 
2100000 6483 425.881 252996.0 45.955 6.7474 2161 3785747.0 1977.7951 0.0022485 0.0928502 
2110000 6501 464.474 253862.0 46.403 7.3572 2167 3797449.0 1966.0404 0.0006436 0.0927851 
2120000 6515 517.448 254595.0 47.792 8.1869 2171 3806825.0 1937.7404 0.0006837 0.0941305 
2130000 6536 503.967 255532.0 46.53 7.9739 2178 3819334.0 1845.114 0.0002713 0.0938444 
2140000 6553 527.895 256368.0 47.977 8.3576 2184 3829947.0 1851.5095 0.0002798 0.0922493 
2150000 6570 556.814 257116.0 46.737 8.8244 2190 3840200.0 1923.7902 0.0006817 0.0931027 
2160000 6593 514.588 258258.0 48.025 8.1496 2197 3856687.0 2030.7776 0.0014536 0.0928124 
2170000 6615 476.981 259374.0 47.001 7.5522 2205 3873035.0 2123.3109 0.0004249 0.0925903 
2180000 6637 475.627 260372.0 47.929 7.5546 2212 3886043.0 1984.3984 0.0023447 0.0928421 
2190000 6659 474.746 261486.0 49.674 7.5616 2219 3902221.0 2026.5303 0.0006115 0.0922525 
2200000 6681 459.636 262603.0 48.287 7.2968 2227 3916839.0 2016.6582 0.0015431 0.0926201 
2210000 6705 455.105 263588.0 47.211 7.2193 2235 3929995.0 1927.8307 0.0018374 0.0927096 
2220000 6727 451.643 264692.0 48.212 7.1688 2242 3944143.0 1881.6933 0.0012083 0.0920303 
2230000 6749 441.305 265726.0 46.348 7.0009 2249 3958121.0 1882.2246 0.0008873 0.0919843 
2240000 6777 413.982 266876.0 44.9 6.5706 2259 3973183.0 1742.978 0.0019294 0.0916526 
2250000 6801 412.571 268073.0 45.729 6.5611 2267 3990209.0 1928.1017 0.0012433 0.0916532 
2260000 6824 429.426 269037.0 45.334 6.8293 2274 4003156.0 1816.7565 0.0014455 0.0902923 
2270000 6843 444.077 270133.0 46.682 7.0527 2281 4018777.0 1991.6912 0.0026393 0.0895721 
2280000 6862 478.616 271155.0 50.893 7.6073 2287 4032218.0 2091.1545 0.001501 0.0890779 
2290000 6881 490.576 272039.0 49.322 7.793 2293 4044179.0 2073.4689 0.0005054 0.0875247 
2300000 6903 476.769 273086.0 47.982 7.5739 2301 4059037.0 1999.1425 0.0014353 0.0839319 
2310000 6921 494.628 274181.0 50.724 7.8357 2307 4074109.0 2175.3867 0.0016582 0.0843283 
2320000 6939 521.656 275005.0 51.014 8.2669 2313 4085461.0 2165.0032 0.0014642 0.0872656 
2330000 6960 496.68 275987.0 48.13 7.8766 2320 4099280.0 2022.7672 0.0006946 0.0897818 
2340000 6981 490.848 276909.0 47.353 7.792 2327 4111909.0 1973.07 0.0017222 0.0907588 
2350000 7006 454.102 278124.0 48.212 7.2292 2335 4129224.0 2019.5245 0.0007569 0.0922909 
2360000 7023 485.302 279023.0 48.436 7.7449 2341 4140687.0 2014.2711 0.0010981 0.0919074 
2370000 7043 488.279 279982.0 49.174 7.7885 2347 4153617.0 1999.3768 0.0013124 0.0916833 
2380000 7058 539.987 280702.0 48.94 8.6025 2352 4163502.0 2009.6484 0.0008023 0.092109 
2390000 7083 477.771 281809.0 46.163 7.6021 2361 4178247.0 1820.1214 0.0003003 0.0906045 
2400000 7110 433.22 283038.0 45.483 6.87 2370 4195200.0 1802.3872 0.0009579 0.0897558 
2410000 7133 436.967 284045.0 45.838 6.923 2377 4209167.0 1896.4236 0.0002095 0.089766 
2420000 7148 490.359 285058.0 51.242 7.7752 2382 4223282.0 2208.1373 0.0018969 0.089619 
2430000 7167 496.204 286074.0 49.983 7.8772 2389 4239433.0 2304.8659 0.0003484 0.0898387 
2440000 7186 496.493 287000.0 50.334 7.8744 2395 4253774.0 2328.9759 0.0016854 0.0912599 
2450000 7209 480.171 287985.0 47.56 7.6185 2403 4266881.0 2018.3575 0.0011541 0.0912133 
2460000 7232 463.987 289058.0 48.214 7.375 2410 4281738.0 1962.4056 0.0008109 0.0922349 
2470000 7256 450.982 290183.0 47.963 7.1626 2418 4296254.0 1887.0439 0.0012345 0.0913802 
2480000 7275 469.949 291237.0 48.867 7.4817 2425 4310905.0 2046.9238 0.0005723 0.089963 
2490000 7299 446.75 292366.0 47.635 7.1194 2433 4326731.0 1967.4143 0.0010337 0.0912245 
2500000 7320 460.442 293314.0 47.665 7.3412 2440 4339380.0 1959.4652 0.0012432 0.0908178 
2510000 7337 492.986 294142.0 48.758 7.8593 2445 4350593.0 1952.706 0.0018833 0.0914794 
2520000 7354 514.24 295104.0 48.893 8.1987 2451 4362216.0 1959.986 0.0007673 0.0915975 
2530000 7375 498.445 296018.0 47.596 7.9483 2458 4375455.0 1946.6091 0.0015022 0.0924098 
2540000 7401 450.24 297206.0 46.026 7.1811 2467 4392709.0 1840.0814 0.0014938 0.0912387 
2550000 7425 446.418 298172.0 44.424 7.1202 2475 4406305.0 1853.1183 0.0007212 0.0926839 
2560000 7444 472.447 299160.0 46.715 7.5194 2481 4419476.0 1953.9205 0.0009183 0.0919626 
2570000 7464 476.427 300164.0 47.756 7.5727 2488 4432896.0 2014.2625 0.0015203 0.0922265 
2580000 7485 466.443 301257.0 47.114 7.4156 2495 4449115.0 2004.4356 0.0009835 0.0935287 
2590000 7509 456.233 302211.0 46.412 7.2471 2503 4462501.0 2000.1684 0.0010939 0.0921839 
2600000 7528 473.374 303141.0 47.097 7.5013 2509 4474422.0 1872.1499 0.0011843 0.0924875 
2610000 7545 506.828 303885.0 46.199 8.0144 2515 4483585.0 1842.3227 0.0016644 0.0926689 
2620000 7563 525.271 304769.0 47.113 8.3157 2521 4494517.0 1833.8394 0.0009811 0.0917399 
2630000 7584 496.221 305885.0 47.32 7.8637 2528 4509136.0 1864.255 0.001405 0.0913229 
2640000 7603 504.31 306798.0 47.938 7.9992 2534 4520707.0 1884.1189 0.0019952 0.090179 
2650000 7614 573.236 307446.0 48.859 9.1054 2538 4529116.0 1928.0197 0.0015203 0.0927454 
2660000 7626 643.887 308185.0 53.76 10.2332 2542 4538934.0 2249.329 0.0004409 0.0932713 
2670000 7647 569.826 309258.0 50.381 9.0536 2549 4552893.0 1995.5682 0.0009495 0.0918674 
2680000 7666 565.511 310050.0 49.507 8.9788 2555 4562884.0 1914.7797 0.001505 0.0900376 
2690000 7679 604.434 310723.0 50.227 9.5996 2559 4571481.0 1873.4283 0.0007643 0.0909139 
2700000 7700 560.863 311687.0 48.833 8.9134 2566 4583060.0 1771.469 0.0010305 0.0910058 
2710000 7715 591.975 312419.0 48.99 9.3996 2571 4592855.0 1873.2129 0.0004223 0.0922116 
2720000 7730 586.955 313185.0 48.841 9.2967 2576 4602660.0 1903.2188 0.0031639 0.0927993 
2730000 7744 619.932 313937.0 48.446 9.7982 2581 4612036.0 1885.2448 0.0013328 0.0909126 
2740000 7767 556.586 314978.0 47.177 8.7888 2589 4625643.0 1791.3505 0.0007381 0.0893686 
2750000 7784 569.222 315731.0 48.437 8.9956 2594 4635366.0 1826.8517 0.0014854 0.0880289 
2760000 7803 561.247 316594.0 47.436 8.8708 2601 4647927.0 1980.9596 0.0010533 0.0891562 
2770000 7824 532.273 317610.0 47.536 8.4164 2608 4662336.0 1976.557 0.0003625 0.091589 
2780000 7846 497.594 318665.0 46.881 7.8806 2615 4677254.0 1970.6682 0.0002439 0.0920968 
2790000 7864 523.517 319577.0 48.766 8.2919 2621 4690796.0 2066.9136 0.0008368 0.0922918 
2800000 7884 499.693 320510.0 46.072 7.9219 2628 4703426.0 1941.731 0.0005327 0.0925933 
2810000 7903 520.641 321433.0 48.961 8.2841 2634 4715507.0 1933.9932 0.0018866 0.09235 
2820000 7924 503.338 322387.0 48.048 8.0116 2641 4728216.0 1932.7585 0.0006001 0.0930288 
2830000 7942 512.153 323220.0 46.889 8.1607 2647 4738968.0 1866.9497 0.0014562 0.0920702 
2840000 7961 509.079 324149.0 47.282 8.1191 2653 4752739.0 1945.9374 0.001179 0.0931623 
2850000 7980 503.788 325169.0 47.374 8.03 2660 4765450.0 1887.6072 0.0010847 0.0933581 
2860000 8001 501.047 326076.0 46.631 7.9995 2667 4777799.0 1859.2031 0.0012497 0.0926624 
2870000 8019 526.346 326869.0 46.885 8.3749 2673 4789571.0 1986.6646 0.0007639 0.0929237 
2880000 8037 530.392 327681.0 46.476 8.4301 2679 4800133.0 1896.7612 0.0011101 0.0938143 
2890000 8055 527.704 328628.0 45.973 8.3824 2685 4811865.0 1817.7717 0.0025007 0.0942766 
2900000 8074 533.176 329590.0 48.915 8.4655 2691 4825566.0 2008.4169 0.0007963 0.0934582 
2910000 8098 486.717 330764.0 48.855 7.7267 2699 4840102.0 1886.0235 0.001545 0.0922755 
2920000 8115 518.152 331602.0 49.605 8.2476 2705 4852715.0 2102.8496 0.0008944 0.0931414 
2930000 8128 572.041 332337.0 51.123 9.1011 2709 4861792.0 2009.5889 0.0005849 0.0919809 
2940000 8145 576.834 333089.0 49.285 9.1727 2715 4871265.0 1945.3868 0.0008005 0.0933085 
2950000 8164 551.895 334108.0 49.631 8.7738 2721 4883646.0 1888.6739 0.000115 0.0921647 
2960000 8180 567.429 334902.0 50.625 9.0103 2726 4894240.0 1973.3618 0.0007932 0.0927618 
2970000 8193 610.979 335615.0 49.14 9.7101 2731 4903327.0 1924.2247 0.0018802 0.0944235 
2980000 8208 632.512 336382.0 49.692 10.0496 2736 4912782.0 1895.6966 0.0015759 0.094844 
2990000 8226 598.206 337291.0 49.242 9.4972 2742 4924334.0 1895.3382 0.0001699 0.0957084 
3000000 8248 552.107 338242.0 48.107 8.7952 2749 4936892.0 1838.4612 0.0010028 0.0946882 
3010000 8265 555.476 339123.0 48.285 8.8439 2755 4948265.0 1900.789 0.0010251 0.093004 
3020000 8284 551.53 339996.0 49.035 8.7827 2761 4959556.0 1843.3188 0.0005848 0.0935401 
3030000 8308 505.509 340982.0 46.779 8.0484 2769 4972912.0 1714.4333 0.0008217 0.093794 
3040000 8330 486.329 341919.0 45.573 7.758 2776 4984420.0 1659.5656 0.0006844 0.0934999 
3050000 8346 510.772 342732.0 44.614 8.1373 2782 4994964.0 1689.2283 0.0012517 0.0926364 
3060000 8369 492.608 343724.0 46.085 7.8363 2789 5006871.0 1692.7366 0.0003224 0.0923436 
3070000 8387 511.386 344718.0 48.633 8.1217 2795 5019563.0 1889.8663 0.0013232 0.0923401 
3080000 8409 492.032 345791.0 48.835 7.8222 2803 5035891.0 2142.3411 0.0017533 0.0915574 
3090000 8424 522.358 346714.0 49.865 8.2859 2808 5047406.0 2065.7214 0.0009108 0.0919025 
3100000 8442 539.678 347655.0 51.553 8.5573 2814 5059648.0 2126.9766 0.0010352 0.0922731 
3110000 8465 507.48 348708.0 50.565 8.0441 2821 5073125.0 1929.3829 0.0020876 0.091399 
3120000 8486 478.104 349765.0 48.408 7.595 2828 5089334.0 1969.8659 0.0012219 0.0912258 
3130000 8508 481.194 350748.0 47.861 7.6449 2836 5102012.0 1918.1889 0.0023736 0.0907861 
3140000 8530 470.55 351834.0 48.652 7.482 2843 5116290.0 1877.8044 0.0014981 0.0918481 
3150000 8547 508.347 352634.0 48.085 8.0984 2849 5126963.0 1944.6648 0.0009696 0.0914839 
3160000 8568 491.13 353659.0 47.565 7.8078 2856 5140602.0 1878.7819 0.0006789 0.0925872 
3170000 8586 519.999 354474.0 47.909 8.2467 2862 5151934.0 1957.2495 0.0011472 0.0929838 
3180000 8606 499.183 355603.0 48.904 7.9087 2868 5166854.0 1912.0894 0.00157 0.0925513 
3190000 8625 523.6 356482.0 49.773 8.2814 2875 5179045.0 2076.4069 0.0010303 0.0933517 
3200000 8645 514.696 357508.0 50.246 8.1314 2881 5192765.0 2037.9552 0.0012581 0.093603 
3210000 8667 466.172 358582.0 47.336 7.3661 2889 5206613.0 1881.3381 0.0013143 0.0929615 
3220000 8683 502.606 359383.0 48.767 7.955 2894 5217837.0 2024.8181 0.0007455 0.0929977 
3230000 8698 561.828 360129.0 50.487 8.9029 2899 5228612.0 1973.2202 0.0006 0.0937264 
3240000 8710 635.91 360726.0 50.961 10.1101 2903 5236560.0 2064.4121 0.0003983 0.0953649 
3250000 8728 608.411 361752.0 52.615 9.6808 2909 5250042.0 2191.6278 0.0025575 0.0938994 
3260000 8751 534.293 362854.0 49.148 8.4948 2917 5264119.0 1921.2288 0.0019106 0.0933447 
3270000 8773 516.527 363969.0 51.546 8.222 2924 5281397.0 2182.353 0.001636 0.0933587 
3280000 8788 545.176 364748.0 51.88 8.6771 2929 5291552.0 2115.7627 0.0012994 0.0934645 
3290000 8808 541.493 365735.0 51.517 8.6147 2936 5304452.0 2159.1066 0.0005378 0.0934138 
3300000 8825 550.74 366609.0 51.461 8.7589 2941 5316405.0 2090.0799 0.0010371 0.0936681 
3310000 8842 543.42 367464.0 49.883 8.643 2947 5328048.0 2018.9738 0.0003596 0.0943603 
3320000 8859 582.394 368339.0 51.885 9.2624 2953 5339431.0 2148.4905 0.0005809 0.0934338 
3330000 8871 601.644 369074.0 51.054 9.5626 2957 5350789.0 2201.8519 0.0009624 0.0936128 
3340000 8890 594.408 369962.0 52.152 9.4438 2963 5363370.0 2168.2974 0.0014232 0.0941596 
3350000 8906 609.491 370724.0 51.063 9.6744 2968 5374624.0 2185.674 0.0006462 0.0928874 
3360000 8926 551.193 371635.0 48.798 8.7411 2975 5386044.0 1878.2896 0.0004775 0.0935923 
3370000 8941 580.13 372509.0 50.767 9.214 2980 5398639.0 2127.7366 0.0010354 0.0925927 
3380000 8958 585.605 373449.0 51.031 9.3138 2986 5411292.0 2110.1788 0.0021628 0.0932858 
3390000 8977 555.751 374336.0 49.788 8.8343 2992 5424343.0 2119.4341 0.0009799 0.0925352 
3400000 8997 548.167 375248.0 49.107 8.7086 2999 5436343.0 2026.9749 0.0001472 0.0923846 
3410000 9015 542.687 376175.0 48.532 8.6186 3005 5450265.0 2100.8917 0.0005141 0.0914911 
3420000 9037 518.363 377177.0 49.427 8.2339 3012 5465983.0 2060.8606 0.0022763 0.0924465 
3430000 9054 536.543 378108.0 49.85 8.5199 3018 5477866.0 2168.8074 0.0003214 0.0917991 
3440000 9073 522.804 379030.0 50.486 8.2964 3024 5491707.0 2149.5163 0.0007557 0.0922631 
3450000 9094 525.322 380050.0 50.472 8.3345 3031 5505066.0 2050.9515 0.001706 0.0936277 
3460000 9112 527.158 380958.0 49.36 8.3608 3037 5516858.0 2043.8058 0.0030307 0.0930603 
3470000 9136 480.245 382007.0 46.82 7.6185 3045 5530614.0 1866.7409 0.0018028 0.0932787 
3480000 9155 503.476 382975.0 49.423 7.981 3051 5544075.0 1978.2676 0.0016501 0.0934608 
3490000 9171 526.161 383919.0 50.011 8.3429 3057 5557759.0 2164.0652 0.0007925 0.0931668 
3500000 9190 533.617 384913.0 52.172 8.4794 3063 5570660.0 2167.8579 0.0009675 0.0926919 
3510000 9207 548.985 385725.0 50.607 8.7275 3069 5583233.0 2245.5592 0.0006859 0.0934044 
3520000 9223 550.541 386713.0 53.822 8.7605 3074 5596187.0 2327.432 0.001192 0.0942747 
3530000 9236 623.34 387388.0 54.779 9.9176 3078 5605964.0 2404.1375 0.0014783 0.0941157 
3540000 9258 562.586 388479.0 52.563 8.9377 3086 5622182.0 2283.8181 0.001549 0.0941238 
3550000 9276 556.189 389545.0 53.073 8.824 3092 5636774.0 2232.0506 0.0012994 0.0930557 
3560000 9293 568.669 390328.0 52.857 9.0156 3097 5648457.0 2226.9129 0.0003954 0.0921175 
3570000 9310 578.09 391294.0 54.293 9.1556 3103 5661850.0 2218.7619 0.0018392 0.093439 
3580000 9328 567.636 392295.0 53.949 8.9905 3109 5677042.0 2437.9961 0.0011374 0.0936129 
3590000 9343 592.657 393085.0 53.705 9.3774 3114 5686907.0 2184.8404 0.0008955 0.0938309 
3600000 9362 558.46 393979.0 50.293 8.8417 3120 5698758.0 2082.5974 0.0009335 0.094195 
3610000 9381 551.42 394875.0 49.335 8.7276 3127 5710219.0 1918.1226 0.0007305 0.0937087 
3620000 9400 543.75 395850.0 50.968 8.5979 3133 5722690.0 1894.5535 0.0002675 0.0937477 
3630000 9421 526.021 396926.0 51.224 8.3174 3140 5738059.0 2125.4632 0.0008696 0.0933987 
3640000 9434 571.831 397743.0 53.797 9.0501 3144 5750486.0 2339.2397 0.001421 0.0925287 
3650000 9455 546.056 398718.0 51.377 8.6484 3151 5764115.0 2142.6201 0.0013104 0.0933877 
3660000 9471 564.242 399616.0 51.986 8.9365 3157 5775429.0 2141.7085 0.0005313 0.0926832 
3670000 9493 527.233 400720.0 52.009 8.3702 3164 5789307.0 1986.1513 0.001256 0.0923796 
3680000 9516 491.705 401765.0 48.553 7.8165 3172 5802024.0 1820.2511 0.0026444 0.0924515 
3690000 9537 482.596 402917.0 50.203 7.6727 3179 5816983.0 1959.0004 0.001153 0.092069 
3700000 9555 512.05 403879.0 52.264 8.1232 3185 5831565.0 2276.2935 0.0007749 0.0925706 
3710000 9573 516.993 404869.0 52.133 8.1919 3191 5844567.0 2170.986 0.0007931 0.0938355 
3720000 9591 522.26 405905.0 53.03 8.2895 3197 5861069.0 2348.6863 0.0008968 0.0939041 
3730000 9611 526.22 406776.0 51.779 8.3532 3203 5872809.0 2231.5687 0.0002343 0.0936996 
3740000 9629 529.558 407677.0 51.132 8.3976 3209 5884311.0 2058.3838 0.0011482 0.0943766 
3750000 9651 504.744 408663.0 48.81 8.0147 3217 5898409.0 2002.1088 0.0014208 0.0933998 
3760000 9668 532.905 409619.0 51.118 8.4744 3222 5916442.0 2573.6729 0.0004186 0.093915 
3770000 9686 538.907 410488.0 50.29 8.565 3228 5928634.0 2342.7031 0.0016049 0.0937424 
3780000 9708 505.842 411554.0 48.817 8.0409 3236 5944512.0 2218.3634 0.000654 0.0925119 
3790000 9724 536.456 412378.0 50.135 8.508 3241 5954916.0 2116.7576 0.001587 0.0931309 
3800000 9744 519.981 413359.0 48.339 8.2227 3248 5968446.0 1978.2365 0.0002212 0.0932661 
3810000 9759 554.058 414225.0 50.333 8.742 3253 5979241.0 2068.7034 0.0026217 0.0937067 
3820000 9774 592.316 414867.0 49.57 9.3479 3258 5987826.0 2020.6819 0.0012179 0.0944581 
3830000 9793 572.086 415878.0 51.075 9.0616 3264 6000377.0 2023.5714 0.0021279 0.0942504 
3840000 9811 564.453 416749.0 50.098 8.9418 3270 6011679.0 1994.9543 0.001719 0.0942289 
3850000 9824 610.95 417445.0 51.214 9.688 3274 6020946.0 1950.7008 0.0008433 0.093925 
3860000 9843 582.655 418443.0 51.284 9.2551 3281 6034837.0 2113.3104 0.0010571 0.0946945 
3870000 9866 514.002 419586.0 49.022 8.1728 3288 6051204.0 2066.8608 0.0011487 0.0929814 
3880000 9881 559.419 420298.0 49.876 8.905 3293 6061089.0 2134.5408 0.0017583 0.0931645 
3890000 9898 558.621 421346.0 52.617 8.9002 3299 6076282.0 2186.0999 0.0011598 0.0937598 
3900000 9914 584.776 422322.0 55.883 9.3151 3304 6088546.0 2357.1314 0.0016715 0.0930537 
3910000 9931 589.359 423338.0 57.079 9.3857 3310 6102119.0 2327.4918 0.0005537 0.0923821 
3920000 9948 590.819 424352.0 57.672 9.4198 3316 6116822.0 2503.7275 0.0014793 0.0923582 
3930000 9966 568.905 425332.0 54.374 9.0511 3322 6131864.0 2336.8154 0.00121 0.0930631 
3940000 9989 528.829 426235.0 50.81 8.3902 3329 6143371.0 2009.8476 0.0004205 0.0941059 
3950000 10006 540.259 427052.0 48.598 8.5718 3335 6153884.0 1874.5395 0.0004956 0.0933468 
3960000 10022 555.953 427867.0 50.318 8.8176 3340 6166268.0 2055.2439 0.0003451 0.0927334 
3970000 10041 560.185 428955.0 52.79 8.8875 3347 6181669.0 2307.0706 0.0002867 0.0936108 
3980000 10062 525.708 430123.0 52.93 8.3548 3354 6198838.0 2336.8407 0.0021946 0.0923308 
3990000 10088 465.335 431306.0 49.899 7.3873 3362 6216462.0 2131.5675 0.000968 0.0923076 
4000000 10104 516.164 432168.0 51.473 8.196 3368 6228666.0 2286.2026 0.0014053 0.0925627 
4010000 10126 494.948 433215.0 49.827 7.8579 3375 6242244.0 2064.1238 0.0005099 0.0931127 
4020000 10148 486.064 434254.0 49.353 7.705 3382 6256312.0 1946.3291 0.0017098 0.0936847 
4030000 10168 486.029 435283.0 50.246 7.7033 3389 6269432.0 1944.5053 0.0008531 0.0931554 
4040000 10188 491.143 436218.0 48.405 7.7694 3396 6282912.0 2006.5934 0.0002732 0.0935598 
4050000 10207 513.439 437266.0 51.919 8.1143 3402 6296803.0 2115.9383 0.0005457 0.0934033 
4060000 10227 511.731 438144.0 49.321 8.1308 3409 6308203.0 1984.1169 0.0012511 0.0938388 
4070000 10241 548.121 438892.0 50.208 8.6917 3413 6318509.0 2042.7624 0.0005412 0.09363 
4080000 10257 570.322 439894.0 51.837 9.048 3419 6332293.0 2239.0309 0.0009239 0.0941439 
4090000 10276 557.475 440783.0 52.296 8.8452 3425 6344394.0 2037.9786 0.0004536 0.0943234 
4100000 10294 562.82 441733.0 52.684 8.9377 3431 6356026.0 2040.5868 0.0012578 0.0940094 
4110000 10311 559.614 442675.0 51.54 8.8895 3437 6369889.0 2178.2295 0.0007406 0.0941611 
4120000 10330 546.098 443637.0 52.815 8.6693 3443 6383550.0 2151.9675 0.0018328 0.0939646 
4130000 10349 553.282 444544.0 51.818 8.7704 3449 6395121.0 2031.2103 0.0010775 0.0939523 
4140000 10374 489.579 445612.0 48.077 7.7428 3458 6408966.0 1830.2313 0.0004475 0.0926951 
4150000 10391 517.588 446505.0 49.364 8.2095 3463 6420429.0 1845.3238 0.0006071 0.0929884 
4160000 10408 539.771 447461.0 51.444 8.5639 3469 6433052.0 2012.1318 0.0004382 0.0927329 
4170000 10420 594.928 447991.0 49.79 9.4384 3473 6440160.0 2034.229 0.0012415 0.0937938 
4180000 10439 566.595 448984.0 50.192 8.9919 3479 6453191.0 1952.068 0.0012123 0.0938189 
4190000 10455 583.257 449843.0 50.786 9.2599 3485 6465465.0 2167.2582 0.0007739 0.0943845 
4200000 10475 555.215 450901.0 51.637 8.817 3491 6479095.0 2182.0189 0.0015333 0.0929041 
4210000 10493 551.611 451982.0 54.294 8.7631 3497 6493607.0 2235.2844 0.000731 0.0938124 
4220000 10512 540.872 452956.0 51.586 8.5954 3504 6506028.0 2055.4998 0.0013184 0.0936025 
4230000 10536 499.441 454068.0 50.675 7.9378 3512 6522824.0 2139.4537 0.0017202 0.093274 
4240000 10552 528.528 455091.0 54.094 8.3996 3517 6536838.0 2211.2271 0.0010053 0.0932006 
4250000 10569 525.374 455991.0 51.39 8.3521 3523 6548851.0 2109.1306 0.0014492 0.0937916 
4260000 10587 548.174 456890.0 51.352 8.7054 3529 6561173.0 2137.1412 0.000669 0.0939295 
4270000 10602 594.161 457757.0 55.232 9.4292 3534 6572578.0 2364.3203 0.0010492 0.0935087 
4280000 10619 590.038 458700.0 55.144 9.3527 3539 6586151.0 2315.9919 0.0011083 0.0936418 
4290000 10635 593.993 459485.0 52.651 9.4227 3545 6595685.0 2117.5241 0.0011981 0.0940736 
4300000 10653 584.912 460452.0 52.822 9.2844 3551 6609477.0 2233.4267 0.0020339 0.0936936 
4310000 10670 585.664 461279.0 52.244 9.2984 3556 6620210.0 2108.9404 0.000231 0.0942279 
4320000 10690 554.348 462306.0 51.993 8.7886 3563 6633580.0 1959.2248 0.0010024 0.0938733 
4330000 10701 630.718 463049.0 55.582 9.9794 3567 6643909.0 2405.1687 0.0014346 0.0945615 
4340000 10717 622.537 463938.0 55.391 9.8351 3572 6655803.0 2155.2557 0.0010325 0.0945597 
4350000 10738 571.082 464863.0 51.155 9.0277 3579 6667812.0 2042.0952 0.0015261 0.0943378 
4360000 10752 582.657 465694.0 50.716 9.2036 3584 6678978.0 2015.9941 0.0012108 0.0940698 
4370000 10767 626.483 466590.0 55.199 9.9114 3589 6690803.0 2299.1606 0.001276 0.0935881 
4380000 10786 592.292 467555.0 53.802 9.3823 3595 6703074.0 2105.6095 0.00124 0.0933847 
4390000 10804 580.018 468461.0 53.217 9.2038 3601 6715186.0 1981.6243 0.0007352 0.093666 
4400000 10822 572.616 469353.0 51.743 9.0979 3607 6727118.0 2089.944 0.001082 0.0937968 
4410000 10841 544.373 470324.0 51.335 8.6565 3613 6740389.0 1993.1583 0.0003562 0.0930942 
4420000 10858 565.025 471207.0 51.735 8.9819 3619 6753552.0 2025.6508 0.0008358 0.0942467 
4430000 10876 568.337 471973.0 49.033 9.0357 3625 6763044.0 1935.64 0.0011954 0.093746 
4440000 10897 533.689 472923.0 47.888 8.4833 3632 6776463.0 1921.2544 0.0014389 0.0937346 
4450000 10915 531.134 473748.0 46.5 8.4417 3638 6786935.0 1847.7731 0.0005954 0.0932052 
4460000 10935 520.465 474755.0 47.92 8.2711 3645 6799865.0 1874.4217 0.0013354 0.0928713 
4470000 10953 526.975 475723.0 48.264 8.3744 3651 6812247.0 1875.6719 0.0004187 0.0935243 
4480000 10971 528.048 476742.0 50.062 8.3826 3657 6826279.0 2026.542 0.0010248 0.0935057 
4490000 10987 559.233 477631.0 53.462 8.8807 3662 6837623.0 2091.6054 0.0024432 0.0937838 
4500000 11008 530.081 478596.0 50.597 8.4047 3669 6851502.0 2050.547 0.000735 0.094303 
4510000 11024 561.92 479364.0 50.465 8.9112 3674 6861036.0 1958.3355 0.0014653 0.0944214 
4520000 11044 534.101 480360.0 50.164 8.4753 3681 6875406.0 2012.8461 0.0004609 0.093681 
4530000 11063 524.723 481350.0 49.882 8.33 3687 6889027.0 2125.9904 0.0002958 0.0937461 
4540000 11082 531.762 482236.0 49.284 8.443 3694 6900648.0 1970.4373 0.0007671 0.0924317 
4550000 11100 534.12 483146.0 49.002 8.4837 3700 6913020.0 1995.968 0.0009204 0.0927629 
4560000 11119 525.424 484093.0 49.367 8.347 3706 6927101.0 1988.4181 0.000657 0.0914974 
4570000 11136 530.048 484974.0 48.054 8.4208 3712 6938724.0 1989.9525 0.0010366 0.0932836 
4580000 11156 524.267 485946.0 50.004 8.328 3718 6950594.0 1961.8933 0.001468 0.0915787 
4590000 11169 583.296 486887.0 54.483 9.265 3723 6962811.0 2273.428 0.0011191 0.0921191 
4600000 11188 566.924 487840.0 53.959 8.993 3729 6974972.0 2044.4092 0.0002497 0.0918172 
4610000 11208 550.021 488749.0 51.252 8.7177 3736 6988032.0 2096.0685 0.0013233 0.093245 
4620000 11224 552.42 489624.0 51.141 8.7613 3741 6999396.0 2015.8915 0.0015665 0.0933427 
4630000 11248 511.454 490627.0 48.291 8.1171 3749 7012652.0 1915.1763 0.0008012 0.0927681 
4640000 11267 514.574 491600.0 49.145 8.1692 3755 7027653.0 1970.7934 0.0005209 0.0934864 
4650000 11292 470.186 492722.0 47.143 7.4674 3764 7041438.0 1858.3558 0.0007775 0.0930117 
4660000 11307 494.306 493490.0 45.841 7.8516 3769 7052753.0 1841.1137 0.0008162 0.0930195 
4670000 11325 524.94 494457.0 48.864 8.3401 3775 7065595.0 2036.6278 0.0005385 0.0940572 
4680000 11344 530.794 495376.0 49.988 8.5443 3781 7079086.0 2063.6177 0.0016928 0.0944321 
4690000 11364 523.359 496291.0 48.456 8.4803 3788 7090416.0 1961.536 0.000891 0.0940058 
4700000 11382 528.358 497194.0 48.124 8.6123 3794 7103308.0 2017.0944 0.0004834 0.0933198 
4710000 11399 541.728 498103.0 49.977 8.8804 3799 7115031.0 2071.8633 0.0008 0.0941972 
4720000 11420 513.822 499123.0 48.915 8.4361 3806 7127910.0 1941.2973 0.0009094 0.0935608 
4730000 11437 523.708 500100.0 50.981 8.6281 3812 7140663.0 2031.3143 0.0018429 0.0939242 
4740000 11451 582.665 500886.0 52.629 9.6228 3817 7150759.0 2116.944 0.0003282 0.0941138 
4750000 11460 673.053 501764.0 60.767 11.1303 3820 7161900.0 2598.1292 0.0007382 0.094103 
4760000 11476 652.538 502639.0 57.777 10.7996 3825 7174634.0 2382.3874 0.0009098 0.0937237 
4770000 11495 577.319 503410.0 53.483 9.5661 3831 7185165.0 2098.9748 0.0017781 0.0938836 
4780000 11517 564.25 504384.0 49.869 9.3588 3839 7198453.0 1973.0894 0.0011145 0.0934561 
4790000 11534 568.271 505310.0 51.455 9.4221 3844 7210036.0 1992.917 0.0014134 0.0943754 
4800000 11554 539.187 506284.0 49.682 8.9395 3851 7222576.0 1890.5403 0.0007396 0.0934572 
4810000 11567 597.226 507080.0 52.341 9.9038 3855 7232813.0 2045.2248 0.0015805 0.0935941 
4820000 11581 633.075 507794.0 52.839 10.5008 3860 7242629.0 2128.2652 0.0009719 0.0938869 
4830000 11595 649.865 508597.0 53.06 10.7813 3865 7253235.0 2157.8431 0.0007871 0.0937601 
4840000 11614 609.769 509571.0 53.288 10.1171 3871 7265796.0 2036.1439 0.0009198 0.09404 
4850000 11640 509.136 510602.0 45.798 8.4483 3880 7278470.0 1619.7565 0.001013 0.0935793 
4860000 11655 545.161 511456.0 48.05 9.0482 3885 7290155.0 1883.7559 0.0004877 0.0931483 
4870000 11679 507.767 512451.0 47.54 8.4242 3893 7302681.0 1845.103 0.0007286 0.0913599 
4880000 11702 478.124 513595.0 48.167 7.9344 3900 7318988.0 1952.3204 0.0004953 0.0906919 
4890000 11723 471.084 514707.0 49.024 7.8148 3907 7333057.0 1996.9025 0.0020463 0.0905123 
4900000 11742 483.446 515819.0 50.43 8.0214 3914 7348058.0 2043.639 0.0004232 0.0929387 
4910000 11762 499.219 516713.0 50.543 8.2832 3920 7359078.0 1917.3811 0.0013508 0.0932255 
4920000 11782 501.642 517715.0 50.365 8.3232 3927 7372318.0 1919.8152 0.0009713 0.0932849 
4930000 11803 490.318 518755.0 50.22 8.1293 3934 7387627.0 2060.7674 0.0007897 0.0930413 
4940000 11821 506.851 519680.0 50.607 8.4056 3940 7399379.0 1994.7014 0.0005 0.093847 
4950000 11841 496.958 520776.0 50.309 8.2415 3947 7414239.0 2080.7371 0.0024801 0.0915634 
4960000 11859 514.681 521668.0 50.705 8.5358 3953 7426051.0 2062.771 0.0011536 0.0910693 
4970000 11878 524.167 522614.0 51.629 8.6907 3959 7440082.0 2170.6379 0.0018549 0.0922136 
4980000 11891 577.641 523423.0 53.603 9.5769 3963 7450459.0 2260.7068 0.0015445 0.0923492 
4990000 11907 594.121 524364.0 55.326 9.8557 3969 7461843.0 2255.6946 0.0012366 0.0934219 
5000000 11919 621.302 525280.0 57.152 10.3087 3973 7474171.0 2376.4405 0.0026738 0.0935693 
5010000 11935 645.062 525988.0 55.858 10.7054 3978 7482725.0 2135.5854 0.0010452 0.094508 
5020000 11952 627.43 526815.0 52.542 10.4115 3984 7493228.0 2013.3464 0.0006082 0.0947078 
5030000 11966 659.636 527605.0 55.407 10.9463 3988 7504004.0 1995.0309 0.0005597 0.0944508 
5040000 11981 661.042 528321.0 53.2 10.9666 3993 7512729.0 2068.0697 0.0007624 0.0949894 
5050000 11998 629.729 529200.0 51.782 10.4512 3999 7523952.0 1962.1485 0.0001362 0.0946382 
5060000 12013 640.592 529948.0 52.574 10.6305 4004 7533907.0 1940.6468 0.0007192 0.0946885 
5070000 12032 608.317 530903.0 52.133 10.0923 4010 7547428.0 2171.9692 0.0013725 0.094284 
5080000 12048 604.744 531803.0 51.512 10.0325 4016 7558682.0 2060.6818 0.0019298 0.0934887 
5090000 12061 632.54 532440.0 52.942 10.4913 4020 7567899.0 2028.0436 0.0011706 0.0940562 
5100000 12076 653.712 533188.0 50.486 10.8424 4025 7578124.0 2126.9267 0.0005512 0.0950564 
5110000 12098 575.29 534153.0 49.41 9.5447 4032 7590602.0 1901.2011 0.0009366 0.0945896 
5120000 12112 597.124 535055.0 50.948 9.9112 4037 7603538.0 1980.5896 0.0002801 0.093048 
5130000 12131 595.066 535941.0 51.946 9.8796 4043 7614559.0 2073.1921 0.0010777 0.0929836 
5140000 12148 591.297 536757.0 50.573 9.819 4049 7625292.0 1978.9505 0.0001664 0.0936831 
5150000 12163 611.132 537748.0 54.854 10.1494 4054 7641137.0 2505.0897 0.0010031 0.0939902 
5160000 12180 599.855 538748.0 55.009 9.9595 4060 7655230.0 2443.4202 0.0009996 0.0945294 
5170000 12196 607.077 539610.0 55.729 10.0793 4065 7666014.0 2281.7552 0.0003831 0.0931493 
5180000 12211 626.161 540621.0 59.278 10.3977 4070 7679199.0 2395.2806 0.0012554 0.0942119 
5190000 12229 596.657 541593.0 57.36 9.9105 4076 7691101.0 2180.1365 0.0016309 0.0924205 
5200000 12248 585.982 542576.0 56.14 9.7345 4082 7703742.0 2163.7152 0.0018199 0.0928625 
5210000 12268 557.094 543603.0 54.571 9.254 4089 7717212.0 2076.5552 0.0017142 0.0926895 
5220000 12286 558.86 544497.0 53.066 9.2828 4095 7730134.0 2089.8986 0.0013179 0.0926475 
5230000 12305 529.014 545508.0 51.033 8.7837 4101 7743085.0 1957.5138 0.0009289 0.0921782 
5240000 12318 587.822 546434.0 55.311 9.7587 4106 7755162.0 2262.6794 0.0009238 0.0925673 
5250000 12331 636.518 547035.0 54.616 10.5681 4110 7762419.0 2128.2532 0.000912 0.0907891 
5260000 12349 593.081 547906.0 51.588 9.8497 4116 7774951.0 2079.9126 0.0002279 0.0904538 
5270000 12371 554.887 548858.0 49.206 9.2131 4123 7787989.0 2015.7611 0.0012477 0.0895175 
5280000 12395 501.302 549957.0 48.035 8.3222 4131 7802375.0 1861.9211 0.0015475 0.089224 
5290000 12415 492.542 550953.0 47.888 8.176 4138 7818105.0 2040.452 0.0016807 0.0919993 
5300000 12426 569.221 551715.0 51.069 9.4484 4142 7828934.0 2339.9008 0.0011677 0.0928966 
5310000 12443 579.613 552400.0 49.448 9.6183 4147 7838257.0 2185.5614 0.0001668 0.0940481 
5320000 12462 562.622 553307.0 48.35 9.3412 4154 7849398.0 1917.677 0.0005316 0.0942604 
5330000 12478 565.861 554135.0 49.686 9.3967 4159 7860682.0 1972.6905 0.0001913 0.0940521 
5340000 12497 567.881 554935.0 48.15 9.4279 4165 7870403.0 1811.0605 0.0005552 0.0936706 
5350000 12515 569.211 555955.0 50.568 9.4522 4171 7887005.0 2229.4792 0.0007612 0.0936676 
5360000 12533 560.258 556849.0 50.294 9.3028 4177 7898197.0 2052.7091 0.0018713 0.093041 
5370000 12550 574.391 557952.0 54.891 9.5358 4183 7912610.0 2251.1634 0.0007924 0.0926047 
5380000 12565 598.875 558820.0 55.819 9.9421 4188 7924545.0 2253.4352 0.0010889 0.0931448 
5390000 12588 535.685 559834.0 51.368 8.8974 4196 7936772.0 1967.4357 0.000158 0.0918539 
5400000 12604 553.919 560672.0 51.921 9.199 4201 7947806.0 1906.4205 0.0006606 0.0930342 
5410000 12619 589.387 561503.0 52.885 9.7905 4206 7960111.0 1994.8759 0.0010789 0.0942767 
5420000 12630 649.832 562130.0 53.123 10.7924 4210 7968830.0 2284.8624 0.0007343 0.0947722 
5430000 12648 617.578 563064.0 51.291 10.2573 4216 7982392.0 2206.4623 0.0011622 0.0950871 
5440000 12661 660.265 563666.0 51.655 10.9622 4220 7990029.0 2094.8692 0.0003694 0.0950762 
5450000 12682 593.078 564553.0 48.1 9.8491 4227 8001448.0 1830.9526 0.0012283 0.0943916 
5460000 12705 539.074 565529.0 46.414 8.9531 4235 8014835.0 1831.6079 0.0007865 0.0942951 
5470000 12720 559.467 566416.0 47.382 9.2912 4240 8026330.0 1879.4219 0.0003379 0.0940971 
5480000 12738 561.76 567257.0 47.777 9.3264 4246 8037592.0 1943.672 0.0016612 0.093018 
5490000 12759 537.415 568151.0 46.735 8.922 4253 8048871.0 1809.5523 0.0016768 0.0934715 
5500000 12776 540.187 569215.0 50.329 8.9691 4258 8062884.0 2119.8104 0.0005007 0.0933418 
5510000 12789 601.906 570170.0 55.86 9.9954 4263 8075991.0 2439.027 0.0003344 0.0937658 
5520000 12812 536.685 571270.0 53.544 8.9122 4270 8090488.0 2168.3002 0.001345 0.0940605 
5530000 12829 554.518 572121.0 52.687 9.2108 4276 8102521.0 2126.3653 0.0005072 0.0936783 
5540000 12850 519.085 573095.0 50.096 8.6187 4283 8115910.0 1959.8686 0.0014689 0.0943137 
5550000 12867 537.546 574154.0 52.65 8.9284 4289 8128973.0 2134.4769 0.0005085 0.0937364 
5560000 12887 538.457 575029.0 51.627 8.9445 4295 8141173.0 2036.997 0.0012036 0.0937316 
5570000 12900 583.632 575813.0 52.005 9.6959 4300 8153010.0 2235.4876 0.0008263 0.0934018 
5580000 12915 600.418 576605.0 51.072 9.9729 4305 8163885.0 2144.7074 0.0003967 0.0939152 
5590000 12933 584.288 577569.0 51.752 9.7032 4311 8177197.0 2145.891 0.0004064 0.0932771 
5600000 12947 615.879 578198.0 52.197 10.2213 4315 8186433.0 2201.5904 0.0001125 0.0926575 
5610000 12963 617.443 579155.0 52.438 10.2487 4321 8198827.0 2180.7936 0.000843 0.0930494 
5620000 12980 614.865 579974.0 52.558 10.2058 4326 8209880.0 2133.9095 0.0009804 0.0934074 
5630000 13000 579.333 581099.0 54.164 9.6185 4333 8224820.0 2160.7164 0.0016558 0.0933024 
5640000 13017 584.205 581845.0 50.928 9.6973 4339 8235243.0 2084.1264 0.0006879 0.0924748 
5650000 13028 620.233 582575.0 54.119 10.2919 4342 8250752.0 2644.8651 0.0014302 0.0944339 
5660000 13041 664.106 583421.0 54.116 11.0237 4347 8261989.0 2576.6053 0.0010462 0.0927977 
5670000 13056 668.321 584098.0 52.678 11.0903 4352 8270564.0 2280.2999 0.0008867 0.0933754 
5680000 13073 644.154 584914.0 52.307 10.6904 4357 8282227.0 2184.2734 0.0006099 0.0934663 
5690000 13089 620.074 585916.0 52.313 10.2912 4363 8296091.0 2220.5755 0.001833 0.0946546 
5700000 13103 652.851 586520.0 52.565 10.8334 4367 8304697.0 2158.4289 0.0006628 0.0949792 
5710000 13114 708.878 587236.0 53.253 11.7666 4371 8314586.0 2335.7745 0.0012414 0.0949087 
5720000 13134 642.212 588268.0 52.974 10.6599 4378 8328936.0 2222.9917 0.0008727 0.0946215 
5730000 13152 621.33 589113.0 51.587 10.3141 4384 8340168.0 2078.7622 0.0005559 0.0942366 
5740000 13171 580.396 590077.0 50.367 9.6374 4390 8353659.0 2052.6953 0.0001659 0.0931355 
5750000 13192 552.612 591043.0 49.78 9.1735 4397 8366568.0 1992.8557 0.0002378 0.0932625 
5760000 13204 603.711 591848.0 52.731 10.0195 4401 8377806.0 2223.2179 0.0001437 0.093566 
5770000 13222 594.208 592734.0 52.65 9.8587 4407 8391218.0 2201.0517 0.0003222 0.0933913 
5780000 13238 588.039 593477.0 51.134 9.7579 4412 8401992.0 2189.6964 0.0012817 0.094011 
5790000 13254 616.337 594393.0 52.597 10.2278 4418 8415576.0 2356.3141 0.0003774 0.0942313 
5800000 13272 600.796 595247.0 51.432 9.971 4424 8427588.0 2216.4827 0.0009626 0.0952561 
5810000 13284 630.735 596086.0 52.848 10.4654 4428 8437716.0 2178.5206 0.0005914 0.0937849 
5820000 13301 618.415 596848.0 52.442 10.2604 4433 8448979.0 2181.6387 0.0009422 0.0942118 
5830000 13317 625.18 597785.0 52.345 10.3745 4439 8461193.0 2171.9575 0.0008067 0.0939478 
5840000 13334 606.171 598664.0 52.674 10.0598 4444 8472456.0 2016.0023 0.0016876 0.0939403 
5850000 13352 604.939 599548.0 52.753 10.037 4450 8483938.0 2053.0863 0.0008146 0.0941587 
5860000 13370 579.705 600447.0 51.502 9.616 4456 8496910.0 2068.286 0.0005543 0.0945732 
5870000 13385 599.614 601196.0 51.62 9.9485 4461 8506545.0 2018.5297 0.0005436 0.0945323 
5880000 13400 625.072 602005.0 52.05 10.373 4466 8517670.0 2055.1007 0.0006367 0.0950505 
5890000 13415 636.176 602739.0 51.275 10.5576 4471 8527095.0 1986.2227 0.0003948 0.0940954 
5900000 13426 683.135 603304.0 50.934 11.3357 4475 8534284.0 1991.644 0.0009001 0.0957068 
5910000 13437 721.663 604215.0 55.231 11.972 4479 8545053.0 2222.1269 0.0007797 0.0957564 
5920000 13452 697.707 604962.0 53.341 11.5774 4484 8555388.0 2149.1183 0.0018161 0.0919042 
5930000 13473 635.304 605831.0 51.287 10.5413 4491 8567477.0 2067.7254 0.0007412 0.0888208 
5940000 13495 557.682 606919.0 49.596 9.2292 4498 8583205.0 2047.5773 0.0013749 0.0873144 
5950000 13512 576.355 607734.0 49.549 9.5479 4504 8594888.0 2116.6466 0.0009409 0.0906589 
5960000 13530 545.985 608759.0 49.692 9.0518 4510 8609290.0 2179.9475 0.001562 0.0917423 
5970000 13550 551.61 609727.0 51.421 9.1497 4516 8622730.0 2190.497 0.000642 0.0942285 
5980000 13572 512.266 610719.0 48.075 8.5006 4524 8635618.0 1922.3492 0.0002956 0.0928426 
5990000 13593 502.454 611696.0 47.518 8.3379 4531 8647277.0 1809.4197 0.0008865 0.0932408 
6000000 13610 530.466 612661.0 50.802 8.8011 4536 8659950.0 2006.9341 0.0008082 0.0922387 
