0 0 0.0 0.0 0.0 0.0 0 0 0 0.0 0.0 0.0 0.0 
10000 10 182.927 0.0 0.0 0.4195 0 0 0 0.0 0.0 0.0 0.0 
20000 20 332.392 0.0 0.0 0.8118 0 0 0 0.0 0.0 0.0 0.0 
30000 78 271.627 -38.0 -0.41 1.6769 0 0 0 0.0011383 0.0011382 0.0004656 0.000687 
40000 154 172.207 -87.0 -0.578 1.3205 0 0 0 0.0008852 0.0008851 0.00025 0.0009902 
50000 164 314.426 -89.0 -0.511 2.5488 0 0 0 0.0007372 0.0007372 0.0001663 0.001509 
60000 174 433.516 -90.0 -0.435 3.575 0 0 0 0.000828 0.000828 0.0001241 0.0019678 
70000 185 538.038 -89.0 -0.328 4.4759 0 0 0 0.0007512 0.0007512 9.2e-05 0.0024538 
80000 195 621.964 -90.0 -0.288 5.1785 0 0 0 0.000716 0.000716 6.79e-05 0.0030671 
90000 205 691.117 -90.0 -0.235 5.7961 0 0 0 0.00098 0.00098 0.0001056 0.0031583 
100000 215 747.62 -90.0 -0.192 6.278 0 0 0 0.0009898 0.0009898 8.89e-05 0.0033389 
110000 225 792.919 -91.0 -0.175 6.6772 0 0 0 0.0009248 0.0009248 7.01e-05 0.003605 
120000 235 830.8 -91.0 -0.143 6.9775 0 0 0 0.0008268 0.0008268 5.7e-05 0.0038416 
130000 245 861.751 -91.0 -0.117 7.2197 0 0 0 0.0007889 0.0007889 4.93e-05 0.004058 
140000 255 875.42 -92.0 -0.115 7.3406 0 0 0 0.0006889 0.0006889 4.09e-05 0.0041694 
150000 265 898.209 -92.0 -0.094 7.5526 0 0 0 0.0006671 0.0006671 3.5e-05 0.0043786 
160000 275 916.829 -92.0 -0.076 7.7299 0 0 0 0.0006643 0.0006642 3.28e-05 0.0046205 
170000 285 932.043 -92.0 -0.062 7.8741 0 0 0 0.0006382 0.0006382 2.85e-05 0.0048082 
180000 295 944.475 -92.0 -0.051 7.9879 0 0 0 0.0006184 0.0006184 2.72e-05 0.0049521 
190000 305 954.632 -92.0 -0.042 8.0761 0 0 0 0.0006351 0.0006351 2.5e-05 0.0051553 
200000 315 962.931 -92.0 -0.034 8.1463 0 0 0 0.000607 0.000607 2.42e-05 0.0052661 
210000 325 969.712 -92.0 -0.028 8.1997 0 0 0 0.0004865 0.0004865 1.87e-05 0.0052354 
220000 335 975.252 -92.0 -0.023 8.2403 0 0 0 0.000383 0.000383 1.66e-05 0.0052375 
230000 345 979.779 -92.0 -0.019 8.2681 0 0 0 0.000325 0.000325 1.29e-05 0.0050374 
240000 355 983.478 -92.0 -0.015 8.2799 0 0 0 0.0002681 0.0002681 1.51e-05 0.0050182 
250000 365 986.501 -92.0 -0.012 8.3079 0 0 0 0.0002501 0.0002501 9.8e-06 0.0046326 
260000 375 988.97 -92.0 -0.01 8.3341 0 0 0 0.0002103 0.0002103 8.3e-06 0.0041546 
270000 385 990.988 -92.0 -0.008 8.3594 0 0 0 0.000188 0.000188 9.6e-06 0.0038179 
280000 395 992.185 -93.0 -0.026 8.3652 0 0 0 0.0001583 0.0001583 7.1e-06 0.0034762 
290000 406 987.01 -94.0 -0.039 8.3397 0 0 0 0.0001251 0.0001251 4.9e-06 0.0034033 
300000 416 989.386 -94.0 -0.032 8.3895 0 0 0 0.0001096 0.0001096 5e-06 0.0033157 
310000 426 991.328 -94.0 -0.026 8.4135 0 0 0 0.0001029 0.0001029 6.5e-06 0.0032778 
320000 437 980.22 -93.0 -0.003 8.3286 0 0 0 9.47e-05 9.47e-05 4.4e-06 0.0031963 
330000 447 978.265 -94.0 -0.02 8.3209 0 0 0 8.98e-05 8.98e-05 3.9e-06 0.0031426 
340000 457 980.435 -95.0 -0.033 8.3437 0 0 0 7.16e-05 7.16e-05 3.6e-06 0.0030299 
350000 467 984.014 -95.0 -0.027 8.3862 0 0 0 6.51e-05 6.51e-05 3.6e-06 0.0029695 
360000 477 984.972 -95.0 -0.02 8.4103 0 0 0 5.96e-05 5.96e-05 2.9e-06 0.0028592 
370000 487 987.721 -95.0 -0.016 8.4286 0 0 0 5.3e-05 5.3e-05 3e-06 0.0028046 
380000 497 989.967 -95.0 -0.013 8.4632 0 0 0 5.66e-05 5.66e-05 2e-06 0.0027384 
390000 507 988.796 -96.0 -0.029 8.4859 0 0 0 5.45e-05 5.45e-05 2.5e-06 0.0026957 
400000 517 990.845 -96.0 -0.024 8.5129 0 0 0 5.09e-05 5.09e-05 3.1e-06 0.0026295 
410000 527 992.52 -96.0 -0.02 8.5341 0 0 0 5.34e-05 5.34e-05 2.4e-06 0.0025729 
420000 537 993.888 -96.0 -0.016 8.5673 0 0 0 4.74e-05 4.74e-05 2.5e-06 0.0025208 
430000 548 990.535 -97.0 -0.031 8.5421 0 0 0 4.92e-05 4.92e-05 2.9e-06 0.0025082 
440000 558 989.61 -96.0 -0.008 8.5489 0 0 0 4.82e-05 4.82e-05 2.9e-06 0.0024479 
450000 568 991.511 -96.0 -0.006 8.5535 0 0 0 4.52e-05 4.52e-05 2.5e-06 0.0024368 
460000 578 993.064 -96.0 -0.005 8.5729 0 0 0 4.53e-05 4.53e-05 2.2e-06 0.0023797 
470000 588 993.833 -97.0 -0.023 8.603 0 0 0 4.3e-05 4.3e-05 4e-06 0.0023819 
480000 598 993.441 -96.0 0.001 8.6141 0 0 0 4.03e-05 4.03e-05 1.9e-06 0.0023595 
490000 608 994.641 -96.0 0.001 8.6031 0 0 0 3.92e-05 3.92e-05 1.5e-06 0.0023312 
500000 618 995.621 -96.0 0.001 8.6185 0 0 0 3.88e-05 3.88e-05 1.7e-06 0.0023518 
510000 628 995.255 -95.0 0.019 8.6163 0 0 0 3.92e-05 3.92e-05 1.8e-06 0.002343 
520000 639 981.556 -94.0 0.034 8.497 0 0 0 3.74e-05 3.74e-05 1.6e-06 0.0023382 
530000 649 984.93 -94.0 0.028 8.5569 0 0 0 3.89e-05 3.89e-05 1.6e-06 0.0022952 
540000 659 987.686 -94.0 0.023 8.5928 0 0 0 3.76e-05 3.76e-05 2e-06 0.0022909 
550000 669 989.939 -94.0 0.019 8.6288 0 0 0 3.44e-05 3.44e-05 2.8e-06 0.0022805 
560000 679 991.779 -94.0 0.015 8.6543 0 0 0 3.22e-05 3.22e-05 1.4e-06 0.002298 
570000 689 993.283 -94.0 0.012 8.6718 0 0 0 3.39e-05 3.39e-05 1.6e-06 0.0023213 
580000 699 994.512 -94.0 0.01 8.6527 0 0 0 3.42e-05 3.42e-05 1.3e-06 0.0022844 
590000 709 995.516 -94.0 0.008 8.6823 0 0 0 3.1e-05 3.1e-05 1.9e-06 0.0022916 
600000 719 986.84 -93.0 0.025 8.6033 0 0 0 3.52e-05 3.52e-05 1.3e-06 0.0023098 
610000 729 989.247 -93.0 0.02 8.6189 0 0 0 3.29e-05 3.29e-05 1.6e-06 0.0023005 
620000 739 991.214 -93.0 0.016 8.6225 0 0 0 3.05e-05 3.05e-05 1.4e-06 0.0023562 
630000 749 992.821 -93.0 0.013 8.6456 0 0 0 2.99e-05 2.99e-05 1.5e-06 0.0023269 
640000 759 994.135 -93.0 0.011 8.6452 0 0 0 2.98e-05 2.98e-05 1.5e-06 0.0023749 
650000 769 995.207 -93.0 0.009 8.6603 0 0 0 3.25e-05 3.25e-05 1.6e-06 0.0023419 
660000 779 991.655 -92.0 0.025 8.6441 0 0 0 3.01e-05 3.01e-05 1.6e-06 0.0023751 
670000 789 993.181 -92.0 0.02 8.6421 0 0 0 2.96e-05 2.96e-05 1.7e-06 0.0023562 
680000 799 994.429 -92.0 0.017 8.6338 0 0 0 2.75e-05 2.75e-05 1.3e-06 0.0023755 
690000 809 995.448 -92.0 0.014 8.654 0 0 0 3.02e-05 3.02e-05 1.1e-06 0.0023677 
700000 819 996.281 -92.0 0.011 8.6569 0 0 0 2.71e-05 2.71e-05 1.5e-06 0.002393 
710000 829 996.961 -92.0 0.009 8.6697 0 0 0 2.59e-05 2.59e-05 3.8e-06 0.0023635 
720000 839 997.517 -92.0 0.007 8.6843 0 0 0 2.9e-05 2.9e-05 6e-07 0.002335 
730000 850 993.758 -91.0 0.023 8.6543 0 0 0 2.5e-05 2.5e-05 1.2e-06 0.0023544 
740000 860 994.9 -91.0 0.019 8.6769 0 0 0 2.97e-05 2.97e-05 1.3e-06 0.0023634 
750000 870 995.833 -91.0 0.016 8.7018 0 0 0 2.72e-05 2.72e-05 1.3e-06 0.0023387 
760000 880 990.046 -92.0 -0.006 8.6604 0 0 0 2.79e-05 2.79e-05 1.6e-06 0.0023652 
770000 890 991.867 -92.0 -0.005 8.6872 0 0 0 2.93e-05 2.93e-05 1e-06 0.0023584 
780000 901 984.039 -90.0 0.032 8.6165 0 0 0 2.74e-05 2.74e-05 1.4e-06 0.0023739 
790000 911 986.959 -90.0 0.026 8.649 0 0 0 2.8e-05 2.8e-05 1.8e-06 0.0023763 
800000 921 989.344 -90.0 0.021 8.694 0 0 0 3.13e-05 3.13e-05 1.5e-06 0.0023963 
810000 931 991.293 -90.0 0.017 8.7223 0 0 0 2.71e-05 2.71e-05 1.6e-06 0.0023875 
820000 941 992.886 -90.0 0.014 8.8249 0 0 0 2.74e-05 2.74e-05 1.2e-06 0.0023709 
830000 951 986.071 -89.0 0.03 8.8009 0 0 0 2.62e-05 2.62e-05 8e-07 0.0023893 
840000 961 988.619 -89.0 0.025 8.8075 0 0 0 2.56e-05 2.56e-05 2.3e-06 0.0023756 
850000 971 985.389 -90.0 0.001 8.7611 0 0 0 2.49e-05 2.49e-05 1.1e-06 0.0023691 
860000 981 988.062 -90.0 0.0 8.7711 0 0 0 2.5e-05 2.5e-05 1.9e-06 0.0023349 
870000 991 990.246 -90.0 0.0 8.7668 0 0 0 2.3e-05 2.3e-05 1.2e-06 0.0023454 
880000 1001 992.03 -90.0 0.0 8.7712 0 0 0 2.33e-05 2.33e-05 2e-06 0.0023586 
890000 1011 993.488 -90.0 0.0 8.7767 0 0 0 2.25e-05 2.25e-05 4e-07 0.0023878 
900000 1021 994.679 -90.0 0.0 8.7772 0 0 0 2.23e-05 2.23e-05 4e-07 0.0023796 
910000 1031 995.652 -90.0 0.0 8.7848 0 0 0 2.23e-05 2.23e-05 1.4e-06 0.0023438 
920000 1041 992.875 -89.0 0.019 8.767 0 0 0 2.56e-05 2.56e-05 1.5e-06 0.0023427 
930000 1051 994.178 -89.0 0.016 8.8022 0 0 0 2.17e-05 2.17e-05 1.1e-06 0.0023304 
940000 1062 982.442 -90.0 -0.007 8.7176 0 0 0 2.15e-05 2.15e-05 8e-07 0.0023386 
950000 1072 985.654 -90.0 -0.006 8.7366 0 0 0 2.35e-05 2.35e-05 1.3e-06 0.0023546 
960000 1082 988.007 -91.0 -0.023 8.7249 0 0 0 2.05e-05 2.05e-05 1.4e-06 0.002374 
970000 1092 989.146 -92.0 -0.036 8.7241 0 0 0 2.41e-05 2.41e-05 8e-07 0.0023917 
980000 1102 987.971 -93.0 -0.046 8.7135 0 0 0 2.19e-05 2.19e-05 1e-06 0.0023878 
990000 1112 990.172 -93.0 -0.038 8.7143 0 0 0 2.21e-05 2.21e-05 9e-07 0.0023866 
