0 0 0.0 0.0 0.0 0.0 0 0 0 0.0 0.0 0.0 0.0 
10000 10 182.927 0.0 0.0 0.4416 0 0 0 0.0 0.0 0.0 0.0 
20000 20 322.52 1.0 0.017 0.7854 0 0 0 0.0 0.0 0.0 0.0 
30000 74 257.92 -35.0 -0.387 1.5038 0 0 0 0.0018506 0.0018504 0.0004845 0.0004775 
40000 84 389.198 -34.0 -0.297 2.733 0 0 0 0.001509 0.001509 0.000354 0.0006825 
50000 95 505.521 -34.0 -0.24 3.8434 0 0 0 0.0011985 0.0011984 0.0002353 0.0009238 
60000 105 595.975 -34.0 -0.196 4.7182 0 0 0 0.0010953 0.0010953 0.0001739 0.0011741 
70000 241 92.073 -139.0 -0.758 0.7629 0 0 0 0.0010888 0.0010888 0.0001439 0.0012857 
80000 330 145.497 -203.0 -0.667 1.2274 0 0 0 0.0011822 0.0011822 0.0001215 0.0014247 
90000 341 285.596 -205.0 -0.567 2.4266 0 0 0 0.0010995 0.0010995 0.0001059 0.0017012 
100000 351 416.28 -205.0 -0.463 3.525 0 0 0 0.0010364 0.0010364 8.67e-05 0.0019664 
110000 364 492.34 -203.0 -0.319 4.1586 0 0 0 0.0010428 0.0010428 7.65e-05 0.002228 
120000 392 430.648 -218.0 -0.424 3.6657 0 0 0 0.0010602 0.0010602 6.29e-05 0.0025625 
130000 505 102.395 -313.0 -0.855 0.8858 0 0 0 0.0010953 0.0010953 5.85e-05 0.0026792 
140000 566 183.622 -358.0 -0.712 1.5786 0 0 0 0.0011762 0.0011762 5.6e-05 0.003059 
150000 577 328.095 -356.0 -0.535 2.799 0 0 0 0.001134 0.001134 4.63e-05 0.003219 
160000 593 408.47 -361.0 -0.472 3.5025 0 0 0 0.0011594 0.0011594 5.01e-05 0.0032632 
170000 609 462.884 -367.0 -0.454 3.9643 0 0 0 0.001179 0.001179 4.28e-05 0.0037132 
180000 629 473.224 -377.0 -0.471 4.0352 0 0 0 0.001198 0.001198 4.69e-05 0.0039535 
190000 649 477.374 -384.0 -0.437 4.063 0 0 0 0.0012101 0.0012101 3.75e-05 0.004226 
200000 672 464.017 -400.0 -0.533 3.9594 0 0 0 0.0012015 0.0012015 3.5e-05 0.0044009 
210000 686 527.02 -406.0 -0.508 4.4848 0 0 0 0.0011134 0.0011134 2.9e-05 0.0045191 
220000 706 524.743 -416.0 -0.496 4.4729 0 0 0 0.0010089 0.0010089 2.66e-05 0.0047666 
230000 722 554.834 -423.0 -0.481 4.7534 0 0 0 0.0009625 0.0009625 2.32e-05 0.0047527 
240000 737 576.297 -429.0 -0.459 4.9218 0 0 0 0.0009298 0.0009298 2.19e-05 0.0048965 
250000 754 583.358 -430.0 -0.337 4.9688 0 0 0 0.0009071 0.0009071 1.98e-05 0.0048379 
260000 767 626.103 -427.0 -0.209 5.3322 0 0 0 0.0009106 0.0009106 1.84e-05 0.0049469 
270000 785 609.551 -425.0 -0.103 5.2139 0 0 0 0.0008659 0.0008659 1.58e-05 0.0050686 
280000 803 592.933 -424.0 -0.054 5.0291 0 0 0 0.0008026 0.0008026 1.41e-05 0.0051575 
290000 828 517.282 -438.0 -0.259 4.4063 0 0 0 0.0007777 0.0007777 1.29e-05 0.005116 
300000 845 540.345 -446.0 -0.314 4.6142 0 0 0 0.0007541 0.0007541 1.65e-05 0.0051216 
310000 866 529.763 -453.0 -0.303 4.5585 0 0 0 0.0007418 0.0007418 1.08e-05 0.0051293 
320000 880 580.079 -454.0 -0.249 4.9806 0 0 0 0.0007189 0.0007189 9.6e-06 0.0051609 
330000 890 656.894 -454.0 -0.203 5.6093 0 0 0 0.0006921 0.0006921 9.8e-06 0.0051645 
340000 903 672.206 -452.0 -0.117 5.7281 0 0 0 0.0006217 0.0006217 8e-06 0.0050584 
350000 914 714.034 -451.0 -0.079 6.0876 0 0 0 0.0005914 0.0005914 1.51e-05 0.0052416 
360000 928 719.042 -451.0 -0.055 6.1332 0 0 0 0.0005581 0.0005581 1.09e-05 0.005502 
370000 965 471.225 -456.0 -0.095 4.033 0 0 0 0.000519 0.000519 7.3e-06 0.0053935 
380000 987 464.001 -454.0 -0.03 3.9913 0 0 0 0.000525 0.000525 5.8e-06 0.0055025 
390000 1005 492.458 -459.0 -0.106 4.2184 0 0 0 0.0004941 0.0004941 1.22e-05 0.0054192 
400000 1020 547.939 -450.0 0.079 4.6791 0 0 0 0.0004557 0.0004557 5.7e-06 0.0054377 
410000 1036 565.911 -443.0 0.178 4.8277 0 0 0 0.0004377 0.0004377 6.6e-06 0.0054773 
420000 1056 543.901 -431.0 0.322 4.6575 0 0 0 0.0004112 0.0004112 8.1e-06 0.0055337 
430000 1074 544.644 -425.0 0.342 4.6619 0 0 0 0.000401 0.000401 1.02e-05 0.0054794 
440000 1092 553.607 -416.0 0.388 4.743 0 0 0 0.0003723 0.0003723 4.4e-06 0.0054099 
450000 1111 543.979 -410.0 0.362 4.6552 0 0 0 0.0003713 0.0003713 7.9e-06 0.0055531 
460000 1132 510.142 -397.0 0.449 4.3704 0 0 0 0.0003727 0.0003727 4.4e-06 0.0057364 
470000 1153 490.59 -385.0 0.497 4.233 0 0 0 0.0003614 0.0003614 4.6e-06 0.0057814 
480000 1173 510.33 -379.0 0.431 4.3882 0 0 0 0.0003469 0.0003469 6.5e-06 0.0059619 
490000 1188 545.654 -374.0 0.399 4.7008 0 0 0 0.0003364 0.0003364 7.5e-06 0.0059267 
500000 1210 518.967 -375.0 0.25 4.4761 0 0 0 0.0003173 0.0003173 3.9e-06 0.006053 
510000 1221 602.42 -374.0 0.218 5.199 0 0 0 0.0003036 0.0003036 4.7e-06 0.0059913 
520000 1233 640.211 -370.0 0.245 5.5464 0 0 0 0.0002879 0.0002879 4.1e-06 0.0059993 
530000 1247 662.652 -367.0 0.239 5.72 0 0 0 0.0002814 0.0002814 3.6e-06 0.0059171 
540000 1262 674.082 -365.0 0.214 5.8066 0 0 0 0.0002732 0.0002732 3.5e-06 0.0058143 
550000 1282 615.265 -351.0 0.377 5.2974 0 0 0 0.0002695 0.0002695 3e-06 0.0058041 
560000 1300 582.908 -339.0 0.468 5.0183 0 0 0 0.0002688 0.0002688 3.7e-06 0.0057252 
570000 1319 569.098 -328.0 0.503 4.9107 0 0 0 0.0002609 0.0002609 5.9e-06 0.0056926 
580000 1335 592.452 -325.0 0.415 5.124 0 0 0 0.0002383 0.0002383 2.8e-06 0.0055782 
590000 1354 568.27 -314.0 0.467 4.8741 0 0 0 0.0002355 0.0002355 2.3e-06 0.0055708 
600000 1367 608.39 -308.0 0.461 5.2188 0 0 0 0.0002239 0.0002239 3e-06 0.0054756 
610000 1387 580.697 -299.0 0.462 4.9923 0 0 0 0.0002218 0.0002218 2.8e-06 0.0054357 
620000 1403 596.297 -290.0 0.482 5.1221 0 0 0 0.0002121 0.0002121 2.9e-06 0.005276 
630000 1439 426.661 -261.0 0.649 3.6616 0 0 0 0.0002114 0.0002114 3e-06 0.0052698 
640000 1483 306.014 -233.0 0.592 2.6392 0 0 0 0.0002067 0.0002067 3.3e-06 0.0052691 
650000 1532 251.667 -202.0 0.613 2.1616 0 0 0 0.0002043 0.0002043 2.9e-06 0.0050244 
660000 1567 273.337 -174.0 0.702 2.3483 0 0 0 0.0002039 0.0002039 2e-06 0.0048471 
670000 1605 277.407 -146.0 0.724 2.4022 0 0 0 0.0002062 0.0002062 3.1e-06 0.0047387 
680000 1630 322.506 -135.0 0.615 2.7912 0 0 0 0.0001966 0.0001966 4.7e-06 0.0045869 
690000 1666 290.586 -109.0 0.665 2.5123 0 0 0 0.0002028 0.0002028 1.9e-06 0.0044626 
700000 1712 243.995 -71.0 0.772 2.1221 0 0 0 0.0002014 0.0002014 2.1e-06 0.004307 
710000 1762 215.421 -43.0 0.61 1.8736 0 0 0 0.0001981 0.0001981 3.1e-06 0.0042496 
720000 1819 180.877 8.0 0.793 1.5754 0 0 0 0.0001981 0.0001981 2e-06 0.0041648 
730000 1878 173.799 64.0 0.903 1.5089 0 0 0 0.0001943 0.0001943 1.7e-06 0.0041736 
740000 1930 186.446 107.0 0.851 1.6103 0 0 0 0.0001971 0.0001971 1.8e-06 0.0040828 
750000 1994 163.902 163.0 0.908 1.4239 0 0 0 0.0002033 0.0002033 2.2e-06 0.0040304 
760000 2070 140.248 227.0 0.882 1.2216 0 0 0 0.0002109 0.0002109 2e-06 0.003999 
770000 2132 152.155 282.0 0.898 1.3222 0 0 0 0.000215 0.000215 2.6e-06 0.0039772 
780000 2201 147.123 343.0 0.875 1.2565 0 0 0 0.0002132 0.0002132 1.7e-06 0.0040335 
790000 2259 169.3 386.0 0.809 1.4554 0 0 0 0.0002208 0.0002208 1.8e-06 0.004104 
800000 2333 144.449 448.0 0.809 1.2618 0 0 0 0.0002191 0.0002191 1.9e-06 0.00415 
810000 2402 134.931 513.0 0.921 1.1676 0 0 0 0.0002232 0.0002232 3.1e-06 0.004153 
820000 2482 129.55 591.0 0.956 1.1214 0 0 0 0.0002345 0.0002345 3.1e-06 0.0041695 
830000 2557 138.183 661.0 0.932 1.2039 0 0 0 0.0002325 0.0002325 1.2e-06 0.0041795 
840000 2632 130.671 734.0 0.967 1.1407 0 0 0 0.0002254 0.0002254 2.7e-06 0.0041763 
850000 2698 131.104 797.0 0.97 1.1387 0 0 0 0.0002266 0.0002266 2.2e-06 0.0041293 
860000 2767 137.976 863.0 0.968 1.1907 0 0 0 0.0002241 0.0002241 1.9e-06 0.004096 
870000 2842 131.282 927.0 0.873 1.1495 0 0 0 0.0002292 0.0002292 1.2e-06 0.0041375 
880000 2909 149.252 975.0 0.766 1.29 0 0 0 0.0002359 0.0002359 1.9e-06 0.0041712 
890000 2965 160.082 1018.0 0.781 1.3948 0 0 0 0.0002293 0.0002293 2.4e-06 0.004349 
900000 3027 159.019 1060.0 0.692 1.3791 0 0 0 0.0002365 0.0002365 1.1e-06 0.0043998 
910000 3091 153.784 1115.0 0.832 1.3335 0 0 0 0.0002369 0.0002369 1.9e-06 0.0045386 
920000 3172 133.758 1186.0 0.892 1.1554 0 0 0 0.0002471 0.0002471 2.4e-06 0.004702 
930000 3243 139.301 1250.0 0.899 1.2142 0 0 0 0.0002418 0.0002418 2.4e-06 0.0048355 
940000 3320 125.9 1324.0 0.949 1.1064 0 0 0 0.000242 0.000242 1.3e-06 0.0048885 
950000 3401 124.825 1405.0 0.99 1.0813 0 0 0 0.0002437 0.0002437 1.7e-06 0.0049489 
960000 3476 136.945 1477.0 0.965 1.191 0 0 0 0.0002394 0.0002394 1.5e-06 0.0050809 
970000 3558 125.248 1552.0 0.922 1.0843 0 0 0 0.0002335 0.0002335 3.4e-06 0.0050148 
980000 3626 131.163 1617.0 0.945 1.1319 0 0 0 0.0002295 0.0002295 1.7e-06 0.0049863 
990000 3714 120.803 1699.0 0.931 1.0425 0 0 0 0.0002252 0.0002252 1.8e-06 0.0049362 
