10000 30 149.118 9.0 0.125 0.4082 0 0 0 
20000 53 245.97 4.0 0.004 0.6551 0 0 0 
30000 129 115.922 -50.0 -0.603 0.4467 0 0 0 
40000 147 256.099 -56.0 -0.529 1.1854 0 0 0 
50000 160 369.977 -58.0 -0.442 1.7495 0 0 0 
60000 171 468.792 -60.0 -0.39 2.264 0 0 0 
70000 181 565.964 -60.0 -0.319 2.7349 0 0 0 
80000 191 645.361 -60.0 -0.26 3.1294 0 0 0 
90000 201 710.234 -60.0 -0.213 3.4693 0 0 0 
100000 211 763.24 -60.0 -0.174 3.754 0 0 0 
110000 222 801.795 -59.0 -0.12 3.9392 0 0 0 
120000 232 838.052 -59.0 -0.098 4.1648 0 0 0 
130000 344 143.46 -146.0 -0.753 0.7291 0 0 0 
140000 354 297.625 -147.0 -0.635 1.5258 0 0 0 
150000 364 421.534 -148.0 -0.538 2.1406 0 0 0 
160000 375 520.641 -150.0 -0.464 2.631 0 0 0 
170000 389 571.812 -149.0 -0.339 2.8392 0 0 0 
180000 403 607.537 -150.0 -0.271 3.0255 0 0 0 
190000 431 483.426 -139.0 -0.008 2.4002 0 0 0 
200000 456 448.238 -126.0 0.205 2.2371 0 0 0 
210000 501 327.552 -139.0 -0.041 1.634 0 0 0 
220000 516 407.938 -137.0 -0.007 2.0359 0 0 0 
230000 538 432.577 -130.0 0.119 2.1481 0 0 0 
240000 566 393.267 -124.0 0.132 1.958 0 0 0 
250000 604 322.869 -104.0 0.386 1.6207 0 0 0 
260000 629 335.812 -95.0 0.364 1.6977 0 0 0 
270000 647 407.325 -100.0 0.169 2.0745 0 0 0 
280000 667 447.173 -106.0 0.02 2.2662 0 0 0 
290000 685 471.774 -107.0 0.001 2.412 0 0 0 
300000 729 311.991 -126.0 -0.319 1.5733 0 0 0 
310000 752 367.327 -141.0 -0.425 1.8618 0 0 0 
320000 764 468.399 -141.0 -0.332 2.3488 0 0 0 
330000 777 527.63 -146.0 -0.346 2.6615 0 0 0 
340000 793 560.881 -153.0 -0.375 2.843 0 0 0 
350000 809 577.044 -154.0 -0.284 2.9146 0 0 0 
360000 835 486.697 -167.0 -0.378 2.4312 0 0 0 
370000 873 369.313 -180.0 -0.368 1.8535 0 0 0 
380000 918 278.381 -162.0 0.137 1.4313 0 0 0 
390000 958 254.163 -133.0 0.462 1.2857 0 0 0 
400000 994 262.529 -109.0 0.574 1.3451 0 0 0 
410000 1041 230.982 -72.0 0.691 1.1769 0 0 0 
420000 1075 269.695 -48.0 0.716 1.3748 0 0 0 
430000 1119 225.036 -26.0 0.598 1.1472 0 0 0 
440000 1176 209.41 12.0 0.635 1.0704 0 0 0 
450000 1228 189.683 30.0 0.431 0.9667 0 0 0 
460000 1292 158.311 68.0 0.596 0.7928 0 0 0 
470000 1333 205.445 103.0 0.749 1.0319 0 0 0 
480000 1395 174.003 163.0 0.915 0.886 0 0 0 
490000 1440 196.715 201.0 0.893 1.0102 0 0 0 
500000 1485 205.874 237.0 0.84 1.0349 0 0 0 
510000 1544 188.113 291.0 0.874 0.954 0 0 0 
520000 1615 157.704 349.0 0.867 0.7962 0 0 0 
530000 1675 156.91 404.0 0.897 0.7948 0 0 0 
540000 1723 197.581 443.0 0.849 0.9929 0 0 0 
550000 1776 187.24 491.0 0.878 0.9364 0 0 0 
560000 1861 120.227 538.0 0.568 0.6042 0 0 0 
570000 1931 132.877 586.0 0.649 0.6965 0 0 0 
580000 2002 134.22 634.0 0.707 0.6863 0 0 0 
590000 2091 107.157 710.0 0.871 0.5695 0 0 0 
600000 2167 121.378 779.0 0.909 0.6412 0 0 0 
610000 2277 87.549 881.0 0.906 0.4378 0 0 0 
620000 2368 113.332 968.0 0.938 0.6031 0 0 0 
630000 2476 101.474 1069.0 0.926 0.5246 0 0 0 
640000 2577 98.699 1164.0 0.957 0.5115 0 0 0 
650000 2684 90.088 1265.0 0.921 0.4608 0 0 0 
660000 2811 77.29 1375.0 0.891 0.3896 0 0 0 
670000 2956 57.961 1513.0 0.952 0.3046 0 0 0 
680000 3135 53.146 1686.0 0.968 0.2673 0 0 0 
690000 3268 82.581 1814.0 0.961 0.4264 0 0 0 
700000 3429 67.86 1974.0 0.989 0.3565 0 0 0 
710000 3572 54.807 2116.0 0.998 0.2913 0 0 0 
720000 3701 79.66 2238.0 0.943 0.4107 0 0 0 
730000 3880 51.969 2407.0 0.944 0.2776 0 0 0 
740000 4066 62.522 2588.0 0.957 0.3207 0 0 0 
750000 4242 59.088 2759.0 0.978 0.3184 0 0 0 
760000 4451 45.776 2963.0 0.998 0.2354 0 0 0 
770000 4644 60.594 3144.0 0.839 0.3327 0 0 0 
780000 4823 53.728 3310.0 0.926 0.2762 0 0 0 
790000 5019 47.339 3495.0 0.955 0.2547 0 0 0 
800000 5229 53.818 3695.0 0.958 0.2915 0 0 0 
810000 5428 42.853 3881.0 0.955 0.2315 0 0 0 
820000 5598 69.011 4041.0 0.946 0.3561 0 0 0 
830000 5777 62.101 4214.0 0.95 0.3185 0 0 0 
840000 5998 48.166 4429.0 0.954 0.2587 0 0 0 
850000 6195 50.334 4621.0 0.981 0.259 0 0 0 
860000 6417 42.227 4835.0 0.976 0.2201 0 0 0 
870000 6652 38.296 5056.0 0.946 0.1989 0 0 0 
880000 6832 50.371 5223.0 0.917 0.27 0 0 0 
890000 7031 46.515 5415.0 0.965 0.2463 0 0 0 
900000 7265 42.641 5637.0 0.9 0.2338 0 0 0 
910000 7508 41.0 5878.0 0.999 0.2104 0 0 0 
920000 7735 44.402 6095.0 0.938 0.2415 0 0 0 
930000 7943 52.112 6301.0 0.979 0.2752 0 0 0 
940000 8143 70.018 6494.0 0.926 0.3833 0 0 0 
950000 8363 45.35 6706.0 0.951 0.2391 0 0 0 
960000 8584 42.694 6921.0 0.963 0.2292 0 0 0 
970000 8804 44.61 7134.0 0.966 0.255 0 0 0 
980000 9044 40.214 7366.0 0.964 0.2257 0 0 0 
990000 9276 39.006 7598.0 1.0 0.2131 0 0 0 
1000000 9490 45.315 7806.0 0.959 0.246 0 0 0 
