10000.0 50.0 568.0 nan nan 0.0568 nan nan 7.281 nan nan 
20000.0 95.0 1092.0 nan nan 0.0546 nan nan 9.986 nan nan 
30000.0 141.0 1614.0 nan nan 0.0538 nan nan 11.003 nan nan 
40000.0 190.0 2149.0 nan nan 0.0537 nan nan 11.084 nan nan 
50000.0 239.0 2564.0 nan nan 0.0513 nan nan 9.466 nan nan 
60000.0 288.0 3062.0 nan nan 0.051 nan nan 9.502 nan nan 
70000.0 330.0 3476.0 nan nan 0.0497 nan nan 9.65 nan nan 
80000.0 377.0 3970.0 nan nan 0.0496 nan nan 10.088 nan nan 
90000.0 426.0 4662.0 nan nan 0.0518 nan nan 12.4 nan nan 
100000.0 475.0 5394.0 nan nan 0.0539 nan nan 14.39 nan nan 
110000.0 520.0 6096.0 nan nan 0.0554 nan nan 15.084 nan nan 
120000.0 569.0 6854.0 nan nan 0.0571 nan nan 15.6 nan nan 
130000.0 614.0 7547.0 nan nan 0.0581 nan nan 15.785 nan nan 
140000.0 658.0 8430.0 nan nan 0.0602 nan nan 18.299 nan nan 
150000.0 701.0 9452.0 nan nan 0.063 nan nan 21.84 nan nan 
160000.0 741.0 10447.0 nan nan 0.0653 nan nan 22.743 nan nan 
170000.0 777.0 11385.0 nan nan 0.067 nan nan 24.661 nan nan 
180000.0 815.0 12433.0 nan nan 0.0691 nan nan 26.023 nan nan 
190000.0 858.0 13540.0 nan nan 0.0713 nan nan 26.13 nan nan 
200000.0 903.0 14806.0 nan nan 0.074 nan nan 27.133 nan nan 
210000.0 940.0 16074.0 nan nan 0.0765 nan nan 30.784 nan nan 
220000.0 978.0 17231.0 nan nan 0.0783 nan nan 30.546 nan nan 
230000.0 1017.0 18527.0 nan nan 0.0806 nan nan 31.437 nan nan 
240000.0 1052.0 19772.0 nan nan 0.0824 nan nan 34.078 nan nan 
250000.0 1093.0 21101.0 nan nan 0.0844 nan nan 34.059 nan nan 
260000.0 1130.0 22376.0 nan nan 0.0861 nan nan 34.01 nan nan 
270000.0 1165.0 23760.0 nan nan 0.088 nan nan 36.077 nan nan 
280000.0 1206.0 25161.0 nan nan 0.0899 nan nan 35.616 nan nan 
290000.0 1250.0 26576.0 nan nan 0.0916 nan nan 33.924 nan nan 
300000.0 1291.0 27898.0 nan nan 0.093 nan nan 32.599 nan nan 
310000.0 1328.0 29212.0 nan nan 0.0942 nan nan 34.208 nan nan 
320000.0 1362.0 30467.0 nan nan 0.0952 nan nan 35.348 nan nan 
330000.0 1396.0 31734.0 nan nan 0.0962 nan nan 35.265 nan nan 
340000.0 1429.0 32956.0 nan nan 0.0969 nan nan 36.179 nan nan 
350000.0 1465.0 34335.0 nan nan 0.0981 nan nan 37.019 nan nan 
360000.0 1500.0 35657.0 nan nan 0.099 nan nan 38.113 nan nan 
370000.0 1534.0 36999.0 nan nan 0.1 nan nan 38.159 nan nan 
380000.0 1565.0 38335.0 nan nan 0.1009 nan nan 40.847 nan nan 
390000.0 1597.0 39686.0 nan nan 0.1018 nan nan 40.336 nan nan 
400000.0 1629.0 41036.0 nan nan 0.1026 nan nan 40.717 nan nan 
410000.0 1665.0 42438.0 nan nan 0.1035 nan nan 40.353 nan nan 
420000.0 1701.0 43807.0 nan nan 0.1043 nan nan 38.592 nan nan 
430000.0 1734.0 45132.0 nan nan 0.105 nan nan 39.686 nan nan 
440000.0 1762.0 46467.0 nan nan 0.1056 nan nan 43.366 nan nan 
450000.0 1796.0 47774.0 nan nan 0.1062 nan nan 41.389 nan nan 
460000.0 1825.0 49114.0 nan nan 0.1068 nan nan 42.794 nan nan 
470000.0 1855.0 50409.0 nan nan 0.1073 nan nan 43.256 nan nan 
480000.0 1889.0 51781.0 nan nan 0.1079 nan nan 41.156 nan nan 
490000.0 1920.0 53116.0 nan nan 0.1084 nan nan 42.206 nan nan 
500000.0 1950.0 54411.0 nan nan 0.1088 nan nan 42.437 nan nan 
510000.0 1979.0 55696.0 nan nan 0.1092 nan nan 42.703 nan nan 
520000.0 2011.0 57051.0 nan nan 0.1097 nan nan 42.235 nan nan 
530000.0 2046.0 58501.0 nan nan 0.1104 nan nan 41.892 nan nan 
540000.0 2076.0 59870.0 nan nan 0.1109 nan nan 43.084 nan nan 
550000.0 2111.0 61289.0 nan nan 0.1114 nan nan 42.15 nan nan 
560000.0 2148.0 62679.0 nan nan 0.1119 nan nan 38.974 nan nan 
570000.0 2180.0 64052.0 nan nan 0.1124 nan nan 41.661 nan nan 
580000.0 2214.0 65501.0 nan nan 0.1129 nan nan 41.022 nan nan 
590000.0 2250.0 66917.0 nan nan 0.1134 nan nan 40.35 nan nan 
600000.0 2285.0 68320.0 nan nan 0.1139 nan nan 40.881 nan nan 
610000.0 2320.0 69727.0 nan nan 0.1143 nan nan 40.387 nan nan 
620000.0 2355.0 71091.0 nan nan 0.1147 nan nan 39.667 nan nan 
630000.0 2386.0 72455.0 nan nan 0.115 nan nan 42.404 nan nan 
640000.0 2418.0 73799.0 nan nan 0.1153 nan nan 41.483 nan nan 
650000.0 2452.0 75198.0 nan nan 0.1157 nan nan 40.995 nan nan 
660000.0 2484.0 76573.0 nan nan 0.116 nan nan 41.831 nan nan 
670000.0 2514.0 77954.0 nan nan 0.1163 nan nan 42.768 nan nan 
680000.0 2544.0 79264.0 nan nan 0.1166 nan nan 43.309 nan nan 
690000.0 2577.0 80696.0 nan nan 0.117 nan nan 42.574 nan nan 
700000.0 2610.0 82019.0 nan nan 0.1172 nan nan 42.572 nan nan 
710000.0 2644.0 83430.0 nan nan 0.1175 nan nan 41.319 nan nan 
720000.0 2676.0 84790.0 nan nan 0.1178 nan nan 41.483 nan nan 
730000.0 2710.0 86288.0 nan nan 0.1182 nan nan 42.915 nan nan 
740000.0 2748.0 87693.0 nan nan 0.1185 nan nan 39.85 nan nan 
750000.0 2780.0 89092.0 nan nan 0.1188 nan nan 41.346 nan nan 
760000.0 2814.0 90484.0 nan nan 0.1191 nan nan 41.675 nan nan 
770000.0 2846.0 91934.0 nan nan 0.1194 nan nan 43.159 nan nan 
780000.0 2878.0 93340.0 nan nan 0.1197 nan nan 43.774 nan nan 
790000.0 2910.0 94661.0 nan nan 0.1198 nan nan 41.845 nan nan 
800000.0 2944.0 96039.0 nan nan 0.12 nan nan 41.699 nan nan 
810000.0 2980.0 97392.0 nan nan 0.1202 nan nan 40.049 nan nan 
820000.0 3015.0 98798.0 nan nan 0.1205 nan nan 39.958 nan nan 
830000.0 3050.0 100198.0 nan nan 0.1207 nan nan 39.993 nan nan 
840000.0 3081.0 101553.0 nan nan 0.1209 nan nan 41.441 nan nan 
850000.0 3117.0 102985.0 nan nan 0.1212 nan nan 40.475 nan nan 
860000.0 3151.0 104470.0 nan nan 0.1215 nan nan 41.226 nan nan 
870000.0 3183.0 105877.0 nan nan 0.1217 nan nan 42.063 nan nan 
880000.0 3214.0 107286.0 nan nan 0.1219 nan nan 44.326 nan nan 
890000.0 3249.0 108691.0 nan nan 0.1221 nan nan 41.956 nan nan 
900000.0 3280.0 110064.0 nan nan 0.1223 nan nan 43.349 nan nan 
910000.0 3313.0 111469.0 nan nan 0.1225 nan nan 43.012 nan nan 
920000.0 3345.0 112851.0 nan nan 0.1227 nan nan 42.882 nan nan 
930000.0 3375.0 114251.0 nan nan 0.1229 nan nan 43.305 nan nan 
940000.0 3408.0 115618.0 nan nan 0.123 nan nan 43.367 nan nan 
950000.0 3437.0 117017.0 nan nan 0.1232 nan nan 45.695 nan nan 
960000.0 3469.0 118434.0 nan nan 0.1234 nan nan 44.933 nan nan 
970000.0 3501.0 119751.0 nan nan 0.1235 nan nan 42.408 nan nan 
980000.0 3530.0 121035.0 nan nan 0.1235 nan nan 44.256 nan nan 
990000.0 3562.0 122513.0 nan nan 0.1238 nan nan 44.747 nan nan 
1000000.0 3592.0 123846.0 nan nan 0.1238 nan nan 44.88 nan nan 
1010000.0 3621.0 125171.0 nan nan 0.1239 nan nan 45.057 nan nan 
1020000.0 3648.0 126405.0 nan nan 0.1239 nan nan 45.518 nan nan 
1030000.0 3678.0 127854.0 nan nan 0.1241 nan nan 45.905 nan nan 
1040000.0 3712.0 129326.0 nan nan 0.1244 nan nan 45.281 nan nan 
1050000.0 3741.0 130644.0 nan nan 0.1244 nan nan 45.061 nan nan 
1060000.0 3768.0 131932.0 nan nan 0.1245 nan nan 45.41 nan nan 
1070000.0 3798.0 133296.0 nan nan 0.1246 nan nan 44.331 nan nan 
1080000.0 3827.0 134556.0 nan nan 0.1246 nan nan 45.462 nan nan 
1090000.0 3858.0 135999.0 nan nan 0.1248 nan nan 44.748 nan nan 
1100000.0 3894.0 137342.0 nan nan 0.1249 nan nan 42.068 nan nan 
1110000.0 3921.0 138618.0 nan nan 0.1249 nan nan 42.998 nan nan 
1120000.0 3950.0 139876.0 nan nan 0.1249 nan nan 43.619 nan nan 
1130000.0 3982.0 141251.0 nan nan 0.125 nan nan 42.916 nan nan 
1140000.0 4014.0 142590.0 nan nan 0.1251 nan nan 41.788 nan nan 
1150000.0 4043.0 143878.0 nan nan 0.1251 nan nan 43.925 nan nan 
1160000.0 4071.0 145148.0 nan nan 0.1251 nan nan 44.103 nan nan 
1170000.0 4096.0 146373.0 nan nan 0.1251 nan nan 46.307 nan nan 
1180000.0 4125.0 147672.0 nan nan 0.1251 nan nan 44.818 nan nan 
1190000.0 4157.0 149026.0 nan nan 0.1252 nan nan 44.609 nan nan 
1200000.0 4185.0 150329.0 nan nan 0.1253 nan nan 45.56 nan nan 
1210000.0 4216.0 151635.0 nan nan 0.1253 nan nan 43.607 nan nan 
1220000.0 4243.0 153001.0 nan nan 0.1254 nan nan 45.599 nan nan 
1230000.0 4272.0 154271.0 nan nan 0.1254 nan nan 44.758 nan nan 
1240000.0 4300.0 155578.0 nan nan 0.1255 nan nan 45.576 nan nan 
1250000.0 4332.0 156958.0 nan nan 0.1256 nan nan 44.518 nan nan 
1260000.0 4362.0 158363.0 nan nan 0.1257 nan nan 45.386 nan nan 
1270000.0 4396.0 159829.0 nan nan 0.1258 nan nan 43.217 nan nan 
1280000.0 4428.0 161226.0 nan nan 0.126 nan nan 44.109 nan nan 
1290000.0 4458.0 162708.0 nan nan 0.1261 nan nan 44.665 nan nan 
1300000.0 4488.0 164063.0 nan nan 0.1262 nan nan 44.75 nan nan 
1310000.0 4523.0 165503.0 nan nan 0.1263 nan nan 44.29 nan nan 
1320000.0 4555.0 166910.0 nan nan 0.1264 nan nan 43.728 nan nan 
1330000.0 4584.0 168271.0 nan nan 0.1265 nan nan 44.28 nan nan 
1340000.0 4614.0 169639.0 nan nan 0.1266 nan nan 44.736 nan nan 
1350000.0 4644.0 171036.0 nan nan 0.1267 nan nan 45.078 nan nan 
1360000.0 4676.0 172433.0 nan nan 0.1268 nan nan 45.348 nan nan 
1370000.0 4704.0 173792.0 nan nan 0.1269 nan nan 45.29 nan nan 
1380000.0 4732.0 175116.0 nan nan 0.1269 nan nan 46.713 nan nan 
1390000.0 4764.0 176471.0 nan nan 0.127 nan nan 44.276 nan nan 
1400000.0 4794.0 177775.0 nan nan 0.127 nan nan 44.212 nan nan 
1410000.0 4821.0 179093.0 nan nan 0.127 nan nan 45.325 nan nan 
1420000.0 4850.0 180439.0 nan nan 0.1271 nan nan 45.946 nan nan 
1430000.0 4882.0 181831.0 nan nan 0.1272 nan nan 44.733 nan nan 
1440000.0 4907.0 183024.0 nan nan 0.1271 nan nan 45.708 nan nan 
1450000.0 4937.0 184418.0 nan nan 0.1272 nan nan 45.878 nan nan 
1460000.0 4963.0 185615.0 nan nan 0.1271 nan nan 46.551 nan nan 
1470000.0 4990.0 186831.0 nan nan 0.1271 nan nan 45.352 nan nan 
1480000.0 5014.0 188025.0 nan nan 0.127 nan nan 47.797 nan nan 
1490000.0 5040.0 189201.0 nan nan 0.127 nan nan 45.687 nan nan 
1500000.0 5070.0 190504.0 nan nan 0.127 nan nan 45.345 nan nan 
1510000.0 5096.0 191679.0 nan nan 0.1269 nan nan 45.468 nan nan 
1520000.0 5121.0 192958.0 nan nan 0.1269 nan nan 46.485 nan nan 
1530000.0 5151.0 194305.0 nan nan 0.127 nan nan 46.069 nan nan 
1540000.0 5178.0 195680.0 nan nan 0.1271 nan nan 46.306 nan nan 
1550000.0 5208.0 196958.0 nan nan 0.1271 nan nan 46.031 nan nan 
1560000.0 5228.0 197942.0 nan nan 0.1269 nan nan 47.304 nan nan 
1570000.0 5253.0 199039.0 nan nan 0.1268 nan nan 45.867 nan nan 
1580000.0 5281.0 200397.0 nan nan 0.1268 nan nan 47.281 nan nan 
1590000.0 5302.0 201410.0 nan nan 0.1267 nan nan 48.035 nan nan 
1600000.0 5329.0 202682.0 nan nan 0.1267 nan nan 47.945 nan nan 
1610000.0 5356.0 203903.0 nan nan 0.1266 nan nan 46.382 nan nan 
1620000.0 5388.0 205248.0 nan nan 0.1267 nan nan 44.228 nan nan 
1630000.0 5421.0 206677.0 nan nan 0.1268 nan nan 42.885 nan nan 
1640000.0 5445.0 207893.0 nan nan 0.1268 nan nan 44.709 nan nan 
1650000.0 5474.0 209150.0 nan nan 0.1268 nan nan 45.907 nan nan 
1660000.0 5503.0 210468.0 nan nan 0.1268 nan nan 45.144 nan nan 
1670000.0 5532.0 211733.0 nan nan 0.1268 nan nan 44.438 nan nan 
1680000.0 5562.0 212986.0 nan nan 0.1268 nan nan 43.613 nan nan 
1690000.0 5592.0 214412.0 nan nan 0.1269 nan nan 44.632 nan nan 
1700000.0 5619.0 215717.0 nan nan 0.1269 nan nan 45.623 nan nan 
1710000.0 5652.0 217088.0 nan nan 0.127 nan nan 43.915 nan nan 
1720000.0 5684.0 218479.0 nan nan 0.127 nan nan 43.926 nan nan 
1730000.0 5712.0 219827.0 nan nan 0.1271 nan nan 44.971 nan nan 
1740000.0 5742.0 221203.0 nan nan 0.1271 nan nan 45.54 nan nan 
1750000.0 5767.0 222461.0 nan nan 0.1271 nan nan 46.659 nan nan 
1760000.0 5797.0 223784.0 nan nan 0.1272 nan nan 45.959 nan nan 
1770000.0 5823.0 224934.0 nan nan 0.1271 nan nan 45.204 nan nan 
1780000.0 5849.0 226164.0 nan nan 0.1271 nan nan 46.409 nan nan 
1790000.0 5877.0 227480.0 nan nan 0.1271 nan nan 45.92 nan nan 
1800000.0 5901.0 228641.0 nan nan 0.127 nan nan 45.201 nan nan 
1810000.0 5927.0 229814.0 nan nan 0.127 nan nan 46.954 nan nan 
1820000.0 5955.0 231098.0 nan nan 0.127 nan nan 45.833 nan nan 
1830000.0 5982.0 232390.0 nan nan 0.127 nan nan 45.391 nan nan 
1840000.0 6007.0 233560.0 nan nan 0.1269 nan nan 47.418 nan nan 
1850000.0 6029.0 234584.0 nan nan 0.1268 nan nan 47.281 nan nan 
1860000.0 6055.0 235821.0 nan nan 0.1268 nan nan 46.834 nan nan 
1870000.0 6084.0 237111.0 nan nan 0.1268 nan nan 46.274 nan nan 
1880000.0 6114.0 238520.0 nan nan 0.1269 nan nan 44.722 nan nan 
1890000.0 6138.0 239809.0 nan nan 0.1269 nan nan 48.896 nan nan 
1900000.0 6163.0 240980.0 nan nan 0.1268 nan nan 48.547 nan nan 
1910000.0 6188.0 242127.0 nan nan 0.1268 nan nan 48.344 nan nan 
1920000.0 6214.0 243386.0 nan nan 0.1268 nan nan 48.61 nan nan 
1930000.0 6240.0 244621.0 nan nan 0.1267 nan nan 47.183 nan nan 
1940000.0 6269.0 245936.0 nan nan 0.1268 nan nan 47.366 nan nan 
1950000.0 6294.0 247150.0 nan nan 0.1267 nan nan 47.142 nan nan 
1960000.0 6321.0 248476.0 nan nan 0.1268 nan nan 47.429 nan nan 
1970000.0 6350.0 249787.0 nan nan 0.1268 nan nan 47.038 nan nan 
1980000.0 6378.0 251053.0 nan nan 0.1268 nan nan 45.985 nan nan 
1990000.0 6400.0 252181.0 nan nan 0.1267 nan nan 45.993 nan nan 
2000000.0 6421.0 253201.0 nan nan 0.1266 nan nan 48.613 nan nan 
2010000.0 6447.0 254404.0 nan nan 0.1266 nan nan 46.393 nan nan 
2020000.0 6474.0 255737.0 nan nan 0.1266 nan nan 46.73 nan nan 
2030000.0 6500.0 256901.0 nan nan 0.1266 nan nan 46.921 nan nan 
2040000.0 6528.0 258231.0 nan nan 0.1266 nan nan 45.841 nan nan 
2050000.0 6551.0 259312.0 nan nan 0.1265 nan nan 47.581 nan nan 
2060000.0 6580.0 260666.0 nan nan 0.1265 nan nan 47.231 nan nan 
2070000.0 6609.0 261922.0 nan nan 0.1265 nan nan 44.649 nan nan 
2080000.0 6636.0 263186.0 nan nan 0.1265 nan nan 45.668 nan nan 
2090000.0 6661.0 264450.0 nan nan 0.1265 nan nan 47.993 nan nan 
2100000.0 6693.0 265770.0 nan nan 0.1266 nan nan 44.443 nan nan 
2110000.0 6719.0 267015.0 nan nan 0.1265 nan nan 46.05 nan nan 
2120000.0 6747.0 268280.0 nan nan 0.1265 nan nan 45.519 nan nan 
2130000.0 6775.0 269642.0 nan nan 0.1266 nan nan 47.039 nan nan 
2140000.0 6801.0 270929.0 nan nan 0.1266 nan nan 48.108 nan nan 
2150000.0 6831.0 272233.0 nan nan 0.1266 nan nan 45.239 nan nan 
2160000.0 6864.0 273597.0 nan nan 0.1267 nan nan 43.909 nan nan 
2170000.0 6888.0 274789.0 nan nan 0.1266 nan nan 45.55 nan nan 
2180000.0 6911.0 275934.0 nan nan 0.1266 nan nan 47.29 nan nan 
2190000.0 6938.0 277196.0 nan nan 0.1266 nan nan 47.125 nan nan 
2200000.0 6965.0 278453.0 nan nan 0.1266 nan nan 46.197 nan nan 
2210000.0 6998.0 279770.0 nan nan 0.1266 nan nan 42.972 nan nan 
2220000.0 7023.0 281066.0 nan nan 0.1266 nan nan 45.316 nan nan 
2230000.0 7051.0 282372.0 nan nan 0.1266 nan nan 44.634 nan nan 
2240000.0 7083.0 283739.0 nan nan 0.1267 nan nan 45.026 nan nan 
2250000.0 7112.0 285049.0 nan nan 0.1267 nan nan 44.943 nan nan 
2260000.0 7143.0 286360.0 nan nan 0.1267 nan nan 43.014 nan nan 
2270000.0 7165.0 287455.0 nan nan 0.1266 nan nan 44.842 nan nan 
2280000.0 7192.0 288691.0 nan nan 0.1266 nan nan 46.042 nan nan 
2290000.0 7219.0 290000.0 nan nan 0.1266 nan nan 45.462 nan nan 
2300000.0 7242.0 291051.0 nan nan 0.1265 nan nan 46.086 nan nan 
2310000.0 7267.0 292270.0 nan nan 0.1265 nan nan 47.026 nan nan 
2320000.0 7294.0 293551.0 nan nan 0.1265 nan nan 47.852 nan nan 
2330000.0 7320.0 294780.0 nan nan 0.1265 nan nan 47.061 nan nan 
2340000.0 7344.0 295883.0 nan nan 0.1264 nan nan 46.398 nan nan 
2350000.0 7372.0 297212.0 nan nan 0.1265 nan nan 47.567 nan nan 
2360000.0 7398.0 298384.0 nan nan 0.1264 nan nan 46.049 nan nan 
2370000.0 7424.0 299582.0 nan nan 0.1264 nan nan 46.693 nan nan 
2380000.0 7449.0 300812.0 nan nan 0.1264 nan nan 46.595 nan nan 
2390000.0 7475.0 302018.0 nan nan 0.1264 nan nan 47.508 nan nan 
2400000.0 7505.0 303375.0 nan nan 0.1264 nan nan 47.026 nan nan 
2410000.0 7533.0 304723.0 nan nan 0.1264 nan nan 46.357 nan nan 
2420000.0 7560.0 306016.0 nan nan 0.1265 nan nan 46.482 nan nan 
2430000.0 7582.0 307043.0 nan nan 0.1264 nan nan 48.036 nan nan 
2440000.0 7608.0 308312.0 nan nan 0.1264 nan nan 47.326 nan nan 
2450000.0 7635.0 309543.0 nan nan 0.1263 nan nan 47.523 nan nan 
2460000.0 7656.0 310712.0 nan nan 0.1263 nan nan 47.977 nan nan 
2470000.0 7681.0 311890.0 nan nan 0.1263 nan nan 49.715 nan nan 
2480000.0 7703.0 312930.0 nan nan 0.1262 nan nan 48.67 nan nan 
2490000.0 7728.0 314072.0 nan nan 0.1261 nan nan 47.699 nan nan 
2500000.0 7754.0 315384.0 nan nan 0.1262 nan nan 48.829 nan nan 
2510000.0 7782.0 316727.0 nan nan 0.1262 nan nan 47.892 nan nan 
2520000.0 7811.0 318073.0 nan nan 0.1262 nan nan 47.373 nan nan 
2530000.0 7839.0 319329.0 nan nan 0.1262 nan nan 45.674 nan nan 
2540000.0 7867.0 320671.0 nan nan 0.1262 nan nan 47.292 nan nan 
2550000.0 7891.0 321804.0 nan nan 0.1262 nan nan 46.984 nan nan 
2560000.0 7917.0 323076.0 nan nan 0.1262 nan nan 46.534 nan nan 
2570000.0 7945.0 324386.0 nan nan 0.1262 nan nan 47.969 nan nan 
2580000.0 7974.0 325676.0 nan nan 0.1262 nan nan 46.384 nan nan 
2590000.0 7999.0 326965.0 nan nan 0.1262 nan nan 48.584 nan nan 
2600000.0 8022.0 328254.0 nan nan 0.1263 nan nan 48.778 nan nan 
2610000.0 8051.0 329544.0 nan nan 0.1263 nan nan 48.902 nan nan 
2620000.0 8076.0 330688.0 nan nan 0.1262 nan nan 47.399 nan nan 
2630000.0 8103.0 331984.0 nan nan 0.1262 nan nan 47.101 nan nan 
2640000.0 8130.0 333290.0 nan nan 0.1262 nan nan 47.111 nan nan 
2650000.0 8156.0 334552.0 nan nan 0.1262 nan nan 47.803 nan nan 
2660000.0 8185.0 335826.0 nan nan 0.1263 nan nan 46.873 nan nan 
2670000.0 8212.0 337081.0 nan nan 0.1262 nan nan 45.611 nan nan 
2680000.0 8236.0 338180.0 nan nan 0.1262 nan nan 46.159 nan nan 
2690000.0 8261.0 339411.0 nan nan 0.1262 nan nan 47.092 nan nan 
2700000.0 8288.0 340699.0 nan nan 0.1262 nan nan 47.659 nan nan 
2710000.0 8310.0 341986.0 nan nan 0.1262 nan nan 51.451 nan nan 
2720000.0 8339.0 343310.0 nan nan 0.1262 nan nan 49.016 nan nan 
2730000.0 8367.0 344640.0 nan nan 0.1262 nan nan 47.906 nan nan 
2740000.0 8399.0 346027.0 nan nan 0.1263 nan nan 46.431 nan nan 
2750000.0 8423.0 347156.0 nan nan 0.1262 nan nan 46.691 nan nan 
2760000.0 8447.0 348288.0 nan nan 0.1262 nan nan 46.708 nan nan 
2770000.0 8466.0 349230.0 nan nan 0.1261 nan nan 46.632 nan nan 
2780000.0 8482.0 350054.0 nan nan 0.1259 nan nan 48.561 nan nan 
2790000.0 8501.0 351046.0 nan nan 0.1258 nan nan 49.989 nan nan 
2800000.0 8523.0 352174.0 nan nan 0.1258 nan nan 49.19 nan nan 
2810000.0 8548.0 353361.0 nan nan 0.1258 nan nan 48.665 nan nan 
2820000.0 8576.0 354602.0 nan nan 0.1257 nan nan 47.501 nan nan 
2830000.0 8604.0 355998.0 nan nan 0.1258 nan nan 47.268 nan nan 
2840000.0 8625.0 357036.0 nan nan 0.1257 nan nan 47.74 nan nan 
2850000.0 8647.0 358087.0 nan nan 0.1256 nan nan 47.79 nan nan 
2860000.0 8672.0 359198.0 nan nan 0.1256 nan nan 47.232 nan nan 
2870000.0 8698.0 360503.0 nan nan 0.1256 nan nan 48.423 nan nan 
2880000.0 8721.0 361539.0 nan nan 0.1255 nan nan 47.218 nan nan 
2890000.0 8747.0 362790.0 nan nan 0.1255 nan nan 47.869 nan nan 
2900000.0 8775.0 364105.0 nan nan 0.1256 nan nan 45.846 nan nan 
2910000.0 8802.0 365333.0 nan nan 0.1255 nan nan 46.139 nan nan 
2920000.0 8827.0 366615.0 nan nan 0.1256 nan nan 48.934 nan nan 
2930000.0 8851.0 367771.0 nan nan 0.1255 nan nan 48.129 nan nan 
2940000.0 8875.0 368953.0 nan nan 0.1255 nan nan 49.553 nan nan 
2950000.0 8898.0 370106.0 nan nan 0.1255 nan nan 49.053 nan nan 
2960000.0 8921.0 371360.0 nan nan 0.1255 nan nan 52.376 nan nan 
2970000.0 8944.0 372537.0 nan nan 0.1254 nan nan 51.747 nan nan 
2980000.0 8970.0 373829.0 nan nan 0.1254 nan nan 49.599 nan nan 
2990000.0 8997.0 375057.0 nan nan 0.1254 nan nan 48.454 nan nan 
3000000.0 9019.0 376181.0 nan nan 0.1254 nan nan 50.432 nan nan 
3010000.0 9041.0 377364.0 nan nan 0.1254 nan nan 51.926 nan nan 
3020000.0 9065.0 378548.0 nan nan 0.1253 nan nan 51.141 nan nan 
3030000.0 9087.0 379755.0 nan nan 0.1253 nan nan 50.75 nan nan 
3040000.0 9113.0 380974.0 nan nan 0.1253 nan nan 50.458 nan nan 
3050000.0 9141.0 382326.0 nan nan 0.1254 nan nan 47.611 nan nan 
3060000.0 9164.0 383362.0 nan nan 0.1253 nan nan 48.396 nan nan 
3070000.0 9192.0 384693.0 nan nan 0.1253 nan nan 47.212 nan nan 
3080000.0 9212.0 385665.0 nan nan 0.1252 nan nan 48.208 nan nan 
3090000.0 9240.0 387032.0 nan nan 0.1253 nan nan 47.028 nan nan 
3100000.0 9261.0 388196.0 nan nan 0.1252 nan nan 49.812 nan nan 
3110000.0 9291.0 389489.0 nan nan 0.1252 nan nan 47.633 nan nan 
3120000.0 9319.0 390809.0 nan nan 0.1253 nan nan 47.9 nan nan 
3130000.0 9345.0 392020.0 nan nan 0.1252 nan nan 44.768 nan nan 
3140000.0 9370.0 393164.0 nan nan 0.1252 nan nan 47.648 nan nan 
3150000.0 9394.0 394294.0 nan nan 0.1252 nan nan 47.504 nan nan 
3160000.0 9420.0 395452.0 nan nan 0.1251 nan nan 45.601 nan nan 
3170000.0 9447.0 396700.0 nan nan 0.1251 nan nan 46.337 nan nan 
3180000.0 9470.0 397860.0 nan nan 0.1251 nan nan 47.505 nan nan 
3190000.0 9493.0 399053.0 nan nan 0.1251 nan nan 48.534 nan nan 
3200000.0 9515.0 400076.0 nan nan 0.125 nan nan 48.887 nan nan 
3210000.0 9542.0 401375.0 nan nan 0.125 nan nan 48.223 nan nan 
3220000.0 9568.0 402658.0 nan nan 0.125 nan nan 49.134 nan nan 
3230000.0 9592.0 403929.0 nan nan 0.1251 nan nan 51.148 nan nan 
3240000.0 9616.0 405141.0 nan nan 0.125 nan nan 51.235 nan nan 
3250000.0 9639.0 406286.0 nan nan 0.125 nan nan 51.282 nan nan 
3260000.0 9660.0 407625.0 nan nan 0.125 nan nan 53.099 nan nan 
3270000.0 9687.0 408834.0 nan nan 0.125 nan nan 50.706 nan nan 
3280000.0 9715.0 410183.0 nan nan 0.1251 nan nan 49.69 nan nan 
3290000.0 9738.0 411217.0 nan nan 0.125 nan nan 47.936 nan nan 
3300000.0 9763.0 412496.0 nan nan 0.125 nan nan 48.208 nan nan 
3310000.0 9786.0 413693.0 nan nan 0.125 nan nan 49.265 nan nan 
3320000.0 9812.0 414810.0 nan nan 0.1249 nan nan 46.65 nan nan 
3330000.0 9834.0 415990.0 nan nan 0.1249 nan nan 47.965 nan nan 
3340000.0 9860.0 417131.0 nan nan 0.1249 nan nan 48.247 nan nan 
3350000.0 9888.0 418454.0 nan nan 0.1249 nan nan 47.088 nan nan 
3360000.0 9912.0 419742.0 nan nan 0.1249 nan nan 49.96 nan nan 
3370000.0 9938.0 421175.0 nan nan 0.125 nan nan 50.753 nan nan 
3380000.0 9966.0 422493.0 nan nan 0.125 nan nan 48.448 nan nan 
3390000.0 9993.0 423692.0 nan nan 0.125 nan nan 47.543 nan nan 
3400000.0 10019.0 425013.0 nan nan 0.125 nan nan 49.839 nan nan 
3410000.0 10044.0 426300.0 nan nan 0.125 nan nan 48.787 nan nan 
3420000.0 10071.0 427550.0 nan nan 0.125 nan nan 48.592 nan nan 
3430000.0 10096.0 428746.0 nan nan 0.125 nan nan 47.784 nan nan 
3440000.0 10122.0 430040.0 nan nan 0.125 nan nan 47.979 nan nan 
3450000.0 10147.0 431332.0 nan nan 0.125 nan nan 49.256 nan nan 
3460000.0 10176.0 432642.0 nan nan 0.125 nan nan 47.967 nan nan 
3470000.0 10203.0 433937.0 nan nan 0.1251 nan nan 48.216 nan nan 
3480000.0 10227.0 435197.0 nan nan 0.1251 nan nan 47.563 nan nan 
3490000.0 10254.0 436405.0 nan nan 0.125 nan nan 47.624 nan nan 
3500000.0 10276.0 437551.0 nan nan 0.125 nan nan 49.929 nan nan 
3510000.0 10302.0 438818.0 nan nan 0.125 nan nan 47.486 nan nan 
3520000.0 10330.0 440039.0 nan nan 0.125 nan nan 47.71 nan nan 
3530000.0 10360.0 441393.0 nan nan 0.125 nan nan 46.721 nan nan 
3540000.0 10386.0 442471.0 nan nan 0.125 nan nan 45.082 nan nan 
3550000.0 10413.0 443806.0 nan nan 0.125 nan nan 45.705 nan nan 
3560000.0 10440.0 445074.0 nan nan 0.125 nan nan 45.482 nan nan 
3570000.0 10467.0 446284.0 nan nan 0.125 nan nan 46.278 nan nan 
3580000.0 10495.0 447667.0 nan nan 0.125 nan nan 47.783 nan nan 
3590000.0 10519.0 448849.0 nan nan 0.125 nan nan 48.728 nan nan 
3600000.0 10540.0 449888.0 nan nan 0.125 nan nan 49.47 nan nan 
3610000.0 10560.0 450955.0 nan nan 0.1249 nan nan 48.205 nan nan 
3620000.0 10584.0 452333.0 nan nan 0.125 nan nan 51.759 nan nan 
3630000.0 10614.0 453609.0 nan nan 0.125 nan nan 48.919 nan nan 
3640000.0 10641.0 454945.0 nan nan 0.125 nan nan 48.305 nan nan 
3650000.0 10665.0 456142.0 nan nan 0.125 nan nan 48.076 nan nan 
3660000.0 10693.0 457443.0 nan nan 0.125 nan nan 47.891 nan nan 
3670000.0 10716.0 458674.0 nan nan 0.125 nan nan 50.031 nan nan 
3680000.0 10737.0 459807.0 nan nan 0.1249 nan nan 51.637 nan nan 
3690000.0 10764.0 461140.0 nan nan 0.125 nan nan 49.0 nan nan 
3700000.0 10784.0 462083.0 nan nan 0.1249 nan nan 49.802 nan nan 
3710000.0 10809.0 463272.0 nan nan 0.1249 nan nan 47.456 nan nan 
3720000.0 10827.0 464177.0 nan nan 0.1248 nan nan 47.664 nan nan 
3730000.0 10851.0 465279.0 nan nan 0.1247 nan nan 47.157 nan nan 
3740000.0 10875.0 466413.0 nan nan 0.1247 nan nan 46.52 nan nan 
3750000.0 10897.0 467559.0 nan nan 0.1247 nan nan 50.663 nan nan 
3760000.0 10924.0 468866.0 nan nan 0.1247 nan nan 50.104 nan nan 
3770000.0 10948.0 470018.0 nan nan 0.1247 nan nan 49.653 nan nan 
3780000.0 10972.0 471168.0 nan nan 0.1246 nan nan 49.194 nan nan 
3790000.0 10995.0 472246.0 nan nan 0.1246 nan nan 48.081 nan nan 
3800000.0 11016.0 473405.0 nan nan 0.1246 nan nan 48.484 nan nan 
3810000.0 11041.0 474502.0 nan nan 0.1245 nan nan 48.285 nan nan 
3820000.0 11066.0 475757.0 nan nan 0.1245 nan nan 48.818 nan nan 
3830000.0 11091.0 477075.0 nan nan 0.1246 nan nan 49.093 nan nan 
3840000.0 11112.0 478090.0 nan nan 0.1245 nan nan 49.125 nan nan 
3850000.0 11136.0 479332.0 nan nan 0.1245 nan nan 48.77 nan nan 
3860000.0 11160.0 480446.0 nan nan 0.1245 nan nan 48.319 nan nan 
3870000.0 11184.0 481669.0 nan nan 0.1245 nan nan 48.178 nan nan 
3880000.0 11207.0 482823.0 nan nan 0.1244 nan nan 50.268 nan nan 
3890000.0 11233.0 484201.0 nan nan 0.1245 nan nan 50.825 nan nan 
3900000.0 11255.0 485319.0 nan nan 0.1244 nan nan 50.808 nan nan 
3910000.0 11280.0 486479.0 nan nan 0.1244 nan nan 49.111 nan nan 
3920000.0 11305.0 487767.0 nan nan 0.1244 nan nan 50.108 nan nan 
3930000.0 11329.0 489019.0 nan nan 0.1244 nan nan 50.829 nan nan 
3940000.0 11352.0 490203.0 nan nan 0.1244 nan nan 48.59 nan nan 
3950000.0 11378.0 491494.0 nan nan 0.1244 nan nan 50.489 nan nan 
3960000.0 11404.0 492775.0 nan nan 0.1244 nan nan 50.229 nan nan 
3970000.0 11427.0 493929.0 nan nan 0.1244 nan nan 50.806 nan nan 
3980000.0 11450.0 495103.0 nan nan 0.1244 nan nan 50.689 nan nan 
3990000.0 11476.0 496412.0 nan nan 0.1244 nan nan 49.223 nan nan 
4000000.0 11501.0 497592.0 nan nan 0.1244 nan nan 49.243 nan nan 
4010000.0 11525.0 498792.0 nan nan 0.1244 nan nan 49.966 nan nan 
4020000.0 11549.0 499928.0 nan nan 0.1244 nan nan 48.923 nan nan 
4030000.0 11574.0 501140.0 nan nan 0.1244 nan nan 47.611 nan nan 
4040000.0 11599.0 502355.0 nan nan 0.1243 nan nan 48.856 nan nan 
4050000.0 11623.0 503715.0 nan nan 0.1244 nan nan 52.596 nan nan 
4060000.0 11651.0 505031.0 nan nan 0.1244 nan nan 50.426 nan nan 
4070000.0 11676.0 506300.0 nan nan 0.1244 nan nan 48.713 nan nan 
4080000.0 11701.0 507463.0 nan nan 0.1244 nan nan 49.134 nan nan 
4090000.0 11729.0 508748.0 nan nan 0.1244 nan nan 48.448 nan nan 
4100000.0 11754.0 510016.0 nan nan 0.1244 nan nan 47.406 nan nan 
4110000.0 11775.0 511132.0 nan nan 0.1244 nan nan 49.788 nan nan 
4120000.0 11798.0 512341.0 nan nan 0.1244 nan nan 52.219 nan nan 
4130000.0 11824.0 513683.0 nan nan 0.1244 nan nan 51.949 nan nan 
4140000.0 11850.0 514990.0 nan nan 0.1244 nan nan 49.453 nan nan 
4150000.0 11877.0 516186.0 nan nan 0.1244 nan nan 48.53 nan nan 
4160000.0 11902.0 517417.0 nan nan 0.1244 nan nan 48.082 nan nan 
4170000.0 11930.0 518778.0 nan nan 0.1244 nan nan 48.544 nan nan 
4180000.0 11959.0 520145.0 nan nan 0.1244 nan nan 48.479 nan nan 
4190000.0 11986.0 521418.0 nan nan 0.1244 nan nan 47.445 nan nan 
4200000.0 12015.0 522711.0 nan nan 0.1245 nan nan 45.643 nan nan 
4210000.0 12042.0 523956.0 nan nan 0.1245 nan nan 46.393 nan nan 
4220000.0 12068.0 525248.0 nan nan 0.1245 nan nan 47.774 nan nan 
4230000.0 12095.0 526551.0 nan nan 0.1245 nan nan 47.958 nan nan 
4240000.0 12120.0 527754.0 nan nan 0.1245 nan nan 47.359 nan nan 
4250000.0 12145.0 528954.0 nan nan 0.1245 nan nan 47.367 nan nan 
4260000.0 12174.0 530333.0 nan nan 0.1245 nan nan 46.771 nan nan 
4270000.0 12196.0 531457.0 nan nan 0.1245 nan nan 48.76 nan nan 
4280000.0 12222.0 532707.0 nan nan 0.1245 nan nan 47.672 nan nan 
4290000.0 12245.0 533787.0 nan nan 0.1244 nan nan 48.192 nan nan 
4300000.0 12271.0 534993.0 nan nan 0.1244 nan nan 47.156 nan nan 
4310000.0 12296.0 536204.0 nan nan 0.1244 nan nan 47.6 nan nan 
4320000.0 12321.0 537396.0 nan nan 0.1244 nan nan 46.534 nan nan 
4330000.0 12342.0 538587.0 nan nan 0.1244 nan nan 49.59 nan nan 
4340000.0 12367.0 539857.0 nan nan 0.1244 nan nan 51.319 nan nan 
4350000.0 12394.0 541230.0 nan nan 0.1244 nan nan 51.152 nan nan 
4360000.0 12420.0 542449.0 nan nan 0.1244 nan nan 48.602 nan nan 
4370000.0 12439.0 543427.0 nan nan 0.1244 nan nan 50.378 nan nan 
4380000.0 12466.0 544689.0 nan nan 0.1244 nan nan 49.475 nan nan 
4390000.0 12487.0 545865.0 nan nan 0.1243 nan nan 51.691 nan nan 
4400000.0 12512.0 547048.0 nan nan 0.1243 nan nan 49.581 nan nan 
4410000.0 12537.0 548330.0 nan nan 0.1243 nan nan 49.398 nan nan 
4420000.0 12564.0 549587.0 nan nan 0.1243 nan nan 47.452 nan nan 
4430000.0 12590.0 550760.0 nan nan 0.1243 nan nan 48.026 nan nan 
4440000.0 12615.0 552033.0 nan nan 0.1243 nan nan 47.126 nan nan 
4450000.0 12642.0 553263.0 nan nan 0.1243 nan nan 47.051 nan nan 
4460000.0 12666.0 554486.0 nan nan 0.1243 nan nan 47.34 nan nan 
4470000.0 12696.0 555724.0 nan nan 0.1243 nan nan 45.917 nan nan 
4480000.0 12718.0 556966.0 nan nan 0.1243 nan nan 50.343 nan nan 
4490000.0 12741.0 558122.0 nan nan 0.1243 nan nan 48.328 nan nan 
4500000.0 12763.0 559144.0 nan nan 0.1243 nan nan 48.413 nan nan 
4510000.0 12787.0 560310.0 nan nan 0.1242 nan nan 49.808 nan nan 
4520000.0 12812.0 561446.0 nan nan 0.1242 nan nan 48.382 nan nan 
4530000.0 12837.0 562696.0 nan nan 0.1242 nan nan 46.788 nan nan 
4540000.0 12859.0 563729.0 nan nan 0.1242 nan nan 48.403 nan nan 
4550000.0 12879.0 564642.0 nan nan 0.1241 nan nan 47.914 nan nan 
4560000.0 12904.0 565873.0 nan nan 0.1241 nan nan 47.393 nan nan 
4570000.0 12930.0 567095.0 nan nan 0.1241 nan nan 46.271 nan nan 
4580000.0 12955.0 568234.0 nan nan 0.1241 nan nan 47.439 nan nan 
4590000.0 12982.0 569426.0 nan nan 0.1241 nan nan 46.287 nan nan 
4600000.0 13007.0 570611.0 nan nan 0.124 nan nan 46.904 nan nan 
4610000.0 13035.0 571920.0 nan nan 0.1241 nan nan 46.435 nan nan 
4620000.0 13056.0 573111.0 nan nan 0.124 nan nan 50.14 nan nan 
4630000.0 13078.0 574304.0 nan nan 0.124 nan nan 51.772 nan nan 
4640000.0 13103.0 575555.0 nan nan 0.124 nan nan 50.948 nan nan 
4650000.0 13123.0 576610.0 nan nan 0.124 nan nan 51.848 nan nan 
4660000.0 13152.0 577826.0 nan nan 0.124 nan nan 47.537 nan nan 
4670000.0 13179.0 579113.0 nan nan 0.124 nan nan 47.067 nan nan 
4680000.0 13204.0 580374.0 nan nan 0.124 nan nan 47.624 nan nan 
4690000.0 13231.0 581646.0 nan nan 0.124 nan nan 47.643 nan nan 
4700000.0 13254.0 582829.0 nan nan 0.124 nan nan 47.753 nan nan 
4710000.0 13276.0 583916.0 nan nan 0.124 nan nan 47.318 nan nan 
4720000.0 13306.0 585272.0 nan nan 0.124 nan nan 46.754 nan nan 
4730000.0 13330.0 586586.0 nan nan 0.124 nan nan 49.997 nan nan 
4740000.0 13354.0 587832.0 nan nan 0.124 nan nan 51.447 nan nan 
4750000.0 13379.0 588919.0 nan nan 0.124 nan nan 48.023 nan nan 
4760000.0 13404.0 590162.0 nan nan 0.124 nan nan 47.993 nan nan 
4770000.0 13428.0 591289.0 nan nan 0.124 nan nan 48.065 nan nan 
4780000.0 13450.0 592454.0 nan nan 0.1239 nan nan 50.02 nan nan 
4790000.0 13477.0 593681.0 nan nan 0.1239 nan nan 47.084 nan nan 
4800000.0 13501.0 594893.0 nan nan 0.1239 nan nan 48.504 nan nan 
4810000.0 13528.0 596147.0 nan nan 0.1239 nan nan 48.459 nan nan 
4820000.0 13547.0 597242.0 nan nan 0.1239 nan nan 51.047 nan nan 
4830000.0 13570.0 598470.0 nan nan 0.1239 nan nan 52.158 nan nan 
4840000.0 13596.0 599699.0 nan nan 0.1239 nan nan 49.262 nan nan 
4850000.0 13618.0 600847.0 nan nan 0.1239 nan nan 49.978 nan nan 
4860000.0 13644.0 602222.0 nan nan 0.1239 nan nan 50.431 nan nan 
4870000.0 13670.0 603437.0 nan nan 0.1239 nan nan 49.481 nan nan 
4880000.0 13692.0 604607.0 nan nan 0.1239 nan nan 49.648 nan nan 
4890000.0 13709.0 605518.0 nan nan 0.1238 nan nan 51.839 nan nan 
4900000.0 13732.0 606815.0 nan nan 0.1238 nan nan 53.126 nan nan 
4910000.0 13756.0 608170.0 nan nan 0.1239 nan nan 54.06 nan nan 
4920000.0 13782.0 609362.0 nan nan 0.1239 nan nan 51.088 nan nan 
4930000.0 13809.0 610660.0 nan nan 0.1239 nan nan 49.447 nan nan 
4940000.0 13833.0 611899.0 nan nan 0.1239 nan nan 48.676 nan nan 
4950000.0 13857.0 613127.0 nan nan 0.1239 nan nan 49.87 nan nan 
4960000.0 13883.0 614385.0 nan nan 0.1239 nan nan 49.98 nan nan 
4970000.0 13908.0 615687.0 nan nan 0.1239 nan nan 49.01 nan nan 
4980000.0 13929.0 616744.0 nan nan 0.1238 nan nan 50.626 nan nan 
4990000.0 13950.0 617950.0 nan nan 0.1238 nan nan 52.546 nan nan 
5000000.0 13970.0 618885.0 nan nan 0.1238 nan nan 50.198 nan nan 
5010000.0 13993.0 620026.0 nan nan 0.1238 nan nan 51.044 nan nan 
5020000.0 14016.0 621102.0 nan nan 0.1237 nan nan 48.532 nan nan 
5030000.0 14043.0 622319.0 nan nan 0.1237 nan nan 46.789 nan nan 
5040000.0 14070.0 623614.0 nan nan 0.1237 nan nan 47.1 nan nan 
5050000.0 14095.0 624857.0 nan nan 0.1237 nan nan 48.581 nan nan 
5060000.0 14117.0 626150.0 nan nan 0.1237 nan nan 52.844 nan nan 
5070000.0 14141.0 627314.0 nan nan 0.1237 nan nan 51.028 nan nan 
5080000.0 14164.0 628556.0 nan nan 0.1237 nan nan 52.094 nan nan 
5090000.0 14187.0 629708.0 nan nan 0.1237 nan nan 49.51 nan nan 
5100000.0 14210.0 630837.0 nan nan 0.1237 nan nan 51.617 nan nan 
5110000.0 14235.0 632090.0 nan nan 0.1237 nan nan 48.47 nan nan 
5120000.0 14259.0 633238.0 nan nan 0.1237 nan nan 48.622 nan nan 
5130000.0 14282.0 634296.0 nan nan 0.1236 nan nan 49.071 nan nan 
5140000.0 14303.0 635304.0 nan nan 0.1236 nan nan 48.739 nan nan 
5150000.0 14328.0 636571.0 nan nan 0.1236 nan nan 47.087 nan nan 
5160000.0 14352.0 637666.0 nan nan 0.1236 nan nan 47.452 nan nan 
5170000.0 14375.0 638772.0 nan nan 0.1236 nan nan 48.721 nan nan 
5180000.0 14397.0 639874.0 nan nan 0.1235 nan nan 49.335 nan nan 
5190000.0 14422.0 641147.0 nan nan 0.1235 nan nan 49.251 nan nan 
5200000.0 14442.0 642315.0 nan nan 0.1235 nan nan 50.747 nan nan 
5210000.0 14464.0 643394.0 nan nan 0.1235 nan nan 51.166 nan nan 
5220000.0 14490.0 644588.0 nan nan 0.1235 nan nan 49.663 nan nan 
5230000.0 14513.0 645984.0 nan nan 0.1235 nan nan 54.648 nan nan 
5240000.0 14537.0 647147.0 nan nan 0.1235 nan nan 52.06 nan nan 
5250000.0 14563.0 648381.0 nan nan 0.1235 nan nan 49.891 nan nan 
5260000.0 14586.0 649474.0 nan nan 0.1235 nan nan 48.86 nan nan 
5270000.0 14610.0 650670.0 nan nan 0.1235 nan nan 48.713 nan nan 
5280000.0 14637.0 651946.0 nan nan 0.1235 nan nan 47.513 nan nan 
5290000.0 14658.0 652885.0 nan nan 0.1234 nan nan 47.336 nan nan 
5300000.0 14683.0 654112.0 nan nan 0.1234 nan nan 48.242 nan nan 
5310000.0 14708.0 655265.0 nan nan 0.1234 nan nan 47.577 nan nan 
5320000.0 14736.0 656626.0 nan nan 0.1234 nan nan 46.7 nan nan 
5330000.0 14763.0 657822.0 nan nan 0.1234 nan nan 46.783 nan nan 
5340000.0 14787.0 659006.0 nan nan 0.1234 nan nan 46.474 nan nan 
5350000.0 14812.0 660183.0 nan nan 0.1234 nan nan 47.859 nan nan 
5360000.0 14833.0 661228.0 nan nan 0.1234 nan nan 49.113 nan nan 
5370000.0 14859.0 662408.0 nan nan 0.1234 nan nan 46.462 nan nan 
5380000.0 14886.0 663652.0 nan nan 0.1234 nan nan 45.996 nan nan 
5390000.0 14912.0 664777.0 nan nan 0.1233 nan nan 44.796 nan nan 
5400000.0 14934.0 665907.0 nan nan 0.1233 nan nan 45.532 nan nan 
5410000.0 14961.0 667039.0 nan nan 0.1233 nan nan 45.627 nan nan 
5420000.0 14988.0 668385.0 nan nan 0.1233 nan nan 45.271 nan nan 
5430000.0 15013.0 669542.0 nan nan 0.1233 nan nan 47.632 nan nan 
5440000.0 15037.0 670900.0 nan nan 0.1233 nan nan 50.248 nan nan 
5450000.0 15063.0 672202.0 nan nan 0.1233 nan nan 50.551 nan nan 
5460000.0 15083.0 673306.0 nan nan 0.1233 nan nan 51.461 nan nan 
5470000.0 15110.0 674606.0 nan nan 0.1233 nan nan 50.278 nan nan 
5480000.0 15132.0 675748.0 nan nan 0.1233 nan nan 50.905 nan nan 
5490000.0 15155.0 676915.0 nan nan 0.1233 nan nan 51.003 nan nan 
5500000.0 15180.0 678112.0 nan nan 0.1233 nan nan 48.094 nan nan 
5510000.0 15204.0 679394.0 nan nan 0.1233 nan nan 50.3 nan nan 
5520000.0 15229.0 680563.0 nan nan 0.1233 nan nan 50.528 nan nan 
5530000.0 15254.0 681718.0 nan nan 0.1233 nan nan 49.059 nan nan 
5540000.0 15271.0 682873.0 nan nan 0.1233 nan nan 54.073 nan nan 
5550000.0 15291.0 683888.0 nan nan 0.1232 nan nan 51.955 nan nan 
5560000.0 15315.0 685059.0 nan nan 0.1232 nan nan 50.577 nan nan 
5570000.0 15342.0 686293.0 nan nan 0.1232 nan nan 49.262 nan nan 
5580000.0 15364.0 687431.0 nan nan 0.1232 nan nan 50.288 nan nan 
5590000.0 15387.0 688614.0 nan nan 0.1232 nan nan 49.594 nan nan 
5600000.0 15410.0 689687.0 nan nan 0.1232 nan nan 49.671 nan nan 
5610000.0 15437.0 690989.0 nan nan 0.1232 nan nan 49.21 nan nan 
5620000.0 15463.0 692266.0 nan nan 0.1232 nan nan 48.045 nan nan 
5630000.0 15486.0 693478.0 nan nan 0.1232 nan nan 48.186 nan nan 
5640000.0 15508.0 694517.0 nan nan 0.1231 nan nan 49.779 nan nan 
5650000.0 15529.0 695571.0 nan nan 0.1231 nan nan 50.127 nan nan 
5660000.0 15550.0 696801.0 nan nan 0.1231 nan nan 53.062 nan nan 
5670000.0 15576.0 698069.0 nan nan 0.1231 nan nan 49.956 nan nan 
5680000.0 15599.0 699170.0 nan nan 0.1231 nan nan 50.403 nan nan 
5690000.0 15624.0 700410.0 nan nan 0.1231 nan nan 49.812 nan nan 
5700000.0 15648.0 701844.0 nan nan 0.1231 nan nan 51.676 nan nan 
5710000.0 15671.0 702936.0 nan nan 0.1231 nan nan 51.886 nan nan 
5720000.0 15695.0 704197.0 nan nan 0.1231 nan nan 52.032 nan nan 
5730000.0 15720.0 705456.0 nan nan 0.1231 nan nan 49.743 nan nan 
5740000.0 15748.0 706689.0 nan nan 0.1231 nan nan 48.288 nan nan 
5750000.0 15774.0 707816.0 nan nan 0.1231 nan nan 45.818 nan nan 
5760000.0 15802.0 709196.0 nan nan 0.1231 nan nan 47.671 nan nan 
5770000.0 15828.0 710439.0 nan nan 0.1231 nan nan 46.527 nan nan 
5780000.0 15849.0 711466.0 nan nan 0.1231 nan nan 46.353 nan nan 
5790000.0 15873.0 712737.0 nan nan 0.1231 nan nan 48.724 nan nan 
5800000.0 15900.0 714052.0 nan nan 0.1231 nan nan 48.435 nan nan 
5810000.0 15926.0 715253.0 nan nan 0.1231 nan nan 49.115 nan nan 
5820000.0 15951.0 716508.0 nan nan 0.1231 nan nan 48.855 nan nan 
5830000.0 15975.0 717582.0 nan nan 0.1231 nan nan 47.905 nan nan 
5840000.0 16002.0 718820.0 nan nan 0.1231 nan nan 46.566 nan nan 
5850000.0 16027.0 720013.0 nan nan 0.1231 nan nan 47.393 nan nan 
5860000.0 16053.0 721187.0 nan nan 0.1231 nan nan 44.988 nan nan 
5870000.0 16080.0 722363.0 nan nan 0.1231 nan nan 45.613 nan nan 
5880000.0 16107.0 723653.0 nan nan 0.1231 nan nan 45.102 nan nan 
5890000.0 16131.0 724820.0 nan nan 0.1231 nan nan 45.974 nan nan 
5900000.0 16156.0 725936.0 nan nan 0.123 nan nan 46.192 nan nan 
5910000.0 16179.0 727135.0 nan nan 0.123 nan nan 48.266 nan nan 
5920000.0 16201.0 728313.0 nan nan 0.123 nan nan 50.307 nan nan 
5930000.0 16225.0 729430.0 nan nan 0.123 nan nan 49.119 nan nan 
5940000.0 16250.0 730562.0 nan nan 0.123 nan nan 47.68 nan nan 
5950000.0 16275.0 731734.0 nan nan 0.123 nan nan 47.278 nan nan 
5960000.0 16300.0 732923.0 nan nan 0.123 nan nan 47.523 nan nan 
5970000.0 16320.0 734110.0 nan nan 0.123 nan nan 49.604 nan nan 
5980000.0 16350.0 735420.0 nan nan 0.123 nan nan 48.239 nan nan 
5990000.0 16374.0 736677.0 nan nan 0.123 nan nan 47.974 nan nan 
6000000.0 16401.0 737938.0 nan nan 0.123 nan nan 46.828 nan nan 
