10000.0 59.0 492.0 nan nan 0.0492 nan nan 5.67 nan nan 
20000.0 114.0 913.0 nan nan 0.0457 nan nan 6.78 nan nan 
30000.0 172.0 1367.0 nan nan 0.0456 nan nan 7.785 nan nan 
40000.0 230.0 1850.0 nan nan 0.0462 nan nan 8.213 nan nan 
50000.0 289.0 2373.0 nan nan 0.0475 nan nan 8.392 nan nan 
60000.0 339.0 2920.0 nan nan 0.0487 nan nan 10.034 nan nan 
70000.0 393.0 3522.0 nan nan 0.0503 nan nan 10.672 nan nan 
80000.0 445.0 4161.0 nan nan 0.052 nan nan 12.166 nan nan 
90000.0 497.0 4950.0 nan nan 0.055 nan nan 14.091 nan nan 
100000.0 551.0 5767.0 nan nan 0.0577 nan nan 15.013 nan nan 
110000.0 597.0 6553.0 nan nan 0.0596 nan nan 15.743 nan nan 
120000.0 645.0 7393.0 nan nan 0.0616 nan nan 16.592 nan nan 
130000.0 690.0 8335.0 nan nan 0.0641 nan nan 19.011 nan nan 
140000.0 740.0 9300.0 nan nan 0.0664 nan nan 19.103 nan nan 
150000.0 786.0 10258.0 nan nan 0.0684 nan nan 20.061 nan nan 
160000.0 832.0 11227.0 nan nan 0.0702 nan nan 21.411 nan nan 
170000.0 877.0 12327.0 nan nan 0.0725 nan nan 23.06 nan nan 
180000.0 921.0 13421.0 nan nan 0.0746 nan nan 24.239 nan nan 
190000.0 962.0 14591.0 nan nan 0.0768 nan nan 26.791 nan nan 
200000.0 1003.0 15697.0 nan nan 0.0785 nan nan 26.503 nan nan 
210000.0 1049.0 16864.0 nan nan 0.0803 nan nan 25.999 nan nan 
220000.0 1085.0 18089.0 nan nan 0.0822 nan nan 29.85 nan nan 
230000.0 1128.0 19354.0 nan nan 0.0841 nan nan 28.949 nan nan 
240000.0 1169.0 20640.0 nan nan 0.086 nan nan 30.038 nan nan 
250000.0 1207.0 21942.0 nan nan 0.0878 nan nan 32.293 nan nan 
260000.0 1250.0 23266.0 nan nan 0.0895 nan nan 31.136 nan nan 
270000.0 1291.0 24625.0 nan nan 0.0912 nan nan 31.651 nan nan 
280000.0 1329.0 26010.0 nan nan 0.0929 nan nan 33.726 nan nan 
290000.0 1370.0 27385.0 nan nan 0.0944 nan nan 34.366 nan nan 
300000.0 1400.0 28641.0 nan nan 0.0955 nan nan 37.994 nan nan 
310000.0 1433.0 29916.0 nan nan 0.0965 nan nan 37.683 nan nan 
320000.0 1467.0 31213.0 nan nan 0.0975 nan nan 37.975 nan nan 
330000.0 1499.0 32488.0 nan nan 0.0984 nan nan 39.451 nan nan 
340000.0 1531.0 33771.0 nan nan 0.0993 nan nan 38.595 nan nan 
350000.0 1566.0 35074.0 nan nan 0.1002 nan nan 38.948 nan nan 
360000.0 1599.0 36440.0 nan nan 0.1012 nan nan 39.347 nan nan 
370000.0 1633.0 37773.0 nan nan 0.1021 nan nan 39.863 nan nan 
380000.0 1665.0 39076.0 nan nan 0.1028 nan nan 40.084 nan nan 
390000.0 1695.0 40496.0 nan nan 0.1038 nan nan 41.87 nan nan 
400000.0 1724.0 41745.0 nan nan 0.1044 nan nan 43.771 nan nan 
410000.0 1754.0 43021.0 nan nan 0.1049 nan nan 43.438 nan nan 
420000.0 1786.0 44350.0 nan nan 0.1056 nan nan 41.626 nan nan 
430000.0 1820.0 45713.0 nan nan 0.1063 nan nan 41.936 nan nan 
440000.0 1854.0 47049.0 nan nan 0.1069 nan nan 40.41 nan nan 
450000.0 1887.0 48418.0 nan nan 0.1076 nan nan 40.58 nan nan 
460000.0 1921.0 49758.0 nan nan 0.1082 nan nan 39.636 nan nan 
470000.0 1952.0 51073.0 nan nan 0.1087 nan nan 41.271 nan nan 
480000.0 1986.0 52433.0 nan nan 0.1092 nan nan 40.418 nan nan 
490000.0 2016.0 53826.0 nan nan 0.1098 nan nan 41.931 nan nan 
500000.0 2052.0 55237.0 nan nan 0.1105 nan nan 41.343 nan nan 
510000.0 2083.0 56612.0 nan nan 0.111 nan nan 41.722 nan nan 
520000.0 2112.0 57919.0 nan nan 0.1114 nan nan 42.3 nan nan 
530000.0 2143.0 59199.0 nan nan 0.1117 nan nan 42.481 nan nan 
540000.0 2174.0 60485.0 nan nan 0.112 nan nan 42.142 nan nan 
550000.0 2208.0 61954.0 nan nan 0.1126 nan nan 41.372 nan nan 
560000.0 2239.0 63363.0 nan nan 0.1131 nan nan 42.576 nan nan 
570000.0 2274.0 64742.0 nan nan 0.1136 nan nan 42.475 nan nan 
580000.0 2302.0 66062.0 nan nan 0.1139 nan nan 44.133 nan nan 
590000.0 2332.0 67471.0 nan nan 0.1144 nan nan 45.477 nan nan 
600000.0 2365.0 68846.0 nan nan 0.1147 nan nan 42.023 nan nan 
610000.0 2402.0 70182.0 nan nan 0.1151 nan nan 40.998 nan nan 
620000.0 2433.0 71551.0 nan nan 0.1154 nan nan 40.977 nan nan 
630000.0 2466.0 72895.0 nan nan 0.1157 nan nan 41.942 nan nan 
640000.0 2499.0 74308.0 nan nan 0.1161 nan nan 42.054 nan nan 
650000.0 2530.0 75714.0 nan nan 0.1165 nan nan 42.107 nan nan 
660000.0 2563.0 77090.0 nan nan 0.1168 nan nan 43.06 nan nan 
670000.0 2596.0 78433.0 nan nan 0.1171 nan nan 40.809 nan nan 
680000.0 2627.0 79757.0 nan nan 0.1173 nan nan 42.637 nan nan 
690000.0 2661.0 81155.0 nan nan 0.1176 nan nan 41.721 nan nan 
700000.0 2687.0 82362.0 nan nan 0.1177 nan nan 43.423 nan nan 
710000.0 2715.0 83687.0 nan nan 0.1179 nan nan 43.629 nan nan 
720000.0 2746.0 84986.0 nan nan 0.118 nan nan 42.486 nan nan 
730000.0 2779.0 86338.0 nan nan 0.1183 nan nan 42.045 nan nan 
740000.0 2811.0 87621.0 nan nan 0.1184 nan nan 39.857 nan nan 
750000.0 2840.0 88866.0 nan nan 0.1185 nan nan 42.614 nan nan 
760000.0 2874.0 90280.0 nan nan 0.1188 nan nan 42.077 nan nan 
770000.0 2908.0 91663.0 nan nan 0.119 nan nan 39.275 nan nan 
780000.0 2940.0 92994.0 nan nan 0.1192 nan nan 41.442 nan nan 
790000.0 2967.0 94371.0 nan nan 0.1195 nan nan 43.128 nan nan 
800000.0 2997.0 95691.0 nan nan 0.1196 nan nan 43.905 nan nan 
810000.0 3032.0 97047.0 nan nan 0.1198 nan nan 42.303 nan nan 
820000.0 3060.0 98330.0 nan nan 0.1199 nan nan 43.323 nan nan 
830000.0 3087.0 99631.0 nan nan 0.12 nan nan 44.581 nan nan 
840000.0 3118.0 100998.0 nan nan 0.1202 nan nan 45.105 nan nan 
850000.0 3147.0 102301.0 nan nan 0.1204 nan nan 44.623 nan nan 
860000.0 3178.0 103724.0 nan nan 0.1206 nan nan 45.721 nan nan 
870000.0 3209.0 105034.0 nan nan 0.1207 nan nan 44.078 nan nan 
880000.0 3239.0 106414.0 nan nan 0.1209 nan nan 45.292 nan nan 
890000.0 3269.0 107736.0 nan nan 0.1211 nan nan 44.581 nan nan 
900000.0 3299.0 109071.0 nan nan 0.1212 nan nan 44.902 nan nan 
910000.0 3329.0 110447.0 nan nan 0.1214 nan nan 45.034 nan nan 
920000.0 3358.0 111781.0 nan nan 0.1215 nan nan 45.366 nan nan 
930000.0 3392.0 113094.0 nan nan 0.1216 nan nan 42.92 nan nan 
940000.0 3423.0 114345.0 nan nan 0.1216 nan nan 41.736 nan nan 
950000.0 3454.0 115714.0 nan nan 0.1218 nan nan 42.605 nan nan 
960000.0 3486.0 117109.0 nan nan 0.122 nan nan 43.096 nan nan 
970000.0 3514.0 118420.0 nan nan 0.1221 nan nan 44.061 nan nan 
980000.0 3544.0 119719.0 nan nan 0.1222 nan nan 44.26 nan nan 
990000.0 3576.0 121031.0 nan nan 0.1223 nan nan 42.759 nan nan 
1000000.0 3607.0 122393.0 nan nan 0.1224 nan nan 42.392 nan nan 
1010000.0 3638.0 123718.0 nan nan 0.1225 nan nan 43.313 nan nan 
1020000.0 3666.0 125022.0 nan nan 0.1226 nan nan 43.554 nan nan 
1030000.0 3699.0 126401.0 nan nan 0.1227 nan nan 43.293 nan nan 
1040000.0 3728.0 127699.0 nan nan 0.1228 nan nan 43.501 nan nan 
1050000.0 3756.0 129034.0 nan nan 0.1229 nan nan 44.161 nan nan 
1060000.0 3786.0 130251.0 nan nan 0.1229 nan nan 43.365 nan nan 
1070000.0 3814.0 131561.0 nan nan 0.123 nan nan 45.412 nan nan 
1080000.0 3846.0 132836.0 nan nan 0.123 nan nan 41.843 nan nan 
1090000.0 3876.0 134053.0 nan nan 0.123 nan nan 41.985 nan nan 
1100000.0 3904.0 135354.0 nan nan 0.123 nan nan 44.42 nan nan 
1110000.0 3932.0 136555.0 nan nan 0.123 nan nan 44.165 nan nan 
1120000.0 3964.0 137899.0 nan nan 0.1231 nan nan 43.116 nan nan 
1130000.0 3990.0 139127.0 nan nan 0.1231 nan nan 44.387 nan nan 
1140000.0 4017.0 140374.0 nan nan 0.1231 nan nan 44.351 nan nan 
1150000.0 4044.0 141623.0 nan nan 0.1232 nan nan 44.118 nan nan 
1160000.0 4073.0 142837.0 nan nan 0.1231 nan nan 44.885 nan nan 
1170000.0 4102.0 144122.0 nan nan 0.1232 nan nan 43.92 nan nan 
1180000.0 4131.0 145370.0 nan nan 0.1232 nan nan 43.938 nan nan 
1190000.0 4158.0 146589.0 nan nan 0.1232 nan nan 44.576 nan nan 
1200000.0 4184.0 147841.0 nan nan 0.1232 nan nan 45.894 nan nan 
1210000.0 4212.0 149050.0 nan nan 0.1232 nan nan 44.622 nan nan 
1220000.0 4242.0 150401.0 nan nan 0.1233 nan nan 44.292 nan nan 
1230000.0 4269.0 151663.0 nan nan 0.1233 nan nan 44.786 nan nan 
1240000.0 4296.0 152877.0 nan nan 0.1233 nan nan 44.023 nan nan 
1250000.0 4326.0 154167.0 nan nan 0.1233 nan nan 44.613 nan nan 
1260000.0 4358.0 155515.0 nan nan 0.1234 nan nan 42.655 nan nan 
1270000.0 4387.0 156839.0 nan nan 0.1235 nan nan 44.613 nan nan 
1280000.0 4416.0 158175.0 nan nan 0.1236 nan nan 43.882 nan nan 
1290000.0 4447.0 159485.0 nan nan 0.1236 nan nan 44.617 nan nan 
1300000.0 4477.0 160811.0 nan nan 0.1237 nan nan 44.072 nan nan 
1310000.0 4508.0 162179.0 nan nan 0.1238 nan nan 44.604 nan nan 
1320000.0 4542.0 163557.0 nan nan 0.1239 nan nan 42.68 nan nan 
1330000.0 4572.0 164934.0 nan nan 0.124 nan nan 43.615 nan nan 
1340000.0 4599.0 166243.0 nan nan 0.1241 nan nan 44.057 nan nan 
1350000.0 4626.0 167389.0 nan nan 0.124 nan nan 44.687 nan nan 
1360000.0 4652.0 168641.0 nan nan 0.124 nan nan 45.76 nan nan 
1370000.0 4678.0 169916.0 nan nan 0.124 nan nan 46.989 nan nan 
1380000.0 4706.0 171158.0 nan nan 0.124 nan nan 46.344 nan nan 
1390000.0 4734.0 172466.0 nan nan 0.1241 nan nan 45.769 nan nan 
1400000.0 4762.0 173723.0 nan nan 0.1241 nan nan 45.648 nan nan 
1410000.0 4792.0 174990.0 nan nan 0.1241 nan nan 44.506 nan nan 
1420000.0 4824.0 176347.0 nan nan 0.1242 nan nan 43.133 nan nan 
1430000.0 4853.0 177612.0 nan nan 0.1242 nan nan 42.505 nan nan 
1440000.0 4877.0 178776.0 nan nan 0.1242 nan nan 44.783 nan nan 
1450000.0 4907.0 180147.0 nan nan 0.1242 nan nan 45.24 nan nan 
1460000.0 4935.0 181375.0 nan nan 0.1242 nan nan 44.822 nan nan 
1470000.0 4958.0 182504.0 nan nan 0.1242 nan nan 46.398 nan nan 
1480000.0 4983.0 183717.0 nan nan 0.1241 nan nan 46.084 nan nan 
1490000.0 5013.0 185010.0 nan nan 0.1242 nan nan 45.159 nan nan 
1500000.0 5040.0 186236.0 nan nan 0.1242 nan nan 44.6 nan nan 
1510000.0 5066.0 187418.0 nan nan 0.1241 nan nan 44.332 nan nan 
1520000.0 5090.0 188560.0 nan nan 0.1241 nan nan 45.92 nan nan 
1530000.0 5118.0 189796.0 nan nan 0.124 nan nan 44.365 nan nan 
1540000.0 5145.0 191039.0 nan nan 0.1241 nan nan 44.873 nan nan 
1550000.0 5173.0 192339.0 nan nan 0.1241 nan nan 45.777 nan nan 
1560000.0 5198.0 193435.0 nan nan 0.124 nan nan 45.227 nan nan 
1570000.0 5223.0 194619.0 nan nan 0.124 nan nan 44.556 nan nan 
1580000.0 5250.0 195873.0 nan nan 0.124 nan nan 44.529 nan nan 
1590000.0 5280.0 197095.0 nan nan 0.124 nan nan 44.086 nan nan 
1600000.0 5305.0 198325.0 nan nan 0.124 nan nan 46.665 nan nan 
1610000.0 5333.0 199550.0 nan nan 0.1239 nan nan 46.033 nan nan 
1620000.0 5361.0 200666.0 nan nan 0.1239 nan nan 43.483 nan nan 
1630000.0 5384.0 201811.0 nan nan 0.1238 nan nan 45.856 nan nan 
1640000.0 5413.0 203115.0 nan nan 0.1239 nan nan 45.493 nan nan 
1650000.0 5439.0 204360.0 nan nan 0.1239 nan nan 45.07 nan nan 
1660000.0 5467.0 205536.0 nan nan 0.1238 nan nan 45.341 nan nan 
1670000.0 5490.0 206666.0 nan nan 0.1238 nan nan 45.137 nan nan 
1680000.0 5511.0 207678.0 nan nan 0.1236 nan nan 45.89 nan nan 
1690000.0 5535.0 208791.0 nan nan 0.1235 nan nan 46.423 nan nan 
1700000.0 5562.0 210091.0 nan nan 0.1236 nan nan 46.111 nan nan 
1710000.0 5591.0 211313.0 nan nan 0.1236 nan nan 46.053 nan nan 
1720000.0 5612.0 212344.0 nan nan 0.1235 nan nan 47.39 nan nan 
1730000.0 5634.0 213399.0 nan nan 0.1234 nan nan 46.182 nan nan 
1740000.0 5660.0 214592.0 nan nan 0.1233 nan nan 47.283 nan nan 
1750000.0 5685.0 215837.0 nan nan 0.1233 nan nan 46.036 nan nan 
1760000.0 5708.0 216857.0 nan nan 0.1232 nan nan 47.179 nan nan 
1770000.0 5735.0 218086.0 nan nan 0.1232 nan nan 46.824 nan nan 
1780000.0 5760.0 219202.0 nan nan 0.1231 nan nan 45.573 nan nan 
1790000.0 5784.0 220389.0 nan nan 0.1231 nan nan 46.127 nan nan 
1800000.0 5805.0 221454.0 nan nan 0.123 nan nan 46.679 nan nan 
1810000.0 5831.0 222597.0 nan nan 0.123 nan nan 47.131 nan nan 
1820000.0 5854.0 223729.0 nan nan 0.1229 nan nan 46.94 nan nan 
1830000.0 5880.0 224916.0 nan nan 0.1229 nan nan 46.265 nan nan 
1840000.0 5901.0 225866.0 nan nan 0.1228 nan nan 46.269 nan nan 
1850000.0 5926.0 227019.0 nan nan 0.1227 nan nan 46.451 nan nan 
1860000.0 5950.0 228003.0 nan nan 0.1226 nan nan 44.043 nan nan 
1870000.0 5972.0 229057.0 nan nan 0.1225 nan nan 44.288 nan nan 
1880000.0 5992.0 229995.0 nan nan 0.1223 nan nan 45.579 nan nan 
1890000.0 6012.0 230986.0 nan nan 0.1222 nan nan 45.968 nan nan 
1900000.0 6032.0 231924.0 nan nan 0.1221 nan nan 47.116 nan nan 
1910000.0 6053.0 232933.0 nan nan 0.122 nan nan 47.278 nan nan 
1920000.0 6069.0 233722.0 nan nan 0.1217 nan nan 46.587 nan nan 
1930000.0 6092.0 234779.0 nan nan 0.1216 nan nan 47.537 nan nan 
1940000.0 6118.0 235927.0 nan nan 0.1216 nan nan 46.2 nan nan 
1950000.0 6139.0 236972.0 nan nan 0.1215 nan nan 47.283 nan nan 
1960000.0 6163.0 237998.0 nan nan 0.1214 nan nan 45.94 nan nan 
1970000.0 6189.0 239129.0 nan nan 0.1214 nan nan 45.116 nan nan 
1980000.0 6213.0 240251.0 nan nan 0.1213 nan nan 45.267 nan nan 
1990000.0 6236.0 241367.0 nan nan 0.1213 nan nan 46.18 nan nan 
2000000.0 6258.0 242412.0 nan nan 0.1212 nan nan 46.464 nan nan 
2010000.0 6279.0 243359.0 nan nan 0.1211 nan nan 46.164 nan nan 
2020000.0 6294.0 244241.0 nan nan 0.1209 nan nan 48.66 nan nan 
2030000.0 6312.0 245158.0 nan nan 0.1208 nan nan 48.683 nan nan 
2040000.0 6339.0 246312.0 nan nan 0.1207 nan nan 47.049 nan nan 
2050000.0 6361.0 247422.0 nan nan 0.1207 nan nan 48.313 nan nan 
2060000.0 6385.0 248557.0 nan nan 0.1207 nan nan 47.968 nan nan 
2070000.0 6410.0 249693.0 nan nan 0.1206 nan nan 46.363 nan nan 
2080000.0 6436.0 250839.0 nan nan 0.1206 nan nan 45.831 nan nan 
2090000.0 6460.0 252027.0 nan nan 0.1206 nan nan 47.073 nan nan 
2100000.0 6483.0 252996.0 nan nan 0.1205 nan nan 45.955 nan nan 
2110000.0 6501.0 253862.0 nan nan 0.1203 nan nan 46.403 nan nan 
2120000.0 6515.0 254595.0 nan nan 0.1201 nan nan 47.792 nan nan 
2130000.0 6536.0 255532.0 nan nan 0.12 nan nan 46.53 nan nan 
2140000.0 6553.0 256368.0 nan nan 0.1198 nan nan 47.977 nan nan 
2150000.0 6570.0 257116.0 nan nan 0.1196 nan nan 46.737 nan nan 
2160000.0 6593.0 258258.0 nan nan 0.1196 nan nan 48.025 nan nan 
2170000.0 6615.0 259374.0 nan nan 0.1195 nan nan 47.001 nan nan 
2180000.0 6637.0 260372.0 nan nan 0.1194 nan nan 47.929 nan nan 
2190000.0 6659.0 261486.0 nan nan 0.1194 nan nan 49.674 nan nan 
2200000.0 6681.0 262603.0 nan nan 0.1194 nan nan 48.287 nan nan 
2210000.0 6705.0 263588.0 nan nan 0.1193 nan nan 47.211 nan nan 
2220000.0 6727.0 264692.0 nan nan 0.1192 nan nan 48.212 nan nan 
2230000.0 6749.0 265726.0 nan nan 0.1192 nan nan 46.348 nan nan 
2240000.0 6777.0 266876.0 nan nan 0.1191 nan nan 44.9 nan nan 
2250000.0 6801.0 268073.0 nan nan 0.1191 nan nan 45.729 nan nan 
2260000.0 6824.0 269037.0 nan nan 0.119 nan nan 45.334 nan nan 
2270000.0 6843.0 270133.0 nan nan 0.119 nan nan 46.682 nan nan 
2280000.0 6862.0 271155.0 nan nan 0.1189 nan nan 50.893 nan nan 
2290000.0 6881.0 272039.0 nan nan 0.1188 nan nan 49.322 nan nan 
2300000.0 6903.0 273086.0 nan nan 0.1187 nan nan 47.982 nan nan 
2310000.0 6921.0 274181.0 nan nan 0.1187 nan nan 50.724 nan nan 
2320000.0 6939.0 275005.0 nan nan 0.1185 nan nan 51.014 nan nan 
2330000.0 6960.0 275987.0 nan nan 0.1184 nan nan 48.13 nan nan 
2340000.0 6981.0 276909.0 nan nan 0.1183 nan nan 47.353 nan nan 
2350000.0 7006.0 278124.0 nan nan 0.1184 nan nan 48.212 nan nan 
2360000.0 7023.0 279023.0 nan nan 0.1182 nan nan 48.436 nan nan 
2370000.0 7043.0 279982.0 nan nan 0.1181 nan nan 49.174 nan nan 
2380000.0 7058.0 280702.0 nan nan 0.1179 nan nan 48.94 nan nan 
2390000.0 7083.0 281809.0 nan nan 0.1179 nan nan 46.163 nan nan 
2400000.0 7110.0 283038.0 nan nan 0.1179 nan nan 45.483 nan nan 
2410000.0 7133.0 284045.0 nan nan 0.1179 nan nan 45.838 nan nan 
2420000.0 7148.0 285058.0 nan nan 0.1178 nan nan 51.242 nan nan 
2430000.0 7167.0 286074.0 nan nan 0.1177 nan nan 49.983 nan nan 
2440000.0 7186.0 287000.0 nan nan 0.1176 nan nan 50.334 nan nan 
2450000.0 7209.0 287985.0 nan nan 0.1175 nan nan 47.56 nan nan 
2460000.0 7232.0 289058.0 nan nan 0.1175 nan nan 48.214 nan nan 
2470000.0 7256.0 290183.0 nan nan 0.1175 nan nan 47.963 nan nan 
2480000.0 7275.0 291237.0 nan nan 0.1174 nan nan 48.867 nan nan 
2490000.0 7299.0 292366.0 nan nan 0.1174 nan nan 47.635 nan nan 
2500000.0 7320.0 293314.0 nan nan 0.1173 nan nan 47.665 nan nan 
2510000.0 7337.0 294142.0 nan nan 0.1172 nan nan 48.758 nan nan 
2520000.0 7354.0 295104.0 nan nan 0.1171 nan nan 48.893 nan nan 
2530000.0 7375.0 296018.0 nan nan 0.117 nan nan 47.596 nan nan 
2540000.0 7401.0 297206.0 nan nan 0.117 nan nan 46.026 nan nan 
2550000.0 7425.0 298172.0 nan nan 0.1169 nan nan 44.424 nan nan 
2560000.0 7444.0 299160.0 nan nan 0.1169 nan nan 46.715 nan nan 
2570000.0 7464.0 300164.0 nan nan 0.1168 nan nan 47.756 nan nan 
2580000.0 7485.0 301257.0 nan nan 0.1168 nan nan 47.114 nan nan 
2590000.0 7509.0 302211.0 nan nan 0.1167 nan nan 46.412 nan nan 
2600000.0 7528.0 303141.0 nan nan 0.1166 nan nan 47.097 nan nan 
2610000.0 7545.0 303885.0 nan nan 0.1164 nan nan 46.199 nan nan 
2620000.0 7563.0 304769.0 nan nan 0.1163 nan nan 47.113 nan nan 
2630000.0 7584.0 305885.0 nan nan 0.1163 nan nan 47.32 nan nan 
2640000.0 7603.0 306798.0 nan nan 0.1162 nan nan 47.938 nan nan 
2650000.0 7614.0 307446.0 nan nan 0.116 nan nan 48.859 nan nan 
2660000.0 7626.0 308185.0 nan nan 0.1159 nan nan 53.76 nan nan 
2670000.0 7647.0 309258.0 nan nan 0.1158 nan nan 50.381 nan nan 
2680000.0 7666.0 310050.0 nan nan 0.1157 nan nan 49.507 nan nan 
2690000.0 7679.0 310723.0 nan nan 0.1155 nan nan 50.227 nan nan 
2700000.0 7700.0 311687.0 nan nan 0.1154 nan nan 48.833 nan nan 
2710000.0 7715.0 312419.0 nan nan 0.1153 nan nan 48.99 nan nan 
2720000.0 7730.0 313185.0 nan nan 0.1151 nan nan 48.841 nan nan 
2730000.0 7744.0 313937.0 nan nan 0.115 nan nan 48.446 nan nan 
2740000.0 7767.0 314978.0 nan nan 0.115 nan nan 47.177 nan nan 
2750000.0 7784.0 315731.0 nan nan 0.1148 nan nan 48.437 nan nan 
2760000.0 7803.0 316594.0 nan nan 0.1147 nan nan 47.436 nan nan 
2770000.0 7824.0 317610.0 nan nan 0.1147 nan nan 47.536 nan nan 
2780000.0 7846.0 318665.0 nan nan 0.1146 nan nan 46.881 nan nan 
2790000.0 7864.0 319577.0 nan nan 0.1145 nan nan 48.766 nan nan 
2800000.0 7884.0 320510.0 nan nan 0.1145 nan nan 46.072 nan nan 
2810000.0 7903.0 321433.0 nan nan 0.1144 nan nan 48.961 nan nan 
2820000.0 7924.0 322387.0 nan nan 0.1143 nan nan 48.048 nan nan 
2830000.0 7942.0 323220.0 nan nan 0.1142 nan nan 46.889 nan nan 
2840000.0 7961.0 324149.0 nan nan 0.1141 nan nan 47.282 nan nan 
2850000.0 7980.0 325169.0 nan nan 0.1141 nan nan 47.374 nan nan 
2860000.0 8001.0 326076.0 nan nan 0.114 nan nan 46.631 nan nan 
2870000.0 8019.0 326869.0 nan nan 0.1139 nan nan 46.885 nan nan 
2880000.0 8037.0 327681.0 nan nan 0.1138 nan nan 46.476 nan nan 
2890000.0 8055.0 328628.0 nan nan 0.1137 nan nan 45.973 nan nan 
2900000.0 8074.0 329590.0 nan nan 0.1137 nan nan 48.915 nan nan 
2910000.0 8098.0 330764.0 nan nan 0.1137 nan nan 48.855 nan nan 
2920000.0 8115.0 331602.0 nan nan 0.1136 nan nan 49.605 nan nan 
2930000.0 8128.0 332337.0 nan nan 0.1134 nan nan 51.123 nan nan 
2940000.0 8145.0 333089.0 nan nan 0.1133 nan nan 49.285 nan nan 
2950000.0 8164.0 334108.0 nan nan 0.1133 nan nan 49.631 nan nan 
2960000.0 8180.0 334902.0 nan nan 0.1131 nan nan 50.625 nan nan 
2970000.0 8193.0 335615.0 nan nan 0.113 nan nan 49.14 nan nan 
2980000.0 8208.0 336382.0 nan nan 0.1129 nan nan 49.692 nan nan 
2990000.0 8226.0 337291.0 nan nan 0.1128 nan nan 49.242 nan nan 
3000000.0 8248.0 338242.0 nan nan 0.1127 nan nan 48.107 nan nan 
3010000.0 8265.0 339123.0 nan nan 0.1127 nan nan 48.285 nan nan 
3020000.0 8284.0 339996.0 nan nan 0.1126 nan nan 49.035 nan nan 
3030000.0 8308.0 340982.0 nan nan 0.1125 nan nan 46.779 nan nan 
3040000.0 8330.0 341919.0 nan nan 0.1125 nan nan 45.573 nan nan 
3050000.0 8346.0 342732.0 nan nan 0.1124 nan nan 44.614 nan nan 
3060000.0 8369.0 343724.0 nan nan 0.1123 nan nan 46.085 nan nan 
3070000.0 8387.0 344718.0 nan nan 0.1123 nan nan 48.633 nan nan 
3080000.0 8409.0 345791.0 nan nan 0.1123 nan nan 48.835 nan nan 
3090000.0 8424.0 346714.0 nan nan 0.1122 nan nan 49.865 nan nan 
3100000.0 8442.0 347655.0 nan nan 0.1121 nan nan 51.553 nan nan 
3110000.0 8465.0 348708.0 nan nan 0.1121 nan nan 50.565 nan nan 
3120000.0 8486.0 349765.0 nan nan 0.1121 nan nan 48.408 nan nan 
3130000.0 8508.0 350748.0 nan nan 0.1121 nan nan 47.861 nan nan 
3140000.0 8530.0 351834.0 nan nan 0.112 nan nan 48.652 nan nan 
3150000.0 8547.0 352634.0 nan nan 0.1119 nan nan 48.085 nan nan 
3160000.0 8568.0 353659.0 nan nan 0.1119 nan nan 47.565 nan nan 
3170000.0 8586.0 354474.0 nan nan 0.1118 nan nan 47.909 nan nan 
3180000.0 8606.0 355603.0 nan nan 0.1118 nan nan 48.904 nan nan 
3190000.0 8625.0 356482.0 nan nan 0.1117 nan nan 49.773 nan nan 
3200000.0 8645.0 357508.0 nan nan 0.1117 nan nan 50.246 nan nan 
3210000.0 8667.0 358582.0 nan nan 0.1117 nan nan 47.336 nan nan 
3220000.0 8683.0 359383.0 nan nan 0.1116 nan nan 48.767 nan nan 
3230000.0 8698.0 360129.0 nan nan 0.1115 nan nan 50.487 nan nan 
3240000.0 8710.0 360726.0 nan nan 0.1113 nan nan 50.961 nan nan 
3250000.0 8728.0 361752.0 nan nan 0.1113 nan nan 52.615 nan nan 
3260000.0 8751.0 362854.0 nan nan 0.1113 nan nan 49.148 nan nan 
3270000.0 8773.0 363969.0 nan nan 0.1113 nan nan 51.546 nan nan 
3280000.0 8788.0 364748.0 nan nan 0.1112 nan nan 51.88 nan nan 
3290000.0 8808.0 365735.0 nan nan 0.1112 nan nan 51.517 nan nan 
3300000.0 8825.0 366609.0 nan nan 0.1111 nan nan 51.461 nan nan 
3310000.0 8842.0 367464.0 nan nan 0.111 nan nan 49.883 nan nan 
3320000.0 8859.0 368339.0 nan nan 0.1109 nan nan 51.885 nan nan 
3330000.0 8871.0 369074.0 nan nan 0.1108 nan nan 51.054 nan nan 
3340000.0 8890.0 369962.0 nan nan 0.1108 nan nan 52.152 nan nan 
3350000.0 8906.0 370724.0 nan nan 0.1107 nan nan 51.063 nan nan 
3360000.0 8926.0 371635.0 nan nan 0.1106 nan nan 48.798 nan nan 
3370000.0 8941.0 372509.0 nan nan 0.1105 nan nan 50.767 nan nan 
3380000.0 8958.0 373449.0 nan nan 0.1105 nan nan 51.031 nan nan 
3390000.0 8977.0 374336.0 nan nan 0.1104 nan nan 49.788 nan nan 
3400000.0 8997.0 375248.0 nan nan 0.1104 nan nan 49.107 nan nan 
3410000.0 9015.0 376175.0 nan nan 0.1103 nan nan 48.532 nan nan 
3420000.0 9037.0 377177.0 nan nan 0.1103 nan nan 49.427 nan nan 
3430000.0 9054.0 378108.0 nan nan 0.1102 nan nan 49.85 nan nan 
3440000.0 9073.0 379030.0 nan nan 0.1102 nan nan 50.486 nan nan 
3450000.0 9094.0 380050.0 nan nan 0.1102 nan nan 50.472 nan nan 
3460000.0 9112.0 380958.0 nan nan 0.1101 nan nan 49.36 nan nan 
3470000.0 9136.0 382007.0 nan nan 0.1101 nan nan 46.82 nan nan 
3480000.0 9155.0 382975.0 nan nan 0.1101 nan nan 49.423 nan nan 
3490000.0 9171.0 383919.0 nan nan 0.11 nan nan 50.011 nan nan 
3500000.0 9190.0 384913.0 nan nan 0.11 nan nan 52.172 nan nan 
3510000.0 9207.0 385725.0 nan nan 0.1099 nan nan 50.607 nan nan 
3520000.0 9223.0 386713.0 nan nan 0.1099 nan nan 53.822 nan nan 
3530000.0 9236.0 387388.0 nan nan 0.1097 nan nan 54.779 nan nan 
3540000.0 9258.0 388479.0 nan nan 0.1097 nan nan 52.563 nan nan 
3550000.0 9276.0 389545.0 nan nan 0.1097 nan nan 53.073 nan nan 
3560000.0 9293.0 390328.0 nan nan 0.1096 nan nan 52.857 nan nan 
3570000.0 9310.0 391294.0 nan nan 0.1096 nan nan 54.293 nan nan 
3580000.0 9328.0 392295.0 nan nan 0.1096 nan nan 53.949 nan nan 
3590000.0 9343.0 393085.0 nan nan 0.1095 nan nan 53.705 nan nan 
3600000.0 9362.0 393979.0 nan nan 0.1094 nan nan 50.293 nan nan 
3610000.0 9381.0 394875.0 nan nan 0.1094 nan nan 49.335 nan nan 
3620000.0 9400.0 395850.0 nan nan 0.1094 nan nan 50.968 nan nan 
3630000.0 9421.0 396926.0 nan nan 0.1093 nan nan 51.224 nan nan 
3640000.0 9434.0 397743.0 nan nan 0.1093 nan nan 53.797 nan nan 
3650000.0 9455.0 398718.0 nan nan 0.1092 nan nan 51.377 nan nan 
3660000.0 9471.0 399616.0 nan nan 0.1092 nan nan 51.986 nan nan 
3670000.0 9493.0 400720.0 nan nan 0.1092 nan nan 52.009 nan nan 
3680000.0 9516.0 401765.0 nan nan 0.1092 nan nan 48.553 nan nan 
3690000.0 9537.0 402917.0 nan nan 0.1092 nan nan 50.203 nan nan 
3700000.0 9555.0 403879.0 nan nan 0.1092 nan nan 52.264 nan nan 
3710000.0 9573.0 404869.0 nan nan 0.1091 nan nan 52.133 nan nan 
3720000.0 9591.0 405905.0 nan nan 0.1091 nan nan 53.03 nan nan 
3730000.0 9611.0 406776.0 nan nan 0.1091 nan nan 51.779 nan nan 
3740000.0 9629.0 407677.0 nan nan 0.109 nan nan 51.132 nan nan 
3750000.0 9651.0 408663.0 nan nan 0.109 nan nan 48.81 nan nan 
3760000.0 9668.0 409619.0 nan nan 0.1089 nan nan 51.118 nan nan 
3770000.0 9686.0 410488.0 nan nan 0.1089 nan nan 50.29 nan nan 
3780000.0 9708.0 411554.0 nan nan 0.1089 nan nan 48.817 nan nan 
3790000.0 9724.0 412378.0 nan nan 0.1088 nan nan 50.135 nan nan 
3800000.0 9744.0 413359.0 nan nan 0.1088 nan nan 48.339 nan nan 
3810000.0 9759.0 414225.0 nan nan 0.1087 nan nan 50.333 nan nan 
3820000.0 9774.0 414867.0 nan nan 0.1086 nan nan 49.57 nan nan 
3830000.0 9793.0 415878.0 nan nan 0.1086 nan nan 51.075 nan nan 
3840000.0 9811.0 416749.0 nan nan 0.1085 nan nan 50.098 nan nan 
3850000.0 9824.0 417445.0 nan nan 0.1084 nan nan 51.214 nan nan 
3860000.0 9843.0 418443.0 nan nan 0.1084 nan nan 51.284 nan nan 
3870000.0 9866.0 419586.0 nan nan 0.1084 nan nan 49.022 nan nan 
3880000.0 9881.0 420298.0 nan nan 0.1083 nan nan 49.876 nan nan 
3890000.0 9898.0 421346.0 nan nan 0.1083 nan nan 52.617 nan nan 
3900000.0 9914.0 422322.0 nan nan 0.1083 nan nan 55.883 nan nan 
3910000.0 9931.0 423338.0 nan nan 0.1083 nan nan 57.079 nan nan 
3920000.0 9948.0 424352.0 nan nan 0.1083 nan nan 57.672 nan nan 
3930000.0 9966.0 425332.0 nan nan 0.1082 nan nan 54.374 nan nan 
3940000.0 9989.0 426235.0 nan nan 0.1082 nan nan 50.81 nan nan 
3950000.0 10006.0 427052.0 nan nan 0.1081 nan nan 48.598 nan nan 
3960000.0 10022.0 427867.0 nan nan 0.108 nan nan 50.318 nan nan 
3970000.0 10041.0 428955.0 nan nan 0.108 nan nan 52.79 nan nan 
3980000.0 10062.0 430123.0 nan nan 0.1081 nan nan 52.93 nan nan 
3990000.0 10088.0 431306.0 nan nan 0.1081 nan nan 49.899 nan nan 
4000000.0 10104.0 432168.0 nan nan 0.108 nan nan 51.473 nan nan 
4010000.0 10126.0 433215.0 nan nan 0.108 nan nan 49.827 nan nan 
4020000.0 10148.0 434254.0 nan nan 0.108 nan nan 49.353 nan nan 
4030000.0 10168.0 435283.0 nan nan 0.108 nan nan 50.246 nan nan 
4040000.0 10188.0 436218.0 nan nan 0.108 nan nan 48.405 nan nan 
4050000.0 10207.0 437266.0 nan nan 0.108 nan nan 51.919 nan nan 
4060000.0 10227.0 438144.0 nan nan 0.1079 nan nan 49.321 nan nan 
4070000.0 10241.0 438892.0 nan nan 0.1078 nan nan 50.208 nan nan 
4080000.0 10257.0 439894.0 nan nan 0.1078 nan nan 51.837 nan nan 
4090000.0 10276.0 440783.0 nan nan 0.1078 nan nan 52.296 nan nan 
4100000.0 10294.0 441733.0 nan nan 0.1077 nan nan 52.684 nan nan 
4110000.0 10311.0 442675.0 nan nan 0.1077 nan nan 51.54 nan nan 
4120000.0 10330.0 443637.0 nan nan 0.1077 nan nan 52.815 nan nan 
4130000.0 10349.0 444544.0 nan nan 0.1076 nan nan 51.818 nan nan 
4140000.0 10374.0 445612.0 nan nan 0.1076 nan nan 48.077 nan nan 
4150000.0 10391.0 446505.0 nan nan 0.1076 nan nan 49.364 nan nan 
4160000.0 10408.0 447461.0 nan nan 0.1076 nan nan 51.444 nan nan 
4170000.0 10420.0 447991.0 nan nan 0.1074 nan nan 49.79 nan nan 
4180000.0 10439.0 448984.0 nan nan 0.1074 nan nan 50.192 nan nan 
4190000.0 10455.0 449843.0 nan nan 0.1074 nan nan 50.786 nan nan 
4200000.0 10475.0 450901.0 nan nan 0.1074 nan nan 51.637 nan nan 
4210000.0 10493.0 451982.0 nan nan 0.1074 nan nan 54.294 nan nan 
4220000.0 10512.0 452956.0 nan nan 0.1073 nan nan 51.586 nan nan 
4230000.0 10536.0 454068.0 nan nan 0.1073 nan nan 50.675 nan nan 
4240000.0 10552.0 455091.0 nan nan 0.1073 nan nan 54.094 nan nan 
4250000.0 10569.0 455991.0 nan nan 0.1073 nan nan 51.39 nan nan 
4260000.0 10587.0 456890.0 nan nan 0.1073 nan nan 51.352 nan nan 
4270000.0 10602.0 457757.0 nan nan 0.1072 nan nan 55.232 nan nan 
4280000.0 10619.0 458700.0 nan nan 0.1072 nan nan 55.144 nan nan 
4290000.0 10635.0 459485.0 nan nan 0.1071 nan nan 52.651 nan nan 
4300000.0 10653.0 460452.0 nan nan 0.1071 nan nan 52.822 nan nan 
4310000.0 10670.0 461279.0 nan nan 0.107 nan nan 52.244 nan nan 
4320000.0 10690.0 462306.0 nan nan 0.107 nan nan 51.993 nan nan 
4330000.0 10701.0 463049.0 nan nan 0.1069 nan nan 55.582 nan nan 
4340000.0 10717.0 463938.0 nan nan 0.1069 nan nan 55.391 nan nan 
4350000.0 10738.0 464863.0 nan nan 0.1069 nan nan 51.155 nan nan 
4360000.0 10752.0 465694.0 nan nan 0.1068 nan nan 50.716 nan nan 
4370000.0 10767.0 466590.0 nan nan 0.1068 nan nan 55.199 nan nan 
4380000.0 10786.0 467555.0 nan nan 0.1067 nan nan 53.802 nan nan 
4390000.0 10804.0 468461.0 nan nan 0.1067 nan nan 53.217 nan nan 
4400000.0 10822.0 469353.0 nan nan 0.1067 nan nan 51.743 nan nan 
4410000.0 10841.0 470324.0 nan nan 0.1066 nan nan 51.335 nan nan 
4420000.0 10858.0 471207.0 nan nan 0.1066 nan nan 51.735 nan nan 
4430000.0 10876.0 471973.0 nan nan 0.1065 nan nan 49.033 nan nan 
4440000.0 10897.0 472923.0 nan nan 0.1065 nan nan 47.888 nan nan 
4450000.0 10915.0 473748.0 nan nan 0.1065 nan nan 46.5 nan nan 
4460000.0 10935.0 474755.0 nan nan 0.1064 nan nan 47.92 nan nan 
4470000.0 10953.0 475723.0 nan nan 0.1064 nan nan 48.264 nan nan 
4480000.0 10971.0 476742.0 nan nan 0.1064 nan nan 50.062 nan nan 
4490000.0 10987.0 477631.0 nan nan 0.1064 nan nan 53.462 nan nan 
4500000.0 11008.0 478596.0 nan nan 0.1064 nan nan 50.597 nan nan 
4510000.0 11024.0 479364.0 nan nan 0.1063 nan nan 50.465 nan nan 
4520000.0 11044.0 480360.0 nan nan 0.1063 nan nan 50.164 nan nan 
4530000.0 11063.0 481350.0 nan nan 0.1063 nan nan 49.882 nan nan 
4540000.0 11082.0 482236.0 nan nan 0.1062 nan nan 49.284 nan nan 
4550000.0 11100.0 483146.0 nan nan 0.1062 nan nan 49.002 nan nan 
4560000.0 11119.0 484093.0 nan nan 0.1062 nan nan 49.367 nan nan 
4570000.0 11136.0 484974.0 nan nan 0.1061 nan nan 48.054 nan nan 
4580000.0 11156.0 485946.0 nan nan 0.1061 nan nan 50.004 nan nan 
4590000.0 11169.0 486887.0 nan nan 0.1061 nan nan 54.483 nan nan 
4600000.0 11188.0 487840.0 nan nan 0.1061 nan nan 53.959 nan nan 
4610000.0 11208.0 488749.0 nan nan 0.106 nan nan 51.252 nan nan 
4620000.0 11224.0 489624.0 nan nan 0.106 nan nan 51.141 nan nan 
4630000.0 11248.0 490627.0 nan nan 0.106 nan nan 48.291 nan nan 
4640000.0 11267.0 491600.0 nan nan 0.1059 nan nan 49.145 nan nan 
4650000.0 11292.0 492722.0 nan nan 0.106 nan nan 47.143 nan nan 
4660000.0 11307.0 493490.0 nan nan 0.1059 nan nan 45.841 nan nan 
4670000.0 11325.0 494457.0 nan nan 0.1059 nan nan 48.864 nan nan 
4680000.0 11344.0 495376.0 nan nan 0.1058 nan nan 49.988 nan nan 
4690000.0 11364.0 496291.0 nan nan 0.1058 nan nan 48.456 nan nan 
4700000.0 11382.0 497194.0 nan nan 0.1058 nan nan 48.124 nan nan 
4710000.0 11399.0 498103.0 nan nan 0.1058 nan nan 49.977 nan nan 
4720000.0 11420.0 499123.0 nan nan 0.1057 nan nan 48.915 nan nan 
4730000.0 11437.0 500100.0 nan nan 0.1057 nan nan 50.981 nan nan 
4740000.0 11451.0 500886.0 nan nan 0.1057 nan nan 52.629 nan nan 
4750000.0 11460.0 501764.0 nan nan 0.1056 nan nan 60.767 nan nan 
4760000.0 11476.0 502639.0 nan nan 0.1056 nan nan 57.777 nan nan 
4770000.0 11495.0 503410.0 nan nan 0.1055 nan nan 53.483 nan nan 
4780000.0 11517.0 504384.0 nan nan 0.1055 nan nan 49.869 nan nan 
4790000.0 11534.0 505310.0 nan nan 0.1055 nan nan 51.455 nan nan 
4800000.0 11554.0 506284.0 nan nan 0.1055 nan nan 49.682 nan nan 
4810000.0 11567.0 507080.0 nan nan 0.1054 nan nan 52.341 nan nan 
4820000.0 11581.0 507794.0 nan nan 0.1054 nan nan 52.839 nan nan 
4830000.0 11595.0 508597.0 nan nan 0.1053 nan nan 53.06 nan nan 
4840000.0 11614.0 509571.0 nan nan 0.1053 nan nan 53.288 nan nan 
4850000.0 11640.0 510602.0 nan nan 0.1053 nan nan 45.798 nan nan 
4860000.0 11655.0 511456.0 nan nan 0.1052 nan nan 48.05 nan nan 
4870000.0 11679.0 512451.0 nan nan 0.1052 nan nan 47.54 nan nan 
4880000.0 11702.0 513595.0 nan nan 0.1052 nan nan 48.167 nan nan 
4890000.0 11723.0 514707.0 nan nan 0.1053 nan nan 49.024 nan nan 
4900000.0 11742.0 515819.0 nan nan 0.1053 nan nan 50.43 nan nan 
4910000.0 11762.0 516713.0 nan nan 0.1052 nan nan 50.543 nan nan 
4920000.0 11782.0 517715.0 nan nan 0.1052 nan nan 50.365 nan nan 
4930000.0 11803.0 518755.0 nan nan 0.1052 nan nan 50.22 nan nan 
4940000.0 11821.0 519680.0 nan nan 0.1052 nan nan 50.607 nan nan 
4950000.0 11841.0 520776.0 nan nan 0.1052 nan nan 50.309 nan nan 
4960000.0 11859.0 521668.0 nan nan 0.1052 nan nan 50.705 nan nan 
4970000.0 11878.0 522614.0 nan nan 0.1052 nan nan 51.629 nan nan 
4980000.0 11891.0 523423.0 nan nan 0.1051 nan nan 53.603 nan nan 
4990000.0 11907.0 524364.0 nan nan 0.1051 nan nan 55.326 nan nan 
5000000.0 11919.0 525280.0 nan nan 0.1051 nan nan 57.152 nan nan 
5010000.0 11935.0 525988.0 nan nan 0.105 nan nan 55.858 nan nan 
5020000.0 11952.0 526815.0 nan nan 0.1049 nan nan 52.542 nan nan 
5030000.0 11966.0 527605.0 nan nan 0.1049 nan nan 55.407 nan nan 
5040000.0 11981.0 528321.0 nan nan 0.1048 nan nan 53.2 nan nan 
5050000.0 11998.0 529200.0 nan nan 0.1048 nan nan 51.782 nan nan 
5060000.0 12013.0 529948.0 nan nan 0.1047 nan nan 52.574 nan nan 
5070000.0 12032.0 530903.0 nan nan 0.1047 nan nan 52.133 nan nan 
5080000.0 12048.0 531803.0 nan nan 0.1047 nan nan 51.512 nan nan 
5090000.0 12061.0 532440.0 nan nan 0.1046 nan nan 52.942 nan nan 
5100000.0 12076.0 533188.0 nan nan 0.1045 nan nan 50.486 nan nan 
5110000.0 12098.0 534153.0 nan nan 0.1045 nan nan 49.41 nan nan 
5120000.0 12112.0 535055.0 nan nan 0.1045 nan nan 50.948 nan nan 
5130000.0 12131.0 535941.0 nan nan 0.1045 nan nan 51.946 nan nan 
5140000.0 12148.0 536757.0 nan nan 0.1044 nan nan 50.573 nan nan 
5150000.0 12163.0 537748.0 nan nan 0.1044 nan nan 54.854 nan nan 
5160000.0 12180.0 538748.0 nan nan 0.1044 nan nan 55.009 nan nan 
5170000.0 12196.0 539610.0 nan nan 0.1044 nan nan 55.729 nan nan 
5180000.0 12211.0 540621.0 nan nan 0.1044 nan nan 59.278 nan nan 
5190000.0 12229.0 541593.0 nan nan 0.1044 nan nan 57.36 nan nan 
5200000.0 12248.0 542576.0 nan nan 0.1043 nan nan 56.14 nan nan 
5210000.0 12268.0 543603.0 nan nan 0.1043 nan nan 54.571 nan nan 
5220000.0 12286.0 544497.0 nan nan 0.1043 nan nan 53.066 nan nan 
5230000.0 12305.0 545508.0 nan nan 0.1043 nan nan 51.033 nan nan 
5240000.0 12318.0 546434.0 nan nan 0.1043 nan nan 55.311 nan nan 
5250000.0 12331.0 547035.0 nan nan 0.1042 nan nan 54.616 nan nan 
5260000.0 12349.0 547906.0 nan nan 0.1042 nan nan 51.588 nan nan 
5270000.0 12371.0 548858.0 nan nan 0.1041 nan nan 49.206 nan nan 
5280000.0 12395.0 549957.0 nan nan 0.1042 nan nan 48.035 nan nan 
5290000.0 12415.0 550953.0 nan nan 0.1041 nan nan 47.888 nan nan 
5300000.0 12426.0 551715.0 nan nan 0.1041 nan nan 51.069 nan nan 
5310000.0 12443.0 552400.0 nan nan 0.104 nan nan 49.448 nan nan 
5320000.0 12462.0 553307.0 nan nan 0.104 nan nan 48.35 nan nan 
5330000.0 12478.0 554135.0 nan nan 0.104 nan nan 49.686 nan nan 
5340000.0 12497.0 554935.0 nan nan 0.1039 nan nan 48.15 nan nan 
5350000.0 12515.0 555955.0 nan nan 0.1039 nan nan 50.568 nan nan 
5360000.0 12533.0 556849.0 nan nan 0.1039 nan nan 50.294 nan nan 
5370000.0 12550.0 557952.0 nan nan 0.1039 nan nan 54.891 nan nan 
5380000.0 12565.0 558820.0 nan nan 0.1039 nan nan 55.819 nan nan 
5390000.0 12588.0 559834.0 nan nan 0.1039 nan nan 51.368 nan nan 
5400000.0 12604.0 560672.0 nan nan 0.1038 nan nan 51.921 nan nan 
5410000.0 12619.0 561503.0 nan nan 0.1038 nan nan 52.885 nan nan 
5420000.0 12630.0 562130.0 nan nan 0.1037 nan nan 53.123 nan nan 
5430000.0 12648.0 563064.0 nan nan 0.1037 nan nan 51.291 nan nan 
5440000.0 12661.0 563666.0 nan nan 0.1036 nan nan 51.655 nan nan 
5450000.0 12682.0 564553.0 nan nan 0.1036 nan nan 48.1 nan nan 
5460000.0 12705.0 565529.0 nan nan 0.1036 nan nan 46.414 nan nan 
5470000.0 12720.0 566416.0 nan nan 0.1035 nan nan 47.382 nan nan 
5480000.0 12738.0 567257.0 nan nan 0.1035 nan nan 47.777 nan nan 
5490000.0 12759.0 568151.0 nan nan 0.1035 nan nan 46.735 nan nan 
5500000.0 12776.0 569215.0 nan nan 0.1035 nan nan 50.329 nan nan 
5510000.0 12789.0 570170.0 nan nan 0.1035 nan nan 55.86 nan nan 
5520000.0 12812.0 571270.0 nan nan 0.1035 nan nan 53.544 nan nan 
5530000.0 12829.0 572121.0 nan nan 0.1035 nan nan 52.687 nan nan 
5540000.0 12850.0 573095.0 nan nan 0.1034 nan nan 50.096 nan nan 
5550000.0 12867.0 574154.0 nan nan 0.1035 nan nan 52.65 nan nan 
5560000.0 12887.0 575029.0 nan nan 0.1034 nan nan 51.627 nan nan 
5570000.0 12900.0 575813.0 nan nan 0.1034 nan nan 52.005 nan nan 
5580000.0 12915.0 576605.0 nan nan 0.1033 nan nan 51.072 nan nan 
5590000.0 12933.0 577569.0 nan nan 0.1033 nan nan 51.752 nan nan 
5600000.0 12947.0 578198.0 nan nan 0.1032 nan nan 52.197 nan nan 
5610000.0 12963.0 579155.0 nan nan 0.1032 nan nan 52.438 nan nan 
5620000.0 12980.0 579974.0 nan nan 0.1032 nan nan 52.558 nan nan 
5630000.0 13000.0 581099.0 nan nan 0.1032 nan nan 54.164 nan nan 
5640000.0 13017.0 581845.0 nan nan 0.1032 nan nan 50.928 nan nan 
5650000.0 13028.0 582575.0 nan nan 0.1031 nan nan 54.119 nan nan 
5660000.0 13041.0 583421.0 nan nan 0.1031 nan nan 54.116 nan nan 
5670000.0 13056.0 584098.0 nan nan 0.103 nan nan 52.678 nan nan 
5680000.0 13073.0 584914.0 nan nan 0.103 nan nan 52.307 nan nan 
5690000.0 13089.0 585916.0 nan nan 0.103 nan nan 52.313 nan nan 
5700000.0 13103.0 586520.0 nan nan 0.1029 nan nan 52.565 nan nan 
5710000.0 13114.0 587236.0 nan nan 0.1028 nan nan 53.253 nan nan 
5720000.0 13134.0 588268.0 nan nan 0.1028 nan nan 52.974 nan nan 
5730000.0 13152.0 589113.0 nan nan 0.1028 nan nan 51.587 nan nan 
5740000.0 13171.0 590077.0 nan nan 0.1028 nan nan 50.367 nan nan 
5750000.0 13192.0 591043.0 nan nan 0.1028 nan nan 49.78 nan nan 
5760000.0 13204.0 591848.0 nan nan 0.1028 nan nan 52.731 nan nan 
5770000.0 13222.0 592734.0 nan nan 0.1027 nan nan 52.65 nan nan 
5780000.0 13238.0 593477.0 nan nan 0.1027 nan nan 51.134 nan nan 
5790000.0 13254.0 594393.0 nan nan 0.1027 nan nan 52.597 nan nan 
5800000.0 13272.0 595247.0 nan nan 0.1026 nan nan 51.432 nan nan 
5810000.0 13284.0 596086.0 nan nan 0.1026 nan nan 52.848 nan nan 
5820000.0 13301.0 596848.0 nan nan 0.1026 nan nan 52.442 nan nan 
5830000.0 13317.0 597785.0 nan nan 0.1025 nan nan 52.345 nan nan 
5840000.0 13334.0 598664.0 nan nan 0.1025 nan nan 52.674 nan nan 
5850000.0 13352.0 599548.0 nan nan 0.1025 nan nan 52.753 nan nan 
5860000.0 13370.0 600447.0 nan nan 0.1025 nan nan 51.502 nan nan 
5870000.0 13385.0 601196.0 nan nan 0.1024 nan nan 51.62 nan nan 
5880000.0 13400.0 602005.0 nan nan 0.1024 nan nan 52.05 nan nan 
5890000.0 13415.0 602739.0 nan nan 0.1023 nan nan 51.275 nan nan 
5900000.0 13426.0 603304.0 nan nan 0.1023 nan nan 50.934 nan nan 
5910000.0 13437.0 604215.0 nan nan 0.1022 nan nan 55.231 nan nan 
5920000.0 13452.0 604962.0 nan nan 0.1022 nan nan 53.341 nan nan 
5930000.0 13473.0 605831.0 nan nan 0.1022 nan nan 51.287 nan nan 
5940000.0 13495.0 606919.0 nan nan 0.1022 nan nan 49.596 nan nan 
5950000.0 13512.0 607734.0 nan nan 0.1021 nan nan 49.549 nan nan 
5960000.0 13530.0 608759.0 nan nan 0.1021 nan nan 49.692 nan nan 
5970000.0 13550.0 609727.0 nan nan 0.1021 nan nan 51.421 nan nan 
5980000.0 13572.0 610719.0 nan nan 0.1021 nan nan 48.075 nan nan 
5990000.0 13593.0 611696.0 nan nan 0.1021 nan nan 47.518 nan nan 
6000000.0 13610.0 612661.0 nan nan 0.1021 nan nan 50.802 nan nan 
