10000.0 60.0 532.0 nan nan 0.0532 nan nan 6.033 nan nan 
20000.0 116.0 1035.0 nan nan 0.0518 nan nan 7.843 nan nan 
30000.0 171.0 1494.0 nan nan 0.0498 nan nan 8.213 nan nan 
40000.0 229.0 2081.0 nan nan 0.052 nan nan 9.431 nan nan 
50000.0 281.0 2618.0 nan nan 0.0524 nan nan 9.818 nan nan 
60000.0 335.0 3158.0 nan nan 0.0526 nan nan 10.35 nan nan 
70000.0 383.0 3846.0 nan nan 0.0549 nan nan 12.558 nan nan 
80000.0 432.0 4505.0 nan nan 0.0563 nan nan 12.66 nan nan 
90000.0 481.0 5244.0 nan nan 0.0583 nan nan 14.561 nan nan 
100000.0 527.0 6121.0 nan nan 0.0612 nan nan 18.074 nan nan 
110000.0 565.0 7073.0 nan nan 0.0643 nan nan 21.959 nan nan 
120000.0 603.0 8129.0 nan nan 0.0677 nan nan 24.59 nan nan 
130000.0 642.0 9096.0 nan nan 0.07 nan nan 24.97 nan nan 
140000.0 681.0 10173.0 nan nan 0.0727 nan nan 26.8 nan nan 
150000.0 719.0 11214.0 nan nan 0.0748 nan nan 27.271 nan nan 
160000.0 755.0 12310.0 nan nan 0.0769 nan nan 29.353 nan nan 
170000.0 794.0 13486.0 nan nan 0.0793 nan nan 30.005 nan nan 
180000.0 831.0 14677.0 nan nan 0.0815 nan nan 31.163 nan nan 
190000.0 868.0 16002.0 nan nan 0.0842 nan nan 34.258 nan nan 
200000.0 905.0 17340.0 nan nan 0.0867 nan nan 35.532 nan nan 
210000.0 944.0 18673.0 nan nan 0.0889 nan nan 34.947 nan nan 
220000.0 982.0 19963.0 nan nan 0.0907 nan nan 34.522 nan nan 
230000.0 1014.0 21313.0 nan nan 0.0927 nan nan 37.252 nan nan 
240000.0 1049.0 22674.0 nan nan 0.0945 nan nan 37.714 nan nan 
250000.0 1083.0 24026.0 nan nan 0.0961 nan nan 38.735 nan nan 
260000.0 1117.0 25389.0 nan nan 0.0976 nan nan 38.619 nan nan 
270000.0 1153.0 26743.0 nan nan 0.099 nan nan 38.424 nan nan 
280000.0 1192.0 28147.0 nan nan 0.1005 nan nan 36.205 nan nan 
290000.0 1225.0 29465.0 nan nan 0.1016 nan nan 38.623 nan nan 
300000.0 1261.0 30813.0 nan nan 0.1027 nan nan 38.366 nan nan 
310000.0 1297.0 32218.0 nan nan 0.1039 nan nan 38.287 nan nan 
320000.0 1331.0 33593.0 nan nan 0.105 nan nan 39.751 nan nan 
330000.0 1367.0 34997.0 nan nan 0.1061 nan nan 39.211 nan nan 
340000.0 1401.0 36372.0 nan nan 0.107 nan nan 40.027 nan nan 
350000.0 1435.0 37742.0 nan nan 0.1078 nan nan 40.248 nan nan 
360000.0 1470.0 39054.0 nan nan 0.1085 nan nan 38.827 nan nan 
370000.0 1505.0 40449.0 nan nan 0.1093 nan nan 37.9 nan nan 
380000.0 1541.0 41835.0 nan nan 0.1101 nan nan 38.596 nan nan 
390000.0 1581.0 43232.0 nan nan 0.1109 nan nan 35.936 nan nan 
400000.0 1621.0 44691.0 nan nan 0.1117 nan nan 35.538 nan nan 
410000.0 1659.0 46079.0 nan nan 0.1124 nan nan 36.51 nan nan 
420000.0 1697.0 47436.0 nan nan 0.1129 nan nan 36.048 nan nan 
430000.0 1735.0 48810.0 nan nan 0.1135 nan nan 35.09 nan nan 
440000.0 1773.0 50163.0 nan nan 0.114 nan nan 35.747 nan nan 
450000.0 1805.0 51539.0 nan nan 0.1145 nan nan 39.166 nan nan 
460000.0 1842.0 52925.0 nan nan 0.1151 nan nan 37.449 nan nan 
470000.0 1881.0 54250.0 nan nan 0.1154 nan nan 35.717 nan nan 
480000.0 1915.0 55643.0 nan nan 0.1159 nan nan 38.723 nan nan 
490000.0 1950.0 57048.0 nan nan 0.1164 nan nan 38.475 nan nan 
500000.0 1987.0 58443.0 nan nan 0.1169 nan nan 38.019 nan nan 
510000.0 2023.0 59803.0 nan nan 0.1173 nan nan 38.117 nan nan 
520000.0 2057.0 61165.0 nan nan 0.1176 nan nan 39.397 nan nan 
530000.0 2090.0 62589.0 nan nan 0.1181 nan nan 39.768 nan nan 
540000.0 2122.0 63957.0 nan nan 0.1184 nan nan 42.059 nan nan 
550000.0 2158.0 65410.0 nan nan 0.1189 nan nan 40.994 nan nan 
560000.0 2190.0 66733.0 nan nan 0.1192 nan nan 41.012 nan nan 
570000.0 2221.0 68078.0 nan nan 0.1194 nan nan 41.602 nan nan 
580000.0 2254.0 69454.0 nan nan 0.1197 nan nan 42.386 nan nan 
590000.0 2284.0 70695.0 nan nan 0.1198 nan nan 42.244 nan nan 
600000.0 2313.0 71937.0 nan nan 0.1199 nan nan 42.917 nan nan 
610000.0 2340.0 73291.0 nan nan 0.1201 nan nan 44.441 nan nan 
620000.0 2370.0 74631.0 nan nan 0.1204 nan nan 44.353 nan nan 
630000.0 2406.0 75969.0 nan nan 0.1206 nan nan 41.707 nan nan 
640000.0 2437.0 77381.0 nan nan 0.1209 nan nan 43.323 nan nan 
650000.0 2466.0 78741.0 nan nan 0.1211 nan nan 42.872 nan nan 
660000.0 2497.0 80090.0 nan nan 0.1213 nan nan 45.004 nan nan 
670000.0 2532.0 81468.0 nan nan 0.1216 nan nan 41.866 nan nan 
680000.0 2564.0 82804.0 nan nan 0.1218 nan nan 41.692 nan nan 
690000.0 2600.0 84182.0 nan nan 0.122 nan nan 40.085 nan nan 
700000.0 2634.0 85494.0 nan nan 0.1221 nan nan 38.212 nan nan 
710000.0 2666.0 86823.0 nan nan 0.1223 nan nan 40.561 nan nan 
720000.0 2698.0 88179.0 nan nan 0.1225 nan nan 41.037 nan nan 
730000.0 2729.0 89552.0 nan nan 0.1227 nan nan 42.727 nan nan 
740000.0 2766.0 91019.0 nan nan 0.123 nan nan 40.009 nan nan 
750000.0 2798.0 92424.0 nan nan 0.1232 nan nan 42.581 nan nan 
760000.0 2830.0 93793.0 nan nan 0.1234 nan nan 43.086 nan nan 
770000.0 2860.0 95158.0 nan nan 0.1236 nan nan 43.662 nan nan 
780000.0 2892.0 96516.0 nan nan 0.1237 nan nan 43.167 nan nan 
790000.0 2924.0 97914.0 nan nan 0.1239 nan nan 42.167 nan nan 
800000.0 2956.0 99334.0 nan nan 0.1242 nan nan 44.135 nan nan 
810000.0 2985.0 100571.0 nan nan 0.1242 nan nan 43.838 nan nan 
820000.0 3012.0 101858.0 nan nan 0.1242 nan nan 45.004 nan nan 
830000.0 3043.0 103254.0 nan nan 0.1244 nan nan 45.321 nan nan 
840000.0 3073.0 104629.0 nan nan 0.1246 nan nan 44.698 nan nan 
850000.0 3104.0 105917.0 nan nan 0.1246 nan nan 43.916 nan nan 
860000.0 3135.0 107342.0 nan nan 0.1248 nan nan 43.085 nan nan 
870000.0 3161.0 108452.0 nan nan 0.1247 nan nan 44.622 nan nan 
880000.0 3190.0 109803.0 nan nan 0.1248 nan nan 45.796 nan nan 
890000.0 3223.0 111175.0 nan nan 0.1249 nan nan 43.751 nan nan 
900000.0 3252.0 112495.0 nan nan 0.125 nan nan 43.276 nan nan 
910000.0 3288.0 113946.0 nan nan 0.1252 nan nan 42.956 nan nan 
920000.0 3318.0 115357.0 nan nan 0.1254 nan nan 44.143 nan nan 
930000.0 3349.0 116773.0 nan nan 0.1256 nan nan 44.448 nan nan 
940000.0 3378.0 117974.0 nan nan 0.1255 nan nan 43.789 nan nan 
950000.0 3414.0 119367.0 nan nan 0.1256 nan nan 39.686 nan nan 
960000.0 3444.0 120725.0 nan nan 0.1258 nan nan 42.145 nan nan 
970000.0 3473.0 121969.0 nan nan 0.1257 nan nan 43.431 nan nan 
980000.0 3500.0 123223.0 nan nan 0.1257 nan nan 44.682 nan nan 
990000.0 3530.0 124552.0 nan nan 0.1258 nan nan 44.55 nan nan 
1000000.0 3564.0 126025.0 nan nan 0.126 nan nan 43.072 nan nan 
1010000.0 3592.0 127344.0 nan nan 0.1261 nan nan 44.654 nan nan 
1020000.0 3621.0 128725.0 nan nan 0.1262 nan nan 44.282 nan nan 
1030000.0 3649.0 129920.0 nan nan 0.1261 nan nan 46.147 nan nan 
1040000.0 3678.0 131182.0 nan nan 0.1261 nan nan 44.962 nan nan 
1050000.0 3706.0 132532.0 nan nan 0.1262 nan nan 46.593 nan nan 
1060000.0 3736.0 133796.0 nan nan 0.1262 nan nan 44.788 nan nan 
1070000.0 3768.0 135233.0 nan nan 0.1264 nan nan 43.375 nan nan 
1080000.0 3798.0 136501.0 nan nan 0.1264 nan nan 43.849 nan nan 
1090000.0 3825.0 137739.0 nan nan 0.1264 nan nan 44.708 nan nan 
1100000.0 3854.0 139076.0 nan nan 0.1264 nan nan 44.577 nan nan 
1110000.0 3882.0 140400.0 nan nan 0.1265 nan nan 45.272 nan nan 
1120000.0 3909.0 141656.0 nan nan 0.1265 nan nan 44.354 nan nan 
1130000.0 3937.0 142884.0 nan nan 0.1264 nan nan 45.446 nan nan 
1140000.0 3963.0 144118.0 nan nan 0.1264 nan nan 44.538 nan nan 
1150000.0 3993.0 145456.0 nan nan 0.1265 nan nan 44.555 nan nan 
1160000.0 4023.0 146704.0 nan nan 0.1265 nan nan 44.426 nan nan 
1170000.0 4050.0 147982.0 nan nan 0.1265 nan nan 44.966 nan nan 
1180000.0 4078.0 149233.0 nan nan 0.1265 nan nan 45.032 nan nan 
1190000.0 4110.0 150586.0 nan nan 0.1265 nan nan 43.744 nan nan 
1200000.0 4136.0 151860.0 nan nan 0.1266 nan nan 45.792 nan nan 
1210000.0 4168.0 153166.0 nan nan 0.1266 nan nan 43.267 nan nan 
1220000.0 4198.0 154546.0 nan nan 0.1267 nan nan 43.43 nan nan 
1230000.0 4225.0 155747.0 nan nan 0.1266 nan nan 44.178 nan nan 
1240000.0 4256.0 157064.0 nan nan 0.1267 nan nan 43.621 nan nan 
1250000.0 4290.0 158440.0 nan nan 0.1268 nan nan 42.19 nan nan 
1260000.0 4320.0 159774.0 nan nan 0.1268 nan nan 42.599 nan nan 
1270000.0 4346.0 161020.0 nan nan 0.1268 nan nan 45.243 nan nan 
1280000.0 4374.0 162214.0 nan nan 0.1267 nan nan 44.168 nan nan 
1290000.0 4401.0 163539.0 nan nan 0.1268 nan nan 45.469 nan nan 
1300000.0 4433.0 164943.0 nan nan 0.1269 nan nan 45.026 nan nan 
1310000.0 4462.0 166255.0 nan nan 0.1269 nan nan 44.401 nan nan 
1320000.0 4488.0 167513.0 nan nan 0.1269 nan nan 45.419 nan nan 
1330000.0 4517.0 168770.0 nan nan 0.1269 nan nan 45.411 nan nan 
1340000.0 4545.0 170090.0 nan nan 0.1269 nan nan 44.348 nan nan 
1350000.0 4572.0 171321.0 nan nan 0.1269 nan nan 43.912 nan nan 
1360000.0 4599.0 172504.0 nan nan 0.1268 nan nan 44.975 nan nan 
1370000.0 4628.0 173861.0 nan nan 0.1269 nan nan 46.468 nan nan 
1380000.0 4656.0 175105.0 nan nan 0.1269 nan nan 45.236 nan nan 
1390000.0 4683.0 176381.0 nan nan 0.1269 nan nan 45.72 nan nan 
1400000.0 4712.0 177697.0 nan nan 0.1269 nan nan 45.251 nan nan 
1410000.0 4737.0 178857.0 nan nan 0.1268 nan nan 45.574 nan nan 
1420000.0 4765.0 180223.0 nan nan 0.1269 nan nan 46.502 nan nan 
1430000.0 4798.0 181571.0 nan nan 0.127 nan nan 43.774 nan nan 
1440000.0 4824.0 182759.0 nan nan 0.1269 nan nan 45.181 nan nan 
1450000.0 4850.0 184045.0 nan nan 0.1269 nan nan 44.978 nan nan 
1460000.0 4882.0 185428.0 nan nan 0.127 nan nan 44.379 nan nan 
1470000.0 4912.0 186701.0 nan nan 0.127 nan nan 43.911 nan nan 
1480000.0 4941.0 188121.0 nan nan 0.1271 nan nan 44.507 nan nan 
1490000.0 4971.0 189453.0 nan nan 0.1271 nan nan 44.895 nan nan 
1500000.0 5000.0 190734.0 nan nan 0.1272 nan nan 45.76 nan nan 
1510000.0 5024.0 191879.0 nan nan 0.1271 nan nan 46.525 nan nan 
1520000.0 5052.0 193152.0 nan nan 0.1271 nan nan 45.95 nan nan 
1530000.0 5077.0 194365.0 nan nan 0.127 nan nan 46.695 nan nan 
1540000.0 5108.0 195713.0 nan nan 0.1271 nan nan 43.882 nan nan 
1550000.0 5133.0 196829.0 nan nan 0.127 nan nan 44.781 nan nan 
1560000.0 5161.0 198199.0 nan nan 0.1271 nan nan 46.431 nan nan 
1570000.0 5182.0 199187.0 nan nan 0.1269 nan nan 47.04 nan nan 
1580000.0 5207.0 200337.0 nan nan 0.1268 nan nan 46.96 nan nan 
1590000.0 5231.0 201471.0 nan nan 0.1267 nan nan 47.016 nan nan 
1600000.0 5256.0 202795.0 nan nan 0.1267 nan nan 47.164 nan nan 
1610000.0 5278.0 203806.0 nan nan 0.1266 nan nan 48.964 nan nan 
1620000.0 5307.0 204982.0 nan nan 0.1265 nan nan 44.967 nan nan 
1630000.0 5330.0 206121.0 nan nan 0.1265 nan nan 46.714 nan nan 
1640000.0 5355.0 207382.0 nan nan 0.1265 nan nan 47.289 nan nan 
1650000.0 5382.0 208590.0 nan nan 0.1264 nan nan 46.535 nan nan 
1660000.0 5406.0 209791.0 nan nan 0.1264 nan nan 47.042 nan nan 
1670000.0 5438.0 211177.0 nan nan 0.1265 nan nan 45.903 nan nan 
1680000.0 5459.0 212417.0 nan nan 0.1264 nan nan 50.648 nan nan 
1690000.0 5487.0 213717.0 nan nan 0.1265 nan nan 48.356 nan nan 
1700000.0 5515.0 215061.0 nan nan 0.1265 nan nan 48.805 nan nan 
1710000.0 5539.0 216388.0 nan nan 0.1265 nan nan 51.779 nan nan 
1720000.0 5565.0 217644.0 nan nan 0.1265 nan nan 48.735 nan nan 
1730000.0 5592.0 218955.0 nan nan 0.1266 nan nan 48.525 nan nan 
1740000.0 5619.0 220186.0 nan nan 0.1265 nan nan 47.63 nan nan 
1750000.0 5647.0 221517.0 nan nan 0.1266 nan nan 48.039 nan nan 
1760000.0 5672.0 222709.0 nan nan 0.1265 nan nan 48.163 nan nan 
1770000.0 5699.0 223999.0 nan nan 0.1266 nan nan 47.981 nan nan 
1780000.0 5727.0 225380.0 nan nan 0.1266 nan nan 47.601 nan nan 
1790000.0 5757.0 226661.0 nan nan 0.1266 nan nan 45.799 nan nan 
1800000.0 5786.0 228021.0 nan nan 0.1267 nan nan 46.635 nan nan 
1810000.0 5814.0 229407.0 nan nan 0.1267 nan nan 45.763 nan nan 
1820000.0 5839.0 230578.0 nan nan 0.1267 nan nan 48.378 nan nan 
1830000.0 5865.0 231871.0 nan nan 0.1267 nan nan 47.013 nan nan 
1840000.0 5893.0 233140.0 nan nan 0.1267 nan nan 48.212 nan nan 
1850000.0 5919.0 234392.0 nan nan 0.1267 nan nan 46.876 nan nan 
1860000.0 5943.0 235536.0 nan nan 0.1266 nan nan 47.834 nan nan 
1870000.0 5970.0 236889.0 nan nan 0.1267 nan nan 47.418 nan nan 
1880000.0 5998.0 238144.0 nan nan 0.1267 nan nan 47.723 nan nan 
1890000.0 6029.0 239497.0 nan nan 0.1267 nan nan 46.064 nan nan 
1900000.0 6054.0 240765.0 nan nan 0.1267 nan nan 46.286 nan nan 
1910000.0 6082.0 242140.0 nan nan 0.1268 nan nan 48.837 nan nan 
1920000.0 6110.0 243377.0 nan nan 0.1268 nan nan 47.096 nan nan 
1930000.0 6137.0 244693.0 nan nan 0.1268 nan nan 47.834 nan nan 
1940000.0 6161.0 245868.0 nan nan 0.1267 nan nan 48.441 nan nan 
1950000.0 6191.0 247169.0 nan nan 0.1268 nan nan 46.352 nan nan 
1960000.0 6219.0 248471.0 nan nan 0.1268 nan nan 46.114 nan nan 
1970000.0 6247.0 249838.0 nan nan 0.1268 nan nan 47.634 nan nan 
1980000.0 6273.0 250990.0 nan nan 0.1268 nan nan 46.41 nan nan 
1990000.0 6296.0 252123.0 nan nan 0.1267 nan nan 47.513 nan nan 
2000000.0 6320.0 253284.0 nan nan 0.1266 nan nan 47.807 nan nan 
2010000.0 6343.0 254419.0 nan nan 0.1266 nan nan 48.641 nan nan 
2020000.0 6367.0 255648.0 nan nan 0.1266 nan nan 49.925 nan nan 
2030000.0 6391.0 256930.0 nan nan 0.1266 nan nan 51.642 nan nan 
2040000.0 6418.0 258193.0 nan nan 0.1266 nan nan 49.716 nan nan 
2050000.0 6446.0 259378.0 nan nan 0.1265 nan nan 46.664 nan nan 
2060000.0 6471.0 260535.0 nan nan 0.1265 nan nan 45.772 nan nan 
2070000.0 6498.0 261832.0 nan nan 0.1265 nan nan 45.665 nan nan 
2080000.0 6525.0 262995.0 nan nan 0.1264 nan nan 45.524 nan nan 
2090000.0 6549.0 264222.0 nan nan 0.1264 nan nan 46.291 nan nan 
2100000.0 6580.0 265608.0 nan nan 0.1265 nan nan 46.504 nan nan 
2110000.0 6605.0 266786.0 nan nan 0.1264 nan nan 46.77 nan nan 
2120000.0 6627.0 267854.0 nan nan 0.1263 nan nan 47.085 nan nan 
2130000.0 6659.0 269271.0 nan nan 0.1264 nan nan 45.831 nan nan 
2140000.0 6682.0 270490.0 nan nan 0.1264 nan nan 49.106 nan nan 
2150000.0 6707.0 271599.0 nan nan 0.1263 nan nan 47.541 nan nan 
2160000.0 6732.0 272895.0 nan nan 0.1263 nan nan 47.213 nan nan 
2170000.0 6754.0 273956.0 nan nan 0.1262 nan nan 49.833 nan nan 
2180000.0 6770.0 274709.0 nan nan 0.126 nan nan 49.265 nan nan 
2190000.0 6789.0 275732.0 nan nan 0.1259 nan nan 49.103 nan nan 
2200000.0 6812.0 276776.0 nan nan 0.1258 nan nan 48.881 nan nan 
2210000.0 6838.0 278107.0 nan nan 0.1258 nan nan 49.783 nan nan 
2220000.0 6857.0 279140.0 nan nan 0.1257 nan nan 50.991 nan nan 
2230000.0 6878.0 280189.0 nan nan 0.1256 nan nan 50.952 nan nan 
2240000.0 6899.0 281215.0 nan nan 0.1255 nan nan 50.527 nan nan 
2250000.0 6924.0 282426.0 nan nan 0.1255 nan nan 48.367 nan nan 
2260000.0 6949.0 283531.0 nan nan 0.1255 nan nan 47.16 nan nan 
2270000.0 6974.0 284681.0 nan nan 0.1254 nan nan 47.302 nan nan 
2280000.0 6999.0 285910.0 nan nan 0.1254 nan nan 47.18 nan nan 
2290000.0 7024.0 287117.0 nan nan 0.1254 nan nan 47.872 nan nan 
2300000.0 7046.0 288114.0 nan nan 0.1253 nan nan 47.654 nan nan 
2310000.0 7067.0 289106.0 nan nan 0.1252 nan nan 47.33 nan nan 
2320000.0 7093.0 290221.0 nan nan 0.1251 nan nan 45.391 nan nan 
2330000.0 7118.0 291365.0 nan nan 0.125 nan nan 45.384 nan nan 
2340000.0 7137.0 292460.0 nan nan 0.125 nan nan 47.699 nan nan 
2350000.0 7161.0 293642.0 nan nan 0.125 nan nan 48.04 nan nan 
2360000.0 7188.0 294842.0 nan nan 0.1249 nan nan 47.929 nan nan 
2370000.0 7212.0 296047.0 nan nan 0.1249 nan nan 47.469 nan nan 
2380000.0 7237.0 297252.0 nan nan 0.1249 nan nan 48.968 nan nan 
2390000.0 7262.0 298392.0 nan nan 0.1249 nan nan 47.972 nan nan 
2400000.0 7288.0 299682.0 nan nan 0.1249 nan nan 47.461 nan nan 
2410000.0 7312.0 300894.0 nan nan 0.1249 nan nan 49.382 nan nan 
2420000.0 7341.0 302230.0 nan nan 0.1249 nan nan 47.065 nan nan 
2430000.0 7362.0 303446.0 nan nan 0.1249 nan nan 50.505 nan nan 
2440000.0 7387.0 304660.0 nan nan 0.1249 nan nan 51.432 nan nan 
2450000.0 7412.0 305814.0 nan nan 0.1248 nan nan 49.047 nan nan 
2460000.0 7437.0 307136.0 nan nan 0.1249 nan nan 50.095 nan nan 
2470000.0 7461.0 308368.0 nan nan 0.1248 nan nan 49.946 nan nan 
2480000.0 7480.0 309322.0 nan nan 0.1247 nan nan 50.834 nan nan 
2490000.0 7506.0 310640.0 nan nan 0.1248 nan nan 50.366 nan nan 
2500000.0 7527.0 311758.0 nan nan 0.1247 nan nan 51.743 nan nan 
2510000.0 7551.0 312884.0 nan nan 0.1247 nan nan 49.441 nan nan 
2520000.0 7577.0 314149.0 nan nan 0.1247 nan nan 48.672 nan nan 
2530000.0 7601.0 315374.0 nan nan 0.1247 nan nan 49.854 nan nan 
2540000.0 7621.0 316530.0 nan nan 0.1246 nan nan 52.349 nan nan 
2550000.0 7644.0 317748.0 nan nan 0.1246 nan nan 51.802 nan nan 
2560000.0 7673.0 319004.0 nan nan 0.1246 nan nan 47.488 nan nan 
2570000.0 7700.0 320291.0 nan nan 0.1246 nan nan 48.12 nan nan 
2580000.0 7724.0 321472.0 nan nan 0.1246 nan nan 48.58 nan nan 
2590000.0 7752.0 322750.0 nan nan 0.1246 nan nan 47.068 nan nan 
2600000.0 7776.0 323839.0 nan nan 0.1246 nan nan 46.428 nan nan 
2610000.0 7796.0 325027.0 nan nan 0.1245 nan nan 49.7 nan nan 
2620000.0 7816.0 326124.0 nan nan 0.1245 nan nan 52.027 nan nan 
2630000.0 7843.0 327409.0 nan nan 0.1245 nan nan 50.62 nan nan 
2640000.0 7869.0 328644.0 nan nan 0.1245 nan nan 49.392 nan nan 
2650000.0 7894.0 329940.0 nan nan 0.1245 nan nan 48.89 nan nan 
2660000.0 7917.0 331125.0 nan nan 0.1245 nan nan 50.143 nan nan 
2670000.0 7941.0 332307.0 nan nan 0.1245 nan nan 49.046 nan nan 
2680000.0 7961.0 333367.0 nan nan 0.1244 nan nan 49.441 nan nan 
2690000.0 7986.0 334528.0 nan nan 0.1244 nan nan 49.235 nan nan 
2700000.0 8007.0 335689.0 nan nan 0.1243 nan nan 49.009 nan nan 
2710000.0 8028.0 336595.0 nan nan 0.1242 nan nan 49.173 nan nan 
2720000.0 8051.0 337853.0 nan nan 0.1242 nan nan 51.377 nan nan 
2730000.0 8075.0 339038.0 nan nan 0.1242 nan nan 50.527 nan nan 
2740000.0 8099.0 340180.0 nan nan 0.1242 nan nan 49.602 nan nan 
2750000.0 8129.0 341606.0 nan nan 0.1242 nan nan 48.464 nan nan 
2760000.0 8152.0 342798.0 nan nan 0.1242 nan nan 48.826 nan nan 
2770000.0 8178.0 343980.0 nan nan 0.1242 nan nan 48.356 nan nan 
2780000.0 8205.0 345323.0 nan nan 0.1242 nan nan 47.487 nan nan 
2790000.0 8232.0 346583.0 nan nan 0.1242 nan nan 47.053 nan nan 
2800000.0 8257.0 347818.0 nan nan 0.1242 nan nan 49.35 nan nan 
2810000.0 8277.0 348764.0 nan nan 0.1241 nan nan 48.755 nan nan 
2820000.0 8299.0 349886.0 nan nan 0.1241 nan nan 48.803 nan nan 
2830000.0 8328.0 351147.0 nan nan 0.1241 nan nan 45.705 nan nan 
2840000.0 8352.0 352370.0 nan nan 0.1241 nan nan 47.814 nan nan 
2850000.0 8381.0 353528.0 nan nan 0.124 nan nan 45.598 nan nan 
2860000.0 8400.0 354445.0 nan nan 0.1239 nan nan 46.184 nan nan 
2870000.0 8420.0 355747.0 nan nan 0.124 nan nan 52.778 nan nan 
2880000.0 8442.0 356873.0 nan nan 0.1239 nan nan 51.861 nan nan 
2890000.0 8465.0 358084.0 nan nan 0.1239 nan nan 52.012 nan nan 
2900000.0 8484.0 359191.0 nan nan 0.1239 nan nan 54.264 nan nan 
2910000.0 8508.0 360478.0 nan nan 0.1239 nan nan 51.801 nan nan 
2920000.0 8530.0 361670.0 nan nan 0.1239 nan nan 54.616 nan nan 
2930000.0 8553.0 362844.0 nan nan 0.1238 nan nan 53.745 nan nan 
2940000.0 8579.0 364142.0 nan nan 0.1239 nan nan 52.094 nan nan 
2950000.0 8606.0 365265.0 nan nan 0.1238 nan nan 47.481 nan nan 
2960000.0 8633.0 366498.0 nan nan 0.1238 nan nan 46.48 nan nan 
2970000.0 8653.0 367591.0 nan nan 0.1238 nan nan 49.329 nan nan 
2980000.0 8682.0 368883.0 nan nan 0.1238 nan nan 46.199 nan nan 
2990000.0 8705.0 369953.0 nan nan 0.1237 nan nan 47.406 nan nan 
3000000.0 8730.0 371051.0 nan nan 0.1237 nan nan 45.893 nan nan 
3010000.0 8755.0 372310.0 nan nan 0.1237 nan nan 46.675 nan nan 
3020000.0 8775.0 373378.0 nan nan 0.1236 nan nan 47.341 nan nan 
3030000.0 8797.0 374551.0 nan nan 0.1236 nan nan 51.917 nan nan 
3040000.0 8815.0 375449.0 nan nan 0.1235 nan nan 51.589 nan nan 
3050000.0 8836.0 376493.0 nan nan 0.1234 nan nan 50.84 nan nan 
3060000.0 8862.0 377715.0 nan nan 0.1234 nan nan 47.79 nan nan 
3070000.0 8879.0 378476.0 nan nan 0.1233 nan nan 49.001 nan nan 
3080000.0 8902.0 379677.0 nan nan 0.1233 nan nan 50.411 nan nan 
3090000.0 8925.0 380749.0 nan nan 0.1232 nan nan 47.733 nan nan 
3100000.0 8945.0 381685.0 nan nan 0.1231 nan nan 48.804 nan nan 
3110000.0 8969.0 382815.0 nan nan 0.1231 nan nan 48.408 nan nan 
3120000.0 8990.0 383888.0 nan nan 0.123 nan nan 48.092 nan nan 
3130000.0 9013.0 385003.0 nan nan 0.123 nan nan 48.7 nan nan 
3140000.0 9040.0 386289.0 nan nan 0.123 nan nan 48.875 nan nan 
3150000.0 9064.0 387413.0 nan nan 0.123 nan nan 48.412 nan nan 
3160000.0 9090.0 388620.0 nan nan 0.123 nan nan 47.505 nan nan 
3170000.0 9113.0 389794.0 nan nan 0.123 nan nan 48.74 nan nan 
3180000.0 9138.0 391014.0 nan nan 0.123 nan nan 48.253 nan nan 
3190000.0 9163.0 392292.0 nan nan 0.123 nan nan 49.664 nan nan 
3200000.0 9184.0 393333.0 nan nan 0.1229 nan nan 50.029 nan nan 
3210000.0 9210.0 394500.0 nan nan 0.1229 nan nan 48.118 nan nan 
3220000.0 9232.0 395652.0 nan nan 0.1229 nan nan 49.834 nan nan 
3230000.0 9256.0 396784.0 nan nan 0.1228 nan nan 47.86 nan nan 
3240000.0 9279.0 398011.0 nan nan 0.1228 nan nan 49.624 nan nan 
3250000.0 9303.0 399171.0 nan nan 0.1228 nan nan 49.218 nan nan 
3260000.0 9320.0 400047.0 nan nan 0.1227 nan nan 50.144 nan nan 
3270000.0 9336.0 401015.0 nan nan 0.1226 nan nan 51.143 nan nan 
3280000.0 9357.0 402260.0 nan nan 0.1226 nan nan 53.404 nan nan 
3290000.0 9382.0 403418.0 nan nan 0.1226 nan nan 51.289 nan nan 
3300000.0 9406.0 404564.0 nan nan 0.1226 nan nan 50.686 nan nan 
3310000.0 9431.0 405689.0 nan nan 0.1226 nan nan 48.046 nan nan 
3320000.0 9456.0 406867.0 nan nan 0.1226 nan nan 47.691 nan nan 
3330000.0 9483.0 408168.0 nan nan 0.1226 nan nan 46.944 nan nan 
3340000.0 9511.0 409457.0 nan nan 0.1226 nan nan 46.971 nan nan 
3350000.0 9532.0 410714.0 nan nan 0.1226 nan nan 51.059 nan nan 
3360000.0 9552.0 411794.0 nan nan 0.1226 nan nan 51.804 nan nan 
3370000.0 9576.0 413068.0 nan nan 0.1226 nan nan 50.338 nan nan 
3380000.0 9599.0 414305.0 nan nan 0.1226 nan nan 53.308 nan nan 
3390000.0 9626.0 415599.0 nan nan 0.1226 nan nan 51.227 nan nan 
3400000.0 9654.0 416649.0 nan nan 0.1225 nan nan 45.81 nan nan 
3410000.0 9681.0 417931.0 nan nan 0.1226 nan nan 46.304 nan nan 
3420000.0 9705.0 419186.0 nan nan 0.1226 nan nan 46.416 nan nan 
3430000.0 9729.0 420327.0 nan nan 0.1225 nan nan 47.12 nan nan 
3440000.0 9756.0 421619.0 nan nan 0.1226 nan nan 46.941 nan nan 
3450000.0 9777.0 422844.0 nan nan 0.1226 nan nan 50.726 nan nan 
3460000.0 9804.0 424116.0 nan nan 0.1226 nan nan 49.68 nan nan 
3470000.0 9827.0 425273.0 nan nan 0.1226 nan nan 50.42 nan nan 
3480000.0 9846.0 426330.0 nan nan 0.1225 nan nan 50.18 nan nan 
3490000.0 9874.0 427644.0 nan nan 0.1225 nan nan 49.719 nan nan 
3500000.0 9892.0 428553.0 nan nan 0.1224 nan nan 50.605 nan nan 
3510000.0 9914.0 429532.0 nan nan 0.1224 nan nan 47.855 nan nan 
3520000.0 9933.0 430487.0 nan nan 0.1223 nan nan 47.929 nan nan 
3530000.0 9957.0 431596.0 nan nan 0.1223 nan nan 48.146 nan nan 
3540000.0 9980.0 432806.0 nan nan 0.1223 nan nan 48.67 nan nan 
3550000.0 10002.0 433890.0 nan nan 0.1222 nan nan 49.432 nan nan 
3560000.0 10024.0 434970.0 nan nan 0.1222 nan nan 49.708 nan nan 
3570000.0 10049.0 436178.0 nan nan 0.1222 nan nan 49.053 nan nan 
3580000.0 10071.0 437432.0 nan nan 0.1222 nan nan 49.686 nan nan 
3590000.0 10098.0 438635.0 nan nan 0.1222 nan nan 48.985 nan nan 
3600000.0 10122.0 439999.0 nan nan 0.1222 nan nan 50.928 nan nan 
3610000.0 10145.0 441083.0 nan nan 0.1222 nan nan 49.965 nan nan 
3620000.0 10165.0 442120.0 nan nan 0.1221 nan nan 51.29 nan nan 
3630000.0 10188.0 443216.0 nan nan 0.1221 nan nan 48.857 nan nan 
3640000.0 10211.0 444330.0 nan nan 0.1221 nan nan 49.807 nan nan 
3650000.0 10234.0 445482.0 nan nan 0.122 nan nan 49.104 nan nan 
3660000.0 10254.0 446554.0 nan nan 0.122 nan nan 49.783 nan nan 
3670000.0 10280.0 447782.0 nan nan 0.122 nan nan 49.263 nan nan 
3680000.0 10305.0 449039.0 nan nan 0.122 nan nan 49.307 nan nan 
3690000.0 10326.0 450031.0 nan nan 0.122 nan nan 49.206 nan nan 
3700000.0 10346.0 451047.0 nan nan 0.1219 nan nan 49.592 nan nan 
3710000.0 10369.0 452175.0 nan nan 0.1219 nan nan 49.392 nan nan 
3720000.0 10392.0 453249.0 nan nan 0.1218 nan nan 48.211 nan nan 
3730000.0 10419.0 454510.0 nan nan 0.1219 nan nan 47.17 nan nan 
3740000.0 10439.0 455652.0 nan nan 0.1218 nan nan 50.757 nan nan 
3750000.0 10465.0 456818.0 nan nan 0.1218 nan nan 49.056 nan nan 
3760000.0 10486.0 457962.0 nan nan 0.1218 nan nan 50.84 nan nan 
3770000.0 10511.0 459140.0 nan nan 0.1218 nan nan 48.306 nan nan 
3780000.0 10539.0 460430.0 nan nan 0.1218 nan nan 46.643 nan nan 
3790000.0 10560.0 461538.0 nan nan 0.1218 nan nan 47.343 nan nan 
3800000.0 10580.0 462515.0 nan nan 0.1217 nan nan 50.218 nan nan 
3810000.0 10608.0 463773.0 nan nan 0.1217 nan nan 47.662 nan nan 
3820000.0 10632.0 464953.0 nan nan 0.1217 nan nan 47.6 nan nan 
3830000.0 10655.0 466074.0 nan nan 0.1217 nan nan 47.501 nan nan 
3840000.0 10674.0 467209.0 nan nan 0.1217 nan nan 49.799 nan nan 
3850000.0 10696.0 468279.0 nan nan 0.1216 nan nan 51.246 nan nan 
3860000.0 10717.0 469279.0 nan nan 0.1216 nan nan 50.557 nan nan 
3870000.0 10737.0 470268.0 nan nan 0.1215 nan nan 49.157 nan nan 
3880000.0 10756.0 471329.0 nan nan 0.1215 nan nan 51.938 nan nan 
3890000.0 10775.0 472235.0 nan nan 0.1214 nan nan 50.715 nan nan 
3900000.0 10794.0 473459.0 nan nan 0.1214 nan nan 53.365 nan nan 
3910000.0 10821.0 474747.0 nan nan 0.1214 nan nan 51.375 nan nan 
3920000.0 10840.0 475728.0 nan nan 0.1214 nan nan 52.141 nan nan 
3930000.0 10858.0 476748.0 nan nan 0.1213 nan nan 51.719 nan nan 
3940000.0 10876.0 477969.0 nan nan 0.1213 nan nan 57.291 nan nan 
3950000.0 10895.0 479038.0 nan nan 0.1213 nan nan 56.337 nan nan 
3960000.0 10917.0 480178.0 nan nan 0.1213 nan nan 54.621 nan nan 
3970000.0 10940.0 481334.0 nan nan 0.1212 nan nan 54.453 nan nan 
3980000.0 10955.0 482398.0 nan nan 0.1212 nan nan 57.055 nan nan 
3990000.0 10977.0 483629.0 nan nan 0.1212 nan nan 56.895 nan nan 
4000000.0 10999.0 484764.0 nan nan 0.1212 nan nan 55.328 nan nan 
4010000.0 11018.0 485649.0 nan nan 0.1211 nan nan 53.027 nan nan 
4020000.0 11036.0 486554.0 nan nan 0.121 nan nan 52.283 nan nan 
4030000.0 11058.0 487673.0 nan nan 0.121 nan nan 49.416 nan nan 
4040000.0 11080.0 488678.0 nan nan 0.121 nan nan 50.458 nan nan 
4050000.0 11104.0 489854.0 nan nan 0.121 nan nan 49.149 nan nan 
4060000.0 11123.0 490944.0 nan nan 0.1209 nan nan 52.231 nan nan 
4070000.0 11148.0 492181.0 nan nan 0.1209 nan nan 49.6 nan nan 
4080000.0 11175.0 493312.0 nan nan 0.1209 nan nan 47.812 nan nan 
4090000.0 11194.0 494402.0 nan nan 0.1209 nan nan 49.8 nan nan 
4100000.0 11218.0 495587.0 nan nan 0.1209 nan nan 49.685 nan nan 
4110000.0 11239.0 496672.0 nan nan 0.1208 nan nan 50.626 nan nan 
4120000.0 11260.0 497705.0 nan nan 0.1208 nan nan 50.021 nan nan 
4130000.0 11288.0 498842.0 nan nan 0.1208 nan nan 46.575 nan nan 
4140000.0 11315.0 500032.0 nan nan 0.1208 nan nan 44.303 nan nan 
4150000.0 11337.0 501233.0 nan nan 0.1208 nan nan 46.591 nan nan 
4160000.0 11360.0 502389.0 nan nan 0.1208 nan nan 49.644 nan nan 
4170000.0 11383.0 503649.0 nan nan 0.1208 nan nan 51.594 nan nan 
4180000.0 11405.0 504911.0 nan nan 0.1208 nan nan 54.275 nan nan 
4190000.0 11426.0 506096.0 nan nan 0.1208 nan nan 54.897 nan nan 
4200000.0 11448.0 507351.0 nan nan 0.1208 nan nan 53.691 nan nan 
4210000.0 11472.0 508625.0 nan nan 0.1208 nan nan 53.095 nan nan 
4220000.0 11499.0 509922.0 nan nan 0.1208 nan nan 52.036 nan nan 
4230000.0 11523.0 511125.0 nan nan 0.1208 nan nan 50.601 nan nan 
4240000.0 11549.0 512373.0 nan nan 0.1208 nan nan 49.164 nan nan 
4250000.0 11567.0 513681.0 nan nan 0.1209 nan nan 56.133 nan nan 
4260000.0 11590.0 514853.0 nan nan 0.1209 nan nan 54.215 nan nan 
4270000.0 11608.0 515968.0 nan nan 0.1208 nan nan 55.947 nan nan 
4280000.0 11628.0 517024.0 nan nan 0.1208 nan nan 54.97 nan nan 
4290000.0 11646.0 517949.0 nan nan 0.1207 nan nan 53.438 nan nan 
4300000.0 11664.0 519048.0 nan nan 0.1207 nan nan 54.601 nan nan 
4310000.0 11688.0 520068.0 nan nan 0.1207 nan nan 51.755 nan nan 
4320000.0 11710.0 521193.0 nan nan 0.1206 nan nan 51.528 nan nan 
4330000.0 11732.0 522368.0 nan nan 0.1206 nan nan 52.707 nan nan 
4340000.0 11752.0 523522.0 nan nan 0.1206 nan nan 54.314 nan nan 
4350000.0 11776.0 524675.0 nan nan 0.1206 nan nan 52.521 nan nan 
4360000.0 11793.0 525705.0 nan nan 0.1206 nan nan 54.387 nan nan 
4370000.0 11817.0 526917.0 nan nan 0.1206 nan nan 51.834 nan nan 
4380000.0 11847.0 528166.0 nan nan 0.1206 nan nan 47.382 nan nan 
4390000.0 11871.0 529439.0 nan nan 0.1206 nan nan 47.166 nan nan 
4400000.0 11903.0 530729.0 nan nan 0.1206 nan nan 45.943 nan nan 
4410000.0 11927.0 531895.0 nan nan 0.1206 nan nan 46.818 nan nan 
4420000.0 11951.0 533015.0 nan nan 0.1206 nan nan 47.347 nan nan 
4430000.0 11973.0 534212.0 nan nan 0.1206 nan nan 47.593 nan nan 
4440000.0 11993.0 535269.0 nan nan 0.1206 nan nan 49.054 nan nan 
4450000.0 12014.0 536416.0 nan nan 0.1205 nan nan 53.277 nan nan 
4460000.0 12036.0 537551.0 nan nan 0.1205 nan nan 52.196 nan nan 
4470000.0 12058.0 538806.0 nan nan 0.1205 nan nan 52.625 nan nan 
4480000.0 12075.0 539834.0 nan nan 0.1205 nan nan 55.339 nan nan 
4490000.0 12096.0 540846.0 nan nan 0.1205 nan nan 52.489 nan nan 
4500000.0 12116.0 541860.0 nan nan 0.1204 nan nan 52.726 nan nan 
4510000.0 12135.0 542869.0 nan nan 0.1204 nan nan 52.945 nan nan 
4520000.0 12162.0 544175.0 nan nan 0.1204 nan nan 50.248 nan nan 
4530000.0 12184.0 545313.0 nan nan 0.1204 nan nan 49.483 nan nan 
4540000.0 12206.0 546562.0 nan nan 0.1204 nan nan 52.611 nan nan 
4550000.0 12230.0 547816.0 nan nan 0.1204 nan nan 53.681 nan nan 
4560000.0 12252.0 548937.0 nan nan 0.1204 nan nan 51.046 nan nan 
4570000.0 12273.0 550106.0 nan nan 0.1204 nan nan 52.456 nan nan 
4580000.0 12293.0 551210.0 nan nan 0.1204 nan nan 54.747 nan nan 
4590000.0 12318.0 552480.0 nan nan 0.1204 nan nan 51.294 nan nan 
4600000.0 12343.0 553774.0 nan nan 0.1204 nan nan 52.048 nan nan 
4610000.0 12365.0 555010.0 nan nan 0.1204 nan nan 54.483 nan nan 
4620000.0 12388.0 556073.0 nan nan 0.1204 nan nan 51.486 nan nan 
4630000.0 12408.0 557250.0 nan nan 0.1204 nan nan 54.302 nan nan 
4640000.0 12433.0 558513.0 nan nan 0.1204 nan nan 52.732 nan nan 
4650000.0 12456.0 559785.0 nan nan 0.1204 nan nan 51.596 nan nan 
4660000.0 12480.0 561014.0 nan nan 0.1204 nan nan 52.424 nan nan 
4670000.0 12498.0 562216.0 nan nan 0.1204 nan nan 55.124 nan nan 
4680000.0 12521.0 563397.0 nan nan 0.1204 nan nan 55.583 nan nan 
4690000.0 12543.0 564653.0 nan nan 0.1204 nan nan 54.372 nan nan 
4700000.0 12567.0 565782.0 nan nan 0.1204 nan nan 52.176 nan nan 
4710000.0 12589.0 566974.0 nan nan 0.1204 nan nan 53.801 nan nan 
4720000.0 12612.0 568071.0 nan nan 0.1204 nan nan 50.961 nan nan 
4730000.0 12635.0 569419.0 nan nan 0.1204 nan nan 53.775 nan nan 
4740000.0 12658.0 570589.0 nan nan 0.1204 nan nan 52.081 nan nan 
4750000.0 12683.0 571767.0 nan nan 0.1204 nan nan 50.862 nan nan 
4760000.0 12708.0 573027.0 nan nan 0.1204 nan nan 48.511 nan nan 
4770000.0 12737.0 574206.0 nan nan 0.1204 nan nan 46.681 nan nan 
4780000.0 12763.0 575480.0 nan nan 0.1204 nan nan 47.617 nan nan 
4790000.0 12787.0 576696.0 nan nan 0.1204 nan nan 48.94 nan nan 
4800000.0 12809.0 577813.0 nan nan 0.1204 nan nan 46.242 nan nan 
4810000.0 12831.0 579061.0 nan nan 0.1204 nan nan 49.765 nan nan 
4820000.0 12852.0 580226.0 nan nan 0.1204 nan nan 53.543 nan nan 
4830000.0 12874.0 581469.0 nan nan 0.1204 nan nan 54.887 nan nan 
4840000.0 12894.0 582626.0 nan nan 0.1204 nan nan 55.329 nan nan 
4850000.0 12915.0 583792.0 nan nan 0.1204 nan nan 55.5 nan nan 
4860000.0 12942.0 585022.0 nan nan 0.1204 nan nan 51.837 nan nan 
4870000.0 12962.0 586074.0 nan nan 0.1203 nan nan 52.411 nan nan 
4880000.0 12988.0 587365.0 nan nan 0.1204 nan nan 51.053 nan nan 
4890000.0 13014.0 588588.0 nan nan 0.1204 nan nan 49.056 nan nan 
4900000.0 13034.0 589568.0 nan nan 0.1203 nan nan 49.455 nan nan 
4910000.0 13058.0 590726.0 nan nan 0.1203 nan nan 49.054 nan nan 
4920000.0 13078.0 591933.0 nan nan 0.1203 nan nan 51.933 nan nan 
4930000.0 13100.0 592975.0 nan nan 0.1203 nan nan 50.869 nan nan 
4940000.0 13122.0 594306.0 nan nan 0.1203 nan nan 52.76 nan nan 
4950000.0 13146.0 595422.0 nan nan 0.1203 nan nan 51.669 nan nan 
4960000.0 13171.0 596635.0 nan nan 0.1203 nan nan 50.305 nan nan 
4970000.0 13197.0 597933.0 nan nan 0.1203 nan nan 48.511 nan nan 
4980000.0 13220.0 599157.0 nan nan 0.1203 nan nan 51.29 nan nan 
4990000.0 13242.0 600299.0 nan nan 0.1203 nan nan 48.998 nan nan 
5000000.0 13266.0 601390.0 nan nan 0.1203 nan nan 48.774 nan nan 
5010000.0 13288.0 602644.0 nan nan 0.1203 nan nan 52.09 nan nan 
5020000.0 13311.0 603713.0 nan nan 0.1203 nan nan 50.033 nan nan 
5030000.0 13333.0 604875.0 nan nan 0.1203 nan nan 51.099 nan nan 
5040000.0 13356.0 606065.0 nan nan 0.1203 nan nan 49.41 nan nan 
5050000.0 13382.0 607241.0 nan nan 0.1202 nan nan 49.523 nan nan 
5060000.0 13405.0 608387.0 nan nan 0.1202 nan nan 49.543 nan nan 
5070000.0 13428.0 609515.0 nan nan 0.1202 nan nan 49.068 nan nan 
5080000.0 13449.0 610708.0 nan nan 0.1202 nan nan 51.214 nan nan 
5090000.0 13473.0 611864.0 nan nan 0.1202 nan nan 50.184 nan nan 
5100000.0 13500.0 613147.0 nan nan 0.1202 nan nan 48.741 nan nan 
5110000.0 13524.0 614335.0 nan nan 0.1202 nan nan 48.383 nan nan 
5120000.0 13545.0 615534.0 nan nan 0.1202 nan nan 50.365 nan nan 
5130000.0 13572.0 616779.0 nan nan 0.1202 nan nan 49.555 nan nan 
5140000.0 13593.0 617963.0 nan nan 0.1202 nan nan 49.264 nan nan 
5150000.0 13617.0 619200.0 nan nan 0.1202 nan nan 50.459 nan nan 
5160000.0 13641.0 620383.0 nan nan 0.1202 nan nan 51.289 nan nan 
5170000.0 13662.0 621643.0 nan nan 0.1202 nan nan 53.241 nan nan 
5180000.0 13685.0 622789.0 nan nan 0.1202 nan nan 52.544 nan nan 
5190000.0 13708.0 623906.0 nan nan 0.1202 nan nan 50.407 nan nan 
5200000.0 13728.0 625176.0 nan nan 0.1202 nan nan 53.803 nan nan 
5210000.0 13746.0 626292.0 nan nan 0.1202 nan nan 55.953 nan nan 
5220000.0 13764.0 627367.0 nan nan 0.1202 nan nan 57.223 nan nan 
5230000.0 13784.0 628599.0 nan nan 0.1202 nan nan 60.002 nan nan 
5240000.0 13806.0 629780.0 nan nan 0.1202 nan nan 55.468 nan nan 
5250000.0 13827.0 630954.0 nan nan 0.1202 nan nan 55.221 nan nan 
5260000.0 13854.0 632158.0 nan nan 0.1202 nan nan 51.539 nan nan 
5270000.0 13873.0 633124.0 nan nan 0.1201 nan nan 50.468 nan nan 
5280000.0 13898.0 634332.0 nan nan 0.1201 nan nan 51.295 nan nan 
5290000.0 13923.0 635645.0 nan nan 0.1202 nan nan 49.552 nan nan 
5300000.0 13941.0 636646.0 nan nan 0.1201 nan nan 53.45 nan nan 
5310000.0 13965.0 637907.0 nan nan 0.1201 nan nan 51.568 nan nan 
5320000.0 13990.0 639143.0 nan nan 0.1201 nan nan 51.77 nan nan 
5330000.0 14013.0 640326.0 nan nan 0.1201 nan nan 49.342 nan nan 
5340000.0 14044.0 641660.0 nan nan 0.1202 nan nan 47.556 nan nan 
5350000.0 14066.0 642803.0 nan nan 0.1202 nan nan 49.988 nan nan 
5360000.0 14088.0 643843.0 nan nan 0.1201 nan nan 47.872 nan nan 
5370000.0 14113.0 645068.0 nan nan 0.1201 nan nan 49.686 nan nan 
5380000.0 14133.0 645994.0 nan nan 0.1201 nan nan 48.144 nan nan 
5390000.0 14152.0 647145.0 nan nan 0.1201 nan nan 52.303 nan nan 
5400000.0 14169.0 648158.0 nan nan 0.12 nan nan 52.242 nan nan 
5410000.0 14197.0 649389.0 nan nan 0.12 nan nan 50.652 nan nan 
5420000.0 14221.0 650564.0 nan nan 0.12 nan nan 49.878 nan nan 
5430000.0 14240.0 651765.0 nan nan 0.12 nan nan 52.69 nan nan 
5440000.0 14260.0 652977.0 nan nan 0.12 nan nan 57.22 nan nan 
5450000.0 14280.0 654291.0 nan nan 0.1201 nan nan 60.979 nan nan 
5460000.0 14303.0 655412.0 nan nan 0.12 nan nan 56.234 nan nan 
5470000.0 14322.0 656620.0 nan nan 0.12 nan nan 57.704 nan nan 
5480000.0 14343.0 657762.0 nan nan 0.12 nan nan 55.872 nan nan 
5490000.0 14363.0 658810.0 nan nan 0.12 nan nan 55.933 nan nan 
5500000.0 14383.0 659989.0 nan nan 0.12 nan nan 56.758 nan nan 
5510000.0 14406.0 661160.0 nan nan 0.12 nan nan 53.494 nan nan 
5520000.0 14429.0 662337.0 nan nan 0.12 nan nan 53.765 nan nan 
5530000.0 14452.0 663434.0 nan nan 0.12 nan nan 51.621 nan nan 
5540000.0 14475.0 664586.0 nan nan 0.12 nan nan 49.875 nan nan 
5550000.0 14496.0 665673.0 nan nan 0.1199 nan nan 51.416 nan nan 
5560000.0 14517.0 666729.0 nan nan 0.1199 nan nan 50.556 nan nan 
5570000.0 14535.0 667809.0 nan nan 0.1199 nan nan 54.006 nan nan 
5580000.0 14555.0 669024.0 nan nan 0.1199 nan nan 56.59 nan nan 
5590000.0 14577.0 670194.0 nan nan 0.1199 nan nan 53.478 nan nan 
5600000.0 14598.0 671098.0 nan nan 0.1198 nan nan 51.298 nan nan 
5610000.0 14618.0 672268.0 nan nan 0.1198 nan nan 53.479 nan nan 
5620000.0 14641.0 673453.0 nan nan 0.1198 nan nan 52.684 nan nan 
5630000.0 14658.0 674324.0 nan nan 0.1198 nan nan 50.666 nan nan 
5640000.0 14676.0 675418.0 nan nan 0.1198 nan nan 54.147 nan nan 
5650000.0 14692.0 676557.0 nan nan 0.1197 nan nan 59.132 nan nan 
5660000.0 14711.0 677479.0 nan nan 0.1197 nan nan 56.779 nan nan 
5670000.0 14734.0 678635.0 nan nan 0.1197 nan nan 54.442 nan nan 
5680000.0 14755.0 679861.0 nan nan 0.1197 nan nan 56.205 nan nan 
5690000.0 14776.0 680945.0 nan nan 0.1197 nan nan 54.007 nan nan 
5700000.0 14798.0 682003.0 nan nan 0.1196 nan nan 52.698 nan nan 
5710000.0 14823.0 683303.0 nan nan 0.1197 nan nan 52.652 nan nan 
5720000.0 14843.0 684438.0 nan nan 0.1197 nan nan 54.143 nan nan 
5730000.0 14866.0 685764.0 nan nan 0.1197 nan nan 56.319 nan nan 
5740000.0 14893.0 687060.0 nan nan 0.1197 nan nan 52.665 nan nan 
5750000.0 14919.0 688382.0 nan nan 0.1197 nan nan 49.895 nan nan 
5760000.0 14940.0 689489.0 nan nan 0.1197 nan nan 50.953 nan nan 
5770000.0 14961.0 690727.0 nan nan 0.1197 nan nan 54.635 nan nan 
5780000.0 14985.0 691955.0 nan nan 0.1197 nan nan 54.136 nan nan 
5790000.0 15010.0 693323.0 nan nan 0.1197 nan nan 52.219 nan nan 
5800000.0 15036.0 694566.0 nan nan 0.1198 nan nan 51.778 nan nan 
5810000.0 15063.0 695980.0 nan nan 0.1198 nan nan 51.369 nan nan 
5820000.0 15090.0 697351.0 nan nan 0.1198 nan nan 50.604 nan nan 
5830000.0 15114.0 698649.0 nan nan 0.1198 nan nan 50.772 nan nan 
5840000.0 15143.0 699969.0 nan nan 0.1199 nan nan 50.037 nan nan 
5850000.0 15167.0 701209.0 nan nan 0.1199 nan nan 51.343 nan nan 
5860000.0 15192.0 702328.0 nan nan 0.1199 nan nan 48.167 nan nan 
5870000.0 15213.0 703617.0 nan nan 0.1199 nan nan 50.002 nan nan 
5880000.0 15235.0 704707.0 nan nan 0.1198 nan nan 52.018 nan nan 
5890000.0 15259.0 706010.0 nan nan 0.1199 nan nan 52.266 nan nan 
5900000.0 15285.0 707257.0 nan nan 0.1199 nan nan 49.463 nan nan 
5910000.0 15305.0 708369.0 nan nan 0.1199 nan nan 52.982 nan nan 
5920000.0 15328.0 709542.0 nan nan 0.1199 nan nan 52.209 nan nan 
5930000.0 15353.0 710775.0 nan nan 0.1199 nan nan 51.133 nan nan 
5940000.0 15375.0 711911.0 nan nan 0.1199 nan nan 50.386 nan nan 
5950000.0 15400.0 713169.0 nan nan 0.1199 nan nan 51.377 nan nan 
5960000.0 15421.0 714391.0 nan nan 0.1199 nan nan 53.887 nan nan 
5970000.0 15441.0 715608.0 nan nan 0.1199 nan nan 54.723 nan nan 
5980000.0 15464.0 716693.0 nan nan 0.1198 nan nan 53.411 nan nan 
5990000.0 15490.0 717915.0 nan nan 0.1199 nan nan 49.806 nan nan 
6000000.0 15516.0 719095.0 nan nan 0.1198 nan nan 48.624 nan nan 
