1000 10 17.032 -86.854 -1.407 0.059 0 0 0 
2000 17 34.133 -176.608 -3.001 0.1205 0 0 0 
3000 26 46.433 -249.231 -3.737 0.1677 0 0 0 
4000 33 57.987 -301.29 -4.375 0.23 0 0 0 
5000 38 72.288 -315.479 -4.352 0.3165 0 0 0 
6000 44 82.978 -293.161 -3.412 0.387 0 0 0 
7000 50 94.082 -284.541 -2.807 0.4481 0 0 0 
8000 54 99.982 -245.874 -2.146 0.5289 0 0 0 
9000 56 120.963 -245.884 -1.772 0.7122 0 0 0 
10000 60 123.41 -229.92 -1.402 0.7867 0 0 0 
11000 62 140.483 -207.912 -1.145 1.0097 0 0 0 
12000 64 159.24 -201.874 -0.649 1.2894 0 0 0 
13000 69 164.655 -170.065 -0.052 1.3435 0 0 0 
14000 70 181.362 -172.724 -0.031 1.5467 0 0 0 
15000 71 197.735 -158.537 0.249 1.8406 0 0 0 
16000 73 199.742 -138.195 0.463 1.8588 0 0 0 
17000 74 215.747 -126.09 0.601 2.0836 0 0 0 
18000 76 233.164 -111.894 1.013 2.3178 0 0 0 
19000 77 233.701 -107.772 1.053 2.336 0 0 0 
20000 78 249.027 -95.03 1.18 2.5662 0 0 0 
21000 80 265.125 -75.196 1.573 2.8726 0 0 0 
22000 82 285.246 -64.321 1.811 3.1592 0 0 0 
23000 84 289.57 -59.032 1.881 3.1998 0 0 0 
24000 85 290.418 -51.641 1.881 3.237 0 0 0 
25000 87 305.158 -29.887 2.127 3.4983 0 0 0 
26000 88 319.054 -19.82 2.382 3.7205 0 0 0 
27000 90 331.42 -1.713 2.622 3.8885 0 0 0 
28000 92 344.176 10.227 2.848 4.0633 0 0 0 
29000 93 343.232 29.337 3.011 4.0672 0 0 0 
30000 94 356.368 40.203 3.247 4.2314 0 0 0 
31000 95 369.24 51.072 3.399 4.3779 0 0 0 
32000 97 383.078 63.695 3.556 4.5705 0 0 0 
33000 98 395.417 72.904 3.723 4.7242 0 0 0 
34000 99 407.508 79.039 3.769 4.8969 0 0 0 
35000 101 411.572 108.694 4.143 4.9372 0 0 0 
36000 103 418.884 113.16 4.201 5.0235 0 0 0 
37000 104 430.506 127.324 4.371 5.1463 0 0 0 
38000 106 435.485 140.161 4.546 5.1631 0 0 0 
39000 109 427.753 163.112 4.597 5.0166 0 0 0 
40000 110 439.198 174.612 4.783 5.1295 0 0 0 
41000 111 450.414 185.942 4.897 5.2144 0 0 0 
42000 113 451.851 200.971 4.944 5.1761 0 0 0 
43000 115 453.519 224.794 5.248 5.137 0 0 0 
44000 117 453.359 252.316 5.468 5.1038 0 0 0 
45000 118 464.292 253.491 5.437 5.181 0 0 0 
46000 120 466.943 281.48 5.788 5.1744 0 0 0 
47000 122 470.552 296.157 5.954 5.1713 0 0 0 
48000 123 468.121 308.618 5.884 5.1242 0 0 0 
49000 126 473.381 337.638 6.367 5.0794 0 0 0 
50000 127 474.914 356.339 6.54 5.0725 0 0 0 
51000 129 481.687 371.15 6.467 5.126 0 0 0 
52000 131 478.49 383.02 6.536 5.1459 0 0 0 
53000 133 485.52 397.351 6.535 5.3455 0 0 0 
54000 135 479.299 440.548 6.9 5.3257 0 0 0 
55000 139 468.785 470.109 7.296 5.1693 0 0 0 
56000 142 457.714 519.216 7.625 5.0183 0 0 0 
57000 145 448.909 551.318 7.734 4.8581 0 0 0 
58000 148 440.097 583.614 7.974 4.7055 0 0 0 
59000 150 447.53 600.821 8.059 4.7103 0 0 0 
60000 152 447.656 622.102 8.093 4.6592 0 0 0 
61000 153 457.683 634.51 8.189 4.7607 0 0 0 
62000 157 446.298 673.896 8.492 4.5801 0 0 0 
63000 160 434.574 699.747 8.34 4.4214 0 0 0 
64000 164 424.629 719.524 8.286 4.2817 0 0 0 
65000 165 433.356 737.275 8.232 4.3595 0 0 0 
66000 169 421.586 771.851 8.459 4.1834 0 0 0 
67000 172 414.22 816.881 8.646 4.0741 0 0 0 
68000 175 408.641 848.22 8.682 4.0081 0 0 0 
69000 177 412.268 871.647 8.851 4.0321 0 0 0 
70000 180 410.34 893.972 8.963 3.9926 0 0 0 
71000 183 403.673 925.845 8.938 3.93 0 0 0 
72000 186 397.707 959.287 8.96 3.8639 0 0 0 
73000 189 392.44 1002.425 9.335 3.8074 0 0 0 
74000 193 386.925 1046.207 9.616 3.7588 0 0 0 
75000 196 380.716 1094.053 9.722 3.71 0 0 0 
76000 201 365.338 1154.623 10.099 3.5563 0 0 0 
77000 204 356.375 1196.779 10.187 3.427 0 0 0 
78000 205 369.248 1210.448 10.266 3.5233 0 0 0 
79000 207 383.005 1223.182 10.416 3.6527 0 0 0 
80000 209 384.354 1268.542 10.678 3.6484 0 0 0 
81000 213 375.269 1313.667 10.762 3.5463 0 0 0 
82000 217 367.544 1355.72 10.954 3.4853 0 0 0 
83000 221 356.936 1418.132 11.117 3.3607 0 0 0 
84000 224 350.628 1475.886 11.51 3.2772 0 0 0 
85000 228 348.451 1522.754 11.803 3.2484 0 0 0 
86000 232 341.607 1585.446 12.079 3.2884 0 0 0 
87000 235 338.006 1645.431 12.325 3.2626 0 0 0 
88000 239 331.909 1703.306 12.516 3.1747 0 0 0 
89000 242 323.709 1739.582 12.498 3.0587 0 0 0 
90000 245 334.025 1778.242 12.73 3.0802 0 0 0 
91000 249 325.714 1844.324 12.776 2.972 0 0 0 
