0 0 0.0 0.0 0.0 0.0 0 0 0 0.0 9.62e-05 
10000 10 182.927 0.0 0.0 0.4883 0 0 0 0.0 -0.0111646 
20000 20 332.392 0.0 0.0 0.8985 0 0 0 0.0 -0.0014018 
30000 76 261.979 -46.0 -0.525 1.3837 0 0 0 0.0007157 0.0150443 
40000 86 389.171 -47.0 -0.448 2.3801 0 0 0 0.0006845 0.036321 
50000 96 500.908 -47.0 -0.366 3.2367 0 0 0 0.0007376 -0.0565579 
60000 107 589.302 -46.0 -0.276 3.9375 0 0 0 0.0007894 -0.1112181 
70000 117 657.129 -44.0 -0.188 4.4689 0 0 0 0.0007812 -0.0604265 
80000 132 666.614 -47.0 -0.185 4.5935 0 0 0 0.0008543 0.1305414 
90000 149 627.026 -48.0 -0.151 4.3596 0 0 0 0.0009455 -0.0328931 
100000 231 216.226 -93.0 -0.388 1.5346 0 0 0 0.0009671 -0.0406771 
110000 255 295.604 -85.0 -0.126 2.0973 0 0 0 0.0009466 0.3401821 
120000 302 256.175 -75.0 0.164 1.8215 0 0 0 0.0009455 -0.0620851 
130000 358 188.1 -93.0 -0.146 1.3468 0 0 0 0.0009323 -0.0478307 
140000 393 244.592 -69.0 0.265 1.7614 0 0 0 0.0009614 -0.0601854 
150000 467 173.763 -80.0 0.042 1.2428 0 0 0 0.0009359 0.1000498 
160000 527 180.897 -68.0 0.213 1.3054 0 0 0 0.0009761 -0.0482323 
170000 591 160.923 -40.0 0.402 1.1547 0 0 0 0.0009414 0.0416186 
180000 617 241.192 -41.0 0.219 1.7134 0 0 0 0.0009673 -0.024193 
190000 744 87.575 18.0 0.533 0.6343 0 0 0 0.0009653 0.1258273 
200000 891 62.593 111.0 0.756 0.4575 0 0 0 0.0009869 0.0003099 
210000 1037 67.945 250.0 0.923 0.4989 0 0 0 0.000966 0.0334265 
220000 1154 108.219 347.0 0.752 0.7715 0 0 0 0.0009555 0.0248512 
230000 1251 92.761 438.0 0.937 0.6737 0 0 0 0.000955 0.0307377 
240000 1386 67.451 561.0 0.962 0.4901 0 0 0 0.0008884 -0.0019923 
250000 1550 57.154 722.0 0.993 0.4202 0 0 0 0.0008671 0.0140271 
260000 1653 99.04 819.0 0.921 0.719 0 0 0 0.0008306 -0.0278195 
270000 1895 39.973 1060.0 0.999 0.2959 0 0 0 0.0007975 -0.0293857 
280000 2093 46.332 1256.0 0.998 0.3396 0 0 0 0.0007384 0.0270333 
290000 2301 50.501 1459.0 0.963 0.3703 0 0 0 0.0007275 -0.1065562 
300000 2499 61.935 1656.0 0.982 0.4511 0 0 0 0.0007022 0.1030136 
310000 2731 39.585 1886.0 0.991 0.2955 0 0 0 0.0006931 0.035683 
320000 2940 42.624 2090.0 0.995 0.3158 0 0 0 0.0006619 -0.0508044 
330000 3159 40.714 2308.0 1.0 0.2989 0 0 0 0.0006401 0.1488787 
340000 3409 39.852 2558.0 1.0 0.2936 0 0 0 0.0006327 -0.0290371 
350000 3641 40.415 2784.0 0.962 0.2946 0 0 0 0.0006324 -0.000224 
360000 3868 46.415 3005.0 0.986 0.3386 0 0 0 0.000623 0.0062722 
370000 4088 44.682 3217.0 0.974 0.3283 0 0 0 0.0006155 0.0784566 
380000 4317 41.374 3446.0 1.0 0.3131 0 0 0 0.0005991 0.0271614 
390000 4543 43.756 3670.0 0.997 0.3249 0 0 0 0.0006035 0.0897797 
400000 4775 39.811 3900.0 0.999 0.2945 0 0 0 0.0005984 0.0515938 
410000 5003 41.541 4124.0 0.974 0.3059 0 0 0 0.000575 0.0239539 
420000 5202 42.517 4317.0 0.973 0.3152 0 0 0 0.0005569 0.0409081 
430000 5444 38.494 4555.0 0.996 0.2926 0 0 0 0.0005305 -0.0157082 
440000 5654 45.559 4764.0 0.996 0.3353 0 0 0 0.0005256 -0.0265088 
450000 5846 57.731 4952.0 0.984 0.4287 0 0 0 0.0005167 0.0058915 
460000 6106 39.193 5212.0 1.0 0.2877 0 0 0 0.0004866 -0.0249755 
470000 6330 42.733 5435.0 1.0 0.3137 0 0 0 0.0004964 -0.0297562 
480000 6570 42.576 5675.0 1.0 0.3114 0 0 0 0.0004847 -0.042369 
490000 6777 41.943 5882.0 1.0 0.3089 0 0 0 0.0004911 0.0140089 
500000 6985 46.521 6084.0 0.954 0.3441 0 0 0 0.0004811 -0.0439429 
510000 7231 41.412 6330.0 1.0 0.3119 0 0 0 0.0004881 -0.0412656 
520000 7422 58.816 6514.0 0.973 0.4398 0 0 0 0.0004806 -0.0139762 
530000 7650 43.773 6738.0 0.981 0.3203 0 0 0 0.0004634 -0.0333707 
540000 7886 47.166 6970.0 0.984 0.3607 0 0 0 0.0004819 0.0329946 
550000 8118 41.387 7196.0 0.96 0.3098 0 0 0 0.0004769 -0.0483891 
560000 8330 43.999 7403.0 0.993 0.3305 0 0 0 0.0004775 0.0203759 
570000 8548 49.488 7619.0 0.994 0.3614 0 0 0 0.0004883 0.0751802 
580000 8758 46.669 7823.0 0.977 0.3478 0 0 0 0.0004822 -0.0181115 
590000 8971 56.656 8032.0 0.995 0.4193 0 0 0 0.0004798 0.0712509 
600000 9185 46.646 8241.0 0.974 0.3434 0 0 0 0.0004925 -0.0124306 
610000 9403 50.546 8452.0 0.978 0.3707 0 0 0 0.0004876 -0.0072744 
620000 9581 51.859 8625.0 0.993 0.3822 0 0 0 0.0004911 0.0434557 
630000 9803 46.927 8847.0 1.0 0.3472 0 0 0 0.0005004 -0.0389683 
640000 9995 50.261 9036.0 0.993 0.3712 0 0 0 0.000489 -0.018215 
650000 10243 40.218 9284.0 1.0 0.2943 0 0 0 0.0004996 -0.0408056 
660000 10467 45.898 9508.0 1.0 0.3399 0 0 0 0.0005002 -0.007071 
670000 10667 45.632 9706.0 0.999 0.3358 0 0 0 0.0005113 0.0755271 
680000 10876 49.041 9914.0 1.0 0.3639 0 0 0 0.0005173 0.0368801 
690000 11076 40.657 10113.0 1.0 0.3008 0 0 0 0.0005184 -0.02988 
700000 11309 41.36 10340.0 0.99 0.3081 0 0 0 0.0005222 -0.0222524 
710000 11540 42.987 10569.0 0.999 0.318 0 0 0 0.0005142 0.002639 
720000 11768 44.722 10797.0 1.0 0.3339 0 0 0 0.0005148 -0.0507816 
730000 11997 43.117 11024.0 0.973 0.3228 0 0 0 0.00053 0.0177704 
740000 12209 41.669 11232.0 0.993 0.3095 0 0 0 0.0005252 -0.0114208 
750000 12404 48.25 11424.0 0.998 0.3583 0 0 0 0.0005179 0.0034563 
760000 12637 43.008 11655.0 1.0 0.3182 0 0 0 0.0005166 -0.0037541 
770000 12858 45.615 11875.0 0.996 0.344 0 0 0 0.0005215 -0.0190278 
780000 13100 41.16 12117.0 1.0 0.3053 0 0 0 0.0005136 0.0005665 
790000 13345 38.509 12360.0 0.999 0.2839 0 0 0 0.0005213 -0.0295394 
800000 13583 44.421 12586.0 0.938 0.3326 0 0 0 0.0005174 -0.0001531 
810000 13811 42.894 12814.0 0.999 0.3165 0 0 0 0.0005193 -0.0148465 
820000 14015 40.391 13008.0 0.933 0.298 0 0 0 0.0005141 -0.0154938 
830000 14239 42.033 13228.0 0.994 0.3112 0 0 0 0.0005148 -0.0022897 
840000 14471 41.567 13460.0 1.0 0.3036 0 0 0 0.0005259 -0.0546124 
850000 14716 42.474 13703.0 0.961 0.3183 0 0 0 0.0005156 0.0558545 
860000 14945 43.832 13932.0 1.0 0.333 0 0 0 0.0005173 0.0014149 
870000 15179 42.752 14166.0 1.0 0.3222 0 0 0 0.0005325 -0.0143233 
880000 15413 42.99 14400.0 1.0 0.3279 0 0 0 0.0005178 -0.0287203 
890000 15657 40.29 14644.0 1.0 0.3054 0 0 0 0.0005135 -0.0236492 
900000 15891 48.376 14878.0 1.0 0.3589 0 0 0 0.0005143 0.1663163 
910000 16138 38.682 15123.0 0.999 0.2881 0 0 0 0.0005103 -0.0146827 
920000 16388 38.705 15369.0 0.995 0.2858 0 0 0 0.0005076 0.0901367 
930000 16607 43.926 15584.0 0.949 0.3246 0 0 0 0.0005121 -0.0524723 
940000 16866 39.326 15841.0 0.998 0.2957 0 0 0 0.000508 0.0959115 
950000 17103 39.546 16078.0 1.0 0.3016 0 0 0 0.0004893 -0.017083 
960000 17360 37.406 16335.0 1.0 0.2812 0 0 0 0.0004965 0.0857658 
970000 17612 39.296 16587.0 1.0 0.2913 0 0 0 0.0004999 0.0577002 
980000 17857 41.88 16832.0 1.0 0.3111 0 0 0 0.0005072 -0.0067679 
990000 18090 43.572 17063.0 1.0 0.322 0 0 0 0.000485 -0.0163213 
