0 0 0.0 0.0 0.0 0.0 0 0 0 0.0 0.0 
1000 1 19.68 -1.0 -0.02 0.0739 0 0 0 0.0 0.0 
2000 2 39.286 -1.0 -0.02 0.1425 0 0 0 0.0 0.0 
3000 3 58.501 -1.0 -0.019 0.2137 0 0 0 0.0 0.0 
4000 4 77.331 0.0 0.001 0.2812 0 0 0 0.0 0.0 
5000 5 95.784 1.0 0.021 0.3437 0 0 0 0.0 0.0 
6000 6 113.868 1.0 0.021 0.4065 0 0 0 0.0 0.0 
7000 7 131.591 2.0 0.04 0.4694 0 0 0 0.0 0.0 
8000 8 148.959 2.0 0.04 0.5289 0 0 0 0.0 0.0 
9000 9 165.98 2.0 0.039 0.5888 0 0 0 0.0 0.0 
10000 10 182.66 2.0 0.038 0.6492 0 0 0 0.0 0.0 
11000 11 199.007 -34.6 -0.695 0.7084 0 0 0 0.0 0.0 
12000 12 215.027 -36.4 -0.717 0.7654 0 0 0 0.0 0.0 
13000 13 230.727 -36.4 -0.703 0.8243 0 0 0 0.0 0.0 
14000 14 246.112 -36.4 -0.689 0.8812 0 0 0 0.0 0.0 
15000 15 261.19 -36.4 -0.675 0.9401 0 0 0 0.0 0.0 
16000 16 275.966 -36.4 -0.661 0.9904 0 0 0 0.0 0.0 
17000 17 290.447 -36.4 -0.648 1.0407 0 0 0 0.0 0.0 
18000 18 304.638 -36.4 -0.635 1.0972 0 0 0 0.0 0.0 
19000 19 318.545 -36.4 -0.622 1.1471 0 0 0 0.0 0.0 
20000 20 332.174 -36.4 -0.61 1.1983 0 0 0 0.0 0.0 
21000 22 335.706 -52.8 -0.913 1.2866 0 0 0 0.0035901 0.0003588 
22000 24 345.572 -51.8 -0.857 1.4216 0 0 0 0.0028436 0.0002843 
23000 34 288.652 -56.2 -0.785 1.2156 0 0 0 0.0024257 0.0002425 
24000 35 302.879 -59.1 -0.823 1.3481 0 0 0 0.0026002 0.00026 
25000 36 316.822 -58.1 -0.787 1.4783 0 0 0 0.0025975 0.0002597 
26000 38 333.255 -58.1 -0.755 1.6505 0 0 0 0.0025055 0.0002505 
27000 39 346.59 -58.1 -0.74 1.7799 0 0 0 0.0026895 0.0002689 
28000 40 359.659 -58.1 -0.725 1.9059 0 0 0 0.0027469 0.0002746 
29000 41 372.465 -58.1 -0.711 2.0288 0 0 0 0.0027429 0.0002742 
30000 42 376.896 -59.1 -0.717 2.0815 0 0 0 0.0027284 0.0002728 
31000 43 389.358 -59.1 -0.702 2.2025 0 0 0 0.0029757 0.0002975 
32000 44 401.571 -59.1 -0.688 2.3167 0 0 0 0.0028253 0.0002825 
33000 45 413.54 -59.1 -0.675 2.4352 0 0 0 0.0026284 0.0002628 
34000 46 425.269 -59.1 -0.661 2.5421 0 0 0 0.0026874 0.0002687 
35000 47 436.763 -59.1 -0.648 2.6479 0 0 0 0.002879 0.0002879 
36000 48 448.028 -59.1 -0.635 2.755 0 0 0 0.0027685 0.0002768 
37000 49 459.068 -58.6 -0.612 2.856 0 0 0 0.0029046 0.0002904 
38000 50 469.886 -58.6 -0.6 2.959 0 0 0 0.0027059 0.0002706 
39000 51 480.488 -58.6 -0.588 3.0562 0 0 0 0.0026929 0.0002693 
40000 52 490.879 -58.6 -0.576 3.1577 0 0 0 0.002762 0.0002762 
41000 53 501.061 -58.6 -0.565 3.2557 0 0 0 0.0026849 0.0002685 
42000 54 511.04 -58.6 -0.553 3.3491 0 0 0 0.0028575 0.0002857 
43000 55 520.819 -58.6 -0.542 3.4396 0 0 0 0.0028214 0.0002821 
44000 56 530.403 -58.6 -0.531 3.5283 0 0 0 0.0027199 0.000272 
45000 57 539.795 -58.6 -0.521 3.6179 0 0 0 0.0028044 0.0002804 
46000 58 548.999 -58.6 -0.51 3.7036 0 0 0 0.0027145 0.0002714 
47000 59 558.019 -58.6 -0.5 3.793 0 0 0 0.0027002 0.00027 
48000 60 566.858 -58.6 -0.49 3.8764 0 0 0 0.0028147 0.0002815 
49000 61 575.521 -58.6 -0.48 3.9614 0 0 0 0.0026881 0.0002688 
50000 62 584.011 -58.6 -0.471 4.0414 0 0 0 0.0027348 0.0002735 
51000 63 592.331 -58.6 -0.461 4.1193 0 0 0 0.0027792 0.0002779 
52000 64 600.484 -58.6 -0.452 4.1948 0 0 0 0.0028695 0.0002869 
53000 65 608.474 -58.6 -0.443 4.2734 0 0 0 0.0026734 0.0002673 
54000 66 616.305 -58.6 -0.434 4.3449 0 0 0 0.002676 0.0002676 
55000 67 623.979 -58.6 -0.426 4.4171 0 0 0 0.002754 0.0002754 
56000 68 631.499 -58.6 -0.417 4.4886 0 0 0 0.0028118 0.0002812 
57000 69 638.869 -58.6 -0.409 4.5583 0 0 0 0.0027916 0.0002791 
58000 70 646.092 -58.6 -0.401 4.6296 0 0 0 0.002712 0.0002712 
59000 71 653.17 -57.6 -0.373 4.6958 0 0 0 0.0028369 0.0002837 
60000 72 660.107 -57.6 -0.365 4.763 0 0 0 0.0028173 0.0002817 
61000 73 666.904 -57.6 -0.358 4.8286 0 0 0 0.0027792 0.0002779 
62000 74 673.566 -58.3 -0.365 4.8957 0 0 0 0.0027889 0.0002789 
63000 75 680.095 -58.3 -0.357 4.9549 0 0 0 0.0026863 0.0002686 
64000 76 686.493 -57.3 -0.35 5.0183 0 0 0 0.0028047 0.0002805 
65000 77 692.763 -65.8 -0.327 5.0724 0 0 0 0.0028063 0.0002806 
66000 79 690.75 -68.8 -0.536 5.0724 0 0 0 0.0026994 0.0002699 
67000 80 696.935 -67.8 -0.525 5.1266 0 0 0 0.0028248 0.0002825 
68000 81 695.136 -68.8 -0.515 5.1216 0 0 0 0.002872 0.0002872 
69000 82 701.233 -68.8 -0.505 5.1799 0 0 0 0.0028948 0.0002895 
70000 83 707.209 -77.8 -0.474 5.2354 0 0 0 0.0027824 0.0002782 
71000 84 713.065 -93.3 -0.671 5.2964 0 0 0 0.0027773 0.0002777 
72000 85 718.803 -104.9 -1.214 5.35 0 0 0 0.0027845 0.0002784 
73000 86 724.427 -104.9 -1.169 5.3992 0 0 0 0.0027688 0.0002769 
74000 87 729.939 -104.9 -1.146 5.4538 0 0 0 0.0028197 0.000282 
75000 88 735.34 -103.9 -1.123 5.506 0 0 0 0.0028382 0.0002838 
76000 89 740.633 -103.9 -1.081 5.5555 0 0 0 0.0027896 0.000279 
77000 90 745.82 -103.9 -1.059 5.6009 0 0 0 0.0027081 0.0002708 
78000 91 750.904 -103.9 -1.038 5.6496 0 0 0 0.0027992 0.0002799 
79000 92 755.886 -102.9 -1.017 5.6938 0 0 0 0.0027468 0.0002747 
80000 93 760.768 -102.9 -0.977 5.7364 0 0 0 0.0027178 0.0002718 
81000 94 765.553 -121.4 -0.957 5.7826 0 0 0 0.0028021 0.0002802 
82000 95 770.242 -123.0 -1.34 5.828 0 0 0 0.002786 0.0002786 
83000 96 774.837 -123.0 -1.313 5.8743 0 0 0 0.0027746 0.0002775 
84000 97 779.34 -123.0 -1.287 5.9199 0 0 0 0.0027951 0.0002795 
85000 98 783.753 -123.0 -1.261 5.9569 0 0 0 0.002779 0.0002779 
86000 99 788.078 -123.0 -1.236 5.9952 0 0 0 0.0028528 0.0002853 
87000 100 792.317 -123.0 -1.211 6.037 0 0 0 0.002808 0.0002808 
88000 101 796.47 -123.0 -1.187 6.0744 0 0 0 0.0028166 0.0002817 
89000 102 800.541 -134.3 -1.163 6.1198 0 0 0 0.002855 0.0002855 
90000 103 804.53 -141.5 -1.51 6.1558 0 0 0 0.0027762 0.0002776 
91000 104 808.44 -141.5 -1.48 6.1926 0 0 0 0.0028512 0.0002851 
92000 105 812.271 -140.5 -1.43 6.2321 0 0 0 0.002823 0.0002823 
93000 106 816.025 -140.5 -1.402 6.2683 0 0 0 0.0026978 0.0002698 
94000 107 819.705 -140.5 -1.374 6.302 0 0 0 0.0027361 0.0002736 
95000 108 823.311 -140.5 -1.346 6.3365 0 0 0 0.0027314 0.0002731 
96000 109 826.845 -148.1 -1.319 6.3692 0 0 0 0.0027675 0.0002767 
97000 110 830.308 -158.2 -1.647 6.3985 0 0 0 0.002796 0.0002796 
98000 111 833.702 -158.2 -1.614 6.4298 0 0 0 0.0028701 0.000287 
99000 112 837.028 -158.2 -1.582 6.4597 0 0 0 0.0027653 0.0002765 
100000 113 840.287 -158.2 -1.55 6.4927 0 0 0 0.0027896 0.000279 
101000 114 843.481 -158.2 -1.519 6.5189 0 0 0 0.0027884 0.0002788 
102000 115 846.612 -158.2 -1.489 6.5481 0 0 0 0.0028338 0.0002834 
103000 116 849.679 -157.2 -1.439 6.5772 0 0 0 0.0027789 0.0002779 
104000 117 852.686 -156.2 -1.39 6.6034 0 0 0 0.0027721 0.0002772 
105000 118 855.632 -156.2 -1.362 6.6309 0 0 0 0.0028604 0.000286 
106000 119 858.519 -156.2 -1.335 6.657 0 0 0 0.0026965 0.0002696 
107000 120 858.989 -157.2 -1.328 6.6664 0 0 0 0.0028368 0.0002837 
108000 121 861.809 -157.2 -1.302 6.6903 0 0 0 0.0027816 0.0002782 
109000 122 864.573 -157.2 -1.276 6.7148 0 0 0 0.0027722 0.0002772 
110000 123 867.282 -157.2 -1.25 6.7444 0 0 0 0.0028512 0.0002851 
111000 124 869.936 -157.2 -1.225 6.7683 0 0 0 0.0028266 0.0002827 
112000 125 872.537 -157.2 -1.201 6.7913 0 0 0 0.0028456 0.0002846 
113000 126 875.087 -157.2 -1.177 6.8155 0 0 0 0.0027999 0.00028 
114000 127 877.585 -157.2 -1.153 6.8393 0 0 0 0.0028467 0.0002847 
115000 128 880.033 -157.2 -1.13 6.8606 0 0 0 0.0028265 0.0002826 
116000 129 882.432 -157.2 -1.107 6.8849 0 0 0 0.002844 0.0002844 
117000 130 884.784 -157.2 -1.085 6.9094 0 0 0 0.0028542 0.0002854 
118000 131 887.088 -156.2 -1.064 6.9318 0 0 0 0.0027696 0.000277 
119000 132 889.346 -156.2 -1.022 6.9522 0 0 0 0.0028776 0.0002878 
120000 133 891.559 -156.2 -1.002 6.9741 0 0 0 0.0028306 0.0002831 
121000 134 893.728 -156.2 -0.982 6.9896 0 0 0 0.0028552 0.0002855 
122000 135 895.854 -156.2 -0.962 7.008 0 0 0 0.0028144 0.0002814 
123000 136 897.937 -156.2 -0.943 7.0276 0 0 0 0.0027562 0.0002756 
124000 137 899.978 -156.2 -0.924 7.0492 0 0 0 0.0028341 0.0002834 
125000 140 881.8 -161.4 -0.992 6.9136 0 0 0 0.0028164 0.0002816 
126000 175 449.426 -189.3 -0.896 3.5443 0 0 0 0.0029513 0.0002951 
127000 186 378.381 -197.2 -0.861 2.9914 0 0 0 0.0030048 0.0003005 
128000 200 298.369 -234.4 -1.318 2.3684 0 0 0 0.0029851 0.0002985 
129000 201 312.402 -234.4 -1.3 2.4823 0 0 0 0.0030378 0.0003038 
130000 202 326.154 -234.4 -1.274 2.595 0 0 0 0.0030224 0.0003022 
131000 203 339.631 -233.4 -1.229 2.7033 0 0 0 0.0030651 0.0003065 
132000 204 352.838 -233.4 -1.204 2.8087 0 0 0 0.0030491 0.0003049 
133000 205 365.781 -233.4 -1.18 2.9135 0 0 0 0.0030777 0.0003078 
134000 206 378.466 -232.4 -1.156 3.0159 0 0 0 0.0029839 0.0002984 
135000 207 390.896 -232.4 -1.113 3.1186 0 0 0 0.0030345 0.0003034 
136000 208 403.079 -232.4 -1.091 3.2168 0 0 0 0.0030063 0.0003006 
137000 209 415.017 -232.4 -1.069 3.315 0 0 0 0.0030175 0.0003017 
138000 210 426.717 -232.4 -1.048 3.4105 0 0 0 0.0030217 0.0003022 
139000 211 434.542 -233.4 -1.047 3.4767 0 0 0 0.0030074 0.0003007 
140000 212 445.851 -233.4 -1.026 3.5638 0 0 0 0.0030849 0.0003085 
141000 213 456.934 -233.4 -1.005 3.6518 0 0 0 0.0030377 0.0003038 
142000 214 467.796 -234.8 -1.013 3.7398 0 0 0 0.0030319 0.0003032 
143000 215 478.44 -233.8 -0.973 3.8238 0 0 0 0.0031002 0.00031 
144000 216 488.871 -230.8 -0.933 3.9071 0 0 0 0.0030692 0.0003069 
145000 217 499.094 -239.6 -0.947 3.9933 0 0 0 0.0030879 0.0003088 
146000 218 509.112 -246.7 -1.214 4.0789 0 0 0 0.0031688 0.0003169 
147000 219 510.449 -244.7 -1.17 4.0878 0 0 0 0.0032071 0.0003207 
148000 225 482.436 -241.2 -0.935 3.8596 0 0 0 0.0032647 0.0003265 
149000 226 492.787 -243.2 -0.896 3.9378 0 0 0 0.0032063 0.0003206 
150000 227 502.932 -281.3 -1.572 4.0154 0 0 0 0.003236 0.0003236 
151000 228 512.873 -297.0 -1.963 4.0994 0 0 0 0.0033242 0.0003324 
152000 231 504.873 -303.8 -1.979 4.0324 0 0 0 0.0032522 0.0003252 
153000 232 514.776 -303.8 -1.94 4.1126 0 0 0 0.0032181 0.0003218 
154000 233 514.12 -304.8 -1.921 4.1075 0 0 0 0.0032259 0.0003226 
155000 239 484.268 -306.3 -1.74 3.8743 0 0 0 0.0032545 0.0003254 
156000 243 452.779 -309.3 -1.658 3.623 0 0 0 0.0032842 0.0003284 
157000 247 442.298 -311.3 -1.568 3.5356 0 0 0 0.0032786 0.0003279 
158000 248 453.452 -311.3 -1.537 3.6301 0 0 0 0.0033455 0.0003345 
159000 249 464.383 -310.3 -1.486 3.715 0 0 0 0.0033134 0.0003313 
160000 250 475.096 -310.3 -1.456 3.7991 0 0 0 0.0033186 0.0003319 
161000 253 470.355 -306.5 -1.297 3.7622 0 0 0 0.0032813 0.0003281 
162000 255 473.989 -307.5 -1.266 3.7905 0 0 0 0.0032451 0.0003245 
163000 260 441.176 -313.1 -1.25 3.5286 0 0 0 0.003309 0.0003309 
164000 272 367.866 -324.4 -1.185 2.9482 0 0 0 0.0033214 0.0003321 
165000 274 373.559 -325.4 -1.159 2.9981 0 0 0 0.0033315 0.0003331 
166000 277 371.657 -327.3 -1.118 2.9838 0 0 0 0.0033209 0.0003321 
167000 280 359.017 -328.3 -1.08 2.8824 0 0 0 0.0033484 0.0003348 
168000 282 364.98 -329.3 -1.057 2.9278 0 0 0 0.0033414 0.0003341 
169000 289 336.776 -338.5 -1.095 2.705 0 0 0 0.0034159 0.0003416 
170000 293 338.954 -350.2 -1.194 2.7201 0 0 0 0.0034392 0.0003439 
171000 304 290.119 -358.0 -1.109 2.33 0 0 0 0.003444 0.0003444 
172000 314 254.276 -359.2 -0.948 2.0479 0 0 0 0.0035227 0.0003523 
173000 322 233.209 -365.8 -0.931 1.882 0 0 0 0.0034597 0.000346 
174000 333 206.413 -382.4 -1.021 1.6647 0 0 0 0.0035982 0.0003598 
175000 338 198.398 -383.0 -0.962 1.6009 0 0 0 0.0035498 0.000355 
176000 347 189.868 -391.1 -0.941 1.5308 0 0 0 0.0035817 0.0003582 
177000 352 185.49 -403.4 -1.086 1.5002 0 0 0 0.0036006 0.00036 
178000 356 194.141 -409.9 -1.079 1.5683 0 0 0 0.0036818 0.0003682 
179000 361 188.898 -423.8 -1.09 1.5266 0 0 0 0.0036944 0.0003694 
180000 363 202.598 -450.0 -1.634 1.6354 0 0 0 0.0037036 0.0003704 
181000 366 207.11 -454.4 -1.751 1.6682 0 0 0 0.0036494 0.0003649 
182000 367 222.968 -452.4 -1.696 1.7947 0 0 0 0.0036683 0.0003668 
183000 368 238.508 -469.5 -1.984 1.9156 0 0 0 0.0036705 0.000367 
184000 374 237.56 -482.3 -1.994 1.9077 0 0 0 0.0037119 0.0003712 
185000 386 204.128 -492.5 -1.744 1.6454 0 0 0 0.0036927 0.0003693 
186000 398 177.358 -502.7 -1.5 1.4366 0 0 0 0.0037017 0.0003702 
187000 404 171.873 -500.8 -1.322 1.3922 0 0 0 0.0037836 0.0003784 
188000 406 186.307 -511.1 -1.447 1.5095 0 0 0 0.0037161 0.0003716 
189000 410 193.798 -525.2 -1.667 1.5621 0 0 0 0.0038057 0.0003806 
190000 416 189.876 -523.7 -1.416 1.5319 0 0 0 0.0038126 0.0003813 
191000 417 201.659 -544.8 -1.51 1.6246 0 0 0 0.0038094 0.0003809 
192000 420 212.113 -570.8 -2.222 1.7176 0 0 0 0.0038767 0.0003877 
193000 421 222.81 -572.5 -2.198 1.8006 0 0 0 0.0038514 0.0003851 
194000 422 232.434 -601.1 -2.21 1.8745 0 0 0 0.0038791 0.0003879 
195000 425 236.726 -613.4 -2.766 1.9075 0 0 0 0.0038561 0.0003856 
196000 430 243.864 -618.6 -2.657 1.9587 0 0 0 0.0038256 0.0003826 
197000 435 241.021 -644.4 -2.737 1.9372 0 0 0 0.0039071 0.0003907 
198000 436 243.561 -647.1 -2.858 1.9569 0 0 0 0.0039152 0.0003915 
199000 437 258.69 -645.1 -2.843 2.0725 0 0 0 0.0038936 0.0003894 
200000 438 269.596 -651.4 -2.76 2.1629 0 0 0 0.0038867 0.0003887 
201000 443 274.019 -663.7 -2.826 2.2019 0 0 0 0.0038594 0.0003859 
202000 452 246.674 -680.9 -2.668 1.981 0 0 0 0.0038648 0.0003865 
203000 454 259.266 -688.0 -2.726 2.0796 0 0 0 0.0038765 0.0003876 
204000 463 236.552 -699.8 -2.494 1.8989 0 0 0 0.0039044 0.0003904 
205000 464 251.821 -712.7 -2.722 2.0186 0 0 0 0.0038442 0.0003844 
206000 465 261.624 -713.9 -2.587 2.0953 0 0 0 0.0038052 0.0003805 
207000 466 276.392 -714.7 -2.6 2.2116 0 0 0 0.0037865 0.0003786 
208000 467 290.864 -715.5 -2.582 2.321 0 0 0 0.0037522 0.0003752 
209000 470 297.112 -715.9 -2.469 2.3648 0 0 0 0.0036846 0.0003685 
210000 471 311.17 -719.2 -2.492 2.4762 0 0 0 0.0036964 0.0003696 
211000 473 318.029 -727.6 -2.541 2.5275 0 0 0 0.0036701 0.000367 
212000 474 331.668 -725.6 -2.47 2.636 0 0 0 0.0036749 0.0003675 
213000 475 345.035 -722.6 -2.381 2.7433 0 0 0 0.0036766 0.0003677 
214000 477 351.065 -727.5 -2.319 2.7918 0 0 0 0.0035747 0.0003575 
215000 479 357.942 -729.0 -2.282 2.8417 0 0 0 0.0035702 0.000357 
216000 481 353.069 -729.4 -2.242 2.8053 0 0 0 0.0035366 0.0003537 
217000 484 350.209 -727.4 -2.09 2.783 0 0 0 0.0035339 0.0003534 
218000 491 320.566 -735.9 -1.782 2.5492 0 0 0 0.0034857 0.0003486 
219000 493 331.416 -745.4 -1.962 2.6337 0 0 0 0.0034959 0.0003496 
220000 494 344.788 -757.0 -2.227 2.7369 0 0 0 0.0034479 0.0003448 
221000 495 357.892 -761.8 -2.264 2.8455 0 0 0 0.0034177 0.0003418 
222000 498 358.729 -786.0 -2.641 2.8502 0 0 0 0.0033948 0.0003395 
223000 499 371.554 -796.3 -2.568 2.953 0 0 0 0.0033964 0.0003396 
224000 501 371.922 -808.5 -2.688 2.9539 0 0 0 0.0033189 0.0003319 
225000 502 384.484 -804.7 -2.843 3.0518 0 0 0 0.0033175 0.0003317 
226000 504 399.798 -806.7 -2.711 3.169 0 0 0 0.0032909 0.0003291 
227000 505 404.022 -821.5 -2.873 3.2035 0 0 0 0.0032936 0.0003294 
228000 509 394.31 -833.6 -2.974 3.1329 0 0 0 0.0033015 0.0003301 
229000 510 406.423 -845.9 -2.899 3.224 0 0 0 0.0032742 0.0003274 
230000 511 418.295 -852.5 -3.235 3.3204 0 0 0 0.00329 0.000329 
231000 512 422.749 -853.5 -3.17 3.3524 0 0 0 0.0033149 0.0003315 
232000 513 434.294 -853.5 -3.107 3.442 0 0 0 0.0032805 0.0003281 
233000 514 445.608 -853.5 -3.045 3.5339 0 0 0 0.0032843 0.0003284 
234000 515 456.696 -853.5 -2.984 3.6203 0 0 0 0.0032546 0.0003255 
235000 516 467.562 -853.5 -2.924 3.7133 0 0 0 0.0032412 0.0003241 
236000 517 478.211 -853.5 -2.865 3.7985 0 0 0 0.0032229 0.0003223 
237000 518 488.647 -879.6 -2.768 3.8845 0 0 0 0.0032211 0.0003221 
238000 519 498.874 -883.3 -3.349 3.9694 0 0 0 0.0032205 0.000322 
239000 521 499.938 -881.3 -3.216 3.9799 0 0 0 0.0032278 0.0003228 
240000 522 509.939 -885.0 -3.112 4.0579 0 0 0 0.0032203 0.000322 
241000 528 475.825 -889.6 -2.929 3.7943 0 0 0 0.0032352 0.0003235 
242000 529 486.308 -900.7 -2.851 3.876 0 0 0 0.0032188 0.0003219 
243000 536 445.08 -906.1 -2.765 3.5498 0 0 0 0.0032583 0.0003258 
244000 549 360.65 -928.0 -2.513 2.8771 0 0 0 0.0032578 0.0003258 
245000 550 354.217 -929.0 -2.482 2.8261 0 0 0 0.003274 0.0003274 
246000 557 332.831 -936.2 -2.284 2.6597 0 0 0 0.0032783 0.0003278 
247000 560 334.747 -934.5 -2.197 2.6732 0 0 0 0.0032515 0.0003252 
248000 561 348.052 -933.5 -2.073 2.7794 0 0 0 0.0033082 0.0003308 
249000 562 361.091 -933.5 -2.012 2.8828 0 0 0 0.003303 0.0003303 
250000 563 373.869 -930.5 -1.951 2.9833 0 0 0 0.0032463 0.0003246 
251000 564 386.391 -931.9 -1.872 3.0805 0 0 0 0.0032354 0.0003235 
252000 565 398.664 -931.9 -1.863 3.1774 0 0 0 0.0032105 0.000321 
253000 566 410.69 -932.8 -1.826 3.2749 0 0 0 0.0032444 0.0003244 
254000 567 422.477 -953.4 -2.259 3.367 0 0 0 0.0031887 0.0003189 
255000 569 425.586 -955.4 -2.17 3.3982 0 0 0 0.003213 0.0003213 
256000 571 428.593 -967.0 -2.332 3.4227 0 0 0 0.0032526 0.0003253 
257000 573 436.041 -968.4 -2.248 3.4828 0 0 0 0.0031799 0.000318 
258000 578 410.786 -979.4 -2.1 3.2815 0 0 0 0.0031746 0.0003175 
259000 579 422.57 -985.2 -2.262 3.3789 0 0 0 0.0032374 0.0003237 
260000 580 434.118 -992.5 -2.423 3.4703 0 0 0 0.0032114 0.0003211 
261000 582 436.767 -999.6 -2.428 3.4909 0 0 0 0.0032602 0.000326 
262000 584 440.571 -1001.3 -2.437 3.5274 0 0 0 0.0032335 0.0003233 
263000 585 451.76 -1006.9 -2.356 3.6196 0 0 0 0.0032048 0.0003205 
264000 598 367.973 -1013.5 -2.02 2.9497 0 0 0 0.003226 0.0003226 
265000 607 318.264 -1020.2 -1.825 2.554 0 0 0 0.0031933 0.0003193 
266000 610 311.941 -1022.9 -1.718 2.5056 0 0 0 0.003292 0.0003292 
267000 614 317.319 -1026.1 -1.617 2.5479 0 0 0 0.0032943 0.0003294 
268000 616 313.04 -1038.3 -1.713 2.5155 0 0 0 0.003284 0.0003284 
269000 620 318.327 -1046.7 -1.89 2.5608 0 0 0 0.0032521 0.0003252 
270000 623 323.429 -1048.2 -1.795 2.6032 0 0 0 0.0032929 0.0003293 
271000 625 313.176 -1048.7 -1.763 2.5213 0 0 0 0.003272 0.0003272 
272000 632 304.49 -1069.7 -1.931 2.4513 0 0 0 0.0032783 0.0003278 
273000 636 298.879 -1080.0 -2.007 2.4028 0 0 0 0.0032919 0.0003292 
274000 638 310.524 -1103.1 -2.331 2.4927 0 0 0 0.0032793 0.0003279 
275000 644 292.979 -1120.5 -2.363 2.3588 0 0 0 0.003275 0.0003275 
276000 645 297.839 -1134.7 -2.355 2.4042 0 0 0 0.0032517 0.0003252 
277000 650 292.92 -1157.8 -2.689 2.3644 0 0 0 0.0032972 0.0003297 
278000 652 301.281 -1174.9 -2.896 2.4309 0 0 0 0.0032999 0.00033 
279000 655 305.625 -1183.0 -2.97 2.4662 0 0 0 0.0032909 0.0003291 
280000 659 297.527 -1213.5 -3.378 2.3992 0 0 0 0.0033126 0.0003313 
281000 663 296.859 -1210.7 -3.121 2.3928 0 0 0 0.0033007 0.0003301 
282000 664 310.922 -1217.2 -3.025 2.51 0 0 0 0.0033241 0.0003324 
283000 668 307.672 -1257.1 -3.659 2.4858 0 0 0 0.0032712 0.0003271 
284000 669 321.519 -1268.5 -3.814 2.5933 0 0 0 0.0032897 0.000329 
285000 673 303.561 -1275.1 -3.46 2.452 0 0 0 0.0033319 0.0003332 
286000 678 296.847 -1332.3 -3.628 2.3917 0 0 0 0.0032817 0.0003282 
287000 682 296.601 -1395.5 -5.182 2.3986 0 0 0 0.0033062 0.0003306 
288000 683 310.669 -1411.7 -5.538 2.5071 0 0 0 0.0033423 0.0003342 
289000 684 324.456 -1408.3 -5.367 2.6208 0 0 0 0.0033245 0.0003324 
290000 688 322.776 -1411.1 -4.974 2.6071 0 0 0 0.0033632 0.0003363 
291000 691 315.896 -1420.3 -4.737 2.5508 0 0 0 0.0033599 0.000336 
292000 693 330.326 -1436.5 -5.017 2.6604 0 0 0 0.0033177 0.0003318 
293000 697 311.188 -1449.7 -4.635 2.5077 0 0 0 0.0033349 0.0003335 
294000 703 301.899 -1456.7 -4.438 2.4288 0 0 0 0.0033573 0.0003357 
295000 706 308.44 -1465.6 -4.365 2.4839 0 0 0 0.0033268 0.0003327 
296000 707 322.272 -1481.9 -4.604 2.5966 0 0 0 0.0033039 0.0003304 
297000 711 303.247 -1484.0 -4.347 2.4455 0 0 0 0.0033437 0.0003344 
298000 715 306.39 -1484.8 -4.007 2.4675 0 0 0 0.0033964 0.0003396 
299000 716 320.262 -1488.3 -3.886 2.576 0 0 0 0.0033657 0.0003366 
300000 719 321.962 -1513.2 -3.762 2.5864 0 0 0 0.0033192 0.0003319 
301000 721 325.287 -1562.8 -4.768 2.6152 0 0 0 0.0033388 0.0003339 
302000 726 316.032 -1584.1 -4.808 2.544 0 0 0 0.0033187 0.0003319 
303000 727 320.791 -1588.5 -4.914 2.5827 0 0 0 0.0033498 0.000335 
304000 734 308.171 -1602.3 -4.515 2.4814 0 0 0 0.0033645 0.0003364 
305000 735 322.007 -1636.4 -5.159 2.593 0 0 0 0.0033186 0.0003319 
306000 737 329.796 -1669.5 -5.621 2.6505 0 0 0 0.0033929 0.0003393 
307000 744 296.308 -1681.0 -4.9 2.3856 0 0 0 0.0033459 0.0003346 
308000 746 306.294 -1708.0 -5.166 2.4678 0 0 0 0.0033136 0.0003314 
309000 751 302.673 -1716.5 -5.088 2.4399 0 0 0 0.0033154 0.0003315 
310000 752 316.62 -1736.7 -5.391 2.5551 0 0 0 0.0033404 0.000334 
311000 753 330.287 -1737.8 -5.295 2.6684 0 0 0 0.0032979 0.0003298 
312000 755 320.459 -1763.6 -5.192 2.5895 0 0 0 0.0033491 0.0003349 
313000 761 305.331 -1778.3 -5.141 2.4638 0 0 0 0.0033406 0.0003341 
314000 763 311.813 -1789.4 -5.137 2.5106 0 0 0 0.0033458 0.0003346 
315000 766 324.964 -1803.0 -5.281 2.6094 0 0 0 0.0033549 0.0003355 
316000 768 324.136 -1815.4 -5.191 2.6033 0 0 0 0.0033628 0.0003363 
317000 770 333.003 -1840.9 -5.373 2.6773 0 0 0 0.0033502 0.000335 
318000 773 324.747 -1855.1 -5.345 2.6136 0 0 0 0.0033621 0.0003362 
319000 775 332.927 -1870.5 -5.439 2.6762 0 0 0 0.0033361 0.0003336 
320000 780 322.422 -1903.2 -5.286 2.592 0 0 0 0.0033012 0.0003301 
321000 783 326.727 -1938.8 -5.939 2.623 0 0 0 0.003341 0.0003341 
322000 784 340.192 -1975.5 -6.098 2.7273 0 0 0 0.0033787 0.0003379 
323000 787 338.713 -1986.2 -6.464 2.7218 0 0 0 0.0033159 0.0003316 
324000 790 331.489 -2010.0 -6.212 2.6647 0 0 0 0.0032984 0.0003298 
325000 799 307.311 -2017.9 -5.672 2.4762 0 0 0 0.0033504 0.000335 
326000 804 283.488 -2014.6 -5.142 2.2863 0 0 0 0.0033182 0.0003318 
327000 811 271.194 -2041.2 -4.696 2.1828 0 0 0 0.0032595 0.0003259 
328000 815 273.78 -2059.3 -4.893 2.2056 0 0 0 0.003307 0.0003307 
329000 818 270.293 -2094.9 -4.981 2.1752 0 0 0 0.0032779 0.0003278 
330000 825 251.42 -2121.5 -4.791 2.0226 0 0 0 0.0032414 0.0003241 
331000 830 250.657 -2142.6 -4.795 2.0168 0 0 0 0.003343 0.0003343 
332000 835 241.654 -2160.0 -4.827 1.9454 0 0 0 0.0033172 0.0003317 
333000 837 252.065 -2167.5 -4.781 2.0292 0 0 0 0.0033681 0.0003368 
334000 841 259.254 -2189.0 -4.876 2.079 0 0 0 0.0033287 0.0003329 
335000 849 234.007 -2215.7 -4.447 1.8801 0 0 0 0.0033285 0.0003328 
336000 851 249.8 -2234.4 -4.854 2.0112 0 0 0 0.0033295 0.0003329 
337000 853 247.235 -2254.8 -4.77 1.9908 0 0 0 0.0033006 0.0003301 
338000 855 258.345 -2263.5 -4.959 2.0826 0 0 0 0.0033373 0.0003337 
339000 856 273.178 -2278.3 -4.962 2.198 0 0 0 0.0032994 0.0003299 
340000 860 276.949 -2290.6 -4.988 2.2292 0 0 0 0.0032889 0.0003289 
341000 873 234.464 -2305.3 -4.139 1.8891 0 0 0 0.0033053 0.0003305 
342000 883 209.408 -2322.5 -3.739 1.6926 0 0 0 0.0032828 0.0003283 
343000 893 189.783 -2340.1 -3.392 1.5381 0 0 0 0.0033177 0.0003318 
344000 895 197.699 -2363.8 -3.546 1.6037 0 0 0 0.003339 0.0003339 
345000 899 196.593 -2377.9 -3.566 1.5981 0 0 0 0.00332 0.000332 
346000 903 208.601 -2382.5 -3.476 1.7005 0 0 0 0.0032663 0.0003266 
347000 905 220.36 -2470.1 -4.997 1.7967 0 0 0 0.003334 0.0003334 
348000 906 235.953 -2477.2 -5.037 1.9259 0 0 0 0.0032432 0.0003243 
349000 908 246.689 -2498.8 -5.332 2.0064 0 0 0 0.0032563 0.0003256 
350000 912 244.656 -2504.3 -5.028 1.9861 0 0 0 0.0032374 0.0003237 
351000 913 259.763 -2518.3 -5.21 2.1077 0 0 0 0.0032343 0.0003234 
352000 916 267.019 -2528.0 -5.065 2.1695 0 0 0 0.0032681 0.0003268 
353000 921 258.377 -2528.9 -4.675 2.1003 0 0 0 0.0032759 0.0003276 
354000 923 268.685 -2533.5 -4.501 2.1773 0 0 0 0.0032181 0.0003218 
355000 926 258.098 -2561.9 -4.413 2.0918 0 0 0 0.0033 0.00033 
356000 928 268.477 -2575.2 -4.705 2.1747 0 0 0 0.003208 0.0003208 
357000 929 283.108 -2573.4 -4.861 2.2866 0 0 0 0.0031966 0.0003197 
358000 934 285.672 -2583.1 -4.507 2.3081 0 0 0 0.0032197 0.000322 
359000 944 254.44 -2594.9 -3.89 2.0592 0 0 0 0.0032738 0.0003274 
360000 951 231.896 -2612.9 -3.544 1.8797 0 0 0 0.0032377 0.0003238 
361000 954 239.674 -2669.2 -4.555 1.9425 0 0 0 0.0032662 0.0003266 
362000 957 250.55 -2699.7 -4.909 2.029 0 0 0 0.0032663 0.0003266 
363000 958 265.539 -2700.1 -4.819 2.1488 0 0 0 0.0032686 0.0003269 
364000 960 256.056 -2719.3 -4.668 2.0729 0 0 0 0.0032674 0.0003267 
365000 969 242.705 -2732.0 -4.418 1.9653 0 0 0 0.0032977 0.0003298 
366000 970 244.151 -2753.5 -4.35 1.9756 0 0 0 0.0033223 0.0003322 
367000 974 260.205 -2762.1 -4.558 2.0992 0 0 0 0.0032852 0.0003285 
368000 977 263.518 -2783.3 -4.73 2.1228 0 0 0 0.0032963 0.0003296 
369000 980 269.229 -2783.9 -4.459 2.1698 0 0 0 0.0033204 0.000332 
370000 983 275.322 -2791.2 -4.321 2.2161 0 0 0 0.0032798 0.000328 
371000 984 270.516 -2806.8 -4.254 2.1775 0 0 0 0.0032963 0.0003296 
372000 989 269.876 -2807.8 -4.173 2.1737 0 0 0 0.0032938 0.0003294 
373000 990 284.479 -2819.1 -4.083 2.2906 0 0 0 0.003272 0.0003272 
374000 992 297.453 -2840.9 -4.433 2.3939 0 0 0 0.0033186 0.0003319 
375000 993 311.504 -2843.2 -4.541 2.4994 0 0 0 0.0032659 0.0003266 
376000 996 313.717 -2863.5 -4.383 2.5185 0 0 0 0.003294 0.0003294 
377000 999 307.3 -2884.4 -4.601 2.4663 0 0 0 0.003221 0.0003221 
378000 1000 321.154 -2907.7 -4.801 2.5774 0 0 0 0.0032729 0.0003273 
379000 1003 334.074 -2932.3 -5.321 2.6838 0 0 0 0.003231 0.0003231 
380000 1007 327.353 -2945.1 -5.16 2.6348 0 0 0 0.0032363 0.0003236 
381000 1012 307.577 -2962.0 -4.966 2.4764 0 0 0 0.0032736 0.0003274 
382000 1018 295.458 -2971.9 -4.522 2.3839 0 0 0 0.0032578 0.0003258 
383000 1020 305.286 -2993.2 -4.888 2.4604 0 0 0 0.0032926 0.0003293 
384000 1022 297.014 -3085.3 -4.715 2.3942 0 0 0 0.0032872 0.0003287 
385000 1028 295.337 -3101.4 -6.056 2.3851 0 0 0 0.0033093 0.0003309 
386000 1032 288.09 -3103.3 -5.633 2.3277 0 0 0 0.0032736 0.0003274 
387000 1035 288.524 -3109.0 -5.454 2.3271 0 0 0 0.0032401 0.000324 
388000 1041 282.041 -3118.0 -5.027 2.2786 0 0 0 0.0032562 0.0003256 
389000 1050 252.355 -3128.6 -4.416 2.0436 0 0 0 0.0032614 0.0003261 
390000 1054 251.811 -3145.5 -4.407 2.0399 0 0 0 0.003273 0.0003273 
391000 1061 238.435 -3164.3 -4.135 1.936 0 0 0 0.003241 0.0003241 
392000 1067 228.059 -3177.1 -3.922 1.8565 0 0 0 0.0032394 0.0003239 
393000 1068 226.618 -3210.5 -3.844 1.8453 0 0 0 0.0032622 0.0003262 
394000 1075 232.457 -3232.4 -4.326 1.8929 0 0 0 0.0032398 0.000324 
395000 1083 210.782 -3229.7 -3.623 1.7159 0 0 0 0.0032688 0.0003269 
396000 1085 224.44 -3235.4 -3.535 1.828 0 0 0 0.0032767 0.0003277 
397000 1090 225.641 -3239.1 -3.331 1.8343 0 0 0 0.0032648 0.0003265 
398000 1099 206.018 -3257.9 -3.108 1.6753 0 0 0 0.0032956 0.0003296 
399000 1100 207.098 -3256.3 -3.072 1.6825 0 0 0 0.0032641 0.0003264 
400000 1108 204.65 -3261.1 -2.581 1.6718 0 0 0 0.0032653 0.0003265 
401000 1110 218.726 -3279.6 -2.908 1.7799 0 0 0 0.0032824 0.0003282 
402000 1115 206.189 -3297.2 -2.904 1.679 0 0 0 0.0032535 0.0003254 
403000 1120 209.235 -3307.6 -2.898 1.7102 0 0 0 0.0032306 0.0003231 
404000 1125 208.391 -3339.0 -3.034 1.6986 0 0 0 0.0032592 0.0003259 
405000 1128 220.969 -3361.8 -3.449 1.7965 0 0 0 0.0032695 0.0003269 
406000 1133 219.914 -3377.6 -3.457 1.794 0 0 0 0.0032921 0.0003292 
407000 1134 216.316 -3430.9 -3.428 1.765 0 0 0 0.0032793 0.0003279 
408000 1138 230.63 -3444.0 -4.269 1.88 0 0 0 0.003322 0.0003322 
409000 1146 216.095 -3461.1 -3.974 1.7657 0 0 0 0.0032807 0.0003281 
410000 1147 231.773 -3490.2 -4.561 1.8862 0 0 0 0.0033168 0.0003317 
411000 1154 222.14 -3502.3 -4.199 1.8112 0 0 0 0.0032906 0.0003291 
412000 1157 228.743 -3515.3 -4.225 1.8626 0 0 0 0.0033387 0.0003339 
413000 1161 221.869 -3518.8 -3.928 1.8097 0 0 0 0.0033528 0.0003353 
414000 1162 237.431 -3535.7 -3.849 1.9331 0 0 0 0.0033036 0.0003304 
415000 1170 225.529 -3542.8 -3.674 1.8319 0 0 0 0.003286 0.0003286 
416000 1173 233.985 -3562.2 -3.726 1.8992 0 0 0 0.0032526 0.0003253 
417000 1175 246.979 -3563.2 -3.732 2.0023 0 0 0 0.0033288 0.0003329 
418000 1176 262.04 -3561.5 -3.623 2.122 0 0 0 0.0033454 0.0003345 
419000 1181 249.71 -3578.9 -3.494 2.0238 0 0 0 0.0033342 0.0003334 
420000 1184 256.238 -3589.0 -3.489 2.0806 0 0 0 0.0033011 0.0003301 
421000 1185 271.113 -3588.0 -3.539 2.2013 0 0 0 0.0033444 0.0003344 
422000 1190 267.429 -3594.7 -3.286 2.1712 0 0 0 0.0033419 0.0003342 
423000 1196 255.291 -3620.6 -3.445 2.0741 0 0 0 0.0033436 0.0003344 
424000 1204 236.912 -3642.0 -3.298 1.9261 0 0 0 0.0033447 0.0003345 
425000 1210 228.573 -3652.3 -3.11 1.8641 0 0 0 0.0033431 0.0003343 
426000 1220 202.629 -3669.7 -2.846 1.6526 0 0 0 0.0033632 0.0003363 
427000 1221 203.797 -3676.7 -2.835 1.6657 0 0 0 0.0033383 0.0003338 
428000 1231 199.98 -3700.1 -2.839 1.6325 0 0 0 0.003348 0.0003348 
429000 1232 197.681 -3700.1 -2.782 1.6137 0 0 0 0.0033908 0.0003391 
430000 1242 193.152 -3706.9 -2.434 1.5788 0 0 0 0.0033893 0.0003389 
431000 1250 181.025 -3711.9 -2.04 1.483 0 0 0 0.0034047 0.0003405 
432000 1257 177.811 -3732.3 -2.211 1.4557 0 0 0 0.0033661 0.0003366 
433000 1262 178.764 -3748.0 -2.435 1.4675 0 0 0 0.0033742 0.0003374 
434000 1267 174.183 -3758.5 -2.355 1.4346 0 0 0 0.0034254 0.0003425 
435000 1269 189.446 -3763.3 -2.322 1.5535 0 0 0 0.0034168 0.0003417 
436000 1273 191.117 -3769.7 -2.296 1.5742 0 0 0 0.0034147 0.0003415 
437000 1281 189.508 -3787.1 -2.238 1.5579 0 0 0 0.0033838 0.0003384 
438000 1290 176.448 -3807.6 -2.191 1.4531 0 0 0 0.0033925 0.0003393 
439000 1295 179.615 -3830.2 -2.452 1.4772 0 0 0 0.0034345 0.0003434 
440000 1296 196.023 -3830.3 -2.401 1.6106 0 0 0 0.0034041 0.0003404 
441000 1305 178.88 -3850.5 -2.389 1.4677 0 0 0 0.0034322 0.0003432 
442000 1313 172.731 -3867.9 -2.333 1.4212 0 0 0 0.0034431 0.0003443 
443000 1314 174.196 -3868.1 -2.332 1.4328 0 0 0 0.0033995 0.00034 
444000 1324 171.586 -3895.9 -2.427 1.4078 0 0 0 0.0034117 0.0003412 
445000 1325 188.154 -3893.6 -2.359 1.541 0 0 0 0.0033998 0.00034 
446000 1335 174.032 -3903.4 -2.105 1.4247 0 0 0 0.0034306 0.0003431 
447000 1345 160.008 -3923.1 -2.068 1.3149 0 0 0 0.0034194 0.0003419 
448000 1351 160.381 -3930.4 -1.864 1.3179 0 0 0 0.0034153 0.0003415 
449000 1358 158.302 -3952.3 -2.109 1.3021 0 0 0 0.0034476 0.0003448 
450000 1364 158.975 -3962.7 -2.071 1.3062 0 0 0 0.0033645 0.0003364 
451000 1371 156.959 -3980.3 -2.146 1.2894 0 0 0 0.0034023 0.0003402 
452000 1376 158.33 -4004.7 -2.279 1.2987 0 0 0 0.0033775 0.0003378 
453000 1382 161.805 -4019.7 -2.39 1.3221 0 0 0 0.0034085 0.0003408 
454000 1393 147.854 -4044.3 -2.354 1.2174 0 0 0 0.0034301 0.000343 
455000 1403 138.875 -4058.7 -2.177 1.144 0 0 0 0.0034186 0.0003419 
456000 1411 135.016 -4075.3 -2.186 1.1159 0 0 0 0.0034148 0.0003415 
457000 1419 133.982 -4088.9 -2.106 1.1015 0 0 0 0.0034315 0.0003432 
458000 1426 136.501 -4126.2 -2.494 1.1235 0 0 0 0.0034139 0.0003414 
459000 1434 129.1 -4164.6 -2.571 1.062 0 0 0 0.0034414 0.0003441 
460000 1439 141.807 -4181.4 -2.927 1.1642 0 0 0 0.0034506 0.0003451 
461000 1444 146.095 -4203.4 -3.0 1.1978 0 0 0 0.003433 0.0003433 
462000 1453 137.693 -4219.8 -2.742 1.1296 0 0 0 0.0034312 0.0003431 
463000 1458 142.802 -4271.2 -3.364 1.1703 0 0 0 0.0034111 0.0003411 
464000 1463 139.581 -4281.5 -3.315 1.144 0 0 0 0.003424 0.0003424 
465000 1468 152.709 -4291.6 -3.312 1.2515 0 0 0 0.0034257 0.0003426 
466000 1472 162.231 -4300.6 -3.226 1.3254 0 0 0 0.00345 0.000345 
467000 1482 152.573 -4314.5 -2.887 1.2563 0 0 0 0.0034239 0.0003424 
468000 1488 152.546 -4323.6 -2.667 1.2553 0 0 0 0.003422 0.0003422 
469000 1503 131.182 -4347.1 -2.426 1.0835 0 0 0 0.0034418 0.0003442 
470000 1508 139.274 -4363.8 -2.512 1.1465 0 0 0 0.003381 0.0003381 
471000 1522 119.893 -4386.5 -2.304 0.9906 0 0 0 0.0034189 0.0003419 
472000 1535 110.657 -4402.1 -2.092 0.9155 0 0 0 0.0034575 0.0003457 
473000 1547 106.356 -4423.7 -1.969 0.8783 0 0 0 0.0034097 0.000341 
474000 1551 117.217 -4439.9 -2.124 0.9666 0 0 0 0.0033972 0.0003397 
475000 1559 111.432 -4452.7 -2.055 0.9192 0 0 0 0.0034314 0.0003431 
476000 1562 129.009 -4498.1 -2.523 1.061 0 0 0 0.0034205 0.000342 
477000 1564 146.08 -4509.7 -2.974 1.196 0 0 0 0.003434 0.0003434 
478000 1571 146.894 -4526.0 -2.873 1.2024 0 0 0 0.003398 0.0003398 
479000 1581 136.05 -4555.0 -2.809 1.1151 0 0 0 0.0033863 0.0003386 
480000 1592 127.537 -4566.7 -2.524 1.0479 0 0 0 0.0034531 0.0003453 
481000 1596 138.189 -4618.3 -3.33 1.1356 0 0 0 0.0034266 0.0003427 
482000 1603 133.447 -4646.4 -3.381 1.1 0 0 0 0.0034202 0.000342 
483000 1610 138.942 -4653.1 -3.084 1.1426 0 0 0 0.0034298 0.000343 
484000 1618 136.396 -4665.5 -2.883 1.1255 0 0 0 0.0034311 0.0003431 
485000 1623 133.466 -4681.1 -2.827 1.1001 0 0 0 0.0033871 0.0003387 
486000 1626 146.015 -4694.0 -2.988 1.2035 0 0 0 0.0034255 0.0003426 
487000 1630 158.932 -4701.3 -2.721 1.3059 0 0 0 0.0034139 0.0003414 
488000 1636 160.984 -4728.0 -3.007 1.3249 0 0 0 0.0034136 0.0003414 
489000 1643 159.889 -4740.7 -2.862 1.3167 0 0 0 0.003455 0.0003455 
490000 1649 160.756 -4804.4 -3.733 1.3253 0 0 0 0.0034446 0.0003445 
491000 1651 156.694 -4809.2 -3.636 1.2923 0 0 0 0.0034145 0.0003414 
492000 1653 170.409 -4857.3 -3.567 1.4002 0 0 0 0.0034119 0.0003412 
493000 1666 160.584 -4895.1 -4.019 1.3242 0 0 0 0.003411 0.0003411 
494000 1672 163.069 -4938.6 -4.555 1.3475 0 0 0 0.00344 0.000344 
495000 1678 164.088 -4984.9 -4.897 1.3521 0 0 0 0.0034345 0.0003434 
496000 1679 180.806 -4986.2 -4.825 1.4875 0 0 0 0.0034212 0.0003421 
497000 1683 177.499 -5003.3 -4.719 1.4592 0 0 0 0.0034357 0.0003436 
498000 1686 194.728 -5015.8 -4.754 1.5954 0 0 0 0.0034339 0.0003434 
499000 1698 168.166 -5030.6 -3.977 1.3802 0 0 0 0.0034399 0.000344 
500000 1701 179.593 -5030.2 -3.747 1.47 0 0 0 0.0034479 0.0003448 
501000 1707 171.471 -5042.6 -3.473 1.4091 0 0 0 0.0034591 0.0003459 
502000 1710 174.84 -5058.1 -3.576 1.4378 0 0 0 0.0034163 0.0003416 
503000 1723 162.117 -5076.1 -3.114 1.3311 0 0 0 0.0034354 0.0003435 
504000 1729 162.022 -5105.3 -3.317 1.3325 0 0 0 0.0034377 0.0003438 
505000 1730 178.782 -5107.5 -3.251 1.4657 0 0 0 0.0034414 0.0003441 
506000 1736 173.417 -5126.5 -3.162 1.4207 0 0 0 0.0034764 0.0003476 
507000 1740 182.348 -5154.0 -3.566 1.4936 0 0 0 0.0034326 0.0003433 
508000 1741 181.681 -5156.3 -3.496 1.4905 0 0 0 0.0034175 0.0003417 
509000 1746 190.374 -5156.7 -3.231 1.5634 0 0 0 0.0034878 0.0003488 
510000 1751 199.855 -5208.3 -3.85 1.6352 0 0 0 0.0034473 0.0003447 
511000 1753 207.85 -5232.8 -3.886 1.7006 0 0 0 0.0034516 0.0003452 
512000 1758 210.386 -5298.3 -5.009 1.7173 0 0 0 0.0034408 0.0003441 
513000 1766 197.505 -5319.5 -4.576 1.6152 0 0 0 0.0034597 0.000346 
514000 1767 197.495 -5330.7 -4.663 1.6146 0 0 0 0.0034504 0.000345 
515000 1775 200.064 -5349.6 -4.403 1.6342 0 0 0 0.0034237 0.0003424 
516000 1776 216.063 -5349.6 -4.341 1.7629 0 0 0 0.0034837 0.0003484 
517000 1783 199.289 -5359.7 -3.969 1.6268 0 0 0 0.0034394 0.0003439 
518000 1787 209.391 -5372.7 -3.834 1.7074 0 0 0 0.003461 0.0003461 
519000 1799 183.393 -5383.1 -3.245 1.4974 0 0 0 0.0034285 0.0003428 
520000 1811 161.798 -5403.0 -2.905 1.3215 0 0 0 0.0034302 0.000343 
521000 1812 178.562 -5412.1 -3.029 1.455 0 0 0 0.0034528 0.0003453 
522000 1814 174.023 -5424.1 -3.062 1.4194 0 0 0 0.0034063 0.0003406 
523000 1819 190.182 -5429.3 -2.964 1.5463 0 0 0 0.003434 0.0003434 
524000 1821 202.811 -5497.1 -4.121 1.6515 0 0 0 0.0033871 0.0003387 
525000 1828 188.883 -5505.8 -3.791 1.538 0 0 0 0.0034206 0.0003421 
526000 1831 199.291 -5510.1 -3.594 1.6237 0 0 0 0.0034273 0.0003427 
527000 1840 188.458 -5518.0 -3.181 1.536 0 0 0 0.0034001 0.00034 
528000 1850 170.496 -5528.3 -2.769 1.3983 0 0 0 0.0034256 0.0003426 
529000 1858 165.727 -5563.3 -3.013 1.3606 0 0 0 0.0034258 0.0003426 
530000 1869 151.157 -5571.0 -2.586 1.2445 0 0 0 0.0033913 0.0003391 
531000 1873 153.795 -5578.7 -2.537 1.2647 0 0 0 0.0034159 0.0003416 
532000 1877 164.946 -5578.0 -2.291 1.3569 0 0 0 0.0034199 0.000342 
533000 1893 135.572 -5608.0 -2.072 1.119 0 0 0 0.0033694 0.0003369 
534000 1903 130.59 -5637.1 -2.328 1.0797 0 0 0 0.0033934 0.0003393 
535000 1911 129.811 -5649.9 -2.232 1.0759 0 0 0 0.0033865 0.0003387 
536000 1916 122.657 -5652.9 -2.086 1.0169 0 0 0 0.0034044 0.0003404 
537000 1921 144.153 -5661.5 -2.028 1.1848 0 0 0 0.0033948 0.0003395 
538000 1932 132.607 -5679.7 -1.936 1.0921 0 0 0 0.0033787 0.0003379 
539000 1937 128.166 -5686.2 -1.897 1.0566 0 0 0 0.003353 0.0003353 
540000 1944 141.276 -5680.7 -1.542 1.168 0 0 0 0.0033673 0.0003367 
541000 1957 123.281 -5696.0 -1.477 1.0212 0 0 0 0.0033942 0.0003394 
542000 1959 138.759 -5691.6 -1.379 1.1511 0 0 0 0.0033609 0.0003361 
543000 1965 142.868 -5699.8 -1.35 1.1823 0 0 0 0.0033844 0.0003384 
544000 1979 125.079 -5716.2 -1.297 1.0403 0 0 0 0.0033626 0.0003363 
545000 1980 142.578 -5714.8 -1.231 1.1787 0 0 0 0.0033865 0.0003386 
546000 1988 140.6 -5722.9 -1.148 1.1665 0 0 0 0.0033775 0.0003378 
547000 2001 125.418 -5732.5 -1.117 1.041 0 0 0 0.0033642 0.0003364 
548000 2007 118.857 -5741.9 -1.159 0.9868 0 0 0 0.0033742 0.0003374 
549000 2015 126.849 -5744.8 -1.037 1.056 0 0 0 0.0033442 0.0003344 
550000 2018 142.008 -5751.5 -1.109 1.1775 0 0 0 0.0033727 0.0003373 
551000 2028 127.072 -5760.2 -1.029 1.0547 0 0 0 0.0033534 0.0003353 
552000 2035 130.546 -5763.7 -0.976 1.082 0 0 0 0.003365 0.0003365 
553000 2040 142.268 -5761.9 -0.866 1.1777 0 0 0 0.0033616 0.0003362 
554000 2042 139.098 -5761.9 -0.812 1.1526 0 0 0 0.0033629 0.0003363 
555000 2051 143.825 -5771.4 -0.858 1.1938 0 0 0 0.0033476 0.0003348 
556000 2057 144.111 -5823.1 -0.999 1.1937 0 0 0 0.0033253 0.0003325 
557000 2064 150.591 -5883.2 -2.608 1.2468 0 0 0 0.0033256 0.0003326 
558000 2065 167.579 -5883.0 -2.588 1.3864 0 0 0 0.0033248 0.0003325 
559000 2068 162.083 -5888.3 -2.542 1.3431 0 0 0 0.0033091 0.0003309 
560000 2069 178.841 -5887.3 -2.471 1.4772 0 0 0 0.0033511 0.0003351 
561000 2083 164.312 -5896.9 -2.025 1.3589 0 0 0 0.003332 0.0003332 
562000 2091 154.519 -5908.6 -1.97 1.2787 0 0 0 0.0032886 0.0003289 
563000 2094 162.607 -5922.8 -1.916 1.3446 0 0 0 0.0033068 0.0003307 
564000 2101 164.912 -5988.4 -2.997 1.3622 0 0 0 0.0032931 0.0003293 
565000 2112 143.36 -6001.2 -2.623 1.1853 0 0 0 0.0032817 0.0003282 
566000 2118 152.007 -6005.5 -2.426 1.2539 0 0 0 0.0032794 0.0003279 
567000 2119 160.607 -6004.5 -2.406 1.324 0 0 0 0.0032725 0.0003272 
568000 2132 147.743 -6013.0 -1.972 1.2231 0 0 0 0.0032927 0.0003293 
569000 2142 138.939 -6026.4 -1.87 1.1529 0 0 0 0.0032485 0.0003248 
570000 2151 133.515 -6037.3 -1.737 1.1073 0 0 0 0.0032651 0.0003265 
571000 2155 143.356 -6039.3 -1.639 1.1915 0 0 0 0.0032524 0.0003252 
572000 2164 131.002 -6041.3 -1.401 1.0894 0 0 0 0.0032623 0.0003262 
573000 2167 147.266 -6047.3 -1.456 1.2238 0 0 0 0.0032444 0.0003244 
574000 2173 151.224 -6055.8 -1.433 1.2502 0 0 0 0.0032468 0.0003247 
575000 2182 142.183 -6062.2 -1.316 1.1807 0 0 0 0.0032467 0.0003247 
576000 2185 154.908 -6065.0 -1.294 1.2791 0 0 0 0.003242 0.0003242 
577000 2195 140.557 -6077.3 -1.283 1.1622 0 0 0 0.0032257 0.0003226 
578000 2202 144.135 -6078.8 -1.163 1.191 0 0 0 0.0032632 0.0003263 
579000 2213 133.502 -6082.8 -0.986 1.1007 0 0 0 0.0032733 0.0003273 
580000 2217 129.457 -6083.7 -0.876 1.0695 0 0 0 0.0032334 0.0003233 
581000 2219 146.471 -6081.7 -0.854 1.2046 0 0 0 0.0032535 0.0003253 
582000 2225 154.163 -6095.3 -1.012 1.2712 0 0 0 0.0032334 0.0003233 
583000 2230 161.456 -6101.4 -1.033 1.3283 0 0 0 0.0032374 0.0003237 
584000 2243 142.473 -6117.9 -1.081 1.1761 0 0 0 0.0032433 0.0003243 
585000 2244 140.864 -6118.2 -1.085 1.163 0 0 0 0.0032216 0.0003222 
586000 2255 145.845 -6140.9 -1.267 1.1988 0 0 0 0.0032647 0.0003265 
587000 2256 162.929 -6140.9 -1.242 1.3363 0 0 0 0.0032149 0.0003215 
588000 2257 179.67 -6139.9 -1.217 1.4722 0 0 0 0.0032334 0.0003233 
589000 2263 170.903 -6141.9 -1.135 1.4031 0 0 0 0.003218 0.0003218 
590000 2268 179.172 -6148.1 -1.107 1.4669 0 0 0 0.0031991 0.0003199 
591000 2269 195.588 -6154.8 -1.084 1.6025 0 0 0 0.003223 0.0003223 
592000 2276 189.913 -6157.8 -1.137 1.555 0 0 0 0.0032044 0.0003204 
593000 2277 206.115 -6160.2 -1.142 1.6864 0 0 0 0.003205 0.0003205 
594000 2278 203.833 -6160.2 -1.119 1.6676 0 0 0 0.00321 0.000321 
595000 2284 210.387 -6156.1 -0.952 1.7213 0 0 0 0.003228 0.0003228 
596000 2292 201.434 -6163.4 -0.909 1.6492 0 0 0 0.0031972 0.0003197 
597000 2300 184.696 -6169.4 -0.9 1.5118 0 0 0 0.0031811 0.0003181 
598000 2301 194.942 -6167.4 -0.842 1.5994 0 0 0 0.0032091 0.0003209 
599000 2313 179.941 -6173.9 -0.775 1.4753 0 0 0 0.0031795 0.0003179 
600000 2318 181.743 -6178.3 -0.785 1.4918 0 0 0 0.0031952 0.0003195 
601000 2325 169.066 -6200.3 -0.802 1.3889 0 0 0 0.0031661 0.0003166 
602000 2328 182.614 -6198.3 -1.02 1.5078 0 0 0 0.0031705 0.000317 
603000 2329 198.961 -6198.3 -0.98 1.6299 0 0 0 0.0031852 0.0003185 
604000 2332 200.954 -6196.3 -0.902 1.6446 0 0 0 0.003185 0.0003185 
605000 2336 211.238 -6190.8 -0.784 1.7301 0 0 0 0.0031933 0.0003193 
606000 2341 202.422 -6193.6 -0.726 1.6576 0 0 0 0.0031793 0.0003179 
607000 2342 218.374 -6191.6 -0.672 1.7841 0 0 0 0.0031803 0.000318 
608000 2344 230.826 -6190.1 -0.586 1.8802 0 0 0 0.0031569 0.0003157 
609000 2348 241.19 -6187.3 -0.477 1.9689 0 0 0 0.0031797 0.000318 
610000 2352 226.902 -6186.0 -0.435 1.8529 0 0 0 0.0031812 0.0003181 
611000 2357 236.414 -6188.5 -0.443 1.93 0 0 0 0.0031769 0.0003177 
612000 2358 251.686 -6203.8 -0.662 2.0451 0 0 0 0.0031753 0.0003175 
613000 2360 247.383 -6203.8 -0.733 2.0102 0 0 0 0.0031776 0.0003178 
614000 2363 256.168 -6236.4 -0.707 2.0801 0 0 0 0.0031681 0.0003168 
615000 2367 254.904 -6238.9 -1.259 2.0686 0 0 0 0.0031465 0.0003147 
616000 2371 265.537 -6239.5 -1.196 2.1621 0 0 0 0.0031681 0.0003168 
617000 2372 264.946 -6237.5 -1.132 2.157 0 0 0 0.0031925 0.0003192 
618000 2382 246.803 -6242.7 -1.004 2.012 0 0 0 0.003149 0.0003149 
619000 2384 240.194 -6242.7 -1.003 1.9584 0 0 0 0.0031473 0.0003147 
620000 2385 255.39 -6240.7 -0.943 2.0769 0 0 0 0.0031749 0.0003175 
621000 2386 270.282 -6243.3 -0.884 2.1945 0 0 0 0.0031736 0.0003174 
622000 2388 279.639 -6244.3 -0.92 2.2667 0 0 0 0.0031887 0.0003189 
623000 2389 294.046 -6244.3 -0.902 2.3835 0 0 0 0.0031852 0.0003185 
624000 2394 297.143 -6248.8 -0.952 2.4135 0 0 0 0.0031964 0.0003196 
625000 2402 269.003 -6253.2 -0.848 2.1889 0 0 0 0.0031734 0.0003173 
626000 2403 283.623 -6252.2 -0.831 2.3062 0 0 0 0.0031687 0.0003169 
627000 2407 282.682 -6249.2 -0.767 2.2942 0 0 0 0.0031685 0.0003169 
628000 2408 284.788 -6279.4 -0.652 2.3101 0 0 0 0.0031637 0.0003164 
629000 2410 293.85 -6273.1 -1.173 2.3801 0 0 0 0.0031656 0.0003166 
630000 2411 307.973 -6273.1 -1.09 2.4958 0 0 0 0.0031826 0.0003183 
631000 2414 311.495 -6272.1 -1.006 2.5242 0 0 0 0.0031449 0.0003145 
632000 2421 300.574 -6282.0 -1.015 2.4369 0 0 0 0.0031456 0.0003146 
633000 2422 295.962 -6282.2 -1.064 2.3998 0 0 0 0.0031644 0.0003164 
634000 2426 294.359 -6280.2 -0.982 2.3851 0 0 0 0.0031493 0.0003149 
635000 2428 304.102 -6279.2 -0.884 2.4653 0 0 0 0.0031387 0.0003139 
636000 2432 312.488 -6279.8 -0.847 2.5373 0 0 0 0.003136 0.0003136 
637000 2433 326.238 -6278.8 -0.79 2.6449 0 0 0 0.0031467 0.0003147 
638000 2434 322.374 -6291.2 -0.774 2.6137 0 0 0 0.0031255 0.0003125 
639000 2437 334.426 -6291.2 -0.967 2.7119 0 0 0 0.0031318 0.0003132 
640000 2438 347.737 -6289.2 -0.928 2.8151 0 0 0 0.0031057 0.0003106 
641000 2439 360.783 -6287.5 -0.869 2.9217 0 0 0 0.0030934 0.0003093 
642000 2445 344.442 -6291.7 -0.819 2.7858 0 0 0 0.0031012 0.0003101 
643000 2446 338.393 -6290.7 -0.823 2.7373 0 0 0 0.00311 0.000311 
644000 2450 338.972 -6295.1 -0.827 2.747 0 0 0 0.0031009 0.0003101 
645000 2454 333.696 -6293.1 -0.763 2.7058 0 0 0 0.003102 0.0003102 
646000 2459 329.249 -6293.0 -0.633 2.6655 0 0 0 0.0031058 0.0003106 
647000 2461 321.673 -6293.5 -0.638 2.6055 0 0 0 0.003101 0.0003101 
648000 2465 329.314 -6294.2 -0.621 2.666 0 0 0 0.0031274 0.0003127 
649000 2469 315.77 -6294.2 -0.534 2.5583 0 0 0 0.0031083 0.0003108 
650000 2471 329.226 -6291.5 -0.473 2.6673 0 0 0 0.0031189 0.0003119 
651000 2473 322.053 -6292.6 -0.462 2.6088 0 0 0 0.0031236 0.0003124 
652000 2475 326.973 -6293.6 -0.463 2.6473 0 0 0 0.0031082 0.0003108 
653000 2482 318.424 -6298.2 -0.465 2.5814 0 0 0 0.0031086 0.0003109 
654000 2483 332.056 -6348.7 -1.44 2.6882 0 0 0 0.0030684 0.0003068 
655000 2486 327.016 -6346.7 -1.384 2.6463 0 0 0 0.0030715 0.0003072 
656000 2491 314.489 -6342.3 -1.204 2.5485 0 0 0 0.0030999 0.00031 
657000 2498 289.566 -6339.7 -0.992 2.3525 0 0 0 0.0031086 0.0003109 
658000 2502 291.546 -6335.7 -0.801 2.3664 0 0 0 0.0030916 0.0003092 
659000 2503 305.715 -6343.3 -0.937 2.4787 0 0 0 0.0030597 0.000306 
660000 2505 314.849 -6341.9 -0.84 2.5575 0 0 0 0.0030463 0.0003046 
661000 2508 312.17 -6347.0 -0.783 2.5377 0 0 0 0.0030553 0.0003055 
662000 2509 325.926 -6368.0 -1.26 2.6478 0 0 0 0.0030653 0.0003065 
663000 2512 329.631 -6368.4 -1.249 2.6774 0 0 0 0.0030638 0.0003064 
664000 2514 336.818 -6368.4 -1.192 2.7363 0 0 0 0.0030388 0.0003039 
665000 2516 324.525 -6370.4 -1.185 2.6372 0 0 0 0.0030325 0.0003032 
666000 2518 332.634 -6372.1 -1.192 2.705 0 0 0 0.0030528 0.0003053 
667000 2519 345.981 -6371.1 -1.148 2.8162 0 0 0 0.0030144 0.0003014 
668000 2523 339.527 -6373.8 -1.06 2.7603 0 0 0 0.0030327 0.0003033 
669000 2531 318.725 -6374.9 -0.961 2.5946 0 0 0 0.0030236 0.0003024 
670000 2536 302.783 -6385.8 -1.049 2.4647 0 0 0 0.0030212 0.0003021 
671000 2540 305.088 -6384.8 -0.946 2.4849 0 0 0 0.0030283 0.0003028 
672000 2541 301.546 -6389.5 -1.042 2.462 0 0 0 0.0030118 0.0003012 
673000 2542 315.515 -6388.5 -1.021 2.5742 0 0 0 0.0029927 0.0002993 
674000 2543 329.205 -6386.5 -0.98 2.6852 0 0 0 0.0030235 0.0003023 
675000 2546 331.672 -6387.5 -0.924 2.7002 0 0 0 0.0030002 0.0003 
676000 2551 333.244 -6390.1 -0.887 2.7095 0 0 0 0.0029954 0.0002995 
677000 2562 273.954 -6394.5 -0.788 2.2317 0 0 0 0.0030185 0.0003019 
678000 2565 278.733 -6395.5 -0.743 2.273 0 0 0 0.0030044 0.0003004 
679000 2572 265.28 -6401.4 -0.699 2.1675 0 0 0 0.0030008 0.0003001 
680000 2573 270.554 -6399.2 -0.739 2.209 0 0 0 0.0029299 0.000293 
681000 2575 280.1 -6399.2 -0.69 2.283 0 0 0 0.002982 0.0002982 
682000 2590 233.295 -6411.6 -0.735 1.9021 0 0 0 0.0029572 0.0002957 
683000 2591 248.629 -6419.6 -0.88 2.025 0 0 0 0.0029444 0.0002944 
684000 2592 263.657 -6418.6 -0.842 2.1494 0 0 0 0.0030047 0.0003005 
685000 2593 259.244 -6420.3 -0.826 2.1145 0 0 0 0.0029631 0.0002963 
686000 2595 270.638 -6419.3 -0.807 2.2073 0 0 0 0.0029486 0.0002949 
687000 2596 285.225 -6418.3 -0.77 2.3214 0 0 0 0.0029443 0.0002944 
688000 2607 259.518 -6424.6 -0.754 2.1161 0 0 0 0.0029837 0.0002984 
689000 2610 249.61 -6424.1 -0.681 2.0348 0 0 0 0.0029324 0.0002932 
690000 2613 255.824 -6423.1 -0.641 2.0855 0 0 0 0.0029319 0.0002932 
691000 2614 270.707 -6422.1 -0.588 2.2029 0 0 0 0.0029376 0.0002938 
692000 2616 281.867 -6420.1 -0.505 2.3019 0 0 0 0.0029307 0.0002931 
693000 2620 278.888 -6418.4 -0.505 2.2781 0 0 0 0.0029376 0.0002938 
694000 2621 293.31 -6417.4 -0.42 2.3906 0 0 0 0.0029263 0.0002926 
695000 2622 307.444 -6417.6 -0.392 2.504 0 0 0 0.0029029 0.0002903 
696000 2623 321.295 -6416.6 -0.388 2.6207 0 0 0 0.0028813 0.0002881 
697000 2628 315.269 -6413.6 -0.332 2.5695 0 0 0 0.0029035 0.0002904 
698000 2630 320.314 -6413.6 -0.28 2.611 0 0 0 0.0029097 0.000291 
699000 2632 332.95 -6412.6 -0.249 2.7109 0 0 0 0.0028929 0.0002893 
700000 2638 312.701 -6416.5 -0.295 2.5473 0 0 0 0.0029128 0.0002913 
701000 2641 314.094 -6417.5 -0.298 2.5567 0 0 0 0.0028906 0.0002891 
702000 2642 327.812 -6417.5 -0.272 2.6646 0 0 0 0.0028903 0.000289 
703000 2644 318.332 -6416.5 -0.281 2.5892 0 0 0 0.0028789 0.0002879 
704000 2654 293.87 -6415.1 -0.172 2.3902 0 0 0 0.0028605 0.0002861 
705000 2655 289.452 -6415.7 -0.188 2.3546 0 0 0 0.0028611 0.0002861 
706000 2659 289.478 -6413.3 -0.157 2.3582 0 0 0 0.0028685 0.0002869 
707000 2664 292.557 -6409.3 -0.047 2.3813 0 0 0 0.0028484 0.0002848 
708000 2667 291.557 -6408.3 -0.064 2.3713 0 0 0 0.0028596 0.000286 
709000 2668 305.726 -6403.3 -0.003 2.4881 0 0 0 0.0028522 0.0002852 
710000 2672 293.362 -6416.2 0.082 2.3865 0 0 0 0.0028563 0.0002856 
711000 2675 292.795 -6416.2 -0.178 2.3782 0 0 0 0.0028631 0.0002863 
712000 2681 288.976 -6408.2 -0.048 2.3535 0 0 0 0.0028363 0.0002836 
713000 2685 282.949 -6399.4 0.085 2.3017 0 0 0 0.0028583 0.0002858 
714000 2691 275.91 -6400.4 0.147 2.2441 0 0 0 0.0028324 0.0002832 
715000 2692 271.171 -6403.6 0.124 2.2059 0 0 0 0.002836 0.0002836 
716000 2695 283.933 -6397.6 0.134 2.3059 0 0 0 0.0028584 0.0002858 
717000 2701 278.223 -6396.1 0.19 2.2666 0 0 0 0.0028176 0.0002818 
718000 2702 292.659 -6406.2 -0.016 2.377 0 0 0 0.0028179 0.0002818 
719000 2706 289.544 -6403.6 0.035 2.354 0 0 0 0.0028328 0.0002833 
720000 2711 278.532 -6406.7 -0.012 2.269 0 0 0 0.0028295 0.0002829 
721000 2712 283.561 -6406.7 -0.031 2.3091 0 0 0 0.0028337 0.0002834 
722000 2713 297.89 -6408.9 -0.011 2.4257 0 0 0 0.0028269 0.0002827 
723000 2717 297.546 -6410.6 -0.122 2.4236 0 0 0 0.002816 0.0002816 
724000 2719 305.257 -6414.3 -0.117 2.4828 0 0 0 0.002815 0.0002815 
725000 2727 285.911 -6416.6 -0.172 2.3305 0 0 0 0.0028104 0.000281 
726000 2728 288.592 -6414.6 -0.129 2.3525 0 0 0 0.0028175 0.0002818 
727000 2729 302.821 -6411.6 -0.126 2.4676 0 0 0 0.0028131 0.0002813 
728000 2734 302.585 -6409.6 -0.023 2.4649 0 0 0 0.0027664 0.0002766 
729000 2736 293.916 -6409.8 -0.045 2.3948 0 0 0 0.0027778 0.0002778 
730000 2740 297.01 -6407.8 -0.022 2.4205 0 0 0 0.0027961 0.0002796 
731000 2744 295.322 -6405.8 -0.002 2.4037 0 0 0 0.00277 0.000277 
732000 2749 292.111 -6435.1 -0.55 2.3813 0 0 0 0.0027747 0.0002775 
733000 2751 288.769 -6436.3 -0.528 2.353 0 0 0 0.0027883 0.0002788 
734000 2755 296.75 -6435.8 -0.481 2.4182 0 0 0 0.0027712 0.0002771 
735000 2757 304.939 -6435.8 -0.463 2.4852 0 0 0 0.0027828 0.0002783 
736000 2758 313.34 -6471.9 -1.175 2.5515 0 0 0 0.0027577 0.0002758 
737000 2761 309.199 -6476.4 -1.133 2.5162 0 0 0 0.0027633 0.0002763 
738000 2766 306.236 -6515.7 -1.856 2.4932 0 0 0 0.0027467 0.0002747 
739000 2767 320.112 -6513.7 -1.798 2.6063 0 0 0 0.0027572 0.0002757 
740000 2770 310.003 -6511.7 -1.633 2.5272 0 0 0 0.002732 0.0002732 
741000 2772 317.887 -6511.7 -1.569 2.5885 0 0 0 0.0027044 0.0002704 
742000 2774 326.019 -6510.7 -1.547 2.6527 0 0 0 0.0027341 0.0002734 
743000 2776 335.888 -6508.7 -1.368 2.7312 0 0 0 0.0026757 0.0002676 
744000 2778 339.046 -6516.1 -1.347 2.7595 0 0 0 0.0027151 0.0002715 
745000 2783 334.948 -6516.1 -1.322 2.7242 0 0 0 0.0027163 0.0002716 
746000 2784 348.249 -6511.1 -1.215 2.8315 0 0 0 0.002685 0.0002685 
747000 2785 361.284 -6511.1 -1.171 2.9387 0 0 0 0.0026856 0.0002686 
748000 2789 354.556 -6510.1 -1.061 2.8845 0 0 0 0.0026823 0.0002682 
749000 2795 320.303 -6511.4 -0.984 2.6105 0 0 0 0.0027324 0.0002732 
750000 2796 333.897 -6511.0 -0.944 2.7156 0 0 0 0.0026885 0.0002688 
751000 2798 341.675 -6511.0 -0.899 2.7743 0 0 0 0.0026925 0.0002693 
752000 2799 354.842 -6511.0 -0.881 2.8813 0 0 0 0.0026847 0.0002685 
753000 2802 364.489 -6517.3 -1.015 2.964 0 0 0 0.0026979 0.0002698 
754000 2812 316.449 -6515.0 -0.738 2.5743 0 0 0 0.0026838 0.0002684 
755000 2824 266.181 -6517.3 -0.622 2.1682 0 0 0 0.0026734 0.0002673 
756000 2833 240.396 -6516.4 -0.501 1.9581 0 0 0 0.0026915 0.0002691 
757000 2837 230.608 -6515.4 -0.441 1.8802 0 0 0 0.0026885 0.0002689 
758000 2840 240.716 -6514.4 -0.395 1.9625 0 0 0 0.0026689 0.0002669 
759000 2844 244.017 -6511.0 -0.376 1.9876 0 0 0 0.0026937 0.0002694 
760000 2849 242.414 -6505.7 -0.167 1.9769 0 0 0 0.0026796 0.000268 
761000 2850 246.686 -6500.7 -0.084 2.009 0 0 0 0.002699 0.0002699 
762000 2851 261.752 -6498.7 -0.062 2.131 0 0 0 0.0026864 0.0002686 
763000 2856 260.327 -6499.1 -0.052 2.1141 0 0 0 0.0026661 0.0002666 
764000 2858 257.52 -6500.1 -0.044 2.0902 0 0 0 0.0026691 0.0002669 
765000 2862 263.811 -6495.1 0.019 2.1447 0 0 0 0.0026492 0.0002649 
766000 2869 256.489 -6494.0 0.036 2.0849 0 0 0 0.0026456 0.0002646 
767000 2883 210.72 -6493.0 0.083 1.718 0 0 0 0.0026586 0.0002659 
768000 2885 204.798 -6513.0 0.06 1.6703 0 0 0 0.0026353 0.0002635 
769000 2886 220.702 -6514.9 -0.419 1.7984 0 0 0 0.0026434 0.0002643 
770000 2888 232.002 -6515.9 -0.364 1.8873 0 0 0 0.0026212 0.0002621 
771000 2890 259.695 -6515.9 -0.349 2.1058 0 0 0 0.0026287 0.0002629 
772000 2895 248.632 -6504.9 -0.197 2.014 0 0 0 0.0026242 0.0002624 
773000 2896 257.5 -6505.8 -0.111 2.0846 0 0 0 0.0026416 0.0002642 
774000 2897 272.35 -6504.8 -0.109 2.207 0 0 0 0.0026108 0.0002611 
775000 2898 286.903 -6504.8 -0.087 2.3202 0 0 0 0.0026367 0.0002637 
776000 2905 275.783 -6501.4 0.0 2.2338 0 0 0 0.0026053 0.0002605 
777000 2907 285.122 -6501.4 -0.032 2.3061 0 0 0 0.0025619 0.0002562 
778000 2911 274.517 -6496.3 0.071 2.2218 0 0 0 0.0025811 0.0002581 
779000 2912 289.026 -6491.3 0.089 2.3359 0 0 0 0.0025853 0.0002585 
780000 2914 293.841 -6490.3 0.164 2.3728 0 0 0 0.002576 0.0002576 
781000 2920 286.782 -6499.4 -0.018 2.3201 0 0 0 0.0025778 0.0002578 
782000 2922 293.516 -6495.4 0.083 2.3741 0 0 0 0.00257 0.000257 
783000 2924 306.053 -6494.9 0.07 2.4687 0 0 0 0.002572 0.0002572 
784000 2926 314.453 -6492.9 0.107 2.5367 0 0 0 0.0025678 0.0002568 
785000 2928 304.531 -6497.1 0.082 2.4575 0 0 0 0.0025646 0.0002565 
786000 2934 303.58 -6489.0 0.148 2.4451 0 0 0 0.0025389 0.0002539 
787000 2935 317.508 -6488.1 0.163 2.563 0 0 0 0.00257 0.000257 
788000 2939 300.974 -6484.6 0.238 2.4303 0 0 0 0.0025802 0.000258 
789000 2940 314.954 -6484.6 0.253 2.5426 0 0 0 0.0025712 0.0002571 
790000 2944 315.423 -6481.6 0.252 2.5463 0 0 0 0.00256 0.000256 
791000 2945 329.114 -6480.6 0.287 2.6563 0 0 0 0.0025527 0.0002553 
792000 2948 335.642 -6481.6 0.27 2.7096 0 0 0 0.0025683 0.0002568 
793000 2952 318.204 -6475.8 0.362 2.5691 0 0 0 0.0025508 0.0002551 
794000 2958 309.463 -6475.4 0.309 2.5029 0 0 0 0.0025603 0.000256 
795000 2962 294.628 -6476.4 0.265 2.3836 0 0 0 0.0025401 0.000254 
796000 2965 300.668 -6470.4 0.347 2.4324 0 0 0 0.0025392 0.0002539 
797000 2970 288.71 -6483.2 0.11 2.3374 0 0 0 0.0025358 0.0002536 
798000 2976 281.862 -6481.2 0.118 2.2867 0 0 0 0.0025393 0.0002539 
799000 2980 268.563 -6478.7 0.156 2.1796 0 0 0 0.0025021 0.0002502 
800000 2981 283.192 -6478.7 0.173 2.3001 0 0 0 0.0025304 0.000253 
801000 2982 297.528 -6477.1 0.17 2.415 0 0 0 0.0025636 0.0002564 
802000 2984 306.266 -6477.0 0.176 2.4851 0 0 0 0.0025237 0.0002524 
803000 2989 302.445 -6473.7 0.221 2.4506 0 0 0 0.0025141 0.0002514 
804000 2990 316.397 -6472.3 0.236 2.5625 0 0 0 0.0025262 0.0002526 
805000 2993 319.444 -6469.1 0.254 2.5802 0 0 0 0.0025264 0.0002526 
806000 2997 301.257 -6468.8 0.253 2.4343 0 0 0 0.0025119 0.0002512 
807000 3003 295.282 -6461.4 0.319 2.384 0 0 0 0.0025028 0.0002503 
808000 3004 299.017 -6458.4 0.423 2.4124 0 0 0 0.0024943 0.0002494 
809000 3009 302.726 -6457.7 0.435 2.4452 0 0 0 0.0025276 0.0002528 
810000 3011 307.389 -6456.3 0.446 2.482 0 0 0 0.0025086 0.0002509 
811000 3012 321.241 -6454.2 0.437 2.5994 0 0 0 0.0025022 0.0002502 
812000 3016 318.091 -6452.8 0.45 2.5725 0 0 0 0.0024826 0.0002483 
813000 3021 303.067 -6448.8 0.447 2.4558 0 0 0 0.0024681 0.0002468 
814000 3022 317.006 -6447.4 0.498 2.565 0 0 0 0.0024928 0.0002493 
815000 3030 288.757 -6446.9 0.423 2.3414 0 0 0 0.0024854 0.0002485 
816000 3032 290.261 -6447.9 0.406 2.35 0 0 0 0.002494 0.0002494 
817000 3033 304.456 -6447.9 0.418 2.4653 0 0 0 0.0024788 0.0002479 
818000 3036 309.278 -6446.7 0.417 2.5054 0 0 0 0.0024741 0.0002474 
819000 3037 323.093 -6445.7 0.409 2.6221 0 0 0 0.0024772 0.0002477 
820000 3039 321.4 -6443.6 0.393 2.6075 0 0 0 0.0024649 0.0002465 
821000 3040 334.972 -6456.1 0.447 2.7115 0 0 0 0.0024438 0.0002444 
822000 3042 341.638 -6453.6 0.178 2.7628 0 0 0 0.0025012 0.0002501 
823000 3043 354.805 -6449.6 0.231 2.8639 0 0 0 0.0024669 0.0002467 
824000 3045 361.035 -6447.6 0.28 2.9088 0 0 0 0.0024607 0.0002461 
825000 3052 342.421 -6441.1 0.324 2.7558 0 0 0 0.0024739 0.0002474 
826000 3055 328.695 -6440.1 0.402 2.6475 0 0 0 0.0024505 0.000245 
827000 3056 342.121 -6437.1 0.414 2.7525 0 0 0 0.0024767 0.0002477 
828000 3063 324.417 -6434.8 0.421 2.611 0 0 0 0.0024596 0.000246 
829000 3064 337.929 -6433.8 0.452 2.72 0 0 0 0.0024383 0.0002438 
830000 3078 274.071 -6427.8 0.457 2.2148 0 0 0 0.002453 0.0002453 
831000 3080 283.678 -6429.2 0.41 2.2883 0 0 0 0.002483 0.0002483 
832000 3082 294.024 -6428.2 0.414 2.372 0 0 0 0.0024514 0.0002451 
833000 3087 283.688 -6423.0 0.472 2.2876 0 0 0 0.00244 0.000244 
834000 3093 262.095 -6416.4 0.549 2.1149 0 0 0 0.0024366 0.0002437 
835000 3096 273.376 -6408.0 0.655 2.2046 0 0 0 0.0024073 0.0002407 
836000 3105 248.175 -6403.0 0.676 2.0054 0 0 0 0.0024522 0.0002452 
837000 3106 263.212 -6402.0 0.682 2.1242 0 0 0 0.002438 0.0002438 
838000 3113 244.199 -6392.7 0.711 1.9727 0 0 0 0.0024209 0.0002421 
839000 3117 246.277 -6393.0 0.704 1.9872 0 0 0 0.0024458 0.0002446 
840000 3121 233.194 -6388.0 0.725 1.8831 0 0 0 0.0024065 0.0002406 
841000 3128 232.018 -6383.5 0.674 1.8767 0 0 0 0.0024005 0.0002401 
842000 3136 217.444 -6369.8 0.858 1.7611 0 0 0 0.0023934 0.0002393 
843000 3137 233.095 -6366.8 0.901 1.8882 0 0 0 0.0024153 0.0002415 
844000 3147 205.26 -6360.5 0.851 1.6645 0 0 0 0.0024501 0.000245 
845000 3154 200.544 -6352.5 0.872 1.627 0 0 0 0.0024056 0.0002406 
846000 3158 195.22 -6347.3 0.945 1.5859 0 0 0 0.0024235 0.0002423 
847000 3163 204.352 -6345.8 0.91 1.6575 0 0 0 0.0024319 0.0002432 
848000 3168 196.009 -6341.8 0.879 1.5903 0 0 0 0.0024065 0.0002406 
849000 3171 205.333 -6338.0 0.847 1.67 0 0 0 0.0024004 0.00024 
850000 3178 202.745 -6339.9 0.765 1.646 0 0 0 0.0023795 0.0002379 
851000 3188 182.232 -6327.4 0.786 1.4852 0 0 0 0.002415 0.0002415 
852000 3190 180.946 -6324.4 0.854 1.4741 0 0 0 0.0023876 0.0002388 
853000 3194 191.77 -6314.4 0.942 1.5568 0 0 0 0.0024294 0.0002429 
854000 3198 189.795 -6312.4 0.869 1.5434 0 0 0 0.0023567 0.0002357 
855000 3206 193.506 -6303.0 0.982 1.5671 0 0 0 0.0024188 0.0002419 
856000 3207 209.635 -6300.0 1.043 1.695 0 0 0 0.0023963 0.0002396 
857000 3213 197.215 -6291.0 1.057 1.5963 0 0 0 0.0023974 0.0002397 
858000 3214 213.27 -6290.0 1.096 1.7212 0 0 0 0.002393 0.0002393 
859000 3218 221.861 -6287.4 1.082 1.7915 0 0 0 0.0024073 0.0002407 
860000 3219 237.423 -6284.4 1.06 1.9181 0 0 0 0.0024134 0.0002413 
861000 3225 229.321 -6277.8 1.08 1.8536 0 0 0 0.00242 0.000242 
862000 3232 219.589 -6267.3 1.172 1.7756 0 0 0 0.0024563 0.0002456 
863000 3234 212.893 -6265.6 1.12 1.7223 0 0 0 0.0024278 0.0002428 
864000 3239 215.72 -6262.6 1.069 1.7503 0 0 0 0.0024009 0.0002401 
865000 3241 227.117 -6260.6 1.046 1.8393 0 0 0 0.0023901 0.000239 
866000 3242 242.575 -6258.6 1.085 1.9627 0 0 0 0.0023901 0.000239 
867000 3246 248.421 -6252.6 1.155 2.0066 0 0 0 0.0023935 0.0002394 
868000 3251 242.887 -6250.6 1.066 1.9624 0 0 0 0.0024117 0.0002412 
869000 3252 258.029 -6249.6 1.065 2.0839 0 0 0 0.0023987 0.0002399 
870000 3255 268.558 -6243.3 1.147 2.1686 0 0 0 0.0024028 0.0002403 
871000 3258 262.503 -6238.9 1.148 2.1225 0 0 0 0.0023842 0.0002384 
872000 3261 273.435 -6235.9 1.12 2.2057 0 0 0 0.0023861 0.0002386 
873000 3266 267.044 -6233.4 1.029 2.1546 0 0 0 0.0023772 0.0002377 
874000 3269 256.089 -6235.8 0.965 2.0667 0 0 0 0.0024051 0.0002405 
875000 3274 257.38 -6231.8 0.82 2.0797 0 0 0 0.0024177 0.0002418 
876000 3275 272.233 -6227.8 0.964 2.192 0 0 0 0.0024005 0.00024 
877000 3280 273.866 -6220.0 1.099 2.2085 0 0 0 0.0023833 0.0002383 
878000 3292 231.45 -6213.4 0.916 1.8729 0 0 0 0.0024058 0.0002406 
879000 3302 208.934 -6212.4 0.812 1.6878 0 0 0 0.0023991 0.0002399 
880000 3303 224.755 -6210.5 0.834 1.8079 0 0 0 0.0023838 0.0002384 
881000 3304 240.26 -6209.5 0.857 1.9312 0 0 0 0.0023862 0.0002386 
882000 3314 214.605 -6198.3 0.9 1.7307 0 0 0 0.0024104 0.000241 
883000 3317 204.289 -6199.3 0.827 1.6486 0 0 0 0.0024148 0.0002415 
884000 3328 194.438 -6193.3 0.764 1.5781 0 0 0 0.0023988 0.0002399 
885000 3330 207.778 -6195.6 0.669 1.6795 0 0 0 0.0023837 0.0002384 
886000 3333 201.875 -6189.6 0.747 1.632 0 0 0 0.0024103 0.000241 
887000 3337 212.745 -6183.9 0.703 1.7139 0 0 0 0.0023935 0.0002394 
888000 3341 221.412 -6177.7 0.863 1.7795 0 0 0 0.0023787 0.0002379 
889000 3346 210.707 -6174.4 0.805 1.6975 0 0 0 0.002421 0.0002421 
890000 3352 212.759 -6174.8 0.739 1.7167 0 0 0 0.0023887 0.0002389 
891000 3358 194.16 -6173.8 0.574 1.5698 0 0 0 0.0024051 0.0002405 
892000 3359 210.277 -6175.1 0.683 1.6935 0 0 0 0.0023914 0.0002391 
893000 3361 227.19 -6173.2 0.548 1.8321 0 0 0 0.0023904 0.000239 
894000 3366 232.478 -6170.0 0.67 1.8707 0 0 0 0.0023831 0.0002383 
895000 3367 228.388 -6171.0 0.636 1.8399 0 0 0 0.0023974 0.0002397 
896000 3375 223.371 -6160.0 0.658 1.7997 0 0 0 0.0023925 0.0002392 
897000 3377 237.286 -6156.4 0.808 1.9088 0 0 0 0.002392 0.0002392 
898000 3379 236.463 -6157.4 0.731 1.9055 0 0 0 0.0024 0.00024 
899000 3385 241.089 -6153.5 0.704 1.944 0 0 0 0.0024169 0.0002417 
900000 3392 229.457 -6144.6 0.861 1.8481 0 0 0 0.0024114 0.0002411 
901000 3393 244.868 -6143.5 0.814 1.9758 0 0 0 0.0024035 0.0002403 
902000 3397 238.892 -6140.3 0.798 1.9253 0 0 0 0.0024225 0.0002423 
903000 3402 241.378 -6139.4 0.758 1.9442 0 0 0 0.0023977 0.0002398 
904000 3403 243.85 -6133.4 0.802 1.9647 0 0 0 0.0024225 0.0002423 
905000 3404 258.973 -6179.5 0.846 2.0844 0 0 0 0.0024332 0.0002433 
906000 3406 267.123 -6194.4 -0.402 2.1504 0 0 0 0.0024011 0.0002401 
907000 3412 262.612 -6198.3 -0.363 2.1146 0 0 0 0.0024122 0.0002412 
908000 3413 265.199 -6203.6 -0.596 2.1334 0 0 0 0.0024069 0.0002407 
909000 3419 267.031 -6189.0 -0.246 2.1454 0 0 0 0.0023927 0.0002393 
910000 3422 271.849 -6184.1 -0.124 2.1843 0 0 0 0.0023933 0.0002393 
911000 3432 240.796 -6179.8 -0.043 1.9381 0 0 0 0.002416 0.0002416 
912000 3433 238.44 -6177.9 0.018 1.9193 0 0 0 0.0023782 0.0002378 
913000 3437 251.698 -6169.8 0.151 2.0242 0 0 0 0.0024059 0.0002406 
914000 3439 262.031 -6165.8 0.223 2.102 0 0 0 0.0023885 0.0002388 
915000 3445 251.678 -6166.5 0.21 2.0185 0 0 0 0.0023467 0.0002347 
916000 3446 266.645 -6160.0 0.265 2.1351 0 0 0 0.0023789 0.0002379 
917000 3450 266.262 -6155.2 0.423 2.1317 0 0 0 0.0023781 0.0002378 
918000 3451 268.037 -6152.2 0.454 2.1464 0 0 0 0.0024201 0.000242 
919000 3454 279.28 -6151.2 0.485 2.2388 0 0 0 0.0023549 0.0002355 
920000 3458 279.245 -6146.2 0.548 2.2409 0 0 0 0.0023615 0.0002362 
921000 3463 274.501 -6145.3 0.473 2.2041 0 0 0 0.0023549 0.0002355 
922000 3468 253.896 -6145.3 0.487 2.0412 0 0 0 0.0023473 0.0002347 
923000 3472 256.768 -6144.4 0.47 2.0666 0 0 0 0.0023646 0.0002365 
924000 3475 266.541 -6139.4 0.519 2.1393 0 0 0 0.0023503 0.000235 
925000 3478 262.423 -6136.4 0.548 2.1103 0 0 0 0.0023265 0.0002326 
926000 3482 267.979 -6133.7 0.573 2.1646 0 0 0 0.0023417 0.0002342 
927000 3488 250.645 -6128.9 0.583 2.0241 0 0 0 0.0023628 0.0002363 
928000 3491 257.255 -6125.7 0.567 2.0773 0 0 0 0.0023435 0.0002343 
929000 3493 268.888 -6119.7 0.587 2.1658 0 0 0 0.0023437 0.0002344 
930000 3498 267.87 -6114.4 0.707 2.1585 0 0 0 0.0023719 0.0002372 
931000 3500 276.905 -6112.5 0.737 2.2252 0 0 0 0.0023412 0.0002341 
932000 3505 255.853 -6111.5 0.704 2.061 0 0 0 0.0023264 0.0002326 
933000 3513 246.949 -6109.8 0.647 1.9975 0 0 0 0.0023247 0.0002325 
934000 3515 259.33 -6105.8 0.661 2.0964 0 0 0 0.0023514 0.0002351 
935000 3522 241.233 -6095.8 0.75 1.9539 0 0 0 0.0023205 0.000232 
936000 3526 245.114 -6095.6 0.749 1.9793 0 0 0 0.0023149 0.0002315 
937000 3532 235.592 -6078.9 0.962 1.9037 0 0 0 0.0023499 0.000235 
938000 3533 250.88 -6075.9 1.003 2.0229 0 0 0 0.0022979 0.0002298 
939000 3542 224.001 -6067.9 0.987 1.8166 0 0 0 0.0023065 0.0002306 
940000 3543 239.521 -6065.9 0.987 1.9422 0 0 0 0.0023287 0.0002329 
941000 3546 246.876 -6066.0 0.948 1.9914 0 0 0 0.0023347 0.0002335 
942000 3553 227.242 -6059.4 0.852 1.8321 0 0 0 0.0023251 0.0002325 
943000 3561 218.099 -6050.4 0.942 1.7598 0 0 0 0.0023277 0.0002328 
944000 3569 203.407 -6038.0 1.033 1.6448 0 0 0 0.0023123 0.0002312 
945000 3571 204.468 -6035.4 1.082 1.6524 0 0 0 0.0023381 0.0002338 
946000 3575 217.637 -6025.5 1.137 1.7619 0 0 0 0.0023145 0.0002315 
947000 3584 197.489 -6020.9 1.085 1.5987 0 0 0 0.0023571 0.0002357 
948000 3590 197.194 -6016.9 1.019 1.6033 0 0 0 0.0023229 0.0002323 
949000 3597 184.405 -6006.2 1.046 1.5009 0 0 0 0.0023439 0.0002344 
950000 3602 190.208 -5997.9 1.122 1.544 0 0 0 0.0023427 0.0002343 
951000 3611 178.306 -5983.9 1.254 1.446 0 0 0 0.0023343 0.0002334 
952000 3621 163.486 -5969.7 1.262 1.3308 0 0 0 0.0023614 0.0002361 
953000 3629 158.342 -5960.3 1.27 1.2916 0 0 0 0.0023438 0.0002344 
954000 3640 142.317 -5958.9 0.972 1.1641 0 0 0 0.0023656 0.0002366 
955000 3642 145.437 -5946.9 1.113 1.1816 0 0 0 0.0023631 0.0002363 
956000 3653 146.006 -5945.7 1.056 1.186 0 0 0 0.002318 0.0002318 
957000 3661 140.871 -5930.1 1.151 1.1466 0 0 0 0.0023426 0.0002343 
958000 3662 158.053 -5924.1 1.148 1.2837 0 0 0 0.0023387 0.0002339 
959000 3664 172.975 -5931.5 1.055 1.3969 0 0 0 0.0023403 0.000234 
960000 3670 169.02 -5924.9 1.034 1.3691 0 0 0 0.0023519 0.0002352 
961000 3672 184.467 -5921.8 1.046 1.4943 0 0 0 0.0023316 0.0002332 
962000 3674 182.706 -5924.7 0.995 1.4802 0 0 0 0.0023589 0.0002359 
963000 3676 203.331 -5943.2 1.036 1.6447 0 0 0 0.0023306 0.0002331 
964000 3680 209.234 -5981.9 -0.291 1.6922 0 0 0 0.0023821 0.0002382 
965000 3687 202.535 -5975.2 -0.072 1.641 0 0 0 0.0023469 0.0002347 
966000 3691 196.568 -5971.6 0.024 1.5939 0 0 0 0.0023302 0.000233 
967000 3698 199.597 -5968.9 0.086 1.6225 0 0 0 0.0023326 0.0002333 
968000 3705 187.494 -5960.4 0.177 1.5241 0 0 0 0.0023456 0.0002346 
969000 3707 203.909 -5953.4 0.329 1.6544 0 0 0 0.0023572 0.0002357 
970000 3715 191.681 -5948.7 0.374 1.5574 0 0 0 0.0023566 0.0002357 
971000 3718 187.294 -5940.7 0.449 1.5217 0 0 0 0.0023568 0.0002357 
972000 3721 198.535 -5935.7 0.578 1.6103 0 0 0 0.0023547 0.0002355 
973000 3728 199.149 -5923.4 0.695 1.6107 0 0 0 0.0023381 0.0002338 
974000 3731 197.291 -5915.0 0.859 1.603 0 0 0 0.0023463 0.0002346 
975000 3734 211.689 -5909.2 0.819 1.718 0 0 0 0.002367 0.0002367 
976000 3738 217.004 -5905.0 0.911 1.7587 0 0 0 0.0023656 0.0002366 
977000 3743 201.788 -5907.7 0.812 1.6346 0 0 0 0.0023221 0.0002322 
978000 3751 203.352 -5902.4 0.734 1.6562 0 0 0 0.0023613 0.0002361 
979000 3757 200.365 -5892.3 0.901 1.6334 0 0 0 0.002342 0.0002342 
980000 3767 182.096 -5886.9 0.817 1.4871 0 0 0 0.0023303 0.000233 
981000 3769 178.188 -5889.5 0.824 1.4591 0 0 0 0.0023541 0.0002354 
982000 3776 187.16 -5888.5 0.688 1.5246 0 0 0 0.0023255 0.0002325 
983000 3778 189.19 -5880.8 0.774 1.5373 0 0 0 0.0023511 0.0002351 
984000 3784 196.845 -5877.6 0.766 1.5969 0 0 0 0.0023555 0.0002355 
985000 3785 194.988 -5871.2 0.79 1.5818 0 0 0 0.0023688 0.0002369 
986000 3790 205.809 -5855.5 1.024 1.6597 0 0 0 0.0023639 0.0002364 
987000 3793 212.799 -5848.6 1.082 1.7167 0 0 0 0.0023509 0.0002351 
988000 3800 203.625 -5844.2 1.095 1.648 0 0 0 0.0023665 0.0002366 
989000 3810 189.891 -5844.9 0.904 1.5407 0 0 0 0.0023425 0.0002342 
990000 3811 206.093 -5860.9 0.565 1.6739 0 0 0 0.0023446 0.0002345 
991000 3820 187.778 -5850.8 0.652 1.5237 0 0 0 0.0023352 0.0002335 
992000 3827 183.054 -5845.4 0.647 1.4886 0 0 0 0.0023577 0.0002358 
993000 3831 183.644 -5843.6 0.66 1.4922 0 0 0 0.0023636 0.0002364 
994000 3832 199.972 -5842.6 0.661 1.622 0 0 0 0.0023431 0.0002343 
995000 3835 212.408 -5836.6 0.68 1.729 0 0 0 0.0023538 0.0002354 
996000 3842 204.056 -5829.0 0.792 1.6598 0 0 0 0.0023468 0.0002347 
997000 3843 219.975 -5823.8 0.876 1.7834 0 0 0 0.002324 0.0002324 
998000 3846 216.198 -5815.8 0.988 1.7517 0 0 0 0.0023079 0.0002308 
999000 3850 225.666 -5811.8 1.102 1.8268 0 0 0 0.0023304 0.000233 
1000000 3851 226.033 -5808.6 0.984 1.8309 0 0 0 0.0023289 0.0002329 
1001000 3858 228.959 -5794.9 1.095 1.8538 0 0 0 0.0023366 0.0002337 
1002000 3861 224.112 -5788.5 1.143 1.8171 0 0 0 0.002329 0.0002329 
1003000 3864 235.001 -5792.8 1.082 1.8977 0 0 0 0.002317 0.0002317 
1004000 3871 229.774 -5790.5 0.955 1.8607 0 0 0 0.0022878 0.0002288 
1005000 3872 245.179 -5788.5 0.966 1.9826 0 0 0 0.002313 0.0002313 
1006000 3877 237.187 -5775.1 1.12 1.9168 0 0 0 0.0023184 0.0002318 
1007000 3882 236.961 -5770.3 1.158 1.911 0 0 0 0.0023048 0.0002305 
1008000 3887 232.237 -5761.3 1.145 1.8791 0 0 0 0.0023126 0.0002313 
1009000 3900 197.559 -5749.1 1.111 1.5996 0 0 0 0.0023216 0.0002322 
1010000 3902 210.395 -5745.1 1.205 1.6962 0 0 0 0.0023277 0.0002328 
1011000 3909 201.614 -5731.1 1.313 1.6281 0 0 0 0.0023167 0.0002317 
1012000 3911 198.191 -5783.7 1.283 1.6014 0 0 0 0.0023217 0.0002322 
1013000 3913 210.883 -5803.6 -0.261 1.7014 0 0 0 0.0023113 0.0002311 
1014000 3918 221.557 -5797.7 -0.109 1.7825 0 0 0 0.0023147 0.0002315 
1015000 3927 200.192 -5781.5 0.099 1.6171 0 0 0 0.0023143 0.0002314 
1016000 3932 203.828 -5781.5 0.232 1.6409 0 0 0 0.0023066 0.0002307 
1017000 3937 197.653 -5774.3 0.333 1.5912 0 0 0 0.0023135 0.0002314 
1018000 3941 207.855 -5783.7 0.14 1.6803 0 0 0 0.0022908 0.0002291 
1019000 3950 185.538 -5774.7 0.276 1.5052 0 0 0 0.0023134 0.0002313 
1020000 3954 194.923 -5771.1 0.293 1.5792 0 0 0 0.0022942 0.0002294 
1021000 3956 192.314 -5766.1 0.353 1.5584 0 0 0 0.00231 0.000231 
1022000 3963 198.689 -5756.1 0.498 1.6108 0 0 0 0.00229 0.000229 
1023000 3970 188.146 -5742.8 0.589 1.5271 0 0 0 0.0023073 0.0002307 
1024000 3979 179.132 -5734.0 0.775 1.4509 0 0 0 0.002275 0.0002275 
1025000 3984 180.742 -5721.5 0.965 1.4644 0 0 0 0.0022875 0.0002287 
1026000 3992 172.391 -5718.7 0.868 1.3976 0 0 0 0.0023054 0.0002305 
1027000 3997 173.311 -5701.1 1.046 1.4078 0 0 0 0.0022928 0.0002293 
1028000 4003 174.065 -5685.4 1.277 1.411 0 0 0 0.0023007 0.0002301 
1029000 4009 166.641 -5676.7 1.277 1.3565 0 0 0 0.002316 0.0002316 
1030000 4018 163.567 -5669.4 1.224 1.3298 0 0 0 0.0023023 0.0002302 
1031000 4025 158.212 -5666.7 1.089 1.2881 0 0 0 0.0023092 0.0002309 
1032000 4035 149.312 -5659.1 1.053 1.2189 0 0 0 0.0023016 0.0002302 
1033000 4042 145.248 -5650.2 1.06 1.1859 0 0 0 0.0022914 0.0002291 
1034000 4047 152.444 -5630.4 1.361 1.2433 0 0 0 0.0022992 0.0002299 
1035000 4050 148.531 -5628.4 1.338 1.2116 0 0 0 0.0022987 0.0002299 
1036000 4061 149.8 -5617.4 1.27 1.2238 0 0 0 0.0023128 0.0002313 
1037000 4065 157.232 -5599.8 1.516 1.2775 0 0 0 0.0022606 0.0002261 
1038000 4066 156.527 -5595.8 1.505 1.2726 0 0 0 0.00231 0.000231 
1039000 4074 157.014 -5588.6 1.301 1.2761 0 0 0 0.0022885 0.0002289 
1040000 4079 166.91 -5582.3 1.409 1.3512 0 0 0 0.0023097 0.000231 
1041000 4086 161.913 -5568.2 1.48 1.3129 0 0 0 0.0022676 0.0002268 
1042000 4087 178.675 -5565.4 1.516 1.4448 0 0 0 0.0022868 0.0002287 
1043000 4095 175.058 -5550.8 1.558 1.4194 0 0 0 0.0022546 0.0002255 
1044000 4104 164.933 -5540.8 1.52 1.3352 0 0 0 0.0022946 0.0002295 
1045000 4112 159.169 -5524.3 1.629 1.2844 0 0 0 0.002294 0.0002294 
1046000 4119 147.116 -5524.5 1.302 1.1912 0 0 0 0.0022902 0.000229 
1047000 4124 154.488 -5512.6 1.442 1.2474 0 0 0 0.0023085 0.0002309 
1048000 4132 155.14 -5497.0 1.529 1.254 0 0 0 0.0022909 0.0002291 
1049000 4144 135.09 -5490.9 1.249 1.0997 0 0 0 0.0022872 0.0002287 
1050000 4150 143.932 -5484.2 1.35 1.1667 0 0 0 0.0022823 0.0002282 
1051000 4158 140.487 -5470.7 1.395 1.1411 0 0 0 0.0022909 0.0002291 
1052000 4168 133.636 -5450.4 1.51 1.0856 0 0 0 0.002289 0.0002289 
1053000 4178 127.323 -5433.4 1.527 1.0374 0 0 0 0.0022824 0.0002282 
1054000 4186 126.404 -5422.5 1.506 1.0305 0 0 0 0.0022883 0.0002288 
1055000 4192 131.117 -5402.8 1.675 1.0669 0 0 0 0.0023019 0.0002302 
1056000 4202 122.037 -5394.2 1.501 1.0019 0 0 0 0.0023137 0.0002314 
1057000 4205 137.474 -5388.2 1.57 1.1275 0 0 0 0.0022758 0.0002276 
1058000 4217 125.8 -5384.9 1.333 1.0335 0 0 0 0.0022937 0.0002294 
1059000 4225 120.366 -5376.6 1.157 0.9901 0 0 0 0.0022857 0.0002286 
1060000 4226 137.959 -5371.2 1.271 1.1245 0 0 0 0.0022867 0.0002287 
1061000 4234 140.892 -5361.4 1.337 1.1481 0 0 0 0.0022774 0.0002277 
1062000 4235 158.074 -5354.3 1.433 1.2806 0 0 0 0.0022757 0.0002276 
1063000 4237 170.617 -5348.5 1.491 1.3823 0 0 0 0.0022911 0.0002291 
1064000 4247 157.424 -5329.1 1.542 1.2781 0 0 0 0.002286 0.0002286 
1065000 4255 146.508 -5326.7 1.373 1.1899 0 0 0 0.0022799 0.000228 
1066000 4258 146.877 -5328.8 1.273 1.1919 0 0 0 0.0022927 0.0002293 
1067000 4267 156.436 -5312.6 1.369 1.2667 0 0 0 0.0022749 0.0002275 
1068000 4270 159.322 -5321.0 1.069 1.2908 0 0 0 0.0022823 0.0002282 
1069000 4271 176.136 -5320.6 1.108 1.426 0 0 0 0.0022885 0.0002289 
1070000 4273 180.162 -5319.3 1.09 1.4567 0 0 0 0.0023244 0.0002324 
1071000 4276 192.019 -5307.5 1.133 1.5577 0 0 0 0.0022848 0.0002285 
1072000 4281 200.07 -5301.3 1.187 1.6163 0 0 0 0.0022895 0.0002289 
1073000 4290 188.118 -5292.8 1.188 1.5195 0 0 0 0.0023227 0.0002323 
1074000 4296 183.946 -5289.1 1.082 1.4874 0 0 0 0.0022826 0.0002283 
1075000 4303 180.821 -5280.4 1.174 1.4571 0 0 0 0.0022838 0.0002284 
1076000 4306 187.051 -5270.4 1.26 1.5132 0 0 0 0.0022829 0.0002283 
1077000 4313 183.139 -5266.3 1.186 1.4868 0 0 0 0.0023043 0.0002304 
1078000 4320 172.03 -5251.1 1.32 1.4 0 0 0 0.0023051 0.0002305 
1079000 4325 178.279 -5262.6 0.967 1.4535 0 0 0 0.0022902 0.000229 
1080000 4334 160.763 -5261.6 0.843 1.313 0 0 0 0.0022897 0.000229 
1081000 4335 177.548 -5258.5 0.827 1.447 0 0 0 0.002265 0.0002265 
1082000 4340 185.48 -5243.8 1.064 1.5066 0 0 0 0.0022983 0.0002298 
1083000 4346 184.621 -5239.2 1.044 1.4992 0 0 0 0.0022706 0.0002271 
1084000 4351 187.363 -5224.6 1.234 1.5235 0 0 0 0.0022825 0.0002282 
1085000 4357 179.567 -5213.9 1.182 1.4631 0 0 0 0.0022681 0.0002268 
1086000 4361 188.738 -5221.0 1.025 1.5359 0 0 0 0.0022871 0.0002287 
1087000 4362 186.463 -5221.0 1.024 1.5188 0 0 0 0.0023097 0.000231 
1088000 4366 201.843 -5210.4 1.155 1.6376 0 0 0 0.0022831 0.0002283 
1089000 4369 213.573 -5196.4 1.263 1.7316 0 0 0 0.0022757 0.0002276 
1090000 4377 200.33 -5185.1 1.362 1.6224 0 0 0 0.0022746 0.0002275 
1091000 4383 198.901 -5177.3 1.378 1.6162 0 0 0 0.0022708 0.0002271 
1092000 4389 192.244 -5170.4 1.334 1.5609 0 0 0 0.0022924 0.0002292 
1093000 4390 208.399 -5166.3 1.347 1.6904 0 0 0 0.0022568 0.0002257 
1094000 4392 220.166 -5162.8 1.354 1.7806 0 0 0 0.002255 0.0002255 
1095000 4398 214.387 -5144.5 1.571 1.7343 0 0 0 0.002278 0.0002278 
1096000 4400 211.883 -5142.5 1.568 1.7124 0 0 0 0.0022779 0.0002278 
1097000 4413 193.156 -5132.3 1.381 1.5582 0 0 0 0.002267 0.0002267 
1098000 4419 188.978 -5115.6 1.512 1.5252 0 0 0 0.0022569 0.0002257 
1099000 4420 187.839 -5113.6 1.536 1.5179 0 0 0 0.0022731 0.0002273 
1100000 4422 204.38 -5102.4 1.598 1.6517 0 0 0 0.0022455 0.0002245 
1101000 4428 213.058 -5086.8 1.839 1.7198 0 0 0 0.0022436 0.0002244 
1102000 4430 208.023 -5081.9 1.823 1.6794 0 0 0 0.0022542 0.0002254 
1103000 4431 223.863 -5079.0 1.827 1.8066 0 0 0 0.0022529 0.0002253 
1104000 4435 238.584 -5064.0 1.936 1.9227 0 0 0 0.002247 0.0002247 
1105000 4440 235.931 -5056.5 1.902 1.9047 0 0 0 0.0022517 0.0002252 
1106000 4449 215.243 -5043.8 1.865 1.7368 0 0 0 0.0022716 0.0002272 
1107000 4451 218.071 -5029.9 2.028 1.7601 0 0 0 0.0022437 0.0002244 
1108000 4453 230.656 -5027.3 2.034 1.8599 0 0 0 0.0022138 0.0002214 
1109000 4456 244.001 -5017.8 2.105 1.9659 0 0 0 0.0022414 0.0002241 
1110000 4460 245.67 -5005.9 2.209 1.9771 0 0 0 0.0022471 0.0002247 
1111000 4465 234.298 -4983.1 2.263 1.8879 0 0 0 0.0022461 0.0002246 
1112000 4470 237.055 -4978.0 2.256 1.9153 0 0 0 0.0022704 0.000227 
1113000 4475 234.087 -4960.9 2.429 1.8915 0 0 0 0.0022438 0.0002244 
1114000 4479 235.356 -4954.1 2.371 1.8962 0 0 0 0.0022254 0.0002225 
1115000 4480 250.648 -4952.1 2.363 2.0197 0 0 0 0.0022508 0.0002251 
1116000 4484 243.243 -4941.3 2.292 1.9601 0 0 0 0.0022252 0.0002225 
1117000 4487 254.935 -4933.9 2.361 2.0525 0 0 0 0.0022377 0.0002238 
1118000 4488 269.836 -4929.9 2.394 2.1706 0 0 0 0.0022519 0.0002252 
1119000 4492 267.804 -4917.9 2.402 2.1553 0 0 0 0.0022278 0.0002228 
1120000 4494 271.687 -4906.9 2.472 2.1808 0 0 0 0.0022016 0.0002202 
1121000 4502 252.263 -4897.6 2.356 2.0258 0 0 0 0.0022251 0.0002225 
1122000 4509 232.097 -4889.5 2.106 1.8659 0 0 0 0.0022263 0.0002226 
1123000 4517 222.625 -4867.7 2.265 1.786 0 0 0 0.0022253 0.0002225 
1124000 4521 223.102 -4857.8 2.238 1.788 0 0 0 0.0022208 0.0002221 
1125000 4526 223.265 -4844.9 2.353 1.7946 0 0 0 0.0021989 0.0002199 
1126000 4533 210.828 -4831.5 2.28 1.695 0 0 0 0.0022358 0.0002236 
1127000 4536 207.131 -4815.7 2.359 1.6677 0 0 0 0.0022104 0.000221 
1128000 4543 205.978 -4800.7 2.318 1.6543 0 0 0 0.0022309 0.0002231 
1129000 4550 199.929 -4784.4 2.431 1.6114 0 0 0 0.002215 0.0002215 
1130000 4558 190.901 -4767.5 2.41 1.5426 0 0 0 0.0022187 0.0002219 
1131000 4564 188.132 -4758.4 2.292 1.5212 0 0 0 0.0022337 0.0002234 
1132000 4571 180.232 -4741.6 2.242 1.4647 0 0 0 0.0022448 0.0002245 
1133000 4578 170.628 -4726.1 2.228 1.3861 0 0 0 0.002196 0.0002196 
1134000 4580 185.731 -4723.0 2.256 1.4971 0 0 0 0.0022243 0.0002224 
1135000 4583 185.117 -4716.0 2.254 1.4941 0 0 0 0.0022004 0.00022 
1136000 4586 205.472 -4713.0 2.196 1.6517 0 0 0 0.002222 0.0002222 
1137000 4590 206.443 -4697.3 2.207 1.6604 0 0 0 0.0022268 0.0002227 
1138000 4593 214.497 -4686.3 2.335 1.7209 0 0 0 0.0022207 0.0002221 
1139000 4599 210.301 -4668.5 2.481 1.6905 0 0 0 0.0022216 0.0002222 
1140000 4600 226.095 -4666.7 2.451 1.8187 0 0 0 0.0022435 0.0002243 
1141000 4608 207.194 -4657.6 2.163 1.6703 0 0 0 0.0022253 0.0002225 
1142000 4612 213.66 -4657.7 2.116 1.7158 0 0 0 0.0022241 0.0002224 
1143000 4614 223.101 -4644.3 2.155 1.7891 0 0 0 0.0022407 0.0002241 
1144000 4616 234.566 -4636.3 2.246 1.8731 0 0 0 0.0022285 0.0002228 
1145000 4622 229.926 -4619.0 2.433 1.8381 0 0 0 0.0022185 0.0002219 
1146000 4624 240.139 -4616.6 2.385 1.9169 0 0 0 0.0022052 0.0002205 
1147000 4625 238.256 -4612.0 2.331 1.9024 0 0 0 0.00222 0.000222 
1148000 4630 240.24 -4607.0 2.294 1.9171 0 0 0 0.0022477 0.0002248 
1149000 4632 253.827 -4604.6 2.191 2.0286 0 0 0 0.0022131 0.0002213 
1150000 4635 264.921 -4595.6 2.279 2.1228 0 0 0 0.0022087 0.0002209 
1151000 4638 266.174 -4612.0 2.148 2.1321 0 0 0 0.0021836 0.0002184 
1152000 4642 265.567 -4610.3 1.688 2.1221 0 0 0 0.0022079 0.0002208 
1153000 4646 258.589 -4603.6 1.566 2.068 0 0 0 0.0022098 0.000221 
1154000 4654 243.739 -4593.5 1.571 1.9539 0 0 0 0.0022054 0.0002205 
1155000 4659 238.788 -4586.9 1.627 1.9137 0 0 0 0.0022332 0.0002233 
1156000 4661 251.112 -4584.1 1.643 2.0171 0 0 0 0.0022281 0.0002228 
1157000 4669 231.791 -4577.9 1.505 1.866 0 0 0 0.0021913 0.0002191 
1158000 4670 247.156 -4578.5 1.475 1.9956 0 0 0 0.0021945 0.0002195 
1159000 4672 245.515 -4571.7 1.445 1.9833 0 0 0 0.0021943 0.0002194 
1160000 4676 245.427 -4564.2 1.494 1.984 0 0 0 0.0021786 0.0002179 
1161000 4684 237.318 -4554.2 1.511 1.9148 0 0 0 0.0021564 0.0002156 
1162000 4687 228.43 -4555.1 1.412 1.8435 0 0 0 0.0021654 0.0002165 
1163000 4693 233.393 -4545.6 1.413 1.8805 0 0 0 0.0021666 0.0002167 
1164000 4695 244.21 -4542.6 1.376 1.9716 0 0 0 0.002183 0.0002183 
1165000 4701 236.711 -4535.3 1.407 1.9073 0 0 0 0.0021666 0.0002167 
1166000 4702 251.976 -4532.3 1.399 2.0374 0 0 0 0.002188 0.0002188 
1167000 4707 247.267 -4521.9 1.502 2.0018 0 0 0 0.0021772 0.0002177 
1168000 4712 242.09 -4508.1 1.619 1.9598 0 0 0 0.0021569 0.0002157 
1169000 4719 225.228 -4488.5 1.63 1.821 0 0 0 0.00215 0.000215 
1170000 4727 212.412 -4470.1 1.86 1.7192 0 0 0 0.0021587 0.0002159 
1171000 4729 221.637 -4458.7 1.925 1.789 0 0 0 0.0021726 0.0002173 
1172000 4733 228.093 -4448.7 2.058 1.8353 0 0 0 0.0021624 0.0002162 
1173000 4736 231.681 -4437.5 2.038 1.8624 0 0 0 0.0021552 0.0002155 
1174000 4741 226.524 -4427.7 2.046 1.8251 0 0 0 0.0021583 0.0002158 
1175000 4744 231.392 -4429.0 2.246 1.8625 0 0 0 0.0021192 0.0002119 
1176000 4749 229.727 -4424.3 1.784 1.8487 0 0 0 0.0021301 0.000213 
1177000 4754 229.343 -4408.9 1.966 1.8455 0 0 0 0.0021243 0.0002124 
1178000 4755 233.076 -4400.2 2.046 1.8721 0 0 0 0.0021189 0.0002119 
1179000 4763 227.978 -4382.9 2.117 1.8275 0 0 0 0.0021392 0.0002139 
1180000 4768 225.157 -4364.7 2.266 1.8026 0 0 0 0.0021423 0.0002142 
1181000 4776 210.651 -4345.0 2.339 1.6934 0 0 0 0.0021097 0.000211 
1182000 4779 217.408 -4331.2 2.409 1.7399 0 0 0 0.0021029 0.0002103 
1183000 4787 204.973 -4317.4 2.404 1.6423 0 0 0 0.0021194 0.0002119 
1184000 4788 220.873 -4310.4 2.496 1.762 0 0 0 0.0021262 0.0002126 
1185000 4792 219.282 -4291.7 2.706 1.751 0 0 0 0.0021178 0.0002118 
1186000 4800 206.263 -4280.3 2.39 1.6488 0 0 0 0.0021076 0.0002108 
1187000 4804 211.242 -4263.1 2.596 1.6912 0 0 0 0.0021269 0.0002127 
1188000 4811 203.653 -4257.4 2.411 1.6331 0 0 0 0.0021034 0.0002103 
1189000 4812 205.46 -4252.1 2.423 1.6456 0 0 0 0.0021101 0.000211 
1190000 4817 213.758 -4234.2 2.392 1.7066 0 0 0 0.0020856 0.0002086 
1191000 4824 206.331 -4225.7 2.323 1.6511 0 0 0 0.002088 0.0002088 
1192000 4826 215.31 -4211.6 2.506 1.7191 0 0 0 0.0021008 0.0002101 
1193000 4829 222.448 -4204.1 2.529 1.7756 0 0 0 0.0020935 0.0002094 
1194000 4831 235.979 -4198.1 2.548 1.8832 0 0 0 0.0020575 0.0002057 
1195000 4838 223.18 -4179.7 2.535 1.7879 0 0 0 0.0021183 0.0002118 
1196000 4845 210.318 -4172.2 2.468 1.6847 0 0 0 0.002097 0.0002097 
1197000 4849 205.606 -4169.0 2.248 1.6467 0 0 0 0.0020981 0.0002098 
1198000 4851 224.024 -4158.3 2.362 1.7911 0 0 0 0.0020794 0.0002079 
1199000 4857 219.991 -4140.5 2.408 1.7592 0 0 0 0.0020996 0.00021 
1200000 4863 215.798 -4127.8 2.427 1.7301 0 0 0 0.0020918 0.0002092 
1201000 4866 214.571 -4115.8 2.431 1.719 0 0 0 0.0020803 0.000208 
1202000 4870 223.426 -4100.9 2.591 1.7937 0 0 0 0.0021031 0.0002103 
1203000 4871 222.638 -4094.9 2.569 1.7865 0 0 0 0.0021049 0.0002105 
1204000 4874 238.031 -4078.8 2.706 1.9008 0 0 0 0.0020951 0.0002095 
1205000 4877 248.001 -4067.3 2.891 1.9769 0 0 0 0.0021081 0.0002108 
1206000 4881 247.698 -4053.2 2.938 1.972 0 0 0 0.0020971 0.0002097 
1207000 4882 262.744 -4048.5 2.893 2.088 0 0 0 0.0020837 0.0002084 
1208000 4888 253.219 -4026.3 2.995 2.0094 0 0 0 0.0020776 0.0002078 
1209000 4891 253.979 -4017.1 3.005 2.0191 0 0 0 0.0020864 0.0002086 
1210000 4893 264.518 -4014.2 2.994 2.1006 0 0 0 0.002058 0.0002058 
1211000 4900 252.666 -4011.2 2.656 2.0079 0 0 0 0.0020939 0.0002094 
1212000 4902 261.113 -3991.6 2.879 2.0722 0 0 0 0.0020785 0.0002079 
1213000 4906 258.327 -3972.8 3.002 2.0483 0 0 0 0.0020668 0.0002067 
1214000 4910 261.321 -3965.6 3.02 2.0722 0 0 0 0.002063 0.0002063 
1215000 4915 253.29 -3953.9 2.84 2.0077 0 0 0 0.0020854 0.0002085 
1216000 4921 243.124 -3934.7 2.948 1.9299 0 0 0 0.0020581 0.0002058 
1217000 4927 235.721 -3917.4 2.961 1.8717 0 0 0 0.0020679 0.0002068 
1218000 4930 241.922 -3905.4 3.042 1.9185 0 0 0 0.0020716 0.0002072 
1219000 4933 234.855 -3892.4 2.999 1.8636 0 0 0 0.0020736 0.0002074 
1220000 4937 243.425 -3879.4 3.098 1.9249 0 0 0 0.0020404 0.000204 
1221000 4941 246.714 -3873.9 2.925 1.9557 0 0 0 0.0020625 0.0002062 
1222000 4949 229.544 -3866.9 2.666 1.8274 0 0 0 0.0020615 0.0002062 
1223000 4954 221.914 -3868.6 2.43 1.7676 0 0 0 0.0020543 0.0002054 
1224000 4958 225.582 -3845.7 2.577 1.7947 0 0 0 0.0020588 0.0002059 
1225000 4960 236.888 -3859.0 2.263 1.8824 0 0 0 0.0020513 0.0002051 
1226000 4962 244.934 -3860.2 2.063 1.942 0 0 0 0.0020561 0.0002056 
1227000 4965 252.833 -3853.2 2.097 2.0013 0 0 0 0.0020684 0.0002068 
1228000 4970 247.861 -3836.5 2.253 1.9663 0 0 0 0.0020446 0.0002045 
1229000 4977 233.692 -3817.1 2.31 1.8576 0 0 0 0.0020708 0.0002071 
1230000 4984 224.331 -3806.1 2.297 1.7909 0 0 0 0.0020446 0.0002045 
1231000 4987 229.307 -3791.8 2.404 1.8265 0 0 0 0.0020484 0.0002048 
1232000 4992 221.032 -3778.7 2.403 1.7637 0 0 0 0.0020366 0.0002037 
1233000 4996 227.911 -3765.7 2.466 1.8149 0 0 0 0.0020383 0.0002038 
1234000 4999 228.531 -3752.4 2.514 1.8215 0 0 0 0.0020365 0.0002037 
1235000 5003 225.928 -3742.7 2.463 1.7997 0 0 0 0.0020318 0.0002032 
1236000 5011 218.407 -3733.3 2.34 1.7417 0 0 0 0.0020368 0.0002037 
1237000 5018 207.798 -3721.6 2.282 1.656 0 0 0 0.0020234 0.0002023 
1238000 5022 213.565 -3718.6 2.2 1.7014 0 0 0 0.0020245 0.0002025 
1239000 5030 196.592 -3698.3 2.175 1.5717 0 0 0 0.0020412 0.0002041 
1240000 5034 202.775 -3685.6 2.23 1.6188 0 0 0 0.0020362 0.0002036 
1241000 5035 207.019 -3677.8 2.309 1.6499 0 0 0 0.0020281 0.0002028 
1242000 5036 222.879 -3670.8 2.395 1.7748 0 0 0 0.0020412 0.0002041 
1243000 5038 247.473 -3663.9 2.575 1.9666 0 0 0 0.0020349 0.0002035 
1244000 5042 243.754 -3642.3 2.685 1.9371 0 0 0 0.0020256 0.0002026 
1245000 5047 241.643 -3630.1 2.758 1.917 0 0 0 0.0020259 0.0002026 
1246000 5049 236.24 -3627.9 2.621 1.8743 0 0 0 0.0020311 0.0002031 
1247000 5052 253.739 -3608.0 2.822 2.0091 0 0 0 0.0020291 0.0002029 
1248000 5056 257.325 -3604.9 2.756 2.0371 0 0 0 0.0020302 0.000203 
1249000 5057 272.179 -3603.0 2.721 2.1546 0 0 0 0.0020266 0.0002027 
1250000 5063 252.494 -3593.5 2.51 2.0032 0 0 0 0.0020286 0.0002029 
1251000 5064 267.445 -3587.9 2.58 2.1255 0 0 0 0.0020242 0.0002024 
1252000 5069 264.795 -3583.8 2.456 2.0996 0 0 0 0.0019969 0.0001997 
1253000 5074 254.749 -3580.5 2.254 2.0176 0 0 0 0.0020054 0.0002005 
1254000 5077 261.062 -3582.7 2.155 2.0632 0 0 0 0.0020396 0.000204 
1255000 5078 272.201 -3581.7 2.122 2.15 0 0 0 0.0020126 0.0002013 
1256000 5080 285.282 -3577.8 2.116 2.2541 0 0 0 0.002009 0.0002009 
1257000 5082 296.145 -3571.4 2.079 2.3453 0 0 0 0.0020021 0.0002002 
1258000 5084 289.889 -3569.6 2.131 2.3001 0 0 0 0.0020106 0.0002011 
1259000 5089 293.519 -3563.2 2.101 2.335 0 0 0 0.002026 0.0002026 
1260000 5094 280.965 -3548.7 2.063 2.2361 0 0 0 0.0020253 0.0002025 
1261000 5097 287.451 -3535.4 2.172 2.288 0 0 0 0.0019895 0.000199 
1262000 5098 285.542 -3534.4 2.229 2.2724 0 0 0 0.0019922 0.0001992 
1263000 5101 299.284 -3520.8 2.307 2.3832 0 0 0 0.0020264 0.0002026 
1264000 5102 313.298 -3518.1 2.341 2.4884 0 0 0 0.0020103 0.000201 
1265000 5108 292.135 -3505.6 2.248 2.3231 0 0 0 0.0020333 0.0002033 
1266000 5110 305.286 -3494.6 2.395 2.4236 0 0 0 0.0020154 0.0002015 
1267000 5115 295.768 -3477.0 2.512 2.3478 0 0 0 0.0020004 0.0002 
1268000 5117 307.576 -3472.0 2.564 2.4407 0 0 0 0.002027 0.0002027 
1269000 5119 315.756 -3470.0 2.482 2.5047 0 0 0 0.0020115 0.0002011 
1270000 5127 282.638 -3470.6 2.132 2.2469 0 0 0 0.0019963 0.0001996 
1271000 5128 288.925 -3466.6 2.089 2.2963 0 0 0 0.0019979 0.0001998 
1272000 5132 294.194 -3458.9 2.094 2.3418 0 0 0 0.0019908 0.0001991 
1273000 5134 306.244 -3451.3 2.189 2.4355 0 0 0 0.0020097 0.000201 
1274000 5139 293.087 -3429.6 2.31 2.3303 0 0 0 0.0020152 0.0002015 
1275000 5143 289.962 -3421.3 2.37 2.3059 0 0 0 0.0020132 0.0002013 
1276000 5147 279.132 -3407.5 2.33 2.2206 0 0 0 0.0020005 0.0002001 
1277000 5149 289.045 -3402.7 2.391 2.2975 0 0 0 0.002018 0.0002018 
1278000 5153 295.676 -3395.9 2.448 2.3463 0 0 0 0.0020291 0.0002029 
1279000 5160 275.315 -3384.1 2.329 2.1918 0 0 0 0.0020399 0.000204 
1280000 5165 261.506 -3376.2 2.206 2.0836 0 0 0 0.0020224 0.0002022 
1281000 5168 272.095 -3369.3 2.269 2.1663 0 0 0 0.0020265 0.0002026 
1282000 5169 286.653 -3366.4 2.302 2.2789 0 0 0 0.0020041 0.0002004 
1283000 5175 272.169 -3349.2 2.341 2.1632 0 0 0 0.0020304 0.000203 
1284000 5178 275.913 -3350.2 2.163 2.1952 0 0 0 0.0020123 0.0002012 
1285000 5180 271.631 -3345.7 2.186 2.1614 0 0 0 0.0020335 0.0002033 
1286000 5183 283.245 -3339.9 2.093 2.259 0 0 0 0.0019942 0.0001994 
1287000 5184 297.58 -3333.9 2.151 2.3658 0 0 0 0.0020223 0.0002022 
1288000 5188 296.877 -3315.0 2.414 2.3598 0 0 0 0.0019894 0.0001989 
1289000 5193 282.4 -3302.0 2.393 2.2442 0 0 0 0.0020141 0.0002014 
1290000 5196 292.862 -3291.7 2.551 2.323 0 0 0 0.0020254 0.0002025 
1291000 5199 280.69 -3286.0 2.46 2.228 0 0 0 0.0020063 0.0002006 
1292000 5204 286.374 -3287.8 2.225 2.2802 0 0 0 0.0020054 0.0002005 
1293000 5208 276.818 -3267.8 2.302 2.2087 0 0 0 0.0020389 0.0002039 
1294000 5209 291.282 -3264.8 2.416 2.3174 0 0 0 0.001996 0.0001996 
1295000 5212 299.403 -3257.9 2.41 2.3786 0 0 0 0.0019953 0.0001995 
1296000 5218 277.776 -3249.9 2.322 2.2087 0 0 0 0.002005 0.0002005 
1297000 5219 292.221 -3245.6 2.296 2.3192 0 0 0 0.0020002 0.0002 
1298000 5222 302.65 -3241.4 2.328 2.3996 0 0 0 0.0020201 0.000202 
1299000 5225 294.198 -3230.1 2.282 2.3324 0 0 0 0.001994 0.0001994 
1300000 5229 297.499 -3212.0 2.544 2.3605 0 0 0 0.0020104 0.000201 
1301000 5239 262.652 -3196.6 2.358 2.0871 0 0 0 0.0019865 0.0001987 
1302000 5241 268.058 -3186.6 2.344 2.1278 0 0 0 0.0020136 0.0002014 
1303000 5242 282.697 -3180.3 2.457 2.2403 0 0 0 0.0020118 0.0002012 
1304000 5247 275.931 -3176.1 2.311 2.1844 0 0 0 0.0020092 0.0002009 
1305000 5252 266.971 -3163.2 2.426 2.1158 0 0 0 0.0019995 0.0001999 
1306000 5255 273.002 -3155.2 2.323 2.1718 0 0 0 0.0020099 0.000201 
1307000 5262 256.403 -3139.1 2.41 2.0438 0 0 0 0.0019959 0.0001996 
1308000 5271 234.487 -3139.1 2.051 1.8698 0 0 0 0.0019822 0.0001982 
1309000 5279 212.961 -3119.9 1.985 1.7017 0 0 0 0.0019978 0.0001998 
1310000 5282 223.028 -3112.9 2.054 1.7805 0 0 0 0.0020236 0.0002024 
1311000 5284 219.872 -3108.9 2.111 1.7554 0 0 0 0.0019929 0.0001993 
1312000 5286 232.925 -3099.2 2.127 1.8628 0 0 0 0.0020088 0.0002009 
1313000 5288 243.861 -3095.1 2.134 1.9455 0 0 0 0.0020076 0.0002008 
1314000 5290 254.884 -3084.7 2.238 2.0361 0 0 0 0.0020142 0.0002014 
1315000 5291 269.787 -3078.0 2.313 2.1485 0 0 0 0.0020066 0.0002007 
1316000 5295 270.58 -3068.0 2.278 2.1527 0 0 0 0.0020276 0.0002028 
1317000 5297 282.589 -3057.7 2.424 2.2418 0 0 0 0.0019737 0.0001974 
1318000 5301 282.569 -3042.9 2.59 2.2417 0 0 0 0.0019989 0.0001999 
