0 0 0.0 0.0 0.0 0.0 0 0 0 0.0 0.0 0.0 0.0 
10000 10 174.884 1.0 0.018 0.4165 0 0 0 0.0 0.0 0.0 0.0 
20000 20 325.82 1.0 0.014 0.7596 0 0 0 0.0 0.0 0.0 0.0 
30000 30 449.146 1.0 0.012 2.1048 0 0 0 0.0012688 0.0012688 0.0004162 0.000406 
40000 52 439.498 -7.0 -0.135 2.6433 0 0 0 0.0008433 0.0008433 0.0002127 0.0005126 
50000 169 136.871 -98.0 -0.702 1.0831 0 0 0 0.000828 0.000828 0.0001462 0.0007115 
60000 179 294.761 -98.0 -0.573 2.441 0 0 0 0.0007157 0.0007157 0.0001021 0.0008617 
70000 190 425.171 -99.0 -0.476 3.5576 0 0 0 0.0006335 0.0006335 6.69e-05 0.0010445 
80000 202 516.415 -98.0 -0.354 4.3393 0 0 0 0.0006067 0.0006067 5.82e-05 0.0012484 
90000 222 523.702 -107.0 -0.373 4.4508 0 0 0 0.0006709 0.0006709 4.91e-05 0.0013588 
100000 232 606.89 -108.0 -0.325 5.1666 0 0 0 0.0006503 0.0006503 4.23e-05 0.0015353 
110000 246 635.18 -114.0 -0.351 5.4113 0 0 0 0.0006265 0.0006265 3.07e-05 0.0017051 
120000 258 669.374 -118.0 -0.343 5.6882 0 0 0 0.0006331 0.0006331 2.75e-05 0.0018856 
130000 271 699.233 -119.0 -0.277 5.9474 0 0 0 0.0006814 0.0006814 2.64e-05 0.0020611 
140000 292 615.541 -113.0 -0.075 5.2461 0 0 0 0.0007334 0.0007334 2.35e-05 0.0022716 
150000 311 577.716 -119.0 -0.154 4.9393 0 0 0 0.000844 0.000844 2.28e-05 0.0025544 
160000 339 479.822 -102.0 0.175 4.1088 0 0 0 0.0009378 0.0009377 1.99e-05 0.0028644 
170000 353 545.749 -97.0 0.22 4.6948 0 0 0 0.0009764 0.0009764 1.87e-05 0.0030734 
180000 399 344.059 -105.0 -0.007 2.9702 0 0 0 0.0010251 0.0010251 1.66e-05 0.003333 
190000 442 277.491 -76.0 0.398 2.3873 0 0 0 0.0010847 0.0010847 1.69e-05 0.0036576 
200000 504 178.927 -20.0 0.744 1.5553 0 0 0 0.001098 0.001098 1.44e-05 0.0038968 
210000 585 131.903 29.0 0.653 1.1373 0 0 0 0.0010474 0.0010474 1.54e-05 0.0040212 
220000 681 109.384 116.0 0.861 0.935 0 0 0 0.0009524 0.0009524 1.49e-05 0.0041253 
230000 778 102.586 209.0 0.966 0.8745 0 0 0 0.0009904 0.0009904 1.07e-05 0.0042656 
240000 873 92.158 300.0 0.963 0.8028 0 0 0 0.0009858 0.0009858 1.01e-05 0.0043746 
250000 994 92.027 415.0 0.956 0.7992 0 0 0 0.0009578 0.0009578 8e-06 0.0044142 
260000 1146 56.897 519.0 0.757 0.4997 0 0 0 0.0009684 0.0009684 7.1e-06 0.0044247 
270000 1315 62.304 635.0 0.76 0.5441 0 0 0 0.000944 0.000944 9.5e-06 0.0044761 
280000 1451 65.922 746.0 0.873 0.5709 0 0 0 0.0009354 0.0009354 9e-06 0.004557 
290000 1571 90.253 852.0 0.898 0.7788 0 0 0 0.0009073 0.0009073 5.9e-06 0.0046136 
300000 1758 50.76 1029.0 0.957 0.4454 0 0 0 0.0009279 0.0009279 6.4e-06 0.0046065 
310000 1958 49.875 1225.0 0.984 0.4459 0 0 0 0.0009121 0.0009121 7e-06 0.0046875 
320000 2163 42.411 1429.0 0.998 0.3762 0 0 0 0.0008809 0.0008809 4.6e-06 0.0047573 
330000 2365 55.207 1626.0 0.969 0.4829 0 0 0 0.0008236 0.0008236 5.7e-06 0.0047437 
340000 2603 41.512 1856.0 0.981 0.3731 0 0 0 0.0007944 0.0007944 6.4e-06 0.0047023 
350000 2838 42.909 2081.0 0.971 0.3763 0 0 0 0.0007312 0.0007312 7.1e-06 0.004603 
360000 3059 44.422 2278.0 0.924 0.391 0 0 0 0.0007083 0.0007083 4.1e-06 0.004584 
370000 3298 44.213 2513.0 0.998 0.3962 0 0 0 0.0006537 0.0006537 3.5e-06 0.0045296 
380000 3512 43.677 2725.0 0.997 0.3869 0 0 0 0.0006112 0.0006112 4e-06 0.0045284 
390000 3753 41.086 2964.0 0.965 0.3704 0 0 0 0.0005745 0.0005745 1.26e-05 0.0043351 
400000 3963 48.118 3174.0 0.999 0.4264 0 0 0 0.0005402 0.0005402 7.1e-06 0.0042346 
410000 4154 53.311 3365.0 1.0 0.4738 0 0 0 0.000514 0.000514 3.1e-06 0.0040609 
420000 4388 43.14 3597.0 0.997 0.3845 0 0 0 0.0004834 0.0004834 6.8e-06 0.0041156 
430000 4621 40.212 3824.0 0.985 0.3571 0 0 0 0.0004769 0.0004769 3.8e-06 0.0039703 
440000 4820 46.309 4021.0 0.996 0.4093 0 0 0 0.0004578 0.0004578 3.6e-06 0.0038735 
450000 5031 43.143 4229.0 0.964 0.3826 0 0 0 0.000428 0.000428 4.1e-06 0.0038655 
460000 5262 41.153 4460.0 1.0 0.364 0 0 0 0.0004188 0.0004188 3.2e-06 0.0039127 
470000 5439 58.259 4634.0 0.976 0.513 0 0 0 0.0003914 0.0003914 4.1e-06 0.0038849 
480000 5642 45.939 4834.0 0.998 0.4053 0 0 0 0.0003948 0.0003948 3.1e-06 0.0038335 
490000 5894 37.42 5084.0 1.0 0.3324 0 0 0 0.0003734 0.0003734 3.1e-06 0.0036658 
500000 6090 70.137 5277.0 0.978 0.6108 0 0 0 0.0003485 0.0003485 5.2e-06 0.0037227 
510000 6329 43.267 5514.0 0.996 0.3794 0 0 0 0.0003442 0.0003442 3.3e-06 0.0036204 
520000 6556 43.084 5737.0 0.956 0.3815 0 0 0 0.0003354 0.0003354 4.3e-06 0.0036145 
530000 6802 39.623 5975.0 0.996 0.3552 0 0 0 0.0003292 0.0003292 1.6e-06 0.0035046 
540000 7050 40.455 6221.0 0.999 0.3666 0 0 0 0.0003242 0.0003242 2.5e-06 0.0035403 
550000 7307 40.804 6478.0 1.0 0.3541 0 0 0 0.0003171 0.0003171 3.3e-06 0.0035702 
560000 7517 53.896 6685.0 0.972 0.4811 0 0 0 0.0003116 0.0003116 2.7e-06 0.0035392 
570000 7771 35.786 6939.0 1.0 0.3225 0 0 0 0.0002996 0.0002996 2.4e-06 0.0034868 
580000 7991 44.525 7159.0 1.0 0.3979 0 0 0 0.0003045 0.0003045 1.5e-06 0.0034478 
590000 8237 40.364 7397.0 0.978 0.3545 0 0 0 0.0002852 0.0002852 1.4e-06 0.0034553 
600000 8465 43.127 7624.0 0.995 0.3876 0 0 0 0.0002833 0.0002833 1.3e-06 0.0035096 
610000 8717 39.376 7876.0 1.0 0.3539 0 0 0 0.000288 0.000288 2.9e-06 0.0034289 
620000 8935 46.998 8089.0 0.964 0.4169 0 0 0 0.0002712 0.0002712 2.8e-06 0.0034108 
630000 9175 47.488 8321.0 0.956 0.4208 0 0 0 0.0002681 0.0002681 3.7e-06 0.0035234 
640000 9424 39.059 8570.0 1.0 0.3527 0 0 0 0.0002623 0.0002623 2.4e-06 0.0034996 
650000 9641 44.223 8782.0 0.978 0.3943 0 0 0 0.0002686 0.0002686 1.3e-06 0.0034162 
660000 9876 47.195 9015.0 0.998 0.4114 0 0 0 0.0002548 0.0002548 4e-06 0.0033629 
670000 10097 45.337 9236.0 1.0 0.397 0 0 0 0.0002521 0.0002521 4.5e-06 0.0034076 
680000 10340 43.247 9477.0 0.993 0.3825 0 0 0 0.0002435 0.0002435 1.8e-06 0.0033747 
690000 10583 44.328 9712.0 0.977 0.4004 0 0 0 0.0002387 0.0002387 2.1e-06 0.0033576 
700000 10780 43.509 9907.0 0.994 0.3728 0 0 0 0.000245 0.000245 2.5e-06 0.0032482 
710000 11000 37.342 10126.0 0.999 0.3302 0 0 0 0.000235 0.000235 1e-06 0.0033375 
720000 11211 41.713 10330.0 0.994 0.371 0 0 0 0.000231 0.000231 2.7e-06 0.003228 
730000 11451 40.866 10570.0 1.0 0.3623 0 0 0 0.0002262 0.0002262 1.6e-06 0.0033072 
740000 11665 48.712 10783.0 0.993 0.4336 0 0 0 0.0002307 0.0002307 9e-07 0.003353 
750000 11901 41.332 11015.0 0.976 0.3696 0 0 0 0.0002194 0.0002194 1.3e-06 0.0033557 
760000 12124 49.562 11237.0 0.991 0.4358 0 0 0 0.0002248 0.0002248 2.2e-06 0.0032693 
770000 12340 41.208 11444.0 0.94 0.368 0 0 0 0.0002196 0.0002196 2e-06 0.0033242 
780000 12597 37.998 11695.0 0.988 0.3346 0 0 0 0.0002224 0.0002224 1.2e-06 0.0032772 
790000 12818 41.272 11903.0 0.912 0.3672 0 0 0 0.0002107 0.0002107 3.4e-06 0.0032443 
800000 13063 40.889 12140.0 0.966 0.3692 0 0 0 0.0002166 0.0002166 3.1e-06 0.0032686 
810000 13289 42.606 12361.0 0.995 0.3767 0 0 0 0.0002095 0.0002095 2.4e-06 0.0032564 
820000 13518 52.022 12587.0 0.977 0.4596 0 0 0 0.0001992 0.0001992 5.9e-06 0.0032748 
830000 13750 40.542 12816.0 0.995 0.3524 0 0 0 0.0002058 0.0002058 2.1e-06 0.0031937 
840000 14002 38.218 13064.0 0.986 0.3387 0 0 0 0.0001966 0.0001966 1e-06 0.0031955 
850000 14240 39.428 13296.0 0.963 0.3542 0 0 0 0.0001944 0.0001944 2.9e-06 0.0031834 
860000 14467 44.509 13521.0 0.979 0.4002 0 0 0 0.0001963 0.0001963 2.4e-06 0.0031672 
870000 14679 40.348 13728.0 0.955 0.36 0 0 0 0.0001917 0.0001917 1.8e-06 0.0031818 
880000 14936 37.354 13983.0 0.997 0.335 0 0 0 0.0001999 0.0001999 4.4e-06 0.0030917 
890000 15189 39.733 14236.0 1.0 0.3641 0 0 0 0.0001843 0.0001843 2e-06 0.00308 
900000 15417 46.521 14464.0 1.0 0.4133 0 0 0 0.0001861 0.0001861 1.7e-06 0.0030789 
910000 15680 35.914 14725.0 0.997 0.315 0 0 0 0.0001891 0.0001891 8e-07 0.0030835 
920000 15931 37.535 14976.0 1.0 0.3335 0 0 0 0.0001851 0.0001851 1.5e-06 0.0030639 
930000 16176 38.558 15219.0 0.999 0.3415 0 0 0 0.0001772 0.0001772 1e-06 0.0030356 
940000 16393 47.019 15435.0 0.995 0.4158 0 0 0 0.0001764 0.0001764 2.2e-06 0.0029788 
950000 16660 36.691 15700.0 0.994 0.331 0 0 0 0.0001794 0.0001794 1.9e-06 0.0029678 
960000 16884 45.174 15924.0 1.0 0.3979 0 0 0 0.0001851 0.0001851 2.7e-06 0.0029944 
970000 17105 38.768 16142.0 0.989 0.3424 0 0 0 0.0001839 0.0001839 1.7e-06 0.0029523 
980000 17358 40.971 16395.0 1.0 0.3686 0 0 0 0.0001741 0.0001741 2.3e-06 0.0030015 
990000 17617 38.44 16650.0 0.984 0.3398 0 0 0 0.0001782 0.0001782 1.5e-06 0.0029088 
