10000 14 166.485 4608.028 76.724 0.2137 0 0 0 0.0 0.0 0.0 0.0 
20000 26 315.667 9660.718 152.831 0.4054 0 0 0 0.0 0.0 0.0 0.0 
30000 59 318.193 11384.539 105.018 0.8101 0 0 0 0.000781 0.00781 0.0023487 0.0018704 
40000 77 409.413 14251.738 126.234 1.2992 0 0 0 0.0007169 0.0071688 0.0020819 0.004935 
50000 104 374.311 17188.579 113.951 1.287 0 0 0 0.0009223 0.0092221 0.0028324 0.0049872 
60000 222 150.085 20228.961 48.741 0.5679 0 0 0 0.0011136 0.0111361 0.0035968 0.0133579 
70000 242 271.915 25206.237 118.75 1.0484 0 0 0 0.0012158 0.0121578 0.004449 0.0280469 
80000 252 405.101 30744.843 198.454 1.5682 0 0 0 0.0013443 0.0134426 0.0050114 0.0215364 
90000 262 513.925 35012.214 240.104 2.0028 0 0 0 0.0014162 0.014162 0.0050482 0.0255995 
100000 273 586.677 37815.061 242.351 2.2954 0 0 0 0.0013651 0.0136511 0.0048362 0.0215188 
110000 289 590.97 42410.904 251.602 2.3166 0 0 0 0.0014174 0.014174 0.0051057 0.0210591 
120000 299 665.793 46150.17 275.435 2.615 0 0 0 0.0014972 0.0149717 0.0054399 0.0202028 
130000 310 726.099 50366.369 301.054 2.8563 0 0 0 0.0014689 0.0146889 0.0054885 0.0119478 
140000 320 763.032 55449.403 333.596 3.0006 0 0 0 0.0014703 0.0147031 0.0055347 0.0142922 
150000 330 806.38 59499.567 347.559 3.1761 0 0 0 0.0014871 0.0148709 0.0058127 0.0160508 
160000 340 841.798 63356.112 355.158 3.3121 0 0 0 0.0014997 0.0149964 0.0057228 0.0105792 
170000 350 870.738 67216.864 358.034 3.4228 0 0 0 0.0015271 0.0152706 0.0061621 0.016128 
180000 360 894.383 72082.549 383.084 3.5134 0 0 0 0.001551 0.0155099 0.0060155 0.0312503 
190000 372 880.32 76784.963 383.575 3.4602 0 0 0 0.0015405 0.0154047 0.006298 0.0188448 
200000 382 902.213 82168.693 414.476 3.5447 0 0 0 0.0014754 0.0147537 0.0062555 0.0156385 
210000 392 920.101 86702.812 419.379 3.6155 0 0 0 0.0014592 0.0145918 0.0068109 0.0227665 
220000 404 909.832 91941.591 427.732 3.577 0 0 0 0.0013336 0.0133361 0.006431 0.0221884 
230000 416 885.014 95412.102 393.392 3.4748 0 0 0 0.0012759 0.0127585 0.0065415 0.0211377 
240000 427 893.736 100862.848 414.082 3.5041 0 0 0 0.0011794 0.0117938 0.0064253 0.0264796 
250000 437 913.174 106071.317 433.359 3.5781 0 0 0 0.0011228 0.0112276 0.0068215 0.0107618 
260000 447 929.057 111803.723 458.461 3.642 0 0 0 0.0009744 0.0097441 0.0062789 0.0106918 
270000 457 942.035 118213.666 494.272 3.6958 0 0 0 0.0008526 0.0085256 0.0058057 0.0026793 
280000 467 952.638 123907.402 507.472 3.7306 0 0 0 0.0008221 0.0082207 0.0062821 0.0105165 
290000 477 961.302 128998.756 508.752 3.7649 0 0 0 0.000764 0.0076403 0.0060598 0.0027802 
300000 487 968.381 134663.316 518.466 3.7938 0 0 0 0.0007154 0.0071539 0.006261 0.0004638 
310000 497 974.165 139743.052 516.58 3.825 0 0 0 0.000695 0.0069503 0.0062094 0.0034631 
320000 507 978.891 145265.606 522.767 3.8491 0 0 0 0.0006349 0.0063488 0.0061678 -0.0022895 
330000 517 982.066 150656.772 525.066 3.8634 0 0 0 0.0006043 0.0060434 0.0060554 -0.0030256 
340000 527 985.347 155539.689 520.726 3.8782 0 0 0 0.0005901 0.0059011 0.0058298 0.0080522 
350000 537 988.027 161420.88 531.244 3.886 0 0 0 0.0005965 0.0059653 0.006625 0.0079508 
360000 547 990.217 165964.442 517.634 3.8975 0 0 0 0.0005629 0.0056289 0.006295 0.0041848 
370000 557 992.007 170642.284 508.84 3.9087 0 0 0 0.0005439 0.0054393 0.0064726 0.0060209 
380000 567 993.469 176232.193 518.422 3.9096 0 0 0 0.0005148 0.0051477 0.0063221 0.0034045 
390000 578 976.465 182178.102 522.212 3.8385 0 0 0 0.000532 0.0053198 0.0068658 0.0032669 
400000 590 952.772 188512.519 527.472 3.7451 0 0 0 0.0005225 0.0052251 0.0067767 0.0018414 
410000 600 946.141 193738.814 516.817 3.721 0 0 0 0.0005144 0.0051438 0.0069712 -0.002418 
420000 611 942.895 198986.055 511.801 3.7102 0 0 0 0.0005047 0.0050466 0.0070744 -0.0045368 
430000 621 953.341 204888.282 523.524 3.747 0 0 0 0.0004852 0.0048522 0.0068517 -3.13e-05 
440000 631 961.876 211254.749 548.413 3.779 0 0 0 0.000494 0.00494 0.0075709 0.0052642 
450000 641 968.85 217315.909 554.461 3.8045 0 0 0 0.0005088 0.0050881 0.0077981 0.0073543 
460000 651 974.548 224037.387 576.573 3.8265 0 0 0 0.0004977 0.0049767 0.0077993 0.0084158 
470000 662 965.501 230084.87 575.407 3.7983 0 0 0 0.0005 0.0050002 0.0080871 0.0022777 
480000 673 956.732 235819.34 565.56 3.7649 0 0 0 0.0005185 0.0051848 0.0082367 0.0023944 
490000 683 964.647 242559.721 585.712 3.797 0 0 0 0.0005047 0.0050467 0.0081243 -0.0009683 
500000 693 971.114 249450.715 603.992 3.8168 0 0 0 0.0005225 0.0052252 0.0085175 0.0167797 
510000 704 961.413 256273.013 608.243 3.7817 0 0 0 0.0005105 0.0051046 0.0083762 -0.0008586 
520000 714 968.472 262200.563 604.915 3.815 0 0 0 0.000515 0.0051497 0.0087162 0.0017867 
530000 724 974.239 268618.998 612.168 3.84 0 0 0 0.0005224 0.0052245 0.0091081 0.0003853 
540000 734 978.951 274987.971 616.652 3.8539 0 0 0 0.0005304 0.0053039 0.0095126 0.0036675 
550000 744 982.802 280991.165 613.102 3.8686 0 0 0 0.0005347 0.0053471 0.0097407 0.0051189 
560000 754 985.948 286694.648 605.723 3.8783 0 0 0 0.0005464 0.005464 0.009739 -0.0018187 
570000 764 988.518 292944.543 609.465 3.8845 0 0 0 0.0005595 0.005595 0.010524 0.0076426 
580000 774 990.619 298579.006 601.611 3.8905 0 0 0 0.0005447 0.0054473 0.0101891 0.0133125 
590000 784 992.335 304851.825 604.801 3.8938 0 0 0 0.0005458 0.0054577 0.0103974 0.0024792 
600000 794 993.737 310563.18 598.974 3.9023 0 0 0 0.0005343 0.0053428 0.0102867 0.0029946 
610000 804 994.883 316263.933 593.731 3.9032 0 0 0 0.000532 0.0053197 0.0104999 0.0001451 
620000 814 995.819 322038.38 590.441 3.9074 0 0 0 0.0005303 0.005303 0.0106019 0.0121616 
630000 824 992.585 327778.581 583.698 3.8931 0 0 0 0.0005058 0.0050576 0.0101841 0.0104553 
640000 834 993.941 333259.359 577.777 3.8986 0 0 0 0.000516 0.0051596 0.0103554 0.0037234 
650000 844 995.05 340261.802 599.998 3.9072 0 0 0 0.000515 0.0051496 0.0100931 0.0100257 
660000 854 995.955 346160.835 596.481 3.9088 0 0 0 0.0005178 0.0051779 0.0101237 0.00139 
670000 864 996.695 353096.53 615.378 3.9167 0 0 0 0.0005044 0.0050441 0.0099408 0.0088615 
680000 874 992.042 359357.858 613.378 3.9002 0 0 0 0.0005005 0.0050046 0.0097407 0.0018188 
690000 885 981.272 364801.94 593.821 3.8625 0 0 0 0.0004956 0.0049563 0.009798 0.0029172 
700000 895 984.698 370662.341 590.266 3.8727 0 0 0 0.0005034 0.0050337 0.0101085 0.0088297 
710000 905 987.497 376661.702 593.101 3.885 0 0 0 0.0004976 0.0049755 0.0098571 0.0048002 
720000 915 989.784 383343.023 603.705 3.8961 0 0 0 0.0005057 0.0050572 0.0098363 0.0103686 
730000 925 991.653 389289.59 604.89 3.9029 0 0 0 0.0004989 0.0049885 0.0096678 0.0044744 
740000 936 982.594 394589.512 585.24 3.8647 0 0 0 0.0004865 0.0048653 0.0093284 -0.0014635 
750000 946 985.778 402041.735 615.699 3.8799 0 0 0 0.0004942 0.0049419 0.0094199 0.0009556 
760000 956 988.38 410108.599 650.414 3.8851 0 0 0 0.0004804 0.0048039 0.0092284 -0.0055837 
770000 966 985.58 418071.853 673.567 3.8751 0 0 0 0.0004767 0.0047668 0.0091844 0.0013977 
780000 976 988.218 425598.876 688.799 3.8904 0 0 0 0.0004774 0.0047741 0.0090947 0.0047643 
790000 986 990.373 431719.885 673.078 3.9011 0 0 0 0.0004643 0.0046429 0.0089008 0.0007259 
800000 996 992.134 438209.531 665.201 3.9151 0 0 0 0.000462 0.0046204 0.0085607 0.0050263 
810000 1006 993.573 447688.022 724.449 3.9189 0 0 0 0.0004714 0.0047143 0.0088588 0.0119168 
820000 1016 994.749 458161.613 778.481 3.9171 0 0 0 0.0004554 0.0045537 0.0085198 0.0107939 
830000 1026 995.709 469819.187 851.057 3.9148 0 0 0 0.000479 0.0047901 0.0091646 0.0035312 
840000 1036 996.494 479892.457 878.75 3.9237 0 0 0 0.0004715 0.0047151 0.0091298 0.0112504 
850000 1046 997.135 490971.033 921.053 3.9268 0 0 0 0.0004542 0.004542 0.0088689 0.0079592 
860000 1057 984.075 503744.23 975.796 3.8703 0 0 0 0.0004528 0.0045279 0.0090765 0.0088998 
870000 1067 986.988 517280.893 1044.727 3.8757 0 0 0 0.0004462 0.0044617 0.0089488 0.0062453 
880000 1077 989.368 532576.852 1134.287 3.8861 0 0 0 0.0004483 0.0044827 0.0088492 0.0104116 
890000 1087 976.613 544187.651 1127.117 3.8356 0 0 0 0.000437 0.0043697 0.0089693 0.0156041 
900000 1097 980.891 555939.873 1128.668 3.8525 0 0 0 0.000426 0.00426 0.0088646 0.0139091 
910000 1107 984.387 568903.86 1170.166 3.8703 0 0 0 0.0004171 0.0041706 0.0087168 0.0048749 
920000 1117 987.243 580460.695 1159.68 3.8837 0 0 0 0.0003926 0.0039258 0.0084477 0.0128731 
930000 1127 989.577 588629.512 1105.68 3.8966 0 0 0 0.0003848 0.0038485 0.008378 0.0012822 
940000 1137 991.483 597649.056 1069.794 3.9044 0 0 0 0.0003798 0.0037977 0.0084669 0.0053655 
950000 1147 993.041 608347.329 1049.488 3.9104 0 0 0 0.0003591 0.003591 0.0080904 0.0162225 
960000 1157 994.314 620001.113 1074.467 3.913 0 0 0 0.0003471 0.0034706 0.0080866 0.0014245 
970000 1168 988.745 634418.243 1141.535 3.8889 0 0 0 0.0003496 0.0034962 0.0082169 0.015833 
980000 1178 990.804 650162.13 1221.102 3.8952 0 0 0 0.0003326 0.0033257 0.0080034 0.0094775 
990000 1188 992.486 665668.144 1283.192 3.9021 0 0 0 0.000332 0.0033198 0.0079076 0.0070454 
1000000 1198 993.861 678769.547 1287.08 3.905 0 0 0 0.0003365 0.0033646 0.0082484 0.0163623 
1010000 1208 994.984 689038.205 1237.132 3.9098 0 0 0 0.0003379 0.003379 0.0083719 0.0152796 
1020000 1218 985.73 699454.406 1192.86 3.8737 0 0 0 0.0003204 0.003204 0.0079599 0.0058609 
1030000 1228 988.34 710410.336 1172.247 3.8851 0 0 0 0.0003101 0.0031006 0.0077813 0.0175924 
1040000 1238 990.473 717955.448 1102.0 3.9 0 0 0 0.0003165 0.0031645 0.0077335 0.0065088 
1050000 1248 992.216 728326.084 1089.144 3.9039 0 0 0 0.0003194 0.0031936 0.0077655 0.0163253 
1060000 1259 989.157 740013.182 1099.526 3.8936 0 0 0 0.0003121 0.0031206 0.0074605 0.0118691 
1070000 1269 991.14 751856.922 1115.021 3.8974 0 0 0 0.000307 0.0030698 0.0072875 0.0176987 
1080000 1279 992.761 764388.314 1140.559 3.9101 0 0 0 0.0003069 0.0030687 0.007167 0.012959 
1090000 1289 994.085 773345.379 1094.259 3.9146 0 0 0 0.0003152 0.0031524 0.0073731 0.0154595 
1100000 1300 969.741 783227.909 1044.577 3.8155 0 0 0 0.0002998 0.0029984 0.0070448 0.0073337 
1110000 1310 975.276 794381.823 1058.023 3.8386 0 0 0 0.0002973 0.0029734 0.0069892 0.0091883 
1120000 1320 979.799 805681.585 1068.351 3.8565 0 0 0 0.0003019 0.0030192 0.006968 0.0092288 
1130000 1330 983.494 821049.516 1155.941 3.8733 0 0 0 0.0002821 0.0028209 0.0068529 0.0071492 
1140000 1340 986.514 832310.989 1149.67 3.8813 0 0 0 0.0002894 0.0028943 0.0070379 0.0114256 
1150000 1350 988.981 847459.267 1217.809 3.8857 0 0 0 0.0002841 0.0028406 0.0069777 0.0127892 
1160000 1360 990.996 862631.138 1271.947 3.889 0 0 0 0.0002861 0.0028612 0.0069746 0.0085047 
1170000 1370 992.643 877724.446 1315.087 3.8939 0 0 0 0.0002779 0.002779 0.0068742 0.0133305 
1180000 1380 993.989 894012.192 1369.127 3.9031 0 0 0 0.0002754 0.0027536 0.0069485 0.0046356 
1190000 1390 995.089 909041.295 1392.967 3.9096 0 0 0 0.0002697 0.0026967 0.0067447 0.0088488 
1200000 1400 995.987 925931.598 1448.53 3.9127 0 0 0 0.000264 0.0026402 0.0066446 0.0130137 
1210000 1410 996.721 942395.273 1483.98 3.9143 0 0 0 0.0002501 0.0025008 0.0064601 0.00544 
1220000 1420 997.321 956381.835 1466.8 3.9158 0 0 0 0.0002559 0.0025587 0.0066361 0.0116275 
1230000 1430 997.811 969465.802 1432.917 3.9183 0 0 0 0.0002645 0.0026449 0.006588 0.0117161 
1240000 1440 998.211 989347.452 1533.157 3.9133 0 0 0 0.0002572 0.0025717 0.0066889 0.013139 
1250000 1450 998.539 1006352.679 1562.297 3.9168 0 0 0 0.0002643 0.0026431 0.0067146 0.019634 
1260000 1460 998.806 1023582.005 1594.175 3.9201 0 0 0 0.000253 0.0025302 0.0065145 0.0060148 
1270000 1470 999.024 1041365.731 1628.376 3.9235 0 0 0 0.0002519 0.0025195 0.0064201 0.0135879 
1280000 1480 999.203 1057093.607 1617.417 3.9278 0 0 0 0.000257 0.0025699 0.006599 0.0116052 
1290000 1490 999.349 1074120.163 1633.838 3.9222 0 0 0 0.0002549 0.0025488 0.0068077 0.0112741 
1300000 1500 999.468 1091681.505 1657.908 3.9208 0 0 0 0.0002519 0.0025188 0.0066437 0.0151592 
1310000 1510 999.565 1110189.2 1692.955 3.9208 0 0 0 0.0002455 0.0024551 0.0065439 0.0111863 
1320000 1520 999.645 1128801.44 1724.493 3.9212 0 0 0 0.0002442 0.0024418 0.0066769 0.0138738 
1330000 1530 999.71 1147578.956 1751.031 3.9193 0 0 0 0.0002482 0.0024823 0.0067773 0.0144817 
1340000 1540 999.763 1165672.735 1764.522 3.9207 0 0 0 0.0002636 0.0026362 0.0071546 0.02046 
1350000 1550 999.806 1183230.136 1767.069 3.9221 0 0 0 0.0002575 0.0025751 0.0069975 0.0218172 
1360000 1560 999.842 1200676.832 1766.44 3.9189 0 0 0 0.0002613 0.0026132 0.0070765 0.0225689 
1370000 1570 999.871 1219078.256 1769.515 3.9243 0 0 0 0.0002715 0.0027154 0.007169 0.0177498 
1380000 1580 999.894 1234151.931 1719.258 3.9309 0 0 0 0.0002658 0.0026581 0.0069721 0.0174152 
1390000 1590 995.745 1251161.777 1706.358 3.9133 0 0 0 0.0002745 0.0027451 0.0073126 0.0203147 
1400000 1600 996.523 1267680.586 1706.782 3.9118 0 0 0 0.0002875 0.0028752 0.0074337 0.0165013 
1410000 1610 997.159 1283535.266 1678.91 3.9099 0 0 0 0.000283 0.0028296 0.0072218 0.0179386 
1420000 1620 997.679 1300236.277 1690.41 3.9114 0 0 0 0.0002856 0.0028556 0.0073624 0.0247778 
1430000 1630 998.103 1319216.711 1716.913 3.9097 0 0 0 0.0002729 0.0027289 0.0073336 0.0215158 
1440000 1640 998.45 1337873.621 1743.245 3.9084 0 0 0 0.0002732 0.0027324 0.0073128 0.0282873 
1450000 1650 998.734 1358000.473 1791.636 3.9131 0 0 0 0.0002742 0.0027423 0.007188 0.0218133 
1460000 1660 998.965 1377064.947 1810.347 3.9147 0 0 0 0.0002664 0.0026639 0.0072257 0.0184865 
1470000 1670 999.155 1395256.943 1809.9 3.9164 0 0 0 0.0002776 0.0027757 0.0075625 0.0148394 
1480000 1680 999.309 1413709.436 1816.725 3.9119 0 0 0 0.0002846 0.002846 0.0076239 0.024746 
1490000 1690 999.436 1432436.493 1824.129 3.9144 0 0 0 0.0002826 0.0028256 0.0074119 0.0218488 
1500000 1700 999.539 1448936.847 1791.162 3.9153 0 0 0 0.0002899 0.0028989 0.0076908 0.0163577 
1510000 1711 984.44 1464860.486 1725.724 3.8545 0 0 0 0.000284 0.0028403 0.0073766 0.0194077 
1520000 1721 987.286 1484520.925 1770.355 3.8633 0 0 0 0.0002834 0.0028341 0.0073915 0.0199592 
1530000 1731 989.612 1503898.837 1812.607 3.8674 0 0 0 0.0002767 0.0027672 0.0073081 0.0123165 
1540000 1741 991.512 1518929.274 1749.879 3.8716 0 0 0 0.0002804 0.0028043 0.0070812 0.0193827 
1550000 1751 993.065 1534907.327 1716.598 3.8796 0 0 0 0.0002726 0.002726 0.007005 0.0213724 
1560000 1761 994.334 1552351.586 1719.947 3.8858 0 0 0 0.0002733 0.0027331 0.0070002 0.0189801 
1570000 1771 995.37 1572144.163 1768.587 3.8864 0 0 0 0.0002771 0.0027708 0.0069546 0.0175744 
1580000 1781 996.217 1588491.827 1745.539 3.893 0 0 0 0.0002775 0.0027748 0.0071649 0.0234846 
1590000 1791 996.909 1605514.808 1735.679 3.8976 0 0 0 0.0002723 0.002723 0.0071224 0.0140064 
1600000 1801 997.474 1623686.116 1751.421 3.9017 0 0 0 0.0002888 0.0028881 0.0071639 0.016204 
1610000 1811 997.936 1643921.546 1800.574 3.9063 0 0 0 0.0002909 0.0029094 0.0074636 0.025368 
1620000 1821 998.314 1663916.837 1834.053 3.9072 0 0 0 0.0002795 0.0027954 0.007318 0.0188638 
1630000 1831 998.622 1682133.796 1835.934 3.9119 0 0 0 0.0002756 0.0027563 0.0071588 0.0122553 
1640000 1842 982.32 1700131.773 1805.492 3.8523 0 0 0 0.0002859 0.0028586 0.0074099 0.0157932 
1650000 1853 970.973 1714447.752 1704.741 3.8138 0 0 0 0.000296 0.00296 0.0078999 0.0236613 
1660000 1864 960.953 1731921.812 1686.295 3.7692 0 0 0 0.000294 0.0029403 0.0077993 0.0232407 
1670000 1874 968.096 1749796.207 1707.495 3.7942 0 0 0 0.0002981 0.0029811 0.0077883 0.0235947 
1680000 1884 966.459 1769248.285 1734.102 3.7836 0 0 0 0.0002935 0.0029352 0.0077876 0.0199485 
1690000 1895 960.858 1788862.538 1756.406 3.7563 0 0 0 0.0002875 0.0028751 0.0075683 0.0145688 
1700000 1905 968.018 1808837.839 1801.638 3.7875 0 0 0 0.0002825 0.0028252 0.0075569 0.0213916 
1710000 1915 973.868 1825766.54 1779.889 3.8141 0 0 0 0.0002942 0.0029418 0.007796 0.0192281 
1720000 1925 978.649 1846024.028 1827.519 3.8317 0 0 0 0.0002974 0.0029741 0.0077885 0.0244782 
1730000 1935 982.154 1864505.431 1826.965 3.8375 0 0 0 0.0003014 0.0030142 0.0078572 0.0181678 
1740000 1945 985.419 1884559.799 1859.737 3.853 0 0 0 0.0002935 0.0029347 0.0078817 0.0168926 
1750000 1955 988.086 1905037.319 1892.094 3.863 0 0 0 0.0002894 0.0028942 0.007864 0.0188088 
1760000 1965 990.265 1923969.439 1898.952 3.8677 0 0 0 0.0002914 0.0029144 0.0078477 0.020672 
1770000 1975 992.046 1942425.044 1886.599 3.8724 0 0 0 0.0002906 0.0029063 0.0077306 0.0164068 
1780000 1985 993.501 1961986.266 1899.893 3.8754 0 0 0 0.0002923 0.0029234 0.0078686 0.0207732 
1790000 1995 994.69 1981956.199 1918.288 3.8779 0 0 0 0.0002808 0.0028081 0.0076683 0.020297 
1800000 2005 995.661 2001551.392 1926.957 3.8791 0 0 0 0.0002732 0.0027317 0.0075588 0.020011 
1810000 2015 996.455 2021892.863 1944.42 3.8792 0 0 0 0.0002785 0.0027855 0.0073869 0.0213428 
1820000 2025 997.103 2039371.352 1907.859 3.8888 0 0 0 0.0002822 0.0028224 0.0075083 0.0144485 
1830000 2035 993.865 2055945.125 1852.147 3.8812 0 0 0 0.0002913 0.0029126 0.0076226 0.0183452 
1840000 2045 994.987 2073536.136 1834.514 3.8873 0 0 0 0.0002988 0.0029883 0.0079497 0.0205464 
1850000 2055 995.904 2093140.18 1864.516 3.8866 0 0 0 0.0002865 0.0028653 0.0077688 0.0127387 
1860000 2065 996.653 2112012.914 1860.671 3.8922 0 0 0 0.0002856 0.0028564 0.0076476 0.0264048 
1870000 2075 997.266 2132727.938 1897.982 3.8942 0 0 0 0.0002725 0.0027248 0.0074834 0.0169228 
1880000 2085 997.766 2154128.709 1945.178 3.8981 0 0 0 0.0002696 0.0026957 0.0073584 0.0194252 
1890000 2095 998.174 2174796.205 1971.979 3.8996 0 0 0 0.0002756 0.002756 0.0075055 0.0218587 
1900000 2105 998.508 2194127.82 1964.04 3.9029 0 0 0 0.0002843 0.0028426 0.0076512 0.0280201 
1910000 2115 998.781 2214313.614 1973.69 3.9064 0 0 0 0.000275 0.0027499 0.0075288 0.0248187 
1920000 2125 999.004 2233277.147 1966.892 3.9103 0 0 0 0.0002731 0.0027306 0.0073657 0.0141829 
1930000 2135 999.186 2250700.558 1917.133 3.9098 0 0 0 0.0002747 0.002747 0.0075414 0.0200659 
1940000 2145 999.335 2271996.0 1954.298 3.9113 0 0 0 0.0002725 0.0027251 0.0073644 0.0171613 
1950000 2155 999.457 2292546.111 1976.898 3.9107 0 0 0 0.0002758 0.002758 0.0073341 0.027681 
1960000 2165 999.556 2312283.438 1977.315 3.9084 0 0 0 0.0002727 0.002727 0.0073563 0.0211511 
1970000 2175 999.637 2332280.762 1976.772 3.912 0 0 0 0.0002692 0.0026918 0.0071716 0.013736 
1980000 2185 999.704 2353444.865 2003.956 3.914 0 0 0 0.0002731 0.0027313 0.0073489 0.0178138 
1990000 2195 999.758 2373179.15 2001.83 3.9141 0 0 0 0.0002738 0.0027384 0.0072702 0.024785 
2000000 2205 999.802 2394835.007 2028.642 3.9164 0 0 0 0.0002673 0.002673 0.0072373 0.021832 
2010000 2215 999.838 2415440.828 2035.298 3.9211 0 0 0 0.0002748 0.0027484 0.0072332 0.0183628 
2020000 2225 999.868 2431653.979 1963.337 3.9202 0 0 0 0.0002844 0.0028443 0.0075746 0.021957 
2030000 2235 999.892 2451131.278 1958.625 3.9239 0 0 0 0.0002813 0.0028131 0.007477 0.0259603 
2040000 2245 999.912 2472059.689 1985.181 3.9254 0 0 0 0.0002783 0.0027834 0.007478 0.0163085 
2050000 2255 999.928 2490752.891 1967.645 3.9229 0 0 0 0.0002779 0.0027788 0.0075042 0.0182272 
2060000 2265 999.941 2508020.861 1917.799 3.9182 0 0 0 0.0002773 0.0027732 0.0074751 0.0198948 
2070000 2275 999.952 2528920.814 1949.697 3.9156 0 0 0 0.0002671 0.0026707 0.0073843 0.0223609 
2080000 2285 999.961 2546250.42 1920.43 3.9193 0 0 0 0.0002766 0.0027661 0.0074354 0.026258 
2090000 2295 999.968 2563867.685 1881.604 3.9215 0 0 0 0.0002772 0.0027722 0.0073631 0.0122144 
2100000 2305 999.974 2581938.526 1860.015 3.919 0 0 0 0.0002874 0.0028737 0.0076931 0.0213876 
2110000 2315 999.979 2603000.479 1906.759 3.9162 0 0 0 0.0002799 0.0027987 0.0073013 0.0201437 
2120000 2325 999.982 2624123.187 1942.45 3.9184 0 0 0 0.0002871 0.0028708 0.0075721 0.024391 
2130000 2335 999.986 2643095.235 1941.149 3.9161 0 0 0 0.0002849 0.0028486 0.0076759 0.0180751 
2140000 2345 999.988 2655279.69 1801.474 3.9216 0 0 0 0.0003002 0.003002 0.0076079 0.0232847 
2150000 2356 983.631 2666858.976 1662.594 3.8618 0 0 0 0.0003251 0.0032514 0.0082416 0.0228904 
2160000 2366 986.625 2681481.248 1622.006 3.8719 0 0 0 0.000336 0.0033601 0.0081048 0.0197436 
2170000 2376 989.072 2696401.629 1601.656 3.8843 0 0 0 0.0003498 0.003498 0.0084741 0.0205101 
2180000 2386 991.071 2707634.392 1517.079 3.8965 0 0 0 0.0003779 0.0037788 0.008763 0.0216961 
2190000 2396 992.704 2726832.264 1586.238 3.9026 0 0 0 0.0003605 0.0036048 0.0085718 0.0186602 
2200000 2406 994.039 2743672.372 1610.799 3.9031 0 0 0 0.00036 0.0036002 0.0084133 0.0197456 
2210000 2416 995.129 2762134.003 1652.835 3.9084 0 0 0 0.0003695 0.0036953 0.0084675 0.0155326 
2220000 2426 996.02 2783092.341 1732.737 3.9113 0 0 0 0.0003561 0.0035605 0.008182 0.0080166 
2230000 2436 996.748 2800941.67 1740.927 3.9166 0 0 0 0.000361 0.0036098 0.0081869 0.0190186 
2240000 2446 997.343 2816838.071 1711.161 3.9218 0 0 0 0.0003545 0.0035452 0.0081856 0.0196535 
2250000 2456 997.829 2834968.521 1727.206 3.9229 0 0 0 0.0003491 0.0034909 0.0078945 0.0213954 
2260000 2466 998.226 2852120.969 1724.284 3.9269 0 0 0 0.0003509 0.0035092 0.0078669 0.0178125 
2270000 2476 998.551 2871716.128 1769.648 3.9277 0 0 0 0.0003562 0.0035618 0.0080393 0.0154913 
2280000 2486 998.816 2891361.401 1801.677 3.9241 0 0 0 0.0003636 0.0036365 0.0083901 0.018771 
2290000 2496 999.032 2911857.134 1847.315 3.9253 0 0 0 0.0003486 0.0034857 0.0079025 0.0135204 
2300000 2506 999.209 2932322.182 1884.946 3.9203 0 0 0 0.0003471 0.0034713 0.0079097 0.0137267 
2310000 2516 999.354 2951885.77 1898.806 3.9202 0 0 0 0.0003552 0.0035522 0.0082038 0.0110057 
2320000 2526 999.472 2970968.919 1899.668 3.9274 0 0 0 0.0003487 0.0034867 0.0079191 0.0176761 
2330000 2536 999.569 2992283.44 1942.397 3.9222 0 0 0 0.0003504 0.0035043 0.0081312 0.0208601 
2340000 2546 999.648 3012168.694 1949.819 3.9234 0 0 0 0.0003374 0.0033737 0.0078833 0.019544 
2350000 2556 999.712 3033743.158 1987.76 3.9211 0 0 0 0.0003208 0.0032082 0.0076547 0.0230807 
2360000 2566 999.765 3053742.201 1995.178 3.9237 0 0 0 0.0002964 0.0029636 0.0073955 0.0201947 
2370000 2576 999.808 3072652.966 1971.578 3.9274 0 0 0 0.0002858 0.0028578 0.0071918 0.0132242 
2380000 2586 999.843 3090765.75 1945.971 3.9295 0 0 0 0.000286 0.0028601 0.007201 0.0239683 
2390000 2596 999.872 3108845.841 1920.48 3.9283 0 0 0 0.0002833 0.0028331 0.0072283 0.0265283 
2400000 2606 999.895 3128830.873 1931.95 3.9231 0 0 0 0.0002949 0.0029489 0.0074163 0.023245 
2410000 2616 999.914 3145390.131 1880.327 3.9256 0 0 0 0.0002877 0.0028771 0.0073923 0.0177119 
2420000 2626 999.93 3167396.081 1939.119 3.9226 0 0 0 0.000288 0.0028803 0.0073682 0.0212966 
2430000 2636 999.943 3187620.453 1953.887 3.9213 0 0 0 0.0002861 0.0028609 0.0072283 0.0202466 
2440000 2646 999.953 3207906.295 1971.276 3.9263 0 0 0 0.0002758 0.0027582 0.007162 0.0252136 
2450000 2656 999.962 3228918.522 1991.204 3.9244 0 0 0 0.0002683 0.0026829 0.0070858 0.0201291 
2460000 2666 999.969 3248323.523 1980.425 3.9198 0 0 0 0.0002714 0.0027137 0.0071124 0.0221224 
2470000 2676 999.975 3267574.017 1972.299 3.9149 0 0 0 0.000267 0.0026697 0.0071665 0.0159833 
2480000 2686 999.979 3289331.76 2009.3 3.9162 0 0 0 0.0002629 0.0026287 0.0069777 0.0271513 
2490000 2696 999.983 3310847.315 2036.057 3.9163 0 0 0 0.0002521 0.0025206 0.0068657 0.0220633 
2500000 2706 999.986 3332208.851 2052.513 3.9214 0 0 0 0.0002504 0.0025044 0.0067243 0.0227444 
2510000 2716 999.989 3354160.43 2080.54 3.9231 0 0 0 0.0002515 0.0025153 0.0067342 0.0190981 
2520000 2726 999.991 3375537.161 2091.426 3.9198 0 0 0 0.000246 0.00246 0.0066376 0.0163766 
2530000 2736 999.992 3395330.71 2070.527 3.9177 0 0 0 0.0002484 0.0024842 0.0067316 0.017927 
2540000 2746 999.994 3415740.691 2064.517 3.9196 0 0 0 0.000252 0.00252 0.0067205 0.0216813 
2550000 2756 999.995 3437169.799 2078.736 3.9175 0 0 0 0.000248 0.0024797 0.0066629 0.0156517 
2560000 2766 999.996 3456298.276 2051.989 3.915 0 0 0 0.0002443 0.0024429 0.0064761 0.0221765 
2570000 2776 999.997 3474557.259 2011.13 3.9198 0 0 0 0.0002361 0.0023609 0.00649 0.0179405 
2580000 2786 999.997 3493396.953 1983.592 3.9208 0 0 0 0.0002367 0.0023667 0.0063725 0.0247412 
2590000 2796 999.998 3514359.794 2003.146 3.9186 0 0 0 0.0002386 0.0023863 0.0063683 0.0198386 
2600000 2806 999.998 3534607.789 2008.714 3.9177 0 0 0 0.0002245 0.0022453 0.0062717 0.0217926 
2610000 2816 999.998 3553609.692 1987.463 3.9107 0 0 0 0.0002205 0.0022047 0.0060868 0.0224528 
2620000 2826 999.999 3574670.005 2007.658 3.9148 0 0 0 0.0002261 0.0022614 0.0062418 0.0219622 
2630000 2836 999.999 3594759.361 2007.325 3.9076 0 0 0 0.0002205 0.0022051 0.0061899 0.023536 
2640000 2846 999.999 3611570.065 1950.487 3.9093 0 0 0 0.0002313 0.0023129 0.0064158 0.0227687 
2650000 2856 999.999 3629876.672 1930.781 3.9065 0 0 0 0.000247 0.0024702 0.0067843 0.0245884 
2660000 2866 999.999 3648736.216 1922.021 3.9091 0 0 0 0.0002538 0.0025382 0.0068827 0.0150915 
2670000 2876 1000.0 3667910.992 1918.971 3.9144 0 0 0 0.0002492 0.0024917 0.0067989 0.0230439 
2680000 2886 1000.0 3685822.579 1899.096 3.9119 0 0 0 0.0002612 0.0026123 0.0070856 0.0203252 
2690000 2896 1000.0 3703528.191 1874.402 3.9141 0 0 0 0.0002724 0.0027242 0.0071565 0.0227895 
2700000 2906 1000.0 3722344.301 1875.08 3.916 0 0 0 0.0002699 0.0026988 0.0071692 0.0187467 
2710000 2916 1000.0 3743013.542 1909.858 3.9164 0 0 0 0.0002715 0.0027155 0.007175 0.0193976 
2720000 2926 1000.0 3761921.368 1905.976 3.9195 0 0 0 0.0002789 0.0027892 0.0074118 0.0201724 
2730000 2936 1000.0 3783178.682 1947.604 3.9156 0 0 0 0.0002766 0.0027657 0.0072552 0.0245785 
2740000 2946 1000.0 3802067.054 1938.121 3.9163 0 0 0 0.0002723 0.0027226 0.007234 0.0213529 
2750000 2956 1000.0 3822422.089 1955.45 3.9219 0 0 0 0.0002696 0.0026959 0.0072049 0.0133292 
2760000 2966 1000.0 3840469.575 1928.841 3.9215 0 0 0 0.0002833 0.0028333 0.0072774 0.0212449 
2770000 2976 1000.0 3861071.128 1953.077 3.913 0 0 0 0.0002835 0.0028348 0.0072222 0.025222 
2780000 2986 1000.0 3881325.459 1964.1 3.9171 0 0 0 0.0002703 0.0027027 0.0071202 0.0219744 
2790000 2996 1000.0 3898782.049 1926.249 3.9168 0 0 0 0.000287 0.0028703 0.0074585 0.0242565 
2800000 3006 1000.0 3918236.063 1929.521 3.9164 0 0 0 0.0002926 0.0029264 0.0075211 0.0211168 
2810000 3016 1000.0 3934824.334 1879.449 3.9127 0 0 0 0.0003105 0.0031047 0.0077543 0.0175811 
2820000 3026 986.927 3952391.079 1826.021 3.8648 0 0 0 0.0003169 0.0031694 0.00792 0.0168569 
2830000 3036 989.318 3971616.031 1847.628 3.875 0 0 0 0.0003236 0.0032362 0.0079871 0.0146015 
2840000 3046 991.272 3992230.689 1884.12 3.8781 0 0 0 0.0003071 0.0030706 0.0077838 0.0211354 
2850000 3056 992.869 4011401.947 1891.89 3.8863 0 0 0 0.0003049 0.0030489 0.0076455 0.022412 
2860000 3067 987.871 4026777.566 1823.489 3.8655 0 0 0 0.0003051 0.0030507 0.0074724 0.0189803 
2870000 3077 990.09 4042064.24 1764.834 3.8759 0 0 0 0.0003137 0.0031368 0.0076112 0.0157323 
2880000 3087 991.902 4058636.614 1743.908 3.8851 0 0 0 0.0003093 0.0030928 0.0075588 0.0185644 
2890000 3097 993.384 4074260.144 1712.987 3.8945 0 0 0 0.0003144 0.0031444 0.0075653 0.0208313 
2900000 3107 994.594 4088305.816 1661.538 3.9043 0 0 0 0.0003069 0.0030694 0.0073219 0.0156386 
2910000 3117 995.583 4102863.911 1626.457 3.9065 0 0 0 0.0003151 0.0031513 0.007477 0.0200806 
2920000 3127 996.391 4120607.792 1652.33 3.9068 0 0 0 0.0003122 0.0031224 0.0075565 0.0190434 
2930000 3137 997.051 4140152.235 1705.474 3.9105 0 0 0 0.0003134 0.0031336 0.0075425 0.0208001 
2940000 3147 997.591 4159183.036 1744.845 3.9111 0 0 0 0.0003226 0.0032256 0.0077845 0.0164801 
2950000 3157 998.031 4176043.276 1733.422 3.9151 0 0 0 0.0003297 0.0032967 0.0078612 0.0167018 
2960000 3167 998.391 4194223.532 1747.251 3.9225 0 0 0 0.0003365 0.0033654 0.0079959 0.0214279 
2970000 3177 989.719 4214866.339 1785.61 3.8902 0 0 0 0.0003312 0.0033122 0.0078715 0.0188306 
2980000 3187 991.599 4234575.951 1821.247 3.8954 0 0 0 0.0003341 0.0033412 0.0078698 0.0176052 
2990000 3197 993.136 4254025.945 1845.979 3.9003 0 0 0 0.0003275 0.0032754 0.0078396 0.017007 
3000000 3207 994.392 4274320.742 1875.63 3.9029 0 0 0 0.0003219 0.0032191 0.0077654 0.0184729 
3010000 3217 995.418 4290085.564 1837.586 3.9118 0 0 0 0.0003145 0.0031455 0.0074163 0.0190772 
3020000 3229 973.559 4306445.485 1744.765 3.8248 0 0 0 0.0003108 0.0031075 0.0074743 0.0201854 
3030000 3239 978.396 4322708.168 1723.95 3.845 0 0 0 0.000315 0.0031501 0.0075103 0.01877 
3040000 3249 982.348 4340646.238 1737.818 3.8621 0 0 0 0.0003031 0.0030305 0.0073555 0.0217032 
3050000 3259 985.577 4357862.61 1733.327 3.8762 0 0 0 0.0002954 0.0029537 0.0071177 0.0184268 
3060000 3269 988.215 4375415.266 1737.71 3.8839 0 0 0 0.0002888 0.0028879 0.0069327 0.0218492 
3070000 3279 990.371 4391914.313 1723.371 3.8969 0 0 0 0.0002861 0.0028606 0.0070169 0.020411 
3080000 3289 992.132 4409907.638 1739.01 3.9034 0 0 0 0.0002768 0.0027675 0.0067383 0.0149198 
3090000 3299 993.572 4429097.673 1773.067 3.9127 0 0 0 0.0002701 0.0027008 0.0065664 0.0167366 
3100000 3309 994.748 4447646.429 1785.909 3.9164 0 0 0 0.0002757 0.0027568 0.0068564 0.0168875 
3110000 3319 995.708 4466580.847 1804.713 3.9213 0 0 0 0.0002699 0.0026986 0.0067886 0.0169874 
3120000 3329 996.493 4485793.682 1826.973 3.9208 0 0 0 0.000273 0.0027298 0.0067446 0.0101113 
3130000 3339 997.135 4500241.188 1757.383 3.9239 0 0 0 0.0002797 0.0027966 0.0068373 0.0183796 
3140000 3349 997.659 4515929.326 1721.195 3.9258 0 0 0 0.0002888 0.0028884 0.0069347 0.0187573 
3150000 3361 960.27 4531074.655 1620.695 3.7774 0 0 0 0.0002928 0.0029279 0.0069245 0.02079 
3160000 3371 967.538 4547532.945 1622.951 3.804 0 0 0 0.0002803 0.0028032 0.006568 0.0190839 
3170000 3381 973.476 4565895.049 1662.519 3.8242 0 0 0 0.0002958 0.0029585 0.0069958 0.01896 
3180000 3391 978.328 4584696.566 1705.468 3.8362 0 0 0 0.0002874 0.0028742 0.0067742 0.0162618 
3190000 3401 982.292 4605244.386 1769.148 3.8453 0 0 0 0.0002938 0.0029379 0.0067958 0.0107978 
3200000 3411 985.532 4625648.759 1819.355 3.863 0 0 0 0.0003002 0.0030019 0.0069052 0.012381 
3210000 3421 988.178 4644997.498 1841.334 3.8767 0 0 0 0.0002971 0.0029712 0.0069808 0.0163258 
3220000 3431 990.341 4659226.061 1764.498 3.8848 0 0 0 0.0002933 0.0029334 0.0068372 0.015798 
3230000 3441 992.108 4677931.958 1785.434 3.8884 0 0 0 0.0002979 0.0029792 0.0070392 0.0259799 
3240000 3451 993.551 4696071.675 1791.426 3.893 0 0 0 0.0002971 0.0029712 0.0067986 0.0143967 
3250000 3461 994.731 4711540.151 1745.385 3.8981 0 0 0 0.0003068 0.0030678 0.0070448 0.0151 
3260000 3471 995.695 4731074.443 1782.607 3.8975 0 0 0 0.000301 0.0030104 0.0070748 0.0153108 
3270000 3481 996.482 4750979.024 1821.32 3.8966 0 0 0 0.0002977 0.0029773 0.0070281 0.0195439 
3280000 3491 997.126 4771167.769 1857.444 3.9066 0 0 0 0.0003038 0.0030378 0.0070387 0.0173476 
3290000 3501 997.652 4791506.781 1889.525 3.9036 0 0 0 0.0002962 0.0029617 0.0070515 0.0143335 
3300000 3511 998.081 4810361.09 1887.916 3.9003 0 0 0 0.000296 0.0029604 0.0071304 0.0181504 
3310000 3521 998.432 4829837.886 1899.567 3.9083 0 0 0 0.0002998 0.0029982 0.007087 0.0147052 
3320000 3531 998.719 4848265.781 1884.997 3.9097 0 0 0 0.0002979 0.0029785 0.0069672 0.014909 
3330000 3541 998.953 4869318.194 1927.182 3.9045 0 0 0 0.0002981 0.0029807 0.007092 0.019224 
3340000 3551 986.794 4888275.828 1898.568 3.8621 0 0 0 0.0002795 0.0027949 0.0069832 0.0163725 
3350000 3562 974.726 4905601.739 1845.08 3.8169 0 0 0 0.0002874 0.0028743 0.0070807 0.0201645 
3360000 3572 979.349 4922732.539 1829.297 3.8355 0 0 0 0.0002751 0.0027508 0.006961 0.0152352 
3370000 3582 983.127 4939522.729 1806.838 3.8569 0 0 0 0.0002826 0.0028263 0.0070725 0.0204759 
3380000 3593 974.357 4952776.041 1687.727 3.8191 0 0 0 0.0002902 0.0029016 0.0071066 0.026702 
3390000 3603 979.048 4966879.44 1639.698 3.8391 0 0 0 0.0003011 0.0030111 0.0072103 0.0191126 
3400000 3613 982.881 4985503.518 1681.938 3.8553 0 0 0 0.0003002 0.0030023 0.0070736 0.0125495 
3410000 3623 986.012 5001354.141 1666.383 3.8733 0 0 0 0.0002867 0.0028667 0.0071897 0.0180029 
3420000 3633 988.571 5021977.699 1736.026 3.886 0 0 0 0.0002834 0.0028343 0.0070179 0.0155679 
3430000 3643 990.662 5038938.755 1730.227 3.897 0 0 0 0.000282 0.0028199 0.0068818 0.021828 
3440000 3653 992.37 5057433.429 1751.783 3.9032 0 0 0 0.0002887 0.0028873 0.0070422 0.0133893 
3450000 3663 993.766 5075712.993 1766.739 3.9123 0 0 0 0.0002806 0.0028062 0.0068594 0.0195058 
3460000 3673 994.906 5095744.24 1807.703 3.9137 0 0 0 0.0002887 0.0028872 0.0070232 0.0193653 
3470000 3683 995.838 5112234.463 1781.432 3.9234 0 0 0 0.0002966 0.002966 0.0070345 0.0175809 
3480000 3693 996.599 5127133.803 1724.014 3.9248 0 0 0 0.0003105 0.0031045 0.0071531 0.0133833 
3490000 3703 997.221 5142975.808 1699.639 3.9283 0 0 0 0.0003032 0.003032 0.007093 0.0178914 
3500000 3713 997.73 5155800.533 1626.215 3.9353 0 0 0 0.0003166 0.0031656 0.007057 0.0242455 
3510000 3723 998.145 5168616.174 1560.242 3.9354 0 0 0 0.0003292 0.0032918 0.0073746 0.0198879 
3520000 3733 990.776 5181796.289 1498.528 3.9116 0 0 0 0.00034 0.0034003 0.0077717 0.0142006 
3530000 3743 992.464 5199609.68 1552.984 3.9211 0 0 0 0.0003506 0.0035056 0.0079265 0.0198911 
3540000 3753 993.842 5213220.294 1513.648 3.9258 0 0 0 0.0003569 0.0035688 0.0080149 0.0051647 
3550000 3764 984.749 5228874.144 1514.644 3.887 0 0 0 0.0003479 0.0034786 0.0079364 0.0176162 
3560000 3774 987.539 5241510.75 1462.449 3.8987 0 0 0 0.0003265 0.0032654 0.0075262 0.0100239 
3570000 3784 989.818 5255659.246 1454.002 3.9042 0 0 0 0.0003348 0.0033483 0.0074949 0.0174823 
3580000 3794 991.681 5272978.639 1503.195 3.9147 0 0 0 0.0003296 0.0032958 0.0074893 0.0179759 
3590000 3804 993.203 5288389.53 1508.052 3.919 0 0 0 0.0003214 0.0032144 0.0072986 0.0104522 
3600000 3814 994.446 5301592.51 1471.344 3.9226 0 0 0 0.0003226 0.0032263 0.0072365 0.0182026 
3610000 3824 995.462 5316227.01 1474.655 3.9221 0 0 0 0.0003265 0.0032649 0.0074657 0.0142981 
3620000 3834 996.292 5332438.781 1503.629 3.9229 0 0 0 0.0003355 0.0033554 0.0073516 0.0139999 
3630000 3844 984.946 5347488.303 1474.29 3.8829 0 0 0 0.0003326 0.0033256 0.0074391 0.0071318 
3640000 3854 987.7 5368213.643 1583.179 3.8908 0 0 0 0.0003256 0.0032556 0.0073381 0.0143999 
3650000 3864 989.95 5386214.639 1622.732 3.907 0 0 0 0.0003271 0.0032714 0.0074117 0.0140033 
3660000 3874 991.788 5407251.888 1711.217 3.914 0 0 0 0.0003274 0.0032743 0.0076139 0.0196649 
3670000 3884 993.291 5425117.684 1732.503 3.9184 0 0 0 0.0003398 0.0033982 0.007719 0.0163523 
3680000 3894 994.518 5443602.69 1763.361 3.9219 0 0 0 0.0003275 0.0032749 0.0076345 0.0172687 
3690000 3904 993.197 5460417.81 1729.354 3.9118 0 0 0 0.0003289 0.0032893 0.0075363 0.0149335 
3700000 3915 984.13 5476088.851 1682.996 3.8781 0 0 0 0.0003208 0.003208 0.0076738 0.0147282 
3710000 3925 987.033 5491914.378 1661.691 3.8852 0 0 0 0.0003167 0.0031666 0.0074041 0.0174962 
3720000 3935 989.405 5508411.226 1663.075 3.8926 0 0 0 0.0002953 0.0029532 0.0072571 0.0107131 
3730000 3945 991.343 5524314.955 1655.855 3.8982 0 0 0 0.0003012 0.0030115 0.007281 0.0175678 
3740000 3955 992.927 5541615.37 1670.469 3.9038 0 0 0 0.0002962 0.0029617 0.0071908 0.0112921 
3750000 3965 994.221 5557897.965 1653.373 3.9072 0 0 0 0.0002958 0.0029584 0.0072225 0.0256896 
3760000 3975 995.278 5573630.579 1640.795 3.9154 0 0 0 0.0003027 0.0030266 0.0074214 0.0193821 
3770000 3985 996.142 5590974.234 1658.547 3.918 0 0 0 0.00029 0.0029001 0.007312 0.0178199 
3780000 3995 996.848 5606638.812 1640.989 3.9246 0 0 0 0.0002903 0.0029032 0.007238 0.0113013 
3790000 4006 982.247 5623153.615 1620.191 3.872 0 0 0 0.0002986 0.0029861 0.007441 0.0198408 
3800000 4016 985.495 5641885.279 1668.043 3.8791 0 0 0 0.0002896 0.0028964 0.0072924 0.0104483 
3810000 4026 988.148 5659025.618 1670.896 3.8929 0 0 0 0.0003016 0.0030158 0.0077485 0.0199874 
3820000 4036 986.156 5675583.865 1659.707 3.8887 0 0 0 0.000307 0.0030696 0.0079003 0.020773 
3830000 4046 987.056 5692513.275 1663.608 3.8907 0 0 0 0.0003149 0.0031494 0.0081819 0.0109725 
3840000 4056 989.424 5710957.968 1692.398 3.9025 0 0 0 0.0003123 0.0031231 0.0082605 0.0176073 
3850000 4066 991.359 5728955.96 1720.804 3.9064 0 0 0 0.0003229 0.0032291 0.0082288 0.0192204 
3860000 4077 982.698 5743370.646 1649.909 3.8704 0 0 0 0.000336 0.0033599 0.0084914 0.0075383 
3870000 4088 965.23 5758027.383 1581.479 3.8066 0 0 0 0.0003499 0.0034988 0.0087221 0.0137934 
3880000 4098 971.59 5776213.074 1625.157 3.8362 0 0 0 0.0003469 0.0034685 0.0087922 0.0160625 
3890000 4108 976.787 5792921.883 1638.31 3.8611 0 0 0 0.0003539 0.0035391 0.0090693 0.0183963 
3900000 4118 981.033 5810859.195 1663.361 3.8674 0 0 0 0.0003648 0.0036478 0.00941 0.0197036 
3910000 4128 984.503 5829529.755 1700.043 3.8748 0 0 0 0.0003626 0.0036263 0.0090647 0.0210998 
3920000 4138 987.338 5847809.495 1723.638 3.8832 0 0 0 0.0003534 0.0035337 0.0092023 0.0212592 
3930000 4148 989.654 5867111.367 1760.061 3.8935 0 0 0 0.0003614 0.0036136 0.0090413 0.0199353 
3940000 4158 991.547 5887344.607 1808.025 3.902 0 0 0 0.0003566 0.0035656 0.0091907 0.0140121 
3950000 4168 993.093 5903118.15 1765.959 3.9127 0 0 0 0.000334 0.0033403 0.0086117 0.0175243 
3960000 4178 994.356 5921781.258 1784.764 3.9132 0 0 0 0.0003516 0.0035159 0.0091085 0.013543 
3970000 4188 995.389 5936215.813 1718.835 3.9201 0 0 0 0.0003545 0.0035448 0.0090367 0.0148623 
3980000 4198 987.608 5952017.505 1676.271 3.8865 0 0 0 0.0003476 0.003476 0.0087684 0.0242265 
3990000 4208 989.875 5970933.348 1713.284 3.9023 0 0 0 0.0003455 0.0034548 0.0088475 0.0153809 
4000000 4218 991.727 5984778.306 1659.007 3.9092 0 0 0 0.0003512 0.003512 0.0087314 0.0176331 
