10000 12 171.663 4663.106 79.028 0.1939 0 0 0 0.0 0.0 
20000 23 315.651 9548.342 150.291 0.3569 0 0 0 0.0 0.0 
30000 57 304.682 12149.478 115.304 0.6492 0 0 0 0.0008098 0.0080976 
40000 99 280.753 14953.616 92.158 0.7764 0 0 0 0.0010036 0.010035 
50000 223 80.684 17345.347 22.854 0.2537 0 0 0 0.0009993 0.0099924 
60000 233 248.852 21591.756 95.694 0.812 0 0 0 0.0011691 0.0116904 
70000 243 386.257 27309.521 182.966 1.263 0 0 0 0.001189 0.0118899 
80000 253 498.527 32760.054 248.467 1.6401 0 0 0 0.0012492 0.0124922 
90000 263 590.26 39422.792 325.351 1.9478 0 0 0 0.0014392 0.0143922 
100000 273 665.213 45719.553 380.0 2.1968 0 0 0 0.0014298 0.014298 
110000 285 696.658 51575.47 400.455 2.2916 0 0 0 0.0014197 0.0141969 
120000 296 732.913 57186.657 418.728 2.4098 0 0 0 0.0015246 0.0152455 
130000 309 742.081 62901.145 425.58 2.442 0 0 0 0.0016144 0.0161436 
140000 321 770.025 67392.122 417.654 2.5369 0 0 0 0.0016418 0.0164176 
150000 331 812.093 72279.217 431.877 2.6735 0 0 0 0.0016681 0.016681 
160000 341 846.467 78655.089 469.679 2.8058 0 0 0 0.0017196 0.0171955 
170000 351 874.552 84164.837 484.666 2.8936 0 0 0 0.0016984 0.0169844 
180000 361 897.5 90230.584 506.872 2.9654 0 0 0 0.001724 0.01724 
190000 371 916.25 95804.136 516.042 3.0271 0 0 0 0.001762 0.0176196 
200000 381 931.57 101467.003 525.04 3.0791 0 0 0 0.0018205 0.0182048 
210000 391 935.991 107625.116 536.219 3.0923 0 0 0 0.0017347 0.0173471 
220000 402 932.851 112650.431 521.893 3.081 0 0 0 0.0017048 0.0170478 
230000 414 916.551 118049.182 509.65 3.0302 0 0 0 0.001609 0.0160902 
240000 427 877.408 123310.113 483.516 2.9 0 0 0 0.0014825 0.0148254 
250000 442 817.63 128918.586 449.965 2.7013 0 0 0 0.0013816 0.013816 
260000 453 833.045 134714.893 464.41 2.7525 0 0 0 0.0012655 0.0126544 
270000 463 863.585 140837.779 493.302 2.8515 0 0 0 0.0011691 0.0116906 
280000 474 879.429 146657.0 505.453 2.9079 0 0 0 0.0010596 0.0105964 
290000 484 901.485 152318.345 514.195 2.9815 0 0 0 0.0009969 0.009969 
300000 495 911.708 157741.705 515.923 3.0172 0 0 0 0.0008871 0.0088714 
310000 506 907.787 163105.198 508.677 3.0119 0 0 0 0.0008827 0.0088273 
320000 516 924.655 169147.433 525.275 3.0713 0 0 0 0.0008453 0.0084532 
330000 527 924.858 175384.532 535.662 3.0761 0 0 0 0.0008072 0.0080723 
340000 537 938.603 181221.769 543.675 3.1174 0 0 0 0.0008106 0.0081065 
350000 547 942.087 187586.372 557.078 3.126 0 0 0 0.0007802 0.0078018 
360000 557 952.681 194387.338 579.121 3.161 0 0 0 0.0007512 0.0075125 
370000 567 961.337 200231.161 580.357 3.1924 0 0 0 0.0006989 0.0069892 
380000 578 956.312 206408.468 579.899 3.1762 0 0 0 0.0006956 0.006956 
390000 588 964.304 212396.452 582.132 3.2033 0 0 0 0.0006414 0.0064142 
400000 598 970.834 218844.863 593.653 3.2249 0 0 0 0.0005952 0.0059516 
410000 609 961.672 224611.503 581.961 3.1943 0 0 0 0.0005929 0.0059293 
420000 619 968.683 230225.998 577.543 3.2161 0 0 0 0.0005858 0.0058582 
430000 629 974.412 235746.853 572.475 3.2328 0 0 0 0.0005844 0.0058441 
440000 639 979.093 242330.243 587.948 3.2487 0 0 0 0.0005647 0.005647 
450000 649 982.917 248933.43 600.545 3.2596 0 0 0 0.0005824 0.0058241 
460000 659 986.042 255942.576 618.458 3.2716 0 0 0 0.0005744 0.0057445 
470000 669 988.595 262692.238 628.949 3.2789 0 0 0 0.0005805 0.0058047 
480000 679 984.042 269211.929 627.367 3.2625 0 0 0 0.0005976 0.0059761 
490000 689 986.961 276042.871 637.712 3.2756 0 0 0 0.0005702 0.005702 
500000 699 989.346 282386.044 635.98 3.2812 0 0 0 0.0005553 0.0055533 
510000 709 991.295 288838.606 638.817 3.2892 0 0 0 0.0005331 0.0053312 
520000 720 979.157 295474.848 633.949 3.25 0 0 0 0.0005171 0.0051705 
530000 730 982.97 302159.801 639.583 3.2622 0 0 0 0.0005339 0.0053392 
540000 740 986.085 308816.323 645.061 3.2722 0 0 0 0.0005133 0.0051326 
550000 750 988.631 316296.046 663.341 3.2817 0 0 0 0.0005152 0.0051519 
560000 760 990.71 323945.723 682.759 3.2876 0 0 0 0.0004989 0.0049887 
570000 770 980.032 331453.854 683.539 3.2448 0 0 0 0.0005172 0.0051725 
580000 780 983.684 338556.802 693.032 3.2563 0 0 0 0.0005225 0.0052251 
590000 791 969.315 344545.301 663.532 3.2092 0 0 0 0.0005327 0.0053273 
600000 801 974.928 351465.945 671.653 3.2309 0 0 0 0.0005259 0.0052586 
610000 811 979.515 358077.577 668.237 3.2464 0 0 0 0.0005262 0.0052624 
620000 821 983.262 364673.925 669.043 3.2545 0 0 0 0.0005459 0.0054591 
630000 831 986.324 371481.435 668.508 3.2702 0 0 0 0.000526 0.0052596 
640000 842 972.821 378480.989 663.29 3.2284 0 0 0 0.0005114 0.005114 
650000 854 948.773 385025.694 640.905 3.1483 0 0 0 0.0004913 0.0049126 
660000 864 947.646 393057.666 662.472 3.145 0 0 0 0.0004977 0.0049768 
670000 874 957.223 400344.384 678.043 3.1769 0 0 0 0.0004925 0.0049254 
680000 884 963.868 407480.23 681.413 3.1982 0 0 0 0.0004767 0.0047665 
690000 894 970.477 414889.829 695.512 3.2207 0 0 0 0.0004762 0.0047618 
700000 905 964.593 423317.35 709.949 3.1957 0 0 0 0.0004905 0.0049054 
710000 915 971.07 430713.538 716.753 3.2171 0 0 0 0.0004928 0.0049279 
720000 926 964.946 437887.989 708.035 3.1979 0 0 0 0.0005043 0.0050432 
730000 936 971.358 444870.869 705.935 3.2198 0 0 0 0.0004897 0.0048969 
740000 946 972.833 452282.237 708.323 3.2274 0 0 0 0.0005034 0.0050342 
750000 956 977.802 460250.623 727.044 3.2458 0 0 0 0.0005145 0.0051445 
760000 966 981.863 467319.901 721.102 3.2524 0 0 0 0.0005044 0.0050439 
770000 976 985.181 474619.902 722.557 3.2669 0 0 0 0.0004941 0.0049413 
780000 987 974.694 481438.002 705.893 3.2356 0 0 0 0.0005105 0.0051052 
790000 997 979.323 489090.018 718.049 3.2467 0 0 0 0.0004983 0.0049832 
800000 1007 983.105 498096.954 751.593 3.2607 0 0 0 0.0004969 0.0049687 
810000 1017 986.196 505024.742 741.736 3.2653 0 0 0 0.0004941 0.0049411 
820000 1027 988.721 512521.567 742.847 3.2758 0 0 0 0.0004959 0.0049589 
830000 1037 989.109 521952.932 776.697 3.2726 0 0 0 0.0005065 0.0050652 
840000 1047 991.101 530713.441 793.692 3.2775 0 0 0 0.0005227 0.0052271 
850000 1057 992.729 539408.234 807.031 3.2849 0 0 0 0.0005068 0.0050676 
860000 1067 994.059 549862.418 851.612 3.2854 0 0 0 0.0005138 0.0051375 
870000 1077 995.146 558364.354 850.784 3.2906 0 0 0 0.0005038 0.0050376 
880000 1087 996.034 568963.75 889.139 3.295 0 0 0 0.0005181 0.0051807 
890000 1097 996.759 579338.424 915.768 3.2995 0 0 0 0.0005094 0.0050945 
900000 1107 997.352 588181.175 909.377 3.3016 0 0 0 0.0005263 0.0052633 
910000 1117 997.836 597036.413 904.418 3.3009 0 0 0 0.0005379 0.0053785 
920000 1127 998.232 606595.752 914.131 3.3016 0 0 0 0.0005519 0.005519 
930000 1137 998.556 615477.871 908.463 3.3029 0 0 0 0.0005599 0.0055991 
940000 1147 998.82 625245.305 920.17 3.3037 0 0 0 0.0005617 0.0056173 
950000 1157 999.036 633360.691 899.354 3.3094 0 0 0 0.0005616 0.0056156 
960000 1167 999.212 641495.667 884.547 3.3093 0 0 0 0.0005531 0.0055307 
970000 1177 999.356 649611.988 870.519 3.3112 0 0 0 0.0005652 0.0056521 
980000 1187 999.474 659767.269 896.104 3.3106 0 0 0 0.0005713 0.0057133 
990000 1197 999.57 669582.09 913.141 3.3122 0 0 0 0.0005886 0.0058865 
1000000 1207 999.649 678026.803 895.162 3.3127 0 0 0 0.0005984 0.0059842 
1010000 1217 999.713 687806.324 911.135 3.3145 0 0 0 0.0005869 0.0058694 
1020000 1227 999.766 697127.135 915.695 3.3155 0 0 0 0.0006045 0.0060446 
1030000 1237 999.808 708536.231 955.822 3.318 0 0 0 0.0005882 0.0058821 
1040000 1247 999.843 719384.386 981.073 3.3157 0 0 0 0.000581 0.0058104 
1050000 1257 999.872 730272.648 1001.398 3.3117 0 0 0 0.000593 0.0059297 
1060000 1267 999.896 740679.671 1008.396 3.3078 0 0 0 0.0005862 0.0058623 
1070000 1277 999.915 752327.636 1040.153 3.3116 0 0 0 0.0006047 0.006047 
1080000 1287 999.93 763897.415 1060.279 3.3136 0 0 0 0.0005965 0.0059649 
1090000 1297 999.943 777018.623 1107.382 3.3136 0 0 0 0.0005944 0.0059445 
1100000 1307 999.953 788475.468 1112.274 3.3127 0 0 0 0.0005817 0.0058166 
1110000 1317 999.962 798451.656 1092.4 3.314 0 0 0 0.0005856 0.0058559 
1120000 1327 995.062 809702.348 1091.927 3.2949 0 0 0 0.0005668 0.0056681 
1130000 1337 987.514 821743.044 1103.452 3.2714 0 0 0 0.0005575 0.0055752 
1140000 1348 987.293 831992.586 1086.682 3.2741 0 0 0 0.0005583 0.0055832 
1150000 1358 989.618 843756.792 1102.757 3.2848 0 0 0 0.0005457 0.0054573 
1160000 1368 986.797 856542.991 1128.531 3.2732 0 0 0 0.0005373 0.0053725 
1170000 1378 988.019 868044.064 1128.798 3.2716 0 0 0 0.0005347 0.0053473 
1180000 1388 990.211 879636.144 1135.898 3.2754 0 0 0 0.0005284 0.0052842 
1190000 1398 992.001 890233.746 1122.009 3.2813 0 0 0 0.0005151 0.0051512 
1200000 1408 993.465 903296.629 1154.502 3.2825 0 0 0 0.000504 0.0050403 
1210000 1418 994.66 916172.266 1181.001 3.2885 0 0 0 0.000509 0.0050903 
1220000 1428 995.637 928705.959 1193.936 3.2857 0 0 0 0.0005143 0.0051429 
1230000 1438 996.435 942039.515 1217.208 3.2858 0 0 0 0.0004974 0.0049736 
1240000 1448 997.087 956250.345 1253.683 3.2911 0 0 0 0.0004923 0.0049231 
1250000 1458 997.62 967507.173 1234.402 3.2968 0 0 0 0.0004948 0.0049485 
1260000 1468 998.055 976532.299 1169.73 3.3025 0 0 0 0.0004928 0.0049283 
1270000 1478 998.411 987562.061 1160.886 3.302 0 0 0 0.0004846 0.004846 
1280000 1488 998.702 995196.769 1084.39 3.3036 0 0 0 0.0004799 0.0047994 
1290000 1498 998.939 1005874.135 1084.85 3.3055 0 0 0 0.0004685 0.0046851 
1300000 1508 999.133 1015510.814 1057.44 3.3086 0 0 0 0.0004602 0.0046017 
1310000 1518 999.292 1025239.765 1053.777 3.3136 0 0 0 0.0004572 0.0045717 
1320000 1528 999.421 1034815.413 1026.917 3.3145 0 0 0 0.0004554 0.0045541 
1330000 1538 999.527 1047144.442 1067.47 3.3224 0 0 0 0.0004513 0.0045134 
1340000 1548 999.614 1059212.107 1090.812 3.3182 0 0 0 0.0004426 0.004426 
1350000 1558 999.684 1068628.77 1063.356 3.3171 0 0 0 0.0004473 0.0044727 
1360000 1568 999.742 1079206.992 1061.338 3.316 0 0 0 0.0004483 0.0044827 
1370000 1578 999.789 1090548.648 1074.737 3.3113 0 0 0 0.0004613 0.0046129 
1380000 1588 999.828 1102818.177 1107.442 3.3141 0 0 0 0.000462 0.0046195 
1390000 1598 999.859 1115998.855 1142.975 3.3075 0 0 0 0.0004631 0.0046307 
1400000 1608 999.885 1126675.368 1129.374 3.3091 0 0 0 0.0004569 0.0045695 
1410000 1618 999.906 1137255.614 1116.558 3.3097 0 0 0 0.0004631 0.0046315 
1420000 1628 999.923 1148307.286 1112.278 3.3067 0 0 0 0.0004651 0.0046507 
1430000 1638 999.937 1157696.373 1083.226 3.3066 0 0 0 0.0004694 0.0046938 
1440000 1648 999.949 1166054.312 1037.485 3.3083 0 0 0 0.0004903 0.0049029 
1450000 1658 999.958 1177387.205 1052.428 3.3121 0 0 0 0.0004902 0.0049022 
1460000 1668 998.16 1189498.009 1083.31 3.3028 0 0 0 0.0004942 0.0049424 
1470000 1678 998.497 1201514.884 1099.346 3.3092 0 0 0 0.0004843 0.0048431 
1480000 1688 998.772 1216543.19 1176.01 3.3043 0 0 0 0.0004827 0.0048271 
1490000 1698 998.996 1230289.203 1210.658 3.303 0 0 0 0.0004917 0.0049171 
1500000 1708 999.18 1244751.571 1254.999 3.3026 0 0 0 0.0004907 0.0049074 
1510000 1718 999.33 1259976.445 1302.059 3.3024 0 0 0 0.0004875 0.0048748 
1520000 1728 999.453 1274970.253 1336.339 3.2962 0 0 0 0.0004845 0.0048451 
1530000 1738 999.553 1291284.301 1390.049 3.3012 0 0 0 0.0004856 0.004856 
1540000 1748 999.635 1305966.032 1408.814 3.3034 0 0 0 0.0004896 0.004896 
1550000 1758 999.701 1319305.674 1391.345 3.3043 0 0 0 0.0004835 0.0048352 
1560000 1768 999.756 1331100.484 1355.182 3.3054 0 0 0 0.0004788 0.0047876 
1570000 1778 999.801 1347457.365 1409.761 3.3015 0 0 0 0.0004758 0.0047577 
1580000 1788 999.837 1363771.088 1447.092 3.2993 0 0 0 0.0004696 0.0046964 
1590000 1798 999.867 1380858.847 1494.463 3.297 0 0 0 0.0004667 0.0046671 
1600000 1808 999.891 1397980.275 1532.545 3.299 0 0 0 0.0004539 0.0045388 
1610000 1818 999.911 1416417.901 1588.408 3.3045 0 0 0 0.0004454 0.0044537 
1620000 1828 999.927 1434532.396 1631.521 3.3063 0 0 0 0.0004401 0.0044013 
1630000 1838 999.941 1448769.537 1597.115 3.305 0 0 0 0.0004383 0.0043829 
1640000 1848 999.952 1464207.966 1583.973 3.3057 0 0 0 0.000418 0.0041803 
1650000 1858 999.96 1478672.343 1565.082 3.3041 0 0 0 0.0004056 0.0040561 
1660000 1869 983.14 1489938.037 1450.55 3.2517 0 0 0 0.0004212 0.0042124 
1670000 1879 986.224 1505099.699 1457.864 3.2622 0 0 0 0.000412 0.0041204 
1680000 1889 988.744 1521519.398 1493.042 3.2723 0 0 0 0.0004125 0.0041251 
1690000 1899 990.803 1538222.696 1526.494 3.2745 0 0 0 0.0004069 0.0040686 
1700000 1909 992.485 1554211.421 1538.83 3.278 0 0 0 0.0004055 0.004055 
1710000 1919 993.86 1570117.345 1549.452 3.2885 0 0 0 0.0004021 0.0040213 
1720000 1930 981.05 1586409.341 1542.885 3.2417 0 0 0 0.0004077 0.0040769 
1730000 1940 984.516 1600710.598 1520.966 3.2521 0 0 0 0.0004149 0.0041489 
1740000 1950 987.349 1616842.445 1538.778 3.2608 0 0 0 0.0004142 0.0041416 
1750000 1960 989.663 1633408.335 1558.411 3.2672 0 0 0 0.0004051 0.004051 
1760000 1970 991.554 1651594.578 1606.304 3.2679 0 0 0 0.0003996 0.0039957 
1770000 1980 993.099 1668670.214 1626.219 3.28 0 0 0 0.0004045 0.0040452 
1780000 1990 994.361 1687273.054 1667.361 3.2852 0 0 0 0.0003955 0.0039552 
1790000 2000 995.393 1705125.737 1690.641 3.2896 0 0 0 0.0004063 0.0040633 
1800000 2010 996.236 1720075.135 1653.67 3.2945 0 0 0 0.0004 0.0040001 
1810000 2020 996.924 1732694.442 1580.209 3.2935 0 0 0 0.0003979 0.0039794 
1820000 2030 997.487 1743742.052 1489.998 3.3006 0 0 0 0.0003995 0.0039948 
1830000 2040 997.947 1758023.868 1479.401 3.299 0 0 0 0.0003991 0.0039911 
1840000 2050 998.322 1768589.311 1406.542 3.3023 0 0 0 0.0003844 0.0038437 
1850000 2060 998.629 1783237.886 1415.632 3.3075 0 0 0 0.0003848 0.0038477 
1860000 2070 998.88 1800127.355 1468.554 3.3068 0 0 0 0.0003787 0.0037872 
1870000 2080 999.085 1817216.163 1512.689 3.3008 0 0 0 0.0003708 0.0037085 
1880000 2090 999.252 1832744.251 1520.684 3.2992 0 0 0 0.0003674 0.0036735 
1890000 2100 999.389 1848054.776 1524.128 3.2957 0 0 0 0.000364 0.0036397 
1900000 2110 999.501 1865850.33 1572.028 3.2946 0 0 0 0.0003788 0.0037883 
1910000 2120 999.592 1884081.827 1617.579 3.2956 0 0 0 0.0003689 0.0036887 
1920000 2130 999.667 1902473.598 1658.088 3.2961 0 0 0 0.000365 0.00365 
1930000 2140 999.728 1921231.701 1698.292 3.2927 0 0 0 0.0003563 0.0035634 
1940000 2150 999.777 1939220.82 1716.664 3.2872 0 0 0 0.0003482 0.0034824 
1950000 2160 999.818 1956792.053 1725.965 3.2914 0 0 0 0.0003463 0.0034627 
1960000 2170 999.851 1975674.425 1755.366 3.2917 0 0 0 0.000336 0.0033605 
1970000 2180 999.879 1991524.177 1729.143 3.2926 0 0 0 0.0003458 0.0034581 
1980000 2190 999.901 2012258.897 1792.509 3.3006 0 0 0 0.000332 0.0033204 
1990000 2200 999.919 2032005.314 1824.161 3.2968 0 0 0 0.0003393 0.0033928 
2000000 2210 999.934 2051982.228 1855.826 3.2973 0 0 0 0.0003393 0.0033931 
2010000 2220 999.946 2068547.422 1817.129 3.2992 0 0 0 0.0003426 0.0034256 
2020000 2230 999.956 2084588.094 1779.649 3.3035 0 0 0 0.0003368 0.003368 
2030000 2240 999.964 2102983.005 1791.438 3.3011 0 0 0 0.0003403 0.0034025 
2040000 2250 999.97 2124183.903 1851.06 3.2998 0 0 0 0.0003361 0.0033606 
2050000 2260 999.976 2145220.466 1898.689 3.3025 0 0 0 0.0003356 0.0033563 
2060000 2270 999.98 2165764.525 1926.115 3.3014 0 0 0 0.0003349 0.003349 
2070000 2280 999.984 2185135.019 1928.383 3.3008 0 0 0 0.0003301 0.0033011 
2080000 2290 999.987 2204704.076 1933.637 3.3008 0 0 0 0.0003231 0.0032315 
2090000 2300 999.989 2224193.295 1936.64 3.3039 0 0 0 0.0003195 0.0031947 
2100000 2310 999.991 2241705.668 1906.414 3.2985 0 0 0 0.0003138 0.0031379 
2110000 2320 999.993 2253494.69 1772.191 3.3006 0 0 0 0.0003205 0.0032051 
2120000 2330 996.153 2266621.482 1687.21 3.2955 0 0 0 0.0003261 0.0032607 
2130000 2340 996.856 2279868.138 1610.506 3.298 0 0 0 0.0003321 0.0033205 
2140000 2350 997.431 2294050.745 1581.6 3.3039 0 0 0 0.0003364 0.0033636 
2150000 2360 997.901 2310916.546 1604.592 3.2999 0 0 0 0.0003449 0.0034493 
2160000 2370 998.285 2325583.568 1577.571 3.2977 0 0 0 0.0003453 0.0034533 
2170000 2380 998.599 2338669.764 1528.571 3.2955 0 0 0 0.0003636 0.0036361 
2180000 2390 989.684 2354247.318 1512.812 3.2642 0 0 0 0.0003687 0.0036871 
2190000 2401 982.835 2372446.574 1559.565 3.2425 0 0 0 0.000361 0.0036098 
2200000 2411 985.975 2391209.033 1617.716 3.2505 0 0 0 0.0003598 0.0035977 
2210000 2421 988.541 2407219.599 1615.481 3.2636 0 0 0 0.0003695 0.0036948 
2220000 2431 990.637 2425879.592 1656.675 3.2708 0 0 0 0.0003585 0.0035855 
2230000 2441 992.35 2447476.28 1748.18 3.2687 0 0 0 0.0003593 0.0035932 
2240000 2451 993.749 2466690.059 1778.215 3.2702 0 0 0 0.0003632 0.0036323 
2250000 2461 994.893 2487653.635 1850.555 3.2749 0 0 0 0.0003635 0.0036345 
2260000 2471 995.827 2508727.309 1886.019 3.2778 0 0 0 0.0003514 0.0035141 
2270000 2481 996.59 2530232.567 1935.402 3.2779 0 0 0 0.0003471 0.003471 
2280000 2491 997.214 2550309.778 1947.654 3.2845 0 0 0 0.0003552 0.0035518 
2290000 2501 997.724 2568647.137 1927.271 3.2912 0 0 0 0.0003542 0.0035422 
2300000 2512 984.454 2586560.143 1876.778 3.2462 0 0 0 0.0003594 0.0035943 
2310000 2522 987.298 2606217.755 1899.237 3.2541 0 0 0 0.0003586 0.0035858 
2320000 2532 989.621 2623412.82 1859.304 3.2614 0 0 0 0.0003467 0.0034666 
2330000 2542 979.769 2640619.564 1833.891 3.2272 0 0 0 0.0003527 0.0035269 
2340000 2552 983.47 2657549.213 1786.421 3.2427 0 0 0 0.0003438 0.0034385 
2350000 2562 986.493 2677068.042 1812.295 3.2524 0 0 0 0.0003277 0.0032766 
2360000 2572 988.964 2692456.007 1761.133 3.268 0 0 0 0.0003188 0.0031884 
2370000 2582 990.983 2710522.535 1774.079 3.2753 0 0 0 0.0003074 0.0030741 
2380000 2592 992.632 2729205.972 1789.415 3.2876 0 0 0 0.0003024 0.0030242 
2390000 2602 993.98 2749787.132 1843.455 3.2863 0 0 0 0.0002958 0.002958 
2400000 2612 995.081 2769085.566 1854.237 3.2871 0 0 0 0.0002963 0.0029625 
2410000 2622 995.981 2785038.539 1819.076 3.2915 0 0 0 0.0002966 0.0029661 
2420000 2632 996.716 2804269.7 1844.847 3.2917 0 0 0 0.0002858 0.0028585 
2430000 2643 992.871 2821117.905 1793.848 3.2802 0 0 0 0.0002981 0.0029806 
2440000 2653 994.175 2836946.621 1758.178 3.2882 0 0 0 0.0002902 0.0029018 
2450000 2663 995.24 2856070.382 1784.557 3.2917 0 0 0 0.0002899 0.0028985 
2460000 2673 996.111 2877398.132 1847.78 3.2938 0 0 0 0.0002933 0.0029334 
2470000 2683 994.968 2896198.824 1848.467 3.2843 0 0 0 0.0002976 0.0029765 
2480000 2693 995.888 2917330.622 1896.95 3.2861 0 0 0 0.000305 0.0030504 
2490000 2703 996.64 2936220.536 1896.054 3.287 0 0 0 0.0003076 0.0030756 
2500000 2713 997.255 2956811.619 1925.145 3.2867 0 0 0 0.0002905 0.002905 
2510000 2723 997.757 2976885.113 1938.901 3.2906 0 0 0 0.0002931 0.0029312 
2520000 2733 998.167 2994745.687 1910.576 3.2963 0 0 0 0.0002956 0.002956 
2530000 2743 998.503 3011079.615 1858.268 3.2959 0 0 0 0.0002879 0.0028793 
2540000 2753 998.777 3029506.658 1853.946 3.2943 0 0 0 0.0002881 0.0028806 
2550000 2763 999.0 3049356.652 1877.75 3.292 0 0 0 0.0002926 0.0029258 
2560000 2773 999.183 3068733.902 1889.955 3.2891 0 0 0 0.0002887 0.002887 
2570000 2783 999.333 3087161.238 1878.468 3.2929 0 0 0 0.0002963 0.0029631 
2580000 2793 999.455 3108358.332 1921.64 3.2887 0 0 0 0.0002903 0.0029033 
2590000 2803 999.554 3128006.482 1930.703 3.2878 0 0 0 0.0002946 0.0029465 
2600000 2813 999.636 3147751.276 1939.974 3.2884 0 0 0 0.000298 0.0029796 
2610000 2823 999.703 3170464.146 2000.519 3.2886 0 0 0 0.0002892 0.002892 
2620000 2833 999.757 3191607.005 2019.661 3.2883 0 0 0 0.000287 0.0028705 
2630000 2843 999.801 3213887.886 2056.988 3.2834 0 0 0 0.0002753 0.0027526 
2640000 2853 999.838 3235386.177 2074.794 3.2793 0 0 0 0.0002752 0.002752 
2650000 2863 996.256 3255870.724 2065.951 3.2761 0 0 0 0.0002677 0.002677 
2660000 2873 988.607 3274097.695 2002.155 3.2534 0 0 0 0.0002795 0.0027953 
2670000 2883 990.691 3291306.968 1947.289 3.2626 0 0 0 0.0002833 0.0028329 
2680000 2893 992.394 3312070.093 1969.625 3.2719 0 0 0 0.0002781 0.0027808 
2690000 2904 988.878 3331857.097 1966.378 3.2627 0 0 0 0.0002813 0.0028126 
2700000 2914 990.913 3354058.943 2013.13 3.2676 0 0 0 0.0002812 0.0028122 
2710000 2924 989.342 3372284.542 1973.316 3.2609 0 0 0 0.0002853 0.0028527 
2720000 2934 991.292 3392447.39 1979.284 3.2629 0 0 0 0.0002768 0.0027679 
2730000 2944 992.885 3413291.914 1999.803 3.2678 0 0 0 0.0002828 0.0028282 
2740000 2954 986.665 3434731.275 2008.106 3.2457 0 0 0 0.0002785 0.0027852 
2750000 2964 989.105 3456857.859 2050.883 3.2526 0 0 0 0.0002733 0.0027332 
2760000 2974 989.023 3476820.059 2031.007 3.2502 0 0 0 0.0002773 0.0027735 
2770000 2984 991.031 3497501.281 2041.392 3.2609 0 0 0 0.0002793 0.0027929 
2780000 2994 992.672 3514008.091 1969.585 3.2706 0 0 0 0.0002858 0.002858 
2790000 3004 994.012 3533283.895 1957.17 3.2773 0 0 0 0.0002772 0.0027722 
2800000 3014 995.108 3551336.506 1926.381 3.2816 0 0 0 0.0002825 0.0028255 
2810000 3024 996.003 3573447.532 1978.604 3.2802 0 0 0 0.000282 0.0028201 
2820000 3034 996.734 3595924.068 2029.409 3.2851 0 0 0 0.0002817 0.0028174 
2830000 3044 997.331 3614477.566 1994.857 3.2883 0 0 0 0.0002859 0.0028585 
2840000 3054 997.819 3636653.229 2037.713 3.2913 0 0 0 0.0002841 0.0028406 
2850000 3065 981.474 3656666.231 1999.423 3.2389 0 0 0 0.000287 0.0028703 
2860000 3075 984.863 3678694.342 2034.259 3.2452 0 0 0 0.0002812 0.0028117 
2870000 3085 987.632 3699155.667 2038.123 3.2527 0 0 0 0.0002698 0.0026977 
2880000 3095 989.894 3720661.774 2060.35 3.2606 0 0 0 0.0002788 0.0027883 
2890000 3105 991.743 3737785.481 2016.899 3.2655 0 0 0 0.00027 0.0026997 
2900000 3115 993.253 3757006.279 1977.679 3.273 0 0 0 0.0002854 0.0028535 
2910000 3125 994.488 3775740.598 1981.229 3.2751 0 0 0 0.0002858 0.002858 
2920000 3135 995.496 3796899.106 1989.381 3.2785 0 0 0 0.0002842 0.0028419 
2930000 3145 996.32 3815073.055 1952.745 3.2837 0 0 0 0.0002907 0.0029074 
2940000 3155 996.993 3832763.42 1928.025 3.2886 0 0 0 0.0003017 0.0030169 
2950000 3165 997.543 3851124.478 1906.727 3.2862 0 0 0 0.0003055 0.0030549 
2960000 3175 997.993 3868897.951 1880.823 3.286 0 0 0 0.0003006 0.0030059 
2970000 3185 998.36 3887113.834 1886.163 3.2852 0 0 0 0.0003066 0.0030655 
2980000 3195 998.66 3908800.06 1921.511 3.2931 0 0 0 0.0003051 0.0030505 
2990000 3205 998.905 3929300.579 1941.525 3.2963 0 0 0 0.0002997 0.0029971 
3000000 3215 999.105 3950990.59 1988.836 3.2961 0 0 0 0.0002965 0.0029652 
3010000 3225 999.269 3971135.282 1989.993 3.2935 0 0 0 0.0003013 0.0030125 
3020000 3235 999.403 3993090.65 2026.99 3.2941 0 0 0 0.000293 0.0029302 
3030000 3245 999.512 4012265.425 2025.729 3.2991 0 0 0 0.0002938 0.0029381 
3040000 3255 999.601 4028526.682 1934.727 3.3038 0 0 0 0.0003173 0.0031734 
3050000 3265 999.674 4047870.499 1930.746 3.3062 0 0 0 0.0003168 0.003168 
3060000 3275 999.734 4069137.478 1970.417 3.3029 0 0 0 0.0003073 0.0030731 
3070000 3285 999.782 4088842.351 1971.891 3.3011 0 0 0 0.000313 0.0031301 
3080000 3296 988.896 4108998.557 1957.565 3.2672 0 0 0 0.0003239 0.0032393 
3090000 3306 990.928 4129543.993 1973.794 3.2741 0 0 0 0.0003189 0.0031894 
3100000 3316 992.587 4149257.041 1972.94 3.2798 0 0 0 0.0003178 0.0031785 
3110000 3326 993.943 4168385.358 1959.909 3.2857 0 0 0 0.0003143 0.003143 
3120000 3336 995.051 4186248.408 1929.13 3.2868 0 0 0 0.0003141 0.003141 
3130000 3346 995.956 4200672.151 1837.833 3.2853 0 0 0 0.0003279 0.0032788 
3140000 3356 996.696 4217120.699 1803.58 3.2866 0 0 0 0.0003257 0.0032566 
3150000 3366 997.3 4233787.069 1776.484 3.2853 0 0 0 0.0003226 0.0032257 
3160000 3376 997.794 4250282.895 1754.198 3.2887 0 0 0 0.0003315 0.0033154 
3170000 3386 998.198 4267123.096 1745.934 3.2953 0 0 0 0.0003351 0.0033509 
3180000 3396 998.527 4286395.211 1778.301 3.2995 0 0 0 0.0003354 0.0033542 
3190000 3406 998.797 4306920.344 1827.608 3.3007 0 0 0 0.0003388 0.003388 
3200000 3416 999.017 4324365.669 1809.738 3.298 0 0 0 0.0003498 0.0034979 
3210000 3426 999.197 4345300.932 1863.432 3.296 0 0 0 0.0003329 0.0033292 
3220000 3436 999.344 4364903.574 1879.144 3.2937 0 0 0 0.0003383 0.0033834 
3230000 3446 999.464 4384974.035 1904.51 3.2931 0 0 0 0.0003272 0.0032715 
3240000 3456 999.562 4405016.138 1924.265 3.2927 0 0 0 0.0003225 0.0032249 
3250000 3466 999.642 4423946.685 1915.426 3.2914 0 0 0 0.0003306 0.0033064 
3260000 3476 999.707 4445325.045 1957.888 3.2952 0 0 0 0.0003269 0.0032695 
3270000 3486 999.761 4465647.171 1968.44 3.2972 0 0 0 0.0003282 0.0032818 
3280000 3496 999.805 4482067.912 1905.193 3.2985 0 0 0 0.0003366 0.0033662 
3290000 3506 999.84 4498579.847 1854.832 3.3041 0 0 0 0.0003408 0.0034084 
3300000 3516 999.87 4519638.636 1906.049 3.3042 0 0 0 0.0003366 0.0033661 
3310000 3526 999.893 4537001.499 1872.299 3.3074 0 0 0 0.000338 0.0033797 
3320000 3536 999.913 4557692.28 1905.379 3.307 0 0 0 0.0003282 0.0032819 
3330000 3546 999.929 4578616.869 1938.973 3.3104 0 0 0 0.0003255 0.0032548 
3340000 3556 999.942 4599034.891 1958.704 3.3092 0 0 0 0.0003165 0.0031645 
3350000 3566 999.953 4616699.339 1924.785 3.3048 0 0 0 0.0003079 0.003079 
3360000 3576 999.961 4633553.016 1886.358 3.3043 0 0 0 0.0003054 0.0030537 
3370000 3586 988.07 4650890.099 1827.593 3.2616 0 0 0 0.0003015 0.003015 
3380000 3597 988.179 4669231.833 1832.404 3.2604 0 0 0 0.0003057 0.0030574 
3390000 3607 990.342 4684224.216 1770.352 3.2689 0 0 0 0.0003145 0.003145 
3400000 3617 992.108 4699694.666 1727.807 3.2735 0 0 0 0.0003258 0.0032578 
3410000 3627 993.552 4716350.799 1715.886 3.2752 0 0 0 0.0003345 0.0033447 
3420000 3637 994.732 4734280.032 1731.414 3.2753 0 0 0 0.0003318 0.0033181 
3430000 3647 995.695 4754073.041 1776.645 3.2814 0 0 0 0.0003302 0.0033018 
3440000 3657 996.483 4772919.338 1795.971 3.2854 0 0 0 0.0003351 0.0033513 
3450000 3667 997.126 4791690.097 1812.006 3.287 0 0 0 0.0003363 0.0033632 
3460000 3677 997.652 4812357.12 1858.721 3.2903 0 0 0 0.0003325 0.0033252 
3470000 3687 998.081 4833640.185 1908.3 3.291 0 0 0 0.0003274 0.0032738 
3480000 3697 998.432 4854405.748 1937.36 3.2902 0 0 0 0.0003288 0.0032878 
3490000 3707 998.719 4872253.961 1910.5 3.291 0 0 0 0.0003281 0.0032814 
3500000 3717 998.953 4891792.633 1915.892 3.2904 0 0 0 0.0003296 0.0032962 
3510000 3727 999.145 4911451.162 1925.979 3.2885 0 0 0 0.0003262 0.0032616 
3520000 3737 999.301 4931474.385 1940.003 3.2908 0 0 0 0.0003435 0.0034347 
3530000 3747 999.429 4951735.837 1955.129 3.2904 0 0 0 0.0003252 0.0032523 
3540000 3757 994.018 4972126.169 1956.426 3.2743 0 0 0 0.0003424 0.0034242 
3550000 3767 995.112 4992485.566 1969.227 3.2768 0 0 0 0.0003436 0.0034358 
3560000 3777 996.006 5010996.724 1959.136 3.2787 0 0 0 0.0003352 0.0033521 
3570000 3787 996.737 5026350.587 1873.961 3.2856 0 0 0 0.0003369 0.0033686 
3580000 3797 997.334 5046008.574 1887.913 3.2857 0 0 0 0.0003349 0.0033485 
3590000 3807 997.822 5065403.6 1896.336 3.2871 0 0 0 0.0003267 0.0032673 
3600000 3817 998.22 5086614.158 1938.78 3.2891 0 0 0 0.0003154 0.003154 
3610000 3827 998.546 5103408.301 1890.211 3.294 0 0 0 0.0003092 0.0030918 
3620000 3837 998.812 5121744.508 1882.539 3.2952 0 0 0 0.0003121 0.003121 
3630000 3847 999.029 5140376.902 1880.431 3.2954 0 0 0 0.0003192 0.0031922 
3640000 3857 999.207 5160575.557 1906.034 3.2959 0 0 0 0.000321 0.0032098 
3650000 3867 999.352 5180049.76 1914.492 3.3074 0 0 0 0.0003214 0.0032137 
3660000 3877 999.47 5197887.395 1888.721 3.3066 0 0 0 0.0003176 0.003176 
3670000 3888 987.32 5217570.864 1884.265 3.2665 0 0 0 0.00033 0.0032996 
3680000 3898 989.639 5238604.22 1924.361 3.2712 0 0 0 0.0003241 0.0032413 
3690000 3908 991.535 5258482.991 1938.128 3.277 0 0 0 0.0003241 0.0032415 
3700000 3918 993.083 5279989.33 1976.842 3.2799 0 0 0 0.0003252 0.0032519 
3710000 3928 994.348 5301632.022 2010.492 3.2856 0 0 0 0.0003184 0.0031844 
3720000 3938 995.382 5321787.663 2011.621 3.2892 0 0 0 0.0003186 0.0031857 
3730000 3948 996.227 5341769.341 2007.018 3.2882 0 0 0 0.0003177 0.0031774 
3740000 3958 996.917 5361497.335 2002.894 3.2884 0 0 0 0.0003184 0.0031841 
3750000 3968 997.481 5378079.36 1939.316 3.2895 0 0 0 0.0003327 0.0033275 
3760000 3978 997.942 5397371.827 1938.32 3.2878 0 0 0 0.0003265 0.0032651 
3770000 3988 998.318 5418564.484 1971.047 3.2905 0 0 0 0.0003161 0.0031608 
3780000 3998 998.626 5437432.248 1954.969 3.2916 0 0 0 0.0003207 0.0032075 
3790000 4008 998.877 5454911.539 1917.618 3.2925 0 0 0 0.0003339 0.0033391 
3800000 4018 999.083 5472662.742 1892.86 3.2921 0 0 0 0.0003388 0.0033881 
3810000 4028 999.25 5492284.292 1907.468 3.2868 0 0 0 0.0003369 0.0033692 
3820000 4038 999.388 5511360.376 1906.723 3.2849 0 0 0 0.0003423 0.0034227 
3830000 4048 999.5 5531951.38 1934.743 3.2833 0 0 0 0.0003449 0.003449 
3840000 4058 999.591 5552660.606 1960.996 3.2817 0 0 0 0.0003424 0.0034239 
3850000 4068 999.666 5571361.732 1941.232 3.2833 0 0 0 0.0003471 0.0034708 
3860000 4078 999.727 5592074.411 1963.082 3.2807 0 0 0 0.0003304 0.0033043 
3870000 4088 999.777 5612897.537 1985.782 3.2828 0 0 0 0.0003419 0.0034191 
3880000 4098 983.726 5631125.885 1945.419 3.2277 0 0 0 0.000341 0.0034102 
3890000 4108 986.703 5649488.05 1928.971 3.2411 0 0 0 0.0003453 0.0034525 
3900000 4118 989.135 5667508.39 1886.588 3.2491 0 0 0 0.0003672 0.0036723 
3910000 4128 991.123 5684002.633 1841.479 3.2561 0 0 0 0.0003709 0.0037092 
3920000 4138 992.747 5702652.861 1842.601 3.2613 0 0 0 0.0003662 0.0036624 
3930000 4148 994.074 5721031.269 1843.326 3.2638 0 0 0 0.0003758 0.003758 
3940000 4158 995.158 5738517.12 1823.115 3.267 0 0 0 0.0003762 0.0037619 
3950000 4168 996.043 5756409.617 1820.125 3.2712 0 0 0 0.0003901 0.0039012 
3960000 4178 996.767 5776094.701 1843.156 3.2731 0 0 0 0.0003777 0.0037773 
3970000 4188 997.359 5794056.611 1839.889 3.2799 0 0 0 0.0003836 0.0038359 
3980000 4198 997.842 5809475.022 1804.471 3.2792 0 0 0 0.0003892 0.0038916 
3990000 4208 998.237 5826052.156 1761.45 3.279 0 0 0 0.000382 0.00382 
4000000 4218 998.559 5843713.738 1754.192 3.2822 0 0 0 0.0003927 0.0039271 
