0 0 0.0 0.0 0.0 0.0 0 0 0 0.0 0.0 
10000 13 167.315 -2.0 -0.038 0.3452 0 0 0 0.0 0.0 
20000 29 290.184 -10.0 -0.157 0.5895 0 0 0 0.0 0.0 
30000 59 323.72 -21.0 -0.262 1.3882 0 0 0 0.0006733 6.73e-05 
40000 96 261.859 -41.0 -0.436 1.3593 0 0 0 0.0007092 7.09e-05 
50000 131 291.058 -60.0 -0.46 1.7334 0 0 0 0.0007547 7.55e-05 
60000 141 420.742 -60.0 -0.376 2.6117 0 0 0 0.0007468 7.47e-05 
70000 165 407.734 -66.0 -0.348 2.5704 0 0 0 0.0007606 7.61e-05 
80000 179 485.696 -67.0 -0.275 3.0945 0 0 0 0.0008317 8.32e-05 
90000 189 570.497 -68.0 -0.243 3.6346 0 0 0 0.0008736 8.74e-05 
100000 207 566.746 -73.0 -0.27 3.6352 0 0 0 0.0008883 8.88e-05 
110000 280 271.536 -135.0 -0.668 1.7687 0 0 0 0.0009045 9.05e-05 
120000 302 331.137 -147.0 -0.629 2.1402 0 0 0 0.0009129 9.13e-05 
130000 320 401.82 -153.0 -0.537 2.5989 0 0 0 0.0009131 9.13e-05 
140000 330 508.175 -154.0 -0.455 3.2828 0 0 0 0.0009429 9.43e-05 
150000 341 596.446 -156.0 -0.401 3.8522 0 0 0 0.000958 9.58e-05 
160000 352 649.141 -158.0 -0.357 4.208 0 0 0 0.0009726 9.73e-05 
170000 373 594.754 -168.0 -0.395 3.8552 0 0 0 0.0010121 0.0001012 
180000 391 580.168 -172.0 -0.339 3.7652 0 0 0 0.0010275 0.0001028 
190000 405 615.74 -170.0 -0.218 4.0055 0 0 0 0.0010512 0.0001051 
200000 425 575.482 -179.0 -0.306 3.7371 0 0 0 0.0010621 0.0001062 
210000 450 519.241 -183.0 -0.217 3.3737 0 0 0 0.0010367 0.0001037 
220000 500 316.78 -191.0 -0.11 2.0865 0 0 0 0.0009731 9.73e-05 
230000 533 303.108 -169.0 0.268 1.9924 0 0 0 0.0009407 9.41e-05 
240000 569 291.132 -143.0 0.517 1.9235 0 0 0 0.0009202 9.2e-05 
250000 618 236.759 -102.0 0.733 1.5771 0 0 0 0.0008909 8.91e-05 
260000 661 228.329 -74.0 0.704 1.5132 0 0 0 0.0008726 8.73e-05 
270000 706 211.083 -53.0 0.594 1.4061 0 0 0 0.000846 8.46e-05 
280000 783 142.397 8.0 0.794 0.9462 0 0 0 0.0008301 8.3e-05 
290000 926 69.431 129.0 0.887 0.4667 0 0 0 0.0008296 8.3e-05 
300000 1083 66.141 269.0 0.924 0.4501 0 0 0 0.0008243 8.24e-05 
310000 1274 45.986 458.0 0.976 0.3166 0 0 0 0.0008143 8.14e-05 
320000 1394 99.437 568.0 0.904 0.6647 0 0 0 0.0008046 8.05e-05 
330000 1588 52.639 749.0 0.891 0.3621 0 0 0 0.0007883 7.88e-05 
340000 1771 61.559 924.0 0.969 0.4104 0 0 0 0.0007899 7.9e-05 
350000 1957 57.998 1109.0 0.999 0.3903 0 0 0 0.0007711 7.71e-05 
360000 2131 45.908 1279.0 0.99 0.3158 0 0 0 0.0007428 7.43e-05 
370000 2371 41.641 1519.0 1.0 0.2837 0 0 0 0.0007205 7.2e-05 
380000 2621 42.929 1769.0 1.0 0.2948 0 0 0 0.00069 6.9e-05 
390000 2866 42.411 2010.0 0.994 0.2902 0 0 0 0.0006735 6.73e-05 
400000 3104 39.317 2244.0 0.996 0.2657 0 0 0 0.0006574 6.57e-05 
410000 3360 37.553 2500.0 1.0 0.2543 0 0 0 0.0006116 6.12e-05 
420000 3585 51.383 2723.0 0.991 0.3538 0 0 0 0.0006021 6.02e-05 
430000 3783 61.491 2915.0 0.978 0.4146 0 0 0 0.0005911 5.91e-05 
440000 4024 38.99 3154.0 0.988 0.2641 0 0 0 0.0005634 5.63e-05 
450000 4215 55.873 3343.0 0.982 0.3879 0 0 0 0.0005654 5.65e-05 
460000 4430 45.325 3557.0 0.999 0.3071 0 0 0 0.0005644 5.64e-05 
470000 4661 40.88 3788.0 1.0 0.2788 0 0 0 0.0005433 5.43e-05 
480000 4901 42.843 4026.0 0.984 0.2926 0 0 0 0.0005382 5.38e-05 
490000 5118 44.464 4243.0 1.0 0.3015 0 0 0 0.0005206 5.21e-05 
500000 5339 48.0 4462.0 0.992 0.3236 0 0 0 0.0005164 5.16e-05 
510000 5573 43.255 4692.0 0.983 0.3033 0 0 0 0.000507 5.07e-05 
520000 5827 39.795 4942.0 0.994 0.2695 0 0 0 0.0004821 4.82e-05 
530000 6082 41.342 5195.0 0.992 0.2812 0 0 0 0.0004708 4.71e-05 
540000 6301 41.624 5408.0 0.997 0.2924 0 0 0 0.0004681 4.68e-05 
550000 6506 48.042 5601.0 0.918 0.3256 0 0 0 0.000454 4.54e-05 
560000 6698 46.893 5791.0 0.993 0.3202 0 0 0 0.0004543 4.54e-05 
570000 6927 45.678 6014.0 0.963 0.32 0 0 0 0.0004518 4.52e-05 
580000 7158 39.06 6244.0 0.999 0.2652 0 0 0 0.0004484 4.48e-05 
590000 7355 54.692 6435.0 0.988 0.3743 0 0 0 0.0004479 4.48e-05 
600000 7576 39.708 6653.0 0.998 0.2764 0 0 0 0.0004397 4.4e-05 
610000 7824 40.931 6897.0 0.982 0.2797 0 0 0 0.0004441 4.44e-05 
620000 8076 42.105 7141.0 0.993 0.2848 0 0 0 0.000436 4.36e-05 
630000 8281 44.377 7343.0 0.991 0.3096 0 0 0 0.0004402 4.4e-05 
640000 8494 43.406 7550.0 0.988 0.295 0 0 0 0.0004443 4.44e-05 
650000 8759 38.053 7815.0 1.0 0.2622 0 0 0 0.0004546 4.55e-05 
660000 8999 43.022 8053.0 0.999 0.3034 0 0 0 0.0004344 4.34e-05 
670000 9212 46.268 8265.0 0.992 0.3163 0 0 0 0.0004286 4.29e-05 
680000 9458 40.292 8509.0 0.999 0.2799 0 0 0 0.0004369 4.37e-05 
690000 9666 44.386 8712.0 0.993 0.3135 0 0 0 0.0004376 4.38e-05 
700000 9904 39.333 8949.0 1.0 0.2682 0 0 0 0.0004322 4.32e-05 
710000 10165 39.849 9208.0 0.999 0.2752 0 0 0 0.0004274 4.27e-05 
720000 10377 44.116 9420.0 1.0 0.3114 0 0 0 0.0004219 4.22e-05 
730000 10642 36.437 9683.0 0.999 0.2513 0 0 0 0.0004183 4.18e-05 
740000 10878 45.907 9919.0 1.0 0.3137 0 0 0 0.000413 4.13e-05 
750000 11150 38.082 10191.0 1.0 0.2706 0 0 0 0.0004131 4.13e-05 
760000 11405 40.455 10444.0 0.996 0.2801 0 0 0 0.0004073 4.07e-05 
770000 11632 42.512 10670.0 0.999 0.291 0 0 0 0.0004066 4.07e-05 
780000 11889 42.916 10923.0 0.966 0.3038 0 0 0 0.0003974 3.97e-05 
790000 12121 43.46 11154.0 0.998 0.2958 0 0 0 0.0004008 4.01e-05 
800000 12324 42.473 11356.0 0.999 0.2917 0 0 0 0.0004034 4.03e-05 
810000 12569 39.067 11599.0 0.996 0.2771 0 0 0 0.0003923 3.92e-05 
820000 12821 40.293 11851.0 1.0 0.2748 0 0 0 0.0003942 3.94e-05 
830000 13030 37.568 12059.0 0.999 0.2593 0 0 0 0.0003894 3.89e-05 
840000 13302 36.008 12331.0 1.0 0.2542 0 0 0 0.000383 3.83e-05 
850000 13572 38.133 12601.0 1.0 0.2589 0 0 0 0.0003928 3.93e-05 
860000 13800 44.669 12828.0 0.995 0.3064 0 0 0 0.0003863 3.86e-05 
870000 14041 42.644 13065.0 0.993 0.3013 0 0 0 0.0003755 3.75e-05 
880000 14280 42.589 13301.0 0.98 0.2888 0 0 0 0.0003757 3.76e-05 
890000 14506 42.185 13527.0 1.0 0.2902 0 0 0 0.0003774 3.77e-05 
900000 14787 35.771 13808.0 1.0 0.2553 0 0 0 0.0003748 3.75e-05 
910000 15049 37.77 14068.0 1.0 0.2591 0 0 0 0.000375 3.75e-05 
920000 15307 42.356 14324.0 1.0 0.2888 0 0 0 0.0003749 3.75e-05 
930000 15573 34.449 14586.0 0.995 0.2432 0 0 0 0.0003623 3.62e-05 
940000 15817 38.952 14824.0 0.983 0.2661 0 0 0 0.0003525 3.53e-05 
950000 16031 38.466 15036.0 0.999 0.265 0 0 0 0.0003549 3.55e-05 
960000 16287 37.46 15285.0 0.96 0.2668 0 0 0 0.0003557 3.56e-05 
970000 16535 37.213 15533.0 1.0 0.2551 0 0 0 0.0003556 3.56e-05 
980000 16754 46.975 15746.0 0.985 0.3201 0 0 0 0.0003546 3.55e-05 
990000 17010 39.215 15998.0 0.959 0.2775 0 0 0 0.0003533 3.53e-05 
