0 0 0.0 0.0 0.0 0.0 0 0 0 0.0 0.0 0.0 0.0 
10000 13 168.05 -1.0 -0.012 0.4045 0 0 0 0.0 0.0 0.0 0.0 
20000 26 308.014 -2.0 -0.021 0.7246 0 0 0 0.0 0.0 0.0 0.0 
30000 67 296.2 -28.0 -0.332 1.6705 0 0 0 0.0012768 0.0012767 0.0004313 0.0005186 
40000 86 369.079 -37.0 -0.393 2.5642 0 0 0 0.00096 0.00096 0.0002109 0.000763 
50000 134 269.922 -67.0 -0.566 2.0816 0 0 0 0.001062 0.001062 0.0001634 0.0010349 
60000 146 385.945 -71.0 -0.517 3.1102 0 0 0 0.0011707 0.0011707 0.000126 0.0013654 
70000 156 498.273 -71.0 -0.423 4.1379 0 0 0 0.0011294 0.0011294 7.9e-05 0.0015756 
80000 167 586.523 -70.0 -0.321 4.9303 0 0 0 0.0011311 0.0011311 6.22e-05 0.0018173 
90000 182 605.67 -72.0 -0.274 5.1288 0 0 0 0.00108 0.00108 4.52e-05 0.0019371 
100000 196 628.035 -78.0 -0.313 5.3326 0 0 0 0.0011156 0.0011156 3.55e-05 0.0021687 
110000 206 693.091 -76.0 -0.221 5.9086 0 0 0 0.0011574 0.0011574 3.2e-05 0.0024068 
120000 219 719.342 -73.0 -0.111 6.1281 0 0 0 0.0012572 0.0012572 3.24e-05 0.0027841 
130000 231 742.81 -70.0 -0.029 6.3522 0 0 0 0.0012442 0.0012442 2.27e-05 0.0030698 
140000 245 731.476 -70.0 -0.026 6.2773 0 0 0 0.0012479 0.0012479 2.08e-05 0.0032856 
150000 262 695.709 -69.0 0.012 5.9863 0 0 0 0.0012425 0.0012425 1.72e-05 0.0035151 
160000 286 574.106 -72.0 -0.056 4.9524 0 0 0 0.0012562 0.0012562 1.57e-05 0.0038077 
170000 324 419.479 -96.0 -0.332 3.6048 0 0 0 0.0012532 0.0012532 1.23e-05 0.0041875 
180000 344 451.452 -101.0 -0.292 3.8521 0 0 0 0.0013121 0.0013121 1.19e-05 0.0046716 
190000 359 518.708 -98.0 -0.164 4.4388 0 0 0 0.0012993 0.0012993 1.05e-05 0.0051969 
200000 377 515.719 -98.0 -0.113 4.4103 0 0 0 0.0013024 0.0013024 1.48e-05 0.0055748 
210000 395 531.438 -94.0 -0.005 4.5381 0 0 0 0.0012146 0.0012146 1.13e-05 0.0058073 
220000 409 581.398 -88.0 0.101 4.9604 0 0 0 0.0011436 0.0011436 1.02e-05 0.0059947 
230000 443 436.339 -58.0 0.487 3.7386 0 0 0 0.0010967 0.0010967 7.3e-06 0.0061624 
240000 459 488.906 -49.0 0.503 4.186 0 0 0 0.0011057 0.0011057 7.1e-06 0.006226 
250000 472 545.168 -41.0 0.528 4.6551 0 0 0 0.0010453 0.0010453 7.3e-06 0.0063539 
260000 489 565.792 -31.0 0.542 4.8297 0 0 0 0.0009848 0.0009848 6.2e-06 0.0064419 
270000 508 546.221 -17.0 0.607 4.6864 0 0 0 0.0009879 0.0009879 4.6e-06 0.0066252 
280000 533 501.796 -11.0 0.466 4.3174 0 0 0 0.0009736 0.0009736 5.4e-06 0.0068226 
290000 554 480.639 -13.0 0.247 4.1326 0 0 0 0.0009606 0.0009606 7.3e-06 0.0070779 
300000 580 430.103 -2.0 0.338 3.6978 0 0 0 0.000921 0.000921 3.9e-06 0.0072385 
310000 604 432.172 14.0 0.458 3.7187 0 0 0 0.0008897 0.0008897 4.2e-06 0.0073186 
320000 652 279.292 56.0 0.7 2.4131 0 0 0 0.0008647 0.0008647 4.5e-06 0.007445 
330000 713 188.054 102.0 0.681 1.6276 0 0 0 0.0008282 0.0008282 4e-06 0.0075205 
340000 813 101.852 197.0 0.91 0.8861 0 0 0 0.0008104 0.0008104 7.5e-06 0.0077907 
350000 932 83.318 237.0 0.559 0.7342 0 0 0 0.0007915 0.0007915 4.5e-06 0.007927 
360000 1092 62.635 347.0 0.872 0.5538 0 0 0 0.0007693 0.0007693 3.4e-06 0.008063 
370000 1225 62.25 473.0 0.945 0.5451 0 0 0 0.000749 0.000749 3.8e-06 0.0082142 
380000 1373 65.735 609.0 0.928 0.5767 0 0 0 0.000732 0.000732 2.5e-06 0.0080057 
390000 1541 56.76 768.0 0.897 0.4971 0 0 0 0.0007132 0.0007132 5.7e-06 0.0078653 
400000 1712 57.68 927.0 0.914 0.5099 0 0 0 0.0006842 0.0006842 3.9e-06 0.00795 
410000 1864 62.894 1073.0 0.946 0.5596 0 0 0 0.0006682 0.0006682 2.6e-06 0.0080119 
420000 2021 64.023 1220.0 0.961 0.5599 0 0 0 0.0006683 0.0006683 2.2e-06 0.0080643 
430000 2164 66.361 1357.0 0.981 0.5806 0 0 0 0.0006499 0.0006499 2e-06 0.00811 
440000 2307 67.53 1496.0 0.977 0.5939 0 0 0 0.0006234 0.0006234 5.7e-06 0.0081143 
450000 2410 93.349 1598.0 0.991 0.8196 0 0 0 0.0006199 0.0006199 2.6e-06 0.008294 
460000 2494 107.289 1674.0 0.931 0.9429 0 0 0 0.0006094 0.0006094 2.8e-06 0.00822 
470000 2657 59.617 1837.0 0.997 0.5266 0 0 0 0.0005937 0.0005937 2e-06 0.008171 
480000 2799 78.273 1978.0 0.986 0.6784 0 0 0 0.0005588 0.0005588 8.8e-06 0.008155 
490000 2909 87.434 2087.0 0.996 0.7581 0 0 0 0.000557 0.000557 3.9e-06 0.008139 
500000 3008 96.518 2185.0 0.991 0.8553 0 0 0 0.0005443 0.0005443 5.1e-06 0.0082514 
510000 3113 92.726 2286.0 0.946 0.8133 0 0 0 0.0005268 0.0005268 2.6e-06 0.0082333 
520000 3233 67.856 2406.0 0.995 0.6004 0 0 0 0.0005049 0.0005049 1.5e-06 0.0082938 
530000 3289 137.567 2459.0 0.964 1.2025 0 0 0 0.0004956 0.0004956 1.8e-06 0.0082435 
540000 3410 79.439 2579.0 0.994 0.7004 0 0 0 0.0004833 0.0004833 3.4e-06 0.0083163 
550000 3514 87.833 2677.0 0.951 0.7646 0 0 0 0.00046 0.00046 1.4e-06 0.0082933 
560000 3616 105.847 2777.0 0.966 0.9417 0 0 0 0.0004435 0.0004435 2.1e-06 0.0083052 
570000 3704 106.255 2861.0 0.954 0.9286 0 0 0 0.0004238 0.0004238 1.7e-06 0.0082884 
580000 3762 158.807 2915.0 0.934 1.3692 0 0 0 0.0004109 0.0004109 2.5e-06 0.0084659 
590000 3806 203.465 2954.0 0.902 1.7359 0 0 0 0.0004062 0.0004062 2.5e-06 0.0085523 
600000 3870 155.951 3013.0 0.932 1.346 0 0 0 0.0004034 0.0004034 3.9e-06 0.0084385 
610000 3917 192.476 3055.0 0.906 1.6848 0 0 0 0.0003918 0.0003918 1.3e-06 0.0086054 
620000 3974 188.221 3109.0 0.936 1.6257 0 0 0 0.0003965 0.0003965 3.3e-06 0.0085369 
630000 4023 203.408 3152.0 0.884 1.7712 0 0 0 0.0003664 0.0003664 2.6e-06 0.0086341 
640000 4089 148.882 3214.0 0.939 1.2879 0 0 0 0.0003497 0.0003497 4.8e-06 0.0086631 
650000 4142 188.407 3264.0 0.931 1.6469 0 0 0 0.000337 0.000337 2.6e-06 0.0086964 
660000 4182 225.614 3297.0 0.871 1.9568 0 0 0 0.0003198 0.0003198 2.4e-06 0.0086313 
670000 4266 131.071 3377.0 0.922 1.1467 0 0 0 0.0003268 0.0003268 4e-06 0.0088123 
680000 4363 101.594 3470.0 0.954 0.888 0 0 0 0.0003101 0.0003101 2.4e-06 0.0088592 
690000 4466 90.036 3567.0 0.951 0.7938 0 0 0 0.0003025 0.0003025 4.6e-06 0.0088382 
700000 4560 119.617 3649.0 0.912 1.0574 0 0 0 0.0002885 0.0002885 2.3e-06 0.0088563 
710000 4638 121.204 3722.0 0.941 1.0582 0 0 0 0.0002883 0.0002883 1.7e-06 0.0089151 
720000 4700 146.323 3774.0 0.874 1.2867 0 0 0 0.0002841 0.0002841 1.2e-06 0.0089766 
730000 4777 160.946 3844.0 0.875 1.3944 0 0 0 0.0002682 0.0002682 1.6e-06 0.008891 
740000 4878 100.939 3935.0 0.919 0.8919 0 0 0 0.0002602 0.0002602 1.2e-06 0.0088725 
750000 5009 94.139 4063.0 0.954 0.8311 0 0 0 0.000269 0.000269 1.9e-06 0.0089901 
760000 5179 58.33 4218.0 0.905 0.5121 0 0 0 0.0002594 0.0002594 1.3e-06 0.0089245 
770000 5349 51.289 4376.0 0.912 0.452 0 0 0 0.0002523 0.0002523 3.3e-06 0.0088702 
780000 5487 70.534 4507.0 0.953 0.6262 0 0 0 0.0002542 0.0002542 1.4e-06 0.0087893 
790000 5654 53.801 4652.0 0.815 0.4714 0 0 0 0.0002515 0.0002515 7.1e-06 0.0087165 
800000 5782 85.496 4760.0 0.859 0.7397 0 0 0 0.0002439 0.0002439 9e-07 0.0087113 
810000 5847 124.681 4813.0 0.837 1.0862 0 0 0 0.0002513 0.0002513 9.9e-06 0.0088036 
820000 5954 109.247 4916.0 0.94 0.9443 0 0 0 0.0002454 0.0002454 2.3e-06 0.0088448 
830000 6060 88.391 5020.0 0.981 0.7731 0 0 0 0.0002487 0.0002487 1.4e-05 0.0088944 
840000 6147 134.991 5101.0 0.914 1.1809 0 0 0 0.000239 0.000239 2.5e-06 0.0089288 
850000 6225 123.269 5171.0 0.851 1.0929 0 0 0 0.0002406 0.0002406 2.98e-05 0.0089537 
860000 6291 146.52 5221.0 0.775 1.2751 0 0 0 0.0002444 0.0002444 7e-07 0.0088711 
870000 6375 122.843 5302.0 0.944 1.0786 0 0 0 0.0002477 0.0002477 6e-07 0.0091281 
880000 6484 114.691 5406.0 0.934 1.0011 0 0 0 0.0002458 0.0002458 1.5e-06 0.0090356 
890000 6532 173.901 5437.0 0.713 1.5007 0 0 0 0.0002506 0.0002506 1.1e-06 0.0091719 
900000 6602 146.851 5498.0 0.846 1.2681 0 0 0 0.0002508 0.0002508 1.3e-06 0.0092094 
910000 6645 195.65 5532.0 0.833 1.6803 0 0 0 0.0002415 0.0002415 1.4e-06 0.0092286 
920000 6765 86.061 5647.0 0.952 0.7566 0 0 0 0.0002442 0.0002442 1.9e-06 0.0091326 
930000 6876 67.478 5750.0 0.939 0.5858 0 0 0 0.0002455 0.0002455 1.1e-06 0.009098 
940000 7007 71.045 5876.0 0.984 0.6253 0 0 0 0.0002448 0.0002448 2.7e-06 0.0090116 
950000 7149 62.767 6005.0 0.923 0.5512 0 0 0 0.000244 0.000244 7.5e-06 0.0089738 
960000 7252 90.546 6106.0 0.968 0.7884 0 0 0 0.000244 0.000244 1.3e-06 0.009082 
970000 7363 101.35 6210.0 0.93 0.8932 0 0 0 0.000247 0.000247 1.7e-06 0.0091812 
980000 7457 114.138 6299.0 0.95 1.0066 0 0 0 0.0002431 0.0002431 8e-07 0.009162 
990000 7512 143.442 6351.0 0.958 1.2498 0 0 0 0.0002453 0.0002453 3e-06 0.0092724 
