1000 10 18.353 -91.579 -1.682 0.0205 0 0 0 0.0 0.0 
2000 20 32.244 -193.264 -3.102 0.0415 0 0 0 0.0 0.0 
3000 31 44.95 -265.051 -3.941 0.0715 0 0 0 0.0136826 0.0136826 
4000 40 54.899 -405.283 -5.768 0.0949 0 0 0 0.0136826 0.0136826 
5000 51 63.015 -475.307 -6.055 0.1009 0 0 0 0.0204633 0.0204633 
6000 61 68.712 -589.955 -7.017 0.1021 0 0 0 0.0204633 0.0204633 
7000 70 76.426 -646.494 -6.891 0.1067 0 0 0 0.0229737 0.0229737 
8000 79 81.157 -765.887 -7.887 0.1078 0 0 0 0.0229737 0.0229737 
9000 89 84.91 -814.749 -7.291 0.1088 0 0 0 0.0227052 0.0227052 
10000 99 87.132 -953.243 -8.717 0.1082 0 0 0 0.0227052 0.0227052 
11000 109 88.774 -1081.726 -9.232 0.1081 0 0 0 0.0217025 0.0217025 
12000 120 90.427 -1170.45 -9.233 0.1073 0 0 0 0.0217025 0.0217025 
13000 131 91.545 -1274.929 -9.274 0.1077 0 0 0 0.0202676 0.0202676 
14000 142 91.027 -1360.923 -9.004 0.1051 0 0 0 0.0202676 0.0202676 
15000 152 92.601 -1466.719 -9.291 0.1066 0 0 0 0.0185531 0.0185531 
16000 162 93.217 -1583.768 -9.636 0.1058 0 0 0 0.0185531 0.0185531 
17000 172 94.357 -1694.613 -9.904 0.1068 0 0 0 0.0170652 0.0170652 
18000 183 94.958 -1743.097 -8.924 0.1061 0 0 0 0.0170652 0.0170652 
19000 194 93.056 -1819.975 -8.474 0.1052 0 0 0 0.0154815 0.0154815 
20000 204 94.236 -1910.957 -8.406 0.1071 0 0 0 0.0154815 0.0154815 
21000 214 95.741 -1993.23 -8.491 0.1091 0 0 0 0.0139352 0.0139352 
22000 225 95.067 -2080.995 -8.345 0.1078 0 0 0 0.0139352 0.0139352 
23000 235 95.073 -2156.92 -8.227 0.1102 0 0 0 0.0124015 0.0124015 
24000 246 94.195 -2227.811 -7.734 0.1094 0 0 0 0.0124015 0.0124015 
25000 255 96.421 -2340.393 -8.583 0.1124 0 0 0 0.0110273 0.0110273 
26000 266 96.674 -2412.748 -8.312 0.1132 0 0 0 0.0110273 0.0110273 
27000 275 98.673 -2468.583 -7.97 0.117 0 0 0 0.0099553 0.0099553 
28000 284 100.259 -2512.161 -7.396 0.1185 0 0 0 0.0099553 0.0099553 
29000 294 100.45 -2564.179 -7.077 0.119 0 0 0 0.0089597 0.0089597 
30000 303 101.609 -2612.639 -6.614 0.1202 0 0 0 0.0089597 0.0089597 
31000 312 103.953 -2675.739 -6.821 0.1241 0 0 0 0.0079989 0.0079989 
32000 320 106.081 -2731.334 -6.82 0.1276 0 0 0 0.0079989 0.0079989 
33000 329 106.891 -2802.925 -6.932 0.1294 0 0 0 0.0071547 0.0071547 
34000 339 107.081 -2919.536 -7.91 0.1293 0 0 0 0.0071547 0.0071547 
35000 348 107.597 -2988.645 -7.834 0.1308 0 0 0 0.0064979 0.0064979 
36000 356 108.213 -3019.666 -7.142 0.1322 0 0 0 0.0064979 0.0064979 
37000 365 109.777 -3063.02 -6.806 0.1351 0 0 0 0.0057206 0.0057206 
38000 373 111.741 -3134.533 -7.049 0.1375 0 0 0 0.0057206 0.0057206 
39000 374 129.506 -3135.413 -6.907 0.1908 0 0 0 0.0061993 0.0061993 
40000 384 124.705 -3205.347 -7.091 0.1787 0 0 0 0.0061993 0.0061993 
41000 392 124.345 -3264.812 -7.043 0.1744 0 0 0 0.005714 0.005714 
42000 401 122.88 -3331.147 -7.165 0.1704 0 0 0 0.005714 0.005714 
43000 411 118.431 -3383.859 -6.75 0.1619 0 0 0 0.005714 0.005714 
44000 421 114.264 -3412.166 -6.031 0.1543 0 0 0 0.0051707 0.0051707 
45000 430 114.013 -3474.488 -6.213 0.1547 0 0 0 0.0051707 0.0051707 
46000 440 112.276 -3516.031 -5.879 0.1507 0 0 0 0.0046239 0.0046239 
47000 449 111.371 -3543.734 -5.363 0.1482 0 0 0 0.0046239 0.0046239 
48000 457 112.644 -3622.883 -5.894 0.1493 0 0 0 0.0040796 0.0040796 
49000 465 114.298 -3681.452 -6.147 0.1502 0 0 0 0.0040796 0.0040796 
50000 475 113.242 -3731.869 -6.028 0.1487 0 0 0 0.0037983 0.0037983 
51000 483 113.456 -3796.607 -6.271 0.1483 0 0 0 0.0037983 0.0037983 
52000 492 114.448 -3835.835 -6.102 0.1499 0 0 0 0.0034327 0.0034327 
53000 499 117.389 -3919.492 -6.83 0.1534 0 0 0 0.0034327 0.0034327 
54000 507 119.527 -3995.875 -7.286 0.1574 0 0 0 0.0032483 0.0032483 
55000 514 122.889 -4032.374 -6.987 0.1613 0 0 0 0.0032483 0.0032483 
56000 521 124.114 -4116.736 -7.602 0.1632 0 0 0 0.0030054 0.0030054 
57000 531 120.636 -4215.624 -8.044 0.1573 0 0 0 0.0030054 0.0030054 
58000 539 120.05 -4262.061 -7.415 0.1576 0 0 0 0.0028195 0.0028195 
59000 547 121.431 -4311.009 -7.364 0.1589 0 0 0 0.0028195 0.0028195 
60000 555 122.983 -4314.575 -6.455 0.1789 0 0 0 0.0025854 0.0025854 
61000 561 125.795 -4397.253 -7.138 0.1809 0 0 0 0.0025854 0.0025854 
62000 570 125.094 -4464.358 -7.229 0.1807 0 0 0 0.0025848 0.0025848 
63000 578 124.654 -4517.75 -7.133 0.1792 0 0 0 0.0025848 0.0025848 
64000 585 126.022 -4566.569 -7.153 0.2007 0 0 0 0.0024704 0.0024704 
65000 593 126.929 -4658.024 -7.822 0.2081 0 0 0 0.0024704 0.0024704 
66000 601 127.119 -4699.134 -7.495 0.2048 0 0 0 0.0022825 0.0022825 
67000 608 128.332 -4746.855 -7.323 0.2076 0 0 0 0.0022825 0.0022825 
68000 616 127.621 -4835.372 -7.916 0.2017 0 0 0 0.0021853 0.0021853 
69000 625 124.725 -4903.939 -7.892 0.1918 0 0 0 0.0021853 0.0021853 
70000 632 126.826 -4930.626 -7.44 0.1949 0 0 0 0.002072 0.002072 
71000 641 124.183 -4961.466 -6.685 0.187 0 0 0 0.002072 0.002072 
72000 651 121.141 -4984.645 -5.959 0.1827 0 0 0 0.0019631 0.0019631 
73000 659 120.224 -5030.594 -5.92 0.1834 0 0 0 0.0019631 0.0019631 
74000 668 119.955 -5013.068 -4.593 0.1823 0 0 0 0.0017836 0.0017836 
75000 677 118.372 -5037.23 -4.318 0.176 0 0 0 0.0017836 0.0017836 
76000 686 117.83 -5066.596 -4.164 0.173 0 0 0 0.0017251 0.0017251 
77000 695 116.998 -5069.009 -3.544 0.169 0 0 0 0.0017251 0.0017251 
78000 704 115.304 -5115.034 -3.833 0.1658 0 0 0 0.0016407 0.0016407 
79000 713 115.336 -5156.934 -3.947 0.1634 0 0 0 0.0016407 0.0016407 
80000 720 119.017 -5165.636 -3.566 0.1696 0 0 0 0.0015669 0.0015669 
81000 728 119.979 -5231.049 -4.27 0.1708 0 0 0 0.0015669 0.0015669 
82000 735 122.815 -5277.585 -4.615 0.1749 0 0 0 0.0015318 0.0015318 
83000 744 121.046 -5305.161 -4.303 0.1704 0 0 0 0.0015318 0.0015318 
84000 752 118.931 -5333.781 -3.927 0.1659 0 0 0 0.0014746 0.0014746 
85000 759 124.871 -5399.94 -4.874 0.1751 0 0 0 0.0014746 0.0014746 
86000 767 124.359 -5423.113 -4.559 0.173 0 0 0 0.0014746 0.0014746 
87000 775 123.355 -5469.357 -4.735 0.1714 0 0 0 0.001491 0.001491 
88000 785 120.787 -5466.302 -3.893 0.1667 0 0 0 0.001491 0.001491 
89000 791 124.461 -5478.305 -3.775 0.1725 0 0 0 0.0014164 0.0014164 
90000 798 128.25 -5525.363 -4.079 0.1772 0 0 0 0.0014164 0.0014164 
91000 804 130.673 -5570.06 -4.44 0.1821 0 0 0 0.0013471 0.0013471 
92000 812 130.741 -5592.2 -4.28 0.1812 0 0 0 0.0013471 0.0013471 
93000 819 133.087 -5609.541 -3.928 0.1857 0 0 0 0.0013505 0.0013505 
94000 824 136.146 -5670.403 -4.4 0.1897 0 0 0 0.0013505 0.0013505 
95000 831 140.466 -5738.984 -5.459 0.1993 0 0 0 0.0014122 0.0014122 
96000 837 140.046 -5749.423 -5.02 0.1981 0 0 0 0.0014122 0.0014122 
97000 843 145.924 -5772.634 -4.933 0.208 0 0 0 0.0013888 0.0013888 
98000 849 146.142 -5817.969 -5.237 0.2077 0 0 0 0.0013888 0.0013888 
99000 856 146.777 -5828.759 -4.758 0.2085 0 0 0 0.0013208 0.0013208 
100000 862 148.399 -5855.753 -4.744 0.2105 0 0 0 0.0013208 0.0013208 
101000 868 150.997 -5929.307 -5.606 0.215 0 0 0 0.0012524 0.0012524 
102000 872 150.365 -5936.048 -5.357 0.2139 0 0 0 0.0012524 0.0012524 
103000 876 165.98 -5940.006 -4.857 0.2674 0 0 0 0.0015129 0.0015129 
104000 882 167.378 -5983.969 -5.236 0.2657 0 0 0 0.0015129 0.0015129 
105000 888 165.472 -6047.44 -5.641 0.2598 0 0 0 0.0014811 0.0014811 
106000 895 162.856 -6061.428 -5.314 0.2524 0 0 0 0.0014811 0.0014811 
107000 901 163.093 -6081.989 -5.06 0.2509 0 0 0 0.0013834 0.0013834 
108000 908 159.12 -6091.983 -4.376 0.242 0 0 0 0.0013834 0.0013834 
109000 914 162.447 -6118.591 -4.614 0.2458 0 0 0 0.0013414 0.0013414 
110000 919 163.278 -6128.293 -4.392 0.2446 0 0 0 0.0013414 0.0013414 
111000 923 172.768 -6156.933 -4.563 0.2637 0 0 0 0.0013301 0.0013301 
112000 929 172.574 -6211.661 -5.126 0.2627 0 0 0 0.0013301 0.0013301 
113000 934 172.706 -6238.385 -5.152 0.2629 0 0 0 0.0013022 0.0013022 
114000 941 171.44 -6305.516 -5.736 0.2583 0 0 0 0.0013022 0.0013022 
115000 946 174.245 -6306.034 -5.177 0.2618 0 0 0 0.0012741 0.0012741 
116000 951 175.251 -6363.585 -5.74 0.2618 0 0 0 0.0012741 0.0012741 
117000 955 179.415 -6382.497 -5.792 0.2697 0 0 0 0.0013312 0.0013312 
118000 961 178.629 -6419.377 -5.488 0.2663 0 0 0 0.0013312 0.0013312 
119000 965 184.464 -6467.242 -6.338 0.2851 0 0 0 0.0012874 0.0012874 
120000 971 183.333 -6515.188 -6.551 0.2969 0 0 0 0.0012874 0.0012874 
121000 976 182.265 -6532.783 -5.908 0.2939 0 0 0 0.0012471 0.0012471 
122000 980 187.225 -6547.867 -5.857 0.3021 0 0 0 0.0012471 0.0012471 
123000 981 203.481 -6556.042 -5.782 0.3982 0 0 0 0.0013554 0.0013554 
124000 989 195.035 -6572.3 -5.466 0.3747 0 0 0 0.0013554 0.0013554 
125000 996 188.386 -6566.194 -4.533 0.3526 0 0 0 0.0012975 0.0012975 
126000 1001 186.098 -6611.104 -4.755 0.3408 0 0 0 0.0012975 0.0012975 
127000 1009 179.364 -6592.227 -4.041 0.3187 0 0 0 0.0012103 0.0012103 
128000 1013 175.576 -6613.916 -3.903 0.31 0 0 0 0.0012103 0.0012103 
129000 1020 179.188 -6638.488 -3.817 0.3113 0 0 0 0.0012103 0.0012103 
130000 1027 173.742 -6627.354 -3.159 0.2964 0 0 0 0.0012152 0.0012152 
131000 1035 168.961 -6619.212 -2.636 0.2819 0 0 0 0.0012152 0.0012152 
132000 1037 166.705 -6622.899 -2.669 0.2802 0 0 0 0.0011094 0.0011094 
133000 1043 178.903 -6602.815 -1.895 0.3111 0 0 0 0.0011094 0.0011094 
134000 1051 172.37 -6603.691 -1.657 0.2928 0 0 0 0.0011388 0.0011388 
135000 1058 167.392 -6595.192 -1.3 0.2783 0 0 0 0.0011388 0.0011388 
136000 1065 165.271 -6595.627 -1.107 0.2707 0 0 0 0.0010732 0.0010732 
137000 1072 161.717 -6622.167 -1.436 0.262 0 0 0 0.0010732 0.0010732 
138000 1078 162.776 -6649.969 -1.801 0.2639 0 0 0 0.0010465 0.0010465 
139000 1085 157.996 -6656.473 -1.672 0.2515 0 0 0 0.0010465 0.0010465 
140000 1091 161.323 -6655.504 -1.508 0.254 0 0 0 0.0010206 0.0010206 
141000 1095 159.674 -6653.76 -1.479 0.2489 0 0 0 0.0010206 0.0010206 
142000 1098 176.365 -6665.239 -1.465 0.3032 0 0 0 0.001089 0.001089 
143000 1103 180.343 -6713.989 -2.269 0.3044 0 0 0 0.001089 0.001089 
144000 1105 180.517 -6704.281 -2.228 0.3033 0 0 0 0.0010924 0.0010924 
145000 1109 196.189 -6748.486 -2.687 0.3401 0 0 0 0.0010924 0.0010924 
146000 1116 189.413 -6761.821 -2.45 0.3232 0 0 0 0.0010646 0.0010646 
147000 1122 188.35 -6749.388 -2.065 0.3149 0 0 0 0.0010646 0.0010646 
148000 1127 188.687 -6754.139 -1.901 0.3136 0 0 0 0.000981 0.000981 
149000 1130 187.254 -6749.272 -1.904 0.3085 0 0 0 0.000981 0.000981 
150000 1134 201.599 -6752.584 -1.609 0.3456 0 0 0 0.0009975 0.0009975 
151000 1139 200.26 -6780.939 -1.92 0.3381 0 0 0 0.0009975 0.0009975 
152000 1143 204.326 -6820.846 -2.625 0.3428 0 0 0 0.0009798 0.0009798 
153000 1149 199.482 -6792.758 -1.938 0.329 0 0 0 0.0009798 0.0009798 
154000 1155 197.28 -6832.224 -2.322 0.3232 0 0 0 0.0009131 0.0009131 
155000 1160 196.756 -6896.316 -3.409 0.3191 0 0 0 0.0009131 0.0009131 
156000 1168 186.151 -6872.446 -2.518 0.2975 0 0 0 0.0008977 0.0008977 
157000 1171 184.24 -6863.343 -2.104 0.2929 0 0 0 0.0008977 0.0008977 
158000 1176 195.525 -6863.639 -1.889 0.3394 0 0 0 0.0008742 0.0008742 
159000 1182 191.536 -6907.088 -2.489 0.3256 0 0 0 0.0008742 0.0008742 
160000 1189 185.654 -6882.333 -1.723 0.3102 0 0 0 0.0008255 0.0008255 
161000 1196 179.574 -6861.66 -1.154 0.2944 0 0 0 0.0008255 0.0008255 
162000 1204 172.992 -6864.353 -1.002 0.2815 0 0 0 0.0007821 0.0007821 
163000 1209 174.425 -6861.358 -0.798 0.2799 0 0 0 0.0007821 0.0007821 
164000 1215 172.124 -6864.594 -0.802 0.2741 0 0 0 0.000723 0.000723 
165000 1223 167.588 -6880.184 -0.958 0.2623 0 0 0 0.000723 0.000723 
166000 1230 162.237 -6861.031 -0.496 0.2508 0 0 0 0.000693 0.000693 
167000 1237 159.347 -6849.545 -0.09 0.2425 0 0 0 0.000693 0.000693 
168000 1244 158.19 -6834.432 0.191 0.2385 0 0 0 0.0006409 0.0006409 
169000 1251 156.436 -6847.778 -0.145 0.2337 0 0 0 0.0006409 0.0006409 
170000 1258 154.288 -6837.07 0.173 0.2279 0 0 0 0.0005985 0.0005985 
171000 1263 156.607 -6840.057 0.072 0.2311 0 0 0 0.0005985 0.0005985 
172000 1270 156.528 -6857.319 -0.331 0.2299 0 0 0 0.0005985 0.0005985 
173000 1277 155.871 -6850.031 -0.099 0.2282 0 0 0 0.0005898 0.0005898 
174000 1282 158.646 -6839.196 0.116 0.2314 0 0 0 0.0005898 0.0005898 
175000 1288 159.785 -6816.918 0.549 0.2339 0 0 0 0.0005827 0.0005827 
176000 1294 160.471 -6800.262 0.767 0.2333 0 0 0 0.0005827 0.0005827 
177000 1301 157.057 -6773.038 1.299 0.2488 0 0 0 0.0005424 0.0005424 
178000 1307 158.626 -6766.239 1.082 0.248 0 0 0 0.0005424 0.0005424 
179000 1314 157.623 -6771.469 0.863 0.2434 0 0 0 0.0005267 0.0005267 
180000 1315 156.49 -6759.63 0.95 0.2412 0 0 0 0.0005267 0.0005267 
181000 1323 168.439 -6746.144 1.188 0.284 0 0 0 0.0005886 0.0005886 
182000 1329 167.261 -6727.087 1.36 0.2767 0 0 0 0.0005886 0.0005886 
183000 1337 159.499 -6683.495 2.063 0.2593 0 0 0 0.0005705 0.0005705 
184000 1344 158.195 -6685.944 1.657 0.253 0 0 0 0.0005705 0.0005705 
185000 1351 156.949 -6675.898 1.652 0.2477 0 0 0 0.0005257 0.0005257 
186000 1358 155.184 -6645.637 2.042 0.2409 0 0 0 0.0005257 0.0005257 
187000 1364 155.541 -6620.908 2.164 0.2399 0 0 0 0.0005139 0.0005139 
188000 1365 156.07 -6615.624 2.175 0.2403 0 0 0 0.0005139 0.0005139 
189000 1372 167.567 -6588.319 2.505 0.2824 0 0 0 0.0005646 0.0005646 
190000 1378 169.973 -6594.664 2.099 0.2807 0 0 0 0.0005646 0.0005646 
191000 1382 173.88 -6621.882 1.418 0.2859 0 0 0 0.0005393 0.0005393 
192000 1389 172.03 -6603.585 1.614 0.2804 0 0 0 0.0005393 0.0005393 
193000 1394 174.381 -6607.927 1.362 0.2828 0 0 0 0.0005488 0.0005488 
194000 1400 173.244 -6583.614 1.695 0.2764 0 0 0 0.0005488 0.0005488 
195000 1405 168.902 -6563.045 1.822 0.2674 0 0 0 0.0005391 0.0005391 
196000 1408 185.034 -6560.232 1.813 0.308 0 0 0 0.0005391 0.0005391 
197000 1412 189.544 -6556.728 1.743 0.3157 0 0 0 0.0005719 0.0005719 
198000 1413 205.754 -6554.117 1.807 0.3588 0 0 0 0.0005719 0.0005719 
199000 1420 196.463 -6538.922 1.864 0.3403 0 0 0 0.0006214 0.0006214 
200000 1427 190.099 -6543.368 1.533 0.3216 0 0 0 0.0006214 0.0006214 
201000 1432 190.025 -6540.623 1.328 0.3172 0 0 0 0.0005913 0.0005913 
202000 1437 192.945 -6543.021 1.279 0.3179 0 0 0 0.0005913 0.0005913 
203000 1443 189.444 -6510.954 1.76 0.3079 0 0 0 0.0005715 0.0005715 
204000 1448 188.827 -6510.666 1.518 0.3027 0 0 0 0.0005715 0.0005715 
205000 1449 205.05 -6512.368 1.475 0.3458 0 0 0 0.0006072 0.0006072 
206000 1450 205.289 -6517.403 1.263 0.3452 0 0 0 0.0006072 0.0006072 
207000 1457 212.805 -6488.999 1.718 0.3728 0 0 0 0.0005879 0.0005879 
208000 1463 206.161 -6457.6 2.058 0.3541 0 0 0 0.0005879 0.0005879 
209000 1469 201.939 -6416.719 2.526 0.341 0 0 0 0.0005466 0.0005466 
210000 1476 195.968 -6411.947 2.39 0.3247 0 0 0 0.0005466 0.0005466 
211000 1482 190.274 -6377.651 2.825 0.3108 0 0 0 0.0005097 0.0005097 
212000 1487 191.007 -6386.849 2.274 0.3098 0 0 0 0.0005097 0.0005097 
213000 1494 185.916 -6353.957 2.544 0.3 0 0 0 0.0004792 0.0004792 
214000 1499 186.103 -6355.067 2.397 0.2978 0 0 0 0.0004792 0.0004792 
215000 1506 180.076 -6320.061 2.646 0.2833 0 0 0 0.0004792 0.0004792 
216000 1514 173.483 -6279.326 3.104 0.2699 0 0 0 0.0004615 0.0004615 
217000 1520 172.529 -6255.046 3.248 0.2648 0 0 0 0.0004615 0.0004615 
218000 1525 173.652 -6247.579 3.086 0.2719 0 0 0 0.0004382 0.0004382 
219000 1531 174.186 -6251.454 2.665 0.3626 0 0 0 0.0004382 0.0004382 
220000 1532 173.443 -6236.279 2.806 0.3683 0 0 0 0.0004285 0.0004285 
221000 1537 190.324 -6216.436 3.02 0.4396 0 0 0 0.0004285 0.0004285 
222000 1542 193.855 -6213.798 2.776 0.443 0 0 0 0.0004336 0.0004336 
223000 1547 193.805 -6192.355 2.953 0.435 0 0 0 0.0004336 0.0004336 
224000 1552 193.347 -6166.622 3.125 0.4291 0 0 0 0.0004241 0.0004241 
225000 1554 190.811 -6145.442 3.337 0.4193 0 0 0 0.0004241 0.0004241 
226000 1559 205.684 -6139.554 3.125 0.4616 0 0 0 0.0004241 0.0004241 
227000 1564 204.775 -6143.986 2.855 0.4457 0 0 0 0.0004241 0.0004241 
228000 1570 201.541 -6127.668 2.839 0.4273 0 0 0 0.0004335 0.0004335 
229000 1574 205.492 -6128.708 2.588 0.4254 0 0 0 0.0004335 0.0004335 
230000 1577 203.618 -6101.206 2.74 0.4156 0 0 0 0.0004344 0.0004344 
231000 1581 215.685 -6081.045 3.179 0.4562 0 0 0 0.0004344 0.0004344 
232000 1584 216.501 -6067.651 3.19 0.4592 0 0 0 0.0004226 0.0004226 
233000 1588 215.884 -6048.28 3.15 0.4536 0 0 0 0.0004226 0.0004226 
234000 1592 224.635 -6041.45 3.29 0.4905 0 0 0 0.0004672 0.0004672 
235000 1594 224.402 -6047.616 3.038 0.4864 0 0 0 0.0004672 0.0004672 
236000 1596 237.456 -6057.401 2.883 0.5222 0 0 0 0.0004811 0.0004811 
237000 1599 243.007 -6060.526 2.484 0.5362 0 0 0 0.0004811 0.0004811 
238000 1603 251.626 -6043.237 2.657 0.6199 0 0 0 0.0005303 0.0005303 
239000 1609 242.689 -6039.073 2.295 0.6306 0 0 0 0.0005303 0.0005303 
240000 1617 226.883 -5997.24 2.843 0.5704 0 0 0 0.0005157 0.0005157 
241000 1622 224.228 -5990.282 2.673 0.55 0 0 0 0.0005157 0.0005157 
242000 1628 216.862 -5977.217 2.649 0.5158 0 0 0 0.0004856 0.0004856 
243000 1633 216.313 -5951.901 2.844 0.497 0 0 0 0.0004856 0.0004856 
244000 1637 212.886 -5929.799 2.967 0.4768 0 0 0 0.0004724 0.0004724 
245000 1639 226.156 -5918.532 3.138 0.5187 0 0 0 0.0004724 0.0004724 
246000 1640 226.393 -5915.418 3.095 0.5183 0 0 0 0.0005226 0.0005226 
247000 1645 239.702 -5930.715 2.496 0.5816 0 0 0 0.0005226 0.0005226 
248000 1651 230.674 -5912.06 2.591 0.543 0 0 0 0.0005078 0.0005078 
249000 1652 229.221 -5907.974 2.561 0.5367 0 0 0 0.0005078 0.0005078 
250000 1656 244.301 -5917.781 2.766 0.5662 0 0 0 0.0005082 0.0005082 
251000 1662 238.487 -5954.975 1.406 0.5552 0 0 0 0.0005082 0.0005082 
252000 1668 232.346 -5931.437 1.604 0.5368 0 0 0 0.0004829 0.0004829 
253000 1673 227.005 -5913.918 1.747 0.5093 0 0 0 0.0004829 0.0004829 
254000 1678 225.809 -5943.643 1.092 0.4907 0 0 0 0.0004767 0.0004767 
255000 1683 223.272 -5903.672 1.755 0.4718 0 0 0 0.0004767 0.0004767 
256000 1688 216.983 -5881.935 1.905 0.4474 0 0 0 0.0004461 0.0004461 
257000 1693 216.997 -5858.515 2.2 0.4368 0 0 0 0.0004461 0.0004461 
258000 1699 211.171 -5827.373 2.583 0.4134 0 0 0 0.0004461 0.0004461 
259000 1703 213.753 -5826.87 2.393 0.4128 0 0 0 0.000418 0.000418 
260000 1704 214.438 -5822.633 2.352 0.4118 0 0 0 0.000418 0.000418 
261000 1710 225.227 -5790.761 2.791 0.4419 0 0 0 0.0004278 0.0004278 
262000 1715 222.784 -5802.0 2.353 0.4463 0 0 0 0.0004278 0.0004278 
263000 1716 222.488 -5783.948 2.443 0.4487 0 0 0 0.0004261 0.0004261 
264000 1720 238.982 -5775.025 2.533 0.5321 0 0 0 0.0004261 0.0004261 
265000 1726 231.636 -5752.12 2.72 0.5 0 0 0 0.0004126 0.0004126 
266000 1731 228.962 -5759.132 2.358 0.4811 0 0 0 0.0004126 0.0004126 
267000 1735 229.267 -5744.49 2.294 0.4715 0 0 0 0.0003967 0.0003967 
268000 1741 223.983 -5723.253 2.537 0.4461 0 0 0 0.0003967 0.0003967 
269000 1745 223.15 -5691.386 2.807 0.4356 0 0 0 0.0004027 0.0004027 
270000 1748 231.967 -5723.611 2.137 0.4506 0 0 0 0.0004027 0.0004027 
271000 1751 233.899 -5751.237 1.689 0.4473 0 0 0 0.0004129 0.0004129 
272000 1753 232.062 -5734.282 1.551 0.4393 0 0 0 0.0004129 0.0004129 
273000 1757 249.457 -5724.128 1.79 0.4876 0 0 0 0.0004235 0.0004235 
274000 1759 249.45 -5706.684 1.856 0.4823 0 0 0 0.0004235 0.0004235 
275000 1763 259.029 -5691.169 2.259 0.5054 0 0 0 0.0004272 0.0004272 
276000 1766 260.09 -5702.317 1.921 0.4991 0 0 0 0.0004272 0.0004272 
277000 1769 262.706 -5682.985 2.09 0.5005 0 0 0 0.0004085 0.0004085 
278000 1771 274.483 -5677.352 2.276 0.5282 0 0 0 0.0004085 0.0004085 
279000 1772 274.913 -5669.703 2.19 0.5261 0 0 0 0.000418 0.000418 
280000 1776 284.248 -5647.486 2.579 0.5464 0 0 0 0.000418 0.000418 
281000 1782 275.028 -5618.613 2.829 0.5171 0 0 0 0.0004156 0.0004156 
282000 1786 269.753 -5602.641 2.908 0.5007 0 0 0 0.0004156 0.0004156 
283000 1792 260.43 -5574.104 3.122 0.4737 0 0 0 0.0003977 0.0003977 
284000 1798 250.114 -5533.742 3.548 0.4444 0 0 0 0.0003977 0.0003977 
285000 1804 239.334 -5489.528 3.965 0.417 0 0 0 0.0003659 0.0003659 
286000 1808 236.968 -5459.925 4.159 0.4063 0 0 0 0.0003659 0.0003659 
287000 1813 238.371 -5457.689 3.887 0.4115 0 0 0 0.0003593 0.0003593 
288000 1814 239.164 -5446.559 3.966 0.4126 0 0 0 0.0003593 0.0003593 
289000 1818 250.555 -5445.188 3.741 0.4464 0 0 0 0.0003562 0.0003562 
290000 1819 249.904 -5430.233 3.643 0.4444 0 0 0 0.0003562 0.0003562 
291000 1820 264.905 -5435.293 3.898 0.4985 0 0 0 0.0003747 0.0003747 
292000 1825 275.765 -5430.814 3.498 0.5303 0 0 0 0.0003747 0.0003747 
293000 1829 269.73 -5433.332 3.303 0.5099 0 0 0 0.0003781 0.0003781 
294000 1832 275.431 -5443.245 2.725 0.5171 0 0 0 0.0003781 0.0003781 
295000 1834 274.71 -5427.903 2.674 0.5129 0 0 0 0.0003885 0.0003885 
296000 1837 288.511 -5416.838 3.085 0.566 0 0 0 0.0003885 0.0003885 
297000 1839 295.303 -5441.503 2.573 0.5911 0 0 0 0.0003928 0.0003928 
298000 1844 286.815 -5463.538 1.84 0.5691 0 0 0 0.0003928 0.0003928 
299000 1845 288.559 -5472.058 1.491 0.5717 0 0 0 0.0003928 0.0003928 
300000 1848 297.126 -5467.902 1.443 0.6045 0 0 0 0.000431 0.000431 
301000 1850 301.566 -5459.545 1.482 0.6275 0 0 0 0.000431 0.000431 
302000 1852 319.504 -5463.927 1.589 0.6868 0 0 0 0.000438 0.000438 
303000 1853 333.114 -5457.149 1.608 0.7303 0 0 0 0.000438 0.000438 
304000 1856 330.359 -5450.926 1.592 0.7189 0 0 0 0.000422 0.000422 
305000 1858 337.002 -5437.968 1.805 0.7687 0 0 0 0.000422 0.000422 
306000 1859 337.242 -5432.586 1.908 0.7655 0 0 0 0.0004095 0.0004095 
307000 1863 347.135 -5421.579 2.008 0.7745 0 0 0 0.0004095 0.0004095 
308000 1864 360.192 -5414.909 2.092 0.8179 0 0 0 0.0004016 0.0004016 
309000 1867 356.117 -5407.744 2.097 0.7959 0 0 0 0.0004016 0.0004016 
310000 1871 347.498 -5382.362 2.37 0.7618 0 0 0 0.0003992 0.0003992 
311000 1875 339.495 -5373.56 2.267 0.7348 0 0 0 0.0003992 0.0003992 
312000 1876 352.705 -5365.512 2.646 0.7745 0 0 0 0.000387 0.000387 
313000 1877 353.411 -5353.269 2.446 0.7714 0 0 0 0.000387 0.000387 
314000 1881 353.993 -5313.709 3.097 0.7849 0 0 0 0.0003617 0.0003617 
315000 1883 365.815 -5309.827 3.26 0.8195 0 0 0 0.0003617 0.0003617 
316000 1885 367.183 -5285.716 3.366 0.8221 0 0 0 0.0003462 0.0003462 
317000 1887 375.542 -5278.069 3.655 0.851 0 0 0 0.0003462 0.0003462 
318000 1888 372.692 -5258.948 3.611 0.8402 0 0 0 0.0003469 0.0003469 
319000 1890 380.613 -5249.875 3.982 0.8789 0 0 0 0.0003469 0.0003469 
320000 1894 382.162 -5234.707 3.96 0.8939 0 0 0 0.0003431 0.0003431 
321000 1899 362.032 -5213.674 4.001 0.8296 0 0 0 0.0003431 0.0003431 
322000 1905 340.895 -5189.634 3.969 0.7658 0 0 0 0.0003271 0.0003271 
323000 1911 322.394 -5145.85 4.365 0.7074 0 0 0 0.0003271 0.0003271 
324000 1916 309.364 -5118.079 4.507 0.672 0 0 0 0.0003175 0.0003175 
325000 1921 297.941 -5073.873 4.785 0.6318 0 0 0 0.0003175 0.0003175 
326000 1926 289.06 -5043.683 4.981 0.5983 0 0 0 0.0002924 0.0002924 
327000 1931 281.612 -5031.286 4.766 0.5683 0 0 0 0.0002924 0.0002924 
328000 1936 273.888 -4992.503 5.086 0.5411 0 0 0 0.0002804 0.0002804 
329000 1939 271.42 -4974.323 5.2 0.5293 0 0 0 0.0002804 0.0002804 
330000 1943 274.435 -4974.498 4.781 0.5256 0 0 0 0.0002712 0.0002712 
331000 1944 288.947 -4963.68 4.744 0.5709 0 0 0 0.0002712 0.0002712 
332000 1948 287.22 -4950.967 4.811 0.5576 0 0 0 0.0002883 0.0002883 
333000 1953 279.42 -4938.737 4.454 0.5299 0 0 0 0.0002883 0.0002883 
334000 1956 273.645 -4902.362 4.701 0.5145 0 0 0 0.0002927 0.0002927 
335000 1959 284.189 -4892.062 4.794 0.5372 0 0 0 0.0002927 0.0002927 
336000 1963 279.37 -4863.526 4.939 0.5183 0 0 0 0.0002821 0.0002821 
337000 1964 278.883 -4856.866 5.07 0.5159 0 0 0 0.0002821 0.0002821 
338000 1969 287.932 -4831.463 5.088 0.5472 0 0 0 0.0002947 0.0002947 
339000 1973 286.011 -4816.013 4.966 0.5339 0 0 0 0.0002947 0.0002947 
340000 1975 281.151 -4788.953 5.125 0.5217 0 0 0 0.0002819 0.0002819 
341000 1977 299.437 -4795.337 5.033 0.5727 0 0 0 0.0002819 0.0002819 
342000 1979 302.041 -4775.314 4.993 0.5746 0 0 0 0.0002819 0.0002819 
343000 1980 316.0 -4755.496 5.252 0.617 0 0 0 0.000272 0.000272 
344000 1981 329.68 -4743.819 5.386 0.6598 0 0 0 0.000272 0.000272 
345000 1983 341.225 -4730.544 5.603 0.7021 0 0 0 0.0002777 0.0002777 
346000 1985 343.977 -4719.942 5.54 0.7076 0 0 0 0.0002777 0.0002777 
347000 1987 342.936 -4701.857 5.635 0.7024 0 0 0 0.0002646 0.0002646 
348000 1990 353.64 -4696.396 5.653 0.7318 0 0 0 0.0002646 0.0002646 
349000 1993 349.162 -4669.526 5.618 0.7147 0 0 0 0.0002466 0.0002466 
350000 1997 344.286 -4650.727 5.603 0.7018 0 0 0 0.0002466 0.0002466 
351000 2001 340.204 -4636.588 5.55 0.6872 0 0 0 0.0002332 0.0002332 
352000 2004 339.957 -4630.184 5.353 0.6816 0 0 0 0.0002332 0.0002332 
353000 2005 337.818 -4630.935 5.098 0.6746 0 0 0 0.0002274 0.0002274 
354000 2009 341.697 -4597.661 5.409 0.6873 0 0 0 0.0002274 0.0002274 
355000 2010 354.863 -4590.652 5.559 0.723 0 0 0 0.0002175 0.0002175 
356000 2011 359.346 -4572.426 5.433 0.7349 0 0 0 0.0002175 0.0002175 
357000 2012 372.159 -4577.052 5.581 0.7864 0 0 0 0.0002009 0.0002009 
358000 2013 384.716 -4563.446 5.559 0.8463 0 0 0 0.0002009 0.0002009 
359000 2015 397.101 -4552.055 5.671 0.8791 0 0 0 0.000207 0.000207 
360000 2016 409.159 -4553.954 5.603 0.921 0 0 0 0.000207 0.000207 
361000 2019 408.389 -4546.089 5.354 0.9293 0 0 0 0.0002667 0.0002667 
362000 2022 400.44 -4557.887 4.778 0.914 0 0 0 0.0002667 0.0002667 
363000 2024 395.6 -4544.35 4.792 0.9017 0 0 0 0.0002757 0.0002757 
364000 2025 407.688 -4547.261 4.82 0.9266 0 0 0 0.0002757 0.0002757 
365000 2029 407.159 -4539.368 4.576 0.9118 0 0 0 0.0002781 0.0002781 
366000 2032 400.053 -4525.384 4.531 0.8903 0 0 0 0.0002781 0.0002781 
367000 2033 399.991 -4533.053 4.13 0.888 0 0 0 0.0002796 0.0002796 
368000 2035 409.292 -4515.129 4.258 0.915 0 0 0 0.0002796 0.0002796 
369000 2037 416.964 -4505.023 4.516 0.9385 0 0 0 0.0002643 0.0002643 
370000 2039 415.577 -4507.234 4.234 0.9296 0 0 0 0.0002643 0.0002643 
371000 2042 419.102 -4484.241 4.412 1.0021 0 0 0 0.000254 0.000254 
372000 2044 416.14 -4463.507 4.436 0.9899 0 0 0 0.000254 0.000254 
373000 2045 427.818 -4461.045 4.692 1.0143 0 0 0 0.0002366 0.0002366 
374000 2046 439.261 -4460.648 4.66 1.1198 0 0 0 0.0002366 0.0002366 
375000 2047 450.476 -4439.138 4.774 1.1721 0 0 0 0.0002413 0.0002413 
376000 2048 461.467 -4432.46 4.882 1.1944 0 0 0 0.0002413 0.0002413 
377000 2049 472.237 -4428.954 4.926 1.2232 0 0 0 0.0002393 0.0002393 
378000 2051 475.95 -4408.055 4.895 1.2232 0 0 0 0.0002393 0.0002393 
379000 2053 480.802 -4399.209 5.181 1.2227 0 0 0 0.0002183 0.0002183 
380000 2057 463.475 -4381.611 5.121 1.157 0 0 0 0.0002183 0.0002183 
381000 2060 454.382 -4353.705 5.2 1.127 0 0 0 0.0002162 0.0002162 
382000 2065 430.853 -4325.279 5.464 1.0605 0 0 0 0.0002162 0.0002162 
383000 2066 428.036 -4302.126 5.491 1.0499 0 0 0 0.0002035 0.0002035 
384000 2069 430.97 -4277.924 5.833 1.0572 0 0 0 0.0002035 0.0002035 
385000 2073 418.328 -4247.975 5.865 1.0084 0 0 0 0.0002035 0.0002035 
386000 2077 404.721 -4226.019 5.941 0.9628 0 0 0 0.000201 0.000201 
387000 2079 412.874 -4219.479 5.887 0.9871 0 0 0 0.000201 0.000201 
388000 2081 412.978 -4204.794 5.891 0.9781 0 0 0 0.0001984 0.0001984 
389000 2082 410.559 -4189.785 5.909 0.9678 0 0 0 0.0001984 0.0001984 
390000 2085 419.907 -4176.309 5.922 0.9883 0 0 0 0.0001934 0.0001934 
391000 2086 416.488 -4171.773 5.941 0.9764 0 0 0 0.0001934 0.0001934 
392000 2087 428.159 -4157.395 5.935 1.0254 0 0 0 0.0001892 0.0001892 
393000 2089 436.864 -4142.069 6.12 1.054 0 0 0 0.0001892 0.0001892 
394000 2092 441.571 -4115.835 6.344 1.061 0 0 0 0.0001862 0.0001862 
395000 2094 431.792 -4091.206 6.515 1.03 0 0 0 0.0001862 0.0001862 
396000 2095 443.156 -4086.842 6.499 1.0566 0 0 0 0.0002029 0.0002029 
397000 2096 454.293 -4081.23 6.45 1.0843 0 0 0 0.0002029 0.0002029 
398000 2099 458.488 -4077.224 6.29 1.0909 0 0 0 0.0002113 0.0002113 
399000 2103 442.722 -4042.036 6.405 1.0404 0 0 0 0.0002113 0.0002113 
400000 2108 420.717 -4013.306 6.407 0.9726 0 0 0 0.0002029 0.0002029 
401000 2112 404.549 -3978.946 6.513 0.9273 0 0 0 0.0002029 0.0002029 
402000 2117 387.088 -3947.356 6.579 0.8785 0 0 0 0.0001956 0.0001956 
403000 2121 376.315 -3906.893 6.767 0.8457 0 0 0 0.0001956 0.0001956 
404000 2125 364.356 -3879.359 6.806 0.8065 0 0 0 0.0001867 0.0001867 
405000 2126 377.069 -3861.358 6.954 0.8367 0 0 0 0.0001867 0.0001867 
406000 2128 373.447 -3838.526 6.939 0.8223 0 0 0 0.000182 0.000182 
407000 2129 385.978 -3846.048 7.071 0.867 0 0 0 0.000182 0.000182 
408000 2130 398.258 -3827.103 6.854 0.9138 0 0 0 0.0001828 0.0001828 
409000 2132 408.067 -3833.402 6.841 0.9412 0 0 0 0.0001828 0.0001828 
410000 2133 419.906 -3826.582 6.731 1.0008 0 0 0 0.0001678 0.0001678 
411000 2134 424.608 -3809.882 6.666 1.0186 0 0 0 0.0001678 0.0001678 
412000 2136 434.213 -3803.123 6.749 1.0372 0 0 0 0.0001575 0.0001575 
413000 2137 445.529 -3795.845 6.776 1.0677 0 0 0 0.0001575 0.0001575 
414000 2138 445.479 -3787.153 6.753 1.0635 0 0 0 0.000148 0.000148 
415000 2140 456.378 -3789.301 6.255 1.0948 0 0 0 0.000148 0.000148 
416000 2141 467.25 -3784.103 6.475 1.1301 0 0 0 0.0001527 0.0001527 
417000 2142 477.905 -3766.126 6.537 1.1661 0 0 0 0.0001527 0.0001527 
418000 2143 488.347 -3763.064 6.677 1.1997 0 0 0 0.0001564 0.0001564 
419000 2144 486.94 -3762.424 6.609 1.1988 0 0 0 0.0001564 0.0001564 
420000 2147 489.337 -3742.909 6.461 1.2287 0 0 0 0.0001551 0.0001551 
421000 2149 494.579 -3729.379 6.567 1.249 0 0 0 0.0001551 0.0001551 
422000 2150 504.688 -3727.736 6.555 1.2994 0 0 0 0.0001517 0.0001517 
423000 2151 505.134 -3707.844 6.492 1.2991 0 0 0 0.0001517 0.0001517 
424000 2152 515.031 -3698.006 6.659 1.3212 0 0 0 0.000147 0.000147 
425000 2154 521.916 -3691.516 6.654 1.3422 0 0 0 0.000147 0.000147 
426000 2155 531.478 -3680.705 6.703 1.3754 0 0 0 0.0001388 0.0001388 
427000 2156 540.848 -3674.14 6.821 1.4181 0 0 0 0.0001388 0.0001388 
428000 2157 542.411 -3673.46 6.708 1.4268 0 0 0 0.0001388 0.0001388 
429000 2158 544.883 -3662.181 6.596 1.435 0 0 0 0.0001304 0.0001304 
430000 2161 550.488 -3642.945 6.728 1.4235 0 0 0 0.0001304 0.0001304 
431000 2162 546.038 -3631.501 6.816 1.4102 0 0 0 0.0001365 0.0001365 
432000 2164 552.795 -3618.999 6.624 1.4373 0 0 0 0.0001365 0.0001365 
433000 2165 561.739 -3626.665 6.583 1.4776 0 0 0 0.0001445 0.0001445 
434000 2166 562.884 -3637.221 6.056 1.4799 0 0 0 0.0001445 0.0001445 
435000 2167 571.627 -3623.918 6.097 1.5085 0 0 0 0.0001915 0.0001915 
436000 2168 580.194 -3636.451 6.217 1.5423 0 0 0 0.0001915 0.0001915 
437000 2170 583.319 -3636.363 5.706 1.5641 0 0 0 0.0001962 0.0001962 
438000 2171 585.172 -3633.666 5.716 1.5635 0 0 0 0.0001962 0.0001962 
439000 2174 575.634 -3600.455 5.867 1.5275 0 0 0 0.0001926 0.0001926 
440000 2175 584.122 -3595.876 5.932 1.5651 0 0 0 0.0001926 0.0001926 
441000 2178 576.124 -3591.849 5.68 1.535 0 0 0 0.0001852 0.0001852 
442000 2179 584.601 -3579.543 5.829 1.5511 0 0 0 0.0001852 0.0001852 
443000 2181 577.585 -3564.497 5.839 1.5308 0 0 0 0.0001719 0.0001719 
444000 2183 573.055 -3547.971 5.948 1.5176 0 0 0 0.0001719 0.0001719 
445000 2184 581.594 -3540.061 5.906 1.5382 0 0 0 0.0001653 0.0001653 
446000 2185 589.962 -3534.617 5.943 1.562 0 0 0 0.0001653 0.0001653 
447000 2186 598.163 -3504.431 6.149 1.5881 0 0 0 0.0001719 0.0001719 
448000 2187 606.2 -3505.574 6.384 1.6084 0 0 0 0.0001719 0.0001719 
449000 2189 603.57 -3513.881 5.837 1.5844 0 0 0 0.0001744 0.0001744 
450000 2190 611.499 -3508.557 5.894 1.6038 0 0 0 0.0001744 0.0001744 
451000 2191 607.909 -3489.668 5.908 1.5877 0 0 0 0.0001687 0.0001687 
452000 2192 615.75 -3478.214 6.065 1.6147 0 0 0 0.0001687 0.0001687 
453000 2193 623.435 -3461.813 6.209 1.6462 0 0 0 0.0001532 0.0001532 
454000 2194 630.967 -3460.233 6.344 1.6598 0 0 0 0.0001532 0.0001532 
455000 2196 631.92 -3442.653 6.374 1.6739 0 0 0 0.0001369 0.0001369 
456000 2198 633.376 -3431.083 6.444 1.6983 0 0 0 0.0001369 0.0001369 
457000 2201 610.547 -3412.648 6.437 1.6281 0 0 0 0.0001349 0.0001349 
458000 2203 611.572 -3410.271 6.19 1.6302 0 0 0 0.0001349 0.0001349 
459000 2204 619.34 -3398.485 6.337 1.6661 0 0 0 0.0001226 0.0001226 
460000 2205 626.954 -3394.279 6.278 1.6986 0 0 0 0.0001226 0.0001226 
461000 2206 634.415 -3396.082 6.19 1.7274 0 0 0 0.0001146 0.0001146 
462000 2207 641.606 -3397.636 5.961 1.7726 0 0 0 0.0001146 0.0001146 
463000 2208 648.774 -3400.491 5.715 1.816 0 0 0 0.0001071 0.0001071 
464000 2209 655.799 -3391.428 5.877 1.8287 0 0 0 0.0001071 0.0001071 
465000 2210 662.683 -3387.12 5.784 1.8463 0 0 0 9.86e-05 9.86e-05 
466000 2211 669.429 -3382.77 5.802 1.8748 0 0 0 9.86e-05 9.86e-05 
467000 2212 675.9 -3397.394 5.358 1.8998 0 0 0 0.0001165 0.0001165 
468000 2213 670.382 -3380.956 5.462 1.877 0 0 0 0.0001165 0.0001165 
469000 2214 676.975 -3380.883 5.555 1.8933 0 0 0 0.0001189 0.0001189 
470000 2216 681.247 -3380.2 5.351 1.8973 0 0 0 0.0001189 0.0001189 
471000 2218 669.318 -3362.909 5.24 1.8468 0 0 0 0.0001189 0.0001189 
472000 2219 675.932 -3353.707 5.348 1.8518 0 0 0 0.0001246 0.0001246 
473000 2220 682.413 -3335.741 5.555 1.8623 0 0 0 0.0001246 0.0001246 
474000 2222 681.47 -3328.396 5.693 1.8434 0 0 0 0.000118 0.000118 
475000 2223 672.0 -3311.177 5.681 1.8124 0 0 0 0.000118 0.000118 
476000 2226 666.642 -3301.771 5.813 1.7692 0 0 0 0.0001071 0.0001071 
477000 2228 648.514 -3264.777 6.042 1.71 0 0 0 0.0001071 0.0001071 
478000 2231 640.683 -3246.509 6.261 1.6776 0 0 0 0.0001056 0.0001056 
479000 2232 636.149 -3230.089 6.266 1.6571 0 0 0 0.0001056 0.0001056 
480000 2233 643.426 -3217.556 6.399 1.6713 0 0 0 9.96e-05 9.96e-05 
481000 2236 634.992 -3192.708 6.615 1.6252 0 0 0 9.96e-05 9.96e-05 
482000 2237 626.672 -3178.227 6.688 1.5987 0 0 0 0.0001014 0.0001014 
483000 2238 634.139 -3171.183 6.733 1.6098 0 0 0 0.0001014 0.0001014 
484000 2239 641.456 -3153.829 6.778 1.6292 0 0 0 9.79e-05 9.79e-05 
485000 2243 627.566 -3134.775 6.928 1.567 0 0 0 9.79e-05 9.79e-05 
486000 2244 626.635 -3118.638 6.884 1.5589 0 0 0 9.58e-05 9.58e-05 
487000 2245 634.102 -3112.484 7.036 1.5686 0 0 0 9.58e-05 9.58e-05 
488000 2246 641.42 -3110.18 7.033 1.5917 0 0 0 9e-05 9e-05 
489000 2248 634.594 -3102.819 6.768 1.5582 0 0 0 9e-05 9e-05 
490000 2249 641.903 -3087.364 6.86 1.5703 0 0 0 9.45e-05 9.45e-05 
491000 2250 649.064 -3070.242 7.026 1.5884 0 0 0 9.45e-05 9.45e-05 
492000 2251 656.083 -3071.894 7.14 1.6035 0 0 0 9.04e-05 9.04e-05 
493000 2252 662.962 -3059.734 6.931 1.6627 0 0 0 9.04e-05 9.04e-05 
494000 2253 669.702 -3055.408 7.079 1.6833 0 0 0 8.87e-05 8.87e-05 
495000 2254 676.308 -3050.528 7.157 1.7048 0 0 0 8.87e-05 8.87e-05 
496000 2255 682.782 -3044.257 6.994 1.7417 0 0 0 8.99e-05 8.99e-05 
497000 2256 689.126 -3041.501 7.072 1.8213 0 0 0 8.99e-05 8.99e-05 
498000 2257 695.344 -3026.064 6.947 1.9142 0 0 0 8.68e-05 8.68e-05 
499000 2258 701.437 -3019.197 7.026 1.9521 0 0 0 8.68e-05 8.68e-05 
500000 2259 707.408 -3004.279 6.986 1.9645 0 0 0 8.28e-05 8.28e-05 
