10000.0 166.0 473.0 nan nan 0.0473 nan nan 2.707 nan nan 
20000.0 324.0 947.0 nan nan 0.0474 nan nan 3.079 nan nan 
30000.0 496.0 1404.0 nan nan 0.0468 nan nan 2.662 nan nan 
40000.0 661.0 1895.0 nan nan 0.0474 nan nan 2.238 nan nan 
50000.0 839.0 2275.0 nan nan 0.0455 nan nan 2.252 nan nan 
60000.0 1019.0 2761.0 nan nan 0.046 nan nan 2.574 nan nan 
70000.0 1179.0 3328.0 nan nan 0.0475 nan nan 3.605 nan nan 
80000.0 1365.0 3869.0 nan nan 0.0484 nan nan 2.539 nan nan 
90000.0 1577.0 4373.0 nan nan 0.0486 nan nan 2.743 nan nan 
100000.0 1789.0 4939.0 nan nan 0.0494 nan nan 2.753 nan nan 
110000.0 1995.0 5512.0 nan nan 0.0501 nan nan 2.7 nan nan 
120000.0 2179.0 6149.0 nan nan 0.0512 nan nan 4.32 nan nan 
130000.0 2334.0 6935.0 nan nan 0.0533 nan nan 5.784 nan nan 
140000.0 2452.0 7773.0 nan nan 0.0555 nan nan 6.895 nan nan 
150000.0 2563.0 8619.0 nan nan 0.0575 nan nan 7.059 nan nan 
160000.0 2659.0 9535.0 nan nan 0.0596 nan nan 9.084 nan nan 
170000.0 2745.0 10482.0 nan nan 0.0617 nan nan 10.918 nan nan 
180000.0 2822.0 11455.0 nan nan 0.0636 nan nan 11.956 nan nan 
190000.0 2914.0 12411.0 nan nan 0.0653 nan nan 10.365 nan nan 
200000.0 3002.0 13404.0 nan nan 0.067 nan nan 11.176 nan nan 
210000.0 3080.0 14473.0 nan nan 0.0689 nan nan 13.028 nan nan 
220000.0 3154.0 15518.0 nan nan 0.0705 nan nan 13.485 nan nan 
230000.0 3230.0 16531.0 nan nan 0.0719 nan nan 13.361 nan nan 
240000.0 3297.0 17564.0 nan nan 0.0732 nan nan 14.128 nan nan 
250000.0 3367.0 18577.0 nan nan 0.0743 nan nan 14.076 nan nan 
260000.0 3436.0 19622.0 nan nan 0.0755 nan nan 14.322 nan nan 
270000.0 3520.0 20684.0 nan nan 0.0766 nan nan 13.365 nan nan 
280000.0 3588.0 21764.0 nan nan 0.0777 nan nan 16.034 nan nan 
290000.0 3667.0 22773.0 nan nan 0.0785 nan nan 13.158 nan nan 
300000.0 3740.0 23798.0 nan nan 0.0793 nan nan 13.902 nan nan 
310000.0 3810.0 24865.0 nan nan 0.0802 nan nan 15.106 nan nan 
320000.0 3876.0 25950.0 nan nan 0.0811 nan nan 15.674 nan nan 
330000.0 3953.0 26985.0 nan nan 0.0818 nan nan 13.301 nan nan 
340000.0 4016.0 28079.0 nan nan 0.0826 nan nan 16.248 nan nan 
350000.0 4087.0 29146.0 nan nan 0.0833 nan nan 14.677 nan nan 
360000.0 4156.0 30225.0 nan nan 0.084 nan nan 15.532 nan nan 
370000.0 4220.0 31322.0 nan nan 0.0847 nan nan 17.222 nan nan 
380000.0 4287.0 32372.0 nan nan 0.0852 nan nan 16.525 nan nan 
390000.0 4348.0 33533.0 nan nan 0.086 nan nan 17.4 nan nan 
400000.0 4410.0 34626.0 nan nan 0.0866 nan nan 17.728 nan nan 
410000.0 4473.0 35708.0 nan nan 0.0871 nan nan 17.314 nan nan 
420000.0 4547.0 36798.0 nan nan 0.0876 nan nan 15.286 nan nan 
430000.0 4606.0 37966.0 nan nan 0.0883 nan nan 17.799 nan nan 
440000.0 4672.0 39038.0 nan nan 0.0887 nan nan 16.753 nan nan 
450000.0 4746.0 40094.0 nan nan 0.0891 nan nan 15.085 nan nan 
460000.0 4806.0 41167.0 nan nan 0.0895 nan nan 16.905 nan nan 
470000.0 4869.0 42208.0 nan nan 0.0898 nan nan 16.593 nan nan 
480000.0 4938.0 43230.0 nan nan 0.0901 nan nan 14.893 nan nan 
490000.0 4995.0 44329.0 nan nan 0.0905 nan nan 17.812 nan nan 
500000.0 5058.0 45423.0 nan nan 0.0908 nan nan 17.442 nan nan 
510000.0 5120.0 46527.0 nan nan 0.0912 nan nan 16.817 nan nan 
520000.0 5176.0 47620.0 nan nan 0.0916 nan nan 18.23 nan nan 
530000.0 5243.0 48689.0 nan nan 0.0919 nan nan 15.339 nan nan 
540000.0 5316.0 49777.0 nan nan 0.0922 nan nan 15.165 nan nan 
550000.0 5382.0 50873.0 nan nan 0.0925 nan nan 16.897 nan nan 
560000.0 5445.0 51989.0 nan nan 0.0928 nan nan 16.918 nan nan 
570000.0 5499.0 53118.0 nan nan 0.0932 nan nan 19.778 nan nan 
580000.0 5565.0 54225.0 nan nan 0.0935 nan nan 17.507 nan nan 
590000.0 5628.0 55314.0 nan nan 0.0938 nan nan 17.445 nan nan 
600000.0 5691.0 56368.0 nan nan 0.0939 nan nan 16.523 nan nan 
610000.0 5751.0 57451.0 nan nan 0.0942 nan nan 16.724 nan nan 
620000.0 5814.0 58532.0 nan nan 0.0944 nan nan 17.11 nan nan 
630000.0 5872.0 59585.0 nan nan 0.0946 nan nan 17.882 nan nan 
640000.0 5938.0 60650.0 nan nan 0.0948 nan nan 16.706 nan nan 
650000.0 5995.0 61795.0 nan nan 0.0951 nan nan 18.03 nan nan 
660000.0 6058.0 62857.0 nan nan 0.0952 nan nan 17.728 nan nan 
670000.0 6122.0 63958.0 nan nan 0.0955 nan nan 17.412 nan nan 
680000.0 6171.0 65047.0 nan nan 0.0957 nan nan 20.703 nan nan 
690000.0 6230.0 66166.0 nan nan 0.0959 nan nan 19.853 nan nan 
700000.0 6294.0 67226.0 nan nan 0.096 nan nan 17.018 nan nan 
710000.0 6351.0 68312.0 nan nan 0.0962 nan nan 18.335 nan nan 
720000.0 6424.0 69339.0 nan nan 0.0963 nan nan 15.011 nan nan 
730000.0 6483.0 70425.0 nan nan 0.0965 nan nan 17.089 nan nan 
740000.0 6546.0 71477.0 nan nan 0.0966 nan nan 16.77 nan nan 
750000.0 6602.0 72560.0 nan nan 0.0967 nan nan 19.217 nan nan 
760000.0 6664.0 73661.0 nan nan 0.0969 nan nan 19.016 nan nan 
770000.0 6725.0 74702.0 nan nan 0.097 nan nan 17.776 nan nan 
780000.0 6788.0 75766.0 nan nan 0.0971 nan nan 16.709 nan nan 
790000.0 6847.0 76805.0 nan nan 0.0972 nan nan 17.69 nan nan 
800000.0 6903.0 77875.0 nan nan 0.0973 nan nan 17.501 nan nan 
810000.0 6964.0 78885.0 nan nan 0.0974 nan nan 17.084 nan nan 
820000.0 7036.0 79946.0 nan nan 0.0975 nan nan 15.852 nan nan 
830000.0 7096.0 80964.0 nan nan 0.0975 nan nan 16.984 nan nan 
840000.0 7155.0 82017.0 nan nan 0.0976 nan nan 17.688 nan nan 
850000.0 7206.0 83128.0 nan nan 0.0978 nan nan 20.872 nan nan 
860000.0 7255.0 84211.0 nan nan 0.0979 nan nan 22.018 nan nan 
870000.0 7321.0 85239.0 nan nan 0.098 nan nan 18.037 nan nan 
880000.0 7385.0 86316.0 nan nan 0.0981 nan nan 17.065 nan nan 
890000.0 7432.0 87433.0 nan nan 0.0982 nan nan 21.374 nan nan 
900000.0 7486.0 88526.0 nan nan 0.0984 nan nan 20.072 nan nan 
910000.0 7543.0 89629.0 nan nan 0.0985 nan nan 19.687 nan nan 
920000.0 7593.0 90688.0 nan nan 0.0986 nan nan 20.329 nan nan 
930000.0 7647.0 91794.0 nan nan 0.0987 nan nan 19.171 nan nan 
940000.0 7711.0 92829.0 nan nan 0.0988 nan nan 17.143 nan nan 
950000.0 7767.0 93905.0 nan nan 0.0988 nan nan 18.196 nan nan 
960000.0 7814.0 95038.0 nan nan 0.099 nan nan 21.839 nan nan 
970000.0 7875.0 96125.0 nan nan 0.0991 nan nan 19.279 nan nan 
980000.0 7934.0 97215.0 nan nan 0.0992 nan nan 18.541 nan nan 
990000.0 7995.0 98258.0 nan nan 0.0993 nan nan 16.944 nan nan 
1000000.0 8060.0 99279.0 nan nan 0.0993 nan nan 15.782 nan nan 
1010000.0 8113.0 100311.0 nan nan 0.0993 nan nan 18.624 nan nan 
1020000.0 8163.0 101409.0 nan nan 0.0994 nan nan 20.284 nan nan 
1030000.0 8224.0 102459.0 nan nan 0.0995 nan nan 18.425 nan nan 
1040000.0 8288.0 103499.0 nan nan 0.0995 nan nan 16.242 nan nan 
1050000.0 8345.0 104556.0 nan nan 0.0996 nan nan 17.711 nan nan 
1060000.0 8400.0 105610.0 nan nan 0.0996 nan nan 18.153 nan nan 
1070000.0 8454.0 106676.0 nan nan 0.0997 nan nan 19.097 nan nan 
1080000.0 8514.0 107698.0 nan nan 0.0997 nan nan 17.391 nan nan 
1090000.0 8567.0 108722.0 nan nan 0.0997 nan nan 18.514 nan nan 
1100000.0 8626.0 109745.0 nan nan 0.0998 nan nan 17.675 nan nan 
1110000.0 8685.0 110795.0 nan nan 0.0998 nan nan 17.589 nan nan 
1120000.0 8746.0 111877.0 nan nan 0.0999 nan nan 17.601 nan nan 
1130000.0 8807.0 112902.0 nan nan 0.0999 nan nan 16.184 nan nan 
1140000.0 8863.0 113955.0 nan nan 0.1 nan nan 17.881 nan nan 
1150000.0 8922.0 115011.0 nan nan 0.1 nan nan 17.726 nan nan 
1160000.0 8973.0 116066.0 nan nan 0.1001 nan nan 19.694 nan nan 
1170000.0 9028.0 117120.0 nan nan 0.1001 nan nan 19.221 nan nan 
1180000.0 9087.0 118183.0 nan nan 0.1002 nan nan 18.703 nan nan 
1190000.0 9158.0 119209.0 nan nan 0.1002 nan nan 16.085 nan nan 
1200000.0 9213.0 120254.0 nan nan 0.1002 nan nan 17.401 nan nan 
1210000.0 9266.0 121336.0 nan nan 0.1003 nan nan 19.69 nan nan 
1220000.0 9323.0 122401.0 nan nan 0.1003 nan nan 18.488 nan nan 
1230000.0 9390.0 123493.0 nan nan 0.1004 nan nan 16.672 nan nan 
1240000.0 9439.0 124553.0 nan nan 0.1004 nan nan 20.09 nan nan 
1250000.0 9493.0 125626.0 nan nan 0.1005 nan nan 19.807 nan nan 
1260000.0 9552.0 126637.0 nan nan 0.1005 nan nan 17.439 nan nan 
1270000.0 9606.0 127694.0 nan nan 0.1005 nan nan 18.271 nan nan 
1280000.0 9656.0 128688.0 nan nan 0.1005 nan nan 19.825 nan nan 
1290000.0 9714.0 129722.0 nan nan 0.1006 nan nan 17.855 nan nan 
1300000.0 9772.0 130767.0 nan nan 0.1006 nan nan 18.387 nan nan 
1310000.0 9823.0 131815.0 nan nan 0.1006 nan nan 19.667 nan nan 
1320000.0 9882.0 132887.0 nan nan 0.1007 nan nan 18.832 nan nan 
1330000.0 9930.0 133976.0 nan nan 0.1007 nan nan 21.009 nan nan 
1340000.0 9976.0 135055.0 nan nan 0.1008 nan nan 21.482 nan nan 
1350000.0 10032.0 136089.0 nan nan 0.1008 nan nan 19.572 nan nan 
1360000.0 10099.0 137091.0 nan nan 0.1008 nan nan 16.251 nan nan 
1370000.0 10160.0 138078.0 nan nan 0.1008 nan nan 15.57 nan nan 
1380000.0 10215.0 139070.0 nan nan 0.1008 nan nan 18.075 nan nan 
1390000.0 10270.0 140077.0 nan nan 0.1008 nan nan 18.221 nan nan 
1400000.0 10326.0 141094.0 nan nan 0.1008 nan nan 17.969 nan nan 
1410000.0 10374.0 142121.0 nan nan 0.1008 nan nan 19.947 nan nan 
1420000.0 10432.0 143097.0 nan nan 0.1008 nan nan 17.529 nan nan 
1430000.0 10481.0 144152.0 nan nan 0.1008 nan nan 20.227 nan nan 
1440000.0 10530.0 145207.0 nan nan 0.1008 nan nan 20.67 nan nan 
1450000.0 10573.0 146306.0 nan nan 0.1009 nan nan 24.037 nan nan 
1460000.0 10626.0 147376.0 nan nan 0.1009 nan nan 21.773 nan nan 
1470000.0 10684.0 148414.0 nan nan 0.101 nan nan 18.737 nan nan 
1480000.0 10739.0 149432.0 nan nan 0.101 nan nan 18.491 nan nan 
1490000.0 10796.0 150463.0 nan nan 0.101 nan nan 18.658 nan nan 
1500000.0 10856.0 151437.0 nan nan 0.101 nan nan 16.728 nan nan 
1510000.0 10908.0 152517.0 nan nan 0.101 nan nan 19.927 nan nan 
1520000.0 10963.0 153584.0 nan nan 0.101 nan nan 19.387 nan nan 
1530000.0 11009.0 154643.0 nan nan 0.1011 nan nan 21.2 nan nan 
1540000.0 11068.0 155620.0 nan nan 0.1011 nan nan 17.548 nan nan 
1550000.0 11132.0 156639.0 nan nan 0.1011 nan nan 16.35 nan nan 
1560000.0 11188.0 157738.0 nan nan 0.1011 nan nan 18.485 nan nan 
1570000.0 11244.0 158720.0 nan nan 0.1011 nan nan 18.207 nan nan 
1580000.0 11298.0 159776.0 nan nan 0.1011 nan nan 18.351 nan nan 
1590000.0 11343.0 160866.0 nan nan 0.1012 nan nan 20.986 nan nan 
1600000.0 11391.0 161950.0 nan nan 0.1012 nan nan 21.876 nan nan 
1610000.0 11438.0 163034.0 nan nan 0.1013 nan nan 21.915 nan nan 
1620000.0 11489.0 164096.0 nan nan 0.1013 nan nan 21.626 nan nan 
1630000.0 11534.0 165212.0 nan nan 0.1014 nan nan 22.065 nan nan 
1640000.0 11588.0 166329.0 nan nan 0.1014 nan nan 21.54 nan nan 
1650000.0 11636.0 167348.0 nan nan 0.1014 nan nan 20.625 nan nan 
1660000.0 11681.0 168386.0 nan nan 0.1014 nan nan 22.001 nan nan 
1670000.0 11742.0 169388.0 nan nan 0.1014 nan nan 17.075 nan nan 
1680000.0 11794.0 170429.0 nan nan 0.1014 nan nan 19.037 nan nan 
1690000.0 11842.0 171520.0 nan nan 0.1015 nan nan 21.115 nan nan 
1700000.0 11891.0 172563.0 nan nan 0.1015 nan nan 21.837 nan nan 
1710000.0 11937.0 173670.0 nan nan 0.1016 nan nan 23.49 nan nan 
1720000.0 11983.0 174754.0 nan nan 0.1016 nan nan 23.939 nan nan 
1730000.0 12038.0 175818.0 nan nan 0.1016 nan nan 20.962 nan nan 
1740000.0 12096.0 176897.0 nan nan 0.1017 nan nan 19.38 nan nan 
1750000.0 12141.0 177989.0 nan nan 0.1017 nan nan 22.872 nan nan 
1760000.0 12188.0 179065.0 nan nan 0.1017 nan nan 22.638 nan nan 
1770000.0 12238.0 180141.0 nan nan 0.1018 nan nan 21.914 nan nan 
1780000.0 12296.0 181190.0 nan nan 0.1018 nan nan 19.402 nan nan 
1790000.0 12348.0 182253.0 nan nan 0.1018 nan nan 19.876 nan nan 
1800000.0 12397.0 183343.0 nan nan 0.1019 nan nan 20.713 nan nan 
1810000.0 12446.0 184443.0 nan nan 0.1019 nan nan 22.086 nan nan 
1820000.0 12498.0 185478.0 nan nan 0.1019 nan nan 20.678 nan nan 
1830000.0 12555.0 186544.0 nan nan 0.1019 nan nan 19.668 nan nan 
1840000.0 12617.0 187564.0 nan nan 0.1019 nan nan 17.361 nan nan 
1850000.0 12672.0 188535.0 nan nan 0.1019 nan nan 16.978 nan nan 
1860000.0 12721.0 189628.0 nan nan 0.102 nan nan 21.052 nan nan 
1870000.0 12765.0 190668.0 nan nan 0.102 nan nan 22.489 nan nan 
1880000.0 12812.0 191743.0 nan nan 0.102 nan nan 23.163 nan nan 
1890000.0 12856.0 192826.0 nan nan 0.102 nan nan 24.413 nan nan 
1900000.0 12902.0 193922.0 nan nan 0.1021 nan nan 24.66 nan nan 
1910000.0 12957.0 195025.0 nan nan 0.1021 nan nan 21.052 nan nan 
1920000.0 13008.0 196057.0 nan nan 0.1021 nan nan 20.502 nan nan 
1930000.0 13056.0 197186.0 nan nan 0.1022 nan nan 22.212 nan nan 
1940000.0 13108.0 198271.0 nan nan 0.1022 nan nan 21.643 nan nan 
1950000.0 13161.0 199328.0 nan nan 0.1022 nan nan 20.887 nan nan 
1960000.0 13206.0 200406.0 nan nan 0.1022 nan nan 22.053 nan nan 
1970000.0 13256.0 201398.0 nan nan 0.1022 nan nan 21.48 nan nan 
1980000.0 13299.0 202478.0 nan nan 0.1023 nan nan 23.725 nan nan 
1990000.0 13346.0 203511.0 nan nan 0.1023 nan nan 22.45 nan nan 
2000000.0 13392.0 204635.0 nan nan 0.1023 nan nan 23.152 nan nan 
2010000.0 13434.0 205656.0 nan nan 0.1023 nan nan 23.971 nan nan 
2020000.0 13479.0 206699.0 nan nan 0.1023 nan nan 23.11 nan nan 
2030000.0 13534.0 207789.0 nan nan 0.1024 nan nan 21.041 nan nan 
2040000.0 13583.0 208826.0 nan nan 0.1024 nan nan 21.458 nan nan 
2050000.0 13629.0 209909.0 nan nan 0.1024 nan nan 22.537 nan nan 
2060000.0 13677.0 210956.0 nan nan 0.1024 nan nan 21.56 nan nan 
2070000.0 13733.0 212021.0 nan nan 0.1024 nan nan 19.761 nan nan 
2080000.0 13783.0 213074.0 nan nan 0.1024 nan nan 20.399 nan nan 
2090000.0 13836.0 214065.0 nan nan 0.1024 nan nan 19.406 nan nan 
2100000.0 13894.0 215112.0 nan nan 0.1024 nan nan 17.985 nan nan 
2110000.0 13954.0 216173.0 nan nan 0.1025 nan nan 18.206 nan nan 
2120000.0 14001.0 217288.0 nan nan 0.1025 nan nan 21.991 nan nan 
2130000.0 14059.0 218312.0 nan nan 0.1025 nan nan 18.802 nan nan 
2140000.0 14107.0 219404.0 nan nan 0.1025 nan nan 21.742 nan nan 
2150000.0 14159.0 220490.0 nan nan 0.1026 nan nan 21.613 nan nan 
2160000.0 14209.0 221568.0 nan nan 0.1026 nan nan 20.713 nan nan 
2170000.0 14260.0 222619.0 nan nan 0.1026 nan nan 20.891 nan nan 
2180000.0 14299.0 223756.0 nan nan 0.1026 nan nan 24.441 nan nan 
2190000.0 14350.0 224849.0 nan nan 0.1027 nan nan 21.383 nan nan 
2200000.0 14402.0 225915.0 nan nan 0.1027 nan nan 20.186 nan nan 
2210000.0 14452.0 226994.0 nan nan 0.1027 nan nan 21.212 nan nan 
2220000.0 14496.0 228105.0 nan nan 0.1028 nan nan 23.508 nan nan 
2230000.0 14551.0 229230.0 nan nan 0.1028 nan nan 20.68 nan nan 
2240000.0 14601.0 230307.0 nan nan 0.1028 nan nan 20.923 nan nan 
2250000.0 14650.0 231425.0 nan nan 0.1029 nan nan 21.425 nan nan 
2260000.0 14705.0 232480.0 nan nan 0.1029 nan nan 20.236 nan nan 
2270000.0 14754.0 233481.0 nan nan 0.1029 nan nan 20.229 nan nan 
2280000.0 14804.0 234511.0 nan nan 0.1029 nan nan 20.873 nan nan 
2290000.0 14850.0 235628.0 nan nan 0.1029 nan nan 23.376 nan nan 
2300000.0 14900.0 236726.0 nan nan 0.1029 nan nan 21.913 nan nan 
2310000.0 14946.0 237836.0 nan nan 0.103 nan nan 23.186 nan nan 
2320000.0 14996.0 238889.0 nan nan 0.103 nan nan 22.662 nan nan 
2330000.0 15052.0 240013.0 nan nan 0.103 nan nan 21.43 nan nan 
2340000.0 15108.0 241131.0 nan nan 0.103 nan nan 20.248 nan nan 
2350000.0 15155.0 242231.0 nan nan 0.1031 nan nan 22.063 nan nan 
2360000.0 15207.0 243325.0 nan nan 0.1031 nan nan 21.014 nan nan 
2370000.0 15258.0 244351.0 nan nan 0.1031 nan nan 20.672 nan nan 
2380000.0 15302.0 245471.0 nan nan 0.1031 nan nan 22.615 nan nan 
2390000.0 15359.0 246530.0 nan nan 0.1032 nan nan 19.883 nan nan 
2400000.0 15413.0 247593.0 nan nan 0.1032 nan nan 19.693 nan nan 
2410000.0 15463.0 248665.0 nan nan 0.1032 nan nan 20.984 nan nan 
2420000.0 15516.0 249708.0 nan nan 0.1032 nan nan 19.868 nan nan 
2430000.0 15565.0 250723.0 nan nan 0.1032 nan nan 20.12 nan nan 
2440000.0 15616.0 251769.0 nan nan 0.1032 nan nan 20.793 nan nan 
2450000.0 15659.0 252822.0 nan nan 0.1032 nan nan 23.317 nan nan 
2460000.0 15716.0 253907.0 nan nan 0.1032 nan nan 20.682 nan nan 
2470000.0 15770.0 254886.0 nan nan 0.1032 nan nan 18.707 nan nan 
2480000.0 15816.0 255879.0 nan nan 0.1032 nan nan 20.435 nan nan 
2490000.0 15864.0 256855.0 nan nan 0.1032 nan nan 20.23 nan nan 
2500000.0 15907.0 257846.0 nan nan 0.1031 nan nan 20.988 nan nan 
2510000.0 15943.0 258829.0 nan nan 0.1031 nan nan 25.364 nan nan 
2520000.0 15988.0 259820.0 nan nan 0.1031 nan nan 22.905 nan nan 
2530000.0 16028.0 260823.0 nan nan 0.1031 nan nan 24.222 nan nan 
2540000.0 16075.0 261847.0 nan nan 0.1031 nan nan 23.124 nan nan 
2550000.0 16125.0 262881.0 nan nan 0.1031 nan nan 21.801 nan nan 
2560000.0 16175.0 263950.0 nan nan 0.1031 nan nan 20.697 nan nan 
2570000.0 16222.0 265006.0 nan nan 0.1031 nan nan 21.236 nan nan 
2580000.0 16269.0 266017.0 nan nan 0.1031 nan nan 21.3 nan nan 
