10000.0 186.0 571.0 nan nan 0.0571 nan nan 3.129 nan nan 
20000.0 365.0 1168.0 nan nan 0.0584 nan nan 3.529 nan nan 
30000.0 553.0 1784.0 nan nan 0.0595 nan nan 3.351 nan nan 
40000.0 732.0 2191.0 nan nan 0.0548 nan nan 2.023 nan nan 
50000.0 894.0 2598.0 nan nan 0.052 nan nan 2.465 nan nan 
60000.0 1085.0 3043.0 nan nan 0.0507 nan nan 2.304 nan nan 
70000.0 1268.0 3597.0 nan nan 0.0514 nan nan 3.32 nan nan 
80000.0 1424.0 4136.0 nan nan 0.0517 nan nan 3.713 nan nan 
90000.0 1578.0 4701.0 nan nan 0.0522 nan nan 3.424 nan nan 
100000.0 1750.0 5341.0 nan nan 0.0534 nan nan 3.836 nan nan 
110000.0 1939.0 6062.0 nan nan 0.0551 nan nan 3.679 nan nan 
120000.0 2117.0 6816.0 nan nan 0.0568 nan nan 4.045 nan nan 
130000.0 2285.0 7531.0 nan nan 0.0579 nan nan 4.822 nan nan 
140000.0 2428.0 8317.0 nan nan 0.0594 nan nan 5.68 nan nan 
150000.0 2566.0 9128.0 nan nan 0.0609 nan nan 6.433 nan nan 
160000.0 2687.0 10072.0 nan nan 0.063 nan nan 7.446 nan nan 
170000.0 2794.0 10970.0 nan nan 0.0645 nan nan 8.613 nan nan 
180000.0 2891.0 11895.0 nan nan 0.0661 nan nan 9.148 nan nan 
190000.0 2992.0 12879.0 nan nan 0.0678 nan nan 9.403 nan nan 
200000.0 3067.0 13858.0 nan nan 0.0693 nan nan 12.327 nan nan 
210000.0 3148.0 14811.0 nan nan 0.0705 nan nan 12.222 nan nan 
220000.0 3238.0 15773.0 nan nan 0.0717 nan nan 10.306 nan nan 
230000.0 3326.0 16773.0 nan nan 0.0729 nan nan 11.519 nan nan 
240000.0 3412.0 17794.0 nan nan 0.0741 nan nan 11.583 nan nan 
250000.0 3502.0 18812.0 nan nan 0.0752 nan nan 10.783 nan nan 
260000.0 3583.0 19868.0 nan nan 0.0764 nan nan 12.067 nan nan 
270000.0 3657.0 20924.0 nan nan 0.0775 nan nan 13.329 nan nan 
280000.0 3733.0 21912.0 nan nan 0.0783 nan nan 12.938 nan nan 
290000.0 3810.0 22985.0 nan nan 0.0793 nan nan 13.611 nan nan 
300000.0 3879.0 24046.0 nan nan 0.0802 nan nan 15.016 nan nan 
310000.0 3950.0 25096.0 nan nan 0.081 nan nan 14.572 nan nan 
320000.0 4010.0 26188.0 nan nan 0.0818 nan nan 16.471 nan nan 
330000.0 4072.0 27316.0 nan nan 0.0828 nan nan 17.234 nan nan 
340000.0 4145.0 28426.0 nan nan 0.0836 nan nan 15.346 nan nan 
350000.0 4227.0 29513.0 nan nan 0.0843 nan nan 14.015 nan nan 
360000.0 4315.0 30604.0 nan nan 0.085 nan nan 12.263 nan nan 
370000.0 4393.0 31609.0 nan nan 0.0854 nan nan 13.143 nan nan 
380000.0 4466.0 32628.0 nan nan 0.0859 nan nan 14.147 nan nan 
390000.0 4529.0 33708.0 nan nan 0.0864 nan nan 15.952 nan nan 
400000.0 4602.0 34758.0 nan nan 0.0869 nan nan 14.041 nan nan 
410000.0 4674.0 35828.0 nan nan 0.0874 nan nan 13.809 nan nan 
420000.0 4743.0 36915.0 nan nan 0.0879 nan nan 16.346 nan nan 
430000.0 4806.0 37994.0 nan nan 0.0884 nan nan 17.074 nan nan 
440000.0 4872.0 39149.0 nan nan 0.089 nan nan 16.936 nan nan 
450000.0 4935.0 40257.0 nan nan 0.0895 nan nan 16.764 nan nan 
460000.0 5001.0 41362.0 nan nan 0.0899 nan nan 17.008 nan nan 
470000.0 5068.0 42441.0 nan nan 0.0903 nan nan 15.473 nan nan 
480000.0 5137.0 43528.0 nan nan 0.0907 nan nan 15.178 nan nan 
490000.0 5205.0 44620.0 nan nan 0.0911 nan nan 15.687 nan nan 
500000.0 5273.0 45631.0 nan nan 0.0913 nan nan 15.648 nan nan 
510000.0 5343.0 46676.0 nan nan 0.0915 nan nan 14.629 nan nan 
520000.0 5414.0 47742.0 nan nan 0.0918 nan nan 15.23 nan nan 
530000.0 5473.0 48864.0 nan nan 0.0922 nan nan 17.564 nan nan 
540000.0 5538.0 49906.0 nan nan 0.0924 nan nan 16.969 nan nan 
550000.0 5613.0 50995.0 nan nan 0.0927 nan nan 15.685 nan nan 
560000.0 5686.0 52040.0 nan nan 0.0929 nan nan 14.738 nan nan 
570000.0 5746.0 53110.0 nan nan 0.0932 nan nan 16.251 nan nan 
580000.0 5810.0 54246.0 nan nan 0.0935 nan nan 17.427 nan nan 
590000.0 5870.0 55336.0 nan nan 0.0938 nan nan 17.677 nan nan 
600000.0 5932.0 56471.0 nan nan 0.0941 nan nan 18.989 nan nan 
610000.0 5998.0 57568.0 nan nan 0.0944 nan nan 17.263 nan nan 
620000.0 6063.0 58564.0 nan nan 0.0945 nan nan 15.282 nan nan 
630000.0 6127.0 59612.0 nan nan 0.0946 nan nan 15.665 nan nan 
640000.0 6191.0 60650.0 nan nan 0.0948 nan nan 16.08 nan nan 
650000.0 6257.0 61658.0 nan nan 0.0949 nan nan 15.541 nan nan 
660000.0 6319.0 62628.0 nan nan 0.0949 nan nan 15.24 nan nan 
670000.0 6374.0 63647.0 nan nan 0.095 nan nan 17.83 nan nan 
680000.0 6454.0 64662.0 nan nan 0.0951 nan nan 13.653 nan nan 
690000.0 6531.0 65645.0 nan nan 0.0951 nan nan 13.019 nan nan 
700000.0 6589.0 66688.0 nan nan 0.0953 nan nan 16.416 nan nan 
710000.0 6657.0 67716.0 nan nan 0.0954 nan nan 15.453 nan nan 
720000.0 6720.0 68788.0 nan nan 0.0955 nan nan 16.112 nan nan 
730000.0 6781.0 69854.0 nan nan 0.0957 nan nan 16.426 nan nan 
740000.0 6843.0 70871.0 nan nan 0.0958 nan nan 16.543 nan nan 
750000.0 6908.0 71890.0 nan nan 0.0959 nan nan 15.618 nan nan 
760000.0 6978.0 72904.0 nan nan 0.0959 nan nan 14.708 nan nan 
770000.0 7047.0 73915.0 nan nan 0.096 nan nan 14.825 nan nan 
780000.0 7100.0 74926.0 nan nan 0.0961 nan nan 17.594 nan nan 
790000.0 7158.0 75943.0 nan nan 0.0961 nan nan 17.278 nan nan 
800000.0 7214.0 76986.0 nan nan 0.0962 nan nan 18.648 nan nan 
810000.0 7276.0 78029.0 nan nan 0.0963 nan nan 16.611 nan nan 
820000.0 7343.0 79078.0 nan nan 0.0964 nan nan 16.178 nan nan 
830000.0 7404.0 80178.0 nan nan 0.0966 nan nan 17.807 nan nan 
840000.0 7463.0 81274.0 nan nan 0.0968 nan nan 18.648 nan nan 
850000.0 7521.0 82337.0 nan nan 0.0969 nan nan 17.721 nan nan 
860000.0 7585.0 83411.0 nan nan 0.097 nan nan 16.878 nan nan 
870000.0 7638.0 84501.0 nan nan 0.0971 nan nan 18.866 nan nan 
880000.0 7700.0 85542.0 nan nan 0.0972 nan nan 17.266 nan nan 
890000.0 7767.0 86620.0 nan nan 0.0973 nan nan 16.396 nan nan 
900000.0 7818.0 87679.0 nan nan 0.0974 nan nan 19.659 nan nan 
910000.0 7876.0 88741.0 nan nan 0.0975 nan nan 19.375 nan nan 
920000.0 7938.0 89734.0 nan nan 0.0975 nan nan 16.639 nan nan 
930000.0 8001.0 90786.0 nan nan 0.0976 nan nan 17.253 nan nan 
940000.0 8064.0 91858.0 nan nan 0.0977 nan nan 16.851 nan nan 
950000.0 8113.0 92956.0 nan nan 0.0978 nan nan 19.334 nan nan 
960000.0 8180.0 94026.0 nan nan 0.0979 nan nan 16.92 nan nan 
970000.0 8237.0 95032.0 nan nan 0.098 nan nan 17.214 nan nan 
980000.0 8296.0 96078.0 nan nan 0.098 nan nan 17.503 nan nan 
990000.0 8359.0 97117.0 nan nan 0.0981 nan nan 16.061 nan nan 
1000000.0 8416.0 98147.0 nan nan 0.0981 nan nan 17.069 nan nan 
1010000.0 8466.0 99192.0 nan nan 0.0982 nan nan 19.235 nan nan 
1020000.0 8530.0 100231.0 nan nan 0.0983 nan nan 17.048 nan nan 
1030000.0 8590.0 101313.0 nan nan 0.0984 nan nan 17.84 nan nan 
1040000.0 8650.0 102380.0 nan nan 0.0984 nan nan 17.968 nan nan 
1050000.0 8709.0 103469.0 nan nan 0.0985 nan nan 17.496 nan nan 
1060000.0 8766.0 104571.0 nan nan 0.0987 nan nan 19.001 nan nan 
1070000.0 8837.0 105556.0 nan nan 0.0987 nan nan 14.237 nan nan 
1080000.0 8889.0 106607.0 nan nan 0.0987 nan nan 17.684 nan nan 
1090000.0 8960.0 107556.0 nan nan 0.0987 nan nan 13.775 nan nan 
1100000.0 9015.0 108635.0 nan nan 0.0988 nan nan 17.012 nan nan 
1110000.0 9069.0 109667.0 nan nan 0.0988 nan nan 18.641 nan nan 
1120000.0 9128.0 110714.0 nan nan 0.0989 nan nan 17.696 nan nan 
1130000.0 9180.0 111819.0 nan nan 0.099 nan nan 20.209 nan nan 
1140000.0 9238.0 112865.0 nan nan 0.099 nan nan 19.178 nan nan 
1150000.0 9295.0 113942.0 nan nan 0.0991 nan nan 18.49 nan nan 
1160000.0 9352.0 114996.0 nan nan 0.0991 nan nan 18.797 nan nan 
1170000.0 9412.0 116082.0 nan nan 0.0992 nan nan 18.352 nan nan 
1180000.0 9480.0 117168.0 nan nan 0.0993 nan nan 16.718 nan nan 
1190000.0 9544.0 118270.0 nan nan 0.0994 nan nan 16.905 nan nan 
1200000.0 9612.0 119300.0 nan nan 0.0994 nan nan 15.6 nan nan 
1210000.0 9673.0 120340.0 nan nan 0.0995 nan nan 16.329 nan nan 
1220000.0 9739.0 121330.0 nan nan 0.0995 nan nan 14.525 nan nan 
1230000.0 9798.0 122406.0 nan nan 0.0995 nan nan 17.452 nan nan 
1240000.0 9852.0 123430.0 nan nan 0.0995 nan nan 17.967 nan nan 
1250000.0 9899.0 124502.0 nan nan 0.0996 nan nan 21.017 nan nan 
1260000.0 9951.0 125557.0 nan nan 0.0996 nan nan 20.155 nan nan 
1270000.0 10006.0 126590.0 nan nan 0.0997 nan nan 18.03 nan nan 
1280000.0 10066.0 127593.0 nan nan 0.0997 nan nan 17.424 nan nan 
1290000.0 10132.0 128635.0 nan nan 0.0997 nan nan 15.653 nan nan 
1300000.0 10185.0 129716.0 nan nan 0.0998 nan nan 18.642 nan nan 
1310000.0 10241.0 130829.0 nan nan 0.0999 nan nan 19.39 nan nan 
1320000.0 10300.0 131899.0 nan nan 0.0999 nan nan 18.98 nan nan 
1330000.0 10361.0 132945.0 nan nan 0.1 nan nan 17.114 nan nan 
1340000.0 10413.0 134046.0 nan nan 0.1 nan nan 19.591 nan nan 
1350000.0 10465.0 135130.0 nan nan 0.1001 nan nan 19.629 nan nan 
1360000.0 10522.0 136214.0 nan nan 0.1002 nan nan 19.067 nan nan 
1370000.0 10593.0 137221.0 nan nan 0.1002 nan nan 14.611 nan nan 
1380000.0 10653.0 138332.0 nan nan 0.1002 nan nan 17.734 nan nan 
1390000.0 10718.0 139379.0 nan nan 0.1003 nan nan 16.623 nan nan 
1400000.0 10776.0 140408.0 nan nan 0.1003 nan nan 17.202 nan nan 
1410000.0 10838.0 141391.0 nan nan 0.1003 nan nan 15.578 nan nan 
1420000.0 10898.0 142423.0 nan nan 0.1003 nan nan 17.104 nan nan 
1430000.0 10958.0 143444.0 nan nan 0.1003 nan nan 17.185 nan nan 
1440000.0 11009.0 144476.0 nan nan 0.1003 nan nan 19.678 nan nan 
1450000.0 11061.0 145539.0 nan nan 0.1004 nan nan 20.953 nan nan 
1460000.0 11128.0 146565.0 nan nan 0.1004 nan nan 16.434 nan nan 
1470000.0 11190.0 147627.0 nan nan 0.1004 nan nan 17.213 nan nan 
1480000.0 11242.0 148738.0 nan nan 0.1005 nan nan 20.807 nan nan 
1490000.0 11297.0 149820.0 nan nan 0.1006 nan nan 19.258 nan nan 
1500000.0 11352.0 150882.0 nan nan 0.1006 nan nan 19.264 nan nan 
1510000.0 11408.0 151943.0 nan nan 0.1006 nan nan 18.71 nan nan 
1520000.0 11457.0 153058.0 nan nan 0.1007 nan nan 21.612 nan nan 
1530000.0 11517.0 154079.0 nan nan 0.1007 nan nan 18.303 nan nan 
1540000.0 11569.0 155163.0 nan nan 0.1008 nan nan 19.955 nan nan 
1550000.0 11618.0 156257.0 nan nan 0.1008 nan nan 20.667 nan nan 
1560000.0 11676.0 157302.0 nan nan 0.1008 nan nan 19.101 nan nan 
1570000.0 11725.0 158361.0 nan nan 0.1009 nan nan 20.612 nan nan 
1580000.0 11791.0 159404.0 nan nan 0.1009 nan nan 17.07 nan nan 
1590000.0 11862.0 160443.0 nan nan 0.1009 nan nan 14.794 nan nan 
1600000.0 11920.0 161523.0 nan nan 0.101 nan nan 17.631 nan nan 
1610000.0 11967.0 162592.0 nan nan 0.101 nan nan 20.671 nan nan 
1620000.0 12009.0 163685.0 nan nan 0.101 nan nan 23.683 nan nan 
1630000.0 12059.0 164744.0 nan nan 0.1011 nan nan 21.568 nan nan 
1640000.0 12114.0 165793.0 nan nan 0.1011 nan nan 20.287 nan nan 
1650000.0 12173.0 166857.0 nan nan 0.1011 nan nan 18.5 nan nan 
1660000.0 12223.0 167916.0 nan nan 0.1012 nan nan 19.812 nan nan 
1670000.0 12287.0 168958.0 nan nan 0.1012 nan nan 16.343 nan nan 
1680000.0 12340.0 169997.0 nan nan 0.1012 nan nan 17.985 nan nan 
1690000.0 12400.0 171020.0 nan nan 0.1012 nan nan 18.02 nan nan 
1700000.0 12455.0 172022.0 nan nan 0.1012 nan nan 18.261 nan nan 
1710000.0 12505.0 173100.0 nan nan 0.1012 nan nan 19.813 nan nan 
1720000.0 12558.0 174162.0 nan nan 0.1013 nan nan 19.882 nan nan 
1730000.0 12617.0 175194.0 nan nan 0.1013 nan nan 18.634 nan nan 
1740000.0 12666.0 176255.0 nan nan 0.1013 nan nan 20.318 nan nan 
1750000.0 12721.0 177293.0 nan nan 0.1013 nan nan 19.09 nan nan 
1760000.0 12776.0 178329.0 nan nan 0.1013 nan nan 18.219 nan nan 
1770000.0 12834.0 179381.0 nan nan 0.1013 nan nan 18.074 nan nan 
1780000.0 12888.0 180437.0 nan nan 0.1014 nan nan 19.62 nan nan 
1790000.0 12942.0 181453.0 nan nan 0.1014 nan nan 18.339 nan nan 
1800000.0 12984.0 182461.0 nan nan 0.1014 nan nan 21.617 nan nan 
1810000.0 13033.0 183526.0 nan nan 0.1014 nan nan 21.458 nan nan 
1820000.0 13093.0 184519.0 nan nan 0.1014 nan nan 17.899 nan nan 
1830000.0 13150.0 185595.0 nan nan 0.1014 nan nan 18.747 nan nan 
1840000.0 13212.0 186627.0 nan nan 0.1014 nan nan 17.121 nan nan 
1850000.0 13267.0 187651.0 nan nan 0.1014 nan nan 17.9 nan nan 
1860000.0 13322.0 188717.0 nan nan 0.1015 nan nan 19.163 nan nan 
1870000.0 13368.0 189795.0 nan nan 0.1015 nan nan 21.364 nan nan 
1880000.0 13415.0 190840.0 nan nan 0.1015 nan nan 22.258 nan nan 
1890000.0 13476.0 191854.0 nan nan 0.1015 nan nan 18.065 nan nan 
1900000.0 13536.0 192927.0 nan nan 0.1015 nan nan 18.126 nan nan 
1910000.0 13598.0 193967.0 nan nan 0.1016 nan nan 17.575 nan nan 
1920000.0 13652.0 195040.0 nan nan 0.1016 nan nan 19.644 nan nan 
1930000.0 13712.0 196044.0 nan nan 0.1016 nan nan 17.835 nan nan 
1940000.0 13769.0 197047.0 nan nan 0.1016 nan nan 18.008 nan nan 
1950000.0 13827.0 198083.0 nan nan 0.1016 nan nan 17.291 nan nan 
1960000.0 13883.0 199123.0 nan nan 0.1016 nan nan 18.426 nan nan 
1970000.0 13935.0 200144.0 nan nan 0.1016 nan nan 18.513 nan nan 
1980000.0 13982.0 201183.0 nan nan 0.1016 nan nan 21.43 nan nan 
1990000.0 14029.0 202197.0 nan nan 0.1016 nan nan 22.188 nan nan 
2000000.0 14087.0 203209.0 nan nan 0.1016 nan nan 18.282 nan nan 
2010000.0 14134.0 204213.0 nan nan 0.1016 nan nan 21.115 nan nan 
2020000.0 14180.0 205255.0 nan nan 0.1016 nan nan 20.864 nan nan 
2030000.0 14225.0 206246.0 nan nan 0.1016 nan nan 21.442 nan nan 
2040000.0 14283.0 207231.0 nan nan 0.1016 nan nan 18.667 nan nan 
2050000.0 14343.0 208170.0 nan nan 0.1015 nan nan 16.331 nan nan 
2060000.0 14389.0 209206.0 nan nan 0.1016 nan nan 20.18 nan nan 
2070000.0 14437.0 210206.0 nan nan 0.1015 nan nan 20.295 nan nan 
2080000.0 14481.0 211220.0 nan nan 0.1015 nan nan 22.55 nan nan 
2090000.0 14534.0 212225.0 nan nan 0.1015 nan nan 19.884 nan nan 
2100000.0 14583.0 213227.0 nan nan 0.1015 nan nan 19.933 nan nan 
2110000.0 14637.0 214245.0 nan nan 0.1015 nan nan 18.844 nan nan 
2120000.0 14691.0 215265.0 nan nan 0.1015 nan nan 18.907 nan nan 
2130000.0 14740.0 216273.0 nan nan 0.1015 nan nan 20.01 nan nan 
2140000.0 14796.0 217265.0 nan nan 0.1015 nan nan 17.991 nan nan 
2150000.0 14849.0 218289.0 nan nan 0.1015 nan nan 19.41 nan nan 
2160000.0 14901.0 219414.0 nan nan 0.1016 nan nan 22.198 nan nan 
2170000.0 14954.0 220472.0 nan nan 0.1016 nan nan 20.003 nan nan 
2180000.0 15005.0 221478.0 nan nan 0.1016 nan nan 20.768 nan nan 
2190000.0 15045.0 222548.0 nan nan 0.1016 nan nan 23.505 nan nan 
2200000.0 15097.0 223543.0 nan nan 0.1016 nan nan 20.82 nan nan 
2210000.0 15146.0 224612.0 nan nan 0.1016 nan nan 21.592 nan nan 
2220000.0 15189.0 225634.0 nan nan 0.1016 nan nan 22.927 nan nan 
2230000.0 15232.0 226650.0 nan nan 0.1016 nan nan 23.22 nan nan 
2240000.0 15273.0 227690.0 nan nan 0.1016 nan nan 24.743 nan nan 
2250000.0 15322.0 228724.0 nan nan 0.1017 nan nan 23.25 nan nan 
2260000.0 15372.0 229770.0 nan nan 0.1017 nan nan 21.018 nan nan 
2270000.0 15422.0 230826.0 nan nan 0.1017 nan nan 20.673 nan nan 
2280000.0 15477.0 231890.0 nan nan 0.1017 nan nan 19.817 nan nan 
2290000.0 15529.0 232957.0 nan nan 0.1017 nan nan 19.714 nan nan 
2300000.0 15584.0 233941.0 nan nan 0.1017 nan nan 18.666 nan nan 
2310000.0 15628.0 235003.0 nan nan 0.1017 nan nan 22.148 nan nan 
2320000.0 15675.0 236064.0 nan nan 0.1018 nan nan 21.909 nan nan 
2330000.0 15720.0 237108.0 nan nan 0.1018 nan nan 22.85 nan nan 
2340000.0 15771.0 238137.0 nan nan 0.1018 nan nan 20.748 nan nan 
2350000.0 15815.0 239219.0 nan nan 0.1018 nan nan 23.45 nan nan 
2360000.0 15866.0 240204.0 nan nan 0.1018 nan nan 20.34 nan nan 
2370000.0 15914.0 241280.0 nan nan 0.1018 nan nan 21.918 nan nan 
2380000.0 15960.0 242368.0 nan nan 0.1018 nan nan 23.224 nan nan 
2390000.0 16005.0 243510.0 nan nan 0.1019 nan nan 23.996 nan nan 
2400000.0 16049.0 244664.0 nan nan 0.1019 nan nan 25.168 nan nan 
2410000.0 16099.0 245796.0 nan nan 0.102 nan nan 23.684 nan nan 
2420000.0 16153.0 246892.0 nan nan 0.102 nan nan 21.04 nan nan 
2430000.0 16212.0 247955.0 nan nan 0.102 nan nan 19.163 nan nan 
2440000.0 16258.0 249035.0 nan nan 0.1021 nan nan 21.224 nan nan 
2450000.0 16313.0 250119.0 nan nan 0.1021 nan nan 19.18 nan nan 
