10000.0 13.0 4811.3752 4119.2381 5503.5124 0.4811 0.4119 0.5504 84.5838 70.9077 98.2598 
20000.0 25.125 9431.9929 8180.5545 10683.4312 0.4716 0.409 0.5342 149.246 125.5675 172.9245 
30000.0 47.625 11246.0366 9667.6349 12824.4383 0.3749 0.3223 0.4275 128.5956 89.1701 168.0212 
40000.0 101.375 13220.594 11185.2264 15255.9616 0.3305 0.2796 0.3814 114.3839 63.5812 165.1866 
50000.0 135.625 16449.7345 13977.8495 18921.6195 0.329 0.2796 0.3784 127.6134 74.3017 180.925 
60000.0 197.125 20682.1778 17411.0224 23953.3331 0.3447 0.2902 0.3992 131.2868 73.0255 189.548 
70000.0 245.0 25402.3919 21461.9289 29342.8548 0.3629 0.3066 0.4192 147.9216 66.2077 229.6355 
80000.0 266.5 30414.7345 25690.4618 35139.0072 0.3802 0.3211 0.4392 197.1546 116.7926 277.5167 
90000.0 284.125 35536.3878 30383.8123 40688.9632 0.3948 0.3376 0.4521 234.6758 153.5439 315.8076 
100000.0 298.0 40818.6929 35021.8574 46615.5283 0.4082 0.3502 0.4662 270.3484 198.5785 342.1183 
110000.0 309.625 45777.9472 39601.4617 51954.4328 0.4162 0.36 0.4723 303.4135 234.4765 372.3505 
120000.0 322.375 50885.7458 44235.4129 57536.0786 0.424 0.3686 0.4795 329.3405 258.1841 400.4969 
130000.0 334.25 55754.4064 48639.2196 62869.5931 0.4289 0.3741 0.4836 349.0594 274.3207 423.798 
140000.0 347.25 60611.009 53045.0783 68176.9397 0.4329 0.3789 0.487 355.9068 284.06 427.7535 
150000.0 358.625 65376.7634 57386.6023 73366.9244 0.4358 0.3826 0.4891 370.4805 303.7618 437.1992 
160000.0 369.625 70612.9262 62111.1114 79114.7411 0.4413 0.3882 0.4945 391.6374 329.0677 454.207 
170000.0 380.375 75853.5782 66866.9734 84840.1831 0.4462 0.3933 0.4991 411.3539 350.975 471.7327 
180000.0 391.125 81243.3562 71911.933 90574.7795 0.4514 0.3995 0.5032 428.7381 370.2928 487.1834 
190000.0 401.75 86704.1625 77249.1235 96159.2015 0.4563 0.4066 0.5061 444.705 393.4991 495.9109 
200000.0 412.5 91844.2979 82341.5747 101347.021 0.4592 0.4117 0.5067 451.104 409.265 492.943 
210000.0 423.375 96805.8714 87266.52 106345.2227 0.461 0.4156 0.5064 455.114 411.9737 498.2543 
220000.0 433.375 101900.3821 92381.7462 111419.018 0.4632 0.4199 0.5065 462.2138 423.099 501.3285 
230000.0 443.75 107112.5185 97489.6546 116735.3824 0.4657 0.4239 0.5075 470.3426 437.7523 502.9329 
240000.0 454.25 112563.3594 102538.0273 122588.6914 0.469 0.4272 0.5108 479.1729 443.4225 514.9233 
250000.0 466.625 117875.2816 107821.9716 127928.5916 0.4715 0.4313 0.5117 472.5391 415.445 529.6332 
260000.0 477.375 123231.1226 112620.695 133841.5503 0.474 0.4332 0.5148 478.9708 415.0723 542.8692 
270000.0 487.75 128376.8734 117594.1685 139159.5782 0.4755 0.4355 0.5154 482.928 420.0288 545.8272 
280000.0 498.625 133745.3887 122561.7243 144929.0532 0.4777 0.4377 0.5176 486.6682 428.2301 545.1064 
290000.0 509.375 139266.6257 127618.5186 150914.7329 0.4802 0.4401 0.5204 490.8507 433.561 548.1405 
300000.0 519.75 144684.4056 132421.4942 156947.3171 0.4823 0.4414 0.5232 496.6068 439.383 553.8305 
310000.0 530.625 150173.1496 137595.9992 162750.3 0.4844 0.4439 0.525 496.9286 434.3812 559.476 
320000.0 541.375 155503.33 142698.5647 168308.0953 0.4859 0.4459 0.526 498.4283 433.3546 563.5019 
330000.0 552.0 160803.0446 147742.3824 173863.7068 0.4873 0.4477 0.5269 499.2384 437.0552 561.4215 
340000.0 562.125 166479.3594 153267.1194 179691.5994 0.4896 0.4508 0.5285 509.9374 452.2024 567.6723 
350000.0 572.625 171948.1644 158403.9956 185492.3331 0.4913 0.4526 0.53 511.1723 448.826 573.5185 
360000.0 583.25 177513.2825 163638.9621 191387.6029 0.4931 0.4546 0.5316 514.9978 453.8489 576.1466 
370000.0 594.125 183211.2821 168710.5473 197712.0169 0.4952 0.456 0.5344 518.1902 445.5697 590.8108 
380000.0 604.375 188867.1861 173521.2456 204213.1266 0.497 0.4566 0.5374 525.1251 452.2493 598.001 
390000.0 615.25 194738.2444 178993.151 210483.3378 0.4993 0.459 0.5397 529.7202 453.3655 606.075 
400000.0 625.5 200603.4779 184539.1571 216667.7986 0.5015 0.4613 0.5417 539.3361 465.2958 613.3765 
410000.0 636.5 206330.1601 189907.311 222753.0093 0.5032 0.4632 0.5433 535.8621 467.8941 603.8302 
420000.0 646.625 212196.09 195326.1532 229066.0268 0.5052 0.4651 0.5454 544.1806 477.6596 610.7016 
430000.0 656.75 218322.2908 200739.3356 235905.2459 0.5077 0.4668 0.5486 553.7004 484.06 623.3407 
440000.0 667.0 224519.8152 206631.7486 242407.8819 0.5103 0.4696 0.5509 564.3337 499.3271 629.3404 
450000.0 677.375 230758.6685 211977.1616 249540.1754 0.5128 0.4711 0.5545 571.4541 500.9734 641.9349 
460000.0 687.75 236995.4911 217487.0589 256503.9234 0.5152 0.4728 0.5576 576.1955 501.8159 650.5751 
470000.0 698.125 243251.8755 223551.6679 262952.0831 0.5176 0.4756 0.5595 581.8691 512.0077 651.7305 
480000.0 708.25 249487.8806 229566.926 269408.8353 0.5198 0.4783 0.5613 589.4694 524.7173 654.2215 
490000.0 718.375 255719.624 235485.5573 275953.6907 0.5219 0.4806 0.5632 593.0262 528.9278 657.1247 
500000.0 728.5 261886.4589 241054.5377 282718.38 0.5238 0.4821 0.5654 596.5264 532.2628 660.79 
510000.0 738.75 268477.1434 246995.0301 289959.2567 0.5264 0.4843 0.5685 604.9468 536.4006 673.4929 
520000.0 749.5 274744.5336 252421.5231 297067.5442 0.5284 0.4854 0.5713 603.1126 526.8597 679.3655 
530000.0 759.625 281300.6965 258116.9058 304484.4872 0.5308 0.487 0.5745 608.2485 527.9834 688.5136 
540000.0 770.125 287975.143 263887.7557 312062.5303 0.5333 0.4887 0.5779 616.3893 526.5621 706.2164 
550000.0 780.375 294847.3591 270268.9243 319425.794 0.5361 0.4914 0.5808 628.0902 542.2701 713.9104 
560000.0 790.375 301891.0886 276651.7621 327130.4152 0.5391 0.494 0.5842 640.3524 557.8337 722.871 
570000.0 800.375 308905.7078 283289.8929 334521.5226 0.5419 0.497 0.5869 651.7888 573.529 730.0485 
580000.0 810.375 316081.7255 289918.0069 342245.4441 0.545 0.4999 0.5901 662.9482 585.4861 740.4104 
590000.0 820.625 323264.1314 296502.3194 350025.9434 0.5479 0.5025 0.5933 668.7544 587.1408 750.368 
600000.0 830.625 330644.9469 303179.1672 358110.7265 0.5511 0.5053 0.5969 681.5132 597.6111 765.4154 
610000.0 840.875 338169.7563 309983.4811 366356.0314 0.5544 0.5082 0.6006 693.7012 606.4331 780.9694 
620000.0 851.0 345461.7176 316188.8906 374734.5447 0.5572 0.51 0.6044 698.1145 605.8332 790.3958 
630000.0 861.375 353036.6055 322495.1237 383578.0873 0.5604 0.5119 0.6089 705.2461 599.2071 811.2852 
640000.0 871.625 360239.3539 328912.0045 391566.7033 0.5629 0.5139 0.6118 704.7391 598.7884 810.6899 
650000.0 882.0 367604.3814 335132.2498 400076.5129 0.5655 0.5156 0.6155 706.1854 590.2273 822.1434 
660000.0 892.75 374712.1876 341127.778 408296.5972 0.5677 0.5169 0.6186 700.2435 578.7732 821.7138 
670000.0 903.125 382131.79 347292.4668 416971.1132 0.5703 0.5183 0.6223 704.0539 577.6769 830.4309 
680000.0 913.375 389877.4349 353590.5383 426164.3315 0.5733 0.52 0.6267 713.8151 579.0076 848.6227 
690000.0 923.5 397642.2427 360088.0636 435196.4219 0.5763 0.5219 0.6307 723.644 586.2067 861.0813 
700000.0 933.75 405767.7158 367029.2109 444506.2206 0.5797 0.5243 0.635 737.5655 597.083 878.048 
710000.0 943.75 413835.6064 373936.2524 453734.9604 0.5829 0.5267 0.6391 750.7186 606.7671 894.6701 
720000.0 953.875 422063.1636 380725.8875 463400.4397 0.5862 0.5288 0.6436 760.9209 612.1365 909.7052 
730000.0 964.5 429774.5566 386884.6506 472664.4627 0.5887 0.53 0.6475 757.3114 600.3003 914.3225 
740000.0 974.625 438006.947 393854.5214 482159.3726 0.5919 0.5322 0.6516 770.038 613.3006 926.7754 
750000.0 984.625 446367.4744 400888.5804 491846.3684 0.5952 0.5345 0.6558 780.9112 627.5086 934.3139 
760000.0 994.625 454628.6665 407805.1151 501452.2179 0.5982 0.5366 0.6598 789.374 629.9447 948.8033 
770000.0 1004.625 463255.1991 414876.5418 511633.8564 0.6016 0.5388 0.6645 802.8195 635.7444 969.8946 
780000.0 1014.625 471209.3451 421857.2286 520561.4616 0.6041 0.5408 0.6674 800.1204 642.8856 957.3552 
790000.0 1024.625 479675.8315 429553.5346 529798.1284 0.6072 0.5437 0.6706 807.682 658.5228 956.8412 
800000.0 1034.625 489017.6621 437924.4778 540110.8464 0.6113 0.5474 0.6751 831.1956 681.4108 980.9805 
810000.0 1044.875 498783.1789 445658.2016 551908.1561 0.6158 0.5502 0.6814 856.0408 690.8106 1021.2709 
820000.0 1054.875 508416.2878 453563.8964 563268.6791 0.62 0.5531 0.6869 875.9755 704.1323 1047.8187 
830000.0 1064.875 517169.2796 461419.3114 572919.2478 0.6231 0.5559 0.6903 876.2094 713.1562 1039.2625 
840000.0 1075.0 526579.623 469366.0623 583793.1837 0.6269 0.5588 0.695 884.643 722.0781 1047.2079 
850000.0 1085.0 535483.1266 476941.8231 594024.4302 0.63 0.5611 0.6989 884.8894 721.3997 1048.3791 
860000.0 1095.25 544549.0658 484800.012 604298.1195 0.6332 0.5637 0.7027 888.0545 725.4015 1050.7075 
870000.0 1105.375 554695.3377 494098.4815 615292.194 0.6376 0.5679 0.7072 909.1396 752.4494 1065.8298 
880000.0 1115.375 565402.1037 502940.0743 627864.1332 0.6425 0.5715 0.7135 938.4881 770.2069 1106.7694 
890000.0 1125.375 575598.8839 511193.6045 640004.1632 0.6467 0.5744 0.7191 952.5572 775.3385 1129.776 
900000.0 1135.375 585182.2056 519400.7365 650963.6747 0.6502 0.5771 0.7233 954.7899 781.953 1127.6268 
910000.0 1145.375 595608.6955 528868.0697 662349.3213 0.6545 0.5812 0.7279 970.9729 801.0673 1140.8784 
920000.0 1155.375 606675.0203 539191.5598 674158.4807 0.6594 0.5861 0.7328 993.0519 817.8957 1168.208 
930000.0 1165.375 616869.2266 547993.3458 685745.1075 0.6633 0.5892 0.7374 998.447 819.4852 1177.4088 
940000.0 1175.375 627896.0952 557528.286 698263.9045 0.668 0.5931 0.7428 1017.9082 831.7933 1204.0232 
950000.0 1185.375 638854.6424 566927.5272 710781.7576 0.6725 0.5968 0.7482 1032.2359 835.6827 1228.7891 
960000.0 1195.375 650465.7252 577206.3217 723725.1288 0.6776 0.6013 0.7539 1054.592 854.2745 1254.9095 
970000.0 1205.625 662852.3608 588142.5548 737562.1667 0.6834 0.6063 0.7604 1085.3888 882.6972 1288.0803 
980000.0 1215.625 674879.7755 598707.2258 751052.3252 0.6887 0.6109 0.7664 1106.4339 901.8692 1310.9986 
990000.0 1225.625 686510.9861 609055.313 763966.6592 0.6934 0.6152 0.7717 1115.969 906.9591 1324.9789 
1000000.0 1235.625 697998.1564 619747.7994 776248.5133 0.698 0.6197 0.7762 1123.0156 919.5634 1326.4679 
1010000.0 1245.625 709445.4477 630224.9236 788665.9719 0.7024 0.624 0.7809 1127.1078 929.2386 1324.9769 
1020000.0 1255.625 721578.3329 641556.2952 801600.3705 0.7074 0.629 0.7859 1142.9685 952.7743 1333.1627 
1030000.0 1265.625 733671.8848 652452.8033 814890.9662 0.7123 0.6334 0.7912 1156.1659 970.6633 1341.6685 
1040000.0 1275.625 746534.8946 664292.2539 828777.5354 0.7178 0.6387 0.7969 1179.7994 987.8034 1371.7954 
1050000.0 1285.625 759111.8298 675995.3183 842228.3412 0.723 0.6438 0.8021 1195.6656 995.2819 1396.0493 
1060000.0 1295.625 772104.5091 687899.3533 856309.665 0.7284 0.649 0.8078 1210.856 1008.6905 1413.0215 
1070000.0 1305.625 784757.7703 698529.549 870985.9915 0.7334 0.6528 0.814 1222.9259 1008.9778 1436.874 
1080000.0 1315.625 797933.9014 709932.3343 885935.4685 0.7388 0.6573 0.8203 1233.1048 1016.7533 1449.4562 
1090000.0 1325.625 810616.49 721284.5523 899948.4277 0.7437 0.6617 0.8256 1241.3678 1037.2121 1445.5234 
1100000.0 1335.625 824193.704 732746.3015 915641.1065 0.7493 0.6661 0.8324 1264.4505 1047.5674 1481.3336 
1110000.0 1345.625 837595.5056 744151.0665 931039.9448 0.7546 0.6704 0.8388 1277.7181 1052.839 1502.5973 
1120000.0 1355.625 852039.0265 756711.8242 947366.2288 0.7607 0.6756 0.8459 1304.6349 1081.8193 1527.4504 
1130000.0 1365.75 866882.9529 770134.3663 963631.5394 0.7672 0.6815 0.8528 1335.9159 1131.4914 1540.3404 
1140000.0 1375.75 881230.2995 783407.4781 979053.1209 0.773 0.6872 0.8588 1353.3718 1160.6216 1546.1219 
1150000.0 1385.75 895498.7729 796440.8358 994556.71 0.7787 0.6926 0.8648 1364.8479 1180.7281 1548.9677 
1160000.0 1396.0 909491.6959 809343.312 1009640.0798 0.784 0.6977 0.8704 1368.7609 1192.4644 1545.0573 
1170000.0 1406.0 924120.0122 822240.2582 1025999.7663 0.7898 0.7028 0.8769 1382.8952 1198.7455 1567.045 
1180000.0 1416.0 938709.3624 834803.0444 1042615.6804 0.7955 0.7075 0.8836 1398.1974 1208.7334 1587.6614 
1190000.0 1426.0 954597.3889 849155.2484 1060039.5294 0.8022 0.7136 0.8908 1431.599 1238.1055 1625.0925 
1200000.0 1436.375 970293.3775 862789.3063 1077797.4487 0.8086 0.719 0.8982 1453.3541 1248.5287 1658.1795 
1210000.0 1446.375 985805.6675 877137.2342 1094474.1008 0.8147 0.7249 0.9045 1471.3625 1270.1659 1672.5591 
1220000.0 1456.375 1001486.1568 891964.7539 1111007.5596 0.8209 0.7311 0.9107 1489.806 1304.8265 1674.7855 
1230000.0 1466.375 1017158.1398 906838.009 1127478.2705 0.827 0.7373 0.9166 1503.7744 1330.2642 1677.2845 
1240000.0 1476.375 1032966.0315 921343.1986 1144588.8644 0.833 0.743 0.9231 1516.8328 1337.6147 1696.0508 
1250000.0 1486.375 1048995.0074 935660.4054 1162329.6093 0.8392 0.7485 0.9299 1534.1942 1345.2618 1723.1267 
1260000.0 1496.375 1065390.0107 951248.6162 1179531.4053 0.8455 0.755 0.9361 1552.1201 1377.841 1726.3993 
1270000.0 1506.375 1080224.5821 964979.8276 1195469.3366 0.8506 0.7598 0.9413 1539.9318 1351.8479 1728.0156 
1280000.0 1516.375 1095129.269 978429.4268 1211829.1112 0.8556 0.7644 0.9467 1531.1628 1337.7451 1724.5804 
1290000.0 1526.375 1110654.7324 992443.732 1228865.7327 0.861 0.7693 0.9526 1537.7194 1345.226 1730.2127 
1300000.0 1536.375 1126456.3816 1007154.2731 1245758.4902 0.8665 0.7747 0.9583 1542.1622 1344.3891 1739.9354 
1310000.0 1546.375 1142607.1233 1021586.9682 1263627.2783 0.8722 0.7798 0.9646 1556.9521 1352.8729 1761.0314 
1320000.0 1556.375 1159112.3759 1036871.068 1281353.6838 0.8781 0.7855 0.9707 1573.2002 1366.1804 1780.2201 
1330000.0 1566.375 1175907.6304 1052166.068 1299649.1928 0.8841 0.7911 0.9772 1594.7204 1388.7657 1800.675 
1340000.0 1576.375 1193132.6895 1067506.4852 1318758.8938 0.8904 0.7966 0.9841 1615.315 1413.6238 1817.0062 
1350000.0 1586.375 1210310.2803 1083350.2752 1337270.2853 0.8965 0.8025 0.9906 1635.1548 1440.1184 1830.1911 
1360000.0 1596.375 1227310.5382 1099212.4547 1355408.6218 0.9024 0.8082 0.9966 1647.159 1455.2066 1839.1114 
1370000.0 1606.375 1244348.5674 1115610.2685 1373086.8663 0.9083 0.8143 1.0023 1658.2721 1465.7671 1850.7772 
1380000.0 1616.375 1261642.1058 1131981.539 1391302.6725 0.9142 0.8203 1.0082 1671.2964 1477.2227 1865.37 
1390000.0 1626.5 1278795.185 1147305.783 1410284.587 0.92 0.8254 1.0146 1676.9179 1466.0674 1887.7684 
1400000.0 1636.5 1295813.8097 1162848.4478 1428779.1717 0.9256 0.8306 1.0206 1680.5275 1469.9676 1891.0874 
1410000.0 1646.625 1313239.8724 1179060.6441 1447419.1006 0.9314 0.8362 1.0265 1687.1915 1475.8303 1898.5527 
1420000.0 1656.75 1329508.7639 1195175.2415 1463842.2862 0.9363 0.8417 1.0309 1674.7396 1472.9384 1876.5408 
1430000.0 1666.75 1346903.0706 1211543.7023 1482262.439 0.9419 0.8472 1.0365 1686.1194 1486.8698 1885.3689 
1440000.0 1676.75 1364599.5378 1227591.5126 1501607.5629 0.9476 0.8525 1.0428 1699.6055 1489.4872 1909.7238 
1450000.0 1686.75 1380671.1205 1241246.2602 1520095.9808 0.9522 0.856 1.0483 1683.1509 1447.2268 1919.075 
1460000.0 1696.75 1397028.4861 1254863.1849 1539193.7874 0.9569 0.8595 1.0542 1672.7856 1426.8242 1918.7471 
1470000.0 1706.75 1414524.6234 1270874.7265 1558174.5203 0.9623 0.8645 1.06 1685.7518 1444.5628 1926.9407 
1480000.0 1716.875 1431359.3586 1285661.3443 1577057.373 0.9671 0.8687 1.0656 1684.1786 1437.2789 1931.0783 
1490000.0 1727.0 1448293.4634 1300590.1869 1595996.7398 0.972 0.8729 1.0711 1681.4105 1435.4702 1927.3508 
1500000.0 1737.0 1465381.4724 1314931.998 1615830.9467 0.9769 0.8766 1.0772 1687.5601 1424.1684 1950.9519 
1510000.0 1747.0 1482996.7822 1330934.0954 1635059.4691 0.9821 0.8814 1.0828 1697.6635 1432.6798 1962.6472 
1520000.0 1757.0 1499472.7808 1345798.4094 1653147.1521 0.9865 0.8854 1.0876 1691.188 1428.2106 1954.1654 
1530000.0 1767.0 1516719.5114 1362056.7198 1671382.3029 0.9913 0.8902 1.0924 1698.1941 1453.6172 1942.771 
1540000.0 1777.0 1534348.4305 1377929.9012 1690766.9598 0.9963 0.8948 1.0979 1711.5715 1460.7272 1962.4158 
1550000.0 1787.0 1551491.6737 1392463.3999 1710519.9476 1.001 0.8984 1.1036 1710.8945 1449.9716 1971.8174 
1560000.0 1797.0 1569610.5957 1409003.0253 1730218.1662 1.0062 0.9032 1.1091 1725.3344 1472.0564 1978.6123 
1570000.0 1807.0 1588648.7234 1426467.4059 1750830.0409 1.0119 0.9086 1.1152 1755.9228 1518.4401 1993.4054 
1580000.0 1817.125 1606991.3719 1443179.774 1770802.9698 1.0171 0.9134 1.1208 1769.7959 1549.1667 1990.425 
1590000.0 1827.25 1623926.6841 1458157.5471 1789695.8212 1.0213 0.9171 1.1256 1756.7235 1541.0748 1972.3722 
1600000.0 1837.25 1641578.8692 1474636.4369 1808521.3016 1.026 0.9216 1.1303 1760.4385 1558.2714 1962.6056 
1610000.0 1847.25 1659077.2209 1492031.0272 1826123.4145 1.0305 0.9267 1.1342 1754.9479 1569.0264 1940.8693 
1620000.0 1857.25 1677419.6034 1509958.235 1844880.9718 1.0354 0.9321 1.1388 1769.8242 1602.6177 1937.0308 
1630000.0 1867.25 1695848.5361 1525847.8054 1865849.2668 1.0404 0.9361 1.1447 1781.0541 1602.7661 1959.3421 
1640000.0 1877.375 1713789.3644 1541867.2936 1885711.4351 1.045 0.9402 1.1498 1777.5966 1587.96 1967.2332 
1650000.0 1887.375 1732351.0589 1558535.6306 1906166.4872 1.0499 0.9446 1.1553 1792.2979 1597.9669 1986.6288 
1660000.0 1897.375 1750954.548 1575814.3791 1926094.7169 1.0548 0.9493 1.1603 1799.8318 1615.5127 1984.1508 
1670000.0 1907.375 1768560.7826 1591329.2972 1945792.2681 1.059 0.9529 1.1651 1793.6645 1602.0704 1985.2586 
1680000.0 1917.5 1786970.8349 1607801.2846 1966140.3852 1.0637 0.957 1.1703 1798.7154 1613.9801 1983.4506 
1690000.0 1927.75 1804282.0422 1623838.2214 1984725.8631 1.0676 0.9609 1.1744 1778.9588 1594.2638 1963.6537 
1700000.0 1937.75 1821624.2632 1640471.9126 2002776.6139 1.0715 0.965 1.1781 1770.863 1593.6555 1948.0705 
1710000.0 1947.75 1840490.4924 1658317.7348 2022663.25 1.0763 0.9698 1.1828 1786.4984 1617.7139 1955.2829 
1720000.0 1957.75 1859666.6875 1676494.0495 2042839.3255 1.0812 0.9747 1.1877 1810.4811 1649.713 1971.2493 
1730000.0 1967.75 1878599.8994 1694644.8309 2062554.9678 1.0859 0.9796 1.1922 1824.508 1669.4163 1979.5997 
1740000.0 1977.75 1897303.5709 1713139.0674 2081468.0743 1.0904 0.9846 1.1962 1836.3884 1701.3225 1971.4543 
1750000.0 1987.75 1915725.5464 1731258.3506 2100192.7421 1.0947 0.9893 1.2001 1835.4859 1705.2444 1965.7273 
1760000.0 1998.0 1934664.0202 1749754.4961 2119573.5444 1.0992 0.9942 1.2043 1836.6821 1726.5546 1946.8096 
1770000.0 2008.0 1954168.9576 1768457.5859 2139880.3293 1.1041 0.9991 1.209 1857.4292 1748.8656 1965.9929 
1780000.0 2018.0 1973370.6039 1787359.3203 2159381.8875 1.1086 1.0041 1.2131 1868.2202 1756.6732 1979.7673 
1790000.0 2028.0 1992359.9184 1806265.9518 2178453.8849 1.1131 1.0091 1.217 1875.214 1762.5322 1987.8958 
1800000.0 2038.125 2011008.0826 1823785.7574 2198230.4078 1.1172 1.0132 1.2212 1872.7559 1762.155 1983.3568 
1810000.0 2048.125 2029357.2076 1841381.325 2217333.0903 1.1212 1.0173 1.225 1865.6315 1756.6403 1974.6227 
1820000.0 2058.125 2046671.3365 1858513.321 2234829.352 1.1245 1.0212 1.2279 1841.4158 1726.9662 1955.8653 
1830000.0 2068.25 2064445.2666 1875861.2174 2253029.3158 1.1281 1.0251 1.2312 1826.2542 1700.9843 1951.5242 
1840000.0 2078.25 2083806.2251 1895208.1175 2272404.3327 1.1325 1.03 1.235 1841.9701 1727.994 1955.9463 
1850000.0 2088.25 2103499.4742 1914539.5738 2292459.3747 1.137 1.0349 1.2392 1864.3405 1749.8913 1978.7897 
1860000.0 2098.25 2122564.2389 1933933.8457 2311194.632 1.1412 1.0397 1.2426 1875.831 1762.3871 1989.2749 
1870000.0 2108.25 2141434.103 1952002.8196 2330865.3864 1.1452 1.0439 1.2465 1874.6284 1751.0601 1998.1966 
1880000.0 2118.25 2160314.9381 1970977.2408 2349652.6355 1.1491 1.0484 1.2498 1877.6064 1754.7888 2000.4239 
1890000.0 2128.25 2179272.4019 1989775.3627 2368769.4411 1.1531 1.0528 1.2533 1878.8318 1757.5152 2000.1483 
1900000.0 2138.25 2197871.4555 2008633.2935 2387109.6175 1.1568 1.0572 1.2564 1874.9822 1761.8331 1988.1314 
1910000.0 2148.375 2215238.9693 2026464.1184 2404013.8201 1.1598 1.061 1.2586 1846.7191 1731.1716 1962.2666 
1920000.0 2158.375 2232799.757 2043627.9647 2421971.5493 1.1629 1.0644 1.2614 1831.1415 1728.0148 1934.2682 
1930000.0 2168.625 2251289.2814 2061702.211 2440876.3518 1.1665 1.0682 1.2647 1831.202 1724.4628 1937.9412 
1940000.0 2178.75 2269435.2468 2080032.7376 2458837.7559 1.1698 1.0722 1.2674 1820.7902 1719.0942 1922.4863 
1950000.0 2188.875 2287603.097 2098860.7092 2476345.4848 1.1731 1.0763 1.2699 1816.9466 1702.4822 1931.411 
1960000.0 2199.125 2304372.1784 2115960.0292 2492784.3275 1.1757 1.0796 1.2718 1785.2485 1671.6897 1898.8073 
1970000.0 2209.125 2322194.6398 2133779.5035 2510609.776 1.1788 1.0831 1.2744 1784.6872 1678.9718 1890.4027 
1980000.0 2219.125 2340540.437 2151693.0855 2529387.7885 1.1821 1.0867 1.2775 1794.8858 1694.4351 1895.3364 
1990000.0 2229.125 2358378.7317 2169964.5928 2546792.8707 1.1851 1.0904 1.2798 1791.4376 1704.9472 1877.928 
2000000.0 2239.125 2376215.3858 2188063.2714 2564367.5001 1.1881 1.094 1.2822 1792.0098 1704.0093 1880.0102 
2010000.0 2249.25 2395500.6299 2206821.2506 2584180.0091 1.1918 1.0979 1.2857 1810.245 1711.628 1908.862 
2020000.0 2259.25 2416412.1141 2227597.5842 2605226.644 1.1962 1.1028 1.2897 1862.2568 1773.2548 1951.2587 
2030000.0 2269.25 2437755.367 2248859.7204 2626651.0136 1.2009 1.1078 1.2939 1911.4938 1840.3462 1982.6413 
2040000.0 2279.375 2458653.8055 2269369.4959 2647938.1151 1.2052 1.1124 1.298 1939.6895 1866.811 2012.568 
2050000.0 2289.375 2478517.3779 2288399.7193 2668635.0364 1.209 1.1163 1.3018 1942.065 1876.6905 2007.4395 
2060000.0 2299.375 2498922.7124 2307518.2759 2690327.1488 1.2131 1.1202 1.306 1961.2881 1888.9304 2033.6458 
2070000.0 2309.375 2519313.0814 2326890.9941 2711735.1686 1.2171 1.1241 1.31 1973.3118 1886.176 2060.4475 
2080000.0 2319.75 2538936.0374 2345742.577 2732129.4978 1.2206 1.1278 1.3135 1964.9981 1874.7905 2055.2057 
2090000.0 2329.875 2558696.3619 2365360.9026 2752031.8211 1.2243 1.1318 1.3168 1962.9921 1860.4985 2065.4858 
2100000.0 2340.0 2578522.5924 2385707.2748 2771337.91 1.2279 1.1361 1.3197 1961.9019 1865.3457 2058.458 
2110000.0 2350.0 2598430.0312 2405906.0926 2790953.9699 1.2315 1.1402 1.3227 1967.8351 1893.4571 2042.2132 
2120000.0 2360.125 2618829.2698 2426466.4047 2811192.1348 1.2353 1.1446 1.326 1977.0025 1894.6987 2059.3063 
2130000.0 2370.125 2638512.074 2446265.6515 2830758.4965 1.2387 1.1485 1.329 1977.1978 1892.4277 2061.9678 
2140000.0 2380.125 2657632.723 2466477.0917 2848788.3543 1.2419 1.1526 1.3312 1964.3171 1860.4684 2068.1658 
2150000.0 2390.125 2675347.0006 2484889.2285 2865804.7728 1.2443 1.1558 1.3329 1929.506 1813.465 2045.547 
2160000.0 2400.125 2693478.0778 2503709.5712 2883246.5843 1.247 1.1591 1.3348 1907.7322 1771.6367 2043.8278 
2170000.0 2410.25 2713424.2392 2523308.5476 2903539.9309 1.2504 1.1628 1.338 1918.6922 1797.2061 2040.1784 
2180000.0 2420.25 2733612.4016 2543323.4835 2923901.3197 1.254 1.1667 1.3412 1935.0966 1820.182 2050.0113 
2190000.0 2430.25 2752780.6093 2563062.7335 2942498.485 1.257 1.1703 1.3436 1931.8484 1835.2314 2028.4654 
2200000.0 2440.25 2771897.1802 2582211.1577 2961583.2028 1.26 1.1737 1.3462 1929.3721 1844.9439 2013.8004 
2210000.0 2450.25 2792122.508 2602017.485 2982227.531 1.2634 1.1774 1.3494 1946.4074 1869.3307 2023.484 
2220000.0 2460.25 2811955.4638 2622416.9217 3001494.0058 1.2666 1.1813 1.352 1953.3375 1873.8098 2032.8652 
2230000.0 2470.25 2832160.3406 2642719.4341 3021601.2472 1.27 1.1851 1.355 1965.4132 1877.0595 2053.767 
2240000.0 2480.25 2852271.9539 2663190.3405 3041353.5672 1.2733 1.1889 1.3577 1976.6499 1891.0253 2062.2744 
2250000.0 2490.5 2872556.064 2683673.2312 3061438.8968 1.2767 1.1927 1.3606 1978.5138 1901.206 2055.8215 
2260000.0 2500.5 2891586.3732 2703240.1185 3079932.628 1.2795 1.1961 1.3628 1965.1062 1881.4918 2048.7207 
2270000.0 2510.5 2911210.2734 2723380.8762 3099039.6706 1.2825 1.1997 1.3652 1962.0666 1877.8653 2046.268 
2280000.0 2520.5 2930173.0742 2741965.3431 3118380.8054 1.2852 1.2026 1.3677 1948.1199 1866.0422 2030.1976 
2290000.0 2530.5 2950060.9374 2762209.691 3137912.1838 1.2882 1.2062 1.3703 1957.6234 1863.1385 2052.1082 
2300000.0 2540.5 2968435.0064 2781333.3911 3155536.6217 1.2906 1.2093 1.372 1933.734 1799.3773 2068.0907 
2310000.0 2550.5 2989226.7514 2802578.9064 3175874.5964 1.294 1.2132 1.3748 1961.0508 1822.8685 2099.233 
2320000.0 2560.5 3009120.376 2822784.8427 3195455.9093 1.297 1.2167 1.3774 1964.9825 1804.9004 2125.0646 
2330000.0 2570.5 3027986.1639 2841834.0908 3214138.237 1.2996 1.2197 1.3795 1951.7842 1790.0925 2113.476 
2340000.0 2580.5 3047504.9505 2860799.0085 3234210.8925 1.3024 1.2226 1.3821 1952.2768 1791.8583 2112.6952 
2350000.0 2590.5 3067843.1765 2881218.7846 3254467.5684 1.3055 1.2261 1.3849 1965.1355 1808.5792 2121.6918 
2360000.0 2600.5 3087259.5107 2901311.6575 3273207.364 1.3082 1.2294 1.387 1959.9094 1821.7271 2098.0916 
2370000.0 2610.5 3108078.3161 2922831.514 3293325.1183 1.3114 1.2333 1.3896 1979.0516 1846.0816 2112.0216 
2380000.0 2620.5 3128249.3242 2943195.4016 3313303.2469 1.3144 1.2366 1.3921 1986.0579 1875.9135 2096.2022 
2390000.0 2630.625 3148774.5983 2963664.0615 3333885.135 1.3175 1.24 1.3949 2000.0262 1896.1236 2103.9289 
2400000.0 2640.625 3169900.3958 2985033.6347 3354767.1568 1.3208 1.2438 1.3978 2018.1362 1928.0504 2108.2221 
2410000.0 2650.625 3190964.4415 3006554.0307 3375374.8523 1.3241 1.2475 1.4006 2035.2114 1947.6288 2122.794 
2420000.0 2660.625 3212002.5215 3027513.5103 3396491.5327 1.3273 1.251 1.4035 2047.8851 1956.2974 2139.4728 
2430000.0 2670.625 3231886.8798 3046428.101 3417345.6585 1.33 1.2537 1.4063 2035.4695 1966.9047 2104.0343 
2440000.0 2680.625 3251558.9791 3065910.2649 3437207.6933 1.3326 1.2565 1.4087 2023.567 1954.9752 2092.1588 
2450000.0 2690.625 3272302.8158 3086737.4588 3457868.1727 1.3356 1.2599 1.4114 2033.6184 1971.9454 2095.2914 
2460000.0 2700.75 3292287.2221 3107439.7399 3477134.7043 1.3383 1.2632 1.4135 2026.5113 1950.9276 2102.0949 
2470000.0 2710.75 3310483.0422 3126442.4238 3494523.6607 1.3403 1.2658 1.4148 1986.6954 1868.0512 2105.3396 
2480000.0 2720.875 3330855.373 3146300.6242 3515410.1218 1.3431 1.2687 1.4175 1993.7894 1870.5324 2117.0463 
2490000.0 2730.875 3352398.478 3167061.5148 3537735.4412 1.3463 1.2719 1.4208 2023.5482 1924.2516 2122.8449 
2500000.0 2740.875 3373925.6201 3188398.3376 3559452.9027 1.3496 1.2754 1.4238 2045.8152 1972.3102 2119.3203 
2510000.0 2750.875 3395225.9191 3209540.7868 3580911.0515 1.3527 1.2787 1.4267 2062.5224 1999.1394 2125.9053 
2520000.0 2760.875 3416331.3064 3230498.3974 3602164.2153 1.3557 1.2819 1.4294 2071.6719 2010.3003 2133.0434 
2530000.0 2770.875 3437588.8055 3252063.5904 3623114.0206 1.3587 1.2854 1.4321 2080.3274 2015.6001 2145.0546 
2540000.0 2780.875 3457621.6364 3271903.4146 3643339.8581 1.3613 1.2882 1.4344 2070.1136 2009.8639 2130.3634 
2550000.0 2790.875 3477390.962 3291414.1759 3663367.7481 1.3637 1.2908 1.4366 2050.2855 1989.1327 2111.4383 
2560000.0 2800.875 3497914.8426 3310650.6358 3685179.0494 1.3664 1.2932 1.4395 2049.1944 1979.2004 2119.1883 
2570000.0 2810.875 3518313.607 3331386.8891 3705240.3249 1.369 1.2963 1.4417 2045.6375 1988.5828 2102.6922 
2580000.0 2820.875 3539336.4984 3351600.3252 3727072.6716 1.3718 1.2991 1.4446 2059.6771 2004.4529 2114.9013 
2590000.0 2830.875 3559103.7119 3371165.5 3747041.9238 1.3742 1.3016 1.4467 2042.4002 1994.8607 2089.9398 
2600000.0 2840.875 3579985.8681 3391623.135 3768348.6013 1.3769 1.3045 1.4494 2050.6252 2004.023 2097.2275 
2610000.0 2850.875 3600777.5758 3412462.614 3789092.5375 1.3796 1.3075 1.4518 2054.4661 2015.0588 2093.8735 
2620000.0 2860.875 3621036.1549 3432634.4592 3809437.8505 1.3821 1.3102 1.454 2048.7776 1994.835 2102.7203 
2630000.0 2871.125 3639884.7159 3450930.1449 3828839.2869 1.384 1.3121 1.4558 2013.1482 1922.1803 2104.1162 
2640000.0 2881.125 3657007.1452 3468908.5021 3845105.7884 1.3852 1.314 1.4565 1954.8403 1844.8572 2064.8233 
2650000.0 2891.125 3675652.8406 3488534.5748 3862771.1064 1.387 1.3164 1.4576 1938.3273 1820.5639 2056.0906 
2660000.0 2901.125 3693562.9454 3506244.8836 3880881.0071 1.3886 1.3181 1.459 1910.5739 1762.9271 2058.2207 
2670000.0 2911.125 3712597.4038 3525929.5112 3899265.2963 1.3905 1.3206 1.4604 1908.712 1771.3795 2046.0445 
2680000.0 2921.125 3731936.9062 3546150.7471 3917723.0654 1.3925 1.3232 1.4618 1911.5125 1774.8558 2048.1692 
2690000.0 2931.125 3749494.3616 3565598.0467 3933390.6766 1.3939 1.3255 1.4622 1882.6124 1735.2994 2029.9254 
2700000.0 2941.125 3769314.9535 3586920.1237 3951709.7833 1.396 1.3285 1.4636 1900.388 1765.1715 2035.6045 
2710000.0 2951.125 3789665.9825 3608072.5157 3971259.4493 1.3984 1.3314 1.4654 1924.2228 1799.2764 2049.1691 
2720000.0 2961.125 3809823.8696 3629020.6479 3990627.0914 1.4007 1.3342 1.4671 1942.8299 1826.9388 2058.7209 
2730000.0 2971.25 3828824.268 3648699.4203 4008949.1157 1.4025 1.3365 1.4685 1929.8162 1824.3735 2035.259 
2740000.0 2981.25 3848245.8829 3668582.9529 4027908.8129 1.4045 1.3389 1.47 1930.7634 1832.4987 2029.028 
2750000.0 2991.25 3869147.5012 3689614.2457 4048680.7568 1.407 1.3417 1.4722 1960.9653 1879.7925 2042.138 
2760000.0 3001.25 3889806.8809 3709468.3075 4070145.4543 1.4094 1.344 1.4747 1978.3376 1917.6611 2039.0141 
2770000.0 3011.25 3909666.932 3729737.4718 4089596.3922 1.4114 1.3465 1.4764 1981.9246 1912.5954 2051.2539 
2780000.0 3021.25 3930143.4086 3750737.1858 4109549.6314 1.4137 1.3492 1.4783 1992.1018 1910.8542 2073.3493 
2790000.0 3031.25 3950133.7171 3770839.2613 4129428.1729 1.4158 1.3516 1.4801 1991.221 1907.306 2075.136 
2800000.0 3041.375 3969561.3378 3789728.3382 4149394.3373 1.4177 1.3535 1.4819 1978.5865 1871.5541 2085.6189 
2810000.0 3051.375 3989274.4875 3809148.805 4169400.17 1.4197 1.3556 1.4838 1978.469 1878.9569 2077.9811 
2820000.0 3061.375 4009428.3611 3829642.406 4189214.3163 1.4218 1.358 1.4855 1986.9298 1891.4478 2082.4117 
2830000.0 3071.375 4029135.3991 3849057.2491 4209213.5491 1.4237 1.3601 1.4874 1979.4081 1869.4577 2089.3585 
2840000.0 3081.375 4050007.4165 3869825.9272 4230188.9058 1.4261 1.3626 1.4895 2000.4504 1903.0448 2097.856 
2850000.0 3091.375 4070100.4138 3889603.385 4250597.4425 1.4281 1.3648 1.4914 2002.3346 1912.1316 2092.5376 
2860000.0 3101.5 4090649.4258 3909268.5496 4272030.3019 1.4303 1.3669 1.4937 2009.5724 1916.5235 2102.6212 
2870000.0 3111.5 4110905.6976 3929269.9887 4292541.4065 1.4324 1.3691 1.4957 2012.7231 1931.4632 2093.983 
2880000.0 3121.5 4131756.5416 3950270.3012 4313242.782 1.4346 1.3716 1.4977 2025.8074 1947.914 2103.7007 
2890000.0 3131.625 4152154.571 3971755.5869 4332553.5551 1.4367 1.3743 1.4992 2027.0609 1967.6823 2086.4395 
2900000.0 3141.625 4172065.1541 3993216.8442 4350913.464 1.4386 1.377 1.5003 2021.8354 1952.1886 2091.4821 
2910000.0 3151.625 4191955.5266 4013354.0019 4370557.0513 1.4405 1.3792 1.5019 2018.1531 1957.0936 2079.2127 
2920000.0 3161.625 4211683.0298 4033862.1776 4389503.8819 1.4424 1.3815 1.5033 2008.119 1938.5359 2077.7021 
2930000.0 3171.625 4231532.6639 4055212.5164 4407852.8113 1.4442 1.384 1.5044 2002.5429 1905.103 2099.9828 
2940000.0 3181.625 4252625.1357 4077505.8425 4427744.429 1.4465 1.3869 1.506 2021.3239 1908.4017 2134.2461 
2950000.0 3191.625 4272127.981 4098620.6748 4445635.2872 1.4482 1.3894 1.507 2008.933 1874.739 2143.127 
2960000.0 3201.75 4292041.7968 4119524.7899 4464558.8036 1.45 1.3917 1.5083 1995.8811 1858.1061 2133.6561 
2970000.0 3211.75 4311438.7155 4140604.3664 4482273.0646 1.4517 1.3941 1.5092 1985.7221 1838.096 2133.3482 
2980000.0 3221.75 4331681.0751 4162403.3498 4500958.8004 1.4536 1.3968 1.5104 1994.6115 1833.5264 2155.6966 
2990000.0 3231.75 4351656.3484 4182746.5649 4520566.1319 1.4554 1.3989 1.5119 1995.759 1848.1884 2143.3296 
3000000.0 3241.75 4372386.7971 4203458.9188 4541314.6755 1.4575 1.4012 1.5138 2008.8626 1879.1853 2138.5399 
3010000.0 3251.75 4391945.9335 4221258.1555 4562633.7115 1.4591 1.4024 1.5158 1997.9379 1893.6693 2102.2064 
3020000.0 3261.75 4412492.8436 4240998.3639 4583987.3234 1.4611 1.4043 1.5179 2007.5662 1905.5609 2109.5716 
3030000.0 3271.75 4431679.055 4259797.4157 4603560.6943 1.4626 1.4059 1.5193 1991.5505 1887.3054 2095.7956 
3040000.0 3281.75 4449308.2954 4278003.5446 4620613.0461 1.4636 1.4072 1.5199 1949.0636 1837.2042 2060.9231 
3050000.0 3291.75 4468579.3346 4297432.0565 4639726.6127 1.4651 1.409 1.5212 1943.6168 1846.0049 2041.2286 
3060000.0 3301.75 4487865.7199 4317191.3831 4658540.0566 1.4666 1.4108 1.5224 1942.0922 1846.8898 2037.2947 
3070000.0 3311.75 4507096.9604 4337338.4111 4676855.5096 1.4681 1.4128 1.5234 1943.6784 1851.9653 2035.3914 
3080000.0 3321.75 4525168.6535 4355041.845 4695295.462 1.4692 1.414 1.5244 1916.8206 1826.5415 2007.0997 
3090000.0 3331.75 4545050.6166 4375016.0769 4715085.1563 1.4709 1.4159 1.5259 1927.9702 1834.3909 2021.5496 
3100000.0 3341.75 4565046.0892 4395231.5634 4734860.6151 1.4726 1.4178 1.5274 1939.4555 1835.7416 2043.1694 
3110000.0 3351.75 4585505.8256 4415795.2333 4755216.4179 1.4744 1.4199 1.529 1958.0021 1856.2679 2059.7363 
3120000.0 3361.75 4605355.4052 4436096.8831 4774613.9274 1.4761 1.4218 1.5303 1964.8486 1858.2682 2071.429 
3130000.0 3371.75 4624665.1074 4455424.8813 4793905.3334 1.4775 1.4235 1.5316 1962.1066 1860.5837 2063.6295 
3140000.0 3381.75 4644653.8148 4475179.5924 4814128.0371 1.4792 1.4252 1.5332 1964.8995 1877.8257 2051.9733 
3150000.0 3391.75 4664416.7742 4495769.5861 4833063.9624 1.4808 1.4272 1.5343 1964.3718 1878.8573 2049.8862 
3160000.0 3401.75 4685271.5 4517006.9741 4853536.0259 1.4827 1.4294 1.5359 1988.6564 1900.9957 2076.317 
3170000.0 3411.75 4706268.2536 4538466.5991 4874069.9082 1.4846 1.4317 1.5376 2007.4288 1927.6875 2087.17 
3180000.0 3421.875 4726408.5581 4559949.8721 4892867.2442 1.4863 1.4339 1.5386 2005.6231 1931.5566 2079.6896 
3190000.0 3431.875 4747104.1408 4581094.2704 4913114.0111 1.4881 1.4361 1.5402 2017.3426 1939.4897 2095.1955 
3200000.0 3442.0 4767089.6065 4601537.3027 4932641.9103 1.4897 1.438 1.5415 2014.3786 1944.6771 2084.0801 
3210000.0 3452.0 4787836.8682 4622777.4171 4952896.3194 1.4915 1.4401 1.543 2025.5488 1955.8475 2095.25 
3220000.0 3462.0 4807457.3959 4642693.1568 4972221.635 1.493 1.4418 1.5442 2012.4128 1942.6977 2082.1278 
3230000.0 3472.0 4826501.7422 4662148.4812 4990855.0033 1.4943 1.4434 1.5452 1992.0595 1922.6106 2061.5084 
3240000.0 3482.0 4846378.9316 4682922.7899 5009835.0734 1.4958 1.4453 1.5462 1991.8386 1920.0132 2063.6641 
3250000.0 3492.0 4866027.52 4703267.103 5028787.937 1.4972 1.4472 1.5473 1988.3692 1894.9525 2081.786 
3260000.0 3502.0 4885795.0476 4722938.6413 5048651.4539 1.4987 1.4488 1.5487 1985.8624 1872.4163 2099.3084 
3270000.0 3512.0 4904349.625 4741263.6585 5067435.5915 1.4998 1.4499 1.5497 1962.6784 1852.8172 2072.5395 
3280000.0 3522.0 4924173.4026 4761150.4723 5087196.3329 1.5013 1.4516 1.551 1967.1646 1880.7597 2053.5696 
3290000.0 3532.0 4943791.5192 4779993.1372 5107589.9013 1.5027 1.4529 1.5525 1965.5721 1913.6568 2017.4874 
3300000.0 3542.0 4962824.2035 4798004.1083 5127644.2987 1.5039 1.4539 1.5538 1956.0049 1896.2063 2015.8034 
3310000.0 3552.125 4982089.1374 4816494.5376 5147683.7371 1.5052 1.4551 1.5552 1943.6084 1877.5553 2009.6614 
3320000.0 3562.25 5000978.2809 4836108.5563 5165848.0054 1.5063 1.4567 1.556 1929.4375 1834.5785 2024.2965 
3330000.0 3572.25 5020709.2428 4856065.0545 5185353.431 1.5077 1.4583 1.5572 1936.8649 1855.5331 2018.1967 
3340000.0 3582.25 5039184.5526 4874326.931 5204042.1743 1.5087 1.4594 1.5581 1922.076 1843.682 2000.47 
3350000.0 3592.25 5057586.8441 4892020.0605 5223153.6278 1.5097 1.4603 1.5592 1906.3055 1808.1527 2004.4583 
3360000.0 3602.25 5077121.8552 4911543.6756 5242700.0349 1.511 1.4618 1.5603 1913.1181 1798.0365 2028.1997 
3370000.0 3612.25 5096194.5189 4930254.9739 5262134.0639 1.5122 1.463 1.5615 1915.7525 1780.2202 2051.2848 
3380000.0 3622.25 5114919.8409 4949994.4441 5279845.2376 1.5133 1.4645 1.5621 1907.4211 1768.027 2046.8153 
3390000.0 3632.25 5134411.8363 4969220.2793 5299603.3932 1.5146 1.4658 1.5633 1912.8801 1764.1533 2061.6069 
3400000.0 3642.375 5154143.7345 4987751.4331 5320536.0359 1.5159 1.467 1.5649 1919.3856 1788.4308 2050.3405 
3410000.0 3652.375 5174504.7881 5007696.7038 5341312.8725 1.5175 1.4685 1.5664 1942.9752 1810.0991 2075.8514 
3420000.0 3662.5 5194089.4865 5026656.5447 5361522.4283 1.5187 1.4698 1.5677 1941.3519 1806.6021 2076.1016 
3430000.0 3672.5 5214858.7285 5046887.3045 5382830.1525 1.5204 1.4714 1.5693 1965.9199 1836.2182 2095.6216 
3440000.0 3682.5 5234425.2538 5065799.9199 5403050.5876 1.5216 1.4726 1.5707 1963.8025 1865.0227 2062.5823 
3450000.0 3692.5 5254273.007 5085426.3454 5423119.6686 1.523 1.474 1.5719 1970.271 1872.3386 2068.2034 
3460000.0 3702.625 5274765.263 5105553.5405 5443976.9855 1.5245 1.4756 1.5734 1978.952 1865.6951 2092.2089 
3470000.0 3712.625 5293802.3096 5124056.383 5463548.2362 1.5256 1.4767 1.5745 1966.0751 1828.5781 2103.5722 
3480000.0 3722.625 5313431.952 5142981.0027 5483882.9013 1.5268 1.4779 1.5758 1966.2414 1822.8145 2109.6683 
3490000.0 3732.625 5332045.9898 5161413.2296 5502678.7499 1.5278 1.4789 1.5767 1946.6275 1809.0959 2084.1591 
3500000.0 3742.625 5351205.8976 5179486.2202 5522925.575 1.5289 1.4799 1.578 1939.94 1803.5281 2076.3519 
3510000.0 3752.625 5371701.1042 5199174.7727 5544227.4358 1.5304 1.4812 1.5796 1962.205 1822.8967 2101.5133 
3520000.0 3762.75 5392380.7006 5219888.1381 5564873.2632 1.5319 1.4829 1.5809 1973.65 1831.8397 2115.4603 
3530000.0 3772.75 5412054.903 5239595.9467 5584513.8593 1.5332 1.4843 1.582 1974.3688 1833.1438 2115.5937 
3540000.0 3783.5 5431557.0841 5259148.2896 5603965.8786 1.5343 1.4856 1.583 1945.0464 1761.1441 2128.9486 
3550000.0 3793.5 5449822.8348 5276527.5217 5623118.1478 1.5352 1.4863 1.584 1925.0675 1774.7373 2075.3977 
3560000.0 3803.5 5468770.9925 5295161.307 5642380.678 1.5362 1.4874 1.5849 1920.4716 1781.0194 2059.9238 
3570000.0 3813.5 5486853.6338 5312249.8358 5661457.4317 1.5369 1.488 1.5858 1901.5166 1755.7015 2047.3317 
3580000.0 3823.5 5504359.361 5328846.0321 5679872.6899 1.5375 1.4885 1.5866 1870.1405 1708.0507 2032.2303 
3590000.0 3833.5 5523473.5139 5347463.0582 5699483.9695 1.5386 1.4895 1.5876 1878.4939 1703.3993 2053.5884 
3600000.0 3843.625 5541629.2366 5365886.0816 5717372.3917 1.5393 1.4905 1.5882 1867.3539 1683.857 2050.8507 
3610000.0 3853.625 5560847.9698 5384819.7704 5736876.1691 1.5404 1.4916 1.5892 1875.555 1682.3481 2068.7619 
3620000.0 3863.625 5579205.9416 5403393.8352 5755018.0481 1.5412 1.4927 1.5898 1866.1809 1678.47 2053.8917 
3630000.0 3873.75 5597432.5651 5421196.3559 5773668.7743 1.542 1.4934 1.5905 1858.2339 1657.554 2058.9138 
3640000.0 3883.75 5617324.134 5440305.74 5794342.528 1.5432 1.4946 1.5919 1881.5971 1675.8721 2087.3222 
3650000.0 3893.75 5636924.7884 5459661.8826 5814187.6942 1.5444 1.4958 1.5929 1891.012 1700.0917 2081.9323 
3660000.0 3903.75 5656927.6144 5480060.935 5833794.2938 1.5456 1.4973 1.5939 1909.2551 1731.0892 2087.421 
3670000.0 3913.75 5677697.9023 5500866.0367 5854529.7678 1.5471 1.4989 1.5952 1941.0362 1784.3349 2097.7376 
3680000.0 3923.75 5696835.2256 5520907.7836 5872762.6676 1.5481 1.5002 1.5959 1939.877 1815.3999 2064.3541 
3690000.0 3933.75 5717032.8345 5540761.7315 5893303.9375 1.5493 1.5016 1.5971 1949.5838 1850.7613 2048.4062 
3700000.0 3943.75 5736036.0002 5558520.5261 5913551.4744 1.5503 1.5023 1.5983 1942.7446 1860.6515 2024.8378 
3710000.0 3953.75 5754795.0145 5576910.7696 5932679.2594 1.5512 1.5032 1.5991 1931.2058 1830.3656 2032.0459 
3720000.0 3963.75 5774016.4075 5595351.6268 5952681.1882 1.5522 1.5041 1.6002 1929.7474 1814.7137 2044.781 
3730000.0 3973.75 5792136.8741 5612884.4625 5971389.2857 1.5529 1.5048 1.6009 1907.8615 1797.9884 2017.7346 
3740000.0 3983.75 5811605.5619 5631701.2615 5991509.8622 1.5539 1.5058 1.602 1916.331 1795.4742 2037.1878 
3750000.0 3993.75 5829873.0799 5648257.8268 6011488.3329 1.5546 1.5062 1.6031 1899.5574 1759.1456 2039.9691 
3760000.0 4003.75 5847853.123 5664809.4996 6030896.7464 1.5553 1.5066 1.604 1878.2152 1705.3477 2051.0828 
3770000.0 4013.875 5865015.0541 5681060.8215 6048969.2867 1.5557 1.5069 1.6045 1849.5164 1663.9603 2035.0724 
3780000.0 4023.875 5884166.2795 5699971.8391 6068360.7199 1.5567 1.5079 1.6054 1861.296 1686.3155 2036.2765 
3790000.0 4033.875 5903275.0889 5718956.0172 6087594.1605 1.5576 1.509 1.6062 1866.193 1707.8435 2024.5425 
3800000.0 4044.0 5922515.6576 5738323.6951 6106707.6202 1.5586 1.5101 1.607 1875.4065 1732.801 2018.012 
3810000.0 4054.0 5941973.3174 5757125.2293 6126821.4055 1.5596 1.5111 1.6081 1891.066 1749.1259 2033.0061 
3820000.0 4064.0 5960931.5879 5775543.665 6146319.5108 1.5605 1.5119 1.609 1890.5299 1746.9589 2034.1009 
3830000.0 4074.0 5980118.3078 5794359.4193 6165877.1962 1.5614 1.5129 1.6099 1895.9586 1765.3952 2026.5221 
3840000.0 4084.0 5999782.9033 5814340.7379 6185225.0686 1.5624 1.5142 1.6107 1908.2411 1789.9837 2026.4986 
3850000.0 4094.0 6018574.5859 5833578.493 6203570.6788 1.5633 1.5152 1.6113 1904.418 1787.1003 2021.7357 
3860000.0 4104.0 6036728.4698 5852458.7276 6220998.2119 1.5639 1.5162 1.6117 1887.866 1771.0014 2004.7306 
3870000.0 4114.0 6055875.3644 5871596.7626 6240153.9661 1.5648 1.5172 1.6124 1892.2618 1759.303 2025.2205 
3880000.0 4124.125 6074801.5545 5890793.4395 6258809.6695 1.5657 1.5182 1.6131 1887.7784 1769.4803 2006.0764 
3890000.0 4134.125 6094181.7304 5909900.5273 6278462.9334 1.5666 1.5193 1.614 1893.2974 1780.7807 2005.8141 
3900000.0 4144.125 6114429.2673 5929728.265 6299130.2695 1.5678 1.5204 1.6152 1916.4804 1814.6223 2018.3385 
3910000.0 4154.125 6133996.0206 5948245.2288 6319746.8124 1.5688 1.5213 1.6163 1926.5839 1831.9874 2021.1804 
3920000.0 4164.25 6153943.447 5968179.3778 6339707.5162 1.5699 1.5225 1.6173 1937.138 1862.3588 2011.9172 
3930000.0 4174.25 6174398.3751 5987857.5057 6360939.2445 1.5711 1.5236 1.6186 1956.6383 1872.5351 2040.7414 
3940000.0 4184.25 6194510.8228 6007450.4201 6381571.2254 1.5722 1.5247 1.6197 1965.4085 1873.9311 2056.8859 
3950000.0 4194.25 6214313.054 6027419.9841 6401206.1239 1.5732 1.5259 1.6206 1968.8695 1879.24 2058.499 
3960000.0 4204.25 6233422.8622 6046776.5446 6420069.1799 1.5741 1.527 1.6212 1958.6255 1866.6413 2050.6097 
3970000.0 4214.25 6252721.56 6065366.2772 6440076.8428 1.575 1.5278 1.6222 1953.7901 1858.8335 2048.7467 
3980000.0 4224.375 6272094.7314 6084961.7295 6459227.7332 1.5759 1.5289 1.6229 1947.7722 1845.5487 2049.9958 
3990000.0 4234.375 6291936.4616 6104602.6962 6479270.2271 1.5769 1.53 1.6239 1953.5679 1848.4264 2058.7094 
4000000.0 4244.5 6311929.261 6124384.6142 6499473.9078 1.578 1.5311 1.6249 1957.4935 1869.8887 2045.0983 
