10000.0 15.0 4280.082 nan nan 0.428 nan nan 74.627 nan nan 
20000.0 28.0 8443.205 nan nan 0.4222 nan nan 129.203 nan nan 
30000.0 51.0 10128.136 nan nan 0.3376 nan nan 112.101 nan nan 
40000.0 135.0 12418.007 nan nan 0.3105 nan nan 30.633 nan nan 
50000.0 471.0 14044.945 nan nan 0.2809 nan nan 25.629 nan nan 
60000.0 487.0 17753.773 nan nan 0.2959 nan nan 76.636 nan nan 
70000.0 498.0 21788.382 nan nan 0.3113 nan nan 141.164 nan nan 
80000.0 510.0 26686.272 nan nan 0.3336 nan nan 195.114 nan nan 
90000.0 520.0 32039.027 nan nan 0.356 nan nan 253.937 nan nan 
100000.0 530.0 36604.101 nan nan 0.366 nan nan 295.434 nan nan 
110000.0 540.0 43084.941 nan nan 0.3917 nan nan 354.759 nan nan 
120000.0 550.0 47898.893 nan nan 0.3992 nan nan 383.047 nan nan 
130000.0 560.0 53689.138 nan nan 0.413 nan nan 415.254 nan nan 
140000.0 570.0 59660.274 nan nan 0.4261 nan nan 451.846 nan nan 
150000.0 580.0 65086.257 nan nan 0.4339 nan nan 467.724 nan nan 
160000.0 590.0 70339.093 nan nan 0.4396 nan nan 478.455 nan nan 
170000.0 600.0 75586.061 nan nan 0.4446 nan nan 489.191 nan nan 
180000.0 610.0 81829.857 nan nan 0.4546 nan nan 512.264 nan nan 
190000.0 620.0 88298.348 nan nan 0.4647 nan nan 533.876 nan nan 
200000.0 631.0 94805.883 nan nan 0.474 nan nan 550.738 nan nan 
210000.0 642.0 100407.266 nan nan 0.4781 nan nan 541.313 nan nan 
220000.0 652.0 106202.388 nan nan 0.4827 nan nan 545.618 nan nan 
230000.0 662.0 112519.24 nan nan 0.4892 nan nan 563.417 nan nan 
240000.0 672.0 119288.796 nan nan 0.497 nan nan 584.033 nan nan 
250000.0 682.0 126460.418 nan nan 0.5058 nan nan 608.317 nan nan 
260000.0 692.0 132631.601 nan nan 0.5101 nan nan 612.074 nan nan 
270000.0 702.0 137843.154 nan nan 0.5105 nan nan 591.807 nan nan 
280000.0 712.0 143732.66 nan nan 0.5133 nan nan 596.371 nan nan 
290000.0 723.0 149269.971 nan nan 0.5147 nan nan 578.685 nan nan 
300000.0 733.0 156325.337 nan nan 0.5211 nan nan 602.334 nan nan 
310000.0 743.0 162724.798 nan nan 0.5249 nan nan 607.808 nan nan 
320000.0 753.0 168302.912 nan nan 0.5259 nan nan 598.167 nan nan 
330000.0 763.0 174284.312 nan nan 0.5281 nan nan 598.059 nan nan 
340000.0 773.0 180751.235 nan nan 0.5316 nan nan 607.609 nan nan 
350000.0 783.0 187888.941 nan nan 0.5368 nan nan 625.472 nan nan 
360000.0 793.0 195123.893 nan nan 0.542 nan nan 644.55 nan nan 
370000.0 803.0 200163.865 nan nan 0.541 nan nan 612.362 nan nan 
380000.0 813.0 206368.239 nan nan 0.5431 nan nan 610.687 nan nan 
390000.0 823.0 212722.647 nan nan 0.5454 nan nan 615.936 nan nan 
400000.0 833.0 219733.184 nan nan 0.5493 nan nan 636.289 nan nan 
410000.0 843.0 227470.643 nan nan 0.5548 nan nan 653.223 nan nan 
420000.0 853.0 235748.997 nan nan 0.5613 nan nan 687.14 nan nan 
430000.0 863.0 243947.894 nan nan 0.5673 nan nan 712.813 nan nan 
440000.0 873.0 251920.829 nan nan 0.5725 nan nan 729.728 nan nan 
450000.0 883.0 260196.953 nan nan 0.5782 nan nan 743.3 nan nan 
460000.0 895.0 267618.707 nan nan 0.5818 nan nan 724.181 nan nan 
470000.0 905.0 273655.131 nan nan 0.5822 nan nan 699.256 nan nan 
480000.0 915.0 281138.879 nan nan 0.5857 nan nan 710.093 nan nan 
490000.0 925.0 289398.259 nan nan 0.5906 nan nan 728.813 nan nan 
500000.0 935.0 298844.471 nan nan 0.5977 nan nan 767.483 nan nan 
510000.0 945.0 307589.027 nan nan 0.6031 nan nan 785.83 nan nan 
520000.0 955.0 317120.178 nan nan 0.6098 nan nan 818.537 nan nan 
530000.0 965.0 326711.907 nan nan 0.6164 nan nan 841.04 nan nan 
540000.0 975.0 335437.84 nan nan 0.6212 nan nan 847.995 nan nan 
550000.0 985.0 344669.16 nan nan 0.6267 nan nan 861.784 nan nan 
560000.0 995.0 354721.596 nan nan 0.6334 nan nan 886.175 nan nan 
570000.0 1005.0 364775.491 nan nan 0.64 nan nan 909.051 nan nan 
580000.0 1015.0 375957.122 nan nan 0.6482 nan nan 948.697 nan nan 
590000.0 1025.0 384758.065 nan nan 0.6521 nan nan 933.428 nan nan 
600000.0 1035.0 395394.809 nan nan 0.659 nan nan 960.368 nan nan 
610000.0 1045.0 406401.798 nan nan 0.6662 nan nan 986.708 nan nan 
620000.0 1055.0 417255.277 nan nan 0.673 nan nan 1008.726 nan nan 
630000.0 1065.0 428893.17 nan nan 0.6808 nan nan 1030.087 nan nan 
640000.0 1075.0 441645.872 nan nan 0.6901 nan nan 1078.642 nan nan 
650000.0 1085.0 453393.676 nan nan 0.6975 nan nan 1094.295 nan nan 
660000.0 1095.0 465820.801 nan nan 0.7058 nan nan 1121.714 nan nan 
670000.0 1105.0 476428.802 nan nan 0.7111 nan nan 1112.634 nan nan 
680000.0 1115.0 488944.187 nan nan 0.719 nan nan 1135.051 nan nan 
690000.0 1125.0 502455.506 nan nan 0.7282 nan nan 1177.569 nan nan 
700000.0 1135.0 513569.501 nan nan 0.7337 nan nan 1171.137 nan nan 
710000.0 1145.0 524571.012 nan nan 0.7388 nan nan 1150.612 nan nan 
720000.0 1155.0 536132.089 nan nan 0.7446 nan nan 1152.246 nan nan 
730000.0 1165.0 545250.601 nan nan 0.7469 nan nan 1117.906 nan nan 
740000.0 1175.0 555568.874 nan nan 0.7508 nan nan 1098.769 nan nan 
750000.0 1185.0 566976.465 nan nan 0.756 nan nan 1104.391 nan nan 
760000.0 1195.0 578429.368 nan nan 0.7611 nan nan 1117.091 nan nan 
770000.0 1205.0 591146.853 nan nan 0.7677 nan nan 1140.152 nan nan 
780000.0 1215.0 603170.67 nan nan 0.7733 nan nan 1156.045 nan nan 
790000.0 1225.0 614539.079 nan nan 0.7779 nan nan 1151.52 nan nan 
800000.0 1235.0 626135.405 nan nan 0.7827 nan nan 1158.356 nan nan 
810000.0 1245.0 639524.097 nan nan 0.7895 nan nan 1185.211 nan nan 
820000.0 1255.0 653224.78 nan nan 0.7966 nan nan 1217.735 nan nan 
830000.0 1265.0 666437.362 nan nan 0.8029 nan nan 1236.042 nan nan 
840000.0 1275.0 681550.414 nan nan 0.8114 nan nan 1284.818 nan nan 
850000.0 1285.0 696236.588 nan nan 0.8191 nan nan 1319.875 nan nan 
860000.0 1295.0 709202.721 nan nan 0.8247 nan nan 1314.776 nan nan 
870000.0 1305.0 725876.225 nan nan 0.8343 nan nan 1381.575 nan nan 
880000.0 1315.0 740037.956 nan nan 0.841 nan nan 1385.986 nan nan 
890000.0 1325.0 753769.533 nan nan 0.8469 nan nan 1381.986 nan nan 
900000.0 1335.0 766104.677 nan nan 0.8512 nan nan 1361.866 nan nan 
910000.0 1345.0 781206.108 nan nan 0.8585 nan nan 1394.253 nan nan 
920000.0 1355.0 795328.716 nan nan 0.8645 nan nan 1400.582 nan nan 
930000.0 1365.0 811777.607 nan nan 0.8729 nan nan 1432.637 nan nan 
940000.0 1375.0 827938.505 nan nan 0.8808 nan nan 1462.841 nan nan 
950000.0 1385.0 842310.805 nan nan 0.8866 nan nan 1464.089 nan nan 
960000.0 1395.0 854925.606 nan nan 0.8905 nan nan 1418.052 nan nan 
970000.0 1405.0 867603.0 nan nan 0.8944 nan nan 1400.571 nan nan 
980000.0 1415.0 882274.27 nan nan 0.9003 nan nan 1403.493 nan nan 
990000.0 1425.0 897731.529 nan nan 0.9068 nan nan 1432.266 nan nan 
1000000.0 1435.0 911781.308 nan nan 0.9118 nan nan 1425.048 nan nan 
1010000.0 1445.0 928107.682 nan nan 0.9189 nan nan 1463.888 nan nan 
1020000.0 1455.0 942713.666 nan nan 0.9242 nan nan 1463.115 nan nan 
1030000.0 1465.0 958283.911 nan nan 0.9304 nan nan 1481.077 nan nan 
1040000.0 1475.0 974899.124 nan nan 0.9374 nan nan 1513.681 nan nan 
1050000.0 1485.0 993047.546 nan nan 0.9458 nan nan 1568.889 nan nan 
1060000.0 1495.0 1011676.719 nan nan 0.9544 nan nan 1636.712 nan nan 
1070000.0 1505.0 1029420.891 nan nan 0.9621 nan nan 1659.88 nan nan 
1080000.0 1515.0 1048603.555 nan nan 0.9709 nan nan 1702.42 nan nan 
1090000.0 1525.0 1063910.426 nan nan 0.9761 nan nan 1666.401 nan nan 
1100000.0 1535.0 1081078.776 nan nan 0.9828 nan nan 1676.817 nan nan 
1110000.0 1545.0 1098444.564 nan nan 0.9896 nan nan 1691.059 nan nan 
1120000.0 1555.0 1117618.903 nan nan 0.9979 nan nan 1728.688 nan nan 
1130000.0 1565.0 1136387.077 nan nan 1.0057 nan nan 1756.192 nan nan 
1140000.0 1575.0 1154399.77 nan nan 1.0126 nan nan 1764.259 nan nan 
1150000.0 1585.0 1171109.539 nan nan 1.0184 nan nan 1748.667 nan nan 
1160000.0 1595.0 1186764.546 nan nan 1.0231 nan nan 1716.165 nan nan 
1170000.0 1605.0 1205200.943 nan nan 1.0301 nan nan 1735.706 nan nan 
1180000.0 1615.0 1223552.264 nan nan 1.0369 nan nan 1754.967 nan nan 
1190000.0 1625.0 1240900.125 nan nan 1.0428 nan nan 1754.645 nan nan 
1200000.0 1635.0 1255810.868 nan nan 1.0465 nan nan 1705.32 nan nan 
1210000.0 1645.0 1271693.521 nan nan 1.051 nan nan 1684.416 nan nan 
1220000.0 1655.0 1290521.57 nan nan 1.0578 nan nan 1719.994 nan nan 
1230000.0 1666.0 1306780.81 nan nan 1.0624 nan nan 1681.437 nan nan 
1240000.0 1676.0 1327053.264 nan nan 1.0702 nan nan 1741.728 nan nan 
1250000.0 1686.0 1346978.604 nan nan 1.0776 nan nan 1786.491 nan nan 
1260000.0 1696.0 1366841.568 nan nan 1.0848 nan nan 1819.772 nan nan 
1270000.0 1706.0 1385448.604 nan nan 1.0909 nan nan 1828.575 nan nan 
1280000.0 1716.0 1404735.627 nan nan 1.0974 nan nan 1849.374 nan nan 
1290000.0 1726.0 1424587.717 nan nan 1.1043 nan nan 1887.313 nan nan 
1300000.0 1736.0 1443911.191 nan nan 1.1107 nan nan 1885.416 nan nan 
1310000.0 1746.0 1461340.389 nan nan 1.1155 nan nan 1854.052 nan nan 
1320000.0 1756.0 1478555.897 nan nan 1.1201 nan nan 1838.666 nan nan 
1330000.0 1766.0 1496590.422 nan nan 1.1253 nan nan 1812.917 nan nan 
1340000.0 1776.0 1516210.866 nan nan 1.1315 nan nan 1842.751 nan nan 
1350000.0 1786.0 1533134.722 nan nan 1.1357 nan nan 1821.161 nan nan 
1360000.0 1796.0 1550561.693 nan nan 1.1401 nan nan 1798.757 nan nan 
1370000.0 1807.0 1568826.114 nan nan 1.1451 nan nan 1790.776 nan nan 
1380000.0 1817.0 1589424.153 nan nan 1.1518 nan nan 1836.017 nan nan 
1390000.0 1827.0 1610010.179 nan nan 1.1583 nan nan 1877.043 nan nan 
1400000.0 1837.0 1629231.618 nan nan 1.1637 nan nan 1886.056 nan nan 
1410000.0 1847.0 1648007.83 nan nan 1.1688 nan nan 1883.802 nan nan 
1420000.0 1858.0 1666795.809 nan nan 1.1738 nan nan 1857.27 nan nan 
1430000.0 1868.0 1686294.168 nan nan 1.1792 nan nan 1873.587 nan nan 
1440000.0 1878.0 1706218.542 nan nan 1.1849 nan nan 1896.04 nan nan 
1450000.0 1888.0 1723870.575 nan nan 1.1889 nan nan 1871.964 nan nan 
1460000.0 1898.0 1745022.233 nan nan 1.1952 nan nan 1917.232 nan nan 
1470000.0 1908.0 1763996.69 nan nan 1.2 nan nan 1914.801 nan nan 
1480000.0 1918.0 1784738.788 nan nan 1.2059 nan nan 1945.049 nan nan 
1490000.0 1928.0 1805185.894 nan nan 1.2115 nan nan 1963.072 nan nan 
1500000.0 1938.0 1826012.428 nan nan 1.2173 nan nan 1984.859 nan nan 
1510000.0 1948.0 1847498.663 nan nan 1.2235 nan nan 2016.162 nan nan 
1520000.0 1958.0 1869087.537 nan nan 1.2297 nan nan 2042.54 nan nan 
1530000.0 1968.0 1890478.97 nan nan 1.2356 nan nan 2059.412 nan nan 
1540000.0 1978.0 1911303.229 nan nan 1.2411 nan nan 2064.365 nan nan 
1550000.0 1988.0 1931431.084 nan nan 1.2461 nan nan 2053.511 nan nan 
1560000.0 1998.0 1949008.772 nan nan 1.2494 nan nan 1998.27 nan nan 
1570000.0 2008.0 1967844.799 nan nan 1.2534 nan nan 1979.071 nan nan 
1580000.0 2018.0 1989340.902 nan nan 1.2591 nan nan 2010.498 nan nan 
1590000.0 2028.0 2010414.005 nan nan 1.2644 nan nan 2029.508 nan nan 
1600000.0 2038.0 2030957.192 nan nan 1.2693 nan nan 2034.631 nan nan 
1610000.0 2048.0 2051829.105 nan nan 1.2744 nan nan 2044.102 nan nan 
1620000.0 2058.0 2072231.397 nan nan 1.2792 nan nan 2043.093 nan nan 
1630000.0 2068.0 2092373.826 nan nan 1.2837 nan nan 2037.188 nan nan 
1640000.0 2078.0 2113102.33 nan nan 1.2885 nan nan 2042.833 nan nan 
1650000.0 2088.0 2133257.296 nan nan 1.2929 nan nan 2038.949 nan nan 
1660000.0 2098.0 2154493.374 nan nan 1.2979 nan nan 2054.82 nan nan 
1670000.0 2108.0 2176130.477 nan nan 1.3031 nan nan 2074.766 nan nan 
1680000.0 2118.0 2195678.886 nan nan 1.307 nan nan 2052.679 nan nan 
1690000.0 2128.0 2214701.38 nan nan 1.3105 nan nan 2023.379 nan nan 
1700000.0 2138.0 2236084.064 nan nan 1.3153 nan nan 2045.365 nan nan 
1710000.0 2148.0 2255304.675 nan nan 1.3189 nan nan 2025.542 nan nan 
1720000.0 2158.0 2273139.624 nan nan 1.3216 nan nan 1982.006 nan nan 
1730000.0 2168.0 2289002.458 nan nan 1.3231 nan nan 1907.845 nan nan 
1740000.0 2178.0 2308357.433 nan nan 1.3266 nan nan 1911.617 nan nan 
1750000.0 2188.0 2326413.788 nan nan 1.3294 nan nan 1891.816 nan nan 
1760000.0 2198.0 2339783.898 nan nan 1.3294 nan nan 1789.18 nan nan 
1770000.0 2208.0 2358050.305 nan nan 1.3322 nan nan 1792.151 nan nan 
1780000.0 2218.0 2379305.263 nan nan 1.3367 nan nan 1854.953 nan nan 
1790000.0 2228.0 2401370.584 nan nan 1.3415 nan nan 1917.834 nan nan 
1800000.0 2238.0 2419802.725 nan nan 1.3443 nan nan 1891.151 nan nan 
1810000.0 2248.0 2441165.194 nan nan 1.3487 nan nan 1937.115 nan nan 
1820000.0 2258.0 2462836.047 nan nan 1.3532 nan nan 1981.102 nan nan 
1830000.0 2268.0 2482031.504 nan nan 1.3563 nan nan 1975.811 nan nan 
1840000.0 2278.0 2502932.597 nan nan 1.3603 nan nan 1991.626 nan nan 
1850000.0 2288.0 2523855.747 nan nan 1.3642 nan nan 2011.7 nan nan 
1860000.0 2298.0 2543150.794 nan nan 1.3673 nan nan 1994.769 nan nan 
1870000.0 2308.0 2564890.067 nan nan 1.3716 nan nan 2029.176 nan nan 
1880000.0 2318.0 2586563.681 nan nan 1.3758 nan nan 2054.215 nan nan 
1890000.0 2328.0 2607820.517 nan nan 1.3798 nan nan 2069.75 nan nan 
1900000.0 2338.0 2629144.662 nan nan 1.3838 nan nan 2077.841 nan nan 
1910000.0 2348.0 2650133.71 nan nan 1.3875 nan nan 2078.152 nan nan 
1920000.0 2358.0 2672376.207 nan nan 1.3919 nan nan 2106.56 nan nan 
1930000.0 2368.0 2694427.374 nan nan 1.3961 nan nan 2127.197 nan nan 
1940000.0 2378.0 2711975.176 nan nan 1.3979 nan nan 2057.893 nan nan 
1950000.0 2388.0 2722972.118 nan nan 1.3964 nan nan 1881.097 nan nan 
1960000.0 2398.0 2739312.803 nan nan 1.3976 nan nan 1839.174 nan nan 
1970000.0 2408.0 2758311.458 nan nan 1.4002 nan nan 1850.991 nan nan 
1980000.0 2418.0 2776509.937 nan nan 1.4023 nan nan 1847.212 nan nan 
1990000.0 2428.0 2796229.181 nan nan 1.4051 nan nan 1866.394 nan nan 
2000000.0 2438.0 2817069.963 nan nan 1.4085 nan nan 1904.94 nan nan 
2010000.0 2448.0 2837861.518 nan nan 1.4119 nan nan 1939.148 nan nan 
2020000.0 2458.0 2858113.217 nan nan 1.4149 nan nan 1952.03 nan nan 
2030000.0 2468.0 2878515.475 nan nan 1.418 nan nan 1970.221 nan nan 
2040000.0 2478.0 2897944.308 nan nan 1.4206 nan nan 1960.423 nan nan 
2050000.0 2488.0 2915890.508 nan nan 1.4224 nan nan 1918.122 nan nan 
2060000.0 2498.0 2934889.514 nan nan 1.4247 nan nan 1914.103 nan nan 
2070000.0 2508.0 2954493.95 nan nan 1.4273 nan nan 1917.816 nan nan 
2080000.0 2519.0 2971416.454 nan nan 1.4286 nan nan 1857.023 nan nan 
2090000.0 2529.0 2993044.045 nan nan 1.4321 nan nan 1910.217 nan nan 
2100000.0 2539.0 3014493.493 nan nan 1.4355 nan nan 1952.428 nan nan 
2110000.0 2549.0 3034495.544 nan nan 1.4381 nan nan 1960.422 nan nan 
2120000.0 2559.0 3052143.357 nan nan 1.4397 nan nan 1927.495 nan nan 
2130000.0 2569.0 3071072.824 nan nan 1.4418 nan nan 1923.784 nan nan 
2140000.0 2579.0 3086753.581 nan nan 1.4424 nan nan 1854.063 nan nan 
2150000.0 2589.0 3108107.883 nan nan 1.4456 nan nan 1904.179 nan nan 
2160000.0 2599.0 3125535.986 nan nan 1.447 nan nan 1876.173 nan nan 
2170000.0 2609.0 3144376.791 nan nan 1.449 nan nan 1877.179 nan nan 
2180000.0 2619.0 3165351.213 nan nan 1.452 nan nan 1930.634 nan nan 
2190000.0 2629.0 3185248.939 nan nan 1.4545 nan nan 1926.172 nan nan 
2200000.0 2639.0 3208004.636 nan nan 1.4582 nan nan 1989.403 nan nan 
2210000.0 2649.0 3227460.133 nan nan 1.4604 nan nan 1984.091 nan nan 
2220000.0 2659.0 3245205.132 nan nan 1.4618 nan nan 1940.674 nan nan 
2230000.0 2669.0 3267111.727 nan nan 1.4651 nan nan 1987.59 nan nan 
2240000.0 2679.0 3285148.638 nan nan 1.4666 nan nan 1958.522 nan nan 
2250000.0 2689.0 3302574.153 nan nan 1.4678 nan nan 1915.324 nan nan 
2260000.0 2699.0 3318528.904 nan nan 1.4684 nan nan 1869.725 nan nan 
2270000.0 2709.0 3335998.775 nan nan 1.4696 nan nan 1836.855 nan nan 
2280000.0 2719.0 3353375.189 nan nan 1.4708 nan nan 1820.68 nan nan 
2290000.0 2729.0 3372652.621 nan nan 1.4728 nan nan 1838.949 nan nan 
2300000.0 2739.0 3388767.702 nan nan 1.4734 nan nan 1798.918 nan nan 
2310000.0 2749.0 3405623.278 nan nan 1.4743 nan nan 1776.369 nan nan 
2320000.0 2759.0 3423404.032 nan nan 1.4756 nan nan 1787.779 nan nan 
2330000.0 2770.0 3441026.7 nan nan 1.4768 nan nan 1755.258 nan nan 
2340000.0 2780.0 3460058.158 nan nan 1.4787 nan nan 1785.225 nan nan 
2350000.0 2790.0 3479710.009 nan nan 1.4807 nan nan 1820.408 nan nan 
2360000.0 2800.0 3501012.873 nan nan 1.4835 nan nan 1875.396 nan nan 
2370000.0 2810.0 3521358.353 nan nan 1.4858 nan nan 1905.106 nan nan 
2380000.0 2820.0 3539193.231 nan nan 1.4871 nan nan 1882.652 nan nan 
2390000.0 2830.0 3559941.316 nan nan 1.4895 nan nan 1916.161 nan nan 
2400000.0 2841.0 3575677.16 nan nan 1.4899 nan nan 1826.25 nan nan 
2410000.0 2851.0 3588446.316 nan nan 1.489 nan nan 1723.579 nan nan 
2420000.0 2861.0 3605105.894 nan nan 1.4897 nan nan 1707.616 nan nan 
2430000.0 2871.0 3625446.019 nan nan 1.492 nan nan 1767.33 nan nan 
2440000.0 2881.0 3645519.445 nan nan 1.4941 nan nan 1811.761 nan nan 
2450000.0 2891.0 3667043.696 nan nan 1.4968 nan nan 1873.955 nan nan 
2460000.0 2901.0 3689541.585 nan nan 1.4998 nan nan 1942.233 nan nan 
2470000.0 2911.0 3710851.933 nan nan 1.5024 nan nan 1974.509 nan nan 
2480000.0 2921.0 3732971.376 nan nan 1.5052 nan nan 2018.013 nan nan 
2490000.0 2931.0 3756582.106 nan nan 1.5087 nan nan 2082.092 nan nan 
2500000.0 2941.0 3778872.705 nan nan 1.5115 nan nan 2111.035 nan nan 
2510000.0 2951.0 3801872.24 nan nan 1.5147 nan nan 2143.795 nan nan 
2520000.0 2961.0 3824210.18 nan nan 1.5175 nan nan 2159.381 nan nan 
2530000.0 2971.0 3845144.313 nan nan 1.5198 nan nan 2149.109 nan nan 
2540000.0 2981.0 3866982.448 nan nan 1.5224 nan nan 2154.443 nan nan 
2550000.0 2991.0 3886451.556 nan nan 1.5241 nan nan 2115.077 nan nan 
2560000.0 3001.0 3906194.204 nan nan 1.5259 nan nan 2090.139 nan nan 
2570000.0 3011.0 3925418.308 nan nan 1.5274 nan nan 2061.468 nan nan 
2580000.0 3021.0 3946207.49 nan nan 1.5295 nan nan 2071.03 nan nan 
2590000.0 3032.0 3964839.718 nan nan 1.5308 nan nan 1998.914 nan nan 
2600000.0 3042.0 3981868.865 nan nan 1.5315 nan nan 1947.128 nan nan 
2610000.0 3052.0 4000420.381 nan nan 1.5327 nan nan 1929.719 nan nan 
2620000.0 3062.0 4021029.916 nan nan 1.5347 nan nan 1955.067 nan nan 
2630000.0 3072.0 4042504.483 nan nan 1.5371 nan nan 1990.097 nan nan 
2640000.0 3082.0 4063418.015 nan nan 1.5392 nan nan 2005.306 nan nan 
2650000.0 3092.0 4083055.064 nan nan 1.5408 nan nan 1998.825 nan nan 
2660000.0 3102.0 4102998.479 nan nan 1.5425 nan nan 1996.601 nan nan 
2670000.0 3112.0 4122983.894 nan nan 1.5442 nan nan 1984.565 nan nan 
2680000.0 3122.0 4144663.573 nan nan 1.5465 nan nan 2020.839 nan nan 
2690000.0 3132.0 4166094.082 nan nan 1.5487 nan nan 2041.333 nan nan 
2700000.0 3142.0 4186781.427 nan nan 1.5507 nan nan 2045.178 nan nan 
2710000.0 3152.0 4208158.944 nan nan 1.5528 nan nan 2068.012 nan nan 
2720000.0 3162.0 4229551.893 nan nan 1.555 nan nan 2078.336 nan nan 
2730000.0 3172.0 4250884.544 nan nan 1.5571 nan nan 2087.419 nan nan 
2740000.0 3182.0 4273094.543 nan nan 1.5595 nan nan 2114.807 nan nan 
2750000.0 3192.0 4292662.718 nan nan 1.561 nan nan 2092.453 nan nan 
2760000.0 3202.0 4313495.294 nan nan 1.5629 nan nan 2083.356 nan nan 
2770000.0 3212.0 4334899.704 nan nan 1.5649 nan nan 2096.655 nan nan 
2780000.0 3222.0 4353840.016 nan nan 1.5661 nan nan 2058.732 nan nan 
2790000.0 3232.0 4371657.72 nan nan 1.5669 nan nan 2008.866 nan nan 
2800000.0 3242.0 4390907.379 nan nan 1.5682 nan nan 1993.804 nan nan 
2810000.0 3252.0 4412768.258 nan nan 1.5704 nan nan 2026.832 nan nan 
2820000.0 3262.0 4432808.564 nan nan 1.5719 nan nan 2025.67 nan nan 
2830000.0 3272.0 4456414.079 nan nan 1.5747 nan nan 2084.002 nan nan 
2840000.0 3283.0 4478401.029 nan nan 1.5769 nan nan 2082.04 nan nan 
2850000.0 3293.0 4499442.432 nan nan 1.5788 nan nan 2086.063 nan nan 
2860000.0 3303.0 4518339.792 nan nan 1.5798 nan nan 2054.028 nan nan 
2870000.0 3313.0 4537902.22 nan nan 1.5812 nan nan 2037.846 nan nan 
2880000.0 3323.0 4559498.67 nan nan 1.5832 nan nan 2060.632 nan nan 
2890000.0 3333.0 4581252.547 nan nan 1.5852 nan nan 2082.135 nan nan 
2900000.0 3343.0 4602673.189 nan nan 1.5871 nan nan 2093.04 nan nan 
2910000.0 3353.0 4623196.457 nan nan 1.5887 nan nan 2086.165 nan nan 
2920000.0 3363.0 4645148.346 nan nan 1.5908 nan nan 2106.89 nan nan 
2930000.0 3373.0 4664980.382 nan nan 1.5921 nan nan 2085.921 nan nan 
2940000.0 3383.0 4682783.512 nan nan 1.5928 nan nan 2031.541 nan nan 
2950000.0 3393.0 4702644.699 nan nan 1.5941 nan nan 2022.953 nan nan 
2960000.0 3403.0 4721259.355 nan nan 1.595 nan nan 1992.83 nan nan 
2970000.0 3413.0 4739770.791 nan nan 1.5959 nan nan 1965.447 nan nan 
2980000.0 3423.0 4759061.071 nan nan 1.597 nan nan 1958.624 nan nan 
2990000.0 3433.0 4774761.33 nan nan 1.5969 nan nan 1891.777 nan nan 
3000000.0 3443.0 4794747.01 nan nan 1.5982 nan nan 1911.725 nan nan 
3010000.0 3453.0 4818231.162 nan nan 1.6007 nan nan 1991.505 nan nan 
3020000.0 3463.0 4838299.775 nan nan 1.6021 nan nan 1994.079 nan nan 
3030000.0 3473.0 4859568.414 nan nan 1.6038 nan nan 2018.874 nan nan 
3040000.0 3483.0 4884805.406 nan nan 1.6068 nan nan 2110.687 nan nan 
3050000.0 3493.0 4904477.153 nan nan 1.608 nan nan 2082.874 nan nan 
3060000.0 3503.0 4927184.604 nan nan 1.6102 nan nan 2116.869 nan nan 
3070000.0 3513.0 4949571.79 nan nan 1.6122 nan nan 2119.181 nan nan 
3080000.0 3523.0 4968502.297 nan nan 1.6132 nan nan 2070.096 nan nan 
3090000.0 3533.0 4992092.87 nan nan 1.6156 nan nan 2124.04 nan nan 
3100000.0 3543.0 5015306.192 nan nan 1.6178 nan nan 2162.803 nan nan 
3110000.0 3553.0 5038725.666 nan nan 1.6202 nan nan 2196.034 nan nan 
3120000.0 3563.0 5062394.657 nan nan 1.6226 nan nan 2228.507 nan nan 
3130000.0 3573.0 5086786.284 nan nan 1.6252 nan nan 2265.638 nan nan 
3140000.0 3583.0 5109470.875 nan nan 1.6272 nan nan 2269.458 nan nan 
3150000.0 3593.0 5133042.891 nan nan 1.6295 nan nan 2283.399 nan nan 
3160000.0 3603.0 5156704.942 nan nan 1.6319 nan nan 2294.469 nan nan 
3170000.0 3613.0 5181271.545 nan nan 1.6345 nan nan 2324.647 nan nan 
3180000.0 3623.0 5205175.998 nan nan 1.6368 nan nan 2339.99 nan nan 
3190000.0 3633.0 5227660.7 nan nan 1.6388 nan nan 2336.071 nan nan 
3200000.0 3643.0 5247886.21 nan nan 1.64 nan nan 2270.958 nan nan 
3210000.0 3653.0 5270318.489 nan nan 1.6418 nan nan 2263.77 nan nan 
3220000.0 3663.0 5291445.547 nan nan 1.6433 nan nan 2231.56 nan nan 
3230000.0 3673.0 5312303.418 nan nan 1.6447 nan nan 2209.934 nan nan 
3240000.0 3683.0 5330232.799 nan nan 1.6451 nan nan 2150.434 nan nan 
3250000.0 3693.0 5350065.231 nan nan 1.6462 nan nan 2107.509 nan nan 
3260000.0 3703.0 5370261.133 nan nan 1.6473 nan nan 2083.294 nan nan 
3270000.0 3713.0 5388958.818 nan nan 1.648 nan nan 2046.101 nan nan 
3280000.0 3723.0 5409394.666 nan nan 1.6492 nan nan 2047.319 nan nan 
3290000.0 3733.0 5428812.332 nan nan 1.6501 nan nan 2029.616 nan nan 
3300000.0 3744.0 5447953.462 nan nan 1.6509 nan nan 1974.192 nan nan 
3310000.0 3754.0 5463280.318 nan nan 1.6505 nan nan 1896.276 nan nan 
3320000.0 3765.0 5479930.417 nan nan 1.6506 nan nan 1822.969 nan nan 
3330000.0 3775.0 5496477.026 nan nan 1.6506 nan nan 1792.195 nan nan 
3340000.0 3785.0 5514006.513 nan nan 1.6509 nan nan 1788.143 nan nan 
3350000.0 3795.0 5536831.863 nan nan 1.6528 nan nan 1880.116 nan nan 
3360000.0 3805.0 5559629.556 nan nan 1.6547 nan nan 1951.074 nan nan 
3370000.0 3815.0 5582622.635 nan nan 1.6566 nan nan 2015.401 nan nan 
3380000.0 3825.0 5605618.751 nan nan 1.6585 nan nan 2069.425 nan nan 
3390000.0 3835.0 5628345.251 nan nan 1.6603 nan nan 2104.169 nan nan 
3400000.0 3845.0 5650502.706 nan nan 1.6619 nan nan 2129.942 nan nan 
3410000.0 3855.0 5669858.154 nan nan 1.6627 nan nan 2092.315 nan nan 
3420000.0 3865.0 5690674.25 nan nan 1.6639 nan nan 2087.995 nan nan 
3430000.0 3875.0 5714169.732 nan nan 1.6659 nan nan 2135.479 nan nan 
3440000.0 3885.0 5736016.515 nan nan 1.6674 nan nan 2143.528 nan nan 
3450000.0 3895.0 5757997.278 nan nan 1.669 nan nan 2154.294 nan nan 
3460000.0 3905.0 5780891.381 nan nan 1.6708 nan nan 2180.999 nan nan 
3470000.0 3915.0 5803172.152 nan nan 1.6724 nan nan 2188.733 nan nan 
3480000.0 3925.0 5824582.708 nan nan 1.6737 nan nan 2181.964 nan nan 
3490000.0 3935.0 5845753.508 nan nan 1.675 nan nan 2172.977 nan nan 
3500000.0 3945.0 5865870.106 nan nan 1.676 nan nan 2142.192 nan nan 
3510000.0 3955.0 5887025.373 nan nan 1.6772 nan nan 2135.976 nan nan 
3520000.0 3965.0 5909172.307 nan nan 1.6787 nan nan 2151.309 nan nan 
3530000.0 3975.0 5930486.075 nan nan 1.68 nan nan 2145.077 nan nan 
3540000.0 3985.0 5950743.947 nan nan 1.681 nan nan 2128.197 nan nan 
3550000.0 3995.0 5971721.408 nan nan 1.6822 nan nan 2120.436 nan nan 
3560000.0 4005.0 5992878.516 nan nan 1.6834 nan nan 2121.946 nan nan 
3570000.0 4015.0 6015854.156 nan nan 1.6851 nan nan 2152.218 nan nan 
3580000.0 4025.0 6036740.357 nan nan 1.6862 nan nan 2141.364 nan nan 
3590000.0 4035.0 6058559.302 nan nan 1.6876 nan nan 2147.868 nan nan 
3600000.0 4045.0 6078598.942 nan nan 1.6885 nan nan 2123.058 nan nan 
3610000.0 4055.0 6100684.857 nan nan 1.6899 nan nan 2134.656 nan nan 
3620000.0 4065.0 6123951.715 nan nan 1.6917 nan nan 2171.156 nan nan 
3630000.0 4075.0 6143667.433 nan nan 1.6925 nan nan 2133.163 nan nan 
3640000.0 4085.0 6165229.827 nan nan 1.6937 nan nan 2139.136 nan nan 
3650000.0 4096.0 6187800.98 nan nan 1.6953 nan nan 2127.197 nan nan 
3660000.0 4106.0 6210831.488 nan nan 1.6969 nan nan 2160.228 nan nan 
