10000 63 111.28 167.0 1.782 0.2961 21 2684.0 107.4057 0.0 0.0 
20000 127 139.276 327.0 2.266 0.3757 44 5583.0 129.9824 0.0 0.0 
30000 189 146.578 475.0 2.18 0.3955 66 8188.0 106.0318 0.0 0.0 
40000 244 169.576 625.0 2.426 1.0151 85 11075.0 142.3616 0.0085906 0.0085903 
50000 295 187.433 758.0 2.562 1.4311 103 13886.0 150.9135 0.0046495 0.0046494 
60000 344 195.695 923.0 3.041 1.5925 120 17545.0 192.8267 0.0033029 0.0033029 
70000 403 183.054 1086.0 3.012 1.5244 141 21083.0 196.362 0.0024155 0.0024154 
80000 457 179.773 1268.0 3.126 1.5041 159 24452.0 181.2466 0.0019528 0.0019528 
90000 516 173.088 1408.0 2.612 1.4567 179 27580.0 141.8883 0.0015594 0.0015594 
100000 580 164.575 1569.0 2.794 1.3851 201 30624.0 144.3712 0.0014854 0.0014854 
110000 638 168.625 1726.0 2.789 1.4205 221 33238.0 134.3791 0.001467 0.001467 
120000 705 159.281 1876.0 2.533 1.343 245 36149.0 138.1036 0.0013916 0.0013916 
130000 775 142.217 2003.0 1.932 1.204 269 38361.0 100.4037 0.0013005 0.0013005 
140000 834 159.39 2144.0 2.351 1.3369 289 41150.0 142.5016 0.0011264 0.0011264 
150000 895 172.356 2324.0 2.94 1.4466 309 44506.0 163.5487 0.0011168 0.0011168 
160000 954 169.593 2486.0 2.9 1.4276 330 47665.0 178.5035 0.0010627 0.0010627 
170000 1031 136.286 2661.0 2.29 1.1491 357 51006.0 115.4288 0.0009279 0.0009279 
180000 1098 146.132 2841.0 2.462 1.228 380 54586.0 145.0015 0.0008249 0.0008249 
190000 1155 168.761 3054.0 3.426 1.4169 400 58807.0 215.882 0.0007784 0.0007784 
200000 1214 165.437 3248.0 3.118 1.3864 421 62830.0 167.078 0.0007614 0.0007614 
210000 1277 160.607 3450.0 3.246 1.348 442 66520.0 172.5596 0.0007333 0.0007333 
220000 1348 148.508 3667.0 3.244 1.2502 467 70396.0 181.0697 0.000708 0.000708 
230000 1411 150.201 3873.0 2.998 1.2695 489 74446.0 158.9421 0.0006558 0.0006558 
240000 1484 141.951 4100.0 3.295 1.1962 513 78675.0 185.3543 0.0006819 0.0006819 
250000 1558 142.065 4358.0 3.593 1.1912 539 83534.0 203.844 0.0005514 0.0005514 
260000 1618 153.217 4619.0 3.914 1.2851 559 88221.0 198.8803 0.0005851 0.0005851 
270000 1686 147.026 4875.0 3.87 1.2358 583 92766.0 200.6944 0.0006309 0.0006309 
280000 1751 155.939 5175.0 4.588 1.3083 606 98033.0 277.3749 0.000653 0.000653 
290000 1823 143.004 5458.0 4.092 1.197 630 102789.0 201.9223 0.0006399 0.0006399 
300000 1891 143.032 5711.0 3.608 1.1985 653 107348.0 189.6433 0.0006479 0.0006479 
310000 1952 160.707 6001.0 4.455 1.3517 674 112115.0 234.4845 0.0007165 0.0007165 
320000 2010 163.087 6298.0 4.718 1.3771 694 117099.0 222.8541 0.0006795 0.0006795 
330000 2073 160.727 6575.0 4.5 1.353 715 121768.0 227.3732 0.0007029 0.0007029 
340000 2131 167.841 6878.0 5.071 1.4176 736 126393.0 224.8727 0.0007047 0.0007047 
350000 2186 178.567 7182.0 5.457 1.5001 755 131630.0 279.0704 0.000741 0.000741 
360000 2244 176.442 7463.0 5.007 1.4834 775 136155.0 221.0126 0.0007316 0.0007316 
370000 2289 198.574 7739.0 5.624 1.6725 791 140617.0 259.3212 0.0007839 0.0007839 
380000 2344 184.11 7993.0 4.892 1.5514 811 144795.0 196.8789 0.0007234 0.0007234 
390000 2399 181.333 8280.0 5.066 1.5194 830 149227.0 222.7244 0.0006947 0.0006947 
400000 2444 210.98 8585.0 6.169 1.7658 847 154460.0 332.0268 0.0006784 0.0006784 
410000 2483 234.198 8892.0 7.135 1.9614 861 159808.0 336.2284 0.0007193 0.0007193 
420000 2537 197.38 9220.0 6.29 1.6596 881 165306.0 278.8531 0.0007079 0.0007079 
430000 2582 209.172 9548.0 6.775 1.7481 897 171103.0 342.4375 0.000889 0.000889 
440000 2630 210.358 9868.0 6.695 1.7625 915 176573.0 284.1438 0.0007201 0.0007201 
450000 2673 223.746 10166.0 6.812 1.878 931 181567.0 310.3026 0.0007387 0.0007387 
460000 2722 208.13 10465.0 6.251 1.7413 948 186686.0 268.5614 0.0007382 0.0007382 
470000 2761 229.259 10746.0 6.571 1.924 963 191414.0 313.4687 0.000723 0.000723 
480000 2803 238.707 11092.0 7.626 2.0015 981 197905.0 368.9341 0.0007112 0.0007112 
490000 2846 237.635 11417.0 7.716 1.9926 997 203769.0 336.5269 0.0007224 0.0007224 
500000 2890 235.361 11754.0 7.819 1.9751 1015 209918.0 384.5776 0.0007277 0.0007277 
510000 2925 256.955 12088.0 8.552 2.1455 1031 215835.0 380.2581 0.0006738 0.0006738 
520000 2963 263.355 12440.0 9.04 2.2033 1048 221985.0 361.3462 0.0006727 0.0006727 
530000 3003 253.479 12777.0 8.498 2.1287 1064 227937.0 355.852 0.0007069 0.0007069 
540000 3037 274.336 13140.0 9.59 2.3064 1079 234811.0 416.7854 0.0006714 0.0006714 
550000 3070 284.19 13491.0 9.85 2.3784 1094 241085.0 420.8636 0.0006764 0.0006764 
560000 3113 257.439 13817.0 8.672 2.1555 1110 247205.0 410.9543 0.0006615 0.0006615 
570000 3151 259.605 14168.0 8.907 2.181 1127 253010.0 327.3533 0.0006632 0.0006632 
580000 3191 255.111 14506.0 8.753 2.1427 1143 259152.0 382.7194 0.0006428 0.0006428 
590000 3224 280.339 14867.0 9.77 2.344 1158 265512.0 398.814 0.0006476 0.0006476 
600000 3259 279.773 15213.0 9.769 2.343 1174 271674.0 369.9938 0.0006301 0.0006301 
610000 3295 276.364 15555.0 9.56 2.3199 1190 277681.0 347.7902 0.0006569 0.0006569 
620000 3331 270.696 15901.0 9.332 2.2733 1206 283417.0 344.4972 0.0006331 0.0006331 
630000 3367 273.224 16248.0 9.503 2.2845 1222 289524.0 371.9866 0.0006183 0.0006183 
640000 3402 280.669 16589.0 9.739 2.3469 1235 295895.0 459.3518 0.0006147 0.0006147 
650000 3436 283.109 16930.0 9.671 2.3715 1249 302029.0 441.1312 0.0006102 0.0006102 
660000 3460 340.475 17260.0 11.446 2.8497 1261 308222.0 523.6154 0.0006032 0.0006032 
670000 3489 339.395 17603.0 11.501 2.8301 1273 314306.0 495.117 0.0006028 0.0006028 
680000 3522 317.255 17977.0 11.307 2.6491 1287 321285.0 503.1976 0.0005747 0.0005747 
690000 3548 342.879 18308.0 11.874 2.8666 1297 327707.0 585.6742 0.0005884 0.0005884 
700000 3583 313.734 18654.0 10.756 2.6287 1311 333924.0 482.7092 0.0005913 0.0005913 
710000 3613 319.301 19010.0 11.11 2.6665 1324 340457.0 492.2773 0.000575 0.000575 
720000 3642 323.405 19371.0 11.551 2.711 1338 346830.0 422.0986 0.0005691 0.0005691 
730000 3672 334.029 19711.0 11.589 2.8 1350 353193.0 501.608 0.0005657 0.0005657 
740000 3701 342.333 20049.0 11.717 2.8656 1364 359891.0 490.8574 0.0005748 0.0005748 
750000 3739 294.382 20446.0 11.069 2.4653 1380 367686.0 465.165 0.0005327 0.0005327 
760000 3770 311.423 20816.0 11.435 2.6062 1394 375267.0 520.9537 0.0005665 0.0005665 
770000 3799 324.359 21178.0 11.654 2.7172 1406 382016.0 583.8341 0.0005714 0.0005714 
780000 3821 372.112 21551.0 13.805 3.1118 1419 388761.0 537.8396 0.0005556 0.0005556 
790000 3846 383.314 21909.0 13.829 3.2015 1432 394869.0 496.8496 0.0006019 0.0006019 
800000 3873 374.586 22298.0 14.015 3.13 1448 401824.0 435.4024 0.0005776 0.0005776 
810000 3905 346.085 22645.0 12.464 2.8942 1462 407740.0 436.2722 0.0005955 0.0005955 
820000 3939 321.77 23014.0 11.852 2.6929 1477 414233.0 430.7723 0.0005439 0.0005439 
830000 3964 356.496 23401.0 13.363 2.9838 1492 421396.0 507.3853 0.0005668 0.0005668 
840000 3992 350.449 23735.0 12.701 2.943 1505 427170.0 445.9713 0.0005707 0.0005707 
850000 4020 359.688 24109.0 13.107 3.0132 1521 433550.0 417.2192 0.00059 0.00059 
860000 4047 364.069 24453.0 12.956 3.0504 1534 440600.0 559.4966 0.000594 0.000594 
870000 4071 382.594 24832.0 13.981 3.1984 1545 447794.0 587.882 0.0005542 0.0005542 
880000 4104 344.478 25204.0 12.687 2.8771 1560 454688.0 514.6217 0.0005573 0.0005573 
890000 4130 357.297 25558.0 12.853 2.9872 1573 460720.0 460.768 0.0005468 0.0005468 
900000 4154 378.052 25928.0 13.8 3.1575 1585 467348.0 529.5853 0.000551 0.000551 
910000 4178 392.971 26324.0 14.762 3.2834 1599 474057.0 470.6381 0.0005515 0.0005515 
920000 4201 406.882 26676.0 14.879 3.4008 1610 480696.0 559.5653 0.0005204 0.0005204 
930000 4224 418.916 27039.0 15.294 3.5008 1621 487436.0 612.7518 0.0005326 0.0005326 
940000 4245 438.931 27410.0 16.098 3.6511 1633 493927.0 569.7465 0.0005323 0.0005323 
950000 4272 411.574 27765.0 15.023 3.2399 1645 500388.0 531.471 0.0005335 0.0005335 
960000 4295 417.252 28149.0 15.299 3.1616 1657 508037.0 616.7482 0.0005079 0.0005079 
970000 4319 416.88 28502.0 15.214 3.0824 1669 515631.0 637.2031 0.0005174 0.0005174 
980000 4345 403.889 28866.0 14.6 2.9511 1680 521937.0 592.2467 0.0005388 0.0005388 
990000 4373 379.787 29234.0 13.741 2.7426 1692 528532.0 545.6382 0.0005464 0.0005464 
1000000 4404 357.216 29598.0 13.04 2.5678 1704 535384.0 587.5067 0.0005407 0.0005407 
1010000 4432 354.076 29976.0 13.07 2.5511 1715 542113.0 589.3579 0.0005173 0.0005173 
1020000 4456 374.124 30329.0 13.508 2.6898 1727 548182.0 533.3206 0.0005165 0.0005165 
1030000 4482 378.144 30694.0 14.045 2.7126 1738 554913.0 577.0894 0.0004997 0.0004997 
1040000 4511 360.644 31060.0 13.06 2.5816 1752 562027.0 531.4661 0.0004805 0.0004805 
1050000 4538 368.144 31420.0 13.488 2.6369 1764 568727.0 535.1899 0.0004886 0.0004886 
1060000 4566 359.612 31831.0 13.775 2.5717 1779 576602.0 528.3678 0.0004798 0.0004798 
1070000 4592 371.261 32175.0 13.758 2.6437 1791 583158.0 509.7417 0.000472 0.000472 
1080000 4613 406.077 32561.0 15.213 2.8991 1803 590390.0 578.5075 0.0004984 0.0004984 
1090000 4637 418.343 32923.0 15.585 2.9822 1814 597868.0 678.8536 0.0005128 0.0005128 
1100000 4664 391.359 33302.0 14.48 2.7887 1826 604884.0 584.2281 0.0005134 0.0005134 
1110000 4685 428.714 33677.0 15.979 3.0573 1837 611510.0 625.2046 0.0005012 0.0005012 
1120000 4710 409.97 34067.0 15.553 2.9379 1850 618398.0 551.5689 0.0004797 0.0004797 
1130000 4736 403.402 34442.0 15.208 2.8961 1862 625199.0 598.7325 0.00047 0.00047 
1140000 4758 415.202 34835.0 16.035 2.9784 1873 632865.0 613.8365 0.000481 0.000481 
1150000 4782 403.166 35193.0 15.247 3.0181 1883 639953.0 668.8528 0.0004896 0.0004896 
1160000 4809 402.465 35569.0 15.154 3.1009 1894 646944.0 669.3591 0.0004784 0.0004784 
1170000 4834 394.993 35983.0 15.298 3.0912 1908 654571.0 561.3755 0.0004732 0.0004732 
1180000 4864 368.488 36387.0 14.478 2.9132 1922 662074.0 538.978 0.0004481 0.0004481 
1190000 4889 380.307 36765.0 14.703 3.0269 1934 668546.0 542.6846 0.0004417 0.0004417 
1200000 4918 366.19 37150.0 14.164 2.9259 1947 676040.0 563.2422 0.0004384 0.0004384 
1210000 4946 359.655 37538.0 13.862 2.8857 1961 683189.0 524.9752 0.0004416 0.0004416 
1220000 4975 352.741 37921.0 13.483 2.826 1975 690078.0 507.971 0.0004452 0.0004452 
1230000 4999 372.998 38309.0 14.277 2.9853 1986 697031.0 558.7699 0.000448 0.000448 
1240000 5023 389.794 38688.0 14.832 3.114 1998 703720.0 562.0627 0.0004473 0.0004473 
1250000 5045 411.363 39058.0 15.532 3.305 2008 711575.0 708.3859 0.000488 0.000488 
1260000 5068 416.511 39438.0 15.727 3.3418 2020 718925.0 625.1666 0.0004686 0.0004686 
1270000 5094 406.49 39817.0 15.426 3.2513 2031 726346.0 649.8252 0.0004655 0.0004655 
1280000 5113 440.342 40205.0 16.807 3.5179 2042 733460.0 637.4871 0.0004695 0.0004695 
1290000 5137 430.679 40606.0 16.861 3.445 2055 741063.0 599.2589 0.0004504 0.0004504 
1300000 5163 415.299 41013.0 16.482 3.3234 2066 748390.0 649.1127 0.0004546 0.0004546 
1310000 5189 391.445 41402.0 15.29 3.1283 2079 755201.0 535.7897 0.0004532 0.0004532 
1320000 5215 394.378 41777.0 15.12 3.1405 2092 762183.0 561.8884 0.0004272 0.0004272 
1330000 5236 419.567 42148.0 15.983 3.3512 2103 768949.0 621.3155 0.0004318 0.0004318 
1340000 5256 446.711 42561.0 17.45 3.5567 2116 776752.0 614.4829 0.0004314 0.0004314 
1350000 5280 433.292 42941.0 16.676 3.4598 2127 784040.0 624.0421 0.0004621 0.0004621 
1360000 5295 492.524 43330.0 19.045 3.9313 2139 791353.0 598.2843 0.0004622 0.0004622 
1370000 5317 486.381 43696.0 18.512 3.8869 2152 798093.0 564.2623 0.0004739 0.0004739 
1380000 5341 451.678 44055.0 16.77 3.6067 2164 804897.0 537.9817 0.0004345 0.0004345 
1390000 5361 466.947 44426.0 17.331 3.7402 2174 812003.0 678.658 0.0004525 0.0004525 
1400000 5381 481.737 44783.0 17.747 3.8653 2184 818211.0 596.4919 0.0004819 0.0004819 
1410000 5398 511.912 45183.0 19.257 4.0972 2195 825176.0 680.4875 0.0004777 0.0004777 
1420000 5418 509.389 45563.0 19.303 4.0797 2206 832509.0 575.7677 0.0004811 0.0004811 
1430000 5439 495.772 45958.0 18.915 3.9725 2217 840125.0 688.7121 0.0004714 0.0004714 
1440000 5466 439.296 46374.0 17.294 3.5191 2231 848231.0 574.3066 0.0004491 0.0004491 
1450000 5490 432.641 46772.0 17.027 3.4653 2242 855579.0 640.7661 0.000448 0.000448 
1460000 5510 455.878 47173.0 18.134 3.6445 2253 863137.0 661.5861 0.0004326 0.0004326 
1470000 5529 468.641 47582.0 18.656 3.7482 2265 870365.0 569.767 0.0004359 0.0004359 
1480000 5554 444.611 47979.0 17.809 3.5538 2279 877523.0 535.5111 0.0004169 0.0004169 
1490000 5580 420.85 48390.0 16.896 3.3647 2293 885409.0 560.6611 0.0004015 0.0004015 
1500000 5610 374.432 48768.0 14.593 2.9951 2307 892737.0 522.6141 0.0004121 0.0004121 
1510000 5630 417.214 49150.0 16.141 3.3326 2319 899609.0 566.953 0.0004204 0.0004204 
1520000 5660 381.183 49560.0 15.157 3.0616 2331 906727.0 571.2987 0.0004298 0.0004298 
1530000 5685 388.537 49955.0 15.498 3.1134 2345 914105.0 535.8504 0.0004274 0.0004274 
1540000 5706 413.468 50358.0 16.358 3.313 2355 921561.0 649.1955 0.0004269 0.0004269 
1550000 5732 407.453 50737.0 15.935 3.2705 2367 928498.0 632.107 0.000419 0.000419 
1560000 5754 419.386 51143.0 16.613 3.3715 2380 935893.0 548.784 0.0004416 0.0004416 
1570000 5775 444.925 51545.0 17.75 3.5628 2390 943250.0 676.2724 0.0004351 0.0004351 
1580000 5800 426.174 51927.0 16.732 3.419 2402 950492.0 608.1216 0.0004451 0.0004451 
1590000 5822 437.466 52348.0 17.566 3.5084 2414 958543.0 680.7532 0.0004357 0.0004357 
1600000 5840 477.598 52737.0 19.046 3.8281 2425 965397.0 644.3518 0.0004338 0.0004338 
1610000 5860 478.026 53132.0 18.897 3.8235 2436 972220.0 633.9748 0.0004344 0.0004344 
1620000 5881 475.334 53521.0 18.64 3.801 2448 979176.0 594.2016 0.0004258 0.0004258 
1630000 5904 460.721 53944.0 18.54 3.7037 2459 987056.0 686.9182 0.0003985 0.0003985 
1640000 5919 516.637 54354.0 21.015 4.1449 2472 994663.0 615.1921 0.0004081 0.0004081 
1650000 5943 473.606 54759.0 19.21 3.7963 2484 1002307.0 625.9414 0.0003959 0.0003959 
1660000 5964 476.204 55161.0 19.432 3.8179 2495 1010617.0 647.1441 0.0004089 0.0004089 
1670000 5986 467.156 55567.0 19.122 3.747 2506 1017593.0 631.8242 0.0004153 0.0004153 
1680000 6004 484.466 55961.0 19.51 3.8862 2518 1025357.0 639.3384 0.0004207 0.0004207 
1690000 6024 494.455 56365.0 20.01 3.9519 2528 1032340.0 685.3954 0.0004272 0.0004272 
1700000 6044 485.712 56765.0 19.519 3.8912 2542 1039987.0 560.4507 0.0004149 0.0004149 
1710000 6068 460.414 57162.0 18.292 3.6881 2555 1047081.0 542.282 0.0004164 0.0004164 
1720000 6098 404.782 57517.0 15.61 3.2319 2566 1053713.0 577.9955 0.0003812 0.0003812 
1730000 6119 422.93 57947.0 16.868 3.3831 2577 1062010.0 718.725 0.0003964 0.0003964 
1740000 6141 440.422 58355.0 17.79 3.5198 2588 1069435.0 731.3027 0.0003985 0.0003985 
1750000 6167 403.452 58743.0 15.918 3.2246 2600 1076782.0 574.6707 0.0004066 0.0004066 
1760000 6193 401.087 59122.0 15.537 3.205 2613 1084023.0 575.3537 0.0004199 0.0004199 
1770000 6216 407.056 59503.0 15.932 3.2608 2623 1091043.0 621.3645 0.0004059 0.0004059 
1780000 6236 437.221 59889.0 16.932 3.4995 2633 1097730.0 666.6705 0.0004033 0.0004033 
1790000 6260 427.341 60284.0 16.701 3.4135 2644 1105659.0 694.339 0.0004313 0.0004313 
1800000 6283 436.452 60679.0 17.012 3.4824 2656 1113598.0 700.3016 0.000423 0.000423 
1810000 6305 430.484 61074.0 16.882 3.4253 2666 1121244.0 691.4413 0.0004225 0.0004225 
1820000 6322 480.743 61475.0 18.979 3.8351 2677 1128549.0 708.5521 0.0003991 0.0003991 
1830000 6340 506.95 61881.0 20.484 4.0499 2687 1136074.0 747.9673 0.0004001 0.0004001 
1840000 6359 515.336 62293.0 20.563 4.1351 2697 1143927.0 787.5694 0.0004043 0.0004043 
1850000 6377 512.209 62683.0 20.529 4.1021 2705 1151327.0 800.4792 0.0004008 0.0004008 
1860000 6395 527.017 63045.0 20.609 4.2152 2716 1158091.0 679.5606 0.0004031 0.0004031 
1870000 6412 547.571 63450.0 21.386 4.3827 2725 1165107.0 711.5801 0.0004003 0.0004003 
1880000 6427 565.397 63852.0 22.218 4.5185 2733 1172534.0 838.3846 0.0004168 0.0004168 
1890000 6444 574.009 64256.0 22.746 4.585 2743 1179750.0 753.7868 0.0004089 0.0004089 
1900000 6462 560.785 64654.0 22.232 4.4716 2754 1187039.0 651.5354 0.0004111 0.0004111 
1910000 6482 547.12 65049.0 21.657 4.3715 2765 1194137.0 643.1809 0.00041 0.00041 
1920000 6507 486.056 65433.0 19.039 3.8754 2777 1201589.0 629.9332 0.0003897 0.0003897 
1930000 6525 518.032 65847.0 20.767 4.1292 2785 1208894.0 764.7372 0.0003857 0.0003857 
1940000 6544 510.422 66264.0 20.619 4.0689 2793 1216672.0 906.8484 0.0003984 0.0003984 
1950000 6558 547.199 66670.0 22.015 4.3672 2801 1224001.0 873.4621 0.0004101 0.0004101 
1960000 6577 551.046 67095.0 22.779 4.4061 2812 1231709.0 775.1759 0.0003946 0.0003946 
1970000 6595 551.978 67510.0 22.659 4.4142 2823 1239674.0 754.0697 0.0004113 0.0004113 
1980000 6613 559.926 67905.0 22.734 4.4794 2833 1246703.0 720.6595 0.0003926 0.0003926 
1990000 6628 578.893 68301.0 23.236 4.6219 2842 1253991.0 751.0073 0.0003952 0.0003952 
2000000 6646 563.16 68689.0 22.511 4.5031 2851 1261085.0 759.433 0.0003916 0.0003916 
2010000 6666 543.538 69081.0 21.46 4.3524 2861 1268043.0 708.7144 0.0003955 0.0003955 
2020000 6686 526.29 69484.0 21.136 4.213 2870 1275385.0 747.4209 0.0003922 0.0003922 
2030000 6701 567.935 69887.0 22.651 4.545 2879 1283068.0 780.2489 0.0004006 0.0004006 
2040000 6719 559.286 70303.0 22.404 4.4767 2889 1290537.0 782.94 0.0004145 0.0004145 
2050000 6737 556.314 70729.0 22.897 4.4496 2900 1298297.0 698.1145 0.0004233 0.0004233 
2060000 6754 559.93 71158.0 23.198 4.476 2912 1306322.0 720.1466 0.0004034 0.0004034 
2070000 6768 594.664 71577.0 24.79 4.7612 2923 1314415.0 747.0541 0.0003848 0.0003848 
2080000 6788 570.725 72007.0 24.025 4.5608 2936 1321997.0 654.9638 0.0003914 0.0003914 
2090000 6806 554.94 72419.0 23.172 4.4441 2945 1329537.0 767.2996 0.0004181 0.0004181 
2100000 6826 543.863 72819.0 22.369 4.3568 2954 1336749.0 809.3751 0.0004002 0.0004002 
2110000 6843 561.309 73228.0 23.114 4.4877 2965 1343980.0 735.6763 0.0003865 0.0003865 
2120000 6857 586.694 73622.0 23.756 4.7073 2972 1351358.0 840.0574 0.0004089 0.0004089 
2130000 6879 540.267 74021.0 21.691 4.3197 2983 1359384.0 821.0914 0.0003856 0.0003856 
2140000 6899 531.819 74426.0 21.428 4.2479 2991 1366231.0 852.1953 0.0003877 0.0003877 
2150000 6924 472.431 74804.0 18.587 3.7807 3002 1373754.0 725.6873 0.0003757 0.0003757 
2160000 6947 454.847 75175.0 17.549 3.6305 3013 1380558.0 634.3616 0.0003591 0.0003591 
2170000 6968 469.539 75563.0 18.087 3.7392 3023 1387565.0 707.3341 0.0003617 0.0003617 
2180000 6985 495.728 75972.0 19.392 3.9586 3034 1394990.0 660.7659 0.0003645 0.0003645 
2190000 7010 460.35 76348.0 17.845 3.6698 3048 1402158.0 587.6001 0.0003736 0.0003736 
2200000 7033 445.665 76749.0 17.66 3.557 3058 1410162.0 702.4213 0.0003652 0.0003652 
2210000 7053 473.512 77142.0 18.702 3.7913 3069 1418260.0 713.527 0.0003661 0.0003661 
2220000 7072 484.742 77558.0 19.213 3.8864 3079 1426348.0 789.5544 0.0003753 0.0003753 
2230000 7093 483.305 77988.0 19.654 3.8643 3093 1434015.0 590.9649 0.0003648 0.0003648 
2240000 7114 482.112 78393.0 19.728 3.854 3104 1441852.0 673.6506 0.0003594 0.0003594 
2250000 7135 472.06 78832.0 19.675 3.7869 3114 1449598.0 722.8755 0.0003664 0.0003664 
2260000 7155 491.682 79241.0 20.42 3.9431 3126 1456956.0 704.6853 0.0003564 0.0003564 
2270000 7173 504.365 79677.0 21.288 4.03 3137 1465200.0 680.3415 0.0003737 0.0003737 
2280000 7190 535.898 80103.0 22.7 4.2809 3148 1473156.0 694.5089 0.0003516 0.0003516 
2290000 7211 510.981 80479.0 21.075 4.0827 3157 1480487.0 730.8652 0.0003703 0.0003703 
2300000 7232 503.865 80918.0 21.035 4.0337 3170 1488679.0 678.6616 0.0003612 0.0003612 
2310000 7252 501.157 81282.0 20.106 4.0083 3179 1495601.0 711.0573 0.0003658 0.0003658 
2320000 7269 528.182 81693.0 21.293 4.2211 3188 1502967.0 820.4784 0.0003688 0.0003688 
2330000 7290 513.728 82082.0 20.672 4.1189 3198 1510368.0 752.3162 0.0004005 0.0004005 
2340000 7308 521.262 82516.0 21.335 4.174 3209 1518183.0 718.0983 0.0003938 0.0003938 
2350000 7328 510.85 82904.0 20.681 4.0793 3219 1525850.0 725.741 0.0003623 0.0003623 
2360000 7348 507.938 83311.0 20.538 4.0685 3229 1532883.0 695.7843 0.0003648 0.0003648 
2370000 7366 514.003 83718.0 20.748 4.1152 3237 1540307.0 788.2816 0.0003769 0.0003769 
2380000 7378 590.609 84135.0 24.053 4.7262 3246 1548633.0 896.3428 0.0003807 0.0003807 
2390000 7395 584.69 84538.0 23.851 4.6827 3257 1556018.0 692.3451 0.0003982 0.0003982 
2400000 7415 561.04 84963.0 23.026 4.4877 3268 1563861.0 712.7135 0.0003904 0.0003904 
2410000 7431 552.659 85378.0 22.766 4.418 3277 1571442.0 722.3436 0.000395 0.000395 
2420000 7449 571.108 85777.0 23.289 4.5673 3288 1578762.0 710.6966 0.0003961 0.0003961 
2430000 7466 574.45 86192.0 23.537 4.586 3296 1585837.0 798.8255 0.0003797 0.0003797 
2440000 7492 495.273 86584.0 19.984 3.9465 3308 1593154.0 664.5707 0.0003855 0.0003855 
2450000 7508 534.261 87018.0 22.125 4.2638 3319 1600830.0 695.6608 0.000362 0.000362 
2460000 7530 499.394 87407.0 20.34 3.9904 3328 1608786.0 797.6822 0.0003656 0.0003656 
2470000 7548 512.037 87839.0 21.196 4.0958 3339 1617575.0 760.8166 0.0003758 0.0003758 
2480000 7566 523.123 88260.0 21.713 4.1811 3349 1625075.0 768.6688 0.0003742 0.0003742 
2490000 7584 539.748 88663.0 22.203 4.3179 3359 1633064.0 794.0619 0.0003799 0.0003799 
2500000 7602 537.004 89103.0 22.498 4.3001 3370 1641654.0 758.1765 0.000376 0.000376 
2510000 7623 523.666 89512.0 21.76 4.199 3380 1649055.0 777.3265 0.0003732 0.0003732 
2520000 7639 542.418 89911.0 22.27 4.3344 3387 1656557.0 906.7484 0.0003717 0.0003717 
2530000 7660 528.08 90325.0 21.688 4.2287 3398 1664263.0 729.337 0.0003758 0.0003758 
2540000 7679 528.094 90726.0 21.534 4.232 3408 1671572.0 773.6648 0.0003983 0.0003983 
2550000 7700 509.082 91131.0 20.654 4.0738 3419 1678878.0 744.0231 0.0003852 0.0003852 
2560000 7719 503.399 91524.0 20.396 4.032 3429 1686787.0 754.0481 0.0003724 0.0003724 
2570000 7737 520.687 91948.0 21.295 4.1743 3438 1694721.0 804.1587 0.000378 0.000378 
2580000 7754 550.432 92374.0 22.72 4.4152 3448 1702822.0 820.3104 0.0003773 0.0003773 
2590000 7771 552.42 92813.0 23.167 4.4254 3459 1710747.0 695.5799 0.0003771 0.0003771 
2600000 7790 549.507 93246.0 23.33 4.4022 3469 1719196.0 784.5025 0.0003801 0.0003801 
2610000 7804 582.765 93639.0 24.393 4.6542 3476 1725999.0 815.1337 0.0003709 0.0003709 
2620000 7822 586.153 94059.0 24.387 4.6819 3487 1733299.0 727.1606 0.0003784 0.0003784 
2630000 7844 538.781 94445.0 21.892 4.3031 3497 1740764.0 746.1441 0.0003712 0.0003712 
2640000 7862 540.481 94862.0 22.319 4.3218 3507 1748254.0 708.8911 0.0003671 0.0003671 
2650000 7881 531.089 95278.0 21.928 4.2427 3519 1755727.0 656.7024 0.0003677 0.0003677 
2660000 7902 516.839 95693.0 21.295 4.1399 3530 1763439.0 723.6384 0.0003642 0.0003642 
2670000 7927 468.408 96104.0 19.292 3.7627 3542 1770411.0 631.5259 0.0003624 0.0003624 
2680000 7948 464.525 96527.0 19.181 3.722 3552 1778638.0 701.4532 0.0003507 0.0003507 
2690000 7969 473.116 96947.0 19.746 3.7816 3565 1787019.0 684.0718 0.0003538 0.0003538 
2700000 7987 498.38 97375.0 21.118 3.9915 3574 1794764.0 690.6727 0.0003531 0.0003531 
2710000 8006 503.771 97800.0 21.219 4.0382 3584 1803427.0 828.9107 0.0003464 0.0003464 
2720000 8025 523.13 98195.0 21.811 4.1924 3593 1810601.0 825.2047 0.0003611 0.0003611 
2730000 8042 539.285 98631.0 22.695 4.3131 3605 1818686.0 743.5837 0.000381 0.000381 
2740000 8054 583.53 99050.0 24.61 4.6617 3614 1826437.0 756.5632 0.0003758 0.0003758 
2750000 8072 591.19 99453.0 24.603 4.7324 3623 1834286.0 862.1479 0.0003665 0.0003665 
2760000 8089 591.04 99890.0 24.902 4.7288 3634 1842252.0 775.072 0.0003745 0.0003745 
2770000 8105 595.841 100332.0 25.364 4.7833 3641 1850993.0 1012.2252 0.0003718 0.0003718 
2780000 8122 588.586 100759.0 25.211 4.7199 3651 1858564.0 857.3877 0.0003777 0.0003777 
2790000 8139 600.54 101160.0 25.253 4.8185 3659 1865884.0 942.1829 0.0003727 0.0003727 
2800000 8155 603.529 101582.0 25.291 4.8447 3669 1873951.0 867.7833 0.0003731 0.0003731 
2810000 8169 631.279 102002.0 26.396 5.0663 3679 1881739.0 788.4037 0.0003651 0.0003651 
2820000 8183 646.269 102422.0 27.323 5.1815 3685 1889852.0 960.19 0.000384 0.000384 
2830000 8196 673.269 102859.0 28.417 5.392 3694 1897871.0 950.0031 0.0003615 0.0003615 
2840000 8213 648.028 103313.0 27.941 5.2038 3703 1905876.0 934.7579 0.0003571 0.0003571 
2850000 8229 639.711 103732.0 27.516 5.1243 3713 1914162.0 838.963 0.0003461 0.0003461 
2860000 8248 596.211 104164.0 25.682 4.7649 3724 1922201.0 752.5419 0.0003231 0.0003231 
2870000 8267 588.134 104567.0 24.779 4.7061 3735 1929949.0 771.1951 0.0003388 0.0003388 
2880000 8281 618.816 105029.0 26.671 4.9431 3743 1938358.0 969.2808 0.0003422 0.0003422 
2890000 8302 572.734 105451.0 24.679 4.5742 3754 1946539.0 867.3924 0.0003711 0.0003711 
2900000 8324 527.951 105848.0 22.095 4.2173 3766 1954280.0 729.789 0.0003545 0.0003545 
2910000 8347 486.956 106251.0 20.016 3.9076 3777 1962054.0 680.8634 0.0003354 0.0003354 
2920000 8366 506.121 106666.0 20.971 4.0523 3788 1969888.0 714.6596 0.0003395 0.0003395 
2930000 8380 546.335 107085.0 22.612 4.3857 3798 1977416.0 715.853 0.0003315 0.0003315 
2940000 8399 547.825 107492.0 22.637 4.3901 3809 1984605.0 632.3762 0.0003351 0.0003351 
2950000 8418 537.242 107912.0 22.441 4.3128 3818 1992943.0 882.4411 0.0003391 0.0003391 
2960000 8437 531.555 108352.0 22.49 4.271 3831 2000977.0 696.035 0.0003337 0.0003337 
2970000 8449 592.361 108786.0 25.207 4.7547 3839 2008942.0 866.0454 0.0003665 0.0003665 
2980000 8465 614.022 109189.0 25.73 4.9231 3851 2016404.0 711.7172 0.00035 0.00035 
2990000 8481 609.211 109628.0 25.821 4.8773 3859 2024510.0 852.3373 0.0003622 0.0003622 
3000000 8497 624.095 110037.0 26.143 4.9882 3867 2032442.0 985.5811 0.0003569 0.0003569 
3010000 8516 583.112 110439.0 24.207 4.6525 3875 2039960.0 896.4896 0.0004627 0.0004627 
3020000 8534 587.315 110865.0 24.688 4.685 3883 2048050.0 1047.0066 0.0003569 0.0003569 
3030000 8550 584.906 111316.0 25.059 4.675 3893 2056126.0 805.4996 0.0003518 0.0003518 
3040000 8566 602.665 111735.0 25.844 4.8157 3901 2064033.0 933.1546 0.0003471 0.0003471 
3050000 8583 599.81 112154.0 25.458 4.796 3911 2072009.0 883.3296 0.0003499 0.0003499 
3060000 8598 612.188 112600.0 26.259 4.9034 3917 2080036.0 997.4367 0.0003524 0.0003524 
3070000 8616 604.1 113020.0 25.813 4.8381 3927 2088006.0 959.8745 0.0003527 0.0003527 
3080000 8627 643.775 113463.0 27.593 5.1453 3933 2096697.0 1058.1653 0.0003589 0.0003589 
3090000 8640 689.662 113934.0 30.392 5.5031 3941 2105102.0 1128.9675 0.0003762 0.0003762 
3100000 8655 676.147 114356.0 29.364 5.39 3950 2113679.0 993.0812 0.0003696 0.0003696 
3110000 8674 636.751 114823.0 28.314 5.0889 3962 2122548.0 852.7408 0.0003505 0.0003505 
3120000 8692 614.834 115242.0 27.02 4.9109 3970 2130532.0 929.8387 0.000358 0.000358 
3130000 8706 635.215 115675.0 27.724 5.0718 3981 2137981.0 767.7307 0.0003525 0.0003525 
3140000 8721 633.135 116081.0 27.186 5.0613 3990 2145373.0 763.5751 0.0003485 0.0003485 
3150000 8737 637.873 116528.0 27.64 5.1038 3999 2153430.0 869.5648 0.0003592 0.0003592 
3160000 8751 657.606 116960.0 28.644 5.2616 4008 2161743.0 915.7822 0.0003464 0.0003464 
3170000 8774 572.661 117388.0 24.65 4.5894 4020 2169728.0 735.4607 0.000344 0.000344 
3180000 8792 568.782 117811.0 24.432 4.5685 4028 2177087.0 885.1318 0.0003391 0.0003391 
3190000 8810 558.897 118251.0 24.108 4.4861 4037 2185522.0 828.9973 0.0003538 0.0003538 
3200000 8825 586.631 118666.0 25.209 4.6969 4047 2193579.0 777.3773 0.0003581 0.0003581 
3210000 8839 612.532 119136.0 26.821 4.9076 4056 2202848.0 922.9433 0.0003427 0.0003427 
3220000 8853 614.596 119563.0 26.929 4.9157 4065 2211106.0 851.1792 0.0003362 0.0003362 
3230000 8872 602.339 119998.0 26.269 4.815 4078 2219110.0 703.6194 0.0003259 0.0003259 
3240000 8889 607.33 120409.0 26.138 4.8713 4086 2226970.0 861.3335 0.0003781 0.0003781 
3250000 8906 595.886 120848.0 25.719 4.7678 4096 2234981.0 841.0741 0.0003503 0.0003503 
3260000 8920 627.52 121287.0 27.307 5.0402 4105 2242779.0 867.6285 0.0003458 0.0003458 
3270000 8939 591.723 121712.0 25.514 4.7384 4115 2250338.0 803.9491 0.000339 0.000339 
3280000 8961 548.381 122112.0 23.203 4.3892 4124 2257988.0 828.0175 0.0003392 0.0003392 
3290000 8976 577.792 122562.0 24.993 4.6072 4133 2265816.0 860.7865 0.0003516 0.0003516 
3300000 8994 576.86 123002.0 24.989 4.6117 4144 2274110.0 826.2614 0.0003495 0.0003495 
3310000 9011 573.729 123438.0 24.914 4.5916 4157 2282796.0 698.1025 0.0003479 0.0003479 
3320000 9034 527.493 123838.0 22.407 4.2252 4169 2290400.0 662.4237 0.0003492 0.0003492 
3330000 9055 501.298 124272.0 21.386 4.0241 4179 2298307.0 749.0632 0.0003658 0.0003658 
3340000 9072 531.329 124684.0 22.37 4.2584 4188 2305522.0 758.3943 0.0003689 0.0003689 
3350000 9086 568.029 125102.0 23.937 4.5394 4198 2314036.0 776.4376 0.0003594 0.0003594 
3360000 9104 562.142 125538.0 23.882 4.5054 4208 2322070.0 753.8023 0.0003451 0.0003451 
3370000 9121 564.838 125941.0 23.696 4.523 4219 2329491.0 686.1775 0.0003397 0.0003397 
3380000 9137 588.585 126361.0 24.58 4.7121 4230 2336962.0 696.9423 0.0003442 0.0003442 
3390000 9156 556.598 126789.0 23.54 4.4495 4244 2345321.0 581.3955 0.0003317 0.0003317 
3400000 9181 497.285 127222.0 21.078 3.9798 4257 2353228.0 588.5735 0.0003347 0.0003347 
3410000 9198 530.584 127662.0 22.897 4.2463 4266 2361264.0 753.3724 0.0003267 0.0003267 
3420000 9223 479.868 128075.0 20.24 3.8309 4277 2369796.0 809.0439 0.0003326 0.0003326 
3430000 9244 477.654 128523.0 20.859 3.813 4288 2378058.0 741.4055 0.0003156 0.0003156 
3440000 9261 515.636 128951.0 22.21 4.1194 4297 2386443.0 844.9569 0.0003215 0.0003215 
3450000 9285 473.611 129364.0 20.062 3.7836 4309 2393992.0 696.3771 0.0003246 0.0003246 
3460000 9298 535.094 129819.0 23.065 4.2747 4316 2402246.0 951.6514 0.0003296 0.0003296 
3470000 9321 503.392 130230.0 21.488 4.0284 4326 2410301.0 812.3861 0.0003476 0.0003476 
3480000 9336 538.386 130655.0 22.86 4.2968 4334 2418473.0 934.2424 0.0003206 0.0003206 
3490000 9356 522.989 131080.0 22.288 4.1849 4343 2426931.0 893.1463 0.0003277 0.0003277 
3500000 9370 571.318 131533.0 24.9 4.5621 4352 2435184.0 878.8634 0.0003299 0.0003299 
3510000 9387 559.092 131932.0 23.571 4.4793 4363 2442905.0 729.4909 0.0003403 0.0003403 
3520000 9402 586.202 132361.0 24.819 4.6919 4369 2451987.0 1039.8309 0.000344 0.000344 
3530000 9417 602.572 132784.0 25.651 4.8208 4379 2459805.0 889.1451 0.000346 0.000346 
3540000 9430 645.802 133223.0 27.699 5.1709 4387 2468334.0 1000.2968 0.000341 0.000341 
3550000 9445 646.579 133669.0 28.003 5.1801 4397 2476592.0 879.4889 0.0003365 0.0003365 
3560000 9461 645.468 134117.0 28.154 5.1585 4407 2485008.0 885.5258 0.0003379 0.0003379 
3570000 9476 649.798 134558.0 28.547 5.2026 4414 2493310.0 1021.852 0.0003646 0.0003646 
3580000 9494 613.541 134969.0 26.537 4.9234 4424 2500744.0 788.8319 0.0003495 0.0003495 
3590000 9511 619.021 135399.0 26.546 4.9608 4435 2509130.0 818.617 0.0003477 0.0003477 
3600000 9526 629.084 135842.0 27.21 5.0288 4444 2517787.0 876.8429 0.0003368 0.0003368 
3610000 9542 623.624 136312.0 27.667 4.9944 4455 2526254.0 800.8692 0.0003208 0.0003208 
3620000 9562 587.048 136749.0 25.954 4.711 4468 2535036.0 731.5688 0.00036 0.00036 
3630000 9581 560.69 137166.0 24.338 4.4941 4478 2543435.0 793.4831 0.0003198 0.0003198 
3640000 9596 580.751 137579.0 24.782 4.663 4486 2551237.0 869.3064 0.0003365 0.0003365 
3650000 9615 564.131 137988.0 24.012 4.5177 4496 2559341.0 835.6894 0.0003356 0.0003356 
3660000 9630 597.887 138432.0 25.531 4.7901 4505 2567493.0 886.1739 0.0003684 0.0003684 
3670000 9648 583.965 138877.0 25.269 4.6751 4515 2575088.0 780.4827 0.0003359 0.0003359 
3680000 9664 598.043 139329.0 26.112 4.7913 4525 2583569.0 854.8757 0.0003264 0.0003264 
3690000 9684 565.767 139735.0 24.23 4.5244 4536 2591142.0 713.6571 0.0003274 0.0003274 
3700000 9701 573.178 140154.0 24.52 4.606 4545 2599502.0 877.6975 0.0003153 0.0003153 
3710000 9719 568.064 140597.0 24.485 4.5577 4556 2607812.0 801.8732 0.0003434 0.0003434 
3720000 9732 607.441 141074.0 26.874 4.8786 4564 2616866.0 943.9023 0.0003162 0.0003162 
3730000 9755 540.619 141490.0 23.471 4.3332 4575 2624206.0 735.1892 0.0003181 0.0003181 
3740000 9775 532.775 141916.0 23.009 4.2652 4585 2632228.0 796.1645 0.0003233 0.0003233 
3750000 9800 487.94 142332.0 20.851 3.9063 4595 2639851.0 824.3587 0.000327 0.000327 
3760000 9821 485.452 142769.0 20.944 3.8913 4604 2647712.0 851.4277 0.0003373 0.0003373 
3770000 9840 494.317 143192.0 21.22 3.9604 4614 2655561.0 793.0357 0.000331 0.000331 
3780000 9858 503.788 143623.0 21.452 4.0411 4622 2663190.0 870.8314 0.0003386 0.0003386 
3790000 9872 558.703 144057.0 23.975 4.4659 4630 2671289.0 945.8815 0.0003492 0.0003492 
3800000 9889 567.248 144464.0 24.185 4.5334 4640 2678954.0 773.7698 0.0003482 0.0003482 
3810000 9906 577.859 144883.0 24.328 4.6274 4650 2686780.0 843.386 0.0003298 0.0003298 
3820000 9921 593.644 145324.0 25.375 4.7446 4658 2695232.0 963.4651 0.0003422 0.0003422 
3830000 9933 652.572 145754.0 27.862 5.2137 4665 2703453.0 1081.6993 0.0003273 0.0003273 
3840000 9948 641.748 146171.0 27.081 5.1365 4674 2711060.0 881.5736 0.0003319 0.0003319 
3850000 9962 675.311 146602.0 28.824 5.4037 4684 2718589.0 824.2559 0.0003387 0.0003387 
3860000 9977 668.541 147032.0 28.583 5.3552 4694 2727466.0 820.7877 0.0003354 0.0003354 
3870000 9990 674.951 147473.0 29.091 5.4167 4701 2735346.0 933.3069 0.0003358 0.0003358 
3880000 10006 673.259 147889.0 28.763 5.3879 4707 2743707.0 1053.1215 0.0003455 0.0003455 
3890000 10021 671.161 148345.0 29.144 5.3658 4715 2752030.0 1054.1611 0.0003478 0.0003478 
3900000 10041 602.087 148769.0 25.991 4.8153 4725 2760662.0 949.7029 0.000348 0.000348 
3910000 10062 557.389 149180.0 23.653 4.4549 4735 2768489.0 809.2956 0.0003307 0.0003307 
3920000 10074 596.978 149611.0 25.629 4.7774 4741 2776284.0 943.8648 0.0003427 0.0003427 
3930000 10088 643.803 150044.0 27.5 5.143 4750 2784258.0 1008.3445 0.0003356 0.0003356 
3940000 10106 625.166 150438.0 26.299 4.9871 4758 2792038.0 1010.0351 0.0003384 0.0003384 
3950000 10122 618.624 150863.0 25.986 4.9323 4768 2799949.0 860.2825 0.0003478 0.0003478 
3960000 10145 555.541 151318.0 23.963 4.4258 4779 2808894.0 865.7698 0.0003442 0.0003442 
3970000 10165 531.421 151716.0 22.255 4.2423 4789 2816076.0 777.9163 0.0003297 0.0003297 
3980000 10177 602.332 152178.0 26.101 4.8121 4797 2824412.0 1006.8567 0.0003462 0.0003462 
3990000 10195 582.167 152585.0 24.71 4.6503 4809 2831916.0 715.6095 0.000322 0.000322 
4000000 10210 600.879 153024.0 25.721 4.8056 4817 2839624.0 857.8688 0.0003363 0.0003363 
4010000 10237 506.5 153433.0 21.403 4.058 4828 2847904.0 812.179 0.0003307 0.0003307 
4020000 10254 527.486 153889.0 22.796 4.2215 4839 2856110.0 751.8802 0.0003342 0.0003342 
4030000 10271 547.509 154321.0 23.788 4.3873 4846 2864385.0 942.7834 0.0003214 0.0003214 
4040000 10288 558.752 154792.0 24.713 4.4771 4858 2872926.0 769.8858 0.0003208 0.0003208 
4050000 10302 600.508 155243.0 26.803 4.7988 4867 2880854.0 874.3128 0.0003203 0.0003203 
4060000 10317 614.701 155698.0 27.476 4.9155 4879 2889662.0 729.135 0.0003073 0.0003073 
4070000 10336 577.821 156125.0 25.477 4.6177 4888 2897535.0 800.1663 0.0003033 0.0003033 
4080000 10350 611.446 156601.0 27.473 4.8938 4897 2907169.0 961.0976 0.0003115 0.0003115 
4090000 10367 603.598 157063.0 27.474 4.8233 4906 2915334.0 888.7823 0.0003127 0.0003127 
4100000 10388 556.837 157519.0 25.262 4.4512 4917 2923881.0 805.2037 0.0003221 0.0003221 
4110000 10407 552.067 157914.0 24.26 4.411 4925 2931199.0 884.7546 0.000324 0.000324 
4120000 10420 598.078 158364.0 26.496 4.769 4934 2939099.0 866.1351 0.0003199 0.0003199 
4130000 10434 616.207 158777.0 26.809 4.9374 4943 2947597.0 933.9782 0.0003275 0.0003275 
4140000 10455 566.811 159193.0 24.182 4.5478 4953 2955509.0 848.3938 0.0003343 0.0003343 
4150000 10474 545.382 159624.0 23.355 4.3581 4962 2963262.0 821.9379 0.0003312 0.0003312 
4160000 10487 600.588 160064.0 25.901 4.7859 4969 2971082.0 1010.6544 0.0003304 0.0003304 
4170000 10505 590.395 160507.0 25.598 4.7022 4980 2978761.0 809.6817 0.0003287 0.0003287 
4180000 10520 606.316 160967.0 26.909 4.8335 4990 2987779.0 833.5432 0.0003236 0.0003236 
4190000 10535 622.999 161410.0 27.578 4.9687 5003 2995751.0 700.6117 0.0003075 0.0003075 
4200000 10546 677.252 161843.0 29.774 5.4067 5011 3004103.0 894.2746 0.0003206 0.0003206 
4210000 10556 732.809 162292.0 32.356 5.8399 5018 3012595.0 1082.7642 0.0003342 0.0003342 
4220000 10573 693.308 162732.0 30.575 5.5365 5030 3020236.0 775.184 0.0003352 0.0003352 
4230000 10593 635.211 163144.0 27.633 5.0632 5038 3027408.0 853.0683 0.0003265 0.0003265 
4240000 10607 650.021 163544.0 27.744 5.1862 5045 3034512.0 897.1582 0.0003523 0.0003523 
4250000 10621 650.438 163968.0 27.654 5.1829 5054 3042445.0 893.6819 0.0003402 0.0003402 
4260000 10639 623.614 164390.0 26.539 4.9856 5064 3050435.0 825.4862 0.0003241 0.0003241 
4270000 10653 639.465 164820.0 26.951 5.1075 5071 3058778.0 964.412 0.0003292 0.0003292 
4280000 10667 671.638 165231.0 28.486 5.3629 5079 3066507.0 996.2516 0.0003242 0.0003242 
4290000 10684 631.135 165668.0 26.773 5.0595 5089 3074892.0 838.0738 0.0003286 0.0003286 
4300000 10703 612.518 166103.0 26.235 4.901 5100 3082951.0 813.7296 0.0003279 0.0003279 
4310000 10721 586.095 166570.0 25.676 4.6899 5108 3091790.0 921.0971 0.0003266 0.0003266 
4320000 10731 657.901 167061.0 29.783 5.2588 5115 3100953.0 1149.3452 0.0003303 0.0003303 
4330000 10743 706.751 167501.0 31.744 5.6469 5123 3109128.0 1083.8866 0.0003238 0.0003238 
4340000 10760 676.453 167947.0 30.455 5.3987 5133 3117199.0 941.6161 0.0003225 0.0003225 
4350000 10772 707.841 168376.0 31.503 5.6592 5139 3124969.0 1080.4764 0.0003141 0.0003141 
4360000 10782 747.094 168791.0 32.625 5.9645 5145 3132616.0 1181.5815 0.000338 0.000338 
4370000 10801 680.48 169202.0 29.318 5.4435 5157 3140429.0 838.2806 0.0003376 0.0003376 
4380000 10817 660.367 169622.0 28.106 5.2833 5167 3148401.0 809.6974 0.0003327 0.0003327 
4390000 10836 626.846 170031.0 26.592 5.0235 5177 3156089.0 825.1049 0.0003207 0.0003207 
4400000 10850 645.626 170440.0 26.983 5.1592 5186 3163508.0 793.3041 0.0003188 0.0003188 
4410000 10864 664.917 170850.0 27.713 5.3262 5194 3171716.0 920.0051 0.0003386 0.0003386 
4420000 10881 629.625 171301.0 26.641 5.038 5205 3179852.0 746.9044 0.000333 0.000333 
4430000 10897 643.338 171727.0 27.487 5.1378 5215 3187863.0 841.5124 0.0003238 0.0003238 
4440000 10910 671.817 172179.0 29.27 5.3678 5223 3195868.0 850.6124 0.0003212 0.0003212 
4450000 10925 665.457 172601.0 28.51 5.3261 5232 3203635.0 900.0942 0.0003134 0.0003134 
4460000 10938 688.074 173036.0 29.608 5.5063 5241 3211380.0 905.932 0.0003209 0.0003209 
4470000 10955 626.616 173468.0 26.73 5.0139 5250 3218990.0 737.8219 0.0003119 0.0003119 
4480000 10968 685.965 173939.0 30.372 5.4688 5258 3227870.0 1027.7977 0.0003153 0.0003153 
4490000 10983 686.94 174365.0 30.212 5.4813 5269 3235812.0 748.3155 0.0003158 0.0003158 
4500000 11001 642.511 174799.0 27.944 5.12 5280 3243717.0 736.5286 0.0003127 0.0003127 
4510000 11012 683.571 175215.0 29.707 5.456 5287 3251193.0 836.1405 0.0003442 0.0003442 
4520000 11028 684.476 175640.0 29.303 5.4617 5297 3258680.0 804.359 0.0003136 0.0003136 
4530000 11040 704.065 176116.0 31.066 5.6266 5305 3268055.0 981.3514 0.000318 0.000318 
4540000 11057 664.581 176536.0 28.925 5.2908 5315 3276231.0 924.3493 0.0003222 0.0003222 
4550000 11072 676.336 176960.0 29.181 5.3898 5322 3284138.0 1084.022 0.0003335 0.0003335 
4560000 11087 669.739 177405.0 29.106 5.3486 5330 3292336.0 1030.9474 0.0003451 0.0003451 
4570000 11105 633.858 177820.0 27.309 5.0684 5339 3300115.0 954.2364 0.0003227 0.0003227 
4580000 11119 656.086 178255.0 28.248 5.2566 5349 3307989.0 819.9835 0.0003315 0.0003315 
4590000 11127 700.194 178710.0 30.712 5.5979 5356 3315828.0 836.3342 0.0003294 0.0003294 
4600000 11140 733.316 179196.0 32.792 5.8633 5366 3324373.0 829.8808 0.0003314 0.0003314 
4610000 11158 692.881 179651.0 31.187 5.5522 5377 3332522.0 801.1606 0.0003301 0.0003301 
4620000 11172 689.344 180088.0 30.747 5.5201 5385 3340526.0 841.3843 0.0003204 0.0003204 
4630000 11187 694.099 180526.0 30.701 5.5523 5394 3348448.0 903.9774 0.0003062 0.0003062 
4640000 11199 718.092 180953.0 31.52 5.7333 5402 3356734.0 897.1112 0.0003079 0.0003079 
4650000 11216 680.641 181400.0 30.057 5.4395 5412 3365014.0 906.6056 0.0003002 0.0003002 
4660000 11229 682.557 181843.0 30.139 5.4606 5421 3373119.0 883.3338 0.0003044 0.0003044 
4670000 11244 702.854 182293.0 31.184 5.6278 5432 3381496.0 882.5699 0.0003062 0.0003062 
4680000 11257 707.197 182776.0 32.012 5.6573 5441 3390061.0 864.1524 0.0003042 0.0003042 
4690000 11277 639.265 183235.0 29.128 5.1226 5451 3398803.0 858.8003 0.0003119 0.0003119 
4700000 11293 649.109 183676.0 29.353 5.1918 5458 3407430.0 1036.6786 0.0003112 0.0003112 
4710000 11307 656.038 184124.0 29.586 5.2335 5467 3416003.0 1010.2266 0.00031 0.00031 
4720000 11323 645.96 184581.0 29.156 5.163 5477 3424585.0 926.8471 0.0003079 0.0003079 
4730000 11341 610.065 185009.0 27.227 4.8854 5485 3432329.0 903.3653 0.0003124 0.0003124 
4740000 11355 646.488 185462.0 28.928 5.1684 5495 3440508.0 883.0726 0.0003026 0.0003026 
4750000 11370 631.518 185875.0 27.588 5.0569 5503 3448500.0 886.0515 0.000307 0.000307 
4760000 11384 666.964 186345.0 29.682 5.3343 5514 3457934.0 916.6244 0.0003148 0.0003148 
4770000 11396 698.351 186792.0 31.318 5.5893 5522 3466064.0 831.6284 0.0003249 0.0003249 
4780000 11410 692.158 187238.0 30.908 5.5483 5532 3474458.0 888.6364 0.0003189 0.0003189 
4790000 11426 676.154 187682.0 30.14 5.4313 5541 3482694.0 961.1082 0.0003111 0.0003111 
4800000 11446 611.685 188142.0 27.258 4.9033 5553 3490592.0 702.6883 0.000298 0.000298 
4810000 11460 638.486 188583.0 28.544 5.1145 5562 3498685.0 755.8746 0.0003031 0.0003031 
4820000 11481 590.1 188989.0 25.643 4.7343 5573 3505967.0 754.5252 0.0002912 0.0002912 
4830000 11496 577.206 189414.0 24.916 4.6295 5579 3514289.0 930.8728 0.0003056 0.0003056 
4840000 11514 571.796 189861.0 24.83 4.5955 5590 3522669.0 749.3489 0.0002941 0.0002941 
4850000 11529 613.937 190289.0 26.735 4.9186 5599 3531001.0 944.9761 0.0002971 0.0002971 
4860000 11543 644.468 190782.0 28.941 5.1568 5610 3540165.0 855.3568 0.0002999 0.0002999 
4870000 11560 623.934 191220.0 27.849 4.9995 5621 3548325.0 801.9863 0.000311 0.000311 
4880000 11576 631.695 191663.0 28.213 5.0733 5633 3556322.0 785.5604 0.000313 0.000313 
4890000 11595 602.638 192086.0 26.591 4.8465 5643 3564120.0 729.6045 0.0003125 0.0003125 
4900000 11611 611.617 192521.0 26.76 4.9161 5653 3571827.0 838.1802 0.0003174 0.0003174 
4910000 11624 650.636 192961.0 28.586 5.2236 5665 3579816.0 736.2934 0.0003074 0.0003074 
4920000 11637 675.281 193416.0 29.774 5.4021 5672 3587576.0 917.7356 0.0003102 0.0003102 
4930000 11653 665.516 193857.0 29.415 5.3331 5682 3596112.0 895.2249 0.0003063 0.0003063 
4940000 11669 647.969 194319.0 29.0 5.1977 5691 3604624.0 953.2729 0.0003154 0.0003154 
4950000 11684 655.678 194771.0 29.373 5.245 5700 3613896.0 1010.415 0.0003164 0.0003164 
4960000 11703 608.463 195188.0 26.679 4.8681 5711 3621225.0 746.6866 0.0003098 0.0003098 
4970000 11727 543.706 195615.0 23.828 4.3487 5723 3629524.0 740.4217 0.0003186 0.0003186 
4980000 11738 592.43 196053.0 25.747 4.7399 5730 3637600.0 863.5391 0.0003101 0.0003101 
4990000 11753 632.17 196504.0 27.931 5.0592 5740 3645873.0 904.4943 0.0002956 0.0002956 
5000000 11766 634.24 196935.0 27.748 5.0757 5746 3653542.0 944.2043 0.0003 0.0003 
5010000 11781 666.964 197376.0 29.294 5.3355 5752 3661055.0 1206.9659 0.0003252 0.0003252 
5020000 11790 735.8 197807.0 32.048 5.8824 5759 3668793.0 1125.7388 0.0003305 0.0003305 
5030000 11803 742.003 198225.0 32.156 5.9332 5767 3676633.0 1045.9768 0.0003395 0.0003395 
5040000 11823 646.917 198630.0 27.578 5.1823 5777 3683710.0 779.1054 0.0003183 0.0003183 
5050000 11840 636.521 199065.0 27.232 5.1 5786 3692161.0 893.2731 0.000336 0.000336 
5060000 11852 665.328 199513.0 28.864 5.3255 5792 3699801.0 955.9216 0.0003085 0.0003085 
5070000 11868 667.803 199988.0 29.652 5.3431 5802 3708373.0 970.8069 0.0003146 0.0003146 
5080000 11879 711.184 200422.0 31.601 5.6853 5809 3716934.0 1001.6207 0.0003095 0.0003095 
5090000 11893 710.829 200870.0 31.41 5.6892 5817 3725143.0 1029.9385 0.0003268 0.0003268 
5100000 11913 627.024 201277.0 27.29 5.018 5827 3732845.0 757.2749 0.0003097 0.0003097 
5110000 11929 633.944 201740.0 27.927 5.0715 5836 3741317.0 878.3807 0.0003047 0.0003047 
5120000 11951 566.815 202154.0 24.606 4.5435 5846 3749022.0 766.7966 0.000301 0.000301 
5130000 11966 585.308 202606.0 25.51 4.6921 5857 3757135.0 717.4245 0.0003001 0.0003001 
5140000 11981 596.951 203059.0 26.325 4.7844 5866 3765172.0 774.149 0.0003091 0.0003091 
5150000 11994 644.195 203481.0 28.094 5.1583 5877 3772397.0 707.3341 0.0002988 0.0002988 
5160000 12008 658.46 203888.0 28.476 5.2692 5885 3779670.0 801.2493 0.0003045 0.0003045 
5170000 12021 685.297 204337.0 29.696 5.4768 5895 3788535.0 866.0647 0.0003175 0.0003175 
5180000 12038 634.726 204746.0 27.126 5.0835 5904 3796410.0 800.5851 0.000328 0.000328 
5190000 12053 660.21 205215.0 28.928 5.2925 5915 3805063.0 836.599 0.0003024 0.0003024 
5200000 12069 652.885 205628.0 28.148 5.231 5923 3813159.0 901.5898 0.000308 0.000308 
5210000 12083 660.412 206077.0 28.804 5.2869 5932 3821293.0 867.5491 0.0003142 0.0003142 
5220000 12101 630.862 206507.0 27.394 5.0508 5942 3829442.0 843.6652 0.0003139 0.0003139 
5230000 12113 672.658 206990.0 30.048 5.3847 5950 3839148.0 1069.5723 0.0003277 0.0003277 
5240000 12132 633.044 207433.0 28.401 5.0637 5960 3847536.0 995.1561 0.0003172 0.0003172 
5250000 12144 671.124 207905.0 30.407 5.362 5969 3856572.0 1027.1924 0.0003131 0.0003131 
5260000 12163 628.099 208318.0 27.973 5.0257 5977 3864785.0 1028.3835 0.0003071 0.0003071 
5270000 12177 644.45 208797.0 29.236 5.166 5986 3873264.0 972.3481 0.0003023 0.0003023 
5280000 12195 615.673 209249.0 27.779 4.9393 5994 3881908.0 1013.9967 0.000304 0.000304 
5290000 12211 611.194 209677.0 27.324 4.9077 6003 3889870.0 911.3253 0.0003158 0.0003158 
5300000 12225 643.329 210100.0 28.241 5.1473 6010 3897418.0 1013.238 0.0003268 0.0003268 
5310000 12238 674.319 210508.0 29.197 5.4111 6018 3904813.0 950.6027 0.000323 0.000323 
5320000 12254 658.077 210925.0 28.081 5.2672 6026 3912669.0 957.5877 0.0003148 0.0003148 
5330000 12263 728.45 211383.0 31.851 5.8316 6034 3921028.0 956.2125 0.0003169 0.0003169 
5340000 12276 728.053 211816.0 31.62 5.8333 6042 3928962.0 984.796 0.0003203 0.0003203 
5350000 12291 728.033 212250.0 31.655 5.8305 6050 3937095.0 995.881 0.0003167 0.0003167 
5360000 12307 686.548 212711.0 30.144 5.4855 6059 3945421.0 946.1143 0.0003152 0.0003152 
5370000 12326 645.472 213144.0 28.36 5.1614 6070 3953545.0 825.7539 0.0003077 0.0003077 
5380000 12342 633.277 213572.0 27.545 5.0709 6078 3961051.0 810.9889 0.0003168 0.0003168 
5390000 12354 666.353 214023.0 29.206 5.3224 6086 3969077.0 940.7605 0.0003077 0.0003077 
5400000 12372 646.481 214443.0 28.095 5.1758 6098 3976941.0 791.4882 0.000295 0.000295 
5410000 12389 630.078 214908.0 27.887 5.0479 6108 3985552.0 808.7223 0.0003117 0.0003117 
5420000 12405 624.352 215351.0 27.53 4.9977 6118 3993668.0 778.1755 0.0002976 0.0002976 
5430000 12420 629.981 215799.0 27.91 5.0479 6126 4002521.0 911.1962 0.0002967 0.0002967 
5440000 12434 643.593 216249.0 28.884 5.1579 6133 4011084.0 1066.5008 0.0003002 0.0003002 
5450000 12450 641.099 216695.0 28.474 5.1305 6142 4018751.0 934.9337 0.000298 0.000298 
5460000 12461 687.377 217140.0 30.605 5.5049 6150 4026737.0 934.4182 0.0002894 0.0002894 
5470000 12477 685.837 217613.0 30.955 5.5038 6162 4035449.0 817.5337 0.0003005 0.0003005 
5480000 12488 727.185 218085.0 33.515 5.8209 6171 4044155.0 871.6357 0.0002986 0.0002986 
5490000 12503 699.599 218536.0 31.682 5.5881 6181 4052508.0 813.3259 0.0003064 0.0003064 
5500000 12518 694.084 218973.0 31.378 5.5482 6191 4060595.0 824.9998 0.0003178 0.0003178 
5510000 12533 691.537 219380.0 30.482 5.5346 6200 4068463.0 861.4519 0.0003101 0.0003101 
5520000 12548 684.029 219791.0 29.627 5.4737 6209 4075730.0 821.1316 0.0003235 0.0003235 
5530000 12563 669.677 220245.0 29.407 5.3635 6217 4083493.0 817.0705 0.0003157 0.0003157 
5540000 12578 669.683 220658.0 28.753 5.3671 6225 4091600.0 919.6019 0.0003121 0.0003121 
5550000 12592 671.879 221119.0 29.572 5.3842 6237 4099359.0 731.3091 0.0003146 0.0003146 
5560000 12609 657.423 221553.0 28.894 5.2752 6247 4107304.0 787.2547 0.0003035 0.0003035 
5570000 12626 635.281 222015.0 28.294 5.0962 6259 4115855.0 719.0751 0.0002882 0.0002882 
5580000 12637 675.98 222461.0 30.091 5.4192 6268 4123871.0 798.4454 0.0002888 0.0002888 
5590000 12653 665.03 222896.0 29.314 5.3387 6277 4131813.0 834.9166 0.0002959 0.0002959 
5600000 12668 668.086 223348.0 29.636 5.3643 6288 4139515.0 765.8245 0.0003095 0.0003095 
5610000 12682 668.85 223821.0 30.27 5.3592 6296 4147954.0 895.5713 0.0003104 0.0003104 
5620000 12699 654.348 224297.0 30.112 5.2404 6306 4156474.0 925.1008 0.0002955 0.0002955 
5630000 12713 660.374 224772.0 30.579 5.2883 6316 4164748.0 872.8653 0.0002845 0.0002845 
5640000 12727 684.8 225242.0 31.88 5.4794 6324 4173336.0 1019.4969 0.000298 0.000298 
5650000 12738 721.82 225703.0 33.399 5.7711 6333 4182013.0 951.5602 0.000284 0.000284 
5660000 12752 689.545 226154.0 31.834 5.5113 6342 4190291.0 795.6589 0.0002822 0.0002822 
5670000 12769 686.558 226647.0 32.185 5.4866 6353 4199297.0 900.8275 0.0002892 0.0002892 
5680000 12782 706.672 227125.0 33.408 5.6455 6361 4208221.0 996.6737 0.0002737 0.0002737 
5690000 12796 698.238 227563.0 32.254 5.5723 6369 4216095.0 897.339 0.0002868 0.0002868 
5700000 12810 708.939 228019.0 32.832 5.6705 6377 4224143.0 1033.9839 0.0002957 0.0002957 
5710000 12819 753.951 228484.0 34.81 6.034 6384 4233017.0 1105.1236 0.0002939 0.0002939 
5720000 12835 739.548 228903.0 33.448 5.9117 6392 4241168.0 1148.0994 0.0002965 0.0002965 
5730000 12847 746.768 229377.0 34.165 5.9684 6399 4249859.0 1108.8522 0.0002903 0.0002903 
5740000 12859 749.198 229831.0 34.045 5.9905 6406 4257969.0 1106.8522 0.0002906 0.0002906 
5750000 12874 752.291 230287.0 34.422 6.0068 6414 4266057.0 1019.0257 0.0002965 0.0002965 
5760000 12889 733.51 230721.0 33.214 5.8687 6422 4274084.0 1026.2921 0.0002944 0.0002944 
5770000 12909 642.77 231139.0 28.419 5.1296 6433 4281737.0 815.4864 0.000295 0.000295 
5780000 12925 626.441 231610.0 28.105 5.0172 6443 4290138.0 804.5317 0.0002825 0.0002825 
5790000 12940 640.551 232082.0 29.222 5.1298 6454 4298811.0 783.0079 0.0002714 0.0002714 
5800000 12952 679.149 232539.0 30.955 5.4309 6463 4306946.0 834.7588 0.000273 0.000273 
5810000 12969 664.515 232973.0 30.051 5.3113 6472 4314607.0 822.9945 0.0002918 0.0002918 
5820000 12978 715.369 233461.0 32.57 5.7316 6479 4323345.0 1003.2732 0.0002842 0.0002842 
5830000 12990 750.085 233938.0 34.716 6.0044 6488 4331621.0 967.4477 0.0002949 0.0002949 
5840000 13000 807.523 234403.0 37.697 6.4622 6495 4339818.0 1053.0507 0.0002838 0.0002838 
5850000 13019 726.064 234855.0 33.494 5.8226 6506 4348337.0 945.1491 0.0002906 0.0002906 
5860000 13031 731.071 235325.0 33.832 5.8495 6514 4356747.0 925.264 0.0002812 0.0002812 
5870000 13046 728.534 235776.0 33.685 5.8272 6524 4364585.0 837.769 0.000286 0.000286 
5880000 13057 733.908 236205.0 33.27 5.8685 6533 4372276.0 762.9175 0.000291 0.000291 
5890000 13068 780.921 236664.0 35.412 6.2491 6540 4381388.0 1041.359 0.0002985 0.0002985 
5900000 13080 781.379 237102.0 35.275 6.25 6547 4389588.0 1104.8194 0.0002887 0.0002887 
5910000 13100 701.782 237559.0 31.634 5.615 6556 4398006.0 1053.2403 0.0002902 0.0002902 
5920000 13116 681.943 237985.0 30.265 5.4588 6565 4405947.0 957.8651 0.0002812 0.0002812 
5930000 13129 705.214 238459.0 31.782 5.6368 6574 4414497.0 936.3084 0.0002829 0.0002829 
5940000 13140 740.429 238928.0 33.781 5.9184 6580 4422763.0 1096.6851 0.0002828 0.0002828 
5950000 13155 725.183 239383.0 33.022 5.8054 6589 4430981.0 1021.0341 0.0003039 0.0003039 
5960000 13169 721.053 239832.0 32.821 5.753 6595 4439274.0 1151.7938 0.0002866 0.0002866 
5970000 13184 710.435 240290.0 32.36 5.6799 6602 4447517.0 1197.3005 0.0002941 0.0002941 
5980000 13197 715.742 240745.0 32.665 5.7149 6611 4455721.0 1002.5782 0.0002897 0.0002897 
5990000 13210 737.327 241189.0 33.308 5.8932 6620 4463501.0 930.0347 0.0002915 0.0002915 
6000000 13220 748.389 241626.0 33.369 5.9847 6625 4471608.0 1064.8725 0.0002928 0.0002928 
