0 0 0.0 0.0 0.0 0.0 0 0.0 0.0 
10000 66 108.678 475.0 4.851 0.2834 22 6380.0 219.2874 
20000 130 143.979 917.0 6.459 0.3794 43 12330.0 289.6951 
30000 196 150.926 1338.0 6.685 0.3913 65 18130.0 287.2918 
40000 255 167.561 1789.0 7.577 0.915 85 27310.0 463.0046 
50000 315 167.166 2309.0 8.462 1.1167 105 34730.0 359.6881 
60000 358 204.481 2856.0 10.629 1.4284 119 41910.0 461.754 
70000 403 220.091 3521.0 13.483 1.5492 134 51220.0 620.0241 
80000 445 226.439 4233.0 15.466 1.6053 148 63510.0 766.3504 
90000 488 228.4 5020.0 17.139 1.6587 162 76600.0 846.8605 
100000 532 228.37 5877.0 18.424 1.6381 177 89980.0 931.1761 
110000 567 252.761 6851.0 22.551 1.8146 189 107520.0 1232.1441 
120000 603 266.295 7868.0 25.724 1.9069 201 122470.0 1306.4207 
130000 642 260.49 8974.0 27.233 1.89 214 141450.0 1399.8995 
140000 680 260.874 10154.0 29.219 1.8707 226 160780.0 1549.181 
150000 717 258.952 11336.0 29.654 1.8647 239 182100.0 1597.9375 
160000 752 277.368 12451.0 31.576 1.9792 250 202540.0 1725.3727 
170000 789 270.044 13649.0 31.263 1.9171 263 222180.0 1557.005 
180000 826 272.386 14894.0 32.983 1.9651 275 245330.0 1916.719 
190000 860 281.446 16078.0 33.925 2.0266 286 271230.0 2203.1688 
200000 897 272.505 17363.0 33.384 1.951 299 292410.0 1772.4309 
210000 933 277.131 18591.0 34.493 1.9785 311 313370.0 1840.8958 
220000 969 280.228 19796.0 34.158 2.0154 323 334240.0 1741.8536 
230000 1003 284.874 21020.0 34.689 2.0638 334 356880.0 1824.0579 
240000 1041 275.701 22340.0 35.326 1.9782 347 379710.0 1999.7009 
250000 1075 284.885 23695.0 37.248 2.0364 358 406250.0 2229.8518 
260000 1108 296.203 24943.0 38.044 2.1124 369 430280.0 2246.5771 
270000 1140 299.186 26218.0 38.131 2.1361 380 458110.0 2359.0711 
280000 1173 304.983 27495.0 39.192 2.1934 391 480010.0 2159.3083 
290000 1206 302.86 28777.0 38.883 2.1788 402 503530.0 2101.2446 
300000 1236 315.838 29965.0 39.011 2.2646 412 524570.0 2141.8115 
310000 1269 306.211 31251.0 38.12 2.1916 423 548600.0 2077.6884 
320000 1303 304.27 32417.0 36.672 2.1875 434 570790.0 2033.3876 
330000 1335 301.331 33606.0 35.777 2.1774 445 593590.0 1989.056 
340000 1368 307.582 34885.0 38.341 2.2047 456 621860.0 2676.2718 
350000 1399 316.648 36149.0 39.918 2.261 466 650500.0 2702.5782 
360000 1434 301.244 37495.0 39.265 2.1593 478 674330.0 2240.8862 
370000 1467 298.698 38886.0 39.825 2.1525 489 699630.0 2217.654 
380000 1501 297.89 40211.0 40.12 2.1387 500 723350.0 2125.8999 
390000 1536 290.169 41544.0 38.588 2.0814 512 746270.0 2020.7538 
400000 1567 304.128 42866.0 40.516 2.1685 522 769390.0 2101.7917 
410000 1600 307.556 44156.0 40.695 2.2106 533 794920.0 2359.1974 
420000 1633 300.181 45489.0 39.672 2.1763 544 814550.0 1949.7615 
430000 1665 304.784 46834.0 40.512 2.2055 555 840620.0 2258.4272 
440000 1697 309.953 48178.0 41.95 2.2217 565 862700.0 2183.5689 
450000 1729 312.914 49505.0 41.763 2.2389 576 885640.0 2159.2732 
460000 1762 311.158 50760.0 40.645 2.2523 587 908100.0 2124.7854 
470000 1794 303.256 52111.0 40.018 2.1739 598 933410.0 2301.8199 
480000 1827 306.508 53420.0 40.217 2.2092 609 954140.0 2093.6184 
490000 1860 306.87 54707.0 40.264 2.2034 620 977270.0 2122.4637 
500000 1893 305.131 56039.0 40.062 2.1833 631 1000110.0 2103.8671 
510000 1923 316.611 57342.0 41.029 2.259 641 1022300.0 2225.518 
520000 1956 311.438 58658.0 40.814 2.2404 652 1045770.0 2223.4983 
530000 1990 302.141 60090.0 41.471 2.1781 663 1068130.0 1992.3621 
540000 2025 290.516 61413.0 39.476 2.0821 675 1091920.0 2010.2366 
550000 2059 293.383 62773.0 39.701 2.0911 686 1113570.0 1843.5461 
560000 2092 293.839 64145.0 39.992 2.1032 697 1137940.0 2093.5237 
570000 2127 293.311 65468.0 39.468 2.1219 709 1160780.0 2011.8281 
580000 2160 298.002 66840.0 40.223 2.1406 720 1181740.0 1931.1622 
590000 2190 305.042 68225.0 41.411 2.1999 730 1204840.0 2131.5868 
600000 2223 310.08 69513.0 41.576 2.2228 741 1228020.0 2252.4863 
610000 2256 301.593 70925.0 41.031 2.1496 752 1255220.0 2189.2816 
620000 2290 297.776 72314.0 41.269 2.1291 763 1277740.0 2020.8478 
630000 2323 296.775 73661.0 40.455 2.1494 774 1301300.0 2050.9323 
640000 2359 289.268 75058.0 39.971 2.0781 786 1323040.0 1986.9552 
650000 2388 317.411 76306.0 41.53 2.2778 796 1343680.0 2107.6161 
660000 2422 303.013 77679.0 40.461 2.1731 807 1370190.0 2170.4007 
670000 2457 295.111 78995.0 39.174 2.1278 819 1392560.0 2025.8969 
680000 2490 299.152 80261.0 38.508 2.1591 830 1415120.0 2052.3992 
690000 2526 288.561 81685.0 38.61 2.078 842 1441360.0 2181.1424 
700000 2559 300.354 82997.0 39.864 2.154 853 1461550.0 2016.0132 
710000 2592 292.099 84404.0 39.442 2.0972 864 1483380.0 1904.3458 
720000 2625 296.451 85830.0 40.782 2.1273 875 1508100.0 2177.8187 
730000 2660 297.654 87230.0 41.971 2.1415 886 1534490.0 2350.4428 
740000 2693 301.854 88570.0 41.556 2.18 897 1554470.0 1981.1003 
750000 2724 307.135 89952.0 41.765 2.2213 908 1577980.0 2212.8589 
760000 2760 297.582 91291.0 40.455 2.1399 920 1600490.0 2126.7686 
770000 2792 305.262 92600.0 40.952 2.1874 930 1622830.0 2155.9486 
780000 2826 296.067 93990.0 39.921 2.1177 942 1646360.0 2018.1753 
790000 2857 308.02 95321.0 41.123 2.2368 952 1667000.0 2050.711 
800000 2885 328.981 96562.0 42.773 2.3828 961 1688620.0 2217.7951 
810000 2918 319.743 97925.0 42.53 2.2936 972 1710070.0 2025.6328 
820000 2949 318.76 99248.0 42.422 2.2804 983 1732580.0 2167.1382 
830000 2979 317.811 100608.0 42.423 2.2707 993 1754940.0 2149.5471 
840000 3013 307.998 101952.0 41.581 2.2131 1004 1775360.0 1923.0038 
850000 3043 317.493 103301.0 43.056 2.2878 1014 1796030.0 1928.1777 
860000 3076 314.068 104703.0 43.493 2.2602 1025 1817690.0 1934.6179 
870000 3109 303.1 106066.0 41.484 2.1767 1036 1837460.0 1848.5433 
880000 3140 311.17 107413.0 42.933 2.2282 1046 1859210.0 2056.7196 
890000 3173 310.056 108763.0 42.406 2.214 1057 1879470.0 1883.3526 
900000 3205 312.638 110139.0 42.696 2.2445 1068 1901180.0 1955.817 
910000 3236 321.258 111431.0 42.846 2.3142 1078 1922910.0 2125.5342 
920000 3266 320.206 112727.0 42.282 2.3059 1088 1946630.0 2294.5837 
930000 3300 306.731 114141.0 41.587 2.1929 1100 1969290.0 2019.7796 
940000 3333 304.362 115513.0 41.377 2.1757 1111 1990530.0 1977.4881 
950000 3368 297.482 116907.0 40.991 2.1294 1122 2012680.0 1969.98 
960000 3399 304.288 118277.0 41.603 2.1972 1133 2036740.0 2144.1803 
970000 3435 289.374 119616.0 38.998 2.0808 1145 2058500.0 1884.8072 
980000 3468 294.276 121053.0 40.369 2.1083 1156 2081980.0 2016.884 
990000 3504 283.866 122444.0 39.191 2.0324 1168 2106800.0 1952.8448 
1000000 3540 280.5 123819.0 38.844 2.0025 1180 2127300.0 1807.7173 
1010000 3571 300.964 125200.0 41.749 2.1723 1190 2149110.0 1913.6993 
1020000 3603 307.864 126523.0 41.738 2.2256 1201 2170230.0 2075.6473 
1030000 3636 306.037 127918.0 41.933 2.2007 1212 2193620.0 2187.811 
1040000 3672 288.536 129362.0 40.251 2.0756 1224 2217570.0 2004.2456 
1050000 3705 296.473 130710.0 40.73 2.1141 1235 2239190.0 2066.7502 
1060000 3736 305.213 132056.0 41.161 2.1812 1245 2264840.0 2309.0499 
1070000 3769 308.831 133387.0 41.305 2.2311 1256 2285030.0 2037.5015 
1080000 3804 296.056 134778.0 40.151 2.13 1268 2305570.0 1931.6786 
1090000 3832 321.722 136031.0 42.177 2.3121 1277 2327230.0 2116.5093 
1100000 3869 300.469 137383.0 40.355 2.148 1289 2347090.0 1880.1747 
1110000 3899 311.675 138749.0 42.435 2.2321 1299 2370530.0 2153.4655 
1120000 3930 317.366 140093.0 42.251 2.2873 1310 2390030.0 1981.506 
1130000 3963 310.939 141513.0 42.318 2.2512 1321 2413510.0 2069.0085 
1140000 3997 307.227 142838.0 41.57 2.2076 1332 2434880.0 1975.4313 
1150000 4029 306.701 144177.0 40.785 2.2055 1343 2457400.0 2053.4098 
1160000 4062 304.08 145498.0 40.893 2.1784 1354 2479110.0 2045.4147 
1170000 4090 322.822 146824.0 43.246 2.3051 1363 2501860.0 2200.5789 
1180000 4122 313.251 148237.0 42.993 2.2467 1374 2525980.0 2223.8875 
1190000 4155 306.581 149651.0 42.192 2.2105 1385 2549260.0 2142.5638 
1200000 4186 320.325 150963.0 44.008 2.3033 1395 2568970.0 2027.891 
1210000 4217 323.569 152290.0 43.668 2.3181 1405 2592130.0 2165.3437 
1220000 4251 304.146 153667.0 41.156 2.1842 1417 2614900.0 2047.1222 
1230000 4284 303.581 154988.0 41.051 2.193 1428 2635570.0 2017.626 
1240000 4314 306.653 156393.0 41.44 2.1947 1438 2658470.0 2038.6418 
1250000 4342 339.903 157641.0 44.849 2.4509 1447 2679780.0 2229.3559 
1260000 4376 319.54 159025.0 43.362 2.3058 1458 2700770.0 2002.6367 
1270000 4405 328.186 160334.0 43.05 2.3585 1468 2722700.0 2212.7636 
1280000 4438 316.987 161765.0 44.021 2.2657 1479 2743840.0 1976.4985 
1290000 4468 320.924 163107.0 44.115 2.2976 1489 2766420.0 2206.6776 
1300000 4503 300.822 164515.0 41.855 2.1679 1501 2787920.0 1960.4991 
1310000 4536 297.411 165912.0 41.552 2.1425 1512 2807700.0 1852.4411 
1320000 4565 321.197 167164.0 42.85 2.3032 1521 2826490.0 1939.4756 
1330000 4592 341.501 168407.0 44.249 2.4418 1530 2845450.0 1995.7086 
1340000 4623 333.15 169735.0 43.348 2.3932 1541 2866450.0 2052.2778 
1350000 4649 340.365 170957.0 43.696 2.429 1549 2884240.0 2009.2228 
1360000 4679 343.419 172297.0 44.95 2.4708 1559 2906380.0 2100.6629 
1370000 4713 316.641 173746.0 43.022 2.2678 1571 2929760.0 2052.2288 
1380000 4746 306.965 175090.0 41.405 2.1942 1582 2948830.0 1765.0547 
1390000 4776 315.451 176470.0 42.561 2.2436 1592 2968130.0 1849.7897 
1400000 4813 297.248 177895.0 41.8 2.145 1604 2991230.0 1907.1777 
1410000 4845 302.031 179308.0 42.59 2.1667 1615 3012670.0 1981.4069 
1420000 4875 309.757 180714.0 42.917 2.2181 1625 3033980.0 2027.6661 
1430000 4909 308.189 182107.0 43.457 2.2054 1636 3055780.0 2023.3307 
1440000 4941 304.522 183535.0 42.979 2.1734 1647 3078100.0 2114.6147 
1450000 4974 303.338 184911.0 42.327 2.1932 1658 3097960.0 1918.0552 
1460000 5004 318.88 186193.0 43.094 2.3055 1668 3117840.0 2021.9311 
1470000 5035 317.187 187594.0 43.405 2.2813 1678 3138680.0 1938.3877 
1480000 5064 328.941 188900.0 43.843 2.3647 1688 3157560.0 1991.1886 
1490000 5100 302.106 190279.0 41.239 2.1643 1700 3178160.0 1797.9589 
1500000 5130 312.103 191564.0 41.479 2.2644 1710 3199320.0 1997.1696 
1510000 5160 322.046 192923.0 43.021 2.3197 1720 3220200.0 2070.9725 
1520000 5190 324.276 194252.0 43.147 2.33 1730 3239370.0 1919.4742 
1530000 5220 327.495 195655.0 44.236 2.3408 1740 3260270.0 1998.9253 
1540000 5254 313.47 197105.0 43.76 2.2399 1751 3283220.0 2028.2218 
1550000 5284 315.641 198449.0 43.261 2.2765 1761 3303680.0 1990.1431 
1560000 5316 314.948 199808.0 43.192 2.2702 1772 3325470.0 2083.9492 
1570000 5348 309.002 201203.0 42.251 2.2235 1782 3351910.0 2470.7796 
1580000 5379 313.721 202550.0 42.901 2.2595 1793 3373020.0 2215.9326 
1590000 5410 316.831 203866.0 42.283 2.2764 1803 3392210.0 1986.4941 
1600000 5439 324.212 205177.0 42.883 2.334 1813 3411450.0 1936.4029 
1610000 5467 341.95 206470.0 45.09 2.4605 1822 3431140.0 2023.6781 
1620000 5497 341.751 207694.0 43.285 2.4589 1832 3450130.0 2044.9852 
1630000 5526 329.635 209153.0 44.138 2.3814 1842 3472190.0 2033.38 
1640000 5562 308.304 210597.0 42.995 2.2054 1854 3493720.0 1921.6353 
1650000 5595 305.692 212037.0 43.19 2.1995 1865 3517980.0 2140.2367 
1660000 5626 314.287 213431.0 44.475 2.2681 1875 3540090.0 2116.2629 
1670000 5655 332.514 214663.0 43.764 2.39 1885 3559130.0 2140.4737 
1680000 5685 327.36 216086.0 44.167 2.3503 1895 3583320.0 2248.2158 
1690000 5718 312.382 217527.0 43.521 2.2409 1906 3607630.0 2214.0179 
1700000 5747 329.337 218825.0 44.855 2.3568 1915 3627310.0 2152.9724 
1710000 5781 306.998 220284.0 42.763 2.193 1927 3651330.0 2101.6628 
1720000 5812 316.294 221729.0 45.289 2.2828 1937 3675800.0 2255.2789 
1730000 5843 321.503 223064.0 44.9 2.3147 1947 3696230.0 2113.9316 
1740000 5876 318.064 224483.0 44.395 2.2783 1958 3716190.0 1960.5648 
1750000 5904 334.14 225798.0 45.163 2.3854 1968 3736600.0 2131.651 
1760000 5931 347.228 227063.0 45.158 2.4826 1977 3756040.0 2110.5436 
1770000 5959 356.534 228358.0 46.352 2.5753 1986 3776380.0 2092.0877 
1780000 5985 363.943 229556.0 45.224 2.6301 1995 3795460.0 2153.0246 
1790000 6012 364.379 230768.0 44.892 2.6309 2004 3815470.0 2225.1154 
1800000 6041 361.359 232088.0 45.952 2.6013 2013 3833750.0 2035.7324 
1810000 6066 366.806 233304.0 45.292 2.637 2022 3851880.0 2032.4642 
1820000 6096 353.643 234685.0 45.527 2.5305 2032 3871980.0 2043.5512 
1830000 6126 351.395 235840.0 43.845 2.5369 2042 3890040.0 1993.392 
1840000 6152 367.669 237119.0 46.016 2.6591 2050 3909080.0 2083.3924 
1850000 6180 352.273 238429.0 44.4 2.5433 2060 3928160.0 1961.5 
1860000 6206 367.088 239548.0 45.28 2.6292 2068 3944440.0 1966.7286 
1870000 6238 338.604 240967.0 44.701 2.4164 2079 3969320.0 2139.4921 
1880000 6265 359.158 242099.0 43.504 2.5911 2088 3987370.0 2045.4698 
1890000 6288 375.993 243200.0 43.92 2.7105 2096 4004480.0 2131.2168 
1900000 6323 335.452 244576.0 42.837 2.409 2107 4027010.0 2025.7269 
1910000 6353 339.178 245881.0 43.46 2.4233 2117 4045600.0 1953.6341 
1920000 6383 336.778 247161.0 43.01 2.403 2127 4065670.0 1911.4573 
1930000 6413 334.952 248463.0 43.532 2.4203 2137 4085640.0 2037.6323 
1940000 6441 342.496 249738.0 43.674 2.4604 2147 4105250.0 2047.1096 
1950000 6470 345.222 251061.0 45.125 2.4733 2156 4124040.0 1990.1938 
1960000 6498 350.178 252336.0 44.798 2.5102 2166 4143050.0 2040.1351 
1970000 6531 326.715 253730.0 43.344 2.3284 2177 4163300.0 1893.491 
1980000 6562 320.843 255093.0 43.09 2.2989 2187 4182150.0 1813.0014 
1990000 6593 325.213 256259.0 41.247 2.3432 2197 4199960.0 1780.4107 
2000000 6620 346.787 257481.0 43.297 2.4933 2206 4216840.0 1809.0028 
2010000 6645 364.137 258659.0 43.494 2.6124 2215 4234800.0 1972.1532 
2020000 6673 361.732 259872.0 44.056 2.585 2224 4250850.0 1809.4771 
2030000 6697 387.009 260956.0 44.93 2.785 2232 4266190.0 1982.0089 
2040000 6724 379.494 262269.0 46.444 2.7277 2241 4285720.0 1974.0202 
2050000 6751 374.581 263541.0 47.148 2.6953 2250 4304770.0 2054.5748 
2060000 6774 401.066 264647.0 47.576 2.8771 2258 4320890.0 2157.0716 
2070000 6803 371.843 265995.0 46.636 2.6633 2267 4340770.0 2101.3988 
2080000 6829 373.75 267299.0 47.984 2.6767 2276 4361040.0 2145.8063 
2090000 6861 346.329 268619.0 44.942 2.5047 2287 4381050.0 2062.3783 
2100000 6890 348.032 269973.0 46.068 2.5052 2296 4404080.0 2238.9709 
2110000 6919 344.721 271329.0 46.487 2.4701 2306 4424820.0 2175.595 
2120000 6943 372.709 272418.0 45.964 2.6655 2314 4441900.0 2203.3794 
2130000 6973 355.796 273844.0 46.955 2.5455 2324 4463610.0 2129.2247 
2140000 7002 344.029 275207.0 45.311 2.4654 2334 4482180.0 1966.0592 
2150000 7033 342.917 276559.0 46.548 2.4715 2344 4503760.0 2075.6118 
2160000 7065 323.345 277966.0 44.088 2.3322 2355 4525200.0 2024.0082 
2170000 7094 337.249 279271.0 45.82 2.4254 2364 4544550.0 2070.0829 
2180000 7125 331.425 280644.0 44.822 2.3713 2375 4564780.0 2019.0794 
2190000 7152 343.463 281974.0 45.774 2.4557 2384 4586650.0 2239.2078 
2200000 7183 335.631 283346.0 45.608 2.4206 2394 4607680.0 2198.7928 
2210000 7210 348.613 284587.0 45.563 2.5016 2403 4626570.0 2151.6688 
2220000 7241 336.294 285978.0 45.296 2.4106 2413 4647670.0 2063.0961 
2230000 7272 326.587 287379.0 44.75 2.3378 2424 4669010.0 2007.2774 
2240000 7302 324.607 288743.0 43.811 2.3167 2434 4687100.0 1799.6553 
2250000 7333 331.002 290107.0 45.369 2.3818 2444 4708560.0 2077.1708 
2260000 7366 314.861 291507.0 44.07 2.2564 2455 4729590.0 1968.9825 
2270000 7392 340.307 292745.0 44.124 2.4366 2464 4747750.0 1993.4173 
2280000 7423 331.986 294177.0 45.155 2.3661 2474 4767770.0 1965.2028 
2290000 7449 345.325 295418.0 44.947 2.4674 2483 4787320.0 2042.8164 
2300000 7474 366.155 296523.0 45.308 2.6389 2491 4802710.0 1998.7639 
2310000 7500 367.634 297796.0 45.719 2.6476 2500 4821600.0 2031.7796 
2320000 7526 381.222 298981.0 47.306 2.7351 2508 4837970.0 1998.233 
2330000 7553 379.697 300259.0 47.354 2.7186 2517 4856690.0 2116.3796 
2340000 7579 375.588 301501.0 46.722 2.6852 2526 4874180.0 1990.8142 
2350000 7605 373.742 302756.0 46.11 2.6734 2535 4891890.0 2011.6443 
2360000 7636 354.591 304101.0 46.127 2.5563 2545 4910270.0 1927.56 
2370000 7664 357.2 305400.0 45.993 2.5651 2554 4928710.0 1887.3522 
2380000 7690 376.148 306651.0 47.949 2.6933 2563 4946750.0 1995.9797 
2390000 7720 352.01 307995.0 46.12 2.5141 2573 4965150.0 1912.7663 
2400000 7750 342.187 309377.0 45.933 2.4734 2583 4985660.0 2013.4235 
2410000 7780 341.054 310774.0 47.09 2.4586 2593 5006990.0 2021.1477 
2420000 7810 336.557 312112.0 45.419 2.4133 2603 5028340.0 2129.5673 
2430000 7839 331.889 313511.0 45.202 2.3784 2613 5047820.0 1957.794 
2440000 7870 333.894 314824.0 45.38 2.3831 2623 5069740.0 2195.651 
2450000 7901 334.2 316222.0 46.013 2.4055 2633 5089320.0 2071.4257 
2460000 7929 341.754 317535.0 45.942 2.4643 2643 5107890.0 2015.0992 
2470000 7955 356.687 318782.0 46.297 2.5588 2651 5125930.0 2078.7896 
2480000 7985 345.462 320154.0 46.554 2.47 2661 5148310.0 2062.5724 
2490000 8013 349.205 321499.0 46.426 2.5017 2671 5170030.0 2241.9489 
2500000 8041 354.726 322827.0 47.328 2.5269 2680 5188900.0 2103.3097 
2510000 8069 353.781 323958.0 44.727 2.557 2689 5204960.0 1824.7292 
2520000 8094 367.969 325185.0 44.945 2.6543 2698 5224620.0 2140.1623 
2530000 8124 357.79 326499.0 45.062 2.5743 2708 5244360.0 2116.7566 
2540000 8152 361.947 327807.0 46.361 2.5973 2717 5264310.0 2112.5227 
2550000 8180 353.182 329101.0 45.893 2.5375 2726 5283060.0 2115.0325 
2560000 8214 325.103 330515.0 43.719 2.3455 2738 5303520.0 1896.9841 
2570000 8241 343.558 331745.0 43.652 2.4843 2747 5321270.0 1938.5533 
2580000 8268 354.242 332941.0 44.595 2.5526 2756 5338180.0 1962.0403 
2590000 8294 363.534 334175.0 45.531 2.6175 2764 5357930.0 2115.1101 
2600000 8322 358.708 335340.0 43.791 2.5665 2774 5376550.0 2029.1445 
2610000 8351 352.481 336707.0 45.192 2.5552 2783 5398950.0 2093.0061 
2620000 8379 349.171 337997.0 44.534 2.5335 2793 5418410.0 2116.9163 
2630000 8406 351.469 339315.0 45.143 2.5404 2802 5438620.0 2108.0792 
2640000 8435 352.435 340632.0 46.331 2.5358 2811 5457730.0 2037.8522 
2650000 8463 356.511 342001.0 47.213 2.5557 2821 5478690.0 2187.7476 
2660000 8491 361.208 343366.0 48.79 2.615 2830 5500050.0 2251.0795 
2670000 8520 349.839 344689.0 45.966 2.532 2840 5520380.0 2128.6409 
2680000 8548 357.436 345967.0 47.383 2.566 2849 5539630.0 2127.4289 
2690000 8579 336.472 347348.0 45.621 2.4163 2859 5559230.0 2019.9583 
2700000 8608 340.838 348694.0 46.544 2.435 2869 5579530.0 2055.9095 
2710000 8640 325.394 350087.0 44.509 2.329 2880 5601340.0 2098.9454 
2720000 8670 329.948 351391.0 44.383 2.3735 2890 5620250.0 1969.8142 
2730000 8697 339.153 352757.0 45.224 2.4407 2899 5640800.0 2036.7387 
2740000 8724 356.173 354046.0 46.833 2.5583 2908 5659850.0 2157.2949 
2750000 8756 338.69 355434.0 46.082 2.425 2918 5680380.0 2034.0176 
2760000 8778 370.591 356512.0 45.939 2.6502 2926 5699270.0 2302.9012 
2770000 8807 366.56 357775.0 46.212 2.6465 2935 5718310.0 2133.7006 
2780000 8834 357.848 359028.0 45.495 2.5928 2944 5736140.0 2047.1398 
2790000 8856 396.14 360004.0 45.109 2.8385 2952 5750280.0 1927.4217 
2800000 8886 366.97 361375.0 45.347 2.628 2962 5772590.0 2164.4514 
2810000 8909 388.702 362516.0 46.724 2.7833 2969 5790660.0 2284.0426 
2820000 8938 370.884 363834.0 46.323 2.6813 2979 5812100.0 2187.5836 
2830000 8964 368.56 365095.0 45.515 2.6475 2988 5831360.0 2097.2288 
2840000 8993 363.14 366371.0 46.349 2.6041 2997 5850890.0 2165.3737 
2850000 9018 375.107 367570.0 46.013 2.6868 3006 5868840.0 2129.8726 
2860000 9043 385.431 368703.0 45.382 2.7578 3014 5885060.0 2076.3448 
2870000 9065 400.975 369798.0 46.717 2.8681 3021 5900140.0 2054.1858 
2880000 9086 432.995 370732.0 46.708 3.1203 3028 5913450.0 1962.8006 
2890000 9108 436.072 371838.0 46.64 3.1327 3036 5929870.0 2067.5274 
2900000 9136 406.356 373107.0 46.921 2.9249 3045 5949520.0 2048.7915 
2910000 9161 407.763 374256.0 46.958 2.9289 3053 5969960.0 2328.8363 
2920000 9184 409.162 375541.0 49.826 2.941 3061 5989270.0 2365.7058 
2930000 9211 399.375 376840.0 49.807 2.8544 3070 6009840.0 2278.215 
2940000 9238 385.864 378033.0 47.455 2.7858 3079 6027760.0 2226.9194 
2950000 9261 396.213 379214.0 46.922 2.8473 3087 6046500.0 2213.8846 
2960000 9288 388.511 380431.0 46.823 2.7968 3096 6065730.0 2248.5284 
2970000 9314 390.825 381660.0 47.739 2.8048 3104 6083180.0 2167.2852 
2980000 9336 408.727 382749.0 47.172 2.9254 3112 6098850.0 2078.3057 
2990000 9361 405.794 383885.0 47.139 2.9112 3120 6116340.0 2045.2002 
3000000 9390 376.18 385228.0 45.668 2.715 3130 6135560.0 1994.986 
3010000 9418 365.826 386459.0 45.363 2.6309 3139 6153860.0 2018.0985 
3020000 9446 359.978 387717.0 45.971 2.5924 3148 6173250.0 2050.6702 
3030000 9466 404.428 388701.0 47.567 2.9006 3155 6188020.0 2078.1589 
3040000 9492 396.755 389904.0 46.094 2.8391 3164 6205770.0 2075.8612 
3050000 9514 414.524 391007.0 47.618 2.97 3171 6224280.0 2220.405 
3060000 9537 425.384 392042.0 47.392 3.0623 3179 6241070.0 2360.6852 
3070000 9564 396.81 393355.0 46.515 2.8569 3188 6262790.0 2247.3794 
3080000 9596 361.94 394727.0 46.078 2.5899 3198 6281390.0 2050.2532 
3090000 9625 353.041 396051.0 45.663 2.5291 3208 6300760.0 2006.1414 
3100000 9651 362.526 397313.0 45.806 2.5863 3217 6320360.0 2010.0302 
3110000 9678 366.406 398522.0 45.391 2.6135 3226 6343660.0 2403.1157 
3120000 9703 387.714 399699.0 47.44 2.7961 3234 6359790.0 2111.6201 
3130000 9728 396.01 400818.0 46.773 2.852 3242 6375740.0 2093.2727 
3140000 9757 375.719 402157.0 46.777 2.6858 3252 6394150.0 1933.7581 
3150000 9782 380.164 403355.0 46.938 2.7188 3260 6410630.0 2016.0812 
3160000 9808 380.083 404594.0 46.704 2.7359 3269 6430450.0 2170.896 
3170000 9831 391.262 405780.0 46.737 2.8021 3277 6448490.0 2234.332 
3180000 9858 380.734 407005.0 46.042 2.7469 3286 6466300.0 2021.2681 
3190000 9885 388.216 408142.0 46.291 2.7868 3295 6484140.0 2147.5304 
3200000 9911 380.301 409402.0 46.943 2.725 3303 6503060.0 2143.7843 
3210000 9936 392.012 410601.0 46.388 2.8043 3312 6519610.0 2017.5054 
3220000 9961 394.128 411783.0 47.495 2.8276 3320 6536790.0 2050.0102 
3230000 9980 440.242 412639.0 47.137 3.1694 3326 6550060.0 2120.2589 
3240000 10002 435.009 413720.0 46.847 3.1239 3334 6565820.0 2101.6484 
3250000 10032 389.695 415091.0 46.251 2.7941 3344 6585770.0 2036.8253 
3260000 10057 392.618 416304.0 46.703 2.801 3352 6603280.0 2065.8493 
3270000 10081 407.766 417443.0 47.922 2.9289 3360 6619110.0 1955.8455 
3280000 10106 407.871 418578.0 47.277 2.9361 3368 6634650.0 2015.2081 
3290000 10134 375.494 419959.0 46.071 2.7072 3378 6656620.0 2076.3803 
3300000 10157 405.048 420995.0 47.142 2.9098 3385 6672000.0 2168.9515 
3310000 10184 394.8 422288.0 47.926 2.8241 3394 6690320.0 2080.0884 
3320000 10209 378.031 423537.0 46.346 2.715 3403 6709100.0 2092.5206 
3330000 10233 393.89 424794.0 48.625 2.8258 3411 6726430.0 2169.3771 
3340000 10263 374.066 426075.0 47.65 2.6885 3421 6745010.0 2062.2396 
3350000 10290 369.986 427318.0 46.483 2.6571 3430 6762550.0 1996.2229 
3360000 10317 367.358 428621.0 46.29 2.6261 3439 6782630.0 2106.2095 
3370000 10347 348.109 430033.0 45.734 2.4916 3449 6802420.0 2010.9654 
3380000 10371 375.569 431200.0 46.571 2.6893 3457 6822160.0 2280.6224 
3390000 10392 417.527 432287.0 49.632 3.0069 3464 6837920.0 2379.0201 
3400000 10424 368.299 433743.0 47.941 2.6454 3474 6861100.0 2246.7758 
3410000 10441 432.102 434798.0 51.852 3.1042 3480 6876810.0 2406.63 
3420000 10468 405.184 436008.0 48.77 2.8991 3489 6895420.0 2275.9982 
3430000 10492 401.756 437106.0 46.482 2.8727 3497 6912200.0 2100.598 
3440000 10518 390.349 438359.0 46.2 2.793 3506 6932640.0 2216.5763 
3450000 10544 398.486 439541.0 47.845 2.867 3514 6950240.0 2227.4627 
3460000 10569 400.876 440688.0 46.876 2.8797 3523 6966250.0 2070.2675 
3470000 10593 407.7 441975.0 49.66 2.9246 3531 6986050.0 2366.2259 
3480000 10608 469.929 443099.0 54.697 3.37 3536 7004120.0 2760.9391 
3490000 10636 420.25 444396.0 51.144 3.0198 3545 7021870.0 2244.2569 
3500000 10665 390.239 445623.0 48.016 2.8136 3555 7040970.0 2127.6015 
3510000 10694 370.114 446941.0 46.971 2.6635 3564 7060370.0 2023.1262 
3520000 10719 377.009 448189.0 47.036 2.7105 3573 7080450.0 2298.5749 
3530000 10750 354.237 449489.0 44.911 2.5368 3583 7099390.0 2060.2794 
3540000 10776 364.757 450693.0 45.547 2.6224 3592 7115830.0 1930.7203 
3550000 10796 410.581 451839.0 49.704 2.9622 3598 7132320.0 2220.3596 
3560000 10821 397.214 453070.0 47.456 2.8498 3607 7149460.0 2067.224 
3570000 10847 402.778 454286.0 49.171 2.8902 3615 7167190.0 2207.3482 
3580000 10869 411.476 455465.0 48.268 2.9628 3623 7185730.0 2187.0576 
3590000 10893 420.112 456533.0 48.12 3.0106 3631 7202170.0 2259.6992 
3600000 10916 424.045 457652.0 48.785 3.0639 3638 7219270.0 2229.7713 
3610000 10940 422.382 458801.0 48.563 3.0403 3646 7237150.0 2242.0813 
3620000 10968 392.599 460143.0 47.558 2.8281 3656 7254650.0 2007.8744 
3630000 10992 403.315 461244.0 47.339 2.8961 3664 7270300.0 2034.1723 
3640000 11017 390.098 462523.0 47.253 2.8018 3672 7288750.0 2039.5894 
3650000 11040 404.033 463677.0 47.904 2.8951 3680 7305440.0 2095.245 
3660000 11065 397.781 464912.0 48.306 2.8405 3688 7323730.0 2090.8787 
3670000 11095 371.326 466238.0 46.815 2.675 3698 7342600.0 1996.0015 
3680000 11120 388.165 467342.0 46.65 2.7858 3706 7358110.0 1954.5319 
3690000 11139 421.528 468496.0 48.961 3.0275 3713 7374170.0 2163.637 
3700000 11166 406.128 469734.0 48.529 2.9021 3722 7392540.0 2189.4026 
3710000 11187 424.378 470827.0 48.316 3.0408 3729 7408810.0 2178.1217 
3720000 11211 433.792 471861.0 48.218 3.1256 3737 7425270.0 2241.889 
3730000 11236 416.324 473156.0 49.372 2.9995 3745 7444740.0 2273.4199 
3740000 11256 445.464 474232.0 50.569 3.1958 3752 7460160.0 2335.6383 
3750000 11274 459.702 475411.0 52.87 3.3131 3758 7476150.0 2375.9071 
3760000 11298 449.711 476480.0 50.185 3.2185 3766 7491380.0 2118.6717 
3770000 11325 420.099 477702.0 48.888 3.0208 3775 7508060.0 2039.1232 
3780000 11346 428.557 478930.0 50.068 3.0863 3782 7526000.0 2164.5054 
3790000 11373 405.052 480174.0 48.352 2.91 3791 7542020.0 1936.3078 
3800000 11397 411.869 481295.0 47.539 2.9567 3799 7557240.0 1927.8061 
3810000 11421 416.679 482427.0 47.564 2.9873 3807 7572080.0 1909.255 
3820000 11447 406.021 483617.0 48.129 2.9286 3815 7588690.0 1960.1279 
3830000 11471 407.604 484908.0 50.363 2.9303 3823 7609080.0 2314.0868 
3840000 11490 447.388 486140.0 54.365 3.2169 3830 7627180.0 2565.4714 
3850000 11517 401.819 487503.0 51.202 2.8947 3839 7647550.0 2217.7152 
3860000 11543 409.847 488618.0 49.836 2.9217 3847 7663210.0 2090.7717 
3870000 11563 439.042 489714.0 51.63 3.1643 3854 7678520.0 2150.1888 
3880000 11586 432.995 490900.0 50.419 3.133 3862 7695740.0 2199.049 
3890000 11610 427.921 492178.0 51.525 3.0891 3870 7713780.0 2264.5553 
3900000 11636 419.278 493461.0 52.574 3.0095 3878 7733340.0 2431.1177 
3910000 11659 413.267 494732.0 52.909 2.9736 3886 7751110.0 2273.6024 
3920000 11685 408.784 496031.0 51.837 2.9155 3895 7769450.0 2238.343 
3930000 11714 383.479 497414.0 50.538 2.7565 3904 7789810.0 2143.4737 
3940000 11737 401.125 498692.0 52.207 2.8856 3912 7808170.0 2292.0029 
3950000 11767 369.774 500076.0 49.489 2.6594 3922 7828330.0 2035.5243 
3960000 11792 383.726 501166.0 47.464 2.7455 3930 7842470.0 1844.8993 
3970000 11815 403.886 502457.0 50.79 2.9015 3938 7861430.0 2244.3406 
3980000 11844 378.192 503761.0 47.782 2.7155 3948 7880010.0 2074.3705 
3990000 11871 370.319 504977.0 45.529 2.6773 3957 7897010.0 1887.2827 
4000000 11898 374.295 506212.0 45.968 2.6993 3966 7917380.0 2215.1181 
4010000 11926 373.388 507488.0 46.868 2.6811 3975 7934580.0 2020.7926 
4020000 11953 369.787 508764.0 46.801 2.6396 3984 7951720.0 1921.8116 
4030000 11981 369.15 510029.0 46.771 2.6397 3993 7970080.0 1933.7202 
4040000 12009 364.744 511282.0 45.879 2.628 4003 7987510.0 1981.7994 
4050000 12037 356.405 512691.0 47.305 2.5685 4012 8006890.0 1959.8533 
4060000 12061 380.512 513844.0 47.842 2.7271 4020 8023090.0 1942.251 
4070000 12087 383.916 515137.0 48.742 2.7408 4029 8044410.0 2345.657 
4080000 12110 388.09 516381.0 49.369 2.7906 4036 8062270.0 2200.2309 
4090000 12137 392.38 517673.0 49.769 2.823 4045 8081400.0 2172.5795 
4100000 12162 387.088 519013.0 49.081 2.799 4054 8102130.0 2246.136 
4110000 12187 395.861 520193.0 49.813 2.8371 4062 8122060.0 2387.658 
4120000 12214 390.634 521470.0 49.573 2.7873 4071 8140800.0 2221.4938 
4130000 12238 396.978 522610.0 48.436 2.8418 4079 8155240.0 2001.6677 
4140000 12265 390.946 523858.0 48.438 2.8063 4088 8174620.0 2083.5236 
4150000 12285 421.023 524937.0 48.654 3.0086 4095 8190050.0 2198.8358 
4160000 12309 409.064 526262.0 49.663 2.9105 4103 8209480.0 2203.4464 
4170000 12333 412.026 527512.0 50.719 2.9533 4111 8232080.0 2501.5299 
4180000 12359 408.058 528698.0 50.4 2.9163 4119 8248430.0 2258.7081 
4190000 12387 383.478 530092.0 49.374 2.7365 4129 8271500.0 2311.6242 
4200000 12416 364.663 531448.0 48.122 2.6227 4138 8290930.0 2119.8869 
4210000 12441 379.694 532621.0 47.495 2.7255 4147 8308220.0 2090.3338 
4220000 12464 399.479 533894.0 50.697 2.8726 4154 8326090.0 2202.7599 
4230000 12491 386.773 535160.0 48.927 2.7803 4163 8342990.0 2018.461 
4240000 12516 395.691 536272.0 47.413 2.8296 4172 8359530.0 2059.8227 
4250000 12541 397.573 537645.0 50.426 2.8695 4180 8379110.0 2285.8038 
4260000 12565 404.739 538841.0 50.035 2.9094 4188 8396480.0 2204.6403 
4270000 12592 392.561 540097.0 49.152 2.8176 4197 8412900.0 1988.6537 
4280000 12618 389.763 541233.0 46.898 2.7871 4206 8428320.0 1898.3518 
4290000 12635 421.777 542114.0 48.019 3.0322 4211 8440260.0 1948.3384 
4300000 12659 433.974 543323.0 49.03 3.0938 4219 8457040.0 2044.3157 
4310000 12676 482.394 544322.0 52.067 3.467 4225 8473580.0 2366.5369 
4320000 12699 449.049 545588.0 50.445 3.2182 4233 8490650.0 2234.7273 
4330000 12726 419.305 546769.0 48.319 3.0034 4242 8507430.0 2046.7917 
4340000 12749 419.964 547915.0 48.905 3.015 4249 8523860.0 2065.5903 
4350000 12778 394.252 549204.0 47.387 2.8155 4259 8542220.0 1994.1015 
4360000 12806 380.534 550494.0 47.361 2.7335 4268 8561700.0 2084.5878 
4370000 12829 400.837 551661.0 48.566 2.8748 4276 8578100.0 2105.7793 
4380000 12853 404.624 552801.0 48.108 2.9059 4284 8592560.0 1932.7802 
4390000 12879 396.038 553996.0 47.221 2.8377 4293 8608330.0 1908.8505 
4400000 12901 424.8 555215.0 50.996 3.0319 4300 8626480.0 2184.3756 
4410000 12921 448.595 556491.0 54.721 3.2086 4307 8645520.0 2618.0541 
4420000 12944 444.203 557591.0 53.093 3.1707 4314 8660520.0 2267.91 
4430000 12969 429.886 558782.0 50.54 3.0898 4323 8677160.0 2140.074 
4440000 12987 462.973 559851.0 51.827 3.3349 4329 8691840.0 2174.4361 
4450000 13011 447.704 560989.0 49.85 3.2109 4337 8708560.0 2098.2423 
4460000 13035 437.285 562239.0 50.964 3.1266 4345 8727780.0 2319.8705 
4470000 13061 417.531 563470.0 50.426 2.9852 4353 8745730.0 2179.9271 
4480000 13087 410.803 564715.0 49.679 2.9566 4362 8762240.0 1987.6154 
4490000 13114 389.395 566078.0 49.323 2.7996 4371 8780460.0 2002.831 
4500000 13133 428.014 567066.0 50.898 3.0939 4377 8794640.0 2157.6601 
4510000 13157 431.906 568317.0 51.09 3.0957 4385 8812230.0 2171.4893 
4520000 13176 452.02 569562.0 54.068 3.2287 4392 8829790.0 2306.0119 
4530000 13195 467.207 570730.0 56.257 3.345 4398 8845340.0 2397.0012 
4540000 13214 485.291 571948.0 57.703 3.5025 4404 8862140.0 2392.0527 
4550000 13239 444.542 573292.0 55.038 3.1983 4413 8881960.0 2365.6886 
4560000 13265 429.624 574683.0 56.325 3.0721 4421 8901460.0 2423.9055 
4570000 13287 439.948 575772.0 53.818 3.1432 4429 8916060.0 2198.597 
4580000 13308 447.173 576856.0 51.883 3.2072 4436 8930830.0 2109.5085 
4590000 13331 444.579 577969.0 51.473 3.1969 4443 8945690.0 2038.3023 
4600000 13350 466.132 579057.0 51.912 3.3391 4450 8964750.0 2484.9908 
4610000 13372 464.746 580095.0 51.249 3.3174 4457 8979400.0 2223.3769 
4620000 13399 428.898 581352.0 49.54 3.0508 4466 8997150.0 2083.3763 
4630000 13427 398.623 582684.0 49.347 2.838 4475 9017490.0 2115.5949 
4640000 13450 409.186 583872.0 49.363 2.9418 4483 9034220.0 2156.1425 
4650000 13473 413.131 585079.0 48.849 2.9515 4491 9052940.0 2189.6489 
4660000 13500 403.782 586210.0 47.565 2.8878 4500 9069500.0 2116.4711 
4670000 13524 411.201 587358.0 47.224 2.9438 4508 9086400.0 2114.5216 
4680000 13548 409.106 588568.0 47.298 2.9225 4516 9102920.0 2041.6742 
4690000 13572 411.952 589773.0 48.635 2.9346 4524 9120590.0 2109.0073 
4700000 13593 431.831 590815.0 48.599 3.093 4531 9136510.0 2205.7693 
4710000 13609 493.37 591883.0 54.782 3.5473 4536 9151740.0 2451.3333 
4720000 13632 475.424 592904.0 51.08 3.4019 4544 9165380.0 2169.8344 
4730000 13648 507.246 593911.0 53.711 3.6365 4549 9180950.0 2281.2149 
4740000 13672 473.611 595093.0 52.341 3.3778 4557 9199960.0 2320.5272 
4750000 13698 432.321 596336.0 49.807 3.088 4566 9218160.0 2243.0704 
4760000 13726 399.445 597742.0 50.215 2.8851 4575 9238520.0 2139.9156 
4770000 13755 372.573 599062.0 47.375 2.6845 4585 9256360.0 1978.3338 
4780000 13773 428.299 600184.0 52.455 3.0751 4591 9273360.0 2369.6907 
4790000 13793 450.328 601299.0 53.907 3.2251 4597 9289200.0 2185.227 
4800000 13814 458.913 602514.0 55.068 3.2909 4604 9308910.0 2664.2412 
4810000 13839 434.848 603715.0 51.87 3.1131 4613 9326970.0 2360.9796 
4820000 13860 444.589 605031.0 54.701 3.1983 4620 9346110.0 2553.3999 
4830000 13884 423.757 606266.0 52.429 3.0517 4628 9364270.0 2319.9038 
4840000 13907 438.928 607432.0 53.721 3.1391 4635 9381210.0 2351.6289 
4850000 13935 402.847 608732.0 49.81 2.8872 4645 9402080.0 2267.8166 
4860000 13962 391.345 609969.0 47.975 2.8197 4654 9420250.0 2158.2015 
4870000 13983 420.165 611079.0 49.543 3.0375 4661 9438000.0 2324.3052 
4880000 14004 427.583 612343.0 51.331 3.0818 4668 9457470.0 2414.6453 
4890000 14029 426.855 613596.0 52.529 3.0747 4676 9476490.0 2411.306 
4900000 14050 444.206 614703.0 52.962 3.1856 4683 9492420.0 2360.3319 
4910000 14076 411.686 615931.0 48.842 2.9568 4692 9510440.0 2170.8162 
4920000 14103 404.932 617194.0 49.526 2.9255 4701 9530120.0 2309.3895 
4930000 14128 403.194 618404.0 49.779 2.8958 4709 9547140.0 2124.1369 
4940000 14148 423.08 619737.0 53.199 3.0518 4716 9567810.0 2544.365 
4950000 14169 452.995 620996.0 57.338 3.2388 4723 9588070.0 2840.5444 
4960000 14191 449.638 622288.0 56.741 3.2281 4730 9605580.0 2524.5563 
4970000 14211 455.036 623430.0 55.07 3.273 4737 9621500.0 2323.1382 
4980000 14239 418.338 624687.0 52.148 2.9995 4746 9639980.0 2164.8695 
4990000 14262 425.744 625978.0 53.608 3.0473 4754 9658270.0 2324.5252 
5000000 14287 414.759 627338.0 54.024 2.964 4762 9677460.0 2218.0816 
5010000 14314 396.963 628642.0 52.096 2.8313 4771 9698740.0 2367.4245 
5020000 14338 406.437 629863.0 52.266 2.9232 4779 9714560.0 2136.5162 
5030000 14365 391.132 631116.0 49.844 2.8144 4788 9734130.0 2167.0189 
5040000 14391 390.997 632336.0 48.787 2.8017 4797 9751000.0 2107.3362 
5050000 14416 394.567 633626.0 49.989 2.8112 4805 9768890.0 2036.5483 
5060000 14446 367.843 635042.0 49.018 2.6192 4815 9788800.0 2051.4895 
5070000 14476 354.762 636398.0 47.538 2.5573 4825 9807170.0 1936.8504 
5080000 14501 369.957 637594.0 48.06 2.659 4833 9824620.0 2066.8859 
5090000 14524 389.219 638881.0 50.447 2.8061 4841 9842800.0 2201.6411 
5100000 14550 383.589 640241.0 49.866 2.7564 4850 9862290.0 2122.4498 
5110000 14575 392.327 641441.0 50.11 2.8093 4858 9879510.0 2093.8279 
5120000 14601 391.202 642667.0 48.4 2.808 4867 9897600.0 2064.1373 
5130000 14627 392.803 643989.0 50.09 2.82 4875 9919160.0 2254.4916 
5140000 14647 420.617 645160.0 52.781 3.0178 4882 9937570.0 2536.5981 
5150000 14672 413.479 646309.0 50.422 2.9521 4890 9954320.0 2246.4417 
5160000 14697 401.754 647502.0 47.767 2.8809 4899 9972740.0 2140.1683 
5170000 14718 409.285 648626.0 47.951 2.9378 4906 9987590.0 2042.4018 
5180000 14743 418.918 649762.0 48.767 3.0115 4914 10004240.0 2085.588 
5190000 14766 416.927 650978.0 48.413 3.0075 4922 10021310.0 2074.2345 
5200000 14790 417.261 652189.0 49.557 2.999 4930 10039910.0 2278.0997 
5210000 14809 438.331 653274.0 52.216 3.1553 4936 10056180.0 2367.4453 
5220000 14835 431.505 654631.0 52.321 3.09 4945 10074710.0 2342.5657 
5230000 14859 432.342 655775.0 51.096 3.1249 4953 10090220.0 2137.7718 
5240000 14880 440.561 656910.0 50.311 3.1743 4960 10106910.0 2161.8231 
5250000 14898 478.856 658110.0 56.459 3.4304 4966 10124470.0 2604.3271 
5260000 14921 459.344 659337.0 54.299 3.2989 4973 10140130.0 2222.4598 
5270000 14949 410.698 660742.0 51.295 2.9402 4983 10159860.0 2154.932 
5280000 14971 438.469 661883.0 53.834 3.1639 4990 10176000.0 2234.0122 
5290000 14995 421.198 663063.0 50.847 3.0378 4998 10192260.0 2092.7506 
5300000 15021 412.577 664347.0 50.886 2.959 5007 10211320.0 2204.7656 
5310000 15045 404.553 665792.0 52.36 2.9061 5015 10234170.0 2329.0262 
5320000 15074 386.731 667079.0 50.306 2.7604 5024 10253030.0 2171.6922 
5330000 15100 382.647 668363.0 49.837 2.7417 5033 10271510.0 2148.1097 
5340000 15123 393.952 669553.0 48.47 2.8191 5041 10287850.0 2082.3296 
5350000 15150 386.812 670766.0 47.013 2.7957 5050 10305910.0 2016.5088 
5360000 15176 388.617 671975.0 48.195 2.7936 5058 10321380.0 1939.7343 
5370000 15196 426.196 673215.0 52.196 3.0551 5065 10339570.0 2327.0855 
5380000 15216 445.975 674257.0 50.752 3.2008 5072 10354560.0 2242.4307 
5390000 15241 432.354 675640.0 53.848 3.1179 5080 10376410.0 2465.4759 
5400000 15263 441.02 676690.0 51.909 3.1796 5087 10393010.0 2320.2108 
5410000 15282 474.105 677943.0 56.883 3.4065 5094 10411740.0 2770.0967 
5420000 15303 470.393 679188.0 56.451 3.3692 5101 10428800.0 2535.6815 
5430000 15324 478.564 680494.0 59.266 3.427 5108 10446630.0 2647.5705 
5440000 15345 472.048 681703.0 57.423 3.3717 5115 10464670.0 2529.0691 
5450000 15368 462.95 682787.0 54.982 3.3291 5122 10478690.0 2192.9553 
5460000 15391 453.326 684058.0 54.652 3.2609 5130 10496200.0 2280.8598 
5470000 15414 445.977 685231.0 52.515 3.2004 5138 10512200.0 2156.0853 
5480000 15436 454.701 686494.0 55.811 3.2486 5145 10531920.0 2459.2167 
5490000 15460 441.012 687638.0 52.987 3.1796 5153 10548570.0 2262.0574 
5500000 15487 407.34 688967.0 50.544 2.9372 5162 10567860.0 2230.5921 
5510000 15506 450.071 690100.0 54.637 3.227 5168 10583770.0 2484.9741 
5520000 15526 442.484 691158.0 53.321 3.1688 5175 10599000.0 2284.5701 
5530000 15546 466.161 692397.0 54.173 3.344 5182 10616480.0 2299.5913 
5540000 15567 477.933 693320.0 52.114 3.4229 5189 10628590.0 2136.9025 
5550000 15589 473.127 694536.0 53.698 3.4031 5196 10646320.0 2293.5403 
5560000 15612 450.645 695708.0 51.09 3.2512 5204 10665720.0 2387.4774 
5570000 15635 448.766 696833.0 51.535 3.2351 5211 10682260.0 2380.1083 
5580000 15656 460.527 697885.0 51.39 3.2944 5218 10696080.0 2193.6134 
5590000 15680 447.976 699035.0 50.321 3.2308 5226 10711030.0 2021.5066 
5600000 15704 434.127 700188.0 49.589 3.1203 5234 10729880.0 2227.3499 
5610000 15725 448.835 701219.0 49.485 3.2197 5241 10744100.0 2063.4915 
5620000 15745 465.901 702232.0 49.675 3.3284 5248 10759700.0 2216.1116 
5630000 15768 455.953 703300.0 48.731 3.2559 5256 10774500.0 2127.1169 
5640000 15790 450.134 704440.0 49.028 3.2055 5263 10789510.0 2012.3052 
5650000 15811 463.371 705579.0 51.61 3.3274 5270 10805570.0 2179.9548 
5660000 15830 473.448 706471.0 49.94 3.3971 5276 10820180.0 2186.8073 
5670000 15853 463.286 707747.0 51.957 3.3182 5284 10838400.0 2259.2302 
5680000 15879 430.113 708942.0 49.309 3.0639 5293 10854960.0 2101.9669 
5690000 15899 448.996 709957.0 49.947 3.2019 5299 10869550.0 2155.6592 
5700000 15925 419.972 711164.0 48.09 3.0175 5308 10887220.0 2144.0864 
5710000 15946 420.727 712430.0 49.883 2.9985 5315 10905580.0 2135.3006 
5720000 15964 474.352 713746.0 59.101 3.3871 5321 10925370.0 2807.5185 
5730000 15987 454.285 714996.0 55.375 3.2528 5329 10942610.0 2374.6683 
5740000 16011 439.923 716252.0 54.337 3.1329 5337 10960120.0 2290.0303 
5750000 16035 421.959 717579.0 53.268 3.0087 5345 10980190.0 2241.5319 
5760000 16059 401.686 718764.0 50.856 2.8646 5353 10996820.0 2168.5667 
5770000 16076 475.086 719899.0 57.524 3.3894 5358 11012110.0 2526.5937 
5780000 16097 466.749 720958.0 54.498 3.3325 5365 11026090.0 2225.1742 
5790000 16117 464.824 722229.0 57.443 3.3216 5372 11043840.0 2360.4394 
5800000 16141 458.902 723428.0 54.386 3.2851 5380 11060570.0 2127.2117 
5810000 16164 443.992 724708.0 53.327 3.1834 5388 11077680.0 2158.9609 
5820000 16188 441.9 725917.0 53.821 3.1622 5396 11094580.0 2268.3352 
5830000 16209 455.97 727034.0 53.481 3.257 5403 11111410.0 2356.7742 
5840000 16231 453.794 728224.0 53.762 3.2295 5410 11129020.0 2350.14 
5850000 16257 426.816 729448.0 50.599 3.0421 5419 11147640.0 2246.0303 
5860000 16276 467.087 730729.0 57.227 3.3592 5425 11164620.0 2455.4279 
5870000 16296 471.308 731939.0 56.488 3.3843 5432 11180900.0 2372.0991 
5880000 16326 405.479 733340.0 51.676 2.9131 5442 11203040.0 2304.6286 
5890000 16349 408.193 734643.0 53.207 2.9367 5449 11223990.0 2253.7782 
5900000 16372 433.851 735922.0 56.323 3.107 5457 11241800.0 2427.027 
5910000 16398 413.01 737131.0 51.743 2.9738 5466 11259880.0 2360.1921 
5920000 16420 428.737 738310.0 52.817 3.0841 5473 11275250.0 2179.2463 
5930000 16446 405.795 739564.0 50.077 2.9176 5482 11293590.0 2160.2627 
5940000 16463 459.425 740602.0 54.065 3.2993 5487 11307930.0 2360.9964 
5950000 16485 449.463 741764.0 51.582 3.2202 5495 11323150.0 2120.373 
5960000 16512 422.055 742905.0 49.218 3.0404 5504 11340560.0 2140.7607 
5970000 16536 418.499 744163.0 49.464 3.0204 5512 11358870.0 2158.2414 
5980000 16563 392.986 745470.0 48.001 2.823 5521 11378510.0 2122.7039 
5990000 16584 421.113 746514.0 48.35 3.0213 5528 11394420.0 2231.2625 
6000000 16607 426.993 747579.0 49.075 3.0494 5535 11409290.0 2153.3207 
6010000 16631 417.992 748759.0 49.028 2.983 5543 11424480.0 2008.2267 
6020000 16653 437.663 749799.0 48.489 3.1381 5551 11442240.0 2313.6137 
6030000 16675 448.922 751077.0 52.618 3.2163 5558 11461850.0 2488.2492 
6040000 16695 457.186 752147.0 51.621 3.2708 5565 11478910.0 2388.0833 
6050000 16718 456.702 753376.0 53.622 3.2619 5572 11496470.0 2460.0298 
6060000 16740 455.256 754485.0 52.36 3.279 5580 11513610.0 2404.414 
6070000 16763 443.614 755746.0 52.981 3.1912 5587 11534260.0 2475.9107 
6080000 16789 418.807 757019.0 50.509 3.0133 5596 11551740.0 2196.5574 
6090000 16818 387.294 758351.0 48.394 2.7796 5606 11572250.0 2198.9975 
6100000 16833 448.34 759441.0 52.855 3.2065 5611 11586630.0 2309.8849 
6110000 16855 442.272 760603.0 52.29 3.1546 5618 11603870.0 2370.1044 
6120000 16879 441.788 761789.0 53.236 3.1832 5626 11621200.0 2275.4717 
6130000 16902 434.525 763035.0 51.723 3.1296 5634 11638240.0 2194.8701 
6140000 16924 452.616 764280.0 55.587 3.2459 5641 11655260.0 2378.797 
6150000 16945 466.898 765451.0 56.597 3.3476 5648 11673620.0 2438.3983 
6160000 16967 456.782 766555.0 53.886 3.2717 5655 11689370.0 2424.6318 
6170000 16993 432.094 767901.0 53.206 3.1109 5664 11707540.0 2219.409 
6180000 17016 440.849 769045.0 52.823 3.1731 5672 11723620.0 2268.1828 
6190000 17040 423.705 770332.0 50.886 3.0473 5680 11741920.0 2132.4144 
6200000 17060 454.053 771323.0 51.396 3.2526 5686 11756920.0 2196.8681 
6210000 17079 468.64 772680.0 55.9 3.3564 5693 11776350.0 2535.1134 
6220000 17101 469.045 773882.0 57.851 3.3353 5700 11792920.0 2458.2445 
6230000 17117 511.612 774996.0 60.813 3.6692 5705 11811620.0 3037.6357 
6240000 17138 487.902 776443.0 62.194 3.4749 5712 11833540.0 3006.3776 
6250000 17155 512.253 777714.0 65.455 3.6502 5718 11853400.0 3060.5187 
6260000 17174 530.617 779104.0 69.579 3.7893 5724 11876180.0 3358.8918 
6270000 17193 529.442 780261.0 66.264 3.7871 5731 11892390.0 3050.0568 
6280000 17214 515.417 781600.0 65.784 3.6772 5738 11911040.0 2915.4683 
6290000 17238 469.126 782849.0 59.193 3.354 5746 11929430.0 2468.3958 
6300000 17264 438.142 784042.0 55.46 3.1511 5754 11946150.0 2223.4279 
6310000 17284 447.921 785155.0 54.888 3.2188 5761 11964070.0 2455.0331 
6320000 17305 472.272 786304.0 55.887 3.3692 5768 11981190.0 2519.6784 
6330000 17328 456.239 787684.0 56.803 3.2618 5776 12000460.0 2528.3453 
6340000 17345 498.172 788872.0 61.572 3.5865 5781 12018290.0 2836.0635 
6350000 17373 436.343 790180.0 54.643 3.1427 5791 12037650.0 2374.6595 
6360000 17391 468.26 791565.0 60.13 3.3719 5797 12057090.0 2713.6279 
6370000 17416 445.511 792782.0 56.43 3.1981 5805 12074330.0 2348.3058 
6380000 17439 441.753 794018.0 55.531 3.1564 5813 12092260.0 2364.4373 
6390000 17462 433.498 795273.0 54.627 3.1113 5820 12110220.0 2316.0583 
6400000 17484 439.063 796623.0 56.074 3.1629 5828 12128820.0 2391.7407 
6410000 17509 424.953 797829.0 53.726 3.0562 5836 12148580.0 2453.4907 
6420000 17526 473.253 798965.0 57.413 3.3922 5842 12167720.0 2877.9719 
6430000 17543 509.749 800136.0 61.754 3.6429 5847 12185890.0 2842.9276 
6440000 17566 479.43 801538.0 61.227 3.4375 5855 12204620.0 2726.2501 
6450000 17593 435.689 802830.0 55.903 3.1428 5864 12222840.0 2324.7144 
6460000 17613 457.587 804155.0 59.536 3.2821 5871 12241820.0 2639.2563 
6470000 17640 420.878 805467.0 54.49 3.0184 5880 12260820.0 2317.7376 
6480000 17656 474.87 806646.0 59.877 3.4028 5885 12277690.0 2561.3171 
6490000 17673 503.442 807690.0 58.99 3.6073 5891 12293340.0 2706.219 
6500000 17691 518.551 808726.0 58.201 3.7202 5897 12309070.0 2601.4806 
6510000 17717 467.039 809937.0 55.079 3.3661 5905 12326070.0 2346.602 
6520000 17742 439.629 811205.0 52.749 3.1534 5914 12343640.0 2238.7554 
6530000 17767 424.573 812547.0 53.712 3.0347 5922 12365300.0 2419.8488 
6540000 17792 410.782 813829.0 52.391 2.9231 5930 12382990.0 2252.118 
6550000 17814 423.732 815002.0 52.349 3.0376 5938 12398450.0 2142.8329 
6560000 17838 417.273 816316.0 52.281 2.9995 5946 12417480.0 2198.2142 
6570000 17863 404.536 817577.0 51.192 2.9064 5954 12435210.0 2124.216 
6580000 17884 427.893 818755.0 52.981 3.069 5961 12452530.0 2359.5121 
6590000 17909 423.773 819919.0 51.661 3.0342 5969 12470400.0 2286.2977 
6600000 17931 425.852 821187.0 51.752 3.0461 5977 12490720.0 2423.2422 
6610000 17955 422.667 822235.0 49.409 3.0564 5985 12505010.0 2139.2734 
6620000 17980 418.068 823461.0 50.205 3.0086 5993 12523170.0 2114.6445 
6630000 18002 423.034 824507.0 49.377 3.0427 6000 12538780.0 2163.6107 
6640000 18027 417.602 825730.0 48.451 2.9963 6009 12556200.0 2154.5506 
6650000 18049 433.349 826844.0 50.221 3.1105 6016 12571660.0 2080.1479 
6660000 18067 467.927 827903.0 53.553 3.3422 6022 12587990.0 2409.8015 
6670000 18091 449.84 829006.0 50.245 3.2504 6030 12604490.0 2292.4331 
6680000 18111 458.357 830124.0 50.814 3.3007 6037 12621890.0 2358.1188 
6690000 18136 439.667 831299.0 50.298 3.1612 6045 12638760.0 2221.8171 
6700000 18156 438.929 832492.0 51.058 3.1544 6052 12656260.0 2288.5635 
6710000 18180 435.861 833636.0 49.779 2.9832 6060 12673710.0 2222.152 
6720000 18200 466.034 834763.0 54.054 3.097 6066 12691320.0 2494.9122 
6730000 18219 490.021 835830.0 55.203 3.2005 6073 12707120.0 2601.0191 
6740000 18241 472.722 837125.0 55.447 3.0629 6080 12727490.0 2682.7234 
6750000 18265 451.014 838398.0 54.785 2.8758 6088 12746460.0 2555.4608 
6760000 18282 488.828 839551.0 57.861 3.1056 6094 12761580.0 2575.8519 
6770000 18302 489.013 840566.0 55.827 3.1047 6100 12778410.0 2590.0133 
6780000 18327 453.907 841767.0 52.272 2.8811 6109 12795650.0 2302.0003 
6790000 18344 484.553 842839.0 55.336 3.0843 6114 12811250.0 2568.883 
6800000 18367 468.637 844025.0 54.652 2.9805 6122 12829500.0 2375.1085 
6810000 18390 446.387 845275.0 52.447 2.8118 6130 12846910.0 2266.7646 
6820000 18411 466.847 846509.0 55.958 2.941 6137 12866160.0 2605.3686 
6830000 18434 459.802 847697.0 55.296 2.8952 6144 12883790.0 2553.4159 
6840000 18456 451.146 848984.0 54.645 2.8505 6152 12902040.0 2361.5159 
6850000 18477 459.761 850168.0 54.988 2.9061 6159 12918630.0 2342.2831 
6860000 18498 467.69 851305.0 54.435 2.9621 6166 12937130.0 2498.5804 
6870000 18523 446.599 852522.0 53.686 2.8333 6174 12953610.0 2186.016 
6880000 18548 422.724 853735.0 51.497 2.6559 6182 12970770.0 2154.7428 
6890000 18573 414.332 855085.0 51.681 2.6046 6191 12992790.0 2416.2524 
6900000 18593 441.569 856197.0 53.449 2.7859 6197 13008210.0 2356.6881 
6910000 18613 455.329 857351.0 54.476 2.8839 6204 13024510.0 2357.6113 
6920000 18638 438.962 858531.0 52.379 2.7802 6212 13040960.0 2187.4565 
6930000 18660 444.815 859809.0 53.776 2.7934 6220 13058790.0 2294.7386 
6940000 18687 407.177 861123.0 50.276 2.564 6229 13076380.0 2070.2542 
6950000 18708 437.509 862264.0 53.043 2.7526 6236 13091470.0 2209.9724 
6960000 18728 458.404 863406.0 54.486 2.8882 6242 13108550.0 2345.3679 
6970000 18749 462.314 864636.0 55.619 2.9209 6249 13126720.0 2467.0952 
6980000 18773 449.06 865810.0 53.419 2.8403 6257 13144660.0 2375.0887 
6990000 18794 455.553 866989.0 54.229 2.8853 6264 13164500.0 2634.4796 
7000000 18819 423.923 868350.0 52.219 2.6675 6273 13183980.0 2357.3326 
7010000 18846 404.35 869561.0 50.277 2.5466 6282 13203460.0 2303.0072 
7020000 18870 405.781 870819.0 50.301 2.5664 6290 13221410.0 2230.0211 
7030000 18894 412.477 872096.0 51.626 2.6134 6298 13240850.0 2416.2205 
7040000 18923 382.967 873328.0 47.732 2.426 6307 13257990.0 2088.5361 
7050000 18942 429.038 874441.0 51.019 2.7228 6314 13273870.0 2281.1525 
7060000 18966 412.795 875735.0 50.355 2.6129 6322 13290110.0 2037.4867 
7070000 18988 435.321 876750.0 50.11 2.7594 6329 13303610.0 2003.528 
7080000 19011 426.564 877969.0 49.321 2.6912 6337 13321260.0 2131.956 
7090000 19034 429.298 879227.0 51.661 2.7031 6344 13339570.0 2245.4485 
7100000 19061 404.679 880589.0 51.417 2.5481 6353 13357930.0 2084.1234 
7110000 19082 426.626 881821.0 53.786 2.699 6360 13376180.0 2358.3085 
7120000 19104 435.431 883171.0 55.807 2.7568 6368 13397360.0 2591.8557 
7130000 19126 441.552 884441.0 56.767 2.7814 6375 13415620.0 2511.4798 
7140000 19147 459.723 885496.0 55.348 2.9016 6382 13428650.0 2256.7411 
7150000 19167 458.262 886652.0 53.453 2.8965 6389 13445200.0 2248.0995 
7160000 19185 485.226 887689.0 54.681 3.0692 6395 13459830.0 2342.1027 
7170000 19202 521.93 888729.0 58.313 3.2987 6400 13474400.0 2524.235 
7180000 19224 499.4 889852.0 55.432 3.1661 6408 13489250.0 2263.2477 
7190000 19242 487.921 891012.0 53.423 3.0966 6414 13506630.0 2306.3911 
7200000 19269 443.762 892456.0 54.223 2.8056 6423 13528850.0 2437.4541 
7210000 19291 459.378 893609.0 55.488 2.8989 6430 13548120.0 2540.1382 
7220000 19313 455.512 894913.0 56.86 2.8738 6437 13566990.0 2596.0153 
7230000 19337 434.439 896160.0 54.731 2.7405 6445 13584390.0 2301.4848 
7240000 19364 410.598 897513.0 52.845 2.5917 6454 13603920.0 2213.3296 
7250000 19389 399.524 898808.0 50.966 2.5318 6463 13622790.0 2190.2843 
7260000 19416 390.87 900061.0 49.834 2.4782 6472 13640590.0 2139.6837 
7270000 19437 411.807 901279.0 51.03 2.5902 6479 13660470.0 2470.4202 
7280000 19455 458.042 902415.0 55.182 2.8866 6485 13676310.0 2559.7769 
7290000 19475 462.839 903611.0 55.87 2.9252 6491 13692270.0 2412.3127 
7300000 19497 460.247 905003.0 58.038 2.9031 6499 13711990.0 2487.6438 
7310000 19515 485.628 905915.0 55.159 3.0707 6505 13724620.0 2316.709 
7320000 19531 517.744 907013.0 59.754 3.251 6510 13740760.0 2626.9015 
7330000 19552 513.786 908285.0 60.162 3.2213 6517 13758830.0 2696.5491 
7340000 19570 512.04 909434.0 59.945 3.2307 6523 13774110.0 2615.1991 
7350000 19589 525.952 910546.0 60.241 3.315 6529 13790860.0 2595.0447 
7360000 19607 521.101 911501.0 58.25 3.2736 6535 13804300.0 2449.5667 
7370000 19626 543.603 912553.0 58.113 3.435 6542 13821000.0 2602.6352 
7380000 19652 478.592 913836.0 54.496 3.0337 6550 13840940.0 2425.9376 
7390000 19673 479.855 915114.0 56.899 3.016 6557 13859490.0 2595.3322 
7400000 19697 448.337 916275.0 53.0 2.8314 6565 13876090.0 2346.7586 
7410000 19716 472.61 917451.0 54.425 2.9893 6572 13892060.0 2324.984 
7420000 19738 464.304 918705.0 56.567 2.9344 6579 13911000.0 2372.2324 
7430000 19761 457.903 919935.0 54.716 2.8983 6587 13929800.0 2439.2104 
7440000 19782 455.016 921241.0 55.456 2.8724 6594 13949750.0 2560.1008 
7450000 19803 466.255 922557.0 58.954 2.9398 6601 13969670.0 2780.2558 
7460000 19825 460.903 923768.0 58.028 2.914 6608 13986540.0 2456.7439 
7470000 19848 450.769 925070.0 56.475 2.8523 6616 14004260.0 2416.9678 
7480000 19867 481.317 926184.0 58.346 3.0465 6622 14019200.0 2527.4255 
7490000 19887 483.754 927382.0 58.06 3.0602 6629 14038530.0 2700.8545 
7500000 19907 489.598 928587.0 59.831 3.0816 6635 14054140.0 2413.778 
7510000 19927 496.43 929884.0 61.121 3.1259 6642 14071480.0 2576.5972 
7520000 19946 497.447 931153.0 62.288 3.1485 6648 14089170.0 2526.2073 
7530000 19968 489.987 932405.0 60.342 3.099 6656 14106820.0 2535.0313 
7540000 19994 438.698 933761.0 56.215 2.7857 6664 14127510.0 2327.5367 
7550000 20018 439.195 935034.0 56.262 2.7799 6672 14145860.0 2371.1381 
7560000 20037 463.679 936261.0 58.181 2.9406 6679 14163870.0 2551.2418 
7570000 20049 544.279 937282.0 64.11 3.4377 6683 14177990.0 2904.5107 
7580000 20068 535.991 938572.0 65.414 3.3735 6689 14195920.0 2807.7339 
7590000 20089 515.91 939732.0 62.155 3.2538 6696 14214450.0 2690.3471 
7600000 20109 499.753 941060.0 61.098 3.1689 6703 14232530.0 2635.1735 
7610000 20133 473.649 942355.0 59.756 3.0051 6711 14251150.0 2532.0681 
7620000 20153 479.577 943531.0 59.562 3.033 6717 14269400.0 2605.3672 
7630000 20173 496.185 944708.0 60.213 3.1571 6724 14285590.0 2568.0886 
7640000 20197 465.561 946088.0 59.448 2.94 6732 14304060.0 2437.4177 
7650000 20223 432.999 947436.0 55.988 2.7385 6741 14323370.0 2368.8203 
7660000 20241 468.084 948733.0 61.005 2.9557 6747 14342200.0 2725.9091 
7670000 20265 442.215 950202.0 59.538 2.8075 6755 14362580.0 2546.8453 
7680000 20291 423.917 951481.0 55.847 2.6847 6763 14381180.0 2393.9071 
7690000 20313 440.095 952729.0 56.854 2.7635 6771 14398530.0 2415.035 
7700000 20333 457.756 953954.0 58.136 2.8767 6777 14415810.0 2517.5042 
7710000 20349 495.482 955179.0 61.552 3.1266 6783 14434230.0 2794.5168 
7720000 20370 479.225 956533.0 61.158 3.034 6790 14455170.0 2843.9986 
7730000 20394 459.559 957666.0 57.333 2.9078 6798 14470270.0 2378.8191 
7740000 20413 466.944 958801.0 57.649 2.9416 6804 14486390.0 2378.3425 
7750000 20431 493.375 959990.0 59.712 3.1043 6810 14503250.0 2494.4224 
7760000 20448 526.548 961326.0 64.759 3.3195 6816 14521430.0 2893.4297 
7770000 20468 509.825 962367.0 60.416 3.2269 6822 14536540.0 2553.5183 
7780000 20491 493.275 963849.0 63.383 3.1168 6830 14561190.0 3021.0214 
7790000 20508 520.974 965126.0 66.43 3.3007 6836 14578630.0 3086.0599 
7800000 20529 501.932 966315.0 61.955 3.1902 6843 14595210.0 2677.8349 
7810000 20547 525.666 967555.0 65.415 3.343 6849 14613110.0 2948.8927 
7820000 20570 494.723 968810.0 61.934 3.1374 6856 14630910.0 2693.0411 
7830000 20586 534.699 969876.0 63.552 3.3717 6862 14646010.0 2785.9276 
7840000 20605 524.944 971186.0 64.564 3.3252 6868 14663460.0 2697.0788 
7850000 20625 512.481 972468.0 63.194 3.249 6875 14683320.0 2780.429 
7860000 20647 494.684 973589.0 60.006 3.137 6882 14698590.0 2454.2116 
7870000 20669 482.628 974873.0 60.079 3.069 6889 14719020.0 2763.7193 
7880000 20689 480.457 976046.0 58.467 3.0363 6896 14737620.0 2646.9814 
7890000 20712 469.433 977223.0 55.456 2.9619 6904 14754290.0 2448.5544 
7900000 20733 471.063 978448.0 56.839 2.9693 6911 14771210.0 2489.0403 
7910000 20757 441.694 979714.0 53.93 2.788 6919 14790440.0 2370.9999 
7920000 20776 471.186 980778.0 56.266 2.9652 6925 14804590.0 2274.8467 
7930000 20790 534.113 981474.0 53.77 3.3575 6930 14816540.0 2442.8112 
7940000 20808 534.862 982447.0 52.359 3.3761 6936 14831220.0 2337.4831 
7950000 20824 571.319 983485.0 58.207 3.6058 6941 14846410.0 2622.1293 
7960000 20841 571.283 984686.0 60.345 3.5915 6947 14864020.0 2839.0016 
7970000 20862 539.057 985685.0 56.0 3.3914 6954 14877370.0 2396.0111 
7980000 20883 522.715 986797.0 56.06 3.2868 6961 14893270.0 2406.3708 
7990000 20904 503.242 988057.0 56.153 3.1763 6968 14910270.0 2357.6817 
