0 0 0.0 0.0 0.0 0.0 0 0.0 0.0 0.0 0.001221 
1000 5 18.029 0.0 0.0 0.9159 1 580.0 28.0 0.0335072 0.0063676 
2000 13 33.331 0.0 0.0 1.6845 4 1130.0 78.512 0.0176398 0.0067023 
3000 19 47.834 0.0 0.0 2.4641 6 1670.0 103.9947 0.0163968 0.0089264 
4000 24 62.569 0.0 0.0 3.2493 8 2410.0 169.9357 0.0159297 0.0064015 
5000 28 73.505 0.0 0.0 3.8271 9 3210.0 197.9422 0.0155132 0.0035631 
6000 33 90.88 0.0 0.0 4.7702 11 3550.0 235.2331 0.0143578 0.0008964 
7000 38 99.987 0.0 0.0 5.2595 12 4150.0 245.7098 0.0126836 0.001834 
8000 45 107.627 0.0 0.0 5.6789 15 4610.0 243.0825 0.0122981 -0.0011161 
9000 50 113.626 0.0 0.0 5.9778 16 5160.0 240.7742 0.0122819 -0.0021695 
10000 55 122.922 0.0 0.0 6.3863 18 5840.0 280.7271 0.0110115 -0.0055242 
11000 61 128.66 0.0 0.0 6.618 20 6330.0 269.389 0.0102834 -0.0023471 
12000 66 134.638 0.0 0.0 6.86 22 6840.0 273.4051 0.0097908 -0.0039741 
13000 71 141.43 0.0 0.0 7.1562 23 7880.0 336.0646 0.0089125 -0.0080557 
14000 77 145.17 0.0 0.0 7.3245 25 8300.0 317.8123 0.0084852 -0.0130692 
15000 81 150.668 0.0 0.0 7.5583 27 8660.0 297.628 0.0090628 -0.0113014 
16000 87 154.253 0.0 0.0 7.7132 29 9060.0 287.8786 0.0078427 -0.0159661 
17000 91 159.085 0.0 0.0 7.9311 30 9830.0 290.0908 0.0078526 -0.0151663 
18000 97 161.972 0.0 0.0 8.0172 32 10340.0 306.4735 0.0069075 -0.0175394 
19000 102 164.591 0.0 0.0 8.1368 34 10840.0 302.8436 0.0065242 -0.0260172 
20000 107 168.439 0.0 0.0 8.3043 35 11310.0 300.5592 0.0066481 -0.0246784 
21000 113 169.052 0.0 0.0 8.316 37 11890.0 303.053 0.0060219 -0.0336527 
22000 118 172.345 0.0 0.0 8.4998 39 12400.0 300.5729 0.0058818 -0.0332251 
23000 124 171.567 0.0 0.0 8.5329 41 12830.0 289.164 0.0055786 -0.0344227 
24000 129 173.008 0.0 0.0 8.664 43 13430.0 293.9229 0.0048443 -0.0387894 
25000 135 173.454 0.0 0.0 8.711 45 13770.0 277.7775 0.0047216 -0.0367122 
26000 140 176.856 0.0 0.0 8.8513 46 14150.0 269.9998 0.0051449 -0.0335874 
27000 145 179.5 0.0 0.0 8.948 48 14610.0 271.1998 0.0049958 -0.0423824 
28000 150 179.571 0.0 0.0 8.9267 50 15180.0 281.6719 0.0044395 -0.0409962 
29000 155 181.517 0.0 0.0 9.0074 51 15530.0 273.5047 0.004232 -0.0396502 
30000 161 181.279 0.0 0.0 8.9825 53 16070.0 271.2388 0.0041552 -0.0593119 
31000 167 179.643 0.0 0.0 8.8598 55 16630.0 274.6034 0.0041367 -0.0430614 
32000 172 179.642 0.0 0.0 8.8471 57 17160.0 268.1288 0.0041718 -0.0452365 
33000 177 181.287 0.0 0.0 8.9219 59 17960.0 299.4843 0.0037868 -0.0256718 
34000 183 179.259 0.0 0.0 8.8177 61 18530.0 301.3823 0.0039317 -0.0406332 
35000 189 178.207 0.0 0.0 8.757 63 19080.0 296.3196 0.0035405 -0.0490289 
36000 195 178.905 0.0 0.0 8.7671 65 19470.0 292.0189 0.0038389 -0.0515251 
37000 201 177.794 0.0 0.0 8.6983 67 20000.0 286.8353 0.0034806 -0.0812662 
38000 205 182.954 0.0 0.0 8.9498 68 20360.0 277.1518 0.0033319 -0.1004195 
39000 210 183.964 0.0 0.0 8.9927 70 20750.0 276.5929 0.003318 -0.0838441 
40000 216 182.667 0.0 0.0 8.9236 72 21310.0 278.0403 0.0033088 -0.0840259 
41000 222 179.084 0.0 0.0 8.7405 74 21840.0 264.2126 0.0036556 -0.032715 
42000 228 177.287 0.0 0.0 8.6504 76 22310.0 256.4122 0.0031873 -0.1121058 
43000 234 177.062 0.0 0.0 8.6255 78 22650.0 246.1939 0.0031124 -0.0785754 
44000 239 178.464 0.0 0.0 8.6727 79 23000.0 246.5745 0.0031424 -0.0937969 
45000 244 180.395 0.0 0.0 8.7603 81 23450.0 247.9254 0.0030056 -0.0652147 
46000 250 180.582 0.0 0.0 8.7715 83 23860.0 235.3195 0.0030245 -0.0850332 
47000 256 179.267 0.0 0.0 8.6822 85 24350.0 237.1088 0.0029693 -0.0970551 
48000 261 180.201 0.0 0.0 8.7358 87 24760.0 241.0582 0.0029388 -0.08095 
49000 267 180.2 0.0 0.0 8.7197 89 25180.0 241.6571 0.0028303 -0.0799426 
50000 272 179.959 0.0 0.0 8.714 90 25560.0 232.4914 0.0026745 -0.0560679 
51000 277 182.299 0.0 0.0 8.8552 92 26080.0 241.018 0.0027011 -0.1086928 
52000 283 180.737 0.0 0.0 8.8363 94 26560.0 237.9246 0.0026152 -0.1199377 
53000 289 179.018 0.0 0.0 8.8495 96 27170.0 246.4189 0.0027109 -0.097544 
54000 296 175.862 0.0 0.0 8.7353 98 27750.0 257.2993 0.0026976 -0.1446994 
55000 300 178.039 0.0 0.0 9.0466 100 28160.0 257.4125 0.0024357 -0.1930352 
56000 306 178.902 0.0 0.0 9.0322 102 28620.0 261.8041 0.0023912 -0.1657571 
57000 312 176.394 0.0 0.0 8.8815 104 29100.0 249.0613 0.0021239 -0.2288475 
58000 317 178.81 0.0 0.0 8.9649 105 29330.0 239.1552 0.002275 -0.2089935 
59000 323 177.837 0.0 0.0 8.8999 107 29890.0 236.6157 0.0022335 -0.1324921 
60000 329 178.137 0.0 0.0 8.949 109 30430.0 250.4587 0.0023026 -0.1719118 
61000 334 179.565 0.0 0.0 9.0491 111 30890.0 254.4716 0.0021073 -0.2536926 
62000 339 181.414 0.0 0.0 9.086 113 31280.0 258.222 0.0021199 -0.2033898 
63000 345 179.905 0.0 0.0 8.974 115 31710.0 250.0598 0.0021782 -0.1430058 
64000 350 179.885 0.0 0.0 8.9483 116 32180.0 253.0538 0.0019785 -0.1798687 
65000 355 181.659 0.0 0.0 9.019 118 32710.0 251.0736 0.0020522 -0.1098262 
66000 361 180.34 0.0 0.0 8.9273 120 33240.0 252.5696 0.0019225 -0.1160294 
67000 366 180.999 0.0 0.0 8.9293 122 33650.0 253.0814 0.0020226 -0.2956204 
68000 372 179.195 0.0 0.0 8.8266 124 34110.0 248.1959 0.0018647 -0.157444 
69000 376 186.351 0.0 0.0 9.1717 125 34500.0 250.3763 0.0020835 -0.0271646 
70000 382 185.353 0.0 0.0 9.1068 127 34910.0 251.6048 0.0019047 -0.0409463 
71000 387 184.269 0.0 0.0 9.0885 129 35370.0 255.6999 0.0019374 -0.2176053 
72000 392 185.822 0.0 0.0 9.2469 130 36280.0 241.1299 0.001992 -0.1570519 
73000 397 190.617 0.0 0.0 9.5248 132 36780.0 307.5152 0.0021111 0.0715739 
74000 402 189.599 0.0 0.0 9.4659 134 37120.0 293.9873 0.0019512 0.2100107 
75000 407 190.898 0.0 0.0 9.4981 135 37370.0 272.5886 0.0018816 -0.2598236 
76000 411 196.741 0.0 0.0 9.7511 137 37570.0 259.6968 0.0018647 -0.3914115 
77000 416 196.367 0.0 0.0 9.7115 138 37980.0 251.7271 0.0018861 0.2047796 
78000 422 192.819 0.0 0.0 9.5002 140 38470.0 256.5989 0.0018978 0.0697152 
79000 427 192.071 0.0 0.0 9.4596 142 38910.0 244.8451 0.0018709 -0.2272726 
80000 432 190.832 0.0 0.0 9.3816 144 39150.0 227.8246 0.0016601 -0.0037898 
81000 437 194.97 0.0 0.0 9.5593 145 39530.0 236.0421 0.0017178 -0.2866315 
82000 443 191.741 0.0 0.0 9.4086 147 40100.0 240.0941 0.0017835 -0.1366803 
83000 449 187.859 0.0 0.0 9.2406 149 40610.0 247.7762 0.0016842 -0.2486747 
84000 455 187.387 0.0 0.0 9.3159 151 40980.0 240.4987 0.0017363 -0.1659051 
85000 460 186.091 0.0 0.0 9.2839 153 41540.0 239.504 0.0017394 -0.0213125 
86000 466 185.757 0.0 0.0 9.3227 155 42050.0 247.3982 0.0015738 -0.3662551 
87000 471 186.989 0.0 0.0 9.3701 157 42400.0 250.5926 0.0017317 -0.4969014 
88000 477 182.447 0.0 0.0 9.1154 159 42950.0 246.08 0.0014873 -0.2409299 
89000 482 184.369 0.0 0.0 9.1567 160 43320.0 244.472 0.0015487 -0.0939185 
90000 488 184.367 0.0 0.0 9.1366 162 43650.0 231.4223 0.0014442 -0.1392021 
91000 494 182.506 0.0 0.0 9.0261 164 43860.0 223.1521 0.0013273 -0.2204772 
92000 499 185.015 0.0 0.0 9.1204 166 44290.0 221.2532 0.0016468 -0.4469121 
93000 504 183.478 0.0 0.0 9.036 168 44760.0 216.6151 0.0015318 0.0070797 
94000 509 186.493 0.0 0.0 9.157 169 45160.0 217.9536 0.0016357 -0.0263806 
95000 515 183.133 0.0 0.0 8.9906 171 45560.0 226.4424 0.0016086 -0.1154164 
96000 521 183.169 0.0 0.0 8.9612 173 46120.0 231.6183 0.0016055 0.0229297 
97000 526 184.046 0.0 0.0 9.0284 175 46660.0 244.3108 0.0015872 0.13703 
98000 531 185.281 0.0 0.0 9.118 177 47070.0 249.1918 0.0013909 -0.4754349 
99000 537 184.305 0.0 0.0 9.1798 179 47430.0 240.9453 0.0013681 -0.279276 
100000 542 184.311 0.0 0.0 9.231 180 47850.0 235.8508 0.0013786 -0.4157751 
101000 548 183.363 0.0 0.0 9.1863 182 48300.0 235.3392 0.0013895 -0.0456879 
102000 554 180.85 0.0 0.0 9.0403 184 48640.0 220.4247 0.0015011 -0.0580481 
103000 559 183.849 0.0 0.0 9.1393 186 49070.0 224.244 0.0014627 -0.2612435 
104000 563 187.01 0.0 0.0 9.2747 187 49370.0 228.8196 0.0013183 -0.1992274 
105000 568 183.71 0.0 0.0 9.0953 189 49830.0 225.2439 0.0015387 0.3150004 
106000 573 189.53 0.0 0.0 9.3635 191 50130.0 224.9476 0.0014519 0.0943531 
107000 579 186.764 0.0 0.0 9.1868 193 50570.0 227.1075 0.0016576 0.3444399 
108000 583 193.133 0.0 0.0 9.4905 194 51590.0 258.3968 0.0017565 0.2367559 
109000 588 191.003 0.0 0.0 9.3539 196 52360.0 290.8014 0.0016533 1.4506336 
110000 592 198.528 0.0 0.0 9.736 197 54150.0 432.7212 0.0019275 0.8575289 
111000 598 196.027 0.0 0.0 9.7099 199 55010.0 469.2042 0.0018662 -0.0490281 
112000 602 195.195 0.0 0.0 9.6927 200 55700.0 475.2838 0.001786 0.5541712 
113000 607 199.454 0.0 0.0 10.0131 202 56760.0 501.8799 0.0016747 0.0019975 
114000 612 200.252 0.0 0.0 10.0962 204 57390.0 483.0227 0.0019086 0.2597868 
115000 616 202.402 0.0 0.0 10.1973 205 57940.0 472.7204 0.001941 -0.0815145 
116000 621 202.261 0.0 0.0 10.1485 207 58400.0 441.9035 0.0016411 -0.1368161 
117000 626 204.018 0.0 0.0 10.2025 208 58850.0 426.7132 0.0013993 -0.3398954 
118000 631 202.065 0.0 0.0 10.0753 210 59390.0 399.8377 0.0013329 -0.6195169 
119000 637 195.319 0.0 0.0 9.6967 212 59680.0 349.2685 0.0011452 0.0108431 
120000 642 197.703 0.0 0.0 9.7906 214 60270.0 346.6075 0.0010945 -0.4525413 
121000 645 200.975 0.0 0.0 9.9334 215 61370.0 393.9468 0.0011213 -0.5241677 
122000 651 201.697 0.0 0.0 9.946 217 61710.0 376.1969 0.0010657 -0.5032093 
123000 655 205.191 0.0 0.0 10.104 218 61880.0 356.5772 0.0010374 -0.7567873 
124000 660 202.038 0.0 0.0 9.9314 220 62380.0 329.0275 0.0009755 -0.3213322 
125000 665 204.519 0.0 0.0 10.1144 221 63370.0 335.1248 0.0010359 -0.5069977 
126000 671 200.285 0.0 0.0 9.979 223 63710.0 362.5511 0.0010277 -0.1382578 
127000 675 205.044 0.0 0.0 10.2375 225 64240.0 356.3664 0.001149 -0.144098 
128000 680 201.973 0.0 0.0 10.0746 226 64630.0 342.7297 0.001157 -0.5725046 
129000 687 197.07 0.0 0.0 9.7995 229 65030.0 301.22 0.0011714 -0.2841153 
130000 693 193.739 0.0 0.0 9.6119 231 65490.0 287.5882 0.0011805 0.1864857 
131000 699 188.939 0.0 0.0 9.3507 233 66050.0 279.7464 0.0012071 0.0424308 
132000 705 186.045 0.0 0.0 9.1884 235 66450.0 265.0946 0.0011552 0.0856185 
133000 710 185.416 0.0 0.0 9.1388 236 67010.0 258.5851 0.0013512 0.7130152 
134000 716 185.315 0.0 0.0 9.1267 238 67880.0 290.054 0.00179 0.1139838 
135000 721 187.688 0.0 0.0 9.2187 240 68780.0 335.9437 0.0019739 0.7533629 
136000 729 177.804 0.0 0.0 8.7099 243 69310.0 314.383 0.0016459 0.0701546 
137000 734 180.069 0.0 0.0 8.8113 244 70370.0 339.9447 0.0017074 0.0005843 
138000 740 179.785 0.0 0.0 8.7996 246 71450.0 387.7552 0.0017771 0.2599842 
139000 746 177.865 0.0 0.0 8.6769 248 72310.0 401.8817 0.0014208 0.2515343 
140000 750 181.454 0.0 0.0 8.8729 250 73480.0 449.9242 0.0015852 0.0514495 
141000 758 173.925 0.0 0.0 8.5648 252 74120.0 404.3386 0.001158 0.1906331 
142000 765 171.104 0.0 0.0 8.5315 255 74830.0 395.7728 0.0010724 -0.4564339 
143000 772 165.912 0.0 0.0 8.307 257 75580.0 372.476 0.0008805 -0.5050196 
144000 777 162.785 0.0 0.0 8.1387 259 76050.0 347.9056 0.0010633 -0.2967937 
145000 783 168.027 0.0 0.0 8.3605 261 76840.0 352.2035 0.0011834 0.0223439 
146000 787 176.215 0.0 0.0 8.719 262 77860.0 369.9831 0.0014904 0.024327 
147000 793 173.649 0.0 0.0 8.5837 264 78840.0 421.5863 0.0013155 -0.0013803 
148000 800 171.109 0.0 0.0 8.4203 266 79550.0 412.5849 0.0013155 0.1033817 
149000 805 174.478 0.0 0.0 8.5648 268 80680.0 452.4938 0.0013104 -0.1488935 
150000 812 170.298 0.0 0.0 8.3429 270 81750.0 443.72 0.0013574 0.0398102 
151000 817 173.977 0.0 0.0 8.4924 272 82410.0 449.2132 0.0013448 -0.2817065 
152000 822 175.511 0.0 0.0 8.5745 274 83460.0 478.4627 0.0013089 -0.3647054 
153000 826 179.906 0.0 0.0 8.7981 275 84530.0 516.6164 0.001153 -0.5039557 
154000 829 181.768 0.0 0.0 8.9204 276 85600.0 520.9548 0.0012801 0.0391581 
155000 834 192.055 0.0 0.0 9.5242 278 86710.0 593.9734 0.001212 0.1035127 
156000 840 187.649 0.0 0.0 9.3795 280 87520.0 550.9184 0.0011643 0.0642615 
157000 846 184.892 0.0 0.0 9.2381 282 88500.0 535.0439 0.0011221 -0.5427003 
158000 851 181.7 0.0 0.0 9.0647 283 89450.0 529.5395 0.0011181 -0.3404347 
159000 856 188.786 0.0 0.0 9.3856 285 90440.0 540.027 0.0011786 -0.3189377 
160000 861 187.448 0.0 0.0 9.3013 287 91460.0 538.8219 0.0010318 -0.1474829 
161000 869 180.514 0.0 0.0 8.9347 289 92310.0 512.9457 0.0009927 -0.2702958 
162000 876 176.431 0.0 0.0 8.7063 292 93240.0 488.8074 0.00087 -0.6883299 
163000 884 168.627 0.0 0.0 8.3052 294 93870.0 435.834 0.0005722 -0.7114345 
164000 890 167.786 0.0 0.0 8.2398 296 94730.0 411.9256 0.0010471 -0.0269302 
165000 895 170.649 0.0 0.0 8.368 298 95720.0 442.8597 0.0010621 0.0018865 
166000 898 179.81 0.0 0.0 8.8103 299 96480.0 466.5737 0.0012856 0.3149983 
167000 904 179.22 0.0 0.0 8.7615 301 97170.0 473.6247 0.0010953 -0.1242308 
168000 909 180.885 0.0 0.0 8.8863 303 98120.0 481.436 0.0010527 0.308476 
169000 913 187.101 0.0 0.0 9.2563 304 99430.0 477.2924 0.0012042 0.4836599 
170000 917 189.465 0.0 0.0 9.4515 305 100070.0 533.5632 0.0010983 0.2068503 
171000 922 189.98 0.0 0.0 9.5232 307 101180.0 537.0862 0.0011455 0.5260109 
172000 927 190.931 0.0 0.0 9.6408 309 102100.0 542.9398 0.0011668 0.2040157 
173000 934 187.563 0.0 0.0 9.5215 311 103130.0 535.5812 0.0010574 -0.1234897 
174000 938 192.243 0.0 0.0 9.8222 312 104130.0 529.0231 0.0010835 0.0422777 
175000 943 192.521 0.0 0.0 9.8469 314 105180.0 579.0087 0.0011298 -0.2913505 
176000 951 182.521 0.0 0.0 9.3542 317 106000.0 516.4874 0.0009382 -0.2512336 
177000 956 182.171 0.0 0.0 9.343 318 107100.0 520.8386 0.0010278 0.2630378 
178000 961 184.308 0.0 0.0 9.4393 320 108270.0 546.4793 0.0010663 0.2520688 
179000 965 190.123 0.0 0.0 9.6861 321 109430.0 540.8314 0.0010246 0.3606277 
180000 972 182.401 0.0 0.0 9.2661 324 110330.0 543.0061 0.0009312 0.0399904 
181000 975 180.538 0.0 0.0 9.1403 325 111480.0 542.7055 0.0010781 0.2974397 
182000 982 186.5 0.0 0.0 9.3796 327 112200.0 564.2914 0.0010143 -0.043943 
183000 988 183.674 0.0 0.0 9.1943 329 113190.0 535.276 0.0009133 -0.2587231 
184000 995 177.937 0.0 0.0 8.8867 331 114160.0 511.2736 0.0009965 0.125245 
185000 999 180.448 0.0 0.0 8.9994 333 115370.0 532.2316 0.0009765 0.0670802 
186000 1005 182.462 0.0 0.0 9.0585 335 116100.0 540.2076 0.0009966 -0.1322162 
187000 1009 183.134 0.0 0.0 9.0672 336 117250.0 546.1868 0.0010278 0.1016466 
188000 1012 196.535 0.0 0.0 9.7116 337 117630.0 557.5682 0.0009807 0.0712971 
189000 1017 195.259 0.0 0.0 9.6216 339 118570.0 549.9302 0.0010126 0.0479784 
190000 1025 187.275 0.0 0.0 9.1904 341 119280.0 501.5435 0.0010295 0.0963706 
191000 1029 190.35 0.0 0.0 9.3194 343 120360.0 526.2502 0.0009994 -0.0666259 
192000 1032 198.547 0.0 0.0 9.7517 344 121640.0 601.6252 0.0010228 0.0297299 
193000 1037 194.581 0.0 0.0 9.6029 345 122710.0 585.4627 0.0010507 -0.103529 
194000 1042 199.738 0.0 0.0 9.923 347 123920.0 619.8248 0.0009649 -0.2386969 
195000 1048 195.71 0.0 0.0 9.8099 349 125040.0 613.0581 0.0009925 -0.172964 
196000 1053 194.384 0.0 0.0 9.7915 351 126230.0 618.077 0.0009744 0.1169424 
197000 1060 190.305 0.0 0.0 9.6078 353 126830.0 572.9424 0.0010087 0.0487627 
198000 1066 188.582 0.0 0.0 9.4872 355 127770.0 556.6833 0.0010583 -0.000722 
199000 1070 193.002 0.0 0.0 9.6848 356 128720.0 536.015 0.0010859 0.029178 
200000 1074 193.384 0.0 0.0 9.672 358 129510.0 545.7722 0.0010079 -0.1220289 
201000 1080 193.689 0.0 0.0 9.6432 360 130480.0 564.7754 0.0009046 -0.4839074 
202000 1087 186.426 0.0 0.0 9.2608 362 131370.0 521.6681 0.0008145 -0.3687684 
203000 1092 186.032 0.0 0.0 9.2138 364 132340.0 511.4512 0.0008991 0.5540567 
204000 1098 186.73 0.0 0.0 9.2196 366 133550.0 554.3754 0.0009271 0.0881691 
205000 1102 189.603 0.0 0.0 9.3289 367 134560.0 552.9379 0.0009272 -0.0741568 
206000 1108 185.727 0.0 0.0 9.1069 369 135230.0 533.0797 0.0009112 -0.1116397 
207000 1114 186.724 0.0 0.0 9.1502 371 136050.0 522.7946 0.0008924 -0.1584971 
208000 1118 191.601 0.0 0.0 9.357 372 137010.0 520.5151 0.0009832 -0.2536163 
209000 1124 188.469 0.0 0.0 9.1905 374 137690.0 522.8172 0.0011746 0.6604674 
210000 1129 186.197 0.0 0.0 9.0849 376 138320.0 479.782 0.0011171 0.3821519 
211000 1136 183.697 0.0 0.0 8.9862 378 138800.0 439.3234 0.0011358 0.4126855 
212000 1141 184.031 0.0 0.0 9.0319 380 139270.0 405.7519 0.00106 -0.2326593 
213000 1146 185.257 0.0 0.0 9.1585 382 140020.0 406.3591 0.0010705 -0.3898876 
214000 1151 186.683 0.0 0.0 9.296 383 140800.0 426.7232 0.0011416 0.4550836 
215000 1158 181.062 0.0 0.0 9.0885 386 141110.0 354.9112 0.0011331 -0.2514452 
216000 1164 178.514 0.0 0.0 9.0043 388 141520.0 323.8781 0.0009449 -0.1018342 
217000 1171 175.146 0.0 0.0 8.8838 390 141860.0 289.2412 0.0010659 -0.2138703 
218000 1177 173.357 0.0 0.0 8.8609 392 142400.0 281.8854 0.0009842 -0.1499715 
219000 1181 179.09 0.0 0.0 9.1726 393 143280.0 298.6969 0.0010498 0.0043002 
220000 1185 185.073 0.0 0.0 9.5158 395 143720.0 332.7445 0.0010319 -0.0320059 
221000 1189 190.665 0.0 0.0 9.8434 396 144070.0 323.47 0.0009626 -0.5316041 
222000 1195 188.669 0.0 0.0 9.71 398 144550.0 314.0107 0.0009855 0.0309798 
223000 1200 186.781 0.0 0.0 9.5518 400 145200.0 307.4487 0.0009644 -0.1857924 
224000 1203 191.043 0.0 0.0 9.7263 401 145780.0 339.7038 0.0009469 0.1029038 
225000 1208 199.309 0.0 0.0 10.0883 402 146670.0 328.7334 0.0009735 -0.2186003 
226000 1213 199.629 0.0 0.0 10.0566 404 146970.0 365.8741 0.0010123 -0.4207525 
227000 1217 200.023 0.0 0.0 10.0468 405 147390.0 365.2867 0.0009469 -0.1504085 
228000 1222 201.125 0.0 0.0 10.0452 407 148060.0 345.6822 0.0009661 -0.3944148 
229000 1227 197.953 0.0 0.0 9.8503 409 148910.0 339.4026 0.0009401 -0.058542 
230000 1232 201.418 0.0 0.0 10.0035 410 149420.0 372.4623 0.0010052 0.1232998 
231000 1236 205.273 0.0 0.0 10.1499 412 150020.0 382.2945 0.0009638 -0.063543 
232000 1241 205.689 0.0 0.0 10.1612 413 151300.0 449.065 0.0009779 -0.1292282 
233000 1246 204.511 0.0 0.0 10.0599 415 151920.0 432.0427 0.0008817 -0.0174506 
234000 1251 203.861 0.0 0.0 10.0123 417 152650.0 432.8546 0.0010206 -0.1178462 
235000 1255 206.313 0.0 0.0 10.1475 418 153670.0 459.5691 0.0009163 0.3530119 
236000 1262 197.918 0.0 0.0 9.7973 420 154040.0 424.251 0.0008442 -0.1798453 
237000 1268 193.762 0.0 0.0 9.6723 422 154440.0 382.8433 0.0008912 0.0640447 
238000 1273 195.002 0.0 0.0 9.7934 424 155000.0 356.9031 0.0009834 0.0526058 
239000 1279 192.786 0.0 0.0 9.7088 426 155580.0 346.9915 0.0008488 -0.1487498 
240000 1283 196.876 0.0 0.0 9.9566 427 156500.0 345.2923 0.000886 -0.1350932 
241000 1289 195.059 0.0 0.0 9.8986 429 156930.0 376.5868 0.0009492 0.1030525 
242000 1293 193.871 0.0 0.0 9.8883 431 157470.0 352.2353 0.0009066 0.1108852 
243000 1298 199.242 0.0 0.0 10.2154 432 158170.0 372.0118 0.0008454 -0.5090529 
244000 1303 197.496 0.0 0.0 10.1546 434 158610.0 362.5295 0.0008481 -0.2365701 
245000 1309 194.167 0.0 0.0 10.0134 436 158990.0 332.7489 0.0008352 -0.2191337 
246000 1314 194.029 0.0 0.0 10.0156 438 159360.0 310.8266 0.0008081 -0.1929554 
247000 1321 188.828 0.0 0.0 9.7949 440 159740.0 284.2696 0.0008198 -0.2816455 
248000 1328 183.995 0.0 0.0 9.5526 442 160290.0 280.1584 0.000883 -0.3425492 
249000 1333 185.197 0.0 0.0 9.652 444 160730.0 259.3283 0.0007824 -0.4640561 
250000 1339 183.202 0.0 0.0 9.543 446 161080.0 252.2559 0.000879 -0.4664393 
251000 1344 184.271 0.0 0.0 9.6298 448 161550.0 260.9273 0.0007921 -0.1639598 
252000 1348 185.351 0.0 0.0 9.6936 449 162310.0 256.8345 0.0007868 0.1211261 
253000 1354 186.174 0.0 0.0 9.7579 451 162840.0 288.536 0.0007552 0.102858 
254000 1359 187.746 0.0 0.0 9.8367 453 163240.0 287.9141 0.0007993 0.1396422 
255000 1365 184.736 0.0 0.0 9.6484 455 163660.0 272.1105 0.0008207 0.071292 
256000 1370 187.232 0.0 0.0 9.6913 456 163980.0 267.8994 0.0008468 0.2651989 
257000 1374 190.554 0.0 0.0 9.7968 458 164490.0 271.6985 0.0007868 -0.3773571 
258000 1381 186.101 0.0 0.0 9.5152 460 165020.0 269.5758 0.0008039 -0.1200229 
259000 1386 185.029 0.0 0.0 9.4126 462 165370.0 255.5564 0.0007999 -0.1664142 
260000 1392 182.803 0.0 0.0 9.2545 464 165900.0 252.1007 0.0007764 -0.1323081 
261000 1399 179.079 0.0 0.0 9.0147 466 166410.0 248.2016 0.0007915 0.0896907 
262000 1404 181.783 0.0 0.0 9.1073 468 166910.0 264.2433 0.0008947 0.1409286 
263000 1410 180.084 0.0 0.0 8.9832 470 167720.0 289.437 0.000919 -0.2730007 
264000 1416 177.381 0.0 0.0 8.8128 472 168380.0 291.844 0.000888 0.0594029 
265000 1422 174.691 0.0 0.0 8.652 474 169070.0 294.9936 0.0007592 -0.2042631 
266000 1428 176.378 0.0 0.0 8.7049 476 170200.0 361.8449 0.0008298 -0.326563 
267000 1432 181.604 0.0 0.0 8.9621 477 170740.0 350.6604 0.0008059 -0.0936546 
268000 1437 181.765 0.0 0.0 8.9688 479 171190.0 345.8349 0.0007488 -0.0793199 
269000 1443 180.704 0.0 0.0 8.9322 481 171710.0 328.8263 0.0007396 -0.1396758 
270000 1449 180.446 0.0 0.0 8.9483 483 172120.0 314.0493 0.0007393 -0.1556828 
271000 1454 180.438 0.0 0.0 8.9862 484 172600.0 299.6443 0.0007808 0.1116823 
272000 1460 181.462 0.0 0.0 9.1064 486 173150.0 304.6119 0.0008641 0.0372229 
273000 1466 180.023 0.0 0.0 9.0881 488 173600.0 288.9357 0.0008499 -0.0625783 
274000 1471 179.952 0.0 0.0 9.134 490 174190.0 287.5379 0.0007423 0.0957109 
275000 1475 185.449 0.0 0.0 9.4695 491 174760.0 284.7841 0.000783 -0.1474676 
276000 1480 186.98 0.0 0.0 9.5912 493 175260.0 320.1751 0.0007894 0.0424159 
277000 1485 188.543 0.0 0.0 9.709 495 175920.0 325.7418 0.0007046 -0.5072767 
278000 1490 191.535 0.0 0.0 9.8819 496 177000.0 318.1677 0.0007621 0.2513177 
279000 1495 192.178 0.0 0.0 9.9261 498 177390.0 371.4158 0.0007927 -0.3485139 
280000 1497 194.213 0.0 0.0 10.027 499 177780.0 351.2742 0.000768 -0.0796567 
281000 1502 199.586 0.0 0.0 10.2378 500 178250.0 357.1468 0.0007855 0.4478793 
282000 1507 201.488 0.0 0.0 10.2758 502 178870.0 363.7889 0.0006846 -0.3076571 
283000 1513 199.362 0.0 0.0 10.1035 504 179480.0 356.169 0.0007268 -0.1497802 
284000 1518 198.127 0.0 0.0 9.9866 506 179990.0 342.3969 0.0007513 -0.4138487 
285000 1524 195.04 0.0 0.0 9.7813 508 180530.0 332.2415 0.0007323 -0.3688318 
286000 1529 197.043 0.0 0.0 9.8504 509 181770.0 405.0173 0.0007587 -0.0537192 
287000 1535 192.856 0.0 0.0 9.6022 511 182340.0 387.064 0.0008632 -0.3378157 
288000 1541 189.751 0.0 0.0 9.4141 513 182900.0 360.7219 0.0007765 -0.0910017 
289000 1548 184.743 0.0 0.0 9.1371 516 183390.0 329.8162 0.0007565 -0.113326 
290000 1553 181.092 0.0 0.0 8.9429 517 184070.0 314.8346 0.0008661 0.6675047 
291000 1560 179.86 0.0 0.0 8.8471 520 184480.0 309.4144 0.0007708 0.0044755 
292000 1566 176.199 0.0 0.0 8.6592 522 185140.0 304.1257 0.00076 0.1656934 
293000 1573 173.189 0.0 0.0 8.536 524 185660.0 293.6418 0.0008016 -0.0431403 
294000 1580 170.327 0.0 0.0 8.4308 526 186240.0 281.5499 0.0007801 0.0957394 
295000 1585 173.146 0.0 0.0 8.6351 528 187050.0 277.6554 0.000875 -0.3748178 
296000 1590 174.739 0.0 0.0 8.7536 530 187800.0 339.7009 0.000748 -0.2572331 
297000 1594 179.677 0.0 0.0 9.0698 531 188340.0 346.7308 0.0007208 0.0323998 
298000 1599 183.847 0.0 0.0 9.2962 533 189190.0 382.7519 0.0007585 -0.2555386 
299000 1604 184.717 0.0 0.0 9.4058 534 189650.0 370.4767 0.0007596 -0.3429853 
300000 1608 187.385 0.0 0.0 9.5855 536 190480.0 383.1862 0.0007552 -0.0940349 
301000 1612 194.364 0.0 0.0 9.9587 537 190970.0 383.8675 0.0007829 -0.3456499 
302000 1618 192.181 0.0 0.0 9.8739 539 191450.0 373.4327 0.0006886 -0.2888357 
303000 1622 189.623 0.0 0.0 9.7093 540 191990.0 357.0894 0.0007427 0.1501613 
304000 1627 197.225 0.0 0.0 9.9973 542 192370.0 348.0424 0.0007574 -0.1702109 
305000 1630 202.232 0.0 0.0 10.2108 543 192930.0 360.2382 0.0008001 -0.0577984 
306000 1636 200.234 0.0 0.0 10.0511 545 193310.0 341.0929 0.0007342 -0.1508511 
307000 1642 196.681 0.0 0.0 9.8351 547 193890.0 332.7853 0.0007101 0.2060469 
308000 1649 189.634 0.0 0.0 9.4333 549 194550.0 325.9561 0.0006712 -0.1210936 
309000 1653 193.425 0.0 0.0 9.611 551 195290.0 346.9244 0.0007256 0.0554017 
310000 1660 187.352 0.0 0.0 9.2826 553 195860.0 327.3088 0.0007073 -0.0236133 
311000 1667 179.779 0.0 0.0 8.8789 555 196490.0 317.4201 0.0007149 -0.1476572 
312000 1674 177.02 0.0 0.0 8.7263 558 197070.0 301.3093 0.0007647 0.5189669 
313000 1680 174.352 0.0 0.0 8.5674 560 197610.0 287.6605 0.0007805 0.2559056 
314000 1686 174.802 0.0 0.0 8.5662 562 198290.0 304.005 0.0008369 -0.1357007 
315000 1693 170.824 0.0 0.0 8.3499 564 198810.0 282.9441 0.0006896 -0.2004547 
316000 1698 173.297 0.0 0.0 8.4683 566 199340.0 292.4847 0.0007805 0.0247175 
317000 1705 167.604 0.0 0.0 8.1788 568 199910.0 272.7126 0.0007228 0.339897 
318000 1710 170.198 0.0 0.0 8.3054 570 200630.0 296.4972 0.0007543 -0.1389569 
319000 1716 168.688 0.0 0.0 8.2387 572 201300.0 300.5627 0.0007047 0.0745465 
320000 1723 167.575 0.0 0.0 8.2449 574 201870.0 294.2558 0.0006601 -0.2978238 
321000 1726 173.786 0.0 0.0 8.5931 575 203150.0 384.8302 0.0007345 0.0531067 
322000 1732 176.256 0.0 0.0 8.7699 577 203820.0 383.8125 0.000758 0.0029947 
323000 1735 183.188 0.0 0.0 9.1139 578 204770.0 411.4312 0.0007256 -0.2050107 
324000 1742 181.487 0.0 0.0 9.0115 580 205120.0 393.1593 0.0006964 -0.2083885 
325000 1745 183.737 0.0 0.0 9.1056 581 205780.0 383.8434 0.0006939 0.172437 
326000 1750 190.893 0.0 0.0 9.4477 583 206450.0 411.4131 0.0006873 -0.2237992 
327000 1754 193.233 0.0 0.0 9.5486 584 206920.0 400.2718 0.0006519 -0.1410964 
328000 1759 193.763 0.0 0.0 9.5678 586 208040.0 373.9202 0.0007066 0.134906 
329000 1764 189.77 0.0 0.0 9.3562 588 208620.0 422.4753 0.0007923 0.0769546 
330000 1770 193.875 0.0 0.0 9.5174 590 209310.0 424.205 0.0007118 -0.3384887 
331000 1774 196.985 0.0 0.0 9.6874 591 209960.0 433.7845 0.0006686 -0.4448876 
332000 1779 197.434 0.0 0.0 9.7005 593 210480.0 411.8655 0.0006562 -0.4997387 
333000 1785 194.355 0.0 0.0 9.5344 595 211070.0 390.611 0.0006853 -0.6054788 
334000 1789 194.84 0.0 0.0 9.5499 596 211670.0 382.5499 0.0006555 0.0810215 
335000 1795 195.324 0.0 0.0 9.5516 598 212320.0 382.4654 0.0006852 -0.1731936 
336000 1799 194.06 0.0 0.0 9.5092 599 213600.0 372.2189 0.0007678 0.4390136 
337000 1803 203.683 0.0 0.0 9.962 601 214410.0 483.4973 0.0006929 0.1094719 
338000 1808 198.565 0.0 0.0 9.7068 602 214940.0 454.1476 0.0006778 -0.3189541 
339000 1815 192.898 0.0 0.0 9.4571 605 215720.0 408.1136 0.0007419 0.3204852 
340000 1820 196.721 0.0 0.0 9.6887 606 216840.0 464.3022 0.0008105 -0.2245666 
341000 1827 189.797 0.0 0.0 9.3373 609 217540.0 439.9963 0.000809 0.1436499 
342000 1831 193.199 0.0 0.0 9.4884 610 218780.0 427.9967 0.0007502 -0.0291689 
343000 1836 192.855 0.0 0.0 9.4577 612 219780.0 509.7773 0.0007557 -0.0840624 
344000 1839 203.574 0.0 0.0 9.9752 613 220900.0 588.7996 0.0008146 0.0864285 
345000 1844 202.902 0.0 0.0 9.9345 614 221990.0 598.9196 0.0006901 0.1511606 
346000 1852 191.661 0.0 0.0 9.3735 617 222980.0 539.0324 0.0007147 0.0244783 
347000 1856 192.202 0.0 0.0 9.3808 618 224700.0 542.1292 0.0007109 0.0288207 
348000 1860 197.904 0.0 0.0 9.645 620 225730.0 659.2246 0.0007511 0.3612846 
349000 1865 199.62 0.0 0.0 9.78 621 226620.0 649.3022 0.0007337 0.0642831 
350000 1871 196.274 0.0 0.0 9.6973 623 227600.0 615.1348 0.0007255 -0.3355344 
351000 1877 193.572 0.0 0.0 9.6163 625 228590.0 590.8591 0.0007083 0.1867733 
352000 1881 196.083 0.0 0.0 9.7358 627 229580.0 607.4959 0.0007402 -0.0869923 
353000 1885 200.338 0.0 0.0 9.9285 628 230620.0 615.7463 0.0008157 0.3053184 
354000 1891 195.687 0.0 0.0 9.6652 630 231290.0 581.4545 0.0008545 0.2338712 
355000 1897 192.41 0.0 0.0 9.4877 632 232280.0 563.5782 0.0008684 -0.1271736 
356000 1900 202.642 0.0 0.0 9.9727 633 232870.0 558.2203 0.0008498 0.2900044 
357000 1903 207.25 0.0 0.0 10.1723 634 233680.0 556.3983 0.00075 -0.4243874 
358000 1909 203.866 0.0 0.0 10.0039 636 234240.0 531.5826 0.0007478 0.0344263 
359000 1913 208.088 0.0 0.0 10.2664 637 235130.0 505.4244 0.0007215 -0.2790183 
360000 1918 206.1 0.0 0.0 10.1992 639 236560.0 594.1937 0.0007298 -0.1116276 
361000 1923 205.494 0.0 0.0 10.1523 641 237460.0 586.0969 0.000735 0.4621193 
362000 1929 202.932 0.0 0.0 9.9843 643 238200.0 557.9385 0.0007505 -0.0118616 
363000 1934 203.408 0.0 0.0 9.9933 644 238690.0 524.1447 0.0007102 0.3786463 
364000 1938 204.055 0.0 0.0 10.016 646 239550.0 512.6572 0.0007615 -0.0054717 
365000 1944 201.297 0.0 0.0 9.8519 648 240420.0 514.0523 0.0007197 -0.4636818 
366000 1949 199.838 0.0 0.0 9.8093 649 241220.0 495.6471 0.000726 0.0369905 
367000 1955 194.986 0.0 0.0 9.617 651 241860.0 474.9741 0.0006919 -0.0379715 
368000 1962 190.797 0.0 0.0 9.4355 654 242820.0 462.4561 0.0006743 -0.0962723 
369000 1967 189.919 0.0 0.0 9.3755 655 243640.0 438.2105 0.0006694 -0.2202411 
370000 1972 190.702 0.0 0.0 9.4048 657 244600.0 454.9505 0.0006923 -0.2174701 
371000 1978 187.995 0.0 0.0 9.2548 659 245700.0 486.5099 0.000659 -0.0942702 
372000 1984 185.207 0.0 0.0 9.0859 661 246640.0 471.773 0.0006257 -0.0902453 
373000 1990 183.553 0.0 0.0 8.9956 663 247760.0 496.3362 0.0006613 -0.0424231 
374000 1995 184.705 0.0 0.0 9.0532 665 248720.0 509.2323 0.0006086 -0.2990205 
375000 2003 177.607 0.0 0.0 8.6993 667 249630.0 475.8782 0.0006123 -0.0867248 
376000 2007 183.734 0.0 0.0 8.9837 669 250210.0 484.8613 0.0005959 -0.3543774 
377000 2011 188.636 0.0 0.0 9.2063 670 251250.0 498.3752 0.0006346 -0.0645314 
378000 2013 201.148 0.0 0.0 9.8171 671 252080.0 573.5377 0.0006772 -0.1062501 
379000 2017 203.813 0.0 0.0 9.951 672 253110.0 577.1839 0.000651 -0.2416252 
380000 2022 204.931 0.0 0.0 9.9843 674 253970.0 589.219 0.0007442 -0.1092948 
381000 2026 203.903 0.0 0.0 9.9255 675 254580.0 568.2971 0.0007301 0.0865772 
382000 2031 207.533 0.0 0.0 10.162 677 255190.0 540.3206 0.0008128 -0.2183484 
383000 2036 207.532 0.0 0.0 10.2438 678 256020.0 536.2886 0.0008157 -0.1915058 
384000 2040 207.083 0.0 0.0 10.2713 680 256920.0 533.6937 0.0006958 -0.2012754 
385000 2043 217.055 0.0 0.0 10.8106 681 258700.0 675.3244 0.0007243 0.0611931 
386000 2049 210.702 0.0 0.0 10.4652 683 259320.0 602.0127 0.0006671 -0.1532365 
387000 2054 209.399 0.0 0.0 10.3748 684 259990.0 592.8115 0.0006389 -0.1279935 
388000 2061 201.441 0.0 0.0 9.9469 687 260640.0 510.5796 0.0006087 -0.3152684 
389000 2067 197.382 0.0 0.0 9.7292 689 261290.0 475.7694 0.0005704 -0.4436508 
390000 2072 196.469 0.0 0.0 9.6602 690 262020.0 473.1925 0.0007152 0.3988637 
391000 2078 195.015 0.0 0.0 9.5737 692 262770.0 441.4859 0.0006901 -0.4167814 
392000 2081 197.541 0.0 0.0 9.6957 693 263720.0 449.3373 0.0005891 -0.1829579 
393000 2085 206.657 0.0 0.0 10.116 695 264300.0 496.1632 0.000753 -0.0545699 
394000 2088 209.809 0.0 0.0 10.2635 696 265510.0 528.5469 0.0007736 0.1865698 
395000 2091 220.302 0.0 0.0 10.8077 697 266070.0 561.6922 0.0007621 0.2305965 
396000 2094 224.197 0.0 0.0 11.0599 698 267060.0 581.523 0.0008 0.4927655 
397000 2098 226.214 0.0 0.0 11.2015 699 267670.0 576.3707 0.0007033 -0.3166926 
398000 2102 226.724 0.0 0.0 11.3255 700 268540.0 571.7336 0.0006634 0.094441 
399000 2105 234.871 0.0 0.0 11.7859 701 269230.0 588.5603 0.0007745 0.2660644 
400000 2109 232.767 0.0 0.0 11.7474 703 270260.0 593.8338 0.0007766 0.4605694 
401000 2114 232.363 0.0 0.0 11.7661 704 271050.0 601.4504 0.0007196 0.2565656 
402000 2118 236.155 0.0 0.0 11.9478 706 272130.0 643.0749 0.0006712 -0.2177837 
403000 2123 232.733 0.0 0.0 11.7066 707 273200.0 643.7674 0.0006844 -0.3663285 
404000 2127 230.107 0.0 0.0 11.5607 709 274380.0 642.2516 0.0006495 0.1700928 
405000 2132 230.75 0.0 0.0 11.5523 710 275160.0 650.0264 0.0007575 0.0991347 
406000 2134 241.308 0.0 0.0 12.0503 711 275790.0 668.0238 0.0007564 -0.001468 
407000 2135 247.102 0.0 0.0 12.3224 711 276170.0 668.0238 0.0007055 0.2360363 
408000 2139 255.345 0.0 0.0 12.6904 713 276670.0 636.9993 0.0006467 -0.1406929 
409000 2142 255.365 0.0 0.0 12.6706 714 277520.0 619.2993 0.0007681 0.2968019 
410000 2145 259.351 0.0 0.0 12.8477 715 278270.0 635.3694 0.0006623 -0.3205465 
411000 2150 259.277 0.0 0.0 12.8107 716 279090.0 656.8325 0.0007178 -0.0772808 
412000 2154 259.048 0.0 0.0 12.8428 718 279940.0 654.8343 0.0007178 0.0992593 
413000 2158 257.203 0.0 0.0 12.8042 719 281080.0 639.3509 0.0006795 -0.0772668 
414000 2162 256.223 0.0 0.0 12.8337 720 282130.0 657.4158 0.0007116 -0.0491745 
415000 2166 250.351 0.0 0.0 12.5673 722 283330.0 675.8068 0.0006508 -0.3123779 
416000 2171 250.76 0.0 0.0 12.5495 723 284190.0 694.2261 0.0006023 -0.2697348 
417000 2178 238.532 0.0 0.0 11.8917 726 285020.0 629.0208 0.0007163 -0.1221635 
418000 2182 237.067 0.0 0.0 11.8034 727 285990.0 623.1187 0.00065 -0.1698493 
419000 2186 239.493 0.0 0.0 11.885 728 286770.0 630.8069 0.0006035 -0.1061213 
420000 2189 241.292 0.0 0.0 11.969 729 287990.0 625.7262 0.0006659 0.2721539 
421000 2193 246.015 0.0 0.0 12.1666 731 288580.0 666.2382 0.0006538 -0.0298342 
422000 2196 245.636 0.0 0.0 12.134 732 289730.0 675.6144 0.0007225 0.3056826 
423000 2200 250.983 0.0 0.0 12.3751 733 290900.0 677.0529 0.000706 0.0409586 
424000 2203 249.908 0.0 0.0 12.2986 734 291810.0 702.3477 0.000661 -0.0922749 
425000 2207 253.044 0.0 0.0 12.469 735 292680.0 717.1129 0.0007155 0.3500249 
426000 2211 253.833 0.0 0.0 12.6128 737 293470.0 728.9614 0.0006752 0.074626 
427000 2215 255.461 0.0 0.0 12.7463 738 294280.0 722.0653 0.0006284 -0.2100962 
428000 2219 255.127 0.0 0.0 12.7685 739 295160.0 708.8588 0.0006054 0.0218859 
429000 2223 252.205 0.0 0.0 12.6095 741 295940.0 689.2756 0.0006005 0.163577 
430000 2231 236.102 0.0 0.0 11.7687 743 296770.0 621.0132 0.0005968 -0.2329673 
431000 2236 231.726 0.0 0.0 11.5075 745 297750.0 597.5207 0.0006432 0.0380637 
432000 2241 228.173 0.0 0.0 11.3091 747 298900.0 611.3918 0.0006755 -0.1594107 
433000 2245 229.552 0.0 0.0 11.3578 748 300020.0 621.2526 0.0006736 0.0385433 
434000 2251 222.693 0.0 0.0 10.9937 750 300870.0 589.8146 0.0006921 0.1040891 
435000 2254 228.918 0.0 0.0 11.2644 751 301680.0 604.8331 0.0006166 -0.3744868 
436000 2259 224.956 0.0 0.0 11.0757 753 302120.0 563.4149 0.0006687 -0.2604704 
437000 2263 222.345 0.0 0.0 10.9391 754 303190.0 552.0734 0.0007015 0.5496782 
438000 2268 226.249 0.0 0.0 11.1409 756 303480.0 541.0794 0.0006548 -0.1170943 
439000 2274 217.936 0.0 0.0 10.7805 758 304230.0 494.9743 0.0005892 -0.0238923 
440000 2279 218.143 0.0 0.0 10.8866 759 305000.0 490.4769 0.0006224 -0.6155106 
441000 2284 216.184 0.0 0.0 10.8127 761 305920.0 508.5863 0.0006588 -0.1825116 
442000 2288 210.074 0.0 0.0 10.535 762 306700.0 499.7277 0.0007119 0.3628177 
443000 2293 213.937 0.0 0.0 10.6874 764 307460.0 487.8794 0.0005822 0.0412685 
444000 2297 215.769 0.0 0.0 10.738 765 308000.0 491.0915 0.0006347 0.0296216 
445000 2302 218.736 0.0 0.0 10.8539 767 308990.0 519.2841 0.0006611 0.174419 
446000 2307 211.927 0.0 0.0 10.507 769 309840.0 486.5201 0.0006301 0.5287217 
447000 2313 210.638 0.0 0.0 10.411 771 310590.0 498.6813 0.0006002 -0.0372731 
448000 2320 200.928 0.0 0.0 9.9153 773 311530.0 458.7318 0.0006032 0.1859302 
449000 2323 205.167 0.0 0.0 10.0914 774 312070.0 463.8587 0.0006872 0.17657 
450000 2328 209.842 0.0 0.0 10.2988 776 312880.0 492.7255 0.0006404 -0.0823017 
451000 2332 212.507 0.0 0.0 10.4877 777 313800.0 498.453 0.0006876 -0.1729622 
452000 2335 218.326 0.0 0.0 10.8276 778 314360.0 513.6077 0.0006295 -0.0092859 
453000 2339 221.4 0.0 0.0 11.0535 779 315380.0 544.2469 0.0006729 -0.0072208 
454000 2341 232.261 0.0 0.0 11.6409 780 316320.0 544.8222 0.0006872 -0.0280561 
455000 2346 226.762 0.0 0.0 11.3439 782 317450.0 596.006 0.0006916 0.0439779 
456000 2350 230.301 0.0 0.0 11.4704 783 318240.0 624.4054 0.0006969 -0.0839928 
457000 2355 229.351 0.0 0.0 11.3987 785 318980.0 602.0684 0.0006352 -0.1669367 
458000 2358 232.135 0.0 0.0 11.5052 786 319920.0 621.8615 0.0006436 -0.0611823 
459000 2364 227.871 0.0 0.0 11.2689 788 320730.0 593.6078 0.0006158 0.1736879 
460000 2368 226.935 0.0 0.0 11.2086 789 321460.0 584.2471 0.0006516 -0.0404308 
461000 2373 221.623 0.0 0.0 10.9293 791 322400.0 540.2401 0.0006552 0.0831783 
462000 2377 229.057 0.0 0.0 11.2756 792 324910.0 704.2161 0.0006941 0.138465 
463000 2379 229.753 0.0 0.0 11.3086 793 325840.0 729.7945 0.0006784 0.316842 
464000 2384 234.408 0.0 0.0 11.5294 794 326500.0 743.815 0.000673 0.1077191 
465000 2389 231.217 0.0 0.0 11.3926 796 327630.0 741.8902 0.0006264 0.0427755 
466000 2394 226.678 0.0 0.0 11.2633 798 328760.0 716.4311 0.0006497 -0.1937844 
467000 2398 229.569 0.0 0.0 11.4751 799 329820.0 704.7879 0.0006583 -0.054123 
468000 2402 227.239 0.0 0.0 11.3794 800 330300.0 698.3092 0.0006758 0.2583522 
469000 2407 229.032 0.0 0.0 11.4573 802 331070.0 665.9304 0.0006941 0.2390144 
470000 2412 227.858 0.0 0.0 11.3576 804 331870.0 632.6036 0.0006889 0.0855834 
471000 2416 228.118 0.0 0.0 11.3403 805 332870.0 613.3433 0.0006974 0.43182 
472000 2420 230.521 0.0 0.0 11.4523 806 333710.0 645.0089 0.0006012 -0.2892852 
473000 2424 230.874 0.0 0.0 11.4388 808 334520.0 638.5572 0.000616 -0.2338317 
474000 2428 233.079 0.0 0.0 11.5267 809 335560.0 643.7015 0.0006607 0.0808634 
475000 2432 234.128 0.0 0.0 11.5643 810 336210.0 659.3314 0.0005971 -0.3062592 
476000 2436 234.389 0.0 0.0 11.5396 812 336810.0 608.3584 0.0005531 -0.2528355 
477000 2440 236.913 0.0 0.0 11.6682 813 337570.0 607.5226 0.0006201 -0.3030824 
478000 2443 238.853 0.0 0.0 11.7794 814 338500.0 622.7703 0.0006154 0.0862854 
479000 2450 230.719 0.0 0.0 11.4711 816 339150.0 584.044 0.0006344 -0.0431877 
480000 2455 227.732 0.0 0.0 11.3562 818 340040.0 572.6756 0.0006185 -0.2958664 
481000 2459 225.226 0.0 0.0 11.2549 819 341100.0 554.408 0.0006081 -0.2297268 
482000 2464 226.86 0.0 0.0 11.2779 821 341770.0 566.4705 0.0005858 -0.3611002 
483000 2469 220.724 0.0 0.0 10.9456 823 342540.0 528.3411 0.0005614 -0.3904539 
484000 2476 213.837 0.0 0.0 10.5981 825 343210.0 494.5563 0.0005114 -0.2632993 
485000 2479 217.546 0.0 0.0 10.7501 826 344070.0 517.1007 0.0005388 -0.2282863 
486000 2485 214.408 0.0 0.0 10.5662 828 344510.0 480.5515 0.0005227 -0.3411968 
487000 2490 212.54 0.0 0.0 10.4691 830 345520.0 493.7468 0.0005276 -0.5612047 
488000 2493 220.595 0.0 0.0 10.8487 831 346700.0 565.3721 0.0005807 0.024809 
489000 2496 223.549 0.0 0.0 11.0048 832 347590.0 569.8349 0.0005746 0.2987034 
490000 2500 228.53 0.0 0.0 11.3252 833 348580.0 588.8514 0.0006177 -0.0580135 
491000 2505 224.71 0.0 0.0 11.2069 835 349300.0 584.9696 0.0006061 0.3857795 
492000 2510 222.638 0.0 0.0 11.0809 836 350470.0 552.4727 0.0006623 -0.2365045 
493000 2515 219.584 0.0 0.0 10.9199 838 351220.0 577.5029 0.0005518 -0.3598044 
494000 2518 226.905 0.0 0.0 11.2518 839 351790.0 596.7526 0.0006404 0.170944 
495000 2522 228.389 0.0 0.0 11.3043 840 352480.0 580.0773 0.000621 0.1475254 
496000 2527 227.778 0.0 0.0 11.24 842 353120.0 538.7626 0.0006711 0.2988323 
497000 2529 233.786 0.0 0.0 11.5269 843 353800.0 552.8864 0.0006397 0.1431496 
498000 2533 232.711 0.0 0.0 11.4595 844 354640.0 567.5977 0.0006208 0.2090231 
499000 2537 238.647 0.0 0.0 11.7348 845 355470.0 575.838 0.0006858 0.4737084 
500000 2544 227.552 0.0 0.0 11.1612 848 355850.0 507.3259 0.0006193 -0.3804012 
501000 2547 231.812 0.0 0.0 11.3527 849 356900.0 543.5933 0.0006492 0.2095235 
502000 2554 222.468 0.0 0.0 10.8932 851 357620.0 507.5106 0.0006158 -0.4072713 
503000 2562 207.489 0.0 0.0 10.2102 854 358320.0 450.5952 0.00063 -0.5829479 
504000 2567 207.233 0.0 0.0 10.2713 855 359490.0 472.5357 0.0005595 -0.289153 
505000 2571 209.457 0.0 0.0 10.4401 857 360270.0 496.3539 0.0005848 -0.1224459 
506000 2577 205.907 0.0 0.0 10.317 859 360890.0 467.6467 0.0005573 -0.2029124 
507000 2581 207.124 0.0 0.0 10.339 860 361650.0 471.882 0.0006404 0.0854986 
508000 2586 208.647 0.0 0.0 10.3891 862 362320.0 471.5244 0.0006038 0.1677842 
509000 2589 212.579 0.0 0.0 10.5647 863 363030.0 481.372 0.0005619 -0.1300614 
510000 2595 207.506 0.0 0.0 10.2769 865 363730.0 451.8113 0.0005658 0.1241848 
511000 2600 209.561 0.0 0.0 10.353 866 364510.0 466.6302 0.000626 0.0149102 
512000 2605 206.476 0.0 0.0 10.1904 868 365610.0 478.1704 0.0006496 0.3437459 
513000 2607 220.162 0.0 0.0 10.8495 869 365990.0 511.3534 0.0006689 -0.0318659 
514000 2611 218.709 0.0 0.0 10.7636 870 366930.0 511.2181 0.0006004 0.4332176 
515000 2618 211.524 0.0 0.0 10.3894 872 367640.0 499.8866 0.0006251 -0.1324787 
516000 2621 212.969 0.0 0.0 10.4585 873 368610.0 480.898 0.000646 -0.0326274 
517000 2627 213.251 0.0 0.0 10.4767 875 369390.0 518.6273 0.000677 0.3706808 
518000 2631 211.427 0.0 0.0 10.4076 877 370300.0 505.5882 0.0005841 0.3306243 
519000 2636 214.323 0.0 0.0 10.6003 878 371150.0 516.0293 0.0006406 -0.1071537 
520000 2641 212.18 0.0 0.0 10.582 880 372000.0 519.0838 0.0006245 0.0680406 
521000 2643 223.365 0.0 0.0 11.1851 881 372460.0 535.1754 0.0006004 0.0618419 
522000 2646 228.099 0.0 0.0 11.3977 882 373220.0 539.6578 0.0006327 0.0487225 
523000 2650 232.827 0.0 0.0 11.6035 883 373860.0 538.6921 0.000619 0.2142859 
524000 2655 230.525 0.0 0.0 11.4621 885 374490.0 534.5406 0.0006841 0.1495586 
525000 2658 235.988 0.0 0.0 11.7207 886 375190.0 551.0865 0.0006424 -0.3110786 
526000 2662 237.502 0.0 0.0 11.7699 887 376020.0 539.9779 0.0005985 -0.1324525 
527000 2667 230.941 0.0 0.0 11.4034 889 376880.0 533.7821 0.0006012 -0.2219104 
528000 2670 237.783 0.0 0.0 11.7229 890 377790.0 577.4039 0.0005588 -0.2522938 
529000 2676 231.507 0.0 0.0 11.3936 892 378580.0 560.8971 0.0005583 0.0879064 
530000 2680 233.435 0.0 0.0 11.4639 893 379570.0 592.8074 0.000632 0.0403796 
531000 2684 232.2 0.0 0.0 11.3978 894 380360.0 586.5267 0.0005767 -0.3719837 
532000 2690 224.96 0.0 0.0 11.0431 896 381350.0 561.3866 0.0005932 -0.3593338 
533000 2692 234.499 0.0 0.0 11.5261 897 381950.0 568.2479 0.0006286 0.0610613 
534000 2696 236.375 0.0 0.0 11.6727 898 382500.0 567.4232 0.0005962 -0.2682189 
535000 2700 239.074 0.0 0.0 11.8896 900 383380.0 583.3128 0.0005903 -0.1250067 
536000 2705 235.128 0.0 0.0 11.7265 901 384080.0 562.9815 0.0005796 -0.0839795 
537000 2710 231.569 0.0 0.0 11.6283 903 384610.0 523.415 0.0006115 -0.0004408 
538000 2714 231.464 0.0 0.0 11.6699 904 386080.0 500.0735 0.0006193 0.3142312 
539000 2719 229.773 0.0 0.0 11.614 906 387370.0 630.6595 0.0005453 -0.0085336 
540000 2725 222.887 0.0 0.0 11.2235 908 388530.0 609.1342 0.0005991 -0.2993068 
541000 2729 225.116 0.0 0.0 11.295 909 390430.0 586.2208 0.0005622 -0.317637 
542000 2734 221.474 0.0 0.0 11.0746 911 391500.0 722.4388 0.0005337 -0.4499111 
543000 2737 228.671 0.0 0.0 11.3891 912 392450.0 750.195 0.0005262 -0.2469262 
544000 2741 229.991 0.0 0.0 11.4205 913 393430.0 753.1755 0.0005687 0.0897349 
545000 2745 233.159 0.0 0.0 11.5427 915 394730.0 774.2721 0.0005761 0.142581 
546000 2749 234.807 0.0 0.0 11.6037 916 395680.0 770.8449 0.0005837 0.1711006 
547000 2752 230.73 0.0 0.0 11.3982 917 396620.0 732.7604 0.0006113 0.2103832 
548000 2757 236.205 0.0 0.0 11.6412 919 397380.0 734.6359 0.0005484 -0.3782555 
549000 2760 242.795 0.0 0.0 11.9501 920 398300.0 754.1723 0.0005729 -0.2110817 
550000 2763 247.006 0.0 0.0 12.1534 921 399040.0 749.7551 0.0005722 -0.612362 
551000 2768 241.082 0.0 0.0 11.8483 922 399760.0 706.7796 0.0005056 0.2384335 
552000 2772 240.898 0.0 0.0 11.872 924 400410.0 657.5915 0.0005003 0.0321689 
553000 2778 231.94 0.0 0.0 11.4555 926 401020.0 585.7491 0.0005933 0.1764891 
554000 2783 230.363 0.0 0.0 11.4652 927 401810.0 595.1742 0.0005446 -0.1158279 
555000 2786 235.532 0.0 0.0 11.773 928 402740.0 579.6568 0.0005799 0.4745874 
556000 2789 235.88 0.0 0.0 11.8531 929 403350.0 609.6911 0.0005929 0.2418164 
557000 2794 238.799 0.0 0.0 12.0512 931 404010.0 588.2498 0.0005383 -0.0653477 
558000 2800 230.494 0.0 0.0 11.6516 933 404620.0 538.2823 0.0005626 -0.3045029 
559000 2804 233.296 0.0 0.0 11.7472 934 405210.0 520.4541 0.0006066 -0.1171332 
560000 2810 226.02 0.0 0.0 11.3433 936 405790.0 485.4678 0.0004927 -0.3311957 
561000 2817 214.403 0.0 0.0 10.7428 939 406450.0 440.306 0.0005934 -0.1801466 
562000 2823 209.241 0.0 0.0 10.4488 941 407200.0 427.8479 0.0006164 0.4842463 
563000 2827 204.651 0.0 0.0 10.2081 942 408870.0 420.0631 0.000513 0.0489266 
564000 2831 211.364 0.0 0.0 10.5102 943 409410.0 522.0568 0.0005681 0.4624459 
565000 2835 217.341 0.0 0.0 10.7688 945 410200.0 535.566 0.0005559 -0.3279939 
566000 2840 214.957 0.0 0.0 10.6174 946 411230.0 562.0094 0.0005168 0.1171431 
567000 2847 206.126 0.0 0.0 10.1839 949 411920.0 490.3549 0.0005764 -0.1368462 
568000 2853 201.903 0.0 0.0 9.9659 951 412920.0 495.9874 0.0005192 -0.2575241 
569000 2858 198.547 0.0 0.0 9.8617 952 413620.0 482.3887 0.0005242 0.145646 
570000 2862 205.139 0.0 0.0 10.2745 954 414400.0 490.6348 0.0005439 -0.0337714 
571000 2867 202.195 0.0 0.0 10.1715 955 415230.0 486.5714 0.0005493 0.2760601 
572000 2872 202.656 0.0 0.0 10.2076 957 416130.0 499.1228 0.0005008 0.0677379 
573000 2877 201.641 0.0 0.0 10.1075 959 416830.0 469.6895 0.0005852 0.0090187 
574000 2882 203.555 0.0 0.0 10.157 960 417380.0 477.7205 0.0005317 -0.4684478 
575000 2887 204.301 0.0 0.0 10.1496 962 418250.0 485.4536 0.00059 -0.0139355 
576000 2894 196.509 0.0 0.0 9.7326 964 418950.0 456.2174 0.0005473 0.021071 
577000 2900 189.919 0.0 0.0 9.3946 966 419550.0 417.6361 0.0005412 0.2357986 
578000 2907 185.268 0.0 0.0 9.1311 969 420320.0 386.4167 0.0005975 0.2403144 
579000 2913 183.52 0.0 0.0 9.0292 971 420910.0 376.0976 0.0005059 -0.4005325 
580000 2917 187.879 0.0 0.0 9.243 972 421940.0 383.4878 0.0005607 0.098628 
581000 2922 188.341 0.0 0.0 9.2493 974 422690.0 425.5251 0.0005503 -0.1439717 
582000 2927 189.525 0.0 0.0 9.3361 975 423520.0 430.9726 0.0005086 0.137524 
583000 2933 186.313 0.0 0.0 9.2491 977 424340.0 413.3878 0.0005047 0.4478435 
584000 2939 186.219 0.0 0.0 9.327 979 424920.0 425.9441 0.000494 -0.1050393 
585000 2943 189.997 0.0 0.0 9.5639 981 425780.0 440.4147 0.0004925 -0.5860946 
586000 2947 194.083 0.0 0.0 9.812 982 427070.0 423.3733 0.0005588 0.1201254 
587000 2950 197.168 0.0 0.0 10.0085 983 427840.0 514.0359 0.0005743 0.1275439 
588000 2956 200.651 0.0 0.0 10.2031 985 428560.0 516.1691 0.000579 -0.0998374 
589000 2959 208.065 0.0 0.0 10.5379 986 428840.0 494.5522 0.0005582 0.1457938 
590000 2966 198.39 0.0 0.0 10.0052 988 429320.0 450.4873 0.0005693 0.1839504 
591000 2971 197.15 0.0 0.0 9.8943 990 430160.0 429.5947 0.0005346 -0.2084528 
592000 2976 195.787 0.0 0.0 9.7964 992 430850.0 410.7717 0.0006012 0.5404984 
593000 2981 195.429 0.0 0.0 9.7626 993 431680.0 424.6945 0.000584 0.0174551 
594000 2987 196.699 0.0 0.0 9.7934 995 432370.0 434.7026 0.0005986 0.3773748 
595000 2991 200.984 0.0 0.0 9.9891 997 432860.0 430.4091 0.0005673 -0.2917959 
596000 2995 204.844 0.0 0.0 10.1364 998 433550.0 439.3682 0.0005473 -0.1602863 
597000 2998 207.306 0.0 0.0 10.2465 999 434640.0 461.4314 0.0005699 0.1692932 
598000 3003 210.924 0.0 0.0 10.4118 1001 435420.0 500.3594 0.0005245 -0.133197 
599000 3009 206.982 0.0 0.0 10.1929 1003 436030.0 466.0911 0.0004967 -0.3217084 
600000 3014 201.695 0.0 0.0 9.9478 1004 436740.0 452.482 0.0004949 -0.0358766 
601000 3019 205.624 0.0 0.0 10.213 1006 437430.0 451.6104 0.0005527 0.0352445 
602000 3024 201.615 0.0 0.0 10.0566 1008 438130.0 433.1044 0.0005942 0.6099786 
603000 3028 208.249 0.0 0.0 10.4737 1009 438840.0 441.794 0.0005884 -0.1338804 
604000 3033 207.981 0.0 0.0 10.5151 1011 439320.0 437.8531 0.0005937 0.2415087 
605000 3035 219.532 0.0 0.0 11.1176 1011 440330.0 437.8531 0.0005957 0.3747304 
606000 3041 213.019 0.0 0.0 10.7427 1013 441040.0 488.561 0.0005534 -0.1251448 
607000 3047 206.373 0.0 0.0 10.3912 1015 441790.0 451.6344 0.0005065 -0.2165355 
608000 3051 209.023 0.0 0.0 10.4793 1017 442560.0 461.4239 0.00053 0.0155301 
609000 3056 207.312 0.0 0.0 10.3749 1018 443350.0 456.2815 0.0005262 0.1136507 
610000 3060 211.688 0.0 0.0 10.5469 1020 444320.0 499.388 0.0005055 -0.1286569 
611000 3063 218.616 0.0 0.0 10.8702 1021 445600.0 575.4492 0.0005692 -0.1002158 
612000 3068 217.424 0.0 0.0 10.78 1022 446550.0 607.9043 0.0005597 -0.1688157 
613000 3072 221.844 0.0 0.0 10.9696 1024 447430.0 600.7025 0.0005352 -0.1495052 
614000 3078 214.647 0.0 0.0 10.6102 1026 448240.0 562.569 0.000554 0.0140731 
615000 3081 217.972 0.0 0.0 10.7504 1027 449120.0 570.3121 0.0005359 -0.0915164 
616000 3086 218.056 0.0 0.0 10.7604 1028 450710.0 657.2809 0.000527 -0.375763 
617000 3091 217.497 0.0 0.0 10.7729 1030 451320.0 601.2975 0.00052 0.0530884 
618000 3096 214.992 0.0 0.0 10.7279 1032 452020.0 568.251 0.0004684 -0.3332709 
619000 3100 219.406 0.0 0.0 11.0058 1033 452460.0 554.4259 0.0004733 -0.3078206 
620000 3105 214.452 0.0 0.0 10.816 1035 453410.0 532.785 0.000516 0.329789 
621000 3111 211.153 0.0 0.0 10.6682 1037 453920.0 497.2558 0.0005109 0.1010527 
622000 3117 204.686 0.0 0.0 10.2973 1039 454820.0 476.3772 0.0004583 -0.091297 
623000 3123 201.867 0.0 0.0 10.1051 1041 455450.0 459.4656 0.0005128 0.0976514 
624000 3129 196.562 0.0 0.0 9.8054 1043 456190.0 427.3671 0.000526 0.2783916 
625000 3133 201.726 0.0 0.0 10.0469 1044 456650.0 421.6304 0.0005257 -0.0210166 
626000 3136 210.8 0.0 0.0 10.4675 1045 457170.0 439.4673 0.0005292 -0.0229472 
627000 3143 202.273 0.0 0.0 10.0214 1047 457830.0 398.6686 0.0004949 0.2061728 
628000 3147 203.315 0.0 0.0 10.066 1049 458830.0 439.6215 0.000515 -0.2855938 
629000 3153 201.127 0.0 0.0 9.9266 1051 459730.0 458.7934 0.0004925 -0.0743574 
630000 3159 197.768 0.0 0.0 9.7389 1053 460600.0 454.4227 0.0004702 0.4120454 
631000 3163 199.608 0.0 0.0 9.8075 1054 461470.0 447.9804 0.0005087 0.1870235 
632000 3170 193.895 0.0 0.0 9.521 1056 462220.0 449.3641 0.0005045 -0.0303988 
633000 3176 191.159 0.0 0.0 9.4192 1058 463070.0 455.685 0.0004848 -0.0221188 
634000 3180 194.116 0.0 0.0 9.62 1060 463870.0 456.6048 0.0005215 -0.1407838 
635000 3184 199.048 0.0 0.0 9.9456 1061 465230.0 457.9443 0.0005183 0.1193703 
636000 3189 197.377 0.0 0.0 9.9089 1063 465830.0 504.2349 0.0004582 0.2669351 
637000 3195 196.155 0.0 0.0 9.8728 1065 466570.0 490.7303 0.000545 -0.1635343 
638000 3199 200.178 0.0 0.0 10.0201 1066 467440.0 511.6572 0.0005112 0.0137682 
639000 3202 208.997 0.0 0.0 10.445 1067 468080.0 522.4915 0.0005029 0.0707794 
640000 3207 207.059 0.0 0.0 10.3064 1069 468760.0 505.2181 0.000495 0.1924371 
641000 3211 208.401 0.0 0.0 10.3448 1070 469870.0 533.6963 0.0005171 -0.0487883 
642000 3218 201.792 0.0 0.0 9.9934 1072 470540.0 500.094 0.0005003 -0.2959228 
643000 3221 208.352 0.0 0.0 10.2965 1073 471190.0 486.0846 0.0005034 0.1774131 
644000 3227 204.699 0.0 0.0 10.09 1075 472440.0 544.0285 0.0005078 -0.1646153 
645000 3229 207.386 0.0 0.0 10.2295 1076 473940.0 531.6257 0.0004857 -0.3707919 
646000 3234 214.636 0.0 0.0 10.5601 1078 474490.0 603.3168 0.0005255 -0.0965258 
647000 3237 220.178 0.0 0.0 10.808 1079 475260.0 610.9851 0.0004928 -0.1924734 
648000 3243 215.473 0.0 0.0 10.5785 1081 475880.0 563.198 0.000476 -0.1702906 
649000 3247 213.785 0.0 0.0 10.5034 1082 476920.0 544.8782 0.0005161 0.3653168 
650000 3250 226.51 0.0 0.0 11.1797 1083 478290.0 593.3903 0.0005115 0.1027414 
651000 3255 220.664 0.0 0.0 10.9276 1085 478950.0 619.8462 0.0005221 0.3783563 
652000 3257 228.044 0.0 0.0 11.3732 1085 479800.0 619.8462 0.000511 -0.1411744 
653000 3262 231.427 0.0 0.0 11.5733 1087 480590.0 653.9754 0.0005015 0.0651348 
654000 3269 219.138 0.0 0.0 10.9179 1089 481240.0 581.2201 0.0004827 0.2208194 
655000 3273 220.338 0.0 0.0 10.9682 1091 482250.0 588.5883 0.0005189 -0.1488548 
656000 3276 228.348 0.0 0.0 11.3345 1092 483090.0 621.7294 0.0005369 0.0912337 
657000 3278 238.44 0.0 0.0 11.8131 1092 483600.0 621.7294 0.0005119 0.2320578 
658000 3281 234.8 0.0 0.0 11.6173 1093 484530.0 620.5565 0.0005748 0.6113013 
659000 3285 245.298 0.0 0.0 12.0975 1095 485020.0 625.2508 0.0005313 -0.0330131 
660000 3289 246.865 0.0 0.0 12.167 1096 485980.0 603.7257 0.0005112 0.0287222 
661000 3295 236.563 0.0 0.0 11.6343 1098 486790.0 597.7178 0.0005126 0.3941076 
662000 3300 233.689 0.0 0.0 11.4897 1100 487560.0 577.8514 0.0005314 -0.3026915 
663000 3304 229.337 0.0 0.0 11.3094 1101 488850.0 581.0663 0.0005124 0.0725771 
664000 3309 228.6 0.0 0.0 11.3144 1103 489610.0 583.2637 0.0005361 -0.4109115 
665000 3312 237.046 0.0 0.0 11.831 1104 490360.0 616.9373 0.0004917 -0.3516862 
666000 3315 242.352 0.0 0.0 12.154 1105 491160.0 635.2436 0.0004903 -0.3306381 
667000 3321 233.748 0.0 0.0 11.7159 1107 492320.0 620.8473 0.0005073 0.2535045 
668000 3325 235.206 0.0 0.0 11.7485 1108 493790.0 687.7626 0.0004887 -0.0328382 
669000 3329 236.246 0.0 0.0 11.7531 1109 494760.0 694.9863 0.00052 -0.0109797 
670000 3334 233.563 0.0 0.0 11.6151 1111 495320.0 644.2389 0.0004774 -0.2885296 
671000 3338 234.691 0.0 0.0 11.6339 1112 496160.0 633.815 0.0004528 -0.1334198 
672000 3343 229.595 0.0 0.0 11.362 1114 496790.0 596.5902 0.0004831 0.005496 
673000 3346 234.966 0.0 0.0 11.6229 1115 498120.0 615.9312 0.0005494 -0.1864362 
674000 3350 236.521 0.0 0.0 11.6824 1116 498880.0 650.338 0.0004891 -0.1480277 
675000 3354 236.352 0.0 0.0 11.6518 1118 499740.0 639.1738 0.0004958 -0.1490932 
676000 3360 228.738 0.0 0.0 11.2596 1120 500400.0 583.0308 0.0004832 0.0167933 
677000 3364 231.922 0.0 0.0 11.4118 1121 500970.0 577.7277 0.0005046 0.0270768 
678000 3368 229.19 0.0 0.0 11.2674 1122 501620.0 553.9549 0.0004894 0.0720959 
679000 3370 244.275 0.0 0.0 11.9987 1123 502560.0 554.5594 0.0005135 0.0766598 
680000 3375 239.113 0.0 0.0 11.7177 1125 503390.0 602.7931 0.0004815 -0.1216864 
681000 3378 242.949 0.0 0.0 11.9073 1126 504160.0 615.5138 0.0005051 0.192041 
682000 3385 232.566 0.0 0.0 11.4386 1128 504900.0 556.0662 0.0004894 0.0249458 
683000 3388 235.527 0.0 0.0 11.6553 1129 505870.0 578.4596 0.0005198 0.1077909 
684000 3393 235.231 0.0 0.0 11.7317 1131 506450.0 569.2523 0.0005113 -0.0716603 
685000 3399 227.171 0.0 0.0 11.3788 1133 507220.0 530.7943 0.0004793 -0.3417104 
686000 3404 224.598 0.0 0.0 11.3108 1134 508060.0 540.7149 0.0004994 -0.0509729 
687000 3407 230.365 0.0 0.0 11.6273 1135 509610.0 521.6434 0.0005412 0.3018476 
688000 3411 231.814 0.0 0.0 11.6596 1137 510190.0 598.9312 0.0005353 0.1342573 
689000 3414 235.94 0.0 0.0 11.8346 1138 511160.0 625.038 0.0005724 0.1607922 
690000 3419 233.768 0.0 0.0 11.6813 1139 511970.0 626.5342 0.0004748 -0.0110837 
691000 3422 240.298 0.0 0.0 11.9737 1140 512880.0 606.8808 0.0004992 0.1830355 
692000 3428 233.424 0.0 0.0 11.6174 1142 513490.0 596.3735 0.0004903 0.021399 
693000 3433 229.205 0.0 0.0 11.3761 1144 514360.0 587.3625 0.0004966 -0.1950515 
694000 3438 222.158 0.0 0.0 11.0035 1146 515260.0 538.7636 0.0004912 0.0434716 
695000 3442 223.882 0.0 0.0 11.0689 1147 515850.0 527.8873 0.0004705 -0.0365724 
696000 3444 238.555 0.0 0.0 11.7613 1148 516470.0 578.0985 0.0005246 0.2434664 
697000 3448 240.49 0.0 0.0 11.8715 1149 517210.0 586.2887 0.0005013 -0.0124548 
698000 3451 246.233 0.0 0.0 12.1862 1150 517970.0 595.6598 0.0005177 0.0139072 
699000 3454 250.634 0.0 0.0 12.4485 1151 519080.0 649.0938 0.0005069 -0.121286 
700000 3458 250.549 0.0 0.0 12.5217 1152 519730.0 625.1845 0.0004988 -0.3179255 
701000 3462 249.508 0.0 0.0 12.5187 1154 520430.0 609.7994 0.0004962 -0.3434838 
702000 3466 250.522 0.0 0.0 12.5969 1155 522030.0 592.8195 0.0005341 0.2925558 
703000 3471 244.867 0.0 0.0 12.3218 1157 522980.0 674.9838 0.0004859 -0.16662 
704000 3476 240.141 0.0 0.0 12.0536 1158 523700.0 645.4854 0.0005106 -0.0925176 
705000 3480 240.362 0.0 0.0 12.0248 1160 524580.0 632.9432 0.0005386 0.1093307 
706000 3485 237.838 0.0 0.0 11.8834 1161 525480.0 621.6488 0.0005088 0.1654346 
707000 3489 236.717 0.0 0.0 11.8071 1163 526670.0 646.0356 0.0004959 0.1924207 
708000 3490 248.703 0.0 0.0 12.3723 1163 527810.0 646.0356 0.0005331 0.4557921 
709000 3495 246.634 0.0 0.0 12.2394 1165 528740.0 714.5888 0.0005082 -0.1714228 
710000 3499 247.048 0.0 0.0 12.2357 1166 529390.0 706.1299 0.0005121 0.0912126 
711000 3505 237.274 0.0 0.0 11.7357 1168 530370.0 633.9652 0.0004365 0.1920188 
712000 3510 235.954 0.0 0.0 11.6377 1170 531340.0 655.7118 0.0004541 -0.3167683 
713000 3514 234.273 0.0 0.0 11.5486 1171 532310.0 631.1407 0.0004574 -0.1946129 
714000 3516 248.484 0.0 0.0 12.2342 1172 532890.0 683.0266 0.0004503 -0.2537742 
715000 3520 248.736 0.0 0.0 12.2302 1173 533840.0 691.7239 0.0004871 -0.4233634 
716000 3525 243.814 0.0 0.0 11.985 1175 534660.0 655.7964 0.0005156 0.1162787 
717000 3528 249.467 0.0 0.0 12.2737 1176 535510.0 675.2167 0.000527 -0.1039233 
718000 3534 239.094 0.0 0.0 11.7995 1178 536240.0 615.8256 0.0004797 -0.7044191 
719000 3537 240.35 0.0 0.0 11.9547 1179 537650.0 664.243 0.0004477 -0.0447685 
720000 3541 243.414 0.0 0.0 12.1689 1180 538680.0 654.8187 0.0004437 -0.1995693 
721000 3545 244.781 0.0 0.0 12.3021 1181 539330.0 666.3368 0.0005019 0.0658868 
722000 3550 241.283 0.0 0.0 12.1834 1183 540260.0 646.2328 0.0004876 -0.5181895 
723000 3557 229.408 0.0 0.0 11.6346 1185 540770.0 588.6486 0.000446 0.0911047 
724000 3558 227.8 0.0 0.0 11.5471 1186 541830.0 557.7837 0.000503 0.3406397 
725000 3563 238.322 0.0 0.0 12.0039 1187 542460.0 614.0054 0.0005232 0.4140685 
726000 3566 235.227 0.0 0.0 11.8415 1188 543210.0 607.6048 0.0004789 0.1908632 
727000 3570 245.003 0.0 0.0 12.2778 1190 543980.0 621.6599 0.0004613 0.1361083 
728000 3576 234.653 0.0 0.0 11.7264 1192 544840.0 567.1445 0.0004808 0.1837493 
729000 3580 236.819 0.0 0.0 11.816 1193 545410.0 572.4301 0.0004622 0.0001303 
730000 3584 237.546 0.0 0.0 11.8087 1194 546660.0 556.1871 0.0004787 0.019442 
731000 3587 243.682 0.0 0.0 12.088 1195 547340.0 620.5684 0.0004579 0.1398731 
732000 3592 239.265 0.0 0.0 11.8424 1197 548100.0 594.7604 0.0004467 0.1557429 
733000 3595 245.619 0.0 0.0 12.1297 1198 548630.0 577.2843 0.0005 0.1262859 
734000 3601 237.593 0.0 0.0 11.713 1200 549420.0 564.7003 0.0004589 -0.1687409 
735000 3602 244.141 0.0 0.0 12.0451 1200 550160.0 564.7003 0.0004774 -0.2052973 
736000 3605 255.461 0.0 0.0 12.6148 1201 550950.0 606.2303 0.0004929 0.2942315 
737000 3609 255.413 0.0 0.0 12.6608 1203 552120.0 655.4465 0.0004792 -0.1976663 
738000 3612 255.787 0.0 0.0 12.7247 1204 553320.0 671.9019 0.0004834 0.1040198 
739000 3619 246.078 0.0 0.0 12.3279 1206 554070.0 648.4405 0.0004463 -0.016767 
740000 3622 251.763 0.0 0.0 12.682 1207 554970.0 647.5965 0.0004519 -0.1119923 
741000 3626 251.029 0.0 0.0 12.6977 1208 555860.0 675.8368 0.0004492 -0.1276592 
742000 3630 247.948 0.0 0.0 12.5648 1210 557020.0 661.8278 0.0004457 -0.1343694 
743000 3631 265.769 0.0 0.0 13.4169 1210 557480.0 661.8278 0.0004945 0.1695957 
744000 3635 265.084 0.0 0.0 13.3366 1211 558020.0 681.645 0.0004889 0.1014656 
745000 3639 263.864 0.0 0.0 13.2377 1213 558950.0 688.5325 0.0004384 -0.3223312 
746000 3642 269.053 0.0 0.0 13.4825 1214 560010.0 729.6792 0.0004876 -0.0905188 
747000 3644 263.525 0.0 0.0 13.1979 1214 560750.0 729.6792 0.0005258 0.1170384 
748000 3645 290.034 0.0 0.0 14.4554 1215 560950.0 735.7113 0.000485 -0.0583316 
749000 3648 281.81 0.0 0.0 14.0252 1216 561780.0 693.1402 0.0004513 -0.0034408 
750000 3653 285.644 0.0 0.0 14.1657 1217 562380.0 707.8262 0.0004488 0.0985468 
751000 3657 284.505 0.0 0.0 14.0806 1219 563120.0 686.0392 0.0004623 -0.3637974 
752000 3660 283.014 0.0 0.0 13.9857 1220 564090.0 687.4353 0.0004797 -0.0475785 
753000 3666 271.769 0.0 0.0 13.4047 1222 565130.0 670.1226 0.0005283 -0.0441317 
754000 3669 271.842 0.0 0.0 13.4441 1223 566650.0 699.1103 0.0005 -0.0619536 
755000 3673 274.816 0.0 0.0 13.671 1224 567220.0 732.1993 0.0004426 -0.2562547 
756000 3678 264.174 0.0 0.0 13.1833 1226 568120.0 675.9814 0.0004404 -0.5118829 
757000 3683 259.785 0.0 0.0 13.0424 1227 568770.0 667.3833 0.0004762 0.0649276 
758000 3688 256.326 0.0 0.0 12.8576 1229 569430.0 613.4805 0.0004461 -0.1220605 
759000 3692 253.684 0.0 0.0 12.7003 1230 570490.0 634.1324 0.0004528 -0.0986427 
760000 3696 251.122 0.0 0.0 12.5393 1232 571470.0 615.0473 0.0004479 -0.3602541 
761000 3700 250.18 0.0 0.0 12.4685 1233 572080.0 599.5425 0.0004317 -0.0241519 
762000 3706 244.21 0.0 0.0 12.1336 1235 573030.0 609.7294 0.0004474 -0.37531 
763000 3711 235.893 0.0 0.0 11.6963 1237 574430.0 559.0809 0.0004472 -0.2813546 
764000 3717 230.812 0.0 0.0 11.4241 1239 575030.0 574.1555 0.0004444 0.0533987 
765000 3723 221.748 0.0 0.0 10.957 1241 575900.0 531.4659 0.0004499 0.1857896 
766000 3729 213.382 0.0 0.0 10.5278 1243 576790.0 509.9874 0.0004281 -0.3022543 
767000 3733 221.947 0.0 0.0 10.9255 1244 577510.0 527.9887 0.0004514 -0.3186883 
768000 3738 217.976 0.0 0.0 10.714 1246 578580.0 551.0708 0.0004583 0.0784824 
769000 3741 226.237 0.0 0.0 11.1425 1247 579490.0 602.9637 0.0004927 -0.6712606 
770000 3745 227.652 0.0 0.0 11.2393 1248 580650.0 598.6674 0.0004427 -0.183678 
771000 3748 233.483 0.0 0.0 11.6027 1249 581400.0 644.8006 0.0004359 -0.0700645 
772000 3755 222.529 0.0 0.0 11.1292 1251 582160.0 587.4885 0.0004458 0.0054764 
773000 3760 221.637 0.0 0.0 11.1873 1253 583230.0 546.0657 0.0004387 0.0111205 
774000 3765 216.901 0.0 0.0 10.9643 1255 583810.0 543.1132 0.0004613 0.3094461 
775000 3769 221.912 0.0 0.0 11.2877 1256 585960.0 699.8019 0.0004933 0.1348941 
776000 3772 228.535 0.0 0.0 11.6819 1257 587070.0 708.8217 0.0004681 -0.4105701 
777000 3776 228.314 0.0 0.0 11.7124 1258 588010.0 713.9395 0.0004661 -0.0455191 
778000 3782 220.638 0.0 0.0 11.3749 1260 588900.0 680.791 0.0004429 0.0569362 
779000 3787 218.136 0.0 0.0 11.2596 1262 589810.0 656.7407 0.0004552 0.07278 
780000 3791 223.417 0.0 0.0 11.577 1263 591440.0 648.0667 0.0004454 0.0102406 
781000 3795 224.281 0.0 0.0 11.6433 1265 592230.0 720.834 0.0004928 -0.4550018 
782000 3800 223.035 0.0 0.0 11.6423 1266 592960.0 696.7506 0.0004572 -0.3004338 
783000 3802 228.481 0.0 0.0 11.9142 1267 594380.0 735.0755 0.0005171 0.5417764 
784000 3806 233.251 0.0 0.0 12.154 1268 595050.0 748.568 0.0004845 0.4966435 
785000 3808 243.795 0.0 0.0 12.6463 1269 595610.0 721.7112 0.0004825 -0.1079777 
786000 3811 246.81 0.0 0.0 12.7473 1270 596190.0 714.5401 0.0004537 -0.0217767 
787000 3816 244.848 0.0 0.0 12.579 1272 596870.0 678.2775 0.0004436 -0.0409505 
788000 3821 238.776 0.0 0.0 12.2059 1273 598390.0 669.4497 0.0004271 -0.1661513 
789000 3823 245.497 0.0 0.0 12.5146 1274 599650.0 764.5047 0.0004554 0.2653315 
790000 3826 256.357 0.0 0.0 13.0012 1275 601480.0 864.0543 0.0004948 -0.0762768 
791000 3832 246.479 0.0 0.0 12.4594 1277 602300.0 825.684 0.0004547 -0.1839414 
792000 3838 238.057 0.0 0.0 11.9913 1279 602980.0 729.704 0.0004399 0.0203145 
793000 3841 243.882 0.0 0.0 12.2459 1280 604200.0 724.7336 0.0005029 -0.0740267 
794000 3843 251.034 0.0 0.0 12.5602 1281 604970.0 780.2602 0.0004737 -0.0818236 
795000 3846 255.226 0.0 0.0 12.7891 1282 605590.0 754.2342 0.0004792 -0.4541181 
796000 3849 258.885 0.0 0.0 12.9998 1283 607210.0 830.8108 0.0004538 0.072761 
797000 3856 247.465 0.0 0.0 12.5148 1285 608020.0 769.0567 0.0004799 -0.073184 
798000 3861 243.128 0.0 0.0 12.3554 1287 608910.0 730.636 0.0004607 0.2832579 
799000 3865 240.178 0.0 0.0 12.2227 1288 609890.0 725.5724 0.0004802 0.3365189 
800000 3868 246.104 0.0 0.0 12.5223 1289 611100.0 744.0151 0.0004623 0.2975192 
801000 3872 246.511 0.0 0.0 12.4969 1290 612000.0 744.6136 0.0004655 -0.2304002 
802000 3876 246.835 0.0 0.0 12.473 1292 612690.0 728.037 0.0004203 0.0555798 
803000 3880 244.632 0.0 0.0 12.3257 1293 613410.0 691.2333 0.0004749 -0.0012852 
804000 3883 246.227 0.0 0.0 12.3727 1294 614410.0 681.11 0.0004893 0.3550805 
805000 3888 244.297 0.0 0.0 12.2265 1296 615320.0 681.4991 0.0004814 0.0677522 
806000 3894 241.087 0.0 0.0 12.0131 1298 616830.0 734.5143 0.000475 -0.1553471 
807000 3899 234.764 0.0 0.0 11.679 1299 617950.0 732.0628 0.0004415 -0.0396505 
808000 3903 234.82 0.0 0.0 11.6666 1301 618880.0 691.5709 0.0004302 -0.2728012 
809000 3908 234.699 0.0 0.0 11.6226 1302 619780.0 690.4138 0.000432 -0.3537462 
810000 3912 233.389 0.0 0.0 11.5222 1304 620660.0 680.6352 0.000408 -0.1553873 
811000 3919 223.533 0.0 0.0 11.0162 1306 621520.0 616.2145 0.0004152 -0.1201142 
812000 3922 228.899 0.0 0.0 11.2901 1307 623640.0 638.5931 0.0004164 0.1093283 
813000 3927 222.532 0.0 0.0 11.0483 1309 624460.0 713.8604 0.0004099 -0.1097414 
814000 3930 223.36 0.0 0.0 11.1173 1310 626470.0 771.4743 0.0004541 0.0546831 
815000 3933 235.245 0.0 0.0 11.8001 1311 627180.0 820.3269 0.0004623 0.4646946 
816000 3938 236.262 0.0 0.0 11.9371 1312 627990.0 828.2942 0.0004086 -0.1564398 
817000 3943 232.82 0.0 0.0 11.7821 1314 628710.0 752.5183 0.0004206 -0.2483225 
818000 3948 229.789 0.0 0.0 11.5976 1316 629580.0 712.4398 0.0004123 -0.0943964 
819000 3949 240.074 0.0 0.0 12.0916 1316 630740.0 712.4398 0.0004495 -0.2236023 
820000 3951 241.249 0.0 0.0 12.1327 1317 631200.0 765.1958 0.0004492 -0.0091304 
821000 3953 256.517 0.0 0.0 12.8619 1317 631870.0 765.1958 0.0004604 0.1758791 
822000 3956 267.541 0.0 0.0 13.368 1318 632540.0 794.6763 0.0004361 -0.472318 
823000 3960 268.808 0.0 0.0 13.4084 1320 633300.0 777.7878 0.0004619 -0.2559133 
824000 3962 274.022 0.0 0.0 13.6422 1320 633950.0 777.7878 0.0004221 0.0460939 
825000 3966 273.007 0.0 0.0 13.5635 1322 634990.0 765.5081 0.0004715 0.2671438 
826000 3969 279.353 0.0 0.0 13.8543 1323 635760.0 792.9573 0.0004631 0.1283545 
827000 3974 271.757 0.0 0.0 13.456 1324 636530.0 745.6616 0.0004645 -0.1623852 
828000 3979 263.25 0.0 0.0 13.0157 1326 637420.0 706.2859 0.000455 -0.0699269 
829000 3981 261.603 0.0 0.0 12.9331 1327 638780.0 698.6573 0.0004892 0.1485691 
830000 3986 265.414 0.0 0.0 13.0924 1328 639360.0 739.7915 0.0004623 0.2412737 
831000 3990 264.455 0.0 0.0 13.0637 1330 640420.0 737.6312 0.0004645 -0.126628 
832000 3995 259.436 0.0 0.0 12.8579 1331 642160.0 727.868 0.0004038 -0.323959 
833000 4001 249.972 0.0 0.0 12.448 1333 643040.0 749.8731 0.0004026 -0.036911 
834000 4006 243.551 0.0 0.0 12.1823 1335 643700.0 690.8972 0.000432 0.3998553 
835000 4009 244.775 0.0 0.0 12.328 1336 644880.0 657.8075 0.0004726 -0.2586549 
836000 4013 244.876 0.0 0.0 12.3223 1337 645880.0 712.0267 0.0004647 -0.279055 
837000 4018 245.726 0.0 0.0 12.3257 1339 646490.0 685.3417 0.0004017 -0.5138446 
838000 4022 242.285 0.0 0.0 12.1434 1340 647730.0 657.8075 0.000422 -0.0411417 
839000 4027 242.328 0.0 0.0 12.1046 1342 648400.0 671.1241 0.0004328 -0.0935434 
840000 4030 243.655 0.0 0.0 12.142 1343 649310.0 650.0117 0.0004938 0.1845801 
841000 4034 242.019 0.0 0.0 12.0409 1344 650130.0 666.0105 0.0004515 0.2581334 
842000 4039 243.807 0.0 0.0 12.1101 1346 651120.0 674.8685 0.0004422 -0.1965563 
843000 4044 237.232 0.0 0.0 11.7456 1348 651950.0 627.7435 0.0004434 0.0353595 
844000 4047 244.345 0.0 0.0 12.0772 1349 652960.0 686.9691 0.000461 0.1156174 
845000 4051 240.148 0.0 0.0 11.853 1350 654040.0 677.2722 0.0004589 0.139222 
846000 4056 241.432 0.0 0.0 11.896 1352 654930.0 680.9905 0.0004939 -0.1737416 
847000 4058 245.328 0.0 0.0 12.0637 1352 655890.0 680.9905 0.0004671 0.3694103 
848000 4062 247.17 0.0 0.0 12.1925 1354 656740.0 699.0023 0.0004993 0.2056868 
849000 4067 245.167 0.0 0.0 12.1153 1355 657600.0 697.1021 0.0004612 0.1807337 
850000 4072 242.037 0.0 0.0 12.0349 1357 658900.0 725.0527 0.0004362 -0.080477 
851000 4074 245.682 0.0 0.0 12.2526 1358 660470.0 700.5474 0.0004609 0.0188506 
852000 4079 247.429 0.0 0.0 12.3991 1359 661300.0 793.4927 0.0004285 -0.0130379 
853000 4082 244.865 0.0 0.0 12.2921 1360 662400.0 769.1434 0.000478 0.2703418 
854000 4087 242.678 0.0 0.0 12.1843 1362 663380.0 745.9062 0.0004734 -0.2551984 
855000 4092 242.973 0.0 0.0 12.164 1364 664260.0 739.484 0.0004512 0.1748413 
856000 4096 239.126 0.0 0.0 11.9487 1365 665630.0 742.5356 0.000457 0.1629843 
857000 4102 232.333 0.0 0.0 11.5725 1367 666560.0 708.7538 0.000427 -0.0199651 
858000 4105 241.307 0.0 0.0 11.9887 1368 667340.0 714.8784 0.0004574 -0.1394672 
859000 4108 246.263 0.0 0.0 12.2173 1369 668270.0 717.3906 0.0004893 0.0897674 
860000 4111 248.711 0.0 0.0 12.3247 1370 668990.0 724.6515 0.0004476 0.0686298 
861000 4114 254.803 0.0 0.0 12.5979 1371 669410.0 723.1864 0.0004027 -0.4354924 
862000 4118 256.444 0.0 0.0 12.6459 1372 670290.0 701.8677 0.0004436 0.062276 
863000 4119 262.015 0.0 0.0 12.9253 1373 671700.0 737.681 0.0004448 -0.1554151 
864000 4123 270.873 0.0 0.0 13.3142 1374 672530.0 789.9129 0.0004653 -0.0591671 
865000 4126 267.601 0.0 0.0 13.1463 1375 673950.0 774.9216 0.000453 0.3065198 
866000 4131 267.801 0.0 0.0 13.2157 1377 674720.0 818.9865 0.0003971 -0.0462596 
867000 4134 270.413 0.0 0.0 13.3834 1378 675670.0 829.0878 0.0003922 -0.2663102 
868000 4138 268.763 0.0 0.0 13.3835 1379 676490.0 811.1791 0.0004004 -0.1984859 
869000 4143 263.491 0.0 0.0 13.168 1381 677320.0 755.955 0.0004078 -0.3834611 
870000 4146 262.872 0.0 0.0 13.1623 1382 678390.0 750.3595 0.0004442 -0.0646803 
871000 4151 258.819 0.0 0.0 12.9505 1383 679130.0 736.3236 0.000483 0.0793349 
872000 4155 260.078 0.0 0.0 12.9738 1385 679810.0 707.2221 0.0004096 0.1474219 
873000 4160 252.611 0.0 0.0 12.5694 1386 680710.0 690.4999 0.0004664 -0.1658327 
874000 4167 239.666 0.0 0.0 11.887 1389 681450.0 601.9444 0.0004489 0.1285222 
875000 4170 242.766 0.0 0.0 12.019 1390 682520.0 639.75 0.000479 -0.1283172 
876000 4174 244.293 0.0 0.0 12.0832 1391 683240.0 635.775 0.0004855 -0.0356292 
877000 4177 251.197 0.0 0.0 12.3889 1392 684100.0 654.1975 0.0004301 -0.2781032 
878000 4179 253.038 0.0 0.0 12.4771 1393 685390.0 684.7777 0.0004123 -0.077693 
879000 4184 253.19 0.0 0.0 12.4596 1394 686150.0 701.3 0.0004332 0.0269273 
880000 4189 249.251 0.0 0.0 12.2503 1396 687280.0 703.153 0.0004491 0.0107142 
881000 4193 247.998 0.0 0.0 12.2272 1397 688310.0 703.8377 0.0004693 0.0447109 
882000 4195 251.798 0.0 0.0 12.4927 1398 689430.0 719.4539 0.0005042 0.6389704 
883000 4197 268.813 0.0 0.0 13.3694 1399 690750.0 859.5085 0.0004895 0.0373998 
884000 4202 262.628 0.0 0.0 13.0372 1400 691400.0 818.5577 0.0004265 -0.2607767 
885000 4204 266.049 0.0 0.0 13.2024 1401 692830.0 783.7019 0.0004214 -0.0504646 
886000 4208 266.085 0.0 0.0 13.1642 1402 693720.0 835.3317 0.0004937 0.1814341 
887000 4211 274.328 0.0 0.0 13.5609 1403 694740.0 857.7985 0.0004262 -0.3113154 
888000 4216 265.523 0.0 0.0 13.1049 1405 695610.0 798.0168 0.0003866 0.0719505 
889000 4219 268.575 0.0 0.0 13.2269 1406 696240.0 787.2151 0.0004194 0.117847 
890000 4226 254.077 0.0 0.0 12.4954 1408 696830.0 715.2443 0.000394 -0.1478172 
891000 4232 242.884 0.0 0.0 11.9411 1410 697680.0 655.8478 0.0003893 0.0290121 
892000 4236 240.028 0.0 0.0 11.7715 1412 698630.0 600.9368 0.000421 0.0353503 
893000 4241 232.677 0.0 0.0 11.3905 1413 699710.0 624.8431 0.0004004 0.1787781 
894000 4246 235.697 0.0 0.0 11.5251 1415 700500.0 622.3229 0.000434 0.3077379 
895000 4248 246.233 0.0 0.0 12.0907 1416 701300.0 649.0906 0.0004507 -0.0232173 
896000 4251 250.899 0.0 0.0 12.3728 1417 702380.0 684.1815 0.0004298 -0.0425134 
897000 4254 250.234 0.0 0.0 12.414 1418 703740.0 681.7634 0.0004335 0.0637047 
898000 4258 255.984 0.0 0.0 12.7879 1419 704280.0 741.5871 0.0004251 -0.2714323 
899000 4263 247.625 0.0 0.0 12.433 1421 706800.0 689.4855 0.0003984 0.218192 
900000 4267 248.681 0.0 0.0 12.4838 1422 707560.0 813.537 0.0004602 0.6797739 
901000 4270 252.781 0.0 0.0 12.6494 1423 708600.0 831.1833 0.0004331 0.1091415 
902000 4274 255.233 0.0 0.0 12.7412 1424 709420.0 818.0649 0.0004241 -0.0855178 
903000 4280 247.614 0.0 0.0 12.3377 1426 710200.0 784.7326 0.000413 0.0806084 
904000 4282 252.429 0.0 0.0 12.5609 1427 711710.0 782.2593 0.0004299 -0.0124014 
905000 4285 257.91 0.0 0.0 12.8044 1428 712440.0 841.0334 0.0004301 0.0711958 
906000 4290 254.563 0.0 0.0 12.6205 1430 713350.0 792.9371 0.0004273 -0.0652678 
907000 4293 260.207 0.0 0.0 12.8773 1431 714480.0 833.6434 0.0004828 0.0687067 
908000 4297 259.836 0.0 0.0 12.8437 1432 715460.0 838.279 0.0004519 0.0691284 
909000 4299 261.211 0.0 0.0 12.9116 1433 716390.0 818.4511 0.0004042 0.1113187 
910000 4303 267.473 0.0 0.0 13.1827 1434 717180.0 822.606 0.0004075 -0.2066042 
911000 4307 262.621 0.0 0.0 12.9371 1435 718700.0 791.3454 0.0004186 -0.0443638 
912000 4311 263.086 0.0 0.0 12.9242 1437 719700.0 832.6898 0.0004003 -0.0262597 
913000 4315 264.431 0.0 0.0 12.9865 1438 720480.0 842.4208 0.0004071 0.126026 
914000 4317 271.314 0.0 0.0 13.3477 1439 721460.0 857.1787 0.0004455 -0.4320439 
915000 4323 258.43 0.0 0.0 12.7502 1441 722340.0 761.5148 0.0004225 -0.1183342 
916000 4328 252.204 0.0 0.0 12.5338 1442 724270.0 827.3633 0.0004633 0.2737914 
917000 4330 262.915 0.0 0.0 13.1373 1443 725730.0 910.627 0.0004576 0.2638373 
918000 4333 267.119 0.0 0.0 13.3993 1444 726610.0 886.5643 0.0004663 0.2155679 
919000 4337 267.959 0.0 0.0 13.4225 1445 727790.0 970.9078 0.0004743 -0.124397 
920000 4340 268.28 0.0 0.0 13.4025 1446 728720.0 897.8171 0.0004617 -0.163944 
921000 4345 264.029 0.0 0.0 13.1511 1448 730280.0 943.9318 0.0004047 0.0783793 
922000 4349 261.755 0.0 0.0 13.0308 1449 731260.0 922.5386 0.0004606 -0.1457288 
923000 4355 251.462 0.0 0.0 12.4856 1451 732090.0 811.3563 0.0004326 0.3403944 
924000 4359 250.273 0.0 0.0 12.3928 1453 732900.0 768.7986 0.0003928 -0.0021323 
925000 4363 250.693 0.0 0.0 12.3916 1454 733330.0 733.9187 0.000399 -0.3320286 
926000 4368 239.815 0.0 0.0 11.8351 1456 734770.0 647.8742 0.000406 0.3864403 
927000 4371 251.933 0.0 0.0 12.4144 1457 735530.0 757.0868 0.0004174 -0.2762664 
928000 4375 253.196 0.0 0.0 12.4523 1458 736600.0 726.3781 0.0004312 0.1484717 
929000 4380 241.422 0.0 0.0 11.8593 1460 737550.0 687.2662 0.000408 0.5289219 
930000 4385 243.683 0.0 0.0 11.9651 1461 738280.0 688.5396 0.000427 -0.0849832 
931000 4388 240.094 0.0 0.0 11.7806 1462 739150.0 691.6857 0.0003997 0.0534681 
932000 4390 253.393 0.0 0.0 12.4541 1463 739780.0 696.5171 0.000452 -0.0780857 
933000 4394 254.546 0.0 0.0 12.5944 1464 740470.0 701.8654 0.0003744 -0.0676636 
934000 4399 253.698 0.0 0.0 12.6171 1466 741480.0 698.211 0.000393 0.0216782 
935000 4402 251.988 0.0 0.0 12.5939 1467 742340.0 684.3899 0.0003774 -0.047554 
936000 4408 248.397 0.0 0.0 12.4082 1469 743050.0 658.0558 0.0003846 -0.0379056 
937000 4414 237.579 0.0 0.0 11.8258 1471 743830.0 593.9252 0.0003975 -0.2399293 
938000 4420 229.938 0.0 0.0 11.4229 1473 744660.0 557.3794 0.0003914 -0.0586856 
939000 4424 231.813 0.0 0.0 11.4894 1474 746270.0 626.6415 0.0003961 -0.4407476 
940000 4428 232.144 0.0 0.0 11.4728 1476 747040.0 633.0796 0.0004071 -0.1002083 
941000 4431 236.635 0.0 0.0 11.689 1477 747610.0 618.7716 0.0003822 -0.0255227 
942000 4435 240.329 0.0 0.0 11.8267 1478 748260.0 616.8945 0.0003959 -0.1494589 
943000 4437 250.136 0.0 0.0 12.3131 1479 748930.0 643.205 0.0004093 -0.0989297 
944000 4442 242.175 0.0 0.0 11.9621 1480 749800.0 620.8845 0.0003874 0.0393983 
945000 4446 244.588 0.0 0.0 12.1279 1482 750840.0 639.1165 0.0003919 -0.0374201 
946000 4451 240.675 0.0 0.0 12.0099 1483 751480.0 614.2048 0.0003817 -0.3084579 
947000 4455 243.769 0.0 0.0 12.255 1485 752240.0 605.8059 0.0004033 -0.2279878 
948000 4458 248.828 0.0 0.0 12.5535 1486 753130.0 634.2253 0.0004036 0.2871636 
949000 4463 239.293 0.0 0.0 12.0685 1487 754240.0 612.8028 0.0003979 -0.1906076 
950000 4469 232.582 0.0 0.0 11.6818 1489 755150.0 598.4702 0.0004216 0.0116501 
951000 4474 231.999 0.0 0.0 11.6113 1491 755760.0 574.3609 0.0003719 -0.0410761 
952000 4478 228.309 0.0 0.0 11.4055 1492 756780.0 564.9248 0.0003996 0.1957634 
953000 4483 230.369 0.0 0.0 11.4778 1494 757720.0 592.6891 0.0003743 -0.1595478 
954000 4485 230.619 0.0 0.0 11.463 1495 758960.0 601.4202 0.0004092 0.1088436 
955000 4490 235.159 0.0 0.0 11.6542 1496 759790.0 644.2782 0.0003792 0.4491239 
956000 4493 238.935 0.0 0.0 11.8239 1497 761040.0 664.8504 0.0004005 0.0208801 
957000 4497 243.684 0.0 0.0 12.0467 1499 762380.0 758.5288 0.0003853 -0.4606417 
958000 4500 243.33 0.0 0.0 12.0051 1500 763690.0 751.6759 0.0003892 0.1490037 
959000 4505 242.923 0.0 0.0 11.9847 1501 764720.0 765.5083 0.0004131 0.06012 
960000 4509 242.461 0.0 0.0 11.9597 1503 765500.0 737.4617 0.0003816 0.1125487 
961000 4512 247.911 0.0 0.0 12.2798 1504 766010.0 725.7156 0.0003725 0.2382679 
962000 4516 250.668 0.0 0.0 12.5105 1505 767130.0 738.144 0.0004092 -0.040918 
963000 4522 242.006 0.0 0.0 12.1358 1507 768010.0 707.0966 0.0003913 0.0077773 
964000 4524 246.272 0.0 0.0 12.3448 1508 769640.0 699.387 0.0004381 0.1029386 
965000 4528 250.325 0.0 0.0 12.5101 1509 770550.0 809.4483 0.0003965 0.0490565 
966000 4533 244.166 0.0 0.0 12.1737 1511 771500.0 748.3531 0.0004047 0.2832484 
967000 4534 246.102 0.0 0.0 12.2662 1511 772150.0 748.3531 0.0004138 0.371729 
968000 4539 255.94 0.0 0.0 12.696 1513 773010.0 770.866 0.0003539 -0.4556585 
969000 4542 258.718 0.0 0.0 12.8303 1514 774110.0 778.7794 0.0003888 -0.0078927 
970000 4547 253.482 0.0 0.0 12.5481 1515 774600.0 737.9015 0.00037 0.1372455 
971000 4551 251.319 0.0 0.0 12.4194 1517 775610.0 707.8002 0.0003526 -0.1988739 
972000 4557 245.743 0.0 0.0 12.1158 1519 776060.0 640.8182 0.0003486 -0.2601121 
973000 4561 245.001 0.0 0.0 12.076 1520 776850.0 642.7363 0.0004017 0.4393343 
974000 4564 246.679 0.0 0.0 12.1351 1521 778300.0 688.4627 0.0003645 -0.4847444 
975000 4569 244.634 0.0 0.0 12.0214 1523 779130.0 677.3548 0.000357 -0.0157294 
976000 4574 239.78 0.0 0.0 11.7614 1524 779920.0 626.6193 0.0003867 0.5277285 
977000 4579 236.33 0.0 0.0 11.5989 1526 781030.0 654.8616 0.0003885 0.3151605 
978000 4585 227.566 0.0 0.0 11.2255 1528 781940.0 612.8379 0.0004131 0.1763456 
979000 4589 226.271 0.0 0.0 11.2339 1529 783770.0 630.5541 0.000423 -0.356391 
980000 4593 232.093 0.0 0.0 11.5897 1531 784880.0 732.1489 0.0004373 -0.077304 
981000 4596 238.924 0.0 0.0 11.9313 1532 785590.0 738.934 0.0004304 0.0833546 
982000 4600 238.11 0.0 0.0 11.8582 1533 786420.0 722.0406 0.000372 0.0140176 
983000 4603 240.527 0.0 0.0 11.972 1534 787210.0 705.8365 0.0004045 0.4660449 
984000 4606 244.63 0.0 0.0 12.1404 1535 788090.0 718.2529 0.0004112 0.064855 
985000 4610 250.662 0.0 0.0 12.3943 1536 788630.0 707.4276 0.0004232 0.0202272 
986000 4614 251.599 0.0 0.0 12.44 1538 789290.0 680.8163 0.0004101 -0.1253951 
987000 4615 263.867 0.0 0.0 13.008 1538 790220.0 680.8163 0.0004346 -0.0456535 
988000 4619 265.106 0.0 0.0 13.0449 1539 791190.0 720.7347 0.0004409 -0.3613767 
989000 4621 262.566 0.0 0.0 12.9082 1540 791810.0 737.6612 0.0003902 0.3646201 
990000 4625 268.232 0.0 0.0 13.1641 1541 792820.0 719.8951 0.0004607 0.7615884 
991000 4627 274.745 0.0 0.0 13.5081 1542 793500.0 757.9056 0.0004486 0.4110263 
992000 4632 274.04 0.0 0.0 13.5453 1544 794560.0 771.1035 0.0004106 -0.1946777 
993000 4635 274.656 0.0 0.0 13.6517 1545 795700.0 783.9932 0.0004012 -0.4322884 
994000 4640 270.798 0.0 0.0 13.527 1546 796950.0 791.5939 0.0004244 0.0358367 
995000 4645 263.844 0.0 0.0 13.1991 1548 797820.0 745.291 0.0003648 -0.1369374 
996000 4649 263.378 0.0 0.0 13.1445 1549 798650.0 726.7619 0.0003891 0.1088295 
997000 4650 260.31 0.0 0.0 12.989 1550 800040.0 720.0857 0.000423 0.3133758 
998000 4653 276.159 0.0 0.0 13.7115 1551 800890.0 841.0772 0.0004256 0.0824105 
999000 4656 282.697 0.0 0.0 13.9943 1552 802450.0 930.9694 0.0003648 -0.3673387 
