10000 179 54.023 3618.132 19.597 0.0598 0 0 0 0.0 0.0 
20000 370 67.911 7340.322 24.967 0.0758 0 0 0 0.0 0.0 
30000 472 146.358 8808.706 25.811 0.4629 0 0 0 0.0009582 0.0095813 
40000 553 88.535 10916.435 17.62 0.2886 0 0 0 0.0009296 0.009296 
50000 619 148.0 15853.994 68.116 0.4885 0 0 0 0.0009972 0.0099722 
60000 632 302.682 21096.035 151.097 0.9994 0 0 0 0.000993 0.0099302 
70000 647 399.343 25714.323 192.469 1.3223 0 0 0 0.0010035 0.0100345 
80000 657 496.565 31344.692 254.126 1.6403 0 0 0 0.0010343 0.0103431 
90000 668 583.48 36457.473 297.937 1.9344 0 0 0 0.0011804 0.011804 
100000 680 630.829 40491.094 302.341 2.0829 0 0 0 0.0011985 0.0119851 
110000 693 670.636 45724.288 331.035 2.2105 0 0 0 0.0011996 0.011996 
120000 703 730.886 50218.34 352.38 2.4116 0 0 0 0.0012237 0.0122373 
130000 713 780.114 55231.846 377.252 2.5776 0 0 0 0.0012384 0.0123842 
140000 723 820.337 60156.742 399.656 2.7115 0 0 0 0.0012731 0.0127312 
150000 733 853.202 65188.621 419.911 2.8171 0 0 0 0.0012624 0.0126242 
160000 743 880.056 70189.401 433.297 2.9073 0 0 0 0.0012805 0.0128052 
170000 753 901.997 75501.978 453.147 2.9758 0 0 0 0.0012667 0.012667 
180000 765 891.261 80984.462 455.697 2.9394 0 0 0 0.0012838 0.0128384 
190000 775 911.152 86596.325 475.306 3.0056 0 0 0 0.0012771 0.0127712 
200000 785 927.405 91580.273 478.812 3.0574 0 0 0 0.0013241 0.0132412 
210000 795 940.684 97476.589 498.157 3.1015 0 0 0 0.0012147 0.0121469 
220000 805 951.535 103362.298 514.139 3.1338 0 0 0 0.0011333 0.0113326 
230000 816 948.993 108505.66 509.043 3.1264 0 0 0 0.0010762 0.0107624 
240000 828 920.961 113294.195 483.096 3.0315 0 0 0 0.0009959 0.0099595 
250000 840 905.207 117497.593 456.487 2.9827 0 0 0 0.0009544 0.0095436 
260000 876 589.633 121381.042 280.791 1.9091 0 0 0 0.0009033 0.0090329 
270000 886 647.893 125424.968 297.609 2.0726 0 0 0 0.0008782 0.0087819 
280000 896 712.303 130538.76 334.389 2.2634 0 0 0 0.0008343 0.0083429 
290000 913 688.684 135535.907 328.968 2.1865 0 0 0 0.000778 0.0077799 
300000 925 724.364 141513.455 368.644 2.3093 0 0 0 0.0007476 0.0074757 
310000 935 774.785 147179.532 404.725 2.4898 0 0 0 0.0007094 0.0070938 
320000 945 815.983 152920.654 435.374 2.6616 0 0 0 0.0006624 0.0066237 
330000 955 849.645 158918.834 465.358 2.7934 0 0 0 0.0006452 0.0064515 
340000 965 877.149 164307.541 479.914 2.9112 0 0 0 0.0006161 0.0061606 
350000 975 888.528 170503.624 496.699 2.9516 0 0 0 0.0005951 0.0059507 
360000 986 897.399 176724.264 515.143 2.946 0 0 0 0.0005734 0.0057343 
370000 997 900.464 182186.411 512.683 2.9408 0 0 0 0.0005794 0.0057943 
380000 1009 875.355 186907.724 484.25 2.8682 0 0 0 0.0005554 0.0055536 
390000 1020 887.037 192274.388 484.988 2.9212 0 0 0 0.0005161 0.0051608 
400000 1030 907.701 197322.917 486.553 3.0024 0 0 0 0.0004937 0.0049368 
410000 1040 924.585 202694.478 499.435 3.0732 0 0 0 0.0004876 0.0048755 
420000 1051 933.968 208512.663 509.851 3.1159 0 0 0 0.0004595 0.0045949 
430000 1061 940.316 215101.518 534.573 3.1384 0 0 0 0.0004187 0.0041867 
440000 1072 940.205 221028.467 538.669 3.1406 0 0 0 0.0003998 0.0039977 
450000 1082 951.143 226274.9 536.101 3.1835 0 0 0 0.0003745 0.0037453 
460000 1092 951.326 232232.195 539.741 3.185 0 0 0 0.0003758 0.0037576 
470000 1102 960.23 238069.23 548.854 3.2203 0 0 0 0.000359 0.0035899 
480000 1112 967.505 243854.864 553.841 3.2463 0 0 0 0.0003427 0.0034267 
490000 1123 958.354 249020.49 539.195 3.2206 0 0 0 0.0003517 0.0035168 
500000 1134 950.867 254306.162 528.424 3.1969 0 0 0 0.0003502 0.0035021 
510000 1148 885.997 259573.701 487.48 2.9747 0 0 0 0.0003528 0.0035284 
520000 1159 886.786 264769.799 484.234 2.981 0 0 0 0.0003636 0.0036357 
530000 1171 876.092 269931.084 472.045 2.9436 0 0 0 0.0003604 0.0036039 
540000 1193 713.108 274168.493 369.291 2.3986 0 0 0 0.0003909 0.0039088 
550000 1203 765.589 278369.776 376.354 2.5728 0 0 0 0.0003894 0.0038935 
560000 1213 808.469 283111.247 394.7 2.7253 0 0 0 0.0003574 0.0035737 
570000 1227 781.679 288299.013 385.394 2.6405 0 0 0 0.0003498 0.0034976 
580000 1241 785.208 293143.933 386.427 2.6488 0 0 0 0.0003439 0.0034395 
590000 1251 824.499 298578.683 415.444 2.7765 0 0 0 0.0003397 0.0033969 
600000 1261 856.603 304867.046 454.319 2.8854 0 0 0 0.0003314 0.0033138 
610000 1271 882.834 310297.807 470.584 2.9765 0 0 0 0.0003347 0.0033469 
620000 1281 904.267 315710.187 482.884 3.0479 0 0 0 0.0003298 0.003298 
630000 1291 921.779 321247.127 495.943 3.1065 0 0 0 0.0003315 0.0033149 
640000 1303 898.95 326146.043 475.004 3.0251 0 0 0 0.0003312 0.0033124 
650000 1315 876.461 330514.476 445.673 2.9522 0 0 0 0.0003321 0.0033213 
660000 1326 882.836 335118.644 442.105 2.9737 0 0 0 0.0003187 0.0031867 
670000 1336 904.268 339818.302 445.962 3.0489 0 0 0 0.0003252 0.0032517 
680000 1347 915.589 345151.273 460.214 3.0855 0 0 0 0.0003302 0.0033016 
690000 1357 931.03 349614.381 458.381 3.139 0 0 0 0.0003404 0.0034044 
700000 1367 943.647 354534.721 463.757 3.1807 0 0 0 0.0003315 0.003315 
710000 1377 953.955 359448.661 468.705 3.217 0 0 0 0.0003452 0.0034517 
720000 1387 962.378 363742.672 461.134 3.2416 0 0 0 0.0003351 0.0033513 
730000 1397 969.26 367563.973 447.807 3.267 0 0 0 0.0003286 0.0032859 
740000 1407 974.883 372901.035 463.525 3.2844 0 0 0 0.0003296 0.0032961 
750000 1417 979.478 378177.42 475.193 3.2925 0 0 0 0.0003354 0.0033544 
760000 1427 976.49 383583.272 481.86 3.2785 0 0 0 0.0003463 0.003463 
770000 1438 967.763 389350.761 494.967 3.2464 0 0 0 0.0003675 0.0036753 
780000 1449 957.302 394657.71 493.971 3.219 0 0 0 0.000367 0.00367 
790000 1459 965.113 399684.384 495.203 3.2453 0 0 0 0.0003758 0.0037579 
800000 1470 953.121 403576.387 466.699 3.2067 0 0 0 0.0003954 0.0039543 
810000 1484 891.914 408297.814 433.707 3.0001 0 0 0 0.0003788 0.0037877 
820000 1494 911.686 413182.787 443.606 3.0645 0 0 0 0.0003943 0.0039425 
830000 1504 927.841 418763.705 465.021 3.117 0 0 0 0.0003915 0.0039146 
840000 1515 907.448 424254.874 462.85 3.0523 0 0 0 0.0004205 0.0042046 
850000 1526 911.5 429837.776 471.931 3.0644 0 0 0 0.0004159 0.0041585 
860000 1536 927.689 434927.545 481.009 3.1201 0 0 0 0.0004126 0.0041256 
870000 1548 916.15 440232.657 476.625 3.0826 0 0 0 0.0004054 0.0040542 
880000 1558 931.489 445246.331 481.698 3.1441 0 0 0 0.0003977 0.0039773 
890000 1569 918.923 449625.381 462.731 3.1037 0 0 0 0.0004026 0.0040262 
900000 1581 903.803 455742.817 471.9 3.0509 0 0 0 0.0004052 0.0040516 
910000 1591 921.4 461534.219 492.292 3.1104 0 0 0 0.0003925 0.0039249 
920000 1601 935.778 466940.807 499.521 3.1632 0 0 0 0.0003915 0.0039149 
930000 1612 933.253 472928.995 510.213 3.1561 0 0 0 0.0003939 0.0039394 
940000 1623 933.367 478768.401 517.026 3.1511 0 0 0 0.0003932 0.0039315 
950000 1633 934.234 484375.231 521.298 3.1566 0 0 0 0.0003904 0.0039039 
960000 1643 946.264 490370.504 530.694 3.1956 0 0 0 0.0003883 0.0038826 
970000 1654 943.042 496083.763 533.066 3.1853 0 0 0 0.0003884 0.0038843 
980000 1664 953.461 501924.829 543.742 3.2176 0 0 0 0.0003916 0.0039163 
990000 1674 961.975 507879.711 552.056 3.2417 0 0 0 0.0003827 0.0038269 
1000000 1685 957.711 513191.506 541.922 3.2273 0 0 0 0.0003692 0.0036924 
1010000 1696 952.434 518416.525 532.023 3.2124 0 0 0 0.0003696 0.0036964 
1020000 1706 952.52 524563.661 542.767 3.2134 0 0 0 0.0003702 0.0037017 
1030000 1717 939.102 530659.915 538.058 3.1658 0 0 0 0.0003687 0.0036873 
1040000 1727 950.242 537093.835 557.922 3.2019 0 0 0 0.0003589 0.0035887 
1050000 1737 959.344 543697.812 577.597 3.2311 0 0 0 0.0003604 0.0036041 
1060000 1747 966.781 549559.51 580.985 3.2512 0 0 0 0.0003533 0.0035333 
1070000 1757 972.858 555294.843 577.23 3.2743 0 0 0 0.0003678 0.0036785 
1080000 1767 977.823 561032.419 578.524 3.29 0 0 0 0.0003888 0.0038878 
1090000 1777 981.879 566708.433 576.147 3.3039 0 0 0 0.000389 0.0038895 
1100000 1787 985.194 571955.429 566.292 3.3171 0 0 0 0.0004033 0.0040333 
1110000 1797 987.903 578423.489 580.967 3.3238 0 0 0 0.0004296 0.0042961 
1120000 1807 990.116 585086.629 594.991 3.3357 0 0 0 0.0004103 0.0041034 
1130000 1818 979.894 591957.943 606.353 3.2949 0 0 0 0.0004241 0.0042407 
1140000 1828 983.572 598245.775 608.915 3.3016 0 0 0 0.0004303 0.0043029 
1150000 1839 973.93 604940.639 612.992 3.2656 0 0 0 0.0004267 0.0042666 
1160000 1849 978.699 610800.073 609.326 3.2819 0 0 0 0.0004216 0.0042156 
1170000 1859 982.595 617437.996 619.001 3.2985 0 0 0 0.0004175 0.0041752 
1180000 1869 985.779 624089.175 627.142 3.3063 0 0 0 0.0004071 0.0040708 
1190000 1879 988.381 630528.939 630.438 3.3174 0 0 0 0.0004068 0.0040678 
1200000 1889 990.506 636725.803 628.765 3.326 0 0 0 0.0004203 0.0042028 
1210000 1899 992.243 643620.011 639.115 3.3292 0 0 0 0.0004141 0.004141 
1220000 1909 993.662 650408.063 646.378 3.335 0 0 0 0.0004019 0.0040189 
1230000 1919 994.821 657446.457 657.116 3.3386 0 0 0 0.0004057 0.0040567 
1240000 1930 963.743 664733.428 646.809 3.2367 0 0 0 0.0003948 0.0039481 
1250000 1940 970.375 671935.158 658.769 3.2571 0 0 0 0.0004223 0.0042232 
1260000 1950 975.795 679396.873 675.363 3.2758 0 0 0 0.000422 0.0042204 
1270000 1960 980.222 687053.531 691.125 3.2926 0 0 0 0.0004029 0.004029 
1280000 1970 983.84 694327.398 697.844 3.3055 0 0 0 0.0004028 0.0040276 
1290000 1980 986.796 701787.479 704.964 3.3159 0 0 0 0.0004062 0.0040621 
1300000 1990 989.212 709187.897 713.199 3.3277 0 0 0 0.0004068 0.0040676 
1310000 2000 991.185 716414.813 716.227 3.3332 0 0 0 0.000405 0.0040503 
1320000 2010 992.798 723631.564 715.964 3.3367 0 0 0 0.0003999 0.0039992 
1330000 2020 994.115 731358.554 727.302 3.3408 0 0 0 0.0003976 0.0039758 
1340000 2030 995.192 739018.808 732.011 3.3467 0 0 0 0.0003904 0.0039044 
1350000 2040 996.071 745788.649 724.301 3.3488 0 0 0 0.0003975 0.0039751 
1360000 2050 996.79 752586.784 717.389 3.3536 0 0 0 0.0003892 0.0038919 
1370000 2060 997.377 759130.39 702.115 3.3546 0 0 0 0.0003777 0.0037774 
1380000 2070 997.857 766084.515 704.179 3.3563 0 0 0 0.0003881 0.0038806 
1390000 2080 998.249 773113.93 701.164 3.3605 0 0 0 0.0003965 0.0039652 
1400000 2090 998.569 780205.475 703.242 3.3602 0 0 0 0.0003978 0.0039782 
1410000 2100 998.831 787855.105 718.479 3.3653 0 0 0 0.0004119 0.0041193 
1420000 2110 999.045 794902.349 711.834 3.3679 0 0 0 0.0004054 0.0040537 
1430000 2120 999.22 803130.15 732.518 3.3629 0 0 0 0.0004123 0.0041231 
1440000 2130 999.362 809420.397 714.989 3.3627 0 0 0 0.000418 0.0041798 
1450000 2141 987.85 816149.68 698.26 3.3247 0 0 0 0.0004155 0.0041555 
1460000 2151 990.073 823087.263 697.623 3.327 0 0 0 0.0004208 0.0042076 
1470000 2161 986.349 829784.751 688.6 3.3134 0 0 0 0.0004274 0.0042743 
1480000 2171 988.846 836689.48 688.249 3.3229 0 0 0 0.000435 0.0043503 
1490000 2181 990.886 844015.368 697.015 3.3333 0 0 0 0.0004409 0.0044091 
1500000 2191 992.553 851533.795 704.929 3.332 0 0 0 0.0004365 0.0043649 
1510000 2201 993.916 858938.93 713.246 3.3377 0 0 0 0.0004286 0.0042862 
1520000 2211 995.029 866535.623 719.796 3.3394 0 0 0 0.000434 0.0043401 
1530000 2221 995.938 874327.903 729.707 3.3396 0 0 0 0.000429 0.00429 
1540000 2232 993.464 881526.982 726.651 3.3358 0 0 0 0.0004193 0.0041931 
1550000 2242 994.659 889047.814 730.834 3.337 0 0 0 0.000425 0.0042501 
1560000 2252 995.636 896829.17 739.597 3.3381 0 0 0 0.0004384 0.0043841 
1570000 2262 996.434 904114.431 736.85 3.3378 0 0 0 0.0004428 0.004428 
1580000 2272 997.087 911813.23 743.408 3.3425 0 0 0 0.0004671 0.004671 
1590000 2282 997.62 918242.822 724.143 3.3433 0 0 0 0.0004556 0.0045559 
1600000 2292 998.055 926048.57 733.687 3.3438 0 0 0 0.0004606 0.0046062 
1610000 2302 998.411 933377.87 733.575 3.3417 0 0 0 0.0004576 0.004576 
1620000 2312 998.702 940876.876 737.787 3.3403 0 0 0 0.0004651 0.0046509 
1630000 2322 998.939 948867.962 749.538 3.3466 0 0 0 0.0004505 0.0045055 
1640000 2332 999.133 955241.093 729.299 3.3482 0 0 0 0.0004414 0.0044142 
1650000 2342 999.292 962348.528 725.732 3.3594 0 0 0 0.0004469 0.0044691 
1660000 2352 999.421 969957.774 731.999 3.3647 0 0 0 0.0004373 0.0043726 
1670000 2362 999.527 978411.981 752.598 3.3583 0 0 0 0.000434 0.0043402 
1680000 2372 999.614 988385.444 797.951 3.3589 0 0 0 0.0004315 0.0043155 
1690000 2382 999.684 996909.094 806.731 3.3598 0 0 0 0.0004425 0.0044248 
1700000 2392 999.742 1004355.859 795.952 3.3596 0 0 0 0.0004501 0.0045013 
1710000 2402 999.789 1012103.397 791.811 3.3571 0 0 0 0.000455 0.0045501 
1720000 2412 999.828 1017964.439 755.792 3.3631 0 0 0 0.0004476 0.0044763 
1730000 2422 999.859 1025209.888 750.567 3.3685 0 0 0 0.0004602 0.0046022 
1740000 2432 999.885 1033977.268 773.546 3.3646 0 0 0 0.000466 0.0046597 
1750000 2442 999.906 1042041.8 777.774 3.3592 0 0 0 0.0004502 0.0045015 
1760000 2452 999.923 1050715.106 794.945 3.3538 0 0 0 0.000467 0.0046696 
1770000 2462 999.937 1060809.793 834.558 3.3528 0 0 0 0.0004658 0.0046578 
1780000 2472 999.949 1071312.889 873.753 3.3489 0 0 0 0.0004662 0.0046622 
1790000 2482 999.958 1081987.785 910.9 3.3472 0 0 0 0.0004742 0.0047417 
1800000 2492 999.966 1092413.964 933.04 3.3474 0 0 0 0.0004607 0.0046074 
1810000 2502 999.972 1102152.2 941.731 3.3438 0 0 0 0.0004677 0.004677 
1820000 2512 999.977 1111995.681 949.025 3.346 0 0 0 0.0004815 0.0048152 
1830000 2522 999.981 1122752.684 972.516 3.346 0 0 0 0.0004885 0.004885 
1840000 2532 999.985 1132170.825 966.743 3.3503 0 0 0 0.0005013 0.0050129 
1850000 2542 999.988 1141935.878 969.738 3.3505 0 0 0 0.0005037 0.0050366 
1860000 2552 999.99 1154315.034 1018.232 3.3558 0 0 0 0.0005108 0.0051081 
1870000 2562 999.992 1162845.231 988.934 3.3538 0 0 0 0.0005151 0.0051508 
1880000 2572 999.993 1174366.472 1020.756 3.354 0 0 0 0.000515 0.0051502 
1890000 2582 999.994 1187022.502 1065.262 3.3536 0 0 0 0.0005166 0.0051661 
1900000 2592 999.995 1197512.923 1061.638 3.3483 0 0 0 0.0005214 0.0052135 
1910000 2602 999.996 1208860.701 1074.937 3.3501 0 0 0 0.0005209 0.0052094 
1920000 2612 999.997 1219842.961 1078.342 3.352 0 0 0 0.0005254 0.005254 
1930000 2622 999.998 1230950.997 1085.088 3.3574 0 0 0 0.0005161 0.0051611 
1940000 2632 999.998 1242342.952 1094.058 3.3574 0 0 0 0.0005218 0.0052185 
1950000 2642 999.998 1253003.568 1089.748 3.3627 0 0 0 0.0005292 0.0052915 
1960000 2652 999.999 1260975.483 1035.997 3.3679 0 0 0 0.0005226 0.0052263 
1970000 2662 999.999 1268356.641 982.728 3.3711 0 0 0 0.0005235 0.0052353 
1980000 2672 999.999 1277950.579 980.803 3.3687 0 0 0 0.0005203 0.0052027 
1990000 2682 999.999 1290958.612 1040.628 3.3688 0 0 0 0.0005193 0.0051929 
2000000 2692 999.999 1302849.426 1067.147 3.3656 0 0 0 0.0005299 0.005299 
2010000 2702 1000.0 1315475.797 1102.732 3.3643 0 0 0 0.0005151 0.0051511 
2020000 2712 1000.0 1327918.46 1128.189 3.3612 0 0 0 0.0005073 0.0050733 
2030000 2722 1000.0 1340586.715 1154.313 3.3578 0 0 0 0.000525 0.0052504 
2040000 2732 1000.0 1350392.465 1119.587 3.359 0 0 0 0.0005228 0.0052284 
2050000 2742 1000.0 1362732.115 1142.555 3.3554 0 0 0 0.0005242 0.0052418 
2060000 2752 985.418 1376630.63 1166.944 3.3064 0 0 0 0.0005307 0.0053073 
2070000 2762 988.085 1389927.149 1207.193 3.318 0 0 0 0.0005234 0.0052336 
2080000 2772 990.265 1403392.48 1221.233 3.3218 0 0 0 0.0005147 0.0051474 
2090000 2782 992.046 1414957.356 1206.722 3.3314 0 0 0 0.0005318 0.0053178 
2100000 2792 993.501 1426687.852 1212.426 3.3331 0 0 0 0.000525 0.0052499 
2110000 2802 994.69 1439384.262 1214.353 3.3408 0 0 0 0.0005167 0.0051669 
2120000 2812 995.661 1453830.508 1257.845 3.3443 0 0 0 0.0005149 0.0051485 
2130000 2822 996.455 1468534.499 1294.095 3.3491 0 0 0 0.0005107 0.0051075 
2140000 2832 997.103 1482367.968 1313.588 3.3474 0 0 0 0.0005037 0.0050369 
2150000 2842 997.633 1495513.637 1319.359 3.3528 0 0 0 0.0005006 0.0050059 
2160000 2852 998.066 1511066.499 1351.528 3.3553 0 0 0 0.0004994 0.0049941 
2170000 2862 998.42 1525883.665 1374.537 3.3592 0 0 0 0.0005017 0.0050175 
2180000 2872 998.709 1541295.602 1409.4 3.3541 0 0 0 0.0004935 0.0049347 
2190000 2882 998.945 1555857.276 1421.637 3.3561 0 0 0 0.0004963 0.0049634 
2200000 2892 999.138 1569350.718 1398.591 3.3566 0 0 0 0.0004977 0.0049768 
2210000 2902 999.296 1584750.131 1429.022 3.3516 0 0 0 0.0004952 0.0049525 
2220000 2912 999.425 1600443.62 1452.774 3.3502 0 0 0 0.0004821 0.0048207 
2230000 2922 999.53 1615727.125 1465.154 3.3483 0 0 0 0.0004808 0.004808 
2240000 2932 999.616 1631849.091 1492.351 3.3504 0 0 0 0.0004739 0.0047392 
2250000 2942 999.686 1648465.498 1524.435 3.3582 0 0 0 0.0004559 0.0045588 
2260000 2952 999.744 1662599.526 1510.866 3.358 0 0 0 0.0004438 0.0044376 
2270000 2962 999.79 1676062.557 1471.676 3.358 0 0 0 0.0004435 0.004435 
2280000 2972 999.829 1690128.246 1457.986 3.3639 0 0 0 0.0004448 0.0044478 
2290000 2982 999.86 1705134.395 1468.125 3.3647 0 0 0 0.0004411 0.0044114 
2300000 2992 999.886 1718020.359 1432.422 3.3582 0 0 0 0.0004326 0.0043261 
2310000 3002 999.907 1732870.936 1460.183 3.3578 0 0 0 0.0004229 0.0042289 
2320000 3012 999.924 1745665.475 1415.586 3.364 0 0 0 0.0004243 0.0042429 
2330000 3022 999.938 1758548.487 1391.279 3.3599 0 0 0 0.0004323 0.0043229 
2340000 3032 999.949 1772074.582 1401.084 3.3563 0 0 0 0.0004392 0.0043915 
2350000 3042 999.958 1786618.653 1397.284 3.3621 0 0 0 0.0004268 0.0042683 
2360000 3052 999.966 1802968.297 1435.562 3.3594 0 0 0 0.0004302 0.004302 
2370000 3062 999.972 1819251.056 1475.037 3.3552 0 0 0 0.0004293 0.0042925 
2380000 3072 999.977 1836311.338 1517.155 3.3584 0 0 0 0.0004184 0.0041844 
2390000 3082 999.981 1854478.618 1568.447 3.3553 0 0 0 0.0004021 0.0040213 
2400000 3092 999.985 1871306.257 1586.24 3.3562 0 0 0 0.0004004 0.0040037 
2410000 3102 999.988 1887716.778 1596.84 3.355 0 0 0 0.0003956 0.0039559 
2420000 3112 999.99 1905194.867 1623.141 3.3521 0 0 0 0.0003929 0.0039294 
2430000 3122 999.992 1922444.328 1643.038 3.3576 0 0 0 0.0003853 0.0038528 
2440000 3132 999.993 1939780.588 1657.943 3.3522 0 0 0 0.0003812 0.0038124 
2450000 3142 999.994 1957838.59 1686.819 3.3561 0 0 0 0.0003712 0.0037116 
2460000 3152 999.995 1976111.016 1711.871 3.3574 0 0 0 0.0003706 0.003706 
2470000 3162 999.996 1995168.944 1747.193 3.3564 0 0 0 0.0003694 0.0036937 
2480000 3173 995.71 2012607.532 1743.931 3.341 0 0 0 0.0003615 0.0036148 
2490000 3183 996.494 2031634.962 1771.379 3.3449 0 0 0 0.0003514 0.0035143 
2500000 3193 997.136 2050397.882 1790.799 3.3467 0 0 0 0.0003511 0.0035113 
2510000 3203 997.66 2069281.689 1808.925 3.35 0 0 0 0.0003394 0.0033939 
2520000 3213 998.088 2087782.524 1816.805 3.3541 0 0 0 0.0003309 0.0033094 
2530000 3223 998.438 2105925.066 1818.431 3.3583 0 0 0 0.0003241 0.0032408 
2540000 3233 998.723 2123051.628 1795.706 3.3523 0 0 0 0.0003262 0.003262 
2550000 3243 998.957 2139362.042 1765.944 3.3518 0 0 0 0.0003199 0.0031988 
2560000 3253 999.148 2156861.152 1764.879 3.3555 0 0 0 0.0003235 0.0032351 
2570000 3263 999.304 2174488.12 1763.609 3.3536 0 0 0 0.0003252 0.0032524 
2580000 3273 999.431 2192289.424 1765.81 3.359 0 0 0 0.0003246 0.0032459 
2590000 3283 999.535 2207330.509 1717.695 3.3583 0 0 0 0.0003247 0.0032466 
2600000 3293 999.62 2223867.253 1707.674 3.3552 0 0 0 0.0003218 0.0032177 
2610000 3303 999.69 2239536.85 1680.444 3.3608 0 0 0 0.0003232 0.0032322 
2620000 3313 999.746 2258698.71 1722.843 3.3626 0 0 0 0.000327 0.0032699 
2630000 3323 999.793 2275907.216 1721.41 3.3623 0 0 0 0.0003255 0.0032547 
2640000 3333 999.831 2294044.78 1738.579 3.3582 0 0 0 0.0003191 0.0031907 
2650000 3343 999.862 2311447.155 1738.435 3.3615 0 0 0 0.0003242 0.0032424 
2660000 3353 999.887 2328188.776 1728.221 3.3632 0 0 0 0.0003236 0.0032356 
2670000 3363 999.908 2346897.927 1755.174 3.3651 0 0 0 0.0003245 0.0032449 
2680000 3373 999.925 2365593.794 1775.693 3.3672 0 0 0 0.0003191 0.0031908 
2690000 3383 991.239 2384351.888 1776.123 3.3365 0 0 0 0.0003214 0.0032136 
2700000 3393 992.842 2400698.275 1767.206 3.3395 0 0 0 0.0003264 0.0032645 
2710000 3403 994.151 2417783.277 1744.579 3.3441 0 0 0 0.0003327 0.003327 
2720000 3413 995.221 2434262.223 1726.349 3.3479 0 0 0 0.0003295 0.0032953 
2730000 3423 996.095 2447808.519 1661.067 3.3463 0 0 0 0.0003414 0.0034138 
2740000 3433 996.81 2464927.226 1668.631 3.3432 0 0 0 0.0003431 0.0034314 
2750000 3443 997.393 2482697.42 1689.817 3.3447 0 0 0 0.000345 0.0034496 
2760000 3453 997.87 2499352.783 1696.288 3.3491 0 0 0 0.0003478 0.0034782 
2770000 3463 998.26 2516857.73 1695.975 3.351 0 0 0 0.0003556 0.0035558 
2780000 3473 998.578 2535259.46 1723.111 3.3505 0 0 0 0.0003417 0.0034166 
2790000 3483 998.838 2553563.258 1741.03 3.351 0 0 0 0.0003387 0.0033872 
2800000 3493 999.051 2568430.105 1705.116 3.3492 0 0 0 0.0003515 0.0035149 
2810000 3504 984.066 2585668.309 1671.799 3.2984 0 0 0 0.0003449 0.0034489 
2820000 3514 986.98 2601146.398 1653.868 3.3076 0 0 0 0.0003534 0.0035343 
2830000 3524 989.362 2619327.968 1682.037 3.3177 0 0 0 0.000358 0.0035802 
2840000 3534 991.308 2636414.898 1684.681 3.3277 0 0 0 0.0003664 0.0036637 
2850000 3544 992.898 2655370.68 1723.724 3.3286 0 0 0 0.0003622 0.0036216 
2860000 3554 994.197 2670347.863 1679.107 3.3197 0 0 0 0.0003766 0.0037662 
2870000 3564 995.259 2686428.922 1674.578 3.2576 0 0 0 0.0003791 0.0037909 
2880000 3574 996.126 2704225.573 1686.578 3.2177 0 0 0 0.0003831 0.003831 
2890000 3584 996.835 2721676.938 1697.864 3.186 0 0 0 0.0003776 0.0037764 
2900000 3594 997.414 2736249.169 1657.567 3.1581 0 0 0 0.0003859 0.0038588 
2910000 3604 997.887 2753220.26 1659.693 3.1446 0 0 0 0.0003744 0.0037438 
2920000 3614 998.273 2769520.044 1651.431 3.1101 0 0 0 0.0003914 0.0039138 
2930000 3624 998.589 2786067.104 1651.476 3.1052 0 0 0 0.0003847 0.0038466 
2940000 3634 998.847 2803769.029 1675.549 3.1099 0 0 0 0.0003911 0.0039111 
2950000 3644 999.058 2821601.179 1692.134 3.118 0 0 0 0.0003834 0.003834 
2960000 3654 999.23 2839982.842 1717.635 3.1288 0 0 0 0.0003885 0.0038852 
2970000 3664 999.371 2859002.031 1751.248 3.1336 0 0 0 0.0003874 0.0038738 
2980000 3674 999.486 2877449.158 1767.863 3.1555 0 0 0 0.0003796 0.0037959 
2990000 3684 999.58 2896270.272 1788.158 3.1736 0 0 0 0.0003837 0.0038367 
3000000 3694 999.657 2915812.778 1818.194 3.1936 0 0 0 0.0003767 0.0037672 
3010000 3704 999.72 2932904.526 1799.138 3.216 0 0 0 0.0003743 0.0037429 
3020000 3714 999.771 2950455.739 1791.639 3.2395 0 0 0 0.0003682 0.0036822 
3030000 3724 999.813 2968778.932 1795.931 3.2597 0 0 0 0.0003682 0.0036822 
3040000 3734 999.847 2988580.971 1828.575 3.2742 0 0 0 0.000373 0.0037302 
3050000 3744 999.875 3006442.174 1822.597 3.2816 0 0 0 0.0003577 0.0035768 
3060000 3755 986.76 3025662.072 1816.908 3.2462 0 0 0 0.0003627 0.003627 
3070000 3765 989.182 3042792.974 1797.047 3.2591 0 0 0 0.0003643 0.0036431 
3080000 3775 991.161 3056528.422 1721.58 3.2747 0 0 0 0.0003598 0.003598 
3090000 3785 992.778 3072318.949 1693.622 3.2845 0 0 0 0.0003576 0.0035761 
3100000 3795 994.099 3089200.577 1695.325 3.2898 0 0 0 0.0003512 0.0035116 
3110000 3805 995.178 3107964.494 1728.655 3.2985 0 0 0 0.0003442 0.0034419 
3120000 3815 996.06 3126932.146 1756.984 3.3021 0 0 0 0.0003453 0.0034535 
3130000 3825 996.781 3142935.199 1727.394 3.3053 0 0 0 0.0003411 0.0034109 
3140000 3835 997.37 3153265.989 1599.275 3.3087 0 0 0 0.0003479 0.0034792 
3150000 3845 997.851 3168561.653 1585.041 3.3157 0 0 0 0.0003352 0.0033522 
3160000 3855 998.244 3180322.743 1509.909 3.324 0 0 0 0.0003437 0.0034373 
3170000 3865 995.572 3195376.091 1500.299 3.3221 0 0 0 0.0003396 0.0033964 
3180000 3875 996.382 3211592.022 1530.555 3.3312 0 0 0 0.0003325 0.0033248 
3190000 3885 997.044 3221911.873 1439.475 3.3388 0 0 0 0.0003479 0.0034788 
3200000 3895 997.585 3236848.44 1449.082 3.3422 0 0 0 0.0003488 0.0034876 
3210000 3905 998.027 3252006.233 1464.322 3.3397 0 0 0 0.0003486 0.0034857 
3220000 3915 998.388 3267610.171 1481.145 3.3412 0 0 0 0.0003479 0.0034795 
3230000 3925 998.683 3284374.487 1509.461 3.3444 0 0 0 0.0003494 0.003494 
3240000 3935 998.924 3302941.431 1572.442 3.343 0 0 0 0.0003525 0.0035245 
3250000 3945 999.12 3322345.907 1639.277 3.3444 0 0 0 0.0003521 0.0035208 
3260000 3955 999.281 3339264.751 1649.862 3.3492 0 0 0 0.000352 0.0035198 
3270000 3965 999.413 3355304.365 1640.943 3.3485 0 0 0 0.0003458 0.0034581 
3280000 3975 999.52 3369445.963 1599.145 3.3492 0 0 0 0.0003477 0.0034774 
3290000 3985 999.608 3384977.573 1588.341 3.3478 0 0 0 0.00035 0.0035001 
3300000 3995 999.68 3404487.829 1654.676 3.343 0 0 0 0.0003385 0.0033854 
3310000 4005 999.738 3421288.638 1663.177 3.3473 0 0 0 0.0003473 0.0034729 
3320000 4015 999.786 3439379.417 1689.288 3.3427 0 0 0 0.0003427 0.003427 
3330000 4025 999.825 3456093.672 1687.44 3.3406 0 0 0 0.0003407 0.0034069 
3340000 4035 999.857 3475308.177 1731.375 3.3392 0 0 0 0.0003376 0.0033761 
3350000 4045 999.883 3491898.822 1720.153 3.3379 0 0 0 0.0003484 0.0034842 
3360000 4055 999.905 3509947.667 1733.903 3.3395 0 0 0 0.0003403 0.0034034 
3370000 4065 999.922 3529252.421 1770.528 3.3387 0 0 0 0.0003409 0.0034091 
3380000 4075 999.936 3549141.866 1813.946 3.3406 0 0 0 0.0003306 0.0033063 
3390000 4085 999.948 3567989.467 1825.398 3.338 0 0 0 0.000334 0.0033403 
3400000 4095 999.958 3583953.205 1786.606 3.3409 0 0 0 0.0003274 0.0032742 
3410000 4105 999.965 3601893.366 1786.697 3.3364 0 0 0 0.0003285 0.0032852 
3420000 4115 999.972 3620622.611 1799.647 3.3327 0 0 0 0.0003326 0.0033259 
3430000 4125 999.977 3639301.755 1813.585 3.3293 0 0 0 0.0003284 0.0032842 
3440000 4135 999.981 3657475.816 1811.812 3.3371 0 0 0 0.0003368 0.003368 
3450000 4145 999.985 3675852.302 1818.084 3.3362 0 0 0 0.0003299 0.0032994 
3460000 4155 999.987 3696806.733 1867.538 3.335 0 0 0 0.0003302 0.0033025 
3470000 4165 999.99 3714069.011 1841.067 3.3363 0 0 0 0.0003259 0.0032589 
3480000 4175 999.992 3733562.751 1862.038 3.336 0 0 0 0.0003198 0.0031979 
3490000 4185 999.993 3753694.822 1890.684 3.3437 0 0 0 0.0003178 0.0031779 
3500000 4195 999.994 3772143.528 1886.372 3.3453 0 0 0 0.0003242 0.0032421 
3510000 4205 999.995 3791915.159 1899.607 3.3493 0 0 0 0.0003179 0.0031794 
3520000 4215 999.996 3813649.085 1947.385 3.3494 0 0 0 0.0003203 0.0032031 
3530000 4225 999.997 3834106.301 1965.856 3.3461 0 0 0 0.0003163 0.0031629 
3540000 4235 999.997 3856027.252 2008.612 3.3507 0 0 0 0.0003161 0.0031612 
3550000 4245 999.998 3876079.456 2009.592 3.35 0 0 0 0.0003067 0.0030671 
3560000 4255 999.998 3894464.553 1980.499 3.349 0 0 0 0.0003109 0.0031094 
3570000 4265 999.999 3915492.135 2002.739 3.3483 0 0 0 0.0003033 0.0030326 
3580000 4275 999.999 3937023.891 2030.023 3.3459 0 0 0 0.0002966 0.0029663 
3590000 4285 999.999 3957392.833 2032.267 3.338 0 0 0 0.0002955 0.0029549 
3600000 4295 999.999 3977755.86 2029.887 3.3404 0 0 0 0.0002956 0.0029564 
3610000 4305 999.999 3999007.139 2047.422 3.3447 0 0 0 0.0002823 0.0028227 
3620000 4315 1000.0 4020392.332 2064.179 3.3392 0 0 0 0.0002806 0.0028063 
3630000 4325 1000.0 4041562.943 2074.256 3.3367 0 0 0 0.0002758 0.002758 
3640000 4335 1000.0 4062274.535 2074.436 3.3395 0 0 0 0.0002695 0.0026947 
3650000 4345 1000.0 4082432.234 2066.168 3.3492 0 0 0 0.0002717 0.0027172 
3660000 4355 1000.0 4101432.657 2035.419 3.3466 0 0 0 0.0002733 0.002733 
3670000 4365 1000.0 4121026.796 2023.885 3.2947 0 0 0 0.0002656 0.0026563 
3680000 4375 1000.0 4142110.231 2038.062 3.2538 0 0 0 0.0002702 0.0027023 
3690000 4385 1000.0 4161397.318 2018.011 3.2314 0 0 0 0.0002762 0.002762 
3700000 4395 1000.0 4182054.927 2025.66 3.2192 0 0 0 0.0002717 0.0027174 
3710000 4405 1000.0 4201497.947 2011.254 3.2124 0 0 0 0.0002738 0.0027376 
3720000 4415 1000.0 4222865.937 2033.16 3.2229 0 0 0 0.0002627 0.0026273 
3730000 4425 1000.0 4245181.637 2069.129 3.2307 0 0 0 0.0002662 0.0026617 
3740000 4435 1000.0 4266995.997 2091.612 3.2432 0 0 0 0.0002688 0.002688 
3750000 4445 1000.0 4288076.664 2096.175 3.2583 0 0 0 0.0002661 0.002661 
3760000 4455 1000.0 4309291.631 2097.53 3.2736 0 0 0 0.0002712 0.0027119 
3770000 4465 1000.0 4328328.665 2060.126 3.286 0 0 0 0.0002719 0.0027194 
3780000 4475 1000.0 4349669.678 2073.084 3.2931 0 0 0 0.0002679 0.0026786 
3790000 4485 1000.0 4368544.148 2046.675 3.2942 0 0 0 0.00028 0.0028002 
3800000 4495 1000.0 4388945.304 2040.445 3.2941 0 0 0 0.0002804 0.0028045 
3810000 4505 1000.0 4409332.928 2039.53 3.2958 0 0 0 0.0002793 0.0027934 
3820000 4515 1000.0 4429915.062 2043.236 3.2983 0 0 0 0.0002793 0.0027925 
3830000 4525 1000.0 4448201.532 2002.917 3.3049 0 0 0 0.0002852 0.0028523 
3840000 4535 1000.0 4467182.199 1982.715 3.3056 0 0 0 0.0002807 0.0028074 
3850000 4545 989.984 4486745.861 1957.539 3.2746 0 0 0 0.0002885 0.0028846 
3860000 4555 991.817 4508040.678 1986.67 3.2836 0 0 0 0.0002776 0.0027763 
3870000 4565 993.314 4526616.778 1974.942 3.2899 0 0 0 0.0002808 0.0028079 
3880000 4575 994.537 4546868.193 1978.672 3.3028 0 0 0 0.0002734 0.0027342 
3890000 4585 995.536 4568481.76 2007.078 3.3069 0 0 0 0.0002705 0.0027053 
3900000 4595 996.353 4590277.132 2039.853 3.308 0 0 0 0.0002703 0.0027031 
3910000 4605 997.02 4611907.598 2062.676 3.2999 0 0 0 0.000264 0.0026397 
3920000 4615 997.565 4632102.244 2060.654 3.3006 0 0 0 0.0002582 0.0025818 
3930000 4625 998.01 4651930.502 2039.442 3.2997 0 0 0 0.0002642 0.0026418 
3940000 4635 998.374 4673092.681 2054.099 3.3039 0 0 0 0.0002666 0.0026659 
3950000 4645 998.672 4692440.574 2034.725 3.3083 0 0 0 0.0002615 0.0026154 
3960000 4655 998.915 4712692.007 2030.401 3.3015 0 0 0 0.0002718 0.0027178 
3970000 4665 999.113 4729795.811 1970.686 3.3075 0 0 0 0.000269 0.0026904 
3980000 4675 999.275 4750291.979 1988.82 3.3057 0 0 0 0.0002652 0.0026516 
3990000 4685 999.408 4770158.549 1984.06 3.3104 0 0 0 0.0002673 0.002673 
4000000 4695 999.516 4789093.743 1974.278 3.3112 0 0 0 0.0002704 0.0027037 
