10000 10 182.927 -12984.146 -237.605 0.1877 0 0 0 0.0 0.0 
20000 20 332.392 -25409.337 -421.548 0.3403 0 0 0 0.0 0.0 
30000 30 454.516 -39697.813 -606.122 5.5168 0 0 0 0.0001682 0.0016817 
40000 40 554.3 -51523.315 -709.0 9.8178 0 0 0 0.0001783 0.0017826 
50000 50 635.83 -62036.834 -769.844 13.4041 0 0 0 0.0001784 0.0017837 
60000 60 702.447 -72685.606 -824.031 16.3326 0 0 0 0.000193 0.0019301 
70000 70 756.877 -84692.525 -892.17 18.5555 0 0 0 0.0002098 0.0020977 
80000 80 801.351 -92407.874 -868.92 20.4572 0 0 0 0.0002383 0.0023831 
90000 90 837.689 -98157.016 -818.475 22.0417 0 0 0 0.0002664 0.0026642 
100000 100 867.38 -106282.563 -816.994 23.412 0 0 0 0.0002803 0.0028027 
110000 110 891.64 -112751.489 -787.729 24.5142 0 0 0 0.0003013 0.0030129 
120000 120 911.462 -112080.077 -631.316 25.3887 0 0 0 0.0003065 0.0030646 
130000 130 927.658 -108802.257 -455.473 26.0399 0 0 0 0.0003335 0.0033351 
140000 140 940.891 -105359.039 -310.68 26.532 0 0 0 0.0003164 0.0031642 
150000 150 951.704 -99584.639 -148.746 26.9731 0 0 0 0.0003002 0.003002 
160000 160 960.539 -95251.891 -43.743 27.2862 0 0 0 0.0002847 0.0028466 
170000 170 967.757 -92778.868 10.499 26.8269 0 0 0 0.0002781 0.002781 
180000 180 973.655 -88961.176 79.96 26.2687 0 0 0 0.0002533 0.002533 
190000 190 978.474 -87697.544 84.431 24.7628 0 0 0 0.0002302 0.0023018 
200000 200 982.412 -81238.229 186.78 20.8375 0 0 0 0.0002235 0.0022353 
210000 210 985.629 -74694.852 271.608 17.6262 0 0 0 0.0002064 0.0020644 
220000 220 988.258 -70083.292 304.764 15.0094 0 0 0 0.0002429 0.0024294 
230000 230 990.406 -68592.569 275.833 12.8155 0 0 0 0.0002436 0.0024363 
240000 240 992.161 -67326.229 251.26 11.0073 0 0 0 0.0002031 0.0020314 
250000 250 993.595 -61945.315 303.994 9.5562 0 0 0 0.0001955 0.0019552 
260000 260 994.767 -56273.789 350.746 8.3656 0 0 0 0.0001757 0.0017573 
270000 270 995.724 -49400.536 412.379 7.3931 0 0 0 0.0001621 0.0016214 
280000 280 996.506 -43580.854 443.033 6.5995 0 0 0 0.0001518 0.0015182 
290000 290 997.145 -37784.52 468.819 5.9502 0 0 0 0.0001458 0.0014576 
300000 300 997.667 -32182.727 484.847 5.4143 0 0 0 0.00014 0.0014 
310000 310 998.094 -28126.199 472.407 5.0267 0 0 0 0.0001193 0.0011933 
320000 320 998.443 -23154.195 476.299 4.7006 0 0 0 0.0001177 0.0011767 
330000 330 998.728 -16506.537 511.022 4.3821 0 0 0 9.93e-05 0.0009933 
340000 340 998.96 -9899.524 539.018 4.1378 0 0 0 0.000102 0.0010197 
350000 350 999.151 -2883.785 569.415 3.9598 0 0 0 0.0001051 0.0010508 
360000 360 999.306 5149.679 612.427 3.7557 0 0 0 0.0001005 0.0010045 
370000 370 999.433 13956.645 661.512 3.6035 0 0 0 9.1e-05 0.0009098 
380000 380 999.537 22664.732 701.213 3.5032 0 0 0 9.34e-05 0.0009336 
390000 390 999.621 31782.498 739.058 3.4202 0 0 0 9.16e-05 0.000916 
400000 400 999.691 41054.899 773.201 3.3814 0 0 0 9.24e-05 0.0009241 
410000 410 999.747 50320.393 800.862 3.3826 0 0 0 8.66e-05 0.0008655 
420000 420 999.793 59374.499 820.883 3.3242 0 0 0 8.25e-05 0.0008251 
430000 430 999.831 69554.938 857.43 3.2996 0 0 0 6.86e-05 0.0006856 
440000 440 999.862 78021.998 856.63 3.2689 0 0 0 5.62e-05 0.0005619 
450000 450 999.887 87638.705 876.498 3.2573 0 0 0 5.29e-05 0.000529 
460000 460 999.908 95856.585 865.025 3.2478 0 0 0 5.28e-05 0.0005278 
470000 470 999.925 105165.993 876.9 3.2615 0 0 0 5.04e-05 0.0005045 
480000 480 999.939 113240.533 866.884 3.2497 0 0 0 5.21e-05 0.0005209 
490000 490 999.95 122960.546 885.717 3.2564 0 0 0 5.14e-05 0.0005136 
500000 500 999.959 132869.372 905.423 3.2442 0 0 0 4.99e-05 0.0004988 
510000 510 999.966 142902.384 923.219 3.2672 0 0 0 4.79e-05 0.0004791 
520000 520 999.973 152988.384 938.864 3.2854 0 0 0 4.65e-05 0.0004651 
530000 530 999.978 163165.837 953.454 3.3008 0 0 0 4.87e-05 0.0004866 
540000 540 999.982 173310.199 964.179 7.6973 0 0 0 4.73e-05 0.0004732 
550000 550 999.985 184105.244 985.172 11.1983 0 0 0 4.39e-05 0.0004389 
560000 560 999.988 194859.23 1000.805 12.8894 0 0 0 4.79e-05 0.000479 
570000 570 999.99 204192.405 988.227 14.8826 0 0 0 5.19e-05 0.000519 
580000 580 999.992 215566.761 1015.593 17.3034 0 0 0 4.74e-05 0.0004742 
590000 590 999.993 226887.043 1037.004 18.9665 0 0 0 4.96e-05 0.0004957 
600000 600 999.995 237935.094 1049.46 20.4239 0 0 0 4.57e-05 0.0004575 
610000 610 999.996 248721.279 1054.401 21.5797 0 0 0 4.89e-05 0.0004894 
620000 620 999.996 259100.31 1051.126 22.5352 0 0 0 4.91e-05 0.000491 
630000 630 999.997 269248.598 1044.108 23.2654 0 0 0 4.8e-05 0.0004801 
640000 640 999.998 279837.001 1046.513 23.8833 0 0 0 4.85e-05 0.0004855 
650000 650 999.998 290185.266 1044.071 24.4141 0 0 0 4.71e-05 0.0004708 
660000 660 999.998 300739.456 1046.005 24.804 0 0 0 4.59e-05 0.0004591 
670000 670 999.999 311125.156 1045.275 25.0926 0 0 0 4.68e-05 0.0004677 
680000 680 999.999 322730.183 1066.246 22.7204 0 0 0 4.61e-05 0.0004608 
690000 690 999.999 335043.525 1096.607 19.8402 0 0 0 4.58e-05 0.0004575 
700000 700 999.999 346947.234 1113.759 17.4743 0 0 0 4.48e-05 0.0004477 
710000 710 999.999 359343.168 1136.653 17.7618 0 0 0 4.75e-05 0.0004753 
720000 720 1000.0 370080.149 1125.952 18.2468 0 0 0 4.78e-05 0.0004776 
730000 730 1000.0 380903.707 1118.325 18.9192 0 0 0 4.68e-05 0.0004679 
740000 740 1000.0 391893.316 1114.397 19.4388 0 0 0 4.64e-05 0.0004637 
750000 750 1000.0 401925.501 1093.893 19.7818 0 0 0 4.59e-05 0.0004595 
760000 760 1000.0 412552.815 1088.309 20.1625 0 0 0 4.34e-05 0.0004339 
770000 770 1000.0 423029.125 1080.854 20.4331 0 0 0 4.24e-05 0.0004244 
780000 780 1000.0 432030.052 1046.572 20.3514 0 0 0 4.19e-05 0.0004191 
790000 790 1000.0 443851.206 1072.058 20.1983 0 0 0 4.2e-05 0.0004202 
800000 800 1000.0 455964.362 1097.909 20.083 0 0 0 3.93e-05 0.0003927 
810000 810 1000.0 469015.227 1136.08 20.0709 0 0 0 4.06e-05 0.0004058 
820000 820 1000.0 483777.238 1198.062 20.3448 0 0 0 4.06e-05 0.000406 
830000 830 1000.0 497070.276 1222.16 20.5053 0 0 0 4.14e-05 0.000414 
840000 840 1000.0 510947.336 1252.773 20.1967 0 0 0 4.08e-05 0.0004079 
850000 850 1000.0 524275.523 1267.656 18.7481 0 0 0 4.43e-05 0.0004431 
860000 860 1000.0 537385.264 1274.962 16.6027 0 0 0 3.92e-05 0.0003924 
870000 870 1000.0 549334.889 1260.856 14.841 0 0 0 3.94e-05 0.0003941 
880000 880 1000.0 561358.042 1250.247 15.4629 0 0 0 3.7e-05 0.0003703 
890000 890 1000.0 572727.287 1229.684 16.3764 0 0 0 4.08e-05 0.0004083 
900000 900 1000.0 584864.308 1227.444 17.1703 0 0 0 3.88e-05 0.0003875 
910000 910 1000.0 597018.232 1225.013 17.7521 0 0 0 3.95e-05 0.0003954 
920000 920 1000.0 609184.922 1223.967 18.2826 0 0 0 4.09e-05 0.0004086 
930000 930 1000.0 621948.938 1233.797 18.7025 0 0 0 3.99e-05 0.0003988 
940000 940 1000.0 634658.846 1239.348 19.0829 0 0 0 4.1e-05 0.0004096 
950000 950 1000.0 647303.527 1244.071 19.3264 0 0 0 4.03e-05 0.0004034 
960000 960 1000.0 659419.475 1238.622 19.6006 0 0 0 4.01e-05 0.0004007 
970000 970 1000.0 671447.493 1231.273 19.7408 0 0 0 3.97e-05 0.0003969 
980000 980 1000.0 682550.289 1211.271 18.3595 0 0 0 4e-05 0.0004005 
990000 990 1000.0 695742.269 1231.542 15.5484 0 0 0 4.1e-05 0.0004101 
1000000 1000 1000.0 709222.218 1253.206 13.2395 0 0 0 4.19e-05 0.0004192 
1010000 1010 1000.0 723515.691 1285.98 11.3669 0 0 0 4.24e-05 0.0004235 
1020000 1020 1000.0 736700.032 1291.555 9.8513 0 0 0 4.2e-05 0.0004197 
1030000 1030 1000.0 750350.296 1305.61 12.0265 0 0 0 4.32e-05 0.0004318 
1040000 1040 1000.0 763788.418 1312.754 13.5918 0 0 0 4.41e-05 0.0004409 
1050000 1050 1000.0 777730.496 1327.137 14.8959 0 0 0 4.47e-05 0.0004475 
1060000 1060 1000.0 792177.551 1348.454 15.8691 0 0 0 4.56e-05 0.0004563 
1070000 1070 1000.0 806678.139 1366.623 16.8205 0 0 0 4.47e-05 0.000447 
1080000 1080 1000.0 821571.351 1388.747 17.4622 0 0 0 4.38e-05 0.0004383 
1090000 1090 1000.0 835626.229 1392.14 18.0206 0 0 0 4.49e-05 0.000449 
1100000 1100 1000.0 849936.761 1399.61 18.4403 0 0 0 4.49e-05 0.0004495 
1110000 1110 1000.0 864369.464 1407.454 17.6953 0 0 0 4.63e-05 0.0004627 
1120000 1120 1000.0 877894.219 1395.586 18.2474 0 0 0 5.39e-05 0.000539 
1130000 1130 1000.0 892373.452 1405.456 18.626 0 0 0 4.89e-05 0.0004894 
1140000 1140 1000.0 905954.813 1397.111 18.928 0 0 0 5.01e-05 0.0005011 
1150000 1150 1000.0 920354.948 1405.489 19.185 0 0 0 5.02e-05 0.0005017 
1160000 1160 1000.0 935337.577 1422.047 19.3895 0 0 0 4.94e-05 0.0004937 
1170000 1170 1000.0 950795.991 1444.201 19.5753 0 0 0 5.43e-05 0.0005429 
1180000 1180 1000.0 966536.295 1467.511 19.7062 0 0 0 5.27e-05 0.0005267 
1190000 1190 1000.0 982781.499 1496.23 19.8323 0 0 0 4.66e-05 0.0004656 
1200000 1200 1000.0 998635.81 1512.677 19.8969 0 0 0 4.77e-05 0.0004766 
1210000 1210 1000.0 1015080.556 1536.703 19.969 0 0 0 4.82e-05 0.0004823 
1220000 1220 1000.0 1031361.57 1552.99 20.0446 0 0 0 4.74e-05 0.0004738 
1230000 1230 1000.0 1047733.58 1568.173 19.9921 0 0 0 4.52e-05 0.0004517 
1240000 1240 1000.0 1063118.121 1561.992 19.8152 0 0 0 4.32e-05 0.0004322 
1250000 1250 1000.0 1077387.795 1536.94 19.6381 0 0 0 4.63e-05 0.0004632 
1260000 1260 1000.0 1093743.725 1555.42 19.5175 0 0 0 4.47e-05 0.0004473 
1270000 1270 1000.0 1109760.921 1563.862 19.404 0 0 0 4.5e-05 0.0004498 
1280000 1280 1000.0 1126153.226 1578.252 19.3542 0 0 0 4.42e-05 0.0004416 
1290000 1290 1000.0 1142599.194 1590.412 19.2669 0 0 0 4.2e-05 0.0004195 
1300000 1300 1000.0 1159060.423 1600.318 19.2275 0 0 0 4.41e-05 0.0004412 
1310000 1310 1000.0 1175247.784 1603.524 19.1524 0 0 0 4.15e-05 0.000415 
1320000 1320 1000.0 1193177.045 1638.878 19.1172 0 0 0 3.83e-05 0.0003827 
1330000 1330 1000.0 1209926.764 1645.363 19.0534 0 0 0 3.8e-05 0.0003805 
1340000 1340 1000.0 1226847.786 1654.323 19.0253 0 0 0 3.67e-05 0.0003675 
1350000 1350 1000.0 1243437.806 1654.427 18.6314 0 0 0 3.62e-05 0.0003616 
1360000 1360 1000.0 1259923.544 1653.468 15.7603 0 0 0 3.4e-05 0.0003402 
1370000 1370 1000.0 1275474.743 1635.698 13.7261 0 0 0 3.55e-05 0.0003549 
1380000 1380 1000.0 1291648.372 1631.559 15.1454 0 0 0 3.37e-05 0.0003367 
1390000 1390 1000.0 1308450.306 1640.812 16.0231 0 0 0 3.31e-05 0.0003305 
1400000 1400 1000.0 1326481.435 1670.59 16.7012 0 0 0 3.32e-05 0.000332 
1410000 1410 1000.0 1343990.605 1685.499 17.3654 0 0 0 3.32e-05 0.0003315 
1420000 1420 1000.0 1361034.525 1688.569 17.9464 0 0 0 3.19e-05 0.0003195 
1430000 1430 1000.0 1378251.589 1694.77 18.3656 0 0 0 3.22e-05 0.0003221 
1440000 1440 1000.0 1394914.857 1689.733 18.7456 0 0 0 3.39e-05 0.0003386 
1450000 1450 1000.0 1412314.915 1698.732 19.0835 0 0 0 3.24e-05 0.0003239 
1460000 1460 1000.0 1429389.509 1700.223 19.2848 0 0 0 3.06e-05 0.000306 
1470000 1470 1000.0 1446309.095 1698.851 19.509 0 0 0 3.09e-05 0.0003088 
1480000 1480 1000.0 1463815.128 1708.01 18.042 0 0 0 3.06e-05 0.0003058 
1490000 1490 1000.0 1480889.158 1708.242 15.2722 0 0 0 2.94e-05 0.0002942 
1500000 1500 1000.0 1496582.196 1684.075 13.0276 0 0 0 2.96e-05 0.0002956 
1510000 1510 1000.0 1512926.272 1675.285 12.1165 0 0 0 2.84e-05 0.0002843 
1520000 1520 1000.0 1529155.537 1666.481 13.7252 0 0 0 2.83e-05 0.0002834 
1530000 1530 1000.0 1546695.972 1682.166 14.334 0 0 0 2.76e-05 0.0002755 
1540000 1540 1000.0 1563210.914 1675.593 13.5935 0 0 0 2.8e-05 0.0002803 
1550000 1550 1000.0 1578316.32 1645.844 11.9704 0 0 0 2.94e-05 0.000294 
1560000 1560 1000.0 1595383.233 1657.544 13.4069 0 0 0 2.85e-05 0.0002851 
1570000 1570 1000.0 1613234.326 1681.102 14.6777 0 0 0 2.76e-05 0.0002755 
1580000 1580 1000.0 1629817.739 1676.921 15.7821 0 0 0 2.81e-05 0.0002811 
1590000 1590 1000.0 1647741.555 1698.004 16.6478 0 0 0 2.66e-05 0.0002663 
1600000 1600 1000.0 1665112.586 1704.857 17.2705 0 0 0 2.65e-05 0.0002653 
1610000 1610 1000.0 1681147.337 1686.871 17.8634 0 0 0 2.72e-05 0.0002716 
1620000 1620 1000.0 1697232.988 1672.531 18.3795 0 0 0 2.66e-05 0.0002658 
1630000 1630 1000.0 1714156.927 1676.239 18.658 0 0 0 2.68e-05 0.0002684 
1640000 1640 1000.0 1732020.618 1696.61 18.8907 0 0 0 2.7e-05 0.00027 
1650000 1650 1000.0 1750012.196 1715.011 19.0575 0 0 0 2.72e-05 0.0002717 
1660000 1660 1000.0 1768592.904 1741.775 19.2921 0 0 0 2.52e-05 0.0002519 
1670000 1670 1000.0 1785942.409 1739.793 19.5308 0 0 0 2.52e-05 0.0002523 
1680000 1680 1000.0 1801831.453 1711.661 19.0616 0 0 0 2.57e-05 0.0002572 
1690000 1690 1000.0 1817889.382 1691.259 19.3322 0 0 0 2.65e-05 0.0002646 
1700000 1700 1000.0 1835184.5 1697.963 19.5757 0 0 0 2.59e-05 0.0002594 
1710000 1710 1000.0 1852161.186 1697.562 19.6796 0 0 0 2.61e-05 0.0002605 
1720000 1720 1000.0 1869176.035 1698.157 19.8417 0 0 0 2.55e-05 0.000255 
1730000 1730 1000.0 1886676.609 1707.776 19.8955 0 0 0 2.65e-05 0.0002645 
1740000 1740 1000.0 1904537.04 1721.342 19.9205 0 0 0 2.37e-05 0.0002373 
1750000 1750 1000.0 1921732.43 1720.377 19.9923 0 0 0 2.59e-05 0.0002591 
1760000 1760 1000.0 1938867.669 1719.184 20.0254 0 0 0 2.39e-05 0.0002387 
1770000 1770 1000.0 1956114.283 1721.412 20.0825 0 0 0 2.54e-05 0.0002538 
1780000 1780 1000.0 1973692.448 1727.892 20.1236 0 0 0 2.44e-05 0.000244 
1790000 1790 1000.0 1991692.921 1741.118 20.2218 0 0 0 2.61e-05 0.0002607 
1800000 1800 1000.0 2009391.044 1746.571 20.2676 0 0 0 2.56e-05 0.0002562 
1810000 1810 1000.0 2027233.69 1752.79 20.3412 0 0 0 2.6e-05 0.0002596 
1820000 1820 1000.0 2044560.469 1749.425 20.3342 0 0 0 2.41e-05 0.0002411 
1830000 1830 1000.0 2063468.703 1775.342 20.3588 0 0 0 2.34e-05 0.0002344 
1840000 1840 1000.0 2082424.312 1797.112 20.3423 0 0 0 2.28e-05 0.0002284 
1850000 1850 1000.0 2100699.656 1802.306 20.3557 0 0 0 2.32e-05 0.0002317 
1860000 1860 1000.0 2119475.618 1815.332 20.3559 0 0 0 2.39e-05 0.000239 
1870000 1870 1000.0 2137737.401 1818.996 17.2046 0 0 0 2.37e-05 0.0002366 
1880000 1880 1000.0 2157244.788 1843.21 14.6113 0 0 0 2.46e-05 0.0002463 
1890000 1890 1000.0 2176076.06 1851.542 15.4885 0 0 0 2.24e-05 0.0002241 
1900000 1900 1000.0 2193022.744 1823.758 16.337 0 0 0 2.14e-05 0.0002143 
1910000 1910 1000.0 2211545.367 1828.611 17.1101 0 0 0 2.26e-05 0.0002259 
1920000 1920 1000.0 2229633.713 1824.988 17.6405 0 0 0 2.24e-05 0.000224 
1930000 1930 1000.0 2247166.231 1811.695 18.1303 0 0 0 2.15e-05 0.0002152 
1940000 1940 1000.0 2262858.747 1768.36 18.5025 0 0 0 2.3e-05 0.0002303 
1950000 1950 1000.0 2281372.778 1784.04 18.7335 0 0 0 2.22e-05 0.0002224 
1960000 1960 1000.0 2299122.56 1782.121 19.027 0 0 0 2.16e-05 0.0002159 
1970000 1970 1000.0 2316789.048 1778.587 19.2107 0 0 0 2.07e-05 0.000207 
1980000 1980 1000.0 2335184.451 1789.62 19.4923 0 0 0 2.06e-05 0.0002062 
1990000 1990 1000.0 2352043.967 1769.824 19.6062 0 0 0 2.13e-05 0.0002132 
2000000 2000 1000.0 2368554.519 1748.338 19.7735 0 0 0 2.15e-05 0.0002147 
2010000 2010 1000.0 2385499.364 1738.724 19.9122 0 0 0 2.21e-05 0.0002206 
2020000 2020 1000.0 2403490.716 1750.143 19.9852 0 0 0 2.17e-05 0.0002169 
2030000 2030 1000.0 2420143.345 1735.24 20.0775 0 0 0 2.2e-05 0.0002201 
2040000 2040 1000.0 2437463.894 1733.98 20.1988 0 0 0 2.11e-05 0.0002113 
2050000 2050 1000.0 2455086.582 1739.295 20.2326 0 0 0 2.22e-05 0.000222 
2060000 2060 1000.0 2471859.109 1728.328 20.3036 0 0 0 2.23e-05 0.0002228 
2070000 2070 1000.0 2490402.136 1750.688 20.3496 0 0 0 2.17e-05 0.0002171 
2080000 2080 1000.0 2509721.869 1784.138 20.3796 0 0 0 2.23e-05 0.0002234 
2090000 2090 1000.0 2528936.054 1808.884 20.2999 0 0 0 2.25e-05 0.0002252 
2100000 2100 1000.0 2549418.83 1852.336 20.386 0 0 0 2.18e-05 0.0002175 
2110000 2110 1000.0 2569188.822 1874.502 20.4176 0 0 0 2.14e-05 0.0002137 
2120000 2120 1000.0 2588623.563 1886.944 20.4289 0 0 0 2.11e-05 0.0002115 
2130000 2130 1000.0 2608147.648 1898.057 20.5132 0 0 0 2.3e-05 0.00023 
2140000 2140 1000.0 2626752.476 1891.899 20.4868 0 0 0 2.1e-05 0.0002096 
2150000 2150 1000.0 2645578.101 1890.635 20.4511 0 0 0 2.17e-05 0.0002169 
2160000 2160 1000.0 2663959.479 1881.615 20.4473 0 0 0 2.1e-05 0.0002097 
2170000 2170 1000.0 2682804.227 1881.777 20.453 0 0 0 2.17e-05 0.0002165 
2180000 2180 1000.0 2702193.159 1891.962 20.3516 0 0 0 2.2e-05 0.0002205 
2190000 2190 1000.0 2721334.484 1895.646 20.3828 0 0 0 2.13e-05 0.0002126 
2200000 2200 1000.0 2740576.034 1901.198 20.4852 0 0 0 2.12e-05 0.0002125 
2210000 2210 1000.0 2759900.511 1906.765 20.5116 0 0 0 2.09e-05 0.0002087 
2220000 2220 1000.0 2779342.03 1914.121 20.4216 0 0 0 2.03e-05 0.000203 
2230000 2230 1000.0 2799725.094 1936.686 20.391 0 0 0 1.93e-05 0.0001927 
2240000 2240 1000.0 2818093.25 1918.018 20.3856 0 0 0 1.88e-05 0.0001879 
2250000 2250 1000.0 2836911.455 1912.09 20.4317 0 0 0 2.04e-05 0.000204 
2260000 2260 1000.0 2856841.181 1927.444 20.4418 0 0 0 1.9e-05 0.0001896 
2270000 2270 1000.0 2877305.51 1949.189 20.4491 0 0 0 1.75e-05 0.0001745 
2280000 2280 1000.0 2897502.761 1962.238 20.4061 0 0 0 1.69e-05 0.0001694 
2290000 2290 1000.0 2917316.03 1964.931 20.4255 0 0 0 1.68e-05 0.0001677 
2300000 2300 1000.0 2936893.19 1963.357 20.4193 0 0 0 1.73e-05 0.0001732 
2310000 2310 1000.0 2955383.902 1943.119 20.4356 0 0 0 1.78e-05 0.0001779 
2320000 2320 1000.0 2976036.111 1965.997 20.4405 0 0 0 1.79e-05 0.000179 
2330000 2330 1000.0 2996401.158 1978.973 20.4332 0 0 0 1.63e-05 0.0001626 
2340000 2340 1000.0 3016932.173 1993.026 20.4115 0 0 0 1.76e-05 0.0001756 
2350000 2350 1000.0 3036568.724 1987.275 20.3833 0 0 0 1.64e-05 0.0001642 
2360000 2360 1000.0 3056386.012 1986.214 20.2924 0 0 0 1.83e-05 0.0001832 
2370000 2370 1000.0 3076865.648 1997.999 20.2815 0 0 0 1.62e-05 0.0001616 
2380000 2380 1000.0 3097514.388 2010.762 20.324 0 0 0 1.54e-05 0.0001542 
2390000 2390 1000.0 3116135.794 1983.958 20.3717 0 0 0 1.54e-05 0.0001536 
2400000 2400 1000.0 3134761.045 1961.221 20.3232 0 0 0 1.64e-05 0.0001642 
2410000 2410 1000.0 3154039.858 1954.207 20.3086 0 0 0 1.68e-05 0.0001679 
2420000 2420 1000.0 3172236.792 1929.749 20.2877 0 0 0 1.71e-05 0.0001714 
2430000 2430 1000.0 3191177.047 1923.779 20.3503 0 0 0 1.65e-05 0.0001653 
2440000 2440 1000.0 3211328.127 1940.173 20.3364 0 0 0 1.71e-05 0.0001712 
2450000 2450 1000.0 3231522.183 1955.465 20.3051 0 0 0 1.66e-05 0.0001659 
2460000 2460 1000.0 3251204.352 1956.641 20.2515 0 0 0 1.66e-05 0.0001663 
2470000 2470 1000.0 3272142.771 1981.592 20.1656 0 0 0 1.77e-05 0.0001773 
2480000 2480 1000.0 3291660.052 1976.028 20.2031 0 0 0 1.7e-05 0.0001705 
2490000 2490 1000.0 3310567.829 1960.08 20.172 0 0 0 1.78e-05 0.000178 
2500000 2500 1000.0 3329229.578 1943.263 20.0885 0 0 0 1.84e-05 0.0001841 
2510000 2510 1000.0 3348919.885 1948.409 20.1131 0 0 0 1.92e-05 0.0001924 
2520000 2520 1000.0 3367953.442 1939.201 20.0374 0 0 0 1.8e-05 0.0001796 
2530000 2530 1000.0 3385919.536 1913.503 20.0869 0 0 0 1.95e-05 0.0001945 
2540000 2540 1000.0 3403655.761 1887.748 20.1327 0 0 0 2.03e-05 0.0002034 
2550000 2550 1000.0 3421932.014 1877.329 20.1105 0 0 0 2.18e-05 0.0002183 
2560000 2560 1000.0 3438928.781 1845.416 20.0064 0 0 0 2.09e-05 0.0002092 
2570000 2570 1000.0 3455982.317 1819.158 20.0174 0 0 0 2.08e-05 0.0002082 
2580000 2580 1000.0 3473116.954 1800.595 20.034 0 0 0 2.1e-05 0.0002104 
2590000 2590 1000.0 3490119.515 1782.598 19.9189 0 0 0 2.18e-05 0.0002176 
2600000 2600 1000.0 3506960.765 1764.448 19.9743 0 0 0 2.21e-05 0.0002211 
2610000 2610 1000.0 3524196.738 1757.081 19.9285 0 0 0 2.24e-05 0.0002236 
2620000 2620 1000.0 3542894.509 1778.328 19.8782 0 0 0 2.15e-05 0.0002146 
2630000 2630 1000.0 3560329.074 1771.521 19.7862 0 0 0 2.22e-05 0.0002222 
2640000 2640 1000.0 3577488.164 1761.213 19.7455 0 0 0 2.21e-05 0.000221 
2650000 2650 1000.0 3596355.056 1785.014 19.7607 0 0 0 2.27e-05 0.0002275 
2660000 2660 1000.0 3616593.52 1829.094 19.7563 0 0 0 2.24e-05 0.0002245 
2670000 2670 1000.0 3637138.158 1871.204 19.7383 0 0 0 2.45e-05 0.0002453 
2680000 2680 1000.0 3656404.566 1880.62 19.7947 0 0 0 2.24e-05 0.0002239 
2690000 2690 1000.0 3676991.811 1912.215 19.8055 0 0 0 2.36e-05 0.0002363 
2700000 2700 1000.0 3696062.043 1911.217 19.8953 0 0 0 2.25e-05 0.0002252 
2710000 2710 1000.0 3716568.923 1937.145 19.8794 0 0 0 2.24e-05 0.0002242 
2720000 2720 1000.0 3737318.689 1962.101 19.7875 0 0 0 2.39e-05 0.0002392 
2730000 2730 1000.0 3759027.773 2000.327 19.678 0 0 0 2.17e-05 0.0002173 
2740000 2740 1000.0 3780046.616 2019.505 19.737 0 0 0 2.19e-05 0.0002192 
2750000 2750 1000.0 3801991.79 2051.436 19.7168 0 0 0 2.22e-05 0.0002225 
2760000 2760 1000.0 3823652.88 2072.014 19.7316 0 0 0 2.15e-05 0.0002151 
2770000 2770 1000.0 3844976.003 2082.399 19.7995 0 0 0 2e-05 0.0002002 
2780000 2780 1000.0 3865315.426 2073.091 19.8866 0 0 0 2.04e-05 0.0002038 
2790000 2790 1000.0 3885292.218 2059.797 19.9139 0 0 0 1.97e-05 0.0001974 
2800000 2800 1000.0 3906368.376 2068.449 19.9065 0 0 0 1.9e-05 0.0001903 
2810000 2810 1000.0 3924646.051 2024.149 19.8997 0 0 0 1.9e-05 0.0001897 
2820000 2820 1000.0 3942776.707 1984.692 19.8938 0 0 0 1.89e-05 0.0001889 
2830000 2830 1000.0 3961303.147 1961.025 19.9128 0 0 0 1.91e-05 0.0001907 
2840000 2840 1000.0 3980040.284 1945.041 19.9539 0 0 0 1.78e-05 0.000178 
2850000 2850 1000.0 4000095.823 1956.221 19.9902 0 0 0 1.79e-05 0.0001786 
2860000 2860 1000.0 4020033.357 1962.682 19.9796 0 0 0 1.74e-05 0.0001741 
2870000 2870 1000.0 4040076.751 1971.055 19.9198 0 0 0 1.68e-05 0.0001676 
2880000 2880 1000.0 4060473.03 1982.643 19.941 0 0 0 1.74e-05 0.0001736 
2890000 2890 1000.0 4081088.8 1998.034 19.9088 0 0 0 1.89e-05 0.0001888 
2900000 2900 1000.0 4100483.632 1987.388 19.8927 0 0 0 1.83e-05 0.0001828 
2910000 2910 1000.0 4119762.173 1977.018 19.9035 0 0 0 1.72e-05 0.0001722 
2920000 2920 1000.0 4139143.701 1969.754 19.8722 0 0 0 1.83e-05 0.0001827 
2930000 2930 1000.0 4158579.856 1965.113 19.8914 0 0 0 1.93e-05 0.000193 
2940000 2940 1000.0 4178137.632 1963.55 19.8656 0 0 0 2.13e-05 0.0002131 
2950000 2950 1000.0 4197939.557 1967.285 19.8504 0 0 0 1.97e-05 0.0001973 
2960000 2960 1000.0 4217739.944 1969.768 19.8244 0 0 0 1.96e-05 0.0001958 
2970000 2970 1000.0 4238054.859 1980.665 19.8659 0 0 0 1.99e-05 0.000199 
2980000 2980 1000.0 4257838.671 1980.746 19.9126 0 0 0 1.95e-05 0.0001952 
2990000 2990 1000.0 4278139.939 1989.742 19.9354 0 0 0 1.88e-05 0.0001881 
3000000 3000 1000.0 4296990.038 1970.773 19.8971 0 0 0 1.97e-05 0.0001968 
3010000 3010 1000.0 4314716.922 1933.628 19.8882 0 0 0 2.16e-05 0.0002155 
3020000 3020 1000.0 4334521.565 1942.171 19.9284 0 0 0 2.09e-05 0.0002091 
3030000 3030 1000.0 4355526.699 1971.244 19.9947 0 0 0 2.11e-05 0.0002115 
3040000 3040 1000.0 4375682.978 1979.015 19.9876 0 0 0 2e-05 0.0001996 
3050000 3050 1000.0 4396251.881 1993.444 19.9946 0 0 0 2.02e-05 0.0002021 
3060000 3060 1000.0 4416920.695 2006.225 19.9629 0 0 0 2.02e-05 0.0002023 
3070000 3070 1000.0 4437675.017 2018.671 19.9932 0 0 0 2e-05 0.0002001 
3080000 3080 1000.0 4458439.916 2029.402 19.968 0 0 0 2.05e-05 0.0002045 
3090000 3090 1000.0 4479657.895 2046.658 19.95 0 0 0 2.13e-05 0.0002131 
3100000 3100 1000.0 4501027.398 2063.443 19.9835 0 0 0 1.94e-05 0.000194 
3110000 3110 1000.0 4521672.476 2062.989 20.0579 0 0 0 1.97e-05 0.0001969 
3120000 3120 1000.0 4543553.017 2086.063 20.0726 0 0 0 1.88e-05 0.0001879 
3130000 3130 1000.0 4565419.583 2104.388 20.036 0 0 0 1.81e-05 0.0001812 
3140000 3140 1000.0 4586726.313 2108.986 19.9932 0 0 0 1.93e-05 0.0001925 
3150000 3150 1000.0 4607907.655 2110.425 20.0305 0 0 0 1.9e-05 0.0001905 
3160000 3160 1000.0 4628686.633 2104.818 19.9912 0 0 0 1.89e-05 0.0001894 
3170000 3170 1000.0 4649995.077 2109.305 19.9726 0 0 0 1.83e-05 0.000183 
3180000 3180 1000.0 4671516.864 2117.087 19.9672 0 0 0 1.85e-05 0.0001848 
3190000 3190 1000.0 4693207.234 2126.752 19.9292 0 0 0 1.86e-05 0.000186 
3200000 3200 1000.0 4713812.864 2114.979 19.9338 0 0 0 1.73e-05 0.0001731 
3210000 3210 1000.0 4735533.953 2125.517 19.9339 0 0 0 1.73e-05 0.0001733 
3220000 3220 1000.0 4756893.148 2128.164 19.9015 0 0 0 1.67e-05 0.0001672 
3230000 3230 1000.0 4777633.197 2117.488 19.9201 0 0 0 1.68e-05 0.0001678 
3240000 3240 1000.0 4794099.341 2033.382 19.903 0 0 0 1.62e-05 0.0001615 
3250000 3250 1000.0 4814908.531 2041.429 19.9043 0 0 0 1.7e-05 0.0001701 
3260000 3260 1000.0 4835313.042 2041.818 19.9419 0 0 0 1.75e-05 0.0001748 
3270000 3270 1000.0 4856419.145 2053.639 19.905 0 0 0 1.67e-05 0.0001668 
3280000 3280 1000.0 4876868.282 2052.451 19.8865 0 0 0 1.65e-05 0.0001647 
3290000 3290 1000.0 4897009.364 2045.797 19.9585 0 0 0 1.7e-05 0.0001703 
3300000 3300 1000.0 4917999.773 2056.261 19.973 0 0 0 1.7e-05 0.0001701 
3310000 3310 1000.0 4938215.419 2050.287 20.0041 0 0 0 1.77e-05 0.0001773 
3320000 3320 1000.0 4958510.255 2046.747 20.0137 0 0 0 1.68e-05 0.0001678 
3330000 3330 1000.0 4978482.835 2037.262 19.9647 0 0 0 1.65e-05 0.000165 
3340000 3340 1000.0 4999138.85 2041.833 19.9355 0 0 0 1.84e-05 0.0001844 
3350000 3350 1000.0 5019856.442 2046.969 19.8889 0 0 0 1.66e-05 0.0001661 
3360000 3360 1000.0 5039776.25 2037.202 19.9109 0 0 0 1.72e-05 0.0001723 
3370000 3370 1000.0 5060019.606 2034.996 19.9956 0 0 0 1.71e-05 0.0001712 
3380000 3380 1000.0 5080602.578 2039.423 20.0021 0 0 0 1.79e-05 0.0001788 
3390000 3390 1000.0 5101244.99 2044.209 20.0367 0 0 0 1.68e-05 0.0001678 
3400000 3400 1000.0 5122332.484 2055.539 20.0082 0 0 0 1.9e-05 0.0001899 
3410000 3410 1000.0 5141073.844 2020.8 20.0522 0 0 0 1.74e-05 0.0001739 
3420000 3420 1000.0 5161376.621 2023.216 20.285 0 0 0 1.82e-05 0.000182 
3430000 3430 1000.0 5181169.257 2014.438 20.4288 0 0 0 1.83e-05 0.000183 
3440000 3440 1000.0 5201526.637 2018.467 20.3941 0 0 0 1.75e-05 0.0001747 
3450000 3450 1000.0 5222483.313 2032.33 20.4555 0 0 0 1.83e-05 0.0001833 
3460000 3460 1000.0 5243174.651 2039.191 20.5082 0 0 0 1.85e-05 0.0001851 
3470000 3470 1000.0 5263079.368 2029.62 20.5503 0 0 0 1.87e-05 0.0001873 
3480000 3480 1000.0 5283137.771 2025.333 20.5187 0 0 0 1.78e-05 0.0001784 
3490000 3490 1000.0 5300399.57 1969.939 20.6258 0 0 0 1.81e-05 0.0001806 
3500000 3500 1000.0 5321531.028 1996.333 20.5801 0 0 0 1.75e-05 0.0001749 
3510000 3510 1000.0 5343044.233 2024.305 20.4788 0 0 0 1.71e-05 0.0001709 
3520000 3520 1000.0 5364229.649 2041.244 17.7505 0 0 0 1.67e-05 0.000167 
3530000 3530 1000.0 5384267.738 2036.041 15.0476 0 0 0 1.66e-05 0.0001656 
3540000 3540 1000.0 5405929.019 2059.424 16.8984 0 0 0 1.66e-05 0.0001662 
3550000 3550 1000.0 5427212.975 2071.873 17.6126 0 0 0 1.7e-05 0.0001695 
3560000 3560 1000.0 5446689.849 2049.154 16.0472 0 0 0 1.62e-05 0.0001624 
3570000 3570 1000.0 5467693.007 2058.87 13.66 0 0 0 1.6e-05 0.0001604 
3580000 3580 1000.0 5488734.483 2067.018 14.582 0 0 0 1.63e-05 0.0001629 
3590000 3590 1000.0 5509737.424 2073.969 16.8773 0 0 0 1.77e-05 0.000177 
3600000 3600 1000.0 5530247.606 2069.375 18.7903 0 0 0 1.59e-05 0.0001594 
3610000 3610 1000.0 5550743.378 2065.504 20.4123 0 0 0 1.63e-05 0.0001633 
3620000 3620 1000.0 5570544.079 2049.09 21.6222 0 0 0 1.58e-05 0.0001579 
3630000 3630 1000.0 5590059.394 2031.525 22.7165 0 0 0 1.69e-05 0.0001691 
3640000 3640 1000.0 5610252.223 2029.236 23.6112 0 0 0 1.62e-05 0.0001621 
3650000 3650 1000.0 5630227.162 2023.964 24.2882 0 0 0 1.58e-05 0.0001578 
3660000 3660 1000.0 5650206.268 2019.402 24.9044 0 0 0 1.58e-05 0.000158 
3670000 3670 1000.0 5669576.671 2003.968 25.3928 0 0 0 1.58e-05 0.000158 
3680000 3680 1000.0 5689364.341 1999.124 23.5604 0 0 0 1.58e-05 0.0001577 
3690000 3690 1000.0 5709965.574 2010.172 19.8013 0 0 0 1.56e-05 0.0001559 
3700000 3700 1000.0 5731207.933 2031.291 16.7288 0 0 0 1.56e-05 0.0001561 
3710000 3710 1000.0 5750744.299 2016.475 16.9075 0 0 0 1.59e-05 0.0001585 
3720000 3720 1000.0 5769687.513 1994.648 18.8643 0 0 0 1.68e-05 0.0001683 
3730000 3730 1000.0 5788234.668 1969.6 20.3923 0 0 0 1.73e-05 0.0001727 
3740000 3740 1000.0 5807420.729 1959.637 21.7091 0 0 0 1.76e-05 0.0001758 
3750000 3750 1000.0 5826629.123 1953.434 22.6882 0 0 0 1.84e-05 0.0001835 
3760000 3760 1000.0 5845158.579 1934.305 23.6 0 0 0 1.77e-05 0.0001772 
3770000 3770 1000.0 5864418.183 1933.14 24.3545 0 0 0 1.86e-05 0.0001863 
3780000 3780 1000.0 5882361.824 1908.059 24.9612 0 0 0 1.8e-05 0.0001802 
3790000 3790 1000.0 5900725.525 1894.426 25.3576 0 0 0 1.82e-05 0.0001822 
3800000 3800 1000.0 5918202.476 1866.66 25.8233 0 0 0 2.05e-05 0.0002053 
3810000 3810 1000.0 5935359.593 1839.491 26.1527 0 0 0 1.9e-05 0.0001902 
3820000 3820 1000.0 5954451.822 1852.441 26.4234 0 0 0 2.1e-05 0.0002103 
3830000 3830 1000.0 5972202.532 1836.233 26.6044 0 0 0 5.19e-05 0.0005191 
3840000 3840 1000.0 5990341.657 1831.721 26.7325 0 0 0 2.66e-05 0.0002665 
3850000 3850 1000.0 6008764.076 1832.568 26.8303 0 0 0 2.48e-05 0.0002476 
3860000 3860 1000.0 6027735.196 1843.636 27.0154 0 0 0 3.17e-05 0.0003171 
3870000 3870 1000.0 6046812.34 1855.373 27.0185 0 0 0 2.36e-05 0.000236 
3880000 3880 1000.0 6066489.501 1875.86 27.061 0 0 0 2.41e-05 0.000241 
3890000 3890 1000.0 6086393.352 1897.382 26.9049 0 0 0 2.66e-05 0.0002663 
3900000 3900 1000.0 6106400.329 1915.757 26.8732 0 0 0 2.82e-05 0.0002816 
3910000 3910 1000.0 6126066.716 1924.474 26.7367 0 0 0 2.59e-05 0.0002586 
3920000 3920 1000.0 6145810.372 1933.358 26.6552 0 0 0 2.54e-05 0.0002542 
3930000 3930 1000.0 6165572.456 1941.359 26.4614 0 0 0 2.47e-05 0.0002472 
3940000 3940 1000.0 6184226.178 1926.813 26.4552 0 0 0 2.66e-05 0.0002657 
3950000 3950 1000.0 6203071.934 1919.87 26.3299 0 0 0 2.38e-05 0.0002378 
3960000 3960 1000.0 6217543.715 1836.989 26.2887 0 0 0 2.5e-05 0.0002503 
3970000 3970 1000.0 6235377.467 1827.708 26.2492 0 0 0 2.45e-05 0.0002454 
3980000 3980 1000.0 6253442.045 1823.797 26.1891 0 0 0 2.49e-05 0.0002494 
3990000 3990 1000.0 6272964.539 1847.168 26.1458 0 0 0 3.26e-05 0.0003261 
4000000 4000 1000.0 6291852.746 1855.648 26.1275 0 0 0 2.9e-05 0.0002902 
4010000 4010 1000.0 6310866.993 1864.288 26.034 0 0 0 2.55e-05 0.0002548 
4020000 4020 1000.0 6330047.635 1874.179 26.0462 0 0 0 2.63e-05 0.0002626 
4030000 4030 1000.0 6349302.627 1883.456 26.0235 0 0 0 2.29e-05 0.0002295 
4040000 4040 1000.0 6368062.461 1882.046 25.9996 0 0 0 2.35e-05 0.0002351 
4050000 4050 1000.0 6387271.113 1889.243 26.028 0 0 0 2.29e-05 0.0002294 
4060000 4060 1000.0 6406846.872 1902.034 26.0535 0 0 0 2.2e-05 0.00022 
4070000 4070 1000.0 6426814.396 1919.201 26.0359 0 0 0 2.18e-05 0.0002179 
4080000 4080 1000.0 6446156.416 1921.952 26.0583 0 0 0 2.2e-05 0.0002199 
4090000 4090 1000.0 6465122.413 1917.604 26.0341 0 0 0 2.3e-05 0.00023 
4100000 4100 1000.0 6484936.323 1929.483 26.0521 0 0 0 2.25e-05 0.0002254 
4110000 4110 1000.0 6504341.08 1931.236 26.0666 0 0 0 2.19e-05 0.0002187 
4120000 4120 1000.0 6523390.551 1926.329 26.0484 0 0 0 2.12e-05 0.0002123 
4130000 4130 1000.0 6542729.168 1927.679 26.0932 0 0 0 2.15e-05 0.0002154 
4140000 4140 1000.0 6561950.438 1926.253 26.2131 0 0 0 2.09e-05 0.0002094 
4150000 4150 1000.0 6580932.204 1920.987 26.2592 0 0 0 2.09e-05 0.0002091 
4160000 4160 1000.0 6600406.347 1925.731 26.3355 0 0 0 2.05e-05 0.0002046 
4170000 4170 1000.0 6619361.162 1920.132 26.3849 0 0 0 1.9e-05 0.0001905 
4180000 4180 1000.0 6638414.601 1917.876 26.3322 0 0 0 1.84e-05 0.0001844 
4190000 4190 1000.0 6657653.97 1919.17 26.3241 0 0 0 1.84e-05 0.000184 
4200000 4200 1000.0 6676178.766 1907.068 26.2674 0 0 0 1.79e-05 0.0001785 
4210000 4210 1000.0 6694465.956 1892.852 26.2709 0 0 0 1.81e-05 0.0001813 
4220000 4220 1000.0 6712954.98 1884.643 26.2402 0 0 0 1.77e-05 0.0001769 
4230000 4230 1000.0 6731353.272 1876.142 26.1788 0 0 0 1.77e-05 0.0001774 
4240000 4240 1000.0 6749812.767 1870.183 26.0968 0 0 0 1.76e-05 0.0001762 
4250000 4250 1000.0 6768144.518 1863.113 26.1248 0 0 0 1.71e-05 0.0001707 
4260000 4260 1000.0 6786478.173 1858.151 26.0173 0 0 0 1.82e-05 0.0001822 
4270000 4270 1000.0 6805835.768 1872.398 26.0944 0 0 0 1.86e-05 0.0001856 
4280000 4280 1000.0 6824209.75 1865.974 26.0422 0 0 0 1.87e-05 0.0001866 
4290000 4290 1000.0 6842913.733 1866.908 26.0079 0 0 0 1.82e-05 0.0001816 
4300000 4300 1000.0 6862158.53 1878.3 25.9807 0 0 0 1.86e-05 0.0001865 
4310000 4310 1000.0 6881509.569 1888.664 26.0648 0 0 0 1.97e-05 0.0001965 
4320000 4320 1000.0 6900109.569 1883.052 26.1409 0 0 0 1.88e-05 0.000188 
4330000 4330 1000.0 6919547.719 1894.291 26.1415 0 0 0 1.85e-05 0.0001849 
4340000 4340 1000.0 6938633.061 1896.672 26.1124 0 0 0 1.98e-05 0.0001977 
4350000 4350 1000.0 6956933.043 1884.852 26.1435 0 0 0 1.92e-05 0.0001922 
4360000 4360 1000.0 6976007.646 1888.624 26.1723 0 0 0 1.96e-05 0.0001958 
4370000 4370 1000.0 6994858.726 1887.512 26.13 0 0 0 1.92e-05 0.0001918 
4380000 4380 1000.0 7013545.96 1883.606 26.137 0 0 0 1.9e-05 0.0001902 
4390000 4390 1000.0 7029347.736 1827.174 26.1686 0 0 0 1.95e-05 0.0001953 
4400000 4400 1000.0 7045825.648 1792.547 26.1436 0 0 0 2.25e-05 0.0002249 
4410000 4410 1000.0 7060903.307 1741.154 26.1069 0 0 0 2.28e-05 0.000228 
4420000 4420 1000.0 7076034.832 1699.734 26.0556 0 0 0 2.29e-05 0.0002286 
4430000 4430 1000.0 7093814.643 1714.272 25.97 0 0 0 2.34e-05 0.0002343 
4440000 4440 1000.0 7111328.163 1720.134 25.9935 0 0 0 2.27e-05 0.0002268 
4450000 4450 1000.0 7129180.641 1732.524 26.1587 0 0 0 2.28e-05 0.000228 
4460000 4460 1000.0 7146645.493 1733.942 26.1142 0 0 0 2.27e-05 0.0002265 
4470000 4470 1000.0 7163506.688 1725.494 26.1005 0 0 0 2.3e-05 0.0002304 
4480000 4480 1000.0 7180229.754 1716.454 25.9588 0 0 0 2.37e-05 0.0002373 
4490000 4490 1000.0 7196259.937 1695.792 26.0839 0 0 0 2.53e-05 0.0002533 
4500000 4500 1000.0 7213074.882 1692.176 26.03 0 0 0 2.48e-05 0.0002478 
4510000 4510 1000.0 7229472.599 1684.125 26.0209 0 0 0 2.66e-05 0.0002662 
4520000 4520 1000.0 7246982.88 1697.978 25.9748 0 0 0 2.71e-05 0.0002708 
4530000 4530 1000.0 7262624.21 1671.822 25.9809 0 0 0 2.67e-05 0.0002675 
4540000 4540 1000.0 7280424.221 1692.308 25.9985 0 0 0 2.77e-05 0.0002767 
4550000 4550 1000.0 7298704.225 1717.051 25.9498 0 0 0 2.84e-05 0.0002837 
4560000 4560 1000.0 7316542.5 1729.543 25.8972 0 0 0 2.77e-05 0.0002775 
4570000 4570 1000.0 7335315.432 1756.749 25.8881 0 0 0 2.82e-05 0.0002819 
4580000 4580 1000.0 7353133.114 1762.077 25.9197 0 0 0 2.8e-05 0.0002801 
4590000 4590 1000.0 7371369.377 1773.74 25.9836 0 0 0 2.82e-05 0.0002817 
4600000 4600 1000.0 7390191.444 1793.402 26.578 0 0 0 2.82e-05 0.0002815 
4610000 4610 1000.0 7409556.86 1819.39 26.7807 0 0 0 2.61e-05 0.0002612 
4620000 4620 1000.0 7428315.228 1829.471 26.8989 0 0 0 2.7e-05 0.0002702 
4630000 4630 1000.0 7447400.408 1843.718 27.0541 0 0 0 2.57e-05 0.0002573 
4640000 4640 1000.0 7465964.506 1846.129 27.118 0 0 0 2.64e-05 0.000264 
4650000 4650 1000.0 7485321.952 1862.78 27.1213 0 0 0 2.66e-05 0.0002664 
4660000 4660 1000.0 7504928.986 1879.566 27.19 0 0 0 2.71e-05 0.0002714 
4670000 4670 1000.0 7524519.107 1894.349 27.2078 0 0 0 2.67e-05 0.0002669 
4680000 4680 1000.0 7543824.154 1901.44 27.2903 0 0 0 2.59e-05 0.0002595 
4690000 4690 1000.0 7563439.209 1912.328 27.1832 0 0 0 2.52e-05 0.0002523 
4700000 4700 1000.0 7583822.012 1935.684 27.2531 0 0 0 2.48e-05 0.0002481 
4710000 4710 1000.0 7602704.399 1927.393 27.3713 0 0 0 2.5e-05 0.00025 
4720000 4720 1000.0 7622021.657 1928.623 27.4574 0 0 0 2.5e-05 0.0002504 
4730000 4730 1000.0 7641755.2 1936.642 27.4899 0 0 0 2.44e-05 0.0002444 
4740000 4740 1000.0 7661121.821 1937.809 27.432 0 0 0 2.39e-05 0.000239 
4750000 4750 1000.0 7680500.23 1938.406 27.4462 0 0 0 2.43e-05 0.0002433 
4760000 4760 1000.0 7699691.634 1935.745 27.4906 0 0 0 2.3e-05 0.00023 
4770000 4770 1000.0 7719871.633 1950.659 27.5081 0 0 0 2.29e-05 0.0002292 
4780000 4780 1000.0 7739654.47 1956.146 27.4442 0 0 0 2.34e-05 0.0002335 
4790000 4790 1000.0 7759500.894 1961.118 27.4209 0 0 0 2.24e-05 0.0002239 
4800000 4800 1000.0 7778357.629 1948.125 27.497 0 0 0 2.24e-05 0.0002235 
4810000 4810 1000.0 7797407.98 1940.355 27.4765 0 0 0 2.21e-05 0.0002211 
4820000 4820 1000.0 7816375.611 1932.657 27.4208 0 0 0 2.1e-05 0.0002101 
4830000 4830 1000.0 7835823.59 1934.648 27.3375 0 0 0 2.06e-05 0.0002056 
4840000 4840 1000.0 7855014.828 1930.866 27.3044 0 0 0 1.96e-05 0.0001964 
4850000 4850 1000.0 7874597.657 1935.769 27.361 0 0 0 1.92e-05 0.0001922 
4860000 4860 1000.0 7894734.678 1950.432 27.4212 0 0 0 1.84e-05 0.0001836 
4870000 4870 1000.0 7914045.223 1946.652 27.4403 0 0 0 1.99e-05 0.0001992 
4880000 4880 1000.0 7933000.704 1937.546 27.2956 0 0 0 1.98e-05 0.0001981 
4890000 4890 1000.0 7952689.726 1943.392 26.6175 0 0 0 1.95e-05 0.0001954 
4900000 4900 1000.0 7972561.36 1951.006 22.9167 0 0 0 2.07e-05 0.0002067 
4910000 4910 1000.0 7991601.027 1941.863 23.8416 0 0 0 1.81e-05 0.0001813 
4920000 4920 1000.0 8010746.06 1937.459 24.463 0 0 0 1.82e-05 0.000182 
4930000 4930 1000.0 8028785.759 1912.863 24.9591 0 0 0 1.83e-05 0.0001831 
4940000 4940 1000.0 8046536.301 1887.601 25.3448 0 0 0 2e-05 0.0002 
4950000 4950 1000.0 8066109.817 1900.284 25.7573 0 0 0 1.89e-05 0.0001889 
4960000 4960 1000.0 8084117.657 1882.378 26.0256 0 0 0 1.79e-05 0.0001793 
4970000 4970 1000.0 8103464.623 1892.196 26.3771 0 0 0 1.9e-05 0.0001897 
4980000 4980 1000.0 8122052.435 1887.176 26.6281 0 0 0 1.81e-05 0.0001814 
4990000 4990 1000.0 8141325.626 1894.776 26.7801 0 0 0 1.79e-05 0.0001794 
5000000 5000 1000.0 8159753.946 1885.011 26.8923 0 0 0 1.98e-05 0.0001979 
5010000 5010 1000.0 8177319.086 1861.191 26.9797 0 0 0 2.07e-05 0.0002068 
5020000 5020 1000.0 8195905.802 1861.216 27.1086 0 0 0 1.89e-05 0.0001885 
5030000 5030 1000.0 8214073.386 1853.061 27.1377 0 0 0 1.89e-05 0.0001892 
5040000 5040 1000.0 8233525.046 1869.127 27.2512 0 0 0 1.97e-05 0.0001969 
5050000 5050 1000.0 8251853.834 1862.587 27.292 0 0 0 1.98e-05 0.0001981 
5060000 5060 1000.0 8270308.015 1859.004 27.3135 0 0 0 2.05e-05 0.0002055 
5070000 5070 1000.0 8287783.078 1839.407 27.3826 0 0 0 1.99e-05 0.0001994 
5080000 5080 1000.0 8305844.619 1833.221 27.3517 0 0 0 1.96e-05 0.0001962 
5090000 5090 1000.0 8324693.559 1842.87 27.2439 0 0 0 1.95e-05 0.0001948 
5100000 5100 1000.0 8343460.196 1849.387 27.2117 0 0 0 2.28e-05 0.0002276 
5110000 5110 1000.0 8360785.236 1827.599 27.2378 0 0 0 2.11e-05 0.0002114 
5120000 5120 1000.0 8378634.332 1820.357 27.1614 0 0 0 2.09e-05 0.0002093 
5130000 5130 1000.0 8397977.733 1841.288 27.1705 0 0 0 2.14e-05 0.0002144 
5140000 5140 1000.0 8417567.867 1862.23 27.1933 0 0 0 2e-05 0.0002001 
5150000 5150 1000.0 8437797.4 1890.756 27.1869 0 0 0 2.1e-05 0.0002103 
5160000 5160 1000.0 8456960.725 1894.868 27.1792 0 0 0 2.09e-05 0.0002086 
5170000 5170 1000.0 8476279.06 1901.584 27.1461 0 0 0 1.93e-05 0.0001931 
5180000 5180 1000.0 8496381.813 1921.867 27.1646 0 0 0 2e-05 0.0002004 
5190000 5190 1000.0 8516166.796 1932.405 27.0859 0 0 0 2.07e-05 0.0002073 
5200000 5200 1000.0 8536525.32 1951.853 27.0911 0 0 0 2.04e-05 0.0002036 
5210000 5210 1000.0 8557635.879 1980.832 27.1082 0 0 0 2.09e-05 0.0002087 
5220000 5220 1000.0 8577663.932 1985.302 27.0199 0 0 0 2.04e-05 0.0002045 
5230000 5230 1000.0 8598239.535 1998.31 27.0526 0 0 0 1.92e-05 0.0001918 
5240000 5240 1000.0 8619328.206 2018.643 26.9989 0 0 0 1.85e-05 0.0001854 
5250000 5250 1000.0 8639637.167 2020.122 26.9768 0 0 0 1.89e-05 0.0001885 
5260000 5260 1000.0 8658713.77 2000.175 26.8356 0 0 0 1.79e-05 0.0001788 
5270000 5270 1000.0 8679092.106 2006.666 26.8156 0 0 0 1.83e-05 0.0001825 
5280000 5280 1000.0 8699310.631 2009.527 26.7479 0 0 0 1.79e-05 0.0001787 
5290000 5290 1000.0 8719189.535 2005.514 26.7139 0 0 0 1.74e-05 0.0001741 
5300000 5300 1000.0 8739961.474 2018.53 26.7129 0 0 0 1.73e-05 0.0001734 
5310000 5310 1000.0 8760923.711 2032.03 26.6936 0 0 0 1.69e-05 0.000169 
5320000 5320 1000.0 8781551.73 2038.237 26.7136 0 0 0 1.7e-05 0.0001704 
5330000 5330 1000.0 8802396.766 2047.3 26.6075 0 0 0 1.58e-05 0.0001582 
5340000 5340 1000.0 8823948.361 2067.074 26.5347 0 0 0 1.71e-05 0.000171 
5350000 5350 1000.0 8844124.26 2057.298 26.589 0 0 0 1.65e-05 0.0001651 
5360000 5360 1000.0 8864557.614 2055.146 26.5381 0 0 0 1.59e-05 0.0001591 
5370000 5370 1000.0 8885020.132 2054.149 26.4816 0 0 0 1.7e-05 0.0001704 
5380000 5380 1000.0 8906278.095 2067.12 26.389 0 0 0 1.53e-05 0.0001526 
5390000 5390 1000.0 8927063.685 2068.576 26.3128 0 0 0 1.66e-05 0.0001657 
5400000 5400 1000.0 8947919.176 2071.11 26.2371 0 0 0 1.66e-05 0.0001664 
5410000 5410 1000.0 8968295.73 2064.311 26.2717 0 0 0 1.68e-05 0.0001685 
5420000 5420 1000.0 8989007.025 2065.642 26.2168 0 0 0 1.67e-05 0.0001669 
5430000 5430 1000.0 9010478.202 2079.694 26.2787 0 0 0 1.81e-05 0.0001812 
5440000 5440 1000.0 9030395.136 2064.372 26.24 0 0 0 1.72e-05 0.0001725 
5450000 5450 1000.0 9051144.473 2066.939 26.1335 0 0 0 1.62e-05 0.0001622 
5460000 5460 1000.0 9071833.787 2066.607 26.0888 0 0 0 1.64e-05 0.0001642 
5470000 5470 1000.0 9092916.999 2074.047 26.0805 0 0 0 1.66e-05 0.0001664 
5480000 5480 1000.0 9112163.236 2046.543 25.9908 0 0 0 1.61e-05 0.0001611 
5490000 5490 1000.0 9133310.527 2060.435 26.0357 0 0 0 1.62e-05 0.0001621 
5500000 5500 1000.0 9154759.173 2075.268 25.9273 0 0 0 1.7e-05 0.0001699 
5510000 5510 1000.0 9175921.008 2083.146 25.9064 0 0 0 1.72e-05 0.0001722 
5520000 5520 1000.0 9197600.606 2098.403 25.9241 0 0 0 1.69e-05 0.000169 
5530000 5530 1000.0 9216818.23 2066.958 25.9814 0 0 0 1.58e-05 0.0001575 
5540000 5540 1000.0 9238433.009 2084.411 25.937 0 0 0 1.7e-05 0.0001698 
5550000 5550 1000.0 9260420.663 2105.75 26.1288 0 0 0 1.69e-05 0.0001686 
5560000 5560 1000.0 9282055.965 2116.017 26.1831 0 0 0 1.53e-05 0.000153 
5570000 5570 1000.0 9303684.426 2124.427 26.0929 0 0 0 1.5e-05 0.0001501 
5580000 5580 1000.0 9325265.043 2130.156 26.0906 0 0 0 1.47e-05 0.0001469 
5590000 5590 1000.0 9345921.316 2117.221 26.0309 0 0 0 1.48e-05 0.0001476 
5600000 5600 1000.0 9366260.515 2102.166 26.044 0 0 0 1.56e-05 0.0001565 
5610000 5610 1000.0 9386810.267 2092.832 26.0398 0 0 0 1.48e-05 0.0001478 
5620000 5620 1000.0 9408450.936 2105.747 26.0751 0 0 0 1.54e-05 0.0001544 
5630000 5630 1000.0 9429946.61 2113.367 26.0677 0 0 0 1.55e-05 0.0001546 
5640000 5640 1000.0 9450199.845 2097.748 26.0961 0 0 0 1.58e-05 0.000158 
5650000 5650 1000.0 9471021.578 2094.989 26.0715 0 0 0 1.62e-05 0.0001619 
5660000 5660 1000.0 9491599.702 2087.288 26.0317 0 0 0 1.58e-05 0.0001583 
5670000 5670 1000.0 9511801.256 2075.404 26.0486 0 0 0 1.58e-05 0.0001581 
5680000 5680 1000.0 9532457.033 2073.801 26.0305 0 0 0 1.57e-05 0.0001568 
5690000 5690 1000.0 9553375.657 2076.517 25.9547 0 0 0 1.71e-05 0.0001706 
5700000 5700 1000.0 9573713.231 2068.442 25.9542 0 0 0 1.72e-05 0.0001717 
5710000 5710 1000.0 9594340.834 2067.254 26.09 0 0 0 1.69e-05 0.0001694 
5720000 5720 1000.0 9616250.425 2090.178 26.0807 0 0 0 1.78e-05 0.0001775 
5730000 5730 1000.0 9637574.071 2097.828 26.054 0 0 0 1.72e-05 0.0001725 
5740000 5740 1000.0 9659163.73 2109.165 26.0706 0 0 0 1.69e-05 0.0001692 
5750000 5750 1000.0 9680007.317 2104.848 26.1761 0 0 0 1.68e-05 0.0001677 
5760000 5760 1000.0 9700866.229 2101.342 26.1151 0 0 0 1.69e-05 0.0001694 
5770000 5770 1000.0 9721941.778 2102.558 26.0767 0 0 0 1.73e-05 0.0001725 
5780000 5780 1000.0 9741592.479 2076.77 26.552 0 0 0 1.84e-05 0.0001841 
5790000 5790 1000.0 9761526.04 2061.292 26.6479 0 0 0 1.88e-05 0.0001876 
5800000 5800 1000.0 9779108.781 2006.943 26.7772 0 0 0 1.76e-05 0.0001756 
5810000 5810 1000.0 9799397.679 2011.195 26.9081 0 0 0 1.76e-05 0.0001761 
5820000 5820 1000.0 9817759.695 1978.503 27.0233 0 0 0 1.98e-05 0.0001976 
5830000 5830 1000.0 9836873.808 1965.61 27.0247 0 0 0 2e-05 0.0001998 
5840000 5840 1000.0 9856259.416 1961.904 27.0934 0 0 0 1.98e-05 0.0001975 
5850000 5850 1000.0 9875477.263 1954.059 27.2518 0 0 0 2.04e-05 0.0002041 
5860000 5860 1000.0 9894875.511 1951.21 27.3166 0 0 0 2.02e-05 0.0002024 
5870000 5870 1000.0 9915045.153 1963.47 27.3138 0 0 0 1.89e-05 0.0001895 
5880000 5880 1000.0 9936425.571 1996.185 27.4005 0 0 0 1.94e-05 0.0001942 
5890000 5890 1000.0 9957530.303 2017.525 27.4281 0 0 0 1.98e-05 0.0001977 
5900000 5900 1000.0 9978679.31 2035.36 27.473 0 0 0 1.89e-05 0.0001886 
5910000 5910 1000.0 9999524.971 2044.825 27.4799 0 0 0 2.02e-05 0.0002021 
5920000 5920 1000.0 10020877.89 2061.426 27.4523 0 0 0 2e-05 0.0002 
5930000 5930 1000.0 10040858.99 2049.053 27.4552 0 0 0 2.1e-05 0.0002103 
5940000 5940 1000.0 10061253.823 2047.353 27.4599 0 0 0 2.12e-05 0.0002116 
5950000 5950 1000.0 10079998.418 2015.636 27.4063 0 0 0 2.23e-05 0.0002226 
5960000 5960 1000.0 10099171.259 1997.302 27.4204 0 0 0 2.32e-05 0.0002316 
5970000 5970 1000.0 10119174.588 1998.369 27.3556 0 0 0 2.36e-05 0.0002358 
5980000 5980 1000.0 10140124.696 2016.401 27.3462 0 0 0 2.3e-05 0.00023 
5990000 5990 1000.0 10160593.142 2022.161 27.2627 0 0 0 2.2e-05 0.0002203 
6000000 6000 1000.0 10180936.773 2024.578 27.196 0 0 0 2.28e-05 0.0002279 
