1000 6 17.467 32.0 0.557 0.9748 2 374.0 33.33 0.0475548 0.0101762 
2000 9 29.728 83.0 1.189 1.6472 3 991.0 70.697 0.0101944 0.0065347 
3000 15 51.421 158.0 2.816 2.827 5 2025.0 177.1946 0.0063428 0.0053239 
4000 21 63.757 248.0 4.018 3.5267 7 2979.0 225.1576 0.0048468 0.0047491 
5000 27 77.714 331.0 5.365 4.3192 9 3903.0 282.2077 0.0040695 0.0035256 
6000 33 87.331 441.0 6.839 4.8339 11 5057.0 337.9182 0.0041308 0.0037065 
7000 38 94.663 524.0 7.689 5.2369 12 5972.0 336.8264 0.0036475 0.0039314 
8000 41 109.237 569.0 8.215 6.0651 13 7259.0 421.8437 0.0034883 0.0034355 
9000 48 116.877 631.0 8.278 6.478 16 7942.0 427.3011 0.0035175 0.0036132 
10000 52 127.029 722.0 9.402 7.0505 17 8888.0 441.271 0.0034233 0.0030252 
11000 57 130.162 828.0 9.772 7.2226 19 9993.0 459.4595 0.0034553 0.0034072 
12000 62 140.074 860.0 10.169 7.7748 20 10358.0 468.2135 0.0028692 0.002104 
13000 66 146.212 898.0 9.706 8.1153 22 10774.0 418.583 0.0023046 0.0025104 
14000 70 156.779 915.0 9.69 8.717 23 10980.0 397.4247 0.0022549 0.0020887 
15000 75 161.735 931.0 9.066 8.9961 25 11185.0 361.244 0.0021297 0.0021672 
16000 78 166.281 970.0 8.878 9.2335 26 11602.0 345.8196 0.0020741 0.0020121 
17000 82 175.263 987.0 8.926 9.7321 27 11808.0 331.9376 0.0021085 0.0021127 
18000 87 178.501 1016.0 8.376 9.9173 29 12143.0 308.1995 0.0019953 0.0019905 
19000 90 182.157 1042.0 8.228 10.1271 30 12430.0 298.0795 0.0019785 0.0018689 
20000 97 181.241 1097.0 8.436 10.0736 32 13043.0 283.7744 0.0025431 0.0029328 
21000 103 180.882 1172.0 9.068 10.0505 34 13887.0 317.0873 0.0034049 0.0026481 
22000 109 180.375 1266.0 9.824 10.0219 36 14881.0 354.8707 0.0029222 0.0026921 
23000 115 178.851 1321.0 9.764 9.9429 38 15485.0 344.8753 0.0022218 0.0022682 
24000 121 177.527 1385.0 9.884 9.8762 40 16179.0 343.479 0.0024431 0.0023571 
25000 127 175.227 1470.0 10.371 9.7223 42 17083.0 360.948 0.0022034 0.0021768 
26000 131 182.657 1533.0 10.834 10.1453 43 18019.0 400.5532 0.0020644 0.002125 
27000 135 181.125 1633.0 11.082 10.0463 45 19285.0 428.8781 0.0023199 0.0022939 
28000 140 188.373 1698.0 11.965 10.4433 46 20600.0 455.6903 0.0024301 0.0027311 
29000 146 186.114 1789.0 12.464 10.3249 48 21564.0 542.9391 0.0026611 0.00228 
30000 151 188.174 1868.0 12.785 10.4356 50 22439.0 539.2107 0.0022253 0.002252 
31000 155 191.008 1965.0 13.497 10.591 51 23445.0 534.9896 0.0028468 0.0033234 
32000 159 194.446 2024.0 13.433 10.7766 53 24191.0 550.3716 0.0031024 0.0037541 
33000 165 193.373 2058.0 12.868 10.7159 55 24775.0 520.231 0.0028622 0.0030885 
34000 170 194.251 2132.0 13.05 10.7768 56 25640.0 515.9079 0.0027519 0.0026475 
35000 176 191.51 2205.0 12.946 10.622 58 26424.0 498.3154 0.0029839 0.0030756 
36000 180 193.745 2297.0 13.329 10.7471 60 27650.0 530.6655 0.0027485 0.0023423 
37000 184 195.698 2390.0 14.145 10.8247 61 28886.0 568.2989 0.0033941 0.0035738 
38000 188 203.487 2441.0 14.347 11.2865 62 29662.0 577.169 0.0027459 0.0028684 
39000 193 202.693 2505.0 14.075 11.2246 64 30387.0 579.6369 0.0025503 0.0030064 
40000 200 195.808 2589.0 13.882 10.8459 66 31290.0 529.8359 0.002661 0.0025725 
41000 206 193.359 2663.0 13.784 10.7021 68 32084.0 515.6971 0.0023679 0.0023149 
42000 211 191.832 2763.0 14.031 10.6227 70 33129.0 506.8446 0.0023097 0.0027108 
43000 215 196.83 2835.0 14.564 10.8905 71 35525.0 665.8602 0.0021831 0.0019921 
44000 220 196.286 2908.0 14.399 10.8468 73 36930.0 712.2767 0.0021986 0.0031283 
45000 225 195.247 2968.0 14.0 10.8083 75 37575.0 647.0742 0.0022605 0.0022767 
46000 231 194.626 3002.0 13.452 10.7723 77 37969.0 581.6601 0.0023029 0.0024329 
47000 236 192.751 3070.0 13.149 10.6431 78 38694.0 547.1941 0.0022439 0.0021349 
48000 241 194.704 3164.0 13.913 10.7758 80 39679.0 521.7572 0.0023911 0.0023565 
49000 245 194.975 3205.0 13.528 10.7945 81 40785.0 550.2815 0.0022168 0.0022947 
50000 251 196.264 3289.0 13.769 10.8764 83 41679.0 578.758 0.0020173 0.0020357 
51000 257 191.835 3369.0 13.584 10.6135 85 42533.0 550.624 0.0018709 0.0018516 
52000 262 192.9 3435.0 13.472 10.6661 87 43858.0 581.4354 0.0018572 0.001892 
53000 267 195.165 3495.0 13.595 10.7779 89 44583.0 572.0927 0.0017973 0.0018655 
54000 273 191.745 3558.0 13.24 10.5995 91 45267.0 529.6251 0.0017199 0.0015578 
55000 277 194.208 3644.0 13.496 10.7432 92 46243.0 518.3626 0.001646 0.0019161 
56000 283 191.653 3719.0 13.465 10.5936 94 47047.0 523.6037 0.0016338 0.0016987 
57000 287 196.808 3767.0 13.582 10.8814 95 47833.0 526.9433 0.001652 0.0015491 
58000 292 196.741 3848.0 13.765 10.8881 97 49308.0 580.3541 0.0013823 0.001419 
59000 295 204.072 3900.0 13.763 11.3088 98 50135.0 577.0187 0.0015198 0.0015241 
60000 300 204.766 3968.0 14.077 11.339 100 50900.0 601.4151 0.0013932 0.0012461 
61000 305 204.171 4040.0 14.056 11.3103 101 52125.0 600.9736 0.0013416 0.001358 
62000 311 200.828 4130.0 14.237 11.1305 103 53119.0 597.9186 0.0014693 0.001605 
63000 315 202.126 4232.0 14.707 11.2178 105 54505.0 639.6441 0.0014098 0.0014236 
64000 320 201.853 4301.0 14.803 11.1789 106 55510.0 653.3797 0.0012966 0.0014662 
65000 324 205.56 4393.0 15.217 11.3948 108 56506.0 646.3675 0.0013984 0.0013461 
66000 329 207.665 4479.0 15.807 11.5173 109 58121.0 703.4308 0.001365 0.001427 
67000 332 211.612 4534.0 15.882 11.7546 110 59158.0 722.7877 0.0013021 0.0012034 
68000 337 211.799 4615.0 15.732 11.7532 112 60093.0 698.388 0.0011969 0.0013234 
69000 341 215.564 4681.0 16.049 11.9598 113 61499.0 761.2492 0.0012509 0.0015167 
70000 347 210.596 4746.0 15.473 11.6818 115 62243.0 715.4419 0.0013028 0.0013906 
71000 351 213.8 4810.0 15.504 11.8435 117 63769.0 751.5379 0.0013621 0.0011461 
72000 355 213.916 4923.0 16.085 11.8313 118 65785.0 803.0841 0.0011883 0.0013598 
73000 360 212.826 4994.0 15.97 11.7337 120 67160.0 833.9281 0.0012894 0.0011922 
74000 365 213.157 5064.0 15.983 11.7368 121 68175.0 824.2353 0.0013173 0.0012873 
75000 370 211.949 5140.0 15.879 11.6826 123 69600.0 827.4606 0.0012534 0.0013125 
76000 375 210.765 5173.0 15.11 11.6213 125 70245.0 751.0731 0.0013677 0.0016593 
77000 379 209.245 5286.0 15.257 11.5144 126 71491.0 731.6658 0.001254 0.0012297 
78000 384 212.208 5306.0 14.948 11.6394 128 71966.0 699.1793 0.0010203 0.0006997 
79000 387 215.732 5364.0 14.894 11.8352 129 72843.0 696.9614 0.0010161 0.000959 
80000 392 216.591 5380.0 14.129 11.9049 130 73088.0 649.9652 0.0009697 0.0009962 
81000 397 215.05 5418.0 13.491 11.7892 132 73783.0 593.4018 0.0009074 0.000953 
82000 402 211.258 5454.0 12.521 11.5913 134 74268.0 527.5855 0.0009028 0.0007649 
83000 408 209.913 5469.0 11.742 11.5468 136 74512.0 473.2742 0.0009119 0.0008555 
84000 412 213.151 5553.0 12.422 11.7144 137 76338.0 562.6468 0.0010581 0.001073 
85000 417 209.545 5641.0 12.661 11.5227 139 77923.0 626.9739 0.0011758 0.0012826 
86000 421 214.164 5692.0 12.949 11.7953 140 78509.0 616.9765 0.0008832 0.001094 
87000 426 208.793 5784.0 13.101 11.4947 142 79744.0 599.081 0.0008616 0.0009684 
88000 432 207.804 5850.0 13.109 11.4288 144 81308.0 671.5856 0.0009363 0.0008362 
89000 436 208.29 5942.0 13.325 11.469 145 82344.0 661.127 0.0010265 0.0010801 
90000 441 210.714 6011.0 13.984 11.6054 147 83309.0 676.9429 0.0012626 0.001163 
91000 445 213.538 6100.0 14.505 11.7783 148 84985.0 759.9486 0.0010082 0.001131 
92000 449 213.866 6204.0 15.222 11.791 149 86381.0 744.6538 0.001108 0.0011636 
93000 454 212.699 6306.0 15.96 11.727 151 87676.0 751.7995 0.0010785 0.0011344 
94000 459 209.072 6401.0 15.43 11.5298 153 88901.0 722.0876 0.0010041 0.0010859 
95000 465 208.424 6456.0 15.573 11.4819 155 89505.0 705.921 0.0010356 0.0010978 
96000 471 202.276 6612.0 16.394 11.1442 157 91119.0 707.726 0.0010516 0.0010967 
97000 475 205.384 6688.0 16.889 11.3263 158 92375.0 710.6534 0.0010863 0.0008793 
98000 479 211.525 6748.0 16.879 11.6758 159 93051.0 718.2881 0.0010699 0.0009099 
99000 484 209.122 6849.0 17.175 11.5413 161 94106.0 701.3433 0.0009992 0.0009937 
100000 488 210.399 6946.0 17.28 11.6081 162 95282.0 704.909 0.0010057 0.0011604 
101000 492 215.607 7034.0 17.998 11.9188 164 96428.0 754.9063 0.0010137 0.0009526 
102000 497 214.469 7097.0 17.476 11.8476 165 97373.0 732.1157 0.0008076 0.0008509 
103000 502 213.011 7189.0 17.493 11.7644 167 98418.0 712.4437 0.0007597 0.0007326 
104000 508 208.164 7274.0 17.249 11.5005 169 99362.0 685.4094 0.0007967 0.0007833 
105000 514 202.168 7414.0 17.756 11.1488 171 100816.0 657.6116 0.0007868 0.0008933 
106000 518 205.795 7514.0 18.387 11.3529 172 102182.0 687.5504 0.0008179 0.0009298 
107000 523 206.671 7628.0 18.989 11.4044 174 103987.0 781.3459 0.0008517 0.0007314 
108000 527 206.066 7704.0 18.931 11.3611 175 105113.0 802.9113 0.0008418 0.0009954 
109000 532 208.117 7821.0 19.233 11.4832 177 106558.0 783.8881 0.0008542 0.000735 
110000 536 208.063 7907.0 19.368 11.4992 178 107814.0 797.1993 0.0008826 0.0008396 
111000 540 213.191 8007.0 19.666 11.7729 180 109470.0 863.2614 0.0016509 0.0014524 
112000 545 212.175 8099.0 19.844 11.7171 181 110525.0 860.6353 0.0009427 0.0007506 
113000 551 209.729 8193.0 19.476 11.5742 183 111519.0 781.1446 0.0007981 0.0007946 
114000 555 209.098 8288.0 19.142 11.5589 185 112545.0 749.6571 0.000788 0.0008173 
115000 560 209.599 8392.0 19.723 11.5838 186 113860.0 758.3914 0.0007715 0.0009662 
116000 566 204.757 8524.0 20.073 11.316 188 115234.0 750.427 0.0008282 0.0010165 
117000 571 203.902 8635.0 20.185 11.2796 190 116659.0 765.6759 0.0007692 0.0007526 
118000 574 212.951 8673.0 19.86 11.7731 191 118706.0 918.8083 0.0007035 0.0007082 
119000 578 212.319 8794.0 20.723 11.7204 192 120182.0 911.6275 0.0007714 0.0008091 
120000 582 215.912 8887.0 20.325 11.9137 194 121768.0 943.7483 0.0007987 0.0005729 
121000 588 212.326 9007.0 20.784 11.7313 196 123022.0 909.0661 0.0008455 0.0006293 
122000 594 206.164 9122.0 20.347 11.4032 198 124546.0 870.2735 0.0007323 0.0007248 
123000 599 205.15 9239.0 20.958 11.326 199 125861.0 859.9462 0.000657 0.0007508 
124000 605 201.541 9365.0 21.034 11.1273 201 127175.0 834.4864 0.0006257 0.0007635 
125000 611 198.113 9506.0 21.112 10.9281 203 128729.0 823.964 0.0007697 0.000656 
126000 614 204.357 9628.0 22.242 11.3028 204 130596.0 899.2676 0.0007287 0.0010037 
127000 620 202.533 9739.0 22.054 11.1826 206 131760.0 865.7367 0.0006841 0.0007258 
128000 624 201.531 9864.0 21.782 11.1254 208 133316.0 853.1768 0.0007118 0.0008508 
129000 630 201.138 9955.0 21.966 11.1184 210 134470.0 851.5032 0.0008214 0.000776 
130000 636 197.323 10089.0 21.981 10.9089 212 135864.0 821.5476 0.0007449 0.0006298 
131000 642 194.656 10230.0 22.131 10.747 214 137328.0 805.2835 0.0007161 0.0008481 
132000 648 190.15 10351.0 21.87 10.4907 216 138592.0 771.1097 0.0007602 0.0008043 
133000 653 189.24 10497.0 22.483 10.4404 217 140277.0 775.6987 0.000714 0.0007474 
134000 657 194.144 10600.0 22.426 10.7239 219 141673.0 822.9459 0.0006317 0.0005405 
135000 660 194.565 10694.0 22.483 10.7523 220 142680.0 814.3514 0.0006889 0.0007428 
136000 665 204.031 10775.0 22.614 11.2757 221 143625.0 814.6162 0.0006079 0.0005576 
137000 668 209.854 10858.0 22.399 11.5995 222 144942.0 826.8546 0.0005777 0.0006272 
138000 671 216.643 10947.0 23.195 11.9523 223 146479.0 849.8691 0.0005976 0.0006396 
139000 675 218.954 11062.0 23.123 12.0862 225 147895.0 924.224 0.000561 0.0005902 
140000 681 214.123 11179.0 23.061 11.8117 227 149219.0 891.2514 0.0005868 0.0006257 
141000 685 216.6 11316.0 23.715 11.9545 228 151245.0 887.8263 0.0006193 0.0006392 
142000 692 207.943 11445.0 23.32 11.4764 230 152598.0 912.8693 0.0006019 0.0005327 
143000 696 207.445 11550.0 22.929 11.4695 232 153854.0 870.5541 0.000583 0.0007439 
144000 702 205.639 11648.0 22.706 11.3758 234 154928.0 838.5788 0.0006945 0.0007553 
145000 705 211.488 11748.0 22.924 11.6878 235 156575.0 899.421 0.000707 0.0007891 
146000 709 217.528 11828.0 23.331 12.0201 236 158261.0 905.1789 0.0007074 0.0006495 
147000 712 222.981 11923.0 23.521 12.3027 237 159998.0 1032.361 0.000732 0.0008228 
148000 717 220.713 12007.0 22.948 12.175 239 160923.0 970.7424 0.0005976 0.000553 
149000 720 227.271 12075.0 22.923 12.5494 240 161670.0 948.3682 0.0006321 0.0007066 
150000 723 232.468 12159.0 22.943 12.8296 241 163197.0 993.2313 0.00074 0.0004957 
151000 727 232.937 12285.0 23.542 12.863 242 164863.0 986.6082 0.0006617 0.0008557 
152000 732 230.115 12390.0 23.24 12.7076 244 165958.0 966.1826 0.0006317 0.000568 
153000 735 234.842 12504.0 23.943 12.9508 245 168015.0 1067.2644 0.0008037 0.0007028 
154000 740 235.179 12607.0 24.271 12.9524 246 169420.0 1035.2379 0.0006696 0.0009127 
155000 745 231.058 12718.0 23.96 12.7393 248 170805.0 1022.6727 0.0006902 0.0006963 
156000 749 234.045 12800.0 23.907 12.8965 249 172121.0 1014.1055 0.0006823 0.0006365 
157000 754 227.469 12913.0 23.19 12.5466 251 173336.0 966.1554 0.000692 0.0008833 
158000 759 227.796 13006.0 23.322 12.5658 253 175551.0 1050.9159 0.0007281 0.0007974 
159000 762 230.384 13117.0 23.401 12.7031 254 177308.0 1085.5243 0.000669 0.0007449 
160000 765 237.42 13196.0 23.798 13.0813 255 178395.0 1097.6719 0.000716 0.0006039 
161000 771 228.757 13329.0 23.471 12.6271 257 180009.0 1033.6442 0.0006443 0.0005426 
162000 774 235.721 13420.0 24.126 13.0089 258 181566.0 1098.9798 0.0006299 0.0006306 
163000 779 234.06 13534.0 24.304 12.9212 259 183411.0 1140.7818 0.0006501 0.000658 
164000 783 230.823 13674.0 24.255 12.7406 261 185697.0 1088.0633 0.0008475 0.0009231 
165000 788 231.398 13759.0 24.338 12.7753 262 187212.0 1100.9569 0.0007949 0.0007502 
166000 790 234.976 13869.0 24.834 12.9677 263 188690.0 1126.5612 0.000944 0.0008949 
167000 796 231.747 13999.0 24.739 12.786 265 190134.0 1114.1446 0.0007023 0.0008098 
168000 804 216.845 14108.0 23.321 11.9631 268 191296.0 972.4184 0.0007239 0.0007127 
169000 807 216.784 14252.0 23.525 11.9516 269 193413.0 1015.8766 0.0008762 0.0010056 
170000 813 217.844 14339.0 23.795 12.0166 271 194567.0 1006.19 0.0007477 0.0007315 
171000 817 221.211 14457.0 24.259 12.1962 272 196013.0 1012.271 0.000668 0.0006108 
172000 821 223.362 14579.0 24.747 12.3248 273 197359.0 989.7439 0.0007569 0.0008604 
173000 825 224.288 14662.0 24.329 12.366 275 198265.0 971.5226 0.0006936 0.0006201 
174000 830 222.779 14769.0 24.156 12.3024 276 199380.0 930.0703 0.000785 0.0008 
175000 837 212.585 14901.0 23.424 11.7406 279 200763.0 855.7583 0.0007662 0.0008205 
176000 841 213.739 15044.0 24.023 11.8003 280 202269.0 844.8824 0.0007728 0.0007679 
177000 847 209.23 15182.0 24.099 11.5515 282 203703.0 817.7848 0.0007547 0.0007765 
178000 851 211.419 15278.0 23.968 11.6545 283 205159.0 862.7063 0.0007528 0.0007498 
179000 855 210.958 15439.0 24.372 11.6478 285 206975.0 902.7221 0.0007168 0.0006312 
180000 859 219.183 15564.0 26.055 12.114 286 208771.0 938.1499 0.0007703 0.0009052 
181000 863 220.627 15645.0 25.522 12.1738 287 209757.0 973.0349 0.0007921 0.0007611 
182000 865 226.509 15766.0 26.501 12.5086 288 211255.0 987.4314 0.0011163 0.0008014 
183000 870 227.702 15867.0 26.055 12.5615 290 212350.0 1004.7494 0.000925 0.0008195 
184000 874 231.498 16015.0 27.235 12.7757 291 214046.0 999.9745 0.0007881 0.0007279 
185000 879 227.795 16111.0 26.45 12.5666 293 215091.0 994.8093 0.0007527 0.000624 
186000 884 225.218 16272.0 26.917 12.4283 294 216826.0 984.0284 0.0007559 0.0007439 
187000 888 225.792 16394.0 26.925 12.4772 296 218122.0 985.593 0.00069 0.0007782 
188000 894 220.827 16537.0 26.894 12.1876 298 220226.0 1011.0603 0.0007205 0.0009257 
189000 900 211.308 16678.0 25.836 11.6702 300 221690.0 925.2889 0.0006797 0.0007804 
190000 908 199.393 16782.0 24.21 11.0197 302 222802.0 832.014 0.0006639 0.0007864 
191000 913 200.25 16893.0 24.245 11.0652 304 224227.0 845.6613 0.0007875 0.0008758 
192000 921 188.329 16986.0 22.151 10.4072 307 225229.0 712.0941 0.0008703 0.0011827 
193000 924 198.86 17098.0 23.31 10.9791 308 228186.0 950.5847 0.0008798 0.0009649 
194000 930 194.082 17235.0 23.197 10.7388 310 229610.0 902.9036 0.000806 0.0007502 
195000 936 189.067 17368.0 22.537 10.4529 312 230994.0 837.2819 0.0007863 0.0010949 
196000 941 190.476 17475.0 22.738 10.5223 313 232149.0 829.2537 0.0007484 0.0010564 
197000 945 197.806 17578.0 23.205 10.9324 315 233545.0 873.0255 0.0008712 0.00088 
198000 951 194.004 17699.0 22.856 10.6982 317 235039.0 851.1807 0.0008873 0.0009801 
199000 954 196.37 17862.0 23.398 10.8516 318 237556.0 928.7626 0.0009142 0.0007779 
200000 959 200.49 17968.0 24.107 11.0601 319 239101.0 1001.5863 0.000635 0.0007587 
201000 963 202.232 18110.0 24.579 11.1535 321 240787.0 1010.6149 0.0007523 0.0009958 
202000 970 198.127 18232.0 24.314 10.937 323 242070.0 932.3281 0.0006188 0.0007342 
203000 974 197.207 18356.0 24.406 10.8607 324 243616.0 925.7953 0.0006902 0.0007909 
204000 979 197.518 18490.0 24.322 10.877 326 245241.0 927.1242 0.0007342 0.0006631 
205000 984 201.739 18622.0 25.243 11.1289 328 246976.0 997.8006 0.0006476 0.0007637 
206000 987 202.513 18790.0 25.455 11.1807 329 249473.0 1059.7205 0.0007871 0.0007644 
207000 992 204.473 18896.0 25.865 11.298 330 250808.0 1065.4485 0.0008096 0.000717 
208000 996 210.462 19006.0 26.381 11.6203 332 252174.0 1084.1433 0.000787 0.0007732 
209000 1002 203.826 19151.0 25.624 11.2419 334 253678.0 997.086 0.0007641 0.0011039 
210000 1007 204.182 19269.0 26.078 11.2609 335 255143.0 968.0774 0.0009863 0.0009369 
211000 1011 205.278 19422.0 25.943 11.3218 337 256789.0 988.1727 0.0009642 0.0008688 
212000 1015 213.907 19537.0 27.305 11.7992 338 258415.0 1010.0555 0.0009004 0.0009768 
213000 1019 215.544 19631.0 26.841 11.8833 339 259851.0 1018.7499 0.0008321 0.0010111 
214000 1022 223.18 19735.0 27.482 12.3001 340 262168.0 1056.5749 0.0008413 0.0009941 
215000 1025 227.833 19844.0 27.856 12.547 341 263555.0 1181.6174 0.0008488 0.0011805 
216000 1029 227.47 19998.0 27.792 12.5206 343 265801.0 1248.6401 0.0008525 0.000749 
217000 1032 231.462 20124.0 28.19 12.7494 344 267518.0 1254.4761 0.0007816 0.0008255 
218000 1036 239.153 20240.0 29.691 13.1792 345 269274.0 1284.7285 0.0007818 0.000822 
219000 1040 239.176 20367.0 29.795 13.1949 346 270820.0 1297.9556 0.0008814 0.0014009 
220000 1044 235.734 20532.0 29.45 13.0038 348 272776.0 1274.5741 0.0008271 0.0007406 
221000 1050 233.441 20634.0 29.252 12.8813 350 274470.0 1273.035 0.0008658 0.0009808 
222000 1053 237.086 20758.0 29.674 13.088 351 276587.0 1344.4315 0.00077 0.000612 
223000 1056 236.859 20918.0 29.749 13.058 352 278254.0 1305.6883 0.0008055 0.0009194 
224000 1061 240.823 21032.0 30.591 13.2723 353 279679.0 1282.8195 0.0006859 0.0006803 
225000 1065 239.378 21159.0 30.316 13.199 355 281615.0 1320.6138 0.0007708 0.0006245 
226000 1068 240.38 21318.0 30.525 13.2474 356 284102.0 1357.2524 0.0008051 0.0008422 
227000 1075 232.231 21422.0 29.812 12.7974 358 285205.0 1247.2045 0.0008455 0.0007884 
228000 1078 237.262 21544.0 30.226 13.0989 359 286682.0 1200.184 0.000921 0.0009471 
229000 1084 229.263 21659.0 28.745 12.6259 361 287886.0 1128.3791 0.0008356 0.0008754 
230000 1088 232.081 21761.0 28.933 12.8024 362 289612.0 1086.2411 0.0008162 0.0009683 
231000 1091 237.306 21863.0 29.234 13.075 363 290929.0 1153.317 0.0009719 0.00092 
232000 1095 239.729 21955.0 28.813 13.2225 365 292645.0 1221.6168 0.0008255 0.0007628 
233000 1098 245.445 22064.0 29.252 13.5495 366 294462.0 1281.1551 0.0008267 0.0009135 
234000 1101 248.72 22188.0 29.594 13.7291 367 295999.0 1289.7396 0.0007408 0.0006918 
235000 1104 251.456 22319.0 29.881 13.8738 368 297806.0 1315.4656 0.0007846 0.0008497 
236000 1107 257.683 22398.0 30.002 14.205 369 298853.0 1306.6191 0.0007931 0.0005303 
237000 1110 262.072 22510.0 30.43 14.4596 370 300850.0 1377.6572 0.000736 0.0006773 
238000 1113 263.993 22650.0 30.777 14.5555 371 302487.0 1370.5915 0.0006868 0.0006778 
239000 1116 266.898 22768.0 31.052 14.7124 372 303964.0 1371.2323 0.000761 0.0007263 
240000 1119 268.564 22892.0 31.235 14.8052 373 305941.0 1348.8091 0.000737 0.000845 
241000 1121 279.275 22939.0 32.365 15.408 373 306889.0 1348.8091 0.0007335 0.000811 
242000 1125 277.869 23097.0 31.895 15.3275 375 308785.0 1436.5654 0.0006466 0.000757 
243000 1128 277.296 23228.0 32.202 15.2931 376 310622.0 1435.6088 0.0006825 0.0008933 
244000 1131 287.15 23292.0 32.731 15.8513 377 311329.0 1451.7479 0.0007687 0.0007439 
245000 1135 281.772 23429.0 32.579 15.5576 378 312775.0 1391.2731 0.0008551 0.0009415 
246000 1137 287.602 23558.0 32.781 15.8505 379 314473.0 1387.8458 0.0007192 0.000837 
247000 1141 291.807 23645.0 33.525 16.0884 380 315509.0 1408.7612 0.0006619 0.0007784 
248000 1145 288.429 23719.0 32.374 15.9034 381 316945.0 1334.5851 0.0007272 0.0005922 
249000 1149 284.67 23833.0 32.063 15.6863 383 318971.0 1400.2439 0.0006232 0.0006049 
250000 1152 281.242 23960.0 31.504 15.5259 384 321598.0 1401.9196 0.0005556 0.0006377 
251000 1156 283.189 24083.0 32.295 15.6125 385 323144.0 1408.4276 0.0006691 0.0006396 
252000 1159 288.184 24180.0 32.48 15.9023 386 324991.0 1460.2848 0.0007028 0.0008416 
253000 1164 280.432 24260.0 31.042 15.4699 388 327076.0 1491.3607 0.0006079 0.0004985 
254000 1167 278.389 24378.0 30.375 15.3608 389 328553.0 1427.9246 0.0006555 0.0005923 
255000 1170 283.032 24464.0 30.636 15.6247 390 329710.0 1424.8322 0.0006309 0.0005865 
256000 1174 281.121 24583.0 30.905 15.5013 391 331146.0 1423.049 0.0008931 0.0007351 
257000 1177 280.454 24695.0 31.31 15.4862 392 332573.0 1333.4441 0.0006865 0.0006862 
258000 1180 284.6 24805.0 31.453 15.7071 393 333780.0 1337.7997 0.000702 0.000808 
259000 1183 291.752 24922.0 32.458 16.0696 394 335097.0 1332.7197 0.0006566 0.0008092 
260000 1186 295.322 25027.0 32.654 16.2895 395 336964.0 1384.1477 0.0006198 0.0006399 
261000 1189 296.257 25164.0 33.264 16.3239 396 338771.0 1381.433 0.0006077 0.0005573 
262000 1194 286.729 25287.0 32.352 15.8158 398 340216.0 1396.9907 0.0006603 0.0005889 
263000 1197 283.476 25447.0 32.028 15.6262 399 342683.0 1408.9916 0.0006175 0.0005806 
264000 1200 288.313 25547.0 32.57 15.9071 400 344500.0 1488.7925 0.0007558 0.0004795 
265000 1203 289.706 25674.0 32.873 15.97 401 346047.0 1478.6132 0.0005949 0.0005757 
266000 1206 290.977 25814.0 33.343 16.0353 402 348264.0 1528.4519 0.0005383 0.0005415 
267000 1209 300.828 25847.0 33.808 16.5853 403 349481.0 1607.3067 0.0006468 0.0005967 
268000 1211 304.545 25970.0 34.667 16.786 403 351459.0 1607.3067 0.0006692 0.0005826 
269000 1214 309.276 26091.0 35.152 17.0519 404 353006.0 1648.276 0.0009399 0.0009622 
270000 1217 311.506 26214.0 35.559 17.185 405 354703.0 1644.1484 0.0007612 0.0007368 
271000 1220 307.88 26303.0 34.692 16.9645 406 355850.0 1649.4336 0.0007339 0.0008215 
272000 1222 317.183 26466.0 36.672 17.5021 407 357978.0 1661.1902 0.001041 0.0019059 
273000 1226 308.497 26550.0 35.145 17.0069 408 359654.0 1646.7712 0.0007 0.0006706 
274000 1229 316.415 26672.0 36.187 17.4699 409 361061.0 1638.7941 0.0006225 0.0006935 
275000 1231 322.963 26805.0 37.271 17.8082 410 362759.0 1623.6147 0.0006265 0.0005391 
276000 1234 323.238 26925.0 37.372 17.8297 411 364296.0 1645.9532 0.0005344 0.0005863 
277000 1237 325.948 27037.0 37.641 17.9853 412 365843.0 1642.0579 0.0005392 0.0005208 
278000 1239 324.999 27148.0 36.542 17.9104 413 367321.0 1651.5521 0.0005301 0.0006195 
279000 1242 325.055 27268.0 36.684 17.9249 414 369248.0 1678.0969 0.0007303 0.0007297 
280000 1245 330.787 27322.0 36.883 18.2373 415 369895.0 1650.9872 0.0006387 0.000538 
281000 1247 338.156 27435.0 38.113 18.636 415 371673.0 1650.9872 0.0005792 0.0007004 
282000 1250 339.648 27557.0 38.263 18.7027 416 373080.0 1688.5885 0.0005731 0.0005493 
283000 1252 345.921 27685.0 39.288 19.0513 417 375868.0 1661.4296 0.0006485 0.0005779 
284000 1255 344.589 27811.0 39.444 18.9904 418 377855.0 1851.9867 0.000548 0.0005443 
285000 1258 344.312 27936.0 39.608 18.9829 419 380062.0 1889.488 0.0004874 0.0004684 
286000 1260 341.544 28072.0 38.608 18.8219 420 382120.0 1901.2392 0.0006101 0.0005983 
287000 1263 344.289 28167.0 38.937 18.9728 421 383457.0 1892.8153 0.0005753 0.0006961 
288000 1266 343.751 28302.0 39.309 18.9575 422 385474.0 1888.2338 0.0005909 0.0005856 
289000 1269 340.612 28446.0 39.181 18.7928 423 387481.0 1885.1104 0.0006114 0.0005496 
290000 1272 343.778 28519.0 39.317 18.9445 424 388318.0 1842.2993 0.0006744 0.0007873 
291000 1275 346.32 28617.0 39.717 19.0793 425 389775.0 1845.7694 0.0007078 0.0007889 
292000 1278 337.298 28791.0 38.741 18.6136 426 391852.0 1756.8925 0.0007424 0.0006517 
293000 1281 341.753 28862.0 39.02 18.8717 427 392859.0 1751.9032 0.0006066 0.0005771 
294000 1284 342.307 28985.0 39.351 18.8834 428 394946.0 1798.4129 0.0006403 0.0007441 
295000 1287 340.88 29122.0 39.504 18.8231 429 396693.0 1784.2716 0.0006227 0.0007646 
296000 1291 336.941 29245.0 39.5 18.6038 430 400159.0 1808.5444 0.0007861 0.0007494 
297000 1294 336.464 29402.0 40.289 18.5719 431 401876.0 1866.39 0.0007634 0.0008207 
298000 1299 323.071 29470.0 37.717 17.837 433 403851.0 1803.1059 0.000747 0.0007612 
299000 1302 320.694 29605.0 37.571 17.7291 434 405788.0 1788.4953 0.0008061 0.0010197 
300000 1305 324.862 29694.0 37.687 17.9415 435 407055.0 1768.3458 0.0008443 0.0008202 
301000 1307 328.416 29806.0 38.366 18.1252 435 409073.0 1768.3458 0.0008987 0.0008525 
302000 1312 313.743 29914.0 36.131 17.3149 437 410238.0 1657.5901 0.0007624 0.0008717 
303000 1315 316.191 30029.0 36.595 17.4723 438 411495.0 1616.5311 0.0008732 0.0009444 
304000 1319 313.61 30094.0 35.185 17.3348 439 412221.0 1563.578 0.0007124 0.0007745 
305000 1326 290.856 30174.0 32.101 16.0536 442 413124.0 1250.6353 0.0006718 0.000784 
306000 1332 278.766 30256.0 30.126 15.389 444 414038.0 1105.0446 0.0007472 0.0009943 
307000 1337 271.43 30347.0 28.962 14.9801 445 415033.0 1060.2402 0.000947 0.0009559 
308000 1339 277.487 30466.0 29.804 15.3187 446 417131.0 1149.9161 0.0008519 0.0008488 
309000 1341 282.64 30606.0 30.531 15.5879 447 419089.0 1213.6245 0.0009279 0.0007743 
310000 1344 289.842 30675.0 30.996 16.0216 448 420356.0 1269.9621 0.0008008 0.0007165 
311000 1347 293.678 30773.0 31.327 16.2124 449 421573.0 1278.6659 0.0007067 0.0007334 
312000 1350 290.72 30849.0 30.326 16.0472 450 422860.0 1223.4993 0.0007477 0.0008151 
313000 1356 281.07 30944.0 29.292 15.4931 452 424574.0 1204.0644 0.000747 0.0006908 
314000 1359 278.8 31076.0 28.903 15.3884 453 426191.0 1178.358 0.0007557 0.0008165 
315000 1364 275.373 31157.0 28.685 15.1919 454 427316.0 1213.2222 0.0007465 0.000915 
316000 1367 278.49 31269.0 29.16 15.3384 455 428773.0 1118.6 0.0007723 0.0007556 
317000 1369 287.618 31390.0 30.421 15.8442 456 430501.0 1155.44 0.0007384 0.0007487 
318000 1373 285.683 31486.0 30.073 15.7595 457 432217.0 1299.596 0.0007273 0.0007227 
319000 1377 279.872 31621.0 29.669 15.4352 459 433773.0 1241.7027 0.0006931 0.0007877 
320000 1382 275.518 31743.0 29.872 15.1895 460 435078.0 1216.2325 0.0006966 0.0006497 
321000 1385 277.97 31871.0 30.554 15.3455 461 436735.0 1163.3092 0.0007808 0.0007109 
322000 1389 276.252 31978.0 30.338 15.2409 463 438111.0 1228.7105 0.0007016 0.0008086 
323000 1392 279.074 32110.0 31.024 15.3799 464 439618.0 1252.5394 0.0006223 0.0006546 
324000 1395 275.656 32265.0 30.496 15.2083 465 441695.0 1227.9855 0.0005297 0.0004771 
325000 1398 282.294 32352.0 31.273 15.5529 466 442632.0 1262.8869 0.0006178 0.0007319 
326000 1401 286.957 32465.0 32.075 15.7984 467 444529.0 1350.2982 0.0006324 0.0005571 
327000 1403 297.143 32579.0 33.494 16.3775 467 446317.0 1350.2982 0.0005727 0.0006273 
328000 1404 293.78 32717.0 32.824 16.1926 468 448056.0 1417.9684 0.0006854 0.00081 
329000 1408 305.195 32836.0 34.835 16.8329 469 449492.0 1449.8716 0.0006608 0.0007712 
330000 1411 305.775 32962.0 35.285 16.8552 470 451359.0 1478.5844 0.0006221 0.0005789 
331000 1414 309.456 33069.0 35.653 17.0752 471 453206.0 1488.426 0.0005911 0.0006362 
332000 1416 310.197 33191.0 34.794 17.1073 472 455464.0 1613.2834 0.0005659 0.0005628 
333000 1419 314.264 33298.0 35.5 17.3334 473 456871.0 1660.655 0.000564 0.0005033 
334000 1422 317.436 33393.0 35.822 17.49 474 459298.0 1771.2895 0.0005543 0.0005712 
335000 1425 316.273 33552.0 36.264 17.4508 475 461255.0 1758.8606 0.0006235 0.0006815 
336000 1428 319.9 33648.0 36.775 17.6214 476 462602.0 1762.6745 0.0006259 0.0003489 
337000 1431 322.989 33771.0 37.346 17.7933 477 464879.0 1833.1071 0.0005599 0.0004454 
338000 1433 327.396 33910.0 38.592 18.0411 477 467007.0 1833.1071 0.0005023 0.0004427 
339000 1437 323.617 34037.0 38.05 17.8412 479 469053.0 1880.9467 0.0005372 0.0004723 
340000 1440 322.719 34177.0 38.397 17.7816 480 470600.0 1841.5521 0.0006162 0.000579 
341000 1443 319.214 34311.0 37.823 17.5892 481 472047.0 1750.0968 0.0006501 0.0005985 
342000 1446 320.902 34447.0 38.283 17.6756 482 474464.0 1759.7872 0.0008323 0.0007372 
343000 1449 324.416 34523.0 38.287 17.8893 483 476011.0 1841.5084 0.0006638 0.0006486 
344000 1453 318.945 34680.0 38.257 17.5934 484 477977.0 1779.0576 0.000731 0.000832 
345000 1456 316.347 34830.0 38.621 17.4654 485 479904.0 1705.8518 0.0006991 0.0009006 
346000 1460 313.765 34929.0 37.932 17.3234 486 481200.0 1714.9667 0.0007082 0.000754 
347000 1465 298.479 35070.0 36.269 16.4736 488 483115.0 1566.053 0.0006488 0.0006087 
348000 1469 298.8 35206.0 36.687 16.4732 489 484911.0 1556.1477 0.0006252 0.000613 
349000 1471 306.309 35334.0 37.776 16.8961 490 486649.0 1605.2329 0.000687 0.0007024 
350000 1475 302.76 35434.0 36.952 16.6956 491 487855.0 1598.4096 0.0007159 0.0007295 
351000 1477 308.979 35566.0 38.313 17.0355 492 491053.0 1571.2687 0.0006801 0.0006487 
352000 1481 301.576 35678.0 36.948 16.6356 493 492289.0 1700.8418 0.000676 0.0007128 
353000 1484 303.174 35801.0 37.143 16.705 494 496866.0 1650.4576 0.0008759 0.0010142 
354000 1487 310.354 35919.0 38.0 17.0877 495 498703.0 1963.1119 0.0006417 0.0006531 
355000 1490 310.745 36040.0 38.113 17.1373 496 500690.0 1941.5007 0.0006403 0.0007339 
356000 1495 302.06 36183.0 37.237 16.6422 498 502925.0 1922.2455 0.0006927 0.000629 
357000 1497 300.388 36344.0 36.931 16.5745 499 505373.0 1888.721 0.0006423 0.0006512 
358000 1500 307.029 36426.0 37.336 16.9181 500 506720.0 1909.5489 0.0006287 0.0007921 
359000 1503 307.053 36573.0 37.611 16.9457 501 509567.0 1901.294 0.0005652 0.0007146 
360000 1507 307.7 36692.0 38.177 16.9516 502 511063.0 1961.8646 0.0006195 0.0005049 
361000 1511 303.807 36810.0 37.626 16.7892 503 512719.0 1927.3781 0.0006791 0.0005476 
362000 1513 310.049 36937.0 38.674 17.1334 504 514937.0 1798.3403 0.0006338 0.0005283 
363000 1515 310.744 37042.0 37.263 17.1663 505 517105.0 1843.2063 0.0006022 0.0006767 
364000 1518 311.575 37152.0 37.245 17.2209 506 518732.0 1884.5857 0.0006004 0.0007176 
365000 1522 314.283 37281.0 38.476 17.3629 507 520708.0 1868.8271 0.0006191 0.0006152 
366000 1526 310.151 37408.0 38.21 17.1658 508 522654.0 1859.6444 0.0006221 0.0006655 
367000 1530 306.029 37525.0 37.496 16.94 510 524210.0 1830.742 0.0006102 0.000725 
368000 1531 308.709 37650.0 38.186 17.0774 510 526299.0 1830.742 0.0006435 0.0008686 
369000 1535 314.907 37754.0 38.259 17.4211 511 528465.0 1858.3678 0.0005668 0.0006161 
370000 1539 308.217 37883.0 37.616 17.0424 513 530431.0 1887.1079 0.0006421 0.0006534 
371000 1541 312.597 38002.0 38.601 17.2964 513 531799.0 1887.1079 0.0007591 0.0009558 
372000 1544 314.683 38137.0 38.667 17.4081 514 534796.0 1843.0971 0.0006165 0.0005853 
373000 1545 314.61 38273.0 38.234 17.4288 515 538965.0 2118.4874 0.0006089 0.0005888 
374000 1549 324.849 38383.0 39.823 17.989 516 540311.0 2168.3386 0.0005954 0.0006289 
375000 1553 319.244 38503.0 39.219 17.6543 517 542047.0 2082.2048 0.0006069 0.0006354 
376000 1556 316.049 38636.0 39.131 17.4994 518 545224.0 2046.6843 0.0006514 0.0006211 
377000 1560 314.42 38759.0 38.642 17.4015 520 546570.0 2062.8443 0.0006029 0.0006368 
378000 1562 319.214 38889.0 39.958 17.665 520 548518.0 2062.8443 0.000582 0.0006593 
379000 1566 315.879 39026.0 39.127 17.4603 522 551654.0 2152.3339 0.0006423 0.0004764 
380000 1569 317.926 39147.0 39.479 17.5977 523 553051.0 2092.8005 0.000654 0.0005887 
381000 1571 323.873 39281.0 40.626 17.9181 523 555129.0 2092.8005 0.0005834 0.000483 
382000 1574 325.829 39417.0 40.9 18.0087 524 556956.0 2096.2204 0.0005788 0.0005995 
383000 1576 332.648 39549.0 41.82 18.3918 525 558784.0 2069.2984 0.0005188 0.0004955 
384000 1578 327.895 39683.0 40.398 18.1183 526 560862.0 2075.0686 0.0005223 0.0005664 
385000 1582 332.146 39811.0 41.896 18.3397 527 562878.0 2128.2617 0.0004973 0.0005058 
386000 1585 333.312 39944.0 42.411 18.4298 528 565165.0 2073.1355 0.0004792 0.0005075 
387000 1587 332.601 40067.0 41.163 18.3991 529 567113.0 2141.522 0.000503 0.0004844 
388000 1590 333.774 40182.0 41.33 18.4636 530 568450.0 2080.0698 0.0004417 0.0004801 
389000 1593 331.449 40334.0 41.386 18.3137 531 570427.0 2038.7628 0.0004532 0.0003999 
390000 1596 330.594 40470.0 41.489 18.2083 532 572164.0 2004.5865 0.0005219 0.0004303 
391000 1600 333.29 40604.0 42.917 18.3045 533 573820.0 1975.8279 0.0005109 0.0003995 
392000 1603 333.78 40741.0 43.128 18.2915 534 575377.0 1934.9451 0.0005068 0.0004544 
393000 1606 333.395 40863.0 42.974 18.2156 535 576784.0 1890.1506 0.0007941 0.0008629 
394000 1609 330.29 40989.0 42.739 18.032 536 578231.0 1817.8355 0.0005283 0.0006509 
395000 1611 327.556 41129.0 41.615 17.8655 537 580639.0 1848.752 0.0004771 0.0006252 
396000 1614 334.509 41225.0 41.999 18.2128 538 582366.0 1877.5768 0.0005861 0.0006511 
397000 1617 335.669 41323.0 42.093 18.2366 539 584123.0 1927.5191 0.0006039 0.0007076 
398000 1621 333.678 41448.0 42.056 18.1055 540 586489.0 1898.4672 0.0006643 0.0006422 
399000 1624 329.84 41551.0 41.198 17.8743 541 588046.0 1852.3205 0.0006632 0.0006697 
400000 1626 330.115 41692.0 40.605 17.8683 542 590894.0 1899.7884 0.000687 0.0007493 
401000 1630 330.316 41778.0 40.435 17.8686 543 592350.0 1923.5096 0.0005738 0.0007055 
402000 1633 327.178 41903.0 40.223 17.6703 544 594527.0 1871.8586 0.0005624 0.0007158 
403000 1636 335.153 42029.0 41.433 18.0697 545 597134.0 1895.3728 0.0005847 0.0006216 
404000 1639 334.885 42127.0 40.95 18.04 546 598601.0 1974.5355 0.0006875 0.0007419 
405000 1642 329.138 42249.0 39.989 17.7032 547 600018.0 1973.7819 0.0006062 0.0006568 
406000 1645 332.411 42390.0 40.899 17.857 548 602005.0 1920.1037 0.0007186 0.0007394 
407000 1649 328.369 42517.0 40.633 17.6323 549 603851.0 1904.7934 0.0005694 0.0006425 
408000 1653 320.035 42659.0 39.754 17.1737 551 605717.0 1835.6126 0.0005588 0.0006292 
409000 1656 319.219 42802.0 39.878 17.1129 552 608144.0 1856.7514 0.0005284 0.0005103 
410000 1660 317.225 42941.0 40.263 16.983 553 611260.0 1889.7762 0.000583 0.0006533 
411000 1662 315.639 43088.0 39.48 16.9078 554 613338.0 1921.4986 0.0005441 0.0006681 
412000 1665 315.133 43194.0 39.331 16.864 555 614785.0 1881.0487 0.0005198 0.000564 
413000 1668 317.696 43314.0 39.352 16.9754 556 616552.0 1852.6439 0.0005679 0.0006426 
414000 1672 321.65 43458.0 41.006 17.1909 557 618658.0 1853.0795 0.0006717 0.0006255 
415000 1676 315.616 43573.0 40.055 16.8418 558 620824.0 1866.4715 0.0005811 0.000681 
416000 1679 317.112 43718.0 40.559 16.9112 559 623411.0 1884.5244 0.0005745 0.0006025 
417000 1681 316.213 43856.0 40.433 16.8713 560 625549.0 1944.7719 0.0006688 0.0007518 
418000 1685 319.257 43992.0 41.166 17.0219 561 627785.0 1970.9947 0.0005559 0.0005915 
419000 1689 313.748 44126.0 40.547 16.7232 563 629601.0 1972.7357 0.0005525 0.0005669 
420000 1692 314.101 44257.0 40.685 16.7195 564 632768.0 2092.1622 0.0007165 0.0005432 
421000 1695 311.954 44419.0 40.714 16.6084 565 634965.0 2065.646 0.0005611 0.0004939 
422000 1698 313.517 44548.0 40.9 16.6772 566 637222.0 2089.7814 0.0006002 0.0004911 
423000 1700 323.488 44651.0 41.939 17.2083 566 638710.0 2089.7814 0.0006256 0.0006104 
424000 1703 321.026 44787.0 41.828 17.0591 567 641317.0 2061.5032 0.0005931 0.000693 
425000 1706 321.643 44918.0 41.795 17.0944 568 643014.0 2118.0529 0.0005886 0.0007167 
426000 1709 321.781 45041.0 41.799 17.1083 569 644861.0 2094.9476 0.0007346 0.0006471 
427000 1713 315.177 45203.0 41.048 16.741 571 647157.0 1998.9376 0.0005657 0.000507 
428000 1716 311.095 45362.0 40.561 16.5296 572 649804.0 1946.7438 0.0005422 0.0005984 
429000 1719 311.975 45495.0 40.719 16.58 573 652661.0 1998.7694 0.0005807 0.0007595 
430000 1722 318.535 45577.0 41.053 16.9252 574 653878.0 2074.5925 0.000532 0.0006014 
431000 1724 324.927 45670.0 42.317 17.2435 574 655036.0 2074.5925 0.0007052 0.0008608 
432000 1728 323.461 45806.0 41.659 17.1751 576 656882.0 2038.5499 0.0005007 0.0005195 
433000 1730 326.814 45950.0 42.643 17.3371 576 659170.0 2038.5499 0.0004799 0.0005319 
434000 1734 324.825 46077.0 41.994 17.2386 578 661556.0 2095.7554 0.0005219 0.0005325 
435000 1737 324.237 46220.0 42.176 17.1944 579 663653.0 2089.8799 0.0004846 0.0003537 
436000 1740 324.193 46361.0 42.411 17.1986 580 666400.0 2155.5919 0.0005353 0.0004657 
437000 1742 331.6 46485.0 43.22 17.5848 580 668678.0 2155.5919 0.0005029 0.0005313 
438000 1745 331.333 46619.0 43.288 17.5839 581 670685.0 2174.7327 0.0005354 0.0005257 
439000 1748 331.787 46749.0 43.308 17.6101 582 672642.0 2156.9594 0.0005863 0.0005503 
440000 1751 332.909 46876.0 43.365 17.6679 583 675169.0 2142.9635 0.0006616 0.0007329 
441000 1754 328.164 47019.0 43.226 17.4146 584 677846.0 2184.3671 0.0006075 0.0008593 
442000 1757 333.383 47147.0 43.579 17.67 585 680183.0 2224.6304 0.0005647 0.0005666 
443000 1759 337.859 47293.0 44.592 17.9106 586 683491.0 2239.8674 0.0005234 0.0006007 
444000 1763 331.679 47426.0 43.892 17.5771 587 685387.0 2345.5806 0.0005213 0.0005174 
445000 1765 333.52 47562.0 44.374 17.6777 588 687415.0 2297.7226 0.0005044 0.0005545 
446000 1769 333.802 47686.0 43.852 17.7005 589 689571.0 2271.6503 0.0004815 0.0006196 
447000 1771 336.917 47821.0 44.595 17.8545 590 691669.0 2263.1853 0.0004919 0.000463 
448000 1776 325.81 47967.0 43.234 17.2666 592 694024.0 2248.2101 0.0004956 0.0004361 
449000 1779 325.242 48123.0 43.443 17.2192 593 696921.0 2300.0891 0.0005205 0.0003902 
450000 1781 330.147 48257.0 44.588 17.4728 593 699589.0 2300.0891 0.0004718 0.0005202 
451000 1783 338.662 48393.0 45.54 17.9325 594 701887.0 2356.7802 0.0006266 0.0006193 
452000 1785 332.576 48544.0 44.032 17.6127 595 704335.0 2359.8022 0.0005278 0.0006872 
453000 1788 336.051 48679.0 44.387 17.7868 596 706442.0 2371.5219 0.0004668 0.0004833 
454000 1792 336.916 48788.0 44.876 17.8355 597 708218.0 2375.0697 0.0004817 0.000539 
455000 1794 339.982 48926.0 44.853 18.0146 598 713896.0 2706.2628 0.0006623 0.0004284 
456000 1797 338.278 49077.0 44.806 17.9151 599 716793.0 2704.3365 0.0004749 0.0003877 
457000 1800 336.835 49217.0 44.73 17.8253 600 719530.0 2700.6028 0.0004318 0.0004249 
458000 1803 340.697 49307.0 44.884 18.0406 601 721207.0 2709.2426 0.0005172 0.0003911 
459000 1806 340.586 49445.0 45.036 18.0378 602 723924.0 2717.0183 0.0004595 0.0003803 
460000 1809 339.112 49598.0 45.14 17.944 603 726221.0 2665.0165 0.0004698 0.0004027 
461000 1812 337.135 49754.0 45.117 17.8593 604 729738.0 2669.2148 0.0005357 0.0004867 
462000 1815 338.529 49872.0 45.224 17.9186 605 732325.0 2747.9933 0.0005509 0.0005015 
463000 1818 338.401 50013.0 45.415 17.9114 606 734782.0 2725.894 0.0004796 0.0005077 
464000 1821 338.715 50146.0 45.5 17.9249 607 737619.0 2750.0046 0.0005219 0.0004709 
465000 1824 336.697 50308.0 45.519 17.8382 608 740146.0 2701.7041 0.0004595 0.00046 
466000 1827 336.631 50450.0 45.655 17.8128 609 743533.0 2774.2337 0.0005432 0.0007629 
467000 1830 334.066 50613.0 45.594 17.682 610 746270.0 2719.5104 0.0004412 0.0005504 
468000 1833 337.985 50701.0 45.69 17.8956 611 748127.0 2717.2593 0.0004659 0.0005539 
469000 1836 336.824 50843.0 45.559 17.8209 612 750604.0 2684.2334 0.0004394 0.0004662 
470000 1839 333.705 51011.0 45.399 17.6641 613 753121.0 2602.5101 0.0004628 0.0004501 
471000 1842 332.05 51172.0 45.484 17.5682 614 758268.0 2838.959 0.0004562 0.0004343 
472000 1845 333.636 51288.0 45.404 17.6696 615 759905.0 2737.7631 0.0004209 0.0003296 
473000 1848 336.415 51390.0 45.568 17.8119 616 761612.0 2707.6868 0.0005176 0.0004139 
474000 1851 338.198 51524.0 45.775 17.9108 617 763519.0 2643.6181 0.0005268 0.0004757 
475000 1854 335.408 51680.0 45.701 17.742 618 765226.0 2528.9563 0.0004564 0.0002772 
476000 1857 334.451 51833.0 45.79 17.7064 619 767143.0 2458.7607 0.0005484 0.0003138 
477000 1861 330.718 51974.0 45.493 17.512 620 769629.0 2459.5846 0.0004792 0.0004138 
478000 1863 323.995 52146.0 44.553 17.1703 621 773597.0 2314.3262 0.0004104 0.0004012 
479000 1867 325.564 52276.0 45.473 17.2316 622 775733.0 2428.5935 0.0004668 0.0005306 
480000 1869 327.28 52417.0 44.712 17.3297 623 778311.0 2428.4342 0.000428 0.0003879 
481000 1872 329.767 52543.0 44.992 17.472 624 780198.0 2431.2908 0.0004934 0.0004985 
482000 1875 329.161 52676.0 44.829 17.4197 625 782785.0 2442.8617 0.0004489 0.0004844 
483000 1878 331.228 52804.0 44.953 17.544 626 786362.0 2467.2755 0.0005377 0.0007099 
484000 1881 327.16 52970.0 44.738 17.3225 627 788639.0 2516.248 0.0004601 0.0005437 
485000 1884 326.063 53117.0 44.938 17.2804 628 791176.0 2509.3232 0.0004778 0.0006534 
486000 1887 335.688 53174.0 45.232 17.7777 629 791773.0 2477.0909 0.0004902 0.0005583 
487000 1890 333.349 53339.0 45.168 17.651 630 794520.0 2445.0818 0.000458 0.0005103 
488000 1893 332.424 53498.0 45.416 17.6155 631 797257.0 2466.2736 0.000406 0.0004964 
489000 1895 343.115 53579.0 46.539 18.1696 631 799035.0 2466.2736 0.0004815 0.0004436 
490000 1898 341.749 53714.0 46.296 18.1129 632 801062.0 2495.3462 0.0004495 0.0004721 
491000 1901 341.642 53856.0 46.472 18.1034 633 804039.0 2446.5116 0.0005057 0.000484 
492000 1903 346.156 54006.0 47.352 18.3341 634 806667.0 2499.5605 0.0004159 0.000459 
493000 1907 342.235 54147.0 46.739 18.1189 635 809033.0 2515.3044 0.000438 0.0004071 
494000 1909 346.416 54293.0 47.446 18.3397 636 811821.0 2501.474 0.0004805 0.0003838 
495000 1912 341.599 54440.0 47.041 18.0811 637 814438.0 2529.0266 0.0004604 0.0004407 
496000 1914 340.84 54576.0 46.139 18.0377 638 817046.0 2539.8239 0.0005111 0.0005863 
497000 1918 343.443 54701.0 46.854 18.1854 639 819912.0 2554.5415 0.0005509 0.0004357 
498000 1920 337.217 54851.0 45.743 17.8572 640 822350.0 2577.7874 0.0004912 0.0003965 
499000 1923 339.365 54994.0 45.956 17.9699 641 824637.0 2565.7086 0.0004968 0.0004283 
500000 1927 345.421 55138.0 47.876 18.2869 642 826743.0 2544.8378 0.0004697 0.0003676 
501000 1929 338.735 55288.0 46.255 17.9118 643 829091.0 2503.054 0.0004431 0.0005188 
502000 1934 333.243 55388.0 45.534 17.6432 644 830176.0 2485.4486 0.000565 0.0006931 
503000 1938 327.896 55559.0 45.411 17.3544 646 832472.0 2297.1434 0.0004148 0.0005044 
504000 1941 327.21 55713.0 45.574 17.3095 647 835489.0 2357.129 0.0008727 0.0015467 
505000 1943 332.878 55820.0 46.596 17.633 647 837667.0 2357.129 0.0005677 0.0006302 
506000 1947 331.616 55955.0 45.687 17.5728 649 839603.0 2337.4045 0.0005213 0.0005392 
507000 1950 329.018 56118.0 45.713 17.4159 650 841820.0 2303.3641 0.0005307 0.000511 
508000 1953 328.836 56268.0 45.83 17.4111 651 844287.0 2315.7277 0.0004689 0.0004508 
509000 1956 329.511 56408.0 46.021 17.4423 652 846354.0 2300.8549 0.0004818 0.0003681 
510000 1959 328.864 56568.0 46.2 17.4239 653 849021.0 2327.4694 0.0004846 0.0004513 
511000 1962 327.791 56730.0 46.329 17.3546 654 851738.0 2348.4225 0.0004456 0.0003479 
512000 1964 335.096 56839.0 47.423 17.7385 654 853356.0 2348.4225 0.0004679 0.0005422 
513000 1968 331.659 56982.0 46.494 17.552 656 855562.0 2308.0522 0.0004462 0.0003825 
514000 1971 328.58 57154.0 46.552 17.3969 657 857959.0 2289.947 0.0004333 0.0003694 
515000 1974 328.161 57310.0 46.667 17.383 658 860126.0 2265.6523 0.0004815 0.0004069 
516000 1977 329.998 57430.0 46.75 17.4645 659 861863.0 2243.787 0.0004299 0.0003339 
517000 1979 337.178 57573.0 47.86 17.8437 659 864441.0 2243.787 0.0004229 0.0004138 
518000 1982 336.351 57724.0 47.912 17.8163 660 866798.0 2285.1083 0.0004444 0.0004539 
519000 1985 335.615 57870.0 48.055 17.7584 661 868635.0 2292.2975 0.0004346 0.0004352 
520000 1988 336.081 58015.0 48.054 17.7817 662 871152.0 2246.7678 0.0004322 0.0004373 
521000 1992 330.837 58149.0 46.918 17.5194 664 873608.0 2291.6119 0.0005736 0.0004897 
522000 1995 330.253 58284.0 46.771 17.473 665 875535.0 2255.1507 0.0004318 0.0004074 
523000 1998 328.97 58439.0 46.721 17.4227 666 877942.0 2255.3356 0.0003915 0.0003249 
524000 2001 325.465 58626.0 46.661 17.223 667 880849.0 2245.5021 0.0004591 0.0004771 
525000 2004 322.69 58803.0 46.587 17.0877 668 883816.0 2275.6519 0.0003759 0.000536 
526000 2007 325.196 58925.0 46.693 17.2025 669 886143.0 2310.7867 0.0003824 0.0003963 
527000 2010 324.393 59083.0 46.694 17.178 670 888830.0 2329.408 0.0003844 0.0004887 
528000 2013 325.184 59220.0 46.738 17.2195 671 890837.0 2309.1672 0.0003425 0.0003875 
529000 2016 325.364 59369.0 46.815 17.2074 672 893384.0 2330.9505 0.0004113 0.0005857 
530000 2019 323.589 59536.0 46.801 17.1197 673 895751.0 2306.5554 0.0004612 0.0005155 
531000 2022 322.931 59687.0 46.853 17.0969 674 897958.0 2277.5999 0.000421 0.0005008 
532000 2025 319.38 59844.0 46.806 16.9008 675 900565.0 2266.5399 0.0004337 0.0005514 
533000 2028 321.757 59991.0 46.768 17.0369 676 903092.0 2256.5859 0.0004447 0.0005084 
534000 2032 328.088 60138.0 48.608 17.3522 677 905138.0 2280.6273 0.0004654 0.0004923 
535000 2036 321.743 60236.0 46.763 17.0197 678 906424.0 2251.2646 0.0003979 0.0004073 
536000 2039 323.025 60394.0 47.115 17.0842 679 908481.0 2158.8381 0.0004315 0.000483 
537000 2042 323.08 60528.0 46.973 17.0976 680 910298.0 2139.6543 0.0003856 0.0003042 
538000 2045 323.075 60673.0 46.993 17.0803 681 912415.0 2109.3889 0.0003937 0.0003176 
539000 2048 320.698 60811.0 46.777 16.9683 682 914462.0 2107.15 0.0004436 0.000426 
540000 2051 322.468 60954.0 46.726 17.0567 683 916819.0 2106.135 0.0005199 0.0004757 
541000 2054 323.488 61099.0 46.943 17.1121 684 919116.0 2126.2215 0.0004878 0.0006343 
542000 2057 324.111 61253.0 47.395 17.1538 685 921513.0 2149.2993 0.000428 0.0005149 
543000 2060 325.873 61388.0 47.243 17.2371 686 923440.0 2168.0694 0.0005546 0.0005 
544000 2062 332.431 61532.0 48.171 17.5935 687 925448.0 2144.9625 0.0004241 0.0004739 
545000 2065 333.029 61676.0 48.194 17.6274 688 927365.0 2132.1662 0.0003759 0.0005523 
546000 2067 333.648 61767.0 46.501 17.6531 689 928573.0 2114.6496 0.0003609 0.0004224 
547000 2070 334.814 61893.0 46.557 17.707 690 930800.0 2144.8846 0.0003566 0.0004547 
548000 2073 335.683 62021.0 46.574 17.7746 691 932607.0 2130.0962 0.0004179 0.0004234 
549000 2076 337.365 62133.0 46.564 17.8471 692 934054.0 2115.7866 0.0003494 0.0003639 
550000 2079 336.86 62279.0 46.613 17.832 693 936181.0 2115.9079 0.0003572 0.0002919 
551000 2082 337.082 62419.0 46.723 17.844 694 938058.0 2100.0171 0.0003814 0.0003741 
552000 2085 336.373 62571.0 46.866 17.8043 695 940635.0 2145.7154 0.0007823 0.000858 
553000 2088 332.415 62759.0 46.76 17.5827 696 943322.0 2125.8439 0.0004406 0.0004715 
554000 2091 331.238 62907.0 46.642 17.5356 697 945859.0 2151.9595 0.0004421 0.0004625 
555000 2094 335.849 62995.0 46.809 17.7911 698 947216.0 2163.4635 0.0004279 0.000367 
556000 2097 331.528 63185.0 46.651 17.5571 699 949973.0 2139.8172 0.0003839 0.0004821 
557000 2101 329.134 63322.0 46.637 17.4164 700 952099.0 2131.5355 0.0003133 0.0003564 
558000 2103 324.967 63495.0 46.028 17.2087 701 954227.0 2073.0819 0.0004085 0.0005032 
559000 2106 327.022 63636.0 46.128 17.306 702 956304.0 2067.4737 0.0004329 0.0006192 
560000 2110 331.753 63781.0 47.783 17.5443 703 958420.0 2047.4263 0.00042 0.0004394 
561000 2112 325.863 63917.0 45.93 17.2392 704 960338.0 2041.3837 0.0004034 0.0004042 
562000 2115 326.046 64070.0 46.117 17.256 705 962435.0 2043.9453 0.0003444 0.0003719 
563000 2120 325.628 64209.0 46.938 17.242 706 964410.0 2035.2508 0.000442 0.0004342 
564000 2121 321.696 64360.0 46.019 17.034 707 966379.0 2026.4257 0.0003983 0.0005437 
565000 2124 326.761 64491.0 46.155 17.287 708 968366.0 2019.4832 0.0003655 0.0004506 
566000 2127 327.427 64635.0 46.327 17.3249 709 970283.0 2035.2348 0.0003901 0.0003844 
567000 2131 332.267 64773.0 47.729 17.5986 710 972019.0 2022.4114 0.0003147 0.0003199 
568000 2133 329.549 64917.0 46.509 17.4532 711 974157.0 2026.8702 0.0003004 0.0002517 
569000 2136 328.796 65068.0 46.547 17.4012 712 976724.0 2024.8832 0.0002852 0.0002125 
570000 2139 329.395 65215.0 46.723 17.4285 713 979461.0 2149.0949 0.0002593 0.0002502 
571000 2142 329.249 65365.0 46.818 17.4274 714 981528.0 2138.8854 0.000345 0.0002777 
572000 2145 329.227 65511.0 46.873 17.4312 715 984055.0 2177.6969 0.0003331 0.0003297 
573000 2149 332.112 65666.0 48.572 17.57 716 986271.0 2155.6272 0.0003005 0.0002854 
574000 2152 334.1 65816.0 48.75 17.6885 717 988338.0 2140.7644 0.000384 0.0003603 
575000 2155 333.5 65954.0 48.598 17.6468 718 990475.0 2134.388 0.0003403 0.000348 
576000 2157 329.209 66094.0 47.065 17.4322 719 992533.0 2145.6492 0.0006287 0.0004087 
577000 2161 332.212 66244.0 48.444 17.5747 720 994709.0 2130.7843 0.0004202 0.0004619 
578000 2165 327.082 66392.0 47.813 17.325 721 996675.0 2127.4059 0.0003218 0.0004457 
579000 2169 320.901 66539.0 46.911 16.9697 723 998721.0 2097.0287 0.0003266 0.0003512 
580000 2172 320.723 66682.0 46.714 16.9818 724 1000778.0 2083.0259 0.0003692 0.0004388 
581000 2175 319.826 66839.0 46.623 16.9296 725 1003015.0 2079.4233 0.0004 0.0004941 
582000 2178 321.292 66967.0 46.583 17.0096 726 1004972.0 2079.181 0.0004256 0.0003376 
583000 2181 319.651 67132.0 46.403 16.9236 727 1007489.0 2066.9629 0.0004455 0.0003548 
584000 2184 324.0 67223.0 46.407 17.1763 728 1009016.0 2087.9666 0.0004556 0.0004599 
585000 2187 318.866 67398.0 45.671 16.8866 729 1011353.0 2012.8699 0.0004421 0.0005468 
586000 2192 312.218 67514.0 44.692 16.5343 730 1013368.0 2063.2829 0.0004456 0.0006498 
587000 2194 319.312 67666.0 45.841 16.9153 731 1015496.0 1962.6546 0.0005837 0.000742 
588000 2197 319.247 67822.0 46.195 16.8989 732 1017763.0 1974.0892 0.0004977 0.0006124 
589000 2200 318.924 67946.0 45.887 16.8958 733 1019440.0 1959.3803 0.0005292 0.0005267 
590000 2205 310.71 68033.0 43.454 16.4542 735 1020625.0 1845.728 0.0004203 0.0003577 
591000 2208 311.281 68174.0 43.608 16.4678 736 1022992.0 1897.8552 0.0004352 0.0004374 
592000 2211 311.177 68325.0 43.675 16.4762 737 1025169.0 1911.7697 0.0004383 0.0004964 
593000 2214 312.939 68461.0 43.913 16.5633 738 1027696.0 1983.2927 0.000456 0.000485 
594000 2217 312.605 68626.0 44.16 16.536 739 1030413.0 2038.6634 0.0003844 0.0003133 
595000 2220 314.425 68750.0 44.144 16.6333 740 1032990.0 2102.4971 0.0003749 0.0002756 
596000 2222 319.084 68882.0 45.102 16.8846 740 1035058.0 2102.4971 0.0004551 0.0004169 
597000 2225 323.175 69020.0 45.216 17.0979 741 1037195.0 2110.9474 0.0003861 0.0004208 
598000 2227 328.477 69169.0 46.181 17.3725 742 1040013.0 2122.5527 0.0003892 0.0003773 
599000 2231 323.42 69315.0 45.64 17.0943 743 1042819.0 2191.9974 0.0003375 0.0003864 
600000 2234 325.78 69468.0 46.044 17.2333 744 1046386.0 2244.4976 0.0003883 0.000454 
601000 2235 328.724 69663.0 46.643 17.3987 745 1049455.0 2519.7479 0.0003613 0.0003662 
602000 2238 330.272 69788.0 46.723 17.4695 746 1051872.0 2521.4731 0.0003636 0.0004232 
603000 2241 331.856 69925.0 46.812 17.5399 747 1054119.0 2503.0258 0.0003387 0.0003502 
604000 2244 337.337 70000.0 47.018 17.855 748 1055646.0 2540.4232 0.000425 0.0003404 
605000 2247 335.764 70169.0 47.157 17.7614 749 1058393.0 2543.0809 0.0003412 0.0003333 
606000 2249 338.434 70325.0 48.174 17.8969 749 1060331.0 2543.0809 0.0004523 0.000482 
607000 2250 349.766 70536.0 50.15 18.5 750 1064680.0 2812.4728 0.0003974 0.0002718 
608000 2253 350.86 70657.0 50.141 18.5673 751 1066907.0 2789.9255 0.0003259 0.0002556 
609000 2256 348.46 70825.0 50.135 18.4302 752 1069644.0 2769.633 0.0004398 0.0004586 
610000 2258 361.331 70980.0 52.829 19.1294 752 1072422.0 2769.633 0.0003702 0.0003141 
611000 2262 350.173 71145.0 51.474 18.5417 754 1074748.0 2802.8327 0.000323 0.0001876 
612000 2265 349.93 71275.0 51.233 18.5205 755 1077315.0 2794.2494 0.0003663 0.0003095 
613000 2268 344.35 71458.0 50.54 18.2223 756 1079972.0 2689.5245 0.0003621 0.000246 
614000 2271 342.175 71625.0 50.432 18.0963 757 1082739.0 2675.272 0.0004428 0.0003931 
615000 2274 339.032 71786.0 50.117 17.9361 758 1084956.0 2602.4448 0.0004252 0.0004645 
616000 2277 341.957 71898.0 50.109 18.1166 759 1087143.0 2609.9004 0.0003252 0.0003383 
617000 2280 342.375 72030.0 50.086 18.1289 760 1089280.0 2606.6103 0.0003718 0.0004392 
618000 2283 344.89 72140.0 50.06 18.2574 761 1091287.0 2592.6493 0.0003225 0.0003516 
619000 2285 350.075 72288.0 51.083 18.5205 761 1093325.0 2592.6493 0.0003242 0.0002661 
620000 2286 363.074 72460.0 53.121 19.2145 762 1095594.0 2750.0844 0.000393 0.0003464 
621000 2289 361.069 72608.0 52.821 19.1131 763 1098131.0 2727.7759 0.0003831 0.0004609 
622000 2292 355.507 72795.0 52.374 18.8057 764 1100948.0 2659.6983 0.0003489 0.0003967 
623000 2295 353.793 72948.0 52.182 18.725 765 1103155.0 2611.4285 0.0003312 0.0004587 
624000 2298 356.673 73040.0 52.036 18.8868 766 1104462.0 2568.9856 0.0003393 0.0003179 
625000 2301 356.821 73175.0 51.857 18.8754 767 1106289.0 2509.7871 0.0003913 0.000344 
626000 2303 360.104 73326.0 52.764 19.0444 767 1108357.0 2509.7871 0.00038 0.0004221 
627000 2304 357.462 73478.0 51.689 18.9097 768 1111006.0 2465.5084 0.0003396 0.0004431 
628000 2306 378.052 73630.0 55.482 19.9997 768 1113284.0 2465.5084 0.0003538 0.0003712 
629000 2307 378.611 73780.0 54.533 20.025 769 1115833.0 2713.6575 0.0003568 0.0004268 
630000 2310 375.737 73924.0 54.248 19.8824 770 1118030.0 2700.9918 0.0002736 0.000391 
631000 2313 375.194 74065.0 53.9 19.8289 771 1120497.0 2654.5926 0.0002962 0.0004168 
632000 2316 372.228 74218.0 53.653 19.6759 772 1123094.0 2646.8333 0.0002877 0.0004721 
633000 2319 372.433 74342.0 53.341 19.6893 773 1124721.0 2636.85 0.0003212 0.0002974 
634000 2322 370.591 74489.0 53.127 19.5875 774 1127398.0 2631.865 0.0003088 0.0003374 
635000 2326 368.049 74648.0 53.822 19.4591 775 1130964.0 2707.3785 0.0003227 0.0003463 
636000 2328 363.618 74779.0 52.42 19.2253 776 1133962.0 2691.3407 0.0003135 0.0002956 
637000 2331 363.449 74927.0 52.181 19.203 777 1136059.0 2703.9066 0.0002822 0.0002813 
638000 2334 363.446 75057.0 52.001 19.2157 778 1137796.0 2631.2159 0.0003316 0.0003669 
639000 2338 360.255 75205.0 52.293 19.0411 779 1140652.0 2622.7943 0.0005899 0.0004601 
640000 2340 359.308 75348.0 51.637 18.9852 780 1143200.0 2652.2149 0.0004414 0.0005323 
641000 2343 364.062 75420.0 51.46 19.2535 781 1144267.0 2600.6934 0.0003082 0.0002954 
642000 2344 370.681 75564.0 53.291 19.5892 781 1146756.0 2600.6934 0.0002768 0.0003304 
643000 2347 376.541 75703.0 53.15 19.8966 782 1148813.0 2599.3241 0.0003378 0.0003393 
644000 2350 373.697 75840.0 52.759 19.7587 783 1150660.0 2553.0917 0.0003123 0.0002958 
645000 2352 369.012 75964.0 50.924 19.5097 784 1152278.0 2489.4825 0.0002778 0.0002832 
646000 2355 369.702 76086.0 50.834 19.5497 785 1154085.0 2458.2342 0.0005106 0.0003506 
647000 2358 365.361 76255.0 50.633 19.3212 786 1156572.0 2433.1108 0.0002883 0.0002628 
648000 2361 363.315 76400.0 50.5 19.1912 787 1159399.0 2443.4997 0.0002763 0.0002334 
649000 2364 364.29 76507.0 50.266 19.2432 788 1160866.0 2416.8498 0.0002988 0.0003398 
650000 2367 364.666 76621.0 50.12 19.2734 789 1162153.0 2359.8648 0.0002884 0.0002841 
651000 2370 362.631 76768.0 50.001 19.1725 790 1164680.0 2376.5783 0.0002911 0.0002091 
652000 2372 370.871 76886.0 51.043 19.6092 790 1166868.0 2376.5783 0.0003026 0.0003032 
653000 2375 368.629 77030.0 50.865 19.4971 791 1169375.0 2397.6205 0.0003026 0.0003178 
654000 2377 372.696 77186.0 51.829 19.7055 792 1171983.0 2413.5584 0.0002982 0.000331 
655000 2380 371.594 77333.0 51.717 19.6438 793 1175010.0 2427.9026 0.0002474 0.0002287 
656000 2383 370.504 77479.0 51.729 19.583 794 1177537.0 2492.8123 0.0003203 0.0003318 
657000 2387 361.059 77623.0 50.535 19.0911 795 1179463.0 2501.2311 0.000284 0.0003424 
658000 2389 367.036 77778.0 51.629 19.4144 796 1182061.0 2444.808 0.0003823 0.0004716 
659000 2392 362.609 77920.0 51.392 19.1925 797 1184148.0 2454.0272 0.0003983 0.0004897 
660000 2396 355.775 78068.0 50.35 18.8188 798 1186594.0 2418.3245 0.0004761 0.0004157 
661000 2399 355.278 78222.0 50.408 18.8181 799 1189191.0 2419.192 0.0003125 0.000337 
662000 2401 357.617 78372.0 51.232 18.9276 800 1191739.0 2432.9728 0.0003693 0.0003975 
663000 2406 345.621 78485.0 48.646 18.2876 802 1193324.0 2358.238 0.000335 0.0003377 
664000 2408 348.259 78634.0 49.566 18.4411 802 1195582.0 2358.238 0.0003131 0.0003942 
665000 2412 343.045 78773.0 48.472 18.1426 804 1197418.0 2296.8028 0.0003753 0.0003643 
666000 2415 338.933 78954.0 48.26 17.9444 805 1199695.0 2246.8225 0.0003024 0.0003337 
667000 2418 340.375 79078.0 48.364 18.035 806 1201952.0 2280.8402 0.0002913 0.0002877 
668000 2421 341.683 79215.0 48.438 18.087 807 1204489.0 2321.4562 0.0002843 0.0002677 
669000 2422 352.529 79370.0 50.53 18.6678 807 1207068.0 2321.4562 0.0003346 0.0004065 
670000 2424 350.363 79506.0 48.928 18.5643 808 1208896.0 2367.0106 0.0003607 0.0002931 
671000 2427 351.567 79635.0 48.974 18.6053 809 1211123.0 2389.0095 0.0003111 0.0003733 
672000 2430 350.906 79776.0 48.978 18.5934 810 1213550.0 2405.8086 0.0003362 0.0002944 
673000 2431 358.128 79953.0 50.898 18.9577 810 1218169.0 2405.8086 0.0003552 0.0003217 
674000 2434 367.561 80111.0 53.039 19.4471 811 1220616.0 2759.9277 0.0003044 0.0002563 
675000 2436 361.235 80266.0 51.411 19.1336 812 1223614.0 2760.635 0.0003312 0.0004465 
676000 2439 361.144 80405.0 51.289 19.1182 813 1226061.0 2742.2715 0.0003263 0.0004278 
677000 2443 363.31 80548.0 52.614 19.2242 814 1228137.0 2726.7443 0.0003765 0.0004298 
678000 2445 361.033 80676.0 51.12 19.1106 815 1230555.0 2730.7699 0.0004087 0.0003693 
679000 2448 360.506 80800.0 50.825 19.0755 816 1232542.0 2692.3929 0.0004104 0.0003944 
680000 2451 364.595 80863.0 50.642 19.3174 817 1234699.0 2752.8536 0.0003718 0.0002626 
681000 2453 366.753 81014.0 51.48 19.4116 817 1236867.0 2752.8536 0.0003029 0.0003108 
682000 2457 357.414 81194.0 50.208 18.9223 819 1239763.0 2666.5414 0.0002932 0.0002976 
683000 2459 364.043 81316.0 51.242 19.268 819 1241991.0 2666.5414 0.0003155 0.0003179 
684000 2460 372.542 81537.0 53.158 19.7145 820 1245820.0 2939.5873 0.0003769 0.0004877 
685000 2463 373.715 81636.0 52.878 19.7985 821 1246957.0 2832.3285 0.0003838 0.0003877 
686000 2466 372.563 81765.0 52.629 19.7271 822 1248874.0 2763.7957 0.00039 0.0003883 
687000 2468 375.31 81931.0 53.546 19.8722 822 1251822.0 2763.7957 0.0004023 0.0003739 
688000 2469 382.183 82145.0 55.095 20.2202 823 1254731.0 2932.1161 0.0003818 0.0003742 
689000 2473 380.424 82238.0 54.626 20.1418 824 1255927.0 2834.6045 0.0003849 0.000442 
690000 2475 373.037 82418.0 53.404 19.7494 825 1258615.0 2699.8441 0.0003645 0.0003404 
691000 2478 370.835 82577.0 53.188 19.6311 826 1263632.0 2647.5597 0.0003693 0.0003608 
692000 2481 369.695 82715.0 53.021 19.5647 827 1265689.0 2879.5037 0.0003166 0.000309 
693000 2484 367.165 82865.0 52.786 19.4384 828 1267966.0 2848.2533 0.0003577 0.0003802 
694000 2487 363.408 83014.0 52.429 19.233 829 1271293.0 2754.128 0.0003571 0.0003933 
695000 2490 363.764 83150.0 52.214 19.2655 830 1273130.0 2802.4152 0.0003884 0.0003364 
696000 2493 360.878 83302.0 52.048 19.1053 831 1275617.0 2778.8737 0.0003184 0.0004583 
697000 2497 363.363 83457.0 53.444 19.262 832 1277643.0 2689.6863 0.0004025 0.0003909 
698000 2498 359.476 83613.0 52.595 19.0466 832 1281322.0 2689.6863 0.0003963 0.0004286 
699000 2502 365.102 83770.0 54.026 19.3536 834 1283958.0 2918.5759 0.0003939 0.0003687 
700000 2505 364.183 83910.0 53.77 19.3021 835 1286425.0 2885.4183 0.000312 0.0003026 
701000 2507 368.501 84037.0 54.137 19.5188 835 1289673.0 2885.4183 0.0003673 0.0003975 
702000 2509 372.715 84189.0 54.834 19.7558 836 1292161.0 2921.5765 0.0002758 0.0002817 
703000 2511 376.274 84318.0 54.479 19.9326 837 1293779.0 2988.1188 0.0002791 0.000221 
704000 2514 377.689 84423.0 54.214 19.9915 838 1295846.0 2948.007 0.0003598 0.0003619 
705000 2517 374.85 84574.0 53.928 19.8503 839 1298413.0 2909.9063 0.0003699 0.000458 
706000 2518 384.853 84725.0 55.849 20.3832 839 1300972.0 2909.9063 0.0003674 0.0004285 
707000 2520 388.031 84903.0 56.358 20.5432 840 1303930.0 3123.6156 0.0002993 0.000291 
708000 2522 390.601 85014.0 57.108 20.6767 840 1305458.0 3123.6156 0.000398 0.0004086 
709000 2523 400.849 85235.0 58.566 21.219 841 1309517.0 3291.9541 0.0003118 0.0003335 
710000 2525 401.991 85385.0 59.209 21.2851 841 1313055.0 3291.9541 0.0003941 0.0005371 
711000 2527 414.036 85568.0 62.173 21.9232 842 1317503.0 3634.4587 0.0003151 0.0003035 
712000 2529 407.483 85705.0 59.907 21.5787 843 1319931.0 3527.7128 0.0003138 0.0003596 
713000 2532 413.229 85806.0 60.779 21.8786 844 1321528.0 3565.6415 0.0003843 0.0003794 
714000 2535 402.5 85992.0 59.188 21.3241 845 1324045.0 3345.7774 0.0003509 0.0003345 
715000 2538 399.647 86124.0 58.63 21.157 846 1326382.0 3268.8996 0.000341 0.0003935 
716000 2541 393.935 86296.0 58.088 20.8447 847 1329199.0 3198.7097 0.0003537 0.0004428 
717000 2544 388.743 86460.0 57.497 20.5608 848 1331946.0 3132.5387 0.0004067 0.0003388 
718000 2545 397.108 86631.0 59.407 21.0223 848 1336455.0 3132.5387 0.0002937 0.0003042 
719000 2548 403.777 86796.0 61.354 21.3741 849 1338672.0 3460.9848 0.0002895 0.0003296 
720000 2550 397.691 86937.0 59.339 21.0536 850 1341140.0 3299.5863 0.000377 0.0003923 
721000 2553 404.37 86961.0 58.733 21.4031 851 1341407.0 3226.3277 0.0003597 0.0003112 
722000 2553 404.37 87144.0 58.733 21.4031 851 1344507.0 3226.3277 0.0003476 0.0003894 
723000 2556 413.899 87320.0 60.759 21.8875 852 1347474.0 3408.3949 0.0002983 0.0003392 
724000 2559 409.565 87453.0 59.875 21.6574 853 1349471.0 3273.2554 0.0003484 0.0003206 
725000 2562 406.902 87573.0 59.16 21.5243 854 1352668.0 3294.6299 0.0003497 0.0003859 
726000 2565 404.742 87685.0 58.489 21.3889 855 1354125.0 3167.8669 0.0002924 0.0003412 
727000 2565 404.742 87823.0 58.489 21.3889 855 1356535.0 3167.8669 0.0003089 0.0004165 
728000 2568 413.436 87916.0 57.968 21.8695 856 1357902.0 3108.7802 0.0003398 0.0004627 
729000 2571 412.921 88011.0 57.495 21.8272 857 1359529.0 3035.6022 0.0003711 0.0004335 
730000 2574 410.761 88128.0 56.972 21.7075 858 1361516.0 2984.742 0.0003652 0.0003318 
731000 2577 404.272 88302.0 56.521 21.3569 859 1364323.0 2943.9678 0.0004504 0.0004296 
732000 2580 400.706 88444.0 56.14 21.1615 860 1366800.0 2908.271 0.0002984 0.0003386 
733000 2581 409.912 88627.0 58.077 21.6549 860 1369909.0 2908.271 0.0002915 0.0002889 
734000 2583 406.852 88832.0 58.181 21.4842 861 1373637.0 3084.1439 0.0002564 0.0003218 
735000 2584 423.775 89002.0 61.917 22.376 861 1376756.0 3084.1439 0.0003173 0.0004066 
736000 2586 421.533 89143.0 60.74 22.2614 862 1379214.0 3333.4295 0.0008017 0.0063261 
737000 2590 419.978 89301.0 61.695 22.1602 863 1381870.0 3252.7866 0.0004644 0.0002969 
738000 2592 421.794 89458.0 62.269 22.2775 864 1386598.0 3644.2079 0.0003553 0.0003242 
739000 2595 416.579 89590.0 61.241 21.9788 865 1388365.0 3460.4871 0.0004005 0.0004052 
740000 2598 411.815 89740.0 60.567 21.7262 866 1390532.0 3333.1384 0.000454 0.0003246 
741000 2600 413.721 89893.0 61.129 21.8488 866 1393110.0 3333.1384 0.0002807 0.0002763 
742000 2603 407.432 90061.0 60.454 21.5092 867 1395847.0 3257.5246 0.0002965 0.000319 
743000 2604 415.183 90289.0 62.325 21.9113 868 1400156.0 3509.4721 0.0003627 0.000321 
744000 2607 409.994 90441.0 61.579 21.6378 869 1402743.0 3417.2249 0.0003029 0.0003585 
745000 2612 393.665 90572.0 59.193 20.7586 870 1404698.0 3251.2024 0.0004217 0.0003695 
746000 2613 397.972 90747.0 59.649 20.9879 871 1407187.0 3125.7822 0.0003313 0.0002795 
747000 2616 395.579 90879.0 59.081 20.8528 872 1409284.0 3071.9039 0.0002896 0.0002952 
748000 2619 391.746 91029.0 58.528 20.659 873 1412531.0 3023.4136 0.0002679 0.0003381 
749000 2622 386.772 91188.0 57.88 20.4188 874 1415478.0 3001.7722 0.0003203 0.0004238 
750000 2624 388.729 91342.0 58.594 20.497 874 1418126.0 3001.7722 0.0003076 0.000382 
751000 2625 402.214 91501.0 60.382 21.2242 875 1421185.0 3260.295 0.0002656 0.0002876 
752000 2628 399.456 91642.0 59.758 21.0726 876 1423072.0 3192.9655 0.0002667 0.0002867 
753000 2631 396.99 91777.0 59.129 20.9598 877 1425399.0 3130.3689 0.0002549 0.0002837 
754000 2634 396.278 91889.0 58.593 20.9194 878 1427486.0 3076.032 0.0003009 0.0001789 
755000 2637 390.595 92054.0 57.818 20.6201 879 1430993.0 3087.1288 0.0003753 0.0003467 
756000 2640 384.438 92214.0 57.058 20.3047 880 1433200.0 2963.116 0.0003126 0.00039 
757000 2641 404.909 92396.0 61.677 21.3873 880 1436319.0 2963.116 0.000305 0.0002364 
758000 2643 397.09 92555.0 59.63 20.968 881 1439007.0 3155.5044 0.0003438 0.0003824 
759000 2645 411.475 92710.0 63.129 21.7368 881 1441495.0 3155.5044 0.0003066 0.0003917 
760000 2647 412.85 92858.0 63.547 21.8084 882 1443433.0 3343.6539 0.0003011 0.0003256 
761000 2652 397.91 93004.0 60.414 21.0138 884 1445978.0 3137.3897 0.0003199 0.0003978 
762000 2654 400.5 93157.0 61.023 21.1422 884 1448566.0 3137.3897 0.0003462 0.0003855 
763000 2657 397.798 93308.0 60.395 20.9936 885 1451143.0 3082.3507 0.0003165 0.0002905 
764000 2660 392.529 93454.0 59.71 20.7393 886 1453080.0 3031.8156 0.0003484 0.0002787 
765000 2664 381.056 93585.0 57.42 20.118 888 1454836.0 2796.8007 0.000304 0.0003113 
766000 2665 388.915 93751.0 59.271 20.5374 888 1456945.0 2796.8007 0.0003184 0.0004497 
767000 2668 386.278 93914.0 58.979 20.4004 889 1459252.0 2756.8206 0.0003518 0.0003602 
768000 2672 378.666 94058.0 57.598 19.9956 890 1461268.0 2692.8385 0.0003728 0.0004109 
769000 2676 370.375 94198.0 55.967 19.5764 892 1463634.0 2598.4292 0.0003584 0.0003378 
770000 2678 373.487 94367.0 56.731 19.7353 892 1465692.0 2598.4292 0.0002819 0.0003413 
771000 2679 381.318 94582.0 58.516 20.1474 893 1469451.0 2806.2863 0.000291 0.0002984 
772000 2682 380.135 94711.0 58.013 20.0965 894 1471798.0 2784.3577 0.0002865 0.0002895 
773000 2685 378.407 94869.0 57.983 20.0008 895 1474195.0 2786.6219 0.0004285 0.0006393 
774000 2688 376.988 94994.0 57.382 19.9151 896 1476212.0 2734.6597 0.0003463 0.0003552 
775000 2691 374.101 95145.0 56.871 19.7723 897 1478779.0 2715.8937 0.0003323 0.0002343 
776000 2694 369.251 95318.0 56.259 19.5227 898 1481416.0 2653.0044 0.0002795 0.0002719 
777000 2696 374.178 95417.0 57.01 19.7947 898 1483304.0 2653.0044 0.0003472 0.0003656 
778000 2697 386.535 95621.0 58.79 20.431 899 1486363.0 2873.4039 0.000238 0.0002008 
779000 2700 384.723 95752.0 58.238 20.3565 900 1488500.0 2843.7635 0.0002826 0.0003351 
780000 2701 392.388 95895.0 60.053 20.762 900 1490449.0 2843.7635 0.0003518 0.0003803 
781000 2703 398.744 96083.0 60.677 21.1108 901 1493757.0 3032.0872 0.0004055 0.000509 
782000 2706 398.797 96180.0 60.072 21.0976 902 1495594.0 2997.5785 0.0003211 0.0002365 
783000 2708 399.888 96320.0 60.613 21.1635 902 1498052.0 2997.5785 0.0003892 0.0003939 
784000 2709 408.87 96545.0 62.141 21.6265 903 1502111.0 3238.5206 0.0003581 0.0002472 
785000 2712 409.086 96629.0 61.37 21.6481 904 1503298.0 3131.3686 0.0003146 0.0003806 
786000 2715 407.343 96752.0 60.643 21.5513 905 1505585.0 3073.9317 0.0003035 0.0004978 
787000 2716 414.996 96938.0 62.47 21.9507 905 1508494.0 3073.9317 0.0002681 0.0003103 
788000 2718 416.357 97111.0 62.708 22.016 906 1511212.0 3233.2385 0.0002638 0.0002634 
789000 2721 411.612 97254.0 61.851 21.7692 907 1513309.0 3122.6147 0.0002789 0.0002741 
790000 2723 414.213 97413.0 62.421 21.9201 907 1515937.0 3122.6147 0.00026 0.0003559 
791000 2724 417.249 97600.0 63.293 22.0728 908 1520066.0 3325.0532 0.0004326 0.0011676 
792000 2727 420.156 97711.0 63.09 22.2269 909 1521483.0 3280.2479 0.0003597 0.0003062 
793000 2731 411.624 97823.0 61.545 21.7802 910 1523399.0 3210.9231 0.0003151 0.0003409 
794000 2733 412.657 97964.0 61.297 21.8406 911 1526347.0 3155.5308 0.0003432 0.0002612 
795000 2736 408.506 98105.0 60.593 21.6193 912 1528334.0 3068.6777 0.0003709 0.0002891 
796000 2739 404.979 98239.0 59.932 21.4236 913 1530701.0 3019.5099 0.0003027 0.0002302 
797000 2742 399.246 98409.0 59.328 21.135 914 1533498.0 2975.2589 0.0002718 0.0002616 
798000 2744 401.595 98566.0 59.958 21.25 914 1536306.0 2975.2589 0.0002746 0.00024 
799000 2745 407.983 98776.0 61.379 21.5682 915 1539755.0 3178.4331 0.0003009 0.0003306 
800000 2748 414.106 98943.0 63.411 21.8912 916 1542952.0 3346.2897 0.0003188 0.0002593 
801000 2751 407.783 99096.0 62.494 21.5738 917 1545549.0 3264.3608 0.0003094 0.0002955 
802000 2751 407.783 99307.0 62.494 21.5738 917 1548579.0 3264.3608 0.0003515 0.0004394 
803000 2754 418.195 99438.0 64.23 22.1257 918 1551236.0 3417.6247 0.0003087 0.000364 
804000 2757 408.157 99619.0 62.873 21.5668 919 1553693.0 3249.5622 0.0003171 0.0003396 
805000 2760 408.399 99713.0 62.022 21.5862 920 1555530.0 3179.306 0.0002838 0.000234 
806000 2762 410.678 99872.0 62.565 21.6985 920 1558348.0 3179.306 0.0003023 0.0003773 
807000 2763 416.965 100075.0 64.073 22.0444 921 1562067.0 3369.0754 0.0003784 0.0003685 
808000 2766 419.481 100200.0 64.405 22.1805 922 1563814.0 3371.8679 0.0003134 0.0002634 
809000 2769 413.109 100360.0 63.426 21.8347 923 1566031.0 3238.3811 0.0003224 0.0003418 
810000 2769 413.109 100556.0 63.426 21.8347 923 1569151.0 3238.3811 0.0002886 0.0002647 
811000 2772 424.77 100704.0 65.605 22.4634 924 1571588.0 3429.243 0.0003502 0.000294 
812000 2774 425.131 100863.0 65.988 22.4872 924 1574996.0 3429.243 0.0004302 0.0006049 
813000 2775 430.968 101037.0 67.248 22.7763 925 1577975.0 3601.0187 0.0003382 0.0003682 
814000 2778 437.923 101213.0 68.987 23.1364 926 1580342.0 3697.6168 0.0003901 0.0004219 
815000 2778 437.923 101420.0 68.987 23.1364 926 1584172.0 3697.6168 0.0003343 0.0003902 
816000 2781 443.976 101584.0 70.645 23.4659 927 1586859.0 3873.5551 0.0002663 0.0003181 
817000 2784 433.673 101764.0 69.161 22.9421 928 1590006.0 3692.8996 0.0003144 0.0003741 
818000 2787 441.642 101916.0 71.0 23.3594 929 1592683.0 3846.3097 0.0003104 0.0003452 
819000 2788 446.609 102070.0 72.1 23.6382 929 1595172.0 3846.3097 0.0004421 0.0006733 
820000 2790 451.973 102246.0 72.815 23.9136 930 1597870.0 3958.3787 0.000325 0.0002284 
821000 2792 450.301 102412.0 72.816 23.8125 930 1600188.0 3958.3787 0.000325 0.0003641 
822000 2794 452.523 102559.0 73.193 23.9312 931 1602036.0 3828.2408 0.0003369 0.0003225 
823000 2796 448.543 102697.0 70.885 23.7329 932 1604304.0 3649.1167 0.0002772 0.0003021 
824000 2799 442.879 102832.0 69.658 23.4224 933 1606521.0 3542.9051 0.0002587 0.000296 
825000 2800 449.082 103009.0 71.185 23.7533 933 1610000.0 3542.9051 0.0002676 0.0002912 
826000 2803 455.681 103179.0 73.052 24.1044 934 1612367.0 3716.3146 0.0002814 0.0002735 
827000 2808 432.647 103321.0 68.88 22.8753 936 1614282.0 3395.7448 0.000298 0.0002233 
828000 2810 433.605 103472.0 69.114 22.9442 936 1616450.0 3395.7448 0.0003254 0.00045 
829000 2812 432.855 103642.0 69.158 22.888 937 1619508.0 3272.8703 0.0003294 0.0003414 
830000 2815 428.965 103823.0 68.63 22.6828 938 1622125.0 3455.2833 0.0003501 0.0003833 
831000 2818 426.196 103994.0 68.527 22.5346 939 1624502.0 3247.455 0.0003551 0.0003827 
832000 2820 418.902 104139.0 66.429 22.1268 940 1626830.0 3136.4095 0.0003397 0.0003381 
833000 2824 415.377 104276.0 66.048 21.9454 941 1628956.0 3188.4685 0.0003597 0.0004788 
834000 2827 410.619 104438.0 65.377 21.7026 942 1632243.0 2994.3217 0.000427 0.0004144 
835000 2830 403.237 104596.0 64.471 21.3257 943 1634880.0 2925.5895 0.0003054 0.0003622 
836000 2832 404.498 104809.0 65.001 21.3715 944 1638418.0 3153.7305 0.0003171 0.0003391 
837000 2835 396.884 104993.0 63.926 20.9825 945 1643765.0 3324.0575 0.0003113 0.0004215 
838000 2838 389.678 105159.0 62.895 20.613 946 1647942.0 3318.3517 0.0003082 0.0003175 
839000 2841 386.106 105310.0 62.1 20.4007 947 1651289.0 3242.2166 0.000318 0.0003193 
840000 2844 386.236 105435.0 61.317 20.4031 948 1652916.0 3250.6949 0.0003209 0.0003976 
841000 2847 383.339 105569.0 60.617 20.2503 949 1654683.0 3123.3254 0.0003659 0.0004034 
842000 2851 378.106 105686.0 59.309 19.9779 950 1657169.0 3049.6929 0.0003398 0.0003709 
843000 2853 376.717 105853.0 58.706 19.9194 951 1659337.0 2950.4236 0.0003233 0.0004143 
844000 2856 378.584 105945.0 58.2 20.0052 952 1661784.0 2992.0812 0.0003161 0.0003367 
845000 2859 376.364 106085.0 57.615 19.916 953 1664241.0 2945.5731 0.0003443 0.0003626 
846000 2862 373.513 106236.0 57.14 19.7442 954 1667688.0 2976.7158 0.0003076 0.0003114 
847000 2864 374.553 106425.0 57.844 19.8196 954 1670266.0 2976.7158 0.0003141 0.0003797 
848000 2867 378.978 106596.0 59.271 20.0291 955 1674253.0 3085.7442 0.000381 0.0003312 
849000 2870 377.069 106751.0 58.843 19.9271 956 1679240.0 3093.8698 0.0003547 0.0004255 
850000 2873 372.805 106899.0 58.206 19.7011 957 1682557.0 3281.1828 0.0003046 0.0003118 
851000 2877 361.646 107069.0 56.451 19.1305 959 1684963.0 3160.8881 0.0002583 0.0002713 
852000 2880 356.486 107260.0 55.882 18.8422 960 1688150.0 3092.4993 0.0003229 0.0002653 
853000 2882 365.383 107335.0 56.677 19.3069 960 1689668.0 3092.4993 0.0002599 0.0002343 
854000 2885 365.952 107480.0 56.188 19.3363 961 1692175.0 3039.9493 0.0003023 0.0003014 
855000 2889 353.608 107653.0 54.381 18.7007 963 1694611.0 2887.689 0.0003596 0.0004241 
856000 2892 355.245 107769.0 54.189 18.7833 964 1697058.0 2887.6201 0.0003502 0.000396 
857000 2894 360.326 107916.0 54.847 19.0274 964 1700476.0 2887.6201 0.0003636 0.0004282 
858000 2895 364.42 108028.0 53.85 19.2577 965 1702105.0 2942.5581 0.0003043 0.0003693 
859000 2898 364.367 108166.0 53.561 19.2424 966 1704142.0 2882.0023 0.0003001 0.000428 
860000 2901 361.167 108323.0 53.294 19.0903 967 1706419.0 2829.502 0.000341 0.0004556 
861000 2904 360.201 108463.0 52.946 19.0337 968 1708436.0 2738.2518 0.0002842 0.0003691 
862000 2907 359.501 108602.0 52.757 18.99 969 1711663.0 2800.1266 0.00036 0.0003383 
863000 2910 362.715 108686.0 52.632 19.1672 970 1714120.0 2867.814 0.0002927 0.0003175 
864000 2912 368.41 108822.0 53.575 19.4742 970 1717308.0 2867.814 0.0002974 0.0003459 
865000 2913 369.942 108963.0 52.484 19.5393 971 1720537.0 2917.7326 0.0003359 0.0003371 
866000 2917 370.813 109100.0 53.815 19.5883 972 1723063.0 2961.6593 0.0003607 0.0003953 
867000 2921 364.012 109247.0 52.521 19.2353 973 1725399.0 2907.1934 0.0003312 0.0003355 
868000 2925 354.568 109393.0 51.246 18.7455 975 1728495.0 2872.7566 0.0002959 0.0002995 
869000 2928 351.305 109559.0 51.079 18.5719 976 1731992.0 2917.181 0.0003762 0.0004244 
870000 2930 354.705 109694.0 51.996 18.7532 976 1734390.0 2917.181 0.0002962 0.0003426 
871000 2933 355.108 109828.0 51.576 18.7616 977 1736267.0 2883.1629 0.0003166 0.0003623 
872000 2935 360.028 109991.0 52.428 19.0065 978 1739955.0 2817.5466 0.0003107 0.0003998 
873000 2937 366.267 110131.0 52.979 19.3538 979 1741733.0 3016.4919 0.000341 0.0003581 
874000 2940 363.654 110286.0 52.692 19.1973 980 1745220.0 3055.5427 0.0004667 0.0004946 
875000 2943 363.307 110397.0 52.227 19.1966 981 1748137.0 3071.6885 0.0003811 0.000371 
876000 2944 366.561 110542.0 53.563 19.3656 981 1750716.0 3071.6885 0.0003629 0.0004746 
877000 2947 375.648 110659.0 53.426 19.8363 982 1752933.0 3031.2196 0.0002735 0.0003146 
878000 2950 366.403 110807.0 52.583 19.3435 983 1755270.0 2953.7977 0.0003434 0.0003447 
879000 2952 362.561 110961.0 51.188 19.1335 984 1758828.0 2892.1179 0.0003574 0.0004339 
880000 2954 368.202 111065.0 52.12 19.4332 984 1760006.0 2892.1179 0.0003756 0.0004139 
881000 2956 383.894 111225.0 54.603 20.2623 985 1762464.0 3104.6061 0.0003244 0.0003102 
882000 2958 384.034 111349.0 53.421 20.2676 986 1764742.0 3086.8455 0.0003096 0.0002274 
883000 2961 382.827 111474.0 53.201 20.2174 987 1766459.0 3004.8609 0.0003231 0.0002321 
884000 2964 377.812 111645.0 52.863 19.9476 988 1769256.0 2935.0749 0.0003122 0.000308 
885000 2967 374.51 111801.0 52.682 19.7804 989 1772843.0 2977.2674 0.0002983 0.0003362 
886000 2970 368.551 111975.0 52.351 19.4473 990 1777700.0 3007.2406 0.0003967 0.0006491 
887000 2973 367.695 112120.0 52.255 19.4147 991 1782677.0 3055.2166 0.0003481 0.0003954 
888000 2976 369.34 112223.0 52.066 19.488 992 1783944.0 3243.3949 0.0003172 0.0003721 
889000 2979 366.792 112387.0 51.915 19.3633 993 1786151.0 3116.7554 0.0003085 0.0003723 
890000 2982 361.669 112561.0 51.712 19.0784 994 1789578.0 3136.7799 0.000317 0.000386 
891000 2984 374.654 112581.0 52.486 19.7683 994 1789886.0 3136.7799 0.0003311 0.0003486 
892000 2986 373.548 112727.0 52.548 19.73 995 1792084.0 2993.8019 0.0003435 0.0003826 
893000 2989 380.58 112881.0 53.285 20.0875 996 1797051.0 2919.1217 0.0003147 0.0004112 
894000 2993 369.181 113024.0 51.956 19.4845 997 1798867.0 3118.9095 0.0003141 0.0003174 
895000 2994 363.697 113213.0 50.897 19.2031 998 1801626.0 2988.7186 0.0003214 0.0003336 
896000 2997 376.92 113365.0 53.754 19.9074 999 1804483.0 3209.5467 0.000349 0.0003986 
897000 3000 376.927 113480.0 53.532 19.9069 1000 1807320.0 3214.292 0.0003627 0.000321 
898000 3002 379.926 113634.0 54.435 20.0693 1000 1812278.0 3214.292 0.0004569 0.0003744 
899000 3003 378.408 113781.0 53.367 19.9788 1001 1815077.0 3390.5628 0.0003459 0.0004 
900000 3006 381.589 113903.0 53.11 20.1651 1002 1816954.0 3336.2066 0.0003159 0.0003558 
901000 3008 387.159 114043.0 54.086 20.4565 1002 1820332.0 3336.2066 0.0002882 0.0002811 
902000 3012 379.12 114193.0 53.278 20.0342 1004 1823788.0 3397.5573 0.0002901 0.0001897 
903000 3015 379.725 114350.0 54.163 20.0609 1005 1828595.0 3612.5016 0.0003522 0.0003127 
904000 3018 377.261 114494.0 53.918 19.9306 1006 1833422.0 3746.9514 0.0003039 0.0003258 
905000 3021 375.331 114637.0 53.726 19.8257 1007 1836689.0 3710.9563 0.0003074 0.0003574 
906000 3023 378.185 114793.0 54.641 19.9795 1007 1840077.0 3710.9563 0.0002597 0.0002903 
907000 3023 378.185 114951.0 54.641 19.9795 1007 1842777.0 3710.9563 0.0002909 0.0002933 
908000 3026 395.407 115103.0 57.407 20.8911 1008 1846144.0 3948.5607 0.000336 0.0003227 
909000 3027 403.599 115313.0 59.059 21.3487 1009 1849653.0 4141.4046 0.0002889 0.0003199 
910000 3030 399.682 115459.0 58.543 21.147 1010 1852250.0 3994.9641 0.0002364 0.0001897 
911000 3033 390.137 115634.0 57.213 20.623 1011 1856587.0 3810.1677 0.0002543 0.0002388 
912000 3036 397.179 115748.0 58.607 20.9929 1012 1858114.0 3892.8509 0.0002956 0.0002491 
913000 3038 399.276 115904.0 59.266 21.1024 1012 1863092.0 3892.8509 0.0002603 0.0003431 
914000 3040 401.328 116057.0 59.918 21.2091 1013 1868140.0 4001.2658 0.0002786 0.0002285 
915000 3042 400.999 116165.0 57.723 21.1854 1014 1869588.0 4109.8393 0.0002555 0.0002531 
916000 3044 402.89 116325.0 58.496 21.312 1014 1874806.0 4109.8393 0.000242 0.0002515 
917000 3045 412.692 116515.0 60.446 21.8263 1015 1880495.0 4446.5553 0.0002564 0.000284 
918000 3047 426.557 116657.0 63.493 22.5356 1015 1882283.0 4446.5553 0.0003483 0.0003035 
919000 3049 430.791 116816.0 64.29 22.7828 1016 1887381.0 4675.5998 0.0003184 0.0002464 
920000 3051 424.897 116931.0 61.979 22.4631 1017 1888959.0 4716.7398 0.0003179 0.0003227 
921000 3054 416.474 117065.0 60.448 22.0258 1018 1892136.0 4398.7658 0.0002692 0.0002465 
922000 3057 411.905 117219.0 59.75 21.786 1019 1897103.0 4290.5893 0.0002879 0.0003448 
923000 3060 408.771 117358.0 59.237 21.6065 1020 1899540.0 4360.2303 0.000241 0.0003226 
924000 3063 404.761 117500.0 58.624 21.3957 1021 1903907.0 4415.9073 0.000241 0.0002662 
925000 3064 411.526 117684.0 60.491 21.7586 1021 1910536.0 4415.9073 0.0002679 0.0002614 
926000 3067 420.288 117853.0 63.014 22.2216 1022 1915653.0 4819.0166 0.0002577 0.0003329 
927000 3068 428.103 118023.0 64.774 22.6569 1022 1920452.0 4819.0166 0.0002765 0.0005186 
928000 3070 434.733 118188.0 65.895 23.005 1023 1925560.0 5329.8149 0.0002858 0.0002781 
929000 3073 427.837 118328.0 64.617 22.633 1024 1928797.0 5294.5334 0.0002339 0.0002069 
930000 3075 422.414 118462.0 62.53 22.3602 1025 1931975.0 5098.7801 0.0002391 0.0002445 
931000 3079 415.996 118565.0 61.866 22.0274 1026 1933081.0 4924.6021 0.0003537 0.0003945 
932000 3084 390.7 118713.0 57.242 20.6875 1028 1935396.0 4150.3577 0.0003409 0.0003538 
933000 3086 390.882 118775.0 57.583 20.6915 1028 1936114.0 4150.3577 0.0003659 0.0003564 
934000 3090 386.206 118931.0 55.252 20.4353 1030 1938210.0 3698.8197 0.0003641 0.0004408 
935000 3093 384.96 119051.0 54.843 20.3801 1031 1941217.0 3655.6377 0.0003608 0.0003496 
936000 3097 377.238 119189.0 53.94 19.9727 1032 1943733.0 3525.774 0.0003191 0.0003816 
937000 3099 368.784 119361.0 52.732 19.5092 1033 1946511.0 3276.8966 0.000349 0.0004183 
938000 3103 367.377 119484.0 52.338 19.4323 1034 1948047.0 3196.9069 0.0003679 0.0003385 
939000 3105 369.59 119620.0 52.052 19.5582 1035 1950685.0 3095.9162 0.0003711 0.0004452 
940000 3108 366.819 119772.0 51.817 19.4249 1036 1954632.0 3158.0246 0.0003075 0.0003409 
941000 3111 359.874 119917.0 51.101 19.0575 1037 1956989.0 3072.9221 0.0003337 0.000363 
942000 3114 362.71 120040.0 50.87 19.1915 1038 1959046.0 2991.3299 0.0003324 0.0003072 
943000 3117 363.343 120162.0 50.787 19.2338 1039 1962453.0 3074.8969 0.0003238 0.0003421 
944000 3120 362.894 120288.0 50.599 19.1899 1040 1964370.0 3017.1072 0.0003113 0.0002857 
945000 3123 363.587 120407.0 50.566 19.2279 1041 1966377.0 2972.0965 0.000319 0.0003949 
946000 3126 357.659 120596.0 50.192 18.9098 1042 1969664.0 2887.5869 0.0003212 0.000316 
947000 3129 352.009 120760.0 49.808 18.6358 1043 1972151.0 2808.5282 0.0003081 0.0003619 
948000 3133 350.975 120900.0 49.992 18.5608 1044 1974287.0 2735.3754 0.0002975 0.0003266 
949000 3135 351.572 121020.0 49.287 18.5986 1045 1975905.0 2678.5378 0.000314 0.000346 
950000 3137 362.73 121074.0 50.062 19.1886 1045 1976783.0 2678.5378 0.0002965 0.0003267 
951000 3140 363.187 121203.0 49.745 19.2191 1046 1979130.0 2636.384 0.000271 0.0002857 
952000 3143 360.284 121343.0 49.633 19.0571 1047 1981307.0 2607.4456 0.0003082 0.0003428 
953000 3146 360.323 121496.0 49.81 19.0468 1048 1986264.0 2564.4011 0.0002987 0.0003289 
954000 3148 365.268 121650.0 50.837 19.3182 1049 1989252.0 2804.661 0.0003423 0.0004218 
955000 3150 370.585 121806.0 51.802 19.6002 1050 1992330.0 3117.8949 0.0002919 0.0002866 
956000 3151 379.253 121951.0 53.786 20.052 1050 1997189.0 3117.8949 0.0002577 0.0002645 
957000 3153 379.722 122067.0 51.754 20.0691 1051 1998997.0 3304.8054 0.0002775 0.0003137 
958000 3156 376.763 122219.0 51.616 19.9163 1052 2002354.0 3309.0248 0.0002691 0.0003214 
959000 3159 370.689 122377.0 51.119 19.5865 1053 2006161.0 3214.8224 0.0002395 0.0003134 
960000 3162 371.996 122528.0 51.653 19.6743 1054 2007858.0 3260.0401 0.0002582 0.0002615 
961000 3165 371.599 122661.0 51.535 19.6258 1055 2009805.0 3132.7361 0.0002667 0.0003428 
962000 3168 367.517 122821.0 51.315 19.4096 1056 2012302.0 3070.1625 0.0003528 0.0003593 
963000 3171 370.285 122915.0 51.239 19.5667 1057 2014779.0 3081.8463 0.0002884 0.0002884 
964000 3174 371.354 123023.0 51.224 19.6174 1058 2019246.0 3272.3616 0.0004022 0.0003569 
965000 3176 374.955 123178.0 52.195 19.8305 1058 2024214.0 3272.3616 0.0002471 0.0002255 
966000 3178 379.896 123337.0 53.268 20.0713 1059 2029312.0 3441.8255 0.0002484 0.0002448 
967000 3180 382.773 123530.0 54.165 20.2539 1060 2032040.0 3832.3429 0.0002625 0.000269 
968000 3181 392.257 123703.0 56.142 20.7373 1060 2034639.0 3832.3429 0.0002572 0.0002888 
969000 3183 392.311 123901.0 56.565 20.7332 1061 2038117.0 3914.8086 0.0002458 0.0002956 
970000 3186 388.254 124032.0 56.076 20.5307 1062 2039804.0 3736.0278 0.00028 0.000284 
971000 3189 384.6 124194.0 55.52 20.3453 1063 2042471.0 3542.125 0.0002886 0.0003135 
972000 3192 380.953 124340.0 55.159 20.1392 1064 2044558.0 3443.6125 0.0003407 0.0003716 
973000 3195 381.424 124473.0 54.866 20.1871 1065 2046495.0 3337.9512 0.0003052 0.0003173 
974000 3198 382.202 124576.0 54.662 20.2177 1066 2050772.0 3512.8561 0.0002341 0.0002793 
975000 3200 385.437 124713.0 55.535 20.3838 1066 2055720.0 3512.8561 0.0003318 0.0004177 
976000 3201 394.629 124928.0 57.325 20.8838 1067 2060159.0 3997.2705 0.0003639 0.000407 
977000 3204 391.537 125057.0 56.47 20.7149 1068 2063056.0 3917.2435 0.0002755 0.000282 
978000 3207 388.378 125190.0 56.013 20.5404 1069 2066513.0 3858.2191 0.0003069 0.0003534 
979000 3210 381.149 125351.0 54.918 20.1516 1070 2071640.0 3658.0972 0.0003146 0.0002501 
980000 3211 389.806 125506.0 56.919 20.6306 1070 2073939.0 3658.0972 0.0003265 0.0003295 
981000 3213 397.543 125662.0 57.727 21.0362 1071 2078927.0 4019.9875 0.0002833 0.0003308 
982000 3216 393.98 125816.0 57.292 20.8511 1072 2083894.0 4115.6887 0.0002492 0.0002715 
983000 3219 389.157 125975.0 56.808 20.5897 1073 2088911.0 4196.8199 0.0002628 0.0003322 
984000 3222 388.338 126103.0 56.465 20.5472 1074 2090848.0 4275.8379 0.0002746 0.0002461 
985000 3225 386.095 126247.0 56.143 20.421 1075 2095485.0 4346.9541 0.0002929 0.0002967 
986000 3228 387.48 126334.0 55.674 20.5081 1076 2096612.0 4120.9587 0.0002628 0.0002483 
987000 3231 387.465 126440.0 55.242 20.5061 1077 2098339.0 3927.5628 0.0003618 0.0003661 
988000 3233 390.176 126597.0 56.076 20.6491 1077 2103327.0 3927.5628 0.0004195 0.0003943 
989000 3235 395.505 126748.0 56.875 20.9606 1078 2108255.0 4033.5065 0.000286 0.0002638 
990000 3237 398.911 126907.0 57.599 21.1326 1079 2112963.0 4580.8559 0.0002716 0.0002014 
991000 3240 396.596 127046.0 57.139 21.0249 1080 2115310.0 4370.4703 0.0002924 0.000254 
992000 3243 391.255 127197.0 56.527 20.7278 1081 2117447.0 4139.1233 0.0002682 0.0002574 
993000 3244 400.25 127379.0 58.496 21.1874 1081 2121226.0 4139.1233 0.0003013 0.0002736 
994000 3246 399.082 127585.0 58.675 21.1276 1082 2124444.0 4255.9109 0.0002957 0.00027 
995000 3248 401.28 127754.0 59.411 21.2429 1082 2129462.0 4255.9109 0.0002523 0.0002978 
996000 3250 416.595 127933.0 63.117 22.0647 1083 2134860.0 4556.0198 0.0002151 0.0002744 
997000 3251 410.963 128097.0 61.934 21.7657 1083 2137629.0 4556.0198 0.0002625 0.0002955 
998000 3253 431.188 128267.0 66.01 22.8224 1084 2142787.0 4893.1179 0.0002693 0.0003193 
999000 3255 430.089 128452.0 66.116 22.7515 1085 2146015.0 5166.5061 0.0002831 0.000339 
1000000 3257 432.136 128574.0 66.536 22.8729 1085 2148233.0 5166.5061 0.0003005 0.0003305 
