0 0 0.0 0.0 0.0 0.0 0 0.0 0.0 
1000 32 15.048 -25.0 -0.366 0.8931 6 7.0 0.594 
2000 66 20.894 -53.0 -0.619 1.3017 13 13.0 0.6203 
3000 88 30.295 -63.0 -0.542 1.9071 17 25.0 1.1606 
4000 106 38.46 -67.0 -0.443 2.4899 21 39.0 2.3109 
5000 143 32.415 -100.0 -0.677 2.1109 28 43.0 1.1053 
6000 172 33.881 -120.0 -0.671 2.2226 34 52.0 1.5806 
7000 198 35.45 -136.0 -0.648 2.3499 39 62.0 1.4707 
8000 219 39.589 -144.0 -0.563 2.6417 43 75.0 2.1414 
9000 244 39.728 -159.0 -0.581 2.6641 48 85.0 2.2615 
10000 280 33.796 -189.0 -0.707 2.276 56 91.0 1.4379 
11000 300 38.826 -197.0 -0.61 2.5817 60 109.0 2.4572 
12000 322 40.443 -206.0 -0.557 2.711 64 122.0 2.651 
13000 345 41.111 -216.0 -0.525 2.7624 69 135.0 2.593 
14000 366 43.633 -223.0 -0.442 2.9301 73 149.0 3.012 
15000 386 45.28 -225.0 -0.358 3.0066 77 173.0 3.9158 
16000 404 48.078 -229.0 -0.322 3.2016 80 187.0 3.8386 
17000 422 50.616 -232.0 -0.265 3.3746 84 205.0 4.2991 
18000 437 54.535 -228.0 -0.132 3.6435 87 230.0 5.278 
19000 451 57.638 -223.0 -0.037 3.8308 90 255.0 6.1917 
20000 466 60.104 -221.0 0.004 4.0326 93 278.0 6.3507 
21000 481 62.079 -221.0 0.011 4.1384 96 293.0 6.1117 
22000 499 59.996 -222.0 -0.012 3.9988 99 313.0 6.1384 
23000 511 64.462 -216.0 0.088 4.3179 102 334.0 6.4579 
24000 523 69.851 -211.0 0.185 4.6685 104 351.0 6.5809 
25000 535 73.092 -206.0 0.241 4.8945 107 371.0 7.1855 
26000 551 69.724 -207.0 0.149 4.6851 110 386.0 6.5742 
27000 562 72.139 -198.0 0.242 4.8405 112 406.0 6.6451 
28000 573 77.097 -192.0 0.326 5.1602 114 429.0 7.0525 
29000 587 75.522 -186.0 0.339 5.0526 117 458.0 8.3493 
30000 596 80.072 -175.0 0.472 5.3408 119 481.0 8.5729 
31000 606 83.173 -164.0 0.563 5.5666 121 502.0 9.2141 
32000 617 86.572 -156.0 0.637 5.7723 123 521.0 9.0934 
33000 628 87.861 -148.0 0.678 5.8635 125 546.0 9.7357 
34000 636 93.4 -138.0 0.766 6.2445 127 567.0 10.3759 
35000 641 102.578 -119.0 1.035 6.8385 128 597.0 11.9383 
36000 651 100.403 -108.0 0.991 6.6926 130 621.0 11.65 
37000 663 99.065 -99.0 0.998 6.6081 132 651.0 11.8165 
38000 672 100.812 -86.0 1.072 6.7387 134 682.0 13.1314 
39000 679 104.433 -71.0 1.178 6.9769 135 716.0 13.5182 
40000 688 107.423 -57.0 1.276 7.1995 137 739.0 14.5798 
41000 698 107.233 -45.0 1.287 7.1836 139 761.0 13.4996 
42000 708 105.695 -36.0 1.214 7.0986 141 789.0 14.3447 
43000 716 106.729 -24.0 1.215 7.1623 143 815.0 14.0992 
44000 721 114.798 -3.0 1.464 7.6837 144 853.0 15.8893 
45000 730 116.255 11.0 1.551 7.7951 146 888.0 17.1803 
46000 737 119.903 28.0 1.665 8.0449 147 912.0 17.0623 
47000 745 118.914 42.0 1.632 7.985 149 943.0 17.2705 
48000 753 118.787 58.0 1.659 7.9562 150 976.0 18.0434 
49000 761 117.919 76.0 1.675 7.8989 152 1014.0 18.0652 
50000 769 122.988 89.0 1.804 8.2478 153 1038.0 18.8586 
51000 776 126.059 105.0 1.869 8.4593 155 1061.0 18.0555 
52000 782 130.085 123.0 1.978 8.7093 156 1097.0 19.25 
53000 788 132.258 139.0 2.009 8.8658 157 1131.0 18.725 
54000 795 135.632 156.0 2.123 9.1085 159 1167.0 21.4072 
55000 802 137.108 173.0 2.181 9.2063 160 1191.0 20.9665 
56000 809 135.774 190.0 2.154 9.1079 161 1221.0 21.1698 
57000 819 129.665 204.0 2.015 8.6907 163 1251.0 19.8876 
58000 827 130.305 219.0 2.032 8.7199 165 1280.0 19.1389 
59000 835 127.302 233.0 1.949 8.5144 167 1308.0 19.0325 
60000 842 131.037 249.0 2.024 8.7782 168 1337.0 19.6293 
61000 845 140.269 272.0 2.278 9.403 169 1375.0 21.6664 
62000 850 146.749 288.0 2.417 9.8243 170 1408.0 23.0997 
63000 860 139.339 302.0 2.241 9.3078 172 1441.0 21.8508 
64000 865 144.271 321.0 2.373 9.6571 173 1471.0 22.5657 
65000 872 145.475 337.0 2.396 9.719 174 1506.0 23.5091 
66000 878 146.484 355.0 2.433 9.7787 175 1536.0 22.4582 
67000 888 137.164 368.0 2.205 9.177 177 1571.0 23.0312 
68000 893 145.691 388.0 2.435 9.7456 178 1602.0 22.128 
69000 901 143.038 402.0 2.341 9.5723 180 1630.0 22.3137 
70000 907 144.569 419.0 2.38 9.6597 181 1659.0 22.2823 
71000 912 149.488 438.0 2.497 9.9579 182 1692.0 23.3541 
72000 918 149.638 457.0 2.536 10.0067 183 1726.0 23.5187 
73000 927 146.349 470.0 2.424 9.7737 185 1751.0 22.6801 
74000 934 143.466 487.0 2.377 9.5793 186 1787.0 23.7121 
75000 939 150.109 506.0 2.529 10.006 187 1820.0 22.2409 
76000 941 159.578 533.0 2.827 10.6404 188 1867.0 23.9168 
77000 947 164.122 552.0 2.979 10.9295 189 1904.0 28.1251 
78000 954 161.837 572.0 2.986 10.7797 190 1943.0 28.2126 
79000 958 168.36 593.0 3.159 11.2219 191 1977.0 28.1914 
80000 966 160.511 608.0 2.925 10.6889 193 2018.0 29.025 
81000 973 158.843 624.0 2.859 10.6073 194 2047.0 27.7225 
82000 978 160.674 646.0 2.914 10.6927 195 2083.0 26.9503 
83000 985 158.877 663.0 2.885 10.6098 197 2113.0 27.1697 
84000 992 159.68 680.0 2.913 10.6568 198 2158.0 29.0527 
85000 997 161.706 702.0 2.996 10.7883 199 2188.0 28.5475 
86000 1001 170.923 728.0 3.335 11.4091 200 2230.0 27.9927 
87000 1006 168.406 748.0 3.267 11.2771 201 2276.0 31.4934 
88000 1012 172.272 766.0 3.348 11.5776 202 2315.0 32.3441 
89000 1016 178.194 788.0 3.51 11.9641 203 2353.0 33.4097 
90000 1020 182.06 809.0 3.589 12.2366 204 2390.0 33.9687 
91000 1025 183.418 829.0 3.63 12.3606 205 2430.0 34.5718 
92000 1029 188.698 853.0 3.814 12.7309 205 2476.0 34.5718 
93000 1032 194.328 876.0 3.963 13.1361 206 2511.0 36.1147 
94000 1036 198.851 897.0 4.059 13.4549 207 2557.0 39.0032 
95000 1043 196.391 914.0 3.987 13.3139 208 2590.0 38.7029 
96000 1049 191.531 933.0 3.87 12.9832 209 2618.0 37.4326 
97000 1054 191.37 955.0 3.88 12.9567 210 2654.0 35.9893 
98000 1059 190.166 975.0 3.811 12.8778 211 2697.0 36.0904 
99000 1063 196.114 996.0 3.994 13.3111 212 2731.0 37.1814 
100000 1069 195.49 1016.0 3.971 13.2715 213 2769.0 37.9632 
101000 1074 190.704 1037.0 3.86 12.9199 214 2816.0 36.5669 
102000 1077 196.082 1059.0 4.001 13.2845 215 2850.0 38.0102 
103000 1081 202.962 1083.0 4.192 13.7326 216 2887.0 38.4092 
104000 1085 209.325 1102.0 4.344 14.1376 217 2931.0 40.2683 
105000 1090 210.275 1123.0 4.368 14.1985 218 2966.0 39.9414 
106000 1092 215.481 1148.0 4.515 14.526 218 2999.0 39.9414 
107000 1095 222.843 1172.0 4.715 15.0037 219 3056.0 44.0473 
108000 1101 218.468 1191.0 4.627 14.7034 220 3090.0 43.0426 
109000 1105 223.877 1211.0 4.733 15.053 221 3132.0 43.8383 
110000 1111 217.247 1229.0 4.523 14.5758 222 3159.0 41.2545 
111000 1115 217.087 1251.0 4.518 14.5632 223 3197.0 41.329 
112000 1120 213.42 1272.0 4.423 14.3071 224 3229.0 40.0961 
113000 1125 217.121 1291.0 4.506 14.5393 225 3271.0 41.0865 
114000 1128 223.651 1316.0 4.73 14.9804 225 3326.0 41.0865 
115000 1134 217.131 1336.0 4.573 14.546 226 3373.0 44.2779 
116000 1137 221.725 1359.0 4.698 14.851 227 3408.0 44.1501 
117000 1141 218.561 1380.0 4.584 14.6094 228 3442.0 43.7351 
118000 1147 217.085 1401.0 4.565 14.5148 229 3487.0 43.7616 
119000 1151 221.427 1427.0 4.768 14.8198 230 3553.0 47.2854 
120000 1155 220.651 1448.0 4.747 14.7372 231 3587.0 45.7569 
121000 1159 223.32 1470.0 4.799 14.9084 231 3628.0 45.7569 
122000 1165 220.124 1488.0 4.688 14.7203 233 3664.0 44.8031 
123000 1170 212.832 1510.0 4.505 14.2068 234 3694.0 42.5228 
124000 1173 224.125 1533.0 4.81 14.978 234 3735.0 42.5228 
125000 1178 221.139 1555.0 4.77 14.7565 235 3786.0 45.3705 
126000 1184 211.782 1576.0 4.509 14.1475 236 3831.0 45.4334 
127000 1187 223.151 1599.0 4.829 14.8816 237 3863.0 44.9901 
128000 1194 212.342 1615.0 4.489 14.1669 238 3901.0 45.0911 
129000 1199 204.342 1635.0 4.261 13.6265 239 3935.0 43.182 
130000 1202 207.769 1660.0 4.34 13.8458 240 3969.0 40.9638 
131000 1207 216.686 1683.0 4.663 14.4467 241 4012.0 42.6674 
132000 1210 215.087 1706.0 4.603 14.3634 242 4059.0 43.1007 
133000 1215 221.297 1728.0 4.8 14.771 243 4116.0 45.9906 
134000 1222 210.093 1745.0 4.457 13.9933 244 4143.0 43.7915 
135000 1225 217.637 1769.0 4.68 14.4964 245 4185.0 43.9124 
136000 1228 225.703 1794.0 4.931 15.0555 245 4231.0 43.9124 
137000 1234 217.802 1810.0 4.656 14.5158 246 4268.0 45.8211 
138000 1239 213.382 1829.0 4.496 14.229 247 4301.0 43.739 
139000 1242 220.317 1854.0 4.681 14.6972 248 4335.0 43.3651 
140000 1246 224.678 1875.0 4.805 14.9589 249 4372.0 43.3286 
141000 1251 222.486 1895.0 4.721 14.8095 250 4427.0 45.5958 
142000 1255 222.349 1917.0 4.724 14.803 251 4462.0 44.6362 
143000 1258 230.571 1945.0 5.047 15.3628 251 4523.0 44.6362 
144000 1263 230.113 1967.0 5.046 15.2987 252 4568.0 48.4726 
145000 1266 231.254 1991.0 5.087 15.3844 253 4604.0 47.6253 
146000 1271 231.079 2010.0 5.052 15.3731 254 4658.0 50.1628 
147000 1275 231.558 2037.0 5.16 15.4253 255 4707.0 50.3465 
148000 1277 243.177 2062.0 5.47 16.1874 255 4740.0 50.3465 
149000 1281 244.373 2086.0 5.518 16.2724 256 4792.0 51.7118 
150000 1285 242.458 2113.0 5.564 16.1457 257 4871.0 56.4407 
151000 1288 249.036 2135.0 5.709 16.5772 257 4905.0 56.4407 
152000 1290 252.238 2160.0 5.778 16.82 258 4956.0 58.4966 
153000 1295 254.458 2183.0 5.863 16.928 259 5023.0 60.4469 
154000 1297 262.301 2210.0 6.122 17.4837 259 5064.0 60.4469 
155000 1302 258.022 2236.0 6.08 17.1798 260 5122.0 61.9022 
156000 1305 257.003 2263.0 6.091 17.1233 261 5191.0 64.212 
157000 1308 266.895 2292.0 6.447 17.7756 261 5256.0 64.212 
158000 1311 265.099 2316.0 6.386 17.6401 262 5304.0 66.6908 
159000 1316 262.169 2339.0 6.303 17.431 263 5368.0 68.9217 
160000 1321 256.942 2356.0 6.057 17.114 264 5396.0 65.0296 
161000 1327 247.197 2378.0 5.789 16.4624 265 5436.0 61.8266 
162000 1332 244.042 2401.0 5.712 16.2355 266 5494.0 61.7439 
163000 1336 241.737 2425.0 5.655 16.0983 267 5540.0 60.4695 
164000 1339 247.514 2450.0 5.812 16.4876 267 5592.0 60.4695 
165000 1344 244.998 2470.0 5.713 16.2959 268 5635.0 61.0226 
166000 1347 241.722 2494.0 5.593 16.0971 269 5671.0 58.9203 
167000 1350 245.784 2522.0 5.785 16.3505 270 5732.0 60.6283 
168000 1353 256.614 2551.0 6.127 17.0742 270 5818.0 60.6283 
169000 1358 249.015 2577.0 6.015 16.5715 271 5879.0 68.1655 
170000 1360 260.605 2604.0 6.33 17.39 272 5935.0 68.9489 
171000 1361 271.153 2632.0 6.703 18.1132 272 5982.0 68.9489 
172000 1366 264.223 2659.0 6.531 17.6825 273 6071.0 74.154 
173000 1371 263.379 2683.0 6.525 17.653 274 6127.0 73.9386 
174000 1374 268.554 2710.0 6.712 18.0167 274 6178.0 73.9386 
175000 1381 253.867 2723.0 6.113 17.0612 276 6207.0 67.4703 
176000 1386 246.409 2743.0 5.85 16.5767 277 6244.0 64.2233 
177000 1389 250.369 2767.0 5.973 16.8445 277 6286.0 64.2233 
178000 1393 252.974 2793.0 6.052 17.0432 278 6343.0 65.3009 
179000 1398 247.99 2816.0 5.916 16.7241 279 6386.0 62.2708 
180000 1401 248.038 2841.0 5.919 16.7386 280 6438.0 63.3438 
181000 1405 250.712 2870.0 6.107 16.9385 281 6516.0 66.3094 
182000 1407 257.336 2896.0 6.283 17.3743 281 6562.0 66.3094 
183000 1412 252.781 2922.0 6.19 17.0676 282 6647.0 71.9784 
184000 1416 256.801 2945.0 6.284 17.3622 283 6692.0 70.2806 
185000 1419 259.895 2972.0 6.416 17.5702 283 6740.0 70.2806 
186000 1421 264.703 2997.0 6.52 17.8914 284 6776.0 69.2525 
187000 1425 263.036 3021.0 6.454 17.7707 285 6828.0 69.1273 
188000 1429 265.485 3041.0 6.474 17.9166 285 6876.0 69.1273 
189000 1432 267.673 3067.0 6.527 18.0421 286 6920.0 69.3146 
190000 1437 258.69 3095.0 6.357 17.4286 287 6983.0 69.8831 
191000 1441 263.837 3122.0 6.563 17.7545 288 7044.0 68.9948 
192000 1446 253.697 3143.0 6.199 17.0514 289 7082.0 66.7953 
193000 1449 261.603 3164.0 6.359 17.6003 289 7118.0 66.7953 
194000 1451 260.306 3191.0 6.306 17.4823 290 7165.0 65.8158 
195000 1455 260.965 3219.0 6.406 17.5312 291 7233.0 67.9342 
196000 1460 263.119 3247.0 6.576 17.6487 292 7323.0 71.5408 
197000 1463 267.986 3272.0 6.692 17.9669 292 7369.0 71.5408 
198000 1468 261.398 3296.0 6.518 17.526 293 7419.0 70.4867 
199000 1472 261.693 3329.0 6.682 17.5303 294 7495.0 70.038 
200000 1475 256.479 3356.0 6.545 17.1733 295 7558.0 72.6342 
201000 1477 274.022 3387.0 7.14 18.3412 295 7627.0 72.6342 
202000 1480 263.997 3418.0 6.837 17.6487 296 7694.0 76.7708 
203000 1485 270.617 3442.0 7.098 18.1083 297 7780.0 81.0937 
204000 1489 269.006 3463.0 6.972 17.9964 297 7814.0 81.0937 
205000 1492 273.935 3486.0 7.027 18.3049 298 7852.0 78.9844 
206000 1494 282.094 3517.0 7.341 18.8286 298 7939.0 78.9844 
207000 1497 285.766 3561.0 7.782 19.1046 299 8148.0 100.1859 
208000 1500 280.388 3589.0 7.658 18.7248 300 8203.0 96.4673 
209000 1504 285.877 3619.0 7.848 19.0839 300 8270.0 96.4673 
210000 1506 291.7 3649.0 8.055 19.4868 301 8329.0 97.3206 
211000 1509 291.436 3694.0 8.049 19.4708 301 8557.0 97.3206 
212000 1512 288.546 3724.0 8.327 19.2852 302 8641.0 118.2885 
213000 1517 290.028 3753.0 8.383 19.335 303 8711.0 113.9597 
214000 1521 284.121 3777.0 8.152 18.9565 304 8763.0 107.9637 
215000 1526 277.4 3798.0 7.786 18.4811 305 8822.0 104.5673 
216000 1530 268.839 3822.0 7.49 17.9364 306 8859.0 98.3106 
217000 1536 264.053 3846.0 7.256 17.6134 307 8925.0 96.0795 
218000 1538 271.081 3874.0 7.467 18.0841 307 8967.0 96.0795 
219000 1541 273.439 3901.0 7.5 18.226 308 9024.0 94.2716 
220000 1545 267.939 3928.0 7.343 17.8458 309 9079.0 91.3444 
221000 1550 268.339 3950.0 7.262 17.8778 310 9139.0 89.31 
222000 1552 275.058 3979.0 7.473 18.3288 310 9194.0 89.31 
223000 1555 272.194 4004.0 7.348 18.1236 311 9252.0 90.379 
224000 1560 273.458 4031.0 7.387 18.1999 312 9347.0 92.0411 
225000 1565 266.441 4061.0 7.258 17.7358 313 9412.0 89.337 
226000 1569 263.875 4085.0 7.15 17.5527 313 9458.0 89.337 
227000 1572 267.566 4111.0 7.224 17.8133 314 9502.0 86.4033 
228000 1575 267.311 4135.0 7.155 17.7871 315 9559.0 85.663 
229000 1580 261.682 4162.0 6.978 17.3988 316 9627.0 83.8967 
230000 1584 259.533 4185.0 6.874 17.2763 316 9693.0 83.8967 
231000 1586 265.059 4214.0 7.054 17.6333 317 9745.0 85.907 
232000 1591 266.343 4237.0 7.027 17.7163 318 9788.0 82.0163 
233000 1595 259.985 4268.0 6.959 17.2966 319 9868.0 82.4147 
234000 1599 262.674 4293.0 6.994 17.4667 319 9921.0 82.4147 
235000 1601 271.329 4322.0 7.255 18.0208 320 9970.0 81.8732 
236000 1605 272.179 4347.0 7.272 18.0843 321 10068.0 87.0859 
237000 1608 269.166 4374.0 7.176 17.9144 321 10116.0 87.0859 
238000 1611 280.005 4402.0 7.502 18.6118 322 10177.0 85.8773 
239000 1615 275.841 4426.0 7.327 18.3289 323 10232.0 85.8896 
240000 1618 279.852 4453.0 7.441 18.591 323 10295.0 85.8896 
241000 1621 284.904 4481.0 7.617 18.9475 324 10347.0 86.4006 
242000 1625 273.462 4507.0 7.275 18.1714 325 10404.0 84.6605 
243000 1629 279.579 4535.0 7.494 18.572 325 10472.0 84.6605 
244000 1632 283.995 4559.0 7.549 18.8993 326 10508.0 85.0945 
245000 1637 269.974 4584.0 7.128 17.946 327 10568.0 83.785 
246000 1640 274.638 4615.0 7.343 18.2443 328 10659.0 85.8065 
247000 1642 281.399 4642.0 7.525 18.716 328 10703.0 85.8065 
248000 1645 281.089 4669.0 7.492 18.737 329 10769.0 87.0259 
249000 1650 279.354 4695.0 7.447 18.6401 330 10836.0 86.3233 
250000 1653 285.471 4728.0 7.755 19.0785 330 10926.0 86.3233 
251000 1658 274.461 4766.0 7.656 18.3743 331 11101.0 102.991 
252000 1661 279.341 4793.0 7.774 18.7147 332 11170.0 100.3919 
253000 1664 284.382 4817.0 7.849 19.0621 332 11215.0 100.3919 
254000 1666 291.07 4849.0 8.096 19.5009 333 11294.0 97.8527 
255000 1669 287.738 4895.0 8.135 19.2555 333 11559.0 97.8527 
256000 1671 302.435 4912.0 8.584 20.2547 334 11581.0 120.4674 
257000 1675 296.135 4938.0 8.357 19.8251 335 11668.0 118.8207 
258000 1677 303.453 4972.0 8.564 20.2921 335 11749.0 118.8207 
259000 1681 303.094 5023.0 9.09 20.2815 336 12035.0 143.4386 
260000 1686 290.726 5046.0 8.578 19.4151 337 12087.0 134.1947 
261000 1689 296.218 5074.0 8.712 19.8056 337 12139.0 134.1947 
262000 1691 291.305 5103.0 8.525 19.4478 338 12191.0 128.5753 
263000 1695 293.968 5137.0 8.733 19.6076 339 12313.0 130.3177 
264000 1696 301.429 5170.0 8.958 20.1325 339 12398.0 130.3177 
265000 1702 297.061 5198.0 8.843 19.8124 340 12507.0 136.286 
266000 1705 289.945 5223.0 8.518 19.331 341 12550.0 126.3574 
267000 1710 290.379 5251.0 8.534 19.3728 342 12649.0 125.5216 
268000 1711 299.011 5287.0 8.863 19.9634 342 12719.0 125.5216 
269000 1717 287.483 5309.0 8.433 19.1774 343 12777.0 124.1695 
270000 1720 284.745 5339.0 8.369 19.0097 344 12852.0 119.8525 
271000 1726 272.872 5366.0 7.956 18.1894 345 12933.0 114.8673 
272000 1729 278.63 5399.0 8.107 18.5795 345 13038.0 114.8673 
273000 1731 287.312 5430.0 8.46 19.1615 346 13092.0 117.6805 
274000 1735 282.286 5460.0 8.335 18.8278 347 13189.0 118.2125 
275000 1739 284.483 5485.0 8.32 18.9817 347 13233.0 118.2125 
276000 1742 281.389 5512.0 8.202 18.7544 348 13293.0 115.2912 
277000 1745 286.273 5537.0 8.244 19.1038 349 13348.0 111.2621 
278000 1748 292.806 5561.0 8.344 19.5176 349 13396.0 111.2621 
279000 1751 290.739 5593.0 8.348 19.3782 350 13467.0 110.2359 
280000 1756 287.172 5615.0 8.121 19.1364 351 13530.0 107.2123 
281000 1759 286.413 5646.0 8.126 19.1008 351 13615.0 107.2123 
282000 1763 278.526 5671.0 7.878 18.5423 352 13659.0 106.7911 
283000 1766 289.513 5700.0 8.186 19.2809 353 13703.0 100.212 
284000 1771 275.953 5746.0 8.146 18.3827 354 13937.0 116.1908 
285000 1772 293.434 5790.0 8.883 19.5393 354 14057.0 116.1908 
286000 1776 289.505 5814.0 8.703 19.257 355 14124.0 122.0717 
287000 1779 293.043 5841.0 8.719 19.5236 355 14211.0 122.0717 
288000 1784 278.924 5861.0 8.168 18.5562 356 14245.0 120.8645 
289000 1787 284.621 5888.0 8.27 18.9449 357 14287.0 113.7781 
290000 1790 286.081 5920.0 8.366 19.0656 358 14382.0 113.3003 
291000 1794 288.663 5959.0 8.632 19.2394 358 14503.0 113.3003 
292000 1797 290.65 5995.0 8.813 19.3582 359 14632.0 124.7702 
293000 1802 279.125 6021.0 8.367 18.601 360 14693.0 119.8932 
294000 1805 285.654 6066.0 8.862 19.0259 361 14900.0 130.4039 
295000 1807 292.353 6093.0 9.008 19.4691 361 14935.0 130.4039 
296000 1811 286.29 6143.0 9.156 19.0722 362 15175.0 143.5635 
297000 1812 291.525 6192.0 9.293 19.408 362 15405.0 143.5635 
298000 1813 303.714 6230.0 10.307 20.2145 362 15579.0 143.5635 
299000 1816 316.969 6247.0 10.304 21.1157 363 15611.0 172.3072 
300000 1819 317.239 6291.0 10.278 21.1111 363 15796.0 172.3072 
301000 1822 322.837 6321.0 10.656 21.5003 364 15850.0 175.8764 
302000 1825 316.182 6360.0 10.574 21.0589 365 15967.0 173.8888 
303000 1829 316.361 6385.0 10.333 21.0685 365 16029.0 173.8888 
304000 1834 305.053 6413.0 9.925 20.3165 366 16095.0 167.4999 
305000 1836 314.213 6440.0 10.106 20.9114 367 16139.0 155.6499 
306000 1839 315.604 6473.0 10.171 20.9982 367 16238.0 155.6499 
307000 1842 313.591 6498.0 9.964 20.875 368 16284.0 153.5849 
308000 1845 310.163 6556.0 10.409 20.6467 369 16579.0 170.0264 
309000 1850 298.801 6580.0 9.859 19.8695 370 16632.0 158.3238 
310000 1853 308.967 6609.0 10.063 20.5421 370 16709.0 158.3238 
311000 1858 296.145 6632.0 9.485 19.6945 371 16764.0 154.1914 
312000 1861 300.641 6662.0 9.563 20.0101 372 16824.0 143.5723 
313000 1865 287.599 6688.0 9.056 19.1335 373 16881.0 136.915 
314000 1870 284.98 6722.0 9.005 18.9393 374 16992.0 135.6235 
315000 1872 295.124 6753.0 9.325 19.6392 374 17064.0 135.6235 
316000 1875 285.47 6786.0 9.032 18.9941 375 17145.0 134.7612 
317000 1880 287.115 6813.0 9.015 19.1011 376 17249.0 134.3851 
318000 1883 292.95 6846.0 9.212 19.4918 376 17327.0 134.3851 
319000 1888 280.752 6873.0 8.771 18.6639 377 17410.0 134.5466 
320000 1891 281.619 6899.0 8.688 18.727 378 17454.0 126.0919 
321000 1894 286.348 6937.0 8.877 19.0583 378 17594.0 126.0919 
322000 1895 290.041 6975.0 9.18 19.2783 379 17708.0 138.7827 
323000 1899 300.513 7008.0 9.557 19.9892 379 17832.0 138.7827 
324000 1901 302.701 7042.0 9.598 20.1141 380 17904.0 141.2044 
325000 1905 302.033 7089.0 9.971 20.1002 381 18165.0 158.584 
326000 1906 315.632 7123.0 10.432 20.9769 381 18227.0 158.584 
327000 1910 312.56 7184.0 10.85 20.7839 382 18571.0 183.6256 
328000 1913 313.741 7209.0 10.702 20.8689 382 18608.0 183.6256 
329000 1916 307.305 7238.0 10.444 20.4452 383 18676.0 173.763 
330000 1921 303.332 7266.0 10.138 20.1847 384 18745.0 164.7867 
331000 1922 311.106 7295.0 10.355 20.7471 384 18790.0 164.7867 
332000 1926 312.358 7323.0 10.25 20.854 385 18864.0 158.3081 
333000 1930 301.228 7389.0 10.586 20.118 386 19201.0 177.5773 
334000 1934 304.288 7428.0 10.719 20.3647 386 19349.0 177.5773 
335000 1937 303.924 7473.0 10.903 20.359 387 19550.0 193.7195 
336000 1942 292.438 7496.0 10.231 19.5721 388 19602.0 180.4476 
337000 1946 284.304 7518.0 9.761 19.0181 389 19634.0 165.5028 
338000 1950 286.633 7541.0 9.578 19.1691 390 19682.0 154.5525 
339000 1952 295.477 7573.0 9.848 19.75 390 19743.0 154.5525 
340000 1958 279.5 7599.0 9.161 18.6633 391 19808.0 148.9973 
341000 1962 274.57 7622.0 8.832 18.3421 392 19859.0 139.9976 
342000 1965 280.344 7649.0 8.875 18.7304 393 19910.0 132.6978 
343000 1966 287.157 7678.0 9.077 19.187 393 19964.0 132.6978 
344000 1970 291.676 7728.0 9.582 19.4846 394 20222.0 150.928 
345000 1974 288.743 7754.0 9.357 19.2844 394 20276.0 150.928 
346000 1981 269.296 7777.0 8.538 17.957 396 20327.0 131.9717 
347000 1984 272.743 7803.0 8.522 18.191 396 20377.0 131.9717 
348000 1985 284.608 7852.0 9.251 18.9904 397 20586.0 144.3745 
349000 1986 287.436 7888.0 9.286 19.1672 397 20668.0 144.3745 
350000 1989 306.92 7935.0 10.313 20.4694 397 20946.0 144.3745 
351000 1990 305.162 7962.0 10.127 20.3628 398 20995.0 167.9371 
352000 1995 302.319 7991.0 9.996 20.1653 399 21101.0 164.5434 
353000 1997 311.588 8027.0 10.269 20.7628 399 21196.0 164.5434 
354000 2002 306.089 8075.0 10.419 20.3995 400 21450.0 182.689 
355000 2004 311.95 8104.0 10.504 20.7832 400 21529.0 182.689 
356000 2008 307.859 8130.0 10.239 20.51 401 21580.0 174.9201 
357000 2013 296.32 8158.0 9.747 19.726 402 21646.0 166.0281 
358000 2016 299.92 8183.0 9.701 19.9886 403 21695.0 155.3253 
359000 2016 299.92 8223.0 9.701 19.9886 403 21804.0 155.3253 
360000 2020 309.185 8262.0 10.307 20.5893 404 21985.0 168.5928 
361000 2023 311.129 8292.0 10.3 20.7109 404 22063.0 168.5928 
362000 2024 317.927 8341.0 10.634 21.1601 404 22344.0 168.5928 
363000 2025 340.968 8346.0 11.021 22.7092 405 22350.0 188.6335 
364000 2026 350.229 8375.0 11.301 23.3161 405 22398.0 188.6335 
365000 2030 343.132 8409.0 11.078 22.8354 406 22526.0 186.9701 
366000 2033 348.863 8436.0 11.128 23.2343 406 22586.0 186.9701 
367000 2035 341.693 8469.0 10.945 22.7327 407 22672.0 181.1731 
368000 2038 346.262 8512.0 11.11 23.0346 407 22838.0 181.1731 
369000 2040 343.561 8545.0 11.182 22.8783 408 22921.0 186.2558 
370000 2045 342.692 8586.0 11.366 22.796 409 23102.0 189.8302 
371000 2046 356.618 8621.0 11.859 23.7169 409 23168.0 189.8302 
372000 2050 339.773 8648.0 11.206 22.6186 410 23244.0 183.8472 
373000 2055 335.935 8669.0 10.804 22.325 411 23309.0 173.4625 
374000 2055 335.935 8703.0 10.804 22.325 411 23361.0 173.4625 
375000 2061 333.688 8740.0 10.878 22.2045 412 23536.0 178.0162 
376000 2062 344.374 8772.0 11.2 22.8864 412 23596.0 178.0162 
377000 2066 336.528 8810.0 11.045 22.3781 413 23773.0 182.9146 
378000 2070 333.835 8838.0 10.863 22.2218 414 23850.0 174.1232 
379000 2070 333.835 8874.0 10.863 22.2218 414 23910.0 174.1232 
380000 2075 335.011 8908.0 10.997 22.2701 415 24048.0 175.8108 
381000 2077 343.84 8944.0 11.31 22.8712 415 24143.0 175.8108 
382000 2080 338.833 8989.0 11.434 22.5349 416 24362.0 189.1298 
383000 2083 343.162 9018.0 11.425 22.8414 416 24427.0 189.1298 
384000 2085 333.511 9052.0 11.111 22.2192 417 24502.0 180.5168 
385000 2088 340.861 9091.0 11.371 22.677 417 24670.0 180.5168 
386000 2090 343.116 9129.0 11.671 22.8613 418 24797.0 193.9651 
387000 2093 353.274 9174.0 12.21 23.5341 418 24995.0 193.9651 
388000 2095 345.847 9206.0 11.944 23.019 419 25071.0 201.9686 
389000 2099 351.669 9245.0 12.186 23.4325 419 25240.0 201.9686 
390000 2101 358.612 9277.0 12.402 23.8887 420 25298.0 202.6717 
391000 2104 357.229 9316.0 12.451 23.8006 420 25490.0 202.6717 
392000 2107 353.98 9350.0 12.329 23.5836 421 25599.0 214.1046 
393000 2110 345.977 9378.0 11.935 23.0462 422 25672.0 201.3941 
394000 2116 332.696 9420.0 11.596 22.1635 423 25864.0 201.5547 
395000 2120 324.89 9448.0 11.189 21.6299 424 25932.0 188.3992 
396000 2123 323.512 9473.0 10.944 21.5419 424 25975.0 188.3992 
397000 2126 325.36 9502.0 10.933 21.6973 425 26040.0 176.6593 
398000 2131 316.621 9527.0 10.461 21.1075 426 26106.0 168.4934 
399000 2135 309.348 9563.0 10.278 20.6236 427 26218.0 163.744 
400000 2139 306.344 9595.0 10.141 20.3969 427 26305.0 163.744 
401000 2141 306.514 9631.0 10.253 20.4162 428 26415.0 165.1696 
402000 2145 305.042 9678.0 10.446 20.3147 429 26661.0 174.8527 
403000 2147 317.011 9707.0 10.722 21.1408 429 26716.0 174.8527 
404000 2150 313.331 9759.0 10.975 20.8919 430 26990.0 190.2674 
405000 2152 324.883 9792.0 11.307 21.6836 430 27058.0 190.2674 
406000 2155 319.831 9830.0 11.215 21.3246 431 27222.0 194.1407 
407000 2158 322.282 9860.0 11.211 21.5055 431 27282.0 194.1407 
408000 2161 316.819 9892.0 10.999 21.1226 432 27377.0 188.6266 
409000 2165 310.996 9916.0 10.581 20.7482 433 27408.0 173.8639 
410000 2168 317.232 9947.0 10.676 21.1714 433 27505.0 173.8639 
411000 2170 317.214 9985.0 10.803 21.1695 434 27635.0 178.4775 
412000 2171 341.31 10045.0 12.027 22.8052 434 27900.0 178.4775 
413000 2175 329.924 10065.0 11.435 22.0585 435 27987.0 197.1298 
414000 2177 340.22 10095.0 11.652 22.7736 435 28055.0 197.1298 
415000 2180 328.662 10127.0 11.277 21.9992 436 28147.0 191.6168 
416000 2182 347.268 10193.0 12.475 23.3059 436 28494.0 191.6168 
417000 2186 339.938 10214.0 11.959 22.8518 437 28537.0 212.4551 
418000 2189 338.432 10247.0 11.872 22.7214 437 28642.0 212.4551 
419000 2191 334.04 10277.0 11.621 22.4434 438 28689.0 203.9096 
420000 2195 334.399 10328.0 11.95 22.4224 439 28945.0 212.4187 
421000 2198 334.533 10357.0 11.755 22.4285 439 29019.0 212.4187 
422000 2201 340.113 10387.0 11.893 22.7891 440 29079.0 201.7768 
423000 2205 331.707 10438.0 11.923 22.2496 441 29359.0 213.0991 
424000 2207 336.801 10465.0 11.945 22.5794 441 29406.0 213.0991 
425000 2210 331.325 10499.0 11.77 22.2206 442 29518.0 206.7892 
426000 2214 331.427 10527.0 11.548 22.1992 442 29592.0 206.7892 
427000 2216 335.652 10558.0 11.649 22.4873 443 29646.0 195.8103 
428000 2220 328.337 10613.0 11.778 21.9675 444 29924.0 207.5293 
429000 2221 344.83 10650.0 12.362 23.0674 444 30016.0 207.5293 
430000 2225 325.771 10682.0 11.651 21.8231 445 30115.0 204.0763 
431000 2227 345.58 10742.0 12.807 23.1428 445 30405.0 204.0763 
432000 2233 324.264 10769.0 11.83 21.7016 446 30507.0 222.6687 
433000 2236 319.536 10805.0 11.68 21.3892 447 30594.0 210.4018 
434000 2239 326.306 10867.0 12.406 21.8443 447 30896.0 210.4018 
435000 2240 323.14 10907.0 12.358 21.6204 448 31003.0 226.2616 
436000 2245 319.953 10952.0 12.399 21.4249 449 31230.0 230.7355 
437000 2248 318.869 10989.0 12.06 21.349 449 31351.0 230.7355 
438000 2250 319.96 11032.0 12.449 21.4021 450 31510.0 233.1619 
439000 2255 318.121 11065.0 12.232 21.2804 451 31617.0 223.3457 
440000 2256 322.439 11108.0 12.267 21.6019 451 31730.0 223.3457 
441000 2260 326.425 11156.0 12.8 21.8387 452 32001.0 239.5112 
442000 2261 336.156 11190.0 13.064 22.5232 452 32060.0 239.5112 
443000 2265 331.656 11236.0 13.044 22.2298 453 32302.0 245.16 
444000 2267 342.537 11263.0 13.198 22.9387 453 32349.0 245.16 
445000 2270 341.622 11315.0 13.436 22.8927 454 32632.0 254.644 
446000 2273 340.254 11340.0 13.111 22.7829 454 32675.0 254.644 
447000 2277 327.311 11361.0 12.348 21.9375 455 32712.0 234.6796 
448000 2280 324.237 11394.0 12.148 21.7059 456 32781.0 218.8117 
449000 2284 328.27 11447.0 12.505 21.9752 456 33039.0 218.8117 
450000 2288 319.487 11471.0 11.919 21.3986 457 33082.0 225.0305 
451000 2290 317.28 11500.0 11.682 21.2419 458 33146.0 208.9275 
452000 2294 319.127 11541.0 11.836 21.37 458 33296.0 208.9275 
453000 2295 320.385 11583.0 12.019 21.4503 459 33444.0 217.4347 
454000 2299 329.771 11639.0 12.632 22.0616 459 33762.0 217.4347 
455000 2302 329.955 11668.0 12.478 22.0776 460 33812.0 232.7912 
456000 2304 336.892 11726.0 13.141 22.5345 460 34118.0 232.7912 
457000 2307 337.292 11755.0 12.939 22.5522 461 34162.0 244.6121 
458000 2310 325.287 11789.0 12.495 21.7441 462 34262.0 232.2509 
459000 2313 336.106 11832.0 12.898 22.4576 462 34425.0 232.2509 
460000 2316 335.706 11860.0 12.697 22.4448 463 34492.0 230.0258 
461000 2321 321.625 11897.0 12.157 21.4837 464 34651.0 225.6232 
462000 2322 331.893 11934.0 12.454 22.1481 464 34761.0 225.6232 
463000 2325 324.711 11987.0 12.588 21.6713 465 35006.0 237.1609 
464000 2328 335.985 12048.0 13.46 22.4547 465 35313.0 237.1609 
465000 2332 322.661 12072.0 12.65 21.5605 466 35371.0 249.6448 
466000 2336 317.472 12102.0 12.258 21.2078 467 35456.0 233.6803 
467000 2337 321.223 12179.0 12.273 21.4582 467 35828.0 233.6803 
468000 2339 342.637 12182.0 13.297 22.8657 467 35848.0 233.6803 
469000 2340 343.445 12210.0 13.091 22.9178 468 35886.0 252.4123 
470000 2345 340.803 12252.0 13.018 22.754 469 36092.0 250.4711 
471000 2347 341.989 12277.0 12.877 22.8413 469 36143.0 250.4711 
472000 2349 346.915 12327.0 12.975 23.1517 469 36420.0 250.4711 
473000 2352 345.326 12353.0 12.985 23.0632 470 36470.0 259.124 
474000 2356 342.132 12379.0 12.631 22.8254 471 36530.0 242.1116 
475000 2358 350.345 12411.0 12.728 23.3926 471 36618.0 242.1116 
476000 2360 343.763 12446.0 12.538 22.9582 472 36706.0 232.5004 
477000 2365 336.166 12483.0 12.316 22.4218 473 36862.0 227.8504 
478000 2368 344.28 12535.0 12.876 22.9549 473 37100.0 227.8504 
479000 2372 336.475 12569.0 12.515 22.4503 474 37237.0 242.2653 
480000 2376 331.54 12598.0 12.156 22.0995 475 37294.0 223.4388 
481000 2378 335.448 12636.0 12.286 22.3712 475 37421.0 223.4388 
482000 2380 330.167 12675.0 12.231 22.0142 476 37564.0 227.6949 
483000 2381 347.064 12727.0 12.927 23.1715 476 37818.0 227.6949 
484000 2386 340.897 12750.0 12.615 22.7507 477 37921.0 242.2254 
485000 2386 340.897 12791.0 12.615 22.7507 477 38019.0 242.2254 
486000 2390 344.764 12819.0 12.698 22.9855 478 38108.0 235.9029 
487000 2393 352.485 12854.0 12.848 23.4896 478 38209.0 235.9029 
488000 2396 349.234 12883.0 12.642 23.2761 479 38298.0 231.5126 
489000 2396 349.234 12950.0 12.642 23.2761 479 38623.0 231.5126 
490000 2400 357.148 12968.0 13.188 23.8214 480 38681.0 247.3613 
491000 2404 353.631 13004.0 12.931 23.5933 480 38790.0 247.3613 
492000 2405 357.059 13044.0 13.212 23.8163 481 38933.0 246.3252 
493000 2410 352.801 13087.0 13.118 23.5103 482 39149.0 245.7927 
494000 2415 336.904 13112.0 12.314 22.4611 483 39203.0 226.5134 
495000 2416 344.546 13146.0 12.527 23.0035 483 39262.0 226.5134 
496000 2421 336.162 13181.0 12.198 22.4712 484 39401.0 222.4621 
497000 2425 325.25 13206.0 11.598 21.7585 485 39448.0 205.4159 
498000 2431 310.892 13235.0 10.954 20.8441 486 39534.0 194.0743 
499000 2435 302.198 13261.0 10.51 20.2672 487 39582.0 179.0669 
500000 2438 304.764 13289.0 10.439 20.4368 487 39640.0 179.0669 
501000 2441 307.596 13322.0 10.516 20.6113 488 39730.0 173.2602 
502000 2446 298.164 13353.0 10.147 19.9685 489 39811.0 165.9341 
503000 2448 306.156 13391.0 10.431 20.4999 489 39935.0 165.9341 
504000 2452 301.756 13434.0 10.494 20.2093 490 40123.0 180.1407 
505000 2454 308.137 13468.0 10.647 20.6246 490 40234.0 180.1407 
506000 2457 309.919 13520.0 11.083 20.7354 491 40478.0 197.4267 
507000 2460 311.994 13554.0 11.129 20.902 492 40602.0 191.784 
508000 2462 313.268 13579.0 11.026 20.9728 492 40644.0 191.784 
509000 2465 314.574 13615.0 11.06 21.057 493 40743.0 185.8056 
510000 2467 328.766 13649.0 11.477 21.983 493 40830.0 185.8056 
511000 2470 320.678 13699.0 11.546 21.4635 494 41099.0 201.625 
512000 2474 320.941 13732.0 11.411 21.4623 494 41193.0 201.625 
513000 2475 320.022 13767.0 11.443 21.394 495 41262.0 195.9625 
514000 2480 324.418 13829.0 12.075 21.6981 496 41614.0 215.7663 
515000 2481 328.07 13857.0 12.094 21.9407 496 41661.0 215.7663 
516000 2485 326.528 13911.0 12.334 21.8483 497 41938.0 225.7897 
517000 2486 341.577 13947.0 12.847 22.8438 497 42014.0 225.7897 
518000 2490 333.252 13997.0 12.783 22.2667 498 42296.0 238.8107 
519000 2491 336.387 14028.0 12.787 22.4854 498 42355.0 238.8107 
520000 2492 360.859 14087.0 14.072 24.1599 498 42682.0 238.8107 
521000 2495 356.083 14101.0 13.457 23.8217 499 42717.0 257.0296 
522000 2496 371.581 14144.0 14.008 24.8662 499 42833.0 257.0296 
523000 2501 358.718 14183.0 13.632 24.003 500 43018.0 259.9267 
524000 2502 367.323 14240.0 13.879 24.5711 500 43283.0 259.9267 
525000 2505 360.55 14265.0 13.892 24.125 501 43347.0 267.934 
526000 2509 360.324 14317.0 14.052 24.1328 501 43559.0 267.934 
527000 2511 359.658 14351.0 13.992 24.0784 502 43658.0 269.3406 
528000 2514 361.089 14393.0 14.011 24.1736 502 43877.0 269.3406 
529000 2517 358.462 14422.0 13.734 23.9793 503 43945.0 269.3065 
530000 2519 351.837 14483.0 13.446 23.5389 503 44281.0 269.3065 
531000 2521 369.056 14494.0 14.111 24.715 504 44294.0 282.0759 
532000 2525 360.392 14520.0 13.547 24.1347 505 44360.0 261.1683 
533000 2526 366.644 14550.0 13.656 24.5429 505 44424.0 261.1683 
534000 2532 354.21 14575.0 12.897 23.6965 506 44485.0 245.6515 
535000 2536 343.467 14607.0 12.439 22.9849 507 44560.0 229.8863 
536000 2538 352.206 14641.0 12.685 23.5699 507 44647.0 229.8863 
537000 2540 343.856 14673.0 12.34 23.0007 508 44717.0 220.3977 
538000 2545 340.817 14721.0 12.457 22.7684 509 44944.0 224.0579 
539000 2547 349.76 14761.0 12.841 23.3668 509 45055.0 224.0579 
540000 2550 344.757 14811.0 12.92 23.0195 510 45306.0 237.5521 
541000 2553 345.516 14838.0 12.764 23.0924 510 45363.0 237.5521 
542000 2555 346.635 14897.0 13.279 23.1749 511 45658.0 248.6969 
543000 2556 355.202 14929.0 13.473 23.7429 511 45727.0 248.6969 
544000 2560 355.421 14983.0 13.732 23.7424 512 46022.0 260.7272 
545000 2561 356.933 15012.0 13.677 23.866 512 46064.0 260.7272 
546000 2567 345.505 15039.0 12.97 23.091 513 46154.0 246.4545 
547000 2570 341.133 15092.0 13.141 22.7834 514 46387.0 246.009 
548000 2572 344.908 15115.0 13.036 23.0365 514 46430.0 246.009 
549000 2575 346.3 15153.0 13.049 23.1335 515 46573.0 240.0081 
550000 2576 351.834 15191.0 13.228 23.5044 515 46678.0 240.0081 
551000 2580 353.862 15236.0 13.446 23.6364 516 46931.0 252.3073 
552000 2584 348.384 15262.0 12.98 23.2761 516 46988.0 252.3073 
553000 2585 359.397 15311.0 13.62 24.0058 517 47212.0 255.1766 
554000 2586 373.489 15349.0 14.168 24.9244 517 47290.0 255.1766 
555000 2590 359.57 15391.0 13.746 23.9904 518 47498.0 257.8589 
556000 2593 361.107 15425.0 13.655 24.0882 518 47583.0 257.8589 
557000 2595 364.992 15485.0 14.273 24.3355 519 47903.0 272.473 
558000 2596 373.693 15522.0 14.508 24.945 519 47992.0 272.473 
559000 2599 376.259 15571.0 14.814 25.077 519 48275.0 272.473 
560000 2600 372.234 15606.0 14.637 24.835 520 48341.0 283.4257 
561000 2603 375.722 15666.0 14.683 25.0573 520 48671.0 283.4257 
562000 2607 372.375 15687.0 14.705 24.8173 521 48705.0 295.5832 
563000 2609 378.148 15736.0 14.889 25.2325 521 48912.0 295.5832 
564000 2610 386.125 15773.0 15.391 25.764 522 49064.0 302.8248 
565000 2612 396.465 15812.0 15.707 26.4438 522 49201.0 302.8248 
566000 2615 386.491 15847.0 15.296 25.7623 523 49332.0 298.9424 
567000 2618 392.895 15882.0 15.386 26.2024 523 49439.0 298.9424 
568000 2621 388.844 15934.0 15.486 25.918 524 49695.0 305.9481 
569000 2624 384.384 15983.0 15.359 25.6454 524 49885.0 305.9481 
570000 2627 383.894 16013.0 15.264 25.6202 525 49948.0 296.8533 
571000 2629 381.693 16074.0 15.781 25.4666 525 50287.0 296.8533 
572000 2630 381.28 16108.0 15.526 25.4048 526 50334.0 306.268 
573000 2634 389.841 16162.0 16.032 25.999 526 50650.0 306.268 
574000 2635 388.464 16187.0 15.752 25.9269 527 50700.0 313.4412 
575000 2639 389.889 16219.0 15.576 26.0183 527 50814.0 313.4412 
576000 2641 378.136 16264.0 15.293 25.2604 528 50969.0 308.8971 
577000 2645 382.806 16309.0 15.48 25.612 529 51192.0 303.7074 
578000 2646 391.67 16344.0 15.751 26.2028 529 51255.0 303.7074 
579000 2648 397.83 16397.0 16.191 26.6588 529 51535.0 303.7074 
580000 2650 390.745 16424.0 15.766 26.1745 530 51603.0 311.4366 
581000 2654 390.539 16474.0 15.905 26.1594 530 51849.0 311.4366 
582000 2656 397.367 16511.0 16.052 26.6234 531 51939.0 311.193 
583000 2660 373.487 16543.0 15.015 25.0285 532 52011.0 290.7737 
584000 2663 377.449 16608.0 15.169 25.2706 532 52328.0 290.7737 
585000 2665 371.325 16639.0 15.275 24.8798 533 52400.0 298.3963 
586000 2669 370.113 16667.0 15.095 24.773 533 52519.0 298.3963 
587000 2670 375.73 16692.0 14.834 25.1411 534 52554.0 285.0567 
588000 2675 371.086 16734.0 14.658 24.8222 535 52769.0 281.351 
589000 2677 373.146 16768.0 14.588 24.9711 535 52862.0 281.351 
590000 2680 369.813 16820.0 14.771 24.7658 536 53142.0 289.9159 
591000 2682 377.573 16855.0 14.954 25.2851 536 53212.0 289.9159 
592000 2686 368.597 16889.0 14.493 24.6686 537 53325.0 277.6243 
593000 2689 368.196 16947.0 14.817 24.619 537 53593.0 277.6243 
594000 2690 364.732 16988.0 14.721 24.4059 538 53707.0 284.9619 
595000 2693 377.666 17027.0 15.198 25.2363 538 53887.0 284.9619 
596000 2696 371.865 17061.0 14.851 24.8627 539 54011.0 290.2657 
597000 2698 380.52 17120.0 15.571 25.4265 539 54303.0 290.2657 
598000 2701 376.988 17150.0 15.212 25.2154 540 54387.0 296.2391 
599000 2704 364.439 17206.0 14.653 24.3851 540 54698.0 296.2391 
600000 2704 364.439 17206.0 14.653 24.3851 540 54698.0 296.2391 
601000 2705 402.05 17215.0 15.16 26.8783 541 54708.0 302.4152 
602000 2710 388.331 17275.0 15.04 25.9601 542 55013.0 303.5737 
603000 2711 400.604 17310.0 15.439 26.792 542 55076.0 303.5737 
604000 2714 392.389 17362.0 15.396 26.2313 542 55365.0 303.5737 
605000 2716 400.635 17385.0 15.399 26.8042 543 55435.0 314.1163 
606000 2718 397.826 17418.0 15.144 26.6097 543 55530.0 314.1163 
607000 2720 393.401 17454.0 14.996 26.2951 544 55628.0 298.4047 
608000 2725 386.698 17519.0 15.246 25.8521 545 55974.0 307.7642 
609000 2727 386.661 17553.0 15.056 25.8514 545 56049.0 307.7642 
610000 2731 382.773 17597.0 15.052 25.6195 546 56253.0 303.4878 
611000 2735 368.349 17625.0 14.287 24.6454 547 56315.0 280.339 
612000 2735 368.349 17681.0 14.287 24.6454 547 56545.0 280.339 
613000 2739 378.332 17711.0 14.927 25.3245 547 56696.0 280.339 
614000 2740 375.285 17746.0 14.648 25.1328 548 56777.0 291.2051 
615000 2742 385.48 17772.0 14.933 25.8122 548 56910.0 291.2051 
616000 2742 385.48 17772.0 14.933 25.8122 548 56910.0 291.2051 
617000 2742 385.48 17772.0 14.933 25.8122 548 56910.0 291.2051 
618000 2742 385.48 17772.0 14.933 25.8122 548 56910.0 291.2051 
619000 2742 385.48 17772.0 14.933 25.8122 548 56910.0 291.2051 
620000 2742 385.48 17772.0 14.933 25.8122 548 56910.0 291.2051 
621000 2742 385.48 17773.0 14.933 25.8122 548 56911.0 291.2051 
622000 2745 509.145 17809.0 15.067 34.0458 549 57100.0 302.1846 
623000 2746 515.542 17851.0 15.325 34.4548 549 57203.0 302.1846 
624000 2750 489.608 17898.0 15.052 32.7332 550 57443.0 304.5661 
625000 2752 497.069 17962.0 15.76 33.2387 550 57752.0 304.5661 
626000 2755 479.091 17999.0 15.454 32.0116 551 57870.0 316.2095 
627000 2756 491.809 18061.0 15.945 32.8672 551 58170.0 316.2095 
628000 2756 491.809 18065.0 15.945 32.8672 551 58186.0 316.2095 
629000 2760 493.789 18088.0 15.808 32.9644 552 58270.0 326.0886 
630000 2763 490.234 18120.0 15.651 32.7515 552 58374.0 326.0886 
631000 2765 477.11 18165.0 15.502 31.8542 553 58562.0 319.8797 
632000 2770 463.731 18224.0 15.583 30.9727 554 58884.0 323.9917 
633000 2771 466.656 18254.0 15.651 31.1332 554 58933.0 323.9917 
634000 2775 448.41 18293.0 15.106 29.9405 555 59081.0 309.7926 
635000 2777 456.501 18359.0 16.017 30.4742 555 59407.0 309.7926 
636000 2781 438.782 18384.0 15.206 29.2868 556 59457.0 314.8133 
637000 2784 429.076 18439.0 14.781 28.6622 556 59749.0 314.8133 
638000 2785 432.735 18479.0 15.485 28.8732 557 59853.0 321.332 
639000 2789 433.998 18527.0 15.754 28.9832 557 60097.0 321.332 
640000 2792 422.285 18553.0 15.182 28.1804 558 60150.0 320.4988 
641000 2796 410.513 18582.0 14.583 27.4114 559 60216.0 296.7489 
642000 2799 408.53 18620.0 14.435 27.2435 559 60365.0 296.7489 
643000 2799 408.53 18652.0 14.435 27.2435 559 60556.0 296.7489 
644000 2800 422.68 18685.0 14.946 28.2022 560 60605.0 302.474 
645000 2804 423.517 18738.0 15.176 28.2629 560 60908.0 302.474 
646000 2806 415.848 18769.0 15.008 27.7696 561 60962.0 308.5266 
647000 2809 423.298 18819.0 15.532 28.2333 561 61225.0 308.5266 
648000 2811 423.908 18850.0 15.435 28.2817 562 61288.0 310.374 
649000 2813 429.851 18893.0 15.779 28.6826 562 61474.0 310.374 
650000 2816 419.69 18930.0 15.44 28.0014 563 61643.0 317.5366 
651000 2816 419.69 18998.0 15.44 28.0014 563 61942.0 317.5366 
652000 2820 429.083 19019.0 16.036 28.6064 564 62048.0 327.4829 
653000 2821 441.201 19053.0 16.415 29.4141 564 62101.0 327.4829 
654000 2824 427.739 19102.0 16.219 28.5155 564 62387.0 327.4829 
655000 2827 420.886 19124.0 15.653 28.0823 565 62424.0 328.9346 
656000 2831 415.099 19160.0 15.334 27.6929 566 62539.0 310.7412 
657000 2833 419.959 19189.0 15.363 28.0266 566 62591.0 310.7412 
658000 2835 413.999 19217.0 15.015 27.6324 567 62657.0 290.467 
659000 2838 415.813 19267.0 15.166 27.8005 567 62869.0 290.467 
660000 2840 417.959 19294.0 15.218 27.9512 568 63003.0 296.9203 
661000 2841 433.08 19329.0 15.714 28.9822 568 63075.0 296.9203 
662000 2845 412.961 19383.0 15.38 27.6688 569 63376.0 304.2283 
663000 2846 421.362 19425.0 15.632 28.2127 569 63500.0 304.2283 
664000 2850 408.375 19463.0 15.33 27.3281 570 63671.0 302.9055 
665000 2853 411.061 19495.0 15.233 27.5102 570 63772.0 302.9055 
666000 2855 403.13 19549.0 15.336 26.9621 571 64011.0 304.8149 
667000 2857 412.67 19594.0 15.671 27.588 571 64169.0 304.8149 
668000 2862 399.613 19625.0 15.119 26.7139 572 64292.0 303.1334 
669000 2866 383.907 19657.0 14.447 25.6541 573 64373.0 282.0201 
670000 2868 391.557 19685.0 14.528 26.1582 573 64433.0 282.0201 
671000 2871 382.338 19722.0 14.233 25.5548 574 64569.0 273.5181 
672000 2874 384.407 19753.0 14.115 25.6957 574 64654.0 273.5181 
673000 2876 387.579 19796.0 14.366 25.8919 575 64831.0 270.4663 
674000 2880 375.351 19823.0 13.725 25.0555 576 64913.0 253.7196 
675000 2882 377.03 19863.0 13.655 25.1849 576 65009.0 253.7196 
676000 2887 360.109 19903.0 13.325 24.0503 577 65195.0 255.9477 
677000 2890 361.718 19936.0 13.278 24.1411 578 65282.0 240.1529 
678000 2892 366.101 19970.0 13.342 24.4517 578 65363.0 240.1529 
679000 2895 359.462 20009.0 13.242 24.0141 579 65516.0 238.7376 
680000 2897 372.747 20041.0 13.565 24.8746 579 65598.0 238.7376 
681000 2900 371.764 20089.0 13.744 24.8451 580 65904.0 254.9639 
682000 2903 366.13 20147.0 13.613 24.4495 580 66148.0 254.9639 
683000 2906 363.648 20183.0 13.847 24.3105 581 66250.0 260.8675 
684000 2907 368.275 20238.0 13.89 24.597 581 66537.0 260.8675 
685000 2910 369.969 20267.0 14.27 24.7402 582 66641.0 275.8807 
686000 2912 379.361 20306.0 14.53 25.3485 582 66748.0 275.8807 
687000 2917 360.728 20346.0 13.898 24.1297 583 66961.0 280.1927 
688000 2918 375.373 20384.0 14.4 25.0962 583 67063.0 280.1927 
689000 2921 373.89 20418.0 14.319 24.9956 584 67187.0 274.3734 
690000 2925 361.784 20456.0 13.848 24.1876 585 67304.0 259.636 
691000 2926 369.328 20488.0 14.091 24.706 585 67367.0 259.636 
692000 2930 361.806 20520.0 13.656 24.2199 586 67487.0 251.5724 
693000 2932 371.182 20557.0 13.867 24.833 586 67613.0 251.5724 
694000 2935 362.123 20591.0 13.579 24.2223 587 67707.0 247.8152 
695000 2937 374.934 20631.0 14.014 25.0923 587 67842.0 247.8152 
696000 2940 361.452 20668.0 13.503 24.1727 588 67963.0 245.0337 
697000 2942 378.549 20724.0 14.488 25.3303 588 68234.0 245.0337 
698000 2945 376.638 20740.0 14.043 25.1949 589 68322.0 261.4303 
699000 2947 382.013 20771.0 14.082 25.5515 589 68388.0 261.4303 
700000 2950 370.029 20820.0 13.96 24.7431 590 68593.0 260.6873 
701000 2951 391.549 20885.0 15.16 26.1657 590 68896.0 260.6873 
702000 2956 373.552 20904.0 14.179 24.9572 591 68971.0 273.6186 
703000 2957 367.761 20945.0 13.915 24.5854 591 69082.0 273.6186 
704000 2962 369.22 20983.0 14.06 24.6642 592 69290.0 277.6567 
705000 2965 361.173 21028.0 13.965 24.1462 593 69482.0 269.491 
706000 2972 338.009 21055.0 12.79 22.5855 594 69543.0 248.7419 
707000 2974 343.233 21091.0 12.936 22.9201 594 69638.0 248.7419 
708000 2977 335.1 21131.0 12.583 22.3816 595 69741.0 237.8677 
709000 2978 354.558 21197.0 14.092 23.6683 595 70075.0 237.8677 
710000 2980 354.977 21209.0 13.534 23.7094 596 70098.0 255.181 
711000 2981 373.158 21267.0 14.243 24.9171 596 70337.0 255.181 
712000 2981 373.158 21285.0 14.243 24.9171 596 70448.0 255.181 
713000 2987 368.915 21296.0 13.497 24.6173 597 70498.0 270.3629 
714000 2988 377.456 21337.0 13.787 25.1783 597 70603.0 270.3629 
715000 2990 384.873 21381.0 14.343 25.6784 598 70874.0 281.1266 
716000 2990 384.873 21419.0 14.343 25.6784 598 70954.0 281.1266 
717000 2993 399.796 21459.0 15.048 26.6602 598 71165.0 281.1266 
718000 2997 391.996 21474.0 14.192 26.1577 599 71190.0 283.3139 
719000 2997 391.996 21515.0 14.192 26.1577 599 71321.0 283.3139 
720000 3000 401.084 21558.0 14.781 26.7626 600 71526.0 289.1825 
721000 3002 400.301 21590.0 14.671 26.7067 600 71602.0 289.1825 
722000 3005 396.821 21625.0 14.523 26.4698 601 71718.0 278.8643 
723000 3007 400.749 21670.0 14.62 26.7335 601 71873.0 278.8643 
724000 3007 400.749 21701.0 14.62 26.7335 601 72048.0 278.8643 
725000 3007 400.749 21701.0 14.62 26.7335 601 72048.0 278.8643 
726000 3007 400.749 21701.0 14.62 26.7335 601 72048.0 278.8643 
727000 3007 400.749 21701.0 14.62 26.7335 601 72048.0 278.8643 
728000 3010 481.35 21705.0 14.895 32.0725 602 72079.0 288.3778 
729000 3011 484.663 21767.0 14.997 32.2893 602 72364.0 288.3778 
730000 3014 484.533 21803.0 15.678 32.3044 602 72502.0 288.3778 
731000 3014 484.533 21811.0 15.678 32.3044 602 72513.0 288.3778 
732000 3015 502.903 21847.0 15.845 33.4923 603 72559.0 305.5401 
733000 3017 508.848 21903.0 16.226 33.9201 603 72818.0 305.5401 
734000 3021 486.683 21932.0 15.806 32.4411 604 72929.0 312.7861 
735000 3024 480.62 21991.0 15.681 32.0371 604 73216.0 312.7861 
736000 3025 482.148 22025.0 16.168 32.1266 605 73314.0 318.7075 
737000 3028 483.904 22057.0 16.149 32.2436 605 73439.0 318.7075 
738000 3030 482.381 22106.0 16.437 32.1602 606 73697.0 327.1367 
739000 3033 477.215 22138.0 16.209 31.8731 606 73798.0 327.1367 
740000 3034 474.75 22178.0 16.685 31.6826 606 74040.0 327.1367 
741000 3034 474.75 22182.0 16.685 31.6826 606 74053.0 327.1367 
742000 3036 508.377 22185.0 16.182 33.9842 607 74058.0 330.823 
743000 3038 505.701 22212.0 16.015 33.8229 607 74108.0 330.823 
744000 3040 506.039 22253.0 16.197 33.8426 608 74292.0 321.2407 
745000 3042 498.649 22278.0 15.891 33.3449 608 74331.0 321.2407 
746000 3044 501.612 22326.0 16.095 33.5386 608 74546.0 321.2407 
747000 3044 501.612 22339.0 16.095 33.5386 608 74628.0 321.2407 
748000 3046 521.711 22363.0 16.366 34.8758 609 74663.0 323.1167 
749000 3048 525.178 22423.0 17.014 35.075 609 74980.0 323.1167 
750000 3050 518.378 22440.0 16.519 34.6357 610 75029.0 329.505 
751000 3051 532.29 22489.0 17.228 35.5385 610 75172.0 329.505 
752000 3053 533.084 22524.0 17.391 35.597 610 75392.0 329.505 
753000 3057 508.79 22533.0 16.119 33.9741 611 75423.0 336.4545 
754000 3057 508.79 22569.0 16.119 33.9741 611 75495.0 336.4545 
755000 3058 527.334 22615.0 16.876 35.2047 611 75776.0 336.4545 
756000 3058 527.334 22615.0 16.876 35.2047 611 75776.0 336.4545 
757000 3060 552.366 22625.0 16.835 36.9038 612 75791.0 339.409 
758000 3064 532.747 22670.0 16.327 35.558 612 75963.0 339.409 
759000 3067 520.696 22712.0 16.341 34.7624 613 76125.0 336.8681 
760000 3070 512.658 22747.0 16.17 34.223 614 76289.0 322.6813 
761000 3072 507.856 22774.0 15.923 33.9006 614 76336.0 322.6813 
762000 3075 496.613 22817.0 15.815 33.1395 615 76508.0 311.5132 
763000 3076 508.041 22857.0 16.219 33.9286 615 76618.0 311.5132 
764000 3080 483.979 22910.0 15.98 32.3065 616 76894.0 318.6619 
765000 3081 494.22 22972.0 16.441 32.9914 616 77140.0 318.6619 
766000 3081 494.22 23001.0 16.441 32.9914 616 77295.0 318.6619 
767000 3081 494.22 23001.0 16.441 32.9914 616 77295.0 318.6619 
768000 3082 548.455 23002.0 17.352 36.6186 616 77306.0 318.6619 
769000 3086 525.214 23032.0 16.473 35.0707 617 77361.0 331.5957 
770000 3090 506.25 23074.0 16.121 33.7683 618 77548.0 319.9361 
771000 3091 504.225 23102.0 15.999 33.6671 618 77592.0 319.9361 
772000 3094 503.031 23156.0 16.259 33.5635 618 77907.0 319.9361 
773000 3096 493.42 23182.0 15.971 32.9257 619 77944.0 324.0425 
774000 3101 474.707 23225.0 15.517 31.6904 620 78136.0 312.8383 
775000 3105 459.007 23278.0 15.402 30.6575 621 78394.0 308.9544 
776000 3106 458.007 23308.0 15.294 30.5826 621 78440.0 308.9544 
777000 3109 461.847 23363.0 15.861 30.8274 621 78732.0 308.9544 
778000 3113 443.697 23385.0 15.021 29.6159 622 78773.0 312.359 
779000 3117 421.993 23417.0 14.237 28.1926 623 78842.0 289.2231 
780000 3121 411.64 23443.0 13.745 27.4937 624 78887.0 265.5008 
781000 3125 404.805 23486.0 13.684 27.0245 625 79099.0 261.9507 
782000 3126 399.989 23517.0 13.45 26.691 625 79140.0 261.9507 
783000 3130 403.063 23570.0 13.95 26.9003 626 79431.0 268.7556 
784000 3132 398.347 23595.0 13.654 26.6033 626 79467.0 268.7556 
785000 3134 407.374 23650.0 14.447 27.1687 626 79767.0 268.7556 
786000 3138 399.229 23656.0 13.479 26.6334 627 79777.0 275.6801 
787000 3140 403.431 23688.0 13.584 26.9188 628 79844.0 255.8121 
788000 3143 399.017 23714.0 13.294 26.6299 628 79879.0 255.8121 
789000 3145 388.899 23750.0 12.987 25.9444 629 79971.0 239.5309 
790000 3147 401.96 23790.0 13.643 26.8035 629 80133.0 239.5309 
791000 3150 392.618 23834.0 13.476 26.1907 630 80345.0 254.3778 
792000 3153 395.653 23892.0 13.84 26.3681 630 80634.0 254.3778 
793000 3155 390.592 23931.0 13.919 26.061 631 80753.0 268.64 
794000 3156 411.76 24003.0 15.24 27.4523 631 81108.0 268.64 
795000 3161 394.913 24014.0 14.229 26.3127 632 81148.0 283.776 
796000 3163 397.224 24047.0 14.293 26.4553 632 81231.0 283.776 
797000 3166 393.397 24099.0 14.443 26.2094 633 81478.0 287.6984 
798000 3169 391.729 24157.0 14.783 26.1128 633 81779.0 287.6984 
799000 3172 384.219 24181.0 14.249 25.6051 634 81824.0 291.0286 
800000 3173 399.155 24236.0 15.064 26.6075 634 82117.0 291.0286 
801000 3176 396.589 24269.0 14.964 26.4253 635 82213.0 300.1257 
802000 3180 384.722 24326.0 14.906 25.6436 636 82523.0 305.5131 
803000 3181 398.368 24364.0 15.387 26.532 636 82628.0 305.5131 
804000 3185 381.918 24417.0 15.08 25.4408 637 82910.0 312.7618 
805000 3186 394.879 24473.0 15.559 26.3023 637 83159.0 312.7618 
806000 3190 381.531 24509.0 15.317 25.408 638 83304.0 320.9856 
807000 3193 379.204 24543.0 15.035 25.2499 638 83395.0 320.9856 
808000 3197 369.523 24593.0 14.879 24.6033 639 83629.0 320.7871 
809000 3200 372.219 24638.0 15.051 24.7882 640 83842.0 311.5084 
810000 3201 367.094 24669.0 14.79 24.45 640 83889.0 311.5084 
811000 3205 368.306 24716.0 14.914 24.5185 641 84129.0 308.1575 
812000 3206 382.66 24771.0 15.476 25.45 641 84338.0 308.1575 
813000 3210 359.028 24799.0 14.592 23.8964 642 84394.0 299.1418 
814000 3214 366.269 24841.0 14.823 24.3686 642 84581.0 299.1418 
815000 3217 360.167 24876.0 14.444 23.9569 643 84688.0 299.1276 
816000 3220 359.615 24923.0 14.6 23.9518 644 84894.0 294.1148 
817000 3220 359.615 24966.0 14.6 23.9518 644 84994.0 294.1148 
818000 3224 369.947 25012.0 15.16 24.6147 644 85284.0 294.1148 
819000 3225 370.868 25039.0 14.997 24.7104 645 85324.0 304.5034 
820000 3229 375.383 25088.0 15.295 25.0139 645 85593.0 304.5034 
821000 3232 369.466 25120.0 14.769 24.6639 646 85673.0 307.353 
822000 3235 362.221 25157.0 14.582 24.1677 647 85800.0 293.0177 
823000 3237 375.445 25222.0 15.52 25.0859 647 86125.0 293.0177 
824000 3240 369.874 25246.0 14.998 24.7521 648 86200.0 304.5159 
825000 3241 383.577 25289.0 15.478 25.6825 648 86304.0 304.5159 
826000 3247 361.852 25326.0 14.594 24.2206 649 86488.0 302.1644 
827000 3249 363.837 25355.0 14.453 24.373 649 86561.0 302.1644 
828000 3252 365.591 25400.0 14.637 24.4676 650 86714.0 291.8479 
829000 3255 360.004 25461.0 14.869 24.0772 651 87009.0 296.0631 
830000 3257 368.771 25491.0 14.977 24.6539 651 87068.0 296.0631 
831000 3260 366.355 25534.0 14.906 24.4915 652 87276.0 293.5568 
832000 3261 372.368 25563.0 15.008 24.8778 652 87321.0 293.5568 
833000 3265 363.178 25607.0 14.696 24.2558 653 87522.0 287.9011 
834000 3267 370.999 25654.0 15.018 24.7776 653 87673.0 287.9011 
835000 3270 361.891 25691.0 14.758 24.1647 654 87836.0 289.911 
836000 3273 367.501 25734.0 14.863 24.5455 654 87984.0 289.911 
837000 3275 366.128 25779.0 15.021 24.4383 655 88172.0 294.5199 
838000 3277 377.803 25810.0 15.257 25.2371 655 88253.0 294.5199 
839000 3280 370.664 25854.0 15.073 24.7524 656 88462.0 294.4679 
840000 3284 368.448 25896.0 14.925 24.5981 656 88643.0 294.4679 
841000 3286 373.13 25937.0 15.13 24.8808 657 88767.0 291.3211 
842000 3290 362.699 25983.0 14.81 24.1986 658 88988.0 289.489 
843000 3294 354.271 26005.0 14.1 23.6331 658 89029.0 289.489 
844000 3298 344.628 26029.0 13.437 22.9804 659 89069.0 265.4401 
845000 3301 334.436 26059.0 12.9 22.3037 660 89126.0 244.2961 
846000 3302 356.667 26128.0 14.202 23.7786 660 89463.0 244.2961 
847000 3305 346.104 26150.0 13.616 23.069 661 89506.0 259.2665 
848000 3309 351.062 26217.0 14.251 23.4536 661 89856.0 259.2665 
849000 3311 350.125 26241.0 13.986 23.3842 662 89897.0 272.3398 
850000 3315 347.097 26291.0 13.985 23.1457 663 90170.0 274.7059 
851000 3316 361.935 26333.0 14.585 24.1528 663 90252.0 274.7059 
852000 3318 352.958 26385.0 14.226 23.553 663 90567.0 274.7059 
853000 3321 362.292 26392.0 14.215 24.1751 664 90586.0 288.4353 
854000 3321 362.292 26440.0 14.215 24.1751 664 90706.0 288.4353 
855000 3325 366.972 26478.0 14.591 24.5008 665 90898.0 290.0917 
856000 3326 384.453 26519.0 15.219 25.6378 665 91015.0 290.0917 
857000 3328 389.187 26565.0 15.616 25.9572 665 91285.0 290.0917 
858000 3328 389.187 26565.0 15.616 25.9572 665 91285.0 290.0917 
859000 3328 389.187 26565.0 15.616 25.9572 665 91285.0 290.0917 
860000 3330 432.053 26575.0 15.097 28.8392 666 91327.0 303.8826 
861000 3332 439.203 26616.0 15.475 29.2861 666 91442.0 303.8826 
862000 3335 424.789 26655.0 15.105 28.3393 667 91631.0 304.1943 
863000 3336 443.913 26704.0 15.983 29.5773 667 91819.0 304.1943 
864000 3339 429.236 26740.0 15.68 28.6154 667 92032.0 304.1943 
865000 3340 444.031 26747.0 15.447 29.5931 668 92040.0 314.9749 
866000 3341 445.891 26780.0 15.438 29.7082 668 92113.0 314.9749 
867000 3345 440.105 26837.0 15.695 29.3225 669 92411.0 320.6774 
868000 3347 445.08 26872.0 15.838 29.6564 669 92508.0 320.6774 
869000 3350 435.71 26931.0 15.935 29.0425 670 92810.0 327.7097 
870000 3352 433.795 26997.0 16.019 28.9077 670 93085.0 327.7097 
871000 3356 426.791 27026.0 16.042 28.4458 671 93196.0 333.8387 
872000 3357 428.395 27067.0 15.981 28.5128 671 93307.0 333.8387 
873000 3360 425.847 27110.0 16.245 28.3786 672 93518.0 332.7548 
874000 3361 444.87 27156.0 17.04 29.6091 672 93658.0 332.7548 
875000 3365 428.842 27198.0 16.506 28.5649 673 93905.0 339.0793 
876000 3368 424.548 27235.0 16.299 28.2582 673 93999.0 339.0793 
877000 3370 419.265 27274.0 16.183 27.9175 674 94130.0 326.3714 
878000 3373 420.317 27312.0 16.12 27.9669 674 94237.0 326.3714 
879000 3375 412.182 27354.0 15.977 27.4487 675 94407.0 319.9343 
880000 3377 423.722 27422.0 16.851 28.2148 675 94747.0 319.9343 
881000 3379 419.651 27430.0 16.518 27.9417 675 94781.0 319.9343 
882000 3380 438.518 27437.0 16.247 29.1693 676 94789.0 328.3408 
883000 3381 435.948 27471.0 16.082 29.0196 676 94872.0 328.3408 
884000 3385 430.714 27520.0 16.209 28.6355 677 95108.0 327.1068 
885000 3387 433.821 27560.0 16.197 28.8403 677 95231.0 327.1068 
886000 3391 423.573 27607.0 16.095 28.178 678 95498.0 333.3961 
887000 3392 437.821 27659.0 16.893 29.1246 678 95686.0 333.3961 
888000 3395 422.672 27698.0 16.397 28.1085 679 95851.0 334.6565 
889000 3400 407.31 27730.0 15.631 27.0725 680 95954.0 312.8908 
890000 3400 407.31 27771.0 15.631 27.0725 680 96058.0 312.8908 
891000 3404 413.848 27825.0 16.27 27.5218 680 96368.0 312.8908 
892000 3406 418.792 27845.0 16.005 27.8764 681 96405.0 324.2017 
893000 3409 414.734 27911.0 16.374 27.5917 681 96744.0 324.2017 
894000 3411 403.686 27942.0 15.846 26.8508 682 96801.0 329.2816 
895000 3413 414.851 27997.0 16.338 27.5924 682 97086.0 329.2816 
896000 3415 412.218 28022.0 16.202 27.3975 683 97137.0 332.4534 
897000 3416 435.993 28083.0 17.477 28.993 683 97403.0 332.4534 
898000 3418 437.316 28097.0 17.121 29.064 683 97503.0 332.4534 
899000 3420 437.943 28108.0 16.521 29.0969 684 97540.0 341.3081 
900000 3421 450.104 28148.0 16.991 29.8966 684 97638.0 341.3081 
901000 3426 427.071 28198.0 16.379 28.398 685 97915.0 344.1773 
902000 3426 427.071 28265.0 16.379 28.398 685 98219.0 344.1773 
903000 3430 424.588 28288.0 16.601 28.2443 686 98297.0 347.4595 
904000 3431 444.236 28338.0 17.429 29.5793 686 98480.0 347.4595 
905000 3433 445.647 28372.0 17.532 29.7134 686 98690.0 347.4595 
906000 3435 446.709 28378.0 16.837 29.7929 687 98704.0 354.5136 
907000 3435 446.709 28421.0 16.837 29.7929 687 98798.0 354.5136 
908000 3437 466.722 28469.0 18.031 31.154 687 99094.0 354.5136 
909000 3440 461.468 28477.0 17.108 30.8103 688 99123.0 361.1622 
910000 3442 464.948 28514.0 17.218 31.0525 688 99201.0 361.1622 
911000 3445 457.748 28566.0 17.229 30.5618 689 99523.0 365.446 
912000 3445 457.748 28604.0 17.229 30.5618 689 99603.0 365.446 
913000 3448 466.653 28660.0 17.962 31.1331 689 99905.0 365.446 
914000 3452 447.563 28686.0 16.934 29.8576 690 99968.0 369.4014 
915000 3455 445.94 28754.0 17.49 29.7454 691 100303.0 369.9613 
916000 3455 445.94 28795.0 17.49 29.7454 691 100389.0 369.9613 
917000 3460 435.73 28837.0 17.213 29.0299 692 100625.0 364.3651 
918000 3462 440.489 28878.0 17.344 29.3554 692 100743.0 364.3651 
919000 3464 432.128 28914.0 17.191 28.8137 692 100973.0 364.3651 
920000 3464 432.128 28914.0 17.191 28.8137 692 100973.0 364.3651 
921000 3464 432.128 28914.0 17.191 28.8137 692 100973.0 364.3651 
922000 3464 432.128 28914.0 17.191 28.8137 692 100973.0 364.3651 
923000 3465 516.586 28924.0 17.367 34.4259 693 101017.0 367.8286 
924000 3466 525.054 28962.0 17.74 34.9829 693 101080.0 367.8286 
925000 3466 525.054 29010.0 17.74 34.9829 693 101356.0 367.8286 
926000 3467 539.293 29021.0 18.525 35.9625 693 101416.0 367.8286 
927000 3468 565.847 29020.0 18.235 37.7628 693 101416.0 367.8286 
928000 3468 565.847 29023.0 18.235 37.7628 693 101434.0 367.8286 
929000 3468 565.847 29023.0 18.235 37.7628 693 101434.0 367.8286 
930000 3468 565.847 29023.0 18.235 37.7628 693 101434.0 367.8286 
931000 3470 618.01 29028.0 17.552 41.2308 694 101444.0 373.2458 
932000 3472 614.146 29067.0 17.586 41.0102 694 101548.0 373.2458 
933000 3474 607.765 29113.0 17.91 40.5882 694 101818.0 373.2458 
934000 3475 604.75 29143.0 17.671 40.3659 695 101876.0 376.5212 
935000 3479 587.974 29199.0 17.826 39.2763 695 102200.0 376.5212 
936000 3480 582.934 29233.0 17.59 38.9142 696 102262.0 376.4691 
937000 3485 559.212 29294.0 17.526 37.3585 697 102577.0 374.1222 
938000 3485 559.212 29348.0 17.526 37.3585 697 102784.0 374.1222 
939000 3488 564.22 29379.0 18.155 37.6774 697 102947.0 374.1222 
940000 3490 557.576 29397.0 17.653 37.229 698 102991.0 377.5099 
941000 3493 549.093 29429.0 17.327 36.6684 698 103065.0 377.5099 
942000 3495 546.027 29480.0 17.627 36.4442 699 103337.0 374.7589 
943000 3496 553.807 29524.0 18.015 36.9849 699 103472.0 374.7589 
944000 3497 561.771 29572.0 18.834 37.4952 699 103743.0 374.7589 
945000 3499 555.242 29577.0 18.168 37.0504 699 103759.0 374.7589 
946000 3500 559.617 29610.0 18.025 37.3362 700 103805.0 381.2831 
947000 3505 537.662 29673.0 17.929 35.8901 701 104155.0 381.4547 
948000 3505 537.662 29711.0 17.929 35.8901 701 104229.0 381.4547 
949000 3509 527.293 29758.0 17.901 35.1956 701 104496.0 381.4547 
950000 3512 522.93 29791.0 17.749 34.8775 702 104565.0 379.8093 
951000 3513 527.171 29830.0 17.914 35.1714 702 104716.0 379.8093 
952000 3514 530.828 29864.0 18.356 35.3907 702 104937.0 379.8093 
953000 3517 529.295 29889.0 17.909 35.2924 703 104977.0 384.3283 
954000 3518 524.749 29941.0 17.751 35.0106 703 105249.0 384.3283 
955000 3520 533.577 29965.0 18.205 35.5659 704 105347.0 385.3955 
956000 3520 533.577 30031.0 18.205 35.5659 704 105632.0 385.3955 
957000 3521 561.705 30059.0 19.861 37.4657 704 105757.0 385.3955 
958000 3521 561.705 30062.0 19.861 37.4657 704 105763.0 385.3955 
959000 3524 564.116 30087.0 18.99 37.6119 704 105806.0 385.3955 
960000 3526 569.378 30119.0 19.111 37.9649 705 105852.0 394.456 
961000 3528 567.905 30163.0 19.243 37.8467 705 106090.0 394.456 
962000 3529 560.747 30188.0 19.058 37.3841 705 106212.0 394.456 
963000 3532 562.475 30213.0 18.718 37.4971 706 106270.0 397.4104 
964000 3535 541.371 30258.0 18.286 36.0595 707 106456.0 378.1693 
965000 3537 541.365 30317.0 18.345 36.0742 707 106730.0 378.1693 
966000 3541 519.364 30345.0 17.887 34.5982 708 106846.0 379.6524 
967000 3542 531.897 30386.0 18.39 35.4309 708 106948.0 379.6524 
968000 3546 510.591 30436.0 17.966 34.0027 709 107248.0 382.4872 
969000 3546 510.591 30480.0 17.966 34.0027 709 107346.0 382.4872 
970000 3549 516.4 30533.0 18.7 34.4072 709 107657.0 382.4872 
971000 3554 490.556 30555.0 17.454 32.651 710 107696.0 385.4384 
972000 3555 490.125 30582.0 17.325 32.6329 711 107736.0 353.1946 
973000 3556 507.562 30628.0 18.058 33.8065 711 107879.0 353.1946 
974000 3560 483.313 30667.0 17.369 32.1892 712 108099.0 354.7751 
975000 3560 483.313 30718.0 17.369 32.1892 712 108240.0 354.7751 
976000 3564 489.469 30756.0 17.901 32.5948 712 108492.0 354.7751 
977000 3566 486.674 30780.0 17.472 32.386 713 108539.0 360.6976 
978000 3570 469.826 30848.0 17.55 31.2853 714 108881.0 361.9279 
979000 3571 473.209 30877.0 17.579 31.5069 714 108926.0 361.9279 
980000 3575 459.445 30932.0 17.372 30.5696 715 109234.0 360.6351 
981000 3578 453.714 30989.0 17.231 30.2075 715 109468.0 360.6351 
982000 3580 446.062 31027.0 17.256 29.7011 716 109589.0 358.3716 
983000 3584 443.504 31071.0 17.192 29.5576 716 109775.0 358.3716 
984000 3586 440.203 31110.0 17.027 29.3697 717 109903.0 351.8344 
985000 3588 446.963 31175.0 17.848 29.8219 717 110252.0 351.8344 
986000 3590 433.987 31205.0 17.241 28.9692 718 110305.0 357.651 
987000 3592 441.744 31255.0 17.346 29.5179 718 110546.0 357.651 
988000 3596 431.141 31285.0 17.09 28.7934 719 110646.0 357.1859 
989000 3600 418.094 31323.0 16.536 27.9448 720 110787.0 337.4673 
990000 3601 434.372 31361.0 17.085 28.9991 720 110892.0 337.4673 
991000 3602 429.425 31406.0 16.923 28.6895 720 111154.0 337.4673 
992000 3603 448.276 31412.0 17.325 29.9512 720 111185.0 337.4673 
993000 3603 448.276 31412.0 17.325 29.9512 720 111185.0 337.4673 
994000 3603 448.276 31412.0 17.325 29.9512 720 111185.0 337.4673 
995000 3603 448.276 31412.0 17.325 29.9512 720 111185.0 337.4673 
996000 3603 448.276 31412.0 17.325 29.9512 720 111185.0 337.4673 
997000 3603 448.276 31412.0 17.325 29.9512 720 111185.0 337.4673 
998000 3603 448.276 31412.0 17.325 29.9512 720 111185.0 337.4673 
999000 3603 448.276 31412.0 17.325 29.9512 720 111185.0 337.4673 
