10000 10 182.927 0.0 0.0 0.459 0 0 0 
20000 22 318.5 -1.0 -0.025 0.7872 0 0 0 
30000 85 179.474 -46.0 -0.54 0.6782 0 0 0 
40000 110 276.207 -64.0 -0.591 1.2869 0 0 0 
50000 121 410.927 -65.0 -0.491 1.9841 0 0 0 
60000 131 518.684 -65.0 -0.401 2.5378 0 0 0 
70000 150 520.902 -67.0 -0.315 2.58 0 0 0 
80000 164 561.497 -68.0 -0.251 2.7996 0 0 0 
90000 180 573.821 -70.0 -0.221 2.8694 0 0 0 
100000 194 613.501 -66.0 -0.099 3.0747 0 0 0 
110000 218 542.151 -56.0 0.093 2.7209 0 0 0 
120000 232 573.583 -51.0 0.148 2.901 0 0 0 
130000 248 591.295 -43.0 0.245 2.9716 0 0 0 
140000 262 620.004 -37.0 0.291 3.1334 0 0 0 
150000 278 627.501 -35.0 0.244 3.1602 0 0 0 
160000 294 616.897 -29.0 0.277 3.1166 0 0 0 
170000 313 589.389 -19.0 0.353 2.9943 0 0 0 
180000 331 590.391 -13.0 0.354 3.0096 0 0 0 
190000 347 590.095 -12.0 0.275 2.9934 0 0 0 
200000 364 586.029 -12.0 0.189 2.9678 0 0 0 
210000 384 561.958 0.0 0.327 2.8411 0 0 0 
220000 396 625.803 2.0 0.293 3.179 0 0 0 
230000 413 617.481 6.0 0.273 3.1271 0 0 0 
240000 430 600.536 15.0 0.348 3.0457 0 0 0 
250000 453 541.859 19.0 0.268 2.7454 0 0 0 
260000 465 596.264 23.0 0.285 3.0583 0 0 0 
270000 480 614.036 30.0 0.333 3.1158 0 0 0 
280000 494 641.775 34.0 0.325 3.2612 0 0 0 
290000 513 599.668 44.0 0.393 3.0326 0 0 0 
300000 541 497.429 62.0 0.52 2.5201 0 0 0 
310000 560 501.853 73.0 0.532 2.5446 0 0 0 
320000 593 396.941 89.0 0.501 2.0189 0 0 0 
330000 624 373.488 96.0 0.336 1.8885 0 0 0 
340000 655 352.376 110.0 0.395 1.8017 0 0 0 
350000 684 353.014 121.0 0.393 1.8081 0 0 0 
360000 714 350.918 137.0 0.437 1.7667 0 0 0 
370000 743 342.128 155.0 0.521 1.7305 0 0 0 
380000 782 296.393 162.0 0.348 1.5059 0 0 0 
390000 814 296.975 174.0 0.36 1.4995 0 0 0 
400000 839 341.571 183.0 0.367 1.7626 0 0 0 
410000 860 374.214 189.0 0.315 1.907 0 0 0 
420000 883 401.599 189.0 0.198 2.0507 0 0 0 
430000 905 415.169 199.0 0.302 2.1198 0 0 0 
440000 985 184.449 272.0 0.794 0.9459 0 0 0 
450000 1073 117.726 352.0 0.891 0.614 0 0 0 
460000 1143 136.544 413.0 0.882 0.7007 0 0 0 
470000 1209 140.856 471.0 0.877 0.7268 0 0 0 
480000 1290 132.918 544.0 0.912 0.6809 0 0 0 
490000 1363 131.323 611.0 0.927 0.6898 0 0 0 
500000 1438 136.743 684.0 0.967 0.7096 0 0 0 
510000 1525 120.125 761.0 0.927 0.6159 0 0 0 
520000 1616 118.76 842.0 0.895 0.6222 0 0 0 
530000 1698 119.692 918.0 0.897 0.6371 0 0 0 
540000 1762 132.985 975.0 0.888 0.706 0 0 0 
550000 1845 127.436 1036.0 0.728 0.6624 0 0 0 
560000 1926 131.638 1090.0 0.761 0.69 0 0 0 
570000 1988 155.393 1144.0 0.844 0.8144 0 0 0 
580000 2057 151.143 1201.0 0.83 0.7813 0 0 0 
590000 2110 177.885 1242.0 0.781 0.9126 0 0 0 
600000 2188 132.589 1303.0 0.813 0.7062 0 0 0 
610000 2266 132.416 1373.0 0.876 0.6971 0 0 0 
620000 2346 128.242 1443.0 0.871 0.6677 0 0 0 
630000 2446 97.662 1520.0 0.712 0.5069 0 0 0 
640000 2526 122.925 1575.0 0.682 0.6496 0 0 0 
650000 2596 142.374 1632.0 0.766 0.7458 0 0 0 
660000 2710 87.099 1726.0 0.815 0.4566 0 0 0 
670000 2818 89.254 1817.0 0.811 0.4646 0 0 0 
680000 2890 137.108 1879.0 0.845 0.7255 0 0 0 
690000 2979 112.495 1955.0 0.83 0.6048 0 0 0 
700000 3081 94.171 2046.0 0.901 0.4956 0 0 0 
710000 3177 105.822 2119.0 0.796 0.5537 0 0 0 
720000 3267 110.054 2192.0 0.795 0.5854 0 0 0 
730000 3370 95.804 2290.0 0.911 0.4903 0 0 0 
740000 3481 95.914 2389.0 0.847 0.5024 0 0 0 
750000 3586 98.121 2479.0 0.841 0.5101 0 0 0 
760000 3707 92.253 2589.0 0.898 0.4766 0 0 0 
770000 3795 108.428 2660.0 0.803 0.5571 0 0 0 
780000 3899 93.852 2744.0 0.793 0.4937 0 0 0 
790000 4017 81.88 2846.0 0.867 0.4258 0 0 0 
800000 4128 85.011 2947.0 0.929 0.4335 0 0 0 
810000 4233 90.082 3038.0 0.861 0.4921 0 0 0 
820000 4339 100.789 3121.0 0.792 0.5219 0 0 0 
830000 4457 78.784 3227.0 0.905 0.4178 0 0 0 
840000 4518 131.65 3273.0 0.826 0.6747 0 0 0 
850000 4609 108.97 3350.0 0.834 0.5745 0 0 0 
860000 4697 98.31 3426.0 0.819 0.5103 0 0 0 
870000 4792 101.698 3513.0 0.911 0.5285 0 0 0 
880000 4899 94.566 3597.0 0.815 0.4816 0 0 0 
890000 4995 108.536 3682.0 0.894 0.5831 0 0 0 
900000 5088 118.169 3767.0 0.846 0.6065 0 0 0 
910000 5178 99.374 3848.0 0.87 0.5173 0 0 0 
920000 5272 105.105 3938.0 0.947 0.5343 0 0 0 
930000 5362 97.745 4006.0 0.829 0.5038 0 0 0 
940000 5471 93.744 4095.0 0.812 0.4812 0 0 0 
950000 5592 81.269 4200.0 0.845 0.4245 0 0 0 
960000 5702 84.714 4304.0 0.933 0.4406 0 0 0 
970000 5799 93.547 4374.0 0.729 0.4926 0 0 0 
980000 5907 83.098 4458.0 0.803 0.4339 0 0 0 
990000 6030 81.688 4571.0 0.941 0.4243 0 0 0 
1000000 6126 98.851 4659.0 0.922 0.5155 0 0 0 
