10000 11 169.514 5468.952 93.636 0.1857 0 0 0 0.0 0.0 
20000 23 313.552 10439.39 162.597 0.3436 0 0 0 0.0 0.0 
30000 33 439.122 12433.24 172.992 0.7919 0 0 0 0.0003085 0.0030845 
40000 43 541.722 14287.151 175.302 1.1786 0 0 0 0.0002375 0.0023753 
50000 53 625.553 16315.255 179.339 1.4936 0 0 0 0.0002462 0.0024619 
60000 143 250.031 20068.934 87.028 0.6698 0 0 0 0.0003096 0.0030957 
70000 153 387.221 26399.975 187.101 1.0758 0 0 0 0.0003189 0.003189 
80000 163 490.74 31449.771 239.98 1.3779 0 0 0 0.0003325 0.0033255 
90000 173 583.897 36894.45 296.161 1.6534 0 0 0 0.0003691 0.0036912 
100000 183 660.014 43096.428 354.936 1.9011 0 0 0 0.0003752 0.0037516 
110000 193 714.206 48686.305 387.828 2.0727 0 0 0 0.0003871 0.0038713 
120000 204 756.867 53356.579 397.757 2.1958 0 0 0 0.0004046 0.0040456 
130000 215 788.597 58601.735 414.569 2.2811 0 0 0 0.0004031 0.0040312 
140000 226 818.503 63461.862 424.39 2.3991 0 0 0 0.0004002 0.0040025 
150000 237 839.167 68530.338 434.154 2.4456 0 0 0 0.0004223 0.0042227 
160000 251 798.065 72850.237 397.695 2.3209 0 0 0 0.0004238 0.0042377 
170000 261 835.005 78157.704 422.34 2.4254 0 0 0 0.0004196 0.0041956 
180000 272 850.165 84012.65 443.247 2.4624 0 0 0 0.0004023 0.0040235 
190000 284 852.921 90313.59 463.291 2.4717 0 0 0 0.0003846 0.003846 
200000 294 879.826 95755.346 478.917 2.5551 0 0 0 0.0003602 0.0036023 
210000 304 901.809 101771.943 501.152 2.6186 0 0 0 0.0003285 0.0032846 
220000 314 919.771 107041.14 506.982 2.6681 0 0 0 0.0002921 0.0029208 
230000 324 934.447 112677.231 516.895 2.706 0 0 0 0.0002487 0.0024872 
240000 334 946.438 118026.319 521.12 2.7415 0 0 0 0.0002197 0.0021968 
250000 345 943.221 123649.596 520.15 2.7354 0 0 0 0.0002072 0.002072 
260000 355 953.608 130183.358 543.993 2.7654 0 0 0 0.000187 0.0018702 
270000 365 962.094 135482.059 542.172 2.7898 0 0 0 0.0001673 0.0016726 
280000 375 969.028 141677.751 556.839 2.8035 0 0 0 0.0001579 0.0015794 
290000 385 974.694 147180.447 555.587 2.8248 0 0 0 0.0001519 0.0015195 
300000 395 979.323 154067.857 580.515 2.8403 0 0 0 0.0001506 0.001506 
310000 405 983.105 160050.544 582.613 2.8557 0 0 0 0.0001474 0.0014739 
320000 415 983.816 165981.668 583.708 2.855 0 0 0 0.0001498 0.0014984 
330000 425 976.776 172264.384 585.089 2.8356 0 0 0 0.0001461 0.0014607 
340000 435 981.024 177973.805 588.23 2.859 0 0 0 0.0001441 0.0014405 
350000 445 984.495 185012.489 604.51 2.8631 0 0 0 0.0001405 0.0014049 
360000 455 987.331 191526.579 615.928 2.8796 0 0 0 0.0001419 0.0014187 
370000 465 989.649 199123.952 642.387 2.8901 0 0 0 0.0001422 0.0014217 
380000 475 991.542 205547.591 640.361 2.9025 0 0 0 0.0001422 0.0014218 
390000 485 993.089 212271.747 643.368 2.9085 0 0 0 0.0001476 0.001476 
400000 495 994.354 218725.75 650.438 2.9233 0 0 0 0.0001511 0.0015111 
410000 505 995.386 225535.025 653.407 2.9166 0 0 0 0.0001483 0.0014828 
420000 515 996.23 233379.178 676.261 2.9304 0 0 0 0.0001569 0.0015687 
430000 525 996.92 242158.363 709.406 2.921 0 0 0 0.0001608 0.0016085 
440000 535 997.483 249466.986 713.478 2.9224 0 0 0 0.0001659 0.0016588 
450000 545 997.944 257195.531 726.116 2.9247 0 0 0 0.000164 0.0016401 
460000 555 998.32 265826.769 748.009 2.9277 0 0 0 0.0001684 0.0016836 
470000 565 998.627 273054.435 747.049 2.942 0 0 0 0.0001691 0.0016914 
480000 575 998.878 280396.405 745.609 2.9486 0 0 0 0.0001724 0.0017244 
490000 585 999.084 288603.876 755.474 2.9445 0 0 0 0.0001706 0.001706 
500000 596 984.888 297067.251 761.005 2.915 0 0 0 0.0001756 0.0017563 
510000 606 987.653 305486.447 776.281 2.9187 0 0 0 0.0001741 0.0017408 
520000 616 989.911 313863.008 793.056 2.9303 0 0 0 0.0001772 0.0017721 
530000 626 991.757 323202.152 810.732 2.9312 0 0 0 0.0001758 0.0017584 
540000 636 993.265 332446.136 838.381 2.9415 0 0 0 0.0001811 0.0018106 
550000 646 994.497 340319.819 830.209 2.9433 0 0 0 0.0001872 0.0018718 
560000 656 995.503 349323.667 835.512 2.94 0 0 0 0.0001853 0.0018528 
570000 666 996.326 357166.603 830.066 2.9388 0 0 0 0.000196 0.0019601 
580000 676 996.998 365845.619 833.589 2.9382 0 0 0 0.0001994 0.0019942 
590000 686 997.547 374536.366 842.996 2.9395 0 0 0 0.0001956 0.0019559 
600000 696 997.996 383305.2 846.528 2.9455 0 0 0 0.0002004 0.0020045 
610000 706 998.362 392570.64 863.588 2.9352 0 0 0 0.0002022 0.0020225 
620000 716 998.662 402734.282 889.433 2.9356 0 0 0 0.0002017 0.002017 
630000 726 998.907 413348.506 926.945 2.9367 0 0 0 0.0002019 0.002019 
640000 736 999.107 422672.233 923.105 2.9284 0 0 0 0.0002073 0.0020732 
650000 746 999.27 433955.145 960.053 2.934 0 0 0 0.0002065 0.002065 
660000 756 999.404 444565.017 980.061 2.9399 0 0 0 0.0002064 0.0020641 
670000 766 999.513 455067.498 993.172 2.936 0 0 0 0.0002055 0.0020555 
680000 776 999.602 466539.683 1025.875 2.936 0 0 0 0.0002065 0.0020653 
690000 786 999.675 477349.592 1027.863 2.9451 0 0 0 0.000201 0.0020104 
700000 796 999.734 487931.015 1031.439 2.9415 0 0 0 0.0002016 0.0020161 
710000 806 999.783 498458.154 1038.513 2.9453 0 0 0 0.0002014 0.0020145 
720000 816 999.823 510651.746 1068.604 2.9453 0 0 0 0.0001988 0.0019883 
730000 826 999.855 522168.513 1084.021 2.9485 0 0 0 0.000201 0.0020102 
740000 836 999.882 532844.153 1091.335 2.9423 0 0 0 0.0002 0.0019998 
750000 846 999.903 544281.466 1092.62 2.9578 0 0 0 0.0001916 0.0019155 
760000 856 999.921 555826.851 1106.31 2.9465 0 0 0 0.0001915 0.0019147 
770000 866 999.935 566878.126 1111.584 2.9369 0 0 0 0.0001857 0.0018575 
780000 876 999.947 575479.367 1056.13 2.938 0 0 0 0.0001893 0.0018926 
790000 886 999.957 584556.155 1024.856 2.9318 0 0 0 0.0001861 0.0018611 
800000 896 999.965 594205.112 1012.289 2.9259 0 0 0 0.0001888 0.0018881 
810000 906 999.971 607418.206 1070.959 2.9131 0 0 0 0.0001843 0.0018433 
820000 916 999.976 620087.244 1110.304 2.914 0 0 0 0.0001883 0.0018829 
830000 926 999.981 629274.389 1076.882 2.9124 0 0 0 0.0001825 0.0018251 
840000 936 999.984 640013.4 1075.668 2.9174 0 0 0 0.0001809 0.0018091 
850000 946 999.987 649112.844 1048.828 2.9172 0 0 0 0.0001766 0.0017656 
860000 956 999.99 658932.933 1036.671 2.9217 0 0 0 0.0001766 0.001766 
870000 966 999.991 669270.433 1026.312 2.9262 0 0 0 0.0001819 0.0018189 
880000 976 999.993 682442.528 1078.399 2.9181 0 0 0 0.0001831 0.0018308 
890000 986 999.994 696707.098 1140.581 2.9252 0 0 0 0.0001823 0.0018234 
900000 996 999.995 709447.355 1170.008 2.9153 0 0 0 0.0001898 0.001898 
910000 1006 999.996 720125.306 1155.059 2.9086 0 0 0 0.0001861 0.0018611 
920000 1016 999.997 728324.136 1083.012 2.9023 0 0 0 0.0001926 0.0019264 
930000 1026 999.997 739358.095 1088.25 2.9087 0 0 0 0.0001865 0.0018648 
940000 1036 999.998 751177.104 1102.47 2.9042 0 0 0 0.0001948 0.0019475 
950000 1046 999.998 762703.902 1122.527 2.8985 0 0 0 0.0001853 0.0018533 
960000 1056 999.999 774274.382 1123.513 2.9004 0 0 0 0.0001939 0.001939 
970000 1067 993.346 786466.74 1134.011 2.8885 0 0 0 0.0001939 0.0019386 
980000 1077 994.563 799892.321 1170.788 2.8818 0 0 0 0.0001946 0.001946 
990000 1087 995.558 812167.038 1182.658 2.88 0 0 0 0.000195 0.0019495 
1000000 1097 996.37 824363.951 1190.446 2.8775 0 0 0 0.0001919 0.0019195 
1010000 1107 997.034 836546.119 1196.419 2.8807 0 0 0 0.0001848 0.0018476 
1020000 1117 997.577 848195.467 1190.779 2.8803 0 0 0 0.0001852 0.0018519 
1030000 1127 998.02 860068.272 1190.515 2.877 0 0 0 0.0001864 0.0018641 
1040000 1137 998.382 872400.223 1198.727 2.8791 0 0 0 0.0001915 0.0019148 
1050000 1147 998.678 883859.855 1188.397 2.8904 0 0 0 0.0001907 0.001907 
1060000 1157 998.92 896499.63 1203.974 2.8875 0 0 0 0.0001866 0.0018661 
1070000 1167 999.118 909496.31 1221.906 2.9063 0 0 0 0.0001905 0.0019047 
1080000 1177 999.279 925100.247 1283.319 2.8974 0 0 0 0.0001833 0.0018333 
1090000 1187 999.411 941948.592 1357.242 2.8902 0 0 0 0.0001817 0.0018175 
1100000 1197 999.519 957769.632 1397.8 2.8878 0 0 0 0.0001805 0.0018049 
1110000 1207 999.607 971779.532 1397.98 2.8865 0 0 0 0.0001801 0.0018006 
1120000 1217 999.679 987847.073 1437.449 2.8854 0 0 0 0.0001671 0.0016709 
1130000 1227 999.737 1006318.135 1512.331 2.8791 0 0 0 0.0001606 0.001606 
1140000 1237 999.785 1021818.513 1516.524 2.8723 0 0 0 0.0001623 0.0016229 
1150000 1247 999.825 1037543.812 1527.354 2.8653 0 0 0 0.0001662 0.0016618 
1160000 1257 999.857 1052139.048 1514.639 2.86 0 0 0 0.0001608 0.0016079 
1170000 1267 999.883 1070242.63 1569.796 2.8579 0 0 0 0.0001567 0.0015666 
1180000 1277 999.904 1088905.102 1624.029 2.8559 0 0 0 0.0001521 0.0015213 
1190000 1287 999.922 1107154.458 1661.074 2.8552 0 0 0 0.0001481 0.0014814 
1200000 1297 999.936 1126968.656 1718.466 2.8519 0 0 0 0.0001457 0.0014574 
1210000 1307 999.948 1143410.286 1707.33 2.8526 0 0 0 0.0001464 0.0014641 
1220000 1317 999.957 1161926.15 1733.26 2.8515 0 0 0 0.0001398 0.0013978 
1230000 1327 999.965 1180948.333 1762.608 2.8475 0 0 0 0.0001359 0.0013592 
1240000 1337 999.972 1200581.683 1799.882 2.8433 0 0 0 0.0001295 0.0012954 
1250000 1347 999.977 1219555.843 1818.348 2.8442 0 0 0 0.0001238 0.0012384 
1260000 1357 999.981 1235220.256 1774.177 2.8427 0 0 0 0.0001214 0.0012138 
1270000 1367 999.984 1251143.088 1741.37 2.8417 0 0 0 0.0001196 0.001196 
1280000 1377 999.987 1266553.955 1708.484 2.8391 0 0 0 0.0001181 0.0011808 
1290000 1387 999.99 1284617.639 1727.789 2.8361 0 0 0 0.0001216 0.0012159 
1300000 1397 999.992 1302419.336 1735.909 2.8317 0 0 0 0.0001192 0.0011917 
1310000 1407 999.993 1321000.011 1758.3 2.8287 0 0 0 0.0001166 0.0011656 
1320000 1417 999.994 1340707.29 1798.275 2.8274 0 0 0 0.0001184 0.0011844 
1330000 1427 999.995 1358882.758 1801.386 2.825 0 0 0 0.0001167 0.0011669 
1340000 1437 999.996 1378582.848 1831.78 2.8224 0 0 0 0.000113 0.0011298 
1350000 1447 999.997 1395837.033 1810.945 2.8222 0 0 0 0.0001117 0.0011166 
1360000 1457 999.997 1414567.872 1821.356 2.8205 0 0 0 0.0001077 0.0010772 
1370000 1467 999.998 1433390.523 1832.853 2.8191 0 0 0 0.0001129 0.0011285 
1380000 1477 999.998 1454035.215 1875.877 2.8222 0 0 0 0.0001086 0.0010862 
1390000 1487 999.999 1475206.854 1919.066 2.8234 0 0 0 0.000108 0.0010805 
1400000 1497 999.999 1496047.552 1949.541 2.8216 0 0 0 0.000109 0.0010899 
1410000 1507 999.999 1515339.807 1947.27 2.8214 0 0 0 0.000105 0.0010505 
1420000 1517 999.999 1535265.372 1956.351 2.8222 0 0 0 0.0001088 0.0010881 
1430000 1527 999.999 1555311.549 1967.234 2.8247 0 0 0 0.0001076 0.0010763 
1440000 1537 999.999 1576936.229 2003.286 2.8239 0 0 0 0.0001069 0.0010689 
1450000 1547 1000.0 1597953.773 2020.506 2.8256 0 0 0 0.0001031 0.0010314 
1460000 1557 1000.0 1618508.099 2028.108 2.823 0 0 0 0.0001011 0.001011 
1470000 1567 1000.0 1639077.327 2031.778 2.8218 0 0 0 0.0001059 0.0010586 
1480000 1577 1000.0 1658879.892 2021.827 2.8193 0 0 0 0.0001014 0.0010139 
1490000 1587 1000.0 1678035.325 2001.706 2.8219 0 0 0 0.0001 0.0010003 
1500000 1597 1000.0 1698721.289 2014.06 2.819 0 0 0 9.96e-05 0.0009962 
1510000 1607 1000.0 1718078.571 2000.016 2.8206 0 0 0 9.84e-05 0.0009839 
1520000 1617 1000.0 1737245.3 1984.34 2.8197 0 0 0 9.75e-05 0.000975 
1530000 1627 1000.0 1752345.484 1898.428 2.8212 0 0 0 9.49e-05 0.0009488 
1540000 1637 1000.0 1771226.245 1896.08 2.8202 0 0 0 9.76e-05 0.0009763 
1550000 1647 1000.0 1791376.015 1916.688 2.8201 0 0 0 9.32e-05 0.0009325 
1560000 1657 1000.0 1812056.898 1943.333 2.8217 0 0 0 9.41e-05 0.0009413 
1570000 1667 1000.0 1832538.223 1963.542 2.8227 0 0 0 9.45e-05 0.0009448 
1580000 1677 1000.0 1853637.267 1992.424 2.8192 0 0 0 8.95e-05 0.0008949 
1590000 1687 1000.0 1874512.07 2009.264 2.8233 0 0 0 9.49e-05 0.0009491 
1600000 1697 1000.0 1895148.511 2019.649 2.8255 0 0 0 9.11e-05 0.0009111 
1610000 1707 994.414 1907998.863 1874.69 2.8113 0 0 0 9.83e-05 0.0009826 
1620000 1717 995.436 1925342.245 1851.649 2.8154 0 0 0 9.34e-05 0.0009345 
1630000 1727 996.271 1947662.46 1921.531 2.8193 0 0 0 9.57e-05 0.0009575 
1640000 1737 996.953 1969883.686 1977.084 2.8188 0 0 0 9.46e-05 0.0009465 
1650000 1747 997.51 1992358.533 2028.359 2.8184 0 0 0 9.37e-05 0.0009371 
1660000 1757 997.966 2014190.168 2054.396 2.8191 0 0 0 9.41e-05 0.0009409 
1670000 1767 998.338 2035538.456 2074.496 2.8182 0 0 0 9.29e-05 0.0009291 
1680000 1777 998.642 2056959.102 2085.654 2.8194 0 0 0 9.01e-05 0.0009012 
1690000 1787 998.89 2074554.833 2033.507 2.8233 0 0 0 9.14e-05 0.0009136 
1700000 1797 999.093 2093588.914 1998.904 2.8262 0 0 0 9.45e-05 0.0009445 
1710000 1807 999.259 2113896.354 2004.066 2.8293 0 0 0 9.51e-05 0.000951 
1720000 1817 999.395 2135045.459 2026.857 2.8313 0 0 0 9.27e-05 0.0009271 
1730000 1827 999.505 2156086.121 2042.606 2.8319 0 0 0 9.31e-05 0.0009307 
1740000 1837 999.596 2173048.432 1976.48 2.8339 0 0 0 9.72e-05 0.0009718 
1750000 1847 999.67 2188438.032 1895.734 2.8395 0 0 0 0.0001054 0.0010544 
1760000 1858 988.256 2206037.472 1851.026 2.8069 0 0 0 0.0001064 0.001064 
1770000 1868 990.404 2227331.779 1901.814 2.8131 0 0 0 0.0001044 0.001044 
1780000 1878 992.159 2243964.647 1858.651 2.8203 0 0 0 0.0001116 0.001116 
1790000 1888 993.594 2260848.575 1832.628 2.8278 0 0 0 0.0001064 0.0010642 
1800000 1898 994.766 2281719.021 1878.516 2.8312 0 0 0 0.0001083 0.0010834 
1810000 1908 995.723 2303452.141 1932.186 2.8315 0 0 0 0.0001037 0.0010366 
1820000 1918 996.505 2320738.137 1894.375 2.8332 0 0 0 0.0001054 0.0010542 
1830000 1928 997.145 2339446.501 1887.337 2.8305 0 0 0 0.0001048 0.0010475 
1840000 1938 997.667 2354635.145 1821.453 2.8347 0 0 0 0.0001076 0.0010757 
1850000 1948 998.094 2376934.554 1896.498 2.8329 0 0 0 0.0001081 0.0010807 
1860000 1958 998.442 2395188.705 1883.774 2.8331 0 0 0 0.0001098 0.001098 
1870000 1968 998.727 2414876.413 1896.997 2.8361 0 0 0 0.0001105 0.0011049 
1880000 1978 998.96 2433342.063 1888.83 2.8368 0 0 0 0.000113 0.0011301 
1890000 1988 999.15 2451324.055 1870.863 2.8389 0 0 0 0.0001113 0.0011126 
1900000 1998 999.306 2467602.253 1828.158 2.8388 0 0 0 0.0001129 0.0011291 
1910000 2008 999.433 2484623.559 1804.673 2.8427 0 0 0 0.0001152 0.001152 
1920000 2018 999.537 2502607.701 1803.61 2.8415 0 0 0 0.000112 0.0011204 
1930000 2028 999.621 2522349.8 1833.411 2.8429 0 0 0 0.0001141 0.001141 
1940000 2038 999.691 2542165.836 1860.492 2.8466 0 0 0 0.0001093 0.0010931 
1950000 2048 999.747 2564860.187 1937.13 2.8439 0 0 0 0.0001066 0.0010661 
1960000 2058 999.793 2582968.06 1915.367 2.8405 0 0 0 0.0001007 0.0010068 
1970000 2068 999.831 2598904.515 1856.167 2.8423 0 0 0 0.0001097 0.0010972 
1980000 2078 999.862 2619865.313 1897.108 2.8433 0 0 0 0.0001086 0.0010857 
1990000 2088 999.887 2640116.788 1923.769 2.8449 0 0 0 0.0001048 0.0010478 
2000000 2098 999.908 2660576.274 1945.097 2.8446 0 0 0 0.000105 0.0010499 
2010000 2108 999.925 2682564.168 1990.884 2.8398 0 0 0 0.000104 0.00104 
2020000 2118 999.939 2704638.696 2031.04 2.8349 0 0 0 0.0001046 0.0010462 
2030000 2128 999.95 2726729.158 2062.97 2.831 0 0 0 0.0001008 0.0010081 
2040000 2138 999.959 2748852.0 2090.88 2.8326 0 0 0 0.0001007 0.0010065 
2050000 2148 987.146 2769170.703 2060.873 2.7944 0 0 0 0.0001026 0.0010265 
2060000 2158 989.498 2790935.951 2070.71 2.7986 0 0 0 0.0001041 0.0010413 
2070000 2168 991.419 2812795.46 2092.408 2.8041 0 0 0 0.0001013 0.0010128 
2080000 2179 978.44 2831796.251 2026.48 2.7668 0 0 0 9.96e-05 0.000996 
2090000 2190 974.021 2849390.104 1958.918 2.7565 0 0 0 0.0001064 0.0010641 
2100000 2200 978.773 2867361.64 1930.874 2.7671 0 0 0 0.0001123 0.0011225 
2110000 2210 982.656 2887305.776 1941.931 2.7778 0 0 0 0.0001093 0.0010925 
2120000 2220 985.829 2906771.238 1943.264 2.7846 0 0 0 0.0001103 0.0011026 
2130000 2230 988.421 2924805.87 1918.447 2.7925 0 0 0 0.000113 0.0011297 
2140000 2240 990.539 2943833.837 1914.856 2.8005 0 0 0 0.0001133 0.0011331 
2150000 2250 992.27 2960730.521 1872.493 2.8094 0 0 0 0.000118 0.00118 
2160000 2260 993.684 2979379.725 1870.845 2.8171 0 0 0 0.0001194 0.0011945 
2170000 2270 994.839 2999206.826 1891.153 2.8239 0 0 0 0.0001199 0.0011994 
2180000 2280 995.783 3018794.696 1907.022 2.8276 0 0 0 0.0001189 0.0011893 
2190000 2290 996.555 3038054.866 1911.727 2.8278 0 0 0 0.0001253 0.0012535 
2200000 2300 997.185 3058045.91 1928.548 2.8265 0 0 0 0.000126 0.0012601 
2210000 2310 997.7 3079415.489 1965.952 2.8256 0 0 0 0.000123 0.0012299 
2220000 2320 998.121 3096559.735 1919.398 2.8277 0 0 0 0.0001215 0.0012145 
2230000 2330 998.464 3116415.442 1933.158 2.8297 0 0 0 0.0001284 0.0012838 
2240000 2340 998.745 3136261.025 1940.174 2.8307 0 0 0 0.0001311 0.0013113 
2250000 2350 998.975 3156220.695 1952.509 2.8302 0 0 0 0.0001284 0.0012835 
2260000 2360 999.162 3173366.772 1906.701 2.8305 0 0 0 0.0001339 0.0013392 
2270000 2370 994.363 3192452.047 1898.546 2.8189 0 0 0 0.0001373 0.0013727 
2280000 2380 995.394 3213752.509 1941.83 2.8217 0 0 0 0.0001351 0.0013513 
2290000 2390 996.237 3234133.106 1966.312 2.8239 0 0 0 0.0001305 0.0013055 
2300000 2400 996.925 3251470.249 1914.902 2.8263 0 0 0 0.000127 0.0012703 
2310000 2410 997.488 3271529.665 1932.62 2.8276 0 0 0 0.000129 0.0012899 
2320000 2420 997.947 3293067.735 1973.332 2.8268 0 0 0 0.0001271 0.0012711 
2330000 2430 998.323 3314152.136 1996.818 2.8287 0 0 0 0.0001242 0.0012422 
2340000 2440 998.63 3334345.29 1999.847 2.8297 0 0 0 0.000119 0.0011903 
2350000 2450 998.88 3355047.468 2013.014 2.832 0 0 0 0.0001207 0.0012071 
2360000 2460 999.085 3371290.968 1943.638 2.8344 0 0 0 0.0001199 0.0011986 
2370000 2470 999.252 3388744.2 1905.525 2.8322 0 0 0 0.0001196 0.0011956 
2380000 2480 999.389 3408527.232 1920.755 2.8307 0 0 0 0.0001158 0.0011582 
2390000 2490 999.501 3429920.03 1960.333 2.8325 0 0 0 0.0001222 0.0012219 
2400000 2500 999.592 3451132.515 1986.865 2.8319 0 0 0 0.0001175 0.001175 
2410000 2510 999.667 3470869.546 1986.009 2.8294 0 0 0 0.0001139 0.0011391 
2420000 2520 999.728 3493520.304 2036.588 2.8273 0 0 0 0.0001182 0.001182 
2430000 2530 999.778 3515888.179 2075.367 2.8234 0 0 0 0.0001094 0.0010941 
2440000 2540 999.818 3538590.094 2108.403 2.8212 0 0 0 0.0001118 0.0011181 
2450000 2550 999.851 3560185.904 2116.936 2.8208 0 0 0 0.0001107 0.0011072 
2460000 2560 999.879 3582225.701 2132.225 2.823 0 0 0 0.0001062 0.0010617 
2470000 2570 999.901 3604303.424 2147.421 2.8239 0 0 0 0.0001038 0.0010379 
2480000 2580 999.919 3626744.24 2165.378 2.8253 0 0 0 0.000102 0.0010198 
2490000 2590 999.934 3648447.778 2165.569 2.8294 0 0 0 0.0001018 0.0010176 
2500000 2600 999.946 3669467.069 2157.159 2.831 0 0 0 0.0001003 0.0010031 
2510000 2610 999.956 3691311.729 2162.693 2.8304 0 0 0 9.79e-05 0.0009786 
2520000 2620 999.964 3711932.81 2145.618 2.8328 0 0 0 9.69e-05 0.0009687 
2530000 2630 999.971 3732855.399 2134.549 2.8324 0 0 0 9.62e-05 0.0009622 
2540000 2640 999.976 3754243.397 2135.934 2.833 0 0 0 9.63e-05 0.0009634 
2550000 2650 999.98 3775689.01 2135.747 2.8315 0 0 0 9.82e-05 0.0009816 
2560000 2660 999.984 3797994.196 2155.727 2.8306 0 0 0 9.61e-05 0.0009609 
2570000 2670 999.987 3816906.115 2107.031 2.8364 0 0 0 9.23e-05 0.0009225 
2580000 2680 999.989 3839522.834 2135.608 2.8367 0 0 0 9.63e-05 0.0009627 
2590000 2690 999.991 3859178.554 2104.386 2.8388 0 0 0 9.2e-05 0.0009205 
2600000 2700 999.993 3880425.339 2109.816 2.8364 0 0 0 8.85e-05 0.0008846 
2610000 2710 999.994 3902461.821 2124.221 2.8328 0 0 0 9.11e-05 0.0009105 
2620000 2720 999.995 3924231.119 2137.225 2.8332 0 0 0 9.26e-05 0.0009263 
2630000 2730 999.996 3945150.861 2132.229 2.8305 0 0 0 9.08e-05 0.000908 
2640000 2740 999.997 3961326.017 2029.117 2.8315 0 0 0 9.41e-05 0.0009405 
2650000 2750 999.997 3975153.167 1915.927 2.8355 0 0 0 9.91e-05 0.0009911 
2660000 2760 999.998 3996305.672 1949.121 2.8354 0 0 0 9.87e-05 0.0009873 
2670000 2770 999.998 4014314.947 1926.844 2.8356 0 0 0 9.92e-05 0.0009922 
2680000 2780 999.999 4033790.766 1930.321 2.8378 0 0 0 0.0001015 0.0010145 
2690000 2790 999.999 4053016.871 1928.107 2.8405 0 0 0 0.000101 0.00101 
2700000 2800 999.999 4071226.354 1904.609 2.8428 0 0 0 0.0001032 0.0010317 
2710000 2810 999.999 4091924.354 1936.467 2.8453 0 0 0 0.0001052 0.0010515 
2720000 2820 999.999 4110942.051 1933.435 2.844 0 0 0 0.0001076 0.0010762 
2730000 2830 999.999 4130079.69 1925.857 2.8398 0 0 0 0.0001098 0.0010979 
2740000 2840 1000.0 4149983.075 1937.44 2.8348 0 0 0 0.0001092 0.0010918 
2750000 2850 1000.0 4169413.327 1937.378 2.8366 0 0 0 0.0001107 0.0011068 
2760000 2860 1000.0 4190979.055 1978.069 2.8374 0 0 0 0.0001104 0.0011042 
2770000 2870 1000.0 4211651.689 1998.023 2.8384 0 0 0 0.0001118 0.0011184 
2780000 2880 1000.0 4232764.301 2028.296 2.8389 0 0 0 0.0001121 0.0011206 
2790000 2890 1000.0 4252436.685 2009.816 2.8391 0 0 0 0.0001141 0.0011408 
2800000 2900 1000.0 4274403.203 2045.127 2.8405 0 0 0 0.0001132 0.0011318 
2810000 2910 1000.0 4296058.545 2065.597 2.8411 0 0 0 0.0001171 0.0011708 
2820000 2920 1000.0 4316764.299 2066.388 2.8426 0 0 0 0.000118 0.0011802 
2830000 2930 1000.0 4338015.281 2076.53 2.8466 0 0 0 0.000117 0.0011702 
2840000 2940 1000.0 4359728.247 2093.598 2.8461 0 0 0 0.000115 0.0011497 
2850000 2950 1000.0 4380881.568 2096.936 2.8473 0 0 0 0.0001116 0.0011156 
2860000 2960 1000.0 4401933.718 2098.498 2.8474 0 0 0 0.0001103 0.0011028 
2870000 2970 1000.0 4421287.624 2069.157 2.8475 0 0 0 0.0001116 0.0011159 
2880000 2980 1000.0 4441183.75 2052.704 2.849 0 0 0 0.0001104 0.0011042 
2890000 2990 1000.0 4458368.852 1994.868 2.8509 0 0 0 0.0001136 0.0011361 
2900000 3000 1000.0 4473826.865 1916.929 2.8507 0 0 0 0.0001167 0.0011668 
2910000 3010 1000.0 4493382.986 1920.675 2.8518 0 0 0 0.0001172 0.0011715 
2920000 3020 1000.0 4508568.925 1850.018 2.8466 0 0 0 0.0001161 0.0011612 
2930000 3030 1000.0 4523682.207 1784.721 2.8466 0 0 0 0.0001221 0.001221 
2940000 3040 1000.0 4541236.419 1781.555 2.8483 0 0 0 0.000123 0.0012297 
2950000 3050 1000.0 4553184.894 1674.906 2.8494 0 0 0 0.000128 0.00128 
2960000 3060 1000.0 4567680.806 1632.716 2.8493 0 0 0 0.0001309 0.001309 
2970000 3070 1000.0 4581169.008 1576.515 2.8501 0 0 0 0.000138 0.0013805 
2980000 3080 1000.0 4595258.459 1552.591 2.8548 0 0 0 0.0001408 0.0014081 
2990000 3090 1000.0 4613071.107 1589.092 2.8536 0 0 0 0.0001467 0.0014665 
3000000 3100 1000.0 4632573.022 1654.506 2.8505 0 0 0 0.0001469 0.0014692 
3010000 3110 1000.0 4652897.998 1733.532 2.8474 0 0 0 0.0001452 0.0014519 
3020000 3120 1000.0 4673343.677 1783.536 2.8461 0 0 0 0.0001477 0.001477 
3030000 3130 1000.0 4693255.05 1820.591 2.8464 0 0 0 0.0001542 0.0015418 
3040000 3140 1000.0 4710656.195 1807.134 2.8461 0 0 0 0.000155 0.0015504 
3050000 3150 1000.0 4727583.243 1777.612 2.8448 0 0 0 0.0001616 0.0016161 
3060000 3160 1000.0 4743953.89 1754.084 2.8455 0 0 0 0.0001565 0.0015646 
3070000 3170 1000.0 4760578.088 1738.07 2.8437 0 0 0 0.0001557 0.0015571 
3080000 3180 1000.0 4780648.318 1790.678 2.8467 0 0 0 0.0001633 0.0016326 
3090000 3190 1000.0 4798476.381 1789.833 2.8402 0 0 0 0.000159 0.0015903 
3100000 3200 1000.0 4815791.612 1780.753 2.8335 0 0 0 0.0001566 0.0015662 
3110000 3210 1000.0 4835489.269 1817.186 2.8278 0 0 0 0.0001634 0.0016344 
3120000 3220 1000.0 4854022.871 1825.393 2.823 0 0 0 0.0001564 0.0015642 
3130000 3230 1000.0 4871674.536 1817.968 2.8185 0 0 0 0.000158 0.0015804 
3140000 3240 1000.0 4891067.262 1838.828 2.8152 0 0 0 0.0001631 0.0016312 
3150000 3250 1000.0 4908311.218 1816.94 2.8171 0 0 0 0.0001569 0.0015695 
3160000 3260 1000.0 4927426.898 1835.47 2.8146 0 0 0 0.0001595 0.0015949 
3170000 3270 1000.0 4947174.319 1859.426 2.8113 0 0 0 0.0001557 0.0015566 
3180000 3280 1000.0 4967273.381 1887.878 2.8114 0 0 0 0.0001537 0.0015367 
3190000 3290 1000.0 4984015.157 1847.511 2.8134 0 0 0 0.0001542 0.0015422 
3200000 3300 1000.0 5001916.14 1839.747 2.8135 0 0 0 0.0001549 0.0015489 
3210000 3310 1000.0 5021689.467 1862.197 2.8133 0 0 0 0.0001565 0.0015647 
3220000 3320 1000.0 5039713.868 1851.636 2.8149 0 0 0 0.0001576 0.0015762 
3230000 3330 1000.0 5061615.493 1912.179 2.8138 0 0 0 0.0001556 0.0015561 
3240000 3340 1000.0 5082761.709 1949.082 2.8122 0 0 0 0.0001542 0.0015419 
3250000 3350 1000.0 5104545.671 1992.017 2.8108 0 0 0 0.0001522 0.0015219 
3260000 3360 1000.0 5125657.389 2012.431 2.8088 0 0 0 0.0001544 0.0015441 
3270000 3370 1000.0 5143886.023 1986.505 2.8076 0 0 0 0.0001573 0.001573 
3280000 3380 1000.0 5161313.321 1935.042 2.8085 0 0 0 0.0001548 0.0015476 
3290000 3390 1000.0 5178328.914 1889.598 2.81 0 0 0 0.0001537 0.0015374 
3300000 3400 1000.0 5196073.999 1870.513 2.8114 0 0 0 0.000155 0.0015501 
3310000 3410 1000.0 5215585.502 1883.639 2.8122 0 0 0 0.000155 0.00155 
3320000 3420 1000.0 5228656.008 1780.191 2.8149 0 0 0 0.0001549 0.0015493 
3330000 3430 1000.0 5247940.957 1802.944 2.816 0 0 0 0.0001517 0.0015165 
3340000 3440 1000.0 5266798.147 1821.003 2.8161 0 0 0 0.0001533 0.0015331 
3350000 3450 1000.0 5286536.734 1845.518 2.8158 0 0 0 0.0001504 0.0015038 
3360000 3460 1000.0 5305256.896 1848.415 2.8191 0 0 0 0.0001493 0.0014926 
3370000 3470 1000.0 5322095.63 1821.54 2.8203 0 0 0 0.0001473 0.001473 
3380000 3480 997.149 5335946.999 1747.389 2.8155 0 0 0 0.000154 0.0015404 
3390000 3490 997.67 5354308.082 1752.157 2.8192 0 0 0 0.0001508 0.0015078 
3400000 3501 982.28 5373810.74 1758.454 2.775 0 0 0 0.0001521 0.001521 
3410000 3511 985.521 5393178.981 1796.055 2.787 0 0 0 0.0001467 0.0014673 
3420000 3522 974.343 5413707.386 1817.708 2.7562 0 0 0 0.0001435 0.0014346 
3430000 3532 979.036 5435279.722 1878.933 2.7692 0 0 0 0.0001456 0.0014555 
3440000 3542 982.871 5456291.755 1920.055 2.7768 0 0 0 0.0001467 0.0014666 
3450000 3552 986.004 5475501.801 1920.569 2.784 0 0 0 0.0001475 0.0014751 
3460000 3562 988.565 5494502.18 1915.173 2.7893 0 0 0 0.0001457 0.0014571 
3470000 3572 990.656 5511043.072 1866.885 2.7931 0 0 0 0.0001466 0.0014661 
3480000 3582 992.366 5531387.402 1897.339 2.7946 0 0 0 0.0001441 0.0014408 
3490000 3592 993.762 5551302.211 1915.101 2.8027 0 0 0 0.0001441 0.0014411 
3500000 3602 994.903 5571114.105 1926.25 2.8058 0 0 0 0.0001426 0.0014264 
3510000 3612 995.836 5589302.372 1911.517 2.8091 0 0 0 0.0001409 0.001409 
3520000 3622 996.597 5607942.297 1900.027 2.8119 0 0 0 0.000142 0.0014201 
3530000 3632 997.186 5626014.901 1885.661 2.813 0 0 0 0.0001405 0.0014051 
3540000 3645 943.325 5644172.437 1769.525 2.6606 0 0 0 0.0001445 0.0014454 
3550000 3655 953.693 5663335.169 1792.719 2.6902 0 0 0 0.0001479 0.0014793 
3560000 3665 962.164 5684230.542 1851.17 2.7148 0 0 0 0.000147 0.0014704 
3570000 3675 969.085 5704168.056 1876.73 2.7323 0 0 0 0.0001429 0.0014286 
3580000 3685 974.74 5724343.708 1899.935 2.7506 0 0 0 0.000142 0.0014201 
3590000 3695 979.361 5739609.198 1830.069 2.7651 0 0 0 0.0001383 0.0013826 
3600000 3705 983.136 5752428.613 1729.946 2.7792 0 0 0 0.0001434 0.0014339 
3610000 3715 983.414 5769916.795 1725.256 2.7801 0 0 0 0.0001458 0.0014578 
3620000 3725 986.448 5785102.541 1694.846 2.7904 0 0 0 0.0001468 0.0014684 
3630000 3735 988.927 5802831.513 1702.007 2.7972 0 0 0 0.0001522 0.0015221 
3640000 3745 990.952 5822606.729 1755.583 2.802 0 0 0 0.00015 0.0015001 
3650000 3755 992.607 5841263.549 1783.708 2.815 0 0 0 0.0001542 0.0015416 
3660000 3765 993.96 5861518.233 1821.003 2.821 0 0 0 0.000155 0.0015499 
3670000 3775 995.065 5881957.149 1862.205 2.8235 0 0 0 0.0001529 0.0015294 
3680000 3785 995.967 5899591.913 1845.013 2.8242 0 0 0 0.0001539 0.0015394 
3690000 3795 996.705 5920434.174 1888.473 2.8275 0 0 0 0.000157 0.0015701 
3700000 3805 997.308 5941343.76 1922.8 2.8271 0 0 0 0.0001561 0.0015606 
3710000 3815 997.8 5961956.23 1951.105 2.8261 0 0 0 0.000156 0.0015598 
3720000 3825 998.203 5983189.827 1981.441 2.8284 0 0 0 0.000153 0.00153 
3730000 3835 998.531 6003070.838 1985.698 2.8318 0 0 0 0.0001559 0.0015588 
3740000 3845 998.8 6025067.473 2023.834 2.8334 0 0 0 0.0001528 0.0015281 
3750000 3855 999.02 6047038.792 2051.688 2.8343 0 0 0 0.0001484 0.0014837 
3760000 3865 999.199 6068962.222 2078.632 2.8356 0 0 0 0.0001475 0.0014748 
3770000 3875 999.345 6087102.555 2029.525 2.8349 0 0 0 0.0001464 0.0014643 
3780000 3885 999.465 6106810.652 2021.203 2.8364 0 0 0 0.0001511 0.0015111 
3790000 3895 999.563 6127229.483 2019.332 2.8369 0 0 0 0.0001532 0.0015323 
3800000 3905 999.643 6145550.419 1986.716 2.8376 0 0 0 0.0001495 0.0014955 
3810000 3915 999.708 6166431.148 2006.86 2.8369 0 0 0 0.0001475 0.0014747 
3820000 3925 999.762 6187356.4 2021.164 2.8354 0 0 0 0.0001429 0.0014287 
3830000 3935 999.805 6206586.205 2004.013 2.8364 0 0 0 0.0001429 0.0014292 
3840000 3945 999.841 6227885.444 2026.601 2.8362 0 0 0 0.0001397 0.0013971 
3850000 3955 999.87 6247749.659 2018.833 2.834 0 0 0 0.000146 0.0014601 
3860000 3965 999.894 6265538.872 1973.912 2.8374 0 0 0 0.0001479 0.0014786 
3870000 3975 999.913 6285922.909 1992.291 2.8382 0 0 0 0.0001427 0.0014275 
3880000 3986 983.535 6302236.576 1885.432 2.7927 0 0 0 0.0001415 0.0014152 
3890000 3996 986.547 6320411.974 1878.32 2.8026 0 0 0 0.0001451 0.0014514 
3900000 4006 989.008 6339302.006 1876.952 2.8098 0 0 0 0.0001405 0.0014047 
3910000 4016 991.019 6357846.534 1872.608 2.816 0 0 0 0.0001464 0.0014643 
3920000 4026 992.662 6376912.275 1875.542 2.8214 0 0 0 0.0001448 0.0014482 
3930000 4036 994.004 6396160.936 1884.093 2.8267 0 0 0 0.0001444 0.0014443 
3940000 4046 995.101 6413505.463 1855.564 2.8303 0 0 0 0.0001476 0.0014758 
3950000 4056 995.997 6429217.772 1805.175 2.8333 0 0 0 0.0001489 0.0014892 
3960000 4066 996.729 6445636.296 1776.789 2.8374 0 0 0 0.000157 0.00157 
3970000 4076 993.695 6465936.567 1815.5 2.8244 0 0 0 0.0001543 0.0015429 
3980000 4086 994.848 6486295.531 1855.532 2.8286 0 0 0 0.0001499 0.0014993 
3990000 4096 995.79 6505595.919 1869.671 2.8289 0 0 0 0.0001512 0.0015124 
4000000 4106 996.56 6523992.914 1864.36 2.8292 0 0 0 0.0001489 0.0014894 
