10000 10 182.927 3118.117 57.041 0.2378 0 0 0 0.0 0.0 0.0 0.0 
20000 20 332.392 6354.099 105.737 0.4323 0 0 0 0.0 0.0 0.0 0.0 
30000 49 317.782 7874.694 79.552 0.7619 0 0 0 0.0006432 0.0064304 0.0014919 -0.0001543 
40000 189 78.594 8556.143 3.699 0.281 0 0 0 0.0007931 0.0079311 0.0024927 0.0137792 
50000 204 237.768 11924.625 64.358 0.912 0 0 0 0.0009398 0.0093973 0.0032778 0.0148082 
60000 221 339.599 15683.68 109.472 1.3148 0 0 0 0.0010627 0.0106271 0.0039445 0.0102961 
70000 231 460.404 19819.43 165.235 1.7902 0 0 0 0.0012054 0.0120535 0.0042637 0.0197003 
80000 243 539.555 25141.916 225.727 2.0987 0 0 0 0.0012789 0.0127889 0.0045954 0.0161341 
90000 254 615.75 28600.446 244.807 2.4 0 0 0 0.0014611 0.0146102 0.0053723 0.0184414 
100000 265 672.779 33237.186 279.828 2.6238 0 0 0 0.0013575 0.013575 0.0049008 0.0072724 
110000 298 518.306 38915.036 241.958 2.0267 0 0 0 0.0014349 0.0143485 0.0049179 0.0151503 
120000 308 606.421 45000.046 310.371 2.3692 0 0 0 0.0015484 0.0154836 0.0055738 0.0200877 
130000 318 678.417 50741.383 358.768 2.6527 0 0 0 0.0015947 0.0159473 0.0060214 0.0196401 
140000 328 737.243 56182.871 393.738 2.8871 0 0 0 0.0017299 0.0172986 0.0073487 0.0252498 
150000 338 785.309 60941.804 408.208 3.0769 0 0 0 0.0018451 0.0184509 0.0078001 0.0101771 
160000 349 812.359 65660.91 414.416 3.1838 0 0 0 0.0019333 0.0193328 0.0082706 0.0214997 
170000 360 828.543 71077.3 427.711 3.2432 0 0 0 0.0019494 0.0194937 0.0083338 0.0293687 
180000 371 845.189 77390.671 457.699 3.3018 0 0 0 0.0021312 0.0213116 0.0098649 0.0168876 
190000 382 848.509 82536.993 454.391 3.317 0 0 0 0.002168 0.0216796 0.0102532 0.0286919 
200000 393 865.627 88111.56 466.966 3.3811 0 0 0 0.002158 0.0215802 0.0105394 0.0286391 
210000 406 851.035 93898.306 466.328 3.3209 0 0 0 0.0020921 0.0209208 0.0108066 0.0180343 
220000 416 873.336 100104.301 492.034 3.405 0 0 0 0.0020309 0.020309 0.0106123 0.0189569 
230000 426 896.506 106451.199 517.448 3.4994 0 0 0 0.0020252 0.0202514 0.0115179 0.0286851 
240000 436 915.438 112524.834 533.585 3.5751 0 0 0 0.0018835 0.0188353 0.0115623 0.0087298 
250000 446 930.907 118749.734 550.256 3.6346 0 0 0 0.0017542 0.017542 0.0112454 0.0107585 
260000 466 793.806 125166.457 479.037 3.0973 0 0 0 0.0016689 0.0166887 0.0118791 0.0189269 
270000 476 831.524 130782.673 494.067 3.2477 0 0 0 0.00167 0.0166994 0.0129001 0.0207111 
280000 486 862.343 136396.045 505.662 3.3714 0 0 0 0.0014952 0.0149522 0.0117189 0.0004771 
290000 496 887.524 141168.482 500.457 3.4732 0 0 0 0.0013857 0.0138567 0.0112507 0.0084312 
300000 508 882.297 146502.816 492.849 3.452 0 0 0 0.0012969 0.0129694 0.0111981 0.0132224 
310000 518 903.828 152289.357 508.27 3.5365 0 0 0 0.0011908 0.0119078 0.0110389 0.0037017 
320000 528 921.42 159070.991 539.656 3.6117 0 0 0 0.0011185 0.0111851 0.011151 0.0024485 
330000 538 935.795 165137.388 552.177 3.668 0 0 0 0.0010477 0.0104773 0.0111887 0.0040438 
340000 548 947.54 170925.021 556.502 3.7145 0 0 0 0.0009596 0.0095964 0.0105868 0.0013445 
350000 558 957.136 176646.371 559.51 3.7512 0 0 0 0.0008828 0.0088279 0.0101697 -0.000384 
360000 568 951.142 183560.601 573.74 3.7242 0 0 0 0.0008585 0.008585 0.0108263 0.0090316 
370000 578 960.079 189406.938 576.122 3.7626 0 0 0 0.000799 0.0079897 0.0108113 0.0135311 
380000 588 967.382 195989.74 588.748 3.7861 0 0 0 0.0007183 0.0071827 0.0101409 -0.0027741 
390000 598 973.348 202210.179 595.865 3.8075 0 0 0 0.0006776 0.0067764 0.0102998 -0.0020159 
400000 608 978.224 207733.998 592.389 3.8291 0 0 0 0.0006285 0.0062847 0.0100157 0.003234 
410000 619 969.871 213354.434 576.298 3.8069 0 0 0 0.0006041 0.0060414 0.0098758 0.0075131 
420000 629 975.382 218877.167 572.84 3.8288 0 0 0 0.0005882 0.0058821 0.0099825 0.0075422 
430000 640 962.164 225284.842 575.27 3.7751 0 0 0 0.0005653 0.0056532 0.0094772 0.0038627 
440000 650 969.085 231345.521 578.858 3.798 0 0 0 0.0005577 0.0055769 0.0098841 0.0058368 
450000 660 974.74 237449.129 586.837 3.8151 0 0 0 0.0005268 0.0052681 0.0097755 0.0076462 
460000 670 979.361 243922.382 596.779 3.8325 0 0 0 0.0005029 0.0050287 0.0097094 0.0035394 
470000 680 983.136 250275.568 604.796 3.8513 0 0 0 0.0005193 0.0051934 0.0107093 0.0066935 
480000 690 986.221 257710.925 630.137 3.8703 0 0 0 0.0005173 0.0051726 0.0109883 0.011022 
490000 700 988.742 263572.725 622.387 3.8814 0 0 0 0.0005138 0.0051375 0.0113125 0.0081405 
500000 710 990.801 271014.817 644.974 3.8906 0 0 0 0.0005001 0.0050006 0.0114099 0.0064907 
510000 720 992.484 278556.864 664.974 3.897 0 0 0 0.0005209 0.0052089 0.0123968 0.008731 
520000 730 993.859 285903.06 678.866 3.9055 0 0 0 0.0004791 0.0047914 0.011665 0.0008104 
530000 740 994.982 292773.764 676.84 3.9116 0 0 0 0.000499 0.0049895 0.0121124 0.005305 
540000 750 995.9 300769.999 701.034 3.9086 0 0 0 0.0004989 0.0049885 0.0122725 -0.0009346 
550000 760 996.65 308162.328 708.622 3.9202 0 0 0 0.0004961 0.0049609 0.0126126 -0.0001918 
560000 771 986.36 314734.631 690.853 3.8745 0 0 0 0.0005024 0.0050243 0.0128323 0.002961 
570000 781 988.855 321263.162 685.418 3.8797 0 0 0 0.0005092 0.0050923 0.0130306 0.0055106 
580000 791 990.894 328732.45 696.522 3.8869 0 0 0 0.000514 0.00514 0.0133545 0.0141747 
590000 801 992.56 335869.341 698.807 3.8914 0 0 0 0.0005111 0.0051105 0.0135735 0.0158437 
600000 811 988.965 343247.723 704.593 3.8783 0 0 0 0.0005021 0.0050212 0.0136223 0.0115359 
610000 821 990.984 351678.33 728.954 3.8865 0 0 0 0.0005033 0.005033 0.0138967 0.0064985 
620000 831 992.633 357551.004 700.227 3.8957 0 0 0 0.0004997 0.0049971 0.0140532 0.0162054 
630000 841 993.981 363993.825 690.842 3.8983 0 0 0 0.0005007 0.0050066 0.0141468 0.0091928 
640000 851 995.082 371073.866 691.973 3.9038 0 0 0 0.0004713 0.0047128 0.0135551 0.0006443 
650000 861 995.981 377927.745 690.669 3.9045 0 0 0 0.0004841 0.004841 0.01383 0.0070105 
660000 871 996.716 385802.834 709.982 3.9073 0 0 0 0.0004959 0.0049586 0.0146253 0.0100408 
670000 883 966.295 391915.086 670.778 3.7959 0 0 0 0.0004644 0.0046437 0.0132792 0.0076453 
680000 894 947.776 400404.639 686.553 3.7225 0 0 0 0.0004743 0.004743 0.01385 -0.0023692 
690000 904 957.329 407695.717 695.521 3.7625 0 0 0 0.0004754 0.0047536 0.0138665 0.0064905 
700000 914 965.135 413212.373 668.023 3.7956 0 0 0 0.0004708 0.0047084 0.0134815 0.0095721 
710000 924 971.513 419260.269 656.515 3.817 0 0 0 0.0004464 0.0044642 0.013013 0.0048659 
720000 934 976.724 424877.216 641.066 3.8357 0 0 0 0.000447 0.0044695 0.0125091 -0.0015961 
730000 945 970.24 430094.345 608.512 3.8142 0 0 0 0.000451 0.0045102 0.0126729 0.0123716 
740000 955 961.716 437231.614 621.007 3.7778 0 0 0 0.0004378 0.0043779 0.0122229 0.0015663 
750000 966 955.264 444213.935 624.849 3.7562 0 0 0 0.0004475 0.0044754 0.0122477 0.0067012 
760000 976 963.448 452558.401 661.038 3.7855 0 0 0 0.0004452 0.0044515 0.0121876 0.0082546 
770000 986 970.134 461898.697 711.084 3.8078 0 0 0 0.0004322 0.0043223 0.0125494 0.0079423 
780000 996 975.597 470167.45 733.778 3.8285 0 0 0 0.0004389 0.0043895 0.0124592 0.0050071 
790000 1008 953.012 478960.726 740.249 3.7376 0 0 0 0.0004329 0.0043285 0.0122388 -0.0015784 
800000 1018 961.608 487209.038 755.861 3.7751 0 0 0 0.0004458 0.0044575 0.0128845 0.007274 
810000 1028 968.631 495855.164 774.546 3.8005 0 0 0 0.0004545 0.004545 0.0130093 0.0146573 
820000 1038 974.369 501655.107 740.012 3.8255 0 0 0 0.0004695 0.0046952 0.0132435 0.0132324 
830000 1048 979.058 510077.96 756.249 3.8429 0 0 0 0.0004649 0.0046488 0.0133733 0.0065804 
840000 1058 982.889 519423.992 787.396 3.8551 0 0 0 0.0004703 0.0047032 0.0132682 0.0127472 
850000 1068 986.019 529031.608 820.108 3.8673 0 0 0 0.0004821 0.0048213 0.0138298 0.0147166 
860000 1078 988.576 537648.666 827.839 3.8738 0 0 0 0.0004861 0.0048614 0.0138937 0.0099932 
870000 1088 990.666 545631.48 821.315 3.8809 0 0 0 0.0004797 0.0047972 0.0138849 0.0094488 
880000 1098 992.373 553774.36 817.695 3.8875 0 0 0 0.0004669 0.004669 0.0126897 0.0077999 
890000 1108 993.769 561349.63 808.512 3.8946 0 0 0 0.0004709 0.0047093 0.0125861 0.0099997 
900000 1118 994.908 569035.491 803.637 3.8994 0 0 0 0.0004911 0.0049106 0.0136495 0.0060803 
910000 1128 995.84 579233.123 841.816 3.9016 0 0 0 0.0005085 0.0050853 0.0141572 0.0138166 
920000 1138 996.601 589908.035 883.939 3.9055 0 0 0 0.0005094 0.0050936 0.0146363 0.0084491 
930000 1148 997.223 599056.469 893.161 3.9027 0 0 0 0.0005141 0.005141 0.0144227 0.0045131 
940000 1158 997.731 608381.526 899.314 3.9026 0 0 0 0.0005119 0.0051192 0.0145283 0.0120741 
950000 1168 998.146 616899.024 890.372 3.9057 0 0 0 0.0005144 0.0051439 0.0145108 0.0100879 
960000 1178 992.429 626123.034 889.768 3.8825 0 0 0 0.0005236 0.0052359 0.015074 0.0171061 
970000 1189 979.945 636422.136 903.473 3.8338 0 0 0 0.0005286 0.0052858 0.0151752 -0.0010894 
980000 1199 983.613 643739.912 876.042 3.8499 0 0 0 0.0005318 0.0053175 0.0151719 0.0119611 
990000 1209 986.611 650262.098 832.835 3.862 0 0 0 0.0005324 0.0053242 0.0146995 0.0089337 
1000000 1222 938.705 656737.682 758.039 3.6732 0 0 0 0.0005337 0.0053367 0.0145138 0.0161503 
1010000 1232 949.918 664352.013 759.118 3.7189 0 0 0 0.0005104 0.0051036 0.013587 0.0263959 
1020000 1242 959.079 672573.797 771.505 3.7534 0 0 0 0.0005106 0.0051057 0.0136445 0.0067333 
1030000 1252 966.565 680992.486 784.504 3.7822 0 0 0 0.0005152 0.0051518 0.0134094 0.0145645 
1040000 1262 972.681 690811.475 819.042 3.814 0 0 0 0.0005125 0.0051251 0.0138085 0.0087766 
1050000 1272 977.678 701079.933 857.829 3.8349 0 0 0 0.0005075 0.0050747 0.0134638 0.0144021 
1060000 1282 981.762 711512.066 891.042 3.8529 0 0 0 0.0005313 0.0053125 0.0141577 0.0174695 
1070000 1292 985.098 721980.343 919.457 3.8624 0 0 0 0.0005282 0.0052822 0.0139442 0.003013 
1080000 1302 987.824 734922.456 987.747 3.8694 0 0 0 0.0005352 0.0053516 0.0142523 0.0154112 
1090000 1312 990.051 745971.039 1007.807 3.8788 0 0 0 0.0005367 0.0053665 0.0146557 0.0086679 
1100000 1322 991.871 756828.838 1023.606 3.8864 0 0 0 0.0005422 0.0054216 0.014599 0.0124776 
1110000 1332 993.358 767346.508 1029.117 3.887 0 0 0 0.0005484 0.0054844 0.0151554 0.0093539 
1120000 1342 994.573 779799.178 1068.183 3.8858 0 0 0 0.0005431 0.0054315 0.0148191 0.0107837 
1130000 1352 995.566 791549.984 1086.823 3.8905 0 0 0 0.0005369 0.0053694 0.0145349 0.0021872 
1140000 1362 996.377 801099.739 1061.738 3.8892 0 0 0 0.0005386 0.0053859 0.0147859 0.0080749 
1150000 1372 997.04 811753.296 1062.556 3.8955 0 0 0 0.0005377 0.0053767 0.0143801 0.0200484 
1160000 1382 997.581 824977.953 1110.394 3.8947 0 0 0 0.0005252 0.0052522 0.0144023 0.0136568 
1170000 1392 998.024 835788.59 1105.265 3.906 0 0 0 0.0005199 0.0051994 0.0144082 0.00349 
1180000 1402 998.385 846567.695 1098.577 3.9135 0 0 0 0.0005241 0.005241 0.0147257 0.0180333 
1190000 1412 992.462 856443.706 1072.829 3.8971 0 0 0 0.0005273 0.005273 0.0147555 0.0148897 
1200000 1422 993.841 868850.268 1101.258 3.9013 0 0 0 0.0005186 0.0051859 0.0149241 0.0153395 
1210000 1432 994.968 881624.774 1131.772 3.9039 0 0 0 0.0005345 0.0053449 0.0153323 0.0276411 
1220000 1442 995.888 894548.459 1162.853 3.9095 0 0 0 0.0005161 0.0051614 0.0150488 0.0088798 
1230000 1452 996.64 907175.419 1178.526 3.9104 0 0 0 0.0005156 0.0051564 0.0150307 0.018647 
1240000 1462 997.255 921052.041 1219.423 3.9027 0 0 0 0.0005129 0.0051286 0.0150145 0.0114127 
1250000 1472 997.757 932564.217 1206.382 3.906 0 0 0 0.0005075 0.0050754 0.014908 0.019344 
1260000 1482 998.167 944786.335 1208.217 3.905 0 0 0 0.0005149 0.0051493 0.0151603 0.0216127 
1270000 1492 998.503 956729.395 1208.863 3.9055 0 0 0 0.0005006 0.0050057 0.0148521 0.0208247 
1280000 1502 998.777 969277.91 1213.657 3.9066 0 0 0 0.0004905 0.0049048 0.0144733 0.0149922 
1290000 1512 999.0 981095.956 1209.274 3.9048 0 0 0 0.000503 0.0050301 0.0148184 0.0226937 
1300000 1522 999.183 994826.874 1237.534 3.9061 0 0 0 0.0004893 0.0048927 0.0145466 0.0101682 
1310000 1532 999.333 1010245.509 1294.147 3.9059 0 0 0 0.0004841 0.0048408 0.0145071 0.0147546 
1320000 1542 999.455 1020618.565 1251.251 3.9033 0 0 0 0.0004895 0.0048952 0.0146351 0.0205531 
1330000 1552 999.554 1033651.725 1259.472 3.9021 0 0 0 0.0004984 0.0049837 0.0143576 0.0227584 
1340000 1562 999.636 1045722.15 1247.259 3.9068 0 0 0 0.0004925 0.004925 0.0141917 0.0196631 
1350000 1572 999.703 1057566.365 1237.954 3.9056 0 0 0 0.0004942 0.0049419 0.0141472 0.0115863 
1360000 1582 995.292 1071003.546 1244.95 3.8852 0 0 0 0.0004912 0.0049125 0.0141433 0.0105554 
1370000 1592 996.153 1085882.683 1290.538 3.8911 0 0 0 0.000491 0.0049098 0.0144074 0.0093393 
1380000 1602 996.857 1100257.543 1319.268 3.8912 0 0 0 0.0004808 0.0048081 0.0141488 0.0258238 
1390000 1612 997.432 1117465.891 1388.966 3.8925 0 0 0 0.0004691 0.0046909 0.0138511 0.0141165 
1400000 1622 997.901 1134372.83 1442.974 3.8911 0 0 0 0.0004668 0.0046678 0.0138645 0.0184307 
1410000 1632 998.285 1150939.661 1481.273 3.8945 0 0 0 0.0004681 0.0046814 0.0136931 0.0232519 
1420000 1642 998.599 1167208.684 1511.036 3.8967 0 0 0 0.0004604 0.0046036 0.0132964 0.0179118 
1430000 1652 998.855 1179908.121 1469.756 3.8993 0 0 0 0.000459 0.0045901 0.013356 0.0222052 
1440000 1662 999.065 1193473.156 1448.851 3.8989 0 0 0 0.0004577 0.0045772 0.0129965 0.0262198 
1450000 1672 999.236 1205599.482 1403.292 3.9079 0 0 0 0.0004497 0.0044975 0.0129234 0.0201832 
1460000 1682 999.376 1218550.111 1391.499 3.9104 0 0 0 0.0004471 0.0044706 0.0127962 0.0152339 
1470000 1693 992.3 1231375.185 1358.852 3.8795 0 0 0 0.0004473 0.0044733 0.0123363 0.0214321 
1480000 1703 993.709 1246045.885 1379.146 3.8822 0 0 0 0.0004428 0.0044279 0.0123416 0.0160218 
1490000 1713 994.859 1259884.265 1378.792 3.8891 0 0 0 0.0004396 0.0043955 0.0126222 0.0249374 
1500000 1723 995.8 1273821.268 1381.971 3.8939 0 0 0 0.0004268 0.0042682 0.0119726 0.011776 
1510000 1733 996.568 1289612.109 1417.733 3.8964 0 0 0 0.0004232 0.0042317 0.0117726 0.0224299 
1520000 1743 997.196 1302893.926 1403.247 3.8989 0 0 0 0.0004246 0.0042464 0.0119252 0.0164664 
1530000 1753 997.709 1317695.308 1417.451 3.8996 0 0 0 0.0004104 0.0041036 0.0117618 0.024674 
1540000 1763 998.128 1330036.791 1386.784 3.9038 0 0 0 0.0004019 0.0040186 0.0116586 0.0080924 
1550000 1773 998.47 1341782.316 1347.588 3.9039 0 0 0 0.0003958 0.0039578 0.0115374 0.024943 
1560000 1783 998.75 1358289.157 1403.383 3.9018 0 0 0 0.0003913 0.0039132 0.0115784 0.0164191 
1570000 1793 998.979 1373925.047 1430.095 3.8993 0 0 0 0.0003921 0.0039207 0.0113735 0.014194 
1580000 1803 999.166 1388201.172 1432.357 3.9046 0 0 0 0.0003901 0.0039014 0.011404 0.0176866 
1590000 1813 999.318 1403629.964 1451.676 3.9088 0 0 0 0.0003958 0.0039581 0.0117324 0.0249173 
1600000 1823 985.288 1417820.273 1424.763 3.853 0 0 0 0.0004005 0.0040046 0.011617 0.0253446 
1610000 1833 987.979 1430602.496 1392.95 3.8679 0 0 0 0.000408 0.0040801 0.0120121 0.0052154 
1620000 1843 990.178 1446319.004 1426.664 3.8723 0 0 0 0.0004165 0.0041652 0.0120817 0.0083376 
1630000 1854 977.043 1460341.635 1396.798 3.8211 0 0 0 0.0004071 0.0040714 0.0120792 0.0183427 
1640000 1864 981.243 1473967.598 1388.669 3.8393 0 0 0 0.0004119 0.0041193 0.0123167 0.0207797 
1650000 1874 984.674 1490863.096 1445.782 3.8497 0 0 0 0.0004113 0.0041134 0.0121002 0.0164972 
1660000 1884 987.477 1506911.751 1471.736 3.8618 0 0 0 0.0004081 0.0040806 0.0121114 0.0252224 
1670000 1894 989.768 1523522.69 1510.768 3.8621 0 0 0 0.0004111 0.0041107 0.0124955 0.0126854 
1680000 1904 991.64 1537817.546 1489.643 3.8654 0 0 0 0.0004043 0.0040432 0.0122588 0.0246259 
1690000 1914 993.169 1553302.635 1506.951 3.8732 0 0 0 0.0004055 0.0040551 0.0123916 0.0091575 
1700000 1925 984.753 1562358.821 1383.849 3.8417 0 0 0 0.0003973 0.0039732 0.0119992 0.014879 
1710000 1935 987.542 1577188.24 1401.625 3.8568 0 0 0 0.0004023 0.0040234 0.0120977 0.0166117 
1720000 1945 989.821 1592610.709 1428.022 3.8693 0 0 0 0.0004067 0.0040673 0.0123212 0.017836 
1730000 1955 991.683 1608448.903 1455.937 3.8771 0 0 0 0.0004004 0.0040044 0.0123873 0.0222636 
1740000 1965 993.204 1624671.772 1485.649 3.8816 0 0 0 0.0003891 0.003891 0.0120389 0.0124204 
1750000 1975 994.448 1638876.041 1474.784 3.886 0 0 0 0.0003881 0.0038807 0.0125074 0.0101568 
1760000 1985 995.463 1656876.184 1534.425 3.8835 0 0 0 0.0003936 0.0039357 0.0124262 0.0242561 
1770000 1995 996.293 1672035.31 1533.106 3.8888 0 0 0 0.0003818 0.0038182 0.0119875 0.0227816 
1780000 2005 996.971 1690224.023 1584.602 3.8935 0 0 0 0.0003783 0.0037826 0.0118718 0.0292332 
1790000 2015 997.525 1705332.337 1569.439 3.8986 0 0 0 0.0003801 0.0038014 0.0117496 0.0243027 
1800000 2025 997.978 1720523.245 1561.942 3.9031 0 0 0 0.0003737 0.0037365 0.0115225 0.0136362 
1810000 2035 998.348 1737259.28 1583.146 3.9043 0 0 0 0.0003686 0.0036861 0.0115032 0.0251009 
1820000 2045 998.65 1750644.772 1537.145 3.9008 0 0 0 0.0003758 0.003758 0.0115271 0.018551 
1830000 2055 998.897 1765496.135 1524.04 3.9045 0 0 0 0.0003607 0.0036072 0.0112657 0.0220234 
1840000 2065 999.099 1779239.663 1496.787 3.9111 0 0 0 0.0003674 0.0036738 0.0113219 0.0196499 
1850000 2075 999.264 1794282.004 1497.422 3.9084 0 0 0 0.0003653 0.0036531 0.0109484 0.0220069 
1860000 2085 999.398 1810351.008 1515.957 3.9054 0 0 0 0.000367 0.0036697 0.0110247 0.0173103 
1870000 2095 996.915 1826254.275 1527.063 3.8991 0 0 0 0.0003776 0.0037763 0.011449 0.0137429 
1880000 2105 997.48 1842409.629 1543.528 3.9019 0 0 0 0.0003731 0.0037311 0.0112151 0.0179168 
1890000 2115 997.941 1858378.942 1550.343 3.9013 0 0 0 0.0003857 0.0038572 0.0112866 0.0248797 
1900000 2125 998.317 1874592.591 1562.954 3.9032 0 0 0 0.0003863 0.0038626 0.0115657 0.0157887 
1910000 2136 982.653 1891373.237 1558.621 3.8409 0 0 0 0.000387 0.00387 0.011496 0.0148507 
1920000 2146 985.826 1905761.799 1534.118 3.8533 0 0 0 0.0003892 0.0038916 0.0114691 0.0241959 
1930000 2156 988.419 1919998.779 1515.782 3.8658 0 0 0 0.000399 0.0039896 0.0115859 0.0180337 
1940000 2166 990.538 1934956.668 1514.584 3.8685 0 0 0 0.000396 0.0039601 0.0111524 0.019342 
1950000 2176 992.269 1947852.97 1471.127 3.8752 0 0 0 0.0004085 0.0040852 0.0112587 0.0236152 
1960000 2186 993.683 1965489.031 1525.048 3.8801 0 0 0 0.0003977 0.0039769 0.0113744 0.0104336 
1970000 2196 994.838 1981397.394 1538.157 3.8863 0 0 0 0.0004162 0.0041615 0.0116775 0.0231069 
1980000 2206 981.542 1996243.733 1501.05 3.8362 0 0 0 0.0004138 0.0041378 0.0114339 0.0171215 
1990000 2216 984.919 2013598.186 1545.412 3.8521 0 0 0 0.000421 0.0042104 0.0114875 0.0273223 
2000000 2226 987.677 2029038.721 1542.614 3.8612 0 0 0 0.0004163 0.0041629 0.0116881 0.0232967 
2010000 2236 989.932 2045227.245 1553.781 3.8659 0 0 0 0.0004218 0.0042179 0.0116006 0.0161138 
2020000 2246 991.773 2062895.862 1593.986 3.8691 0 0 0 0.0004258 0.0042582 0.0116003 0.0185364 
2030000 2256 993.278 2079170.215 1604.563 3.8789 0 0 0 0.000418 0.00418 0.0113344 0.0198058 
2040000 2267 987.247 2093380.955 1559.335 3.8581 0 0 0 0.0004174 0.004174 0.0117681 0.0205892 
2050000 2277 989.58 2111226.306 1600.455 3.8666 0 0 0 0.0004114 0.004114 0.0113204 0.0144653 
2060000 2287 991.486 2127345.845 1599.943 3.8738 0 0 0 0.0004124 0.0041241 0.0111276 0.0271002 
2070000 2297 993.044 2143570.873 1605.429 3.8826 0 0 0 0.0004013 0.0040131 0.010945 0.0083203 
2080000 2307 994.316 2159266.085 1598.569 3.8859 0 0 0 0.000403 0.00403 0.0109464 0.0168806 
2090000 2317 995.356 2177379.637 1634.948 3.8831 0 0 0 0.0003865 0.0038646 0.0105304 0.0143318 
2100000 2327 996.205 2194803.898 1658.196 3.8881 0 0 0 0.0003841 0.0038411 0.0102742 0.0185903 
2110000 2337 996.9 2210530.441 1640.83 3.8925 0 0 0 0.0003737 0.0037372 0.0101341 0.0265675 
2120000 2347 997.467 2227428.346 1652.182 3.8927 0 0 0 0.0003714 0.0037143 0.0100752 0.0241559 
2130000 2357 997.93 2243795.402 1645.218 3.8935 0 0 0 0.0003721 0.0037209 0.0101787 0.020123 
2140000 2367 998.309 2262592.661 1690.575 3.8952 0 0 0 0.0003556 0.0035556 0.0097482 0.0207167 
2150000 2377 998.618 2278507.723 1673.601 3.8945 0 0 0 0.0003446 0.0034461 0.0098625 0.0203863 
2160000 2387 998.871 2297234.172 1709.77 3.9029 0 0 0 0.0003425 0.0034252 0.0097733 0.0170198 
2170000 2397 999.077 2315405.225 1731.345 3.9002 0 0 0 0.0003454 0.0034537 0.0095303 0.0181359 
2180000 2407 999.246 2332823.849 1743.052 3.8975 0 0 0 0.000332 0.0033196 0.0094893 0.024839 
2190000 2417 999.384 2348530.979 1707.132 3.9022 0 0 0 0.0003431 0.0034311 0.0095976 0.0277684 
2200000 2427 999.497 2365803.524 1710.665 3.9016 0 0 0 0.0003394 0.0033936 0.0097945 0.023896 
2210000 2437 999.589 2380684.47 1666.888 3.9023 0 0 0 0.0003423 0.0034232 0.009728 0.0186339 
2220000 2447 999.664 2396374.838 1649.776 3.9102 0 0 0 0.0003476 0.0034755 0.0096512 0.0222254 
2230000 2457 999.725 2413592.633 1665.647 3.9158 0 0 0 0.0003419 0.0034186 0.0095882 0.0208744 
2240000 2467 999.776 2430259.787 1663.719 3.9159 0 0 0 0.0003474 0.0034739 0.0098158 0.0176079 
2250000 2477 999.817 2446103.491 1647.483 3.9144 0 0 0 0.0003553 0.0035532 0.0098707 0.0209444 
2260000 2487 999.85 2459613.553 1591.34 3.9187 0 0 0 0.0003597 0.0035971 0.0101067 0.0137413 
2270000 2497 999.878 2473572.43 1554.848 3.9211 0 0 0 0.0003699 0.0036988 0.010276 0.0076188 
2280000 2507 999.9 2490307.066 1580.869 3.921 0 0 0 0.0003715 0.0037151 0.0102153 0.0158872 
2290000 2518 987.5 2507360.962 1579.682 3.8743 0 0 0 0.0003847 0.0038473 0.0106984 0.0228732 
2300000 2528 989.787 2525066.399 1611.844 3.8827 0 0 0 0.0003853 0.0038534 0.0108159 0.0135617 
2310000 2538 991.655 2542625.426 1638.35 3.8858 0 0 0 0.0003792 0.0037916 0.0107818 0.0195643 
2320000 2548 993.181 2556174.673 1591.038 3.898 0 0 0 0.0003869 0.0038687 0.0107122 0.0090955 
2330000 2558 994.429 2573314.501 1614.193 3.9009 0 0 0 0.0003878 0.0038782 0.0108686 0.0173137 
2340000 2568 995.448 2588702.189 1599.371 3.9029 0 0 0 0.0003923 0.0039235 0.0108555 0.0130385 
2350000 2578 996.281 2607330.349 1646.852 3.9063 0 0 0 0.0003996 0.0039965 0.0107672 0.0132212 
2360000 2588 996.961 2625824.435 1683.615 3.902 0 0 0 0.0003942 0.0039419 0.0108332 0.0141415 
2370000 2598 997.517 2642969.498 1691.102 3.9051 0 0 0 0.0004067 0.0040673 0.0110245 0.0187616 
2380000 2608 997.971 2662351.821 1735.992 3.9072 0 0 0 0.0003906 0.0039064 0.0106296 0.0178372 
2390000 2618 998.342 2678399.651 1710.887 3.9145 0 0 0 0.0003959 0.0039593 0.0109492 0.0192496 
2400000 2628 998.645 2695220.071 1706.735 3.919 0 0 0 0.0004097 0.0040974 0.0109275 0.0077395 
2410000 2638 998.893 2713844.702 1737.414 3.9216 0 0 0 0.0003933 0.0039331 0.0109447 0.0211181 
2420000 2648 999.096 2733405.945 1777.713 3.9215 0 0 0 0.0003914 0.003914 0.0109465 0.0128004 
2430000 2658 999.261 2751480.262 1782.857 3.9168 0 0 0 0.0004002 0.0040016 0.0110078 0.0258027 
2440000 2668 999.396 2769477.582 1783.803 3.9159 0 0 0 0.0003959 0.0039587 0.0109385 0.0093362 
2450000 2678 999.507 2787003.822 1776.957 3.918 0 0 0 0.0003972 0.0039724 0.0110671 0.0277262 
2460000 2688 999.597 2805240.456 1787.09 3.9198 0 0 0 0.0003795 0.0037945 0.0105749 0.0168513 
2470000 2698 999.671 2825207.024 1826.606 3.9236 0 0 0 0.0003684 0.0036845 0.0105393 0.0231719 
2480000 2708 999.731 2845050.899 1855.303 3.9206 0 0 0 0.0003664 0.003664 0.0102541 0.018359 
2490000 2718 999.78 2864476.375 1869.52 3.9183 0 0 0 0.0003513 0.0035126 0.0100412 0.0255495 
2500000 2728 999.82 2883307.081 1873.996 3.9142 0 0 0 0.0003557 0.0035573 0.0102221 0.0336884 
2510000 2738 999.853 2903826.706 1906.575 3.9074 0 0 0 0.0003484 0.0034842 0.0100071 0.0269653 
2520000 2748 999.88 2922661.432 1902.553 3.9095 0 0 0 0.0003439 0.003439 0.0099762 0.0255647 
2530000 2758 999.902 2943045.845 1927.14 3.9112 0 0 0 0.0003522 0.0035217 0.0101025 0.0225637 
2540000 2768 999.92 2964210.241 1961.915 3.9074 0 0 0 0.0003355 0.0033549 0.0098556 0.0198618 
2550000 2778 999.935 2984497.023 1974.313 3.9017 0 0 0 0.0003269 0.003269 0.0095663 0.0231644 
2560000 2788 999.947 3003207.841 1952.875 3.9056 0 0 0 0.000316 0.0031598 0.009476 0.006497 
2570000 2798 999.956 3020940.841 1918.934 3.9084 0 0 0 0.0003231 0.0032311 0.0094312 0.0175334 
2580000 2808 999.964 3037224.178 1867.854 3.9035 0 0 0 0.0003364 0.0033643 0.0099187 0.023001 
2590000 2818 999.971 3052021.475 1798.55 3.9052 0 0 0 0.0003384 0.0033841 0.0098106 0.0163443 
2600000 2828 987.045 3067950.173 1737.783 3.8539 0 0 0 0.0003408 0.0034081 0.0099961 0.0209729 
2610000 2838 989.414 3085734.431 1739.822 3.8619 0 0 0 0.0003268 0.0032679 0.0098127 0.0189068 
2620000 2848 991.351 3105043.428 1775.243 3.872 0 0 0 0.0003324 0.003324 0.0098647 0.0236648 
2630000 2858 992.933 3123097.936 1784.385 3.8801 0 0 0 0.0003314 0.0033138 0.0097458 0.0186899 
2640000 2868 994.226 3141573.913 1794.96 3.8877 0 0 0 0.0003268 0.0032677 0.0096773 0.0202307 
2650000 2878 995.282 3158833.179 1784.224 3.8885 0 0 0 0.0003294 0.0032943 0.0098258 0.0181913 
2660000 2888 996.145 3173440.422 1725.343 3.893 0 0 0 0.0003428 0.0034276 0.0098183 0.0223186 
2670000 2898 996.85 3189987.1 1714.317 3.8938 0 0 0 0.0003391 0.003391 0.0096642 0.0250873 
2680000 2908 997.426 3206409.753 1694.879 3.9018 0 0 0 0.0003532 0.0035316 0.0098937 0.0156195 
2690000 2918 997.897 3223414.659 1697.257 3.9036 0 0 0 0.0003535 0.0035347 0.0097562 0.0116872 
2700000 2928 998.282 3239634.179 1684.557 3.9029 0 0 0 0.0003505 0.0035048 0.0098755 0.0194919 
2710000 2938 998.596 3254655.079 1656.963 3.9026 0 0 0 0.0003686 0.0036861 0.0100653 0.0178439 
2720000 2948 998.853 3274408.417 1712.901 3.8976 0 0 0 0.0003543 0.0035427 0.0099447 0.0209524 
2730000 2958 999.063 3291474.362 1707.617 3.8976 0 0 0 0.0003701 0.0037011 0.009999 0.0255333 
2740000 2968 999.234 3310673.304 1745.414 3.8985 0 0 0 0.0003678 0.003678 0.0098693 0.0092531 
2750000 2978 999.374 3330263.562 1785.105 3.9033 0 0 0 0.0003758 0.0037581 0.0102949 0.0184411 
2760000 2988 999.489 3349067.064 1801.136 3.9038 0 0 0 0.0003749 0.0037495 0.0102126 0.0236585 
2770000 2998 999.582 3365987.945 1786.319 3.9029 0 0 0 0.0003874 0.003874 0.0102755 0.012576 
2780000 3008 999.659 3385429.03 1812.055 3.905 0 0 0 0.0003765 0.0037649 0.0100955 0.0188088 
2790000 3018 999.721 3398496.038 1719.15 3.9085 0 0 0 0.0003811 0.0038114 0.0101668 0.0218939 
2800000 3028 999.772 3414986.218 1701.811 3.9088 0 0 0 0.0003781 0.0037809 0.0098337 0.0188135 
2810000 3038 999.814 3433634.728 1729.748 3.912 0 0 0 0.0003813 0.0038134 0.0099112 0.0169538 
2820000 3048 999.848 3450280.812 1720.492 3.9086 0 0 0 0.0003764 0.0037643 0.0099778 0.0133286 
2830000 3058 999.876 3469746.073 1759.083 3.9079 0 0 0 0.0003835 0.003835 0.010074 0.0150657 
2840000 3068 999.898 3489934.722 1806.932 3.9039 0 0 0 0.0003821 0.0038212 0.0099119 0.0197812 
2850000 3078 999.917 3509912.782 1852.638 3.8984 0 0 0 0.0003695 0.0036949 0.0097265 0.0180062 
2860000 3088 999.932 3531378.035 1896.02 3.8963 0 0 0 0.0003662 0.0036622 0.0096648 0.0214747 
2870000 3098 999.945 3550753.954 1908.582 3.8988 0 0 0 0.0003508 0.0035082 0.0095849 0.0149837 
2880000 3108 999.955 3570720.553 1923.83 3.8971 0 0 0 0.0003498 0.0034979 0.0098105 0.0265989 
2890000 3118 999.963 3587195.674 1875.028 3.9054 0 0 0 0.0003474 0.0034742 0.0095614 0.0237007 
2900000 3129 988.147 3606790.255 1869.874 3.8575 0 0 0 0.0003421 0.003421 0.0093691 0.0253309 
2910000 3139 990.315 3621519.451 1797.041 3.8705 0 0 0 0.0003345 0.0033446 0.0095024 0.0200209 
2920000 3149 992.087 3637724.838 1760.739 3.8771 0 0 0 0.0003346 0.003346 0.0093372 0.0147088 
2930000 3159 993.534 3657837.267 1804.53 3.8849 0 0 0 0.0003331 0.0033308 0.0093032 0.0141903 
2940000 3169 994.717 3675735.25 1808.145 3.8884 0 0 0 0.0003372 0.0033716 0.0094557 0.0150892 
2950000 3179 995.683 3695499.709 1836.617 3.893 0 0 0 0.0003393 0.0033932 0.0093484 0.0206535 
2960000 3189 987.813 3713590.4 1813.432 3.8659 0 0 0 0.0003388 0.0033875 0.0092628 0.0202216 
2970000 3199 990.043 3735230.816 1876.399 3.873 0 0 0 0.0003236 0.0032356 0.0091978 0.018807 
2980000 3210 978.687 3756076.574 1888.221 3.828 0 0 0 0.0003313 0.0033132 0.0093889 0.0273604 
2990000 3220 982.586 3773620.693 1870.113 3.85 0 0 0 0.0003296 0.0032965 0.0095371 0.022249 
3000000 3230 985.771 3790144.961 1830.438 3.8574 0 0 0 0.000338 0.00338 0.009558 0.0126468 
3010000 3240 988.374 3807550.729 1810.239 3.8625 0 0 0 0.0003302 0.0033022 0.0094136 0.0145926 
3020000 3250 990.501 3824315.842 1800.714 3.8711 0 0 0 0.0003437 0.0034373 0.0096721 0.0177999 
3030000 3260 992.238 3840665.917 1759.197 3.8738 0 0 0 0.0003473 0.0034726 0.0094589 0.0209956 
3040000 3270 993.658 3857959.658 1754.058 3.8747 0 0 0 0.0003497 0.0034968 0.0094848 0.0144521 
3050000 3280 994.818 3877447.959 1790.227 3.8784 0 0 0 0.0003489 0.0034886 0.0094775 0.022638 
3060000 3290 995.766 3896221.869 1806.197 3.8767 0 0 0 0.0003583 0.0035831 0.0097567 0.023567 
3070000 3300 996.541 3916435.959 1843.928 3.8787 0 0 0 0.0003542 0.0035416 0.0095699 0.0282348 
3080000 3310 997.173 3936696.523 1878.364 3.8829 0 0 0 0.0003547 0.0035474 0.0096532 0.0158015 
3090000 3320 997.691 3957483.719 1915.564 3.8819 0 0 0 0.0003579 0.0035791 0.0097574 0.0140081 
3100000 3330 998.113 3977114.595 1919.734 3.8858 0 0 0 0.0003534 0.0035344 0.009639 0.0131833 
3110000 3340 993.444 3994686.341 1883.767 3.8689 0 0 0 0.0003478 0.0034782 0.009469 0.0202777 
3120000 3350 994.644 4014971.244 1909.096 3.8802 0 0 0 0.0003484 0.003484 0.009581 0.0163774 
3130000 3360 995.623 4036084.734 1946.929 3.8776 0 0 0 0.0003478 0.0034778 0.0095803 0.0205753 
3140000 3370 996.424 4056853.612 1970.801 3.8809 0 0 0 0.0003414 0.0034145 0.0095602 0.0118464 
3150000 3380 997.078 4078281.729 2000.437 3.8885 0 0 0 0.0003398 0.0033984 0.0092597 0.023804 
3160000 3390 997.613 4097540.288 2009.451 3.8868 0 0 0 0.0003405 0.003405 0.0094308 0.0146261 
3170000 3400 998.049 4117954.134 1997.848 3.8863 0 0 0 0.0003386 0.0033864 0.0093628 0.016251 
3180000 3410 998.406 4136636.534 1968.689 3.8915 0 0 0 0.0003367 0.0033671 0.0092402 0.0261573 
3190000 3420 998.698 4154205.6 1930.745 3.8933 0 0 0 0.000341 0.00341 0.0094061 0.0176233 
3200000 3430 998.936 4170230.683 1870.443 3.8943 0 0 0 0.000329 0.0032898 0.0091039 0.014999 
3210000 3440 999.131 4182436.021 1753.54 3.8921 0 0 0 0.0003295 0.003295 0.0092092 0.0214788 
3220000 3451 989.824 4199188.243 1720.744 3.8535 0 0 0 0.0003409 0.0034093 0.0093329 0.0177465 
3230000 3461 991.685 4216440.367 1721.76 3.8642 0 0 0 0.0003348 0.0033477 0.0090974 0.0250051 
3240000 3471 986.166 4235540.522 1740.814 3.8323 0 0 0 0.0003272 0.0032718 0.0089879 0.0189252 
3250000 3481 988.697 4253659.799 1751.747 3.8404 0 0 0 0.0003376 0.0033757 0.0090614 0.023784 
3260000 3491 990.764 4270490.443 1752.74 3.8539 0 0 0 0.0003287 0.0032872 0.0088775 0.0186205 
3270000 3501 992.454 4286839.291 1722.812 3.8623 0 0 0 0.0003315 0.0033154 0.008888 0.014708 
3280000 3511 993.834 4306172.943 1760.969 3.8726 0 0 0 0.0003402 0.0034024 0.0090525 0.0198604 
3290000 3521 994.962 4326077.663 1799.992 3.875 0 0 0 0.0003449 0.0034494 0.0092447 0.0198356 
3300000 3531 995.884 4346322.677 1840.011 3.8844 0 0 0 0.0003402 0.0034022 0.0089409 0.012659 
3310000 3541 996.637 4363884.142 1824.169 3.8901 0 0 0 0.0003438 0.0034384 0.0090851 0.0250447 
3320000 3551 997.252 4382677.663 1837.501 3.8882 0 0 0 0.0003432 0.0034317 0.0089441 0.0138407 
3330000 3561 997.755 4399063.778 1813.169 3.8892 0 0 0 0.0003468 0.0034679 0.0089567 0.0133261 
3340000 3571 998.165 4419734.719 1855.842 3.8824 0 0 0 0.0003548 0.0035481 0.009165 0.0236094 
3350000 3581 998.501 4439424.926 1870.1 3.8866 0 0 0 0.0003617 0.0036172 0.0091462 0.0188238 
3360000 3591 998.775 4457961.483 1885.567 3.8868 0 0 0 0.0003669 0.0036692 0.0092317 0.0190387 
3370000 3601 998.999 4474558.228 1831.401 3.8906 0 0 0 0.000365 0.0036502 0.0091462 0.0180833 
3380000 3611 999.182 4492239.886 1824.107 3.8979 0 0 0 0.0003686 0.0036864 0.0092651 0.0211091 
3390000 3621 999.332 4511210.275 1833.99 3.8983 0 0 0 0.0003707 0.0037066 0.0092394 0.0250473 
3400000 3631 999.454 4529442.247 1836.2 3.8934 0 0 0 0.0003671 0.0036711 0.0094125 0.0127402 
3410000 3641 999.554 4547655.879 1830.053 3.8912 0 0 0 0.000368 0.0036802 0.0094787 0.0214127 
3420000 3651 999.636 4564906.166 1823.165 3.8924 0 0 0 0.000376 0.0037595 0.009743 0.0225996 
3430000 3661 999.702 4581359.811 1778.198 3.8938 0 0 0 0.0003678 0.0036782 0.009541 0.0208323 
3440000 3671 999.757 4601830.112 1822.818 3.9029 0 0 0 0.0003639 0.0036386 0.0095089 0.0232997 
3450000 3681 999.801 4620156.137 1829.948 3.898 0 0 0 0.0003734 0.0037338 0.0099116 0.0151293 
3460000 3691 999.838 4634878.157 1759.786 3.9006 0 0 0 0.0003718 0.0037179 0.0099742 0.0157852 
3470000 3701 999.867 4652902.582 1764.466 3.8995 0 0 0 0.0003747 0.0037466 0.0099702 0.0104721 
3480000 3711 999.892 4673179.634 1811.304 3.8997 0 0 0 0.000371 0.00371 0.0097824 0.0226012 
3490000 3721 999.911 4694702.647 1872.369 3.8948 0 0 0 0.0003635 0.003635 0.0095365 0.0149213 
3500000 3731 999.928 4712469.844 1853.457 3.8964 0 0 0 0.000375 0.0037501 0.0098088 0.0242728 
3510000 3741 999.941 4731928.164 1868.744 3.8967 0 0 0 0.0003737 0.003737 0.0097578 0.0177232 
3520000 3751 999.952 4752039.271 1899.53 3.8973 0 0 0 0.0003718 0.0037185 0.0097491 0.0173456 
3530000 3761 999.961 4772032.708 1917.708 3.901 0 0 0 0.0003621 0.0036212 0.0097493 0.019776 
3540000 3771 999.968 4789653.789 1883.456 3.9018 0 0 0 0.0003756 0.0037563 0.0099627 0.019588 
3550000 3781 999.974 4808670.727 1888.428 3.9044 0 0 0 0.0003702 0.0037023 0.0098885 0.0246248 
3560000 3791 999.978 4830148.659 1936.223 3.9044 0 0 0 0.0003723 0.0037233 0.0099575 0.0148977 
3570000 3802 998.193 4850496.916 1954.64 3.8971 0 0 0 0.0003606 0.0036063 0.0097675 0.0292468 
3580000 3812 998.524 4869901.926 1950.375 3.8982 0 0 0 0.0003595 0.0035948 0.0097345 0.0190787 
3590000 3822 998.794 4890748.013 1974.48 3.9002 0 0 0 0.000362 0.00362 0.0096577 0.0147394 
3600000 3832 999.015 4911915.651 1999.944 3.8983 0 0 0 0.0003469 0.0034694 0.0096598 0.0208701 
3610000 3842 999.195 4930522.466 1973.485 3.9061 0 0 0 0.0003525 0.0035245 0.0094531 0.020549 
3620000 3852 999.342 4951346.05 1993.213 3.9032 0 0 0 0.0003424 0.0034245 0.009446 0.0212175 
3630000 3862 999.462 4972621.655 2017.951 3.9056 0 0 0 0.0003347 0.0033472 0.0094081 0.023385 
3640000 3872 999.561 4992848.362 2016.797 3.9029 0 0 0 0.0003371 0.0033707 0.009194 0.0252014 
3650000 3882 999.641 5013786.681 2032.179 3.9106 0 0 0 0.0003335 0.0033351 0.0092973 0.0185376 
3660000 3892 999.707 5035047.445 2049.442 3.908 0 0 0 0.0003317 0.0033169 0.0092346 0.0226884 
3670000 3902 999.76 5056378.799 2064.665 3.907 0 0 0 0.0003239 0.0032391 0.0093546 0.0139686 
3680000 3912 999.804 5078122.403 2085.1 3.9059 0 0 0 0.0003264 0.0032639 0.0093164 0.0181168 
3690000 3922 999.84 5099050.971 2087.349 3.9048 0 0 0 0.0003216 0.0032163 0.0092218 0.0238257 
3700000 3932 999.869 5120651.969 2100.431 3.9073 0 0 0 0.0003097 0.0030966 0.0090479 0.0182802 
3710000 3942 999.893 5138165.082 2037.401 3.9045 0 0 0 0.0003124 0.0031241 0.009124 0.0265135 
3720000 3952 999.913 5157299.429 2014.596 3.9031 0 0 0 0.000322 0.0032196 0.0092574 0.0236831 
3730000 3962 999.929 5178292.521 2030.507 3.8988 0 0 0 0.000314 0.0031398 0.0092424 0.0255499 
3740000 3972 999.942 5198208.223 2023.224 3.9009 0 0 0 0.0003175 0.0031746 0.009289 0.0226923 
3750000 3982 999.952 5218490.139 2023.991 3.9058 0 0 0 0.0003109 0.0031087 0.0090838 0.0184634 
3760000 3992 999.961 5237619.132 2003.815 3.9091 0 0 0 0.0003093 0.0030927 0.00914 0.0297013 
3770000 4002 999.968 5258769.863 2024.197 3.9086 0 0 0 0.0003125 0.0031248 0.009125 0.0153243 
3780000 4012 985.63 5278271.573 1985.37 3.8541 0 0 0 0.0003125 0.0031254 0.0092413 0.0214607 
3790000 4022 988.259 5297507.481 1986.963 3.8606 0 0 0 0.0003122 0.0031225 0.0091858 0.0218906 
3800000 4032 990.407 5316818.406 1966.828 3.8717 0 0 0 0.0003232 0.0032322 0.0093933 0.0208112 
3810000 4042 992.162 5336575.527 1960.312 3.8784 0 0 0 0.0003172 0.0031716 0.0093981 0.0231796 
3820000 4052 993.595 5358051.523 1995.567 3.8806 0 0 0 0.0003181 0.0031808 0.0094761 0.021177 
3830000 4062 994.767 5377307.108 2008.684 3.886 0 0 0 0.0003191 0.0031914 0.0093921 0.0174019 
3840000 4072 995.724 5397463.401 1986.76 3.8932 0 0 0 0.0003215 0.0032149 0.0092481 0.0285862 
3850000 4082 996.506 5418129.885 2004.008 3.8923 0 0 0 0.0003213 0.0032132 0.0093404 0.021605 
3860000 4092 997.145 5437754.736 1995.588 3.8959 0 0 0 0.0003136 0.0031357 0.0092335 0.0207345 
3870000 4102 997.668 5458015.88 2002.91 3.9001 0 0 0 0.0003162 0.0031618 0.0093595 0.0279838 
3880000 4112 998.094 5478379.15 2009.428 3.8983 0 0 0 0.0003194 0.0031942 0.0093408 0.0136043 
3890000 4122 998.443 5497743.676 1999.917 3.8998 0 0 0 0.0003179 0.0031788 0.0092311 0.0168566 
3900000 4132 998.728 5516843.752 1977.757 3.899 0 0 0 0.0003202 0.0032016 0.0095071 0.0190654 
3910000 4142 998.96 5537287.564 1990.422 3.8948 0 0 0 0.0003236 0.003236 0.0094557 0.0226062 
3920000 4152 999.151 5553558.577 1944.746 3.9017 0 0 0 0.0003163 0.0031626 0.0095092 0.0187302 
3930000 4162 999.306 5571656.074 1898.818 3.9071 0 0 0 0.0003234 0.003234 0.0094044 0.0304251 
3940000 4172 999.433 5590137.055 1890.981 3.9094 0 0 0 0.0003193 0.0031927 0.0095393 0.0173336 
3950000 4182 999.537 5605515.91 1826.182 3.9102 0 0 0 0.0003438 0.0034382 0.0097485 0.0263366 
3960000 4192 999.621 5624458.609 1837.568 3.9052 0 0 0 0.0003288 0.0032877 0.0097929 0.0305156 
3970000 4202 999.691 5642206.471 1824.589 3.9076 0 0 0 0.0003286 0.0032857 0.0096924 0.0193363 
3980000 4212 999.747 5661539.12 1840.278 3.906 0 0 0 0.000331 0.0033101 0.0096396 0.0158559 
3990000 4222 999.793 5678700.499 1821.402 3.9079 0 0 0 0.0003357 0.0033572 0.0096219 0.0212944 
4000000 4232 999.831 5697176.197 1827.916 3.9098 0 0 0 0.0003369 0.0033688 0.009694 0.024254 
