0 0 0.0 0.0 0.0 0.0 0 0 0 
10000 10 171.038 -1.0 -0.017 0.3646 0 0 0 
20000 20 322.678 -1.0 -0.014 0.6797 0 0 0 
30000 30 446.578 -1.0 -0.011 1.4441 0 0 0 
40000 40 547.814 -1.0 -0.009 2.1417 0 0 0 
50000 50 630.531 -1.0 -0.007 2.6922 0 0 0 
60000 103 303.629 -41.0 -0.516 1.3828 0 0 0 
70000 113 425.867 -42.0 -0.44 2.0463 0 0 0 
80000 123 530.892 -42.0 -0.36 2.6064 0 0 0 
90000 162 352.178 -61.0 -0.454 1.7559 0 0 0 
100000 176 443.618 -64.0 -0.393 2.2313 0 0 0 
110000 186 545.395 -64.0 -0.321 2.7677 0 0 0 
120000 198 613.483 -61.0 -0.197 3.1253 0 0 0 
130000 208 684.187 -61.0 -0.161 3.4907 0 0 0 
140000 221 707.968 -63.0 -0.162 3.6103 0 0 0 
150000 235 703.691 -62.0 -0.111 3.6204 0 0 0 
160000 250 692.586 -59.0 -0.02 3.5548 0 0 0 
170000 267 657.224 -58.0 0.008 3.3988 0 0 0 
180000 286 614.869 -61.0 -0.039 3.1668 0 0 0 
190000 306 565.228 -61.0 -0.029 2.9152 0 0 0 
200000 322 577.724 -61.0 -0.014 2.9823 0 0 0 
210000 351 470.339 -38.0 0.351 2.4221 0 0 0 
220000 369 483.568 -28.0 0.415 2.4943 0 0 0 
230000 392 472.918 -17.0 0.443 2.4566 0 0 0 
240000 412 479.848 -8.0 0.449 2.4971 0 0 0 
250000 441 416.615 11.0 0.533 2.1853 0 0 0 
260000 466 412.131 20.0 0.469 2.1387 0 0 0 
270000 490 418.197 26.0 0.385 2.1861 0 0 0 
280000 529 320.618 37.0 0.327 1.6606 0 0 0 
290000 568 280.165 25.0 -0.016 1.4735 0 0 0 
300000 598 297.09 20.0 -0.065 1.5725 0 0 0 
310000 636 283.463 27.0 0.119 1.5128 0 0 0 
320000 659 335.416 36.0 0.225 1.7586 0 0 0 
330000 729 179.538 74.0 0.519 0.9512 0 0 0 
340000 801 129.782 116.0 0.59 0.6821 0 0 0 
350000 892 107.895 174.0 0.667 0.5675 0 0 0 
360000 1013 86.325 269.0 0.749 0.461 0 0 0 
370000 1113 97.772 350.0 0.718 0.5218 0 0 0 
380000 1258 85.443 448.0 0.633 0.4452 0 0 0 
390000 1426 54.08 496.0 0.198 0.2909 0 0 0 
400000 1629 49.07 634.0 0.78 0.2513 0 0 0 
410000 1813 50.195 818.0 0.995 0.2721 0 0 0 
420000 1986 48.793 989.0 0.998 0.2615 0 0 0 
430000 2176 57.766 1179.0 1.0 0.3109 0 0 0 
440000 2385 46.314 1388.0 1.0 0.2606 0 0 0 
450000 2582 47.988 1585.0 1.0 0.2615 0 0 0 
460000 2797 41.804 1799.0 0.999 0.2253 0 0 0 
470000 3030 43.29 2028.0 0.976 0.2318 0 0 0 
480000 3272 42.049 2268.0 0.981 0.2278 0 0 0 
490000 3489 43.011 2484.0 0.997 0.234 0 0 0 
500000 3719 42.535 2710.0 0.964 0.2374 0 0 0 
510000 3937 45.157 2928.0 1.0 0.2366 0 0 0 
520000 4154 47.674 3141.0 0.974 0.2661 0 0 0 
530000 4375 42.021 3362.0 1.0 0.2274 0 0 0 
540000 4565 70.602 3550.0 0.971 0.379 0 0 0 
550000 4762 45.882 3746.0 0.999 0.2454 0 0 0 
560000 4982 41.973 3963.0 0.996 0.2409 0 0 0 
570000 5213 38.281 4191.0 0.961 0.2108 0 0 0 
580000 5468 38.875 4446.0 1.0 0.2161 0 0 0 
590000 5689 44.131 4665.0 0.999 0.2417 0 0 0 
600000 5909 45.765 4883.0 0.999 0.2565 0 0 0 
610000 6077 57.488 5048.0 0.982 0.3067 0 0 0 
620000 6310 44.273 5277.0 0.996 0.2468 0 0 0 
630000 6496 60.035 5458.0 0.96 0.3126 0 0 0 
640000 6748 41.165 5710.0 1.0 0.2239 0 0 0 
650000 6979 44.909 5939.0 0.976 0.2383 0 0 0 
660000 7242 38.367 6202.0 1.0 0.2119 0 0 0 
670000 7481 40.714 6441.0 1.0 0.2164 0 0 0 
680000 7715 37.846 6674.0 0.999 0.2044 0 0 0 
690000 7961 37.206 6920.0 1.0 0.1944 0 0 0 
700000 8213 39.948 7170.0 0.999 0.2205 0 0 0 
710000 8464 40.903 7421.0 1.0 0.2239 0 0 0 
720000 8722 43.087 7679.0 1.0 0.2365 0 0 0 
730000 8956 39.916 7910.0 0.997 0.2146 0 0 0 
740000 9169 41.006 8121.0 0.999 0.221 0 0 0 
750000 9419 40.033 8370.0 0.999 0.2173 0 0 0 
760000 9619 40.167 8568.0 0.999 0.2254 0 0 0 
770000 9852 37.093 8798.0 0.982 0.1985 0 0 0 
780000 10073 47.048 9016.0 0.968 0.2536 0 0 0 
790000 10318 51.646 9261.0 1.0 0.2711 0 0 0 
800000 10519 51.292 9460.0 0.994 0.2682 0 0 0 
810000 10747 42.928 9686.0 0.989 0.2329 0 0 0 
820000 11020 36.652 9959.0 1.0 0.201 0 0 0 
830000 11278 37.89 10215.0 0.997 0.2065 0 0 0 
840000 11535 38.534 10470.0 0.983 0.205 0 0 0 
850000 11796 35.276 10727.0 0.982 0.1943 0 0 0 
860000 12070 38.04 11001.0 1.0 0.216 0 0 0 
870000 12328 37.894 11259.0 1.0 0.207 0 0 0 
880000 12573 39.184 11503.0 0.998 0.2146 0 0 0 
890000 12800 41.996 11730.0 1.0 0.2305 0 0 0 
900000 13019 37.373 11948.0 1.0 0.2037 0 0 0 
910000 13276 39.839 12205.0 1.0 0.222 0 0 0 
920000 13475 49.391 12403.0 0.995 0.2595 0 0 0 
930000 13739 37.084 12663.0 0.997 0.2069 0 0 0 
940000 13989 43.301 12913.0 1.0 0.2265 0 0 0 
950000 14218 48.999 13141.0 0.99 0.2699 0 0 0 
960000 14478 37.667 13399.0 0.969 0.2035 0 0 0 
970000 14715 37.267 13636.0 1.0 0.2141 0 0 0 
980000 14950 40.54 13870.0 0.997 0.2187 0 0 0 
990000 15195 40.412 14111.0 0.998 0.2235 0 0 0 
