10000 3 177.641 14.333 0.156 1.6514 3 3976.0 317.982 0.0 0.0 
20000 7 352.428 16.8 0.314 3.2891 7 8116.0 543.3447 0.0 0.0 
30000 11 499.78 36.667 0.605 4.6625 11 13684.0 815.749 0.0 0.0 
40000 25 564.19 240.867 3.935 6.4414 25 34786.0 1312.7273 1.78e-05 0.0017842 
50000 53 486.073 1204.4 17.976 6.9251 53 82664.0 1782.6189 1.68e-05 0.0016808 
60000 73 484.664 2248.467 28.48 7.7903 73 120324.0 1742.683 1.75e-05 0.0017459 
70000 88 536.72 2955.267 33.491 9.2723 88 145723.0 1721.5419 1.56e-05 0.0015552 
80000 102 571.885 3778.267 39.462 11.8444 102 170745.0 1744.5335 1.26e-05 0.0012588 
90000 123 535.745 4951.0 44.872 12.612 123 209518.0 1760.6434 1.11e-05 0.0011088 
100000 143 523.632 6041.867 48.775 13.3772 143 241538.0 1701.5483 9.4e-06 0.0009367 
110000 165 493.87 7415.867 52.818 13.3754 165 279959.0 1647.1441 8.8e-06 0.0008788 
120000 176 571.688 8170.667 56.203 15.9274 176 299910.0 1745.1364 7.4e-06 0.000743 
130000 189 617.001 9247.8 62.6 17.4139 189 326881.0 1975.668 6.8e-06 0.0006797 
140000 208 591.693 10686.667 66.333 16.8784 208 364318.0 1815.0818 6.3e-06 0.0006259 
150000 225 597.846 11838.2 67.412 17.1911 225 395322.0 1941.3769 6.3e-06 0.0006276 
160000 248 532.166 13287.267 65.509 15.4331 248 435340.0 1777.3212 6.6e-06 0.000658 
170000 271 493.329 14867.867 65.802 14.3662 271 478755.0 1900.7207 6.4e-06 0.0006436 
180000 286 532.961 16065.467 69.587 15.4731 286 510337.0 2065.2783 6.4e-06 0.0006387 
190000 305 524.528 17621.867 74.106 15.2433 305 550063.0 2080.0396 6.1e-06 0.0006145 
200000 329 479.158 18941.8 66.835 13.9564 329 581671.0 1363.1666 5.3e-06 0.0005298 
210000 359 420.143 20423.067 58.84 12.2521 359 617751.0 1117.0701 5e-06 0.000503 
220000 389 379.403 22027.067 55.502 11.0983 389 658131.0 1159.5505 4.8e-06 0.0004825 
230000 420 337.314 23676.867 54.033 9.8599 420 700092.0 1305.7845 5e-06 0.0004978 
240000 468 258.12 26103.333 52.957 7.552 468 757264.0 1349.4536 4.9e-06 0.0004901 
250000 520 210.505 28733.4 50.652 6.1807 520 822355.0 1186.0981 4.9e-06 0.00049 
260000 584 172.896 31782.733 48.677 5.0538 584 896077.0 1230.8901 4.8e-06 0.0004778 
270000 620 226.487 34678.667 65.216 6.5664 620 966303.0 1984.945 5.2e-06 0.0005193 
280000 650 274.873 37476.667 77.72 7.9527 650 1032466.0 2257.132 5.4e-06 0.0005364 
290000 678 313.276 40192.0 86.735 9.0778 678 1096380.0 2344.8124 5.5e-06 0.0005467 
300000 707 328.178 42954.267 90.158 9.5362 707 1161218.0 2292.7847 6.2e-06 0.0006226 
310000 728 384.898 45217.933 97.74 11.2048 728 1214127.0 2805.9744 7.4e-06 0.000743 
320000 757 372.26 48177.067 100.751 10.7935 757 1279722.0 2399.2526 6.8e-06 0.0006793 
330000 786 357.79 51489.067 105.856 10.3011 786 1354283.0 2671.0003 6.4e-06 0.0006393 
340000 816 345.715 54646.067 105.734 9.9396 816 1426774.0 2373.6178 6.6e-06 0.0006626 
350000 843 351.26 57681.2 107.411 10.1214 843 1498548.0 2583.8569 9.7e-06 0.0009691 
360000 872 352.187 60970.467 112.198 10.175 872 1572176.0 2632.3564 1.06e-05 0.001055 
370000 888 427.812 63295.867 121.277 12.407 888 1628435.0 3452.5994 1.31e-05 0.0013073 
380000 917 395.731 66545.267 118.564 11.4461 917 1705248.0 2955.5287 1.19e-05 0.0011928 
390000 943 379.826 69753.2 118.322 10.9175 943 1779506.0 2608.3711 1.25e-05 0.0012505 
400000 966 399.666 72558.133 119.869 11.4807 966 1844034.0 2628.8473 1.28e-05 0.0012839 
410000 981 468.076 74268.467 117.801 13.402 981 1882115.0 2426.0174 1.29e-05 0.0012903 
420000 999 498.409 76533.8 120.781 14.2842 999 1936095.0 3134.6754 1.18e-05 0.0011811 
430000 1021 487.066 79419.933 125.796 13.9685 1021 2004595.0 3230.1396 1.16e-05 0.0011642 
440000 1035 540.671 81763.533 134.163 15.6044 1035 2060811.0 3814.7068 1.33e-05 0.0013335 
450000 1047 594.704 83962.667 143.268 17.1756 1047 2112124.0 3991.128 1.51e-05 0.0015141 
460000 1062 626.402 86343.133 150.695 18.1128 1062 2167806.0 4106.5307 1.5e-05 0.0014978 
470000 1073 662.867 88438.6 155.927 19.1719 1073 2217604.0 4159.9319 1.59e-05 0.0015895 
480000 1082 723.239 89926.933 157.434 20.8596 1082 2250445.0 3937.8565 1.4e-05 0.0013995 
490000 1098 720.444 92543.733 159.591 20.7009 1098 2309290.0 3841.1046 1.36e-05 0.0013568 
500000 1116 673.728 95472.933 162.193 19.4251 1116 2376783.0 3737.6757 1.29e-05 0.0012899 
510000 1131 661.184 98495.6 169.903 19.1211 1131 2444915.0 4219.5016 1.44e-05 0.0014359 
520000 1144 684.589 100916.2 174.701 19.8563 1144 2500455.0 4181.8236 1.57e-05 0.0015652 
530000 1162 645.47 103869.067 169.973 18.7418 1162 2569753.0 3678.5138 1.52e-05 0.0015235 
540000 1179 635.674 106963.933 176.289 18.5328 1179 2640209.0 4250.6408 1.58e-05 0.0015818 
550000 1196 611.347 110342.733 179.604 17.9224 1196 2717216.0 4278.251 1.54e-05 0.0015436 
560000 1214 599.411 113621.6 180.805 17.6129 1214 2790893.0 4146.3781 1.47e-05 0.0014672 
570000 1232 592.89 116783.333 182.473 17.4091 1232 2862554.0 4333.6314 1.43e-05 0.0014299 
580000 1245 630.983 119550.533 187.203 18.5301 1245 2924695.0 4591.9923 1.48e-05 0.001477 
590000 1256 686.617 121815.933 191.691 20.1056 1256 2973360.0 4543.7549 1.38e-05 0.0013796 
600000 1267 717.987 124259.4 196.114 20.9907 1267 3028359.0 4695.7684 1.4e-05 0.001398 
610000 1281 722.813 127251.667 201.287 21.1611 1281 3093946.0 4766.8223 1.38e-05 0.0013763 
620000 1294 728.398 129859.6 200.471 21.3336 1294 3154922.0 4544.3639 1.4e-05 0.001401 
630000 1313 665.836 133274.933 194.78 19.5434 1313 3234857.0 4350.6356 1.47e-05 0.0014723 
640000 1323 725.441 135522.667 198.776 21.2039 1323 3284620.0 4663.2692 1.47e-05 0.0014735 
650000 1343 656.406 138978.8 192.326 19.1898 1343 3361428.0 3948.0365 1.49e-05 0.0014886 
660000 1360 628.255 142433.333 193.424 18.2751 1360 3437635.0 4341.2368 1.42e-05 0.0014171 
670000 1381 586.566 145456.6 177.77 16.9271 1381 3505563.0 3406.8295 1.26e-05 0.0012569 
680000 1394 605.969 148442.8 186.129 17.5032 1394 3570769.0 4220.3287 1.15e-05 0.0011469 
690000 1412 605.534 151804.8 188.995 17.5501 1412 3643355.0 4118.5424 1.09e-05 0.0010935 
700000 1432 570.232 155486.933 186.86 16.5186 1432 3725644.0 4172.7166 1.21e-05 0.001211 
710000 1449 581.028 158270.733 181.789 16.8072 1449 3786022.0 3719.9566 1.18e-05 0.0011751 
720000 1464 596.092 161489.133 187.668 17.3759 1464 3858178.0 4375.3127 1.29e-05 0.0012945 
730000 1483 573.277 165287.133 191.367 16.8008 1483 3941940.0 4483.9962 1.34e-05 0.0013405 
740000 1504 536.906 169242.467 189.95 15.743 1504 4027341.0 3874.8437 1.31e-05 0.0013149 
750000 1523 516.069 172654.467 186.286 15.0694 1523 4100972.0 3883.2671 1.26e-05 0.0012595 
760000 1540 548.919 176370.533 194.92 16.064 1540 4182626.0 4606.414 1.24e-05 0.0012422 
770000 1565 490.506 180851.867 188.535 14.2544 1565 4276994.0 3650.1819 1.15e-05 0.0011507 
780000 1589 464.735 185293.0 188.079 13.5298 1589 4370896.0 3716.4803 1.16e-05 0.0011556 
790000 1608 481.002 189277.533 195.069 14.0518 1608 4455803.0 4376.7266 1.15e-05 0.0011476 
800000 1622 539.761 192444.467 202.806 15.792 1622 4521847.0 4686.6386 1.12e-05 0.0011217 
810000 1642 530.886 196477.533 203.809 15.6062 1642 4606047.0 4443.2527 1.15e-05 0.0011465 
820000 1657 560.12 199591.0 203.938 16.3758 1657 4671936.0 4123.2477 1.07e-05 0.001067 
830000 1673 569.965 202924.4 201.693 16.6564 1673 4746169.0 4374.4306 1.29e-05 0.0012904 
840000 1687 614.4 205922.8 207.342 17.9627 1687 4809198.0 4851.3766 1.31e-05 0.0013148 
850000 1698 658.052 208334.867 207.704 19.2119 1698 4860166.0 4426.595 1.3e-05 0.0013033 
860000 1715 644.976 211608.4 204.878 18.6817 1715 4927375.0 4080.4501 1.07e-05 0.001073 
870000 1734 608.938 215499.267 206.085 17.5623 1734 5009246.0 4496.522 1.07e-05 0.0010708 
880000 1758 533.531 220212.267 201.895 15.3356 1758 5106483.0 4091.2856 9.6e-06 0.000956 
890000 1777 501.008 224060.933 200.235 14.2919 1777 5186905.0 4170.0844 9.4e-06 0.0009418 
900000 1792 575.815 227365.867 208.482 16.4928 1792 5254216.0 4615.8421 9.8e-06 0.0009778 
910000 1802 653.517 229748.467 213.504 18.6137 1802 5304051.0 4828.1023 9.9e-06 0.0009876 
920000 1820 611.796 233649.133 213.093 17.496 1820 5386432.0 4568.5834 1.09e-05 0.001094 
930000 1829 707.924 235434.467 213.152 20.223 1829 5424667.0 4472.5681 9.9e-06 0.000989 
940000 1838 695.199 237282.867 208.856 19.8096 1838 5462530.0 4105.1847 8.8e-06 0.0008788 
950000 1848 798.86 239335.8 207.353 22.7326 1848 5505981.0 4092.1411 8.9e-06 0.0008909 
960000 1858 851.356 241447.733 209.606 24.2463 1858 5550143.0 4458.3537 8.1e-06 0.000809 
970000 1870 853.618 244271.667 217.287 24.3452 1870 5607445.0 4756.0639 8.5e-06 0.0008462 
980000 1889 743.32 248339.467 213.996 21.2638 1889 5691666.0 4309.4175 8.9e-06 0.0008919 
990000 1901 759.096 250833.933 211.223 21.6939 1901 5744128.0 4265.9835 9.3e-06 0.00093 
1000000 1911 805.297 252789.067 210.773 22.9705 1911 5783677.0 4177.4767 8.4e-06 0.0008354 
1010000 1927 760.744 256547.467 218.036 21.8182 1927 5860641.0 4771.1166 8.7e-06 0.0008725 
1020000 1943 716.078 260026.067 214.049 20.4897 1943 5934203.0 4412.8719 8.8e-06 0.000884 
1030000 1964 641.326 264605.533 218.061 18.4507 1964 6029460.0 4573.1326 1e-05 0.0009975 
1040000 1980 633.15 267904.467 212.575 18.1742 1980 6098401.0 4249.5858 1e-05 0.0009994 
1050000 1998 614.024 272072.6 221.468 17.7771 1998 6186257.0 5072.2241 1.07e-05 0.0010738 
1060000 2013 622.059 275769.267 224.631 18.0465 2013 6263654.0 4914.6598 1.06e-05 0.0010614 
1070000 2031 611.278 279472.2 221.397 17.7632 2031 6339779.0 4610.3593 1.08e-05 0.0010827 
1080000 2047 599.876 283462.267 226.158 17.4313 2047 6423667.0 4978.5791 1.08e-05 0.0010832 
1090000 2062 631.926 286542.333 225.119 18.4059 2062 6488711.0 4808.9272 1.02e-05 0.0010236 
1100000 2070 668.468 288672.067 227.546 19.5259 2070 6533254.0 4961.9412 1.09e-05 0.001091 
1110000 2083 729.96 291521.6 227.541 21.195 2083 6591503.0 4782.8863 1.09e-05 0.0010868 
1120000 2103 657.062 295891.667 225.445 19.1264 2103 6681230.0 4636.4052 1.06e-05 0.0010558 
1130000 2122 616.663 300366.8 229.76 18.1115 2122 6775648.0 4930.5707 1.02e-05 0.0010198 
1140000 2141 584.943 304811.0 229.832 17.1778 2141 6869253.0 4699.4875 1.09e-05 0.0010925 
1150000 2159 571.554 308996.4 228.272 16.8055 2159 6956742.0 4811.6531 1.21e-05 0.0012098 
1160000 2174 598.737 312351.467 228.976 17.5709 2174 7025419.0 4535.6202 1.1e-05 0.0010971 
1170000 2194 562.071 316675.267 223.339 16.4037 2194 7114092.0 4387.5466 1.11e-05 0.0011122 
1180000 2209 588.488 320109.267 226.018 17.1236 2209 7185515.0 4747.31 1.11e-05 0.0011058 
1190000 2218 674.394 322227.2 225.597 19.5194 2218 7228958.0 4678.8007 1.02e-05 0.0010201 
1200000 2234 647.219 325845.333 225.142 18.8091 2234 7306889.0 4610.1723 1.14e-05 0.001141 
1210000 2247 683.01 329186.933 231.419 19.9467 2247 7377276.0 5150.1918 1.1e-05 0.0010968 
1220000 2264 647.83 332816.2 226.252 18.8989 2264 7454579.0 4483.7916 1.15e-05 0.0011498 
1230000 2283 617.769 336867.733 224.358 18.0531 2283 7541880.0 4660.3858 1.12e-05 0.0011169 
1240000 2303 577.854 340724.733 212.789 16.8074 2303 7623543.0 4019.5124 1.11e-05 0.0011149 
1250000 2314 643.018 343377.333 218.663 18.7059 2314 7679998.0 4755.2203 1.04e-05 0.0010426 
1260000 2335 583.179 347916.467 217.431 16.9239 2335 7773280.0 4509.1259 9.6e-06 0.0009622 
1270000 2358 524.498 352669.733 212.066 15.2616 2358 7870545.0 4201.5491 9.1e-06 0.0009139 
1280000 2375 548.85 356824.067 223.067 16.0085 2375 7958465.0 5060.3269 9.5e-06 0.0009504 
1290000 2395 535.699 361163.267 222.19 15.633 2395 8050123.0 4707.0785 9.8e-06 0.0009762 
1300000 2412 540.362 365314.267 225.644 15.9327 2412 8138750.0 4918.1565 1.09e-05 0.0010936 
1310000 2430 553.27 369577.667 231.58 16.2052 2430 8228475.0 5086.8412 1.08e-05 0.00108 
1320000 2449 544.9 373883.4 229.464 15.9065 2449 8319403.0 4696.9791 1.14e-05 0.0011376 
1330000 2468 534.047 377867.467 220.989 15.6208 2468 8406861.0 4502.5681 1.1e-05 0.001102 
1340000 2487 534.394 381957.067 220.154 15.639 2487 8495097.0 4534.4985 1.1e-05 0.0011044 
1350000 2506 535.036 386618.267 229.275 15.7756 2506 8591889.0 5309.8755 1.13e-05 0.0011314 
1360000 2519 588.84 389460.733 225.127 17.2805 2519 8651592.0 4731.4926 1.1e-05 0.0011019 
1370000 2538 571.454 393905.4 228.692 16.8321 2538 8745269.0 5028.4473 1.12e-05 0.0011168 
1380000 2556 567.655 398023.2 229.788 16.8011 2556 8832731.0 4960.0053 1.13e-05 0.0011252 
1390000 2572 576.025 401800.133 229.962 16.9966 2572 8912285.0 4843.3279 1.06e-05 0.0010632 
1400000 2590 579.084 405664.533 228.556 17.0054 2590 8994020.0 5087.0557 1.05e-05 0.0010472 
1410000 2602 628.772 408857.667 235.911 18.5423 2602 9063266.0 5521.4862 1.06e-05 0.0010607 
1420000 2621 594.175 412984.067 228.273 17.4867 2621 9150848.0 4581.0889 1.1e-05 0.0011043 
1430000 2631 639.424 415428.867 229.919 18.7852 2631 9203547.0 4901.5338 1.15e-05 0.0011525 
1440000 2647 657.557 419351.8 234.979 19.3717 2647 9286656.0 5238.0935 1.17e-05 0.0011741 
1450000 2667 613.347 423718.667 232.799 18.0839 2667 9378341.0 4849.8123 1.09e-05 0.0010918 
1460000 2679 657.25 426904.4 238.436 19.3391 2679 9445406.0 5326.4565 1.06e-05 0.0010622 
1470000 2686 756.79 428787.267 241.239 22.0957 2686 9484744.0 5324.915 1e-05 0.001 
1480000 2699 762.78 432078.0 244.076 22.1975 2699 9552363.0 5286.172 8.9e-06 0.0008857 
1490000 2707 810.701 434390.133 249.773 23.5406 2707 9599036.0 5523.2987 8.7e-06 0.0008682 
1500000 2718 834.76 437040.4 246.277 24.1656 2718 9653675.0 5025.7182 1.22e-05 0.0012225 
1510000 2728 880.616 439355.4 244.967 25.4713 2728 9700435.0 4800.8128 7.9e-06 0.0007917 
1520000 2740 836.37 442201.667 243.054 24.1916 2740 9759219.0 4836.7084 8.2e-06 0.0008242 
1530000 2749 910.706 444550.467 247.071 26.3477 2749 9808679.0 5443.1885 9.2e-06 0.0009217 
1540000 2760 912.862 447365.667 249.792 26.3932 2760 9864916.0 5300.9466 8.8e-06 0.000879 
1550000 2773 880.32 450701.333 251.543 25.5216 2773 9934349.0 5299.6399 9.5e-06 0.0009458 
1560000 2787 838.33 454265.333 252.07 24.4288 2787 10008089.0 5295.9617 1e-05 0.0009956 
1570000 2806 737.047 458839.933 247.253 21.558 2806 10103012.0 5025.7636 1e-05 0.0010026 
1580000 2821 722.645 462310.267 244.684 21.19 2821 10175593.0 4940.5594 1.01e-05 0.0010104 
1590000 2838 685.171 466843.267 251.749 20.152 2838 10269650.0 5468.4896 1.05e-05 0.0010505 
1600000 2853 668.215 470652.2 248.845 19.6475 2853 10347630.0 4938.9407 9.9e-06 0.0009865 
1610000 2865 715.605 473443.867 247.736 20.9151 2865 10404795.0 4987.9093 9.5e-06 0.0009454 
1620000 2873 794.026 475495.067 250.365 23.1953 2873 10446026.0 5181.0644 9e-06 0.0009039 
1630000 2884 806.292 478215.533 246.384 23.5007 2884 10502129.0 4913.3481 8.8e-06 0.0008766 
1640000 2898 772.013 481538.267 245.235 22.5067 2898 10570422.0 4987.2255 8.9e-06 0.0008892 
1650000 2910 791.134 484086.733 238.159 22.9291 2910 10622306.0 4591.0425 8.6e-06 0.0008643 
1660000 2925 756.727 488065.867 244.514 22.0638 2925 10705456.0 5245.6683 9.3e-06 0.0009273 
1670000 2941 718.236 491775.133 242.247 21.0206 2941 10782540.0 5063.3363 9.7e-06 0.0009729 
1680000 2958 666.99 495672.333 237.321 19.6213 2958 10865085.0 4798.8344 1.06e-05 0.0010622 
1690000 2967 759.979 497985.467 242.467 22.2726 2967 10912202.0 5216.2837 1e-05 0.0010009 
1700000 2981 747.426 501344.6 241.909 21.9306 2981 10982445.0 4889.7094 1e-05 0.0009986 
1710000 2991 776.089 503840.2 241.796 22.7375 2991 11033509.0 4910.3578 9e-06 0.0008955 
1720000 3005 769.257 506742.133 235.801 22.4399 3005 11094468.0 4602.9729 8.4e-06 0.0008387 
1730000 3019 754.906 510077.4 234.601 22.0356 3019 11165143.0 4732.6594 9.5e-06 0.0009516 
1740000 3030 787.422 512846.667 237.984 22.9673 3030 11222813.0 5040.5332 9.8e-06 0.0009845 
1750000 3039 801.312 514974.933 235.543 23.3178 3039 11264674.0 4722.8475 9e-06 0.0009005 
1760000 3061 709.543 519539.0 228.5 20.4597 3061 11357663.0 4385.4431 7.9e-06 0.0007865 
1770000 3079 664.381 523782.267 231.476 19.2711 3079 11447754.0 5043.0518 9.1e-06 0.0009054 
1780000 3096 640.672 527897.667 233.49 18.6913 3096 11532448.0 4938.4766 1.02e-05 0.0010228 
1790000 3113 616.962 532031.333 233.734 18.0032 3113 11617908.0 4754.8726 1.1e-05 0.0011008 
1800000 3134 573.523 536503.6 229.364 16.8003 3134 11710175.0 4624.1428 1.06e-05 0.0010596 
1810000 3150 585.417 540066.267 226.086 17.1426 3150 11781860.0 4468.2473 9.4e-06 0.0009362 
1820000 3166 595.227 543423.533 222.906 17.3761 3166 11851864.0 4395.339 8.9e-06 0.0008906 
1830000 3178 641.961 546765.0 233.765 18.7653 3178 11918482.0 5182.8594 9.1e-06 0.0009058 
1840000 3195 620.993 551146.8 238.251 18.2521 3195 12009406.0 5207.6608 9.7e-06 0.000969 
1850000 3209 633.074 554819.2 243.736 18.5793 3209 12085807.0 5268.8744 1.06e-05 0.0010583 
1860000 3225 633.457 558941.2 246.339 18.5752 3225 12169073.0 5031.9593 1.16e-05 0.0011569 
1870000 3242 622.009 563251.2 249.116 18.2382 3242 12258927.0 5222.3483 1.11e-05 0.0011079 
1880000 3262 581.006 567903.333 243.57 17.0003 3262 12355092.0 4594.9917 1.07e-05 0.0010726 
1890000 3280 575.505 572493.667 248.064 16.9825 3280 12448857.0 5177.9661 1.09e-05 0.0010853 
1900000 3296 586.298 576832.333 252.695 17.4028 3296 12538873.0 5478.723 1.11e-05 0.0011132 
1910000 3315 573.129 581235.267 248.7 16.9858 3315 12630165.0 5031.1615 1.07e-05 0.0010724 
1920000 3334 555.788 585733.667 244.064 16.506 3334 12723701.0 4775.8342 1.03e-05 0.0010309 
1930000 3354 535.748 590215.933 236.565 15.963 3354 12816792.0 4592.7189 9.9e-06 0.0009904 
1940000 3374 522.832 594855.2 234.447 15.667 3374 12912652.0 4590.6959 9.5e-06 0.0009464 
1950000 3394 513.808 599464.067 232.846 15.3303 3394 13007552.0 4835.0953 9.8e-06 0.000982 
1960000 3412 526.316 603764.733 234.576 15.6791 3412 13097700.0 4984.3821 1.03e-05 0.001031 
1970000 3430 536.66 608097.0 236.962 15.9993 3430 13189424.0 4989.6503 1.03e-05 0.0010322 
1980000 3448 539.422 612446.667 237.771 16.0572 3448 13280189.0 4862.0954 1.11e-05 0.0011066 
1990000 3462 577.704 616233.8 244.898 17.1117 3462 13358415.0 5370.7721 1.04e-05 0.0010381 
2000000 3477 601.785 619768.6 242.61 17.6953 3477 13431923.0 5206.3341 9.7e-06 0.0009731 
2010000 3492 606.314 623514.667 243.303 17.8009 3492 13510030.0 5163.0215 1.09e-05 0.0010862 
2020000 3505 649.383 626384.6 239.441 18.9425 3505 13568780.0 4657.3497 9.5e-06 0.0009463 
2030000 3524 612.133 630581.2 233.583 17.8681 3524 13654883.0 4826.9247 9.8e-06 0.0009795 
2040000 3540 600.126 634826.6 241.067 17.6627 3540 13742461.0 5339.4835 1e-05 0.001003 
2050000 3555 630.17 638936.8 252.035 18.4968 3555 13827772.0 5723.152 1.05e-05 0.0010538 
2060000 3575 588.635 643518.333 244.972 17.2826 3575 13922759.0 5054.1537 1.06e-05 0.0010583 
2070000 3589 618.004 647281.133 251.182 18.173 3589 14000568.0 5546.826 1e-05 0.001003 
2080000 3605 592.689 651090.533 246.433 17.4216 3605 14079374.0 5014.5214 1e-05 0.0009986 
2090000 3621 623.862 654611.267 241.391 18.2158 3621 14153940.0 4728.5363 9.6e-06 0.0009617 
2100000 3636 641.338 658331.333 244.525 18.7691 3636 14232248.0 5224.3457 9.8e-06 0.0009831 
2110000 3654 613.868 662867.733 246.219 17.9109 3654 14328156.0 5151.4493 9.3e-06 0.000933 
2120000 3670 606.888 666663.2 240.754 17.6773 3670 14406170.0 4750.8251 9.1e-06 0.0009051 
2130000 3686 598.327 670755.333 242.954 17.4506 3686 14489555.0 4954.7418 8.7e-06 0.0008682 
2140000 3699 647.712 673907.933 246.777 18.9502 3699 14554049.0 5255.0886 8.8e-06 0.0008781 
2150000 3718 608.213 678593.133 246.345 17.8489 3718 14651823.0 5059.5667 9.4e-06 0.0009386 
2160000 3733 624.035 682255.6 246.098 18.3287 3733 14728796.0 5206.7284 9.3e-06 0.0009329 
2170000 3751 598.453 686789.8 245.464 17.5316 3751 14822065.0 5063.1152 9.8e-06 0.0009794 
2180000 3770 581.431 691498.267 249.707 17.0845 3770 14920043.0 5444.375 9.5e-06 0.0009487 
2190000 3789 553.89 696084.467 242.743 16.2923 3789 15014935.0 4916.2571 9e-06 0.0009039 
2200000 3805 581.993 699792.333 243.996 17.0337 3805 15091411.0 5070.4412 9e-06 0.0008987 
2210000 3818 619.618 703305.4 247.355 18.1612 3818 15165445.0 5315.8515 9e-06 0.0009044 
2220000 3836 599.934 707693.467 245.613 17.6514 3836 15256737.0 4869.4027 9e-06 0.0009036 
2230000 3854 583.395 712267.533 247.319 17.2596 3854 15351380.0 4962.1404 9.5e-06 0.0009451 
2240000 3872 577.713 716897.8 251.925 17.2071 3872 15446330.0 5301.9297 9.5e-06 0.000949 
2250000 3890 564.596 721615.133 252.899 16.7902 3890 15543749.0 5322.4044 9.5e-06 0.0009525 
2260000 3904 602.582 725303.2 257.239 17.9324 3904 15620692.0 5598.9217 9.6e-06 0.0009554 
2270000 3921 595.926 729961.6 261.012 17.7582 3921 15716903.0 5744.7002 9.6e-06 0.0009575 
2280000 3940 577.835 734341.267 253.22 17.3098 3940 15809829.0 5174.3428 9.9e-06 0.0009915 
2290000 3956 587.135 738561.2 254.808 17.5584 3956 15898791.0 5430.8215 1.12e-05 0.0011203 
2300000 3974 581.699 742742.0 249.823 17.3623 3974 15987285.0 4944.8989 1.06e-05 0.0010566 
2310000 3992 569.608 747167.0 246.996 16.8748 3992 16078599.0 4918.739 9.8e-06 0.0009844 
2320000 4011 556.582 751483.267 240.868 16.3932 4011 16168819.0 4708.6778 9.6e-06 0.0009609 
2330000 4029 560.157 755663.867 240.458 16.4694 4029 16257419.0 4970.2455 8.8e-06 0.0008836 
2340000 4045 563.2 760140.8 247.484 16.6128 4045 16349631.0 5430.5823 9.3e-06 0.0009267 
2350000 4062 577.598 763982.6 243.347 17.0372 4062 16429112.0 5061.4299 9.3e-06 0.0009342 
2360000 4079 575.401 768107.533 242.35 16.983 4079 16514276.0 4957.3478 9.2e-06 0.0009203 
2370000 4092 583.294 771319.533 242.745 17.1247 4092 16581085.0 5129.2428 9.1e-06 0.0009068 
2380000 4105 657.902 774729.867 247.913 19.1585 4105 16652717.0 5519.2891 9.5e-06 0.0009467 
2390000 4116 712.483 777494.667 250.479 20.7233 4116 16709583.0 5440.3162 8.9e-06 0.0008857 
2400000 4129 718.997 780909.4 251.928 21.0046 4129 16781337.0 5313.4856 8.9e-06 0.0008909 
2410000 4148 663.011 785508.467 250.89 19.4848 4148 16877173.0 5255.0988 1e-05 0.0009985 
2420000 4164 643.908 789945.067 254.37 19.0754 4164 16970612.0 5464.9071 1.02e-05 0.0010185 
2430000 4182 621.98 794622.6 257.949 18.5336 4182 17067217.0 5448.8441 1.08e-05 0.0010821 
2440000 4200 603.504 799277.4 258.762 18.0231 4200 17162902.0 5341.8236 1.07e-05 0.0010713 
2450000 4216 601.256 803704.667 260.432 17.9399 4216 17254618.0 5417.6152 1.02e-05 0.0010194 
2460000 4234 595.602 808245.933 261.247 17.729 4234 17347819.0 5313.4374 9.9e-06 0.0009862 
2470000 4251 591.891 812561.733 258.23 17.5841 4251 17436426.0 5231.9636 1.01e-05 0.0010088 
2480000 4270 569.88 816957.533 248.674 16.8859 4270 17526228.0 4958.9146 9.5e-06 0.0009532 
2490000 4288 570.023 821347.667 248.869 16.8641 4288 17616963.0 5065.9039 9.6e-06 0.0009596 
2500000 4305 572.706 825502.133 245.83 16.992 4305 17704632.0 4990.5893 9.7e-06 0.0009717 
2510000 4324 555.939 830277.2 246.01 16.5747 4324 17801955.0 5011.4144 9.5e-06 0.0009546 
2520000 4343 544.871 834786.467 242.854 16.2551 4343 17894794.0 4539.0707 9.4e-06 0.0009431 
2530000 4355 601.874 837663.733 241.913 17.7639 4355 17952826.0 4741.0877 8.4e-06 0.0008398 
2540000 4363 694.24 839622.533 244.233 20.2334 4363 17993649.0 5128.5289 7.8e-06 0.0007765 
2550000 4380 668.418 843828.8 244.946 19.5995 4380 18081552.0 5086.852 7.5e-06 0.0007456 
2560000 4397 639.956 848225.6 246.193 18.8982 4397 18173014.0 4974.2179 8.6e-06 0.000859 
2570000 4415 614.637 852877.533 250.025 18.3431 4415 18271487.0 5504.5535 9.8e-06 0.0009772 
2580000 4432 605.898 857506.933 256.367 18.1387 4432 18367786.0 5513.0041 1.01e-05 0.0010071 
2590000 4452 577.863 862071.733 250.087 17.1647 4452 18462018.0 5038.699 9.8e-06 0.000983 
2600000 4469 579.354 866320.067 248.831 17.2755 4469 18550966.0 5232.9632 9.6e-06 0.000964 
2610000 4489 555.73 870723.333 240.34 16.5958 4489 18641855.0 4758.2852 8.9e-06 0.0008948 
2620000 4508 543.011 874997.667 234.339 16.1939 4508 18731851.0 4559.1906 9.1e-06 0.0009079 
2630000 4519 611.01 877743.867 235.481 18.0643 4519 18787933.0 4759.1367 9.2e-06 0.0009159 
2640000 4534 628.509 881403.867 240.619 18.6134 4534 18863499.0 5163.3736 9.1e-06 0.00091 
2650000 4551 616.631 885668.867 244.34 18.3859 4551 18951837.0 5179.6258 9.3e-06 0.0009269 
2660000 4570 584.087 890623.6 248.402 17.4762 4570 19052313.0 5369.2772 9.1e-06 0.0009071 
2670000 4589 564.932 895147.467 244.054 16.911 4589 19145597.0 4884.6246 9.7e-06 0.0009685 
2680000 4608 557.351 899586.667 243.557 16.6716 4608 19237614.0 4922.2855 9.5e-06 0.0009465 
2690000 4622 593.81 903334.4 247.919 17.6988 4622 19314161.0 5259.6366 9.5e-06 0.0009456 
2700000 4643 554.706 908010.533 240.474 16.4659 4643 19410435.0 4721.3818 9.3e-06 0.0009341 
2710000 4662 537.587 912772.133 239.993 15.9783 4662 19507679.0 4895.0962 8.9e-06 0.0008939 
2720000 4681 534.856 917367.4 241.133 15.8416 4681 19603005.0 4881.0712 8.8e-06 0.0008817 
2730000 4697 564.024 921611.667 250.059 16.7662 4697 19690832.0 5475.8879 9.2e-06 0.0009159 
2740000 4717 542.124 926207.0 242.741 16.1124 4717 19785514.0 4765.722 9.2e-06 0.0009186 
2750000 4735 546.617 930751.2 245.974 16.2207 4735 19879716.0 5211.3548 9.3e-06 0.0009264 
