10000 11 173.619 3789.364 65.477 0.1946 0 0 0 0.0 0.0 
20000 22 316.305 7653.59 121.42 0.3538 0 0 0 0.0 0.0 
30000 60 259.329 9295.486 75.219 0.4864 0 0 0 0.0001504 0.0015043 
40000 283 122.289 10690.387 26.295 0.3579 0 0 0 0.0002173 0.0021735 
50000 314 217.727 13228.818 53.142 0.6326 0 0 0 0.0002414 0.002414 
60000 324 360.826 15777.934 90.188 1.0531 0 0 0 0.0002492 0.0024917 
70000 336 455.956 19206.506 131.718 1.3319 0 0 0 0.0002751 0.002751 
80000 349 537.701 23450.069 178.997 1.5758 0 0 0 0.0002862 0.0028622 
90000 362 576.647 27417.793 202.719 1.694 0 0 0 0.0003077 0.0030771 
100000 372 654.09 31573.346 242.145 1.9281 0 0 0 0.000315 0.0031504 
110000 384 687.19 36265.945 270.962 2.0194 0 0 0 0.0003624 0.0036242 
120000 397 713.542 40265.017 283.21 2.0933 0 0 0 0.0004 0.0040004 
130000 407 760.164 43536.28 290.255 2.2269 0 0 0 0.0004355 0.0043546 
140000 427 672.028 47045.059 250.894 1.9661 0 0 0 0.000445 0.0044496 
150000 437 717.249 50755.742 268.067 2.1017 0 0 0 0.0004319 0.0043192 
160000 447 768.972 54037.539 278.749 2.2498 0 0 0 0.0004485 0.0044851 
170000 458 799.25 57618.902 289.231 2.3379 0 0 0 0.000452 0.0045196 
180000 470 810.656 61575.716 298.923 2.3781 0 0 0 0.0004713 0.0047128 
190000 480 845.292 66981.593 342.647 2.4828 0 0 0 0.0004915 0.0049153 
200000 490 873.592 71925.415 371.482 2.5573 0 0 0 0.0005005 0.0050048 
210000 504 840.186 76924.74 370.919 2.452 0 0 0 0.0004891 0.0048914 
220000 514 856.131 81968.923 387.282 2.497 0 0 0 0.0004648 0.0046485 
230000 524 882.448 87068.681 413.097 2.5809 0 0 0 0.0004343 0.0043432 
240000 534 903.952 90641.079 403.907 2.6461 0 0 0 0.0004062 0.0040617 
250000 558 731.88 95218.317 327.313 2.1495 0 0 0 0.0003596 0.0035957 
260000 571 729.601 99227.358 318.516 2.1517 0 0 0 0.000335 0.00335 
270000 582 766.467 103353.675 332.619 2.2596 0 0 0 0.0002886 0.0028858 
280000 593 806.799 107285.807 340.612 2.3785 0 0 0 0.0002649 0.002649 
290000 603 842.141 111105.258 348.01 2.4781 0 0 0 0.0002361 0.0023614 
300000 613 871.018 114956.997 354.963 2.5677 0 0 0 0.0002238 0.0022375 
310000 624 861.291 119184.667 353.356 2.5362 0 0 0 0.0002025 0.0020248 
320000 638 835.277 123251.39 341.765 2.4684 0 0 0 0.0001876 0.0018757 
330000 650 841.437 127998.029 356.708 2.4831 0 0 0 0.0001685 0.0016852 
340000 660 854.385 133180.882 379.787 2.5312 0 0 0 0.0001541 0.0015409 
350000 671 868.194 138291.269 394.02 2.5802 0 0 0 0.0001598 0.0015978 
360000 682 876.768 142855.829 402.024 2.6072 0 0 0 0.0001567 0.0015671 
370000 697 824.952 147161.832 372.285 2.4502 0 0 0 0.0001533 0.0015331 
380000 707 856.973 150108.397 361.168 2.5498 0 0 0 0.0001542 0.001542 
390000 723 798.658 154665.587 341.791 2.3866 0 0 0 0.0001502 0.0015023 
400000 735 803.467 159610.547 355.903 2.4069 0 0 0 0.0001484 0.0014836 
410000 746 828.19 164714.094 379.575 2.4711 0 0 0 0.0001461 0.0014609 
420000 756 856.713 169650.812 399.1 2.5597 0 0 0 0.0001398 0.0013978 
430000 766 882.924 174439.846 413.614 2.6375 0 0 0 0.0001288 0.0012877 
440000 776 904.34 180181.548 442.247 2.7117 0 0 0 0.0001281 0.0012807 
450000 786 921.839 183934.599 432.634 2.7622 0 0 0 0.0001223 0.0012232 
460000 796 936.137 188677.049 438.693 2.8087 0 0 0 0.0001212 0.0012116 
470000 806 947.819 194398.186 462.008 2.843 0 0 0 0.0001201 0.0012013 
480000 816 957.364 200128.137 482.96 2.8745 0 0 0 0.0001123 0.0011233 
490000 826 965.164 205862.51 499.398 2.8938 0 0 0 0.0001171 0.0011706 
500000 836 971.536 210882.918 501.444 2.9001 0 0 0 0.0001201 0.0012012 
510000 846 976.743 215944.407 502.417 2.915 0 0 0 0.0001248 0.0012478 
520000 856 980.997 220518.352 495.341 2.9213 0 0 0 0.0001274 0.0012737 
530000 866 984.473 225686.829 498.292 2.923 0 0 0 0.0001299 0.0012989 
540000 876 987.314 230709.721 499.467 2.9261 0 0 0 0.0001295 0.0012953 
550000 886 989.634 236728.395 516.115 2.9246 0 0 0 0.0001247 0.001247 
560000 896 991.53 242669.18 531.728 2.9297 0 0 0 0.0001258 0.0012583 
570000 906 984.012 248869.173 541.184 2.9134 0 0 0 0.0001239 0.0012392 
580000 916 986.937 255251.242 560.035 2.9276 0 0 0 0.0001157 0.0011565 
590000 926 989.327 261603.474 571.902 2.9257 0 0 0 0.0001178 0.0011778 
600000 936 991.279 267667.891 581.784 2.9284 0 0 0 0.0001137 0.001137 
610000 947 986.94 273928.449 585.313 2.9126 0 0 0 0.0001105 0.0011052 
620000 957 989.329 278669.972 564.065 2.9272 0 0 0 0.0001153 0.0011527 
630000 967 991.281 283339.161 545.938 2.9324 0 0 0 0.0001209 0.0012091 
640000 977 985.8 288663.949 540.191 2.9125 0 0 0 0.000139 0.0013896 
650000 987 986.911 294750.556 553.968 2.9231 0 0 0 0.0001486 0.0014861 
660000 997 989.305 300488.075 553.041 2.9255 0 0 0 0.0001653 0.001653 
670000 1007 991.261 305905.873 553.009 2.9364 0 0 0 0.000169 0.0016896 
680000 1017 992.86 311794.097 558.471 2.9337 0 0 0 0.0001686 0.0016858 
690000 1027 994.166 317960.642 571.366 2.9368 0 0 0 0.0001699 0.001699 
700000 1037 995.233 324324.814 580.904 2.9427 0 0 0 0.0001742 0.0017418 
710000 1047 996.105 330795.316 593.739 2.9609 0 0 0 0.0001772 0.0017725 
720000 1057 996.818 336873.927 597.425 2.9672 0 0 0 0.000172 0.00172 
730000 1072 916.368 342052.575 534.058 2.7265 0 0 0 0.0001814 0.0018137 
740000 1082 931.666 348418.169 552.954 2.7679 0 0 0 0.0001864 0.0018636 
750000 1092 944.167 355179.788 575.825 2.8014 0 0 0 0.0001917 0.0019167 
760000 1102 954.38 362597.484 604.465 2.8208 0 0 0 0.0002027 0.0020266 
770000 1112 962.725 368675.361 606.209 2.8512 0 0 0 0.000204 0.0020399 
780000 1122 969.544 374738.027 606.517 2.8657 0 0 0 0.0002128 0.0021283 
790000 1132 975.115 382247.676 634.365 2.8825 0 0 0 0.000212 0.0021205 
800000 1142 979.667 389599.898 651.446 2.8852 0 0 0 0.000221 0.0022099 
810000 1153 970.544 395547.471 633.695 2.8677 0 0 0 0.0002193 0.0021925 
820000 1163 975.932 402399.915 642.631 2.877 0 0 0 0.0002171 0.002171 
830000 1173 980.335 409411.426 652.871 2.886 0 0 0 0.000214 0.0021404 
840000 1183 970.268 416604.798 657.062 2.8517 0 0 0 0.0002082 0.0020818 
850000 1193 975.707 422787.493 643.637 2.8681 0 0 0 0.0001959 0.0019587 
860000 1205 959.988 430101.148 650.978 2.819 0 0 0 0.0001817 0.0018171 
870000 1215 967.307 438535.223 688.125 2.842 0 0 0 0.0001834 0.001834 
880000 1225 973.288 446929.124 715.98 2.8534 0 0 0 0.0001854 0.0018541 
890000 1235 978.174 454613.694 726.633 2.8641 0 0 0 0.0001819 0.0018187 
900000 1245 982.167 463679.562 759.222 2.89 0 0 0 0.000185 0.0018496 
910000 1255 985.429 472670.239 785.788 2.8971 0 0 0 0.0001819 0.0018186 
920000 1265 980.457 481326.45 790.736 2.8795 0 0 0 0.0001811 0.0018108 
930000 1275 984.032 487841.414 766.0 2.8938 0 0 0 0.0001807 0.0018074 
940000 1285 986.953 497509.928 808.134 2.9159 0 0 0 0.0001801 0.001801 
950000 1295 989.34 506035.258 810.269 2.9164 0 0 0 0.0001687 0.0016871 
960000 1305 991.29 516272.192 847.915 2.9206 0 0 0 0.0001733 0.001733 
970000 1316 977.083 526657.505 868.381 2.8829 0 0 0 0.000173 0.0017295 
980000 1326 981.275 538680.021 930.409 2.9097 0 0 0 0.0001631 0.0016314 
990000 1336 984.7 550473.47 973.58 2.9151 0 0 0 0.0001609 0.0016089 
1000000 1346 987.499 561961.934 1009.052 2.9313 0 0 0 0.0001645 0.0016445 
1010000 1356 989.786 572445.722 1019.518 2.9264 0 0 0 0.0001638 0.0016381 
1020000 1366 991.654 583673.673 1033.526 2.9324 0 0 0 0.0001653 0.0016535 
1030000 1376 993.181 593036.442 1017.99 2.937 0 0 0 0.0001678 0.0016779 
1040000 1386 994.428 605334.697 1055.946 2.9343 0 0 0 0.0001631 0.0016308 
1050000 1396 995.448 619094.91 1118.93 2.9411 0 0 0 0.0001644 0.0016438 
1060000 1406 996.28 631834.618 1141.563 2.9357 0 0 0 0.0001614 0.0016141 
1070000 1416 996.961 643219.467 1139.548 2.9376 0 0 0 0.0001614 0.0016139 
1080000 1426 997.517 654102.99 1131.478 2.9442 0 0 0 0.0001613 0.0016131 
1090000 1436 997.971 666068.007 1145.082 2.9612 0 0 0 0.0001611 0.0016106 
1100000 1446 998.342 678764.106 1167.48 2.955 0 0 0 0.0001569 0.0015685 
1110000 1456 998.645 691744.087 1192.618 2.9485 0 0 0 0.0001606 0.0016064 
1120000 1466 998.893 705138.038 1217.537 2.9454 0 0 0 0.0001515 0.001515 
1130000 1476 999.096 720574.317 1276.477 2.9455 0 0 0 0.0001497 0.0014973 
1140000 1486 999.261 735677.458 1317.893 2.9397 0 0 0 0.0001488 0.0014882 
1150000 1496 999.396 749018.682 1320.455 2.9421 0 0 0 0.0001432 0.001432 
1160000 1506 999.507 761200.181 1300.734 2.9519 0 0 0 0.0001452 0.0014517 
1170000 1516 999.597 774084.092 1297.709 2.9573 0 0 0 0.0001428 0.0014284 
1180000 1526 999.671 786016.765 1278.689 2.9588 0 0 0 0.0001372 0.0013722 
1190000 1536 999.731 800790.563 1312.714 2.9705 0 0 0 0.0001338 0.0013384 
1200000 1546 999.78 814389.436 1320.98 2.9697 0 0 0 0.000129 0.0012896 
1210000 1556 999.82 829213.688 1349.64 2.9599 0 0 0 0.0001261 0.0012612 
1220000 1566 999.853 845286.616 1396.808 2.9651 0 0 0 0.0001219 0.0012189 
1230000 1576 999.88 860497.113 1419.518 2.9598 0 0 0 0.0001214 0.0012142 
1240000 1586 999.902 878501.679 1487.64 2.9559 0 0 0 0.0001158 0.0011584 
1250000 1596 999.92 894673.002 1518.253 2.9445 0 0 0 0.0001144 0.0011437 
1260000 1606 999.935 910601.447 1525.536 2.9457 0 0 0 0.00011 0.0011002 
1270000 1616 999.947 927496.954 1558.131 2.9405 0 0 0 0.0001063 0.0010634 
1280000 1626 999.956 941521.097 1527.419 2.9527 0 0 0 0.000104 0.0010401 
1290000 1636 999.964 956413.626 1521.972 2.9464 0 0 0 0.0001039 0.001039 
1300000 1646 999.971 972360.885 1530.405 2.9517 0 0 0 0.0001025 0.001025 
1310000 1656 999.976 984676.746 1477.645 2.9649 0 0 0 0.0001017 0.0010172 
1320000 1666 999.981 1000531.495 1495.668 2.9526 0 0 0 0.0001004 0.0010039 
1330000 1676 999.984 1016958.86 1529.006 2.9635 0 0 0 9.81e-05 0.0009807 
1340000 1686 999.987 1031404.236 1510.6 2.9549 0 0 0 9.87e-05 0.0009869 
1350000 1696 999.989 1046672.541 1519.409 2.9476 0 0 0 9.64e-05 0.0009644 
1360000 1706 999.991 1063214.565 1541.242 2.9428 0 0 0 9.47e-05 0.0009469 
1370000 1716 999.993 1081120.506 1585.66 2.9328 0 0 0 9.67e-05 0.0009673 
1380000 1726 999.994 1097800.408 1600.706 2.9296 0 0 0 9.91e-05 0.0009908 
1390000 1736 999.995 1111907.038 1565.162 2.9263 0 0 0 0.0001053 0.001053 
1400000 1746 999.936 1125993.527 1533.374 2.9364 0 0 0 0.0001128 0.0011275 
1410000 1757 970.859 1139255.791 1457.868 2.8569 0 0 0 0.0001171 0.0011708 
1420000 1768 967.648 1155572.361 1474.051 2.8361 0 0 0 0.0001267 0.0012674 
1430000 1778 973.566 1172017.293 1505.316 2.8685 0 0 0 0.0001255 0.0012555 
1440000 1788 978.402 1189763.246 1556.343 2.885 0 0 0 0.0001303 0.0013035 
1450000 1798 982.353 1205063.564 1557.746 2.9019 0 0 0 0.0001366 0.0013659 
1460000 1808 985.581 1217049.385 1488.411 2.9069 0 0 0 0.0001411 0.0014107 
1470000 1818 983.554 1233672.568 1512.484 2.8925 0 0 0 0.0001438 0.001438 
1480000 1828 986.562 1249520.192 1524.866 2.8983 0 0 0 0.0001404 0.0014041 
1490000 1839 976.722 1265067.448 1507.236 2.869 0 0 0 0.0001438 0.0014377 
1500000 1849 980.98 1280342.512 1513.754 2.8865 0 0 0 0.0001458 0.0014583 
1510000 1859 984.459 1294729.263 1496.902 2.8915 0 0 0 0.0001493 0.0014933 
1520000 1869 987.302 1305433.299 1418.286 2.8975 0 0 0 0.0001507 0.0015066 
1530000 1879 989.625 1320466.255 1433.523 2.8974 0 0 0 0.0001535 0.0015347 
1540000 1889 991.523 1335430.055 1445.258 2.9054 0 0 0 0.0001502 0.0015021 
1550000 1899 980.667 1350288.43 1451.609 2.8684 0 0 0 0.0001611 0.0016108 
1560000 1909 984.203 1368873.056 1507.044 2.8878 0 0 0 0.000158 0.0015798 
1570000 1919 987.093 1384769.721 1514.762 2.9035 0 0 0 0.0001586 0.001586 
1580000 1929 989.454 1397372.642 1466.386 2.9229 0 0 0 0.0001642 0.0016419 
1590000 1940 985.445 1407080.982 1379.713 2.9136 0 0 0 0.0001655 0.001655 
1600000 1950 988.107 1420696.8 1372.439 2.9129 0 0 0 0.0001634 0.0016344 
1610000 1960 990.283 1434992.291 1382.323 2.9233 0 0 0 0.0001626 0.0016257 
1620000 1970 992.06 1453960.716 1479.212 2.9197 0 0 0 0.0001666 0.0016663 
1630000 1980 993.513 1467897.739 1462.134 2.9306 0 0 0 0.0001571 0.0015713 
1640000 1990 994.699 1481984.523 1451.346 2.9404 0 0 0 0.0001624 0.0016245 
1650000 2000 995.669 1499081.328 1498.69 2.9416 0 0 0 0.0001597 0.0015968 
1660000 2010 992.864 1516752.67 1539.64 2.9327 0 0 0 0.0001551 0.0015514 
1670000 2020 994.169 1528871.759 1479.843 2.9403 0 0 0 0.0001665 0.0016648 
1680000 2030 995.236 1543518.746 1476.443 2.9396 0 0 0 0.0001646 0.0016461 
1690000 2040 996.107 1557250.931 1453.498 2.9399 0 0 0 0.0001633 0.001633 
1700000 2050 996.819 1570158.185 1422.444 2.9372 0 0 0 0.0001678 0.001678 
1710000 2060 997.401 1587479.416 1481.591 2.9331 0 0 0 0.0001578 0.0015783 
1720000 2070 997.877 1604338.638 1521.057 2.9321 0 0 0 0.000158 0.0015801 
1730000 2080 998.265 1621184.615 1553.657 2.9347 0 0 0 0.0001599 0.0015991 
1740000 2090 998.582 1638156.39 1581.738 2.9322 0 0 0 0.000159 0.00159 
1750000 2100 998.842 1654077.717 1578.758 2.9427 0 0 0 0.0001575 0.0015754 
1760000 2110 999.054 1672957.838 1632.129 2.9379 0 0 0 0.0001583 0.0015827 
1770000 2120 999.227 1692126.012 1682.704 2.9309 0 0 0 0.0001546 0.0015456 
1780000 2130 999.368 1710133.353 1705.34 2.9364 0 0 0 0.0001526 0.0015256 
1790000 2140 999.484 1729046.01 1741.224 2.9381 0 0 0 0.0001488 0.001488 
1800000 2150 999.578 1744097.17 1691.505 2.9377 0 0 0 0.0001497 0.0014972 
1810000 2160 999.655 1759397.799 1659.373 2.9333 0 0 0 0.0001477 0.0014769 
1820000 2170 999.718 1773669.582 1618.412 2.9408 0 0 0 0.0001542 0.0015423 
1830000 2180 999.77 1791659.705 1650.222 2.9379 0 0 0 0.0001496 0.0014955 
1840000 2190 999.812 1810051.805 1682.8 2.9399 0 0 0 0.0001443 0.0014432 
1850000 2200 999.846 1829522.506 1735.887 2.9398 0 0 0 0.0001443 0.0014428 
1860000 2210 999.874 1850295.327 1794.64 2.9478 0 0 0 0.0001363 0.0013629 
1870000 2220 999.897 1865837.876 1746.956 2.9413 0 0 0 0.0001379 0.0013788 
1880000 2230 999.916 1885115.293 1783.295 2.9366 0 0 0 0.0001333 0.0013334 
1890000 2240 997.742 1904635.448 1806.603 2.9305 0 0 0 0.0001334 0.0013341 
1900000 2250 998.155 1924337.461 1840.817 2.9446 0 0 0 0.0001281 0.0012814 
1910000 2260 998.492 1941697.367 1815.847 2.9404 0 0 0 0.0001264 0.0012643 
1920000 2270 998.768 1956351.24 1758.127 2.9459 0 0 0 0.0001307 0.0013074 
1930000 2280 998.994 1970493.037 1697.1 2.9451 0 0 0 0.0001257 0.0012575 
1940000 2290 999.178 1987055.245 1684.988 2.9493 0 0 0 0.0001199 0.0011994 
1950000 2300 999.328 2003366.654 1675.479 2.9383 0 0 0 0.0001199 0.0011987 
1960000 2312 969.795 2019135.335 1613.287 2.8476 0 0 0 0.0001227 0.0012266 
1970000 2322 975.32 2035086.308 1609.353 2.8786 0 0 0 0.0001248 0.0012482 
1980000 2332 979.835 2052934.062 1640.69 2.8886 0 0 0 0.0001244 0.0012444 
1990000 2342 983.524 2072783.41 1702.286 2.8919 0 0 0 0.0001254 0.0012542 
2000000 2352 986.538 2093689.559 1774.262 2.9036 0 0 0 0.0001207 0.001207 
2010000 2363 971.08 2110909.814 1732.641 2.8694 0 0 0 0.0001251 0.0012513 
2020000 2373 974.375 2131324.547 1783.955 2.873 0 0 0 0.0001203 0.0012027 
2030000 2383 979.063 2152981.98 1854.128 2.886 0 0 0 0.0001162 0.0011624 
2040000 2394 954.432 2172334.518 1816.308 2.8183 0 0 0 0.0001204 0.0012036 
2050000 2404 962.768 2192034.44 1835.593 2.8368 0 0 0 0.0001201 0.0012009 
2060000 2414 969.579 2211879.742 1863.5 2.8485 0 0 0 0.0001155 0.0011548 
2070000 2424 975.144 2230877.018 1875.334 2.8701 0 0 0 0.0001176 0.0011761 
2080000 2435 964.457 2249831.726 1854.481 2.839 0 0 0 0.0001177 0.001177 
2090000 2445 970.959 2268358.673 1852.494 2.8575 0 0 0 0.0001167 0.0011667 
2100000 2456 965.696 2288216.66 1854.225 2.8417 0 0 0 0.0001245 0.0012455 
2110000 2466 971.971 2308614.925 1887.118 2.8538 0 0 0 0.0001175 0.0011754 
2120000 2477 965.137 2328923.738 1892.332 2.8367 0 0 0 0.0001191 0.001191 
2130000 2487 971.514 2348397.646 1902.634 2.8652 0 0 0 0.0001225 0.0012248 
2140000 2497 975.928 2368811.461 1926.681 2.8809 0 0 0 0.0001224 0.0012238 
2150000 2507 980.331 2386143.64 1891.956 2.885 0 0 0 0.000123 0.0012299 
2160000 2517 983.929 2406861.218 1924.506 2.9025 0 0 0 0.0001161 0.0011615 
2170000 2527 970.586 2425749.121 1902.425 2.8608 0 0 0 0.0001205 0.0012047 
2180000 2537 975.967 2444165.283 1880.193 2.8806 0 0 0 0.0001247 0.0012474 
2190000 2547 980.363 2465922.467 1928.754 2.8963 0 0 0 0.00012 0.0012001 
2200000 2557 983.955 2484562.439 1922.605 2.9069 0 0 0 0.0001228 0.0012282 
2210000 2567 986.89 2504072.098 1923.52 2.911 0 0 0 0.0001201 0.0012013 
2220000 2577 989.288 2523538.742 1935.549 2.9126 0 0 0 0.0001259 0.0012595 
2230000 2587 991.248 2544690.9 1960.118 2.9294 0 0 0 0.0001285 0.0012851 
2240000 2597 992.849 2565031.059 2002.285 2.9279 0 0 0 0.0001214 0.0012141 
2250000 2608 985.794 2584807.11 1958.708 2.9029 0 0 0 0.0001235 0.0012348 
2260000 2618 988.393 2603366.848 1938.642 2.9162 0 0 0 0.0001296 0.001296 
2270000 2628 978.895 2623720.135 1934.721 2.8969 0 0 0 0.0001274 0.0012743 
2280000 2638 982.756 2642935.052 1937.507 2.8943 0 0 0 0.0001356 0.0013564 
2290000 2648 985.91 2662723.705 1946.678 2.8926 0 0 0 0.0001294 0.0012937 
2300000 2658 988.488 2681615.567 1925.877 2.9 0 0 0 0.0001306 0.0013056 
2310000 2668 990.594 2702832.863 1964.293 2.9084 0 0 0 0.0001353 0.0013534 
2320000 2678 992.314 2724268.55 1993.535 2.9079 0 0 0 0.0001299 0.0012992 
2330000 2688 993.72 2743246.205 1978.173 2.9186 0 0 0 0.0001341 0.0013409 
2340000 2698 994.869 2760395.47 1944.525 2.9189 0 0 0 0.0001334 0.0013341 
2350000 2708 995.808 2781445.674 1962.876 2.9146 0 0 0 0.000129 0.0012905 
2360000 2718 996.574 2800585.981 1951.453 2.9184 0 0 0 0.0001308 0.0013076 
2370000 2728 997.201 2821878.07 1982.372 2.9259 0 0 0 0.0001304 0.0013044 
2380000 2738 997.713 2843052.942 2005.283 2.9415 0 0 0 0.0001267 0.0012669 
2390000 2748 998.131 2862312.657 2002.174 2.949 0 0 0 0.0001328 0.0013284 
2400000 2758 998.473 2883621.501 2017.726 2.9491 0 0 0 0.0001278 0.0012775 
2410000 2768 998.753 2904349.167 2030.298 2.9443 0 0 0 0.0001265 0.0012653 
2420000 2778 998.981 2924667.174 2028.87 2.9426 0 0 0 0.0001251 0.0012512 
2430000 2788 999.167 2944119.003 2006.989 2.9355 0 0 0 0.0001264 0.0012636 
2440000 2798 999.32 2962920.532 1986.528 2.9418 0 0 0 0.0001296 0.0012962 
2450000 2808 999.444 2982459.567 1978.583 2.9377 0 0 0 0.0001312 0.0013119 
2460000 2819 991.225 3003619.666 1992.423 2.9096 0 0 0 0.000131 0.0013104 
2470000 2829 992.83 3019661.231 1921.629 2.9298 0 0 0 0.0001276 0.0012761 
2480000 2839 994.142 3036353.371 1878.973 2.9285 0 0 0 0.0001377 0.0013765 
2490000 2849 995.213 3056420.196 1896.905 2.9325 0 0 0 0.0001333 0.0013335 
2500000 2859 996.089 3077839.957 1939.735 2.9301 0 0 0 0.0001341 0.0013411 
2510000 2869 996.804 3097278.455 1946.499 2.9388 0 0 0 0.0001382 0.0013816 
2520000 2879 997.389 3116798.329 1944.412 2.9376 0 0 0 0.0001419 0.0014188 
2530000 2889 997.867 3137846.923 1969.87 2.93 0 0 0 0.0001378 0.001378 
2540000 2899 998.257 3157379.299 1967.072 2.9388 0 0 0 0.0001372 0.0013719 
2550000 2909 998.576 3177673.428 1981.799 2.9414 0 0 0 0.0001357 0.0013571 
2560000 2919 992.728 3195374.158 1920.106 2.92 0 0 0 0.0001345 0.0013451 
2570000 2929 994.058 3217489.415 1973.84 2.934 0 0 0 0.0001383 0.0013829 
2580000 2939 995.145 3237867.834 1986.906 2.9302 0 0 0 0.0001386 0.0013856 
2590000 2949 996.033 3259321.949 2015.276 2.934 0 0 0 0.0001438 0.0014384 
2600000 2959 996.759 3280867.723 2039.716 2.9318 0 0 0 0.0001374 0.0013741 
2610000 2969 997.352 3301569.009 2045.151 2.9308 0 0 0 0.0001394 0.0013942 
2620000 2979 997.836 3322299.047 2051.733 2.9344 0 0 0 0.000137 0.0013698 
2630000 2989 998.232 3343140.091 2057.41 2.945 0 0 0 0.0001354 0.0013537 
2640000 2999 998.555 3364898.72 2080.145 2.9442 0 0 0 0.0001377 0.0013773 
2650000 3009 998.82 3386740.587 2097.176 2.9393 0 0 0 0.0001348 0.0013484 
2660000 3019 999.036 3407472.854 2094.88 2.9337 0 0 0 0.0001372 0.0013719 
2670000 3029 999.212 3428222.583 2090.474 2.9321 0 0 0 0.0001312 0.0013118 
2680000 3039 999.356 3448980.854 2086.322 2.9266 0 0 0 0.000128 0.0012801 
2690000 3049 999.474 3470239.331 2095.338 2.9243 0 0 0 0.0001245 0.0012448 
2700000 3059 999.57 3491543.589 2099.672 2.9325 0 0 0 0.000126 0.00126 
2710000 3069 999.649 3511877.16 2087.956 2.9343 0 0 0 0.0001236 0.0012364 
2720000 3079 999.713 3531477.414 2061.59 2.9508 0 0 0 0.0001228 0.0012283 
2730000 3089 999.766 3550317.791 2031.843 2.9476 0 0 0 0.0001236 0.0012361 
2740000 3099 999.808 3569630.828 2014.876 2.9444 0 0 0 0.00013 0.0012997 
2750000 3109 999.843 3589047.416 2011.208 2.9388 0 0 0 0.0001267 0.0012667 
2760000 3119 999.872 3606761.803 1957.613 2.9366 0 0 0 0.0001292 0.0012916 
2770000 3129 999.895 3625469.917 1959.352 2.9346 0 0 0 0.0001285 0.0012851 
2780000 3139 999.915 3645589.502 1953.613 2.9324 0 0 0 0.0001286 0.0012863 
2790000 3149 999.93 3663819.305 1928.656 2.9358 0 0 0 0.0001281 0.0012813 
2800000 3159 999.943 3679605.158 1864.854 2.9512 0 0 0 0.0001276 0.0012763 
2810000 3169 999.953 3699598.164 1888.208 2.9474 0 0 0 0.0001329 0.0013294 
2820000 3179 999.962 3719409.962 1927.016 2.9393 0 0 0 0.0001322 0.0013221 
2830000 3189 999.969 3738475.11 1902.013 2.9435 0 0 0 0.0001369 0.0013688 
2840000 3199 999.975 3758732.178 1928.089 2.9367 0 0 0 0.0001373 0.0013735 
2850000 3209 999.979 3774293.779 1857.276 2.9378 0 0 0 0.0001382 0.0013819 
2860000 3220 985.347 3791263.829 1807.518 2.8966 0 0 0 0.0001435 0.0014354 
2870000 3230 988.027 3811422.212 1841.836 2.9088 0 0 0 0.0001436 0.0014361 
2880000 3240 990.217 3832003.181 1882.352 2.9164 0 0 0 0.0001414 0.0014137 
2890000 3250 992.007 3854313.914 1948.32 2.9187 0 0 0 0.0001434 0.0014339 
2900000 3260 993.469 3875577.768 1994.814 2.9241 0 0 0 0.0001456 0.0014558 
2910000 3270 994.664 3895224.179 1990.784 2.933 0 0 0 0.0001434 0.0014335 
2920000 3280 995.64 3915136.931 1980.381 2.9371 0 0 0 0.0001421 0.0014211 
2930000 3290 996.437 3936575.229 2008.51 2.9441 0 0 0 0.0001449 0.0014485 
2940000 3300 997.089 3958274.889 2038.968 2.955 0 0 0 0.0001463 0.0014628 
2950000 3310 997.622 3977866.737 2028.125 2.9598 0 0 0 0.0001444 0.0014444 
2960000 3320 998.057 3997512.8 2013.696 2.965 0 0 0 0.0001415 0.001415 
2970000 3330 998.412 4019122.288 2039.617 2.9566 0 0 0 0.0001396 0.0013957 
2980000 3340 998.703 4041950.314 2084.633 2.9546 0 0 0 0.000138 0.0013795 
2990000 3350 998.94 4063442.147 2096.983 2.9603 0 0 0 0.000136 0.0013598 
3000000 3360 999.134 4081793.112 2048.062 2.9674 0 0 0 0.0001384 0.0013838 
3010000 3370 999.292 4096068.481 1950.518 2.9627 0 0 0 0.0001441 0.0014409 
3020000 3380 999.422 4114802.118 1923.965 2.9673 0 0 0 0.0001469 0.0014694 
3030000 3390 999.528 4127965.855 1824.584 2.9752 0 0 0 0.0001488 0.0014877 
3040000 3400 999.614 4144938.567 1789.102 2.9714 0 0 0 0.0001464 0.0014643 
3050000 3410 999.685 4164908.971 1830.858 2.9699 0 0 0 0.0001491 0.0014914 
3060000 3420 999.742 4184446.467 1852.382 2.9774 0 0 0 0.0001456 0.0014559 
3070000 3430 999.789 4205003.911 1889.727 2.9691 0 0 0 0.0001496 0.0014955 
3080000 3440 999.828 4223537.046 1892.817 2.9632 0 0 0 0.000148 0.0014802 
3090000 3450 999.859 4242143.972 1875.657 2.9684 0 0 0 0.0001498 0.0014981 
3100000 3460 999.885 4260577.317 1869.835 2.9629 0 0 0 0.0001518 0.0015177 
3110000 3470 999.906 4278968.365 1863.849 2.963 0 0 0 0.000153 0.0015304 
3120000 3480 995.67 4296681.644 1855.63 2.9416 0 0 0 0.0001572 0.0015725 
3130000 3490 996.462 4313044.578 1801.122 2.9493 0 0 0 0.0001556 0.0015565 
3140000 3500 997.109 4331680.174 1818.809 2.9583 0 0 0 0.0001523 0.0015226 
3150000 3510 997.638 4351706.189 1844.964 2.952 0 0 0 0.0001556 0.0015561 
3160000 3520 998.07 4371870.434 1876.121 2.9464 0 0 0 0.0001555 0.0015546 
3170000 3530 998.423 4393484.012 1931.95 2.9447 0 0 0 0.0001552 0.0015516 
3180000 3540 998.712 4415492.582 1977.631 2.9415 0 0 0 0.0001551 0.0015505 
3190000 3550 998.947 4435887.697 1990.109 2.9449 0 0 0 0.0001544 0.0015436 
3200000 3560 999.14 4458256.882 2033.537 2.9515 0 0 0 0.000152 0.00152 
3210000 3570 999.297 4480463.443 2069.781 2.9508 0 0 0 0.0001465 0.0014649 
3220000 3580 999.426 4500210.161 2054.375 2.9529 0 0 0 0.0001437 0.0014368 
3230000 3590 999.531 4520278.59 2044.721 2.9555 0 0 0 0.0001401 0.001401 
3240000 3600 999.617 4542308.792 2074.283 2.9559 0 0 0 0.0001381 0.0013806 
3250000 3610 999.687 4563705.79 2086.807 2.9573 0 0 0 0.000131 0.0013101 
3260000 3620 999.744 4583566.741 2068.403 2.9561 0 0 0 0.0001326 0.0013259 
3270000 3630 999.791 4601431.886 2013.612 2.957 0 0 0 0.0001286 0.0012863 
3280000 3640 999.829 4621633.243 2017.935 2.954 0 0 0 0.0001332 0.0013323 
3290000 3650 999.86 4637787.639 1963.604 2.9591 0 0 0 0.000131 0.0013102 
3300000 3660 999.886 4652194.393 1862.534 2.965 0 0 0 0.0001319 0.0013192 
3310000 3670 999.907 4668277.875 1806.394 2.9692 0 0 0 0.0001317 0.0013174 
3320000 3680 999.924 4683995.265 1766.681 2.9767 0 0 0 0.000126 0.0012596 
3330000 3690 999.938 4705115.801 1831.867 2.9744 0 0 0 0.0001258 0.0012578 
3340000 3700 999.949 4722093.97 1820.344 2.9689 0 0 0 0.0001293 0.0012929 
3350000 3710 999.958 4736540.53 1735.393 2.9744 0 0 0 0.0001247 0.0012471 
3360000 3720 999.966 4754578.564 1745.54 2.9643 0 0 0 0.0001226 0.0012264 
3370000 3730 999.972 4770602.399 1733.534 2.959 0 0 0 0.0001274 0.0012737 
3380000 3740 999.977 4789297.384 1753.507 2.959 0 0 0 0.0001301 0.0013005 
3390000 3750 999.981 4806471.104 1744.008 2.9479 0 0 0 0.0001317 0.0013172 
3400000 3760 999.985 4822814.011 1718.805 2.9435 0 0 0 0.0001342 0.001342 
3410000 3770 999.988 4842150.065 1754.454 2.9467 0 0 0 0.0001429 0.0014291 
3420000 3780 999.99 4860766.411 1778.75 2.942 0 0 0 0.0001407 0.0014068 
3430000 3790 999.992 4880620.335 1813.285 2.9382 0 0 0 0.0001432 0.0014319 
3440000 3800 999.993 4902671.79 1885.503 2.9397 0 0 0 0.0001433 0.0014333 
3450000 3810 999.994 4921125.084 1893.118 2.9499 0 0 0 0.0001489 0.0014887 
3460000 3821 987.497 4938775.852 1831.516 2.9162 0 0 0 0.0001521 0.0015209 
3470000 3831 989.784 4955021.475 1793.908 2.9213 0 0 0 0.0001492 0.0014924 
3480000 3841 991.653 4971805.584 1772.942 2.925 0 0 0 0.000155 0.0015495 
3490000 3851 993.18 4989960.767 1779.112 2.9305 0 0 0 0.0001585 0.0015849 
3500000 3861 988.782 5005815.654 1747.004 2.9191 0 0 0 0.0001597 0.0015971 
3510000 3871 990.834 5022079.013 1732.661 2.9198 0 0 0 0.0001655 0.001655 
3520000 3881 992.511 5042755.041 1776.694 2.9313 0 0 0 0.0001657 0.0016573 
3530000 3891 993.881 5062866.696 1818.07 2.9367 0 0 0 0.00016 0.0015996 
3540000 3901 995.0 5082880.412 1869.227 2.9405 0 0 0 0.0001598 0.0015975 
3550000 3911 995.915 5101427.265 1852.447 2.9398 0 0 0 0.0001597 0.0015966 
3560000 3921 996.662 5122613.059 1901.883 2.9481 0 0 0 0.0001655 0.0016545 
3570000 3931 997.273 5143989.342 1948.926 2.9418 0 0 0 0.0001602 0.0016024 
3580000 3941 997.772 5164368.334 1961.489 2.9426 0 0 0 0.0001596 0.0015962 
3590000 3951 998.179 5184845.525 1977.185 2.945 0 0 0 0.0001543 0.0015428 
3600000 3961 998.512 5204075.68 1967.367 2.9548 0 0 0 0.0001523 0.0015227 
3610000 3971 998.784 5223718.597 1965.839 2.9516 0 0 0 0.0001465 0.0014649 
3620000 3981 999.007 5242913.386 1963.059 2.9432 0 0 0 0.0001513 0.001513 
3630000 3991 996.497 5261720.779 1936.9 2.9291 0 0 0 0.0001514 0.0015144 
3640000 4001 997.138 5282392.6 1959.921 2.9277 0 0 0 0.0001514 0.0015136 
3650000 4011 997.661 5303241.033 1986.638 2.9357 0 0 0 0.0001536 0.0015363 
3660000 4021 998.089 5324203.972 2002.934 2.943 0 0 0 0.0001438 0.0014377 
3670000 4031 998.439 5345218.615 2023.02 2.9369 0 0 0 0.0001459 0.0014595 
3680000 4041 998.724 5365789.411 2041.133 2.9393 0 0 0 0.0001411 0.0014107 
3690000 4051 998.958 5385026.613 2009.597 2.9376 0 0 0 0.0001367 0.0013673 
3700000 4061 999.148 5403220.404 1974.428 2.9403 0 0 0 0.0001356 0.0013563 
3710000 4071 999.304 5423875.091 1990.311 2.9343 0 0 0 0.000136 0.0013598 
3720000 4081 999.431 5445262.056 2017.765 2.9346 0 0 0 0.0001315 0.001315 
3730000 4091 999.535 5463970.1 1993.2 2.9312 0 0 0 0.0001334 0.0013341 
3740000 4101 999.62 5484983.407 2011.021 2.9324 0 0 0 0.0001293 0.0012928 
3750000 4111 999.69 5503709.675 1985.89 2.9332 0 0 0 0.0001336 0.0013361 
3760000 4121 999.747 5522199.828 1957.233 2.9389 0 0 0 0.0001337 0.0013371 
3770000 4132 994.369 5539674.906 1913.991 2.939 0 0 0 0.0001409 0.0014094 
3780000 4142 995.399 5559967.43 1936.118 2.9334 0 0 0 0.0001431 0.0014309 
3790000 4152 992.175 5581359.045 1964.009 2.9241 0 0 0 0.0001418 0.0014183 
3800000 4162 993.606 5603239.986 2004.977 2.9259 0 0 0 0.0001357 0.0013568 
3810000 4172 994.776 5623961.471 2017.291 2.9254 0 0 0 0.0001384 0.0013842 
3820000 4182 995.732 5644645.861 2027.445 2.9371 0 0 0 0.0001318 0.0013179 
3830000 4192 996.512 5664901.164 2028.914 2.9422 0 0 0 0.000131 0.0013097 
3840000 4202 997.15 5685773.724 2037.247 2.9418 0 0 0 0.0001324 0.0013241 
3850000 4212 997.672 5707403.242 2062.065 2.9451 0 0 0 0.0001322 0.0013218 
3860000 4222 998.098 5727721.482 2057.055 2.9402 0 0 0 0.0001298 0.0012977 
3870000 4232 998.446 5749595.282 2080.53 2.9539 0 0 0 0.0001289 0.0012891 
3880000 4242 998.73 5770125.332 2075.168 2.9543 0 0 0 0.0001294 0.0012937 
3890000 4252 992.382 5790016.344 2043.893 2.9415 0 0 0 0.0001256 0.0012563 
3900000 4262 993.775 5809026.026 2016.732 2.9429 0 0 0 0.0001317 0.0013172 
3910000 4272 994.914 5824991.725 1952.624 2.9531 0 0 0 0.0001268 0.0012684 
3920000 4283 989.381 5843280.769 1911.954 2.9416 0 0 0 0.000126 0.0012597 
3930000 4293 991.324 5861946.159 1903.147 2.9422 0 0 0 0.0001264 0.0012637 
3940000 4303 992.911 5881012.676 1903.184 2.9504 0 0 0 0.0001317 0.0013173 
3950000 4313 994.208 5899590.817 1893.359 2.9531 0 0 0 0.0001292 0.0012916 
3960000 4323 995.267 5917045.975 1868.031 2.9505 0 0 0 0.0001291 0.001291 
3970000 4333 996.133 5933847.958 1835.764 2.9539 0 0 0 0.0001231 0.0012308 
3980000 4343 996.84 5950750.043 1810.66 2.9569 0 0 0 0.000128 0.0012802 
3990000 4353 997.418 5968356.422 1801.466 2.9564 0 0 0 0.0001261 0.0012608 
4000000 4363 997.891 5986527.27 1804.018 2.9583 0 0 0 0.0001289 0.0012895 
