10000 29 143.617 4221.771 60.199 0.1858 0 0 0 0.0 0.0 0.0 0.0 
20000 56 247.811 8278.519 101.527 0.3214 0 0 0 0.0 0.0 0.0 0.0 
30000 77 308.787 9400.327 81.582 0.7788 0 0 0 0.0007329 0.0073278 0.0022874 0.0039082 
40000 90 416.482 11323.457 97.949 1.3157 0 0 0 0.0007599 0.0075984 0.0020006 -0.0006779 
50000 237 157.087 14213.047 50.34 0.5989 0 0 0 0.0008399 0.0083988 0.0028237 0.0137866 
60000 263 247.223 17022.355 72.626 0.9633 0 0 0 0.0007798 0.007798 0.0023615 0.0126576 
70000 361 80.162 21757.678 30.481 0.3165 0 0 0 0.0008806 0.008806 0.0029534 0.0218133 
80000 379 229.414 26563.085 104.485 0.9011 0 0 0 0.0010018 0.0100181 0.0032788 0.0267558 
90000 391 364.905 31460.543 173.158 1.433 0 0 0 0.001106 0.0110601 0.0039863 0.0163367 
100000 401 468.027 37563.058 244.997 1.8435 0 0 0 0.0011565 0.0115645 0.0042577 0.022487 
110000 412 563.142 43047.096 300.494 2.2194 0 0 0 0.0011872 0.0118715 0.004336 0.0122247 
120000 422 643.055 48511.34 344.777 2.5262 0 0 0 0.0012028 0.0120275 0.0046207 0.0238921 
130000 433 699.242 54636.215 389.708 2.7517 0 0 0 0.0011837 0.0118373 0.0045973 0.0189025 
140000 443 754.259 60806.228 431.435 2.9697 0 0 0 0.001235 0.0123494 0.0049485 0.0159704 
150000 453 799.212 66427.59 454.635 3.1392 0 0 0 0.0012461 0.0124607 0.0053745 0.0198471 
160000 464 809.567 71238.039 444.599 3.1805 0 0 0 0.0012895 0.0128944 0.0055989 0.0272694 
170000 483 727.726 75315.898 376.394 2.862 0 0 0 0.0013863 0.0138625 0.0063249 0.029054 
180000 503 648.131 80675.826 336.338 2.553 0 0 0 0.0015536 0.0155359 0.0075829 0.0255546 
190000 513 712.498 85996.961 372.276 2.8109 0 0 0 0.0016219 0.0162187 0.0082265 0.0326552 
200000 523 765.09 91243.096 400.582 3.018 0 0 0 0.0015646 0.015646 0.0085483 0.0247724 
210000 536 777.627 95508.693 389.698 3.0648 0 0 0 0.0016094 0.0160937 0.0097437 0.0188756 
220000 546 805.878 99958.976 398.198 3.1749 0 0 0 0.0015423 0.0154231 0.0099426 0.0124391 
230000 558 818.511 104532.999 393.826 3.2258 0 0 0 0.0015195 0.0151947 0.0104608 0.0320437 
240000 569 837.506 110196.623 418.44 3.2983 0 0 0 0.0014555 0.0145548 0.0110349 0.0270774 
250000 582 826.301 115857.439 423.907 3.2587 0 0 0 0.0013656 0.0136557 0.0110536 0.0208344 
260000 597 772.889 120389.282 384.687 3.0467 0 0 0 0.0012982 0.0129822 0.0114914 0.010706 
270000 609 791.442 126546.509 417.277 3.1213 0 0 0 0.0012206 0.0122064 0.0111398 0.0120009 
280000 619 829.593 131853.491 437.868 3.2795 0 0 0 0.001104 0.0110399 0.0104922 0.0098238 
290000 629 860.765 137515.893 461.488 3.3984 0 0 0 0.0010165 0.0101651 0.0106138 0.0093703 
300000 640 867.657 142452.858 458.13 3.4272 0 0 0 0.0009745 0.0097451 0.0105631 0.0105387 
310000 651 862.761 146913.442 442.098 3.4133 0 0 0 0.0009302 0.0093018 0.0106953 0.0035376 
320000 662 879.755 151562.84 440.01 3.4877 0 0 0 0.0008662 0.0086616 0.0109166 0.0165747 
330000 674 871.406 157393.474 449.525 3.4604 0 0 0 0.0008485 0.0084852 0.0109423 0.0096139 
340000 685 879.786 163547.08 472.041 3.4926 0 0 0 0.0008263 0.0082629 0.0113745 0.0158251 
350000 695 901.776 169913.632 503.104 3.5815 0 0 0 0.0008036 0.0080363 0.0115094 0.0097424 
360000 705 913.007 176584.621 525.439 3.6299 0 0 0 0.000781 0.0078095 0.0117201 0.007779 
370000 716 917.536 184211.917 568.918 3.6372 0 0 0 0.0007624 0.0076244 0.0119291 -0.0012499 
380000 726 925.861 190136.903 567.41 3.6689 0 0 0 0.0006887 0.0068871 0.0114104 0.006279 
390000 736 939.423 196479.859 579.642 3.7188 0 0 0 0.0006566 0.0065655 0.0113354 -0.0017219 
400000 747 936.163 202783.574 579.57 3.7073 0 0 0 0.0006301 0.006301 0.0114109 0.0047997 
410000 761 887.127 207572.846 526.092 3.508 0 0 0 0.0005768 0.005768 0.0103739 0.0144191 
420000 774 851.011 212119.984 476.458 3.3697 0 0 0 0.0005671 0.0056708 0.0105251 0.0034932 
430000 784 878.265 218017.074 497.726 3.4829 0 0 0 0.0005292 0.0052924 0.0100866 0.0086391 
440000 794 900.534 224932.393 541.129 3.5656 0 0 0 0.0005238 0.0052377 0.0103383 0.0199655 
450000 804 918.729 229708.49 525.738 3.6398 0 0 0 0.0004795 0.0047951 0.0094844 0.0050288 
460000 814 933.595 233699.228 504.545 3.6984 0 0 0 0.00045 0.0045 0.0094252 0.0075957 
470000 825 931.429 239211.738 502.958 3.6975 0 0 0 0.0004473 0.004473 0.0096168 0.0142128 
480000 835 943.972 246372.746 538.614 3.7469 0 0 0 0.0004489 0.0044894 0.0097706 0.0080839 
490000 845 954.221 252810.983 559.354 3.7857 0 0 0 0.0004293 0.0042931 0.0094243 0.0116643 
500000 855 962.596 258727.444 567.713 3.8199 0 0 0 0.0004245 0.0042446 0.0094056 0.0048222 
510000 865 969.438 265370.548 584.846 3.8456 0 0 0 0.0004191 0.004191 0.0098005 0.0112554 
520000 875 975.029 271986.965 595.863 3.8652 0 0 0 0.0003924 0.0039242 0.0091897 0.006742 
530000 885 979.596 277899.783 601.322 3.8865 0 0 0 0.0003761 0.0037607 0.009299 0.0157917 
540000 895 983.329 285414.358 622.755 3.9 0 0 0 0.0003361 0.0033607 0.0084709 0.0073146 
550000 905 986.378 292891.58 639.752 3.9119 0 0 0 0.0003396 0.0033958 0.0086248 0.0062166 
560000 915 988.87 300528.993 665.229 3.9178 0 0 0 0.000342 0.0034199 0.0089688 0.0090993 
570000 925 990.906 308335.382 687.506 3.9305 0 0 0 0.0003342 0.0033418 0.008856 0.0039828 
580000 935 992.57 315959.5 704.522 3.9361 0 0 0 0.0003455 0.0034548 0.0088338 0.0098612 
590000 945 993.929 322770.08 701.344 3.9457 0 0 0 0.0003316 0.0033159 0.0089735 0.0066043 
600000 955 995.039 329452.714 694.847 3.9484 0 0 0 0.0003143 0.0031427 0.0083459 0.0005236 
610000 965 995.947 337255.016 709.549 3.9538 0 0 0 0.0003149 0.0031494 0.0087423 0.0040449 
620000 975 996.688 344115.445 705.428 3.9577 0 0 0 0.0003091 0.0030908 0.0086291 0.0129157 
630000 985 997.294 350698.156 695.685 3.959 0 0 0 0.00031 0.0030998 0.0089104 0.0042669 
640000 996 991.361 358526.816 705.865 3.93 0 0 0 0.0003046 0.0030458 0.0086233 0.0045592 
650000 1006 992.941 366269.077 718.419 3.9339 0 0 0 0.0003226 0.0032262 0.0092954 0.0067683 
660000 1016 988.646 374406.191 731.282 3.9229 0 0 0 0.000327 0.0032697 0.0097314 0.0120191 
670000 1026 981.786 382773.487 745.562 3.8972 0 0 0 0.0003288 0.0032881 0.009846 0.0053653 
680000 1036 985.118 391048.987 758.927 3.9084 0 0 0 0.0003269 0.0032689 0.0096551 0.0083346 
690000 1046 987.84 398054.568 750.473 3.9167 0 0 0 0.0003248 0.0032481 0.00987 0.0031252 
700000 1056 990.064 405953.403 754.744 3.9243 0 0 0 0.0003261 0.0032611 0.0099405 0.0022579 
710000 1066 991.882 413067.73 749.757 3.9351 0 0 0 0.000328 0.0032797 0.0102574 0.0091307 
720000 1076 993.367 419927.305 737.403 3.9385 0 0 0 0.0003326 0.003326 0.0100918 0.0068733 
730000 1086 994.58 428593.607 759.747 3.9364 0 0 0 0.0003351 0.0033509 0.0101523 0.0031335 
740000 1097 979.848 437375.153 765.522 3.8752 0 0 0 0.0003542 0.0035423 0.0106491 -0.0007095 
750000 1107 983.535 446267.736 789.913 3.8942 0 0 0 0.0003447 0.0034474 0.0103734 0.0066114 
760000 1117 986.547 456096.908 824.339 3.903 0 0 0 0.0003391 0.0033911 0.0104523 0.0076944 
770000 1127 987.833 462777.03 799.798 3.9081 0 0 0 0.0003487 0.0034866 0.0106262 0.0063037 
780000 1138 980.889 470221.327 779.759 3.8817 0 0 0 0.000339 0.0033905 0.0101918 0.0096078 
790000 1148 984.385 477940.077 777.198 3.8965 0 0 0 0.0003567 0.0035672 0.0106035 0.0050939 
800000 1158 987.241 486926.63 801.07 3.9039 0 0 0 0.0003597 0.0035967 0.0107242 0.006177 
810000 1168 989.575 495966.383 822.212 3.9098 0 0 0 0.0003612 0.0036117 0.0106567 0.0080037 
820000 1178 991.482 504613.37 829.81 3.9238 0 0 0 0.0003654 0.0036538 0.0106769 0.0055274 
830000 1188 993.04 514759.066 862.661 3.9312 0 0 0 0.0003663 0.003663 0.0107693 0.006851 
840000 1198 994.313 525032.55 893.063 3.9312 0 0 0 0.0003642 0.0036419 0.0103372 0.0042396 
850000 1208 995.354 537201.883 953.355 3.9297 0 0 0 0.0003466 0.0034657 0.0100405 0.0090731 
860000 1218 996.204 549591.646 1004.38 3.9322 0 0 0 0.0003403 0.0034032 0.0098867 0.0086939 
870000 1228 996.898 561823.173 1042.272 3.9356 0 0 0 0.0003453 0.0034532 0.0099485 0.0089218 
880000 1238 997.466 573692.424 1070.867 3.9386 0 0 0 0.0003444 0.0034445 0.0102845 0.0015195 
890000 1248 997.929 586756.091 1114.721 3.9379 0 0 0 0.0003454 0.0034539 0.0100149 0.0110451 
900000 1258 998.308 598947.586 1134.626 3.9401 0 0 0 0.0003483 0.0034827 0.0101744 0.0103225 
910000 1268 998.617 608224.093 1095.663 3.9428 0 0 0 0.0003717 0.0037174 0.0108563 0.0132948 
920000 1278 998.87 617406.538 1063.874 3.9479 0 0 0 0.0003822 0.0038218 0.0110665 0.002284 
930000 1288 999.077 628425.835 1071.74 3.9522 0 0 0 0.0003807 0.0038071 0.0110839 0.0048243 
940000 1298 999.246 635649.908 1005.98 3.9503 0 0 0 0.0003727 0.0037273 0.0105775 0.0080623 
950000 1308 999.384 645332.454 997.51 3.9489 0 0 0 0.0003747 0.0037473 0.0104174 0.0101992 
960000 1318 999.497 654730.225 989.594 3.9541 0 0 0 0.0003703 0.0037029 0.0103649 0.0069087 
970000 1328 999.589 663725.681 971.029 3.9542 0 0 0 0.0003712 0.0037123 0.0104228 0.0101227 
980000 1338 999.664 675696.826 1015.333 3.9554 0 0 0 0.0003795 0.0037947 0.0107661 0.0171618 
990000 1348 999.725 689205.854 1076.057 3.9509 0 0 0 0.0003794 0.0037944 0.010693 0.0142851 
1000000 1358 999.776 700534.107 1088.606 3.9465 0 0 0 0.0003822 0.0038219 0.0110645 0.0187709 
1010000 1368 993.995 712890.347 1105.276 3.9222 0 0 0 0.0003946 0.0039456 0.0114706 0.0156997 
1020000 1379 971.095 724602.715 1094.255 3.8318 0 0 0 0.0003926 0.0039261 0.0113557 0.0109107 
1030000 1389 976.383 739946.987 1170.26 3.8517 0 0 0 0.0003892 0.003892 0.0115217 0.0057965 
1040000 1399 980.703 754593.468 1223.763 3.8674 0 0 0 0.0003933 0.0039333 0.0116172 0.0066948 
1050000 1409 984.233 766980.657 1227.545 3.8822 0 0 0 0.0003909 0.0039091 0.0114469 0.0110828 
1060000 1419 987.117 781710.954 1270.497 3.8931 0 0 0 0.0003965 0.0039651 0.0116299 0.0148882 
1070000 1429 989.474 799586.48 1364.416 3.9079 0 0 0 0.0003836 0.0038361 0.0113571 0.0100889 
1080000 1439 991.399 816745.08 1439.61 3.9174 0 0 0 0.0003851 0.0038507 0.0113616 0.0135484 
1090000 1449 992.973 833882.087 1482.274 3.9298 0 0 0 0.0003778 0.003778 0.011286 0.0187423 
1100000 1459 994.258 850939.595 1540.752 3.9358 0 0 0 0.0003734 0.0037341 0.0110784 0.0194321 
1110000 1469 995.308 864251.24 1485.69 3.9423 0 0 0 0.0003661 0.003661 0.0108442 0.0220548 
1120000 1479 996.167 878190.741 1472.932 3.9412 0 0 0 0.0003588 0.0035881 0.0107518 0.0153347 
1130000 1489 995.592 891553.382 1446.084 3.9394 0 0 0 0.0003535 0.0035347 0.0104307 0.0142737 
1140000 1499 996.399 904756.303 1430.058 3.9439 0 0 0 0.0003508 0.0035081 0.010722 0.0077437 
1150000 1509 997.057 919919.37 1437.746 3.9441 0 0 0 0.0003404 0.0034039 0.010539 0.0167523 
1160000 1519 997.596 935329.656 1472.094 3.9375 0 0 0 0.0003269 0.003269 0.010372 0.0168068 
1170000 1529 998.035 949164.373 1459.049 3.9397 0 0 0 0.0003242 0.003242 0.010341 0.0073135 
1180000 1539 998.395 960985.633 1395.394 3.9515 0 0 0 0.0003301 0.0033013 0.0103838 0.0156528 
1190000 1549 998.688 971572.269 1343.944 3.9534 0 0 0 0.000325 0.0032503 0.0103108 0.0146263 
1200000 1559 998.928 989171.401 1407.429 3.9519 0 0 0 0.0003081 0.0030805 0.0096572 0.0123861 
1210000 1569 999.124 1008099.345 1493.267 3.9474 0 0 0 0.0003003 0.0030029 0.0094615 0.0207997 
1220000 1579 999.285 1020249.868 1437.621 3.9504 0 0 0 0.0002909 0.0029093 0.0091791 0.0185347 
1230000 1589 999.415 1032275.242 1402.04 3.9528 0 0 0 0.000282 0.0028196 0.0086836 0.0121598 
1240000 1599 999.522 1043065.14 1357.6 3.9522 0 0 0 0.0002859 0.0028593 0.0085514 0.0168813 
1250000 1609 999.61 1055955.492 1327.954 3.9495 0 0 0 0.0002824 0.0028237 0.0085179 0.017932 
1260000 1619 999.681 1070013.172 1353.908 3.9534 0 0 0 0.0002837 0.0028367 0.0083293 0.01932 
1270000 1629 999.739 1081640.258 1323.194 3.9636 0 0 0 0.0002681 0.0026813 0.0079454 0.0156933 
1280000 1639 999.787 1097187.206 1346.56 3.962 0 0 0 0.0002715 0.0027154 0.0078609 0.0131973 
1290000 1649 999.826 1115532.272 1435.529 3.9564 0 0 0 0.0002828 0.0028276 0.008025 0.0157023 
1300000 1659 999.858 1135663.319 1540.866 3.9531 0 0 0 0.0002903 0.0029031 0.0081327 0.0109269 
1310000 1669 999.884 1154181.533 1598.768 3.9554 0 0 0 0.0002744 0.0027439 0.0081714 0.0089539 
1320000 1679 999.905 1174070.047 1675.781 3.9552 0 0 0 0.0002616 0.0026156 0.0078054 0.013158 
1330000 1689 999.922 1186631.642 1600.022 3.9545 0 0 0 0.00028 0.0028001 0.0080513 0.0170583 
1340000 1699 999.937 1202545.154 1604.193 3.949 0 0 0 0.0002778 0.0027775 0.0081031 0.0100678 
1350000 1709 999.948 1214067.691 1515.573 3.9536 0 0 0 0.0002925 0.002925 0.0081244 0.0117741 
1360000 1719 999.958 1231195.997 1552.97 3.9477 0 0 0 0.0002871 0.0028712 0.0082234 0.0146739 
1370000 1729 999.965 1245222.751 1517.908 3.95 0 0 0 0.0002931 0.0029308 0.0086338 0.0179711 
1380000 1739 999.972 1262428.373 1558.515 3.9432 0 0 0 0.0002952 0.0029522 0.00862 0.0179426 
1390000 1749 999.977 1277723.22 1567.268 3.9452 0 0 0 0.0002904 0.002904 0.008552 0.0171266 
1400000 1759 999.981 1296188.0 1616.294 3.9404 0 0 0 0.0002945 0.0029455 0.0086652 0.0128505 
1410000 1769 999.985 1316434.213 1679.144 3.9364 0 0 0 0.0002946 0.0029464 0.0086312 0.0083121 
1420000 1779 999.987 1336978.504 1745.623 3.9403 0 0 0 0.000297 0.0029695 0.0086395 0.0145271 
1430000 1789 999.99 1357078.607 1795.812 3.9375 0 0 0 0.0002906 0.002906 0.0085759 0.0141592 
1440000 1799 999.992 1376993.566 1829.821 3.9352 0 0 0 0.0002967 0.0029668 0.0089084 0.0164944 
1450000 1809 999.993 1398040.293 1882.661 3.9427 0 0 0 0.0002954 0.0029545 0.0088237 0.0207829 
1460000 1819 999.994 1418776.128 1914.539 3.9413 0 0 0 0.0002939 0.0029388 0.0087975 0.0175371 
1470000 1829 999.995 1438769.19 1932.755 3.9446 0 0 0 0.0002994 0.0029944 0.0091081 0.0149815 
1480000 1839 999.996 1458966.595 1947.485 3.9423 0 0 0 0.0002937 0.0029371 0.0090865 0.0178805 
1490000 1849 999.997 1473845.889 1861.092 3.9425 0 0 0 0.0002983 0.0029831 0.0091477 0.0216033 
1500000 1859 999.998 1489682.551 1804.14 3.9428 0 0 0 0.0003033 0.0030326 0.0093216 0.0205758 
1510000 1869 999.998 1507490.968 1802.48 3.9374 0 0 0 0.0003033 0.0030329 0.0094465 0.0178951 
1520000 1880 990.775 1519717.026 1683.232 3.9009 0 0 0 0.0003189 0.0031889 0.0092503 0.0171048 
1530000 1890 992.462 1533090.793 1619.4 3.9141 0 0 0 0.000314 0.0031398 0.009323 0.0160312 
1540000 1900 993.841 1550826.004 1649.201 3.9203 0 0 0 0.0003021 0.0030205 0.0089949 0.0177251 
1550000 1910 994.968 1571419.753 1732.272 3.9275 0 0 0 0.0002926 0.0029262 0.0091427 0.0199336 
1560000 1920 995.888 1590755.429 1764.625 3.9327 0 0 0 0.0002848 0.0028483 0.0089 0.0218211 
1570000 1930 996.64 1609494.759 1785.626 3.931 0 0 0 0.0002787 0.0027867 0.0087969 0.0189982 
1580000 1940 997.255 1631275.952 1853.755 3.9327 0 0 0 0.0002746 0.0027457 0.0086461 0.0185862 
1590000 1950 997.757 1652020.087 1899.124 3.9371 0 0 0 0.0002617 0.0026169 0.0083593 0.0234509 
1600000 1960 998.167 1672109.616 1916.276 3.9399 0 0 0 0.0002695 0.0026946 0.0085915 0.0172663 
1610000 1970 998.503 1691231.78 1917.066 3.9423 0 0 0 0.0002691 0.0026908 0.0084071 0.0199176 
1620000 1980 998.777 1707156.417 1856.183 3.9424 0 0 0 0.0002784 0.0027837 0.0085386 0.0180354 
1630000 1990 999.0 1726432.351 1869.762 3.9386 0 0 0 0.0002806 0.0028063 0.0087338 0.0161756 
1640000 2000 999.183 1747108.609 1907.639 3.9357 0 0 0 0.0002951 0.0029514 0.0089791 0.0233904 
1650000 2010 999.333 1766369.312 1910.604 3.9368 0 0 0 0.0002939 0.0029388 0.0089138 0.0183388 
1660000 2020 992.869 1786496.029 1917.168 3.9089 0 0 0 0.0002949 0.0029492 0.0089694 0.021415 
1670000 2030 994.174 1805137.3 1903.272 3.9142 0 0 0 0.0003001 0.0030008 0.0091039 0.014783 
1680000 2040 995.239 1824305.927 1909.129 3.9198 0 0 0 0.0002961 0.0029612 0.0090316 0.0152398 
1690000 2050 996.11 1843561.748 1913.572 3.9187 0 0 0 0.0003069 0.003069 0.0092429 0.0193023 
1700000 2061 990.607 1864251.351 1930.149 3.9011 0 0 0 0.0002972 0.0029715 0.0092256 0.0161698 
1710000 2072 967.154 1883755.26 1881.737 3.8056 0 0 0 0.0003 0.0029999 0.0093384 0.0152535 
1720000 2083 958.219 1904721.116 1892.671 3.7741 0 0 0 0.0002929 0.0029291 0.0092687 0.0162453 
1730000 2093 961.96 1924713.994 1903.618 3.7901 0 0 0 0.0003008 0.003008 0.0095813 0.0263911 
1740000 2103 968.919 1945997.988 1952.336 3.8233 0 0 0 0.0002979 0.0029795 0.0095849 0.015867 
1750000 2113 974.604 1963290.029 1902.179 3.8445 0 0 0 0.0003081 0.0030806 0.0096496 0.0231397 
1760000 2123 979.25 1981175.295 1883.881 3.8609 0 0 0 0.0003139 0.0031391 0.0098725 0.0215558 
1770000 2133 983.046 1998865.923 1875.48 3.8729 0 0 0 0.0003251 0.0032514 0.0102313 0.0198017 
1780000 2143 986.147 2018730.704 1884.182 3.8893 0 0 0 0.0003244 0.0032436 0.01013 0.0236738 
1790000 2153 988.681 2038644.376 1904.619 3.8952 0 0 0 0.0003245 0.0032448 0.0102941 0.0160175 
1800000 2163 990.752 2059899.225 1946.032 3.9041 0 0 0 0.0003258 0.003258 0.0103741 0.0164267 
1810000 2173 992.443 2080363.606 1971.432 3.9149 0 0 0 0.000338 0.0033803 0.010695 0.0192342 
1820000 2183 993.826 2096701.639 1901.936 3.9226 0 0 0 0.0003348 0.0033477 0.0107662 0.0211672 
1830000 2193 994.955 2115085.801 1886.209 3.9311 0 0 0 0.0003313 0.0033125 0.0105608 0.0146232 
1840000 2203 995.878 2134649.586 1913.405 3.9387 0 0 0 0.0003355 0.0033554 0.0107154 0.008999 
1850000 2213 996.632 2155863.476 1940.276 3.9414 0 0 0 0.0003353 0.003353 0.0104257 0.0150664 
1860000 2223 997.248 2175895.014 1959.412 3.9393 0 0 0 0.0003387 0.0033868 0.010487 0.0232872 
1870000 2233 997.752 2194841.237 1950.908 3.9411 0 0 0 0.0003448 0.0034479 0.0106007 0.0171234 
1880000 2243 998.163 2213269.421 1918.007 3.9485 0 0 0 0.0003468 0.0034681 0.0105705 0.0170715 
1890000 2253 998.499 2235587.209 1977.98 3.9496 0 0 0 0.0003413 0.0034128 0.0101776 0.0177482 
1900000 2263 998.773 2257729.84 2017.372 3.9503 0 0 0 0.000335 0.0033496 0.0104592 0.020459 
1910000 2273 998.998 2280089.841 2056.303 3.9474 0 0 0 0.0003267 0.003267 0.0102444 0.0195036 
1920000 2283 999.181 2300577.433 2059.087 3.942 0 0 0 0.0003371 0.0033709 0.010273 0.0201688 
1930000 2293 999.331 2321871.46 2069.128 3.9411 0 0 0 0.0003333 0.0033328 0.0102971 0.0191313 
1940000 2303 999.453 2340597.666 2029.215 3.9362 0 0 0 0.0003387 0.0033871 0.0103936 0.0226661 
1950000 2313 999.553 2358046.698 1980.061 3.9351 0 0 0 0.000332 0.0033201 0.0101707 0.0103101 
1960000 2323 999.635 2375857.057 1943.417 3.936 0 0 0 0.0003283 0.0032827 0.01012 0.0200655 
1970000 2333 999.702 2394951.707 1942.897 3.9335 0 0 0 0.0003201 0.0032013 0.0100032 0.0168146 
1980000 2343 999.756 2412788.643 1908.251 3.9415 0 0 0 0.0003258 0.0032577 0.0100087 0.015303 
1990000 2353 999.801 2432243.643 1914.7 3.9414 0 0 0 0.000317 0.0031696 0.0098459 0.0161196 
2000000 2363 999.837 2451807.918 1934.201 3.9413 0 0 0 0.0003211 0.003211 0.0098176 0.0246483 
2010000 2373 999.867 2469882.583 1900.334 3.9457 0 0 0 0.0003243 0.0032431 0.0096846 0.0226388 
2020000 2383 999.891 2489223.818 1904.153 3.9452 0 0 0 0.0003263 0.0032633 0.0097311 0.015598 
2030000 2393 999.911 2509420.439 1935.035 3.9458 0 0 0 0.0003324 0.0033241 0.0099882 0.0220447 
2040000 2403 999.928 2529027.995 1935.075 3.9489 0 0 0 0.0003196 0.0031958 0.0096235 0.0228071 
2050000 2413 999.941 2548639.157 1950.05 3.9485 0 0 0 0.0003297 0.0032973 0.0097397 0.0145344 
2060000 2423 999.952 2570851.182 1988.075 3.9447 0 0 0 0.0003273 0.0032726 0.0096697 0.0170695 
2070000 2433 999.96 2591031.982 1996.586 3.9466 0 0 0 0.0003379 0.0033785 0.0096239 0.0223423 
2080000 2443 999.968 2611943.846 2011.335 3.9474 0 0 0 0.0003324 0.0033241 0.0098004 0.0225048 
2090000 2453 999.974 2633163.711 2032.574 3.9474 0 0 0 0.0003342 0.0033425 0.0098639 0.0181992 
2100000 2463 999.978 2652694.808 2018.527 3.9427 0 0 0 0.0003382 0.0033821 0.0097759 0.01985 
2110000 2473 999.982 2674409.538 2046.787 3.9462 0 0 0 0.0003425 0.0034249 0.0098767 0.0201309 
2120000 2483 999.986 2696023.032 2068.196 3.9462 0 0 0 0.0003427 0.0034272 0.0100251 0.0186485 
2130000 2493 999.988 2718442.231 2097.916 3.9446 0 0 0 0.0003292 0.0032919 0.0094428 0.0164118 
2140000 2503 999.99 2740472.066 2118.701 3.9509 0 0 0 0.0003327 0.003327 0.0096102 0.0237388 
2150000 2513 999.992 2761365.431 2114.192 3.9502 0 0 0 0.0003316 0.0033161 0.0095701 0.0232111 
2160000 2523 994.327 2780887.285 2069.039 3.9256 0 0 0 0.0003336 0.0033357 0.0096972 0.0140724 
2170000 2533 995.365 2803247.448 2098.174 3.9261 0 0 0 0.0003222 0.0032218 0.0092936 0.0170487 
2180000 2543 996.213 2819237.932 2014.686 3.9313 0 0 0 0.0003384 0.0033842 0.009762 0.0167189 
2190000 2553 996.906 2835977.179 1955.058 3.9461 0 0 0 0.0003351 0.0033505 0.0097288 0.0158562 
2200000 2564 991.25 2853200.545 1894.473 3.926 0 0 0 0.0003439 0.0034387 0.0097575 0.0196319 
2210000 2574 983.496 2867621.959 1798.62 3.9008 0 0 0 0.0003605 0.0036053 0.0102832 0.0167352 
2220000 2585 980.387 2887353.027 1812.427 3.8858 0 0 0 0.000352 0.0035203 0.0099123 0.0198593 
2230000 2595 983.975 2909306.207 1881.756 3.9002 0 0 0 0.0003524 0.0035235 0.0097988 0.0178821 
2240000 2605 986.906 2931128.976 1937.164 3.9122 0 0 0 0.0003579 0.0035792 0.0099142 0.0175141 
2250000 2615 989.301 2952695.654 1977.762 3.924 0 0 0 0.0003536 0.0035363 0.0099004 0.0169092 
2260000 2625 991.259 2973426.185 1995.213 3.9333 0 0 0 0.0003662 0.0036619 0.0098513 0.014489 
2270000 2635 992.858 2995114.927 2027.83 3.9339 0 0 0 0.0003447 0.0034468 0.0096382 0.0142777 
2280000 2645 994.164 3016941.391 2056.509 3.9341 0 0 0 0.0003612 0.0036124 0.0099817 0.0243081 
2290000 2655 995.232 3038798.296 2079.734 3.9345 0 0 0 0.0003627 0.0036268 0.010136 0.0202749 
2300000 2665 996.104 3059974.877 2086.379 3.9337 0 0 0 0.0003474 0.0034739 0.0100035 0.011362 
2310000 2675 996.817 3082712.74 2120.741 3.9331 0 0 0 0.0003574 0.0035738 0.0100941 0.0157121 
2320000 2685 997.399 3104526.983 2133.201 3.9402 0 0 0 0.0003608 0.0036075 0.0102693 0.0237264 
2330000 2695 988.777 3122496.265 2050.015 3.908 0 0 0 0.000372 0.0037198 0.0103909 0.0128841 
2340000 2705 990.83 3138612.949 1970.35 3.9182 0 0 0 0.0003743 0.0037431 0.0102604 0.0166747 
2350000 2715 992.507 3154777.514 1901.612 3.9273 0 0 0 0.0003842 0.0038418 0.0104315 0.0179445 
2360000 2725 993.878 3175864.278 1941.19 3.9298 0 0 0 0.0003831 0.0038313 0.0105242 0.0196295 
2370000 2735 994.998 3196718.231 1966.93 3.9296 0 0 0 0.0003915 0.003915 0.0107303 0.0170542 
2380000 2745 995.913 3217300.907 1985.452 3.9351 0 0 0 0.0003765 0.0037647 0.0106299 0.023653 
2390000 2755 996.66 3237610.533 1997.718 3.9428 0 0 0 0.0003762 0.0037618 0.010671 0.0166359 
2400000 2765 997.271 3261092.773 2057.451 3.9382 0 0 0 0.0003676 0.0036761 0.0104181 0.0207088 
2410000 2775 997.771 3282619.014 2074.94 3.9387 0 0 0 0.0003544 0.0035445 0.0102366 0.0268093 
2420000 2785 998.178 3303006.775 2068.607 3.9349 0 0 0 0.0003563 0.0035631 0.0103019 0.0212085 
2430000 2795 998.512 3324531.835 2088.493 3.9374 0 0 0 0.000352 0.0035197 0.010429 0.0185793 
2440000 2805 998.784 3344914.116 2077.481 3.9413 0 0 0 0.0003704 0.0037039 0.0106664 0.0169714 
2450000 2815 999.006 3365674.713 2078.381 3.9444 0 0 0 0.0003653 0.0036532 0.0105342 0.0184002 
2460000 2825 999.188 3387446.072 2097.408 3.9458 0 0 0 0.0003647 0.003647 0.0106839 0.0203563 
2470000 2835 999.337 3409131.757 2111.244 3.949 0 0 0 0.0003657 0.0036574 0.0105317 0.0225955 
2480000 2845 994.15 3431216.146 2112.353 3.9263 0 0 0 0.0003663 0.0036629 0.0106794 0.0226013 
2490000 2855 995.22 3451944.486 2116.923 3.9293 0 0 0 0.0003665 0.0036646 0.0106138 0.0242799 
2500000 2865 996.094 3473493.504 2118.221 3.9299 0 0 0 0.0003642 0.0036415 0.0105952 0.017866 
2510000 2875 996.809 3495475.254 2129.912 3.9479 0 0 0 0.0003749 0.0037486 0.0105128 0.0231663 
2520000 2885 997.392 3514732.186 2092.16 3.9474 0 0 0 0.0003708 0.0037085 0.0107317 0.0144829 
2530000 2895 997.869 3534869.008 2078.068 3.9448 0 0 0 0.0003712 0.003712 0.0107497 0.0211858 
2540000 2905 998.259 3555464.921 2073.883 3.9421 0 0 0 0.0003588 0.0035879 0.0106098 0.0118507 
2550000 2915 998.578 3576593.539 2080.156 3.9432 0 0 0 0.0003632 0.0036321 0.0105919 0.0220256 
2560000 2925 998.838 3596659.96 2068.539 3.9401 0 0 0 0.0003711 0.0037113 0.0106063 0.0241173 
2570000 2935 999.05 3613439.398 2006.615 3.9403 0 0 0 0.0003601 0.0036005 0.0104792 0.0237098 
2580000 2945 999.224 3636353.991 2046.98 3.9415 0 0 0 0.0003753 0.0037527 0.0107445 0.0207101 
2590000 2955 999.366 3658328.896 2078.272 3.9426 0 0 0 0.0003722 0.0037221 0.0105557 0.0188579 
2600000 2965 999.482 3677002.247 2037.955 3.9438 0 0 0 0.0003751 0.0037508 0.0106381 0.0186122 
2610000 2975 999.577 3698802.974 2068.051 3.9453 0 0 0 0.0003757 0.0037571 0.0105806 0.0187096 
2620000 2986 996.526 3719800.52 2067.699 3.9254 0 0 0 0.0003772 0.0037717 0.0109254 0.0223513 
2630000 2996 997.162 3739341.077 2046.245 3.9324 0 0 0 0.0003876 0.0038765 0.0109644 0.0235265 
2640000 3006 997.681 3761654.899 2079.271 3.9341 0 0 0 0.0003796 0.0037956 0.0105128 0.0217309 
2650000 3016 998.105 3783427.482 2096.616 3.9365 0 0 0 0.0003762 0.0037618 0.0104918 0.0234258 
2660000 3026 998.452 3804043.007 2090.524 3.9326 0 0 0 0.0003805 0.0038052 0.0108024 0.0211039 
2670000 3036 998.735 3825213.33 2095.754 3.9367 0 0 0 0.0003759 0.0037593 0.0104647 0.0180381 
2680000 3046 998.966 3847042.488 2112.21 3.9354 0 0 0 0.0003681 0.0036806 0.0102772 0.0174718 
2690000 3056 999.155 3869478.107 2136.095 3.9344 0 0 0 0.0003621 0.0036214 0.0101564 0.0225554 
2700000 3066 999.31 3890169.595 2122.256 3.9359 0 0 0 0.000379 0.0037899 0.0105002 0.0230013 
2710000 3076 999.436 3910882.098 2112.109 3.9332 0 0 0 0.0003702 0.0037018 0.0103643 0.0205198 
2720000 3086 999.539 3929922.342 2076.395 3.9326 0 0 0 0.0003763 0.0037635 0.0105026 0.0216717 
2730000 3096 999.624 3949581.938 2055.082 3.9369 0 0 0 0.0003802 0.0038022 0.0104614 0.0143314 
2740000 3106 999.692 3969817.888 2048.456 3.9422 0 0 0 0.0003888 0.0038879 0.0107309 0.029002 
2750000 3116 999.749 3989262.914 2030.943 3.9411 0 0 0 0.0003809 0.0038093 0.0106318 0.0162813 
2760000 3126 999.795 4010223.559 2043.619 3.9464 0 0 0 0.0003715 0.0037149 0.0103355 0.0189733 
2770000 3136 999.832 4029068.33 2014.363 3.9557 0 0 0 0.0003743 0.003743 0.0105108 0.0156435 
2780000 3146 999.863 4050237.807 2032.513 3.9524 0 0 0 0.000369 0.0036897 0.010301 0.0215784 
2790000 3156 999.888 4069886.635 2021.377 3.9597 0 0 0 0.0003799 0.0037994 0.0104758 0.0230282 
2800000 3166 999.908 4089260.828 2007.091 3.9537 0 0 0 0.0003638 0.003638 0.0103579 0.0111997 
2810000 3176 999.925 4110765.631 2033.241 3.9518 0 0 0 0.00037 0.0037 0.0103331 0.0197103 
2820000 3186 999.939 4132067.393 2051.754 3.9468 0 0 0 0.0003633 0.0036327 0.0101765 0.017781 
2830000 3196 999.95 4152649.623 2052.372 3.9452 0 0 0 0.0003603 0.0036027 0.0101797 0.0217827 
2840000 3206 999.959 4171856.631 2029.624 3.9428 0 0 0 0.0003619 0.0036187 0.0101327 0.0235133 
2850000 3216 999.967 4193961.075 2063.209 3.9379 0 0 0 0.0003627 0.0036268 0.0101324 0.0239677 
2860000 3226 999.973 4216357.723 2095.766 3.9456 0 0 0 0.0003594 0.0035942 0.0100752 0.0179954 
2870000 3236 999.978 4236236.684 2075.898 3.9424 0 0 0 0.0003617 0.0036168 0.0098864 0.0172973 
2880000 3246 999.982 4257014.113 2076.623 3.9414 0 0 0 0.0003556 0.0035557 0.0100246 0.016509 
2890000 3256 999.985 4277156.919 2065.969 3.9392 0 0 0 0.0003741 0.0037408 0.0102135 0.0165442 
2900000 3266 999.988 4298499.826 2078.828 3.9421 0 0 0 0.0003603 0.0036028 0.0098815 0.0194919 
2910000 3276 999.99 4319310.728 2079.363 3.9449 0 0 0 0.0003724 0.0037235 0.010052 0.0181367 
2920000 3286 999.992 4340848.022 2092.341 3.945 0 0 0 0.0003589 0.0035888 0.009931 0.0089772 
2930000 3296 999.993 4359791.343 2052.749 3.9428 0 0 0 0.0003729 0.0037289 0.0101034 0.0236008 
2940000 3306 999.995 4382303.639 2089.422 3.9446 0 0 0 0.0003627 0.0036265 0.0099201 0.0254592 
2950000 3316 999.996 4403741.725 2098.808 3.9478 0 0 0 0.0003592 0.0035917 0.0096827 0.0173298 
2960000 3326 999.996 4423332.495 2071.754 3.9482 0 0 0 0.0003556 0.0035556 0.0099197 0.0187706 
2970000 3336 999.997 4444235.306 2074.784 3.9439 0 0 0 0.0003546 0.0035457 0.0098851 0.0212002 
2980000 3346 999.998 4464812.322 2071.337 3.9417 0 0 0 0.0003608 0.0036079 0.0098065 0.0225565 
2990000 3356 999.998 4483598.184 2036.373 3.9437 0 0 0 0.0003576 0.0035763 0.0099666 0.0234612 
3000000 3366 999.998 4501104.528 1985.809 3.9425 0 0 0 0.0003635 0.0036353 0.0100238 0.0190352 
3010000 3376 999.999 4521192.966 1989.279 3.9409 0 0 0 0.0003637 0.0036371 0.0100019 0.0176674 
3020000 3386 999.999 4540811.887 1984.371 3.9436 0 0 0 0.0003678 0.003678 0.0101476 0.01896 
3030000 3396 999.999 4562134.075 2011.415 3.942 0 0 0 0.0003769 0.0037691 0.0104013 0.0151545 
3040000 3406 999.999 4583496.771 2035.033 3.938 0 0 0 0.0003645 0.0036452 0.0099327 0.0198299 
3050000 3416 999.999 4605031.862 2056.665 3.9355 0 0 0 0.000379 0.0037899 0.010386 0.019911 
3060000 3426 1000.0 4624426.57 2036.906 3.9352 0 0 0 0.0003742 0.0037424 0.0102805 0.0246483 
3070000 3436 1000.0 4645394.14 2048.315 3.9349 0 0 0 0.0003754 0.0037542 0.0101721 0.0145003 
3080000 3446 1000.0 4664133.599 2017.1 3.9412 0 0 0 0.0003723 0.0037227 0.010048 0.0240908 
3090000 3456 1000.0 4685153.948 2031.959 3.9407 0 0 0 0.0003702 0.0037023 0.0099551 0.0221892 
3100000 3466 1000.0 4702793.707 1982.786 3.9395 0 0 0 0.000366 0.0036605 0.009997 0.0225001 
3110000 3476 1000.0 4722799.387 1985.895 3.9391 0 0 0 0.000369 0.0036896 0.0099996 0.0218971 
3120000 3486 1000.0 4739753.605 1934.303 3.9408 0 0 0 0.0003752 0.0037522 0.0099727 0.0231248 
3130000 3496 1000.0 4752328.774 1812.969 3.9475 0 0 0 0.0003693 0.0036927 0.0100608 0.0179245 
3140000 3506 1000.0 4765606.331 1719.894 3.9483 0 0 0 0.000376 0.00376 0.0100153 0.0140809 
3150000 3516 1000.0 4775507.818 1588.55 3.9518 0 0 0 0.0003681 0.003681 0.0097651 0.0165448 
3160000 3526 1000.0 4785715.47 1482.073 3.9577 0 0 0 0.0003733 0.0037334 0.0094361 0.0158626 
3170000 3536 1000.0 4800097.375 1468.957 3.965 0 0 0 0.0003744 0.0037445 0.009436 0.0204704 
3180000 3546 1000.0 4809951.986 1386.179 3.9694 0 0 0 0.0003727 0.0037274 0.0094475 0.0192 
3190000 3556 1000.0 4826867.213 1440.971 3.9696 0 0 0 0.0003724 0.0037241 0.0093159 0.0164153 
3200000 3566 1000.0 4839565.852 1411.288 3.9646 0 0 0 0.0003587 0.0035873 0.0088998 0.0155617 
3210000 3576 1000.0 4846613.323 1283.492 3.967 0 0 0 0.0003583 0.0035833 0.008837 0.0178579 
3220000 3586 1000.0 4864718.432 1384.609 3.9639 0 0 0 0.0003503 0.0035027 0.0085988 0.0170679 
3230000 3596 1000.0 4884352.908 1491.724 3.9624 0 0 0 0.0003545 0.0035451 0.0089106 0.0210165 
3240000 3606 1000.0 4903259.678 1565.136 3.9584 0 0 0 0.0003457 0.0034567 0.0088025 0.012237 
3250000 3616 1000.0 4921897.895 1619.732 3.954 0 0 0 0.0003369 0.0033686 0.0084285 0.0121142 
3260000 3626 1000.0 4941907.544 1691.426 3.9522 0 0 0 0.0003327 0.003327 0.0083126 0.0132941 
3270000 3636 1000.0 4959077.46 1695.258 3.957 0 0 0 0.0003449 0.0034487 0.0084591 0.0118124 
3280000 3646 1000.0 4978230.432 1733.361 3.9569 0 0 0 0.0003481 0.0034811 0.008523 0.0162409 
3290000 3656 1000.0 4998714.538 1790.543 3.9602 0 0 0 0.0003456 0.0034561 0.0083814 0.0207451 
3300000 3666 1000.0 5016595.984 1790.724 3.9577 0 0 0 0.0003452 0.0034516 0.0083937 0.0126301 
3310000 3676 1000.0 5033727.786 1772.476 3.9569 0 0 0 0.0003446 0.0034459 0.0085065 0.0173839 
3320000 3686 1000.0 5052452.351 1791.275 3.9552 0 0 0 0.0003314 0.0033143 0.0083519 0.0089326 
3330000 3696 1000.0 5070641.202 1796.495 3.9526 0 0 0 0.0003367 0.0033669 0.0081899 0.0124786 
3340000 3706 1000.0 5089849.884 1819.093 3.9534 0 0 0 0.0003269 0.0032689 0.008061 0.0103505 
3350000 3716 1000.0 5111617.541 1885.141 3.955 0 0 0 0.0003271 0.003271 0.0082828 0.0151353 
3360000 3726 1000.0 5131099.651 1897.534 3.9485 0 0 0 0.0003244 0.0032438 0.0081083 0.0141067 
3370000 3736 1000.0 5149697.174 1888.367 3.9497 0 0 0 0.0003309 0.0033093 0.0082749 0.0165032 
3380000 3746 1000.0 5170335.932 1920.213 3.9514 0 0 0 0.0003258 0.0032579 0.0081568 0.0192331 
3390000 3756 1000.0 5186412.145 1864.88 3.9546 0 0 0 0.0003295 0.0032946 0.008363 0.0176781 
3400000 3766 1000.0 5203356.723 1830.895 3.9573 0 0 0 0.0003254 0.0032538 0.0083125 0.0127069 
3410000 3776 1000.0 5221674.542 1832.03 3.9535 0 0 0 0.0003385 0.0033847 0.0087847 0.020153 
3420000 3786 1000.0 5235119.813 1745.74 3.9586 0 0 0 0.0003524 0.0035243 0.0090326 0.0216916 
3430000 3796 1000.0 5254396.68 1778.211 3.9622 0 0 0 0.0003373 0.0033732 0.0087683 0.0150903 
3440000 3806 1000.0 5273461.19 1802.366 3.9612 0 0 0 0.0003393 0.003393 0.0089962 0.0132426 
3450000 3816 1000.0 5293192.666 1833.904 3.9586 0 0 0 0.000343 0.00343 0.0088263 0.0239447 
3460000 3826 1000.0 5312866.813 1858.477 3.9603 0 0 0 0.0003473 0.0034731 0.0090908 0.018019 
3470000 3836 1000.0 5330602.621 1843.102 3.9613 0 0 0 0.0003512 0.0035119 0.0089633 0.0166828 
3480000 3846 1000.0 5346982.657 1809.877 3.9649 0 0 0 0.0003534 0.0035336 0.0092847 0.0180644 
3490000 3856 1000.0 5367722.368 1857.936 3.9639 0 0 0 0.0003566 0.0035662 0.0093217 0.0167441 
3500000 3866 1000.0 5384835.998 1832.972 3.9653 0 0 0 0.0003629 0.0036292 0.0092486 0.0185619 
3510000 3876 1000.0 5403066.885 1832.498 3.9613 0 0 0 0.0003656 0.0036563 0.0094568 0.0171185 
3520000 3886 1000.0 5423143.596 1865.181 3.9534 0 0 0 0.0003715 0.0037154 0.0097753 0.0224798 
3530000 3896 1000.0 5443550.79 1897.687 3.9532 0 0 0 0.0003592 0.0035925 0.0094367 0.0172402 
3540000 3906 1000.0 5462429.629 1892.967 3.9487 0 0 0 0.0003788 0.0037883 0.0099104 0.0137781 
3550000 3916 1000.0 5481766.694 1899.861 3.9497 0 0 0 0.0003826 0.0038261 0.0100268 0.0116514 
3560000 3926 1000.0 5500612.591 1899.059 3.9454 0 0 0 0.0003777 0.0037768 0.0097941 0.0123592 
3570000 3936 1000.0 5521314.636 1929.857 3.9457 0 0 0 0.0003881 0.0038811 0.0101448 0.0125439 
3580000 3946 1000.0 5542699.583 1967.906 3.9425 0 0 0 0.0003894 0.0038944 0.0100373 0.0185924 
3590000 3956 1000.0 5563069.456 1979.065 3.9445 0 0 0 0.000387 0.0038696 0.0099512 0.0233599 
3600000 3966 1000.0 5584190.013 2002.72 3.9455 0 0 0 0.0003838 0.003838 0.0099905 0.0160983 
3610000 3976 1000.0 5601312.529 1952.673 3.9512 0 0 0 0.0003905 0.0039055 0.0099591 0.0182595 
3620000 3986 1000.0 5621640.947 1969.224 3.9475 0 0 0 0.0003777 0.0037768 0.009897 0.0218985 
3630000 3996 1000.0 5638962.688 1923.956 3.949 0 0 0 0.0003781 0.0037805 0.0099708 0.0217147 
3640000 4006 1000.0 5654733.957 1863.032 3.946 0 0 0 0.000377 0.0037702 0.0098333 0.0172513 
3650000 4016 1000.0 5673953.895 1873.056 3.9617 0 0 0 0.0003762 0.0037621 0.0095939 0.0183709 
3660000 4026 1000.0 5694641.193 1909.242 3.9606 0 0 0 0.0003701 0.0037008 0.0095577 0.0182478 
3670000 4036 1000.0 5710873.381 1855.803 3.9613 0 0 0 0.0003699 0.0036987 0.0095155 0.0133713 
3680000 4046 1000.0 5729775.316 1862.957 3.9581 0 0 0 0.000356 0.0035604 0.0094354 0.0119036 
3690000 4056 1000.0 5751287.173 1915.029 3.9525 0 0 0 0.0003699 0.0036989 0.0095645 0.0198298 
3700000 4066 1000.0 5771231.313 1929.919 3.9499 0 0 0 0.0003677 0.0036772 0.0095613 0.0207931 
3710000 4076 1000.0 5790191.094 1921.146 3.9563 0 0 0 0.0003592 0.0035924 0.0093246 0.0144494 
3720000 4086 1000.0 5809727.42 1926.857 3.9509 0 0 0 0.0003587 0.0035872 0.0091975 0.0132858 
3730000 4096 1000.0 5831108.392 1965.681 3.9511 0 0 0 0.0003547 0.0035469 0.0092954 0.0135562 
3740000 4106 1000.0 5849221.167 1937.174 3.9497 0 0 0 0.0003591 0.0035909 0.009084 0.0165522 
3750000 4116 1000.0 5867467.823 1919.075 3.946 0 0 0 0.0003587 0.003587 0.0089119 0.0144735 
3760000 4126 1000.0 5885234.416 1897.904 3.9379 0 0 0 0.000356 0.0035599 0.0088487 0.0202878 
3770000 4136 1000.0 5905762.528 1923.212 3.9325 0 0 0 0.0003545 0.0035452 0.0088754 0.0127774 
3780000 4146 1000.0 5928579.551 1989.184 3.9329 0 0 0 0.0003444 0.0034437 0.0085875 0.014795 
3790000 4156 1000.0 5950404.581 2023.62 3.9368 0 0 0 0.0003425 0.0034249 0.0085648 0.0154058 
3800000 4166 1000.0 5964703.032 1916.137 3.9377 0 0 0 0.0003604 0.0036043 0.0089886 0.0119938 
3810000 4176 1000.0 5979124.899 1828.082 3.9462 0 0 0 0.0003582 0.0035818 0.0087301 0.0197885 
3820000 4186 1000.0 5999112.149 1859.416 3.9477 0 0 0 0.0003595 0.0035951 0.0088553 0.011302 
3830000 4196 1000.0 6014848.821 1804.539 3.9482 0 0 0 0.0003608 0.0036085 0.0090479 0.0160594 
3840000 4206 1000.0 6033356.91 1814.449 3.9517 0 0 0 0.0003553 0.0035529 0.0088717 0.0153819 
3850000 4216 1000.0 6046544.094 1727.316 3.9514 0 0 0 0.0003557 0.003557 0.0088092 0.0130873 
3860000 4226 1000.0 6057519.392 1609.831 3.9542 0 0 0 0.0003683 0.0036832 0.0089841 0.0176593 
3870000 4236 1000.0 6070885.112 1562.504 3.9567 0 0 0 0.0003695 0.0036949 0.0089607 0.0156522 
3880000 4246 1000.0 6092083.561 1663.717 3.958 0 0 0 0.0003734 0.0037344 0.0091527 0.019013 
3890000 4256 1000.0 6113291.165 1748.059 3.9523 0 0 0 0.0003725 0.0037246 0.0089842 0.0137106 
3900000 4266 1000.0 6134268.18 1811.938 3.9529 0 0 0 0.0003665 0.0036651 0.0089081 0.0141853 
3910000 4276 1000.0 6155847.987 1874.493 3.9508 0 0 0 0.0003705 0.0037046 0.0089346 0.0105677 
3920000 4286 1000.0 6176977.599 1918.052 3.9475 0 0 0 0.0003721 0.0037208 0.0089625 0.0179906 
3930000 4296 1000.0 6198399.401 1960.786 3.946 0 0 0 0.0003652 0.003652 0.0089791 0.0147698 
3940000 4306 1000.0 6217897.393 1961.557 3.9446 0 0 0 0.0003647 0.0036469 0.0088477 0.01184 
3950000 4316 1000.0 6236223.79 1939.731 3.9507 0 0 0 0.0003713 0.0037134 0.0089967 0.0143069 
3960000 4326 1000.0 6257482.32 1974.286 3.9562 0 0 0 0.0003642 0.0036422 0.0090642 0.0212428 
3970000 4336 991.955 6277496.307 1963.584 3.9213 0 0 0 0.0003643 0.0036428 0.0090421 0.0171372 
3980000 4346 993.427 6297925.721 1975.567 3.9222 0 0 0 0.0003717 0.003717 0.0090681 0.0205326 
3990000 4356 994.629 6314050.921 1907.929 3.928 0 0 0 0.0003688 0.0036877 0.0092392 0.0193545 
4000000 4366 995.612 6328730.354 1833.715 3.936 0 0 0 0.0003899 0.0038989 0.0096147 0.0122851 
