0 0 0.0 0.0 0.0 0.0 0 0 0 
10000 12 174.578 -4.0 -0.069 0.3879 0 0 0 
20000 24 323.365 -8.0 -0.124 0.6874 0 0 0 
30000 80 220.39 -47.0 -0.527 0.8357 0 0 0 
40000 126 260.672 -77.0 -0.567 1.2443 0 0 0 
50000 136 395.915 -77.0 -0.464 1.9635 0 0 0 
60000 146 506.419 -77.0 -0.379 2.5818 0 0 0 
70000 173 426.262 -92.0 -0.477 2.1805 0 0 0 
80000 183 531.214 -92.0 -0.39 2.7104 0 0 0 
90000 193 616.968 -92.0 -0.319 3.1708 0 0 0 
100000 203 687.035 -92.0 -0.26 3.5179 0 0 0 
110000 213 733.132 -91.0 -0.193 3.7556 0 0 0 
120000 223 781.95 -91.0 -0.158 3.9968 0 0 0 
130000 233 821.837 -91.0 -0.129 4.2055 0 0 0 
140000 243 854.428 -91.0 -0.105 4.3656 0 0 0 
150000 253 881.057 -91.0 -0.086 4.5166 0 0 0 
160000 263 902.815 -91.0 -0.07 4.6184 0 0 0 
170000 274 911.795 -90.0 -0.038 4.6846 0 0 0 
180000 284 927.73 -89.0 -0.011 4.7463 0 0 0 
190000 294 940.95 -89.0 -0.009 4.8209 0 0 0 
200000 304 951.752 -89.0 -0.007 4.8658 0 0 0 
210000 314 960.578 -89.0 -0.006 4.9492 0 0 0 
220000 324 967.789 -89.0 -0.005 5.0066 0 0 0 
230000 334 973.681 -89.0 -0.004 5.0597 0 0 0 
240000 344 978.496 -89.0 -0.003 5.0641 0 0 0 
250000 354 982.43 -89.0 -0.003 5.0888 0 0 0 
260000 365 966.84 -87.0 0.036 5.0225 0 0 0 
270000 375 972.906 -87.0 0.029 5.0612 0 0 0 
280000 385 969.192 -86.0 0.042 5.0419 0 0 0 
290000 395 974.827 -86.0 0.034 5.0994 0 0 0 
300000 405 979.432 -86.0 0.028 5.1335 0 0 0 
310000 415 983.195 -86.0 0.023 5.199 0 0 0 
320000 425 986.269 -86.0 0.019 5.2198 0 0 0 
330000 435 988.781 -86.0 0.015 5.2814 0 0 0 
340000 445 990.833 -86.0 0.013 5.297 0 0 0 
350000 455 992.51 -86.0 0.01 5.3107 0 0 0 
360000 465 993.88 -86.0 0.008 5.2952 0 0 0 
370000 475 994.999 -86.0 0.007 5.2966 0 0 0 
380000 485 995.914 -86.0 0.006 5.2954 0 0 0 
390000 496 984.151 -88.0 -0.034 5.2439 0 0 0 
400000 506 987.051 -88.0 -0.027 5.2308 0 0 0 
410000 516 989.419 -88.0 -0.022 5.2305 0 0 0 
420000 526 991.355 -88.0 -0.018 5.23 0 0 0 
430000 537 984.324 -89.0 -0.033 5.2137 0 0 0 
440000 547 987.192 -89.0 -0.027 5.2205 0 0 0 
450000 557 989.535 -89.0 -0.022 5.2539 0 0 0 
460000 567 983.353 -88.0 -0.001 5.2171 0 0 0 
470000 577 986.398 -88.0 -0.0 5.2414 0 0 0 
480000 587 988.886 -88.0 -0.0 5.2614 0 0 0 
490000 598 980.46 -89.0 -0.019 5.2377 0 0 0 
500000 608 984.034 -89.0 -0.016 5.2321 0 0 0 
510000 618 986.955 -89.0 -0.013 5.2694 0 0 0 
520000 628 978.208 -88.0 0.009 5.2102 0 0 0 
530000 638 982.194 -88.0 0.007 5.254 0 0 0 
540000 648 985.452 -88.0 0.006 5.259 0 0 0 
550000 658 988.113 -88.0 0.005 5.3139 0 0 0 
560000 668 990.287 -88.0 0.004 5.3447 0 0 0 
570000 679 985.637 -89.0 -0.015 5.3136 0 0 0 
580000 689 988.264 -89.0 -0.012 5.3385 0 0 0 
590000 699 990.411 -89.0 -0.01 5.344 0 0 0 
600000 709 992.165 -89.0 -0.008 5.3476 0 0 0 
610000 719 993.598 -89.0 -0.007 5.3642 0 0 0 
620000 729 994.769 -89.0 -0.006 5.3841 0 0 0 
630000 739 988.347 -90.0 -0.023 5.3578 0 0 0 
640000 749 990.479 -90.0 -0.019 5.3861 0 0 0 
650000 759 992.221 -90.0 -0.016 5.3918 0 0 0 
660000 769 989.179 -91.0 -0.031 5.3891 0 0 0 
670000 779 991.159 -91.0 -0.025 5.3976 0 0 0 
680000 789 989.142 -90.0 -0.002 5.4129 0 0 0 
690000 799 991.128 -90.0 -0.002 5.41 0 0 0 
700000 810 987.494 -89.0 0.017 5.4309 0 0 0 
710000 820 986.186 -90.0 -0.005 5.4367 0 0 0 
720000 830 982.179 -91.0 -0.021 5.4572 0 0 0 
730000 840 985.439 -91.0 -0.017 5.4744 0 0 0 
740000 850 988.103 -91.0 -0.014 5.4668 0 0 0 
750000 860 990.279 -91.0 -0.011 5.4458 0 0 0 
760000 870 992.057 -91.0 -0.009 5.4499 0 0 0 
770000 880 993.51 -91.0 -0.008 5.4478 0 0 0 
780000 890 994.697 -91.0 -0.006 5.4685 0 0 0 
790000 901 989.156 -92.0 -0.022 5.4183 0 0 0 
800000 911 986.38 -91.0 0.0 5.4263 0 0 0 
810000 921 988.872 -91.0 0.0 5.4177 0 0 0 
820000 931 990.907 -91.0 0.0 5.4539 0 0 0 
830000 942 966.611 -89.0 0.037 5.3098 0 0 0 
840000 952 972.719 -89.0 0.03 5.3633 0 0 0 
850000 962 977.709 -89.0 0.025 5.394 0 0 0 
860000 972 981.787 -89.0 0.02 5.3978 0 0 0 
870000 982 985.119 -89.0 0.017 5.4378 0 0 0 
880000 992 987.841 -89.0 0.013 5.4491 0 0 0 
890000 1002 989.393 -90.0 -0.008 5.4517 0 0 0 
900000 1012 991.333 -90.0 -0.007 5.4679 0 0 0 
910000 1022 992.919 -90.0 -0.005 5.4768 0 0 0 
920000 1032 994.214 -90.0 -0.004 5.499 0 0 0 
930000 1043 989.326 -89.0 0.013 5.4764 0 0 0 
940000 1053 991.279 -89.0 0.011 5.4808 0 0 0 
950000 1063 992.874 -89.0 0.009 5.5272 0 0 0 
960000 1073 986.998 -88.0 0.027 5.4984 0 0 0 
970000 1083 989.376 -88.0 0.022 5.5258 0 0 0 
980000 1093 991.32 -88.0 0.018 5.5472 0 0 0 
990000 1103 992.907 -88.0 0.015 5.5619 0 0 0 
