1000 3 16.873 13.0 0.213 0.7859 1 212.0 19.7 0.0578644 0.0257734 
2000 10 34.407 23.0 0.396 1.6283 3 455.0 32.837 0.0209855 0.0191051 
3000 15 49.156 34.0 0.508 2.3884 5 695.0 53.228 0.0140369 0.0134965 
4000 19 66.601 47.0 0.773 3.2802 7 982.0 71.6447 0.0121891 0.0099152 
5000 24 77.015 59.0 0.944 3.8278 8 1457.0 105.1802 0.0095192 0.0096557 
6000 28 89.167 77.0 1.101 4.4741 10 1828.0 117.776 0.0090135 0.0091361 
7000 32 105.113 92.0 1.416 5.2949 11 2339.0 157.1984 0.0098548 0.0101456 
8000 38 111.177 96.0 1.334 5.6067 14 2414.0 130.1096 0.0089505 0.0074876 
9000 41 116.392 121.0 1.453 5.8846 15 2806.0 135.2986 0.009817 0.0106726 
10000 48 127.965 136.0 1.8 6.5016 18 3134.0 144.4317 0.0101457 0.0112573 
11000 52 133.336 165.0 2.024 6.7764 19 3575.0 163.1885 0.0094022 0.0102746 
12000 57 141.627 187.0 2.414 7.1916 21 3961.0 177.7127 0.0074135 0.0062291 
13000 66 137.229 203.0 2.324 6.9944 24 4282.0 158.5446 0.0084186 0.008175 
14000 72 140.885 221.0 2.391 7.1913 26 4616.0 158.5011 0.0076698 0.0075497 
15000 78 142.727 234.0 2.365 7.2786 28 5080.0 173.9159 0.0069841 0.0074298 
16000 86 141.423 240.0 2.123 7.2073 31 5203.0 134.9267 0.0056152 0.0055662 
17000 91 142.573 257.0 2.111 7.2679 33 5498.0 129.9206 0.0061448 0.0061174 
18000 99 144.649 262.0 2.02 7.3881 35 5645.0 120.0657 0.0056719 0.0070486 
19000 105 145.229 280.0 2.007 7.4236 37 6079.0 110.8832 0.0062102 0.0076968 
20000 113 143.322 301.0 2.202 7.3206 40 6432.0 141.0009 0.0055829 0.0049445 
21000 119 142.876 325.0 2.272 7.3125 42 6781.0 138.2407 0.0063514 0.0071769 
22000 126 146.196 340.0 2.4 7.4785 45 7064.0 139.1095 0.0060148 0.0051017 
23000 132 147.256 364.0 2.543 7.5301 47 7423.0 145.4587 0.0057822 0.007646 
24000 137 152.598 389.0 2.8 7.8002 49 7859.0 151.4515 0.0047131 0.0039147 
25000 140 159.591 399.0 2.793 8.175 50 8036.0 150.5064 0.0047921 0.0057277 
26000 144 165.382 410.0 2.769 8.463 51 8217.0 151.6557 0.0040067 0.0042585 
27000 148 176.457 433.0 3.038 9.0427 53 8823.0 194.1211 0.004187 0.0036514 
28000 154 174.599 465.0 3.245 8.9348 55 9383.0 195.2181 0.0027688 0.002959 
29000 160 172.973 490.0 3.372 8.8682 57 9797.0 204.1067 0.0026529 0.0027937 
30000 164 180.302 511.0 3.538 9.2382 58 10208.0 205.896 0.0023192 0.00206 
31000 170 179.91 540.0 3.748 9.2386 60 10722.0 219.7558 0.0016789 0.0014245 
32000 176 175.642 569.0 3.739 9.0026 63 11232.0 205.859 0.001406 0.0017781 
33000 182 175.635 598.0 3.92 9.0188 65 11721.0 219.7258 0.0014333 0.0014882 
34000 188 175.61 626.0 4.042 9.0113 67 12225.0 228.7079 0.0015696 0.0012422 
35000 193 175.698 657.0 4.133 9.018 69 12760.0 236.9834 0.001282 0.0011029 
36000 199 173.985 690.0 4.269 8.9166 71 13295.0 229.3865 0.0010962 0.0012026 
37000 206 172.804 716.0 4.368 8.855 73 13783.0 232.0331 0.0019861 0.0023155 
38000 211 172.207 747.0 4.374 8.8371 75 14318.0 238.6768 0.0011967 0.0009377 
39000 217 172.512 775.0 4.444 8.8486 77 14827.0 244.0582 0.0010146 0.0009925 
40000 224 171.165 805.0 4.561 8.7835 79 15341.0 244.3671 0.0009453 0.0009197 
41000 229 170.713 838.0 4.587 8.7477 81 15911.0 252.1674 0.0009174 0.0010113 
42000 235 171.302 866.0 4.634 8.7978 83 16420.0 254.9856 0.0013282 0.0014876 
43000 241 171.709 892.0 4.675 8.8167 85 16864.0 257.2683 0.0009087 0.0008731 
44000 248 168.906 920.0 4.638 8.6679 88 17363.0 244.4356 0.0008541 0.0014853 
45000 253 170.622 951.0 4.769 8.7455 89 17898.0 246.692 0.0011436 0.000952 
46000 259 171.332 980.0 4.801 8.8011 91 18412.0 250.5506 0.0007712 0.0008695 
47000 264 170.821 1012.0 4.785 8.7599 93 18947.0 253.676 0.0013058 0.001656 
48000 270 172.147 1043.0 4.947 8.8411 95 19482.0 251.9075 0.0010442 0.0015473 
49000 274 177.566 1070.0 4.993 9.1094 97 20138.0 284.5251 0.0018545 0.002352 
50000 280 177.412 1099.0 5.067 9.0995 99 20627.0 284.0953 0.0013472 0.0017879 
51000 286 177.086 1129.0 5.093 9.1003 101 21126.0 280.7472 0.0013735 0.0012346 
52000 292 174.614 1159.0 5.017 8.9637 103 21646.0 272.7252 0.0013222 0.0017925 
53000 298 173.359 1192.0 5.031 8.909 105 22215.0 272.8374 0.0015663 0.00224 
54000 304 171.724 1222.0 4.989 8.8189 107 22729.0 265.9783 0.0013703 0.0018328 
55000 311 171.243 1252.0 5.046 8.7903 109 23257.0 265.9224 0.0015762 0.0017708 
56000 318 166.186 1279.0 4.839 8.5273 112 23671.0 241.0695 0.0012694 0.0011467 
57000 321 175.03 1299.0 4.906 8.9943 113 24008.0 247.6625 0.0016394 0.0012664 
58000 327 173.412 1327.0 4.839 8.896 115 24542.0 247.3866 0.0012988 0.001551 
59000 332 173.801 1346.0 4.794 8.9158 116 24907.0 245.848 0.0010066 0.0011606 
60000 338 175.725 1378.0 4.853 9.0201 119 25437.0 244.0652 0.0010751 0.0011384 
61000 344 174.506 1409.0 4.852 8.9622 121 25951.0 244.4228 0.0018517 0.0017896 
62000 350 174.864 1437.0 4.921 8.9699 123 26470.0 253.5125 0.0009922 0.0006071 
63000 355 176.342 1471.0 5.083 9.054 124 27050.0 259.8612 0.0010082 0.0008188 
64000 362 172.838 1505.0 5.036 8.8722 127 27584.0 249.4758 0.0009184 0.0007255 
65000 367 172.98 1535.0 5.029 8.8833 129 28119.0 254.6054 0.0006969 0.0005141 
66000 374 171.817 1560.0 4.97 8.8285 131 28557.0 247.9604 0.0006131 0.0005609 
67000 379 172.043 1590.0 4.931 8.845 133 29087.0 251.5779 0.0005325 0.0005684 
68000 386 170.879 1620.0 4.975 8.7817 135 29606.0 252.7981 0.0004368 0.0003705 
69000 391 171.773 1651.0 5.013 8.8285 137 30131.0 260.6465 0.0004532 0.0003732 
70000 396 172.361 1677.0 5.068 8.8555 138 30606.0 261.2818 0.0005872 0.0009755 
71000 401 178.635 1706.0 5.175 9.1679 140 31291.0 289.1183 0.0006003 0.0005073 
72000 407 176.835 1740.0 5.194 9.0871 142 31841.0 285.2058 0.0005248 0.0004239 
73000 413 176.711 1767.0 5.171 9.0689 144 32355.0 281.7467 0.0004123 0.0002896 
74000 418 176.43 1797.0 5.133 9.0618 146 32845.0 278.9448 0.0005028 0.0004221 
75000 424 174.533 1824.0 5.014 8.9524 148 33324.0 266.6753 0.0007056 0.0010653 
76000 430 173.012 1859.0 5.084 8.8829 150 33914.0 259.367 0.00081 0.0011591 
77000 436 173.378 1887.0 5.074 8.898 152 34423.0 260.8173 0.000737 0.0006784 
78000 442 173.908 1915.0 5.104 8.9118 154 34877.0 263.092 0.0007287 0.0006638 
79000 448 174.055 1944.0 5.131 8.9448 156 35411.0 265.8345 0.0009869 0.0004783 
80000 453 173.694 1982.0 5.212 8.9138 158 36032.0 263.186 0.0010797 0.0011381 
81000 459 172.72 2012.0 5.185 8.8711 160 36566.0 263.5606 0.0009614 0.0009512 
82000 465 173.047 2040.0 5.182 8.8803 162 37045.0 265.1141 0.0005793 0.0003532 
83000 471 173.448 2069.0 5.197 8.8986 164 37559.0 267.7224 0.0005321 0.0005877 
84000 476 173.009 2104.0 5.234 8.8876 166 38145.0 261.0152 0.0003369 0.0003451 
85000 482 173.335 2133.0 5.226 8.8978 168 38654.0 262.1523 0.0003632 0.0004109 
86000 488 173.667 2161.0 5.218 8.9289 170 39118.0 263.0733 0.0003209 0.0003041 
87000 494 173.906 2188.0 5.192 8.9368 172 39617.0 263.8194 0.0003911 0.0002692 
88000 500 173.391 2220.0 5.231 8.9099 174 40147.0 252.4537 0.000564 0.0005543 
89000 506 172.16 2247.0 5.154 8.83 176 40636.0 250.7175 0.0006705 0.0011064 
90000 512 172.619 2277.0 5.142 8.8719 178 41160.0 252.8112 0.0004522 0.0004917 
91000 518 171.881 2309.0 5.168 8.8133 181 41700.0 254.9664 0.0006405 0.0004478 
92000 523 173.447 2340.0 5.249 8.9113 182 42225.0 256.1697 0.0004975 0.0007179 
93000 529 173.076 2367.0 5.186 8.8935 184 42714.0 257.3275 0.000693 0.0011607 
94000 534 176.191 2392.0 5.167 9.0453 186 43344.0 277.2653 0.0010706 0.001351 
95000 540 174.359 2424.0 5.169 8.9418 189 43849.0 256.0634 0.0007581 0.0005331 
96000 545 175.467 2458.0 5.289 9.0126 190 44409.0 258.157 0.0013243 0.0020888 
97000 551 175.79 2487.0 5.298 9.0236 192 44923.0 261.6372 0.0012131 0.0017882 
98000 558 172.058 2515.0 5.131 8.8347 195 45426.0 258.8205 0.0009918 0.0010483 
99000 563 173.446 2551.0 5.274 8.9001 197 45997.0 259.9246 0.0009696 0.000523 
100000 569 173.73 2580.0 5.256 8.9091 199 46496.0 261.1689 0.0007809 0.0008102 
101000 574 175.036 2610.0 5.329 8.9928 200 47011.0 260.252 0.0006218 0.0005521 
102000 580 173.083 2640.0 5.22 8.881 202 47555.0 260.0342 0.0006404 0.0007009 
103000 586 172.62 2676.0 5.292 8.855 205 48150.0 262.7969 0.000859 0.000547 
104000 590 173.097 2697.0 5.306 8.888 206 48496.0 263.7172 0.0009536 0.001258 
105000 596 178.49 2724.0 5.251 9.1499 208 48965.0 259.1909 0.0004931 0.0003422 
106000 602 178.157 2755.0 5.28 9.1281 210 49499.0 262.2747 0.0004825 0.0005297 
107000 608 177.232 2786.0 5.287 9.0827 212 50034.0 263.7725 0.0005444 0.0002991 
108000 613 179.09 2809.0 5.22 9.1856 214 50409.0 259.6857 0.0007769 0.0007053 
109000 619 177.972 2839.0 5.189 9.1296 216 50933.0 259.9754 0.0005307 0.0004514 
110000 625 176.22 2869.0 5.166 9.046 218 51467.0 261.7601 0.0006016 0.0010564 
111000 631 174.769 2905.0 5.225 8.9594 220 52047.0 255.3057 0.000533 0.0005005 
112000 636 175.003 2937.0 5.22 8.9706 222 52602.0 260.3276 0.0007772 0.0007628 
113000 641 175.32 2962.0 5.274 8.9915 223 53227.0 261.9948 0.0006004 0.0006186 
114000 646 179.152 2990.0 5.245 9.1993 225 53722.0 280.1958 0.0005089 0.0006063 
115000 653 175.924 3019.0 5.173 9.0203 228 54201.0 251.5798 0.000692 0.0005814 
116000 659 175.188 3048.0 5.137 8.9828 230 54690.0 252.4596 0.0006583 0.0005352 
117000 665 175.375 3076.0 5.14 8.9855 232 55214.0 256.1223 0.0004492 0.0004958 
118000 671 173.965 3103.0 5.045 8.919 234 55683.0 253.689 0.0005983 0.0008691 
119000 675 177.647 3123.0 4.944 9.108 236 56215.0 244.3681 0.0008345 0.0006159 
120000 681 177.33 3150.0 4.95 9.0876 238 56689.0 248.6682 0.0014112 0.0010635 
121000 687 175.695 3179.0 4.916 9.0052 240 57198.0 247.7512 0.000728 0.0009426 
122000 693 175.619 3207.0 4.925 9.0005 242 57702.0 251.4085 0.0004366 0.0002812 
123000 698 175.564 3242.0 5.011 8.999 244 58303.0 250.0709 0.0002735 0.0003506 
124000 704 175.524 3270.0 5.009 8.9967 246 58797.0 253.2874 0.0003277 0.0004567 
125000 710 175.218 3299.0 5.047 8.9751 248 59301.0 256.8928 0.0005163 0.0004881 
126000 715 175.73 3329.0 5.043 8.9996 250 59831.0 262.3632 0.0006476 0.0008286 
127000 721 173.886 3366.0 5.15 8.9178 252 60416.0 254.4442 0.0008586 0.0007249 
128000 727 174.056 3395.0 5.15 8.9152 254 60935.0 257.7298 0.0007249 0.0006749 
129000 732 177.898 3418.0 5.173 9.1318 256 61330.0 263.4911 0.0014489 0.0012144 
130000 738 176.681 3445.0 5.088 9.0502 258 61769.0 254.4078 0.0008051 0.0006734 
131000 744 175.344 3476.0 5.152 8.9917 260 62279.0 238.7503 0.0004578 0.0006566 
132000 747 179.028 3496.0 5.163 9.1929 261 63001.0 261.5753 0.0008199 0.0011839 
133000 754 178.104 3528.0 5.008 9.1328 264 63514.0 265.0954 0.0009967 0.0015691 
134000 759 179.83 3546.0 5.005 9.2271 265 63829.0 262.2858 0.0013568 0.001902 
135000 764 183.263 3576.0 5.064 9.3915 267 64355.0 252.3815 0.00126 0.0018319 
136000 768 187.21 3603.0 5.1 9.6174 269 64816.0 264.959 0.0009448 0.0012261 
137000 775 183.957 3630.0 5.062 9.4479 271 65274.0 257.1468 0.0004412 0.000558 
138000 778 183.714 3651.0 5.057 9.4319 272 65796.0 260.1321 0.0005931 0.0008582 
139000 784 189.106 3681.0 5.138 9.7078 275 66301.0 264.1333 0.0006472 0.0015071 
140000 790 186.178 3711.0 5.115 9.5636 277 66805.0 261.628 0.0007763 0.000821 
141000 796 184.008 3741.0 5.098 9.4292 279 67344.0 263.3487 0.0006142 0.0003557 
142000 801 184.284 3775.0 5.262 9.458 280 67929.0 268.7138 0.0004387 0.0004298 
143000 807 181.696 3809.0 5.256 9.3056 282 68494.0 267.3882 0.0015395 0.0012046 
144000 811 187.413 3837.0 5.366 9.5965 284 69005.0 287.8144 0.0007667 0.0006421 
145000 817 184.897 3871.0 5.38 9.4793 286 69589.0 287.0597 0.0003934 0.0005838 
146000 824 182.068 3901.0 5.361 9.335 288 70122.0 280.2483 0.0003371 0.0005274 
147000 830 179.053 3928.0 5.222 9.1717 291 70577.0 254.698 0.0005924 0.000492 
148000 836 177.188 3961.0 5.234 9.0849 293 71121.0 257.7354 0.0006835 0.0006347 
149000 842 177.236 3984.0 5.127 9.0761 295 71575.0 253.4457 0.0010461 0.0008983 
150000 846 180.493 4016.0 5.214 9.2489 296 72091.0 257.3011 0.0012532 0.0015188 
151000 853 176.345 4041.0 5.071 9.0053 299 72510.0 241.9895 0.0014202 0.0011942 
152000 858 176.163 4070.0 5.121 8.9506 300 73005.0 242.9906 0.0006888 0.0007505 
153000 863 179.168 4101.0 5.127 9.0456 302 73545.0 250.9524 0.0007485 0.0009149 
154000 870 175.855 4125.0 5.072 8.8365 304 73988.0 250.2014 0.0007003 0.0007838 
155000 875 173.035 4150.0 4.991 8.668 306 74419.0 236.2931 0.0008633 0.0012759 
156000 877 183.934 4163.0 5.051 9.1697 307 74642.0 247.3638 0.0013327 0.0011354 
157000 883 190.397 4197.0 5.195 9.4271 309 75231.0 258.8947 0.0007194 0.0003919 
158000 888 188.942 4229.0 5.211 9.3266 311 75786.0 267.8847 0.0010591 0.0014399 
159000 894 186.968 4264.0 5.314 9.1967 313 76361.0 264.0966 0.0009395 0.0012686 
160000 899 190.109 4280.0 5.168 9.3081 315 76671.0 255.8483 0.0009687 0.0013254 
161000 903 194.132 4305.0 5.231 9.49 316 77112.0 262.4634 0.0008589 0.0007551 
162000 907 192.433 4333.0 5.214 9.3809 317 77578.0 260.9171 0.0015661 0.0017504 
163000 911 196.853 4351.0 5.271 9.5807 319 77860.0 252.4728 0.0014636 0.0011228 
164000 916 203.526 4381.0 5.402 9.894 321 78560.0 277.883 0.00101 0.0010688 
165000 921 200.388 4418.0 5.441 9.7104 323 79190.0 285.1652 0.001461 0.0019055 
166000 926 202.324 4441.0 5.511 9.7912 324 79795.0 311.8487 0.00109 0.0012266 
167000 931 202.61 4470.0 5.526 9.7904 327 80291.0 288.3347 0.0013666 0.0018041 
168000 936 198.599 4494.0 5.454 9.5758 328 80726.0 284.2012 0.0018398 0.0022719 
169000 942 194.981 4517.0 5.137 9.3804 330 81170.0 262.383 0.0018261 0.0022238 
170000 947 197.109 4545.0 5.234 9.4771 332 81635.0 273.1602 0.0017623 0.0023727 
171000 951 200.479 4574.0 5.333 9.6192 334 82302.0 286.1698 0.0021381 0.0023204 
172000 957 195.762 4604.0 5.267 9.3904 336 82816.0 277.3775 0.0016769 0.0022316 
173000 963 196.356 4630.0 5.331 9.4031 338 83280.0 282.8558 0.002032 0.0020959 
174000 968 195.289 4662.0 5.396 9.3435 339 83950.0 307.2702 0.0021862 0.0019482 
175000 973 193.645 4688.0 5.304 9.2682 341 84331.0 284.2089 0.0021677 0.0024879 
176000 978 195.494 4715.0 5.29 9.3733 343 84776.0 280.7892 0.0021059 0.0023469 
177000 982 194.798 4741.0 5.225 9.3232 344 85172.0 274.9103 0.0021641 0.0025723 
178000 986 203.83 4760.0 5.392 9.7607 345 85478.0 290.1192 0.0024416 0.0024658 
179000 991 204.125 4783.0 5.3 9.7759 348 85819.0 251.4789 0.0021674 0.0025274 
180000 994 211.5 4808.0 5.498 10.1318 349 86451.0 289.031 0.0023867 0.00244 
181000 999 211.575 4830.0 5.463 10.154 350 86806.0 294.3279 0.0020931 0.0024019 
182000 1004 210.962 4856.0 5.439 10.1689 352 87241.0 279.7356 0.0027391 0.002312 
183000 1009 209.209 4887.0 5.481 10.1544 354 87677.0 254.5459 0.0019143 0.002513 
184000 1013 210.671 4913.0 5.486 10.2814 355 88138.0 254.7913 0.0019865 0.0027834 
185000 1015 222.295 4943.0 5.986 10.8826 356 88691.0 282.0121 0.0021111 0.0021452 
186000 1018 231.191 4969.0 6.143 11.3561 357 89128.0 325.5109 0.0018777 0.001728 
187000 1023 226.212 4995.0 6.018 11.1629 359 89499.0 305.1739 0.0019333 0.0020624 
188000 1029 221.179 5017.0 5.786 10.9289 361 89873.0 285.1708 0.0017865 0.00236 
189000 1031 217.667 5045.0 5.676 10.7653 362 90286.0 273.8537 0.0022172 0.002974 
190000 1037 225.183 5059.0 5.693 11.2002 364 90541.0 273.8515 0.002173 0.001292 
191000 1040 229.949 5081.0 5.735 11.4646 365 90928.0 280.1664 0.0021755 0.0027303 
192000 1046 223.612 5101.0 5.482 11.1575 367 91207.0 257.6648 0.0017664 0.0016136 
193000 1050 226.788 5133.0 5.7 11.3201 368 91753.0 278.5983 0.0022835 0.0023447 
194000 1054 228.0 5164.0 5.863 11.429 370 92220.0 278.5946 0.0018794 0.0008904 
195000 1060 221.527 5183.0 5.563 11.1088 372 92509.0 252.8916 0.0019257 0.0022132 
196000 1064 222.273 5211.0 5.674 11.1511 373 92895.0 258.3025 0.0018711 0.0016661 
197000 1065 232.068 5248.0 5.881 11.6874 374 93649.0 290.2722 0.0019594 0.0022143 
198000 1070 234.327 5270.0 6.049 11.8066 376 94245.0 312.8505 0.0018469 0.0007733 
199000 1073 241.09 5296.0 6.279 12.1461 377 94762.0 335.7655 0.0018544 0.0015079 
200000 1076 240.107 5335.0 6.339 12.1106 378 95304.0 336.3889 0.0019226 0.0024842 
201000 1081 241.083 5359.0 6.502 12.1743 379 95779.0 357.45 0.0017933 0.0018615 
202000 1086 236.57 5390.0 6.364 11.9574 382 96170.0 301.7481 0.0014508 0.00087 
203000 1088 247.483 5417.0 6.762 12.5296 382 96708.0 301.7481 0.0017921 0.0020625 
204000 1092 246.715 5446.0 6.641 12.4803 384 97119.0 333.3459 0.0018973 0.0019765 
205000 1095 249.278 5477.0 6.779 12.6135 385 97651.0 347.7113 0.0018963 0.0021041 
206000 1099 251.42 5515.0 7.038 12.75 387 98428.0 355.3262 0.0016835 0.0010592 
207000 1102 253.818 5547.0 7.207 12.8748 388 99015.0 374.4936 0.0017024 0.0013467 
208000 1107 252.918 5567.0 7.091 12.8115 389 99345.0 350.2442 0.0018738 0.0020581 
209000 1110 257.339 5596.0 7.244 13.0601 391 99837.0 360.1778 0.0021819 0.0016669 
210000 1113 259.755 5632.0 7.405 13.1866 392 100435.0 377.96 0.0013814 0.0013663 
211000 1117 260.843 5656.0 7.398 13.2418 393 100846.0 383.864 0.0017296 0.0022289 
212000 1119 261.87 5689.0 7.424 13.2859 394 101339.0 377.6776 0.0018134 0.0019905 
213000 1122 275.062 5703.0 7.606 13.9579 395 101726.0 399.6099 0.0019375 0.002128 
214000 1126 269.734 5733.0 7.423 13.7014 397 102093.0 350.214 0.001554 0.0016805 
215000 1130 269.124 5760.0 7.505 13.6783 398 102529.0 352.8926 0.0018703 0.0021061 
216000 1133 275.243 5781.0 7.51 14.0007 399 102976.0 368.8033 0.0018142 0.0017733 
217000 1136 271.916 5812.0 7.401 13.8304 400 103453.0 361.623 0.0020792 0.0017096 
218000 1139 278.282 5845.0 7.656 14.1511 402 103881.0 347.3446 0.0014247 0.0013246 
219000 1143 279.97 5872.0 7.812 14.2484 403 104397.0 359.8102 0.0016473 0.0015082 
220000 1147 276.354 5902.0 7.731 14.0778 404 104953.0 368.0291 0.0017541 0.0018337 
221000 1151 275.539 5927.0 7.671 14.0184 406 105369.0 362.7836 0.0017124 0.0017326 
222000 1154 276.384 5958.0 7.682 14.0727 407 106041.0 386.7052 0.0014819 0.0016455 
223000 1156 283.428 5977.0 7.873 14.4393 407 106394.0 386.7052 0.001534 0.0018098 
224000 1158 287.477 6009.0 7.961 14.6379 408 106962.0 390.2347 0.0014721 0.0016222 
225000 1164 276.364 6039.0 7.658 14.0639 410 107396.0 382.0201 0.001575 0.0018093 
226000 1167 280.14 6068.0 7.757 14.2684 412 107804.0 361.2663 0.0012852 0.0015587 
227000 1171 280.854 6088.0 7.748 14.2998 413 108170.0 364.8397 0.0014618 0.0015223 
228000 1173 286.942 6116.0 7.853 14.6048 414 108663.0 380.0557 0.0014561 0.0015866 
229000 1176 291.214 6145.0 7.976 14.8087 415 109205.0 396.7501 0.0014043 0.0014086 
230000 1181 283.887 6178.0 7.956 14.4737 417 109711.0 366.8476 0.0013948 0.0014564 
231000 1183 290.326 6212.0 8.121 14.7892 418 110299.0 387.3628 0.0013017 0.0011054 
232000 1185 294.585 6237.0 8.275 14.9944 418 110867.0 387.3628 0.0013349 0.0014727 
233000 1186 306.253 6281.0 8.749 15.5926 419 111461.0 442.3266 0.0015346 0.0019283 
234000 1188 317.872 6323.0 9.369 16.1879 421 112225.0 441.7445 0.0011297 0.0012251 
235000 1191 321.36 6349.0 9.435 16.3508 422 112757.0 457.2701 0.0013043 0.001691 
236000 1196 308.921 6374.0 9.111 15.7322 423 113167.0 444.7431 0.0014253 0.0017596 
237000 1200 305.401 6404.0 8.946 15.5573 425 113678.0 420.4219 0.0013929 0.0015037 
238000 1201 315.193 6442.0 9.387 16.0479 426 114253.0 428.3797 0.0011867 0.001531 
239000 1204 322.192 6472.0 9.689 16.4157 427 114830.0 457.7417 0.0012532 0.0013584 
240000 1207 321.429 6506.0 9.722 16.3923 428 115412.0 468.6675 0.001339 0.0014804 
241000 1209 323.916 6535.0 9.809 16.5108 428 115970.0 468.6675 0.001383 0.0013445 
242000 1213 322.657 6572.0 9.922 16.4399 430 116537.0 472.7007 0.0011202 0.0016573 
243000 1215 326.668 6601.0 9.901 16.6282 431 117050.0 482.6306 0.0012648 0.0012388 
244000 1216 336.854 6632.0 10.263 17.1764 431 117634.0 482.6306 0.0012539 0.0015072 
245000 1218 344.389 6662.0 10.527 17.5469 432 118027.0 519.1676 0.0010828 0.0009817 
246000 1220 349.607 6691.0 10.541 17.812 433 118571.0 524.0508 0.001045 0.0015146 
247000 1223 353.578 6712.0 10.525 18.02 434 119003.0 528.3457 0.0011014 0.0014779 
248000 1226 353.544 6738.0 10.506 18.0246 435 119520.0 532.7112 0.0013225 0.0015311 
249000 1227 363.313 6781.0 10.976 18.4982 436 120374.0 556.34 0.001225 0.0012894 
250000 1229 365.151 6822.0 11.113 18.6061 438 121138.0 487.7954 0.0012709 0.0017959 
251000 1233 362.419 6855.0 11.289 18.4674 439 121964.0 517.3159 0.0011916 0.0040567 
252000 1234 364.051 6885.0 11.163 18.5605 440 122473.0 526.2843 0.0013497 0.0016488 
253000 1236 372.386 6917.0 11.487 18.9802 441 123051.0 534.5559 0.0012501 0.0015032 
254000 1240 369.178 6950.0 11.544 18.8225 443 123573.0 502.5203 0.0009762 0.0015362 
255000 1243 369.192 6980.0 11.52 18.8175 444 124070.0 481.9682 0.0011585 0.0013269 
256000 1247 351.56 7014.0 10.916 17.9058 445 124911.0 490.4714 0.0011526 0.0013962 
257000 1249 363.038 7045.0 11.354 18.5077 446 125449.0 521.1243 0.0010456 0.0016098 
258000 1252 356.314 7075.0 11.057 18.1699 448 125927.0 479.3907 0.0018219 0.0022789 
259000 1254 364.815 7107.0 11.266 18.5912 449 126475.0 491.2516 0.0012324 0.0016805 
260000 1257 366.056 7126.0 11.223 18.6411 450 126927.0 501.8264 0.0011512 0.0013269 
261000 1260 360.909 7163.0 11.106 18.4139 451 127694.0 518.3438 0.0011457 0.0011737 
262000 1264 352.427 7194.0 10.963 17.9573 452 128221.0 511.8094 0.0010456 0.0016155 
263000 1267 355.427 7221.0 10.973 18.1133 453 128873.0 484.3285 0.0011545 0.0014538 
264000 1269 346.165 7252.0 10.558 17.6405 454 129571.0 502.0956 0.0013324 0.001651 
265000 1272 346.746 7273.0 10.494 17.6716 455 129943.0 521.5861 0.001297 0.0015668 
266000 1275 350.891 7302.0 10.457 17.8792 457 130556.0 466.0547 0.0014463 0.0016026 
267000 1277 358.037 7336.0 10.77 18.2193 457 131209.0 466.0547 0.0011163 0.0017345 
268000 1278 360.896 7370.0 10.934 18.3641 458 131803.0 533.6492 0.0011681 0.0015756 
269000 1279 374.938 7403.0 11.395 19.1224 459 132372.0 540.6843 0.0012249 0.0016637 
270000 1283 371.802 7436.0 11.433 18.9361 461 132844.0 507.8343 0.001019 0.0015242 
271000 1285 383.964 7458.0 11.647 19.5519 462 133457.0 536.8509 0.0010147 0.001274 
272000 1287 390.088 7487.0 11.837 19.8665 462 134045.0 536.8509 0.0010992 0.0012921 
273000 1288 395.547 7518.0 12.0 20.1599 463 134544.0 579.8658 0.0010322 0.0012804 
274000 1291 389.147 7551.0 11.796 19.8099 464 135087.0 565.6792 0.0009185 0.0014621 
275000 1293 390.197 7579.0 11.799 19.8939 465 135565.0 550.4113 0.000886 0.0010119 
276000 1294 405.053 7609.0 12.243 20.6448 466 136089.0 555.7702 0.0010013 0.0011561 
277000 1297 405.946 7638.0 12.203 20.6809 467 136791.0 583.3931 0.0010206 0.0011715 
278000 1298 412.847 7675.0 12.519 21.0458 468 137571.0 585.0538 0.0010518 0.0015453 
279000 1299 422.67 7708.0 12.949 21.5397 468 138535.0 585.0538 0.0016236 0.0021706 
280000 1303 410.885 7734.0 12.555 20.9059 469 139206.0 657.2484 0.0014978 0.0017614 
281000 1306 412.19 7766.0 12.672 20.9535 470 139763.0 663.2236 0.0012997 0.0013514 
282000 1309 407.01 7809.0 12.636 20.711 472 140401.0 606.6911 0.0011721 0.0016185 
283000 1311 403.258 7839.0 12.449 20.5111 473 141104.0 617.722 0.0012282 0.0017067 
284000 1314 400.294 7869.0 12.275 20.3383 474 141836.0 608.6498 0.0014069 0.0017252 
285000 1317 403.738 7892.0 12.452 20.5315 475 142213.0 614.0848 0.0012432 0.0014559 
286000 1320 400.958 7921.0 12.312 20.3735 476 142886.0 618.4763 0.0012408 0.0019521 
287000 1323 389.636 7952.0 11.967 19.7971 477 143443.0 587.3287 0.0012792 0.0014336 
288000 1328 379.153 7978.0 11.565 19.2677 479 144113.0 589.6163 0.0011544 0.0013537 
289000 1331 372.954 8014.0 11.352 18.9721 480 144625.0 568.8546 0.0012168 0.0015377 
290000 1332 378.415 8059.0 11.745 19.246 481 145370.0 561.9692 0.0011575 0.0015464 
291000 1334 383.734 8086.0 11.927 19.5104 482 145933.0 566.0722 0.0016465 0.0019131 
292000 1337 382.455 8117.0 11.783 19.4526 483 146590.0 563.665 0.0013498 0.0015603 
293000 1338 392.186 8150.0 12.127 19.9518 484 147174.0 571.1985 0.0012185 0.0013227 
294000 1342 380.541 8186.0 11.912 19.3561 486 147921.0 516.7508 0.0010004 0.001432 
295000 1343 391.09 8220.0 12.313 19.8793 487 148485.0 537.4757 0.0010389 0.0016133 
296000 1345 407.722 8255.0 13.002 20.7651 487 149128.0 537.4757 0.0011133 0.0012635 
297000 1347 411.817 8286.0 13.127 20.9605 488 149671.0 586.9281 0.0011216 0.0012408 
298000 1349 404.096 8323.0 12.847 20.5553 490 150200.0 541.2318 0.0011771 0.0014088 
299000 1353 402.524 8347.0 12.801 20.4881 491 150621.0 529.8086 0.0010342 0.0015472 
300000 1354 414.054 8379.0 13.185 21.0906 491 151205.0 529.8086 0.0010671 0.0016207 
301000 1355 413.392 8419.0 13.121 21.0521 492 151929.0 595.5278 0.0012196 0.00118 
302000 1358 410.095 8454.0 13.004 20.8654 494 152557.0 536.6975 0.0019792 0.0018399 
303000 1360 423.177 8484.0 13.577 21.5503 495 153035.0 575.3277 0.001232 0.001342 
304000 1361 429.174 8513.0 13.906 21.8381 495 153784.0 575.3277 0.0010492 0.0013951 
305000 1361 429.174 8547.0 13.906 21.8381 495 154359.0 575.3277 0.0010129 0.0013713 
306000 1362 456.41 8584.0 14.688 23.1867 496 154859.0 674.695 0.001019 0.0012876 
307000 1365 457.662 8614.0 14.757 23.2861 497 155801.0 685.5255 0.0010786 0.0014271 
308000 1368 452.308 8641.0 14.499 22.9918 498 156298.0 683.6729 0.0011764 0.0013631 
309000 1370 443.085 8669.0 14.024 22.5294 499 156766.0 649.6056 0.001171 0.0012575 
310000 1374 436.429 8712.0 14.161 22.1812 501 157393.0 582.7106 0.0010693 0.0013658 
311000 1375 439.28 8742.0 14.058 22.3594 502 158067.0 602.2395 0.0011346 0.0013962 
312000 1376 451.415 8777.0 14.417 22.9673 502 158721.0 602.2395 0.0010558 0.0012357 
313000 1379 452.011 8807.0 14.684 22.9861 503 159273.0 657.2156 0.0010773 0.0012567 
314000 1382 435.809 8845.0 14.02 22.1687 505 159856.0 580.5746 0.0010926 0.0013175 
315000 1383 441.353 8882.0 14.359 22.4517 505 160715.0 580.5746 0.0011492 0.0011796 
316000 1386 450.538 8917.0 14.776 22.9197 507 161492.0 660.7854 0.001106 0.0011545 
317000 1389 442.772 8948.0 14.406 22.5281 508 162339.0 675.4069 0.0011153 0.0010873 
318000 1391 446.697 8979.0 14.628 22.7333 509 163008.0 631.3662 0.0010978 0.0012422 
319000 1394 439.8 9005.0 14.225 22.3818 510 163425.0 627.4296 0.001053 0.0011555 
320000 1395 440.184 9038.0 14.161 22.4031 511 164174.0 635.9866 0.0010507 0.0010706 
321000 1397 449.223 9069.0 14.609 22.8564 512 164912.0 635.288 0.0009992 0.0009932 
322000 1401 432.871 9111.0 14.171 22.0541 514 165549.0 581.0532 0.0010177 0.001193 
323000 1402 431.173 9142.0 14.108 21.9492 515 166068.0 563.6479 0.0010653 0.0013343 
324000 1402 431.173 9177.0 14.108 21.9492 515 166673.0 563.6479 0.0010082 0.0009896 
325000 1405 462.99 9207.0 15.156 23.562 517 167220.0 612.5148 0.0009578 0.0009268 
326000 1408 451.472 9251.0 14.954 22.9983 518 167828.0 570.6633 0.000936 0.0011674 
327000 1410 457.066 9277.0 15.018 23.2633 519 168231.0 559.397 0.0010341 0.0008916 
328000 1412 443.734 9317.0 14.562 22.5874 520 169014.0 557.6573 0.0008869 0.000927 
329000 1414 453.834 9359.0 15.103 23.1168 521 170007.0 618.6916 0.0009152 0.0010891 
330000 1416 458.157 9399.0 15.473 23.3368 522 170716.0 621.3224 0.001073 0.0013779 
331000 1417 457.214 9431.0 15.403 23.2752 522 171275.0 621.3224 0.0011507 0.0013747 
332000 1418 468.53 9464.0 15.695 23.8455 523 171844.0 663.8902 0.001068 0.0009962 
333000 1419 494.279 9501.0 16.761 25.1829 524 172653.0 734.4012 0.0009884 0.0011222 
334000 1420 492.134 9547.0 16.806 25.0706 525 173518.0 686.461 0.0015436 0.00133 
335000 1424 480.666 9576.0 16.468 24.4502 526 174404.0 684.5149 0.000973 0.0010157 
336000 1425 480.212 9607.0 16.338 24.4397 527 174918.0 707.8634 0.0009804 0.0010778 
337000 1427 481.203 9637.0 16.279 24.503 528 175446.0 688.8771 0.0008942 0.0012108 
338000 1429 484.195 9678.0 16.503 24.6428 530 176030.0 616.1504 0.0009836 0.0012882 
339000 1432 479.222 9706.0 16.148 24.3637 531 176507.0 614.2354 0.0009151 0.0010452 
340000 1434 485.628 9739.0 16.415 24.7055 532 177080.0 607.2119 0.0008829 0.0009803 
341000 1434 485.628 9774.0 16.415 24.7055 532 177710.0 607.2119 0.000877 0.0011288 
342000 1436 509.402 9806.0 17.265 25.8855 533 178259.0 652.8907 0.0010094 0.0013022 
343000 1437 499.694 9849.0 16.9 25.3864 534 178948.0 629.9016 0.0009386 0.0010843 
344000 1438 523.08 9891.0 17.902 26.6166 535 179647.0 682.3114 0.0009081 0.0008784 
345000 1439 526.659 9933.0 18.184 26.7834 536 180411.0 668.4803 0.0008703 0.0008247 
346000 1441 523.698 9977.0 18.272 26.619 538 181065.0 596.029 0.0009857 0.001097 
347000 1445 514.555 10011.0 18.064 26.1807 540 181681.0 588.6535 0.0008528 0.0009736 
348000 1447 511.746 10052.0 17.976 26.0233 541 182514.0 604.0882 0.0008506 0.0010207 
349000 1450 497.678 10087.0 17.509 25.2946 542 183351.0 598.3794 0.0008683 0.000865 
350000 1452 490.522 10121.0 17.169 24.944 543 183950.0 582.4414 0.0011828 0.0010736 
351000 1454 502.706 10154.0 17.75 25.5678 543 184548.0 582.4414 0.0009627 0.0006844 
352000 1457 493.724 10187.0 17.373 25.0967 544 185175.0 639.3973 0.0008301 0.0007631 
353000 1458 501.21 10232.0 17.705 25.5003 545 185859.0 695.1576 0.0007635 0.0007533 
354000 1460 495.796 10273.0 17.734 25.2179 546 186558.0 665.6418 0.0009447 0.001021 
355000 1462 503.587 10306.0 17.925 25.6038 548 187081.0 625.9899 0.0009118 0.0007234 
356000 1463 510.975 10347.0 18.286 25.9809 548 187975.0 625.9899 0.0008428 0.00088 
357000 1464 519.275 10387.0 18.621 26.4143 549 188874.0 727.1909 0.0008765 0.0009592 
358000 1466 522.654 10426.0 18.815 26.5835 550 189523.0 685.4718 0.0009684 0.0010112 
359000 1468 523.124 10454.0 18.747 26.5895 551 189991.0 674.2246 0.0009638 0.0009192 
360000 1470 522.673 10490.0 18.723 26.5864 552 190664.0 661.1021 0.0008903 0.0007577 
361000 1471 523.14 10527.0 18.768 26.6087 552 191353.0 661.1021 0.0009279 0.0007958 
362000 1474 514.911 10567.0 18.528 26.1776 554 191981.0 658.8727 0.0009665 0.0010136 
363000 1477 507.53 10607.0 18.266 25.7857 556 192613.0 633.2569 0.0010456 0.0008421 
364000 1479 507.531 10631.0 18.052 25.8094 557 193016.0 611.7312 0.0010306 0.0006355 
365000 1481 505.13 10669.0 17.965 25.6813 558 193674.0 607.3581 0.0008585 0.0008588 
366000 1482 504.127 10709.0 18.086 25.6363 559 194299.0 579.1223 0.0010437 0.0011697 
367000 1485 508.552 10745.0 18.303 25.8813 561 195011.0 581.0491 0.0011191 0.0010385 
368000 1486 516.181 10785.0 18.577 26.2687 562 195630.0 577.3442 0.0008389 0.0006792 
369000 1488 512.171 10828.0 18.468 26.0453 563 196368.0 576.9097 0.000805 0.0007669 
370000 1490 515.045 10866.0 18.806 26.1788 564 197007.0 556.2188 0.000955 0.0009471 
371000 1493 506.461 10898.0 18.384 25.7753 566 197609.0 555.6572 0.0008712 0.0007487 
372000 1493 506.461 10943.0 18.384 25.7753 566 198504.0 555.6572 0.0008243 0.000909 
373000 1494 526.631 10983.0 19.236 26.786 567 199303.0 635.9915 0.0009335 0.0010768 
374000 1496 533.413 11020.0 19.582 27.1477 569 199877.0 597.4531 0.0009173 0.0009599 
375000 1497 533.524 11048.0 19.651 27.1508 569 200411.0 597.4531 0.0009596 0.0008482 
376000 1499 525.99 11075.0 19.049 26.75 570 201044.0 597.4078 0.0007886 0.0006733 
377000 1502 530.254 11111.0 19.155 26.945 572 201721.0 605.3103 0.0007513 0.0006298 
378000 1503 524.989 11157.0 19.112 26.6857 573 202416.0 567.2793 0.0009144 0.0010505 
379000 1505 527.818 11185.0 18.982 26.8421 574 202889.0 567.8513 0.0010144 0.0009703 
380000 1507 534.305 11219.0 19.279 27.159 575 203677.0 577.9662 0.001049 0.0011273 
381000 1509 533.545 11260.0 19.211 27.1313 576 204355.0 625.3696 0.0009582 0.0012159 
382000 1511 519.65 11298.0 18.784 26.4317 577 205014.0 583.7326 0.001003 0.0008492 
383000 1514 521.189 11339.0 18.934 26.4651 579 205681.0 580.3434 0.0010083 0.0008514 
384000 1517 509.865 11373.0 18.462 25.8951 580 206488.0 602.0091 0.0008286 0.0009116 
385000 1519 511.021 11407.0 18.577 25.9755 581 207321.0 619.2082 0.0009041 0.0009816 
386000 1522 500.77 11441.0 18.148 25.4423 583 208004.0 582.7686 0.0012043 0.0009046 
387000 1523 506.875 11485.0 18.445 25.7408 584 209048.0 615.8918 0.0008991 0.0007427 
388000 1524 517.177 11517.0 18.656 26.2911 585 209577.0 600.2026 0.0008013 0.0008399 
389000 1525 525.974 11550.0 19.063 26.7264 585 210186.0 600.2026 0.0009261 0.0011346 
390000 1528 512.625 11588.0 18.61 26.039 586 210859.0 632.9823 0.0009831 0.0009974 
391000 1529 523.753 11628.0 18.978 26.6325 587 211423.0 662.9841 0.0008905 0.0009229 
392000 1531 520.637 11665.0 18.834 26.4892 588 212266.0 668.4857 0.000873 0.0008913 
393000 1532 525.824 11702.0 19.097 26.737 589 213095.0 673.0371 0.0007736 0.0007978 
394000 1534 537.594 11736.0 19.589 27.3362 591 213689.0 643.9601 0.0010734 0.0009804 
395000 1537 524.464 11767.0 19.008 26.6634 592 214386.0 648.2641 0.0010235 0.0007579 
396000 1538 535.255 11806.0 19.448 27.1994 592 215245.0 648.2641 0.0009403 0.0009636 
397000 1539 533.45 11846.0 19.319 27.1189 593 216044.0 711.2377 0.0009031 0.0009871 
398000 1542 532.583 11880.0 19.381 27.103 594 216662.0 684.0139 0.0009661 0.0007898 
399000 1544 524.467 11926.0 19.074 26.679 596 217510.0 660.0712 0.0008813 0.0008588 
400000 1547 511.959 11953.0 18.475 26.0314 597 217977.0 640.7641 0.0007555 0.0008045 
401000 1548 519.799 11987.0 18.745 26.4234 598 218561.0 631.0877 0.0008043 0.0010564 
402000 1550 519.829 12018.0 18.932 26.4379 599 219065.0 608.4789 0.0011681 0.0009729 
403000 1552 510.659 12053.0 18.378 25.9729 600 219708.0 598.831 0.0008852 0.000875 
404000 1555 513.812 12096.0 18.661 26.1304 602 220575.0 597.6631 0.00076 0.0007788 
405000 1557 515.91 12136.0 18.854 26.2435 603 221278.0 589.6968 0.0007894 0.0011017 
406000 1559 506.585 12170.0 18.426 25.7758 604 221877.0 585.1271 0.0009372 0.0007323 
407000 1561 514.377 12210.0 18.768 26.1709 606 222925.0 619.923 0.0008398 0.0005462 
408000 1562 519.09 12247.0 19.013 26.3971 606 223579.0 619.923 0.0007518 0.0010059 
409000 1564 523.922 12281.0 19.11 26.6222 607 224202.0 687.6307 0.0008224 0.0010665 
410000 1568 503.427 12322.0 18.428 25.5974 609 225039.0 639.9309 0.0009047 0.0007956 
411000 1569 509.698 12365.0 18.7 25.9233 610 225708.0 630.8378 0.0008868 0.0007424 
412000 1570 515.484 12408.0 18.986 26.2062 611 226597.0 642.154 0.0007574 0.0007911 
413000 1571 522.995 12450.0 19.286 26.5736 612 227546.0 637.8386 0.0007844 0.0010589 
414000 1572 524.915 12484.0 19.54 26.6751 613 228291.0 661.0547 0.0009651 0.0006981 
415000 1576 519.231 12516.0 19.207 26.3978 615 228892.0 638.6143 0.0009358 0.0009081 
416000 1576 519.231 12548.0 19.207 26.3978 615 229607.0 638.6143 0.0009654 0.0011068 
417000 1578 535.471 12593.0 19.773 27.2197 617 230680.0 679.0876 0.0011147 0.000738 
418000 1581 527.341 12627.0 19.492 26.817 619 231293.0 618.761 0.0010542 0.0010617 
419000 1582 532.775 12669.0 19.722 27.0828 620 231912.0 608.2849 0.0009547 0.0009831 
420000 1583 539.659 12712.0 20.008 27.4223 621 232666.0 607.3564 0.0008382 0.0009663 
421000 1587 520.322 12733.0 19.123 26.4506 622 233047.0 592.3207 0.0008566 0.0009802 
422000 1590 511.587 12766.0 18.748 26.0126 624 233785.0 569.5398 0.0009869 0.0008217 
423000 1592 510.827 12797.0 18.641 25.9697 624 234353.0 569.5398 0.0010147 0.0008089 
424000 1594 510.584 12829.0 18.523 25.9761 626 234906.0 567.7072 0.0010071 0.0006375 
425000 1597 499.618 12861.0 18.012 25.4061 627 235458.0 565.1365 0.0009491 0.0008441 
426000 1600 489.12 12897.0 17.676 24.8707 628 236061.0 516.1229 0.0010926 0.0010623 
427000 1601 482.698 12928.0 17.342 24.5384 629 236745.0 518.7106 0.0010187 0.0008007 
428000 1603 497.599 12966.0 17.755 25.3358 630 237543.0 600.1395 0.0010025 0.0008971 
429000 1605 498.393 13007.0 17.999 25.3708 631 238266.0 594.5256 0.0008584 0.0010317 
430000 1607 501.235 13044.0 18.143 25.5023 633 238930.0 576.4757 0.0009633 0.0006506 
431000 1608 508.931 13085.0 18.4 25.8786 634 239544.0 570.7281 0.0008335 0.0008443 
432000 1609 514.672 13123.0 18.692 26.2084 635 240218.0 571.0553 0.0009331 0.0012219 
433000 1611 515.72 13157.0 18.601 26.2367 636 240841.0 573.7498 0.0009076 0.0010494 
434000 1613 518.898 13187.0 18.796 26.3819 637 241340.0 546.8748 0.0010331 0.0009859 
435000 1617 499.355 13225.0 18.087 25.4296 639 241916.0 527.8986 0.0010171 0.0009701 
436000 1618 499.968 13255.0 18.086 25.4596 639 242500.0 527.8986 0.0009631 0.0008392 
437000 1620 502.521 13290.0 18.141 25.5812 640 243443.0 578.3087 0.0009631 0.0009783 
438000 1625 479.987 13321.0 17.143 24.4218 642 244039.0 581.7001 0.0011335 0.0007962 
439000 1627 479.359 13351.0 16.974 24.4302 643 244492.0 566.3301 0.0009499 0.000919 
440000 1629 478.188 13387.0 16.871 24.3595 644 245055.0 558.4971 0.0009448 0.0012023 
441000 1630 482.204 13431.0 17.114 24.5536 645 245819.0 550.5474 0.0009637 0.0012681 
442000 1632 487.949 13466.0 17.505 24.8658 646 246443.0 535.9926 0.0009316 0.0007059 
443000 1636 470.965 13499.0 16.689 23.9928 648 246919.0 523.624 0.0009999 0.0008257 
444000 1637 478.566 13537.0 16.996 24.3721 649 247568.0 525.6616 0.0008342 0.0010058 
445000 1638 484.115 13581.0 17.316 24.6516 650 248707.0 547.9955 0.000905 0.0011802 
446000 1640 493.641 13619.0 17.818 25.1464 652 249291.0 551.0763 0.0009909 0.0006561 
447000 1643 484.457 13650.0 17.466 24.6658 653 249838.0 550.2687 0.0011271 0.0010673 
448000 1645 479.653 13693.0 17.245 24.4184 654 250556.0 546.9418 0.001044 0.0011836 
449000 1647 482.842 13713.0 17.111 24.5651 655 250884.0 538.5476 0.0009455 0.0010928 
450000 1650 477.047 13749.0 16.999 24.2918 657 251472.0 505.5736 0.0010636 0.0006771 
451000 1652 477.558 13781.0 16.934 24.2896 658 252025.0 509.3162 0.0009274 0.0008628 
452000 1653 484.187 13826.0 17.275 24.6383 659 252784.0 518.2846 0.0008488 0.0009482 
453000 1654 490.143 13864.0 17.53 24.9562 660 253408.0 515.8561 0.0009814 0.0014145 
454000 1656 497.107 13906.0 17.886 25.2835 662 254002.0 495.0935 0.0010146 0.0007139 
455000 1657 503.605 13949.0 18.168 25.5953 663 254781.0 500.4841 0.0008314 0.0007807 
456000 1659 501.88 13981.0 18.099 25.5335 664 255344.0 510.7357 0.0007879 0.0011168 
457000 1661 505.056 14015.0 18.31 25.6965 665 255947.0 511.0621 0.0008099 0.0011359 
458000 1664 498.205 14051.0 18.033 25.3362 667 256545.0 505.5203 0.0008665 0.0010007 
459000 1665 507.201 14088.0 18.332 25.7801 668 257159.0 512.3683 0.0009562 0.0009401 
460000 1667 508.038 14112.0 18.202 25.8721 669 257617.0 512.4315 0.0009444 0.0012536 
461000 1667 508.038 14157.0 18.202 25.8721 669 258362.0 512.4315 0.0008629 0.0009357 
462000 1670 517.115 14194.0 18.682 26.2952 671 258990.0 543.3195 0.0008791 0.0007503 
463000 1672 512.62 14235.0 18.51 26.0868 672 259663.0 537.7875 0.0009194 0.0008811 
464000 1673 514.968 14274.0 18.68 26.2231 672 260517.0 537.7875 0.0008805 0.0011648 
465000 1676 516.522 14310.0 18.83 26.2711 674 261190.0 595.1879 0.0009034 0.0011507 
466000 1676 516.522 14346.0 18.83 26.2711 674 261820.0 595.1879 0.0008414 0.0006092 
467000 1677 539.972 14389.0 19.654 27.4664 675 262594.0 633.5691 0.0007917 0.0009049 
468000 1678 548.652 14427.0 19.961 27.9075 676 263258.0 650.1122 0.0007757 0.001074 
469000 1680 553.43 14463.0 20.319 28.1511 678 263887.0 614.0009 0.0007819 0.0008584 
470000 1680 553.43 14509.0 20.319 28.1511 678 264782.0 614.0009 0.0008634 0.0005425 
471000 1680 553.43 14536.0 20.319 28.1511 678 265347.0 614.0009 0.0007849 0.0009961 
472000 1680 553.43 14585.0 20.319 28.1511 678 266302.0 614.0009 0.0008733 0.0011393 
473000 1684 586.306 14615.0 21.618 29.8117 680 266819.0 765.3507 0.0008886 0.000813 
474000 1684 586.306 14651.0 21.618 29.8117 680 267624.0 765.3507 0.0011652 0.0007687 
475000 1685 603.3 14681.0 22.126 30.6696 680 268108.0 765.3507 0.0009749 0.0008393 
476000 1686 606.074 14715.0 22.103 30.8078 681 268717.0 826.1156 0.0008575 0.0011649 
477000 1688 617.782 14745.0 22.445 31.41 683 269381.0 776.7137 0.0009641 0.0008328 
478000 1688 617.782 14776.0 22.445 31.41 683 269881.0 776.7137 0.000934 0.0006971 
479000 1689 628.147 14809.0 22.656 31.9416 684 270440.0 756.4423 0.0008465 0.0009175 
480000 1693 613.515 14837.0 21.972 31.1879 686 270906.0 701.4883 0.00079 0.0008313 
481000 1695 610.399 14868.0 21.771 31.0481 688 271390.0 614.0655 0.0009375 0.0006713 
482000 1695 610.399 14918.0 21.771 31.0481 688 272195.0 614.0655 0.0009397 0.0007719 
483000 1699 595.248 14949.0 21.4 30.2589 689 272786.0 646.3589 0.0007998 0.0007427 
484000 1699 595.248 14983.0 21.4 30.2589 689 273366.0 646.3589 0.0008937 0.0008521 
485000 1702 604.957 15017.0 21.702 30.7605 691 273984.0 677.2807 0.0007766 0.0006078 
486000 1703 609.077 15058.0 21.828 30.9733 692 274743.0 671.9527 0.0007993 0.0006942 
487000 1704 617.256 15102.0 22.331 31.3768 692 275537.0 671.9527 0.0007857 0.0009553 
488000 1706 603.484 15139.0 21.721 30.6768 693 276395.0 728.9574 0.000784 0.0008765 
489000 1710 587.753 15167.0 21.19 29.8582 695 276882.0 687.4255 0.0008723 0.0005918 
490000 1713 571.725 15200.0 20.518 29.0454 696 277444.0 672.8829 0.0008022 0.000789 
491000 1713 571.725 15241.0 20.518 29.0454 696 278329.0 672.8829 0.0007802 0.0010458 
492000 1715 583.864 15283.0 21.043 29.6897 697 279077.0 746.3947 0.0008335 0.0011183 
493000 1718 573.853 15301.0 20.5 29.1734 699 279600.0 673.9497 0.0008663 0.0004407 
494000 1720 570.403 15336.0 20.339 28.9858 700 280213.0 666.8547 0.0008958 0.0005938 
495000 1723 555.098 15375.0 19.746 28.2541 701 281215.0 691.8692 0.0008964 0.0009622 
496000 1726 540.901 15408.0 19.161 27.5115 702 281822.0 677.3823 0.0007525 0.0007767 
497000 1730 520.326 15446.0 18.617 26.4622 704 282504.0 625.3597 0.0007843 0.0003278 
498000 1731 526.739 15491.0 18.884 26.7804 705 283403.0 636.7237 0.000781 0.0008771 
499000 1732 523.184 15524.0 18.867 26.6182 705 284017.0 636.7237 0.0009408 0.0010577 
500000 1733 534.721 15560.0 19.189 27.208 706 284631.0 661.3513 0.0009002 0.0009867 
501000 1737 525.903 15595.0 18.91 26.7467 708 285223.0 638.6646 0.0007589 0.0004863 
502000 1737 525.903 15626.0 18.91 26.7467 708 285798.0 638.6646 0.0008513 0.0007573 
503000 1738 548.005 15670.0 19.632 27.8894 709 286482.0 669.1981 0.0008409 0.0008497 
504000 1738 548.005 15711.0 19.632 27.8894 709 287407.0 669.1981 0.000784 0.0007794 
505000 1742 550.344 15743.0 19.877 27.9922 711 287914.0 702.4205 0.0008768 0.000497 
506000 1743 558.537 15778.0 20.119 28.4256 712 288523.0 687.5784 0.0007251 0.0006211 
507000 1745 554.142 15814.0 19.871 28.182 713 289091.0 666.6206 0.0008288 0.0011753 
508000 1747 550.76 15847.0 19.691 27.9909 714 289679.0 654.2585 0.0008005 0.0008336 
509000 1750 541.169 15884.0 19.482 27.5091 715 290322.0 670.6327 0.0007527 0.0003987 
510000 1753 528.035 15919.0 18.915 26.8424 716 290914.0 657.7694 0.0008202 0.000677 
511000 1756 513.292 15958.0 18.399 26.0737 717 291641.0 648.6925 0.0007068 0.0007476 
512000 1758 510.907 15995.0 18.297 25.9641 718 292444.0 658.1232 0.0007329 0.0009479 
513000 1761 505.298 16031.0 18.209 25.7023 720 293217.0 626.6898 0.0007446 0.000373 
514000 1762 511.512 16075.0 18.524 26.0173 720 294326.0 626.6898 0.0007069 0.0007291 
515000 1762 511.512 16113.0 18.524 26.0173 720 295396.0 626.6898 0.0007444 0.0009702 
516000 1763 532.982 16157.0 19.514 27.1125 721 296330.0 813.8208 0.0007996 0.0009602 
517000 1766 532.685 16192.0 19.515 27.085 723 296848.0 765.6049 0.0006583 0.0003726 
518000 1767 532.371 16234.0 19.565 27.0627 724 297547.0 723.9444 0.0007341 0.0011341 
519000 1771 520.774 16259.0 19.039 26.4899 726 298028.0 671.055 0.0008312 0.0009062 
520000 1773 517.49 16301.0 18.912 26.3141 727 298701.0 661.2495 0.0008338 0.0008721 
521000 1774 527.96 16351.0 19.574 26.835 728 299891.0 716.1245 0.0008013 0.0004384 
522000 1775 535.261 16389.0 19.843 27.2269 729 300565.0 701.9121 0.0007455 0.0008624 
523000 1777 529.379 16429.0 19.806 26.9289 730 301248.0 675.6209 0.0007842 0.0007663 
524000 1779 522.671 16460.0 19.375 26.5644 731 301821.0 662.2588 0.0010204 0.0013184 
525000 1782 522.997 16490.0 19.188 26.5947 732 302269.0 677.8329 0.000911 0.0005188 
526000 1785 506.569 16533.0 18.64 25.7653 733 303071.0 665.2496 0.0007425 0.0008871 
527000 1786 512.297 16569.0 18.907 26.0414 734 303675.0 653.1246 0.000993 0.0014737 
528000 1787 519.231 16606.0 19.129 26.3887 735 304524.0 638.2122 0.0008717 0.0008114 
529000 1790 519.879 16648.0 19.265 26.4242 738 305152.0 572.2857 0.0007557 0.0003315 
530000 1791 526.601 16687.0 19.559 26.7648 739 305841.0 574.9571 0.0006619 0.0008852 
531000 1794 516.188 16718.0 19.009 26.2146 740 306433.0 575.6614 0.000843 0.0011034 
532000 1797 498.631 16757.0 18.371 25.3284 741 307095.0 558.7953 0.0008762 0.0009733 
533000 1800 496.619 16799.0 18.473 25.2268 743 307768.0 549.4342 0.0007166 0.0004358 
534000 1802 493.03 16843.0 18.368 25.0435 744 308561.0 551.7907 0.000687 0.0010438 
535000 1804 487.374 16873.0 18.131 24.7491 745 309239.0 538.9117 0.0007631 0.0010219 
536000 1805 497.607 16912.0 18.468 25.2807 746 309978.0 564.9205 0.0008125 0.000922 
537000 1809 487.011 16949.0 18.101 24.7168 748 310540.0 545.5956 0.0006636 0.0005376 
538000 1810 493.411 16984.0 18.379 25.0676 749 311319.0 562.436 0.0007701 0.0009998 
539000 1811 502.542 17027.0 18.711 25.5225 750 312258.0 586.5924 0.0007431 0.0010305 
540000 1813 509.52 17066.0 19.198 25.8746 751 313151.0 583.3332 0.0009563 0.0010539 
541000 1815 506.834 17111.0 19.096 25.7498 753 313845.0 588.0699 0.0006708 0.0003727 
542000 1816 511.418 17157.0 19.374 25.9669 754 314639.0 586.6629 0.0006436 0.0008557 
543000 1817 517.969 17195.0 19.667 26.2979 755 315343.0 588.3966 0.0007595 0.0010138 
544000 1819 524.804 17229.0 20.036 26.6446 756 315961.0 580.9569 0.0007953 0.0010502 
545000 1821 524.562 17270.0 19.959 26.6514 757 316575.0 630.1613 0.0006971 0.0004415 
546000 1822 532.331 17311.0 20.22 27.0324 758 317454.0 641.5451 0.0006765 0.001017 
547000 1823 535.124 17357.0 20.455 27.1672 759 318298.0 632.2906 0.0007912 0.0011013 
548000 1825 540.311 17401.0 20.773 27.4597 761 319101.0 617.5154 0.000708 0.0008431 
549000 1828 529.529 17431.0 20.289 26.9023 763 319539.0 550.9075 0.0005428 0.0003875 
550000 1830 531.682 17474.0 20.574 26.9948 764 320292.0 546.2167 0.0007055 0.0009736 
551000 1831 528.889 17510.0 20.322 26.849 765 320931.0 551.3951 0.0008145 0.0008706 
552000 1832 535.771 17549.0 20.556 27.2225 766 322000.0 550.6555 0.0007 0.0007765 
553000 1834 545.409 17587.0 20.908 27.7033 768 322534.0 565.741 0.0005692 0.0003376 
554000 1835 552.641 17622.0 21.17 28.0635 769 323488.0 603.5669 0.0007509 0.0009019 
555000 1836 559.868 17661.0 21.406 28.4372 770 324117.0 600.6102 0.0006514 0.0011026 
556000 1838 553.929 17697.0 21.107 28.1483 771 324780.0 587.3492 0.0007843 0.0010082 
557000 1841 547.669 17730.0 20.821 27.8025 772 325508.0 630.4143 0.0006991 0.0004128 
558000 1842 552.475 17776.0 21.105 28.0744 773 326497.0 647.7728 0.0007113 0.0010243 
559000 1843 556.726 17813.0 21.343 28.3093 774 327151.0 640.3956 0.0008227 0.0010396 
560000 1846 555.032 17843.0 21.203 28.1998 775 327888.0 636.156 0.0007835 0.0008502 
561000 1848 549.94 17893.0 21.08 27.9471 777 328692.0 624.6564 0.0006918 0.0004563 
562000 1849 556.141 17934.0 21.359 28.2587 778 329751.0 659.5907 0.0007074 0.0009968 
563000 1850 560.378 17974.0 21.552 28.471 779 330640.0 663.0317 0.0008128 0.0011857 
564000 1851 564.571 18009.0 21.721 28.6729 780 331264.0 646.1285 0.0008236 0.0008648 
565000 1852 585.319 18051.0 22.566 29.7558 781 331869.0 687.0156 0.0006335 0.0004644 
566000 1853 588.173 18096.0 22.755 29.9062 782 332648.0 672.7141 0.0006233 0.0007741 
567000 1857 569.332 18121.0 21.953 28.9132 783 333079.0 660.6427 0.0007406 0.0010691 
568000 1857 569.332 18162.0 21.953 28.9132 783 334014.0 660.6427 0.0007644 0.0008349 
569000 1859 583.622 18207.0 22.486 29.6595 785 334678.0 688.7906 0.0005501 0.0003921 
570000 1860 589.19 18249.0 22.716 29.95 786 335402.0 680.3115 0.0008164 0.001269 
571000 1862 588.998 18283.0 22.767 29.9502 786 336235.0 680.3115 0.0007272 0.0009929 
572000 1863 598.758 18322.0 23.152 30.4384 787 336894.0 787.4804 0.0008542 0.0007899 
573000 1865 592.514 18359.0 22.863 30.1119 789 337518.0 685.5191 0.0006631 0.0006833 
574000 1866 597.483 18398.0 23.005 30.3732 790 338132.0 666.8672 0.0006546 0.0008938 
575000 1867 600.354 18440.0 23.205 30.5474 791 338906.0 657.5805 0.0007192 0.0008875 
576000 1869 596.396 18472.0 22.933 30.3388 792 339489.0 651.6224 0.0008239 0.0009232 
577000 1871 600.552 18522.0 23.251 30.5316 794 340268.0 623.2242 0.0006565 0.0005308 
578000 1872 605.921 18562.0 23.426 30.805 795 341127.0 615.3017 0.000708 0.0010566 
579000 1873 607.922 18602.0 23.598 30.9195 796 341856.0 625.6716 0.000815 0.0010569 
580000 1876 603.794 18635.0 23.477 30.6684 798 342458.0 615.554 0.0007634 0.0007373 
581000 1878 595.721 18687.0 23.314 30.291 800 343262.0 556.5087 0.0006241 0.0006756 
582000 1880 587.74 18734.0 22.998 29.8766 801 344100.0 555.1578 0.0006575 0.0009545 
583000 1881 588.525 18771.0 23.158 29.9156 801 344789.0 555.1578 0.0007074 0.0009568 
584000 1883 597.172 18816.0 23.607 30.3471 803 345517.0 613.8479 0.0006503 0.0006431 
585000 1886 580.479 18857.0 22.953 29.524 805 346205.0 554.7868 0.0006236 0.0007965 
586000 1886 580.479 18900.0 22.953 29.524 805 346935.0 554.7868 0.0007352 0.0010658 
587000 1888 597.788 18936.0 23.797 30.3957 806 347773.0 614.7081 0.0007591 0.0010435 
588000 1890 584.325 18972.0 23.07 29.7185 807 348446.0 633.4373 0.0008617 0.0007967 
589000 1892 589.38 19014.0 23.244 29.9642 809 349060.0 594.7942 0.0006399 0.0005944 
590000 1894 582.274 19051.0 22.95 29.6058 810 349728.0 592.6148 0.0007036 0.0009411 
591000 1895 588.069 19093.0 23.171 29.8923 811 350687.0 610.7533 0.0007018 0.0009247 
592000 1896 591.227 19125.0 23.367 30.0615 811 351236.0 610.7533 0.0008167 0.0009504 
593000 1899 586.446 19169.0 23.105 29.7999 813 352249.0 666.8902 0.0005877 0.0005953 
594000 1900 588.337 19217.0 23.283 29.9271 814 353128.0 654.6012 0.0005907 0.0008646 
595000 1901 589.471 19260.0 23.457 29.9923 815 353842.0 644.041 0.0008057 0.0010068 
596000 1902 603.021 19309.0 24.208 30.6665 816 355056.0 685.5369 0.0007686 0.0008081 
597000 1904 606.947 19357.0 24.516 30.8734 818 355805.0 686.5449 0.0006052 0.0007181 
598000 1905 609.168 19405.0 24.686 30.9717 819 356834.0 692.2904 0.0006105 0.0009551 
599000 1907 609.448 19438.0 24.835 30.9774 820 357427.0 682.9614 0.0007458 0.0007615 
600000 1908 605.439 19474.0 24.458 30.7652 821 358081.0 663.4652 0.0006527 0.0006285 
601000 1911 601.487 19527.0 24.422 30.5916 823 358794.0 641.6268 0.0005937 0.000703 
602000 1912 601.117 19571.0 24.534 30.5538 823 359598.0 641.6268 0.0007563 0.0010644 
603000 1913 611.275 19611.0 24.783 31.0656 824 360507.0 694.7642 0.0006801 0.0008705 
604000 1914 628.149 19647.0 25.647 31.9381 824 361166.0 694.7642 0.0007618 0.0007938 
605000 1916 620.153 19692.0 25.291 31.5299 826 361890.0 741.229 0.0013115 0.0018584 
606000 1918 614.996 19729.0 24.921 31.2665 827 362683.0 742.4061 0.0008098 0.0008522 
607000 1921 596.672 19765.0 24.056 30.348 828 363345.0 725.3655 0.0006997 0.00088 
608000 1924 588.111 19793.0 23.658 29.8932 829 363832.0 704.6289 0.0007232 0.0007125 
609000 1927 567.756 19829.0 22.62 28.8624 831 364445.0 632.4294 0.000538 0.0006159 
610000 1930 553.213 19863.0 21.928 28.1472 832 365257.0 648.8865 0.000524 0.0008375 
611000 1933 539.428 19899.0 21.239 27.4395 833 365914.0 641.1978 0.0007302 0.001009 
612000 1934 544.779 19933.0 21.455 27.6959 834 366493.0 631.4781 0.0007285 0.0008418 
613000 1936 547.972 19971.0 21.672 27.8483 835 367216.0 625.7302 0.0005604 0.0007025 
614000 1938 537.69 20002.0 20.99 27.3592 836 367754.0 617.3572 0.0006127 0.0009069 
615000 1940 548.851 20037.0 21.478 27.9101 836 368412.0 617.3572 0.0007335 0.0008509 
616000 1942 546.016 20079.0 21.287 27.7513 838 369095.0 665.6393 0.0006364 0.0006979 
617000 1943 551.416 20124.0 21.542 28.0361 839 370055.0 674.0754 0.0005859 0.0008399 
618000 1944 566.527 20164.0 22.311 28.8126 839 370754.0 674.0754 0.0007019 0.0008578 
619000 1946 552.381 20202.0 21.545 28.081 840 371462.0 723.3679 0.0006778 0.0007892 
620000 1946 552.381 20235.0 21.545 28.081 840 372012.0 723.3679 0.0007904 0.0008006 
621000 1948 575.065 20286.0 22.564 29.2457 842 372831.0 732.038 0.0005354 0.0008055 
622000 1949 579.003 20327.0 22.753 29.4311 843 373885.0 748.2342 0.0006672 0.0008826 
623000 1950 583.323 20368.0 22.977 29.6339 844 374644.0 733.3108 0.0007856 0.0009395 
624000 1952 593.418 20398.0 23.361 30.1485 845 375167.0 775.2797 0.0007631 0.0008499 
625000 1953 596.29 20452.0 23.514 30.2903 846 376177.0 765.7517 0.0007115 0.0009409 
626000 1955 588.041 20487.0 23.213 29.8677 847 376810.0 746.4765 0.0006399 0.0009895 
627000 1957 595.055 20524.0 23.56 30.2333 848 377678.0 746.7289 0.0006856 0.0008736 
628000 1960 574.543 20569.0 22.745 29.1887 849 378440.0 723.356 0.0007477 0.000788 
629000 1962 570.521 20626.0 22.854 28.9679 851 379219.0 703.4984 0.000596 0.0007698 
630000 1963 575.971 20669.0 23.077 29.2635 852 380038.0 693.0485 0.0006187 0.0008799 
631000 1966 558.202 20702.0 22.335 28.3521 853 380660.0 683.9437 0.000736 0.0008524 
632000 1968 565.254 20737.0 22.678 28.7071 854 381488.0 666.9493 0.0006974 0.0007765 
633000 1971 548.214 20786.0 21.943 27.8376 856 382211.0 652.4589 0.0005726 0.0009193 
634000 1974 537.935 20809.0 21.248 27.3236 857 382668.0 644.413 0.000658 0.0008191 
635000 1975 544.577 20849.0 21.503 27.6565 858 383522.0 639.8717 0.0007015 0.0007057 
636000 1978 532.471 20875.0 20.814 27.0361 859 383999.0 647.0846 0.0006811 0.000732 
637000 1980 529.908 20918.0 20.675 26.9111 861 384958.0 596.4985 0.0005877 0.0008077 
638000 1983 521.637 20953.0 20.496 26.4744 862 385790.0 594.1486 0.000703 0.0010469 
639000 1984 525.744 20987.0 20.546 26.6832 862 386384.0 594.1486 0.0007049 0.0007638 
640000 1985 529.59 21025.0 20.635 26.8987 863 387263.0 677.4338 0.0007055 0.0006281 
641000 1987 535.793 21080.0 21.086 27.2041 865 388167.0 666.4314 0.0006161 0.0009347 
642000 1988 542.377 21120.0 21.344 27.5288 866 388846.0 659.6882 0.0007196 0.0009583 
643000 1990 549.917 21155.0 21.726 27.935 867 389494.0 645.1194 0.000724 0.0007705 
644000 1992 546.616 21194.0 21.545 27.7536 869 390157.0 631.2167 0.000741 0.0006394 
645000 1993 550.484 21242.0 21.774 27.9484 870 390892.0 622.595 0.0005886 0.0007773 
646000 1996 536.081 21281.0 21.114 27.2099 871 391664.0 620.5355 0.0005936 0.000897 
647000 1996 536.081 21321.0 21.114 27.2099 871 392394.0 620.5355 0.0007025 0.0008837 
648000 1997 555.859 21366.0 22.031 28.2225 872 393158.0 673.382 0.0006346 0.0006885 
649000 1998 575.662 21417.0 23.011 29.2021 873 394338.0 764.5438 0.00057 0.0008275 
650000 1999 578.249 21457.0 23.19 29.3344 874 395097.0 742.4894 0.0006435 0.0008885 
651000 2003 565.434 21488.0 22.639 28.6859 875 395693.0 725.5405 0.0006325 0.0007537 
652000 2004 557.925 21529.0 22.247 28.3168 876 396377.0 717.1864 0.0006944 0.0005534 
653000 2005 575.367 21580.0 23.122 29.2032 877 397117.0 754.4678 0.0005507 0.0008229 
654000 2007 570.177 21618.0 22.856 28.9362 878 397850.0 738.821 0.0006436 0.0008391 
655000 2008 575.194 21653.0 23.019 29.1713 879 398464.0 716.8389 0.0007721 0.0006711 
656000 2009 580.33 21693.0 23.239 29.4332 880 399183.0 705.055 0.0006233 0.0006429 
657000 2011 585.953 21741.0 23.519 29.7174 881 399897.0 734.4495 0.0005464 0.0008673 
658000 2013 585.579 21778.0 23.634 29.689 882 400580.0 720.9046 0.0006059 0.0008257 
659000 2015 586.087 21813.0 23.553 29.7251 884 401203.0 684.2027 0.0006283 0.0006529 
660000 2015 586.087 21859.0 23.553 29.7251 884 401953.0 684.2027 0.0006256 0.0007274 
661000 2017 595.29 21900.0 23.98 30.1834 885 402637.0 735.6824 0.0006853 0.0009108 
662000 2018 602.104 21940.0 24.141 30.533 886 403541.0 716.5142 0.0006916 0.0008957 
663000 2019 605.142 21980.0 24.358 30.6849 887 404255.0 724.7628 0.000729 0.000842 
664000 2021 612.518 22020.0 24.661 31.0618 889 404903.0 690.4178 0.0007554 0.0006782 
665000 2022 614.808 22067.0 24.787 31.1785 890 405823.0 669.8761 0.0005967 0.0010296 
666000 2023 616.752 22107.0 24.912 31.2545 891 406737.0 673.2884 0.0006999 0.0008758 
667000 2025 621.93 22144.0 25.191 31.5388 892 407445.0 685.8596 0.0007307 0.0007236 
668000 2026 625.211 22196.0 25.367 31.6931 893 408224.0 725.0736 0.0006257 0.0006335 
669000 2030 601.443 22227.0 24.38 30.4762 895 408911.0 653.4297 0.0007703 0.0011883 
670000 2031 603.274 22260.0 24.153 30.5911 896 409690.0 640.8867 0.0008198 0.0013153 
671000 2032 619.329 22294.0 24.83 31.4102 897 410484.0 709.698 0.0008738 0.0010487 
672000 2033 625.662 22331.0 25.013 31.7197 898 411098.0 698.6282 0.0008261 0.0007882 
673000 2034 626.509 22376.0 25.093 31.7532 899 411753.0 672.2654 0.0006856 0.0010715 
674000 2035 632.079 22412.0 25.171 32.0484 900 412362.0 652.9389 0.0006693 0.0008397 
675000 2035 632.079 22455.0 25.171 32.0484 900 413182.0 652.9389 0.0006887 0.0007209 
676000 2038 641.707 22489.0 25.623 32.5343 902 413769.0 692.4405 0.000622 0.0005352 
677000 2039 642.353 22548.0 25.771 32.5795 903 414734.0 677.6964 0.0006303 0.0009696 
678000 2040 643.786 22584.0 25.915 32.6565 904 415398.0 667.3268 0.0007447 0.0010005 
679000 2043 636.147 22625.0 25.653 32.2565 906 416270.0 667.4947 0.0007449 0.000759 
680000 2043 636.147 22676.0 25.653 32.2565 906 417145.0 667.4947 0.0007034 0.0008778 
681000 2045 644.897 22725.0 26.249 32.7226 908 417924.0 664.2307 0.0006282 0.0009271 
682000 2045 644.897 22761.0 26.249 32.7226 908 418549.0 664.2307 0.0007205 0.0009395 
683000 2046 668.459 22800.0 27.104 33.9047 909 419633.0 718.7076 0.0007527 0.0007538 
684000 2047 683.01 22839.0 27.942 34.6476 909 420547.0 718.7076 0.0007115 0.0006358 
685000 2050 662.008 22886.0 27.048 33.5596 911 421220.0 777.6232 0.000668 0.0010339 
686000 2050 662.008 22929.0 27.048 33.5596 911 422020.0 777.6232 0.0007582 0.0010862 
687000 2051 677.648 22965.0 27.647 34.3819 912 422844.0 823.1609 0.000732 0.0008551 
688000 2053 684.174 23002.0 27.859 34.6952 914 423472.0 790.8203 0.0006344 0.0005966 
689000 2054 683.81 23056.0 27.942 34.6703 915 424332.0 763.2383 0.0005409 0.0008131 
690000 2056 672.4 23093.0 27.423 34.1012 915 425030.0 763.2383 0.0007989 0.0010862 
691000 2058 674.988 23128.0 27.642 34.2466 916 425678.0 809.6144 0.0006706 0.0007485 
692000 2059 668.028 23161.0 27.189 33.8791 916 426257.0 809.6144 0.0006688 0.0006477 
693000 2061 668.786 23204.0 27.059 33.9137 918 426876.0 779.2177 0.000559 0.00084 
694000 2061 668.786 23244.0 27.059 33.9137 918 427606.0 779.2177 0.0006346 0.0008362 
695000 2062 689.97 23278.0 27.878 34.9981 919 428215.0 819.1959 0.0006308 0.0007448 
696000 2063 694.27 23314.0 27.96 35.2085 920 428864.0 791.6763 0.0006013 0.0006309 
697000 2064 707.725 23369.0 28.721 35.8953 921 429669.0 821.5087 0.0005854 0.000883 
698000 2066 699.541 23401.0 28.21 35.4724 922 430427.0 796.6578 0.0006929 0.0009382 
699000 2067 696.39 23440.0 28.206 35.3177 922 431146.0 796.6578 0.0006549 0.0007228 
700000 2067 696.39 23478.0 28.206 35.3177 922 431851.0 796.6578 0.0007151 0.0007735 
701000 2068 731.262 23517.0 29.422 37.0983 923 432431.0 936.392 0.0007578 0.0011414 
702000 2069 734.057 23553.0 29.474 37.2139 924 433045.0 897.1528 0.0007224 0.0009379 
703000 2071 724.712 23584.0 28.914 36.7516 925 433598.0 861.7376 0.0006974 0.0008088 
704000 2072 729.118 23618.0 28.995 36.9798 926 434362.0 849.9638 0.0007024 0.0007521 
705000 2074 723.372 23670.0 28.916 36.6714 927 435206.0 853.3674 0.0005631 0.0009805 
706000 2075 726.125 23706.0 28.997 36.8262 928 435865.0 825.4307 0.000693 0.0008388 
707000 2076 731.102 23738.0 29.077 37.0655 929 436399.0 799.7876 0.0006908 0.0008383 
708000 2079 715.746 23776.0 28.399 36.2656 930 437041.0 812.5089 0.0007884 0.0008449 
709000 2080 716.211 23819.0 28.451 36.2893 931 437926.0 780.258 0.0006913 0.0009729 
710000 2081 719.327 23853.0 28.582 36.4701 932 438735.0 799.6322 0.00083 0.0011782 
711000 2082 720.761 23896.0 28.67 36.528 933 439864.0 794.569 0.0007393 0.0007149 
712000 2084 725.633 23929.0 28.769 36.7573 934 440407.0 841.4121 0.0006162 0.0005203 
713000 2085 723.72 23985.0 28.834 36.6818 935 441312.0 808.7709 0.0008607 0.0009991 
714000 2085 723.72 24026.0 28.834 36.6818 935 442072.0 808.7709 0.0007421 0.0008148 
715000 2087 738.502 24075.0 29.704 37.4344 937 442875.0 821.3644 0.0005908 0.0004732 
716000 2089 726.178 24111.0 29.058 36.8067 938 443653.0 783.028 0.0006261 0.0006439 
717000 2092 701.635 24149.0 28.048 35.5767 940 444441.0 718.3726 0.0005516 0.0007205 
718000 2092 701.635 24185.0 28.048 35.5767 940 445066.0 718.3726 0.000735 0.0009502 
719000 2094 719.656 24221.0 28.869 36.4851 941 445909.0 766.9354 0.0006262 0.0006576 
720000 2097 699.14 24253.0 27.822 35.4275 942 446511.0 761.5418 0.0005588 0.000654 
721000 2100 672.919 24307.0 27.015 34.0974 944 447339.0 714.5789 0.0005165 0.0007897 
722000 2102 667.104 24345.0 26.876 33.801 945 448067.0 703.921 0.0006335 0.0006944 
723000 2103 662.242 24385.0 26.479 33.5895 946 448836.0 693.8289 0.0006091 0.0004963 
724000 2104 679.557 24431.0 27.349 34.4467 947 449620.0 747.346 0.0005975 0.0005798 
725000 2106 670.93 24478.0 27.052 34.0072 948 450564.0 750.1114 0.0007022 0.0009355 
726000 2108 658.814 24512.0 26.471 33.4185 949 451192.0 730.8003 0.00057 0.0007396 
727000 2108 658.814 24550.0 26.471 33.4185 949 452042.0 730.8003 0.0006945 0.0007217 
728000 2108 658.814 24591.0 26.471 33.4185 949 452802.0 730.8003 0.000648 0.0006529 
729000 2110 694.014 24641.0 27.98 35.1923 951 453711.0 825.7582 0.0005846 0.0008463 
730000 2112 683.274 24676.0 27.48 34.6668 952 454349.0 797.4824 0.0006187 0.0006485 
731000 2113 684.309 24716.0 27.611 34.6918 953 455093.0 778.1342 0.0006199 0.0007276 
732000 2114 702.283 24766.0 28.419 35.6068 954 455882.0 817.7207 0.0006614 0.0007136 
733000 2116 690.777 24807.0 28.0 35.0248 956 456701.0 714.3138 0.0006597 0.0009204 
734000 2118 691.864 24836.0 27.938 35.0812 957 457214.0 719.7824 0.0006913 0.000878 
735000 2119 689.567 24873.0 27.559 34.9497 958 458028.0 693.6042 0.0006912 0.0008245 
736000 2121 690.925 24900.0 27.555 35.0382 960 458531.0 664.4794 0.0007571 0.0007835 
737000 2122 687.666 24950.0 27.484 34.8887 961 459446.0 631.0314 0.0006299 0.0009631 
738000 2123 691.533 24988.0 27.634 35.0584 962 460265.0 647.8283 0.0006814 0.000736 
739000 2125 681.582 25027.0 27.226 34.5547 963 461203.0 682.8455 0.0007694 0.0006235 
740000 2126 698.991 25073.0 28.081 35.4455 964 461972.0 737.9609 0.0005744 0.0004649 
741000 2128 684.668 25113.0 27.464 34.7272 965 462571.0 700.5648 0.000664 0.0008577 
742000 2129 688.315 25155.0 27.575 34.9239 966 463375.0 687.9083 0.0006259 0.0007327 
743000 2131 691.193 25193.0 27.79 35.0566 968 464013.0 666.0658 0.0006758 0.0005782 
744000 2132 695.229 25234.0 27.914 35.2535 969 464682.0 659.3592 0.0006727 0.0006494 
745000 2133 695.724 25285.0 28.036 35.2906 970 465757.0 667.9233 0.0006753 0.0008548 
746000 2134 697.15 25318.0 28.135 35.3723 971 466336.0 658.5309 0.0007385 0.000823 
747000 2135 702.227 25357.0 28.252 35.6105 972 467235.0 652.5778 0.0006796 0.0005305 
748000 2138 695.431 25387.0 27.844 35.2761 974 467782.0 649.8081 0.0005767 0.0005578 
749000 2139 691.863 25446.0 27.887 35.1109 975 468882.0 631.8273 0.0006684 0.0008422 
750000 2141 686.479 25484.0 27.929 34.8418 976 469595.0 643.0445 0.0006673 0.0007507 
751000 2143 685.619 25518.0 27.66 34.7951 977 470223.0 638.5401 0.0006397 0.0006008 
752000 2144 688.587 25566.0 27.807 34.981 978 470987.0 697.4861 0.0006239 0.0006477 
753000 2146 675.486 25612.0 27.372 34.3004 980 471946.0 616.6737 0.0006383 0.0010566 
754000 2147 677.056 25653.0 27.485 34.3772 981 472715.0 629.4063 0.0006926 0.0007048 
755000 2148 695.435 25695.0 28.255 35.3481 982 473364.0 679.8657 0.0006907 0.0005819 
756000 2149 700.126 25730.0 28.35 35.5663 983 473988.0 669.7791 0.0005935 0.0006112 
757000 2151 686.628 25778.0 27.862 34.8867 984 474997.0 675.7012 0.0006331 0.0008571 
758000 2152 688.396 25814.0 27.925 34.9806 985 475816.0 659.5311 0.0006524 0.0006262 
759000 2153 692.348 25849.0 28.066 35.1994 986 476445.0 673.978 0.0008797 0.0006572 
760000 2156 686.029 25881.0 27.671 34.8421 987 477042.0 660.8802 0.0006335 0.0007194 
761000 2158 670.33 25935.0 27.095 34.0613 989 477846.0 626.133 0.0006506 0.0008559 
762000 2159 672.203 25975.0 27.233 34.164 990 478610.0 623.4197 0.0007333 0.0007504 
763000 2161 676.065 26018.0 27.421 34.3499 992 479438.0 625.7799 0.0007738 0.0005702 
764000 2163 665.811 26057.0 26.962 33.8161 993 480286.0 620.5019 0.0005509 0.0004687 
765000 2165 664.424 26094.0 27.0 33.7574 994 480970.0 638.4517 0.0005703 0.0008636 
766000 2166 660.796 26133.0 26.68 33.5713 995 481654.0 628.9066 0.0006366 0.0006708 
767000 2167 666.54 26164.0 26.966 33.8623 995 482193.0 628.9066 0.0006498 0.0007103 
768000 2168 670.429 26204.0 26.887 34.0609 996 483122.0 675.8159 0.0006029 0.0006695 
769000 2170 669.226 26252.0 26.928 33.9993 997 483811.0 714.6343 0.0005493 0.0007946 
770000 2172 658.346 26290.0 26.508 33.4371 998 484534.0 703.4709 0.00065 0.0007321 
771000 2175 651.543 26323.0 26.256 33.1053 999 485156.0 693.0238 0.000596 0.000533 
772000 2177 645.424 26362.0 25.896 32.7905 1001 485994.0 694.9793 0.0006325 0.0008278 
773000 2178 644.056 26409.0 25.898 32.7081 1002 486684.0 660.9813 0.0006539 0.0008221 
774000 2179 647.075 26445.0 26.04 32.8999 1003 487333.0 651.7832 0.000686 0.0007222 
775000 2181 651.621 26480.0 26.198 33.1115 1004 487966.0 632.0049 0.0006337 0.0005434 
776000 2182 657.689 26530.0 26.394 33.4136 1005 488750.0 689.1044 0.0005379 0.0005915 
777000 2183 658.995 26573.0 26.486 33.5052 1006 489490.0 669.194 0.0005953 0.0008236 
778000 2184 660.895 26609.0 26.596 33.5918 1007 490139.0 656.1746 0.0006429 0.0006157 
779000 2185 665.037 26643.0 26.745 33.7735 1008 490738.0 650.4571 0.0006119 0.0005826 
780000 2188 660.199 26685.0 26.446 33.554 1010 491585.0 652.8403 0.0005254 0.0006316 
781000 2189 659.475 26738.0 26.537 33.5121 1011 492700.0 637.5562 0.0005831 0.0007182 
782000 2190 659.285 26775.0 26.666 33.5004 1012 493359.0 648.2006 0.0006411 0.0006258 
783000 2193 656.654 26806.0 26.403 33.3849 1013 493951.0 706.0805 0.0005479 0.0004811 
784000 2194 663.061 26840.0 26.555 33.6768 1014 494550.0 695.3725 0.0005042 0.0005428 
785000 2195 659.58 26895.0 26.524 33.4997 1015 495360.0 659.8352 0.000495 0.0007111 
786000 2196 676.929 26935.0 27.393 34.3913 1015 496119.0 659.8352 0.0005483 0.0004611 
787000 2198 666.61 26982.0 26.969 33.8543 1017 496877.0 704.8865 0.0004968 0.0005089 
788000 2200 658.062 27017.0 26.508 33.4259 1018 497480.0 689.1979 0.0005536 0.0006019 
789000 2201 659.54 27063.0 26.718 33.4823 1019 498305.0 683.7781 0.0006404 0.0008424 
790000 2204 649.759 27101.0 26.403 33.0039 1020 499222.0 667.7003 0.0006251 0.000605 
791000 2208 620.085 27130.0 24.942 31.4751 1021 499933.0 680.6303 0.0007026 0.0008869 
792000 2209 608.904 27178.0 24.443 30.9155 1022 500727.0 686.7672 0.000619 0.0007645 
793000 2211 611.969 27226.0 24.752 31.0625 1023 501546.0 727.4905 0.0005838 0.0007645 
794000 2214 604.692 27265.0 24.571 30.7064 1025 502238.0 697.4873 0.0005458 0.0005465 
795000 2215 609.138 27316.0 24.779 30.9148 1025 503117.0 697.4873 0.0005665 0.0004843 
796000 2216 610.335 27361.0 24.964 30.9991 1026 503941.0 750.5386 0.0005963 0.0004998 
797000 2218 606.365 27416.0 25.035 30.8097 1027 504830.0 760.8847 0.0006239 0.0008088 
798000 2221 600.94 27447.0 24.804 30.5107 1029 505752.0 758.0266 0.0006654 0.0006045 
799000 2222 607.521 27486.0 25.008 30.8469 1030 506576.0 762.124 0.000612 0.0007053 
800000 2224 600.54 27523.0 24.625 30.4978 1031 507179.0 740.2116 0.0006157 0.0007163 
801000 2226 589.231 27568.0 24.14 29.9169 1032 507938.0 703.5904 0.0005744 0.000754 
802000 2229 579.254 27602.0 23.814 29.4088 1033 508580.0 693.0314 0.0006176 0.0006981 
803000 2230 578.129 27637.0 23.517 29.3623 1034 509384.0 681.0282 0.0005396 0.000615 
804000 2232 587.192 27680.0 23.873 29.8043 1036 510232.0 689.9929 0.0005657 0.000676 
805000 2233 587.229 27728.0 23.995 29.8101 1037 511382.0 668.4936 0.0006407 0.0006831 
806000 2235 592.417 27775.0 24.352 30.0859 1039 512340.0 698.6398 0.0006332 0.0006246 
807000 2236 595.989 27825.0 24.565 30.2647 1040 513404.0 708.6758 0.0006359 0.0008001 
808000 2236 595.989 27869.0 24.565 30.2647 1040 514239.0 708.6758 0.0007732 0.0009916 
809000 2237 619.889 27918.0 25.854 31.4703 1041 515159.0 802.8082 0.0006232 0.0007169 
810000 2239 618.221 27950.0 25.837 31.3905 1042 515902.0 779.9274 0.0006958 0.0007197 
811000 2241 611.69 27984.0 25.449 31.0433 1043 516700.0 769.2347 0.0006011 0.000674 
812000 2242 611.096 28021.0 25.2 31.0196 1044 517729.0 772.1112 0.0007338 0.0010232 
813000 2243 625.735 28074.0 25.856 31.7669 1045 518569.0 826.4001 0.0006229 0.0007614 
814000 2244 627.38 28123.0 26.019 31.8501 1046 519408.0 804.1601 0.0006507 0.0006833 
815000 2245 646.752 28163.0 26.899 32.8178 1047 520082.0 847.1441 0.0006217 0.0005884 
816000 2246 650.797 28201.0 26.961 33.0473 1048 520746.0 811.8297 0.0007036 0.0008668 
817000 2248 641.677 28247.0 26.7 32.5906 1050 521495.0 716.742 0.0006151 0.0006833 
818000 2248 641.677 28288.0 26.7 32.5906 1050 522430.0 716.742 0.0006768 0.0005122 
819000 2250 665.55 28327.0 27.714 33.8111 1052 523098.0 769.571 0.0005398 0.0006036 
820000 2251 666.559 28378.0 27.8 33.8683 1053 523937.0 747.0139 0.0005768 0.00085 
821000 2254 642.416 28412.0 26.702 32.6364 1055 524545.0 647.6513 0.0006051 0.0007482 
822000 2256 648.511 28446.0 26.911 32.9511 1057 525183.0 629.4075 0.0006716 0.0007972 
823000 2257 650.961 28494.0 27.053 33.0669 1058 525942.0 626.3668 0.0005892 0.0006456 
824000 2260 629.342 28533.0 26.04 31.9647 1059 526624.0 617.9301 0.0005999 0.0006333 
825000 2261 632.195 28570.0 26.139 32.1069 1060 527439.0 605.6371 0.0006351 0.0007569 
826000 2263 632.911 28600.0 26.09 32.1426 1060 528152.0 605.6371 0.0006817 0.00068 
827000 2264 633.272 28640.0 25.928 32.1517 1061 528901.0 702.2734 0.0007266 0.0008465 
828000 2264 633.272 28676.0 25.928 32.1517 1061 529521.0 702.2734 0.0006585 0.0009049 
829000 2266 648.213 28723.0 26.574 32.9259 1063 530415.0 696.1014 0.0006035 0.0007586 
830000 2267 667.009 28764.0 27.442 33.8849 1064 531189.0 766.8913 0.0005988 0.0005221 
831000 2268 668.889 28813.0 27.534 33.9881 1065 531953.0 744.6022 0.0005005 0.0004677 
832000 2270 659.454 28855.0 27.115 33.5102 1066 532896.0 750.442 0.0005628 0.0007019 
833000 2272 648.793 28893.0 26.688 32.9885 1068 534090.0 674.818 0.0005806 0.0007592 
834000 2273 652.697 28930.0 26.875 33.1662 1069 534774.0 707.7362 0.0006498 0.0004903 
835000 2276 632.44 28965.0 25.87 32.1171 1070 535456.0 691.1626 0.0005295 0.0004817 
836000 2278 633.028 29011.0 25.964 32.1824 1071 536159.0 719.8463 0.0006239 0.0008688 
837000 2281 623.222 29046.0 25.594 31.6686 1072 536827.0 708.2617 0.0006162 0.0007501 
838000 2281 623.222 29088.0 25.594 31.6686 1072 537577.0 708.2617 0.000626 0.0006957 
839000 2283 636.612 29124.0 26.023 32.3634 1073 538440.0 760.2355 0.0006093 0.0005689 
840000 2286 618.942 29170.0 25.255 31.4509 1075 539377.0 768.3608 0.0005414 0.0004422 
841000 2288 615.571 29212.0 25.344 31.2748 1076 540086.0 736.0247 0.0005811 0.0006801 
842000 2289 614.08 29246.0 24.977 31.2069 1077 540680.0 722.7222 0.0005868 0.0006027 
843000 2290 620.438 29285.0 25.117 31.5207 1078 541404.0 704.85 0.0006301 0.0007249 
844000 2291 624.209 29320.0 25.295 31.7153 1079 542038.0 694.265 0.0005712 0.0007026 
845000 2294 619.554 29375.0 25.47 31.4882 1081 542906.0 651.7146 0.0006514 0.0006673 
846000 2294 619.554 29414.0 25.47 31.4882 1081 543621.0 651.7146 0.0005897 0.0004919 
847000 2296 630.539 29461.0 25.905 32.0142 1082 544379.0 709.8432 0.0005696 0.0006071 
848000 2298 627.925 29497.0 25.59 31.8762 1083 545202.0 774.0589 0.0005555 0.0006171 
849000 2299 627.726 29541.0 25.698 31.8762 1084 545952.0 745.153 0.0006512 0.0006955 
850000 2302 616.431 29570.0 25.197 31.2985 1085 546484.0 730.5377 0.0006973 0.0007834 
851000 2304 611.521 29607.0 24.935 31.0402 1086 547177.0 712.6839 0.0006607 0.0009115 
852000 2305 608.731 29640.0 24.596 30.9134 1087 547751.0 701.2155 0.0007403 0.0009265 
853000 2307 608.522 29686.0 24.589 30.8827 1089 548440.0 638.9446 0.000717 0.000789 
854000 2308 624.312 29734.0 25.277 31.6881 1090 549204.0 673.9501 0.0007252 0.000594 
855000 2311 611.63 29777.0 24.986 31.0559 1091 550011.0 660.8551 0.0005772 0.0006755 
856000 2312 618.117 29819.0 25.266 31.3705 1092 550760.0 718.0696 0.0006413 0.0006371 
857000 2313 614.375 29875.0 25.281 31.1937 1093 551680.0 683.7626 0.0005939 0.0006671 
858000 2314 629.607 29916.0 26.135 31.9635 1093 552389.0 683.7626 0.0006403 0.0006369 
859000 2317 615.205 29955.0 25.453 31.2372 1094 553241.0 806.5864 0.000559 0.000694 
860000 2319 605.05 29999.0 24.823 30.7052 1095 554004.0 785.6277 0.0006401 0.0007401 
861000 2321 608.537 30036.0 25.106 30.8973 1096 554688.0 767.065 0.0007004 0.0007568 
862000 2323 603.715 30069.0 24.731 30.6348 1097 555286.0 744.6585 0.0007565 0.0008127 
863000 2326 584.909 30098.0 23.725 29.69 1099 555793.0 689.6934 0.0007899 0.0008998 
864000 2327 591.311 30136.0 23.871 30.0231 1100 556392.0 673.124 0.0007227 0.0007627 
865000 2328 591.705 30179.0 23.913 30.0432 1101 557102.0 642.8116 0.0012102 0.0007362 
866000 2328 591.705 30218.0 23.913 30.0432 1101 557812.0 642.8116 0.0007732 0.0006197 
867000 2331 606.403 30258.0 24.499 30.7927 1103 558484.0 691.0874 0.0006284 0.0005793 
868000 2332 614.775 30300.0 24.969 31.21 1103 559198.0 691.0874 0.0005545 0.0006394 
869000 2333 610.739 30345.0 24.849 30.9959 1104 559973.0 736.8787 0.0006437 0.0006689 
870000 2336 594.147 30377.0 23.966 30.1741 1105 560580.0 718.3908 0.0005832 0.0006419 
871000 2339 592.086 30425.0 24.079 30.0591 1107 561557.0 699.2566 0.0005926 0.000599 
872000 2340 594.065 30463.0 23.957 30.1695 1108 562226.0 690.1309 0.0005491 0.0006832 
873000 2342 582.526 30504.0 23.577 29.5732 1109 562940.0 667.5178 0.0006349 0.0006369 
874000 2343 586.355 30542.0 23.766 29.7749 1110 563634.0 658.166 0.0005413 0.0004688 
875000 2344 609.188 30588.0 24.67 30.9321 1111 564543.0 730.7494 0.0005791 0.0006378 
876000 2347 588.841 30629.0 23.798 29.8997 1112 565250.0 711.8745 0.0006012 0.0007289 
877000 2348 590.984 30671.0 23.963 30.0367 1113 566079.0 695.087 0.0005701 0.0005287 
878000 2350 599.077 30712.0 24.38 30.4286 1114 566767.0 748.3783 0.000584 0.0005113 
879000 2352 591.916 30757.0 24.061 30.0866 1115 567565.0 733.3405 0.000566 0.0007396 
880000 2354 583.245 30798.0 23.716 29.641 1116 568468.0 715.3064 0.0006045 0.0006656 
881000 2356 575.962 30835.0 23.463 29.2779 1118 569292.0 664.4082 0.0006047 0.0006807 
882000 2357 581.782 30865.0 23.634 29.5669 1119 569791.0 652.3674 0.0006581 0.0006614 
883000 2360 573.386 30912.0 23.263 29.1432 1120 570523.0 677.3307 0.0006621 0.0006924 
884000 2362 569.624 30950.0 22.991 28.9523 1121 571281.0 669.8976 0.0005993 0.0006782 
885000 2363 574.692 30989.0 23.211 29.216 1122 571956.0 659.9078 0.0006013 0.0006484 
886000 2364 579.498 31036.0 23.427 29.4455 1123 572725.0 653.8171 0.0006121 0.0006602 
887000 2365 601.688 31074.0 24.358 30.5993 1124 573394.0 711.3353 0.000684 0.0008125 
888000 2367 594.506 31115.0 23.985 30.2307 1125 574112.0 691.5018 0.0007881 0.0012554 
889000 2368 595.655 31155.0 24.145 30.2797 1126 574812.0 674.3516 0.0006687 0.0006659 
890000 2369 599.682 31199.0 24.322 30.4714 1127 575566.0 663.8165 0.0007198 0.0007229 
891000 2371 605.68 31240.0 24.581 30.7899 1128 576559.0 720.2348 0.0006721 0.000756 
892000 2371 605.68 31271.0 24.581 30.7899 1128 577109.0 720.2348 0.000637 0.0007608 
893000 2373 614.926 31316.0 24.943 31.2365 1130 577983.0 695.6502 0.0006769 0.0006059 
894000 2374 622.328 31350.0 25.105 31.6416 1131 578757.0 701.4852 0.0006163 0.0006474 
895000 2375 627.021 31383.0 25.242 31.8746 1132 579336.0 703.7367 0.0006729 0.0008428 
896000 2376 633.581 31418.0 25.398 32.189 1133 579965.0 691.263 0.0006227 0.0006089 
897000 2378 644.89 31474.0 26.09 32.7855 1135 580834.0 693.723 0.0005708 0.0005371 
898000 2378 644.89 31523.0 26.09 32.7855 1135 581644.0 693.723 0.0005767 0.000707 
899000 2381 646.95 31557.0 26.255 32.8643 1136 582266.0 747.7507 0.0006794 0.0009112 
900000 2382 645.571 31597.0 25.969 32.7914 1137 583000.0 728.1757 0.0006491 0.0007431 
901000 2383 646.779 31631.0 26.07 32.8641 1138 583565.0 705.3581 0.0006704 0.0007108 
902000 2383 646.779 31671.0 26.07 32.8641 1138 584310.0 705.3581 0.0006219 0.0004578 
903000 2385 660.031 31703.0 26.65 33.5146 1139 584878.0 758.2223 0.0006512 0.0005953 
904000 2385 660.031 31737.0 26.65 33.5146 1139 585458.0 758.2223 0.0005724 0.0006534 
905000 2387 687.106 31780.0 27.528 34.887 1140 586202.0 814.3001 0.0007238 0.0007437 
906000 2389 680.762 31815.0 27.134 34.6114 1141 587030.0 873.07 0.0006356 0.0005819 
907000 2391 672.65 31849.0 26.711 34.1748 1142 587633.0 845.563 0.0006637 0.0005078 
908000 2392 674.757 31900.0 26.817 34.2681 1143 588447.0 816.4067 0.0006283 0.0007772 
909000 2393 671.882 31941.0 26.84 34.109 1144 589312.0 793.2661 0.0006288 0.0006336 
910000 2396 650.44 31974.0 25.856 33.0567 1145 589939.0 771.1395 0.000628 0.000654 
911000 2396 650.44 32011.0 25.856 33.0567 1145 590769.0 771.1395 0.0006216 0.0006891 
912000 2397 674.991 32046.0 26.759 34.2682 1146 591398.0 836.9255 0.0006343 0.0007148 
913000 2398 685.031 32096.0 27.304 34.7713 1147 592308.0 838.233 0.0007004 0.0006103 
914000 2398 685.031 32139.0 27.304 34.7713 1147 593283.0 838.233 0.0005992 0.0006359 
915000 2399 716.21 32193.0 28.778 36.3597 1148 594142.0 965.8097 0.0006494 0.0007497 
916000 2400 717.786 32232.0 28.882 36.438 1149 595061.0 929.6287 0.0006218 0.000583 
917000 2403 694.037 32268.0 27.876 35.2548 1151 595869.0 826.2692 0.0006223 0.0006386 
918000 2404 700.696 32300.0 28.019 35.5759 1151 596418.0 826.2692 0.0006213 0.0006261 
919000 2406 706.118 32336.0 28.195 35.8607 1152 597101.0 887.4423 0.0006104 0.0006742 
920000 2410 671.53 32369.0 26.658 34.1019 1154 597757.0 829.8483 0.0005288 0.0006162 
921000 2412 664.244 32410.0 26.417 33.7316 1155 598561.0 764.3635 0.0005883 0.000571 
922000 2412 664.244 32447.0 26.417 33.7316 1155 599196.0 764.3635 0.0006054 0.0006372 
923000 2413 685.019 32491.0 27.229 34.7928 1156 600090.0 889.2271 0.0006019 0.000555 
924000 2415 682.97 32531.0 27.163 34.683 1156 600998.0 889.2271 0.0005447 0.0005551 
925000 2416 675.05 32576.0 26.879 34.2764 1157 601823.0 928.1044 0.0006409 0.0006278 
926000 2417 679.709 32620.0 27.022 34.4988 1158 602547.0 895.194 0.0006057 0.0006751 
927000 2418 701.515 32650.0 27.861 35.6134 1159 603076.0 926.0746 0.000615 0.0007084 
928000 2419 703.405 32696.0 28.004 35.6953 1160 604070.0 914.3671 0.0005383 0.0006101 
929000 2421 685.856 32735.0 27.348 34.7987 1161 604714.0 856.3304 0.0006002 0.0005883 
930000 2422 688.759 32768.0 27.481 34.9749 1162 605468.0 831.0974 0.0006621 0.000576 
931000 2423 698.803 32805.0 27.611 35.468 1163 606317.0 825.3876 0.0006283 0.0006938 
932000 2423 698.803 32843.0 27.611 35.468 1163 607182.0 825.3876 0.0006007 0.0006437 
933000 2426 710.576 32889.0 28.286 36.0622 1166 607905.0 804.8116 0.0005746 0.0005571 
934000 2426 710.576 32937.0 28.286 36.0622 1166 609050.0 804.8116 0.0005693 0.0006241 
935000 2428 710.084 32969.0 28.44 36.0201 1166 609853.0 804.8116 0.0006237 0.0007726 
936000 2429 713.902 33014.0 28.431 36.2274 1167 610602.0 940.0304 0.0005821 0.0006065 
937000 2431 704.186 33058.0 28.111 35.7371 1169 611341.0 820.8346 0.0005901 0.0005615 
938000 2432 724.902 33093.0 28.949 36.7777 1170 611955.0 862.6512 0.0006003 0.000452 
939000 2433 721.784 33134.0 28.91 36.6459 1170 612649.0 862.6512 0.0005765 0.0004344 
940000 2435 716.315 33178.0 28.569 36.3452 1171 613422.0 899.0861 0.0005213 0.000522 
941000 2437 713.425 33218.0 28.586 36.1959 1173 614311.0 836.9097 0.0005382 0.000463 
942000 2437 713.425 33272.0 28.586 36.1959 1173 615156.0 836.9097 0.0005036 0.0005973 
943000 2438 723.577 33304.0 29.274 36.7117 1173 615740.0 836.9097 0.000529 0.000703 
944000 2440 725.699 33343.0 29.304 36.8195 1174 616483.0 907.5187 0.0005629 0.0006894 
945000 2441 720.005 33390.0 28.918 36.5171 1175 617208.0 887.1669 0.0005615 0.0004975 
946000 2444 707.59 33436.0 28.522 35.8866 1176 618005.0 921.6502 0.0005925 0.0005671 
947000 2444 707.59 33482.0 28.522 35.8866 1176 618825.0 921.6502 0.0005403 0.0006213 
948000 2447 708.316 33509.0 28.569 35.7317 1177 619552.0 1005.1852 0.0005621 0.0005265 
949000 2448 699.229 33563.0 28.338 35.2515 1178 620597.0 926.1666 0.0004859 0.0004652 
950000 2449 714.965 33601.0 29.091 35.9031 1178 621246.0 926.1666 0.0005373 0.0005973 
951000 2450 714.606 33647.0 28.989 35.8164 1179 621975.0 1003.35 0.0005479 0.0006806 
952000 2450 714.606 33684.0 28.989 35.8164 1179 622810.0 1003.35 0.0004858 0.0005401 
953000 2452 729.342 33719.0 29.673 36.3867 1180 623434.0 1040.515 0.0004798 0.0003923 
954000 2452 729.342 33760.0 29.673 36.3867 1180 624129.0 1040.515 0.0004716 0.0004511 
955000 2455 728.965 33798.0 29.478 36.2252 1181 624711.0 1088.6635 0.0004984 0.0006472 
956000 2455 728.965 33837.0 29.478 36.2252 1181 625771.0 1088.6635 0.0005908 0.0006491 
957000 2456 742.725 33877.0 29.989 36.7972 1182 626506.0 1137.1971 0.0005593 0.0004967 
958000 2459 734.302 33910.0 29.525 36.2649 1184 627138.0 1035.7897 0.0005209 0.0004922 
959000 2460 739.116 33945.0 29.635 36.4199 1185 627937.0 1012.1107 0.0005071 0.0004938 
960000 2460 739.116 33980.0 29.635 36.4199 1185 628537.0 1012.1107 0.0005156 0.0006489 
961000 2463 733.067 34027.0 29.361 36.0194 1188 629240.0 848.8477 0.0006445 0.0006622 
962000 2463 733.067 34076.0 29.361 36.0194 1188 630055.0 848.8477 0.0005046 0.0006411 
963000 2464 753.825 34116.0 30.154 36.9241 1189 630764.0 884.3629 0.000508 0.0006182 
964000 2464 753.825 34156.0 30.154 36.9241 1189 631494.0 884.3629 0.0005632 0.0006069 
965000 2465 769.189 34193.0 30.951 37.6145 1190 632154.0 916.4266 0.0005355 0.0005014 
966000 2466 789.045 34230.0 31.732 38.4897 1191 632818.0 948.184 0.0005286 0.0004182 
967000 2468 778.417 34263.0 31.142 37.9086 1192 633616.0 933.6656 0.0005094 0.0007674 
968000 2469 778.129 34312.0 31.199 37.8759 1193 634375.0 900.199 0.0004981 0.0006762 
969000 2471 755.57 34354.0 30.378 36.7714 1194 635124.0 838.0791 0.000516 0.0005095 
970000 2473 758.259 34399.0 30.533 36.8557 1195 635857.0 877.0712 0.0004613 0.0004414 
971000 2475 744.544 34446.0 29.95 36.1533 1196 636680.0 846.6641 0.0004558 0.0005112 
972000 2476 747.833 34478.0 30.031 36.2875 1197 637259.0 821.8977 0.0004946 0.0007021 
973000 2477 744.876 34517.0 30.011 36.1228 1198 638119.0 784.7079 0.0005034 0.0004769 
974000 2479 749.325 34558.0 30.188 36.2371 1200 638822.0 768.3734 0.0005269 0.0005315 
975000 2479 749.325 34601.0 30.188 36.2371 1200 639532.0 768.3734 0.0005214 0.0006654 
976000 2481 758.115 34632.0 30.35 36.6676 1201 640115.0 814.3361 0.0004937 0.0004998 
977000 2483 750.401 34680.0 30.318 36.2689 1203 640939.0 751.4622 0.0005858 0.0004475 
978000 2483 750.401 34725.0 30.318 36.2689 1203 641674.0 751.4622 0.000545 0.0006572 
979000 2484 770.613 34767.0 31.112 37.1813 1204 642373.0 799.216 0.0005197 0.0005825 
980000 2485 777.44 34812.0 31.63 37.4418 1204 643392.0 799.216 0.0006098 0.0006929 
981000 2487 769.4 34848.0 31.214 36.9956 1206 644036.0 821.925 0.0005045 0.0005106 
982000 2489 757.746 34882.0 30.585 36.4178 1207 644599.0 794.0325 0.0005857 0.0007666 
983000 2489 757.746 34933.0 30.585 36.4178 1207 645624.0 794.0325 0.0005822 0.0007845 
984000 2492 747.235 34967.0 30.119 35.8357 1208 646266.0 857.3292 0.0005578 0.0007004 
985000 2493 741.63 35004.0 30.037 35.528 1209 646841.0 808.5963 0.0005438 0.0005101 
986000 2494 743.978 35052.0 30.016 35.6301 1210 647610.0 774.1367 0.0005258 0.0004238 
987000 2495 768.398 35097.0 31.296 36.7031 1211 648434.0 856.123 0.0005414 0.0007019 
988000 2496 768.41 35149.0 31.35 36.6699 1212 649263.0 830.4107 0.0005552 0.0006986 
989000 2497 761.182 35192.0 31.243 36.322 1213 650003.0 783.8696 0.0005473 0.0004627 
990000 2498 763.078 35240.0 31.298 36.3811 1214 650777.0 765.8827 0.0005216 0.0005816 
991000 2498 763.078 35283.0 31.298 36.3811 1214 651522.0 765.8827 0.000537 0.0007046 
992000 2501 771.675 35330.0 31.814 36.7044 1216 652274.0 810.675 0.0005793 0.0006229 
993000 2502 763.802 35371.0 31.617 36.3169 1217 652964.0 757.1075 0.000569 0.0003573 
994000 2503 780.046 35426.0 32.465 37.0192 1217 653898.0 757.1075 0.0006199 0.001055 
995000 2505 763.815 35471.0 32.033 36.2497 1218 654651.0 840.6967 0.0005919 0.0005517 
996000 2506 777.419 35521.0 32.672 36.8373 1219 655680.0 927.927 0.0005985 0.0005425 
997000 2509 752.062 35565.0 31.685 35.622 1221 656408.0 825.7709 0.0005224 0.0004949 
998000 2510 751.121 35621.0 31.711 35.5667 1222 657322.0 800.5938 0.0005255 0.0006142 
999000 2512 737.288 35658.0 31.024 34.8814 1223 658000.0 771.3344 0.0005604 0.0006423 
1000000 2513 740.642 35694.0 31.084 35.0067 1224 658659.0 754.101 0.0005611 0.0006477 
