0 0 0.0 0.0 0.0 0.0 0 0.0 0.0 0.0 0.0002406 0.0 1.49e-05 
1000 4 14.1 5.8 0.077 0.9566 1 1076.0 55.7 0.0371787 0.0013341 0.0210309 0.0046907 
2000 9 36.626 8.7 0.161 2.5148 3 1961.0 176.847 0.0158649 0.0013977 0.0084884 0.0047904 
3000 12 50.226 12.0 0.155 3.4329 4 2588.0 190.8623 0.0134701 0.0014741 0.0043551 0.004639 
4000 18 66.984 11.7 0.19 4.5648 6 3153.0 237.7285 0.0112874 0.0010089 0.0028825 0.0037996 
5000 23 78.47 13.6 0.206 5.3825 7 4238.0 298.6556 0.0104375 0.0011384 0.0022005 0.0040198 
6000 27 87.744 18.3 0.215 6.0082 9 5204.0 315.941 0.0096437 0.0010426 0.0018457 0.0043172 
7000 32 102.192 18.4 0.259 6.976 10 5709.0 355.0469 0.0102024 0.0010524 0.001677 0.0042248 
8000 37 112.216 20.3 0.262 7.658 13 7395.0 426.2562 0.0081112 0.0004094 0.0014094 0.0028898 
9000 41 120.561 21.7 0.276 8.2352 14 8031.0 427.3306 0.0072487 0.0008269 0.0012362 0.0036831 
10000 45 131.291 21.1 0.244 8.9402 15 8467.0 408.2975 0.0076452 0.0006109 0.0012598 0.0038829 
11000 49 136.849 22.9 0.212 9.3509 17 9143.0 413.751 0.0067879 0.0007725 0.0011087 0.0041208 
12000 55 144.537 21.3 0.183 9.8478 19 9478.0 380.2683 0.0061638 0.0004801 0.0010459 0.0026733 
13000 58 152.873 26.0 0.243 10.4368 20 10445.0 427.9415 0.0067234 0.0007195 0.0010714 0.004197 
14000 62 163.519 27.4 0.277 11.1654 21 11081.0 417.8473 0.0060706 0.0005561 0.001012 0.004048 
15000 67 165.932 26.9 0.215 11.3666 23 11526.0 408.5863 0.0067523 0.0007158 0.0010888 0.0045305 
16000 71 172.501 28.7 0.256 11.7841 25 12103.0 397.1849 0.0054499 0.0005621 0.0009533 0.0032751 
17000 75 180.275 29.4 0.268 12.3438 26 12569.0 389.1664 0.0055412 0.0005345 0.0009125 0.0041536 
18000 80 179.747 31.3 0.246 12.323 28 13654.0 428.1548 0.0056176 0.000611 0.0009309 0.0043211 
19000 84 187.722 32.9 0.292 12.8825 29 14610.0 413.0393 0.005806 0.0005913 0.0009461 0.0044861 
20000 88 190.094 40.0 0.367 13.0152 31 16017.0 527.6919 0.0054581 0.000587 0.0009083 0.0037822 
21000 92 195.888 45.9 0.472 13.444 32 17203.0 558.6227 0.0063641 0.0006686 0.0010287 0.0046096 
22000 97 197.997 46.2 0.459 13.5654 34 17728.0 557.3144 0.0058955 0.0005002 0.0009686 0.0041616 
23000 101 198.568 53.0 0.495 13.6312 35 19304.0 604.2829 0.0052164 0.0005183 0.0008976 0.004509 
24000 106 198.45 59.7 0.583 13.5897 37 20520.0 632.6992 0.0049443 0.0005508 0.0008569 0.004282 
25000 112 198.431 61.6 0.601 13.6263 39 21404.0 622.9163 0.0054509 0.0005942 0.0009341 0.0051521 
26000 117 198.445 65.4 0.613 13.6379 40 22279.0 626.3247 0.0054949 0.0005451 0.0009389 0.004952 
27000 121 200.311 73.0 0.688 13.7235 42 23935.0 674.653 0.0050582 0.0004276 0.0008883 0.004742 
28000 126 201.593 77.8 0.731 13.8411 44 24921.0 626.2989 0.0044782 0.0004886 0.0008228 0.0041899 
29000 132 197.602 76.4 0.627 13.5857 46 25375.0 555.6321 0.0043591 0.000325 0.0008313 0.0044809 
30000 138 193.693 75.9 0.548 13.2916 48 26019.0 523.792 0.0036372 0.0003295 0.0007221 0.0042765 
31000 143 189.908 76.4 0.461 13.0296 50 26564.0 460.2015 0.0035163 0.0003266 0.0007142 0.0045566 
32000 149 191.414 75.8 0.431 13.1494 52 26999.0 416.6933 0.003115 0.0003229 0.0006521 0.0039551 
33000 154 192.244 76.0 0.403 13.2176 54 27914.0 446.9515 0.0035516 0.0003416 0.0007054 0.0047452 
34000 160 189.156 75.2 0.332 13.0224 56 28428.0 406.4607 0.0033638 0.0003208 0.0006932 0.0046605 
35000 165 189.19 78.2 0.368 13.0108 57 29323.0 412.5147 0.0034707 0.0004293 0.0006879 0.0052213 
36000 172 184.952 80.1 0.359 12.6968 60 30207.0 381.9902 0.0031478 0.0004282 0.0006441 0.004932 
37000 177 184.975 79.4 0.291 12.7359 62 30632.0 379.8421 0.0037952 0.0003993 0.0007047 0.0054988 
38000 183 180.482 80.9 0.245 12.4321 64 31476.0 358.5021 0.0033624 0.0003115 0.0006726 0.0051374 
39000 189 182.953 84.6 0.346 12.5711 66 32840.0 458.2167 0.0040078 0.0004875 0.0007408 0.0059137 
40000 196 176.585 88.1 0.362 12.1597 69 33984.0 434.237 0.0034748 0.0003945 0.0006764 0.005345 
41000 200 180.726 92.6 0.417 12.4338 70 34930.0 462.5133 0.0037209 0.0004144 0.0007539 0.00598 
42000 205 180.516 95.2 0.397 12.4209 72 35785.0 462.0657 0.0032276 0.0003315 0.0006547 0.0053982 
43000 211 183.021 97.4 0.43 12.5672 74 36999.0 511.3032 0.0033493 0.0003503 0.0006644 0.0058595 
44000 217 180.074 96.8 0.364 12.389 76 37434.0 427.3856 0.0031301 0.0003712 0.0006448 0.0053464 
45000 222 179.772 100.5 0.368 12.3675 78 38299.0 420.7124 0.0037055 0.0003495 0.0006976 0.0061323 
46000 228 180.993 101.9 0.384 12.4064 80 39033.0 423.707 0.0035345 0.0003985 0.0006969 0.0063747 
47000 235 175.573 100.1 0.299 12.048 82 39546.0 394.6327 0.002712 0.0002103 0.0005884 0.0052262 
48000 241 174.353 101.7 0.291 11.9737 85 40201.0 360.4542 0.0024121 0.000254 0.0005469 0.0056432 
49000 247 173.772 102.3 0.276 11.933 87 41305.0 398.9979 0.0023643 0.0002117 0.0005387 0.0053816 
50000 253 171.974 101.3 0.202 11.7917 89 41799.0 358.9183 0.0023388 0.0002108 0.0005329 0.0050419 
51000 258 174.408 103.2 0.21 11.9689 90 42584.0 369.7265 0.0024445 0.0002846 0.000552 0.0060862 
52000 264 175.936 104.8 0.249 12.0901 92 43239.0 364.6085 0.0030989 0.0004069 0.0005979 0.0064669 
53000 267 182.726 110.2 0.333 12.5637 93 44176.0 392.8476 0.0029767 0.000291 0.0006141 0.0062642 
54000 273 179.955 111.8 0.305 12.3584 95 44930.0 414.7366 0.0029375 0.0003413 0.000593 0.0065768 
55000 279 181.313 112.8 0.316 12.4484 97 45624.0 419.0666 0.0028082 0.0002558 0.000607 0.0059232 
56000 285 179.636 115.6 0.33 12.3205 100 46809.0 424.9466 0.0028787 0.0003408 0.0005968 0.0065535 
57000 289 183.04 119.0 0.371 12.5461 101 47645.0 414.1519 0.0027986 0.0002784 0.0005687 0.0062369 
58000 294 186.628 119.9 0.353 12.7634 103 48230.0 430.893 0.0026833 0.0003172 0.0005504 0.0065531 
59000 297 192.101 122.2 0.356 13.157 104 48757.0 432.5037 0.0025075 0.0002956 0.0005265 0.0058972 
60000 304 187.135 121.6 0.302 12.8105 107 49291.0 378.5122 0.0026614 0.0002923 0.0005754 0.0067415 
61000 310 183.996 122.7 0.264 12.6252 109 49995.0 361.8249 0.0024328 0.0002769 0.0005526 0.0066799 
62000 316 183.115 121.4 0.243 12.5455 111 50559.0 363.6082 0.002382 0.0002761 0.0005423 0.0071203 
