0 0 0.0 0.0 0.0 0.0 0 0.0 0.0 
1000 5 16.654 43.0 0.791 1.5716 1 480.0 24.0 
2000 11 34.978 92.0 1.498 3.3873 3 1260.0 58.04 
3000 16 50.69 144.0 2.496 4.8656 5 1910.0 136.9124 
4000 21 58.962 216.0 2.72 5.7048 7 2760.0 167.799 
5000 24 77.735 257.0 3.874 7.4927 8 3330.0 235.0191 
6000 28 94.095 316.0 4.913 9.057 9 4190.0 288.5172 
7000 34 103.078 382.0 5.807 9.9676 11 4910.0 311.499 
8000 40 110.471 467.0 6.815 10.7144 13 5950.0 351.5142 
9000 45 117.856 556.0 7.559 11.392 15 7510.0 442.7265 
10000 50 126.938 651.0 8.979 12.2478 16 8510.0 458.4538 
11000 56 131.907 735.0 9.552 12.7169 18 9410.0 477.6476 
12000 60 140.618 755.0 9.174 13.6113 20 9650.0 441.1945 
13000 64 149.562 827.0 9.797 14.4789 21 10410.0 449.0751 
14000 68 157.415 898.0 10.493 15.2484 22 11160.0 450.1676 
15000 71 166.095 949.0 10.795 16.0854 23 12320.0 464.1508 
16000 77 168.335 1007.0 10.735 16.2729 25 12960.0 511.8622 
17000 81 174.683 1078.0 11.28 16.9133 27 13750.0 518.3084 
18000 87 172.58 1163.0 11.569 16.7183 29 14660.0 505.0298 
19000 91 177.923 1289.0 12.807 17.2148 30 16040.0 538.5268 
20000 96 178.2 1361.0 12.628 17.2331 32 16810.0 528.0067 
21000 100 186.623 1440.0 13.767 18.0434 33 17910.0 548.206 
22000 105 182.64 1519.0 13.576 17.6818 35 18980.0 566.2469 
23000 111 183.697 1627.0 14.115 17.7836 37 20120.0 590.06 
24000 114 187.988 1749.0 15.021 18.2297 38 21700.0 632.054 
25000 119 194.88 1827.0 16.134 18.9001 39 23150.0 661.8486 
26000 125 191.203 1910.0 15.85 18.5624 41 24040.0 710.0974 
27000 130 193.118 1993.0 15.87 18.7368 43 24920.0 662.9789 
28000 135 191.805 2093.0 15.777 18.6199 45 25970.0 636.6129 
29000 140 191.6 2179.0 15.909 18.5772 46 27010.0 650.9516 
30000 143 199.75 2272.0 17.259 19.3658 47 28720.0 657.8564 
31000 147 204.976 2369.0 17.397 19.8914 49 29960.0 770.4637 
32000 152 204.865 2468.0 17.669 19.8667 50 31040.0 760.4173 
33000 156 207.535 2569.0 18.052 20.1339 52 32090.0 747.738 
34000 161 207.533 2650.0 18.383 20.1242 53 33030.0 738.9642 
35000 164 213.995 2722.0 18.734 20.7234 54 34010.0 745.0678 
36000 169 212.886 2843.0 18.599 20.6134 56 35270.0 734.6049 
37000 175 209.58 2940.0 19.024 20.2973 58 36300.0 720.13 
38000 181 205.694 3055.0 19.085 19.8898 60 37510.0 700.2053 
39000 185 207.562 3151.0 19.348 20.0591 61 38550.0 702.1848 
40000 192 200.158 3244.0 18.671 19.357 64 39550.0 661.8527 
41000 198 196.169 3354.0 18.611 18.9259 66 40710.0 646.4007 
42000 204 193.058 3464.0 18.553 18.6682 68 41870.0 633.2846 
43000 208 197.943 3564.0 19.05 19.1621 69 43230.0 667.9561 
44000 212 201.482 3648.0 19.2 19.5156 70 44340.0 687.1605 
45000 215 207.468 3741.0 19.895 20.0846 71 45420.0 706.4444 
46000 219 210.225 3840.0 19.804 20.345 73 46680.0 748.92 
47000 222 217.97 3905.0 20.065 21.0778 74 47400.0 755.028 
48000 226 217.693 4025.0 20.486 21.0014 75 49100.0 740.5252 
49000 230 223.279 4108.0 21.14 21.524 76 50200.0 801.4727 
50000 234 226.413 4178.0 20.856 21.8443 78 50980.0 816.2929 
51000 238 225.98 4303.0 21.336 21.7777 79 52310.0 794.6636 
52000 243 222.137 4429.0 21.101 21.4048 81 53890.0 814.7775 
53000 247 225.385 4527.0 22.045 21.7033 82 55040.0 841.2998 
54000 251 228.335 4620.0 22.358 21.9792 83 56730.0 833.1698 
55000 255 228.594 4734.0 22.123 22.0292 85 58620.0 963.6675 
56000 258 230.59 4856.0 22.534 22.2284 86 60770.0 987.3008 
57000 263 233.423 4961.0 23.595 22.5103 87 62580.0 1041.5707 
58000 268 231.379 5117.0 24.476 22.3053 89 64980.0 1092.6723 
59000 272 230.492 5206.0 23.898 22.2042 90 66230.0 1150.405 
60000 276 234.675 5314.0 24.512 22.6207 92 68240.0 1215.3281 
61000 278 243.869 5409.0 25.345 23.536 92 69610.0 1215.3281 
62000 282 238.276 5563.0 24.935 22.969 94 71750.0 1217.4157 
63000 285 238.48 5667.0 25.158 22.9737 95 73840.0 1257.6742 
64000 289 249.409 5789.0 27.309 24.0315 96 75560.0 1302.9068 
65000 293 248.598 5894.0 27.266 23.9398 97 77740.0 1326.6161 
66000 296 254.72 5994.0 27.645 24.5601 98 80740.0 1409.9545 
67000 300 249.166 6088.0 26.174 24.0303 100 81860.0 1450.0631 
68000 303 254.083 6176.0 26.274 24.498 101 83230.0 1430.0568 
69000 306 253.146 6273.0 26.112 24.4315 102 85410.0 1408.0511 
70000 310 262.815 6367.0 27.496 25.3082 103 86860.0 1461.246 
71000 312 261.773 6483.0 26.804 25.2262 104 88970.0 1488.1214 
72000 316 273.376 6588.0 28.739 26.3453 105 90570.0 1520.3093 
73000 320 270.686 6690.0 28.483 26.0502 106 91710.0 1535.2783 
74000 324 268.25 6785.0 27.926 25.8474 108 93170.0 1467.7755 
75000 327 269.349 6918.0 28.053 25.9494 109 94940.0 1452.9979 
76000 330 271.32 7022.0 28.074 26.1368 110 96760.0 1448.6981 
77000 333 275.385 7120.0 28.404 26.5254 111 98910.0 1527.8283 
78000 336 278.819 7237.0 29.016 26.8381 112 100420.0 1547.0455 
79000 339 280.411 7352.0 29.31 26.971 113 102240.0 1559.3409 
80000 342 280.562 7482.0 29.65 26.9756 114 104550.0 1553.4068 
81000 345 282.949 7592.0 29.948 27.1776 115 106610.0 1596.0662 
82000 349 289.003 7704.0 31.604 27.6997 116 108660.0 1632.4595 
83000 351 289.961 7808.0 30.55 27.7915 117 110230.0 1653.2136 
84000 354 290.827 7921.0 30.926 27.9148 118 112480.0 1673.8922 
85000 359 288.655 8022.0 31.583 27.7095 119 113860.0 1702.503 
86000 362 293.642 8140.0 32.189 28.1813 120 115670.0 1673.2527 
87000 364 300.036 8268.0 33.373 28.7966 121 117960.0 1678.9274 
88000 367 300.798 8382.0 33.665 28.8532 122 119830.0 1740.0347 
89000 371 297.81 8499.0 33.379 28.5774 123 121510.0 1758.0312 
90000 375 297.046 8609.0 33.039 28.4899 125 123120.0 1731.7053 
91000 378 295.285 8762.0 33.212 28.3482 126 124960.0 1698.5348 
92000 381 295.869 8900.0 33.489 28.3827 127 127350.0 1717.6813 
93000 386 290.489 9022.0 33.867 27.8795 128 129180.0 1666.9132 
94000 390 283.493 9186.0 33.183 27.2284 130 131570.0 1642.0997 
95000 393 284.845 9316.0 33.464 27.3305 131 134040.0 1706.8897 
96000 396 288.008 9425.0 33.766 27.6399 132 135910.0 1732.2007 
97000 399 291.971 9528.0 34.033 27.9988 133 137140.0 1719.9806 
98000 403 292.286 9674.0 35.156 28.0842 134 139740.0 1677.9826 
99000 408 283.824 9750.0 33.349 27.2738 136 141180.0 1671.9659 
100000 411 284.441 9890.0 33.567 27.3295 137 143280.0 1683.7693 
101000 415 283.34 10004.0 33.496 27.2274 138 144730.0 1664.3924 
102000 420 274.895 10106.0 32.324 26.4094 140 146660.0 1552.5578 
103000 423 276.86 10254.0 32.908 26.5789 141 148670.0 1579.302 
104000 426 277.869 10407.0 33.282 26.6787 142 151360.0 1653.3718 
105000 429 284.69 10481.0 33.806 27.3109 143 152830.0 1694.0347 
106000 432 282.778 10629.0 33.4 27.157 144 154940.0 1641.6312 
107000 435 283.842 10771.0 33.745 27.2347 145 157380.0 1680.4681 
108000 438 286.671 10884.0 34.048 27.5136 146 160670.0 1832.4213 
109000 442 290.924 11010.0 35.459 27.9206 147 163060.0 1805.1791 
110000 445 292.979 11137.0 35.832 28.1193 148 165160.0 1857.6612 
111000 448 295.056 11255.0 36.159 28.2092 149 166870.0 1881.8951 
112000 450 294.096 11369.0 34.846 28.0455 150 168810.0 1866.7056 
113000 453 294.787 11488.0 35.066 28.1218 151 172310.0 1918.035 
114000 456 300.618 11579.0 35.413 28.6989 152 173720.0 2043.2315 
115000 459 301.375 11697.0 34.984 28.8112 153 176020.0 1974.9084 
116000 462 304.569 11799.0 35.196 29.0225 154 177540.0 2007.4175 
117000 465 308.09 11888.0 35.413 29.2355 155 179420.0 2047.6758 
118000 467 312.294 11948.0 36.284 29.5781 155 180890.0 2047.6758 
119000 471 315.422 12071.0 35.929 29.7622 157 183250.0 2103.4174 
120000 474 313.552 12220.0 36.125 29.5377 158 185550.0 2094.0756 
121000 477 315.758 12323.0 36.293 29.6706 159 187710.0 2116.6681 
122000 479 322.528 12433.0 37.268 30.2532 159 189930.0 2116.6681 
123000 482 321.806 12552.0 37.409 30.13 160 192250.0 2140.0013 
124000 486 318.348 12674.0 36.774 29.7742 162 194610.0 2174.201 
125000 489 316.874 12818.0 36.772 29.6618 163 196360.0 2099.7809 
126000 491 327.471 12914.0 37.904 30.7516 163 198240.0 2099.7809 
127000 494 326.784 13024.0 37.831 30.743 164 200880.0 2113.8028 
128000 498 317.138 13140.0 36.407 29.9579 166 202170.0 2039.2803 
129000 502 312.96 13253.0 35.752 29.6606 167 203740.0 1967.3523 
130000 504 314.668 13400.0 35.848 29.8111 168 206650.0 1907.617 
131000 508 317.996 13505.0 37.149 30.3069 169 208800.0 2023.8553 
132000 511 315.661 13635.0 37.299 30.094 170 210920.0 1954.4698 
133000 515 313.455 13759.0 37.097 29.9549 171 212610.0 1964.0228 
134000 518 313.224 13889.0 37.386 29.9834 172 214150.0 1948.6205 
135000 522 304.953 14042.0 36.293 29.2637 174 216360.0 1835.2826 
136000 525 305.567 14168.0 36.416 29.3774 175 218160.0 1821.7544 
137000 528 306.741 14283.0 36.489 29.5415 176 220280.0 1866.5789 
138000 532 306.897 14399.0 37.208 29.6374 177 222180.0 1798.921 
139000 537 298.168 14498.0 35.65 28.7963 179 225380.0 1917.426 
140000 542 288.033 14605.0 34.232 27.8566 180 227270.0 1888.6834 
141000 544 295.549 14766.0 35.835 28.6087 181 230150.0 1875.8151 
142000 549 280.918 14901.0 33.625 27.2537 183 232450.0 1700.0102 
143000 552 287.754 14996.0 34.283 27.9261 184 233560.0 1768.0092 
144000 555 287.234 15144.0 34.266 27.9249 185 236830.0 1828.2083 
145000 559 291.508 15266.0 35.665 28.3323 186 238680.0 1805.3875 
146000 563 287.797 15387.0 35.234 28.0175 187 240430.0 1812.8487 
147000 567 283.992 15505.0 34.698 27.6174 189 243150.0 1867.3075 
148000 570 286.571 15629.0 35.009 27.93 190 245460.0 1909.5767 
149000 572 293.161 15733.0 35.701 28.5919 190 248640.0 1909.5767 
150000 575 297.67 15847.0 35.955 29.0439 191 250350.0 2044.619 
151000 579 288.804 15989.0 34.392 28.225 193 252200.0 1885.6414 
152000 583 291.577 16130.0 35.959 28.5011 194 255300.0 1899.0773 
153000 588 282.469 16265.0 35.101 27.5791 196 257690.0 1970.0526 
154000 591 285.818 16388.0 35.407 27.9279 197 259940.0 1998.0473 
155000 592 296.341 16522.0 37.299 28.9918 197 262230.0 1998.0473 
156000 595 300.263 16643.0 37.304 29.3766 198 265650.0 2027.2426 
157000 600 291.206 16735.0 35.571 28.5055 200 266980.0 2071.2665 
158000 603 289.402 16913.0 35.852 28.3827 201 270260.0 2070.1399 
159000 606 287.763 17076.0 36.116 28.2038 202 273050.0 2089.1259 
160000 611 287.387 17175.0 36.4 28.1585 203 274210.0 2091.2133 
161000 615 284.862 17311.0 36.301 27.9276 205 276690.0 2022.1828 
162000 618 286.821 17446.0 36.586 28.1071 206 280260.0 2167.9645 
163000 621 284.755 17636.0 36.868 27.9258 207 283860.0 2180.168 
164000 624 289.098 17750.0 37.354 28.3582 208 286050.0 2264.1512 
165000 628 290.078 17893.0 38.144 28.4279 209 288610.0 2267.7361 
166000 632 286.919 18033.0 37.927 28.1529 210 291130.0 2135.9625 
167000 636 282.678 18164.0 37.287 27.6869 212 293570.0 2178.8296 
168000 638 289.783 18296.0 38.56 28.4207 212 295990.0 2178.8296 
169000 641 294.991 18431.0 38.999 28.9438 213 298360.0 2213.9467 
170000 644 293.083 18541.0 38.557 28.7556 214 300470.0 2229.552 
171000 647 299.613 18675.0 39.227 29.3845 215 302920.0 2217.5968 
172000 651 294.707 18802.0 38.511 28.9354 217 305220.0 2240.2534 
173000 653 297.28 18943.0 39.419 29.1545 217 307490.0 2240.2534 
174000 656 304.658 19076.0 40.152 29.8967 218 310030.0 2270.2281 
175000 660 299.514 19216.0 39.362 29.4024 220 312270.0 2253.0847 
176000 663 297.778 19365.0 39.01 29.2216 221 315850.0 2271.7763 
177000 666 304.4 19447.0 39.562 29.8977 222 317150.0 2307.5986 
178000 669 302.05 19622.0 39.549 29.6735 223 320000.0 2298.8388 
179000 672 305.784 19733.0 39.917 30.0551 224 322280.0 2333.9549 
180000 675 307.942 19851.0 40.048 30.2655 225 325110.0 2394.5594 
181000 678 309.019 19989.0 40.299 30.3887 226 327550.0 2396.1035 
182000 681 307.897 20143.0 40.262 30.2147 227 330090.0 2369.4931 
183000 684 308.307 20290.0 40.519 30.2853 228 333260.0 2379.5438 
184000 687 308.35 20437.0 40.598 30.3076 229 336230.0 2410.5894 
185000 690 310.694 20561.0 40.877 30.5304 230 338500.0 2419.5305 
186000 693 311.213 20713.0 41.117 30.6362 231 341390.0 2487.5774 
187000 697 309.752 20843.0 41.695 30.4654 232 343420.0 2430.8197 
188000 702 302.105 20979.0 40.625 29.7414 234 345910.0 2328.9639 
189000 704 308.437 21124.0 41.872 30.3239 234 348010.0 2328.9639 
190000 708 303.31 21266.0 41.035 29.8407 236 351050.0 2362.3608 
191000 711 303.438 21421.0 41.207 29.8434 237 353260.0 2322.1247 
192000 714 304.992 21559.0 41.438 30.0 238 355480.0 2311.9122 
193000 720 291.956 21681.0 39.658 28.7144 240 357530.0 2099.1489 
194000 723 290.219 21841.0 39.463 28.5495 241 360240.0 2084.234 
195000 726 290.921 21995.0 39.691 28.6011 242 362640.0 2112.8106 
196000 730 292.817 22164.0 41.126 28.8228 243 365290.0 2076.5296 
197000 733 295.287 22297.0 41.475 29.0561 244 367050.0 2046.8766 
198000 738 286.827 22415.0 39.796 28.2194 246 368640.0 1967.0701 
199000 741 285.651 22563.0 39.421 28.1017 247 370980.0 1950.363 
200000 744 285.93 22720.0 39.414 28.1454 248 373610.0 1958.3267 
201000 747 289.711 22847.0 39.861 28.5387 249 376480.0 2069.4941 
202000 751 289.98 22951.0 39.698 28.5541 250 377730.0 2037.5447 
203000 753 293.314 23101.0 39.93 28.8524 251 380360.0 2038.7902 
204000 757 293.784 23241.0 40.648 28.865 252 382390.0 2021.9112 
205000 761 291.222 23362.0 40.166 28.6334 253 384230.0 1940.7201 
206000 764 295.582 23504.0 40.606 29.1074 254 386410.0 1933.6481 
207000 768 292.062 23633.0 39.941 28.7905 256 388240.0 1940.0549 
208000 771 293.134 23774.0 40.275 28.9082 257 390310.0 1951.0494 
209000 774 294.452 23929.0 40.626 29.0246 258 392520.0 1962.9445 
210000 777 292.923 24108.0 40.651 28.8719 259 395290.0 1962.65 
211000 780 293.142 24257.0 40.687 28.9278 260 397820.0 1964.385 
212000 784 294.32 24410.0 41.938 29.0257 261 400020.0 1950.9465 
213000 787 296.694 24563.0 42.403 29.266 262 402170.0 1965.8519 
214000 792 289.339 24686.0 41.138 28.5675 264 404050.0 1954.44 
215000 795 287.845 24870.0 41.217 28.4333 265 406500.0 1940.996 
216000 798 285.877 25051.0 41.184 28.2027 266 409390.0 1913.8964 
217000 801 291.695 25155.0 41.489 28.7624 267 411230.0 1949.5068 
218000 804 292.952 25308.0 41.742 28.9104 268 414340.0 2031.5561 
219000 807 295.18 25450.0 42.022 29.1576 269 416720.0 2124.4005 
220000 810 299.91 25555.0 42.267 29.6348 270 418690.0 2148.9604 
221000 813 299.01 25727.0 42.365 29.5448 271 421160.0 2139.0644 
222000 816 303.276 25836.0 42.629 29.952 272 423170.0 2164.158 
223000 819 305.79 25965.0 42.849 30.1773 273 425400.0 2183.7422 
224000 822 308.063 26093.0 43.027 30.3657 274 427210.0 2181.3679 
225000 824 311.912 26209.0 43.958 30.7798 274 429560.0 2181.3679 
226000 827 316.85 26343.0 44.057 31.2586 275 432050.0 2232.2311 
227000 830 316.165 26485.0 44.132 31.2012 276 434230.0 2258.008 
228000 832 325.346 26632.0 45.499 32.1614 277 436440.0 2250.2072 
229000 834 320.681 26779.0 43.834 31.6681 278 438950.0 2249.1865 
230000 837 324.157 26894.0 44.12 32.0058 279 440920.0 2278.2679 
231000 840 326.78 27037.0 44.395 32.283 280 444300.0 2304.4411 
232000 843 320.488 27196.0 44.108 31.6701 281 446940.0 2366.997 
233000 847 329.68 27312.0 45.707 32.5629 282 448460.0 2385.2973 
234000 849 328.597 27440.0 44.537 32.468 283 451670.0 2346.7675 
235000 853 330.658 27600.0 46.048 32.6431 284 454480.0 2448.0908 
236000 856 330.856 27765.0 46.621 32.6648 285 457890.0 2439.2817 
237000 860 323.771 27913.0 45.888 31.9841 286 460450.0 2518.3535 
238000 864 317.185 28063.0 45.04 31.3001 288 462920.0 2499.0664 
239000 867 318.743 28201.0 45.243 31.4569 289 466050.0 2572.1597 
240000 870 318.202 28359.0 45.302 31.45 290 468190.0 2511.9438 
241000 873 316.448 28537.0 45.358 31.2403 291 471000.0 2477.7494 
242000 876 317.007 28677.0 45.421 31.2775 292 473360.0 2486.9744 
243000 879 315.285 28858.0 45.498 31.089 293 476570.0 2479.277 
244000 882 312.863 29031.0 45.648 30.8534 294 479680.0 2493.3493 
245000 885 311.461 29190.0 45.773 30.7129 295 481790.0 2466.0144 
246000 889 319.23 29327.0 47.368 31.4897 296 483970.0 2420.4129 
247000 891 313.733 29497.0 46.022 30.9468 297 486910.0 2402.3716 
248000 895 320.836 29627.0 47.74 31.6965 298 488980.0 2434.1345 
249000 898 321.283 29775.0 47.843 31.7157 299 491310.0 2405.721 
250000 902 313.381 29921.0 46.618 30.9033 300 493440.0 2392.1489 
251000 905 316.478 30067.0 47.102 31.2243 301 496330.0 2379.934 
252000 906 315.989 30219.0 46.339 31.2035 302 500000.0 2415.9406 
253000 909 322.738 30332.0 46.4 31.8665 303 501890.0 2536.3466 
254000 913 325.723 30485.0 47.907 32.1595 304 503950.0 2504.7119 
255000 916 326.501 30620.0 47.812 32.2358 305 506050.0 2450.2407 
256000 919 326.378 30772.0 47.993 32.2102 306 508430.0 2400.2166 
257000 924 313.515 30895.0 45.6 30.9814 308 510370.0 2330.6755 
258000 927 314.259 31046.0 45.758 30.978 309 512640.0 2320.6079 
259000 930 314.349 31202.0 45.813 31.0184 310 515010.0 2307.5471 
260000 933 315.603 31343.0 45.909 31.1449 311 517180.0 2297.7924 
261000 935 321.279 31449.0 46.659 31.6904 311 518820.0 2297.7924 
262000 939 314.226 31630.0 45.226 30.9694 313 522040.0 2262.8119 
263000 942 315.894 31764.0 45.38 31.1383 314 524230.0 2267.5307 
264000 945 315.742 31930.0 45.601 31.1541 315 526740.0 2275.7776 
265000 948 310.634 32120.0 45.358 30.5861 316 529950.0 2251.1999 
266000 953 310.86 32267.0 46.336 30.6106 317 532200.0 2253.0799 
267000 956 312.19 32412.0 46.475 30.7282 318 534710.0 2249.7719 
268000 959 312.794 32560.0 46.641 30.7962 319 537450.0 2273.7947 
269000 962 312.791 32669.0 45.79 30.7892 320 538690.0 2323.4152 
270000 964 317.502 32841.0 47.202 31.2848 321 541430.0 2239.0737 
271000 968 314.853 32964.0 46.25 31.0313 322 543110.0 2256.1663 
272000 971 313.763 33106.0 46.018 30.9315 323 545380.0 2199.5497 
273000 975 312.627 33235.0 45.39 30.8101 325 547340.0 2181.0353 
274000 978 313.633 33385.0 45.604 30.9038 326 550080.0 2236.9317 
275000 981 314.639 33523.0 45.58 31.0187 327 553000.0 2305.2386 
276000 983 321.636 33675.0 46.734 31.6941 327 555850.0 2305.2386 
277000 987 315.693 33819.0 45.89 31.1156 329 557870.0 2325.5432 
278000 990 311.678 33996.0 45.207 30.7269 330 560610.0 2266.9889 
279000 994 312.236 34142.0 45.917 30.7838 331 562650.0 2237.29 
280000 997 312.949 34317.0 46.612 30.7933 332 565290.0 2169.561 
281000 999 307.091 34483.0 45.14 30.2768 333 568180.0 2184.6049 
282000 1002 312.19 34606.0 45.367 30.7612 334 570170.0 2240.1444 
283000 1005 312.267 34753.0 45.419 30.779 335 573390.0 2233.13 
284000 1008 312.363 34892.0 45.6 30.7581 336 575930.0 2332.817 
285000 1011 310.354 35050.0 45.395 30.5804 337 578760.0 2343.5353 
286000 1014 313.729 35196.0 45.665 30.9134 338 581160.0 2387.1818 
287000 1017 319.594 35302.0 45.9 31.4518 339 582750.0 2394.4636 
288000 1020 320.526 35447.0 46.015 31.5766 340 584960.0 2377.0172 
289000 1023 325.767 35537.0 46.286 32.1175 341 586640.0 2418.3155 
290000 1026 328.189 35651.0 46.361 32.3501 342 588320.0 2379.4839 
291000 1026 328.189 35806.0 46.361 32.3501 342 590600.0 2379.4839 
292000 1029 338.072 35929.0 46.553 33.2711 343 592590.0 2369.5356 
293000 1032 335.665 36091.0 46.609 33.0717 344 595070.0 2353.582 
294000 1035 335.413 36228.0 46.789 33.0562 345 597150.0 2356.2238 
295000 1038 340.449 36334.0 46.899 33.5155 346 598590.0 2344.6014 
296000 1041 335.482 36517.0 46.888 33.0184 347 601980.0 2368.1413 
297000 1045 338.013 36666.0 48.375 33.3104 348 604240.0 2343.3271 
298000 1048 336.358 36821.0 48.636 33.1436 349 606550.0 2332.9944 
299000 1053 326.714 36959.0 46.783 32.186 351 608710.0 2301.3255 
300000 1056 322.356 37131.0 46.36 31.7198 352 611130.0 2235.1929 
301000 1059 322.99 37283.0 46.602 31.8006 353 613800.0 2280.6736 
302000 1062 322.624 37439.0 46.639 31.7775 354 616120.0 2272.6063 
303000 1065 323.867 37577.0 46.777 31.8856 355 618360.0 2281.3457 
304000 1067 331.515 37682.0 47.947 32.6287 355 619990.0 2281.3457 
305000 1071 328.099 37832.0 47.115 32.2817 357 622460.0 2309.99 
306000 1072 335.637 37990.0 49.092 33.0678 357 625870.0 2309.99 
307000 1074 342.416 38203.0 50.171 33.7163 358 630610.0 2795.991 
308000 1077 345.016 38307.0 50.126 33.9673 359 632190.0 2744.3919 
309000 1080 343.214 38470.0 50.103 33.7312 360 635270.0 2747.9527 
310000 1083 342.37 38624.0 50.082 33.6621 361 637480.0 2692.1574 
311000 1086 343.375 38752.0 50.082 33.7651 362 639390.0 2661.9417 
312000 1089 343.117 38894.0 50.003 33.7508 363 641580.0 2621.7475 
313000 1090 354.155 39046.0 52.103 34.8548 363 643930.0 2621.7475 
314000 1092 359.29 39227.0 52.909 35.3904 364 646930.0 2857.5728 
315000 1095 358.087 39342.0 52.044 35.275 365 648910.0 2770.8155 
316000 1098 359.571 39433.0 51.444 35.4028 366 650130.0 2656.7339 
317000 1100 364.278 39588.0 52.455 35.8982 366 653520.0 2656.7339 
318000 1102 370.133 39726.0 53.098 36.4005 367 655920.0 2730.0605 
319000 1104 363.702 39872.0 51.113 35.842 368 658230.0 2703.0545 
320000 1107 362.171 40007.0 50.969 35.6921 369 660260.0 2667.749 
321000 1110 366.998 40090.0 50.891 36.1175 370 661520.0 2629.9741 
322000 1113 361.078 40253.0 50.232 35.5754 371 664400.0 2530.9767 
323000 1116 360.208 40376.0 50.203 35.453 372 666410.0 2593.8791 
324000 1120 359.31 40508.0 50.284 35.4066 373 668580.0 2461.4911 
325000 1123 357.753 40661.0 50.379 35.1784 374 670960.0 2416.342 
326000 1127 350.095 40811.0 49.408 34.4277 375 673130.0 2402.7078 
327000 1128 355.113 40997.0 50.26 34.9459 376 675970.0 2517.437 
328000 1133 346.787 41109.0 49.286 34.1274 377 679170.0 2531.6933 
329000 1134 347.711 41321.0 49.7 34.2083 378 682780.0 2612.524 
330000 1140 337.237 41420.0 48.423 33.173 380 684450.0 2479.3444 
331000 1143 338.194 41566.0 48.488 33.2416 381 687150.0 2506.41 
332000 1146 333.652 41753.0 48.384 32.8284 382 690530.0 2522.769 
333000 1149 330.606 41936.0 48.258 32.4528 383 693350.0 2487.4921 
334000 1152 336.347 42005.0 48.397 33.0134 384 694780.0 2517.7429 
335000 1153 345.78 42157.0 50.369 33.9719 384 697230.0 2517.7429 
336000 1156 349.282 42307.0 50.443 34.2839 385 699970.0 2513.9686 
337000 1159 349.312 42445.0 50.29 34.2772 386 702500.0 2540.5717 
338000 1161 342.215 42611.0 48.693 33.6258 387 705010.0 2554.5146 
339000 1164 353.634 42751.0 51.361 34.7595 388 707140.0 2741.0631 
340000 1167 351.38 42906.0 51.226 34.5413 389 709460.0 2693.9568 
341000 1170 348.788 43047.0 50.531 34.2657 390 711250.0 2578.5611 
342000 1173 348.041 43195.0 50.503 34.1696 391 713940.0 2598.705 
343000 1174 357.2 43383.0 52.553 35.0889 391 716740.0 2598.705 
344000 1176 365.509 43520.0 53.499 35.9038 392 718820.0 2785.8345 
345000 1179 364.487 43655.0 53.278 35.7936 393 720830.0 2744.2511 
346000 1182 363.698 43790.0 53.101 35.7113 394 722990.0 2707.826 
347000 1185 361.398 43948.0 52.924 35.4864 395 725330.0 2666.0434 
348000 1188 357.369 44122.0 52.555 35.115 396 728400.0 2646.439 
349000 1191 359.28 44234.0 52.421 35.2905 397 730100.0 2620.7951 
350000 1192 367.175 44389.0 54.333 36.0801 397 732490.0 2620.7951 
351000 1194 363.931 44536.0 52.279 35.7265 398 734810.0 2597.7156 
352000 1196 382.092 44663.0 55.587 37.5172 398 736650.0 2597.7156 
353000 1198 386.48 44819.0 56.581 37.9434 399 739060.0 2761.944 
354000 1199 387.491 44951.0 55.509 38.0392 399 740930.0 2761.944 
355000 1202 394.14 45094.0 57.507 38.691 400 743130.0 2909.7496 
356000 1205 390.301 45218.0 56.462 38.3195 401 746360.0 2834.7747 
357000 1208 385.439 45361.0 55.732 37.8593 402 748650.0 2880.2972 
358000 1212 376.694 45512.0 54.348 37.0105 404 751220.0 2774.7407 
359000 1215 373.401 45663.0 53.885 36.686 405 753520.0 2714.2667 
360000 1218 368.755 45825.0 53.265 36.1974 406 755780.0 2629.84 
361000 1223 356.767 45979.0 52.12 35.07 407 758220.0 2571.856 
362000 1225 358.807 46117.0 52.712 35.2426 408 760130.0 2429.6704 
363000 1229 354.372 46261.0 51.572 34.7865 409 762050.0 2384.7034 
364000 1232 350.648 46408.0 51.281 34.4584 410 764270.0 2332.233 
365000 1234 357.831 46549.0 52.164 35.1696 411 766140.0 2320.0097 
366000 1238 350.413 46693.0 50.976 34.4975 412 768260.0 2271.0087 
367000 1240 352.511 46842.0 51.577 34.652 413 771100.0 2254.9079 
368000 1244 347.135 46971.0 50.244 34.1266 414 772780.0 2312.4171 
369000 1247 346.045 47113.0 50.254 34.0036 415 776050.0 2247.1754 
370000 1251 337.001 47282.0 48.875 33.1517 417 778560.0 2303.5121 
371000 1253 345.127 47383.0 49.697 33.9264 417 780400.0 2303.5121 
372000 1255 350.847 47527.0 50.55 34.4987 418 783690.0 2319.1609 
373000 1259 342.839 47657.0 49.198 33.6903 419 785580.0 2416.2448 
374000 1263 337.73 47793.0 48.038 33.1985 421 787530.0 2322.2583 
375000 1266 334.277 47958.0 47.629 32.8464 422 790030.0 2276.0324 
376000 1269 336.202 48065.0 47.52 33.015 423 791450.0 2246.4292 
377000 1272 335.141 48214.0 47.36 32.9428 424 793460.0 2206.7863 
378000 1275 331.95 48391.0 47.157 32.6256 425 796160.0 2186.1076 
379000 1277 342.819 48478.0 48.237 33.6953 425 797370.0 2186.1076 
380000 1280 342.399 48620.0 48.166 33.6796 426 799350.0 2182.4969 
381000 1284 334.608 48761.0 47.028 32.9173 428 801240.0 2127.9225 
382000 1287 335.321 48905.0 47.166 33.023 429 803340.0 2132.1302 
383000 1290 335.631 49042.0 47.025 33.0259 430 805370.0 2121.9172 
384000 1293 332.706 49197.0 46.841 32.7109 431 807540.0 2101.7255 
385000 1296 332.345 49344.0 46.874 32.6778 432 809770.0 2112.5529 
386000 1298 332.254 49453.0 47.278 32.5832 432 811590.0 2112.5529 
387000 1302 333.392 49593.0 46.524 32.572 434 813750.0 2110.2679 
388000 1304 338.781 49727.0 47.395 33.0302 434 815550.0 2110.2679 
389000 1307 338.691 49858.0 47.098 32.8871 435 818750.0 2084.2411 
390000 1310 340.505 50009.0 47.381 32.9571 436 821360.0 2280.817 
391000 1312 342.334 50153.0 48.264 33.0878 437 823320.0 2232.7353 
392000 1315 343.37 50295.0 48.001 33.1307 438 825400.0 2202.4618 
393000 1319 337.957 50434.0 47.307 32.5321 439 827470.0 2193.2156 
394000 1323 329.362 50600.0 46.33 31.6045 441 829840.0 2163.2046 
395000 1326 325.497 50786.0 46.172 31.2285 442 832500.0 2127.8842 
396000 1329 326.536 50924.0 46.233 31.2728 443 834320.0 2108.0957 
397000 1332 326.836 51061.0 46.187 31.2352 444 836350.0 2102.2862 
398000 1335 323.154 51243.0 45.995 30.8547 445 839150.0 2089.0576 
399000 1338 321.62 51407.0 46.175 30.6248 446 841450.0 2096.1518 
400000 1341 323.253 51540.0 46.323 30.7217 447 843530.0 2110.5366 
401000 1344 323.259 51666.0 46.35 30.7101 448 845360.0 2108.483 
402000 1347 322.269 51810.0 46.071 30.5859 449 847460.0 2081.6347 
403000 1350 321.005 51962.0 46.0 30.426 450 849640.0 2076.4712 
404000 1353 332.85 52001.0 46.178 31.4847 451 850100.0 2084.8241 
405000 1356 332.893 52140.0 46.217 31.4463 452 852150.0 2085.3417 
406000 1359 329.659 52324.0 46.142 31.1359 453 854730.0 2060.8075 
407000 1362 326.635 52501.0 46.106 30.8209 454 857390.0 2059.7267 
408000 1365 325.344 52671.0 46.338 30.6646 455 859840.0 2072.7541 
409000 1368 333.928 52804.0 48.374 31.4113 456 861700.0 2225.4787 
410000 1371 329.74 52993.0 48.019 31.0102 457 864370.0 2178.9308 
411000 1374 332.265 53103.0 48.012 31.2458 458 865900.0 2173.0377 
412000 1377 330.889 53267.0 47.971 31.0874 459 868250.0 2166.7339 
413000 1380 330.606 53418.0 47.994 31.0318 460 870700.0 2173.0606 
414000 1383 326.297 53604.0 47.734 30.634 461 873540.0 2154.7545 
415000 1386 323.201 53756.0 47.505 30.336 462 876030.0 2139.279 
416000 1390 329.749 53894.0 49.055 30.8808 463 878080.0 2160.3511 
417000 1393 329.406 54038.0 48.941 30.8644 464 880180.0 2157.316 
418000 1395 325.394 54188.0 47.479 30.45 465 882140.0 2155.5844 
419000 1399 329.848 54329.0 48.986 30.8726 466 884220.0 2131.026 
420000 1401 324.877 54484.0 47.321 30.4116 467 886420.0 2121.9234 
421000 1405 330.225 54615.0 48.773 30.8822 468 888400.0 2124.731 
422000 1408 330.883 54757.0 48.841 30.9408 469 890480.0 2127.2579 
423000 1412 325.807 54912.0 48.173 30.4649 470 892710.0 2118.5321 
424000 1416 318.553 55057.0 47.164 29.78 472 894640.0 2088.111 
425000 1418 325.738 55209.0 48.339 30.4684 472 896900.0 2088.111 
426000 1421 324.612 55354.0 48.167 30.3748 473 899010.0 2108.2999 
427000 1424 324.696 55499.0 48.134 30.3273 474 901430.0 2115.4699 
428000 1427 327.531 55647.0 48.416 30.5813 475 903570.0 2138.9229 
429000 1429 333.154 55794.0 49.279 31.1151 476 905780.0 2139.0307 
430000 1433 328.206 55926.0 48.193 30.6755 477 907770.0 2149.1276 
431000 1435 330.818 56075.0 48.783 30.9287 478 909720.0 2137.2148 
432000 1438 332.933 56227.0 49.293 31.0639 479 911900.0 2118.4933 
433000 1442 329.226 56378.0 48.543 30.7065 480 914080.0 2118.644 
434000 1446 319.394 56555.0 47.352 29.8088 482 916600.0 2112.2016 
435000 1449 321.773 56680.0 47.508 30.0325 483 918430.0 2119.9815 
436000 1452 321.255 56846.0 47.641 30.0058 484 920790.0 2125.9833 
437000 1455 317.431 57044.0 47.491 29.6517 485 923790.0 2126.385 
438000 1458 315.382 57208.0 47.257 29.3952 486 926270.0 2098.7465 
439000 1461 316.151 57357.0 47.345 29.4847 487 928420.0 2103.8719 
440000 1464 316.186 57513.0 47.375 29.4946 488 930640.0 2105.4847 
441000 1467 318.219 57655.0 47.479 29.6989 489 932720.0 2110.9362 
442000 1470 322.906 57759.0 47.633 30.1043 490 934190.0 2127.8426 
443000 1473 321.152 57930.0 47.667 29.9212 491 936800.0 2128.0583 
444000 1476 320.214 58094.0 47.676 29.8247 492 938820.0 2119.2525 
445000 1479 322.223 58221.0 47.61 30.0348 493 940760.0 2097.3272 
446000 1482 324.96 58343.0 47.73 30.2964 494 942410.0 2105.5945 
447000 1485 321.676 58522.0 47.526 29.9823 495 945090.0 2087.0351 
448000 1488 320.773 58688.0 47.636 29.8905 496 947410.0 2095.3316 
449000 1491 324.841 58800.0 47.755 30.2609 497 949190.0 2112.7984 
450000 1494 327.852 58911.0 47.849 30.5368 498 950600.0 2128.5186 
451000 1497 328.076 59056.0 47.859 30.5256 499 952800.0 2137.6667 
452000 1500 326.902 59225.0 47.939 30.4074 500 955380.0 2139.9 
453000 1503 323.141 59405.0 47.757 30.0959 501 958560.0 2128.91 
454000 1506 325.617 59538.0 47.833 30.3248 502 960550.0 2181.019 
455000 1509 327.086 59673.0 47.958 30.5026 503 962330.0 2181.9171 
456000 1512 324.216 59846.0 47.756 30.1726 504 965340.0 2195.7254 
457000 1515 324.333 59995.0 47.76 30.1986 505 967490.0 2188.1529 
458000 1519 325.926 60152.0 48.992 30.3514 506 969740.0 2176.3376 
459000 1524 315.614 60294.0 47.315 29.3853 508 971840.0 2147.7334 
460000 1525 324.661 60450.0 49.369 30.2595 508 974040.0 2147.7334 
461000 1527 331.476 60651.0 50.416 30.8965 509 976350.0 2317.9601 
462000 1530 334.26 60759.0 50.39 31.1286 510 977970.0 2305.1641 
463000 1533 335.148 60903.0 50.368 31.1734 511 980070.0 2293.6477 
464000 1535 340.011 61057.0 51.393 31.6501 511 982260.0 2293.6477 
465000 1536 347.271 61276.0 52.825 32.3413 512 985740.0 2481.2829 
466000 1539 351.641 61353.0 52.604 32.7551 513 986670.0 2449.1546 
467000 1542 346.477 61552.0 52.271 32.2667 514 989540.0 2404.2392 
468000 1545 347.284 61672.0 51.986 32.3478 515 991170.0 2374.8152 
469000 1547 351.459 61764.0 52.791 32.6921 515 992620.0 2374.8152 
470000 1549 361.863 61921.0 53.718 33.687 516 994840.0 2354.3337 
471000 1553 353.539 62056.0 52.25 32.8791 517 996870.0 2335.9003 
472000 1554 350.528 62198.0 51.345 32.603 518 999020.0 2309.3103 
473000 1557 353.0 62347.0 51.172 32.814 519 1001260.0 2301.3793 
474000 1560 356.128 62471.0 51.105 33.1249 520 1003160.0 2299.2414 
475000 1563 353.799 62630.0 50.975 32.8841 521 1005410.0 2284.3172 
476000 1567 355.125 62778.0 52.217 33.0475 522 1007560.0 2265.8855 
477000 1570 352.53 62928.0 51.893 32.8151 523 1009720.0 2249.2969 
478000 1572 346.262 63094.0 50.452 32.2417 524 1012030.0 2239.3673 
479000 1575 350.226 63207.0 50.423 32.6462 525 1013730.0 2234.4305 
480000 1580 343.388 63344.0 50.128 32.0396 526 1015320.0 2213.9875 
481000 1582 349.986 63510.0 51.536 32.6507 527 1017720.0 2122.5887 
482000 1584 349.95 63720.0 52.071 32.6815 528 1020740.0 2324.3299 
483000 1587 348.618 63871.0 51.897 32.5429 529 1023000.0 2316.8969 
484000 1590 350.901 63974.0 51.765 32.7712 530 1024380.0 2303.2072 
485000 1593 346.963 64155.0 51.437 32.3912 531 1027030.0 2270.8865 
486000 1595 355.487 64236.0 52.399 33.1836 531 1028180.0 2270.8865 
487000 1599 348.517 64373.0 50.759 32.5101 533 1030840.0 2289.618 
488000 1602 345.56 64549.0 50.594 32.2372 534 1033340.0 2272.6562 
489000 1604 352.613 64661.0 51.608 32.927 534 1035030.0 2272.6562 
490000 1607 352.877 64812.0 51.437 32.9442 535 1037290.0 2264.3906 
491000 1611 344.96 64960.0 50.382 32.2188 537 1039360.0 2244.5564 
492000 1612 357.72 65116.0 52.474 33.4167 537 1041560.0 2244.5564 
493000 1614 357.844 65333.0 53.048 33.3657 538 1045410.0 2507.1008 
494000 1617 355.325 65493.0 52.778 33.1514 539 1047860.0 2470.3907 
495000 1620 351.835 65669.0 52.62 32.8496 540 1050370.0 2451.3516 
496000 1622 355.752 65819.0 53.539 33.205 540 1053110.0 2451.3516 
497000 1624 370.367 65984.0 56.868 34.5583 541 1055520.0 2684.2164 
498000 1626 375.737 66135.0 57.327 35.0639 542 1058370.0 2891.7948 
499000 1629 375.023 66270.0 56.91 35.0139 543 1060380.0 2821.6153 
500000 1632 371.611 66422.0 56.473 34.6535 544 1062560.0 2756.4538 
501000 1635 367.193 66579.0 55.833 34.2577 545 1064790.0 2685.8084 
502000 1638 359.532 66774.0 54.631 33.5817 546 1067930.0 2587.2276 
503000 1641 363.93 66838.0 54.318 33.9773 547 1068690.0 2546.5048 
504000 1644 361.619 66993.0 53.982 33.7789 548 1071240.0 2535.8543 
505000 1647 356.454 67176.0 53.374 33.2487 549 1074010.0 2482.2689 
506000 1650 355.08 67319.0 53.039 33.1318 550 1076400.0 2475.042 
507000 1653 350.683 67500.0 52.674 32.7571 551 1079190.0 2436.5378 
508000 1656 348.313 67641.0 52.384 32.4896 552 1081560.0 2404.884 
509000 1660 350.231 67781.0 53.147 32.704 553 1083540.0 2397.3956 
510000 1662 347.317 67929.0 51.713 32.3894 554 1085670.0 2369.6561 
511000 1665 347.518 68062.0 51.52 32.3945 555 1087770.0 2337.6905 
512000 1668 352.868 68118.0 51.335 32.8726 556 1088450.0 2337.9214 
513000 1671 347.527 68308.0 50.82 32.3938 557 1091720.0 2340.1293 
514000 1674 344.063 68480.0 50.551 32.0866 558 1095120.0 2353.1163 
515000 1677 344.823 68610.0 50.468 32.1062 559 1096760.0 2363.8047 
516000 1682 331.129 68759.0 48.508 30.8278 560 1099040.0 2331.4242 
517000 1686 324.478 68930.0 47.993 30.2115 562 1101180.0 2117.5536 
518000 1689 326.812 69044.0 47.932 30.4362 563 1103340.0 2154.7983 
519000 1692 324.983 69221.0 47.931 30.291 564 1106110.0 2181.3184 
520000 1692 324.983 69303.0 47.931 30.291 564 1107250.0 2181.3184 
521000 1696 341.364 69433.0 49.429 31.829 565 1109130.0 2182.1866 
522000 1698 339.937 69570.0 48.079 31.6431 566 1111150.0 2168.9679 
523000 1701 339.674 69714.0 48.094 31.6362 567 1113260.0 2166.0711 
524000 1706 335.75 69863.0 48.555 31.2995 568 1115450.0 2152.464 
525000 1707 338.695 70002.0 47.904 31.5971 569 1117780.0 2152.2176 
526000 1710 340.382 70132.0 48.036 31.7621 570 1119650.0 2185.9959 
527000 1712 344.703 70262.0 48.963 32.148 570 1121560.0 2185.9959 
528000 1714 356.936 70442.0 51.975 33.2791 571 1123960.0 2352.3963 
529000 1717 355.855 70589.0 51.767 33.1857 572 1126390.0 2317.1567 
530000 1719 349.869 70731.0 50.188 32.6186 573 1128760.0 2334.441 
531000 1722 356.444 70836.0 50.136 33.2742 574 1130380.0 2347.9969 
532000 1725 352.951 71002.0 49.979 32.9076 575 1133090.0 2324.1972 
533000 1728 352.921 71130.0 49.845 32.9055 576 1134950.0 2333.7775 
534000 1732 349.973 71293.0 50.619 32.6401 577 1137260.0 2290.3997 
535000 1735 351.691 71431.0 50.73 32.8093 578 1139300.0 2276.3598 
536000 1737 347.945 71580.0 49.368 32.4683 579 1141440.0 2263.7238 
537000 1739 356.314 71692.0 50.439 33.2272 579 1143280.0 2263.7238 
538000 1741 367.463 71889.0 53.629 34.2809 580 1146130.0 2482.3514 
539000 1744 366.467 72035.0 53.537 34.1548 581 1148170.0 2453.1163 
540000 1747 363.345 72181.0 53.018 33.8456 582 1150590.0 2415.8046 
541000 1749 357.417 72340.0 51.549 33.3566 583 1152830.0 2415.2242 
542000 1752 357.218 72479.0 51.419 33.2869 584 1154970.0 2399.7018 
543000 1756 358.141 72629.0 52.684 33.4113 585 1157440.0 2363.7316 
544000 1759 357.776 72783.0 52.797 33.3727 586 1159940.0 2371.3584 
545000 1762 356.502 72916.0 52.286 33.2204 587 1162230.0 2383.2226 
546000 1764 349.445 73072.0 50.725 32.5755 588 1164540.0 2398.9003 
547000 1770 340.383 73212.0 49.974 31.689 590 1166630.0 2325.9093 
548000 1773 339.321 73365.0 49.87 31.6086 591 1168720.0 2296.3183 
549000 1775 345.563 73505.0 50.844 32.2069 591 1171170.0 2296.3183 
550000 1777 351.438 73645.0 51.65 32.709 592 1173620.0 2325.6865 
551000 1782 338.701 73770.0 49.1 31.5256 594 1175430.0 2282.5061 
552000 1785 336.393 73924.0 48.836 31.2904 595 1177580.0 2247.2555 
553000 1788 328.973 74128.0 48.008 30.6263 596 1180550.0 2162.5299 
554000 1792 330.386 74285.0 49.384 30.7332 597 1182700.0 2157.2769 
555000 1795 332.105 74438.0 49.708 30.8766 598 1184890.0 2131.5492 
556000 1798 332.19 74538.0 48.805 30.8642 599 1186850.0 2131.3943 
557000 1801 331.085 74708.0 49.276 30.7217 600 1189700.0 2149.2549 
558000 1804 332.57 74828.0 48.816 30.8824 601 1191560.0 2186.3294 
559000 1807 329.828 74958.0 48.08 30.6012 602 1193290.0 2184.6964 
560000 1810 331.454 75120.0 48.59 30.7543 603 1195960.0 2148.2268 
561000 1813 327.402 75256.0 48.052 30.3786 604 1197840.0 2180.4041 
562000 1815 330.776 75385.0 47.053 30.6313 605 1200170.0 2141.3637 
563000 1818 333.304 75506.0 47.214 30.8777 606 1201860.0 2194.2273 
564000 1821 331.854 75667.0 47.238 30.7533 607 1204230.0 2176.8046 
565000 1824 326.857 75840.0 47.06 30.3019 608 1206620.0 2160.1241 
566000 1827 328.233 75982.0 47.178 30.4516 609 1208790.0 2151.1117 
567000 1830 327.285 76141.0 47.22 30.3136 610 1211340.0 2157.0006 
568000 1833 329.563 76273.0 47.384 30.5375 611 1213710.0 2199.3005 
569000 1835 346.859 76433.0 51.114 32.1737 611 1216260.0 2199.3005 
570000 1837 349.825 76598.0 52.103 32.3886 612 1218650.0 2467.3705 
571000 1841 343.565 76742.0 51.066 31.8321 613 1220760.0 2445.6334 
572000 1844 343.469 76873.0 50.579 31.8227 614 1222610.0 2417.0701 
573000 1847 341.632 77023.0 50.564 31.648 615 1224770.0 2357.3631 
574000 1851 335.147 77178.0 49.438 31.0471 617 1227290.0 2335.2641 
575000 1853 342.424 77310.0 50.407 31.7359 617 1229550.0 2335.2641 
576000 1856 342.839 77463.0 50.448 31.7445 618 1231740.0 2344.7377 
577000 1857 347.923 77674.0 51.639 32.2438 619 1235350.0 2534.2639 
578000 1860 342.881 77842.0 51.137 31.7911 620 1237600.0 2470.8375 
579000 1863 343.048 77982.0 50.992 31.779 621 1239670.0 2439.7538 
580000 1866 342.305 78133.0 50.917 31.7131 622 1241840.0 2404.7784 
581000 1871 339.342 78284.0 51.324 31.4864 623 1244030.0 2367.3005 
582000 1873 343.392 78440.0 52.17 31.85 624 1246240.0 2343.5705 
583000 1877 338.062 78574.0 50.939 31.405 625 1248260.0 2325.2134 
584000 1880 334.701 78725.0 50.709 31.1146 626 1250830.0 2302.6921 
585000 1883 336.847 78878.0 50.945 31.3202 627 1253020.0 2326.4229 
586000 1885 342.681 79023.0 51.625 31.8879 628 1256230.0 2311.7806 
587000 1887 336.465 79180.0 49.992 31.285 629 1258550.0 2407.6025 
588000 1888 349.736 79280.0 52.012 32.5073 629 1260110.0 2407.6025 
589000 1890 358.303 79464.0 52.801 33.3303 630 1262700.0 2593.8423 
590000 1893 363.547 79536.0 52.639 33.819 631 1263720.0 2563.4581 
591000 1896 364.639 79645.0 52.489 33.9195 632 1265290.0 2535.1123 
592000 1899 361.608 79812.0 52.281 33.6142 633 1267960.0 2526.601 
593000 1902 357.832 79987.0 52.046 33.2657 634 1270640.0 2486.9409 
594000 1905 360.71 80082.0 51.89 33.5484 635 1271850.0 2446.2468 
595000 1906 373.836 80234.0 53.893 34.7778 635 1273920.0 2446.2468 
596000 1910 363.442 80359.0 52.16 33.802 636 1275650.0 2409.6221 
597000 1914 355.515 80508.0 50.983 33.1071 638 1277720.0 2313.5939 
598000 1916 358.702 80662.0 51.896 33.3404 638 1280310.0 2313.5939 
599000 1919 357.091 80814.0 51.77 33.2062 639 1282490.0 2341.2345 
600000 1923 350.575 80960.0 50.726 32.6266 641 1284620.0 2305.6 
601000 1926 350.206 81110.0 50.635 32.5742 642 1287180.0 2331.04 
602000 1929 345.49 81284.0 50.327 32.1372 643 1289900.0 2311.936 
603000 1932 347.813 81401.0 50.295 32.361 644 1291410.0 2289.7424 
604000 1933 355.457 81550.0 52.089 33.0535 644 1293940.0 2289.7424 
605000 1935 356.056 81675.0 50.283 33.1342 645 1295750.0 2319.7681 
606000 1938 357.057 81807.0 50.254 33.2325 646 1297730.0 2305.7913 
607000 1941 352.035 81980.0 50.04 32.7421 647 1300420.0 2274.2122 
608000 1944 352.24 82124.0 50.058 32.7313 648 1302910.0 2305.791 
609000 1947 349.603 82274.0 49.888 32.5082 649 1305080.0 2325.2119 
610000 1951 351.977 82429.0 51.384 32.7409 650 1307300.0 2297.6907 
611000 1953 349.992 82555.0 49.821 32.5129 651 1309210.0 2286.9216 
612000 1956 347.727 82715.0 49.717 32.3296 652 1311470.0 2271.2295 
613000 1958 354.071 82811.0 50.767 32.9216 652 1312880.0 2271.2295 
614000 1962 352.888 82936.0 50.125 32.7736 654 1314450.0 2273.1959 
615000 1965 350.615 83080.0 49.661 32.5838 655 1316950.0 2276.8763 
616000 1968 350.396 83200.0 49.394 32.5468 656 1318730.0 2249.1887 
617000 1971 344.62 83387.0 48.7 31.9684 657 1321220.0 2165.2698 
618000 1974 341.475 83555.0 48.556 31.696 658 1323560.0 2146.7428 
619000 1977 340.943 83696.0 48.46 31.6903 659 1325630.0 2122.0685 
620000 1980 348.963 83739.0 48.568 32.4295 660 1326180.0 2138.8617 
621000 1983 347.58 83882.0 48.459 32.3185 661 1328270.0 2133.9755 
622000 1986 345.258 84039.0 48.406 32.0978 662 1330890.0 2170.578 
623000 1988 350.365 84180.0 49.481 32.572 662 1333350.0 2170.578 
624000 1990 358.439 84333.0 50.581 33.2853 663 1335530.0 2211.5202 
625000 1992 348.738 84485.0 48.558 32.4286 664 1337700.0 2208.3681 
626000 1995 354.473 84596.0 48.642 32.9484 665 1339770.0 2206.5313 
627000 1998 355.93 84713.0 48.74 33.0821 666 1341370.0 2244.8782 
628000 2000 358.434 84877.0 49.635 33.3039 666 1344390.0 2244.8782 
629000 2003 365.671 85060.0 52.12 33.9857 667 1347370.0 2485.3904 
630000 2005 367.788 85193.0 52.416 34.1887 668 1349260.0 2478.8513 
631000 2008 368.064 85349.0 52.589 34.2176 669 1351200.0 2436.9662 
632000 2011 367.552 85493.0 52.503 34.1611 670 1353600.0 2381.2696 
633000 2013 363.138 85614.0 50.757 33.7687 671 1355380.0 2390.1426 
634000 2016 361.545 85771.0 50.645 33.593 672 1357610.0 2358.1284 
635000 2019 365.726 85842.0 50.607 33.9791 673 1358390.0 2341.3155 
636000 2021 371.056 85964.0 51.565 34.4611 673 1360220.0 2341.3155 
637000 2024 367.911 86113.0 51.219 34.202 674 1362670.0 2324.184 
638000 2027 365.471 86266.0 51.207 33.9518 675 1365160.0 2336.7656 
639000 2031 357.927 86427.0 50.169 33.2651 677 1367350.0 2314.8801 
640000 2034 354.632 86599.0 50.036 32.9559 678 1370300.0 2325.3921 
641000 2037 353.039 86752.0 50.018 32.8176 679 1372580.0 2319.8529 
642000 2040 353.127 86885.0 50.018 32.7784 680 1374340.0 2306.8676 
643000 2042 355.574 87012.0 50.939 32.994 680 1376610.0 2306.8676 
644000 2043 357.083 87165.0 50.04 33.1611 681 1378780.0 2335.1808 
645000 2046 362.021 87291.0 50.036 33.6284 682 1380520.0 2320.6628 
646000 2048 362.998 87447.0 50.936 33.7046 682 1383420.0 2320.6628 
647000 2050 380.345 87611.0 54.658 35.36 683 1386290.0 2586.5965 
648000 2052 375.651 87754.0 52.75 34.8951 684 1388670.0 2583.9368 
649000 2055 374.355 87893.0 52.569 34.7572 685 1391020.0 2573.5432 
650000 2058 372.604 88041.0 52.419 34.6064 686 1393560.0 2575.1888 
651000 2060 376.108 88161.0 53.263 34.9591 686 1395280.0 2575.1888 
652000 2064 375.58 88323.0 53.791 34.9097 688 1397870.0 2681.703 
653000 2067 372.837 88474.0 53.538 34.6305 689 1400430.0 2669.5327 
654000 2070 371.824 88616.0 53.331 34.5753 690 1402810.0 2651.5794 
655000 2072 374.865 88770.0 54.238 34.8099 690 1405000.0 2651.5794 
656000 2073 370.907 88920.0 53.133 34.4502 691 1407140.0 2605.4215 
657000 2076 378.265 89025.0 52.95 35.1706 692 1408760.0 2563.8793 
658000 2079 378.044 89141.0 52.697 35.1708 693 1410350.0 2522.4914 
659000 2080 383.423 89319.0 54.383 35.6394 693 1413490.0 2522.4914 
660000 2082 387.688 89511.0 55.409 36.0556 694 1416250.0 2757.2422 
661000 2085 388.831 89625.0 55.089 36.1581 695 1418350.0 2700.518 
662000 2088 385.505 89777.0 54.795 35.8605 696 1420440.0 2679.4662 
663000 2091 380.057 89945.0 54.368 35.3737 697 1423180.0 2613.5196 
664000 2094 378.166 90082.0 53.995 35.1875 698 1425210.0 2614.1676 
665000 2096 390.029 90123.0 54.897 36.3374 698 1425820.0 2614.1676 
666000 2097 395.169 90349.0 56.079 36.7839 699 1429460.0 2770.7509 
667000 2100 396.552 90427.0 55.663 36.8925 700 1430500.0 2709.6758 
668000 2102 398.653 90599.0 56.48 37.093 700 1432760.0 2709.6758 
669000 2103 404.62 90815.0 58.11 37.6465 701 1436650.0 2908.7082 
670000 2106 399.409 90966.0 57.58 37.1624 702 1438910.0 2842.8374 
671000 2109 396.075 91115.0 57.159 36.8535 703 1440870.0 2787.5536 
672000 2113 394.204 91244.0 57.382 36.7018 704 1442830.0 2699.7983 
673000 2116 391.104 91412.0 57.579 36.3997 705 1445260.0 2638.8185 
674000 2118 385.063 91560.0 55.674 35.8503 706 1447400.0 2602.9366 
675000 2122 383.661 91701.0 56.521 35.7288 707 1449480.0 2556.6429 
676000 2125 382.693 91857.0 56.524 35.6265 708 1451790.0 2507.9787 
677000 2127 377.351 91983.0 54.266 35.1138 709 1453700.0 2477.1808 
678000 2129 381.368 92118.0 55.136 35.517 709 1456190.0 2477.1808 
679000 2133 381.898 92264.0 55.702 35.5333 711 1458320.0 2614.2164 
680000 2136 373.283 92469.0 54.971 34.7667 712 1461340.0 2550.7948 
681000 2140 368.577 92548.0 53.589 34.304 713 1462490.0 2507.7153 
682000 2146 344.467 92591.0 48.174 32.0941 715 1462980.0 2069.6494 
683000 2148 345.255 92759.0 48.12 32.1524 716 1465660.0 1979.6845 
684000 2152 339.513 92847.0 46.424 31.5875 717 1467180.0 1957.716 
685000 2155 333.313 93002.0 45.517 31.0418 718 1469290.0 1926.9444 
686000 2158 332.024 93143.0 45.741 30.9305 719 1471560.0 1932.25 
687000 2163 327.813 93264.0 45.375 30.5244 721 1472950.0 1876.2225 
688000 2166 322.8 93425.0 44.489 30.0548 722 1474990.0 1789.6002 
689000 2169 323.112 93548.0 44.346 30.0735 723 1476820.0 1793.6402 
690000 2173 323.975 93672.0 44.542 30.1379 724 1479090.0 1851.2762 
691000 2175 328.186 93765.0 44.006 30.5495 725 1480790.0 1872.1486 
692000 2178 328.861 93856.0 43.283 30.6337 726 1482040.0 1811.9337 
693000 2181 326.496 94011.0 43.295 30.4209 727 1484110.0 1815.7403 
694000 2184 325.885 94161.0 43.115 30.3184 728 1486580.0 1790.1663 
695000 2187 325.855 94293.0 43.197 30.3148 729 1489130.0 1928.1497 
696000 2192 320.278 94422.0 43.207 29.7946 730 1491030.0 1919.3347 
697000 2195 317.331 94564.0 43.353 29.5585 731 1492890.0 1866.4012 
698000 2199 311.392 94738.0 42.291 28.9848 733 1495270.0 1819.785 
699000 2202 314.048 94858.0 42.527 29.2628 734 1497070.0 1842.8065 
700000 2205 311.986 95034.0 42.604 29.0485 735 1499880.0 1894.5259 
701000 2209 312.879 95158.0 43.234 29.1358 736 1501430.0 1849.0733 
702000 2211 314.649 95274.0 42.423 29.2822 737 1503110.0 1833.1659 
703000 2214 317.844 95392.0 42.742 29.5866 738 1504730.0 1857.8493 
704000 2217 319.375 95517.0 42.78 29.7469 739 1506380.0 1849.0644 
705000 2220 318.26 95673.0 42.801 29.6617 740 1508600.0 1858.158 
706000 2223 315.754 95838.0 42.754 29.4505 741 1510630.0 1834.3422 
707000 2226 319.321 95949.0 42.93 29.7133 742 1512130.0 1833.908 
708000 2229 318.287 96103.0 43.099 29.6632 743 1514300.0 1852.5172 
709000 2232 324.158 96183.0 43.317 30.1833 744 1515790.0 1902.2654 
710000 2235 326.355 96299.0 43.477 30.4021 745 1517250.0 1887.0389 
711000 2238 327.018 96434.0 43.515 30.4557 746 1519040.0 1877.335 
712000 2241 321.903 96619.0 43.208 30.0057 747 1521600.0 1850.6015 
713000 2244 325.472 96713.0 43.356 30.3216 748 1522740.0 1848.5414 
714000 2247 326.738 96842.0 43.533 30.4255 749 1524480.0 1853.6872 
715000 2250 325.05 97003.0 43.573 30.2269 750 1526480.0 1816.3185 
716000 2253 322.788 97170.0 43.478 30.0382 751 1528810.0 1825.6866 
717000 2257 322.316 97278.0 43.512 29.9959 752 1530250.0 1843.118 
718000 2259 324.331 97448.0 43.927 30.1763 753 1532840.0 1869.8062 
719000 2262 322.986 97615.0 44.132 30.0899 754 1535800.0 1932.8256 
720000 2265 323.907 97755.0 44.288 30.1501 755 1537680.0 1949.543 
721000 2268 328.076 97850.0 44.565 30.5099 756 1539020.0 1971.5887 
722000 2271 326.119 98020.0 44.644 30.3252 757 1541900.0 2008.4298 
723000 2274 328.395 98135.0 44.795 30.5628 758 1543680.0 2017.5869 
724000 2277 326.247 98307.0 44.861 30.3243 759 1546100.0 2022.8282 
725000 2280 324.548 98479.0 45.01 30.1647 760 1548960.0 2070.5454 
726000 2283 322.335 98646.0 45.045 29.9224 761 1551290.0 2069.4908 
727000 2286 330.004 98704.0 45.296 30.6816 762 1552130.0 2070.5417 
728000 2289 330.343 98847.0 45.483 30.6963 763 1554900.0 2145.4876 
729000 2292 326.322 99038.0 45.411 30.3287 764 1557980.0 2099.9388 
730000 2295 327.862 99168.0 45.55 30.4776 765 1560170.0 2178.9449 
731000 2298 328.432 99307.0 45.671 30.5384 766 1561990.0 2153.0504 
732000 2301 333.49 99401.0 45.946 31.0047 767 1563510.0 2176.7454 
733000 2303 334.425 99548.0 46.857 31.0773 767 1565640.0 2176.7454 
734000 2306 337.375 99697.0 47.104 31.3261 768 1567800.0 2172.0709 
735000 2309 338.986 99816.0 46.71 31.4313 769 1570340.0 2171.8638 
736000 2311 339.21 99975.0 47.536 31.4968 770 1572600.0 2216.6774 
737000 2313 341.863 100100.0 46.183 31.752 771 1574920.0 2214.0097 
738000 2316 339.889 100251.0 46.323 31.5282 772 1577200.0 2248.6087 
739000 2319 343.11 100376.0 46.519 31.8778 773 1579220.0 2252.7478 
740000 2322 343.087 100509.0 46.517 31.8419 774 1580930.0 2246.473 
741000 2325 342.27 100656.0 46.598 31.784 775 1582870.0 2214.8257 
742000 2328 344.351 100762.0 46.742 31.9891 776 1584910.0 2248.3432 
743000 2331 346.713 100866.0 46.876 32.2002 777 1586440.0 2250.5088 
744000 2334 346.967 101012.0 46.991 32.2111 778 1588860.0 2270.458 
745000 2337 341.978 101195.0 46.882 31.7753 779 1591340.0 2219.4122 
746000 2340 336.518 101393.0 46.709 31.2391 780 1594170.0 2208.4709 
747000 2344 338.566 101557.0 48.392 31.4322 781 1596200.0 2168.6239 
748000 2347 335.148 101712.0 48.095 31.1214 782 1598230.0 2134.7615 
749000 2351 330.384 101858.0 47.575 30.6606 783 1600080.0 2119.2853 
750000 2353 336.863 102009.0 48.764 31.2987 784 1602050.0 2092.3568 
751000 2354 341.065 102135.0 48.149 31.6527 784 1603670.0 2092.3568 
752000 2356 354.237 102298.0 51.592 32.9328 785 1605850.0 2244.1211 
753000 2360 349.45 102436.0 50.412 32.4746 786 1607620.0 2224.709 
754000 2364 338.778 102587.0 48.753 31.4772 788 1609520.0 2111.8143 
755000 2367 341.678 102703.0 48.782 31.7443 789 1611020.0 2088.6329 
756000 2369 345.805 102850.0 49.719 32.1357 789 1612950.0 2088.6329 
757000 2371 350.022 102993.0 50.247 32.5393 790 1614950.0 2078.7696 
758000 2372 363.602 103150.0 52.423 33.7913 790 1617270.0 2078.7696 
759000 2375 362.64 103304.0 52.667 33.6726 791 1619560.0 2326.8926 
760000 2378 363.431 103443.0 52.322 33.7474 792 1621610.0 2294.2034 
761000 2379 365.222 103584.0 51.475 33.9086 793 1623380.0 2279.783 
762000 2382 372.362 103730.0 53.613 34.5985 794 1625710.0 2437.8047 
763000 2384 376.581 103883.0 54.513 34.981 794 1627790.0 2437.8047 
764000 2386 380.053 104089.0 56.22 35.3196 795 1630630.0 2521.0242 
765000 2389 380.553 104224.0 55.946 35.3538 796 1632450.0 2463.9218 
766000 2391 372.012 104397.0 54.363 34.524 797 1634550.0 2411.5296 
767000 2394 374.01 104515.0 54.01 34.726 798 1636200.0 2356.3767 
768000 2397 371.903 104663.0 53.776 34.5382 799 1638150.0 2329.739 
769000 2400 370.764 104798.0 53.498 34.3934 800 1639880.0 2284.7651 
770000 2403 366.652 104965.0 53.229 33.9802 801 1642020.0 2252.2886 
771000 2406 363.819 105121.0 52.926 33.7341 802 1644050.0 2221.0597 
772000 2409 363.054 105254.0 52.697 33.6642 803 1645760.0 2186.9538 
773000 2414 355.936 105418.0 52.786 33.0331 804 1647890.0 2149.2584 
774000 2417 352.114 105574.0 52.509 32.6409 805 1649920.0 2118.3325 
775000 2421 345.95 105720.0 51.469 32.0998 807 1651950.0 2091.4494 
776000 2424 342.531 105891.0 51.184 31.8187 808 1654080.0 2062.3044 
777000 2427 343.82 106012.0 51.059 31.9188 809 1655810.0 2062.074 
778000 2428 347.644 106162.0 52.398 32.2789 809 1657950.0 2062.074 
779000 2431 353.193 106294.0 52.231 32.7583 810 1659650.0 2071.8666 
780000 2434 353.607 106429.0 51.822 32.7901 811 1661470.0 2045.6799 
781000 2438 345.894 106583.0 51.019 32.1065 812 1663590.0 2028.1119 
782000 2442 336.888 106756.0 49.887 31.2958 814 1666030.0 2023.6707 
783000 2445 336.862 106905.0 49.912 31.2628 815 1668180.0 2040.3036 
784000 2448 337.138 107048.0 49.88 31.2957 816 1670080.0 2033.2732 
785000 2451 333.027 107244.0 49.678 30.9144 817 1672870.0 2027.9459 
786000 2454 333.868 107381.0 49.694 30.9944 818 1674710.0 2024.1513 
787000 2457 334.691 107517.0 49.676 31.0719 819 1676310.0 2019.7362 
788000 2460 327.969 107725.0 49.136 30.4483 820 1679220.0 1979.7626 
789000 2463 332.161 107830.0 49.173 30.8468 821 1680650.0 1989.7863 
790000 2466 329.269 108008.0 49.101 30.5753 822 1682910.0 1984.8077 
791000 2470 331.272 108171.0 50.447 30.7827 823 1685110.0 1985.3269 
792000 2474 326.074 108321.0 49.695 30.2767 824 1687090.0 1968.7942 
793000 2477 325.207 108471.0 49.598 30.1492 825 1689150.0 1961.9148 
794000 2481 320.559 108620.0 48.737 29.7112 827 1691220.0 1978.451 
795000 2484 312.305 108804.0 47.247 28.9869 828 1693440.0 1853.6059 
796000 2487 314.608 108943.0 47.39 29.1904 829 1695300.0 1866.2453 
797000 2489 315.525 109093.0 48.227 29.2519 829 1697260.0 1866.2453 
798000 2493 323.677 109254.0 49.731 30.0714 831 1699350.0 2018.7587 
799000 2496 319.187 109457.0 49.466 29.5926 832 1702160.0 2001.8828 
800000 2499 320.342 109595.0 49.364 29.738 833 1703820.0 1994.6945 
801000 2504 312.371 109734.0 48.162 28.9798 834 1705580.0 1990.2251 
802000 2506 319.469 109933.0 50.123 29.6573 835 1708650.0 1975.2026 
803000 2508 327.106 110052.0 50.75 30.3841 836 1710570.0 2142.6823 
804000 2511 322.858 110256.0 50.434 29.993 837 1713490.0 2123.4141 
805000 2514 323.527 110399.0 50.3 29.9919 838 1715390.0 2105.0727 
806000 2517 324.046 110547.0 50.218 30.0457 839 1717250.0 2081.5654 
807000 2520 325.352 110680.0 50.13 30.1871 840 1718730.0 2060.4089 
808000 2523 329.631 110795.0 50.28 30.5747 841 1720270.0 2061.368 
809000 2526 329.733 110945.0 50.212 30.6154 842 1722340.0 2062.2312 
810000 2529 328.551 111095.0 50.058 30.4975 843 1724310.0 2048.0081 
811000 2532 329.055 111235.0 49.924 30.5524 844 1727580.0 2174.2073 
812000 2535 326.778 111414.0 49.766 30.3144 845 1729990.0 2158.7865 
813000 2536 332.862 111601.0 51.531 30.9103 845 1732780.0 2158.7865 
814000 2538 340.08 111795.0 52.591 31.6109 846 1735410.0 2359.9079 
815000 2542 340.508 111956.0 53.642 31.6616 847 1737500.0 2315.9171 
816000 2545 342.449 112109.0 53.864 31.8233 848 1739590.0 2283.3254 
817000 2548 338.187 112265.0 53.231 31.4572 849 1741620.0 2259.9928 
818000 2551 336.711 112423.0 53.095 31.285 850 1743670.0 2232.9936 
819000 2553 345.94 112588.0 54.512 32.135 851 1746130.0 2425.6942 
820000 2555 348.002 112715.0 55.18 32.3313 851 1747780.0 2425.6942 
821000 2557 358.513 112864.0 55.933 33.3076 852 1749820.0 2375.1248 
822000 2561 352.02 113009.0 54.569 32.6771 853 1751940.0 2346.6123 
823000 2564 349.734 113166.0 54.361 32.5036 854 1753890.0 2324.9511 
824000 2566 357.127 113320.0 55.367 33.1887 855 1755890.0 2281.456 
825000 2568 356.883 113509.0 55.637 33.1301 856 1758390.0 2430.3104 
826000 2571 355.129 113670.0 55.262 33.0046 857 1760890.0 2402.2793 
827000 2574 351.424 113841.0 54.779 32.6725 858 1763110.0 2353.0514 
828000 2577 346.471 114016.0 54.258 32.1423 859 1765330.0 2304.7463 
829000 2580 356.161 114130.0 55.866 33.0694 860 1767100.0 2418.2716 
830000 2583 354.284 114282.0 55.445 32.8915 861 1769180.0 2381.4445 
831000 2584 364.359 114465.0 57.356 33.8318 861 1771500.0 2381.4445 
832000 2586 364.738 114674.0 57.732 33.8812 862 1774170.0 2492.3 
833000 2590 362.226 114834.0 58.196 33.6386 863 1776160.0 2430.07 
834000 2593 361.393 114987.0 58.013 33.5739 864 1778250.0 2372.063 
835000 2596 355.747 115140.0 57.193 33.0181 865 1780250.0 2333.8567 
836000 2599 357.659 115282.0 56.839 33.0546 866 1782290.0 2308.471 
837000 2603 350.911 115427.0 55.651 32.3006 867 1784220.0 2273.6239 
838000 2605 350.532 115515.0 53.843 32.2041 868 1785430.0 2245.2615 
839000 2607 357.183 115657.0 54.278 32.8352 869 1787270.0 2201.7354 
840000 2612 348.796 115822.0 53.812 32.0811 870 1789410.0 2126.5619 
841000 2615 343.088 115971.0 53.164 31.6105 871 1791380.0 2100.9057 
842000 2618 345.088 116096.0 52.612 31.8294 872 1793550.0 2088.8151 
843000 2621 345.089 116243.0 52.673 31.8011 873 1795400.0 2101.9336 
844000 2622 355.007 116417.0 54.16 32.7437 874 1797500.0 2204.7402 
845000 2625 349.116 116585.0 53.28 32.21 875 1799930.0 2160.2662 
846000 2628 351.717 116699.0 52.934 32.4916 876 1801640.0 2154.2396 
847000 2631 349.846 116857.0 52.671 32.3163 877 1803820.0 2142.8156 
848000 2633 357.696 116970.0 53.604 33.0887 877 1805190.0 2142.8156 
849000 2635 366.523 117191.0 56.397 33.922 878 1808270.0 2285.5341 
850000 2638 358.336 117319.0 54.548 33.1243 879 1809940.0 2265.9807 
851000 2642 356.43 117460.0 54.294 32.9874 880 1812410.0 2202.3826 
852000 2643 355.521 117611.0 53.408 32.9061 881 1814370.0 2236.1443 
853000 2645 363.522 117737.0 54.135 33.6448 881 1816000.0 2236.1443 
854000 2647 377.821 117912.0 57.653 34.964 882 1818310.0 2404.5299 
855000 2648 386.724 118063.0 59.32 35.8354 882 1820770.0 2404.5299 
856000 2651 386.179 118215.0 59.02 35.7678 883 1822760.0 2598.0769 
857000 2654 385.64 118355.0 58.486 35.7364 884 1824540.0 2537.2692 
858000 2655 392.267 118531.0 59.196 36.336 885 1827420.0 2631.5423 
859000 2657 390.089 118697.0 59.481 36.1618 885 1829510.0 2631.5423 
860000 2660 397.689 118863.0 61.309 36.8472 886 1831680.0 2721.3881 
861000 2661 411.136 119020.0 63.362 38.1375 887 1833800.0 2852.2493 
862000 2663 413.258 119171.0 63.818 38.2907 887 1836260.0 2852.2493 
863000 2667 401.729 119310.0 61.549 37.2253 889 1838040.0 2709.7219 
864000 2668 411.714 119464.0 63.298 38.1671 889 1840040.0 2709.7219 
865000 2670 412.191 119672.0 63.707 38.2199 890 1843000.0 2838.7497 
866000 2673 407.84 119813.0 62.792 37.7947 891 1844600.0 2739.8747 
867000 2675 411.552 119949.0 63.324 38.145 891 1846470.0 2739.8747 
868000 2676 418.361 120165.0 64.878 38.8198 892 1849160.0 2832.8873 
869000 2680 412.774 120324.0 64.888 38.316 893 1851230.0 2737.5985 
870000 2682 406.632 120475.0 62.871 37.7168 894 1853200.0 2657.8387 
871000 2686 404.955 120541.0 61.855 37.5679 895 1853940.0 2587.0548 
872000 2688 403.059 120703.0 61.132 37.3986 896 1856360.0 2524.3493 
873000 2691 396.583 120878.0 60.377 36.7422 897 1858620.0 2465.9144 
874000 2694 390.005 121047.0 59.507 36.1598 898 1860870.0 2405.323 
875000 2696 391.332 121201.0 60.131 36.3276 898 1862780.0 2405.323 
876000 2699 401.626 121359.0 62.309 37.2642 899 1865020.0 2568.7907 
877000 2702 397.217 121503.0 61.472 36.9167 900 1866930.0 2510.9116 
878000 2705 393.83 121651.0 60.755 36.5809 901 1868790.0 2450.8204 
879000 2707 393.992 121803.0 61.127 36.6084 902 1870870.0 2385.7384 
880000 2709 387.669 121957.0 59.02 36.018 903 1872960.0 2356.1646 
881000 2713 389.522 122105.0 60.021 36.2352 904 1875010.0 2328.5481 
882000 2715 382.348 122258.0 57.977 35.5405 905 1877000.0 2304.6933 
883000 2718 391.388 122375.0 59.685 36.3438 906 1879130.0 2478.224 
884000 2721 385.594 122549.0 58.915 35.8371 907 1881290.0 2410.4016 
885000 2723 392.655 122670.0 59.563 36.4909 907 1882830.0 2410.4016 
886000 2724 395.702 122897.0 60.652 36.7883 908 1886580.0 2585.3614 
887000 2727 394.253 123025.0 60.005 36.628 909 1888240.0 2515.8253 
888000 2730 388.297 123199.0 59.33 36.0515 910 1890360.0 2450.2427 
889000 2732 402.267 123365.0 62.588 37.4012 910 1892480.0 2450.2427 
890000 2733 403.082 123522.0 61.816 37.4609 911 1894500.0 2594.2185 
891000 2736 404.116 123614.0 61.123 37.5686 912 1895850.0 2543.7966 
892000 2737 410.734 123743.0 62.841 38.1602 912 1897270.0 2543.7966 
893000 2739 417.983 123921.0 63.215 38.821 913 1900290.0 2715.417 
894000 2743 411.872 124091.0 63.277 38.2755 914 1902560.0 2629.8753 
895000 2746 406.042 124250.0 62.478 37.7611 915 1904620.0 2558.8877 
896000 2748 408.957 124406.0 62.951 38.0776 916 1906780.0 2670.999 
897000 2748 408.957 124607.0 62.951 38.0776 916 1909400.0 2670.999 
898000 2751 419.0 124770.0 65.002 38.9874 917 1911840.0 2813.8991 
899000 2754 414.621 124910.0 64.063 38.5664 918 1913580.0 2720.5092 
900000 2757 408.982 125063.0 63.079 38.0407 919 1915530.0 2630.4582 
901000 2759 409.423 125233.0 63.504 38.1141 919 1917410.0 2630.4582 
902000 2760 413.974 125405.0 64.734 38.5222 920 1919670.0 2695.4124 
903000 2762 421.697 125548.0 65.188 39.2128 920 1921470.0 2695.4124 
904000 2764 437.478 125706.0 68.527 40.6917 921 1923420.0 2820.8712 
905000 2766 436.729 125882.0 68.648 40.6375 922 1925970.0 2942.7841 
906000 2769 428.499 126061.0 67.495 39.8844 923 1928500.0 2845.5057 
907000 2772 422.379 126203.0 66.431 39.256 924 1930310.0 2758.9551 
908000 2774 423.336 126295.0 66.597 39.3619 924 1932010.0 2758.9551 
909000 2776 431.66 126447.0 66.86 40.1481 925 1933900.0 2728.0596 
910000 2779 426.158 126586.0 65.782 39.6606 926 1935670.0 2644.2536 
911000 2781 421.517 126715.0 63.454 39.2028 927 1937420.0 2567.8283 
912000 2784 420.583 126813.0 62.656 39.1094 928 1938740.0 2510.0454 
913000 2787 414.625 126962.0 61.646 38.5871 929 1940610.0 2436.0409 
914000 2790 409.507 127114.0 60.944 38.1433 930 1942600.0 2391.4368 
915000 2793 403.205 127286.0 60.247 37.5132 931 1944740.0 2340.2931 
916000 2794 412.701 127433.0 61.982 38.4165 931 1946850.0 2340.2931 
917000 2797 418.027 127605.0 63.621 38.8718 932 1949140.0 2523.2638 
918000 2799 409.301 127777.0 61.729 38.0749 933 1951320.0 2469.9374 
919000 2802 414.692 127802.0 61.002 38.5366 934 1951600.0 2411.9437 
920000 2805 411.168 127941.0 60.36 38.239 935 1953650.0 2389.7493 
921000 2807 412.381 128094.0 60.95 38.3975 935 1955640.0 2389.7493 
922000 2811 399.532 128259.0 58.894 37.1508 937 1957810.0 2300.7969 
923000 2813 400.808 128385.0 59.544 37.2976 937 1959490.0 2300.7969 
924000 2815 409.908 128535.0 60.206 38.1593 938 1961450.0 2269.7173 
925000 2817 412.493 128690.0 60.802 38.404 939 1963560.0 2443.7455 
926000 2820 407.616 128843.0 60.149 37.9237 940 1965560.0 2398.371 
927000 2823 403.804 128988.0 59.537 37.5714 941 1967480.0 2357.5339 
928000 2826 399.337 129137.0 58.897 37.1917 942 1969440.0 2317.7805 
929000 2828 398.399 129291.0 59.447 37.0905 942 1971440.0 2317.7805 
930000 2829 408.691 129521.0 61.198 38.0538 943 1974460.0 2463.0024 
931000 2830 414.737 129692.0 62.894 38.6583 943 1976810.0 2463.0024 
932000 2832 418.714 129871.0 63.412 38.9711 944 1979060.0 2616.7022 
933000 2835 425.517 129984.0 64.647 39.6047 945 1980300.0 2664.032 
934000 2838 418.003 130147.0 63.652 38.885 946 1982400.0 2590.6288 
935000 2839 424.343 130328.0 65.359 39.5066 946 1984740.0 2590.6288 
936000 2841 429.466 130499.0 65.903 39.991 947 1987240.0 2740.5659 
937000 2842 437.697 130656.0 67.585 40.7017 947 1989260.0 2740.5659 
938000 2843 453.883 130765.0 69.453 42.212 947 1991170.0 2740.5659 
939000 2847 437.209 130947.0 66.959 40.6865 949 1993550.0 2839.3584 
940000 2848 446.685 131053.0 68.54 41.5877 949 1994890.0 2839.3584 
941000 2849 461.411 131203.0 70.189 42.9288 949 1997710.0 2839.3584 
942000 2851 464.17 131356.0 70.567 43.169 950 1999610.0 3026.4225 
943000 2853 463.009 131540.0 70.637 43.0842 951 2001900.0 3095.7803 
944000 2855 461.526 131680.0 70.762 42.9563 951 2003720.0 3095.7803 
945000 2856 466.156 131914.0 71.727 43.3468 952 2006920.0 3155.2023 
946000 2859 468.801 132058.0 72.919 43.5515 953 2008640.0 3181.682 
947000 2860 476.145 132242.0 74.461 44.2766 953 2011010.0 3181.682 
948000 2862 470.028 132462.0 74.006 43.676 954 2013850.0 3222.5138 
949000 2863 477.547 132610.0 75.466 44.4072 954 2015690.0 3222.5138 
950000 2867 472.195 132762.0 75.053 43.8529 955 2017690.0 3266.2624 
951000 2869 472.349 132911.0 75.136 43.9015 956 2019360.0 3135.6362 
952000 2871 473.545 133075.0 74.877 44.0489 957 2021220.0 3134.0726 
953000 2873 473.884 133195.0 74.872 44.023 957 2022840.0 3134.0726 
954000 2875 475.776 133345.0 74.807 44.2172 958 2024800.0 3017.6653 
955000 2878 469.418 133495.0 73.424 43.6521 959 2026770.0 2913.8988 
956000 2880 464.725 133692.0 72.837 43.1847 960 2029430.0 2965.5089 
957000 2882 463.46 133824.0 72.857 43.0892 960 2032350.0 2965.5089 
958000 2885 465.105 133975.0 72.819 43.2424 961 2034420.0 3080.958 
959000 2888 455.922 134122.0 71.423 42.4049 962 2036360.0 2977.8622 
960000 2890 457.498 134266.0 71.393 42.5774 963 2038170.0 2878.076 
961000 2894 442.04 134407.0 68.668 41.1002 964 2039970.0 2778.2684 
962000 2897 435.392 134564.0 67.717 40.4986 965 2042010.0 2676.4416 
963000 2901 421.454 134715.0 65.383 39.2242 967 2044100.0 2554.2177 
964000 2904 415.91 134865.0 64.423 38.6946 968 2046160.0 2504.7959 
965000 2907 409.995 135026.0 63.556 38.1366 969 2048240.0 2453.3163 
966000 2907 409.995 135237.0 63.556 38.1366 969 2051300.0 2453.3163 
967000 2910 421.582 135385.0 65.854 39.2495 970 2053160.0 2641.9847 
968000 2913 418.399 135504.0 64.902 38.9227 971 2054740.0 2576.7862 
969000 2917 405.851 135641.0 62.599 37.7389 972 2056270.0 2469.1076 
970000 2919 408.632 135752.0 62.132 38.0065 973 2057750.0 2370.1968 
971000 2922 405.851 135863.0 61.124 37.7984 974 2059840.0 2371.1771 
972000 2925 396.26 136048.0 59.666 36.8851 975 2061840.0 2251.0594 
973000 2928 390.863 136212.0 58.835 36.3891 976 2065470.0 2336.9535 
974000 2930 392.63 136361.0 59.488 36.5713 976 2067860.0 2336.9535 
975000 2932 406.316 136529.0 62.342 37.823 977 2070730.0 2510.2581 
976000 2934 403.265 136637.0 60.13 37.4927 978 2072180.0 2526.2323 
977000 2936 406.497 136786.0 60.728 37.797 978 2074000.0 2526.2323 
978000 2939 409.869 136933.0 61.857 38.0508 979 2077120.0 2600.6091 
979000 2942 400.363 137071.0 60.496 37.1781 980 2078840.0 2641.5482 
980000 2946 393.922 137220.0 59.077 36.5798 982 2080900.0 2498.654 
981000 2947 402.023 137378.0 60.936 37.3304 982 2082930.0 2498.654 
982000 2949 406.915 137552.0 61.547 37.7953 983 2085280.0 2656.7886 
983000 2952 400.272 137731.0 60.737 37.1508 984 2087530.0 2575.1098 
984000 2953 415.486 137827.0 62.602 38.5751 984 2088820.0 2575.1098 
985000 2955 411.777 138059.0 62.616 38.2687 985 2092020.0 2696.5988 
986000 2957 412.468 138215.0 63.116 38.3157 985 2094040.0 2696.5988 
987000 2959 425.09 138372.0 65.872 39.4878 986 2096070.0 2772.9389 
988000 2961 428.839 138529.0 66.273 39.8581 987 2098200.0 2902.645 
989000 2963 430.114 138683.0 66.592 39.9836 987 2100110.0 2902.645 
990000 2965 435.446 138910.0 68.656 40.4884 988 2103300.0 2953.3805 
991000 2969 421.662 139054.0 66.158 39.2325 989 2105230.0 2842.0425 
992000 2972 416.193 139205.0 65.227 38.6499 990 2107210.0 2745.8382 
993000 2975 411.325 139358.0 64.393 38.2222 991 2109210.0 2666.2544 
994000 2976 413.959 139586.0 65.405 38.4425 992 2112680.0 2769.629 
995000 2979 405.229 139754.0 64.256 37.7048 993 2114830.0 2698.6661 
996000 2982 412.538 139900.0 65.982 38.3715 994 2117060.0 2830.7995 
997000 2984 413.443 140046.0 66.311 38.4991 994 2119070.0 2830.7995 
998000 2987 411.986 140200.0 65.469 38.3748 995 2121170.0 2756.7195 
999000 2990 406.928 140354.0 64.64 37.8838 996 2123270.0 2690.0476 
