1000 7 18.469 -340.761 -6.329 0.0629 0 0 0 0.0 0.0 
2000 14 34.756 -727.668 -12.758 0.0833 0 0 0 0.0 0.0 
3000 21 49.172 -1167.86 -19.381 0.1218 0 0 0 0.0 0.0 
4000 30 59.294 -1564.208 -23.431 0.1472 0 0 0 0.0 0.0 
5000 38 68.3 -1857.447 -25.378 0.1522 0 0 0 0.0 0.0 
6000 43 80.958 -2283.032 -30.958 0.1721 0 0 0 0.0 0.0 
7000 53 84.123 -2616.95 -31.366 0.1686 0 0 0 0.0 0.0 
8000 61 89.763 -2971.891 -32.943 0.1701 0 0 0 0.0 0.0 
9000 71 92.75 -3349.465 -34.282 0.1638 0 0 0 0.0 0.0 
10000 79 95.242 -3658.283 -34.155 0.1604 0 0 0 0.0 0.0 
11000 86 102.858 -4013.018 -36.527 0.1667 0 0 0 0.0 0.0 
12000 95 105.619 -4400.409 -38.175 0.1657 0 0 0 0.0 0.0 
13000 103 108.034 -4699.092 -38.069 0.165 0 0 0 0.0 0.0 
14000 111 109.293 -5038.161 -38.408 0.1633 0 0 0 0.0 0.0 
15000 120 108.047 -5351.872 -36.765 0.1576 0 0 0 0.0 0.0 
16000 130 108.865 -5717.39 -37.965 0.1563 0 0 0 0.0 0.0 
17000 138 111.228 -6074.789 -38.854 0.1794 0 0 0 0.0169855 0.0817203 
18000 149 106.987 -6261.952 -34.561 0.223 0 0 0 0.0124348 0.0851673 
19000 161 102.308 -6441.455 -30.395 0.2545 0 0 0 0.0153491 0.0846671 
20000 172 99.992 -6588.356 -26.984 0.2707 0 0 0 0.0174907 0.0846844 
21000 184 96.858 -6663.516 -22.614 0.277 0 0 0 0.0135838 0.0839257 
22000 197 91.936 -6825.508 -20.21 0.2848 0 0 0 0.0130838 0.0839712 
23000 208 91.059 -7018.744 -19.501 0.2894 0 0 0 0.0146593 0.084253 
24000 220 90.132 -7153.523 -17.878 0.3339 0 0 0 0.0098744 0.0842203 
25000 221 89.949 -7165.299 -17.614 0.335 0 0 0 0.0135744 0.0835961 
26000 233 102.527 -7322.604 -16.607 0.3976 0 0 0 0.0156904 0.0834951 
27000 246 97.538 -7447.937 -15.192 0.3821 0 0 0 0.0165383 0.0833274 
28000 256 95.924 -7568.694 -14.449 0.379 0 0 0 0.0129757 0.0827493 
29000 268 94.27 -7698.55 -13.799 0.3599 0 0 0 0.0166888 0.0822137 
30000 280 92.4 -7769.451 -12.066 0.3406 0 0 0 0.0147889 0.0820028 
31000 289 93.271 -7862.32 -11.705 0.3336 0 0 0 0.0139601 0.0816948 
32000 300 94.722 -7969.625 -11.392 0.3358 0 0 0 0.0157731 0.0812861 
33000 309 97.577 -8100.435 -11.946 0.3351 0 0 0 0.0196241 0.0814847 
34000 318 100.075 -8262.474 -12.909 0.336 0 0 0 0.0159932 0.0813581 
35000 326 101.963 -8433.31 -14.084 0.336 0 0 0 0.0113314 0.0813871 
36000 334 105.448 -8526.435 -13.775 0.342 0 0 0 0.0132995 0.0823515 
37000 342 108.576 -8663.495 -13.638 0.353 0 0 0 0.0134418 0.0830035 
38000 349 111.887 -8747.725 -13.81 0.3603 0 0 0 0.0135234 0.0834686 
39000 358 114.07 -8923.625 -14.833 0.3649 0 0 0 0.0137734 0.0834856 
40000 366 114.667 -9045.704 -14.935 0.3875 0 0 0 0.0146438 0.08322 
41000 374 117.337 -9167.657 -15.107 0.3971 0 0 0 0.0124342 0.0841297 
42000 382 118.54 -9258.24 -14.497 0.3951 0 0 0 0.0148464 0.0830723 
43000 390 119.443 -9392.764 -14.776 0.3932 0 0 0 0.0115144 0.0839167 
44000 398 119.671 -9480.859 -14.175 0.3888 0 0 0 0.0100869 0.0846713 
45000 405 122.519 -9522.95 -13.107 0.3944 0 0 0 0.010162 0.0854182 
46000 412 124.908 -9581.239 -12.507 0.4027 0 0 0 0.0096935 0.0860164 
47000 418 128.924 -9642.648 -12.149 0.4131 0 0 0 0.0088448 0.0871896 
48000 425 132.812 -9746.508 -12.597 0.4228 0 0 0 0.011012 0.0869838 
49000 432 132.465 -9861.826 -12.919 0.4372 0 0 0 0.0087626 0.0868317 
50000 437 140.15 -9887.562 -12.308 0.47 0 0 0 0.0083209 0.0873329 
51000 441 148.014 -9992.113 -13.466 0.5177 0 0 0 0.012733 0.0878819 
52000 449 145.602 -10018.479 -11.888 0.5024 0 0 0 0.006553 0.0883044 
53000 455 147.644 -10081.759 -11.798 0.5122 0 0 0 0.0064585 0.0885216 
54000 459 153.331 -10116.555 -11.529 0.537 0 0 0 0.0076776 0.0887738 
55000 464 155.094 -10149.397 -10.516 0.5364 0 0 0 0.0059205 0.0893302 
56000 468 160.8 -10227.51 -11.223 0.5558 0 0 0 0.0058062 0.0902271 
57000 472 171.729 -10284.973 -11.886 0.6133 0 0 0 0.0036084 0.0908884 
58000 475 181.592 -10346.663 -12.392 0.6662 0 0 0 0.0060749 0.0911204 
59000 480 181.048 -10394.801 -11.895 0.6604 0 0 0 0.0040733 0.0918098 
60000 484 188.566 -10417.58 -11.68 0.6834 0 0 0 0.0035493 0.0920032 
61000 490 185.106 -10430.531 -10.412 0.6636 0 0 0 0.0037878 0.09217 
62000 493 195.924 -10539.626 -12.04 0.7009 0 0 0 0.0043894 0.0926346 
63000 499 191.218 -10635.549 -12.387 0.673 0 0 0 0.0032501 0.0925764 
64000 506 184.659 -10633.175 -10.785 0.6459 0 0 0 0.0038967 0.0927387 
65000 510 190.93 -10621.505 -9.864 0.674 0 0 0 0.0034418 0.0928484 
66000 516 189.319 -10641.79 -9.084 0.7431 0 0 0 0.0019861 0.0933013 
67000 523 182.044 -10629.503 -7.736 0.7499 0 0 0 0.0050415 0.0933304 
68000 529 179.467 -10673.975 -7.594 0.8436 0 0 0 0.0020628 0.0936764 
69000 533 179.663 -10696.29 -7.148 0.832 0 0 0 0.0048831 0.0935694 
70000 535 194.936 -10752.322 -7.783 0.903 0 0 0 0.0021767 0.093668 
71000 539 196.755 -10787.217 -7.936 0.8989 0 0 0 0.0019035 0.093846 
72000 545 199.247 -10824.508 -8.107 0.8961 0 0 0 0.0037776 0.0939437 
73000 546 196.902 -10794.977 -7.855 0.8843 0 0 0 0.0027385 0.0939868 
74000 552 207.498 -10773.73 -6.161 0.9175 0 0 0 0.0045817 0.0942358 
75000 555 211.813 -10792.402 -5.8 0.9569 0 0 0 0.0051083 0.0942255 
76000 560 212.633 -10805.367 -5.557 0.9341 0 0 0 0.0055064 0.0944237 
77000 562 224.524 -10827.616 -5.803 0.9933 0 0 0 0.0043812 0.0946103 
78000 566 229.05 -10793.341 -4.88 0.9951 0 0 0 0.0057056 0.0944289 
79000 570 229.852 -10810.396 -4.999 0.9893 0 0 0 0.0043857 0.0947913 
80000 571 243.515 -10810.642 -4.845 1.0466 0 0 0 0.0060237 0.0944725 
81000 573 246.867 -10831.106 -4.568 1.0508 0 0 0 0.0064656 0.0943434 
82000 577 252.692 -10818.846 -4.016 1.0605 0 0 0 0.0047998 0.0948117 
83000 579 256.899 -10841.096 -4.387 1.0894 0 0 0 0.0057627 0.0946325 
84000 582 269.795 -10858.918 -4.761 1.1498 0 0 0 0.0060786 0.0952177 
85000 584 266.363 -10841.684 -4.236 1.1383 0 0 0 0.0054661 0.0953795 
86000 587 277.812 -10847.82 -3.868 1.1971 0 0 0 0.0062 0.0954268 
87000 590 278.822 -10843.961 -3.908 1.1822 0 0 0 0.0063861 0.0953196 
88000 591 293.246 -10869.083 -3.54 1.2488 0 0 0 0.0073644 0.0952377 
89000 594 303.875 -10915.521 -4.83 1.3058 0 0 0 0.0070837 0.094926 
90000 596 310.822 -10949.994 -5.358 1.3763 0 0 0 0.0054883 0.0955801 
91000 600 305.071 -10935.21 -4.544 1.3405 0 0 0 0.0053536 0.0951147 
92000 604 302.739 -10929.78 -4.19 1.3102 0 0 0 0.0054291 0.0951121 
93000 606 300.147 -10971.413 -4.168 1.2897 0 0 0 0.0060184 0.0953282 
94000 609 308.331 -10994.555 -5.231 1.3152 0 0 0 0.0052212 0.0954085 
95000 612 312.993 -11044.948 -5.724 1.3402 0 0 0 0.0048458 0.0953848 
96000 617 300.358 -11065.28 -5.685 1.2749 0 0 0 0.005119 0.0957243 
97000 620 302.502 -11132.387 -6.354 1.2723 0 0 0 0.004512 0.0957873 
98000 624 301.044 -11208.946 -7.577 1.2722 0 0 0 0.0051074 0.0955798 
99000 627 302.947 -11237.245 -7.683 1.2693 0 0 0 0.0039774 0.0958048 
100000 628 301.949 -11293.365 -7.878 1.2611 0 0 0 0.0057968 0.0956013 
101000 632 304.401 -11303.283 -8.51 1.2933 0 0 0 0.0043426 0.0953578 
102000 633 318.313 -11340.014 -8.043 1.3559 0 0 0 0.0029191 0.0951099 
103000 636 326.521 -11381.633 -9.105 1.3871 0 0 0 0.0033346 0.0944015 
104000 637 339.99 -11376.427 -8.731 1.4561 0 0 0 0.0047248 0.0943686 
105000 640 333.048 -11439.611 -9.086 1.4227 0 0 0 0.0031585 0.0943929 
106000 642 345.764 -11479.293 -9.907 1.4702 0 0 0 0.0029915 0.094467 
107000 644 340.218 -11487.47 -9.466 1.4371 0 0 0 0.0036618 0.0951852 
108000 646 351.845 -11510.278 -9.937 1.4934 0 0 0 0.0026607 0.0951772 
109000 648 359.732 -11519.614 -9.408 1.5355 0 0 0 0.0032794 0.0950443 
110000 649 363.298 -11533.92 -9.641 1.5552 0 0 0 0.0046025 0.09513 
111000 651 371.455 -11583.631 -9.433 1.5931 0 0 0 0.0041085 0.0951599 
112000 653 385.349 -11612.445 -10.58 1.7613 0 0 0 0.0024184 0.0951042 
113000 654 397.642 -11611.431 -10.375 1.8884 0 0 0 0.0040748 0.0946032 
114000 655 409.689 -11610.966 -10.15 1.996 0 0 0 0.0057087 0.0945634 
115000 660 387.548 -11627.093 -9.632 1.8649 0 0 0 0.0043898 0.0948622 
116000 661 399.797 -11634.724 -9.004 1.9787 0 0 0 0.0047802 0.094173 
117000 662 411.801 -11688.734 -9.679 2.1904 0 0 0 0.00563 0.0943814 
118000 664 417.712 -11722.048 -10.378 2.2983 0 0 0 0.0041425 0.0952129 
119000 666 411.04 -11769.026 -10.608 2.2481 0 0 0 0.0054066 0.0946967 
120000 669 410.85 -11801.12 -10.342 2.2066 0 0 0 0.0035524 0.0951498 
121000 671 415.286 -11856.946 -11.592 2.1991 0 0 0 0.0037381 0.0954791 
122000 673 420.287 -11865.093 -11.364 2.1927 0 0 0 0.0035259 0.0951098 
123000 676 417.533 -11869.848 -10.978 2.178 0 0 0 0.003809 0.0949994 
124000 677 429.183 -11888.928 -10.913 2.2482 0 0 0 0.0048728 0.0949418 
125000 680 423.657 -11915.96 -10.829 2.1967 0 0 0 0.0036542 0.095169 
126000 681 419.104 -11950.648 -10.774 2.1654 0 0 0 0.0033601 0.0951555 
127000 686 412.705 -12006.428 -11.144 2.0941 0 0 0 0.0031323 0.0951135 
128000 687 424.45 -12054.097 -11.924 2.1335 0 0 0 0.0028374 0.0956637 
129000 689 414.735 -12085.154 -11.973 2.0714 0 0 0 0.0022739 0.0955995 
130000 693 408.819 -12138.392 -12.1 2.0609 0 0 0 0.0031017 0.0953357 
131000 694 420.643 -12170.343 -12.363 2.1237 0 0 0 0.0024826 0.095583 
132000 696 430.325 -12196.731 -12.772 2.1836 0 0 0 0.0028485 0.096243 
133000 697 438.099 -12208.167 -12.789 2.2206 0 0 0 0.0018349 0.096471 
134000 700 429.862 -12227.4 -12.473 2.1538 0 0 0 0.0013439 0.096525 
135000 701 434.564 -12273.376 -12.128 2.1666 0 0 0 0.0017971 0.0964528 
136000 705 431.178 -12329.829 -12.89 2.1285 0 0 0 0.0012499 0.0966383 
137000 707 431.75 -12381.833 -13.577 2.1358 0 0 0 0.0015783 0.0967153 
138000 710 429.847 -12415.778 -13.554 2.1054 0 0 0 0.0024059 0.0969281 
139000 711 432.35 -12445.141 -13.659 2.1056 0 0 0 0.0019783 0.0965073 
140000 713 430.429 -12478.292 -13.12 2.076 0 0 0 0.0014395 0.0966854 
141000 716 437.824 -12474.788 -13.089 2.1077 0 0 0 0.0019407 0.0967397 
142000 717 449.067 -12483.809 -12.997 2.1769 0 0 0 0.0021558 0.0964048 
143000 721 432.082 -12530.35 -12.85 2.1106 0 0 0 0.0024177 0.0963294 
144000 722 440.34 -12562.661 -13.342 2.1461 0 0 0 0.0031436 0.0962997 
145000 724 443.105 -12589.144 -13.082 2.1422 0 0 0 0.0027198 0.0962981 
146000 726 441.854 -12642.599 -13.528 2.125 0 0 0 0.0023279 0.0963189 
147000 728 447.717 -12680.436 -13.885 2.1384 0 0 0 0.0024875 0.0963572 
148000 730 451.887 -12717.937 -14.199 2.1378 0 0 0 0.0023747 0.0964233 
149000 734 433.903 -12728.102 -13.47 2.029 0 0 0 0.0025792 0.0961593 
150000 735 445.225 -12734.299 -13.215 2.0786 0 0 0 0.0019177 0.0961375 
151000 737 442.012 -12763.633 -12.925 2.0487 0 0 0 0.0016514 0.0963738 
152000 738 453.171 -12807.121 -13.549 2.1254 0 0 0 0.0018685 0.0965707 
153000 741 447.464 -12840.804 -13.459 2.0827 0 0 0 0.0029637 0.0963479 
154000 743 454.244 -12890.333 -13.968 2.104 0 0 0 0.0021587 0.0964204 
155000 746 450.136 -12906.383 -13.617 2.0615 0 0 0 0.0031292 0.0967182 
156000 747 461.134 -12891.498 -13.051 2.1007 0 0 0 0.0035136 0.0966092 
157000 748 471.911 -12886.492 -12.69 2.1533 0 0 0 0.0033908 0.0964021 
158000 750 461.085 -12916.287 -12.759 2.094 0 0 0 0.0038189 0.0963934 
159000 752 471.905 -12933.199 -12.458 2.1457 0 0 0 0.0024551 0.0963001 
160000 755 465.095 -12953.625 -12.307 2.1041 0 0 0 0.0022173 0.0965731 
161000 756 475.794 -12942.361 -11.788 2.1644 0 0 0 0.0041463 0.0961166 
162000 757 486.278 -12947.518 -11.698 2.2274 0 0 0 0.0048181 0.0957558 
163000 758 481.412 -12968.426 -11.557 2.1986 0 0 0 0.0042233 0.0955487 
164000 760 486.708 -12971.447 -11.585 2.2143 0 0 0 0.0042929 0.0955185 
165000 761 496.974 -12981.55 -11.242 2.2619 0 0 0 0.0058303 0.0949442 
166000 763 506.339 -12977.357 -11.043 2.3071 0 0 0 0.0061852 0.0954955 
167000 765 504.7 -12968.028 -10.59 2.2829 0 0 0 0.005177 0.0956776 
168000 767 496.4 -13001.669 -10.091 2.2525 0 0 0 0.0060584 0.0949958 
169000 770 491.381 -13047.939 -10.647 2.2386 0 0 0 0.0056069 0.0954098 
170000 771 501.554 -13081.914 -10.941 2.3036 0 0 0 0.005346 0.0952944 
171000 773 502.963 -13104.564 -11.648 2.35 0 0 0 0.0057242 0.0952103 
172000 774 512.904 -13108.21 -11.082 2.3774 0 0 0 0.0065499 0.0946683 
173000 777 506.292 -13126.037 -10.84 2.3353 0 0 0 0.0073323 0.0941206 
174000 779 496.698 -13130.095 -10.292 2.2883 0 0 0 0.007083 0.0946297 
175000 782 494.893 -13138.925 -10.132 2.2689 0 0 0 0.006115 0.0942586 
176000 785 481.16 -13121.836 -9.263 2.2085 0 0 0 0.0053676 0.09442 
177000 786 491.537 -13110.933 -8.857 2.2567 0 0 0 0.0053059 0.0942903 
178000 789 485.814 -13121.117 -8.366 2.2153 0 0 0 0.0054477 0.0944729 
179000 790 496.098 -13129.815 -8.471 2.2682 0 0 0 0.0050599 0.0948938 
180000 791 495.216 -13129.236 -8.419 2.2571 0 0 0 0.0048823 0.0943458 
181000 793 495.061 -13130.947 -8.086 2.2476 0 0 0 0.0042916 0.09407 
182000 794 505.16 -13117.752 -7.744 2.2916 0 0 0 0.0053726 0.0936649 
183000 796 507.936 -13127.335 -7.581 2.3064 0 0 0 0.0058603 0.0930563 
184000 799 503.301 -13110.97 -6.833 2.2845 0 0 0 0.0061366 0.0928307 
185000 801 495.62 -13117.477 -6.563 2.2386 0 0 0 0.0062412 0.092481 
186000 803 498.374 -13143.079 -6.95 2.24 0 0 0 0.005677 0.0925717 
187000 804 499.506 -13161.023 -6.582 2.2386 0 0 0 0.0067948 0.0921795 
188000 806 503.586 -13159.221 -6.816 2.2558 0 0 0 0.0061328 0.0926394 
189000 809 498.761 -13186.841 -7.067 2.2432 0 0 0 0.0066339 0.092737 
190000 810 503.386 -13187.481 -6.605 2.2901 0 0 0 0.0068175 0.0923196 
191000 811 513.318 -13180.882 -6.667 2.3361 0 0 0 0.0072953 0.0921975 
192000 812 521.932 -13182.586 -6.232 2.3959 0 0 0 0.0089554 0.0918918 
193000 813 527.333 -13190.884 -6.303 2.4185 0 0 0 0.0081302 0.0926712 
194000 815 532.011 -13190.503 -6.175 2.4378 0 0 0 0.0077607 0.0926522 
195000 816 541.37 -13205.606 -5.967 2.4881 0 0 0 0.0074411 0.0921726 
196000 820 529.062 -13233.692 -6.303 2.4182 0 0 0 0.0076182 0.0922268 
197000 821 533.14 -13218.527 -5.993 2.4279 0 0 0 0.0078434 0.0925289 
198000 824 523.26 -13219.997 -5.725 2.3685 0 0 0 0.0068803 0.0933413 
199000 826 526.118 -13245.239 -5.844 2.4559 0 0 0 0.0073086 0.0933155 
200000 827 524.936 -13257.446 -5.801 2.5481 0 0 0 0.0054648 0.0940249 
201000 828 534.437 -13250.424 -6.061 2.6091 0 0 0 0.0054692 0.0942227 
202000 830 534.318 -13243.23 -5.402 2.6008 0 0 0 0.0059792 0.0941229 
203000 832 541.342 -13243.372 -5.206 2.6234 0 0 0 0.0062327 0.0939901 
204000 833 550.515 -13243.453 -5.112 2.6907 0 0 0 0.0061322 0.0939777 
205000 834 559.505 -13264.256 -5.396 2.729 0 0 0 0.0057577 0.094409 
206000 835 568.315 -13280.265 -5.606 2.7924 0 0 0 0.0042752 0.0950169 
207000 837 558.958 -13288.428 -5.549 2.7288 0 0 0 0.0047974 0.0952804 
208000 839 556.648 -13296.286 -5.531 2.7037 0 0 0 0.0033513 0.094967 
209000 840 565.515 -13300.138 -5.606 2.7738 0 0 0 0.0031472 0.0953141 
210000 842 570.021 -13303.583 -5.185 2.7938 0 0 0 0.0043899 0.0949989 
211000 843 578.62 -13311.158 -5.358 2.8333 0 0 0 0.003777 0.0956031 
212000 844 587.048 -13320.286 -5.333 2.873 0 0 0 0.0024881 0.0959485 
213000 845 595.307 -13331.8 -5.449 2.9284 0 0 0 0.0036385 0.0953583 
214000 847 590.18 -13330.251 -5.317 2.9058 0 0 0 0.0033086 0.0952271 
215000 848 597.896 -13359.618 -5.674 2.9561 0 0 0 0.0029172 0.0957208 
216000 849 591.478 -13382.29 -5.689 2.916 0 0 0 0.0028164 0.0956273 
217000 851 596.076 -13392.392 -5.949 2.941 0 0 0 0.0028374 0.0956223 
218000 852 604.154 -13409.266 -6.205 2.9715 0 0 0 0.0025484 0.0962425 
219000 853 612.071 -13417.665 -6.386 3.0075 0 0 0 0.0022063 0.0963064 
220000 855 612.233 -13427.296 -6.258 3.0323 0 0 0 0.0019034 0.0961812 
221000 856 619.988 -13445.71 -6.4 3.0586 0 0 0 0.0020121 0.0963397 
222000 857 627.589 -13463.154 -6.609 3.0842 0 0 0 0.0017708 0.0965067 
223000 858 630.977 -13485.259 -6.87 3.0901 0 0 0 0.0022727 0.0958582 
224000 859 637.637 -13496.776 -7.25 3.1023 0 0 0 0.0021226 0.0959778 
225000 861 636.359 -13530.59 -7.264 3.1103 0 0 0 0.00186 0.0960337 
226000 862 634.372 -13536.987 -7.774 3.1175 0 0 0 0.000956 0.095836 
227000 864 635.195 -13571.87 -7.632 3.1119 0 0 0 0.0019729 0.0956227 
228000 865 638.571 -13580.154 -8.039 3.1184 0 0 0 0.0013794 0.0950836 
229000 866 645.8 -13587.004 -7.723 3.1419 0 0 0 0.0016386 0.0948616 
230000 867 652.884 -13595.815 -7.89 3.2308 0 0 0 0.001782 0.0954848 
231000 868 659.826 -13584.905 -7.762 3.3898 0 0 0 0.0024703 0.0952303 
232000 871 648.233 -13598.547 -7.418 3.3284 0 0 0 0.002139 0.0948038 
233000 874 633.275 -13628.543 -7.468 3.2296 0 0 0 0.0028395 0.0943544 
234000 875 640.609 -13634.889 -7.511 3.2744 0 0 0 0.0034394 0.0938446 
235000 876 647.797 -13629.068 -7.22 3.3025 0 0 0 0.0039213 0.0932367 
236000 877 654.841 -13653.475 -7.521 3.332 0 0 0 0.0048936 0.0931807 
237000 879 644.53 -13696.511 -8.108 3.2627 0 0 0 0.0048564 0.0924865 
238000 880 636.519 -13699.218 -7.885 3.2189 0 0 0 0.0045405 0.0921915 
239000 882 645.673 -13710.269 -7.948 3.3135 0 0 0 0.0035571 0.092541 
240000 884 642.444 -13714.7 -7.607 3.2986 0 0 0 0.0040246 0.0927798 
241000 885 649.596 -13730.264 -7.887 3.3588 0 0 0 0.004044 0.0926796 
242000 886 655.764 -13745.388 -8.072 3.4075 0 0 0 0.0039038 0.0932278 
243000 887 662.648 -13760.42 -8.084 3.5005 0 0 0 0.0036451 0.0935218 
244000 888 661.855 -13759.845 -7.99 3.5491 0 0 0 0.0034727 0.0940468 
245000 889 668.618 -13769.775 -7.848 3.7717 0 0 0 0.003107 0.0946729 
246000 891 667.684 -13784.313 -7.878 3.7512 0 0 0 0.0032021 0.094323 
247000 892 674.33 -13803.226 -8.014 3.7797 0 0 0 0.0045151 0.0948036 
248000 894 667.316 -13832.052 -8.306 3.7161 0 0 0 0.0024649 0.0952119 
249000 895 664.01 -13834.54 -8.483 3.6829 0 0 0 0.0025645 0.0951045 
250000 898 658.642 -13854.388 -8.214 3.6399 0 0 0 0.0028803 0.0948211 
251000 899 665.469 -13843.158 -7.831 3.6937 0 0 0 0.0026137 0.0952134 
252000 902 643.535 -13873.577 -7.963 3.5449 0 0 0 0.0015446 0.0953544 
253000 903 650.664 -13872.855 -7.65 3.5836 0 0 0 0.0030391 0.095295 
254000 904 653.231 -13886.723 -7.738 3.5945 0 0 0 0.0024186 0.0957969 
255000 905 660.166 -13906.42 -8.083 3.6617 0 0 0 0.0030415 0.0960048 
256000 906 666.963 -13901.055 -7.899 3.6925 0 0 0 0.0024237 0.0959902 
257000 909 646.328 -13908.904 -7.782 3.5515 0 0 0 0.0019622 0.0960027 
258000 910 653.402 -13901.225 -7.39 3.5763 0 0 0 0.0028084 0.0953169 
259000 911 660.333 -13918.857 -7.402 3.6289 0 0 0 0.0032684 0.0953983 
260000 912 667.127 -13938.546 -7.382 3.6586 0 0 0 0.003026 0.0955846 
261000 913 667.724 -13955.168 -7.69 3.6439 0 0 0 0.0025452 0.0957439 
262000 914 674.37 -13959.794 -7.892 3.693 0 0 0 0.0029661 0.0957581 
263000 916 672.245 -13989.439 -7.963 3.7294 0 0 0 0.0023359 0.0958448 
264000 918 672.064 -14006.732 -8.27 3.7381 0 0 0 0.0027496 0.0960341 
265000 919 671.243 -14007.169 -8.147 3.7118 0 0 0 0.0030589 0.0961552 
266000 920 677.158 -14020.874 -8.207 3.7285 0 0 0 0.0034783 0.0963147 
267000 922 673.082 -14040.598 -8.231 3.6962 0 0 0 0.0025015 0.0964591 
268000 924 672.028 -14035.897 -7.705 3.6863 0 0 0 0.0045739 0.0960197 
269000 928 638.52 -14042.621 -7.084 3.4825 0 0 0 0.0042451 0.0959049 
270000 930 629.508 -14028.747 -6.85 3.4253 0 0 0 0.0027235 0.0958599 
271000 931 636.918 -14039.45 -6.96 3.4609 0 0 0 0.0040843 0.0958488 
272000 932 644.18 -14036.787 -6.676 3.4937 0 0 0 0.0043572 0.0955336 
273000 934 641.837 -14046.13 -6.442 3.4482 0 0 0 0.0039304 0.0954785 
274000 935 649.0 -14036.599 -6.13 3.4802 0 0 0 0.0058403 0.0951984 
275000 938 631.412 -14028.786 -5.642 3.3647 0 0 0 0.0042956 0.0951167 
276000 939 638.784 -14028.834 -5.582 3.4706 0 0 0 0.0051403 0.094999 
277000 940 630.108 -14040.49 -5.636 3.4214 0 0 0 0.0052635 0.0945909 
278000 944 614.857 -14077.275 -5.904 3.3865 0 0 0 0.0049622 0.0947171 
279000 946 608.53 -14099.532 -6.115 3.3823 0 0 0 0.0054281 0.0946824 
280000 948 602.364 -14106.27 -5.887 3.3639 0 0 0 0.0054415 0.0941253 
281000 952 577.344 -14137.522 -6.054 3.1875 0 0 0 0.0060858 0.0944069 
282000 955 563.166 -14176.669 -6.482 3.1245 0 0 0 0.0056142 0.0946857 
283000 957 551.017 -14182.532 -6.533 3.0408 0 0 0 0.0048483 0.0946321 
284000 959 555.601 -14211.061 -6.62 3.0708 0 0 0 0.0037131 0.0948606 
285000 962 541.817 -14227.135 -6.825 2.9893 0 0 0 0.0041436 0.0950815 
286000 963 550.981 -14247.324 -6.824 3.0397 0 0 0 0.003737 0.0952384 
287000 967 528.625 -14263.314 -6.78 2.876 0 0 0 0.004239 0.0953833 
288000 969 531.052 -14259.411 -6.387 2.9138 0 0 0 0.0039223 0.0950477 
289000 971 527.812 -14267.649 -6.354 2.8679 0 0 0 0.0029769 0.0955872 
290000 973 523.189 -14294.044 -6.641 2.8306 0 0 0 0.0026227 0.0957318 
291000 974 526.685 -14322.184 -6.647 2.8529 0 0 0 0.0024775 0.0959726 
292000 976 534.974 -14335.581 -6.919 2.8964 0 0 0 0.0026479 0.0963026 
293000 978 530.823 -14330.278 -6.663 2.8569 0 0 0 0.0019224 0.0967857 
294000 979 540.206 -14326.246 -6.384 2.9135 0 0 0 0.0032861 0.0960391 
295000 981 530.802 -14329.847 -6.402 2.8435 0 0 0 0.0037035 0.0959114 
296000 982 540.186 -14333.623 -6.11 2.8944 0 0 0 0.0031683 0.0955993 
297000 983 549.383 -14338.518 -6.035 2.9446 0 0 0 0.0032433 0.0954166 
298000 984 558.395 -14349.27 -6.182 3.0119 0 0 0 0.0037459 0.0954903 
299000 987 551.758 -14380.88 -6.428 2.9628 0 0 0 0.0032035 0.0958035 
300000 988 560.723 -14380.276 -6.362 2.9983 0 0 0 0.0028969 0.0960864 
301000 989 569.508 -14391.758 -6.358 3.021 0 0 0 0.0029565 0.0963203 
302000 990 578.118 -14447.013 -6.872 3.0649 0 0 0 0.0028691 0.0964683 
303000 994 557.324 -14497.222 -7.763 2.9243 0 0 0 0.0040209 0.0960972 
304000 997 543.878 -14542.958 -8.104 2.8281 0 0 0 0.0034526 0.0960773 
305000 998 545.721 -14572.579 -8.544 2.8228 0 0 0 0.0029811 0.0964884 
306000 1000 543.217 -14617.49 -9.117 2.7809 0 0 0 0.002798 0.0965 
307000 1003 537.936 -14673.145 -9.721 2.7193 0 0 0 0.0024147 0.096328 
308000 1006 522.76 -14689.697 -9.459 2.6141 0 0 0 0.0017132 0.0963916 
309000 1008 526.555 -14717.69 -9.636 2.6087 0 0 0 0.0021916 0.0961082 
310000 1010 517.954 -14733.81 -9.853 2.5469 0 0 0 0.0018665 0.0965569 
311000 1011 527.595 -14742.646 -9.67 2.5861 0 0 0 0.0011525 0.0969952 
312000 1012 537.043 -14752.226 -9.602 2.6372 0 0 0 0.0007292 0.0977113 
313000 1013 546.302 -14746.627 -9.43 2.709 0 0 0 0.0009864 0.0975344 
314000 1014 555.376 -14761.951 -9.257 2.7931 0 0 0 0.0011747 0.0976365 
315000 1015 564.268 -14770.717 -9.531 2.8326 0 0 0 0.0017019 0.0974174 
316000 1017 570.063 -14793.036 -9.552 2.8394 0 0 0 0.0024674 0.0970225 
317000 1020 554.307 -14822.701 -9.586 2.7341 0 0 0 0.0026165 0.096676 
318000 1021 553.741 -14808.958 -9.235 2.7327 0 0 0 0.0015642 0.0967203 
319000 1023 561.387 -14827.766 -9.141 2.798 0 0 0 0.0018861 0.0968404 
320000 1024 570.159 -14832.177 -8.91 2.829 0 0 0 0.0016518 0.0967929 
321000 1025 578.756 -14835.882 -8.885 2.8559 0 0 0 0.0031713 0.0968604 
322000 1027 568.652 -14875.816 -9.215 2.7865 0 0 0 0.002172 0.0967449 
323000 1030 559.414 -14905.783 -9.432 2.714 0 0 0 0.0024246 0.0968956 
324000 1032 554.796 -14916.395 -9.129 2.6756 0 0 0 0.0023455 0.0967929 
325000 1033 563.7 -14917.842 -9.085 2.7336 0 0 0 0.0021316 0.0966379 
326000 1036 553.587 -14939.342 -9.0 2.6633 0 0 0 0.002979 0.0963764 
327000 1038 548.156 -14958.448 -9.144 2.6183 0 0 0 0.0032429 0.0960677 
328000 1041 536.842 -14966.788 -8.577 2.5653 0 0 0 0.0033988 0.0956733 
329000 1043 537.157 -14995.514 -8.889 2.5805 0 0 0 0.003534 0.0957301 
330000 1045 537.265 -14976.172 -7.979 2.5721 0 0 0 0.0028436 0.0958084 
331000 1046 542.439 -14982.567 -8.061 2.5942 0 0 0 0.0025211 0.0954717 
332000 1047 538.191 -14995.205 -8.054 2.5812 0 0 0 0.0020403 0.0951718 
333000 1050 534.752 -15032.892 -8.302 2.5673 0 0 0 0.0018391 0.0952507 
334000 1051 533.857 -15047.107 -8.297 2.5552 0 0 0 0.0018375 0.0953294 
335000 1052 543.18 -15064.383 -8.398 2.6276 0 0 0 0.0017008 0.0952284 
336000 1054 549.51 -15063.793 -8.424 2.6746 0 0 0 0.0016965 0.0948337 
337000 1055 558.52 -15083.318 -8.192 2.7342 0 0 0 0.0034807 0.0945846 
338000 1056 563.609 -15094.161 -8.332 2.7832 0 0 0 0.0026703 0.094135 
339000 1057 570.057 -15102.759 -8.571 2.8211 0 0 0 0.0025702 0.0944194 
340000 1059 580.263 -15096.808 -8.348 2.8545 0 0 0 0.002421 0.0940168 
341000 1061 580.824 -15118.19 -8.317 2.8819 0 0 0 0.0025799 0.0939267 
342000 1062 589.208 -15108.35 -7.937 2.926 0 0 0 0.0030063 0.0935917 
343000 1064 583.072 -15140.749 -8.268 2.8877 0 0 0 0.003861 0.0931203 
344000 1065 585.611 -15163.383 -8.365 2.9491 0 0 0 0.0027711 0.0935185 
345000 1066 585.679 -15172.835 -8.549 2.9868 0 0 0 0.0039653 0.0932201 
346000 1068 587.386 -15150.061 -8.007 3.0095 0 0 0 0.0028542 0.0927667 
347000 1070 588.202 -15167.561 -7.828 3.0092 0 0 0 0.0027414 0.0927587 
348000 1071 596.438 -15191.579 -7.967 3.0448 0 0 0 0.0036672 0.0934447 
349000 1072 604.509 -15191.114 -8.178 3.0787 0 0 0 0.0032394 0.0933486 
350000 1073 611.799 -15196.606 -7.787 3.1045 0 0 0 0.0036968 0.0929135 
351000 1075 603.57 -15228.111 -8.297 3.0436 0 0 0 0.0038719 0.0925546 
352000 1078 596.117 -15264.013 -8.536 2.9795 0 0 0 0.003982 0.0924819 
353000 1079 596.614 -15276.697 -8.457 2.9675 0 0 0 0.0035496 0.0928628 
354000 1081 591.011 -15318.257 -8.922 2.9289 0 0 0 0.0038056 0.0921273 
355000 1082 599.191 -15330.598 -9.213 2.9892 0 0 0 0.0045027 0.0924863 
356000 1085 592.771 -15367.345 -9.262 2.9281 0 0 0 0.0033376 0.0920611 
357000 1086 600.916 -15378.499 -9.312 2.9659 0 0 0 0.003842 0.0920481 
358000 1087 608.897 -15391.743 -9.39 3.0125 0 0 0 0.0035986 0.092581 
359000 1088 616.719 -15385.304 -9.073 3.1239 0 0 0 0.0034794 0.0929153 
360000 1089 621.125 -15396.795 -8.951 3.1425 0 0 0 0.0031367 0.0930429 
361000 1090 628.702 -15418.972 -9.313 3.228 0 0 0 0.0025365 0.0932754 
362000 1091 636.128 -15405.648 -9.164 3.3257 0 0 0 0.0039671 0.093463 
363000 1092 640.906 -15434.339 -9.223 3.3637 0 0 0 0.0025811 0.0938495 
364000 1094 637.326 -15462.955 -9.561 3.3314 0 0 0 0.0028388 0.0936739 
365000 1096 630.175 -15476.469 -9.46 3.2767 0 0 0 0.0024794 0.0934738 
366000 1097 637.572 -15479.563 -9.371 3.3192 0 0 0 0.003027 0.0942648 
367000 1099 636.104 -15496.897 -9.277 3.282 0 0 0 0.0022839 0.094569 
368000 1100 643.382 -15543.114 -9.92 3.3199 0 0 0 0.002074 0.0946824 
369000 1101 650.514 -15597.208 -10.755 3.3415 0 0 0 0.0018316 0.0950897 
370000 1102 657.504 -15623.959 -11.29 3.3851 0 0 0 0.001196 0.0957085 
371000 1103 664.354 -15632.785 -11.244 3.4285 0 0 0 0.0019355 0.0960083 
372000 1104 671.067 -15671.603 -11.314 3.4828 0 0 0 0.0020566 0.0965842 
373000 1105 663.025 -15709.135 -11.552 3.4423 0 0 0 0.0015791 0.0968322 
374000 1107 660.849 -15743.994 -12.304 3.4309 0 0 0 0.002311 0.0970277 
375000 1108 667.632 -15749.626 -12.303 3.4577 0 0 0 0.0011944 0.096932 
376000 1109 674.28 -15760.477 -12.046 3.5303 0 0 0 0.0012118 0.0969857 
377000 1110 680.794 -15783.052 -12.146 3.6009 0 0 0 0.0016737 0.097272 
378000 1111 687.178 -15810.561 -12.505 3.6902 0 0 0 0.0013307 0.0974181 
379000 1112 693.435 -15808.915 -12.592 3.766 0 0 0 0.0014035 0.0975316 
380000 1113 699.566 -15834.518 -12.303 3.8045 0 0 0 0.001818 0.097143 
381000 1114 705.575 -15862.432 -12.694 3.8401 0 0 0 0.0024959 0.0970439 
382000 1116 702.594 -15894.666 -12.837 3.8261 0 0 0 0.0018474 0.0974651 
383000 1117 708.542 -15914.479 -13.391 3.8442 0 0 0 0.0015478 0.097409 
384000 1118 705.211 -15945.216 -13.212 3.8121 0 0 0 0.0012831 0.0974564 
385000 1121 694.726 -15967.98 -13.304 3.7173 0 0 0 0.0024751 0.0973387 
386000 1123 684.749 -15992.194 -13.195 3.6386 0 0 0 0.0019912 0.0972585 
387000 1124 691.054 -16004.333 -13.114 3.6575 0 0 0 0.0017024 0.0973156 
388000 1126 689.089 -16032.634 -13.268 3.6286 0 0 0 0.0019663 0.0973204 
389000 1127 695.307 -16052.846 -13.495 3.6397 0 0 0 0.0014329 0.0973283 
390000 1128 701.401 -16058.818 -13.331 3.6591 0 0 0 0.0015201 0.097592 
391000 1129 697.933 -16071.542 -13.151 3.6384 0 0 0 0.0017977 0.097323 
392000 1131 701.261 -16087.991 -13.115 3.6541 0 0 0 0.0016677 0.0977397 
393000 1133 683.482 -16103.745 -12.74 3.5441 0 0 0 0.000951 0.097593 
394000 1134 689.812 -16131.047 -12.982 3.6004 0 0 0 0.0014252 0.0977291 
395000 1135 696.016 -16146.324 -13.214 3.6159 0 0 0 0.0013667 0.0980882 
396000 1137 695.674 -16158.004 -12.964 3.592 0 0 0 0.0006722 0.0986668 
397000 1138 701.76 -16182.071 -13.147 3.6313 0 0 0 0.0004926 0.0987658 
398000 1139 707.725 -16198.51 -13.186 3.6815 0 0 0 0.0003939 0.0989314 
399000 1140 700.31 -16205.516 -13.068 3.6321 0 0 0 0.0002695 0.0987789 
400000 1142 700.998 -16213.314 -12.728 3.7581 0 0 0 0.0003121 0.0988544 
401000 1143 698.798 -16224.592 -12.627 3.7431 0 0 0 0.0005975 0.0991619 
402000 1145 701.366 -16250.445 -12.755 3.772 0 0 0 0.0004933 0.0991948 
403000 1146 707.338 -16268.786 -12.845 3.8698 0 0 0 0.0004397 0.0992267 
404000 1148 701.049 -16287.771 -12.693 3.8185 0 0 0 0.000793 0.0991492 
405000 1151 674.845 -16323.121 -12.188 3.6861 0 0 0 0.000335 0.0990944 
406000 1152 668.908 -16335.504 -12.436 3.734 0 0 0 0.0001944 0.099096 
407000 1154 679.999 -16365.853 -12.749 3.9219 0 0 0 0.000431 0.0990285 
408000 1156 671.678 -16416.67 -12.959 3.8805 0 0 0 0.000494 0.099028 
409000 1157 667.284 -16440.558 -13.16 3.8474 0 0 0 0.0004938 0.0989293 
410000 1158 673.938 -16455.73 -13.464 3.9458 0 0 0 0.0002972 0.0989467 
411000 1160 672.389 -16486.77 -13.648 3.9605 0 0 0 0.0002744 0.0989602 
412000 1161 673.621 -16512.708 -13.561 3.9517 0 0 0 0.0003077 0.0989939 
413000 1162 680.149 -16531.191 -13.722 4.0264 0 0 0 0.0003756 0.0989163 
414000 1164 685.375 -16551.323 -13.794 4.1426 0 0 0 0.0003442 0.0989722 
415000 1165 689.728 -16565.477 -13.786 4.2191 0 0 0 0.0005161 0.0989278 
416000 1166 695.933 -16600.304 -14.331 4.2649 0 0 0 0.0007162 0.0989873 
417000 1167 698.794 -16609.121 -13.854 4.3049 0 0 0 0.0007565 0.0987835 
418000 1169 692.901 -16617.965 -13.76 4.2715 0 0 0 0.0012032 0.0987425 
419000 1171 681.906 -16686.644 -14.016 4.1818 0 0 0 0.0012879 0.0985997 
420000 1172 677.988 -16697.295 -14.505 4.153 0 0 0 0.0018477 0.0986933 
421000 1175 663.989 -16761.355 -14.357 4.0582 0 0 0 0.0012778 0.0985875 
422000 1179 638.854 -16844.139 -15.135 3.8676 0 0 0 0.0013052 0.0986772 
423000 1181 636.695 -16875.047 -15.423 3.8322 0 0 0 0.0005411 0.098616 
424000 1182 630.061 -16902.951 -15.38 3.7941 0 0 0 0.0010799 0.0986433 
425000 1184 636.071 -16931.538 -15.521 3.8205 0 0 0 0.0006394 0.0985348 
426000 1187 620.499 -16975.937 -15.545 3.6953 0 0 0 0.0011488 0.0985931 
427000 1188 628.089 -17017.225 -16.085 3.7992 0 0 0 0.0010798 0.0984286 
428000 1189 631.687 -17041.981 -16.238 3.859 0 0 0 0.0005095 0.0983407 
429000 1190 636.554 -17105.024 -16.62 3.9021 0 0 0 0.0010174 0.0983511 
430000 1192 631.404 -17174.01 -17.776 3.8286 0 0 0 0.0015827 0.0984409 
431000 1193 631.336 -17209.577 -17.785 3.8029 0 0 0 0.0011928 0.0982838 
432000 1195 637.075 -17238.856 -18.035 3.8238 0 0 0 0.0023485 0.0982671 
433000 1197 629.713 -17280.925 -18.154 3.7493 0 0 0 0.0009426 0.0981735 
434000 1198 628.999 -17314.284 -18.172 3.7273 0 0 0 0.0010579 0.0983817 
435000 1199 636.419 -17367.192 -18.474 3.8534 0 0 0 0.0011205 0.0984678 
436000 1201 635.817 -17399.608 -19.313 3.8847 0 0 0 0.0009588 0.0983738 
437000 1202 643.101 -17410.961 -18.625 3.9631 0 0 0 0.0009866 0.0981543 
438000 1203 650.238 -17456.324 -19.26 3.9742 0 0 0 0.0030949 0.0982238 
439000 1205 652.329 -17494.342 -19.469 3.9631 0 0 0 0.0008667 0.0983159 
440000 1206 659.282 -17516.002 -19.543 3.9875 0 0 0 0.0012573 0.0981614 
441000 1207 651.877 -17555.749 -19.092 3.929 0 0 0 0.002559 0.0981819 
442000 1210 643.738 -17569.738 -19.155 3.8181 0 0 0 0.0006983 0.098181 
443000 1212 638.42 -17585.884 -18.611 3.7757 0 0 0 0.0018761 0.098179 
444000 1213 645.652 -17603.029 -18.767 3.8492 0 0 0 0.0010852 0.0981489 
445000 1215 634.913 -17628.6 -18.165 3.7505 0 0 0 0.0038787 0.0979127 
446000 1217 636.37 -17677.716 -18.56 3.7206 0 0 0 0.0009404 0.098045 
447000 1218 638.903 -17679.766 -17.954 3.7124 0 0 0 0.0015353 0.0978725 
448000 1220 638.662 -17682.342 -17.553 3.6921 0 0 0 0.0012052 0.0976677 
449000 1222 624.914 -17707.89 -17.261 3.589 0 0 0 0.0015111 0.0978605 
450000 1223 632.416 -17725.603 -17.337 3.6017 0 0 0 0.0027457 0.0975683 
451000 1225 631.538 -17748.301 -17.148 3.5551 0 0 0 0.0014404 0.0974667 
452000 1226 638.908 -17770.831 -17.281 3.5679 0 0 0 0.000993 0.0974906 
453000 1227 643.429 -17779.209 -16.892 3.5687 0 0 0 0.003128 0.0975507 
454000 1228 650.561 -17811.468 -17.277 3.5994 0 0 0 0.0009912 0.0977256 
