10000.0 28.75 -52.3125 -80.5256 -24.0994 -0.0052 -0.0081 -0.0024 -0.7356 -1.126 -0.3453 
20000.0 58.625 -121.0 -180.1391 -61.8609 -0.0061 -0.009 -0.0031 -1.3415 -1.7719 -0.9111 
30000.0 110.5 -195.6125 -250.5602 -140.6648 -0.0065 -0.0084 -0.0047 -1.6024 -2.1936 -1.0111 
40000.0 159.125 -271.9 -336.2064 -207.5936 -0.0068 -0.0084 -0.0052 -1.6766 -2.4151 -0.9382 
50000.0 197.0 -360.325 -429.3407 -291.3093 -0.0072 -0.0086 -0.0058 -2.0942 -3.0843 -1.1042 
60000.0 231.625 -422.7 -520.6988 -324.7012 -0.007 -0.0087 -0.0054 -1.9149 -2.4426 -1.3872 
70000.0 270.5 -511.8625 -629.0305 -394.6945 -0.0073 -0.009 -0.0056 -2.2002 -2.8338 -1.5667 
80000.0 307.25 -623.4875 -751.1571 -495.8179 -0.0078 -0.0094 -0.0062 -2.8791 -3.7236 -2.0347 
90000.0 335.5 -704.2875 -857.9498 -550.6252 -0.0078 -0.0095 -0.0061 -2.9338 -3.9599 -1.9076 
100000.0 361.25 -797.45 -966.8586 -628.0414 -0.008 -0.0097 -0.0063 -3.2035 -4.3534 -2.0536 
110000.0 389.625 -893.025 -1088.1468 -697.9032 -0.0081 -0.0099 -0.0063 -3.5005 -5.0385 -1.9625 
120000.0 421.875 -963.5625 -1180.6457 -746.4793 -0.008 -0.0098 -0.0062 -2.9461 -4.1465 -1.7458 
130000.0 453.0 -1039.4375 -1301.5855 -777.2895 -0.008 -0.01 -0.006 -2.8526 -4.3323 -1.373 
140000.0 489.0 -1115.6375 -1385.7666 -845.5084 -0.008 -0.0099 -0.006 -2.6796 -3.7952 -1.564 
150000.0 521.875 -1161.3375 -1434.6402 -888.0348 -0.0077 -0.0096 -0.0059 -2.158 -3.139 -1.177 
160000.0 555.875 -1239.2875 -1520.7909 -957.7841 -0.0077 -0.0095 -0.006 -2.2707 -3.0793 -1.4622 
170000.0 586.625 -1307.075 -1636.1994 -977.9506 -0.0077 -0.0096 -0.0058 -2.3605 -3.7101 -1.0109 
180000.0 613.75 -1375.425 -1718.3667 -1032.4833 -0.0076 -0.0095 -0.0057 -2.5545 -3.8689 -1.2401 
190000.0 642.5 -1435.6125 -1782.6862 -1088.5388 -0.0076 -0.0094 -0.0057 -2.5479 -3.7858 -1.3099 
200000.0 677.625 -1490.5 -1856.108 -1124.892 -0.0075 -0.0093 -0.0056 -2.2846 -3.3593 -1.21 
210000.0 704.625 -1572.525 -1979.0148 -1166.0352 -0.0075 -0.0094 -0.0056 -2.6651 -4.0199 -1.3104 
220000.0 736.375 -1628.05 -2048.0099 -1208.0901 -0.0074 -0.0093 -0.0055 -2.386 -3.7084 -1.0636 
230000.0 766.125 -1685.95 -2124.5546 -1247.3454 -0.0073 -0.0092 -0.0054 -2.3126 -3.5532 -1.0721 
240000.0 794.125 -1730.375 -2190.146 -1270.604 -0.0072 -0.0091 -0.0053 -2.2081 -3.5152 -0.901 
250000.0 822.625 -1779.15 -2243.9214 -1314.3786 -0.0071 -0.009 -0.0053 -2.0661 -2.9758 -1.1564 
260000.0 847.0 -1836.6375 -2305.2414 -1368.0336 -0.0071 -0.0089 -0.0053 -2.0424 -2.8008 -1.2839 
270000.0 877.75 -1926.85 -2424.3095 -1429.3905 -0.0071 -0.009 -0.0053 -2.5368 -3.5983 -1.4752 
280000.0 904.125 -1983.075 -2498.4962 -1467.6538 -0.0071 -0.0089 -0.0052 -2.3431 -3.378 -1.3082 
290000.0 928.0 -2052.075 -2578.1642 -1525.9858 -0.0071 -0.0089 -0.0053 -2.5256 -3.4357 -1.6156 
300000.0 953.125 -2112.2 -2652.1249 -1572.2751 -0.007 -0.0088 -0.0052 -2.5098 -3.8929 -1.1266 
310000.0 982.0 -2164.7625 -2720.2225 -1609.3025 -0.007 -0.0088 -0.0052 -2.312 -3.7469 -0.8771 
320000.0 1008.75 -2201.95 -2772.6376 -1631.2624 -0.0069 -0.0087 -0.0051 -1.9584 -3.0133 -0.9035 
330000.0 1035.625 -2230.75 -2818.1013 -1643.3987 -0.0068 -0.0085 -0.005 -1.6156 -2.5477 -0.6836 
340000.0 1061.125 -2259.625 -2865.203 -1654.047 -0.0066 -0.0084 -0.0049 -1.5108 -2.5678 -0.4537 
350000.0 1088.125 -2300.05 -2909.2583 -1690.8417 -0.0066 -0.0083 -0.0048 -1.6551 -2.785 -0.5252 
360000.0 1113.75 -2341.7875 -2956.0051 -1727.5699 -0.0065 -0.0082 -0.0048 -1.6792 -2.4227 -0.9358 
370000.0 1139.625 -2383.75 -3017.9511 -1749.5489 -0.0064 -0.0082 -0.0047 -1.7462 -2.7549 -0.7376 
380000.0 1165.875 -2438.4375 -3092.7167 -1784.1583 -0.0064 -0.0081 -0.0047 -1.8982 -3.1476 -0.6489 
390000.0 1190.0 -2472.55 -3138.7102 -1806.3898 -0.0063 -0.008 -0.0046 -1.8992 -2.9884 -0.8101 
400000.0 1218.625 -2523.7 -3199.6966 -1847.7034 -0.0063 -0.008 -0.0046 -1.799 -2.722 -0.876 
410000.0 1252.125 -2557.3625 -3236.7594 -1877.9656 -0.0062 -0.0079 -0.0046 -1.4549 -2.134 -0.7757 
420000.0 1275.875 -2588.3875 -3282.3632 -1894.4118 -0.0062 -0.0078 -0.0045 -1.4419 -2.1903 -0.6934 
430000.0 1301.875 -2618.8625 -3327.0893 -1910.6357 -0.0061 -0.0077 -0.0044 -1.3118 -1.9339 -0.6896 
440000.0 1332.625 -2652.35 -3373.0949 -1931.6051 -0.006 -0.0077 -0.0044 -1.3036 -2.0337 -0.5736 
450000.0 1361.375 -2671.6375 -3421.9355 -1921.3395 -0.0059 -0.0076 -0.0043 -1.1453 -2.1161 -0.1744 
460000.0 1392.375 -2703.3875 -3483.9529 -1922.8221 -0.0059 -0.0076 -0.0042 -1.1976 -2.3397 -0.0556 
470000.0 1423.5 -2735.3375 -3542.0982 -1928.5768 -0.0058 -0.0075 -0.0041 -1.3206 -2.6161 -0.0251 
480000.0 1453.25 -2755.7875 -3572.0351 -1939.5399 -0.0057 -0.0074 -0.004 -1.1521 -2.144 -0.1602 
490000.0 1483.5 -2773.05 -3598.519 -1947.581 -0.0057 -0.0073 -0.004 -0.8921 -1.6417 -0.1426 
500000.0 1515.25 -2794.125 -3624.8735 -1963.3765 -0.0056 -0.0072 -0.0039 -0.826 -1.385 -0.267 
510000.0 1548.125 -2826.9875 -3666.3168 -1987.6582 -0.0055 -0.0072 -0.0039 -0.814 -1.4909 -0.1371 
520000.0 1581.5 -2845.6375 -3686.4479 -2004.8271 -0.0055 -0.0071 -0.0039 -0.8252 -1.4617 -0.1888 
530000.0 1615.75 -2862.8125 -3730.0179 -1995.6071 -0.0054 -0.007 -0.0038 -0.6841 -1.4311 0.0628 
540000.0 1648.75 -2882.75 -3769.5045 -1995.9955 -0.0053 -0.007 -0.0037 -0.7112 -1.6137 0.1912 
550000.0 1685.125 -2907.4875 -3793.4092 -2021.5658 -0.0053 -0.0069 -0.0037 -0.7604 -1.4576 -0.0631 
560000.0 1719.625 -2921.875 -3833.9101 -2009.8399 -0.0052 -0.0068 -0.0036 -0.6362 -1.2955 0.023 
570000.0 1757.125 -2945.1375 -3878.6038 -2011.6712 -0.0052 -0.0068 -0.0035 -0.6841 -1.3662 -0.0021 
580000.0 1797.125 -2969.3875 -3904.7515 -2034.0235 -0.0051 -0.0067 -0.0035 -0.668 -1.2167 -0.1193 
590000.0 1832.375 -2988.8375 -3940.5202 -2037.1548 -0.0051 -0.0067 -0.0035 -0.6352 -1.1458 -0.1247 
600000.0 1865.875 -3010.5125 -3971.6999 -2049.3251 -0.005 -0.0066 -0.0034 -0.6785 -1.162 -0.195 
610000.0 1903.5 -3027.6625 -4011.1586 -2044.1664 -0.005 -0.0066 -0.0034 -0.7171 -1.4668 0.0325 
620000.0 1940.375 -3051.2875 -4054.9581 -2047.6169 -0.0049 -0.0065 -0.0033 -0.7761 -1.5523 0.0 
630000.0 1982.25 -3061.925 -4079.2699 -2044.5801 -0.0049 -0.0065 -0.0032 -0.6149 -1.4208 0.191 
640000.0 2017.875 -3076.8875 -4113.5426 -2040.2324 -0.0048 -0.0064 -0.0032 -0.6099 -1.3639 0.1441 
650000.0 2054.625 -3097.55 -4144.8907 -2050.2093 -0.0048 -0.0064 -0.0032 -0.6954 -1.4153 0.0245 
660000.0 2093.5 -3116.4 -4178.4843 -2054.3157 -0.0047 -0.0063 -0.0031 -0.6858 -1.2448 -0.1267 
670000.0 2130.625 -3148.4625 -4210.6309 -2086.2941 -0.0047 -0.0063 -0.0031 -0.9594 -1.7298 -0.1889 
680000.0 2167.75 -3161.375 -4229.3772 -2093.3728 -0.0046 -0.0062 -0.0031 -0.7004 -1.5362 0.1355 
690000.0 2204.875 -3176.2 -4282.8544 -2069.5456 -0.0046 -0.0062 -0.003 -0.5746 -1.4337 0.2845 
700000.0 2247.875 -3181.4625 -4311.7363 -2051.1887 -0.0045 -0.0062 -0.0029 -0.3198 -1.0539 0.4144 
710000.0 2285.25 -3184.0625 -4318.265 -2049.86 -0.0045 -0.0061 -0.0029 -0.203 -0.8382 0.4322 
720000.0 2326.875 -3183.7 -4335.4396 -2031.9604 -0.0044 -0.006 -0.0028 -0.1391 -0.7981 0.5198 
730000.0 2367.25 -3192.95 -4343.0553 -2042.8447 -0.0044 -0.0059 -0.0028 -0.1956 -0.5095 0.1183 
740000.0 2415.375 -3198.9375 -4359.4733 -2038.4017 -0.0043 -0.0059 -0.0028 -0.1958 -0.5591 0.1676 
750000.0 2461.625 -3213.9375 -4385.2953 -2042.5797 -0.0043 -0.0058 -0.0027 -0.3889 -1.0212 0.2435 
760000.0 2501.375 -3222.1 -4413.6169 -2030.5831 -0.0042 -0.0058 -0.0027 -0.4392 -1.4138 0.5353 
770000.0 2543.0 -3216.8125 -4426.2108 -2007.4142 -0.0042 -0.0057 -0.0026 -0.1693 -0.9032 0.5647 
780000.0 2585.75 -3211.1 -4436.2531 -1985.9469 -0.0041 -0.0057 -0.0025 0.0003 -0.6189 0.6194 
790000.0 2632.125 -3222.275 -4463.7802 -1980.7698 -0.0041 -0.0057 -0.0025 -0.3144 -1.2419 0.6132 
800000.0 2677.375 -3209.35 -4471.686 -1947.014 -0.004 -0.0056 -0.0024 -0.0092 -0.8125 0.794 
810000.0 2718.5 -3198.4625 -4476.2895 -1920.6355 -0.0039 -0.0055 -0.0024 0.1804 -0.506 0.8667 
820000.0 2764.25 -3191.9875 -4475.4104 -1908.5646 -0.0039 -0.0055 -0.0023 0.1089 -0.4411 0.6589 
830000.0 2810.75 -3159.0375 -4459.6594 -1858.4156 -0.0038 -0.0054 -0.0022 0.3579 -0.2222 0.938 
840000.0 2860.75 -3164.2125 -4468.3868 -1860.0382 -0.0038 -0.0053 -0.0022 -0.0095 -0.7361 0.7171 
850000.0 2902.875 -3159.3875 -4468.3074 -1850.4676 -0.0037 -0.0053 -0.0022 -0.09 -0.7346 0.5546 
860000.0 2955.625 -3141.075 -4464.7862 -1817.3638 -0.0037 -0.0052 -0.0021 0.1299 -0.3028 0.5625 
870000.0 3005.75 -3117.9875 -4472.6934 -1763.2816 -0.0036 -0.0051 -0.002 0.2965 -0.2805 0.8735 
880000.0 3050.5 -3096.2875 -4474.1408 -1718.4342 -0.0035 -0.0051 -0.002 0.4261 -0.257 1.1093 
890000.0 3099.875 -3083.825 -4477.2259 -1690.4241 -0.0035 -0.005 -0.0019 0.1502 -0.4502 0.7507 
900000.0 3154.25 -3058.925 -4476.709 -1641.141 -0.0034 -0.005 -0.0018 0.3346 -0.37 1.0392 
910000.0 3200.5 -3029.55 -4462.4486 -1596.6514 -0.0033 -0.0049 -0.0018 0.3946 -0.2059 0.9951 
920000.0 3247.75 -3008.5 -4459.3837 -1557.6163 -0.0033 -0.0048 -0.0017 0.3809 -0.1434 0.9052 
930000.0 3302.375 -3000.1375 -4463.4637 -1536.8113 -0.0032 -0.0048 -0.0017 0.1586 -0.3011 0.6184 
940000.0 3350.25 -2972.0875 -4457.7772 -1486.3978 -0.0032 -0.0047 -0.0016 0.34 -0.2147 0.8947 
950000.0 3402.375 -2943.0125 -4455.4758 -1430.5492 -0.0031 -0.0047 -0.0015 0.5192 -0.1152 1.1537 
960000.0 3452.875 -2921.1375 -4465.9162 -1376.3588 -0.003 -0.0047 -0.0014 0.4058 -0.2787 1.0902 
970000.0 3512.875 -2891.2375 -4451.6378 -1330.8372 -0.003 -0.0046 -0.0014 0.4316 -0.276 1.1392 
980000.0 3560.0 -2875.0125 -4446.0424 -1303.9826 -0.0029 -0.0045 -0.0013 0.2499 -0.4687 0.9684 
990000.0 3615.75 -2835.5125 -4437.7669 -1233.2581 -0.0029 -0.0045 -0.0012 0.5196 -0.1363 1.1755 
1000000.0 3667.625 -2797.75 -4414.5609 -1180.9391 -0.0028 -0.0044 -0.0012 0.6298 0.2549 1.0046 
1010000.0 3722.75 -2756.9375 -4385.191 -1128.684 -0.0027 -0.0043 -0.0011 0.6626 0.3523 0.9729 
1020000.0 3778.0 -2727.0 -4388.4652 -1065.5348 -0.0027 -0.0043 -0.001 0.566 0.0026 1.1294 
1030000.0 3831.875 -2702.2125 -4387.4104 -1017.0146 -0.0026 -0.0043 -0.001 0.4115 -0.2004 1.0234 
1040000.0 3885.25 -2658.075 -4351.9634 -964.1866 -0.0026 -0.0042 -0.0009 0.6586 0.2059 1.1114 
1050000.0 3936.625 -2600.8 -4310.8842 -890.7158 -0.0025 -0.0041 -0.0008 0.9372 0.5186 1.3559 
1060000.0 3996.375 -2538.45 -4256.5755 -820.3245 -0.0024 -0.004 -0.0008 1.0255 0.704 1.347 
1070000.0 4059.125 -2481.45 -4229.1559 -733.7441 -0.0023 -0.004 -0.0007 0.9889 0.5628 1.4149 
1080000.0 4121.5 -2456.1125 -4228.3678 -683.8572 -0.0023 -0.0039 -0.0006 0.496 -0.2772 1.2692 
1090000.0 4178.75 -2420.2 -4220.8365 -619.5635 -0.0022 -0.0039 -0.0006 0.578 0.0165 1.1395 
1100000.0 4236.5 -2374.85 -4203.4386 -546.2614 -0.0022 -0.0038 -0.0005 0.7295 0.2987 1.1603 
1110000.0 4286.25 -2323.3375 -4167.0115 -479.6635 -0.0021 -0.0038 -0.0004 0.9508 0.4487 1.4528 
1120000.0 4344.625 -2260.425 -4112.4259 -408.4241 -0.002 -0.0037 -0.0004 1.0241 0.6068 1.4414 
1130000.0 4395.75 -2214.3375 -4093.5316 -335.1434 -0.002 -0.0036 -0.0003 0.9063 0.3652 1.4473 
1140000.0 4452.125 -2171.7125 -4043.6742 -299.7508 -0.0019 -0.0035 -0.0003 0.8312 0.3256 1.3369 
1150000.0 4506.5 -2124.825 -4025.0038 -224.6462 -0.0018 -0.0035 -0.0002 0.8064 0.2216 1.3911 
1160000.0 4569.75 -2070.475 -3998.2775 -142.6725 -0.0018 -0.0034 -0.0001 0.8296 0.3701 1.2891 
1170000.0 4622.875 -2023.65 -3960.7389 -86.5611 -0.0017 -0.0034 -0.0001 0.84 0.5184 1.1616 
1180000.0 4675.0 -1959.2 -3913.0457 -5.3543 -0.0017 -0.0033 -0.0 1.0976 0.6593 1.536 
1190000.0 4730.0 -1893.6125 -3857.3567 70.1317 -0.0016 -0.0032 0.0001 1.163 0.8351 1.4909 
1200000.0 4791.25 -1838.4875 -3819.1657 142.1907 -0.0015 -0.0032 0.0001 0.9605 0.5355 1.3855 
1210000.0 4846.25 -1779.3875 -3786.3693 227.5943 -0.0015 -0.0031 0.0002 1.0315 0.4643 1.5987 
1220000.0 4898.25 -1710.1875 -3713.418 293.043 -0.0014 -0.003 0.0002 1.238 0.8278 1.6482 
1230000.0 4950.125 -1658.5875 -3680.6021 363.4271 -0.0013 -0.003 0.0003 1.0085 0.4567 1.5603 
1240000.0 5009.875 -1598.0625 -3649.2807 453.1557 -0.0013 -0.0029 0.0004 1.1315 0.7158 1.5472 
1250000.0 5065.375 -1514.375 -3580.4144 551.6644 -0.0012 -0.0029 0.0004 1.2971 0.7567 1.8375 
1260000.0 5119.75 -1444.25 -3542.7493 654.2493 -0.0011 -0.0028 0.0005 1.3315 0.7123 1.9507 
1270000.0 5180.625 -1359.95 -3462.2497 742.3497 -0.0011 -0.0027 0.0006 1.4025 0.9542 1.8508 
1280000.0 5233.125 -1293.5875 -3400.1532 812.9782 -0.001 -0.0027 0.0006 1.2726 0.6589 1.8864 
1290000.0 5287.875 -1238.7375 -3355.7017 878.2267 -0.001 -0.0026 0.0007 1.0563 0.4009 1.7116 
1300000.0 5342.625 -1177.425 -3308.5126 953.6626 -0.0009 -0.0025 0.0007 1.0056 0.6119 1.3993 
1310000.0 5399.5 -1121.15 -3286.5451 1044.2451 -0.0009 -0.0025 0.0008 0.9979 0.4613 1.5344 
1320000.0 5455.375 -1050.0375 -3209.8994 1109.8244 -0.0008 -0.0024 0.0008 1.1118 0.498 1.7255 
1330000.0 5506.875 -992.4375 -3170.7094 1185.8344 -0.0007 -0.0024 0.0009 1.116 0.6531 1.5789 
1340000.0 5562.375 -937.3875 -3136.3247 1261.5497 -0.0007 -0.0023 0.0009 1.0587 0.6511 1.4664 
1350000.0 5617.25 -857.625 -3065.1221 1349.8721 -0.0006 -0.0023 0.001 1.3215 0.7797 1.8633 
1360000.0 5675.125 -756.3625 -2976.7667 1464.0417 -0.0006 -0.0022 0.0011 1.6522 1.2375 2.067 
1370000.0 5730.125 -672.7625 -2908.4325 1562.9075 -0.0005 -0.0021 0.0011 1.4855 0.9984 1.9726 
1380000.0 5782.875 -591.6125 -2841.0892 1657.8642 -0.0004 -0.0021 0.0012 1.499 0.9367 2.0613 
1390000.0 5838.5 -496.625 -2764.5119 1771.2619 -0.0004 -0.002 0.0013 1.6529 1.2092 2.0965 
1400000.0 5893.625 -398.625 -2691.4925 1894.2425 -0.0003 -0.0019 0.0014 1.7445 1.2327 2.2563 
1410000.0 5948.75 -314.4875 -2624.1962 1995.2212 -0.0002 -0.0019 0.0014 1.5761 1.0802 2.0721 
1420000.0 6003.125 -228.075 -2545.2418 2089.0918 -0.0002 -0.0018 0.0015 1.5598 0.9698 2.1497 
1430000.0 6053.375 -158.3875 -2483.5965 2166.8215 -0.0001 -0.0017 0.0015 1.45 0.7855 2.1145 
1440000.0 6111.0 -48.85 -2376.6342 2278.9342 -0.0 -0.0017 0.0016 1.8174 1.3439 2.2908 
1450000.0 6164.25 45.525 -2306.856 2397.906 0.0 -0.0016 0.0017 1.8344 1.2793 2.3894 
1460000.0 6223.375 151.9125 -2202.4576 2506.2826 0.0001 -0.0015 0.0017 1.8734 1.4102 2.3366 
1470000.0 6278.375 271.9375 -2097.3494 2641.2244 0.0002 -0.0014 0.0018 2.0647 1.6108 2.5187 
1480000.0 6334.25 389.7 -1986.2413 2765.6413 0.0003 -0.0013 0.0019 2.108 1.6239 2.5921 
1490000.0 6386.625 487.525 -1880.2184 2855.2684 0.0003 -0.0013 0.0019 1.9761 1.5918 2.3604 
1500000.0 6442.25 593.275 -1796.0587 2982.6087 0.0004 -0.0012 0.002 1.8854 1.3322 2.4385 
1510000.0 6494.25 683.2 -1710.9647 3077.3647 0.0005 -0.0011 0.002 1.8101 1.34 2.2802 
1520000.0 6547.5 777.4625 -1620.0866 3175.0116 0.0005 -0.0011 0.0021 1.75 1.385 2.115 
1530000.0 6597.5 873.5375 -1551.165 3298.24 0.0006 -0.001 0.0022 1.9408 1.3855 2.496 
1540000.0 6655.0 988.525 -1456.2948 3433.3448 0.0006 -0.0009 0.0022 2.0406 1.441 2.6403 
1550000.0 6712.125 1109.5625 -1360.7614 3579.8864 0.0007 -0.0009 0.0023 2.0681 1.5103 2.626 
1560000.0 6761.375 1229.2625 -1262.295 3720.82 0.0008 -0.0008 0.0024 2.374 1.738 3.01 
1570000.0 6817.125 1350.0875 -1151.2943 3851.4693 0.0009 -0.0007 0.0025 2.2509 1.794 2.7078 
1580000.0 6868.125 1466.5625 -1046.2311 3979.3561 0.0009 -0.0007 0.0025 2.2831 1.9085 2.6577 
1590000.0 6924.875 1593.9625 -919.5452 4107.4702 0.001 -0.0006 0.0026 2.1705 1.6825 2.6585 
1600000.0 6973.375 1712.8 -802.6921 4228.2921 0.0011 -0.0005 0.0026 2.3121 1.8693 2.755 
1610000.0 7026.25 1819.6125 -703.8863 4343.1113 0.0011 -0.0004 0.0027 2.1861 1.6535 2.7188 
1620000.0 7083.125 1942.675 -582.2199 4467.5699 0.0012 -0.0004 0.0028 2.2055 1.798 2.613 
1630000.0 7141.375 2073.8 -459.7975 4607.3975 0.0013 -0.0003 0.0028 2.2624 1.7843 2.7405 
1640000.0 7192.375 2196.1625 -337.8051 4730.1301 0.0013 -0.0002 0.0029 2.3709 1.9932 2.7485 
1650000.0 7243.5 2312.8 -226.2595 4851.8595 0.0014 -0.0001 0.0029 2.279 1.6948 2.8632 
1660000.0 7294.875 2442.175 -107.3895 4991.7395 0.0015 -0.0001 0.003 2.4401 1.8357 3.0446 
1670000.0 7345.625 2561.075 -3.0648 5125.2148 0.0015 -0.0 0.0031 2.4149 1.9621 2.8677 
1680000.0 7398.375 2696.0375 124.2992 5267.7758 0.0016 0.0001 0.0031 2.5088 2.0174 3.0001 
1690000.0 7449.75 2827.425 253.3724 5401.4776 0.0017 0.0001 0.0032 2.5505 2.1229 2.9781 
1700000.0 7498.5 2961.175 371.1116 5551.2384 0.0017 0.0002 0.0033 2.7021 2.2831 3.1212 
1710000.0 7550.875 3092.325 488.1517 5696.4983 0.0018 0.0003 0.0033 2.5885 2.0963 3.0807 
1720000.0 7604.75 3235.975 611.7753 5860.1747 0.0019 0.0004 0.0034 2.6268 2.173 3.0805 
1730000.0 7654.375 3371.575 745.4282 5997.7218 0.0019 0.0004 0.0035 2.6196 2.2996 2.9396 
1740000.0 7706.875 3525.725 891.5046 6159.9454 0.002 0.0005 0.0035 2.8322 2.5153 3.1492 
1750000.0 7756.25 3653.3 1004.4425 6302.1575 0.0021 0.0006 0.0036 2.7577 2.243 3.2725 
1760000.0 7807.25 3780.15 1110.8267 6449.4733 0.0021 0.0006 0.0037 2.6261 1.9417 3.3105 
1770000.0 7858.75 3907.0625 1223.632 6590.493 0.0022 0.0007 0.0037 2.5309 1.9036 3.1581 
1780000.0 7908.625 4047.425 1353.1569 6741.6931 0.0023 0.0008 0.0038 2.6908 2.1475 3.234 
1790000.0 7957.75 4188.125 1487.7694 6888.4806 0.0023 0.0008 0.0038 2.818 2.275 3.361 
1800000.0 8008.125 4334.1 1610.5714 7057.6286 0.0024 0.0009 0.0039 2.9125 2.2876 3.5374 
1810000.0 8051.875 4463.45 1738.0744 7188.8256 0.0025 0.001 0.004 2.9465 2.545 3.348 
1820000.0 8101.0 4585.0625 1855.6946 7314.4304 0.0025 0.001 0.004 2.6896 2.1697 3.2096 
1830000.0 8149.75 4728.6 1986.7405 7470.4595 0.0026 0.0011 0.0041 2.893 2.4445 3.3415 
1840000.0 8198.5 4859.2375 2100.2891 7618.1859 0.0026 0.0011 0.0041 2.8382 2.3844 3.2921 
1850000.0 8247.75 5000.8625 2222.4616 7779.2634 0.0027 0.0012 0.0042 2.8576 2.4334 3.2818 
1860000.0 8299.0 5152.0375 2359.4765 7944.5985 0.0028 0.0013 0.0043 2.8818 2.3833 3.3802 
1870000.0 8346.25 5280.0875 2463.1501 8097.0249 0.0028 0.0013 0.0043 2.8292 2.158 3.5005 
1880000.0 8395.125 5411.7125 2557.7097 8265.7153 0.0029 0.0014 0.0044 2.6632 1.8429 3.4836 
1890000.0 8443.25 5549.0875 2687.3187 8410.8563 0.0029 0.0014 0.0045 2.8354 2.2901 3.3807 
1900000.0 8490.375 5680.6625 2800.3195 8561.0055 0.003 0.0015 0.0045 2.7362 1.9949 3.4776 
1910000.0 8540.875 5822.825 2945.8127 8699.8373 0.003 0.0015 0.0046 2.7434 2.405 3.0818 
1920000.0 8588.625 5972.375 3081.3175 8863.4325 0.0031 0.0016 0.0046 3.0173 2.4981 3.5364 
1930000.0 8639.75 6128.0375 3234.8164 9021.2586 0.0032 0.0017 0.0047 3.11 2.7196 3.5004 
1940000.0 8689.5 6270.7125 3370.5273 9170.8977 0.0032 0.0017 0.0047 2.9984 2.6122 3.3846 
1950000.0 8736.875 6427.475 3510.7853 9344.1647 0.0033 0.0018 0.0048 3.1565 2.6257 3.6873 
1960000.0 8782.875 6558.9875 3612.7251 9505.2499 0.0033 0.0018 0.0048 2.9891 2.2481 3.7302 
1970000.0 8826.875 6707.5625 3737.1036 9678.0214 0.0034 0.0019 0.0049 3.2745 2.393 4.156 
1980000.0 8875.5 6847.025 3871.1056 9822.9444 0.0035 0.002 0.005 3.0948 2.4264 3.7631 
1990000.0 8919.625 6997.525 4010.083 9984.967 0.0035 0.002 0.005 3.3028 2.6443 3.9612 
2000000.0 8964.125 7143.725 4144.4223 10143.0277 0.0036 0.0021 0.0051 3.3016 2.7162 3.8871 
2010000.0 9008.125 7276.7 4262.2834 10291.1166 0.0036 0.0021 0.0051 3.1244 2.4464 3.8023 
2020000.0 9054.375 7431.9625 4408.8888 10455.0362 0.0037 0.0022 0.0052 3.2868 2.7561 3.8174 
2030000.0 9100.375 7589.9875 4564.0803 10615.8947 0.0037 0.0022 0.0052 3.3731 2.8082 3.938 
2040000.0 9149.25 7734.25 4699.4335 10769.0665 0.0038 0.0023 0.0053 3.0796 2.6197 3.5396 
2050000.0 9196.125 7883.6625 4843.382 10923.943 0.0038 0.0024 0.0053 3.2462 2.8192 3.6733 
2060000.0 9238.875 8011.9875 4951.1239 11072.8511 0.0039 0.0024 0.0054 3.144 2.5698 3.7182 
2070000.0 9282.0 8143.5875 5062.0824 11225.0926 0.0039 0.0024 0.0054 3.1123 2.4318 3.7927 
2080000.0 9330.375 8293.9875 5205.5989 11382.3761 0.004 0.0025 0.0055 3.2174 2.5454 3.8894 
2090000.0 9379.375 8441.0 5348.7529 11533.2471 0.004 0.0026 0.0055 3.0336 2.5346 3.5327 
2100000.0 9428.125 8596.1 5500.0218 11692.1782 0.0041 0.0026 0.0056 3.1172 2.6176 3.6169 
2110000.0 9479.5 8763.0875 5670.6993 11855.4757 0.0042 0.0027 0.0056 3.2398 2.8595 3.62 
2120000.0 9527.125 8912.625 5814.1686 12011.0814 0.0042 0.0027 0.0057 3.2439 2.8359 3.6518 
2130000.0 9573.25 9060.3375 5958.4642 12162.2108 0.0043 0.0028 0.0057 3.2272 2.6571 3.7974 
2140000.0 9622.75 9223.3 6115.833 12330.767 0.0043 0.0029 0.0058 3.3139 2.8 3.8278 
2150000.0 9668.125 9389.35 6282.3426 12496.3574 0.0044 0.0029 0.0058 3.4818 2.8915 4.072 
2160000.0 9714.625 9540.275 6415.7752 12664.7748 0.0044 0.003 0.0059 3.3302 2.7608 3.8997 
2170000.0 9766.875 9698.625 6556.7352 12840.5148 0.0045 0.003 0.0059 3.119 2.5553 3.6827 
2180000.0 9816.125 9846.4125 6680.305 13012.52 0.0045 0.0031 0.006 3.125 2.5435 3.7065 
2190000.0 9861.0 10000.1125 6829.0661 13171.1589 0.0046 0.0031 0.006 3.328 2.7785 3.8775 
2200000.0 9905.625 10140.925 6963.0167 13318.8333 0.0046 0.0032 0.0061 3.2285 2.7795 3.6775 
2210000.0 9954.625 10301.6625 7115.5621 13487.7629 0.0047 0.0032 0.0061 3.259 2.7187 3.7993 
2220000.0 10003.875 10451.525 7249.0639 13653.9861 0.0047 0.0033 0.0062 3.1069 2.4748 3.7389 
2230000.0 10054.5 10611.6375 7382.9257 13840.3493 0.0048 0.0033 0.0062 3.051 2.2014 3.9006 
2240000.0 10106.875 10776.35 7541.3451 14011.3549 0.0048 0.0034 0.0063 3.169 2.4955 3.8425 
2250000.0 10152.0 10943.7875 7707.6396 14179.9354 0.0049 0.0034 0.0063 3.4852 2.8066 4.1639 
2260000.0 10197.25 11107.15 7853.2987 14361.0013 0.0049 0.0035 0.0064 3.5125 3.0432 3.9818 
2270000.0 10242.625 11265.3 7989.5723 14541.0277 0.005 0.0035 0.0064 3.5168 2.9051 4.1284 
2280000.0 10289.875 11436.1375 8154.3915 14717.8835 0.005 0.0036 0.0065 3.5868 3.1698 4.0037 
2290000.0 10337.375 11597.3375 8279.0237 14915.6513 0.0051 0.0036 0.0065 3.4269 2.5788 4.275 
2300000.0 10387.125 11773.625 8456.5655 15090.6845 0.0051 0.0037 0.0066 3.4941 3.0849 3.9033 
2310000.0 10434.875 11939.8625 8622.2559 15257.4691 0.0052 0.0037 0.0066 3.4372 3.1086 3.7659 
2320000.0 10481.375 12097.6 8775.5846 15419.6154 0.0052 0.0038 0.0066 3.3974 3.0498 3.7449 
2330000.0 10529.125 12259.2375 8940.5076 15577.9674 0.0053 0.0038 0.0067 3.4106 2.9823 3.839 
2340000.0 10575.5 12431.0125 9109.3418 15752.6832 0.0053 0.0039 0.0067 3.5824 3.2864 3.8784 
2350000.0 10621.375 12596.5125 9277.492 15915.533 0.0054 0.0039 0.0068 3.6489 3.3425 3.9552 
2360000.0 10665.5 12747.1125 9432.4873 16061.7377 0.0054 0.004 0.0068 3.5447 3.0837 4.0058 
2370000.0 10709.875 12916.275 9598.3091 16234.2409 0.0054 0.004 0.0068 3.6904 3.4094 3.9713 
2380000.0 10755.125 13061.25 9735.263 16387.237 0.0055 0.0041 0.0069 3.4235 3.2219 3.6251 
2390000.0 10801.0 13230.0375 9904.0886 16555.9864 0.0055 0.0041 0.0069 3.527 3.1941 3.8599 
2400000.0 10844.25 13385.6 10060.4953 16710.7047 0.0056 0.0042 0.007 3.6372 3.0909 4.1836 
2410000.0 10892.125 13538.5875 10195.4033 16881.7717 0.0056 0.0042 0.007 3.3854 2.9705 3.8002 
2420000.0 10937.875 13697.7625 10349.9946 17045.5304 0.0057 0.0043 0.007 3.4742 3.0465 3.902 
2430000.0 10982.25 13852.2125 10491.2904 17213.1346 0.0057 0.0043 0.0071 3.4911 3.2355 3.7467 
2440000.0 11027.875 14014.9875 10656.5847 17373.3903 0.0057 0.0044 0.0071 3.5369 3.2277 3.846 
2450000.0 11074.25 14191.525 10827.3097 17555.7403 0.0058 0.0044 0.0072 3.673 3.3047 4.0413 
2460000.0 11118.125 14340.0 10979.1787 17700.8213 0.0058 0.0045 0.0072 3.5102 3.0556 3.9649 
2470000.0 11162.375 14493.775 11122.5148 17865.0352 0.0059 0.0045 0.0072 3.4586 2.9489 3.9683 
2480000.0 11205.375 14648.575 11284.6475 18012.5025 0.0059 0.0046 0.0073 3.566 3.1099 4.0221 
2490000.0 11251.25 14808.2 11452.6141 18163.7859 0.0059 0.0046 0.0073 3.5595 3.0109 4.1081 
2500000.0 11293.75 14961.975 11593.491 18330.459 0.006 0.0046 0.0073 3.5768 2.9473 4.2062 
2510000.0 11335.25 15114.275 11750.1871 18478.3629 0.006 0.0047 0.0074 3.6724 3.1534 4.1913 
2520000.0 11379.0 15278.4 11914.1426 18642.6574 0.0061 0.0047 0.0074 3.7661 3.3434 4.1889 
2530000.0 11422.5 15438.95 12072.7567 18805.1433 0.0061 0.0048 0.0074 3.7571 3.4586 4.0557 
2540000.0 11469.875 15599.925 12215.6454 18984.2046 0.0061 0.0048 0.0075 3.504 3.2184 3.7896 
2550000.0 11513.75 15763.125 12369.4253 19156.8247 0.0062 0.0049 0.0075 3.611 3.2446 3.9774 
2560000.0 11556.75 15927.2375 12515.9648 19338.5102 0.0062 0.0049 0.0076 3.785 3.2446 4.3254 
2570000.0 11604.5 16099.9875 12687.8822 19512.0928 0.0063 0.0049 0.0076 3.6942 3.2453 4.1432 
2580000.0 11650.5 16266.8375 12841.8221 19691.8529 0.0063 0.005 0.0076 3.6704 3.3995 3.9412 
2590000.0 11694.375 16433.0125 12992.5554 19873.4696 0.0063 0.005 0.0077 3.7252 3.4378 4.0127 
2600000.0 11742.375 16585.8375 13143.6608 20028.0142 0.0064 0.0051 0.0077 3.3976 3.149 3.6462 
2610000.0 11786.5 16735.1125 13297.9485 20172.2765 0.0064 0.0051 0.0077 3.4548 3.1343 3.7752 
2620000.0 11831.625 16902.5375 13462.3826 20342.6924 0.0065 0.0051 0.0078 3.6071 3.164 4.0502 
2630000.0 11875.125 17062.4375 13606.4057 20518.4693 0.0065 0.0052 0.0078 3.6589 3.2902 4.0275 
2640000.0 11919.375 17223.1 13755.5214 20690.6786 0.0065 0.0052 0.0078 3.5871 3.1944 3.9798 
2650000.0 11962.125 17380.1875 13906.572 20853.803 0.0066 0.0052 0.0079 3.7146 3.3075 4.1218 
2660000.0 12003.75 17511.5 14045.3389 20977.6611 0.0066 0.0053 0.0079 3.4942 3.0176 3.9709 
2670000.0 12049.75 17661.4875 14195.4376 21127.5374 0.0066 0.0053 0.0079 3.4002 3.06 3.7405 
2680000.0 12092.875 17815.9 14352.9996 21278.8004 0.0066 0.0054 0.0079 3.4755 3.0813 3.8697 
2690000.0 12133.75 17966.9625 14497.4312 21436.4938 0.0067 0.0054 0.008 3.5925 3.3529 3.8321 
2700000.0 12180.625 18115.475 14627.9653 21602.9847 0.0067 0.0054 0.008 3.38 3.0607 3.6993 
2710000.0 12225.125 18275.2625 14772.4766 21778.0484 0.0067 0.0055 0.008 3.607 3.1062 4.1078 
2720000.0 12272.125 18439.525 14939.4918 21939.5582 0.0068 0.0055 0.0081 3.5624 3.0342 4.0906 
2730000.0 12320.125 18603.025 15105.7592 22100.2908 0.0068 0.0055 0.0081 3.4908 2.9964 3.9851 
2740000.0 12364.5 18770.675 15279.559 22261.791 0.0069 0.0056 0.0081 3.688 3.1569 4.2191 
2750000.0 12410.125 18936.3125 15436.6739 22435.9511 0.0069 0.0056 0.0082 3.6322 3.0796 4.1849 
2760000.0 12450.125 19076.125 15580.3086 22571.9414 0.0069 0.0056 0.0082 3.5584 3.0777 4.0391 
2770000.0 12490.25 19236.8 15749.4078 22724.1922 0.0069 0.0057 0.0082 3.8075 3.4983 4.1167 
2780000.0 12531.75 19395.4 15900.9441 22889.8559 0.007 0.0057 0.0082 3.8541 3.2717 4.4365 
2790000.0 12576.0 19567.8875 16074.6249 23061.1501 0.007 0.0058 0.0083 3.9202 3.4262 4.4143 
2800000.0 12618.0 19721.1875 16244.1312 23198.2438 0.007 0.0058 0.0083 3.7422 3.3057 4.1788 
2810000.0 12666.75 19889.95 16419.3931 23360.5069 0.0071 0.0058 0.0083 3.5462 3.0961 3.9964 
2820000.0 12711.625 20066.125 16600.6653 23531.5847 0.0071 0.0059 0.0083 3.7495 3.2853 4.2137 
2830000.0 12751.0 20216.225 16757.6129 23674.8371 0.0071 0.0059 0.0084 3.8039 3.2704 4.3374 
2840000.0 12793.25 20371.0125 16916.7118 23825.3132 0.0072 0.006 0.0084 3.7391 3.291 4.1872 
2850000.0 12836.125 20529.05 17084.0182 23974.0818 0.0072 0.006 0.0084 3.6802 3.3802 3.9803 
2860000.0 12877.5 20685.0125 17249.6819 24120.3431 0.0072 0.006 0.0084 3.7279 3.5846 3.8712 
2870000.0 12922.25 20847.5 17409.0473 24285.9527 0.0073 0.0061 0.0085 3.6885 3.3737 4.0033 
2880000.0 12966.875 21026.675 17579.3838 24473.9662 0.0073 0.0061 0.0085 3.8606 3.4481 4.2731 
2890000.0 13011.375 21195.9625 17742.6351 24649.2899 0.0073 0.0061 0.0085 3.8812 3.4017 4.3608 
2900000.0 13055.125 21385.1125 17928.5595 24841.6655 0.0074 0.0062 0.0086 4.1786 3.6321 4.7252 
2910000.0 13102.75 21559.75 18105.0199 25014.4801 0.0074 0.0062 0.0086 3.89 3.4932 4.2868 
2920000.0 13145.5 21722.2875 18257.1546 25187.4204 0.0074 0.0063 0.0086 3.8312 3.3855 4.277 
2930000.0 13189.0 21884.45 18429.5314 25339.3686 0.0075 0.0063 0.0086 3.7995 3.349 4.25 
2940000.0 13231.625 22046.2875 18600.8387 25491.7363 0.0075 0.0063 0.0087 3.7928 3.3722 4.2133 
2950000.0 13276.875 22222.775 18775.7514 25669.7986 0.0075 0.0064 0.0087 3.9127 3.5455 4.28 
2960000.0 13317.625 22374.9125 18941.5492 25808.2758 0.0076 0.0064 0.0087 3.8106 3.4287 4.1925 
2970000.0 13361.0 22523.4125 19110.8697 25935.9553 0.0076 0.0064 0.0087 3.5299 3.1708 3.8889 
2980000.0 13404.75 22695.675 19282.354 26108.996 0.0076 0.0065 0.0088 3.693 3.3302 4.0558 
2990000.0 13451.75 22870.4125 19447.3705 26293.4545 0.0076 0.0065 0.0088 3.6912 3.3597 4.0228 
3000000.0 13494.75 23029.2375 19592.7277 26465.7473 0.0077 0.0065 0.0088 3.6939 3.1323 4.2554 
3010000.0 13536.5 23173.95 19744.8813 26603.0187 0.0077 0.0066 0.0088 3.5305 3.0517 4.0093 
3020000.0 13579.75 23350.15 19911.3204 26788.9796 0.0077 0.0066 0.0089 3.8354 3.3821 4.2886 
3030000.0 13629.625 23530.8375 20088.3515 26973.3235 0.0078 0.0066 0.0089 3.7111 3.2794 4.1428 
3040000.0 13675.75 23696.0375 20256.0311 27136.0439 0.0078 0.0067 0.0089 3.7065 3.2957 4.1173 
3050000.0 13719.875 23859.6875 20423.5869 27295.7881 0.0078 0.0067 0.0089 3.6949 3.4074 3.9823 
3060000.0 13763.75 24007.8125 20562.9527 27452.6723 0.0078 0.0067 0.009 3.4899 3.1779 3.8018 
3070000.0 13808.75 24176.0375 20738.8726 27613.2024 0.0079 0.0068 0.009 3.663 3.3614 3.9646 
3080000.0 13854.375 24325.225 20878.471 27771.979 0.0079 0.0068 0.009 3.4445 2.9801 3.9089 
3090000.0 13902.125 24492.85 21035.1938 27950.5062 0.0079 0.0068 0.009 3.4768 2.8497 4.1038 
3100000.0 13945.625 24651.875 21185.5384 28118.2116 0.008 0.0068 0.0091 3.6059 3.1934 4.0184 
3110000.0 13990.125 24810.4375 21341.6063 28279.2687 0.008 0.0069 0.0091 3.6204 3.2985 3.9422 
3120000.0 14032.5 24976.45 21503.3217 28449.5783 0.008 0.0069 0.0091 3.6986 3.2125 4.1848 
3130000.0 14077.75 25153.2625 21681.4281 28625.0969 0.008 0.0069 0.0091 3.8324 3.3677 4.2971 
3140000.0 14121.375 25323.375 21843.3872 28803.3628 0.0081 0.007 0.0092 3.9219 3.3346 4.5091 
3150000.0 14162.125 25486.95 21999.9349 28973.9651 0.0081 0.007 0.0092 3.9292 3.5154 4.3431 
3160000.0 14211.125 25657.3125 22164.0857 29150.5393 0.0081 0.007 0.0092 3.5889 3.0401 4.1376 
3170000.0 14253.5 25822.5 22332.1263 29312.8737 0.0081 0.007 0.0092 3.779 3.379 4.179 
3180000.0 14301.125 25971.7375 22485.3835 29458.0915 0.0082 0.0071 0.0093 3.3996 2.8918 3.9075 
3190000.0 14343.125 26141.0125 22645.4992 29636.5258 0.0082 0.0071 0.0093 3.758 3.2157 4.3003 
3200000.0 14385.75 26299.9125 22795.5074 29804.3176 0.0082 0.0071 0.0093 3.821 3.3418 4.3002 
3210000.0 14429.0 26472.6125 22973.8954 29971.3296 0.0082 0.0072 0.0093 3.9314 3.6607 4.2021 
3220000.0 14472.75 26640.4625 23136.176 30144.749 0.0083 0.0072 0.0094 3.8651 3.6124 4.1178 
3230000.0 14514.75 26807.375 23299.5002 30315.2498 0.0083 0.0072 0.0094 3.8941 3.4639 4.3243 
3240000.0 14558.125 26973.1625 23463.3946 30482.9304 0.0083 0.0072 0.0094 3.8482 3.3375 4.359 
3250000.0 14599.25 27117.4125 23585.4349 30649.3901 0.0083 0.0073 0.0094 3.6448 2.9486 4.3409 
3260000.0 14642.125 27264.2 23745.5933 30782.8067 0.0084 0.0073 0.0094 3.5014 2.8082 4.1945 
3270000.0 14684.875 27440.8375 23917.9712 30963.7038 0.0084 0.0073 0.0095 3.8606 3.478 4.2432 
3280000.0 14727.75 27578.6375 24057.7744 31099.5006 0.0084 0.0073 0.0095 3.3729 2.6503 4.0954 
3290000.0 14772.25 27751.2375 24223.9907 31278.4843 0.0084 0.0074 0.0095 3.6676 3.2232 4.1121 
3300000.0 14818.25 27930.575 24399.2049 31461.9451 0.0085 0.0074 0.0095 3.7538 3.423 4.0845 
3310000.0 14861.5 28105.075 24575.845 31634.305 0.0085 0.0074 0.0096 3.919 3.6172 4.2208 
3320000.0 14906.875 28252.6375 24714.8882 31790.3868 0.0085 0.0074 0.0096 3.647 3.126 4.168 
3330000.0 14951.75 28435.85 24890.7306 31980.9694 0.0085 0.0075 0.0096 3.8616 3.4042 4.3191 
3340000.0 14995.0 28603.55 25057.6135 32149.4865 0.0086 0.0075 0.0096 3.7838 3.5257 4.0418 
3350000.0 15033.5 28749.7 25197.8888 32301.5112 0.0086 0.0075 0.0096 3.7971 3.4011 4.1932 
3360000.0 15071.375 28904.225 25357.0314 32451.4186 0.0086 0.0075 0.0097 3.9884 3.8038 4.1729 
3370000.0 15113.25 29063.6625 25522.957 32604.368 0.0086 0.0076 0.0097 3.884 3.5486 4.2194 
3380000.0 15155.375 29218.1 25669.8956 32766.3044 0.0086 0.0076 0.0097 3.7715 3.3599 4.1831 
3390000.0 15198.875 29401.5875 25848.6723 32954.5027 0.0087 0.0076 0.0097 4.0038 3.644 4.3635 
3400000.0 15244.375 29579.0875 26018.7966 33139.3784 0.0087 0.0077 0.0097 3.952 3.4229 4.4811 
3410000.0 15291.75 29740.0 26176.6319 33303.3681 0.0087 0.0077 0.0098 3.695 3.2259 4.1641 
3420000.0 15333.875 29893.7375 26335.2259 33452.2491 0.0087 0.0077 0.0098 3.68 3.1926 4.1674 
3430000.0 15377.375 30041.8875 26473.9042 33609.8708 0.0088 0.0077 0.0098 3.5334 2.9573 4.1094 
3440000.0 15422.375 30206.4 26645.585 33767.215 0.0088 0.0077 0.0098 3.5621 3.2393 3.885 
3450000.0 15468.375 30359.0125 26782.414 33935.611 0.0088 0.0078 0.0098 3.4132 2.8789 3.9476 
3460000.0 15513.375 30517.2 26935.8628 34098.5372 0.0088 0.0078 0.0099 3.4894 3.1205 3.8583 
3470000.0 15560.0 30692.125 27104.1288 34280.1212 0.0088 0.0078 0.0099 3.668 3.1708 4.1652 
3480000.0 15605.375 30871.0375 27266.2636 34475.8114 0.0089 0.0078 0.0099 3.8216 3.2176 4.4257 
3490000.0 15651.25 31039.2125 27426.3047 34652.1203 0.0089 0.0079 0.0099 3.7551 3.2617 4.2485 
3500000.0 15696.875 31187.725 27581.6135 34793.8365 0.0089 0.0079 0.0099 3.517 3.0782 3.9558 
3510000.0 15736.75 31333.2375 27711.4898 34954.9852 0.0089 0.0079 0.01 3.5704 2.8432 4.2976 
3520000.0 15780.875 31485.55 27859.8112 35111.2888 0.0089 0.0079 0.01 3.5199 3.1247 3.9151 
3530000.0 15820.875 31648.275 28020.1151 35276.4349 0.009 0.0079 0.01 3.8161 3.4752 4.157 
3540000.0 15868.625 31823.9 28190.7771 35457.0229 0.009 0.008 0.01 3.7624 3.4327 4.092 
3550000.0 15912.375 31972.9375 28335.8197 35610.0553 0.009 0.008 0.01 3.5841 3.0855 4.0828 
3560000.0 15955.0 32134.7375 28493.0547 35776.4203 0.009 0.008 0.01 3.6862 3.4386 3.9339 
3570000.0 15998.75 32303.875 28660.8873 35946.8627 0.009 0.008 0.0101 3.7716 3.3972 4.146 
3580000.0 16039.75 32467.5 28812.5606 36122.4394 0.0091 0.008 0.0101 3.8501 3.4025 4.2977 
3590000.0 16081.5 32627.2625 28957.5303 36296.9947 0.0091 0.0081 0.0101 3.8705 3.343 4.398 
3600000.0 16124.0 32796.5125 29122.5795 36470.4455 0.0091 0.0081 0.0101 3.9812 3.4691 4.4934 
3610000.0 16166.5 32962.3125 29301.6879 36622.9371 0.0091 0.0081 0.0101 3.9528 3.2162 4.6893 
3620000.0 16209.25 33115.2375 29437.537 36792.938 0.0091 0.0081 0.0102 3.6885 3.1551 4.2219 
3630000.0 16252.0 33289.6375 29604.4897 36974.7853 0.0092 0.0082 0.0102 3.9524 3.4851 4.4196 
3640000.0 16294.125 33460.425 29752.6098 37168.2402 0.0092 0.0082 0.0102 3.9938 3.5723 4.4152 
3650000.0 16336.625 33624.8875 29925.5446 37324.2304 0.0092 0.0082 0.0102 3.8859 3.2783 4.4935 
3660000.0 16382.75 33795.4875 30092.5826 37498.3924 0.0092 0.0082 0.0102 3.7556 3.3026 4.2086 
3670000.0 16431.125 33975.6 30266.6725 37684.5275 0.0093 0.0082 0.0103 3.7599 3.3828 4.1369 
3680000.0 16476.375 34149.075 30435.2534 37862.8966 0.0093 0.0083 0.0103 3.7622 3.3347 4.1898 
3690000.0 16522.125 34325.3625 30601.7119 38049.0131 0.0093 0.0083 0.0103 3.7856 3.3853 4.186 
3700000.0 16566.0 34478.65 30751.8375 38205.4625 0.0093 0.0083 0.0103 3.6684 3.09 4.2467 
3710000.0 16607.5 34642.125 30912.2646 38371.9854 0.0093 0.0083 0.0103 3.8285 3.1655 4.4915 
3720000.0 16649.625 34811.25 31072.6629 38549.8371 0.0094 0.0084 0.0104 3.9529 3.3266 4.5792 
3730000.0 16691.5 34985.875 31243.4297 38728.3203 0.0094 0.0084 0.0104 4.0614 3.4957 4.627 
3740000.0 16735.25 35153.5875 31398.3232 38908.8518 0.0094 0.0084 0.0104 4.0139 3.4623 4.5654 
3750000.0 16777.0 35318.175 31545.9316 39090.4184 0.0094 0.0084 0.0104 3.9995 3.453 4.546 
3760000.0 16822.25 35485.0375 31684.938 39285.137 0.0094 0.0084 0.0104 3.8471 3.1563 4.538 
3770000.0 16866.5 35651.025 31830.3928 39471.6572 0.0095 0.0084 0.0105 3.7972 3.1283 4.4662 
3780000.0 16910.875 35823.825 31996.2271 39651.4229 0.0095 0.0085 0.0105 3.8641 3.4605 4.2677 
3790000.0 16950.5 35983.0875 32148.0835 39818.0915 0.0095 0.0085 0.0105 3.9795 3.4531 4.5059 
3800000.0 16994.5 36149.45 32285.6713 40013.2287 0.0095 0.0085 0.0105 3.8018 3.2375 4.366 
3810000.0 17036.75 36304.825 32427.1642 40182.4858 0.0095 0.0085 0.0105 3.7008 3.2059 4.1956 
3820000.0 17078.875 36467.0625 32565.7738 40368.3512 0.0095 0.0085 0.0106 3.7874 3.2967 4.278 
3830000.0 17122.25 36632.9125 32738.1586 40527.6664 0.0096 0.0085 0.0106 3.8022 3.3162 4.2883 
3840000.0 17168.375 36799.775 32896.1243 40703.4257 0.0096 0.0086 0.0106 3.7311 3.1955 4.2667 
3850000.0 17212.5 36965.625 33052.2409 40879.0091 0.0096 0.0086 0.0106 3.8096 3.1184 4.5008 
3860000.0 17258.875 37140.875 33225.1094 41056.6406 0.0096 0.0086 0.0106 3.8378 3.2929 4.3826 
3870000.0 17304.375 37313.0375 33394.9564 41231.1186 0.0096 0.0086 0.0107 3.778 3.2884 4.2676 
3880000.0 17350.375 37490.55 33549.956 41431.144 0.0097 0.0086 0.0107 3.7974 3.3558 4.2389 
3890000.0 17402.125 37668.7 33724.5727 41612.8273 0.0097 0.0087 0.0107 3.5889 3.2146 3.9631 
3900000.0 17450.375 37862.225 33905.2699 41819.1801 0.0097 0.0087 0.0107 3.8402 3.3837 4.2968 
3910000.0 17499.75 38032.7625 34064.4388 42001.0862 0.0097 0.0087 0.0107 3.6188 2.9724 4.2651 
3920000.0 17543.0 38195.925 34207.8327 42184.0173 0.0097 0.0087 0.0108 3.7442 3.061 4.4275 
3930000.0 17588.5 38380.8875 34378.6329 42383.1421 0.0098 0.0087 0.0108 3.9241 3.2792 4.569 
3940000.0 17633.875 38554.575 34547.3145 42561.8355 0.0098 0.0088 0.0108 3.9348 3.3767 4.4928 
3950000.0 17680.25 38722.2375 34704.187 42740.288 0.0098 0.0088 0.0108 3.7246 3.2066 4.2427 
3960000.0 17722.875 38871.875 34841.1529 42902.5971 0.0098 0.0088 0.0108 3.6633 2.9354 4.3911 
3970000.0 17767.5 39033.325 35015.6014 43051.0486 0.0098 0.0088 0.0108 3.6332 3.1542 4.1123 
3980000.0 17810.875 39201.9125 35173.3873 43230.4377 0.0098 0.0088 0.0109 3.8399 3.3415 4.3383 
3990000.0 17853.25 39361.6 35313.1793 43410.0207 0.0099 0.0089 0.0109 3.7558 3.0118 4.4997 
4000000.0 17898.5 39528.8875 35465.1248 43592.6502 0.0099 0.0089 0.0109 3.6948 2.9161 4.4734 
