1000 10 17.82 -84.784 -1.608 0.0362 0 0 0 0.0 0.0 0.0 
2000 19 33.271 -256.517 -4.406 0.0651 0 0 0 0.0 0.0 0.0 
3000 29 45.779 -444.616 -7.083 0.0888 0 0 0 0.0 0.0 0.0 
4000 39 55.301 -591.404 -8.416 0.1048 0 0 0 0.0 0.0 0.0 
5000 51 61.598 -645.04 -7.536 0.1157 0 0 0 0.0 0.0 0.0 
6000 61 68.466 -767.381 -8.297 0.1275 0 0 0 0.0 0.0 0.0 
7000 72 73.036 -880.063 -8.651 0.1347 0 0 0 0.0 0.0 0.0 
8000 82 76.767 -1041.003 -9.985 0.1474 0 0 0 0.0 0.0 0.0 
9000 93 79.48 -1197.421 -10.776 0.1558 0 0 0 0.0 0.0 0.0 
10000 103 83.486 -1287.831 -10.461 0.1607 0 0 0 0.0 0.0 0.0 
11000 114 84.608 -1389.339 -9.97 0.1607 0 0 0 0.0 0.0 0.0 
12000 125 86.49 -1552.744 -11.098 0.1624 0 0 0 0.0 0.0 0.0 
13000 137 86.485 -1676.242 -11.037 0.1607 0 0 0 0.0 0.0 0.0 
14000 148 86.741 -1796.13 -10.996 0.1607 0 0 0 0.0 0.0 0.0 
15000 158 89.708 -1961.038 -12.006 0.1653 0 0 0 0.0 0.0 0.0 
16000 166 93.921 -2111.074 -13.007 0.1726 0 0 0 0.0 0.0 0.0 
17000 176 94.646 -2190.405 -12.058 0.1999 0 0 0 0.0131732 0.0587549 0.1317321 
18000 186 96.303 -2299.892 -11.903 0.2486 0 0 0 0.0023842 0.0342117 0.0238415 
19000 196 96.851 -2384.325 -11.296 0.2861 0 0 0 0.0012812 0.0337078 0.0128124 
20000 208 94.934 -2418.832 -9.57 0.3226 0 0 0 0.0009916 0.0286565 0.0099158 
21000 219 94.382 -2559.767 -10.228 0.3582 0 0 0 0.0007291 0.0276141 0.0072908 
22000 228 95.975 -2640.446 -9.919 0.3816 0 0 0 0.0006219 0.0252258 0.0062194 
23000 235 101.825 -2699.6 -9.818 0.4668 0 0 0 0.0005205 0.0218252 0.005205 
24000 244 104.036 -2743.874 -8.971 0.497 0 0 0 0.0005213 0.0237208 0.0052125 
25000 251 108.976 -2820.451 -9.177 0.5629 0 0 0 0.0004707 0.0194418 0.0047072 
26000 260 109.063 -2871.603 -8.731 0.5897 0 0 0 0.0004392 0.0173474 0.0043919 
27000 267 113.804 -2963.956 -9.297 0.6642 0 0 0 0.0004434 0.0153801 0.0044338 
28000 276 112.532 -3080.267 -9.802 0.6682 0 0 0 0.0003919 0.0144812 0.0039185 
29000 284 115.642 -3135.986 -9.491 0.739 0 0 0 0.0003769 0.0147005 0.0037685 
30000 291 117.256 -3232.443 -9.963 0.7423 0 0 0 0.0003548 0.0125928 0.0035484 
31000 299 119.362 -3296.302 -9.703 0.7427 0 0 0 0.0003298 0.0151831 0.0032977 
32000 305 125.202 -3384.231 -10.254 0.8259 0 0 0 0.0003254 0.0121012 0.0032541 
33000 311 130.101 -3444.565 -10.204 0.8489 0 0 0 0.0003106 0.010608 0.0031063 
34000 317 134.941 -3525.656 -10.582 0.8871 0 0 0 0.0003148 0.0108346 0.0031479 
35000 322 139.203 -3601.679 -11.042 0.9623 0 0 0 0.0002758 0.008258 0.0027577 
36000 326 146.059 -3663.871 -11.013 1.0231 0 0 0 0.0002726 0.0095692 0.0027261 
37000 332 148.098 -3678.151 -10.153 1.0731 0 0 0 0.0002479 0.0096329 0.0024787 
38000 333 149.756 -3668.933 -10.386 1.084 0 0 0 0.0002722 0.0102468 0.0027224 
39000 335 166.566 -3656.828 -9.52 1.2239 0 0 0 0.0002638 0.0109174 0.0026379 
40000 339 181.243 -3632.766 -8.258 1.3089 0 0 0 0.0002425 0.0116211 0.0024253 
41000 341 198.446 -3648.722 -7.903 1.4472 0 0 0 0.0002359 0.0130462 0.0023588 
42000 342 198.197 -3620.065 -7.736 1.4381 0 0 0 0.0002134 0.0116527 0.0021338 
43000 346 214.376 -3634.134 -7.079 1.5275 0 0 0 0.0001942 0.0122096 0.001942 
44000 351 218.424 -3648.729 -6.708 1.5366 0 0 0 0.0001969 0.0118114 0.0019688 
45000 353 221.422 -3671.785 -7.206 1.5541 0 0 0 0.0001768 0.0113242 0.001768 
46000 355 235.934 -3675.973 -6.605 1.716 0 0 0 0.0001631 0.0112082 0.001631 
47000 359 232.483 -3654.53 -5.896 1.6834 0 0 0 0.0001582 0.0115607 0.0015816 
48000 361 249.197 -3682.941 -5.976 1.788 0 0 0 0.0001691 0.0117102 0.0016908 
49000 364 244.895 -3684.226 -6.039 1.7342 0 0 0 0.0001563 0.0115667 0.0015631 
50000 367 256.391 -3694.788 -5.603 1.8673 0 0 0 0.0001513 0.0115505 0.0015127 
51000 371 257.921 -3737.867 -6.069 1.8804 0 0 0 0.0001422 0.0117004 0.001422 
52000 374 263.131 -3766.877 -6.253 1.928 0 0 0 0.000136 0.0101619 0.0013604 
53000 377 266.055 -3778.053 -6.064 1.9499 0 0 0 0.0001249 0.0100051 0.0012488 
54000 379 277.643 -3790.755 -6.126 2.0263 0 0 0 0.0001161 0.0096887 0.0011609 
55000 380 279.31 -3776.193 -5.946 2.0485 0 0 0 0.0001134 0.0082171 0.0011341 
56000 383 293.78 -3781.519 -5.487 2.1405 0 0 0 0.0001045 0.0072897 0.0010454 
57000 384 298.744 -3783.744 -5.49 2.1712 0 0 0 9.97e-05 0.0062866 0.0009966 
58000 385 312.769 -3777.869 -5.505 2.2808 0 0 0 9.71e-05 0.0060002 0.0009714 
59000 386 326.514 -3779.404 -5.06 2.3513 0 0 0 9.87e-05 0.0057431 0.0009873 
60000 387 339.984 -3783.751 -5.117 2.439 0 0 0 9.09e-05 0.0051024 0.000909 
61000 388 349.804 -3776.234 -5.141 2.5558 0 0 0 9.13e-05 0.0058174 0.0009129 
62000 390 361.532 -3766.76 -4.45 2.6501 0 0 0 8.71e-05 0.0049433 0.0008709 
63000 391 374.301 -3775.757 -4.564 2.8292 0 0 0 8.19e-05 0.0040258 0.0008191 
64000 392 386.815 -3773.711 -4.443 2.9873 0 0 0 7.32e-05 0.0036745 0.000732 
65000 393 399.079 -3778.448 -4.333 3.1129 0 0 0 7.14e-05 0.0042886 0.000714 
66000 394 411.097 -3775.471 -4.333 3.2007 0 0 0 6.43e-05 0.003294 0.0006425 
67000 396 417.238 -3764.063 -4.004 3.2179 0 0 0 6.03e-05 0.0034217 0.000603 
68000 397 428.893 -3755.202 -3.623 3.2695 0 0 0 5.77e-05 0.0037748 0.0005767 
69000 398 440.315 -3746.625 -3.446 3.3961 0 0 0 5.05e-05 0.0033761 0.0005046 
70000 399 451.509 -3747.231 -3.276 3.5104 0 0 0 4.39e-05 0.0029573 0.0004395 
71000 400 462.479 -3753.377 -3.374 3.6569 0 0 0 3.98e-05 0.0025207 0.0003983 
72000 401 473.229 -3753.082 -3.337 3.7428 0 0 0 3.79e-05 0.0023328 0.0003793 
73000 402 479.184 -3752.822 -3.261 3.7935 0 0 0 3.45e-05 0.0024462 0.0003451 
74000 404 480.818 -3753.41 -3.141 3.7722 0 0 0 3.35e-05 0.0023539 0.000335 
75000 405 491.202 -3751.565 -2.983 3.8141 0 0 0 3.21e-05 0.0024351 0.0003208 
76000 406 501.378 -3757.538 -3.034 3.8619 0 0 0 3e-05 0.0020152 0.0003005 
77000 407 511.35 -3759.068 -3.086 3.901 0 0 0 2.71e-05 0.0018149 0.0002713 
78000 408 521.123 -3766.431 -3.076 3.9519 0 0 0 2.45e-05 0.0013842 0.0002448 
79000 409 530.701 -3766.828 -3.105 4.0131 0 0 0 2.22e-05 0.0013875 0.0002219 
80000 410 537.667 -3760.32 -2.95 4.0403 0 0 0 2.68e-05 0.0019352 0.000268 
81000 411 546.914 -3762.099 -2.889 4.0689 0 0 0 2.38e-05 0.001297 0.0002383 
82000 413 555.993 -3771.381 -2.951 4.0856 0 0 0 2.26e-05 0.0011195 0.000226 
83000 414 559.213 -3788.946 -3.217 4.1186 0 0 0 2.7e-05 0.0015317 0.0002703 
84000 415 568.028 -3790.541 -3.224 4.2529 0 0 0 2.51e-05 0.0011395 0.000251 
85000 416 576.668 -3798.774 -3.255 4.3474 0 0 0 2.15e-05 0.0007503 0.0002147 
86000 417 585.135 -3802.695 -3.314 4.4248 0 0 0 2.16e-05 0.0007839 0.000216 
87000 419 587.203 -3805.691 -3.27 4.4512 0 0 0 1.96e-05 0.0007286 0.0001961 
88000 420 595.459 -3810.253 -3.322 4.5094 0 0 0 1.98e-05 0.000689 0.0001982 
89000 421 586.21 -3817.33 -3.252 4.4504 0 0 0 2.17e-05 0.0007118 0.000217 
90000 422 594.486 -3819.874 -3.196 4.4897 0 0 0 1.98e-05 0.0009249 0.0001975 
91000 425 587.325 -3825.074 -3.217 4.4527 0 0 0 2.12e-05 0.0007218 0.0002118 
92000 426 595.578 -3831.582 -3.265 4.5265 0 0 0 1.96e-05 0.0006717 0.0001959 
93000 428 600.033 -3837.96 -3.347 4.554 0 0 0 1.85e-05 0.0005745 0.0001846 
94000 429 591.993 -3846.878 -3.281 4.4833 0 0 0 1.93e-05 0.0005924 0.0001927 
95000 430 600.153 -3852.066 -3.347 4.5475 0 0 0 1.8e-05 0.000624 0.0001801 
96000 434 580.954 -3855.21 -3.196 4.3935 0 0 0 1.75e-05 0.0009746 0.0001746 
97000 435 589.335 -3849.802 -3.055 4.4481 0 0 0 1.85e-05 0.0010854 0.0001848 
98000 436 592.328 -3846.688 -2.901 4.4827 0 0 0 1.91e-05 0.0013597 0.0001914 
99000 437 600.481 -3856.641 -2.957 4.5271 0 0 0 1.94e-05 0.000929 0.0001939 
100000 438 608.472 -3861.155 -3.106 4.5983 0 0 0 1.57e-05 0.0008105 0.000157 
101000 439 616.302 -3862.527 -3.095 4.6347 0 0 0 1.62e-05 0.0008051 0.0001622 
102000 441 614.557 -3870.87 -3.047 4.5888 0 0 0 1.49e-05 0.0006666 0.0001494 
103000 442 622.266 -3873.978 -3.184 4.6424 0 0 0 1.42e-05 0.0006908 0.0001416 
104000 444 620.544 -3881.998 -3.084 4.6072 0 0 0 1.46e-05 0.0007343 0.0001458 
105000 445 617.773 -3893.384 -3.158 4.5655 0 0 0 1.25e-05 0.0007629 0.0001252 
106000 449 602.34 -3897.922 -3.091 4.4367 0 0 0 1.29e-05 0.0005661 0.0001291 
107000 450 610.293 -3904.997 -3.26 4.5144 0 0 0 1.18e-05 0.0006709 0.0001179 
108000 452 609.685 -3914.487 -3.28 4.5414 0 0 0 1.19e-05 0.0007377 0.000119 
109000 453 617.492 -3924.551 -3.415 4.6168 0 0 0 1.18e-05 0.0006718 0.0001177 
110000 455 601.197 -3923.118 -3.256 4.4821 0 0 0 1.22e-05 0.000672 0.000122 
111000 456 609.173 -3930.404 -3.305 4.5709 0 0 0 1.16e-05 0.0006683 0.0001161 
112000 457 616.989 -3939.897 -3.414 4.6588 0 0 0 1.03e-05 0.0005711 0.0001033 
113000 458 624.65 -3947.552 -3.466 4.7489 0 0 0 9.4e-06 0.0008443 9.38e-05 
114000 463 594.349 -3955.037 -3.351 4.5751 0 0 0 9.1e-06 0.0009535 9.06e-05 
115000 464 585.942 -3958.43 -3.252 4.5049 0 0 0 9.3e-06 0.0005998 9.27e-05 
116000 468 572.824 -3959.965 -3.183 4.3929 0 0 0 9.4e-06 0.000794 9.37e-05 
117000 469 581.367 -3962.82 -3.194 4.4271 0 0 0 9.4e-06 0.0008912 9.42e-05 
118000 470 589.74 -3965.832 -3.223 4.4781 0 0 0 8.8e-06 0.0007758 8.79e-05 
119000 471 597.945 -3971.839 -3.201 4.5371 0 0 0 8.8e-06 0.0006718 8.78e-05 
120000 472 605.986 -3978.515 -3.289 4.5874 0 0 0 8.6e-06 0.0006494 8.57e-05 
121000 473 613.866 -3985.177 -3.374 4.6403 0 0 0 8.7e-06 0.0007441 8.74e-05 
122000 474 621.589 -3994.199 -3.484 4.6813 0 0 0 8e-06 0.0005685 7.98e-05 
123000 475 629.157 -3997.478 -3.449 4.7166 0 0 0 8e-06 0.0005704 8.05e-05 
124000 476 636.574 -4004.133 -3.552 4.8183 0 0 0 8.1e-06 0.0005417 8.1e-05 
125000 477 627.423 -4010.437 -3.441 4.7437 0 0 0 8e-06 0.0006682 7.97e-05 
126000 479 628.217 -4017.944 -3.426 4.753 0 0 0 8.1e-06 0.000543 8.05e-05 
127000 480 635.652 -4020.579 -3.49 4.8103 0 0 0 7.6e-06 0.0004296 7.56e-05 
128000 483 630.487 -4026.797 -3.434 4.7277 0 0 0 7.7e-06 0.0004923 7.67e-05 
129000 486 605.703 -4016.605 -3.098 4.5126 0 0 0 8e-06 0.0008721 7.95e-05 
130000 488 606.437 -4023.328 -3.037 4.5051 0 0 0 8.1e-06 0.0008934 8.07e-05 
131000 491 581.467 -4027.821 -2.867 4.2944 0 0 0 8.7e-06 0.0009503 8.67e-05 
132000 494 570.745 -4023.486 -2.74 4.1937 0 0 0 9.3e-06 0.0013782 9.3e-05 
133000 496 572.544 -4026.752 -2.699 4.2305 0 0 0 9.7e-06 0.0010905 9.67e-05 
134000 497 581.093 -4031.505 -2.768 4.3167 0 0 0 9.2e-06 0.0008048 9.21e-05 
135000 498 589.471 -4036.062 -2.822 4.3544 0 0 0 8.7e-06 0.000718 8.66e-05 
136000 499 597.682 -4047.989 -3.004 4.392 0 0 0 9.2e-06 0.0007706 9.22e-05 
137000 500 589.668 -4057.847 -2.975 4.325 0 0 0 9.2e-06 0.0007833 9.22e-05 
138000 502 595.797 -4062.59 -3.048 4.3749 0 0 0 9.3e-06 0.0009546 9.26e-05 
139000 505 587.752 -4071.185 -2.996 4.3652 0 0 0 1.16e-05 0.0009647 0.0001156 
140000 507 575.016 -4065.322 -2.801 4.2781 0 0 0 1.2e-05 0.0014356 0.0001205 
141000 509 580.846 -4058.442 -2.566 4.3544 0 0 0 1.92e-05 0.0016869 0.000192 
142000 510 581.449 -4064.236 -2.641 4.4017 0 0 0 1.31e-05 0.0014615 0.0001314 
143000 511 589.82 -4076.474 -2.761 4.5127 0 0 0 1.26e-05 0.0012641 0.0001259 
144000 512 587.743 -4082.939 -2.771 4.5264 0 0 0 1.28e-05 0.0010592 0.0001284 
145000 514 597.889 -4073.883 -2.597 4.6265 0 0 0 1.36e-05 0.0012693 0.0001363 
146000 515 591.451 -4081.842 -2.519 4.5649 0 0 0 1.41e-05 0.0011991 0.0001414 
147000 516 599.622 -4091.545 -2.619 4.5967 0 0 0 1.09e-05 0.0010415 0.0001094 
148000 518 600.397 -4091.052 -2.639 4.616 0 0 0 1.21e-05 0.0009976 0.0001212 
149000 519 608.389 -4100.869 -2.784 4.6722 0 0 0 1.3e-05 0.0013274 0.0001305 
150000 521 607.957 -4099.43 -2.698 4.6758 0 0 0 1.19e-05 0.0011484 0.000119 
151000 522 615.798 -4099.06 -2.571 4.7721 0 0 0 1.2e-05 0.0013917 0.0001197 
152000 523 623.482 -4106.601 -2.715 4.8207 0 0 0 1.38e-05 0.0014016 0.0001383 
153000 525 623.112 -4096.239 -2.559 4.8203 0 0 0 1.5e-05 0.0028573 0.0001499 
154000 526 629.91 -4106.907 -2.703 4.8477 0 0 0 1.48e-05 0.0021637 0.0001484 
155000 528 630.669 -4096.663 -2.312 4.8105 0 0 0 1.56e-05 0.0031439 0.0001561 
156000 529 638.056 -4100.835 -2.316 4.8601 0 0 0 1.4e-05 0.0029163 0.0001401 
157000 530 631.195 -4097.874 -2.147 4.8111 0 0 0 1.42e-05 0.0025506 0.0001419 
158000 531 638.571 -4105.142 -2.26 4.8395 0 0 0 1.22e-05 0.0024438 0.0001218 
159000 533 646.164 -4097.692 -2.114 4.8866 0 0 0 1.18e-05 0.0024248 0.0001178 
160000 535 632.26 -4079.301 -1.712 4.7565 0 0 0 1.1e-05 0.0027134 0.0001103 
161000 537 632.641 -4061.032 -1.301 4.7968 0 0 0 1.26e-05 0.0033558 0.0001263 
162000 538 639.988 -4072.494 -1.401 4.8278 0 0 0 1.1e-05 0.0025836 0.0001101 
163000 539 647.188 -4070.452 -1.394 4.8779 0 0 0 1.14e-05 0.0022948 0.0001135 
164000 540 652.385 -4068.536 -1.358 4.8934 0 0 0 1.08e-05 0.0025396 0.0001078 
165000 542 639.83 -4058.752 -1.037 4.7742 0 0 0 1.25e-05 0.0027359 0.000125 
166000 544 640.432 -4056.316 -0.985 4.7431 0 0 0 1.33e-05 0.0026632 0.0001332 
167000 545 643.324 -4047.117 -0.926 4.7504 0 0 0 1.3e-05 0.0027409 0.0001299 
168000 546 650.457 -4035.989 -0.701 4.7918 0 0 0 1.34e-05 0.003094 0.000134 
169000 548 651.366 -4022.776 -0.276 4.7656 0 0 0 1.33e-05 0.0030753 0.0001329 
170000 549 658.338 -4031.373 -0.371 4.7911 0 0 0 1.2e-05 0.0025425 0.0001202 
171000 550 665.172 -4031.236 -0.551 4.8381 0 0 0 1.16e-05 0.0018468 0.0001156 
172000 551 671.868 -4037.336 -0.584 4.8769 0 0 0 1.07e-05 0.0015736 0.0001073 
173000 552 678.431 -4042.397 -0.678 4.9261 0 0 0 1.03e-05 0.0016651 0.0001028 
174000 553 674.122 -4039.034 -0.585 4.8823 0 0 0 1.03e-05 0.001631 0.0001025 
175000 555 672.087 -4035.276 -0.41 4.8467 0 0 0 1.14e-05 0.002192 0.0001137 
176000 556 671.185 -4047.391 -0.473 4.8335 0 0 0 1.09e-05 0.0022084 0.000109 
177000 558 674.126 -4035.823 -0.499 4.9576 0 0 0 9.8e-06 0.0017365 9.83e-05 
178000 559 680.644 -4041.076 -0.569 5.0453 0 0 0 9.7e-06 0.0017266 9.72e-05 
179000 562 665.408 -4015.663 0.032 4.908 0 0 0 1.13e-05 0.0022564 0.0001131 
180000 563 662.02 -4002.658 0.319 4.867 0 0 0 1.25e-05 0.0020145 0.0001251 
181000 564 665.42 -4010.793 0.191 4.8745 0 0 0 1.13e-05 0.0017396 0.0001129 
182000 565 668.791 -4006.217 0.126 4.8879 0 0 0 1.14e-05 0.0022038 0.0001142 
183000 566 675.415 -4010.025 0.241 4.9329 0 0 0 1.09e-05 0.0019549 0.0001092 
184000 567 681.907 -4008.993 0.144 4.9776 0 0 0 9.4e-06 0.0014193 9.37e-05 
185000 568 688.269 -4014.355 0.177 5.0476 0 0 0 9.6e-06 0.0016349 9.6e-05 
186000 569 694.504 -4022.926 0.038 5.0722 0 0 0 9.4e-06 0.0012576 9.38e-05 
187000 570 700.614 -4005.648 -0.118 5.1044 0 0 0 9.2e-06 0.0016844 9.24e-05 
188000 573 693.869 -4000.84 0.263 5.0476 0 0 0 1e-05 0.0019485 9.99e-05 
189000 574 699.992 -4006.19 0.094 5.071 0 0 0 9.5e-06 0.0016784 9.49e-05 
190000 575 696.732 -4012.842 0.067 5.0315 0 0 0 9.5e-06 0.0020909 9.45e-05 
191000 576 702.797 -4005.928 -0.022 5.0665 0 0 0 8.5e-06 0.0016562 8.52e-05 
192000 577 703.941 -4008.834 0.278 5.0594 0 0 0 9.7e-06 0.0024849 9.69e-05 
193000 578 709.862 -4004.473 0.131 5.0888 0 0 0 9.4e-06 0.0024458 9.39e-05 
194000 579 715.665 -4004.974 0.229 5.1092 0 0 0 1.09e-05 0.0024048 0.0001087 
195000 580 720.452 -4005.834 0.289 5.1267 0 0 0 1.03e-05 0.002906 0.0001034 
196000 581 726.043 -4006.765 0.19 5.1844 0 0 0 8.9e-06 0.0017834 8.91e-05 
197000 583 733.372 -3991.909 0.412 5.2171 0 0 0 9.2e-06 0.0021447 9.23e-05 
198000 584 731.904 -3984.613 0.562 5.2027 0 0 0 8.9e-06 0.0023314 8.91e-05 
199000 585 737.266 -3988.833 0.51 5.2214 0 0 0 9.3e-06 0.0019939 9.28e-05 
200000 586 742.521 -3992.651 0.409 5.2619 0 0 0 8.6e-06 0.0021552 8.58e-05 
201000 587 747.67 -3999.166 0.235 5.2771 0 0 0 8.7e-06 0.0021838 8.68e-05 
202000 588 752.717 -4006.743 0.116 5.296 0 0 0 9.4e-06 0.0018566 9.42e-05 
203000 589 757.663 -4014.1 -0.048 5.3159 0 0 0 8.6e-06 0.0015043 8.64e-05 
204000 590 762.509 -4024.844 -0.247 5.3346 0 0 0 8.6e-06 0.0016119 8.6e-05 
205000 592 756.154 -4013.776 -0.251 5.2928 0 0 0 8.5e-06 0.00143 8.54e-05 
206000 593 750.591 -4010.144 0.059 5.2507 0 0 0 8.2e-06 0.0011485 8.24e-05 
207000 595 743.387 -4003.312 -0.032 5.2008 0 0 0 1.55e-05 0.0018217 0.0001548 
208000 596 747.9 -3998.391 0.213 5.2161 0 0 0 1.27e-05 0.0019077 0.0001267 
209000 599 732.922 -3986.316 0.419 5.1085 0 0 0 1.21e-05 0.0019606 0.0001208 
210000 600 720.624 -3993.045 0.615 5.0246 0 0 0 1.2e-05 0.0017541 0.0001203 
211000 601 726.212 -3986.9 0.408 5.0503 0 0 0 1.24e-05 0.0014437 0.0001241 
212000 602 731.687 -3990.73 0.522 5.0984 0 0 0 1.08e-05 0.0012528 0.0001082 
213000 604 726.233 -3973.314 0.827 5.0274 0 0 0 1.09e-05 0.0013134 0.0001086 
214000 605 731.708 -3982.74 0.677 5.0496 0 0 0 1e-05 0.0009647 0.0001 
215000 607 729.312 -3976.132 0.512 5.025 0 0 0 1.03e-05 0.0010374 0.0001033 
216000 609 713.067 -3964.897 0.887 4.8928 0 0 0 1.09e-05 0.0012466 0.0001092 
217000 610 718.805 -3969.637 0.807 4.9234 0 0 0 1.1e-05 0.001058 0.0001099 
218000 611 722.689 -3957.35 0.656 4.951 0 0 0 1.03e-05 0.0016619 0.0001027 
219000 612 728.235 -3949.577 0.971 4.9663 0 0 0 1.12e-05 0.0016841 0.0001122 
220000 613 733.671 -3952.962 1.123 4.9887 0 0 0 1.05e-05 0.0018681 0.0001054 
221000 614 738.997 -3948.169 0.964 5.0226 0 0 0 1.07e-05 0.0017823 0.0001069 
222000 615 744.217 -3936.286 1.098 5.0475 0 0 0 1.03e-05 0.0020095 0.0001027 
223000 616 749.333 -3937.517 1.299 5.0644 0 0 0 9.8e-06 0.0025618 9.76e-05 
224000 617 754.346 -3934.777 1.223 5.0873 0 0 0 1.04e-05 0.0025163 0.0001039 
225000 618 759.259 -3934.44 1.308 5.1199 0 0 0 8.5e-06 0.0021647 8.46e-05 
226000 619 764.074 -3937.864 1.247 5.1587 0 0 0 7.1e-06 0.0022601 7.15e-05 
227000 620 768.793 -3933.737 1.15 5.168 0 0 0 9.9e-06 0.0022581 9.89e-05 
228000 623 756.911 -3905.453 1.538 5.075 0 0 0 9.5e-06 0.0028146 9.51e-05 
229000 625 742.894 -3880.58 2.032 4.9709 0 0 0 9.6e-06 0.0029444 9.64e-05 
230000 626 748.036 -3880.815 1.965 5.0154 0 0 0 9.2e-06 0.0021279 9.17e-05 
231000 628 739.916 -3854.597 2.348 4.9475 0 0 0 9.5e-06 0.0025084 9.46e-05 
232000 631 719.395 -3822.196 2.926 4.7855 0 0 0 9.4e-06 0.0027229 9.41e-05 
233000 633 709.645 -3793.141 3.358 4.7061 0 0 0 9.4e-06 0.0024405 9.39e-05 
234000 634 710.972 -3784.298 3.499 4.714 0 0 0 9e-06 0.0026331 9.03e-05 
235000 635 710.853 -3778.911 3.531 4.7233 0 0 0 9.8e-06 0.0031457 9.8e-05 
236000 636 710.896 -3775.4 3.637 4.736 0 0 0 9.4e-06 0.0027285 9.4e-05 
237000 639 707.088 -3756.944 3.834 4.7147 0 0 0 9.3e-06 0.0028616 9.3e-05 
238000 640 712.947 -3762.454 3.65 4.7565 0 0 0 9.7e-06 0.0027415 9.67e-05 
239000 642 701.872 -3740.64 3.814 4.6737 0 0 0 9.6e-06 0.0021217 9.62e-05 
240000 645 677.341 -3694.325 4.392 4.492 0 0 0 1.21e-05 0.0022518 0.0001207 
241000 648 660.482 -3671.117 4.833 4.368 0 0 0 1.21e-05 0.0028085 0.0001207 
242000 649 651.073 -3645.398 4.884 4.3016 0 0 0 1.23e-05 0.0027977 0.0001229 
243000 650 658.051 -3642.472 5.135 4.3628 0 0 0 1.4e-05 0.0037747 0.0001396 
244000 651 664.89 -3631.87 5.089 4.4106 0 0 0 1.19e-05 0.0038633 0.0001185 
245000 653 676.36 -3619.737 5.317 4.4874 0 0 0 1.15e-05 0.0036812 0.0001154 
246000 655 668.706 -3593.864 5.629 4.4243 0 0 0 1.25e-05 0.0037626 0.000125 
247000 656 675.332 -3581.237 5.786 4.4651 0 0 0 1.14e-05 0.0039672 0.0001145 
248000 657 680.565 -3561.237 5.863 4.5053 0 0 0 1.06e-05 0.0036808 0.0001065 
249000 658 678.154 -3551.118 6.046 4.4839 0 0 0 1.06e-05 0.0037839 0.000106 
250000 659 683.651 -3539.309 6.009 4.5152 0 0 0 1.08e-05 0.0039439 0.0001079 
251000 660 682.758 -3530.875 6.166 4.5116 0 0 0 9.8e-06 0.0039982 9.81e-05 
252000 664 660.18 -3478.775 6.541 4.3758 0 0 0 1.46e-05 0.0048824 0.0001463 
253000 665 659.876 -3478.362 6.727 4.4168 0 0 0 1.11e-05 0.0043642 0.0001114 
254000 666 666.679 -3471.614 6.525 4.4801 0 0 0 1.15e-05 0.0036586 0.000115 
255000 667 668.305 -3472.128 6.622 4.4876 0 0 0 1.14e-05 0.0041749 0.000114 
256000 668 674.939 -3466.588 6.451 4.5326 0 0 0 9.9e-06 0.0042418 9.93e-05 
257000 670 676.191 -3439.424 6.589 4.521 0 0 0 9e-06 0.0042257 8.97e-05 
258000 672 677.314 -3416.747 6.897 4.5497 0 0 0 9.9e-06 0.004569 9.89e-05 
259000 674 666.862 -3385.974 7.209 4.4656 0 0 0 9.6e-06 0.0046152 9.65e-05 
260000 675 673.525 -3380.641 7.188 4.4968 0 0 0 9e-06 0.0043349 9.02e-05 
261000 677 668.664 -3358.723 7.279 4.4566 0 0 0 9e-06 0.0035897 9.03e-05 
262000 678 672.331 -3343.129 7.423 4.4609 0 0 0 7.9e-06 0.0036439 7.85e-05 
263000 681 656.864 -3302.279 7.879 4.3233 0 0 0 8.2e-06 0.0042176 8.23e-05 
264000 683 645.657 -3271.358 8.012 4.2433 0 0 0 7.4e-06 0.0041943 7.44e-05 
265000 686 633.902 -3245.706 8.278 4.1847 0 0 0 8e-06 0.0041692 8.04e-05 
266000 688 627.919 -3224.741 8.437 4.1407 0 0 0 7.7e-06 0.0034869 7.73e-05 
267000 689 628.541 -3206.942 8.46 4.1349 0 0 0 8e-06 0.0036607 8e-05 
268000 690 634.31 -3196.384 8.366 4.1637 0 0 0 9e-06 0.0038386 8.95e-05 
269000 691 635.524 -3195.775 8.516 4.1773 0 0 0 8.6e-06 0.0039078 8.65e-05 
270000 693 635.777 -3170.122 8.512 4.1894 0 0 0 1.01e-05 0.0039579 0.0001013 
271000 695 631.383 -3134.773 8.705 4.1666 0 0 0 9.7e-06 0.0044832 9.69e-05 
272000 696 638.755 -3123.71 8.885 4.191 0 0 0 1.04e-05 0.0043595 0.0001044 
273000 699 627.886 -3088.61 9.173 4.0878 0 0 0 9.8e-06 0.0040407 9.77e-05 
274000 700 635.329 -3096.474 8.862 4.1501 0 0 0 8.9e-06 0.0034023 8.87e-05 
275000 706 581.887 -3045.319 8.793 3.7776 0 0 0 1.41e-05 0.004098 0.0001408 
276000 711 546.381 -2993.373 9.032 3.5263 0 0 0 1.6e-05 0.0043996 0.00016 
277000 713 530.161 -2982.079 8.962 3.4233 0 0 0 1.52e-05 0.0045352 0.0001524 
278000 718 511.049 -2941.998 8.819 3.282 0 0 0 1.68e-05 0.0049183 0.000168 
279000 719 505.708 -2926.019 8.962 3.2404 0 0 0 1.47e-05 0.0039463 0.0001472 
280000 723 500.502 -2898.046 8.82 3.1696 0 0 0 1.57e-05 0.0037105 0.0001565 
281000 727 480.651 -2845.852 9.071 3.0193 0 0 0 1.45e-05 0.0034576 0.0001447 
282000 732 453.728 -2795.857 9.209 2.851 0 0 0 1.62e-05 0.0041569 0.0001617 
283000 733 448.114 -2772.664 9.355 2.8159 0 0 0 1.58e-05 0.003599 0.000158 
284000 737 447.987 -2714.297 9.85 2.8102 0 0 0 1.58e-05 0.0042508 0.000158 
285000 738 446.447 -2691.609 9.961 2.7945 0 0 0 1.63e-05 0.0031199 0.0001627 
286000 741 445.286 -2650.905 10.011 2.7637 0 0 0 1.49e-05 0.0039007 0.0001491 
287000 743 453.538 -2636.576 10.273 2.7918 0 0 0 1.39e-05 0.0044508 0.000139 
288000 744 453.328 -2608.998 10.43 2.7813 0 0 0 1.47e-05 0.0040668 0.000147 
289000 745 464.261 -2606.067 10.42 2.8426 0 0 0 1.28e-05 0.0038831 0.0001276 
290000 746 474.976 -2598.841 10.132 2.9018 0 0 0 1.4e-05 0.0041614 0.00014 
291000 748 471.712 -2586.834 10.243 2.8754 0 0 0 1.33e-05 0.0035425 0.0001327 
292000 749 482.277 -2585.521 9.948 2.9694 0 0 0 1.14e-05 0.0034528 0.0001136 
293000 750 492.632 -2588.577 9.845 3.0344 0 0 0 8.6e-06 0.0036609 8.62e-05 
294000 751 502.779 -2596.892 9.524 3.0859 0 0 0 9.3e-06 0.0036345 9.33e-05 
295000 752 512.724 -2602.182 9.164 3.1456 0 0 0 8.4e-06 0.0029828 8.38e-05 
296000 754 518.68 -2583.452 9.054 3.1785 0 0 0 7.9e-06 0.003006 7.89e-05 
297000 755 528.306 -2567.579 8.981 3.2476 0 0 0 7.1e-06 0.0033674 7.13e-05 
298000 757 536.979 -2557.583 9.113 3.2749 0 0 0 6.7e-06 0.0037287 6.66e-05 
299000 758 546.239 -2540.206 9.27 3.3185 0 0 0 6.1e-06 0.0035091 6.1e-05 
300000 761 533.498 -2498.662 9.531 3.2231 0 0 0 6.1e-06 0.003908 6.15e-05 
301000 762 540.308 -2487.021 9.349 3.2612 0 0 0 6e-06 0.0042709 5.99e-05 
302000 763 543.242 -2482.514 9.358 3.278 0 0 0 6.1e-06 0.0037481 6.13e-05 
303000 765 546.052 -2447.034 9.452 3.2852 0 0 0 5.8e-06 0.003854 5.85e-05 
304000 768 532.353 -2398.691 9.88 3.1845 0 0 0 5.6e-06 0.0042607 5.64e-05 
305000 770 526.598 -2378.945 10.126 3.1363 0 0 0 5.6e-06 0.0038121 5.58e-05 
306000 771 532.186 -2383.524 9.94 3.1637 0 0 0 5.6e-06 0.0041967 5.61e-05 
307000 772 541.543 -2385.484 9.64 3.2183 0 0 0 5.4e-06 0.0038718 5.4e-05 
308000 775 540.658 -2351.112 9.603 3.1913 0 0 0 6.6e-06 0.004386 6.56e-05 
309000 776 540.625 -2350.162 9.549 3.2079 0 0 0 6.9e-06 0.0039109 6.94e-05 
310000 778 543.776 -2332.971 9.427 3.2444 0 0 0 6e-06 0.0039402 6.02e-05 
311000 780 548.103 -2315.098 9.611 3.3235 0 0 0 5.8e-06 0.0041307 5.78e-05 
312000 782 544.549 -2284.062 9.757 3.3019 0 0 0 6.3e-06 0.004153 6.26e-05 
313000 785 531.601 -2238.264 9.962 3.2236 0 0 0 8.2e-06 0.0050668 8.2e-05 
314000 786 540.969 -2249.002 9.593 3.3229 0 0 0 7.2e-06 0.0035761 7.25e-05 
315000 789 527.996 -2201.539 9.901 3.2437 0 0 0 7.4e-06 0.0033821 7.36e-05 
316000 790 523.996 -2201.294 9.975 3.2157 0 0 0 7e-06 0.0032657 7.04e-05 
317000 792 527.846 -2181.602 9.784 3.299 0 0 0 6.1e-06 0.0033973 6.1e-05 
318000 794 526.353 -2152.347 9.863 3.3262 0 0 0 6.3e-06 0.0031418 6.29e-05 
319000 796 532.189 -2124.846 10.068 3.4255 0 0 0 6.4e-06 0.0033185 6.44e-05 
320000 798 533.579 -2090.805 10.33 3.4824 0 0 0 7e-06 0.0035935 7.04e-05 
321000 799 542.907 -2093.5 10.055 3.5594 0 0 0 6.8e-06 0.0027314 6.84e-05 
322000 800 552.049 -2097.93 9.755 3.6338 0 0 0 6.4e-06 0.0028768 6.35e-05 
323000 801 561.008 -2114.413 9.456 3.6944 0 0 0 6.6e-06 0.0027816 6.62e-05 
324000 802 563.628 -2091.673 9.513 3.7175 0 0 0 6.3e-06 0.0035139 6.32e-05 
325000 805 554.871 -2050.597 9.809 3.6462 0 0 0 5.6e-06 0.0032387 5.61e-05 
326000 808 538.487 -2003.554 10.047 3.5288 0 0 0 6.9e-06 0.0031684 6.94e-05 
327000 809 544.857 -1988.455 10.058 3.5737 0 0 0 6.9e-06 0.0032205 6.92e-05 
328000 811 547.924 -1957.439 10.346 3.5729 0 0 0 6.6e-06 0.0035914 6.59e-05 
329000 813 543.153 -1921.629 10.545 3.5255 0 0 0 6.6e-06 0.0027395 6.58e-05 
330000 815 541.844 -1894.524 10.748 3.5055 0 0 0 6e-06 0.003379 5.97e-05 
331000 818 536.288 -1868.425 10.934 3.4793 0 0 0 5.4e-06 0.0033018 5.45e-05 
332000 819 531.562 -1846.0 11.003 3.4438 0 0 0 5.6e-06 0.0035068 5.62e-05 
333000 821 534.119 -1821.088 11.07 3.4516 0 0 0 5.5e-06 0.0031529 5.54e-05 
334000 823 537.097 -1801.288 10.904 3.4751 0 0 0 6.5e-06 0.0035047 6.48e-05 
335000 826 530.63 -1771.76 11.088 3.4706 0 0 0 6.9e-06 0.0033091 6.93e-05 
336000 828 527.761 -1740.608 11.172 3.4609 0 0 0 6.5e-06 0.0032419 6.52e-05 
337000 829 537.205 -1730.591 11.171 3.5293 0 0 0 6.2e-06 0.0035833 6.16e-05 
338000 830 542.341 -1713.246 11.16 3.5727 0 0 0 6.2e-06 0.0030345 6.17e-05 
339000 831 543.314 -1708.848 11.139 3.5781 0 0 0 6.8e-06 0.0036017 6.76e-05 
340000 834 541.439 -1664.783 11.239 3.5519 0 0 0 6.9e-06 0.0033172 6.94e-05 
341000 835 550.61 -1659.632 11.127 3.6317 0 0 0 6.8e-06 0.0034096 6.82e-05 
342000 836 559.598 -1651.901 11.092 3.698 0 0 0 6.3e-06 0.0037681 6.3e-05 
343000 838 559.904 -1635.474 11.09 3.7939 0 0 0 6.4e-06 0.0032831 6.35e-05 
344000 840 555.605 -1609.847 11.055 3.7834 0 0 0 6.6e-06 0.0038534 6.65e-05 
345000 841 558.113 -1593.572 11.051 3.8379 0 0 0 6.4e-06 0.0035564 6.37e-05 
346000 843 562.811 -1574.601 11.173 3.8645 0 0 0 6.4e-06 0.0032667 6.38e-05 
347000 844 571.555 -1560.234 11.194 3.931 0 0 0 6.4e-06 0.0030888 6.41e-05 
348000 845 575.044 -1542.299 11.283 3.9499 0 0 0 6.2e-06 0.0032559 6.23e-05 
349000 846 578.203 -1529.634 11.342 3.9647 0 0 0 6.3e-06 0.0031501 6.33e-05 
350000 848 585.56 -1516.573 11.231 4.0478 0 0 0 6.4e-06 0.003267 6.4e-05 
351000 849 593.848 -1507.045 11.206 4.1079 0 0 0 6.2e-06 0.0031146 6.17e-05 
352000 850 601.971 -1493.877 11.262 4.166 0 0 0 5.9e-06 0.0031129 5.88e-05 
353000 852 589.109 -1456.367 11.38 4.0671 0 0 0 5.3e-06 0.0031441 5.33e-05 
354000 855 581.244 -1419.241 11.449 4.0086 0 0 0 5.1e-06 0.0032349 5.14e-05 
355000 856 589.62 -1412.524 11.366 4.067 0 0 0 5.7e-06 0.0037605 5.71e-05 
356000 857 581.307 -1401.696 11.424 4.006 0 0 0 5.8e-06 0.0032468 5.81e-05 
357000 860 576.164 -1350.787 11.611 3.9833 0 0 0 6.1e-06 0.0035018 6.05e-05 
358000 861 584.64 -1342.254 11.65 4.0404 0 0 0 5.8e-06 0.0035735 5.76e-05 
359000 863 587.469 -1322.829 11.614 4.0442 0 0 0 5.9e-06 0.0037233 5.9e-05 
360000 865 584.558 -1292.952 11.758 4.0264 0 0 0 5.3e-06 0.0043601 5.25e-05 
361000 867 579.868 -1255.525 11.95 3.9832 0 0 0 5e-06 0.0035323 5.03e-05 
362000 869 580.175 -1240.505 11.978 3.9994 0 0 0 4.6e-06 0.0039037 4.6e-05 
363000 870 575.892 -1219.512 12.008 3.9694 0 0 0 4.9e-06 0.0034867 4.86e-05 
364000 872 579.906 -1191.097 11.974 4.0193 0 0 0 5.7e-06 0.003859 5.73e-05 
365000 873 583.608 -1180.039 12.003 4.0366 0 0 0 4.6e-06 0.003415 4.64e-05 
366000 874 591.936 -1172.364 12.005 4.0854 0 0 0 4.9e-06 0.0033302 4.85e-05 
367000 876 595.214 -1151.82 11.94 4.1022 0 0 0 4.8e-06 0.0038893 4.76e-05 
368000 877 603.31 -1138.65 11.892 4.1522 0 0 0 4.7e-06 0.0039454 4.71e-05 
369000 880 588.731 -1091.509 12.267 4.033 0 0 0 5.3e-06 0.0040386 5.27e-05 
370000 881 596.956 -1071.884 12.322 4.0823 0 0 0 5.7e-06 0.0040506 5.72e-05 
371000 883 594.117 -1055.411 12.313 4.0625 0 0 0 5.3e-06 0.0037077 5.33e-05 
372000 886 577.924 -1006.501 12.37 3.9356 0 0 0 5.1e-06 0.0044954 5.06e-05 
373000 889 565.049 -962.226 12.672 3.8463 0 0 0 5e-06 0.0042175 5e-05 
374000 890 563.008 -935.548 12.65 3.8326 0 0 0 5.4e-06 0.0041252 5.37e-05 
375000 892 569.375 -914.882 12.789 3.8787 0 0 0 4.9e-06 0.0039504 4.9e-05 
376000 895 555.757 -863.965 12.923 3.7704 0 0 0 5.3e-06 0.0041801 5.3e-05 
377000 897 554.407 -836.293 13.141 3.7542 0 0 0 6.3e-06 0.0043077 6.33e-05 
378000 898 554.539 -809.417 13.093 3.7529 0 0 0 5.9e-06 0.0037528 5.9e-05 
379000 901 545.432 -766.789 13.198 3.6845 0 0 0 6.7e-06 0.0039671 6.68e-05 
380000 903 535.599 -731.483 13.403 3.6071 0 0 0 6.8e-06 0.0046176 6.85e-05 
381000 904 544.887 -717.927 13.414 3.6771 0 0 0 6.5e-06 0.004812 6.52e-05 
382000 906 550.668 -687.18 13.404 3.6998 0 0 0 6.1e-06 0.0045066 6.13e-05 
383000 908 547.626 -688.557 12.939 3.6691 0 0 0 1.08e-05 0.0058413 0.0001075 
384000 911 540.891 -654.302 13.03 3.62 0 0 0 9.1e-06 0.0050905 9.08e-05 
385000 915 516.185 -595.452 13.032 3.459 0 0 0 9.2e-06 0.0044833 9.2e-05 
386000 917 508.937 -563.613 13.093 3.4343 0 0 0 1.03e-05 0.0048496 0.0001028 
387000 918 510.898 -546.357 13.099 3.483 0 0 0 8.9e-06 0.004224 8.91e-05 
388000 920 517.367 -531.413 13.162 3.5611 0 0 0 8.9e-06 0.0041503 8.93e-05 
389000 921 527.019 -536.711 12.793 3.6915 0 0 0 1.09e-05 0.0051376 0.0001088 
390000 922 528.159 -522.134 12.595 3.6943 0 0 0 1.07e-05 0.0047189 0.0001069 
391000 923 537.596 -523.902 12.609 3.7615 0 0 0 1.02e-05 0.0043298 0.000102 
392000 925 546.187 -497.909 12.325 3.7984 0 0 0 9.6e-06 0.0043434 9.57e-05 
393000 927 552.288 -483.329 12.466 3.8297 0 0 0 9.8e-06 0.0034031 9.83e-05 
394000 929 549.138 -441.707 12.566 3.7962 0 0 0 9.3e-06 0.0041858 9.34e-05 
395000 930 558.156 -445.188 12.26 3.8596 0 0 0 7.8e-06 0.0034756 7.8e-05 
396000 932 551.351 -412.292 12.254 3.7974 0 0 0 6.8e-06 0.003458 6.83e-05 
397000 934 552.214 -383.61 12.444 3.7862 0 0 0 7.6e-06 0.0031663 7.58e-05 
398000 936 551.194 -358.003 12.616 3.7674 0 0 0 7.4e-06 0.0039055 7.43e-05 
399000 937 560.17 -341.079 12.654 3.8381 0 0 0 7.3e-06 0.0039325 7.3e-05 
400000 938 568.966 -342.445 12.299 3.9174 0 0 0 6.3e-06 0.0038104 6.31e-05 
401000 939 573.447 -333.441 12.161 3.9459 0 0 0 5.7e-06 0.0041016 5.65e-05 
402000 940 581.978 -320.615 12.198 3.9911 0 0 0 5.5e-06 0.0032819 5.54e-05 
403000 943 569.53 -277.455 12.276 3.9008 0 0 0 6.6e-06 0.0037755 6.64e-05 
404000 945 564.332 -252.057 12.378 3.8448 0 0 0 7.4e-06 0.004222 7.35e-05 
405000 948 557.064 -224.761 12.376 3.7653 0 0 0 7.2e-06 0.0039743 7.21e-05 
406000 950 554.319 -193.461 12.45 3.7337 0 0 0 5.9e-06 0.0039602 5.91e-05 
407000 952 544.392 -156.126 12.611 3.6612 0 0 0 5.8e-06 0.0040769 5.82e-05 
408000 954 541.402 -130.966 12.533 3.6232 0 0 0 6.2e-06 0.0044297 6.15e-05 
409000 956 547.082 -104.652 12.592 3.6527 0 0 0 6.6e-06 0.0044584 6.58e-05 
410000 958 541.289 -72.478 12.705 3.6069 0 0 0 6.1e-06 0.0045741 6.05e-05 
411000 960 540.602 -47.785 12.661 3.6281 0 0 0 6.6e-06 0.0044309 6.65e-05 
412000 962 532.951 -16.244 12.83 3.5755 0 0 0 6.8e-06 0.0039704 6.8e-05 
413000 964 535.591 7.192 12.798 3.6169 0 0 0 7.3e-06 0.004761 7.34e-05 
414000 966 538.46 30.471 12.855 3.6707 0 0 0 7.3e-06 0.0048445 7.31e-05 
415000 967 540.591 54.473 12.891 3.7127 0 0 0 6.4e-06 0.0040993 6.39e-05 
416000 969 541.114 82.638 12.983 3.723 0 0 0 6.9e-06 0.0053946 6.94e-05 
417000 970 548.292 98.756 12.957 3.792 0 0 0 6.9e-06 0.0045249 6.92e-05 
418000 971 557.326 111.868 13.029 3.867 0 0 0 7.6e-06 0.0053562 7.59e-05 
419000 973 554.59 141.388 13.061 3.8482 0 0 0 7.2e-06 0.0045988 7.17e-05 
420000 976 551.198 177.414 13.209 3.8045 0 0 0 6e-06 0.0050183 6.03e-05 
421000 978 543.693 222.224 13.38 3.7387 0 0 0 5.5e-06 0.0049643 5.54e-05 
422000 979 552.819 236.346 13.345 3.7939 0 0 0 5.4e-06 0.0041899 5.39e-05 
423000 981 549.944 268.55 13.591 3.7617 0 0 0 5.5e-06 0.0041147 5.52e-05 
424000 985 532.656 291.24 13.105 3.6211 0 0 0 6.4e-06 0.0043141 6.43e-05 
425000 987 525.577 329.549 13.238 3.5639 0 0 0 6.7e-06 0.0041347 6.7e-05 
426000 989 530.255 341.355 13.066 3.6156 0 0 0 6.8e-06 0.0033179 6.81e-05 
427000 991 528.609 346.876 12.645 3.6046 0 0 0 6.2e-06 0.0038229 6.16e-05 
428000 993 527.095 366.412 12.477 3.5818 0 0 0 6.5e-06 0.0034351 6.52e-05 
429000 994 536.553 378.595 12.452 3.6458 0 0 0 6.6e-06 0.0035863 6.61e-05 
430000 996 536.21 399.204 12.518 3.6315 0 0 0 6.3e-06 0.0035578 6.33e-05 
431000 997 545.486 403.2 12.346 3.7178 0 0 0 6.2e-06 0.0032755 6.19e-05 
432000 998 550.616 427.06 12.374 3.7554 0 0 0 6e-06 0.0036557 5.99e-05 
433000 1000 541.856 463.672 12.441 3.6846 0 0 0 5.9e-06 0.0039805 5.89e-05 
434000 1001 551.019 468.134 12.515 3.7528 0 0 0 5.8e-06 0.0033538 5.84e-05 
435000 1003 554.892 490.399 12.45 3.7708 0 0 0 6.9e-06 0.0035174 6.91e-05 
436000 1006 544.102 527.813 12.485 3.7006 0 0 0 6.6e-06 0.0030557 6.56e-05 
437000 1008 538.345 556.617 12.433 3.6529 0 0 0 7.4e-06 0.0032445 7.43e-05 
438000 1010 534.844 580.4 12.474 3.6156 0 0 0 7.2e-06 0.0031577 7.21e-05 
439000 1012 536.37 605.025 12.298 3.6204 0 0 0 7.2e-06 0.004383 7.21e-05 
440000 1013 545.643 610.175 12.375 3.6879 0 0 0 6.9e-06 0.0037854 6.85e-05 
441000 1015 544.166 630.229 12.249 3.675 0 0 0 6.8e-06 0.0041193 6.81e-05 
442000 1016 549.863 631.039 11.983 3.7185 0 0 0 6.1e-06 0.0034275 6.1e-05 
443000 1017 554.846 640.389 11.928 3.7794 0 0 0 6.4e-06 0.0040289 6.38e-05 
444000 1019 557.234 665.709 11.988 3.7983 0 0 0 6.1e-06 0.0035985 6.13e-05 
445000 1020 566.089 682.364 12.02 3.851 0 0 0 6.3e-06 0.0041095 6.32e-05 
446000 1021 563.867 694.916 12.006 3.8316 0 0 0 6.3e-06 0.0038008 6.34e-05 
447000 1023 576.298 713.61 11.957 3.9297 0 0 0 5.9e-06 0.0039586 5.9e-05 
448000 1025 570.176 737.635 11.9 3.8782 0 0 0 6.8e-06 0.0040011 6.76e-05 
449000 1026 578.773 752.04 12.012 3.9368 0 0 0 7.2e-06 0.0038909 7.16e-05 
450000 1027 587.197 767.129 12.022 3.9915 0 0 0 6.7e-06 0.0035568 6.67e-05 
451000 1028 595.453 781.779 11.997 4.069 0 0 0 6.7e-06 0.0041043 6.7e-05 
452000 1029 591.324 799.549 12.077 4.0379 0 0 0 5.8e-06 0.0048675 5.81e-05 
453000 1030 599.118 805.155 12.192 4.0991 0 0 0 5.5e-06 0.0042916 5.54e-05 
454000 1032 604.353 826.11 12.052 4.1516 0 0 0 5.7e-06 0.0050643 5.67e-05 
455000 1033 612.266 836.204 11.957 4.2073 0 0 0 6.2e-06 0.0044677 6.17e-05 
456000 1035 614.16 854.609 11.877 4.2162 0 0 0 6.1e-06 0.0046426 6.07e-05 
457000 1036 617.897 865.006 11.834 4.2334 0 0 0 7e-06 0.0043284 6.96e-05 
458000 1039 601.448 903.765 11.842 4.1076 0 0 0 7e-06 0.0046699 7e-05 
459000 1042 589.934 931.953 11.893 4.0272 0 0 0 6.5e-06 0.0042271 6.49e-05 
460000 1043 590.416 938.297 11.776 4.0372 0 0 0 6.9e-06 0.004615 6.89e-05 
461000 1045 591.665 956.165 11.545 4.0228 0 0 0 6.8e-06 0.004126 6.8e-05 
462000 1047 591.156 981.06 11.644 4.0057 0 0 0 7.8e-06 0.0040797 7.83e-05 
463000 1048 597.453 982.009 11.426 4.061 0 0 0 7e-06 0.0036677 7.03e-05 
464000 1049 593.463 1007.756 11.507 4.0278 0 0 0 8e-06 0.0048594 8.02e-05 
465000 1051 595.942 1035.666 11.691 4.0382 0 0 0 7.8e-06 0.0040462 7.82e-05 
466000 1053 598.381 1053.285 11.711 4.0561 0 0 0 7.8e-06 0.0041373 7.8e-05 
467000 1056 580.993 1096.539 11.885 3.9338 0 0 0 8.9e-06 0.0038018 8.92e-05 
468000 1057 589.373 1117.702 11.908 4.0014 0 0 0 9.9e-06 0.004353 9.9e-05 
469000 1059 588.274 1132.245 11.851 4.018 0 0 0 8.5e-06 0.0039274 8.47e-05 
470000 1061 581.81 1148.799 11.655 3.9793 0 0 0 9.5e-06 0.0040443 9.53e-05 
471000 1063 570.178 1166.948 11.532 3.8975 0 0 0 9.4e-06 0.0042336 9.39e-05 
472000 1065 570.7 1188.953 11.529 3.8893 0 0 0 8.9e-06 0.0035268 8.91e-05 
473000 1068 564.908 1219.162 11.453 3.8507 0 0 0 8.3e-06 0.0036008 8.3e-05 
474000 1070 561.496 1239.239 11.449 3.813 0 0 0 8.8e-06 0.0043703 8.84e-05 
475000 1073 550.287 1273.897 11.473 3.7191 0 0 0 8.8e-06 0.0038429 8.76e-05 
476000 1074 559.281 1277.957 11.393 3.7874 0 0 0 8.8e-06 0.0039449 8.83e-05 
477000 1075 568.096 1282.501 11.262 3.8551 0 0 0 7.8e-06 0.0037394 7.77e-05 
478000 1076 576.734 1285.733 11.059 3.945 0 0 0 7.6e-06 0.0042302 7.57e-05 
479000 1077 585.199 1297.494 11.11 4.0185 0 0 0 6.5e-06 0.0049481 6.52e-05 
480000 1079 574.63 1315.91 10.868 3.9416 0 0 0 6.6e-06 0.0042116 6.6e-05 
481000 1080 583.137 1325.364 10.868 4.0152 0 0 0 6.5e-06 0.0042859 6.46e-05 
482000 1082 583.096 1347.037 10.884 4.0368 0 0 0 6.7e-06 0.0043494 6.69e-05 
483000 1083 591.434 1362.528 10.971 4.1021 0 0 0 6.6e-06 0.0040543 6.61e-05 
484000 1085 581.507 1382.712 10.944 4.0249 0 0 0 6.9e-06 0.0049105 6.93e-05 
485000 1086 589.877 1390.241 10.906 4.095 0 0 0 6.5e-06 0.0040864 6.49e-05 
486000 1088 592.177 1417.76 10.932 4.1521 0 0 0 6.1e-06 0.004749 6.06e-05 
487000 1089 600.334 1427.154 10.898 4.2207 0 0 0 6e-06 0.0045586 6.01e-05 
488000 1090 608.327 1437.445 10.937 4.3111 0 0 0 6e-06 0.0043239 6e-05 
489000 1092 606.839 1456.325 10.9 4.2926 0 0 0 5.9e-06 0.0043004 5.87e-05 
490000 1095 589.316 1494.388 11.024 4.1471 0 0 0 6.6e-06 0.0050969 6.64e-05 
491000 1096 597.53 1513.331 11.107 4.2065 0 0 0 6e-06 0.0042464 6.04e-05 
492000 1098 594.882 1530.731 11.117 4.1928 0 0 0 5.9e-06 0.004696 5.94e-05 
493000 1099 591.144 1541.319 11.035 4.1664 0 0 0 6.5e-06 0.0044283 6.52e-05 
494000 1103 574.061 1574.487 10.855 4.062 0 0 0 6.5e-06 0.0048239 6.46e-05 
495000 1106 564.099 1594.577 10.716 3.9752 0 0 0 8.2e-06 0.0057457 8.17e-05 
496000 1107 572.817 1590.875 10.475 4.0269 0 0 0 7.9e-06 0.0043216 7.92e-05 
497000 1108 581.36 1597.843 10.372 4.0821 0 0 0 7.2e-06 0.0041732 7.24e-05 
498000 1110 572.948 1632.499 10.475 4.0083 0 0 0 8.1e-06 0.0042845 8.14e-05 
499000 1111 572.009 1644.753 10.559 3.9978 0 0 0 7.5e-06 0.0040226 7.54e-05 
500000 1114 569.844 1675.04 10.536 3.9658 0 0 0 6.8e-06 0.0040532 6.78e-05 
