10000 22 143.626 4753.76 68.154 0.1885 0 0 0 0.0 0.0 0.0 0.0 
20000 42 266.205 9330.783 123.955 0.3506 0 0 0 0.0 0.0 0.0 0.0 
30000 53 396.427 11589.624 141.97 1.0269 0 0 0 0.0009636 0.0096322 0.0025779 0.0010951 
40000 63 500.618 14805.626 172.598 1.5668 0 0 0 0.0011121 0.0111201 0.0031531 0.0034438 
50000 73 591.968 18284.973 204.791 2.0293 0 0 0 0.0010944 0.010944 0.0032187 0.0003892 
60000 156 172.224 23649.54 68.716 0.6296 0 0 0 0.0012322 0.0123216 0.0041291 0.0089158 
70000 190 246.974 29390.933 125.219 0.9695 0 0 0 0.0011509 0.0115093 0.0039601 0.0099608 
80000 212 337.572 34935.877 182.497 1.3548 0 0 0 0.0013263 0.0132628 0.0053525 0.0104037 
90000 222 450.326 40553.325 244.485 1.8167 0 0 0 0.0013715 0.0137145 0.0058233 0.0093571 
100000 232 550.876 45701.587 295.788 2.2277 0 0 0 0.001433 0.0143295 0.0060218 0.0124116 
110000 244 615.784 51710.542 340.733 2.4983 0 0 0 0.001438 0.0143802 0.0059897 0.0057678 
120000 254 686.067 57866.034 392.346 2.7875 0 0 0 0.0014827 0.0148271 0.0064254 0.0088237 
130000 264 743.494 63885.096 430.286 3.0268 0 0 0 0.0015192 0.0151918 0.0068961 0.0043498 
140000 275 779.187 70199.147 460.854 3.1813 0 0 0 0.0015045 0.0150444 0.0071294 0.0108049 
150000 285 819.58 76707.813 496.074 3.344 0 0 0 0.0015565 0.0155646 0.0075838 0.0110331 
160000 295 852.583 82685.974 513.779 3.4845 0 0 0 0.001529 0.0152894 0.0076387 0.0082613 
170000 305 879.55 87861.603 516.942 3.5917 0 0 0 0.0015045 0.0150445 0.0080953 0.0091143 
180000 316 890.537 92870.367 506.014 3.6373 0 0 0 0.001494 0.0149404 0.0080563 0.0135621 
190000 326 910.56 99050.145 526.863 3.7139 0 0 0 0.0014711 0.0147112 0.0083832 0.0103779 
200000 336 926.921 104550.072 531.197 3.7808 0 0 0 0.0014569 0.0145686 0.0090488 0.0113844 
210000 346 940.289 110416.438 541.118 3.8339 0 0 0 0.0013676 0.0136757 0.0090746 0.0098412 
220000 358 919.594 115882.888 524.534 3.7462 0 0 0 0.001296 0.0129596 0.0099476 0.0114232 
230000 369 904.642 120989.98 506.505 3.6865 0 0 0 0.001109 0.0110898 0.0091011 0.0074263 
240000 380 907.905 125811.504 491.902 3.6995 0 0 0 0.0009596 0.0095958 0.0084835 0.0105012 
250000 390 924.752 131382.716 503.351 3.7706 0 0 0 0.0008391 0.0083914 0.0079022 0.0108258 
260000 401 931.991 137870.594 527.85 3.8014 0 0 0 0.000779 0.00779 0.0081351 0.0053463 
270000 411 930.736 143976.033 535.454 3.7988 0 0 0 0.0006992 0.0069918 0.0075486 -0.0025799 
280000 421 943.407 150114.974 550.888 3.8506 0 0 0 0.0006447 0.0064465 0.0077808 0.004195 
290000 431 953.759 157038.931 574.679 3.8903 0 0 0 0.0006077 0.0060766 0.0074055 -0.000128 
300000 441 962.218 163420.059 585.938 3.9277 0 0 0 0.0005907 0.0059069 0.0078809 0.0046123 
310000 452 965.761 169136.847 582.307 3.9474 0 0 0 0.0005883 0.0058828 0.0084724 0.0075431 
320000 462 972.024 174768.29 578.94 3.975 0 0 0 0.0005741 0.0057414 0.0088074 0.0051933 
330000 472 966.042 180001.508 561.091 3.9498 0 0 0 0.0005547 0.0055473 0.0089052 0.0072218 
340000 482 972.254 185274.18 559.969 3.9746 0 0 0 0.0005324 0.0053243 0.0089554 -0.0023039 
350000 492 977.329 189825.192 538.863 4.0081 0 0 0 0.0004909 0.0049086 0.0082058 0.0007392 
360000 502 981.476 194945.511 530.364 4.0287 0 0 0 0.0004915 0.0049146 0.0081265 0.0045828 
370000 512 984.865 200526.666 535.084 4.048 0 0 0 0.000478 0.0047804 0.0084499 0.0145347 
380000 522 987.633 206642.955 548.908 4.0524 0 0 0 0.0004207 0.0042066 0.0078627 0.0049136 
390000 532 989.896 213312.653 573.365 4.06 0 0 0 0.0004113 0.004113 0.0079825 0.0072362 
400000 542 991.744 219834.561 586.902 4.0608 0 0 0 0.0003748 0.0037482 0.0078473 -0.0036355 
410000 552 993.254 225787.545 589.451 4.0639 0 0 0 0.0003749 0.0037487 0.0082709 0.0040035 
420000 562 994.488 232522.266 601.598 4.0684 0 0 0 0.000381 0.0038103 0.0086911 0.0056263 
430000 572 995.496 239058.171 612.617 4.0733 0 0 0 0.0003695 0.0036954 0.0086565 0.0074906 
440000 582 996.32 246108.593 629.084 4.0819 0 0 0 0.0003619 0.0036192 0.008495 0.0028967 
450000 592 996.993 253704.782 651.846 4.0847 0 0 0 0.0003584 0.0035837 0.0086471 0.0067617 
460000 602 997.543 261221.862 669.799 4.0829 0 0 0 0.0003583 0.0035834 0.0088573 0.0020961 
470000 612 997.993 267979.946 672.389 4.0878 0 0 0 0.0003629 0.0036286 0.0091759 0.0016889 
480000 622 998.36 275519.139 686.192 4.0896 0 0 0 0.0003437 0.0034365 0.0087466 0.011861 
490000 632 998.66 283354.399 705.024 4.0903 0 0 0 0.0003456 0.0034559 0.0089197 -0.0025618 
500000 642 998.905 291360.949 720.511 4.096 0 0 0 0.0003377 0.0033766 0.0087465 0.0065503 
510000 652 999.105 299702.158 739.802 4.0962 0 0 0 0.0003239 0.0032393 0.0087442 -0.0022041 
520000 662 999.269 307277.642 747.356 4.1012 0 0 0 0.0003162 0.0031617 0.0087142 0.0035365 
530000 672 999.403 314931.868 751.513 4.0981 0 0 0 0.0003142 0.0031423 0.0087415 0.010639 
540000 682 999.512 323085.125 759.736 4.0954 0 0 0 0.0003159 0.0031591 0.0087622 0.0116661 
550000 692 995.192 331424.733 769.199 4.0734 0 0 0 0.0003348 0.0033484 0.0093319 -0.0047067 
560000 702 996.072 340053.383 791.207 4.0787 0 0 0 0.0003371 0.0033712 0.0099539 0.0017419 
570000 712 996.79 348646.057 798.818 4.0823 0 0 0 0.0003422 0.0034217 0.0102034 -0.0018787 
580000 722 997.378 355771.515 786.763 4.0861 0 0 0 0.0003534 0.0035336 0.0103712 0.0083585 
590000 732 997.857 364395.355 797.638 4.0854 0 0 0 0.0003574 0.0035743 0.010537 0.0062286 
600000 742 998.249 372578.884 803.906 4.086 0 0 0 0.0003561 0.0035611 0.0105758 0.0035009 
610000 752 998.569 381028.529 812.877 4.0854 0 0 0 0.0003738 0.0037383 0.0109345 0.011283 
620000 762 998.831 389486.901 815.227 4.0802 0 0 0 0.0003815 0.0038151 0.0117461 0.007034 
630000 772 999.045 398139.293 823.986 4.0739 0 0 0 0.0003785 0.0037847 0.0116132 -0.0011736 
640000 782 999.22 406293.859 826.67 4.0761 0 0 0 0.0003929 0.0039285 0.0121447 -0.0031034 
650000 792 999.362 414326.253 822.277 4.0758 0 0 0 0.0003934 0.003934 0.0116816 0.0032872 
660000 803 987.811 424339.416 840.925 4.0343 0 0 0 0.000408 0.0040799 0.0124951 0.0098816 
670000 813 990.041 434382.933 872.987 4.0434 0 0 0 0.0004109 0.0041091 0.0126437 0.009984 
680000 823 991.862 444246.649 896.199 4.0473 0 0 0 0.000416 0.00416 0.0130156 0.004834 
690000 833 993.351 453339.289 898.814 4.0508 0 0 0 0.0004023 0.0040228 0.0124586 0.0001149 
700000 843 994.567 464268.419 931.318 4.058 0 0 0 0.0003831 0.0038307 0.012072 -0.0005709 
710000 853 995.561 477316.792 1004.764 4.0659 0 0 0 0.0004041 0.0040409 0.0125753 0.0145844 
720000 863 996.373 488276.5 1020.983 4.0649 0 0 0 0.0004 0.004 0.0126995 0.0043847 
730000 873 997.037 498412.933 1016.997 4.0673 0 0 0 0.0004079 0.0040793 0.0124669 0.0150062 
740000 883 997.579 508169.347 1012.857 4.065 0 0 0 0.0004063 0.004063 0.0126263 0.0147635 
750000 893 998.022 520026.028 1049.647 4.0633 0 0 0 0.0004058 0.0040578 0.0124227 0.0171719 
760000 904 980.636 531909.745 1050.372 3.995 0 0 0 0.000401 0.0040103 0.0127454 0.0101936 
770000 914 984.178 545911.581 1115.774 4.0111 0 0 0 0.0004029 0.0040289 0.0126096 0.00511 
780000 924 987.072 559252.052 1153.055 4.0229 0 0 0 0.0004014 0.0040143 0.0129062 0.0066107 
790000 934 989.437 571049.942 1159.965 4.025 0 0 0 0.0004015 0.0040151 0.0127238 0.0044502 
800000 944 988.609 583432.118 1174.127 4.0216 0 0 0 0.0003872 0.0038715 0.0126167 0.0137227 
810000 954 990.693 598632.451 1237.373 4.0303 0 0 0 0.0003724 0.0037241 0.0123963 0.0081454 
820000 964 992.396 611274.194 1237.993 4.0391 0 0 0 0.000357 0.0035696 0.011935 0.0166557 
830000 974 993.787 625257.67 1271.468 4.0446 0 0 0 0.0003531 0.0035308 0.0119818 0.0107852 
840000 984 994.923 638013.054 1270.298 4.0505 0 0 0 0.0003322 0.0033217 0.0118937 0.0127956 
850000 994 995.852 650087.134 1265.274 4.0525 0 0 0 0.0003265 0.0032654 0.0114413 0.0148306 
860000 1004 994.159 662021.79 1240.764 4.0481 0 0 0 0.0003187 0.0031865 0.0114893 0.016339 
870000 1014 995.228 676396.662 1277.436 4.057 0 0 0 0.0003069 0.0030693 0.0110971 0.0083011 
880000 1024 996.101 691466.854 1316.358 4.0595 0 0 0 0.000312 0.0031199 0.0114462 0.0152225 
890000 1034 996.814 707378.068 1380.316 4.0631 0 0 0 0.0003075 0.0030751 0.0110332 0.0180409 
900000 1044 997.397 723970.232 1432.762 4.0639 0 0 0 0.0003003 0.0030026 0.0109421 0.0052067 
910000 1054 997.873 739438.603 1450.04 4.0616 0 0 0 0.0002923 0.0029228 0.0108596 0.0115551 
920000 1064 998.262 757138.953 1512.677 4.0595 0 0 0 0.0002858 0.0028582 0.0107025 0.0094958 
930000 1074 998.58 774168.01 1539.757 4.0626 0 0 0 0.0002718 0.0027182 0.0104756 0.0174585 
940000 1085 989.975 790577.145 1550.666 4.0299 0 0 0 0.0002799 0.0027989 0.0106216 0.01727 
950000 1095 991.809 809249.021 1607.987 4.0354 0 0 0 0.0002484 0.0024837 0.0099231 0.0096524 
960000 1105 993.307 828128.296 1658.538 4.0413 0 0 0 0.0002479 0.0024794 0.0098322 0.0110036 
970000 1115 994.532 840601.369 1583.597 4.0491 0 0 0 0.0002641 0.0026406 0.0103789 0.0158695 
980000 1125 995.532 851625.542 1496.198 4.0553 0 0 0 0.000263 0.0026301 0.0101819 0.0131106 
990000 1135 996.349 865293.613 1470.495 4.0517 0 0 0 0.0002922 0.0029216 0.01072 0.0165689 
1000000 1145 997.017 878484.226 1441.627 4.0498 0 0 0 0.0002846 0.0028463 0.0104377 0.0197504 
1010000 1155 997.563 892732.335 1437.132 4.0484 0 0 0 0.0002927 0.0029269 0.010711 0.0172468 
1020000 1165 998.009 908251.464 1460.127 4.0492 0 0 0 0.0002897 0.0028973 0.0105285 0.0111201 
1030000 1175 998.373 927180.73 1540.301 4.0513 0 0 0 0.0002868 0.0028681 0.0103515 0.0152023 
1040000 1185 998.671 944666.638 1582.645 4.0536 0 0 0 0.0002709 0.0027089 0.0100191 0.0103645 
1050000 1195 998.914 960114.425 1569.277 4.0627 0 0 0 0.0002628 0.0026277 0.0096802 0.0129158 
1060000 1205 999.112 976707.414 1586.875 4.0617 0 0 0 0.0002465 0.0024651 0.0094721 0.0075464 
1070000 1215 999.275 994415.381 1619.049 4.0617 0 0 0 0.0002516 0.0025161 0.0097826 0.0173568 
1080000 1225 999.407 1008813.983 1592.697 4.0644 0 0 0 0.0002449 0.0024492 0.0095027 0.022633 
1090000 1235 999.516 1023611.416 1571.186 4.0677 0 0 0 0.0002523 0.0025227 0.0093662 0.0190613 
1100000 1245 999.604 1042251.702 1625.423 4.0663 0 0 0 0.0002547 0.0025465 0.0093987 0.0114846 
1110000 1255 999.677 1058983.969 1631.647 4.0708 0 0 0 0.0002559 0.0025594 0.00956 0.0147533 
1120000 1265 999.736 1077878.29 1678.851 4.0702 0 0 0 0.0002476 0.002476 0.009472 0.0174498 
1130000 1275 997.099 1096915.727 1714.464 4.0655 0 0 0 0.0002536 0.0025361 0.0094214 0.01299 
1140000 1285 997.63 1116980.891 1768.504 4.0721 0 0 0 0.0002458 0.0024576 0.0091533 0.0153952 
1150000 1295 998.063 1137171.15 1813.567 4.0738 0 0 0 0.0002448 0.0024478 0.0090863 0.0187899 
1160000 1305 998.418 1154794.777 1802.827 4.0758 0 0 0 0.0002521 0.0025212 0.0093803 0.0183087 
1170000 1315 998.707 1172529.502 1803.949 4.0756 0 0 0 0.000244 0.0024398 0.0090953 0.0123525 
1180000 1325 998.944 1191246.628 1818.873 4.0716 0 0 0 0.0002389 0.0023887 0.0090946 0.015707 
1190000 1335 999.137 1211444.095 1851.338 4.0679 0 0 0 0.0002314 0.0023143 0.0089278 0.0275214 
1200000 1345 999.295 1232583.695 1900.509 4.068 0 0 0 0.0002119 0.0021193 0.0085026 0.0059805 
1210000 1355 999.424 1253425.516 1934.495 4.0699 0 0 0 0.0002121 0.0021214 0.0087454 0.0229725 
1220000 1365 999.529 1274236.605 1969.74 4.0709 0 0 0 0.0002028 0.0020277 0.0083932 0.0206011 
1230000 1375 999.615 1295212.159 1991.464 4.0696 0 0 0 0.0002138 0.0021376 0.008617 0.018526 
1240000 1385 999.686 1315182.255 1988.264 4.0705 0 0 0 0.0002042 0.0020423 0.0084205 0.0171613 
1250000 1395 999.743 1335816.915 2001.299 4.0703 0 0 0 0.0002068 0.0020682 0.0083677 0.0225967 
1260000 1405 999.79 1357651.911 2034.191 4.069 0 0 0 0.0002047 0.0020467 0.0085529 0.0139424 
1270000 1415 999.829 1378475.735 2044.85 4.0764 0 0 0 0.0002001 0.0020009 0.0084987 0.0172679 
1280000 1425 999.86 1399080.916 2046.519 4.0782 0 0 0 0.0001957 0.0019567 0.0083993 0.0205905 
1290000 1435 999.886 1419977.483 2055.133 4.0719 0 0 0 0.0001887 0.0018872 0.0081705 0.0184532 
1300000 1445 999.906 1441992.886 2082.114 4.0738 0 0 0 0.0001824 0.0018243 0.0081789 0.0173818 
1310000 1455 999.924 1463708.804 2097.674 4.068 0 0 0 0.0001802 0.0018017 0.0080374 0.0215938 
1320000 1465 999.938 1484864.032 2102.592 4.0676 0 0 0 0.0001748 0.0017482 0.0079398 0.0266343 
1330000 1475 999.949 1506685.915 2116.667 4.0646 0 0 0 0.0001773 0.0017726 0.0079098 0.017897 
1340000 1485 999.958 1517036.759 1920.5 4.0646 0 0 0 0.0001813 0.001813 0.0081776 0.0133672 
1350000 1495 999.966 1536639.055 1925.577 4.063 0 0 0 0.0001924 0.0019243 0.0082131 0.0196408 
1360000 1505 999.972 1557895.544 1969.658 4.0606 0 0 0 0.0001808 0.0018079 0.0080485 0.0150697 
1370000 1515 999.977 1578760.798 1993.277 4.066 0 0 0 0.0001793 0.0017929 0.0079934 0.0186942 
1380000 1525 999.981 1595204.116 1927.206 4.0677 0 0 0 0.0001865 0.0018648 0.0083846 0.0217374 
1390000 1535 999.985 1611755.311 1877.036 4.0722 0 0 0 0.0001864 0.001864 0.0083596 0.0106608 
1400000 1545 999.988 1631725.982 1898.572 4.0774 0 0 0 0.0001851 0.0018513 0.0083031 0.0233864 
1410000 1555 999.99 1653611.487 1952.3 4.0776 0 0 0 0.0001851 0.0018508 0.0082803 0.0079084 
1420000 1565 999.992 1676079.84 2006.375 4.0732 0 0 0 0.0001893 0.001893 0.0083384 0.0218156 
1430000 1575 999.993 1696701.883 2013.227 4.07 0 0 0 0.000188 0.0018804 0.0082697 0.0141698 
1440000 1585 999.994 1718890.874 2050.92 4.069 0 0 0 0.0001897 0.0018972 0.0082964 0.0167349 
1450000 1595 999.995 1740946.051 2080.636 4.077 0 0 0 0.0001912 0.0019118 0.0084588 0.0154392 
1460000 1605 999.996 1762904.2 2100.971 4.0794 0 0 0 0.0001871 0.0018714 0.0083875 0.0180624 
1470000 1615 999.997 1781419.23 2057.021 4.079 0 0 0 0.0001946 0.0019457 0.0085307 0.0274279 
1480000 1625 999.998 1799817.87 2014.76 4.0821 0 0 0 0.0001896 0.0018957 0.0084233 0.0186203 
1490000 1635 999.998 1818338.178 1986.463 4.0877 0 0 0 0.0001933 0.0019333 0.0084503 0.0216111 
1500000 1645 999.998 1839339.385 2006.431 4.0897 0 0 0 0.0001902 0.0019022 0.008232 0.0188518 
1510000 1655 999.999 1859042.508 2002.984 4.0931 0 0 0 0.0001918 0.0019176 0.0083157 0.0126093 
1520000 1665 999.999 1877049.383 1967.114 4.0934 0 0 0 0.0001906 0.0019062 0.0083785 0.019551 
1530000 1675 999.999 1897442.551 1977.45 4.0976 0 0 0 0.0001926 0.0019264 0.0082859 0.0171655 
1540000 1685 999.999 1918477.599 2010.091 4.1251 0 0 0 0.0001826 0.001826 0.0081272 0.0110638 
1550000 1695 999.999 1928016.261 1820.338 4.1444 0 0 0 0.0001899 0.0018986 0.008269 0.0164004 
1560000 1705 1000.0 1946460.489 1814.302 4.1509 0 0 0 0.0001876 0.0018757 0.0080995 0.0150519 
1570000 1715 1000.0 1964484.593 1817.893 4.142 0 0 0 0.0001848 0.0018485 0.0081232 0.0143282 
1580000 1725 1000.0 1979210.818 1746.701 4.1617 0 0 0 0.0001914 0.0019144 0.008254 0.0165509 
1590000 1735 1000.0 1999530.599 1805.15 4.1565 0 0 0 0.0001846 0.0018462 0.0080551 0.0188174 
1600000 1745 1000.0 2010307.103 1673.848 4.1461 0 0 0 0.0001963 0.0019635 0.0083614 0.0256383 
1610000 1755 1000.0 2024596.916 1621.342 4.1268 0 0 0 0.0001993 0.001993 0.0082689 0.0180415 
1620000 1765 1000.0 2041533.788 1629.451 4.1176 0 0 0 0.0002076 0.0020758 0.0082706 0.0191018 
1630000 1775 989.725 2060154.901 1674.852 4.0703 0 0 0 0.0002142 0.002142 0.008625 0.0162863 
1640000 1785 991.604 2081757.635 1745.896 4.0776 0 0 0 0.0002061 0.0020606 0.0083064 0.0174468 
1650000 1795 993.14 2100715.778 1767.873 4.0806 0 0 0 0.0002038 0.0020385 0.0083132 0.015078 
1660000 1805 994.395 2122514.656 1849.4 4.0877 0 0 0 0.0002081 0.0020815 0.0082504 0.0212493 
1670000 1815 995.42 2143413.023 1887.432 4.0821 0 0 0 0.0002042 0.0020418 0.0080834 0.0187564 
1680000 1825 996.258 2162116.772 1883.76 4.0848 0 0 0 0.0002105 0.0021052 0.0083062 0.0186919 
1690000 1835 996.943 2181455.03 1892.984 4.0868 0 0 0 0.0002098 0.002098 0.0083483 0.0146055 
1700000 1845 997.502 2196867.391 1840.354 4.0807 0 0 0 0.0002134 0.0021335 0.0082384 0.0090312 
1710000 1855 997.959 2214414.382 1808.773 4.0763 0 0 0 0.0002249 0.0022493 0.0084712 0.0128291 
1720000 1865 998.332 2234233.89 1837.795 4.0788 0 0 0 0.0002198 0.0021984 0.0085204 0.015377 
1730000 1875 998.637 2253155.386 1845.506 4.0821 0 0 0 0.0002306 0.0023057 0.0086305 0.0192307 
1740000 1886 984.81 2268255.73 1789.503 4.0293 0 0 0 0.0002306 0.0023057 0.008766 0.0099641 
1750000 1896 987.589 2285568.161 1777.213 4.039 0 0 0 0.0002214 0.002214 0.0083543 0.0126947 
1760000 1906 989.859 2306517.006 1815.586 4.0452 0 0 0 0.0002218 0.0022175 0.0085996 0.0144331 
1770000 1916 991.714 2328533.777 1885.957 4.0428 0 0 0 0.0002193 0.0021934 0.0085348 0.017345 
1780000 1926 993.23 2349458.982 1927.777 4.0488 0 0 0 0.0002174 0.0021742 0.0083656 0.0121854 
1790000 1936 994.468 2370445.595 1960.987 4.0523 0 0 0 0.000219 0.0021896 0.0083441 0.016208 
1800000 1946 995.48 2391279.341 1981.902 4.0509 0 0 0 0.0002143 0.0021427 0.0084009 0.0096287 
1810000 1956 996.307 2409738.445 1966.72 4.0532 0 0 0 0.000207 0.00207 0.0084087 0.0160285 
1820000 1966 996.983 2426936.283 1910.19 4.0571 0 0 0 0.0002078 0.0020785 0.0084316 0.015135 
1830000 1977 987.29 2443187.965 1845.493 4.0235 0 0 0 0.0002132 0.0021325 0.0086196 0.0156107 
1840000 1987 989.615 2463715.035 1880.339 4.0398 0 0 0 0.000208 0.0020802 0.0085561 0.0176409 
1850000 1997 989.863 2483141.891 1890.027 4.0403 0 0 0 0.0002143 0.0021429 0.0085739 0.0132103 
1860000 2007 991.717 2504060.447 1925.636 4.0412 0 0 0 0.0002151 0.0021511 0.008568 0.0233078 
1870000 2017 993.233 2526036.049 1978.978 4.0488 0 0 0 0.0002168 0.002168 0.0084367 0.0206926 
1880000 2027 994.47 2548899.253 2034.925 4.0505 0 0 0 0.0002125 0.0021252 0.0084181 0.0276757 
1890000 2037 995.482 2571520.371 2074.91 4.0534 0 0 0 0.0002127 0.0021274 0.0085106 0.0147534 
1900000 2047 996.308 2593816.659 2106.906 4.0519 0 0 0 0.0002031 0.0020311 0.0083664 0.0137713 
1910000 2057 996.984 2613452.289 2078.463 4.0609 0 0 0 0.0002007 0.0020068 0.0084481 0.0220734 
1920000 2067 997.535 2633495.094 2066.721 4.0661 0 0 0 0.0001958 0.0019585 0.0083368 0.0205369 
1930000 2077 997.986 2650350.301 1995.594 4.0682 0 0 0 0.0001978 0.0019782 0.0083336 0.0100407 
1940000 2087 998.355 2671630.353 2018.392 4.0708 0 0 0 0.0001956 0.001956 0.0083619 0.0159584 
1950000 2097 998.656 2690356.266 1991.377 4.065 0 0 0 0.0001925 0.0019248 0.0081994 0.0208746 
1960000 2107 998.902 2707916.552 1946.368 4.0674 0 0 0 0.0001944 0.0019443 0.008099 0.0161666 
1970000 2117 999.102 2728095.739 1962.034 4.0708 0 0 0 0.0001971 0.0019709 0.0082873 0.0134652 
1980000 2127 999.267 2743067.99 1881.035 4.0805 0 0 0 0.0001974 0.0019735 0.0081284 0.0209731 
1990000 2138 983.952 2762283.347 1858.09 4.028 0 0 0 0.0001975 0.0019747 0.0082959 0.0268402 
2000000 2148 986.887 2781039.128 1862.673 4.0436 0 0 0 0.0001931 0.0019314 0.0081565 0.0206007 
2010000 2158 989.286 2791435.083 1717.815 4.0635 0 0 0 0.0001926 0.0019263 0.0080661 0.0169127 
2020000 2168 991.246 2798789.855 1534.631 4.0711 0 0 0 0.0001988 0.0019877 0.0081114 0.0187798 
2030000 2178 992.847 2814141.699 1538.506 4.0767 0 0 0 0.0001959 0.0019593 0.0078624 0.0176495 
2040000 2188 994.156 2831966.938 1584.799 4.0764 0 0 0 0.0001956 0.0019561 0.0078039 0.0138542 
2050000 2198 995.225 2849665.807 1616.849 4.0796 0 0 0 0.0001975 0.0019747 0.0078407 0.0160792 
2060000 2208 996.098 2866576.25 1634.434 4.0828 0 0 0 0.0002 0.0019998 0.0078943 0.0176735 
2070000 2218 996.812 2882646.042 1634.213 4.0817 0 0 0 0.0002083 0.0020833 0.0083049 0.0116608 
2080000 2228 997.395 2898983.943 1632.759 4.0911 0 0 0 0.000222 0.0022204 0.0084831 0.0166985 
2090000 2238 997.872 2915648.669 1640.804 4.0921 0 0 0 0.0002137 0.0021372 0.0082704 0.018466 
2100000 2248 998.261 2934401.31 1677.104 4.0821 0 0 0 0.0002239 0.0022387 0.0086538 0.0164171 
2110000 2258 998.579 2951842.804 1691.617 4.0716 0 0 0 0.0002191 0.0021906 0.0082564 0.0099095 
2120000 2268 998.839 2970694.533 1724.912 4.0668 0 0 0 0.000223 0.0022295 0.008406 0.01063 
2130000 2278 999.051 2989560.643 1753.754 4.0699 0 0 0 0.0002179 0.0021794 0.0085203 0.0153974 
2140000 2288 999.225 3003583.722 1686.276 4.0766 0 0 0 0.0002221 0.0022208 0.0086956 0.0110506 
2150000 2298 999.367 3021038.905 1696.735 4.0715 0 0 0 0.0002174 0.0021743 0.0084664 0.0112598 
2160000 2308 998.949 3041743.206 1761.901 4.0769 0 0 0 0.0002145 0.002145 0.0084972 0.0154218 
2170000 2318 989.988 3058861.189 1728.91 4.0433 0 0 0 0.0002215 0.0022149 0.0085683 0.0202496 
2180000 2328 991.819 3079407.13 1790.428 4.0529 0 0 0 0.0002182 0.0021824 0.0086666 0.0169565 
2190000 2338 993.316 3101451.477 1865.565 4.06 0 0 0 0.0002153 0.0021528 0.0084428 0.0077535 
2200000 2348 994.539 3119051.0 1846.558 4.0621 0 0 0 0.0002192 0.0021922 0.0085647 0.0214889 
2210000 2358 995.538 3137709.593 1857.461 4.0735 0 0 0 0.000214 0.00214 0.0085463 0.015852 
2220000 2369 989.163 3152069.612 1763.121 4.0472 0 0 0 0.0002233 0.0022332 0.0090916 0.0124361 
2230000 2379 991.145 3168026.381 1731.237 4.0501 0 0 0 0.0002248 0.002248 0.0088495 0.0116801 
2240000 2389 992.765 3185314.665 1734.23 4.0502 0 0 0 0.0002231 0.0022309 0.0089798 0.0102795 
2250000 2399 994.089 3198624.149 1660.181 4.0515 0 0 0 0.0002306 0.0023062 0.0093354 0.0148057 
2260000 2409 995.17 3215460.758 1663.841 4.0602 0 0 0 0.0002308 0.0023078 0.0090356 0.0138969 
2270000 2419 996.053 3233244.394 1684.9 4.0578 0 0 0 0.0002328 0.0023279 0.0093606 0.0243029 
2280000 2429 996.775 3254528.313 1768.952 4.0571 0 0 0 0.0002194 0.0021937 0.0088412 0.0081463 
2290000 2439 997.365 3273297.519 1788.328 4.0614 0 0 0 0.0002288 0.0022882 0.0094286 0.0268855 
2300000 2449 997.847 3290227.259 1768.825 4.0685 0 0 0 0.0002256 0.0022563 0.0093341 0.016111 
2310000 2459 998.241 3307992.717 1771.961 4.0644 0 0 0 0.0002303 0.0023028 0.0094437 0.0136836 
2320000 2469 998.563 3324897.866 1754.206 4.0621 0 0 0 0.0002312 0.0023123 0.009346 0.0134674 
2330000 2479 998.826 3342906.358 1765.879 4.0606 0 0 0 0.00023 0.0022999 0.0093042 0.0182893 
2340000 2489 999.041 3361081.38 1772.648 4.0564 0 0 0 0.0002362 0.0023616 0.0093426 0.0178737 
2350000 2499 989.965 3379947.096 1771.64 4.0206 0 0 0 0.0002423 0.0024231 0.009773 0.0211891 
2360000 2509 991.801 3400841.372 1845.892 4.0188 0 0 0 0.0002409 0.0024094 0.0097293 0.0183116 
2370000 2519 993.3 3419551.561 1836.031 4.0235 0 0 0 0.000238 0.0023796 0.0096321 0.0181168 
2380000 2529 994.526 3438452.551 1865.766 4.0312 0 0 0 0.0002489 0.0024895 0.0097553 0.0242675 
2390000 2539 995.527 3456742.311 1845.951 4.0386 0 0 0 0.0002422 0.0024218 0.0095869 0.0179253 
2400000 2549 996.345 3475883.026 1860.741 4.0382 0 0 0 0.0002428 0.0024278 0.0094963 0.0125943 
2410000 2559 997.014 3494402.669 1850.015 4.0428 0 0 0 0.0002469 0.0024695 0.0096448 0.0110192 
2420000 2569 997.56 3514776.046 1886.235 4.045 0 0 0 0.0002439 0.0024392 0.0100041 0.0198928 
2430000 2579 998.007 3535811.557 1925.363 4.0507 0 0 0 0.000239 0.0023899 0.0098109 0.019121 
2440000 2589 998.371 3557332.995 1969.465 4.0563 0 0 0 0.0002364 0.0023642 0.0094281 0.0214504 
2450000 2599 998.669 3577186.379 1976.019 4.0597 0 0 0 0.0002225 0.0022248 0.0092689 0.0112921 
2460000 2609 998.913 3596325.994 1961.108 4.0605 0 0 0 0.000217 0.0021702 0.0090812 0.0179514 
2470000 2619 999.112 3615468.648 1970.407 4.0618 0 0 0 0.0002309 0.0023093 0.0091555 0.0233812 
2480000 2629 999.274 3634549.405 1954.574 4.0633 0 0 0 0.0002211 0.0022105 0.0091572 0.0246786 
2490000 2639 999.407 3653815.362 1933.779 4.0605 0 0 0 0.0002131 0.0021311 0.0089738 0.0146988 
2500000 2649 999.515 3673637.148 1946.417 4.0592 0 0 0 0.0002182 0.0021824 0.0089144 0.0195781 
2510000 2659 999.604 3693445.93 1951.907 4.06 0 0 0 0.0002096 0.0020956 0.0087605 0.0108978 
2520000 2669 999.676 3712106.148 1934.868 4.0678 0 0 0 0.0002102 0.002102 0.00867 0.0219702 
2530000 2679 999.736 3731980.486 1947.516 4.0697 0 0 0 0.0002109 0.0021086 0.0089338 0.0107292 
2540000 2689 999.784 3750751.554 1932.845 4.0711 0 0 0 0.0002127 0.0021266 0.0089628 0.0216705 
2550000 2699 999.824 3770058.935 1936.396 4.0721 0 0 0 0.0002095 0.0020947 0.008787 0.0164453 
2560000 2709 999.856 3788650.678 1917.592 4.0696 0 0 0 0.000212 0.0021201 0.0090656 0.0197178 
2570000 2719 999.882 3804446.13 1859.115 4.0768 0 0 0 0.0002172 0.0021717 0.009123 0.0169897 
2580000 2729 999.904 3824398.182 1878.017 4.0671 0 0 0 0.0002188 0.002188 0.0089891 0.020598 
2590000 2739 999.921 3843931.739 1895.285 4.07 0 0 0 0.0002086 0.0020861 0.0088685 0.01725 
2600000 2749 999.936 3864253.547 1934.116 4.0663 0 0 0 0.0002139 0.0021392 0.0089726 0.0273439 
2610000 2759 999.947 3884021.499 1929.212 4.0672 0 0 0 0.0002035 0.0020346 0.008803 0.015509 
2620000 2769 999.957 3902925.766 1919.988 3.9946 0 0 0 0.0002074 0.0020744 0.0087781 0.0186231 
2630000 2780 986.706 3918833.513 1839.581 3.8616 0 0 0 0.0002082 0.0020822 0.008924 0.0143178 
2640000 2790 989.138 3932379.938 1754.547 3.8064 0 0 0 0.0002165 0.002165 0.0088629 0.0170785 
2650000 2800 991.125 3946153.205 1679.094 3.7671 0 0 0 0.0002267 0.0022671 0.0089909 0.0152604 
2660000 2810 992.748 3962557.936 1676.918 3.7299 0 0 0 0.0002293 0.0022926 0.0091525 0.0168712 
2670000 2820 994.075 3980069.822 1690.363 3.6948 0 0 0 0.0002256 0.0022556 0.0090204 0.0249941 
2680000 2831 977.475 3992658.599 1578.668 3.6069 0 0 0 0.0002333 0.0023332 0.0091437 0.0127845 
2690000 2841 981.596 4010180.446 1610.907 3.6067 0 0 0 0.0002361 0.0023605 0.0091508 0.0185817 
2700000 2851 984.962 4026659.146 1614.592 3.5955 0 0 0 0.0002348 0.0023479 0.0091266 0.016404 
2710000 2861 987.713 4046629.581 1686.843 3.5937 0 0 0 0.0002285 0.0022848 0.008855 0.0148661 
2720000 2871 989.961 4063917.876 1696.111 3.5867 0 0 0 0.0002316 0.0023162 0.009012 0.0171794 
2730000 2881 991.797 4076005.013 1605.874 3.6082 0 0 0 0.0002397 0.0023965 0.0091976 0.0173753 
2740000 2891 993.298 4087923.877 1529.533 3.6228 0 0 0 0.0002385 0.0023848 0.0089367 0.0128603 
2750000 2901 994.524 4102029.018 1509.649 3.6618 0 0 0 0.0002421 0.0024207 0.0090136 0.0170069 
2760000 2911 995.526 4118272.393 1535.772 3.6781 0 0 0 0.0002347 0.0023471 0.0087556 0.0152212 
2770000 2922 979.477 4139057.842 1606.771 3.6441 0 0 0 0.0002356 0.0023555 0.0085909 0.0165122 
2780000 2932 969.408 4155795.54 1609.809 3.637 0 0 0 0.0002334 0.0023344 0.0088092 0.0149845 
2790000 2942 975.004 4171520.49 1591.721 3.6788 0 0 0 0.0002321 0.0023209 0.0087365 0.0115529 
2800000 2952 979.576 4186214.54 1561.503 3.7266 0 0 0 0.0002391 0.0023914 0.0087374 0.0159749 
2810000 2962 983.312 4201574.288 1566.153 3.7912 0 0 0 0.000243 0.0024295 0.0089909 0.0112803 
2820000 2972 986.365 4221604.899 1636.52 3.847 0 0 0 0.0002442 0.0024417 0.0088283 0.0162233 
2830000 2982 988.859 4235801.024 1597.151 3.904 0 0 0 0.0002449 0.0024488 0.0090657 0.0109725 
2840000 2992 990.897 4255466.323 1660.321 3.9522 0 0 0 0.0002404 0.0024038 0.008979 0.0092874 
2850000 3002 992.562 4273342.75 1683.399 3.9746 0 0 0 0.0002347 0.0023466 0.0088407 0.0149148 
2860000 3012 993.923 4286338.408 1605.454 3.9989 0 0 0 0.0002383 0.0023832 0.0087785 0.0148658 
2870000 3022 995.035 4302058.496 1618.741 4.024 0 0 0 0.0002327 0.0023265 0.0085376 0.010503 
2880000 3032 995.943 4314790.153 1551.545 4.0433 0 0 0 0.0002365 0.0023647 0.0086644 0.0112023 
2890000 3042 996.685 4329486.422 1537.896 4.0298 0 0 0 0.0002311 0.0023109 0.0085727 0.0148325 
2900000 3052 997.291 4347890.848 1583.883 4.0347 0 0 0 0.0002306 0.0023058 0.0085857 0.0140724 
2910000 3062 997.787 4367517.209 1651.022 4.0377 0 0 0 0.0002301 0.0023014 0.0086599 0.0058017 
2920000 3072 998.192 4388608.35 1730.746 4.0375 0 0 0 0.0002299 0.0022991 0.0084626 0.0132185 
2930000 3082 998.523 4405621.415 1724.181 4.0431 0 0 0 0.0002252 0.0022518 0.0083577 0.012735 
2940000 3092 998.793 4424005.622 1745.8 4.0313 0 0 0 0.0002252 0.0022515 0.0083462 0.0085937 
2950000 3102 999.014 4443044.31 1776.541 4.0338 0 0 0 0.0002236 0.0022359 0.0081831 0.0146263 
2960000 3112 999.194 4464107.954 1833.913 4.0314 0 0 0 0.0002159 0.0021589 0.0080274 0.0084802 
2970000 3122 999.341 4485567.261 1890.792 4.033 0 0 0 0.0002278 0.0022783 0.008418 0.0084195 
2980000 3133 994.246 4507104.914 1934.237 4.0127 0 0 0 0.0002207 0.0022075 0.008166 0.0219738 
2990000 3143 995.299 4529426.044 1989.182 4.014 0 0 0 0.0002177 0.0021773 0.0081973 0.0152342 
3000000 3153 996.159 4547583.99 1955.392 4.0155 0 0 0 0.0002087 0.0020865 0.0081518 0.0114433 
3010000 3163 996.861 4568006.763 1972.204 4.0137 0 0 0 0.0002042 0.0020423 0.0078927 0.0091981 
3020000 3173 986.137 4587045.572 1934.761 3.9754 0 0 0 0.0002078 0.0020784 0.008153 0.0084808 
3030000 3183 988.673 4606899.34 1950.61 3.9892 0 0 0 0.0002025 0.0020255 0.0077921 0.0145467 
3040000 3193 990.745 4626348.161 1947.64 3.9968 0 0 0 0.0001989 0.0019889 0.0078554 0.012785 
3050000 3203 992.438 4645802.292 1944.172 4.0094 0 0 0 0.0002019 0.002019 0.0078613 0.0194926 
3060000 3213 993.821 4660784.71 1882.389 4.0103 0 0 0 0.0002049 0.002049 0.0081175 0.0203766 
3070000 3223 994.952 4677524.22 1832.19 4.0173 0 0 0 0.0002068 0.0020677 0.0080229 0.0221866 
3080000 3233 995.875 4688251.506 1703.098 4.0316 0 0 0 0.0002146 0.0021456 0.008164 0.011185 
3090000 3244 988.849 4698676.58 1552.348 4.002 0 0 0 0.0002191 0.0021907 0.0083191 0.0120745 
3100000 3254 990.888 4712097.762 1510.651 4.0138 0 0 0 0.0002202 0.0022017 0.0081577 0.0147375 
3110000 3264 992.555 4725392.826 1485.217 4.0216 0 0 0 0.0002202 0.0022023 0.008186 0.0212247 
3120000 3274 993.917 4742043.139 1514.718 4.0316 0 0 0 0.0002234 0.0022339 0.0082057 0.0139028 
3130000 3284 995.03 4755390.688 1485.226 4.0234 0 0 0 0.0002317 0.0023168 0.0083579 0.0139163 
3140000 3294 995.939 4773010.35 1534.607 4.0089 0 0 0 0.0002279 0.0022793 0.0083013 0.0141958 
3150000 3304 996.682 4793975.638 1636.717 3.9976 0 0 0 0.0002207 0.0022073 0.008131 0.0143095 
3160000 3314 997.289 4812667.23 1676.988 3.9868 0 0 0 0.0002261 0.0022612 0.0083042 0.0145516 
3170000 3324 994.022 4829802.532 1683.325 3.9613 0 0 0 0.000235 0.0023503 0.0083556 0.0178038 
3180000 3334 995.115 4847278.682 1704.725 3.9531 0 0 0 0.0002347 0.0023469 0.0081471 0.0115043 
3190000 3344 996.009 4863959.957 1688.877 3.9418 0 0 0 0.0002342 0.0023418 0.0082557 0.013163 
3200000 3354 996.739 4885032.962 1770.974 3.944 0 0 0 0.0002301 0.0023013 0.0083249 0.0102754 
3210000 3364 997.335 4904820.768 1801.224 3.9412 0 0 0 0.0002336 0.0023361 0.0082819 0.0087987 
3220000 3374 997.823 4922091.437 1788.001 3.9373 0 0 0 0.0002345 0.0023455 0.0082152 0.0100819 
3230000 3384 998.221 4940015.008 1786.992 3.9303 0 0 0 0.0002388 0.0023882 0.0085441 0.0098039 
3240000 3394 998.546 4961343.186 1848.422 3.93 0 0 0 0.0002349 0.0023492 0.0083043 0.0119123 
3250000 3404 998.812 4982220.994 1893.629 3.9292 0 0 0 0.0002421 0.0024207 0.0084566 0.0148405 
3260000 3414 999.03 5002510.326 1919.209 3.9328 0 0 0 0.0002425 0.0024248 0.0085674 0.0185062 
3270000 3424 999.207 5022783.514 1933.712 3.9351 0 0 0 0.0002329 0.0023286 0.0081811 0.020213 
3280000 3434 999.352 5044152.702 1975.831 3.933 0 0 0 0.0002247 0.0022469 0.0081047 0.0160734 
3290000 3444 999.471 5064838.704 1989.982 3.9425 0 0 0 0.0002149 0.0021489 0.0081632 0.0156163 
3300000 3454 999.568 5086165.466 2015.013 3.9379 0 0 0 0.0002094 0.0020935 0.0080279 0.0094498 
3310000 3464 999.647 5107743.112 2040.513 3.9336 0 0 0 0.0002059 0.0020593 0.0080873 0.0159945 
3320000 3474 999.711 5128736.207 2052.198 3.9287 0 0 0 0.00021 0.0020997 0.0081282 0.0194416 
3330000 3484 999.764 5150396.507 2075.229 3.9329 0 0 0 0.0001954 0.001954 0.0077779 0.0149883 
3340000 3494 999.807 5172134.446 2092.418 3.9296 0 0 0 0.0001954 0.0019537 0.0077834 0.0130555 
3350000 3504 999.842 5194397.532 2115.959 3.9266 0 0 0 0.0001955 0.0019553 0.0078361 0.0192986 
3360000 3514 999.871 5214477.943 2105.823 3.9246 0 0 0 0.0001887 0.001887 0.0077501 0.0192291 
3370000 3524 999.895 5236536.421 2115.262 3.9279 0 0 0 0.0001878 0.0018781 0.0076412 0.0173888 
3380000 3534 999.914 5257889.853 2118.968 3.9272 0 0 0 0.0001788 0.001788 0.0075763 0.0131143 
3390000 3544 999.93 5274584.63 2045.372 3.9305 0 0 0 0.0001884 0.0018837 0.0075051 0.0180737 
3400000 3554 999.943 5291906.343 1980.785 3.9311 0 0 0 0.000187 0.0018699 0.0076207 0.0148187 
3410000 3564 999.953 5313223.267 2006.35 3.9287 0 0 0 0.0001906 0.0019061 0.0077509 0.011155 
3420000 3574 999.962 5330292.165 1964.354 3.9334 0 0 0 0.0001885 0.0018847 0.0076727 0.0099473 
3430000 3584 999.969 5347555.89 1911.441 3.9348 0 0 0 0.0001886 0.0018857 0.0078206 0.0161698 
3440000 3594 999.974 5367994.255 1933.513 3.9358 0 0 0 0.0001876 0.0018756 0.0078326 0.012642 
3450000 3604 999.979 5388583.791 1958.928 3.9352 0 0 0 0.0001958 0.0019584 0.0080034 0.0159493 
3460000 3614 999.983 5407077.991 1943.131 3.9313 0 0 0 0.0001843 0.0018435 0.0076197 0.0094795 
3470000 3624 999.986 5426386.756 1935.83 3.926 0 0 0 0.0001866 0.001866 0.0077456 0.0107785 
3480000 3634 999.989 5446816.85 1950.953 3.9217 0 0 0 0.0001946 0.0019456 0.0078961 0.0094016 
3490000 3644 999.991 5467813.641 1980.967 3.9223 0 0 0 0.0001927 0.001927 0.0077136 0.0204755 
3500000 3654 999.992 5488096.011 1984.531 3.9218 0 0 0 0.0001864 0.0018642 0.0076815 0.0195924 
3510000 3664 999.994 5508048.305 1990.32 3.9268 0 0 0 0.0001924 0.0019239 0.0079379 0.0228451 
3520000 3674 999.995 5529630.027 2020.884 3.9287 0 0 0 0.0001917 0.0019168 0.0077818 0.0171734 
3530000 3684 999.996 5549440.404 2012.415 3.9355 0 0 0 0.0001925 0.0019252 0.0079244 0.0222433 
3540000 3694 999.997 5568277.655 1992.581 3.9352 0 0 0 0.0001913 0.0019126 0.0079852 0.0156696 
3550000 3704 999.997 5585373.165 1949.004 3.9347 0 0 0 0.000206 0.0020601 0.0082712 0.0103596 
3560000 3714 999.998 5603200.803 1910.87 3.9304 0 0 0 0.0002105 0.0021048 0.0083791 0.016299 
3570000 3725 990.177 5621696.022 1887.59 3.8914 0 0 0 0.0002141 0.0021406 0.0083875 0.0155547 
3580000 3735 991.974 5641540.839 1903.675 3.901 0 0 0 0.0002141 0.0021407 0.0086487 0.0156907 
3590000 3745 993.442 5656678.251 1832.122 3.909 0 0 0 0.000222 0.0022204 0.0087528 0.0129865 
3600000 3755 994.642 5674542.276 1824.605 3.9185 0 0 0 0.0002217 0.0022169 0.0088897 0.0109317 
3610000 3765 995.622 5687942.94 1740.167 3.9221 0 0 0 0.0002233 0.0022334 0.0089457 0.0218578 
3620000 3775 996.423 5703556.052 1704.017 3.9247 0 0 0 0.0002336 0.0023357 0.0089719 0.0177672 
3630000 3785 997.077 5719093.512 1674.095 3.928 0 0 0 0.0002275 0.0022755 0.0090064 0.0184566 
3640000 3795 997.612 5734198.036 1643.265 3.9282 0 0 0 0.0002267 0.0022668 0.0091207 0.0147061 
3650000 3805 998.049 5748936.407 1612.47 3.9363 0 0 0 0.0002322 0.0023215 0.0088402 0.0133715 
3660000 3815 998.406 5768449.165 1676.099 3.9408 0 0 0 0.0002335 0.0023346 0.0088032 0.0142978 
3670000 3825 998.697 5780946.578 1591.608 3.9414 0 0 0 0.0002426 0.0024257 0.0090919 0.01448 
3680000 3835 998.936 5791593.513 1490.145 3.9471 0 0 0 0.0002497 0.0024969 0.0091824 0.0131636 
3690000 3845 999.13 5805980.419 1480.311 3.9527 0 0 0 0.0002496 0.0024957 0.0091583 0.011608 
3700000 3855 999.289 5822671.757 1514.341 3.957 0 0 0 0.0002475 0.0024753 0.0095256 0.0126408 
3710000 3865 999.419 5842448.481 1600.158 3.9524 0 0 0 0.0002565 0.0025653 0.0093647 0.0166386 
3720000 3875 999.526 5854605.606 1526.092 3.9497 0 0 0 0.0002678 0.0026781 0.0098415 0.0130773 
3730000 3885 999.612 5867516.523 1489.05 3.954 0 0 0 0.0002723 0.0027233 0.0103511 0.0111753 
3740000 3895 999.683 5884492.601 1525.153 3.9483 0 0 0 0.0002794 0.0027938 0.0105792 0.0136819 
3750000 3905 999.741 5896787.161 1470.401 3.9455 0 0 0 0.000268 0.0026802 0.0100748 0.0084526 
3760000 3915 992.605 5909967.461 1420.73 3.9166 0 0 0 0.0002742 0.0027424 0.0099461 0.0159054 
3770000 3925 993.958 5926239.112 1458.749 3.9168 0 0 0 0.000277 0.0027702 0.0102537 0.0083613 
3780000 3935 989.34 5943788.885 1508.043 3.8986 0 0 0 0.0002855 0.0028547 0.0106337 0.0171629 
3790000 3945 991.29 5961860.269 1556.195 3.9068 0 0 0 0.0002759 0.0027592 0.0099951 0.0127098 
3800000 3955 992.884 5984246.251 1680.758 3.9024 0 0 0 0.0002682 0.0026825 0.0098603 0.0158913 
3810000 3965 994.185 6005519.205 1758.198 3.904 0 0 0 0.0002655 0.0026546 0.009772 0.0115808 
3820000 3976 980.818 6023727.686 1748.328 3.8506 0 0 0 0.0002592 0.0025923 0.009773 0.0154579 
3830000 3986 984.327 6044399.736 1804.81 3.8613 0 0 0 0.0002573 0.0025729 0.0095593 0.0196528 
3840000 3996 987.194 6064139.987 1844.562 3.8706 0 0 0 0.0002497 0.0024973 0.009403 0.0140125 
3850000 4006 989.536 6083680.957 1857.319 3.8784 0 0 0 0.0002477 0.002477 0.0092683 0.0093532 
3860000 4016 991.451 6106067.049 1927.744 3.8829 0 0 0 0.0002439 0.002439 0.0093056 0.0099858 
3870000 4026 993.014 6127504.719 1968.294 3.8884 0 0 0 0.0002454 0.0024541 0.0093367 0.0136724 
3880000 4036 994.292 6148904.832 1999.383 3.8943 0 0 0 0.0002332 0.0023323 0.0091606 0.0094446 
3890000 4046 995.336 6171899.585 2055.499 3.8931 0 0 0 0.000232 0.0023198 0.0089082 0.0155432 
3900000 4056 996.189 6194400.105 2093.471 3.8899 0 0 0 0.0002217 0.0022173 0.0087948 0.0179821 
3910000 4066 996.887 6213559.634 2060.122 3.8915 0 0 0 0.0002255 0.0022551 0.008852 0.0142908 
3920000 4076 997.456 6235692.394 2084.603 3.8927 0 0 0 0.0002097 0.0020967 0.0084952 0.0124714 
3930000 4086 997.921 6259204.475 2134.767 3.8937 0 0 0 0.0002064 0.0020641 0.0084285 0.0166227 
3940000 4096 998.302 6281433.599 2151.188 3.8978 0 0 0 0.0002052 0.0020523 0.0082618 0.013161 
3950000 4106 998.612 6303322.68 2158.119 3.8994 0 0 0 0.0002042 0.0020418 0.0083463 0.0231843 
3960000 4116 998.866 6323704.081 2139.885 3.9024 0 0 0 0.0001985 0.0019854 0.0081385 0.0120176 
3970000 4126 999.074 6342828.461 2104.953 3.9092 0 0 0 0.0002047 0.0020471 0.0083854 0.0247765 
3980000 4136 999.243 6360177.676 2031.599 3.9032 0 0 0 0.0002119 0.0021187 0.0085009 0.014058 
3990000 4146 999.382 6380598.657 2031.693 3.9038 0 0 0 0.000203 0.0020304 0.0083901 0.0181736 
4000000 4156 999.495 6401482.711 2043.525 3.9095 0 0 0 0.0002092 0.0020923 0.0084277 0.0147469 
