10000 10 182.927 -14701.03 -268.917 0.1853 0 0 0 0.0 0.0 
20000 20 332.392 -29405.937 -488.666 0.3362 0 0 0 0.0 0.0 
30000 30 454.516 -42476.174 -637.821 0.7794 0 0 0 0.0001473 0.0014732 
40000 40 554.3 -51518.976 -685.417 1.1436 0 0 0 0.0001355 0.0013545 
50000 50 635.83 -62420.195 -757.779 1.4384 0 0 0 0.0001324 0.0013244 
60000 60 702.447 -70331.436 -761.306 1.6787 0 0 0 0.0001622 0.0016216 
70000 70 756.877 -80948.9 -815.23 1.8708 0 0 0 0.000189 0.0018895 
80000 80 801.351 -87527.217 -786.095 2.0327 0 0 0 0.0002081 0.002081 
90000 90 837.689 -92904.349 -740.882 2.1641 0 0 0 0.0002255 0.0022552 
100000 100 867.38 -97562.551 -690.868 2.2698 0 0 0 0.0002303 0.0023033 
110000 110 891.64 -99977.744 -608.072 2.3575 0 0 0 0.0002191 0.0021913 
120000 120 911.462 -100790.938 -511.924 2.4339 0 0 0 0.0002275 0.0022755 
130000 130 927.658 -97235.803 -351.875 2.4918 0 0 0 0.0002228 0.0022278 
140000 140 940.891 -98626.723 -313.717 2.5378 0 0 0 0.0002256 0.0022564 
150000 150 951.704 -99490.598 -273.53 2.5693 0 0 0 0.0002288 0.0022877 
160000 160 960.539 -104882.273 -319.207 2.5989 0 0 0 0.000235 0.00235 
170000 170 967.757 -104582.323 -255.305 2.623 0 0 0 0.0002595 0.0025953 
180000 180 973.655 -105058.514 -219.096 2.6446 0 0 0 0.0002656 0.0026561 
190000 190 978.474 -106942.179 -213.973 2.6603 0 0 0 0.0002679 0.0026795 
200000 200 982.412 -102346.829 -90.917 2.6747 0 0 0 0.0002608 0.0026079 
210000 210 985.629 -97082.547 22.083 2.6875 0 0 0 0.0002353 0.0023529 
220000 220 988.258 -91830.38 114.169 2.6968 0 0 0 0.0002102 0.0021022 
230000 230 990.406 -86730.641 186.47 2.7066 0 0 0 0.0001711 0.0017108 
240000 240 992.161 -81209.385 253.636 2.7115 0 0 0 0.0001547 0.0015467 
250000 250 993.595 -76165.46 299.164 2.7223 0 0 0 0.0001384 0.0013835 
260000 260 994.767 -71975.476 320.335 2.7364 0 0 0 0.0001214 0.0012144 
270000 270 995.724 -66628.433 359.104 2.7414 0 0 0 0.0001081 0.0010812 
280000 280 996.506 -64170.748 336.741 2.7448 0 0 0 9.8e-05 0.0009799 
290000 290 997.145 -61065.945 333.713 2.7468 0 0 0 8.91e-05 0.0008913 
300000 300 997.667 -56503.337 355.527 2.7513 0 0 0 7.74e-05 0.0007743 
310000 310 998.094 -52018.891 373.506 2.7578 0 0 0 7.6e-05 0.0007597 
320000 320 998.443 -46970.472 397.798 2.7624 0 0 0 7.33e-05 0.0007327 
330000 330 998.728 -41210.248 430.401 2.7666 0 0 0 6.76e-05 0.0006765 
340000 340 998.96 -35146.819 462.37 2.7716 0 0 0 6.91e-05 0.0006905 
350000 350 999.151 -29677.326 477.962 2.7715 0 0 0 5.98e-05 0.0005984 
360000 360 999.306 -23836.636 497.488 2.7779 0 0 0 5.79e-05 0.0005787 
370000 370 999.433 -17260.985 527.452 2.7719 0 0 0 5.45e-05 0.0005446 
380000 380 999.537 -11188.803 541.985 2.7683 0 0 0 4.48e-05 0.0004475 
390000 390 999.621 -3125.623 590.406 2.7614 0 0 0 4.3e-05 0.0004305 
400000 400 999.691 2105.004 578.784 2.7593 0 0 0 3.97e-05 0.0003972 
410000 410 999.747 8195.022 584.471 2.7619 0 0 0 3.64e-05 0.0003638 
420000 420 999.793 14747.105 597.984 2.7627 0 0 0 4e-05 0.0004001 
430000 430 999.831 20416.904 592.285 2.7699 0 0 0 4.19e-05 0.000419 
440000 440 999.862 26519.643 595.236 2.769 0 0 0 4.08e-05 0.0004083 
450000 450 999.887 34567.428 635.061 2.7745 0 0 0 4.62e-05 0.0004623 
460000 460 999.908 40354.761 623.299 2.7685 0 0 0 8.12e-05 0.0008116 
470000 470 999.925 47272.36 635.112 2.772 0 0 0 6.74e-05 0.0006739 
480000 480 999.939 53872.739 640.367 2.7721 0 0 0 6.34e-05 0.0006344 
490000 490 999.95 60616.883 647.65 2.7738 0 0 0 6.75e-05 0.0006749 
500000 500 999.959 68770.528 679.323 2.7669 0 0 0 5.96e-05 0.0005963 
510000 510 999.966 76507.909 697.034 2.7641 0 0 0 6.21e-05 0.0006215 
520000 520 999.973 83637.97 700.217 2.7642 0 0 0 6.04e-05 0.0006041 
530000 530 999.978 94163.565 765.866 2.7595 0 0 0 5.75e-05 0.0005751 
540000 540 999.982 106214.06 846.789 2.7606 0 0 0 6.28e-05 0.0006279 
550000 550 999.985 118727.451 920.715 2.767 0 0 0 6.3e-05 0.0006304 
560000 560 999.988 130184.947 961.35 2.7671 0 0 0 6.11e-05 0.0006106 
570000 570 999.99 140328.131 971.523 2.7665 0 0 0 6.09e-05 0.0006088 
580000 580 999.992 150914.164 987.748 2.763 0 0 0 6.44e-05 0.0006441 
590000 590 999.993 160670.982 985.588 2.7589 0 0 0 6.05e-05 0.0006047 
600000 600 999.995 172302.912 1018.873 2.7642 0 0 0 5.83e-05 0.0005834 
610000 610 999.996 184333.45 1052.459 2.763 0 0 0 6.21e-05 0.0006207 
620000 620 999.996 196684.145 1085.308 2.771 0 0 0 5.88e-05 0.0005877 
630000 630 999.997 209553.443 1121.85 2.7751 0 0 0 6.16e-05 0.0006162 
640000 640 999.998 221356.391 1131.628 2.7738 0 0 0 5.87e-05 0.0005872 
650000 650 999.998 231430.214 1109.428 2.774 0 0 0 6.07e-05 0.0006075 
660000 660 999.998 240997.737 1080.622 2.7757 0 0 0 5.46e-05 0.0005464 
670000 670 999.999 250157.628 1049.566 2.7715 0 0 0 4.96e-05 0.000496 
680000 680 999.999 258196.126 1005.748 2.7676 0 0 0 5e-05 0.0005 
690000 690 999.999 270084.644 1041.058 2.7674 0 0 0 5.2e-05 0.0005204 
700000 700 999.999 282480.629 1077.609 2.762 0 0 0 5.18e-05 0.0005176 
710000 710 999.999 295653.411 1121.029 2.7681 0 0 0 5.24e-05 0.0005238 
720000 720 1000.0 308909.34 1158.219 2.7665 0 0 0 5.29e-05 0.0005292 
730000 730 1000.0 321156.807 1170.469 2.7794 0 0 0 5.13e-05 0.0005132 
740000 740 1000.0 333366.9 1179.93 2.7761 0 0 0 4.92e-05 0.0004924 
750000 750 1000.0 345788.79 1190.75 2.7816 0 0 0 5.03e-05 0.0005032 
760000 760 1000.0 358081.011 1197.849 2.7908 0 0 0 5.02e-05 0.0005018 
770000 770 1000.0 369606.494 1189.813 2.7976 0 0 0 5.08e-05 0.000508 
780000 780 1000.0 381385.451 1187.318 2.7975 0 0 0 5.14e-05 0.0005141 
790000 790 1000.0 393376.519 1190.184 2.7898 0 0 0 5.02e-05 0.0005022 
800000 800 1000.0 405903.297 1200.943 2.7864 0 0 0 4.91e-05 0.0004909 
810000 810 1000.0 417663.528 1196.231 2.7791 0 0 0 5.16e-05 0.0005155 
820000 820 1000.0 429882.41 1200.627 2.778 0 0 0 5.07e-05 0.0005066 
830000 830 1000.0 441857.613 1199.382 2.7757 0 0 0 5.06e-05 0.000506 
840000 840 1000.0 453702.289 1196.468 2.7811 0 0 0 5.11e-05 0.000511 
850000 850 1000.0 465952.044 1202.277 2.7762 0 0 0 4.94e-05 0.0004935 
860000 860 1000.0 479310.479 1226.602 2.7759 0 0 0 5.04e-05 0.000504 
870000 870 1000.0 491168.783 1218.965 2.7774 0 0 0 4.7e-05 0.0004696 
880000 880 1000.0 502842.759 1210.628 2.7796 0 0 0 4.3e-05 0.0004302 
890000 890 1000.0 514480.168 1202.294 2.7812 0 0 0 4.19e-05 0.0004188 
900000 900 1000.0 524533.549 1167.225 2.7839 0 0 0 4.23e-05 0.0004233 
910000 910 1000.0 535639.017 1156.093 2.7928 0 0 0 4.43e-05 0.0004426 
920000 920 1000.0 547402.95 1159.688 2.7973 0 0 0 4.44e-05 0.0004437 
930000 930 1000.0 560686.118 1190.418 2.8007 0 0 0 4.56e-05 0.0004565 
940000 940 1000.0 573852.423 1213.551 2.7981 0 0 0 4.69e-05 0.0004689 
950000 950 1000.0 586806.259 1228.607 2.8 0 0 0 4.64e-05 0.0004638 
960000 960 1000.0 599403.477 1233.351 2.7998 0 0 0 4.72e-05 0.0004719 
970000 970 1000.0 611704.406 1233.498 2.8029 0 0 0 4.91e-05 0.0004912 
980000 980 1000.0 624409.53 1240.141 2.7979 0 0 0 4.78e-05 0.0004778 
990000 990 1000.0 633388.932 1177.053 2.7958 0 0 0 5.24e-05 0.0005243 
1000000 1000 1000.0 643764.861 1152.95 2.7956 0 0 0 5.33e-05 0.0005327 
1010000 1010 1000.0 655721.63 1159.953 2.7895 0 0 0 5.27e-05 0.0005273 
1020000 1020 1000.0 666419.166 1142.332 2.7886 0 0 0 5.69e-05 0.0005689 
1030000 1030 1000.0 680679.24 1194.219 2.7834 0 0 0 5.42e-05 0.0005423 
1040000 1040 1000.0 694486.481 1228.901 2.7823 0 0 0 5.36e-05 0.0005358 
1050000 1050 1000.0 709040.104 1270.265 2.7812 0 0 0 5.18e-05 0.0005179 
1060000 1060 1000.0 724160.569 1314.212 2.7788 0 0 0 5.14e-05 0.0005141 
1070000 1070 1000.0 740094.855 1365.299 2.7794 0 0 0 5.13e-05 0.0005128 
1080000 1080 1000.0 755500.345 1397.329 2.7792 0 0 0 4.95e-05 0.0004954 
1090000 1090 1000.0 771119.471 1426.983 2.7911 0 0 0 4.81e-05 0.0004808 
1100000 1100 1000.0 786960.526 1455.935 2.7983 0 0 0 4.84e-05 0.0004836 
1110000 1110 1000.0 802574.361 1475.105 2.7988 0 0 0 4.72e-05 0.0004724 
1120000 1120 1000.0 818034.611 1488.543 2.7961 0 0 0 4.53e-05 0.0004535 
1130000 1130 1000.0 833092.023 1491.675 2.8028 0 0 0 4.63e-05 0.000463 
1140000 1140 1000.0 848230.825 1495.611 2.8006 0 0 0 4.58e-05 0.0004577 
1150000 1150 1000.0 863529.074 1502.185 2.7936 0 0 0 4.34e-05 0.000434 
1160000 1160 1000.0 878786.298 1506.179 2.7882 0 0 0 4.33e-05 0.0004332 
1170000 1170 1000.0 894350.01 1515.038 2.7839 0 0 0 4.04e-05 0.0004043 
1180000 1180 1000.0 909856.416 1522.006 2.7895 0 0 0 4.07e-05 0.0004066 
1190000 1190 1000.0 925575.257 1530.881 2.7842 0 0 0 3.9e-05 0.0003897 
1200000 1200 1000.0 940815.579 1529.99 2.7833 0 0 0 3.77e-05 0.0003769 
1210000 1210 1000.0 956326.026 1533.851 2.7876 0 0 0 3.52e-05 0.0003518 
1220000 1220 1000.0 971566.478 1532.01 2.7898 0 0 0 3.43e-05 0.0003429 
1230000 1230 1000.0 985920.118 1513.876 2.7883 0 0 0 3.43e-05 0.0003427 
1240000 1240 1000.0 1000760.714 1508.308 2.7862 0 0 0 3.36e-05 0.0003355 
1250000 1250 1000.0 1015923.726 1509.9 2.7929 0 0 0 3.39e-05 0.0003391 
1260000 1260 1000.0 1030633.7 1502.435 2.7972 0 0 0 3.32e-05 0.0003324 
1270000 1270 1000.0 1045656.515 1502.671 2.7969 0 0 0 3.33e-05 0.0003333 
1280000 1280 1000.0 1060588.093 1500.519 2.8017 0 0 0 3.39e-05 0.0003391 
1290000 1290 1000.0 1075091.91 1491.588 2.8002 0 0 0 3.54e-05 0.0003541 
1300000 1300 1000.0 1089918.619 1489.8 2.7941 0 0 0 3.65e-05 0.0003648 
1310000 1310 1000.0 1104617.593 1485.683 2.7881 0 0 0 3.48e-05 0.0003482 
1320000 1320 1000.0 1119725.017 1490.716 2.7933 0 0 0 3.64e-05 0.0003635 
1330000 1330 1000.0 1135068.091 1498.639 2.7966 0 0 0 3.53e-05 0.0003533 
1340000 1340 1000.0 1150287.438 1503.143 2.7923 0 0 0 3.56e-05 0.0003562 
1350000 1350 1000.0 1165716.096 1510.532 2.7999 0 0 0 3.37e-05 0.0003371 
1360000 1360 1000.0 1181009.893 1514.301 2.7988 0 0 0 3.54e-05 0.000354 
1370000 1370 1000.0 1196209.804 1515.067 2.7957 0 0 0 3.34e-05 0.0003337 
1380000 1380 1000.0 1211602.599 1519.283 2.7995 0 0 0 3.48e-05 0.0003483 
1390000 1390 1000.0 1227250.121 1527.595 2.7981 0 0 0 3.49e-05 0.0003488 
1400000 1400 1000.0 1242899.998 1534.378 2.7939 0 0 0 3.75e-05 0.0003754 
1410000 1410 1000.0 1258885.628 1546.154 2.7934 0 0 0 3.67e-05 0.000367 
1420000 1420 1000.0 1274777.044 1554.022 2.7949 0 0 0 3.56e-05 0.0003562 
1430000 1430 1000.0 1290843.56 1563.557 2.7931 0 0 0 3.58e-05 0.0003579 
1440000 1440 1000.0 1306407.206 1561.984 2.7878 0 0 0 3.56e-05 0.0003563 
1450000 1450 1000.0 1322004.989 1561.94 2.7858 0 0 0 3.64e-05 0.0003637 
1460000 1460 1000.0 1337823.231 1565.917 2.7822 0 0 0 3.42e-05 0.0003419 
1470000 1470 1000.0 1351816.866 1535.571 2.7866 0 0 0 3.73e-05 0.0003727 
1480000 1480 1000.0 1365581.46 1504.418 2.7925 0 0 0 3.55e-05 0.0003553 
1490000 1490 1000.0 1380687.485 1505.588 2.7875 0 0 0 3.74e-05 0.0003736 
1500000 1500 1000.0 1395311.548 1497.003 2.7878 0 0 0 4.16e-05 0.0004157 
1510000 1510 1000.0 1410491.85 1501.713 2.7902 0 0 0 3.91e-05 0.0003907 
1520000 1520 1000.0 1425777.959 1508.143 2.7864 0 0 0 3.8e-05 0.0003804 
1530000 1530 1000.0 1440688.866 1503.161 2.7942 0 0 0 3.84e-05 0.0003837 
1540000 1540 1000.0 1454338.937 1479.346 2.7987 0 0 0 3.73e-05 0.000373 
1550000 1550 1000.0 1468782.729 1471.551 2.7932 0 0 0 4.06e-05 0.0004064 
1560000 1560 1000.0 1484844.907 1495.89 2.7965 0 0 0 3.81e-05 0.0003812 
1570000 1570 1000.0 1500695.395 1511.923 2.797 0 0 0 3.88e-05 0.0003879 
1580000 1580 1000.0 1516555.323 1525.195 2.7941 0 0 0 3.87e-05 0.0003866 
1590000 1590 1000.0 1531769.117 1525.09 2.7923 0 0 0 3.79e-05 0.0003791 
1600000 1600 1000.0 1547045.23 1525.308 2.7973 0 0 0 3.85e-05 0.0003855 
1610000 1610 1000.0 1562668.972 1532.344 2.8027 0 0 0 3.68e-05 0.0003684 
1620000 1620 1000.0 1578827.353 1548.029 2.7983 0 0 0 3.54e-05 0.0003535 
1630000 1630 1000.0 1594782.43 1556.99 2.795 0 0 0 3.72e-05 0.0003718 
1640000 1640 1000.0 1610934.952 1567.688 2.7948 0 0 0 3.74e-05 0.0003739 
1650000 1650 1000.0 1627030.6 1575.419 2.7936 0 0 0 3.64e-05 0.0003639 
1660000 1660 1000.0 1643323.59 1585.231 2.7891 0 0 0 3.46e-05 0.0003458 
1670000 1670 1000.0 1659376.399 1589.007 2.7835 0 0 0 3.7e-05 0.0003698 
1680000 1680 1000.0 1675669.477 1596.251 2.7807 0 0 0 3.47e-05 0.0003474 
1690000 1690 1000.0 1692054.853 1603.856 2.7803 0 0 0 3.59e-05 0.0003592 
1700000 1700 1000.0 1707731.738 1596.811 2.7792 0 0 0 3.37e-05 0.0003371 
1710000 1710 1000.0 1723345.918 1590.244 2.7777 0 0 0 3.46e-05 0.0003464 
1720000 1720 1000.0 1739178.202 1589.324 2.7734 0 0 0 3.25e-05 0.0003247 
1730000 1730 1000.0 1754627.2 1581.485 2.7733 0 0 0 3.61e-05 0.0003607 
1740000 1740 1000.0 1770436.063 1581.656 2.7729 0 0 0 3.59e-05 0.0003588 
1750000 1750 1000.0 1786263.07 1581.914 2.7795 0 0 0 3.21e-05 0.0003207 
1760000 1760 1000.0 1801967.995 1579.852 2.7784 0 0 0 3.22e-05 0.0003222 
1770000 1770 1000.0 1817752.197 1579.462 2.7825 0 0 0 3.24e-05 0.0003245 
1780000 1780 1000.0 1833391.422 1576.725 2.788 0 0 0 3.16e-05 0.0003156 
1790000 1790 1000.0 1848969.991 1573.371 2.7928 0 0 0 3.37e-05 0.0003374 
1800000 1800 1000.0 1864469.192 1567.953 2.7973 0 0 0 3.24e-05 0.0003242 
1810000 1810 1000.0 1880024.144 1565.616 2.8072 0 0 0 3.4e-05 0.0003403 
1820000 1820 1000.0 1894973.173 1552.859 2.8052 0 0 0 3.32e-05 0.0003315 
1830000 1830 1000.0 1909894.901 1542.072 2.7984 0 0 0 3.67e-05 0.0003667 
1840000 1840 1000.0 1925056.426 1537.548 2.7921 0 0 0 3.36e-05 0.0003364 
1850000 1850 1000.0 1940870.391 1546.152 2.7975 0 0 0 3.63e-05 0.0003635 
1860000 1860 1000.0 1956810.364 1554.864 2.7974 0 0 0 3.51e-05 0.0003511 
1870000 1870 1000.0 1973162.575 1569.511 2.7928 0 0 0 3.63e-05 0.0003634 
1880000 1880 1000.0 1989464.818 1580.805 2.7915 0 0 0 3.5e-05 0.0003497 
1890000 1890 1000.0 2006385.499 1600.915 2.8012 0 0 0 3.66e-05 0.0003657 
1900000 1900 1000.0 2023069.361 1613.329 2.8005 0 0 0 3.53e-05 0.0003526 
1910000 1910 1000.0 2039921.943 1626.606 2.8021 0 0 0 3.63e-05 0.0003631 
1920000 1920 1000.0 2056113.551 1625.616 2.7983 0 0 0 3.53e-05 0.000353 
1930000 1930 1000.0 2071630.709 1611.881 2.7994 0 0 0 3.8e-05 0.0003805 
1940000 1940 1000.0 2087722.999 1611.178 2.8055 0 0 0 3.63e-05 0.0003631 
1950000 1950 1000.0 2103478.829 1604.776 2.8053 0 0 0 3.82e-05 0.0003823 
1960000 1960 1000.0 2118862.621 1592.779 2.8039 0 0 0 3.8e-05 0.0003804 
1970000 1970 1000.0 2134660.712 1591.341 2.804 0 0 0 4.05e-05 0.0004053 
1980000 1980 1000.0 2150694.202 1593.19 2.803 0 0 0 3.84e-05 0.000384 
1990000 1990 1000.0 2166831.295 1596.71 2.8043 0 0 0 4.04e-05 0.0004039 
2000000 2000 1000.0 2183352.044 1606.81 2.8018 0 0 0 3.79e-05 0.0003788 
2010000 2010 1000.0 2199429.92 1606.996 2.8075 0 0 0 3.77e-05 0.0003767 
2020000 2020 1000.0 2215010.378 1598.313 2.8189 0 0 0 3.75e-05 0.0003748 
2030000 2030 1000.0 2231839.863 1614.078 2.8181 0 0 0 3.93e-05 0.0003931 
2040000 2040 1000.0 2247089.901 1598.599 2.8181 0 0 0 3.73e-05 0.0003732 
2050000 2050 1000.0 2263504.408 1606.121 2.8155 0 0 0 3.77e-05 0.0003774 
2060000 2060 1000.0 2279984.854 1613.853 2.8108 0 0 0 3.9e-05 0.0003905 
2070000 2070 1000.0 2295116.424 1594.266 2.8057 0 0 0 3.7e-05 0.0003696 
2080000 2080 1000.0 2304249.759 1476.512 2.8028 0 0 0 3.96e-05 0.0003964 
2090000 2090 1000.0 2320074.697 1495.878 2.8145 0 0 0 3.89e-05 0.0003889 
2100000 2100 1000.0 2336666.587 1525.731 2.8147 0 0 0 3.64e-05 0.0003639 
2110000 2110 1000.0 2353122.346 1547.816 2.8214 0 0 0 3.78e-05 0.0003778 
2120000 2120 1000.0 2367497.094 1525.52 2.8169 0 0 0 4.45e-05 0.000445 
2130000 2130 1000.0 2384274.759 1553.54 2.8107 0 0 0 4.48e-05 0.0004481 
2140000 2140 1000.0 2401325.257 1580.895 2.8026 0 0 0 4.25e-05 0.0004254 
2150000 2150 1000.0 2417923.396 1595.627 2.8006 0 0 0 4.04e-05 0.0004043 
2160000 2160 1000.0 2434945.295 1615.177 2.7965 0 0 0 4.43e-05 0.0004427 
2170000 2170 1000.0 2452114.756 1634.171 2.7923 0 0 0 4.08e-05 0.0004082 
2180000 2180 1000.0 2468216.356 1629.427 2.7972 0 0 0 4.32e-05 0.0004325 
2190000 2190 1000.0 2485631.55 1650.41 2.7946 0 0 0 4e-05 0.0004005 
2200000 2200 1000.0 2503140.483 1669.188 2.7947 0 0 0 4.07e-05 0.0004074 
2210000 2210 1000.0 2517778.949 1629.474 2.7938 0 0 0 4.32e-05 0.0004317 
2220000 2220 1000.0 2533952.357 1627.573 2.7936 0 0 0 4.23e-05 0.0004233 
2230000 2230 1000.0 2548814.632 1601.062 2.7952 0 0 0 4.68e-05 0.0004683 
2240000 2240 1000.0 2565664.273 1617.168 2.7894 0 0 0 4.59e-05 0.0004587 
2250000 2250 1000.0 2583238.587 1642.665 2.7872 0 0 0 4.38e-05 0.0004375 
2260000 2260 1000.0 2601226.061 1671.177 2.7795 0 0 0 4.77e-05 0.0004771 
2270000 2270 1000.0 2619073.28 1691.828 2.7847 0 0 0 4.39e-05 0.0004393 
2280000 2280 1000.0 2635770.043 1687.792 2.783 0 0 0 4.34e-05 0.0004344 
2290000 2290 1000.0 2652884.363 1692.575 2.7829 0 0 0 4.27e-05 0.0004272 
2300000 2300 1000.0 2669926.584 1694.757 2.7831 0 0 0 4.34e-05 0.0004336 
2310000 2310 1000.0 2687207.393 1701.595 2.7834 0 0 0 4.19e-05 0.0004188 
2320000 2320 1000.0 2704195.533 1700.523 2.786 0 0 0 3.93e-05 0.0003927 
2330000 2330 1000.0 2721950.131 1714.136 2.7865 0 0 0 3.98e-05 0.0003979 
2340000 2340 1000.0 2739217.543 1716.392 2.7844 0 0 0 3.82e-05 0.0003821 
2350000 2350 1000.0 2755117.194 1692.895 2.7857 0 0 0 3.73e-05 0.0003731 
2360000 2360 1000.0 2771072.656 1675.66 2.7842 0 0 0 3.79e-05 0.0003788 
2370000 2370 1000.0 2788547.981 1688.997 2.7775 0 0 0 3.73e-05 0.0003735 
2380000 2380 1000.0 2805669.758 1693.42 2.7762 0 0 0 3.65e-05 0.0003646 
2390000 2390 1000.0 2823074.942 1702.149 2.7811 0 0 0 3.79e-05 0.0003793 
2400000 2400 1000.0 2840036.849 1701.417 2.7946 0 0 0 3.47e-05 0.0003472 
2410000 2410 1000.0 2858064.467 1720.194 2.7934 0 0 0 3.35e-05 0.0003345 
2420000 2420 1000.0 2875681.563 1727.743 2.7926 0 0 0 3.3e-05 0.0003295 
2430000 2430 1000.0 2893650.284 1740.613 2.7916 0 0 0 3.08e-05 0.0003077 
2440000 2440 1000.0 2911506.168 1748.967 2.7908 0 0 0 2.99e-05 0.0002992 
2450000 2450 1000.0 2929389.37 1756.052 2.7906 0 0 0 3.07e-05 0.0003066 
2460000 2460 1000.0 2946746.646 1752.511 2.7888 0 0 0 2.87e-05 0.0002873 
2470000 2470 1000.0 2964352.426 1753.857 2.7952 0 0 0 2.96e-05 0.0002963 
2480000 2480 1000.0 2981888.628 1753.583 2.802 0 0 0 2.88e-05 0.0002878 
2490000 2490 1000.0 2999437.358 1753.735 2.7997 0 0 0 2.83e-05 0.0002827 
2500000 2500 1000.0 3016149.031 1738.62 2.8016 0 0 0 2.97e-05 0.0002966 
2510000 2510 1000.0 3033188.829 1731.913 2.8075 0 0 0 2.84e-05 0.0002838 
2520000 2520 1000.0 3050437.899 1731.245 2.8097 0 0 0 2.88e-05 0.0002879 
2530000 2530 1000.0 3067374.813 1724.928 2.8133 0 0 0 2.92e-05 0.0002923 
2540000 2540 1000.0 3084547.704 1723.733 2.8116 0 0 0 3.12e-05 0.0003117 
2550000 2550 1000.0 3101061.902 1710.149 2.8249 0 0 0 2.81e-05 0.0002805 
2560000 2560 1000.0 3117667.162 1700.594 2.8178 0 0 0 2.85e-05 0.0002848 
2570000 2570 1000.0 3133795.874 1684.657 2.8108 0 0 0 2.98e-05 0.0002983 
2580000 2580 1000.0 3150775.354 1687.095 2.8058 0 0 0 3.08e-05 0.0003079 
2590000 2590 1000.0 3167508.474 1684.251 2.8027 0 0 0 2.95e-05 0.0002949 
2600000 2600 1000.0 3183877.49 1675.018 2.8066 0 0 0 3.01e-05 0.0003013 
2610000 2610 1000.0 3199537.7 1654.826 2.806 0 0 0 3.12e-05 0.0003118 
2620000 2620 1000.0 3214989.434 1634.702 2.8064 0 0 0 3.25e-05 0.0003255 
2630000 2630 1000.0 3231491.555 1637.448 2.8097 0 0 0 3.19e-05 0.0003188 
2640000 2640 1000.0 3248166.464 1643.595 2.809 0 0 0 3.11e-05 0.0003113 
2650000 2650 1000.0 3264595.882 1643.869 2.8143 0 0 0 3.2e-05 0.0003204 
2660000 2660 1000.0 3280542.553 1632.934 2.8139 0 0 0 3.25e-05 0.000325 
2670000 2670 1000.0 3297325.886 1640.598 2.8118 0 0 0 4.3e-05 0.0004297 
2680000 2680 1000.0 3314092.298 1647.456 2.8101 0 0 0 3.75e-05 0.0003746 
2690000 2690 1000.0 3330335.156 1643.253 2.8046 0 0 0 3.46e-05 0.0003462 
2700000 2700 1000.0 3345785.634 1625.627 2.8034 0 0 0 3.56e-05 0.0003564 
2710000 2710 1000.0 3361459.087 1613.722 2.8016 0 0 0 3.56e-05 0.0003555 
2720000 2720 1000.0 3377902.072 1618.663 2.8014 0 0 0 3.76e-05 0.0003765 
2730000 2730 1000.0 3393643.769 1610.799 2.805 0 0 0 3.63e-05 0.0003632 
2740000 2740 1000.0 3409931.392 1614.469 2.8049 0 0 0 3.87e-05 0.0003866 
2750000 2750 1000.0 3426486.679 1621.38 2.8048 0 0 0 3.54e-05 0.0003538 
2760000 2760 1000.0 3442958.232 1625.684 2.7987 0 0 0 3.53e-05 0.0003528 
2770000 2770 1000.0 3459945.268 1638.858 2.7943 0 0 0 3.88e-05 0.0003878 
2780000 2780 1000.0 3476379.526 1640.06 2.7922 0 0 0 4.09e-05 0.000409 
2790000 2790 1000.0 3493140.281 1646.668 2.7922 0 0 0 3.79e-05 0.0003789 
2800000 2800 1000.0 3510057.046 1655.203 2.7906 0 0 0 4.14e-05 0.0004137 
2810000 2810 1000.0 3527604.649 1673.734 2.7959 0 0 0 3.9e-05 0.0003897 
2820000 2820 1000.0 3544277.524 1673.019 2.7959 0 0 0 3.91e-05 0.0003905 
2830000 2830 1000.0 3561192.595 1676.288 2.7959 0 0 0 3.78e-05 0.0003778 
2840000 2840 1000.0 3576211.903 1645.531 2.8022 0 0 0 3.9e-05 0.0003903 
2850000 2850 1000.0 3593129.324 1654.112 2.8055 0 0 0 4.28e-05 0.0004283 
2860000 2860 1000.0 3610415.723 1668.133 2.806 0 0 0 3.83e-05 0.0003833 
2870000 2870 1000.0 3627464.002 1675.601 2.8052 0 0 0 3.63e-05 0.0003631 
2880000 2880 1000.0 3643999.721 1671.363 2.8074 0 0 0 3.65e-05 0.0003651 
2890000 2890 1000.0 3660494.958 1667.413 2.8043 0 0 0 3.33e-05 0.0003328 
2900000 2900 1000.0 3676877.406 1661.527 2.804 0 0 0 3.47e-05 0.0003474 
2910000 2910 1000.0 3692983.462 1652.378 2.8028 0 0 0 3.65e-05 0.0003653 
2920000 2920 1000.0 3708004.275 1624.637 2.7984 0 0 0 3.66e-05 0.0003662 
2930000 2930 1000.0 3723807.587 1616.878 2.8053 0 0 0 3.82e-05 0.0003821 
2940000 2940 1000.0 3739342.746 1605.998 2.8088 0 0 0 3.97e-05 0.0003972 
2950000 2950 1000.0 3756548.909 1626.931 2.8033 0 0 0 3.52e-05 0.0003524 
2960000 2960 1000.0 3773498.204 1640.159 2.8015 0 0 0 3.67e-05 0.0003673 
2970000 2970 1000.0 3790922.697 1658.638 2.7977 0 0 0 3.61e-05 0.0003608 
2980000 2980 1000.0 3808709.475 1680.836 2.8053 0 0 0 3.58e-05 0.0003576 
2990000 2990 1000.0 3825738.399 1685.044 2.804 0 0 0 3.47e-05 0.0003474 
3000000 3000 1000.0 3842900.679 1690.804 2.8089 0 0 0 3.49e-05 0.0003493 
3010000 3010 1000.0 3859950.182 1693.982 2.8118 0 0 0 3.41e-05 0.000341 
3020000 3020 1000.0 3877469.646 1704.669 2.8132 0 0 0 3.54e-05 0.0003542 
3030000 3030 1000.0 3894853.197 1710.489 2.8113 0 0 0 3.5e-05 0.0003495 
3040000 3040 1000.0 3911701.562 1705.942 2.8152 0 0 0 3.3e-05 0.0003303 
3050000 3050 1000.0 3929366.484 1716.829 2.8098 0 0 0 3.36e-05 0.0003356 
3060000 3060 1000.0 3946590.513 1717.409 2.808 0 0 0 3.34e-05 0.0003336 
3070000 3070 1000.0 3963532.092 1713.267 2.8109 0 0 0 3.39e-05 0.000339 
3080000 3080 1000.0 3981777.705 1733.633 2.8079 0 0 0 3.35e-05 0.0003353 
3090000 3090 1000.0 4000174.991 1753.353 2.8127 0 0 0 3.24e-05 0.0003244 
3100000 3100 1000.0 4017826.849 1755.573 2.812 0 0 0 3.25e-05 0.000325 
3110000 3110 1000.0 4034951.407 1747.258 2.81 0 0 0 3.18e-05 0.0003184 
3120000 3120 1000.0 4052368.767 1745.989 2.8086 0 0 0 3.22e-05 0.0003222 
3130000 3130 1000.0 4070241.748 1753.806 2.8072 0 0 0 3.06e-05 0.0003063 
3140000 3140 1000.0 4087776.855 1753.695 2.8065 0 0 0 3.13e-05 0.000313 
3150000 3150 1000.0 4105405.628 1755.235 2.8167 0 0 0 3.05e-05 0.0003052 
3160000 3160 1000.0 4122671.465 1750.105 2.8146 0 0 0 3.11e-05 0.0003111 
3170000 3170 1000.0 4139434.493 1736.64 2.8138 0 0 0 3e-05 0.0002999 
3180000 3180 1000.0 4156812.265 1736.89 2.8062 0 0 0 3e-05 0.0003002 
3190000 3190 1000.0 4174480.407 1742.744 2.8095 0 0 0 3.03e-05 0.0003031 
3200000 3200 1000.0 4191634.535 1737.998 2.8108 0 0 0 2.83e-05 0.0002834 
3210000 3210 1000.0 4208776.233 1733.279 2.8078 0 0 0 2.85e-05 0.0002853 
3220000 3220 1000.0 4225487.462 1721.673 2.8125 0 0 0 3.21e-05 0.0003205 
3230000 3230 1000.0 4242770.236 1723.079 2.811 0 0 0 3.11e-05 0.0003109 
3240000 3240 1000.0 4260067.329 1724.33 2.8123 0 0 0 3.2e-05 0.0003204 
3250000 3250 1000.0 4276201.188 1704.434 2.8089 0 0 0 3.02e-05 0.0003016 
3260000 3260 1000.0 4292730.998 1695.667 2.8069 0 0 0 3.29e-05 0.000329 
3270000 3270 1000.0 4310567.816 1711.63 2.8114 0 0 0 3.07e-05 0.0003074 
3280000 3280 1000.0 4327894.154 1714.963 2.8073 0 0 0 3.22e-05 0.0003225 
3290000 3290 1000.0 4345142.235 1717.563 2.8098 0 0 0 3.38e-05 0.0003384 
3300000 3300 1000.0 4362289.102 1717.477 2.8078 0 0 0 3.61e-05 0.0003605 
3310000 3310 1000.0 4379655.166 1720.595 2.8111 0 0 0 3.61e-05 0.000361 
3320000 3320 1000.0 4396847.728 1720.046 2.8089 0 0 0 3.32e-05 0.0003316 
3330000 3330 1000.0 4412512.888 1691.006 2.807 0 0 0 3.82e-05 0.0003823 
3340000 3340 1000.0 4429616.065 1694.296 2.8054 0 0 0 3.76e-05 0.0003761 
3350000 3350 1000.0 4447692.824 1715.064 2.8144 0 0 0 4e-05 0.0003997 
3360000 3360 1000.0 4465067.449 1718.456 2.8117 0 0 0 3.94e-05 0.0003942 
3370000 3370 1000.0 4483025.126 1734.066 2.814 0 0 0 4.09e-05 0.000409 
3380000 3380 1000.0 4500749.863 1741.029 2.8081 0 0 0 3.8e-05 0.00038 
3390000 3390 1000.0 4518615.537 1749.415 2.8013 0 0 0 3.9e-05 0.0003902 
3400000 3400 1000.0 4537485.278 1774.227 2.808 0 0 0 3.92e-05 0.0003922 
3410000 3410 1000.0 4556129.021 1790.701 2.8093 0 0 0 4.02e-05 0.0004022 
3420000 3420 1000.0 4572670.837 1767.01 2.8156 0 0 0 3.97e-05 0.000397 
3430000 3430 1000.0 4591352.712 1785.166 2.813 0 0 0 3.86e-05 0.0003859 
3440000 3440 1000.0 4609658.19 1793.877 2.8115 0 0 0 3.77e-05 0.0003774 
3450000 3450 1000.0 4627154.269 1785.99 2.8063 0 0 0 3.69e-05 0.0003687 
3460000 3460 1000.0 4644873.746 1783.6 2.8052 0 0 0 3.78e-05 0.0003785 
3470000 3470 1000.0 4662653.961 1782.094 2.807 0 0 0 3.6e-05 0.0003604 
3480000 3480 1000.0 4681025.042 1791.745 2.8041 0 0 0 3.65e-05 0.0003649 
3490000 3490 1000.0 4699290.796 1798.079 2.8011 0 0 0 3.57e-05 0.0003574 
3500000 3500 1000.0 4716821.313 1789.766 2.8082 0 0 0 3.76e-05 0.0003757 
3510000 3510 1000.0 4733454.306 1766.821 2.8089 0 0 0 3.57e-05 0.0003575 
3520000 3520 1000.0 4750861.695 1761.265 2.8064 0 0 0 3.53e-05 0.0003534 
3530000 3530 1000.0 4768325.662 1757.962 2.804 0 0 0 3.29e-05 0.0003288 
3540000 3540 1000.0 4785586.82 1752.533 2.8022 0 0 0 3.23e-05 0.0003225 
3550000 3550 1000.0 4802730.059 1744.825 2.8065 0 0 0 3.3e-05 0.00033 
3560000 3560 1000.0 4818771.367 1719.236 2.8131 0 0 0 3.24e-05 0.0003244 
3570000 3570 1000.0 4835817.689 1715.785 2.8096 0 0 0 3.16e-05 0.0003159 
3580000 3580 1000.0 4852188.292 1701.216 2.8057 0 0 0 3.32e-05 0.0003321 
3590000 3590 1000.0 4867923.046 1676.494 2.8053 0 0 0 3.22e-05 0.0003218 
3600000 3600 1000.0 4882591.393 1638.767 2.8014 0 0 0 3.26e-05 0.0003265 
3610000 3610 1000.0 4900025.019 1657.796 2.8004 0 0 0 3.02e-05 0.0003017 
3620000 3620 1000.0 4917316.391 1670.454 2.7981 0 0 0 3.05e-05 0.0003047 
3630000 3630 1000.0 4934556.914 1680.289 2.796 0 0 0 3.07e-05 0.000307 
3640000 3640 1000.0 4952082.413 1693.437 2.8046 0 0 0 3.13e-05 0.0003131 
3650000 3650 1000.0 4969773.167 1707.684 2.8073 0 0 0 3.13e-05 0.0003126 
3660000 3660 1000.0 4987671.523 1722.241 2.8133 0 0 0 3.08e-05 0.0003085 
3670000 3670 1000.0 5005577.046 1734.935 2.8075 0 0 0 3.03e-05 0.0003025 
3680000 3680 1000.0 5023588.437 1746.485 2.8026 0 0 0 2.98e-05 0.0002979 
3690000 3690 1000.0 5041007.193 1745.379 2.8072 0 0 0 2.93e-05 0.0002934 
3700000 3700 1000.0 5058538.485 1747.123 2.8065 0 0 0 3.05e-05 0.0003051 
3710000 3710 1000.0 5075983.283 1746.621 2.8065 0 0 0 3.18e-05 0.0003177 
3720000 3720 1000.0 5093114.362 1740.458 2.8072 0 0 0 3e-05 0.0002997 
3730000 3730 1000.0 5110744.459 1744.182 2.8143 0 0 0 3.15e-05 0.0003153 
3740000 3740 1000.0 5127609.405 1733.681 2.8101 0 0 0 3.14e-05 0.0003141 
3750000 3750 1000.0 5143601.938 1709.382 2.8126 0 0 0 3.08e-05 0.0003083 
3760000 3760 1000.0 5160962.484 1714.369 2.8145 0 0 0 3.02e-05 0.0003016 
3770000 3770 1000.0 5177808.915 1709.16 2.815 0 0 0 3.2e-05 0.0003195 
3780000 3780 1000.0 5194395.805 1699.277 2.8109 0 0 0 3.13e-05 0.0003131 
3790000 3790 1000.0 5211508.111 1701.463 2.8192 0 0 0 3.23e-05 0.0003229 
3800000 3800 1000.0 5228378.965 1698.347 2.8189 0 0 0 3.35e-05 0.0003352 
3810000 3810 1000.0 5245549.403 1701.316 2.8202 0 0 0 3.24e-05 0.0003243 
3820000 3820 1000.0 5262497.483 1700.202 2.8261 0 0 0 3.25e-05 0.0003247 
3830000 3830 1000.0 5279566.12 1701.847 2.8243 0 0 0 3.27e-05 0.0003271 
3840000 3840 1000.0 5296453.611 1699.446 2.8213 0 0 0 3.26e-05 0.0003264 
3850000 3850 1000.0 5313224.591 1695.768 2.8232 0 0 0 3.29e-05 0.0003292 
3860000 3860 1000.0 5330178.373 1695.282 2.8158 0 0 0 3.39e-05 0.0003388 
3870000 3870 1000.0 5346135.351 1677.421 2.811 0 0 0 3.78e-05 0.0003777 
3880000 3880 1000.0 5362955.779 1678.173 2.8114 0 0 0 3.76e-05 0.0003757 
3890000 3890 1000.0 5380237.102 1687.532 2.8067 0 0 0 3.58e-05 0.0003577 
3900000 3900 1000.0 5397493.165 1694.195 2.8053 0 0 0 3.41e-05 0.0003409 
3910000 3910 1000.0 5413862.362 1684.188 2.8057 0 0 0 3.56e-05 0.0003557 
3920000 3920 1000.0 5430914.411 1688.056 2.817 0 0 0 3.46e-05 0.0003459 
3930000 3930 1000.0 5447623.858 1685.385 2.8123 0 0 0 3.45e-05 0.0003446 
3940000 3940 1000.0 5463311.347 1662.541 2.807 0 0 0 3.54e-05 0.0003537 
3950000 3950 1000.0 5479943.624 1662.54 2.8032 0 0 0 3.49e-05 0.0003485 
3960000 3960 1000.0 5496338.161 1657.978 2.8084 0 0 0 3.6e-05 0.0003601 
3970000 3970 1000.0 5512651.759 1653.533 2.8098 0 0 0 3.61e-05 0.0003609 
3980000 3980 1000.0 5528192.684 1633.757 2.807 0 0 0 3.74e-05 0.0003743 
3990000 3990 1000.0 5544818.541 1639.059 2.8017 0 0 0 3.56e-05 0.0003563 
4000000 4000 1000.0 5561181.649 1638.268 2.8036 0 0 0 3.64e-05 0.0003635 
4010000 4010 1000.0 5577851.612 1643.44 2.8031 0 0 0 3.73e-05 0.0003729 
4020000 4020 1000.0 5593988.226 1638.27 2.8033 0 0 0 3.88e-05 0.0003882 
4030000 4030 1000.0 5610888.484 1647.565 2.7974 0 0 0 3.66e-05 0.0003655 
4040000 4040 1000.0 5627415.318 1648.365 2.7955 0 0 0 3.83e-05 0.0003826 
4050000 4050 1000.0 5644363.305 1656.938 2.794 0 0 0 3.68e-05 0.0003676 
4060000 4060 1000.0 5661180.636 1661.616 2.7952 0 0 0 3.88e-05 0.0003878 
4070000 4070 1000.0 5678288.596 1670.255 2.8001 0 0 0 3.89e-05 0.0003887 
4080000 4080 1000.0 5694832.088 1666.999 2.7994 0 0 0 4e-05 0.0003999 
4090000 4090 1000.0 5711475.196 1665.926 2.7995 0 0 0 3.91e-05 0.0003914 
4100000 4100 1000.0 5728859.489 1679.18 2.7979 0 0 0 3.88e-05 0.0003876 
4110000 4110 1000.0 5744633.313 1659.896 2.7904 0 0 0 3.79e-05 0.0003786 
4120000 4120 1000.0 5761084.219 1657.261 2.7883 0 0 0 3.8e-05 0.0003803 
4130000 4130 1000.0 5777784.685 1659.322 2.7854 0 0 0 3.8e-05 0.0003804 
4140000 4140 1000.0 5794765.485 1665.848 2.7836 0 0 0 3.78e-05 0.0003785 
4150000 4150 1000.0 5811410.839 1665.783 2.7896 0 0 0 3.72e-05 0.0003723 
4160000 4160 1000.0 5826741.661 1641.771 2.7893 0 0 0 4.02e-05 0.0004023 
4170000 4170 1000.0 5843486.213 1647.352 2.7916 0 0 0 3.85e-05 0.0003846 
4180000 4180 1000.0 5860351.892 1654.4 2.7949 0 0 0 3.65e-05 0.0003653 
4190000 4190 1000.0 5876678.743 1650.436 2.8039 0 0 0 3.76e-05 0.0003758 
4200000 4200 1000.0 5892055.518 1628.241 2.8012 0 0 0 3.53e-05 0.000353 
4210000 4210 1000.0 5906697.874 1600.244 2.7978 0 0 0 3.59e-05 0.0003586 
4220000 4220 1000.0 5923134.272 1607.944 2.7986 0 0 0 3.58e-05 0.0003576 
4230000 4230 1000.0 5940717.899 1635.284 2.8038 0 0 0 3.65e-05 0.0003651 
4240000 4240 1000.0 5958517.752 1661.713 2.806 0 0 0 3.65e-05 0.0003653 
4250000 4250 1000.0 5974647.533 1652.945 2.8082 0 0 0 3.6e-05 0.0003596 
4260000 4260 1000.0 5991413.585 1656.772 2.8082 0 0 0 3.66e-05 0.0003658 
4270000 4270 1000.0 6007899.945 1654.776 2.8084 0 0 0 3.5e-05 0.0003501 
4280000 4280 1000.0 6024686.968 1659.883 2.8099 0 0 0 3.41e-05 0.0003408 
4290000 4290 1000.0 6042150.7 1675.539 2.8098 0 0 0 3.55e-05 0.0003552 
4300000 4300 1000.0 6059031.376 1678.302 2.8109 0 0 0 3.43e-05 0.0003426 
4310000 4310 1000.0 6075425.19 1671.168 2.8088 0 0 0 3.2e-05 0.0003197 
4320000 4320 1000.0 6092588.745 1679.602 2.8186 0 0 0 3.26e-05 0.0003257 
4330000 4330 1000.0 6108840.783 1669.992 2.8162 0 0 0 3.27e-05 0.0003267 
4340000 4340 1000.0 6125714.249 1673.061 2.81 0 0 0 3.09e-05 0.0003088 
4350000 4350 1000.0 6143067.204 1683.857 2.8121 0 0 0 3.44e-05 0.0003442 
4360000 4360 1000.0 6160057.824 1687.164 2.8108 0 0 0 3.32e-05 0.0003325 
4370000 4370 1000.0 6177287.123 1693.521 2.8129 0 0 0 3.06e-05 0.0003057 
4380000 4380 1000.0 6194707.576 1702.113 2.8067 0 0 0 3.51e-05 0.0003507 
4390000 4390 1000.0 6211808.634 1704.061 2.8062 0 0 0 2.96e-05 0.0002965 
4400000 4400 1000.0 6228811.054 1703.399 2.806 0 0 0 3.11e-05 0.0003107 
4410000 4410 1000.0 6246272.097 1711.423 2.8016 0 0 0 3.22e-05 0.0003216 
4420000 4420 1000.0 6263158.461 1707.37 2.8058 0 0 0 3.18e-05 0.0003184 
4430000 4430 1000.0 6280069.112 1704.055 2.8122 0 0 0 2.98e-05 0.000298 
4440000 4440 1000.0 6297071.351 1702.821 2.8117 0 0 0 3.07e-05 0.0003067 
4450000 4450 1000.0 6313767.059 1697.254 2.8069 0 0 0 2.86e-05 0.0002861 
4460000 4460 1000.0 6330190.655 1687.304 2.8072 0 0 0 3.17e-05 0.0003169 
4470000 4470 1000.0 6346772.179 1682.461 2.8086 0 0 0 3.18e-05 0.0003181 
4480000 4480 1000.0 6362833.17 1669.335 2.8059 0 0 0 3.12e-05 0.0003122 
4490000 4490 1000.0 6378596.615 1652.222 2.8057 0 0 0 3.19e-05 0.0003194 
4500000 4500 1000.0 6394903.133 1648.88 2.8074 0 0 0 3.12e-05 0.0003123 
4510000 4510 1000.0 6411174.985 1644.563 2.8093 0 0 0 3.06e-05 0.0003059 
4520000 4520 1000.0 6427427.856 1641.564 2.8111 0 0 0 3.01e-05 0.0003005 
4530000 4530 1000.0 6442807.419 1623.76 2.8082 0 0 0 3.51e-05 0.0003511 
4540000 4540 1000.0 6459029.385 1623.157 2.8066 0 0 0 3.37e-05 0.000337 
4550000 4550 1000.0 6475159.938 1621.668 2.803 0 0 0 3.22e-05 0.0003215 
4560000 4560 1000.0 6491265.355 1619.555 2.8098 0 0 0 3.28e-05 0.0003283 
4570000 4570 1000.0 6507521.594 1621.147 2.8087 0 0 0 3.18e-05 0.0003177 
4580000 4580 1000.0 6523088.19 1610.108 2.8112 0 0 0 3.38e-05 0.0003383 
4590000 4590 1000.0 6537977.939 1589.33 2.8092 0 0 0 3.75e-05 0.0003747 
4600000 4600 1000.0 6554534.963 1601.479 2.8079 0 0 0 3.55e-05 0.0003545 
4610000 4610 1000.0 6569665.745 1586.542 2.8033 0 0 0 3.46e-05 0.0003458 
4620000 4620 1000.0 6585218.115 1580.312 2.8041 0 0 0 3.67e-05 0.0003666 
4630000 4630 1000.0 6601337.006 1586.001 2.8009 0 0 0 3.53e-05 0.0003529 
4640000 4640 1000.0 6617789.828 1597.199 2.7996 0 0 0 3.4e-05 0.0003403 
4650000 4650 1000.0 6634486.971 1611.599 2.7962 0 0 0 3.47e-05 0.0003468 
4660000 4660 1000.0 6650898.167 1616.641 2.7929 0 0 0 3.34e-05 0.0003343 
4670000 4670 1000.0 6667846.897 1629.87 2.7959 0 0 0 3.55e-05 0.0003549 
4680000 4680 1000.0 6684823.2 1641.775 2.7942 0 0 0 3.8e-05 0.0003795 
4690000 4690 1000.0 6701126.152 1639.511 2.7926 0 0 0 3.69e-05 0.0003695 
4700000 4700 1000.0 6717607.588 1641.606 2.7906 0 0 0 3.43e-05 0.0003431 
4710000 4710 1000.0 6734713.496 1654.514 2.7945 0 0 0 3.51e-05 0.0003505 
4720000 4720 1000.0 6751436.122 1657.491 2.7972 0 0 0 3.65e-05 0.0003647 
4730000 4730 1000.0 6768176.514 1660.026 2.8091 0 0 0 3.44e-05 0.0003439 
4740000 4740 1000.0 6784448.117 1653.749 2.8078 0 0 0 3.42e-05 0.0003419 
4750000 4750 1000.0 6801063.632 1654.852 2.8121 0 0 0 3.47e-05 0.0003467 
4760000 4760 1000.0 6817562.975 1654.274 2.8091 0 0 0 3.44e-05 0.0003442 
4770000 4770 1000.0 6833819.701 1648.775 2.8089 0 0 0 3.54e-05 0.0003544 
4780000 4780 1000.0 6849808.409 1639.396 2.8068 0 0 0 3.55e-05 0.000355 
4790000 4790 1000.0 6865798.28 1632.187 2.8085 0 0 0 3.4e-05 0.0003396 
4800000 4800 1000.0 6882364.526 1636.89 2.807 0 0 0 3.27e-05 0.0003266 
4810000 4810 1000.0 6899508.488 1651.084 2.8085 0 0 0 3.26e-05 0.000326 
4820000 4820 1000.0 6915805.149 1647.066 2.8073 0 0 0 3.33e-05 0.0003328 
4830000 4830 1000.0 6933290.323 1665.112 2.8091 0 0 0 3.48e-05 0.0003475 
4840000 4840 1000.0 6950779.404 1680.576 2.8083 0 0 0 3.26e-05 0.0003255 
4850000 4850 1000.0 6967613.745 1680.732 2.8056 0 0 0 3.12e-05 0.0003125 
4860000 4860 1000.0 6985007.921 1691.519 2.8075 0 0 0 3.39e-05 0.0003389 
4870000 4870 1000.0 7002054.1 1693.656 2.8023 0 0 0 3.3e-05 0.0003296 
4880000 4880 1000.0 7018800.175 1690.295 2.8069 0 0 0 3.12e-05 0.0003122 
4890000 4890 1000.0 7035915.836 1694.306 2.8074 0 0 0 3.2e-05 0.0003197 
4900000 4900 1000.0 7052286.185 1683.704 2.8019 0 0 0 3.17e-05 0.0003169 
4910000 4910 1000.0 7068542.597 1672.957 2.8023 0 0 0 3.09e-05 0.0003087 
4920000 4920 1000.0 7085323.457 1673.739 2.8057 0 0 0 3.28e-05 0.0003279 
4930000 4930 1000.0 7100971.472 1653.658 2.8093 0 0 0 3.24e-05 0.0003241 
4940000 4940 1000.0 7116284.947 1631.551 2.8172 0 0 0 3.24e-05 0.0003239 
4950000 4950 1000.0 7133814.428 1653.931 2.8163 0 0 0 3.28e-05 0.0003284 
4960000 4960 1000.0 7150590.38 1658.44 2.8133 0 0 0 3.18e-05 0.0003181 
4970000 4970 1000.0 7167138.308 1657.688 2.8155 0 0 0 3.15e-05 0.0003154 
4980000 4980 1000.0 7183958.339 1662.3 2.8148 0 0 0 3.13e-05 0.0003132 
4990000 4990 1000.0 7200934.085 1668.834 2.8171 0 0 0 3.09e-05 0.0003093 
5000000 5000 1000.0 7217847.075 1672.583 2.8135 0 0 0 3.04e-05 0.0003038 
5010000 5010 1000.0 7234628.343 1673.221 2.8107 0 0 0 3.26e-05 0.000326 
5020000 5020 1000.0 7251996.165 1684.808 2.8118 0 0 0 2.98e-05 0.0002982 
5030000 5030 1000.0 7269159.551 1691.029 2.8087 0 0 0 3.16e-05 0.0003161 
5040000 5040 1000.0 7286040.267 1690.945 2.8073 0 0 0 3.07e-05 0.0003072 
5050000 5050 1000.0 7303159.355 1694.239 2.8048 0 0 0 2.97e-05 0.0002971 
5060000 5060 1000.0 7320104.903 1694.11 2.8064 0 0 0 3.05e-05 0.000305 
5070000 5070 1000.0 7336206.279 1678.788 2.8135 0 0 0 2.91e-05 0.0002913 
5080000 5080 1000.0 7353365.851 1685.113 2.8082 0 0 0 3.03e-05 0.0003027 
5090000 5090 1000.0 7369736.472 1676.552 2.808 0 0 0 2.95e-05 0.0002949 
5100000 5100 1000.0 7386461.387 1675.614 2.8067 0 0 0 3e-05 0.0003002 
5110000 5110 1000.0 7403716.367 1684.708 2.8075 0 0 0 2.92e-05 0.0002918 
5120000 5120 1000.0 7421196.036 1696.135 2.8038 0 0 0 2.89e-05 0.000289 
5130000 5130 1000.0 7438057.338 1693.955 2.8039 0 0 0 2.86e-05 0.0002857 
5140000 5140 1000.0 7454966.239 1693.36 2.8098 0 0 0 2.93e-05 0.0002927 
5150000 5150 1000.0 7471867.612 1692.836 2.8085 0 0 0 2.82e-05 0.0002825 
5160000 5160 1000.0 7489360.884 1702.736 2.8149 0 0 0 2.76e-05 0.0002761 
5170000 5170 1000.0 7506616.622 1706.836 2.8109 0 0 0 2.67e-05 0.0002672 
5180000 5180 1000.0 7523501.095 1704.083 2.8108 0 0 0 2.8e-05 0.0002801 
5190000 5190 1000.0 7540386.043 1701.137 2.8162 0 0 0 2.72e-05 0.000272 
5200000 5200 1000.0 7557326.334 1699.491 2.814 0 0 0 2.71e-05 0.0002707 
5210000 5210 1000.0 7574231.872 1697.933 2.8153 0 0 0 2.76e-05 0.0002759 
5220000 5220 1000.0 7591382.969 1701.041 2.8218 0 0 0 2.67e-05 0.0002674 
5230000 5230 1000.0 7607906.938 1692.364 2.8142 0 0 0 2.92e-05 0.0002923 
5240000 5240 1000.0 7624940.05 1694.266 2.8141 0 0 0 2.72e-05 0.0002724 
5250000 5250 1000.0 7642330.405 1702.688 2.8177 0 0 0 2.75e-05 0.0002749 
5260000 5260 1000.0 7659967.706 1713.756 2.8163 0 0 0 2.64e-05 0.0002643 
5270000 5270 1000.0 7677332.202 1717.78 2.8171 0 0 0 2.83e-05 0.0002833 
5280000 5280 1000.0 7695415.525 1734.459 2.8161 0 0 0 2.66e-05 0.0002662 
5290000 5290 1000.0 7712706.798 1733.308 2.8185 0 0 0 2.67e-05 0.0002673 
5300000 5300 1000.0 7730248.251 1737.184 2.8231 0 0 0 2.61e-05 0.0002612 
5310000 5310 1000.0 7747892.256 1742.106 2.8213 0 0 0 2.67e-05 0.000267 
5320000 5320 1000.0 7765688.46 1749.148 2.8211 0 0 0 2.62e-05 0.0002622 
5330000 5330 1000.0 7782588.888 1738.03 2.8181 0 0 0 2.72e-05 0.0002724 
5340000 5340 1000.0 7799702.314 1732.654 2.8171 0 0 0 2.7e-05 0.0002705 
5350000 5350 1000.0 7817178.008 1735.347 2.8162 0 0 0 2.8e-05 0.0002797 
5360000 5360 1000.0 7832794.806 1703.767 2.8132 0 0 0 3.12e-05 0.0003121 
5370000 5370 1000.0 7849071.009 1689.597 2.8126 0 0 0 2.84e-05 0.0002836 
5380000 5380 1000.0 7866103.481 1692.314 2.8073 0 0 0 3.18e-05 0.0003182 
5390000 5390 1000.0 7881906.491 1670.21 2.8085 0 0 0 3.42e-05 0.0003421 
5400000 5400 1000.0 7899493.209 1686.739 2.8049 0 0 0 3.59e-05 0.0003588 
5410000 5410 1000.0 7917083.385 1699.549 2.7989 0 0 0 3.3e-05 0.0003299 
5420000 5420 1000.0 7933535.53 1689.581 2.8053 0 0 0 3.15e-05 0.0003146 
5430000 5430 1000.0 7951540.992 1709.834 2.8006 0 0 0 3.22e-05 0.0003219 
5440000 5440 1000.0 7968800.222 1712.721 2.802 0 0 0 3.18e-05 0.0003178 
5450000 5450 1000.0 7986189.756 1717.552 2.8015 0 0 0 3.25e-05 0.0003251 
5460000 5460 1000.0 8003607.203 1721.733 2.797 0 0 0 3.26e-05 0.0003258 
5470000 5470 1000.0 8021303.348 1730.248 2.7951 0 0 0 3.43e-05 0.0003426 
5480000 5480 1000.0 8038224.135 1723.488 3.9691 0 0 0 3.09e-05 0.0003088 
5490000 5490 1000.0 8056044.527 1734.17 3.7524 0 0 0 3.31e-05 0.0003307 
5500000 5500 1000.0 8074199.6 1748.742 3.6552 0 0 0 3.43e-05 0.0003426 
5510000 5510 1000.0 8091773.872 1750.536 5.5982 0 0 0 3.45e-05 0.0003449 
5520000 5520 1000.0 8109176.159 1748.91 8.6907 0 0 0 3.36e-05 0.0003355 
5530000 5530 1000.0 8127022.043 1755.474 10.6379 0 0 0 3.57e-05 0.0003572 
5540000 5540 1000.0 8144831.972 1760.036 12.2657 0 0 0 3.66e-05 0.0003658 
5550000 5550 1000.0 8162636.303 1763.548 13.5914 0 0 0 3.67e-05 0.0003674 
5560000 5560 1000.0 8180094.915 1760.248 14.6372 0 0 0 3.2e-05 0.0003196 
5570000 5570 1000.0 8197860.865 1763.179 15.5788 0 0 0 3.29e-05 0.0003294 
5580000 5580 1000.0 8215783.808 1769.094 16.3177 0 0 0 3.24e-05 0.000324 
5590000 5590 1000.0 8233992.209 1778.74 16.9676 0 0 0 3.1e-05 0.0003099 
5600000 5600 1000.0 8252465.141 1790.984 17.4684 0 0 0 2.86e-05 0.0002858 
5610000 5610 1000.0 8270669.324 1796.274 17.9219 0 0 0 2.98e-05 0.0002978 
5620000 5620 1000.0 8289042.178 1803.592 18.2742 0 0 0 3.07e-05 0.0003067 
5630000 5630 1000.0 8306839.813 1799.188 16.5034 0 0 0 3.12e-05 0.0003115 
5640000 5640 1000.0 8324895.101 1800.667 13.9921 0 0 0 2.94e-05 0.0002943 
5650000 5650 1000.0 8343022.455 1802.961 11.9537 0 0 0 3.05e-05 0.0003048 
5660000 5660 1000.0 8360990.326 1801.673 10.5358 0 0 0 3.13e-05 0.0003132 
5670000 5670 1000.0 8378312.321 1789.439 12.139 0 0 0 2.92e-05 0.0002924 
5680000 5680 1000.0 8396412.107 1793.454 13.4883 0 0 0 3.06e-05 0.0003058 
5690000 5690 1000.0 8414859.194 1803.207 14.6402 0 0 0 2.89e-05 0.0002894 
5700000 5700 1000.0 8432508.855 1796.347 15.539 0 0 0 3.01e-05 0.0003007 
5710000 5710 1000.0 8448746.179 1764.044 16.2706 0 0 0 3.02e-05 0.0003022 
5720000 5720 1000.0 8467163.206 1778.326 16.9148 0 0 0 3e-05 0.0002999 
5730000 5730 1000.0 8484732.726 1774.063 17.4217 0 0 0 3.21e-05 0.0003215 
5740000 5740 1000.0 8502102.466 1766.673 17.8453 0 0 0 3.42e-05 0.0003415 
5750000 5750 1000.0 8519695.278 1765.489 18.1007 0 0 0 3.09e-05 0.0003091 
5760000 5760 1000.0 8536958.34 1757.47 18.287 0 0 0 3.31e-05 0.0003307 
5770000 5770 1000.0 8553871.798 1744.749 18.4736 0 0 0 3.22e-05 0.0003223 
5780000 5780 1000.0 8570523.551 1731.39 18.579 0 0 0 3.33e-05 0.0003326 
5790000 5790 1000.0 8587569.317 1728.075 18.561 0 0 0 3.52e-05 0.0003522 
5800000 5800 1000.0 8604888.647 1730.289 18.4657 0 0 0 3.6e-05 0.0003598 
5810000 5810 1000.0 8622521.626 1736.467 18.4174 0 0 0 3.49e-05 0.0003495 
5820000 5820 1000.0 8640479.135 1747.368 18.3938 0 0 0 3.63e-05 0.0003632 
5830000 5830 1000.0 8658033.757 1749.19 18.3795 0 0 0 3.64e-05 0.0003638 
5840000 5840 1000.0 8674152.907 1725.676 18.3591 0 0 0 3.54e-05 0.0003537 
5850000 5850 1000.0 8692205.582 1740.126 18.3118 0 0 0 3.55e-05 0.0003548 
5860000 5860 1000.0 8710033.294 1747.928 18.2865 0 0 0 3.48e-05 0.0003481 
5870000 5870 1000.0 8728130.304 1759.41 18.2344 0 0 0 3.78e-05 0.0003776 
5880000 5880 1000.0 8746319.206 1769.81 18.1756 0 0 0 3.32e-05 0.0003322 
5890000 5890 1000.0 8764787.491 1783.616 18.1618 0 0 0 3.46e-05 0.0003462 
5900000 5900 1000.0 8783108.281 1792.584 18.1199 0 0 0 3.46e-05 0.0003456 
5910000 5910 1000.0 8801632.494 1803.605 18.0485 0 0 0 3.45e-05 0.0003446 
5920000 5920 1000.0 8820418.683 1817.173 17.9908 0 0 0 3.62e-05 0.0003623 
5930000 5930 1000.0 8839188.034 1828.069 18.0004 0 0 0 3.21e-05 0.0003213 
5940000 5940 1000.0 8858184.123 1841.097 17.957 0 0 0 3.21e-05 0.0003206 
5950000 5950 1000.0 8877093.575 1850.358 17.9632 0 0 0 3.39e-05 0.0003386 
5960000 5960 1000.0 8894497.925 1832.783 17.9805 0 0 0 3.39e-05 0.0003388 
5970000 5970 1000.0 8913181.817 1839.502 17.9927 0 0 0 3.37e-05 0.0003368 
5980000 5980 1000.0 8932101.474 1849.289 17.9952 0 0 0 3.46e-05 0.0003457 
5990000 5990 1000.0 8950680.489 1851.053 18.0101 0 0 0 3.33e-05 0.0003332 
6000000 6000 1000.0 8969426.271 1855.34 18.0179 0 0 0 3.07e-05 0.0003067 
