0 0 0.0 0.0 0.0 0.0 0 0 0 0.0 0.0 
10000 15 163.254 -8.0 -0.143 0.3332 0 0 0 0.0 0.0 
20000 35 278.156 -18.0 -0.269 0.5855 0 0 0 0.0 0.0 
30000 46 390.51 -18.0 -0.213 1.5758 0 0 0 0.0006484 6.48e-05 
40000 62 454.41 -22.0 -0.225 2.2735 0 0 0 0.000733 7.33e-05 
50000 72 554.213 -22.0 -0.184 3.0444 0 0 0 0.0007007 7.01e-05 
60000 85 599.383 -26.0 -0.215 3.4826 0 0 0 0.0006574 6.57e-05 
70000 95 672.666 -26.0 -0.175 4.0332 0 0 0 0.0006216 6.22e-05 
80000 105 732.545 -26.0 -0.143 4.4999 0 0 0 0.0005942 5.94e-05 
90000 173 332.693 -76.0 -0.552 2.119 0 0 0 0.0006464 6.46e-05 
100000 183 454.761 -76.0 -0.451 2.9206 0 0 0 0.0007039 7.04e-05 
110000 194 547.5 -79.0 -0.413 3.5435 0 0 0 0.0007499 7.5e-05 
120000 205 607.113 -80.0 -0.348 3.9508 0 0 0 0.0007711 7.71e-05 
130000 216 665.099 -78.0 -0.243 4.3166 0 0 0 0.0008321 8.32e-05 
140000 227 717.703 -77.0 -0.176 4.6737 0 0 0 0.0008643 8.64e-05 
150000 238 752.247 -78.0 -0.159 4.9048 0 0 0 0.0008447 8.45e-05 
160000 249 793.512 -79.0 -0.144 5.1738 0 0 0 0.0008928 8.93e-05 
170000 259 831.285 -79.0 -0.118 5.4317 0 0 0 0.0008783 8.78e-05 
180000 269 862.147 -79.0 -0.096 5.6274 0 0 0 0.0009427 9.43e-05 
190000 279 886.502 -78.0 -0.059 5.794 0 0 0 0.0009438 9.44e-05 
200000 306 653.654 -93.0 -0.269 4.2864 0 0 0 0.0010085 0.0001008 
210000 317 712.797 -92.0 -0.196 4.6581 0 0 0 0.0009451 9.45e-05 
220000 327 765.334 -92.0 -0.16 5.013 0 0 0 0.0008971 8.97e-05 
230000 343 717.151 -97.0 -0.201 4.7234 0 0 0 0.0009313 9.31e-05 
240000 354 768.375 -96.0 -0.142 5.0457 0 0 0 0.0008935 8.94e-05 
250000 367 764.038 -93.0 -0.054 5.0406 0 0 0 0.0009187 9.19e-05 
260000 377 799.632 -92.0 -0.028 5.2878 0 0 0 0.0009109 9.11e-05 
270000 390 797.93 -90.0 0.015 5.2752 0 0 0 0.0009268 9.27e-05 
280000 405 765.093 -91.0 -0.016 5.0722 0 0 0 0.0009646 9.65e-05 
290000 424 685.954 -97.0 -0.113 4.5468 0 0 0 0.0009527 9.53e-05 
300000 444 620.823 -98.0 -0.074 4.1259 0 0 0 0.0009606 9.61e-05 
310000 455 672.574 -98.0 -0.058 4.4859 0 0 0 0.0009398 9.4e-05 
320000 466 724.586 -100.0 -0.081 4.8116 0 0 0 0.0009459 9.46e-05 
330000 485 670.31 -108.0 -0.191 4.4569 0 0 0 0.0009287 9.29e-05 
340000 497 697.883 -110.0 -0.187 4.658 0 0 0 0.000929 9.29e-05 
350000 512 684.059 -118.0 -0.282 4.5437 0 0 0 0.0009265 9.27e-05 
360000 532 636.75 -124.0 -0.292 4.2362 0 0 0 0.0009316 9.32e-05 
370000 551 582.997 -136.0 -0.409 3.8869 0 0 0 0.0009227 9.23e-05 
380000 574 543.818 -142.0 -0.344 3.6209 0 0 0 0.0009119 9.12e-05 
390000 585 607.855 -143.0 -0.292 4.0632 0 0 0 0.0008956 8.96e-05 
400000 597 658.333 -146.0 -0.283 4.3942 0 0 0 0.0008775 8.78e-05 
410000 608 718.151 -148.0 -0.26 4.7833 0 0 0 0.0009481 9.48e-05 
420000 618 769.708 -148.0 -0.213 5.1285 0 0 0 0.0009757 9.76e-05 
430000 635 707.167 -154.0 -0.266 4.7031 0 0 0 0.0009754 9.75e-05 
440000 647 739.132 -156.0 -0.245 4.9188 0 0 0 0.0009594 9.59e-05 
450000 677 530.339 -170.0 -0.368 3.533 0 0 0 0.0009647 9.65e-05 
460000 728 316.141 -175.0 -0.207 2.1044 0 0 0 0.0009476 9.48e-05 
470000 771 263.539 -182.0 -0.208 1.7648 0 0 0 0.0009192 9.19e-05 
480000 826 222.009 -179.0 0.048 1.504 0 0 0 0.00093 9.3e-05 
490000 862 244.368 -155.0 0.367 1.6461 0 0 0 0.0008895 8.89e-05 
500000 898 259.377 -143.0 0.301 1.7511 0 0 0 0.0008734 8.73e-05 
510000 953 200.414 -116.0 0.419 1.365 0 0 0 0.0008561 8.56e-05 
520000 1004 205.617 -83.0 0.519 1.3824 0 0 0 0.0008405 8.4e-05 
530000 1047 229.197 -79.0 0.234 1.5465 0 0 0 0.0008484 8.48e-05 
540000 1072 299.904 -88.0 0.008 2.0247 0 0 0 0.0008257 8.26e-05 
550000 1102 311.276 -85.0 0.058 2.0914 0 0 0 0.000819 8.19e-05 
560000 1150 255.056 -81.0 0.117 1.7251 0 0 0 0.0007963 7.96e-05 
570000 1181 281.527 -72.0 0.207 1.908 0 0 0 0.000792 7.92e-05 
580000 1200 354.857 -61.0 0.323 2.3946 0 0 0 0.0007811 7.81e-05 
590000 1222 393.975 -51.0 0.383 2.6682 0 0 0 0.0007749 7.75e-05 
600000 1285 222.92 7.0 0.778 1.5171 0 0 0 0.0007534 7.53e-05 
610000 1385 116.745 98.0 0.893 0.7888 0 0 0 0.0007418 7.42e-05 
620000 1481 108.328 188.0 0.928 0.7413 0 0 0 0.0007121 7.12e-05 
630000 1622 68.197 326.0 0.959 0.4721 0 0 0 0.0007001 7e-05 
640000 1775 69.384 479.0 0.998 0.4728 0 0 0 0.0006817 6.82e-05 
650000 1877 93.468 577.0 0.984 0.6391 0 0 0 0.000673 6.73e-05 
660000 2047 69.651 744.0 0.984 0.4827 0 0 0 0.0006825 6.82e-05 
670000 2248 52.865 945.0 1.0 0.3625 0 0 0 0.0006771 6.77e-05 
680000 2434 52.595 1131.0 1.0 0.364 0 0 0 0.0006782 6.78e-05 
690000 2594 54.101 1288.0 0.982 0.3768 0 0 0 0.0006718 6.72e-05 
700000 2755 49.821 1445.0 0.965 0.3415 0 0 0 0.0006875 6.88e-05 
710000 2898 65.972 1586.0 0.974 0.4565 0 0 0 0.0006894 6.89e-05 
720000 3076 65.098 1764.0 0.999 0.4483 0 0 0 0.0006857 6.86e-05 
730000 3159 119.151 1845.0 0.972 0.8047 0 0 0 0.0006898 6.9e-05 
740000 3236 109.574 1918.0 0.962 0.7448 0 0 0 0.0006607 6.61e-05 
750000 3316 103.462 1995.0 0.975 0.7007 0 0 0 0.0006675 6.68e-05 
760000 3518 39.553 2192.0 0.993 0.2747 0 0 0 0.0006551 6.55e-05 
770000 3779 37.17 2441.0 0.93 0.2617 0 0 0 0.0006507 6.51e-05 
780000 4028 38.275 2686.0 0.992 0.271 0 0 0 0.0006257 6.26e-05 
790000 4275 38.797 2929.0 0.997 0.266 0 0 0 0.00061 6.1e-05 
800000 4498 45.347 3140.0 0.968 0.3148 0 0 0 0.0005786 5.79e-05 
810000 4737 42.295 3375.0 0.971 0.3014 0 0 0 0.000566 5.66e-05 
820000 4966 42.994 3600.0 0.99 0.2971 0 0 0 0.0005545 5.55e-05 
830000 5230 36.836 3862.0 0.999 0.2576 0 0 0 0.000534 5.34e-05 
840000 5469 42.657 4099.0 0.987 0.3031 0 0 0 0.00052 5.2e-05 
850000 5718 38.214 4348.0 1.0 0.2636 0 0 0 0.0005085 5.08e-05 
860000 5972 36.611 4598.0 0.998 0.2561 0 0 0 0.0004828 4.83e-05 
870000 6235 36.849 4861.0 1.0 0.2634 0 0 0 0.0004644 4.64e-05 
880000 6484 41.075 5104.0 0.987 0.2836 0 0 0 0.0004618 4.62e-05 
890000 6714 51.403 5333.0 0.993 0.3533 0 0 0 0.0004539 4.54e-05 
900000 6947 38.665 5564.0 0.993 0.2747 0 0 0 0.0004566 4.57e-05 
910000 7191 37.761 5807.0 1.0 0.2579 0 0 0 0.0004409 4.41e-05 
920000 7418 42.139 6028.0 0.976 0.291 0 0 0 0.000416 4.16e-05 
930000 7658 40.165 6264.0 0.986 0.2867 0 0 0 0.0004117 4.12e-05 
940000 7905 40.029 6503.0 0.996 0.274 0 0 0 0.000407 4.07e-05 
950000 8146 42.389 6742.0 0.999 0.2953 0 0 0 0.0003943 3.94e-05 
960000 8374 39.073 6969.0 1.0 0.2776 0 0 0 0.0003872 3.87e-05 
970000 8631 35.876 7224.0 0.998 0.2489 0 0 0 0.0003921 3.92e-05 
980000 8854 55.177 7443.0 0.973 0.3777 0 0 0 0.0003769 3.77e-05 
990000 9101 40.228 7690.0 1.0 0.2838 0 0 0 0.0003842 3.84e-05 
