10000 10 182.927 -15147.771 -277.137 0.1944 0 0 0 0.0 0.0 
20000 20 332.392 -30183.549 -501.267 0.3533 0 0 0 0.0 0.0 
30000 30 454.516 -43607.771 -654.492 3.604 0 0 0 0.0002171 0.0021713 
40000 40 554.3 -57566.897 -790.022 6.2644 0 0 0 0.0001497 0.001497 
50000 50 635.83 -69549.261 -864.757 8.4078 0 0 0 0.0001604 0.0016036 
60000 60 702.447 -82679.44 -945.336 10.2203 0 0 0 0.000202 0.0020202 
70000 70 756.877 -89934.951 -904.926 11.7036 0 0 0 0.0002334 0.0023338 
80000 80 801.351 -104241.613 -1003.103 12.8926 0 0 0 0.0002271 0.0022713 
90000 90 837.689 -115940.121 -1031.652 13.8505 0 0 0 0.0002382 0.0023825 
100000 100 867.38 -126536.186 -1035.588 14.6695 0 0 0 0.0002494 0.002494 
110000 110 891.64 -138893.099 -1070.901 15.3161 0 0 0 0.0002646 0.0026458 
120000 120 911.462 -143063.437 -949.637 15.8158 0 0 0 0.000282 0.0028202 
130000 130 927.658 -144778.758 -807.284 16.2627 0 0 0 0.0003081 0.003081 
140000 140 940.891 -147178.833 -703.935 16.6149 0 0 0 0.0003199 0.0031989 
150000 150 951.704 -147846.369 -587.16 16.893 0 0 0 0.0003237 0.0032368 
160000 160 960.539 -147698.509 -477.006 17.0835 0 0 0 0.0003392 0.003392 
170000 170 967.757 -146687.26 -370.509 18.0841 0 0 0 0.0003484 0.0034844 
180000 180 973.655 -145232.968 -276.479 18.3681 0 0 0 0.0003316 0.0033157 
190000 190 978.474 -142472.262 -175.116 18.6352 0 0 0 0.000334 0.0033402 
200000 200 982.412 -141424.208 -124.218 18.8677 0 0 0 0.0003201 0.0032007 
210000 210 985.629 -138224.063 -42.835 18.9833 0 0 0 0.0002797 0.0027974 
220000 220 988.258 -134076.373 40.699 19.1485 0 0 0 0.0002469 0.0024693 
230000 230 990.406 -130234.109 103.376 19.2713 0 0 0 0.0001992 0.0019921 
240000 240 992.161 -125191.882 177.189 19.3563 0 0 0 0.0001821 0.0018208 
250000 250 993.595 -120283.108 235.077 17.9152 0 0 0 0.0001833 0.0018335 
260000 260 994.767 -114798.052 292.29 15.9651 0 0 0 0.0001574 0.001574 
270000 270 995.724 -109439.345 336.759 14.2785 0 0 0 0.0001304 0.0013042 
280000 280 996.506 -104284.835 369.33 12.9066 0 0 0 0.0001099 0.0010991 
290000 290 997.145 -98426.596 409.493 11.7851 0 0 0 0.0001046 0.0010455 
300000 300 997.667 -92928.928 434.928 10.842 0 0 0 9.71e-05 0.0009706 
310000 310 998.094 -86821.428 466.942 10.0956 0 0 0 9.53e-05 0.0009534 
320000 320 998.443 -81730.698 474.368 9.5733 0 0 0 8.7e-05 0.0008697 
330000 330 998.728 -77091.936 473.012 9.0818 0 0 0 8.29e-05 0.0008291 
340000 340 998.96 -71376.577 490.938 8.7067 0 0 0 7.62e-05 0.0007625 
350000 350 999.151 -66520.653 489.84 8.8746 0 0 0 7.14e-05 0.0007142 
360000 360 999.306 -62538.119 474.622 9.4815 0 0 0 6.98e-05 0.0006982 
370000 370 999.433 -57396.761 480.343 9.9538 0 0 0 6.42e-05 0.0006415 
380000 380 999.537 -51072.685 507.78 10.3036 0 0 0 6.11e-05 0.0006108 
390000 390 999.621 -44880.587 528.472 10.5986 0 0 0 5.34e-05 0.0005342 
400000 400 999.691 -38077.387 556.274 10.8687 0 0 0 5.66e-05 0.0005659 
410000 410 999.747 -31527.545 574.307 11.1205 0 0 0 5.14e-05 0.0005138 
420000 420 999.793 -25064.576 586.785 11.2946 0 0 0 4.77e-05 0.0004774 
