10000 10 182.927 -14019.838 -256.569 0.188 0 0 0 0.0 0.0 
20000 20 332.392 -28057.778 -466.696 0.3396 0 0 0 0.0 0.0 
30000 30 454.516 -40858.207 -615.316 2.0881 0 0 0 0.0001375 0.0013751 
40000 40 554.3 -54100.202 -745.068 3.5168 0 0 0 0.0001094 0.001094 
50000 50 635.83 -66244.512 -829.468 4.6908 0 0 0 0.0001132 0.0011316 
60000 60 702.447 -74434.324 -826.375 5.6274 0 0 0 0.000137 0.00137 
70000 70 756.877 -83794.44 -846.405 6.4278 0 0 0 0.0001521 0.0015211 
80000 80 801.351 -92418.557 -850.622 7.0531 0 0 0 0.0001572 0.0015719 
90000 90 837.689 -96324.35 -763.696 7.573 0 0 0 0.0001623 0.001623 
100000 100 867.38 -97633.875 -650.079 8.0005 0 0 0 0.0001591 0.0015913 
110000 110 891.64 -99091.887 -556.988 8.3519 0 0 0 0.0001586 0.0015862 
120000 120 911.462 -100645.884 -479.148 8.6377 0 0 0 0.0001476 0.0014762 
130000 130 927.658 -103122.888 -437.905 8.8685 0 0 0 0.0001545 0.0015449 
140000 140 940.891 -102426.273 -341.785 9.0742 0 0 0 0.0001547 0.0015469 
150000 150 951.704 -100175.161 -237.576 9.2237 0 0 0 0.0001474 0.001474 
160000 160 960.539 -96467.175 -126.712 9.3645 0 0 0 0.0001459 0.0014589 
170000 170 967.757 -91595.129 -14.354 9.4795 0 0 0 0.0001448 0.0014483 
180000 180 973.655 -86606.49 79.724 9.0305 0 0 0 0.0001391 0.0013913 
190000 190 978.474 -81802.336 152.664 8.6488 0 0 0 0.0001327 0.0013267 
200000 200 982.412 -76879.264 214.677 8.3422 0 0 0 0.0001236 0.0012359 
210000 210 985.629 -71737.508 269.531 8.0349 0 0 0 0.0001115 0.0011149 
220000 220 988.258 -66303.794 319.572 7.7396 0 0 0 9.75e-05 0.0009746 
230000 230 990.406 -60683.51 364.446 7.8344 0 0 0 8.2e-05 0.00082 
240000 240 992.161 -54243.028 415.561 8.5052 0 0 0 6.92e-05 0.0006917 
250000 250 993.595 -48229.505 449.301 8.2034 0 0 0 5.97e-05 0.0005969 
260000 260 994.767 -42882.09 465.324 7.9902 0 0 0 5.05e-05 0.0005053 
270000 270 995.724 -37272.024 482.822 7.8674 0 0 0 4.12e-05 0.0004123 
280000 280 996.506 -31891.452 492.547 7.6239 0 0 0 3.34e-05 0.0003336 
290000 290 997.145 -26418.347 502.562 7.3742 0 0 0 3.37e-05 0.0003368 
300000 300 997.667 -19142.421 544.039 7.6155 0 0 0 3.63e-05 0.0003626 
310000 310 998.094 -11563.876 582.387 8.5357 0 0 0 3.44e-05 0.0003436 
320000 320 998.443 -4460.152 605.208 9.9709 0 0 0 3.4e-05 0.0003395 
330000 330 998.728 2002.289 612.921 11.1446 0 0 0 3.51e-05 0.0003505 
340000 340 998.96 7624.995 603.071 12.103 0 0 0 3.51e-05 0.0003508 
350000 350 999.151 14185.275 614.374 13.7007 0 0 0 3.31e-05 0.0003305 
360000 360 999.306 23061.316 664.428 14.3247 0 0 0 3.32e-05 0.0003322 
370000 370 999.433 30927.598 686.782 14.8805 0 0 0 3.45e-05 0.000345 
380000 380 999.537 39441.781 717.245 15.2708 0 0 0 3.26e-05 0.0003263 
390000 390 999.621 47410.293 731.254 15.6337 0 0 0 3.34e-05 0.0003336 
400000 400 999.691 56256.236 759.949 15.9253 0 0 0 3.67e-05 0.0003668 
410000 410 999.747 64308.656 767.629 16.1552 0 0 0 3.57e-05 0.0003566 
420000 420 999.793 71313.641 755.583 16.3117 0 0 0 3.79e-05 0.0003792 
430000 430 999.831 74216.67 676.488 16.4867 0 0 0 5.53e-05 0.0005534 
440000 440 999.862 84692.992 744.274 16.6394 0 0 0 5.12e-05 0.0005121 
450000 450 999.887 95555.224 806.369 16.7182 0 0 0 4.86e-05 0.0004857 
460000 460 999.908 106232.19 854.396 16.8057 0 0 0 4.59e-05 0.0004593 
470000 470 999.925 117127.874 897.659 16.8808 0 0 0 4.44e-05 0.0004445 
480000 480 999.939 128255.202 937.36 16.7323 0 0 0 4.58e-05 0.0004582 
490000 490 999.95 139108.837 963.976 17.2384 0 0 0 4.18e-05 0.0004176 
500000 500 999.959 150914.498 1004.425 17.6421 0 0 0 3.79e-05 0.0003792 
510000 510 999.966 163092.716 1043.493 17.9425 0 0 0 3.57e-05 0.0003566 
520000 520 999.973 171199.488 1000.662 18.2373 0 0 0 3.37e-05 0.0003367 
530000 530 999.978 182242.594 1020.281 18.477 0 0 0 3.09e-05 0.0003088 
540000 540 999.982 194232.508 1052.908 18.6725 0 0 0 2.67e-05 0.0002674 
550000 550 999.985 206633.853 1087.415 18.8546 0 0 0 3.06e-05 0.0003065 
560000 560 999.988 218852.799 1112.015 18.9472 0 0 0 3.05e-05 0.0003053 
570000 570 999.99 230162.06 1115.049 19.005 0 0 0 2.64e-05 0.000264 
580000 580 999.992 241600.121 1120.819 18.96 0 0 0 2.52e-05 0.0002521 
590000 590 999.993 253013.222 1125.007 18.8895 0 0 0 2.6e-05 0.0002596 
600000 600 999.995 262157.376 1087.348 18.9032 0 0 0 2.35e-05 0.0002354 
610000 610 999.996 273966.847 1104.753 18.8497 0 0 0 2.09e-05 0.0002092 
620000 620 999.996 286094.922 1125.018 18.8188 0 0 0 1.88e-05 0.0001878 
630000 630 999.997 298129.572 1139.603 18.7847 0 0 0 1.68e-05 0.0001676 
640000 640 999.998 309721.606 1143.114 18.7568 0 0 0 1.62e-05 0.0001622 
650000 650 999.998 321215.197 1144.227 17.7385 0 0 0 1.62e-05 0.0001619 
660000 660 999.998 333217.052 1154.77 15.7845 0 0 0 1.62e-05 0.0001625 
670000 670 999.999 345204.678 1162.881 14.1526 0 0 0 1.6e-05 0.0001597 
680000 680 999.999 357620.518 1177.715 12.8407 0 0 0 1.57e-05 0.0001568 
690000 690 999.999 369542.011 1179.901 11.7223 0 0 0 1.65e-05 0.0001655 
700000 700 999.999 381117.45 1175.607 10.7431 0 0 0 1.93e-05 0.0001932 
710000 710 999.999 393003.741 1178.203 9.9487 0 0 0 1.69e-05 0.0001693 
720000 720 1000.0 404680.555 1176.075 9.351 0 0 0 1.79e-05 0.000179 
730000 730 1000.0 416729.349 1181.257 9.8584 0 0 0 1.76e-05 0.0001757 
740000 740 1000.0 429567.119 1199.868 10.5421 0 0 0 1.75e-05 0.0001751 
750000 750 1000.0 442715.971 1221.013 11.1196 0 0 0 1.82e-05 0.0001817 
760000 760 1000.0 456345.538 1246.992 12.1226 0 0 0 1.78e-05 0.0001775 
770000 770 1000.0 469034.3 1250.643 13.0067 0 0 0 1.79e-05 0.0001793 
780000 780 1000.0 482715.636 1272.196 13.6391 0 0 0 1.8e-05 0.0001796 
790000 790 1000.0 495725.107 1277.093 14.2004 0 0 0 1.8e-05 0.0001802 
800000 800 1000.0 506056.764 1233.207 14.631 0 0 0 1.84e-05 0.0001839 
810000 810 1000.0 518278.656 1231.846 14.9626 0 0 0 1.91e-05 0.0001908 
820000 820 1000.0 530576.219 1232.416 15.2166 0 0 0 2.01e-05 0.0002014 
830000 830 1000.0 544368.759 1259.936 15.5124 0 0 0 1.92e-05 0.0001919 
840000 840 1000.0 558191.643 1282.365 15.6704 0 0 0 1.88e-05 0.0001879 
850000 850 1000.0 571960.97 1299.575 15.843 0 0 0 2.02e-05 0.000202 
860000 860 1000.0 586100.166 1320.833 15.6758 0 0 0 1.92e-05 0.0001924 
870000 870 1000.0 599808.058 1330.195 15.5603 0 0 0 1.91e-05 0.0001907 
880000 880 1000.0 613707.822 1341.024 16.1902 0 0 0 1.92e-05 0.0001925 
890000 890 1000.0 627788.861 1353.7 16.7514 0 0 0 1.97e-05 0.0001967 
900000 900 1000.0 642210.814 1369.995 17.0926 0 0 0 1.77e-05 0.0001765 
910000 910 1000.0 656469.505 1380.143 17.4121 0 0 0 1.86e-05 0.0001857 
920000 920 1000.0 671292.439 1399.073 17.6672 0 0 0 1.77e-05 0.0001773 
930000 930 1000.0 685788.523 1408.086 17.8343 0 0 0 1.89e-05 0.0001887 
940000 940 1000.0 699717.682 1405.18 17.9871 0 0 0 1.86e-05 0.0001856 
950000 950 1000.0 713416.99 1399.346 18.1047 0 0 0 1.83e-05 0.0001828 
960000 960 1000.0 727570.972 1402.35 17.9293 0 0 0 1.86e-05 0.0001859 
970000 970 1000.0 742291.634 1415.178 17.5957 0 0 0 1.82e-05 0.0001823 
980000 980 1000.0 756495.821 1416.052 17.4206 0 0 0 1.83e-05 0.0001826 
990000 990 1000.0 771274.507 1427.005 17.2483 0 0 0 1.7e-05 0.0001696 
1000000 1000 1000.0 785769.326 1431.698 17.1867 0 0 0 1.78e-05 0.0001781 
1010000 1010 1000.0 800501.942 1439.135 17.0176 0 0 0 1.8e-05 0.0001799 
1020000 1020 1000.0 815329.924 1446.797 16.9295 0 0 0 1.77e-05 0.000177 
1030000 1030 1000.0 830356.448 1457.159 16.8753 0 0 0 1.98e-05 0.0001979 
1040000 1040 1000.0 845459.454 1466.566 16.8049 0 0 0 1.79e-05 0.0001789 
1050000 1050 1000.0 860614.613 1475.123 16.7509 0 0 0 1.59e-05 0.0001585 
1060000 1060 1000.0 876033.938 1488.265 16.7331 0 0 0 1.56e-05 0.0001562 
1070000 1070 1000.0 891471.127 1498.392 16.6928 0 0 0 1.67e-05 0.0001674 
1080000 1080 1000.0 907025.785 1508.473 17.4264 0 0 0 1.56e-05 0.0001563 
1090000 1090 1000.0 922270.578 1511.115 17.3728 0 0 0 1.42e-05 0.0001418 
1100000 1100 1000.0 937755.17 1518.052 17.4076 0 0 0 1.46e-05 0.0001465 
1110000 1110 1000.0 953050.885 1519.873 17.4326 0 0 0 1.41e-05 0.000141 
1120000 1120 1000.0 969202.502 1537.488 17.4053 0 0 0 1.5e-05 0.0001498 
1130000 1130 1000.0 985428.928 1552.84 17.4479 0 0 0 1.54e-05 0.0001538 
1140000 1140 1000.0 1001622.747 1564.999 17.4639 0 0 0 1.59e-05 0.0001586 
1150000 1150 1000.0 1017304.247 1565.411 17.4661 0 0 0 1.43e-05 0.0001434 
1160000 1160 1000.0 1032870.333 1563.904 17.4421 0 0 0 1.33e-05 0.0001329 
1170000 1170 1000.0 1048429.843 1562.294 17.4891 0 0 0 1.36e-05 0.0001357 
1180000 1180 1000.0 1063636.871 1554.246 17.4816 0 0 0 1.3e-05 0.0001298 
1190000 1190 1000.0 1079337.832 1557.448 17.4745 0 0 0 1.26e-05 0.0001258 
1200000 1200 1000.0 1095412.603 1566.638 17.3967 0 0 0 1.38e-05 0.0001379 
1210000 1210 1000.0 1110905.656 1563.561 17.4193 0 0 0 1.4e-05 0.0001405 
1220000 1220 1000.0 1126380.494 1560.863 17.4517 0 0 0 1.36e-05 0.0001361 
1230000 1230 1000.0 1142308.9 1566.426 17.4364 0 0 0 1.41e-05 0.0001415 
1240000 1240 1000.0 1158382.96 1573.805 17.4801 0 0 0 1.49e-05 0.0001489 
1250000 1250 1000.0 1174433.181 1579.055 17.4778 0 0 0 1.33e-05 0.0001331 
1260000 1260 1000.0 1190267.593 1579.217 17.452 0 0 0 1.45e-05 0.000145 
1270000 1270 1000.0 1205452.954 1567.507 17.4781 0 0 0 1.4e-05 0.0001398 
1280000 1280 1000.0 1221340.388 1571.496 17.4626 0 0 0 1.52e-05 0.0001523 
1290000 1290 1000.0 1237415.398 1577.966 17.5092 0 0 0 1.43e-05 0.0001433 
1300000 1300 1000.0 1253228.341 1578.444 17.5565 0 0 0 1.47e-05 0.0001469 
1310000 1310 1000.0 1269260.735 1582.795 17.609 0 0 0 1.36e-05 0.0001365 
1320000 1320 1000.0 1285129.441 1583.246 17.5852 0 0 0 1.28e-05 0.0001279 
1330000 1330 1000.0 1301882.218 1600.069 17.5971 0 0 0 1.35e-05 0.0001347 
1340000 1340 1000.0 1317861.479 1599.783 17.6019 0 0 0 1.44e-05 0.0001443 
1350000 1350 1000.0 1334188.629 1606.012 17.6092 0 0 0 1.32e-05 0.0001318 
1360000 1360 1000.0 1350192.875 1605.704 17.6482 0 0 0 1.36e-05 0.000136 
1370000 1370 1000.0 1366902.426 1617.895 17.6564 0 0 0 1.43e-05 0.0001432 
1380000 1380 1000.0 1382767.405 1612.241 17.6402 0 0 0 1.46e-05 0.0001457 
1390000 1390 1000.0 1398641.011 1607.578 17.5976 0 0 0 1.36e-05 0.0001361 
1400000 1400 1000.0 1414801.259 1609.325 17.5754 0 0 0 1.33e-05 0.0001325 
1410000 1410 1000.0 1430502.671 1602.248 17.4618 0 0 0 1.3e-05 0.00013 
1420000 1420 1000.0 1447116.585 1613.283 17.4709 0 0 0 1.27e-05 0.0001275 
1430000 1430 1000.0 1463187.401 1611.898 17.378 0 0 0 1.4e-05 0.0001404 
1440000 1440 1000.0 1479529.872 1615.938 17.2818 0 0 0 1.27e-05 0.0001274 
1450000 1450 1000.0 1495295.634 1608.858 17.2558 0 0 0 1.31e-05 0.0001311 
1460000 1460 1000.0 1510979.219 1601.492 17.2563 0 0 0 1.38e-05 0.000138 
1470000 1470 1000.0 1527106.414 1603.439 17.184 0 0 0 1.4e-05 0.0001395 
1480000 1480 1000.0 1543051.558 1601.884 17.1827 0 0 0 1.33e-05 0.0001328 
1490000 1490 1000.0 1559934.47 1617.505 17.1821 0 0 0 1.41e-05 0.0001407 
1500000 1500 1000.0 1576652.495 1627.55 17.1484 0 0 0 1.51e-05 0.0001509 
1510000 1510 1000.0 1593203.127 1633.093 17.0875 0 0 0 1.6e-05 0.0001601 
1520000 1520 1000.0 1608973.356 1622.505 17.0808 0 0 0 1.42e-05 0.0001421 
1530000 1530 1000.0 1624649.56 1612.573 17.0681 0 0 0 1.64e-05 0.0001643 
1540000 1540 1000.0 1640089.537 1600.022 17.0592 0 0 0 1.98e-05 0.0001982 
1550000 1550 1000.0 1656052.772 1599.494 17.022 0 0 0 2.14e-05 0.0002143 
1560000 1560 1000.0 1673054.752 1617.946 16.9817 0 0 0 1.73e-05 0.0001726 
1570000 1570 1000.0 1689718.482 1626.974 16.9722 0 0 0 1.95e-05 0.0001946 
1580000 1580 1000.0 1705993.373 1627.27 16.9341 0 0 0 2.02e-05 0.0002022 
1590000 1590 1000.0 1721483.131 1611.437 16.8998 0 0 0 2.22e-05 0.0002216 
1600000 1600 1000.0 1738282.139 1623.591 16.8973 0 0 0 1.85e-05 0.0001852 
1610000 1610 1000.0 1755205.146 1635.707 16.8788 0 0 0 2.07e-05 0.0002068 
1620000 1620 1000.0 1771827.736 1640.526 16.8933 0 0 0 2.07e-05 0.0002068 
1630000 1630 1000.0 1788901.67 1652.812 16.9443 0 0 0 2.01e-05 0.000201 
1640000 1640 1000.0 1804819.551 1641.869 16.9274 0 0 0 2.03e-05 0.0002027 
1650000 1650 1000.0 1821712.625 1650.392 16.9346 0 0 0 1.89e-05 0.0001889 
1660000 1660 1000.0 1838334.809 1652.88 16.9142 0 0 0 2.05e-05 0.0002046 
1670000 1670 1000.0 1855005.115 1655.894 16.8884 0 0 0 1.89e-05 0.0001891 
1680000 1680 1000.0 1871339.092 1652.123 16.868 0 0 0 2e-05 0.0002003 
1690000 1690 1000.0 1886618.655 1628.945 16.8551 0 0 0 2.16e-05 0.0002164 
1700000 1700 1000.0 1900168.855 1578.824 16.8689 0 0 0 1.91e-05 0.0001906 
1710000 1710 1000.0 1916630.306 1591.135 16.8716 0 0 0 2.08e-05 0.0002083 
1720000 1720 1000.0 1933030.442 1600.339 16.8676 0 0 0 2.08e-05 0.0002082 
1730000 1730 1000.0 1948889.376 1597.852 16.8203 0 0 0 1.91e-05 0.0001908 
1740000 1740 1000.0 1965540.047 1610.026 16.8389 0 0 0 1.91e-05 0.0001912 
1750000 1750 1000.0 1981512.222 1607.963 16.8474 0 0 0 1.82e-05 0.0001816 
1760000 1760 1000.0 1998061.87 1616.66 16.7958 0 0 0 1.91e-05 0.0001908 
1770000 1770 1000.0 2013684.095 1606.066 15.3534 0 0 0 1.97e-05 0.000197 
1780000 1780 1000.0 2029517.405 1601.954 13.0968 0 0 0 2.15e-05 0.0002149 
1790000 1790 1000.0 2045912.009 1608.662 11.2541 0 0 0 2.09e-05 0.0002086 
1800000 1800 1000.0 2062164.706 1611.476 9.7331 0 0 0 2.06e-05 0.0002057 
1810000 1810 1000.0 2078377.374 1613.236 8.5037 0 0 0 1.97e-05 0.0001966 
1820000 1820 1000.0 2095284.22 1627.188 7.4977 0 0 0 1.98e-05 0.0001981 
1830000 1830 1000.0 2111840.691 1632.325 6.6798 0 0 0 2.12e-05 0.0002124 
1840000 1840 1000.0 2128098.862 1630.401 6.0032 0 0 0 1.87e-05 0.0001872 
1850000 1850 1000.0 2144703.313 1636.396 5.4549 0 0 0 1.83e-05 0.0001828 
1860000 1860 1000.0 2161446.864 1643.137 5.0056 0 0 0 1.84e-05 0.000184 
1870000 1870 1000.0 2178260.314 1649.754 4.6432 0 0 0 2.05e-05 0.0002055 
1880000 1880 1000.0 2194807.395 1650.952 4.3421 0 0 0 1.95e-05 0.0001947 
1890000 1890 1000.0 2210673.028 1638.678 4.0993 0 0 0 1.92e-05 0.0001924 
1900000 1900 1000.0 2226939.299 1637.207 3.9037 0 0 0 1.93e-05 0.000193 
1910000 1910 1000.0 2243368.536 1638.242 3.7435 0 0 0 1.71e-05 0.0001711 
1920000 1920 1000.0 2260545.008 1652.747 3.6118 0 0 0 1.66e-05 0.0001665 
1930000 1930 1000.0 2277705.819 1663.897 3.5037 0 0 0 1.71e-05 0.000171 
1940000 1940 1000.0 2294713.258 1670.6 3.4131 0 0 0 1.6e-05 0.0001599 
1950000 1950 1000.0 2312354.337 1687.838 3.3363 0 0 0 1.63e-05 0.000163 
1960000 1960 1000.0 2330067.844 1703.227 3.2748 0 0 0 1.39e-05 0.0001393 
1970000 1970 1000.0 2347148.922 1704.478 3.2252 0 0 0 1.6e-05 0.0001603 
1980000 1980 1000.0 2364550.704 1710.704 3.185 0 0 0 1.38e-05 0.0001383 
1990000 1990 1000.0 2382268.53 1721.601 3.1527 0 0 0 1.26e-05 0.0001262 
2000000 2000 1000.0 2399322.175 1718.676 3.128 0 0 0 1.26e-05 0.0001259 
2010000 2010 1000.0 2416670.771 1721.705 3.1089 0 0 0 1.16e-05 0.0001161 
2020000 2020 1000.0 2432544.818 1696.07 3.3007 0 0 0 1.13e-05 0.0001126 
2030000 2030 1000.0 2447952.369 1668.189 5.4487 0 0 0 1.25e-05 0.000125 
2040000 2040 1000.0 2464948.316 1674.207 6.6198 0 0 0 1.13e-05 0.0001133 
2050000 2050 1000.0 2482508.591 1689.145 7.5877 0 0 0 1.29e-05 0.0001289 
2060000 2060 1000.0 2500298.438 1705.608 8.3765 0 0 0 1.1e-05 0.0001105 
2070000 2070 1000.0 2517925.183 1716.19 9.0273 0 0 0 1.06e-05 0.0001062 
2080000 2080 1000.0 2535557.793 1724.588 9.5385 0 0 0 1.12e-05 0.0001117 
2090000 2090 1000.0 2552819.742 1725.184 9.7156 0 0 0 1.11e-05 0.0001108 
2100000 2100 1000.0 2567776.281 1684.828 9.84 0 0 0 1.08e-05 0.0001078 
2110000 2110 1000.0 2584701.856 1686.443 10.1433 0 0 0 1.21e-05 0.0001209 
2120000 2120 1000.0 2602640.741 1706.252 10.4794 0 0 0 1.02e-05 0.0001019 
2130000 2130 1000.0 2621044.918 1730.697 10.7285 0 0 0 1.13e-05 0.0001129 
2140000 2140 1000.0 2639049.709 1742.917 10.9463 0 0 0 1.09e-05 0.0001094 
2150000 2150 1000.0 2657078.665 1753.874 11.1346 0 0 0 1.11e-05 0.000111 
2160000 2160 1000.0 2674718.245 1756.211 11.306 0 0 0 1.06e-05 0.0001056 
2170000 2170 1000.0 2692585.573 1761.789 11.4446 0 0 0 1.05e-05 0.0001051 
2180000 2180 1000.0 2711043.964 1777.358 11.548 0 0 0 1.15e-05 0.0001146 
2190000 2190 1000.0 2729293.171 1786.276 11.6025 0 0 0 1.07e-05 0.0001068 
2200000 2200 1000.0 2747386.826 1790.245 11.674 0 0 0 1.1e-05 0.0001103 
2210000 2210 1000.0 2765122.923 1787.307 11.728 0 0 0 1.03e-05 0.0001031 
2220000 2220 1000.0 2783387.012 1794.61 11.7676 0 0 0 1.09e-05 0.0001088 
2230000 2230 1000.0 2801549.693 1798.495 11.8282 0 0 0 9.9e-06 9.88e-05 
2240000 2240 1000.0 2819299.941 1794.291 11.8644 0 0 0 9.5e-06 9.53e-05 
2250000 2250 1000.0 2837431.364 1797.574 11.8669 0 0 0 9.5e-06 9.46e-05 
2260000 2260 1000.0 2855406.584 1798.318 11.8985 0 0 0 9.8e-06 9.77e-05 
2270000 2270 1000.0 2874063.016 1810.886 11.8633 0 0 0 1.03e-05 0.0001025 
2280000 2280 1000.0 2892438.356 1815.687 11.8502 0 0 0 9.3e-06 9.29e-05 
2290000 2290 1000.0 2910149.723 1807.936 11.8407 0 0 0 8.8e-06 8.77e-05 
2300000 2300 1000.0 2928601.834 1815.122 11.8228 0 0 0 1.07e-05 0.0001073 
2310000 2310 1000.0 2946954.833 1818.718 11.8309 0 0 0 8.9e-06 8.91e-05 
2320000 2320 1000.0 2964898.894 1814.212 11.825 0 0 0 9.4e-06 9.44e-05 
2330000 2330 1000.0 2983401.387 1820.869 11.7975 0 0 0 9.2e-06 9.16e-05 
2340000 2340 1000.0 3001876.419 1825.501 11.7662 0 0 0 9.2e-06 9.19e-05 
2350000 2350 1000.0 3020489.048 1832.127 11.7564 0 0 0 9.9e-06 9.94e-05 
2360000 2360 1000.0 3039085.7 1837.567 11.7457 0 0 0 9.2e-06 9.23e-05 
2370000 2370 1000.0 3057746.722 1842.495 11.6945 0 0 0 8.6e-06 8.56e-05 
2380000 2380 1000.0 3076322.776 1845.729 11.6749 0 0 0 8.4e-06 8.43e-05 
2390000 2390 1000.0 3094637.299 1843.287 11.6798 0 0 0 9.3e-06 9.32e-05 
2400000 2400 1000.0 3112754.466 1837.697 11.6683 0 0 0 9.8e-06 9.81e-05 
2410000 2410 1000.0 3130363.473 1823.507 11.6302 0 0 0 9.5e-06 9.51e-05 
2420000 2420 1000.0 3147282.369 1799.478 11.6557 0 0 0 9.1e-06 9.11e-05 
2430000 2430 1000.0 3164817.824 1791.335 11.6288 0 0 0 9.1e-06 9.09e-05 
2440000 2440 1000.0 3182020.756 1778.37 11.6291 0 0 0 9.7e-06 9.69e-05 
2450000 2450 1000.0 3199020.54 1763.908 11.6152 0 0 0 8.8e-06 8.84e-05 
2460000 2460 1000.0 3215569.192 1743.854 11.6322 0 0 0 8.9e-06 8.86e-05 
2470000 2470 1000.0 3232678.156 1738.044 11.6155 0 0 0 9.5e-06 9.5e-05 
2480000 2480 1000.0 3249992.746 1736.776 11.6291 0 0 0 8.7e-06 8.73e-05 
2490000 2490 1000.0 3266588.623 1722.523 11.6325 0 0 0 9.2e-06 9.22e-05 
2500000 2500 1000.0 3283628.097 1718.795 11.6185 0 0 0 9.1e-06 9.12e-05 
2510000 2510 1000.0 3300839.352 1718.721 11.6317 0 0 0 9.6e-06 9.57e-05 
2520000 2520 1000.0 3317330.973 1706.189 11.6543 0 0 0 9.1e-06 9.13e-05 
2530000 2530 1000.0 3334586.75 1709.737 11.6348 0 0 0 9.3e-06 9.27e-05 
2540000 2540 1000.0 3351888.574 1713.26 11.632 0 0 0 1.02e-05 0.0001019 
2550000 2550 1000.0 3368958.323 1711.864 11.5912 0 0 0 9.8e-06 9.76e-05 
2560000 2560 1000.0 3386133.302 1712.553 11.5819 0 0 0 1.06e-05 0.0001065 
2570000 2570 1000.0 3404078.342 1728.101 11.5792 0 0 0 1e-05 0.0001003 
2580000 2580 1000.0 3422218.408 1743.753 11.6183 0 0 0 9.5e-06 9.46e-05 
2590000 2590 1000.0 3439398.166 1740.113 11.6252 0 0 0 9.8e-06 9.79e-05 
2600000 2600 1000.0 3457283.145 1749.28 11.6459 0 0 0 1.02e-05 0.0001022 
2610000 2610 1000.0 3474486.312 1744.491 11.6841 0 0 0 9.6e-06 9.64e-05 
2620000 2620 1000.0 3492359.154 1752.446 11.7031 0 0 0 1.1e-05 0.0001099 
2630000 2630 1000.0 3510509.494 1764.038 11.6725 0 0 0 1.03e-05 0.000103 
2640000 2640 1000.0 3529089.075 1781.312 11.677 0 0 0 1.05e-05 0.0001048 
2650000 2650 1000.0 3547106.186 1785.386 11.6639 0 0 0 1.07e-05 0.0001074 
2660000 2660 1000.0 3565280.036 1791.677 11.6756 0 0 0 1.09e-05 0.0001094 
2670000 2670 1000.0 3583260.649 1792.356 11.6785 0 0 0 1.24e-05 0.0001236 
2680000 2680 1000.0 3601608.085 1800.086 11.6971 0 0 0 1.14e-05 0.0001141 
2690000 2690 1000.0 3619431.468 1796.235 11.7028 0 0 0 1.22e-05 0.0001219 
2700000 2700 1000.0 3636880.984 1786.837 11.6998 0 0 0 1.28e-05 0.0001276 
2710000 2710 1000.0 3655075.299 1792.608 11.677 0 0 0 1.18e-05 0.0001182 
2720000 2720 1000.0 3673360.74 1799.466 11.6432 0 0 0 1.13e-05 0.000113 
2730000 2730 1000.0 3691942.372 1809.834 11.6251 0 0 0 1.24e-05 0.0001243 
2740000 2740 1000.0 3710097.686 1811.027 11.6588 0 0 0 1.28e-05 0.0001279 
2750000 2750 1000.0 3727546.981 1799.335 11.6531 0 0 0 1.26e-05 0.0001259 
2760000 2760 1000.0 3745557.205 1799.526 11.6605 0 0 0 1.23e-05 0.0001227 
2770000 2770 1000.0 3763229.747 1793.049 11.6671 0 0 0 1.3e-05 0.0001296 
2780000 2780 1000.0 3780353.025 1778.75 11.6425 0 0 0 1.14e-05 0.0001142 
2790000 2790 1000.0 3797758.997 1771.003 11.6849 0 0 0 1.22e-05 0.0001217 
2800000 2800 1000.0 3815088.467 1764.074 11.6881 0 0 0 1.23e-05 0.0001227 
2810000 2810 1000.0 3833345.417 1775.602 11.6877 0 0 0 1.31e-05 0.0001314 
2820000 2820 1000.0 3851513.252 1783.452 11.6788 0 0 0 1.26e-05 0.0001259 
2830000 2830 1000.0 3870415.932 1803.118 11.6876 0 0 0 1.24e-05 0.0001242 
2840000 2840 1000.0 3889221.952 1817.089 11.7105 0 0 0 1.28e-05 0.000128 
2850000 2850 1000.0 3907539.389 1819.463 11.683 0 0 0 1.24e-05 0.000124 
2860000 2860 1000.0 3926131.528 1826.517 11.6732 0 0 0 1.17e-05 0.0001168 
2870000 2870 1000.0 3944199.396 1823.176 11.6446 0 0 0 1.09e-05 0.0001088 
2880000 2880 1000.0 3962222.994 1819.441 11.6487 0 0 0 1.17e-05 0.0001168 
2890000 2890 1000.0 3980391.585 1819.134 11.6418 0 0 0 1.14e-05 0.0001144 
2900000 2900 1000.0 3998198.082 1811.84 11.6362 0 0 0 1.17e-05 0.0001169 
2910000 2910 1000.0 4016104.06 1807.576 11.6302 0 0 0 1.14e-05 0.0001141 
2920000 2920 1000.0 4033420.863 1793.748 11.657 0 0 0 1.06e-05 0.0001064 
2930000 2930 1000.0 4050620.18 1780.342 11.6723 0 0 0 1.11e-05 0.0001114 
2940000 2940 1000.0 4068596.29 1782.78 11.6581 0 0 0 1.13e-05 0.000113 
2950000 2950 1000.0 4085774.179 1771.515 11.6718 0 0 0 1.13e-05 0.0001133 
2960000 2960 1000.0 4104063.157 1781.903 11.6714 0 0 0 1.15e-05 0.000115 
2970000 2970 1000.0 4122193.67 1788.296 11.6553 0 0 0 1.13e-05 0.0001128 
2980000 2980 1000.0 4140632.232 1798.476 11.6685 0 0 0 1.14e-05 0.000114 
2990000 2990 1000.0 4158526.316 1797.02 11.7058 0 0 0 1.04e-05 0.0001039 
3000000 3000 1000.0 4176530.527 1797.082 11.6915 0 0 0 9.8e-06 9.8e-05 
3010000 3010 1000.0 4195463.81 1814.984 11.6969 0 0 0 1.09e-05 0.0001091 
3020000 3020 1000.0 4214197.931 1825.831 11.711 0 0 0 1.13e-05 0.0001129 
3030000 3030 1000.0 4233480.296 1844.746 11.5447 0 0 0 1e-05 0.0001002 
3040000 3040 1000.0 4252505.106 1855.037 9.9816 0 0 0 1.07e-05 0.0001073 
3050000 3050 1000.0 4270881.616 1851.295 8.7089 0 0 0 1.03e-05 0.0001028 
3060000 3060 1000.0 4289082.668 1845.091 7.6673 0 0 0 1.05e-05 0.0001049 
3070000 3070 1000.0 4307372.095 1842.448 6.8226 0 0 0 1e-05 9.96e-05 
3080000 3080 1000.0 4323849.674 1807.404 6.1265 0 0 0 9.2e-06 9.17e-05 
3090000 3090 1000.0 4340564.372 1781.817 5.5572 0 0 0 9.3e-06 9.27e-05 
3100000 3100 1000.0 4357943.479 1774.251 5.088 0 0 0 1.07e-05 0.0001066 
3110000 3110 1000.0 4375832.001 1776.611 4.705 0 0 0 1.06e-05 0.0001057 
3120000 3120 1000.0 4393327.755 1771.888 4.3944 0 0 0 1.01e-05 0.0001012 
3130000 3130 1000.0 4408764.345 1729.986 4.1488 0 0 0 1.48e-05 0.0001479 
3140000 3140 1000.0 4426851.816 1744.278 3.9359 0 0 0 1.54e-05 0.0001543 
3150000 3150 1000.0 4444959.106 1756.398 3.768 0 0 0 1.79e-05 0.0001787 
3160000 3160 1000.0 4463241.82 1769.689 3.6324 0 0 0 1.55e-05 0.000155 
3170000 3170 1000.0 4479928.279 1750.064 3.5174 0 0 0 1.43e-05 0.0001428 
3180000 3180 1000.0 4497961.501 1760.627 3.4262 0 0 0 1.55e-05 0.0001553 
3190000 3190 1000.0 4516754.545 1782.198 3.3464 0 0 0 1.52e-05 0.0001515 
3200000 3200 1000.0 4535330.732 1795.504 5.8815 0 0 0 1.39e-05 0.0001386 
3210000 3210 1000.0 4553709.696 1803.031 7.8299 0 0 0 1.52e-05 0.0001519 
3220000 3220 1000.0 4571632.147 1801.027 9.4635 0 0 0 1.66e-05 0.0001661 
3230000 3230 1000.0 4589733.427 1802.714 10.0904 0 0 0 1.61e-05 0.0001613 
3240000 3240 1000.0 4607789.46 1803.055 11.504 0 0 0 1.5e-05 0.0001504 
3250000 3250 1000.0 4625809.13 1802.731 12.3989 0 0 0 1.45e-05 0.0001449 
3260000 3260 1000.0 4644302.625 1811.079 13.15 0 0 0 1.49e-05 0.0001492 
3270000 3270 1000.0 4662955.819 1821.048 13.7787 0 0 0 1.51e-05 0.0001505 
3280000 3280 1000.0 4680878.868 1815.349 14.2833 0 0 0 1.39e-05 0.0001386 
3290000 3290 1000.0 4698635.171 1808.693 14.6956 0 0 0 1.53e-05 0.0001529 
3300000 3300 1000.0 4715919.327 1793.639 15.0174 0 0 0 1.53e-05 0.0001532 
3310000 3310 1000.0 4734085.398 1798.033 15.2981 0 0 0 1.5e-05 0.0001504 
3320000 3320 1000.0 4752447.116 1805.162 15.5319 0 0 0 1.52e-05 0.0001519 
3330000 3330 1000.0 4771027.671 1814.602 15.693 0 0 0 1.01e-05 0.0001014 
3340000 3340 1000.0 4789544.103 1821.426 15.9197 0 0 0 1.12e-05 0.0001118 
3350000 3350 1000.0 4806854.284 1805.731 16.0978 0 0 0 1.05e-05 0.0001055 
3360000 3360 1000.0 4824822.736 1804.261 16.1901 0 0 0 1.22e-05 0.0001223 
3370000 3370 1000.0 4842896.064 1805.108 16.281 0 0 0 9.8e-06 9.78e-05 
3380000 3380 1000.0 4860876.145 1803.261 16.371 0 0 0 1.13e-05 0.0001132 
3390000 3390 1000.0 4879245.664 1809.431 16.4501 0 0 0 1.08e-05 0.0001083 
3400000 3400 1000.0 4898162.395 1824.425 16.5002 0 0 0 1.06e-05 0.0001061 
3410000 3410 1000.0 4916261.18 1822.055 14.8759 0 0 0 1.15e-05 0.0001154 
3420000 3420 1000.0 4934948.173 1830.693 15.2192 0 0 0 1.03e-05 0.0001026 
3430000 3430 1000.0 4952934.663 1825.135 15.435 0 0 0 1.2e-05 0.00012 
3440000 3440 1000.0 4971613.314 1833.033 15.6434 0 0 0 1.02e-05 0.0001017 
3450000 3450 1000.0 4989674.824 1828.366 15.8179 0 0 0 1.14e-05 0.0001139 
3460000 3460 1000.0 5007274.818 1815.838 15.9723 0 0 0 1.12e-05 0.0001124 
3470000 3470 1000.0 5024941.973 1807.021 16.0743 0 0 0 1.16e-05 0.000116 
3480000 3480 1000.0 5042916.589 1805.342 16.1317 0 0 0 1.13e-05 0.0001131 
3490000 3490 1000.0 5061339.735 1811.96 16.2243 0 0 0 1.15e-05 0.0001148 
3500000 3500 1000.0 5079757.834 1816.948 16.1979 0 0 0 1.17e-05 0.0001168 
3510000 3510 1000.0 5097975.342 1818.234 16.2293 0 0 0 1.22e-05 0.0001219 
3520000 3520 1000.0 5115692.18 1809.713 16.2041 0 0 0 1.07e-05 0.0001066 
3530000 3530 1000.0 5133630.767 1806.905 16.2587 0 0 0 1.02e-05 0.0001018 
3540000 3540 1000.0 5150962.292 1793.332 15.0352 0 0 0 1.17e-05 0.0001167 
3550000 3550 1000.0 5165297.797 1721.401 12.8357 0 0 0 1.27e-05 0.0001272 
3560000 3560 1000.0 5183443.291 1738.38 11.0348 0 0 0 1.33e-05 0.0001334 
3570000 3570 1000.0 5201457.399 1749.851 11.2263 0 0 0 1.24e-05 0.0001237 
3580000 3580 1000.0 5219619.287 1761.954 12.2139 0 0 0 1.32e-05 0.0001323 
3590000 3590 1000.0 5237645.704 1769.863 12.9808 0 0 0 1.2e-05 0.0001202 
3600000 3600 1000.0 5255760.806 1777.189 13.634 0 0 0 1.25e-05 0.0001254 
3610000 3610 1000.0 5273837.073 1782.926 14.1263 0 0 0 1.3e-05 0.0001304 
3620000 3620 1000.0 5292204.763 1792.772 14.6075 0 0 0 1.32e-05 0.0001324 
3630000 3630 1000.0 5310910.075 1807.466 14.9476 0 0 0 1.23e-05 0.0001235 
3640000 3640 1000.0 5329930.308 1824.684 15.2499 0 0 0 1.23e-05 0.0001229 
3650000 3650 1000.0 5348841.965 1836.8 15.4498 0 0 0 1.26e-05 0.0001256 
3660000 3660 1000.0 5367415.988 1840.52 15.6354 0 0 0 1.24e-05 0.0001235 
3670000 3670 1000.0 5385827.047 1840.873 14.0017 0 0 0 1.17e-05 0.0001173 
3680000 3680 1000.0 5404194.497 1840.284 14.2377 0 0 0 1.3e-05 0.0001295 
3690000 3690 1000.0 5422512.95 1839.243 16.4609 0 0 0 1.17e-05 0.0001174 
3700000 3700 1000.0 5439836.775 1819.985 18.3899 0 0 0 1.21e-05 0.0001212 
3710000 3710 1000.0 5458110.9 1821.445 18.1905 0 0 0 1.12e-05 0.000112 
3720000 3720 1000.0 5477192.898 1837.617 15.4203 0 0 0 1.27e-05 0.0001271 
3730000 3730 1000.0 5495732.336 1840.614 14.8687 0 0 0 1.23e-05 0.0001231 
3740000 3740 1000.0 5513678.241 1831.956 16.9904 0 0 0 1.1e-05 0.0001101 
3750000 3750 1000.0 5531272.058 1818.005 16.2983 0 0 0 1.03e-05 0.0001028 
3760000 3760 1000.0 5549169.269 1812.55 18.0399 0 0 0 1.17e-05 0.0001174 
3770000 3770 1000.0 5567665.574 1819.393 19.6073 0 0 0 1.12e-05 0.0001119 
3780000 3780 1000.0 5586023.198 1822.052 20.7537 0 0 0 1.03e-05 0.0001026 
3790000 3790 1000.0 5603820.052 1814.05 21.737 0 0 0 1.04e-05 0.0001043 
3800000 3800 1000.0 5621545.263 1806.613 22.6383 0 0 0 1.03e-05 0.0001026 
3810000 3810 1000.0 5638925.183 1793.815 23.3204 0 0 0 9.4e-06 9.43e-05 
3820000 3820 1000.0 5656736.863 1791.524 23.8871 0 0 0 1.08e-05 0.0001077 
3830000 3830 1000.0 5674973.213 1797.667 24.3607 0 0 0 9.6e-06 9.59e-05 
3840000 3840 1000.0 5690189.58 1752.157 24.7681 0 0 0 1.08e-05 0.0001081 
3850000 3850 1000.0 5708025.986 1758.439 25.1348 0 0 0 1e-05 0.0001005 
3860000 3860 1000.0 5726265.006 1770.477 25.282 0 0 0 1.19e-05 0.0001189 
3870000 3870 1000.0 5743521.34 1762.278 25.6491 0 0 0 1.14e-05 0.0001135 
3880000 3880 1000.0 5761345.262 1766.389 25.7882 0 0 0 1e-05 9.96e-05 
3890000 3890 1000.0 5779485.774 1774.422 25.921 0 0 0 1.03e-05 0.0001026 
3900000 3900 1000.0 5797731.342 1783.747 26.0044 0 0 0 1.03e-05 0.0001033 
3910000 3910 1000.0 5816215.082 1795.157 26.1145 0 0 0 1.15e-05 0.0001153 
3920000 3920 1000.0 5834685.337 1804.596 26.1875 0 0 0 1.04e-05 0.0001044 
3930000 3930 1000.0 5852592.055 1801.855 26.2511 0 0 0 1.08e-05 0.0001076 
3940000 3940 1000.0 5870615.467 1801.999 26.3243 0 0 0 1.28e-05 0.0001279 
3950000 3950 1000.0 5888471.096 1798.65 26.3937 0 0 0 1.33e-05 0.0001331 
3960000 3960 1000.0 5902871.952 1728.454 26.3993 0 0 0 1.4e-05 0.0001396 
3970000 3970 1000.0 5920520.532 1735.615 26.5006 0 0 0 1.47e-05 0.0001469 
3980000 3980 1000.0 5938823.228 1753.136 26.4317 0 0 0 1.41e-05 0.0001405 
3990000 3990 1000.0 5957207.619 1769.39 26.4253 0 0 0 1.57e-05 0.0001568 
4000000 4000 1000.0 5975768.972 1785.302 26.3875 0 0 0 1.42e-05 0.0001421 
4010000 4010 1000.0 5994187.484 1795.828 26.3945 0 0 0 1.39e-05 0.0001393 
4020000 4020 1000.0 6012804.721 1807.952 26.4265 0 0 0 1.44e-05 0.0001437 
4030000 4030 1000.0 6031069.098 1811.207 26.4526 0 0 0 1.45e-05 0.000145 
4040000 4040 1000.0 6049481.492 1816.452 26.4287 0 0 0 1.33e-05 0.0001328 
4050000 4050 1000.0 6067738.718 1818.207 26.4896 0 0 0 1.3e-05 0.0001304 
4060000 4060 1000.0 6085244.331 1805.325 26.4913 0 0 0 1.35e-05 0.000135 
4070000 4070 1000.0 6102048.07 1782.135 26.4891 0 0 0 1.4e-05 0.0001396 
4080000 4080 1000.0 6115839.916 1708.376 26.5571 0 0 0 1.3e-05 0.0001296 
4090000 4090 1000.0 6129973.069 1654.529 26.5514 0 0 0 1.48e-05 0.0001485 
4100000 4100 1000.0 6144010.211 1605.152 26.535 0 0 0 1.66e-05 0.0001662 
4110000 4110 1000.0 6150964.703 1443.567 26.4165 0 0 0 1.6e-05 0.00016 
4120000 4120 1000.0 6167469.12 1481.746 26.3863 0 0 0 1.6e-05 0.0001601 
4130000 4130 1000.0 6183713.127 1508.19 26.3228 0 0 0 1.67e-05 0.0001668 
4140000 4140 1000.0 6187549.945 1290.282 26.2786 0 0 0 1.74e-05 0.0001737 
4150000 4150 1000.0 6193088.642 1159.183 26.2533 0 0 0 2.32e-05 0.0002323 
4160000 4160 1000.0 6200445.138 1088.695 26.1879 0 0 0 2.17e-05 0.0002166 
4170000 4170 1000.0 6200582.346 896.865 26.1849 0 0 0 2.19e-05 0.0002187 
4180000 4180 1000.0 6217679.075 1045.185 26.1325 0 0 0 2.33e-05 0.0002327 
4190000 4190 1000.0 6226608.28 1013.664 26.0659 0 0 0 2.34e-05 0.0002339 
4200000 4200 1000.0 6240286.267 1083.404 25.963 0 0 0 2.6e-05 0.0002596 
4210000 4210 1000.0 6255641.178 1168.989 25.9487 0 0 0 2.46e-05 0.0002462 
4220000 4220 1000.0 6262378.433 1089.105 25.8645 0 0 0 2.67e-05 0.0002668 
4230000 4230 1000.0 6275676.151 1137.55 25.8701 0 0 0 2.5e-05 0.0002505 
4240000 4240 1000.0 6293532.75 1256.457 25.8298 0 0 0 2.5e-05 0.0002502 
4250000 4250 1000.0 6310867.959 1343.226 25.7054 0 0 0 2.51e-05 0.000251 
4260000 4260 1000.0 6327071.652 1393.457 25.6699 0 0 0 2.43e-05 0.0002427 
4270000 4270 1000.0 6343293.148 1435.425 25.6296 0 0 0 2.44e-05 0.0002443 
4280000 4280 1000.0 6358307.381 1447.157 25.6532 0 0 0 2.48e-05 0.0002478 
4290000 4290 1000.0 6375606.56 1499.665 25.6906 0 0 0 2.27e-05 0.0002275 
4300000 4300 1000.0 6393943.209 1560.636 25.6711 0 0 0 2.23e-05 0.0002232 
4310000 4310 1000.0 6411826.88 1602.16 25.6638 0 0 0 2.33e-05 0.0002333 
4320000 4320 1000.0 6429133.991 1625.482 25.5693 0 0 0 2.18e-05 0.0002183 
4330000 4330 1000.0 6446399.487 1644.047 25.4987 0 0 0 2.2e-05 0.0002199 
4340000 4340 1000.0 6464091.296 1666.826 25.4814 0 0 0 2.32e-05 0.0002319 
4350000 4350 1000.0 6480775.062 1666.494 25.4612 0 0 0 1.91e-05 0.0001907 
4360000 4360 1000.0 6497059.137 1659.88 25.4428 0 0 0 1.78e-05 0.0001784 
4370000 4370 1000.0 6512960.273 1646.657 25.423 0 0 0 1.63e-05 0.000163 
4380000 4380 1000.0 6529574.809 1649.802 25.4454 0 0 0 1.57e-05 0.0001566 
4390000 4390 1000.0 6547338.062 1673.024 25.4297 0 0 0 1.59e-05 0.0001585 
4400000 4400 1000.0 6565188.764 1693.533 25.4111 0 0 0 1.4e-05 0.0001396 
4410000 4410 1000.0 6582488.62 1700.203 25.3466 0 0 0 1.22e-05 0.0001217 
4420000 4420 1000.0 6599669.693 1703.165 25.3204 0 0 0 1.16e-05 0.0001164 
4430000 4430 1000.0 6617788.065 1723.171 25.3429 0 0 0 1.14e-05 0.0001136 
4440000 4440 1000.0 6635331.168 1728.735 25.3234 0 0 0 1.13e-05 0.0001129 
4450000 4450 1000.0 6652713.649 1730.274 25.3852 0 0 0 1.04e-05 0.0001042 
4460000 4460 1000.0 6669574.304 1721.805 25.3984 0 0 0 1.14e-05 0.0001137 
4470000 4470 1000.0 6686302.695 1713.03 25.4275 0 0 0 1.21e-05 0.0001209 
4480000 4480 1000.0 6702991.607 1704.626 25.4489 0 0 0 1.11e-05 0.0001112 
4490000 4490 1000.0 6720417.174 1711.757 25.4798 0 0 0 1.04e-05 0.0001041 
4500000 4500 1000.0 6737727.706 1715.611 25.4292 0 0 0 1.09e-05 0.0001094 
4510000 4510 1000.0 6756095.936 1737.734 25.4432 0 0 0 1.22e-05 0.0001225 
4520000 4520 1000.0 6773725.052 1742.018 25.425 0 0 0 1.13e-05 0.0001126 
4530000 4530 1000.0 6790717.225 1734.244 25.4164 0 0 0 1.14e-05 0.0001135 
4540000 4540 1000.0 6808307.147 1739.149 25.4284 0 0 0 1.25e-05 0.0001248 
4550000 4550 1000.0 6826239.765 1749.029 25.4604 0 0 0 1.23e-05 0.0001226 
4560000 4560 1000.0 6844103.3 1756.182 25.4199 0 0 0 1.13e-05 0.0001128 
4570000 4570 1000.0 6861525.761 1752.969 25.3738 0 0 0 1.13e-05 0.0001127 
4580000 4580 1000.0 6879247.706 1756.527 25.4207 0 0 0 1.23e-05 0.0001228 
4590000 4590 1000.0 6896907.634 1758.398 25.4474 0 0 0 1.14e-05 0.0001139 
4600000 4600 1000.0 6915382.377 1775.048 25.4087 0 0 0 1.29e-05 0.0001291 
4610000 4610 1000.0 6933794.181 1787.318 25.3687 0 0 0 1.14e-05 0.0001142 
4620000 4620 1000.0 6951345.784 1781.058 25.2923 0 0 0 1.31e-05 0.0001314 
4630000 4630 1000.0 6969191.234 1781.743 25.2525 0 0 0 1.27e-05 0.0001271 
4640000 4640 1000.0 6986979.802 1781.261 25.3149 0 0 0 1.27e-05 0.000127 
4650000 4650 1000.0 7003944.577 1765.728 25.3329 0 0 0 1.19e-05 0.0001192 
4660000 4660 1000.0 7021949.152 1772.024 25.3305 0 0 0 1.19e-05 0.0001195 
4670000 4670 1000.0 7039703.633 1772.652 25.3295 0 0 0 1.31e-05 0.0001307 
4680000 4680 1000.0 7056816.943 1761.343 25.401 0 0 0 1.29e-05 0.0001293 
4690000 4690 1000.0 7074485.492 1762.208 25.4197 0 0 0 1.23e-05 0.000123 
4700000 4700 1000.0 7092709.289 1773.303 25.4013 0 0 0 1.15e-05 0.0001151 
4710000 4710 1000.0 7111056.609 1784.647 25.3694 0 0 0 1.27e-05 0.0001268 
4720000 4720 1000.0 7128827.869 1783.077 25.4122 0 0 0 1.22e-05 0.0001225 
4730000 4730 1000.0 7146773.971 1784.903 25.8584 0 0 0 1.2e-05 0.0001203 
4740000 4740 1000.0 7164958.629 1791.112 25.9683 0 0 0 1.17e-05 0.000117 
4750000 4750 1000.0 7183225.528 1797.476 26.0659 0 0 0 1.18e-05 0.0001179 
4760000 4760 1000.0 7201275.531 1799.248 26.1481 0 0 0 1.11e-05 0.000111 
4770000 4770 1000.0 7219430.717 1802.279 26.2132 0 0 0 1.1e-05 0.0001104 
4780000 4780 1000.0 7237269.842 1798.929 26.3217 0 0 0 1.13e-05 0.0001131 
4790000 4790 1000.0 7254602.638 1786.576 26.3508 0 0 0 1.1e-05 0.0001096 
4800000 4800 1000.0 7272865.195 1793.657 26.4238 0 0 0 1.01e-05 0.0001014 
4810000 4810 1000.0 7291006.101 1797.143 26.428 0 0 0 1.16e-05 0.0001164 
4820000 4820 1000.0 7309533.683 1807.505 26.4608 0 0 0 1.14e-05 0.000114 
4830000 4830 1000.0 7327465.475 1805.003 26.5493 0 0 0 1.18e-05 0.0001178 
4840000 4840 1000.0 7345224.001 1799.634 26.5793 0 0 0 1.08e-05 0.0001081 
4850000 4850 1000.0 7362897.313 1793.58 26.6322 0 0 0 1.1e-05 0.0001099 
4860000 4860 1000.0 7380387.549 1785.5 26.591 0 0 0 1.16e-05 0.0001156 
4870000 4870 1000.0 7398068.521 1782.083 26.6903 0 0 0 1.16e-05 0.0001155 
4880000 4880 1000.0 7414872.952 1763.576 26.6725 0 0 0 1.06e-05 0.0001061 
4890000 4890 1000.0 7433304.403 1778.167 26.6759 0 0 0 1.18e-05 0.0001175 
4900000 4900 1000.0 7451526.017 1785.749 26.6946 0 0 0 1.14e-05 0.0001145 
4910000 4910 1000.0 7469466.519 1787.449 26.6963 0 0 0 1.12e-05 0.0001121 
4920000 4920 1000.0 7487823.468 1796.036 26.6765 0 0 0 1.12e-05 0.0001118 
4930000 4930 1000.0 7505431.086 1789.051 26.6867 0 0 0 1.05e-05 0.0001046 
4940000 4940 1000.0 7522806.969 1779.481 26.654 0 0 0 1.11e-05 0.000111 
4950000 4950 1000.0 7540983.707 1786.987 26.6431 0 0 0 1.31e-05 0.0001308 
4960000 4960 1000.0 7558922.574 1787.671 26.6868 0 0 0 1.19e-05 0.0001192 
4970000 4970 1000.0 7574531.741 1747.486 26.7417 0 0 0 1.18e-05 0.0001178 
4980000 4980 1000.0 7586282.713 1639.452 26.6648 0 0 0 1.34e-05 0.0001342 
4990000 4990 1000.0 7587817.846 1372.997 26.6013 0 0 0 1.46e-05 0.0001457 
5000000 5000 1000.0 7599531.123 1333.219 26.5926 0 0 0 1.46e-05 0.000146 
5010000 5010 1000.0 7615207.994 1374.483 26.6615 0 0 0 1.62e-05 0.0001619 
5020000 5020 1000.0 7632463.232 1438.14 26.6283 0 0 0 1.53e-05 0.0001534 
5030000 5030 1000.0 7648841.311 1475.897 26.5463 0 0 0 1.5e-05 0.0001499 
5040000 5040 1000.0 7667100.716 1539.938 26.5965 0 0 0 1.53e-05 0.0001533 
5050000 5050 1000.0 7684443.544 1574.968 26.6079 0 0 0 1.58e-05 0.0001579 
5060000 5060 1000.0 7701880.292 1605.767 26.5553 0 0 0 1.62e-05 0.000162 
5070000 5070 1000.0 7719771.778 1639.82 26.6628 0 0 0 1.59e-05 0.0001585 
5080000 5080 1000.0 7737887.056 1671.878 26.6822 0 0 0 1.7e-05 0.0001699 
5090000 5090 1000.0 7755333.519 1684.799 26.5819 0 0 0 1.66e-05 0.0001663 
5100000 5100 1000.0 7773514.466 1709.433 26.6092 0 0 0 1.62e-05 0.0001621 
5110000 5110 1000.0 7792088.951 1736.474 26.6276 0 0 0 1.72e-05 0.0001717 
5120000 5120 1000.0 7809481.454 1736.638 26.65 0 0 0 1.74e-05 0.0001737 
5130000 5130 1000.0 7826906.88 1738.186 23.5622 0 0 0 1.74e-05 0.0001741 
5140000 5140 1000.0 7844924.922 1750.324 19.8073 0 0 0 1.8e-05 0.0001795 
5150000 5150 1000.0 7863973.409 1778.61 16.7379 0 0 0 1.83e-05 0.0001829 
5160000 5160 1000.0 7881671.873 1776.615 14.2298 0 0 0 1.77e-05 0.0001767 
5170000 5170 1000.0 7898746.533 1763.243 12.1798 0 0 0 1.81e-05 0.0001807 
5180000 5180 1000.0 7916683.944 1768.931 10.5088 0 0 0 1.61e-05 0.0001613 
5190000 5190 1000.0 7934766.871 1776.111 9.1416 0 0 0 1.59e-05 0.0001589 
5200000 5200 1000.0 7951744.115 1763.334 8.0216 0 0 0 1.46e-05 0.0001464 
5210000 5210 1000.0 7970316.815 1780.05 7.3477 0 0 0 1.54e-05 0.0001538 
5220000 5220 1000.0 7988419.592 1785.661 11.137 0 0 0 1.48e-05 0.0001485 
5230000 5230 1000.0 8006412.252 1787.752 13.9075 0 0 0 1.45e-05 0.0001446 
5240000 5240 1000.0 8024920.054 1799.199 15.5695 0 0 0 1.56e-05 0.0001558 
5250000 5250 1000.0 8043950.175 1818.505 17.5564 0 0 0 1.48e-05 0.0001482 
5260000 5260 1000.0 8063634.245 1846.344 19.1432 0 0 0 1.55e-05 0.0001548 
5270000 5270 1000.0 8083079.636 1863.81 20.5223 0 0 0 1.61e-05 0.000161 
5280000 5280 1000.0 8102566.456 1879.909 21.6448 0 0 0 1.62e-05 0.0001617 
5290000 5290 1000.0 8122916.354 1908.285 22.5274 0 0 0 1.53e-05 0.0001533 
5300000 5300 1000.0 8142932.551 1925.159 23.1828 0 0 0 1.6e-05 0.0001603 
5310000 5310 1000.0 8162420.538 1930.198 23.7829 0 0 0 1.64e-05 0.0001638 
5320000 5320 1000.0 8182547.005 1945.183 24.3205 0 0 0 1.46e-05 0.0001461 
5330000 5330 1000.0 8202096.117 1946.99 24.6772 0 0 0 1.58e-05 0.0001577 
5340000 5340 1000.0 8221725.588 1949.807 25.0003 0 0 0 1.6e-05 0.0001602 
5350000 5350 1000.0 8241175.497 1948.501 25.3086 0 0 0 1.63e-05 0.0001629 
5360000 5360 1000.0 8260965.712 1954.225 23.0454 0 0 0 1.61e-05 0.0001609 
5370000 5370 1000.0 8280528.807 1954.124 23.9551 0 0 0 1.7e-05 0.0001695 
5380000 5380 1000.0 8300048.541 1953.817 24.3341 0 0 0 1.58e-05 0.000158 
5390000 5390 1000.0 8318619.529 1935.635 24.6673 0 0 0 1.72e-05 0.0001718 
5400000 5400 1000.0 8336873.884 1916.03 24.9351 0 0 0 1.55e-05 0.0001553 
5410000 5410 1000.0 8355188.336 1900.709 25.1606 0 0 0 1.63e-05 0.0001626 
5420000 5420 1000.0 8373469.425 1887.492 25.3258 0 0 0 1.63e-05 0.000163 
5430000 5430 1000.0 8391451.215 1873.0 25.4626 0 0 0 1.58e-05 0.000158 
5440000 5440 1000.0 8411526.705 1897.516 25.5184 0 0 0 1.64e-05 0.0001643 
5450000 5450 1000.0 8431923.992 1923.358 23.1293 0 0 0 1.6e-05 0.0001597 
5460000 5460 1000.0 8451946.764 1938.252 19.4554 0 0 0 1.51e-05 0.0001512 
5470000 5470 1000.0 8472031.841 1950.738 16.4518 0 0 0 1.52e-05 0.0001518 
5480000 5480 1000.0 8492277.029 1963.998 13.9925 0 0 0 1.59e-05 0.000159 
5490000 5490 1000.0 8511801.088 1961.303 11.9818 0 0 0 1.67e-05 0.0001668 
5500000 5500 1000.0 8526132.699 1859.57 10.3418 0 0 0 1.51e-05 0.0001512 
5510000 5510 1000.0 8544979.827 1864.258 10.3757 0 0 0 1.72e-05 0.0001716 
5520000 5520 1000.0 8563554.566 1862.202 9.0303 0 0 0 1.69e-05 0.0001694 
5530000 5530 1000.0 8583368.606 1883.982 9.1859 0 0 0 1.52e-05 0.0001524 
5540000 5540 1000.0 8603270.13 1904.066 8.0641 0 0 0 1.62e-05 0.0001615 
5550000 5550 1000.0 8622766.132 1912.88 8.3321 0 0 0 1.57e-05 0.0001567 
5560000 5560 1000.0 8641672.248 1908.972 12.0858 0 0 0 1.64e-05 0.0001635 
5570000 5570 1000.0 8660851.087 1908.854 13.3774 0 0 0 1.94e-05 0.0001943 
5580000 5580 1000.0 8680940.119 1927.429 16.4826 0 0 0 1.67e-05 0.0001668 
5590000 5590 1000.0 8700759.763 1937.063 18.7515 0 0 0 1.67e-05 0.0001675 
5600000 5600 1000.0 8720050.697 1935.306 20.5512 0 0 0 1.51e-05 0.0001509 
5610000 5610 1000.0 8739833.431 1943.235 22.0225 0 0 0 1.57e-05 0.0001572 
5620000 5620 1000.0 8759614.699 1949.113 23.156 0 0 0 1.75e-05 0.0001747 
5630000 5630 1000.0 8779075.135 1947.823 24.0222 0 0 0 1.35e-05 0.000135 
5640000 5640 1000.0 8798885.534 1954.49 24.8155 0 0 0 1.52e-05 0.000152 
5650000 5650 1000.0 8818823.437 1962.075 25.4096 0 0 0 1.63e-05 0.000163 
5660000 5660 1000.0 8838158.198 1956.723 25.806 0 0 0 1.55e-05 0.0001549 
5670000 5670 1000.0 8858013.37 1962.038 26.2303 0 0 0 1.54e-05 0.0001542 
5680000 5680 1000.0 8878425.801 1976.459 26.6165 0 0 0 1.55e-05 0.0001552 
5690000 5690 1000.0 8898927.091 1990.033 26.9273 0 0 0 1.64e-05 0.0001642 
5700000 5700 1000.0 8919217.438 1997.323 27.2817 0 0 0 1.42e-05 0.0001417 
5710000 5710 1000.0 8940124.449 2014.42 27.466 0 0 0 1.45e-05 0.0001452 
5720000 5720 1000.0 8959650.126 2003.389 27.6273 0 0 0 1.34e-05 0.0001337 
5730000 5730 1000.0 8980027.14 2009.749 27.7939 0 0 0 1.68e-05 0.0001676 
5740000 5740 1000.0 8998922.376 1986.851 28.0054 0 0 0 1.37e-05 0.0001372 
5750000 5750 1000.0 9017882.309 1970.109 28.0225 0 0 0 1.43e-05 0.0001434 
5760000 5760 1000.0 9038117.425 1980.088 28.0716 0 0 0 1.51e-05 0.0001514 
5770000 5770 1000.0 9056469.761 1956.08 28.1579 0 0 0 1.45e-05 0.000145 
5780000 5780 1000.0 9076009.1 1955.134 28.2595 0 0 0 1.53e-05 0.0001528 
5790000 5790 1000.0 9095707.169 1957.803 28.3145 0 0 0 1.65e-05 0.0001655 
5800000 5800 1000.0 9116295.555 1976.083 28.2956 0 0 0 1.39e-05 0.0001387 
5810000 5810 1000.0 9135911.132 1973.338 25.1796 0 0 0 1.5e-05 0.0001499 
5820000 5820 1000.0 9155038.251 1962.047 21.1213 0 0 0 1.55e-05 0.0001547 
5830000 5830 1000.0 9174667.632 1962.047 17.8132 0 0 0 1.44e-05 0.0001441 
5840000 5840 1000.0 9194331.681 1963.217 19.7395 0 0 0 1.48e-05 0.000148 
5850000 5850 1000.0 9213021.81 1945.41 21.3278 0 0 0 1.48e-05 0.0001477 
5860000 5860 1000.0 9233393.647 1962.552 22.7832 0 0 0 1.52e-05 0.0001516 
5870000 5870 1000.0 9253612.051 1973.947 23.9232 0 0 0 1.46e-05 0.0001458 
5880000 5880 1000.0 9273855.648 1983.0 24.8355 0 0 0 1.49e-05 0.0001491 
5890000 5890 1000.0 9294112.917 1991.006 25.5588 0 0 0 1.49e-05 0.0001487 
5900000 5900 1000.0 9314167.519 1993.646 26.1054 0 0 0 1.51e-05 0.0001506 
5910000 5910 1000.0 9334448.65 1999.763 26.6863 0 0 0 1.49e-05 0.0001491 
5920000 5920 1000.0 9354454.698 1999.922 27.0502 0 0 0 1.46e-05 0.0001458 
5930000 5930 1000.0 9374542.945 2001.365 27.3053 0 0 0 1.48e-05 0.0001481 
5940000 5940 1000.0 9394012.826 1991.744 27.5377 0 0 0 1.51e-05 0.0001509 
5950000 5950 1000.0 9412252.987 1961.749 27.8558 0 0 0 1.4e-05 0.0001403 
5960000 5960 1000.0 9432075.6 1965.666 28.0613 0 0 0 1.29e-05 0.0001287 
5970000 5970 1000.0 9452107.787 1972.447 28.2275 0 0 0 1.28e-05 0.0001282 
5980000 5980 1000.0 9471580.543 1967.988 28.5317 0 0 0 1.25e-05 0.0001251 
5990000 5990 1000.0 9491529.098 1972.494 28.6013 0 0 0 1.31e-05 0.0001313 
6000000 6000 1000.0 9511351.169 1974.368 28.5942 0 0 0 1.21e-05 0.0001206 
