1000 12 16.773 -330.813 -5.562 0.0178 0 0 0 0.0 0.0 
2000 26 30.433 -566.717 -8.447 0.0418 0 0 0 0.0 0.0 
3000 39 40.902 -856.605 -11.715 0.0526 0 0 0 0.0 0.0 
4000 53 48.99 -1160.159 -14.113 0.0604 0 0 0 0.0 0.0 
5000 66 55.294 -1469.209 -16.325 0.0678 0 0 0 0.0 0.0 
6000 81 57.727 -1763.357 -16.973 0.072 0 0 0 0.0 0.0 
7000 96 61.27 -2058.374 -18.073 0.0779 0 0 0 0.0 0.0 
8000 109 64.726 -2360.64 -19.261 0.0806 0 0 0 0.0 0.0 
9000 122 67.309 -2658.267 -20.057 0.0853 0 0 0 0.0 0.0 
10000 135 69.127 -2993.979 -21.388 0.089 0 0 0 0.0 0.0 
11000 150 69.173 -3282.528 -20.907 0.0869 0 0 0 0.0 0.0 
12000 164 69.033 -3508.431 -19.587 0.0893 0 0 0 0.0 0.0 
13000 177 70.818 -3804.987 -20.33 0.091 0 0 0 0.0 0.0 
14000 191 70.381 -4117.958 -20.124 0.0902 0 0 0 0.0 0.0 
15000 206 70.536 -4400.313 -20.601 0.0883 0 0 0 0.0 0.0 
16000 219 71.284 -4729.055 -21.402 0.0936 0 0 0 0.0 0.0 
17000 232 72.952 -4971.351 -20.804 0.1178 0 0 0 0.3033359 5.11e-05 
18000 244 75.464 -5071.096 -18.101 0.1528 0 0 0 0.2197973 4.59e-05 
19000 253 80.841 -5167.353 -16.97 0.1813 0 0 0 0.1791928 4.01e-05 
20000 261 88.546 -5269.554 -16.397 0.2152 0 0 0 0.0867366 0.0001353 
21000 268 93.654 -5374.486 -16.147 0.2358 0 0 0 0.0568936 0.0004699 
22000 277 98.303 -5485.207 -15.506 0.2553 0 0 0 0.0520969 0.0014195 
23000 283 106.038 -5602.861 -15.954 0.2903 0 0 0 0.0305727 0.0021269 
24000 288 115.153 -5683.41 -15.953 0.3183 0 0 0 0.0255346 0.003599 
25000 293 121.561 -5798.261 -16.419 0.3402 0 0 0 0.0229668 0.0051353 
26000 298 129.571 -5866.502 -16.417 0.3684 0 0 0 0.0217711 0.006063 
27000 303 134.249 -5952.388 -16.355 0.3865 0 0 0 0.0232763 0.0080802 
28000 308 142.752 -6060.177 -16.909 0.4224 0 0 0 0.0254447 0.0099557 
29000 312 152.632 -6163.979 -17.708 0.4638 0 0 0 0.0255708 0.0114874 
30000 317 153.616 -6214.12 -16.857 0.4739 0 0 0 0.0274493 0.0140716 
31000 323 156.222 -6321.426 -17.108 0.4925 0 0 0 0.0270457 0.0164958 
32000 329 158.504 -6414.539 -16.791 0.5041 0 0 0 0.0230539 0.017834 
33000 336 155.315 -6493.5 -16.019 0.4924 0 0 0 0.0265607 0.0214629 
34000 340 161.329 -6538.436 -15.661 0.537 0 0 0 0.0245815 0.0223939 
35000 347 161.693 -6572.148 -14.389 0.5567 0 0 0 0.0226416 0.0271339 
36000 350 167.047 -6599.399 -13.981 0.5877 0 0 0 0.0205379 0.0283458 
37000 354 171.914 -6622.474 -13.556 0.6021 0 0 0 0.0187764 0.0296732 
38000 359 179.399 -6666.123 -13.028 0.6538 0 0 0 0.0203614 0.0315652 
39000 363 185.231 -6687.54 -12.354 0.6683 0 0 0 0.0193799 0.0327542 
40000 365 185.289 -6687.92 -11.928 0.6642 0 0 0 0.0213451 0.0351765 
41000 367 200.102 -6703.276 -11.886 0.7443 0 0 0 0.0216605 0.0360452 
42000 371 212.294 -6699.216 -10.67 0.7966 0 0 0 0.0241392 0.0362727 
43000 375 212.792 -6738.813 -10.575 0.7931 0 0 0 0.0210392 0.0356545 
44000 378 218.66 -6771.151 -10.47 0.8138 0 0 0 0.0204051 0.0353771 
45000 381 222.105 -6810.231 -10.814 0.8194 0 0 0 0.021103 0.0365199 
46000 385 229.16 -6851.248 -10.589 0.8497 0 0 0 0.0193411 0.0357674 
47000 390 229.981 -6857.933 -9.85 0.8441 0 0 0 0.0187714 0.0363284 
48000 391 245.381 -6843.117 -9.365 0.9159 0 0 0 0.0197596 0.0377111 
49000 395 241.793 -6869.22 -9.091 0.8958 0 0 0 0.0196086 0.0363081 
50000 398 241.367 -6878.206 -8.966 0.8945 0 0 0 0.0198835 0.0376251 
51000 400 260.149 -6891.469 -8.639 0.9823 0 0 0 0.0191347 0.0352097 
52000 401 259.886 -6890.343 -8.603 0.9802 0 0 0 0.0186472 0.0364191 
53000 405 273.57 -6895.958 -7.908 1.0374 0 0 0 0.0182827 0.0345352 
54000 407 280.768 -6904.861 -7.887 1.0749 0 0 0 0.0182288 0.0341951 
55000 409 286.464 -6909.08 -7.557 1.1041 0 0 0 0.0177309 0.031679 
56000 411 292.898 -6927.865 -7.593 1.128 0 0 0 0.0163451 0.0290782 
57000 414 299.566 -6945.09 -7.525 1.1482 0 0 0 0.0152463 0.0275734 
58000 415 302.235 -6953.907 -7.508 1.1598 0 0 0 0.0149052 0.0276567 
59000 418 317.392 -6961.785 -7.286 1.2244 0 0 0 0.0136873 0.0255028 
60000 420 324.04 -6961.915 -7.056 1.2503 0 0 0 0.0136668 0.0248509 
61000 423 321.335 -6971.92 -6.75 1.2379 0 0 0 0.0141258 0.0235854 
62000 426 324.982 -6974.133 -6.514 1.2427 0 0 0 0.0136726 0.0215491 
63000 427 333.203 -6976.486 -6.364 1.2744 0 0 0 0.011277 0.0192237 
64000 429 342.44 -6976.564 -6.099 1.318 0 0 0 0.0105263 0.0168182 
65000 430 343.672 -6983.405 -6.03 1.3248 0 0 0 0.0087941 0.0145744 
66000 431 356.798 -6982.766 -5.955 1.3792 0 0 0 0.0079353 0.0139662 
67000 432 369.662 -6976.144 -5.82 1.4524 0 0 0 0.0078487 0.0127324 
68000 433 382.269 -6979.927 -5.586 1.5326 0 0 0 0.006194 0.0114727 
69000 434 391.304 -6982.413 -5.617 1.6209 0 0 0 0.0051609 0.0100495 
70000 435 403.477 -6976.007 -5.505 1.7688 0 0 0 0.0048845 0.0097388 
71000 437 425.04 -6981.958 -5.325 1.9202 0 0 0 0.0040139 0.0093287 
72000 438 420.419 -6969.054 -5.141 1.893 0 0 0 0.0044868 0.0095999 
73000 439 432.011 -6975.18 -4.813 1.9656 0 0 0 0.0044168 0.0105943 
74000 440 443.37 -6977.968 -4.817 2.0177 0 0 0 0.0040999 0.010285 
75000 442 455.613 -6976.447 -4.675 2.0688 0 0 0 0.0032236 0.009283 
76000 443 466.501 -6977.027 -4.686 2.1272 0 0 0 0.0032118 0.0097409 
77000 444 477.171 -6980.354 -4.612 2.1919 0 0 0 0.0028429 0.0101282 
78000 445 487.627 -6985.264 -4.556 2.2302 0 0 0 0.0027232 0.0094507 
79000 446 497.875 -6989.984 -4.635 2.281 0 0 0 0.0026249 0.0096787 
80000 447 507.917 -6995.434 -4.602 2.3191 0 0 0 0.0022118 0.0091453 
81000 448 517.759 -6998.803 -4.57 2.3564 0 0 0 0.0020026 0.0082746 
82000 449 527.404 -7000.134 -4.582 2.405 0 0 0 0.0017055 0.0082107 
83000 450 536.856 -7004.321 -4.519 2.4645 0 0 0 0.0017471 0.0075725 
