0 0 0.0 0.0 0.0 0.0 0 0 0 0.0 0.0 0.0 0.0 
10000 10 182.466 1.0 0.018 0.4444 0 0 0 0.0 0.0 0.0 0.0 
20000 20 332.015 1.0 0.015 0.8047 0 0 0 0.0 0.0 0.0 0.0 
30000 142 106.641 -105.0 -0.717 0.7472 0 0 0 0.0015748 0.0015747 0.0005534 0.0007919 
40000 153 275.488 -104.0 -0.558 2.1886 0 0 0 0.0014012 0.0014012 0.0003575 0.001191 
50000 164 405.046 -106.0 -0.481 3.3031 0 0 0 0.0014057 0.0014057 0.0002472 0.0016743 
60000 188 425.593 -115.0 -0.427 3.5255 0 0 0 0.0014621 0.0014621 0.0002115 0.0019125 
70000 198 525.69 -117.0 -0.387 4.3772 0 0 0 0.0013881 0.0013881 0.0001575 0.0019863 
80000 208 609.982 -118.0 -0.335 5.0943 0 0 0 0.0012556 0.0012556 0.0001239 0.0020608 
90000 218 681.327 -118.0 -0.274 5.7124 0 0 0 0.0011565 0.0011564 9.72e-05 0.0022002 
100000 228 739.621 -118.0 -0.224 6.2065 0 0 0 0.0011011 0.001101 7.64e-05 0.0022876 
110000 377 91.407 -237.0 -0.813 0.776 0 0 0 0.0010574 0.0010574 6.24e-05 0.0024257 
120000 464 103.215 -289.0 -0.625 0.8768 0 0 0 0.0012266 0.0012266 5.78e-05 0.0027134 
130000 485 227.415 -296.0 -0.514 1.9317 0 0 0 0.001246 0.001246 5.29e-05 0.0029314 
140000 499 357.292 -291.0 -0.296 3.0543 0 0 0 0.0012646 0.0012646 4.56e-05 0.0031461 
150000 511 451.847 -289.0 -0.199 3.8485 0 0 0 0.00128 0.00128 4.03e-05 0.003279 
160000 531 465.062 -276.0 0.091 3.9642 0 0 0 0.0012855 0.0012855 3.7e-05 0.0035472 
170000 548 510.841 -270.0 0.161 4.3599 0 0 0 0.001338 0.001338 3.43e-05 0.0038942 
180000 589 360.253 -260.0 0.15 3.0624 0 0 0 0.0014324 0.0014324 3.31e-05 0.0041731 
190000 608 400.353 -259.0 0.139 3.4177 0 0 0 0.001434 0.001434 3.38e-05 0.0045789 
200000 633 411.835 -254.0 0.187 3.4779 0 0 0 0.0014353 0.0014353 2.77e-05 0.0049933 
210000 650 458.958 -245.0 0.287 3.8947 0 0 0 0.0013375 0.0013375 2.45e-05 0.0052622 
220000 668 492.585 -235.0 0.364 4.1735 0 0 0 0.0012709 0.0012709 2.26e-05 0.0053493 
230000 686 507.862 -228.0 0.372 4.3173 0 0 0 0.0011999 0.0011999 1.91e-05 0.0056036 
240000 700 558.889 -224.0 0.356 4.7516 0 0 0 0.0011685 0.0011685 1.69e-05 0.0056901 
250000 713 608.453 -220.0 0.345 5.1683 0 0 0 0.001122 0.001122 2.19e-05 0.0057125 
260000 728 620.74 -215.0 0.343 5.2601 0 0 0 0.00114 0.00114 1.42e-05 0.0059471 
270000 744 619.268 -206.0 0.408 5.2451 0 0 0 0.0011294 0.0011294 1.57e-05 0.0063398 
280000 757 644.341 -201.0 0.405 5.4762 0 0 0 0.001136 0.001136 1.74e-05 0.006762 
290000 774 620.93 -190.0 0.477 5.2911 0 0 0 0.00115 0.00115 1.17e-05 0.006987 
300000 799 538.725 -171.0 0.595 4.5822 0 0 0 0.001105 0.001105 1.15e-05 0.0073416 
310000 824 487.606 -154.0 0.624 4.1638 0 0 0 0.0011304 0.0011304 1.17e-05 0.0076204 
320000 842 506.59 -143.0 0.621 4.3298 0 0 0 0.0010694 0.0010694 1.64e-05 0.0077131 
330000 864 476.072 -129.0 0.635 4.0623 0 0 0 0.0010594 0.0010594 1.67e-05 0.007665 
340000 889 432.737 -108.0 0.722 3.7214 0 0 0 0.0009989 0.0009989 8.1e-06 0.0078827 
350000 921 372.342 -107.0 0.39 3.1895 0 0 0 0.0009766 0.0009766 8.3e-06 0.0081546 
360000 944 397.988 -89.0 0.532 3.39 0 0 0 0.0009497 0.0009497 7.8e-06 0.0081612 
370000 978 362.074 -64.0 0.611 3.096 0 0 0 0.0009456 0.0009456 7.3e-06 0.0083417 
380000 999 410.444 -65.0 0.387 3.526 0 0 0 0.0009088 0.0009088 9e-06 0.0082858 
390000 1012 498.228 -59.0 0.405 4.2934 0 0 0 0.000899 0.000899 5.9e-06 0.0082425 
400000 1035 462.68 -44.0 0.494 3.976 0 0 0 0.0009068 0.0009068 6.7e-06 0.0080742 
410000 1059 454.409 -32.0 0.489 3.8916 0 0 0 0.0008786 0.0008786 6.9e-06 0.0080276 
420000 1087 403.431 -10.0 0.613 3.4514 0 0 0 0.0008428 0.0008428 5.6e-06 0.0078948 
430000 1115 379.075 11.0 0.678 3.2302 0 0 0 0.0008304 0.0008304 6.5e-06 0.0078999 
440000 1142 378.614 32.0 0.719 3.2265 0 0 0 0.0008096 0.0008096 7.3e-06 0.0077681 
450000 1169 359.34 46.0 0.64 3.0697 0 0 0 0.000804 0.000804 4.5e-06 0.0077153 
460000 1198 361.373 65.0 0.643 3.0976 0 0 0 0.0007732 0.0007732 4.6e-06 0.0076958 
470000 1224 361.186 80.0 0.605 3.098 0 0 0 0.0007693 0.0007693 5.7e-06 0.007617 
480000 1278 241.159 127.0 0.772 2.0901 0 0 0 0.0007558 0.0007558 1.36e-05 0.0075222 
490000 1322 224.839 147.0 0.569 1.9458 0 0 0 0.0007582 0.0007582 4.2e-06 0.00742 
500000 1395 152.645 212.0 0.85 1.3246 0 0 0 0.0007273 0.0007273 1e-05 0.0072674 
510000 1450 178.101 265.0 0.926 1.5284 0 0 0 0.0007256 0.0007256 5.9e-06 0.0073318 
520000 1544 112.837 357.0 0.979 0.9801 0 0 0 0.0006977 0.0006977 6.9e-06 0.0072851 
530000 1650 87.209 420.0 0.506 0.7609 0 0 0 0.000677 0.000677 4.4e-06 0.0073986 
540000 1771 89.905 458.0 0.48 0.7845 0 0 0 0.0006788 0.0006788 5.1e-06 0.0073128 
550000 1849 123.943 527.0 0.831 1.0802 0 0 0 0.0006685 0.0006685 5.3e-06 0.0071981 
560000 1948 102.61 622.0 0.93 0.9038 0 0 0 0.0006651 0.0006651 7.2e-06 0.0071687 
570000 2057 94.68 730.0 0.983 0.8277 0 0 0 0.0006383 0.0006383 6.4e-06 0.0070975 
580000 2184 71.482 849.0 0.95 0.6244 0 0 0 0.0006273 0.0006273 5.4e-06 0.0070442 
590000 2272 112.568 929.0 0.925 0.9821 0 0 0 0.0006077 0.0006077 6.1e-06 0.0070499 
600000 2398 80.386 1044.0 0.879 0.6993 0 0 0 0.0005923 0.0005923 4.8e-06 0.0070314 
610000 2558 75.761 1199.0 0.968 0.6557 0 0 0 0.0005923 0.0005923 7.5e-06 0.0068463 
620000 2736 54.583 1363.0 0.952 0.4803 0 0 0 0.0005727 0.0005727 4.6e-06 0.006761 
630000 2889 56.415 1513.0 0.98 0.494 0 0 0 0.0005652 0.0005652 4.6e-06 0.0066685 
640000 3041 65.239 1657.0 0.921 0.5585 0 0 0 0.0005574 0.0005574 5.8e-06 0.006652 
650000 3176 67.855 1789.0 0.983 0.5981 0 0 0 0.0005502 0.0005502 4e-06 0.0065556 
660000 3361 49.356 1972.0 0.976 0.4409 0 0 0 0.0005337 0.0005337 5.3e-06 0.0063124 
670000 3502 67.144 2109.0 0.978 0.5836 0 0 0 0.0005396 0.0005396 8.3e-06 0.0061263 
680000 3642 67.134 2241.0 0.928 0.5794 0 0 0 0.0005204 0.0005204 5.8e-06 0.0060568 
690000 3832 48.765 2431.0 0.998 0.4336 0 0 0 0.0005217 0.0005217 3.9e-06 0.0059248 
700000 3990 61.289 2589.0 1.0 0.5343 0 0 0 0.0005256 0.0005256 6.5e-06 0.0057854 
710000 4153 59.717 2751.0 0.998 0.5231 0 0 0 0.0005043 0.0005043 3.8e-06 0.0058093 
720000 4333 52.645 2931.0 1.0 0.4661 0 0 0 0.0004999 0.0004999 3.7e-06 0.0055804 
730000 4508 54.488 3102.0 0.961 0.4785 0 0 0 0.0004885 0.0004885 3.7e-06 0.0054628 
740000 4700 48.056 3292.0 0.996 0.4264 0 0 0 0.0004558 0.0004558 3e-06 0.0054948 
750000 4920 45.378 3512.0 1.0 0.4 0 0 0 0.0004312 0.0004312 3.8e-06 0.0053337 
760000 5119 47.974 3709.0 0.995 0.4273 0 0 0 0.0004268 0.0004268 6.4e-06 0.0051874 
770000 5313 53.101 3899.0 0.984 0.466 0 0 0 0.0004144 0.0004144 2.9e-06 0.005225 
780000 5462 55.642 4044.0 0.992 0.4888 0 0 0 0.0004068 0.0004068 4.7e-06 0.0051531 
790000 5654 54.105 4234.0 0.997 0.485 0 0 0 0.0004079 0.0004079 6.3e-06 0.0050331 
800000 5855 50.039 4433.0 0.998 0.4448 0 0 0 0.0004018 0.0004018 2.8e-06 0.0050157 
810000 6031 49.571 4606.0 0.996 0.4412 0 0 0 0.0004029 0.0004029 2.5e-06 0.0048449 
820000 6227 47.131 4796.0 0.995 0.4144 0 0 0 0.0003913 0.0003913 3.5e-06 0.0048776 
830000 6423 54.802 4974.0 0.931 0.4813 0 0 0 0.0003807 0.0003807 2.9e-06 0.0048146 
840000 6598 49.905 5133.0 0.918 0.4402 0 0 0 0.0003767 0.0003767 3.6e-06 0.004649 
850000 6812 47.325 5335.0 0.952 0.4283 0 0 0 0.0003601 0.0003601 2.5e-06 0.0045887 
860000 6999 47.835 5519.0 0.997 0.4268 0 0 0 0.0003523 0.0003523 9.2e-06 0.0045909 
870000 7225 42.038 5743.0 0.995 0.371 0 0 0 0.0003554 0.0003554 2.8e-06 0.0045562 
880000 7431 57.601 5947.0 0.999 0.5069 0 0 0 0.0003455 0.0003455 3.7e-06 0.0045314 
890000 7651 43.876 6161.0 0.943 0.3909 0 0 0 0.0003411 0.0003411 5.3e-06 0.0044583 
900000 7820 50.453 6305.0 0.879 0.4475 0 0 0 0.0003245 0.0003245 3.5e-06 0.004474 
910000 7999 57.101 6470.0 0.931 0.5042 0 0 0 0.0003265 0.0003265 3.9e-06 0.0044436 
920000 8164 65.149 6629.0 0.97 0.5729 0 0 0 0.0003235 0.0003235 2.9e-06 0.0044265 
930000 8343 67.468 6807.0 0.986 0.5942 0 0 0 0.0003217 0.0003217 3.7e-06 0.0043405 
940000 8554 48.412 7017.0 0.998 0.4189 0 0 0 0.0003157 0.0003157 2.6e-06 0.0043391 
950000 8766 42.022 7228.0 0.999 0.3712 0 0 0 0.0003197 0.0003197 3.5e-06 0.0043679 
960000 8971 48.539 7433.0 1.0 0.4265 0 0 0 0.0003133 0.0003133 7.5e-06 0.0043651 
970000 9200 41.609 7662.0 1.0 0.3741 0 0 0 0.0003173 0.0003173 2.3e-06 0.0043274 
980000 9384 51.985 7845.0 0.997 0.4695 0 0 0 0.0002966 0.0002966 2.2e-06 0.0042187 
990000 9606 46.973 8063.0 0.965 0.4148 0 0 0 0.0002926 0.0002926 2.2e-06 0.0041452 
