1000.0 10.0 -348.077 nan nan -0.3481 nan nan -6.307 nan nan 
2000.0 20.0 -576.981 nan nan -0.2885 nan nan -9.328 nan nan 
3000.0 31.0 -855.53 nan nan -0.2852 nan nan -12.13 nan nan 
4000.0 41.0 -1273.769 nan nan -0.3184 nan nan -17.44 nan nan 
5000.0 51.0 -1649.196 nan nan -0.3298 nan nan -21.669 nan nan 
6000.0 59.0 -1906.495 nan nan -0.3177 nan nan -22.053 nan nan 
7000.0 69.0 -2234.904 nan nan -0.3193 nan nan -24.917 nan nan 
8000.0 77.0 -2634.45 nan nan -0.3293 nan nan -28.165 nan nan 
9000.0 86.0 -3012.92 nan nan -0.3348 nan nan -31.056 nan nan 
10000.0 95.0 -3364.878 nan nan -0.3365 nan nan -32.416 nan nan 
11000.0 104.0 -3693.118 nan nan -0.3357 nan nan -33.04 nan nan 
12000.0 111.0 -3994.323 nan nan -0.3329 nan nan -34.355 nan nan 
13000.0 121.0 -4388.263 nan nan -0.3376 nan nan -35.12 nan nan 
14000.0 130.0 -4743.722 nan nan -0.3388 nan nan -35.359 nan nan 
15000.0 140.0 -5077.761 nan nan -0.3385 nan nan -35.621 nan nan 
16000.0 149.0 -5360.516 nan nan -0.335 nan nan -34.716 nan nan 
17000.0 158.0 -5708.092 nan nan -0.3358 nan nan -35.46 nan nan 
18000.0 166.0 -5851.278 nan nan -0.3251 nan nan -32.852 nan nan 
19000.0 177.0 -5994.32 nan nan -0.3155 nan nan -28.943 nan nan 
20000.0 186.0 -6083.553 nan nan -0.3042 nan nan -25.709 nan nan 
21000.0 197.0 -6228.178 nan nan -0.2966 nan nan -23.239 nan nan 
22000.0 206.0 -6353.668 nan nan -0.2888 nan nan -21.689 nan nan 
23000.0 215.0 -6427.21 nan nan -0.2794 nan nan -19.439 nan nan 
24000.0 222.0 -6500.542 nan nan -0.2709 nan nan -18.263 nan nan 
25000.0 231.0 -6555.358 nan nan -0.2622 nan nan -16.26 nan nan 
26000.0 238.0 -6580.424 nan nan -0.2531 nan nan -14.551 nan nan 
27000.0 245.0 -6676.162 nan nan -0.2473 nan nan -14.194 nan nan 
28000.0 252.0 -6805.509 nan nan -0.2431 nan nan -15.0 nan nan 
29000.0 259.0 -6919.993 nan nan -0.2386 nan nan -15.28 nan nan 
30000.0 266.0 -6968.853 nan nan -0.2323 nan nan -14.194 nan nan 
31000.0 273.0 -7085.089 nan nan -0.2286 nan nan -14.603 nan nan 
32000.0 279.0 -7193.614 nan nan -0.2248 nan nan -14.781 nan nan 
33000.0 283.0 -7242.743 nan nan -0.2195 nan nan -14.694 nan nan 
34000.0 288.0 -7347.359 nan nan -0.2161 nan nan -15.212 nan nan 
35000.0 291.0 -7389.412 nan nan -0.2111 nan nan -15.263 nan nan 
36000.0 295.0 -7457.234 nan nan -0.2071 nan nan -15.35 nan nan 
37000.0 300.0 -7503.669 nan nan -0.2028 nan nan -14.306 nan nan 
38000.0 305.0 -7540.239 nan nan -0.1984 nan nan -13.721 nan nan 
39000.0 309.0 -7584.631 nan nan -0.1945 nan nan -13.588 nan nan 
40000.0 315.0 -7657.028 nan nan -0.1914 nan nan -13.572 nan nan 
41000.0 319.0 -7698.412 nan nan -0.1878 nan nan -13.376 nan nan 
42000.0 323.0 -7742.821 nan nan -0.1844 nan nan -13.17 nan nan 
43000.0 327.0 -7767.067 nan nan -0.1806 nan nan -12.68 nan nan 
44000.0 328.0 -7766.921 nan nan -0.1765 nan nan -12.727 nan nan 
45000.0 331.0 -7773.796 nan nan -0.1728 nan nan -11.883 nan nan 
46000.0 334.0 -7801.626 nan nan -0.1696 nan nan -11.732 nan nan 
47000.0 337.0 -7810.173 nan nan -0.1662 nan nan -11.238 nan nan 
48000.0 339.0 -7818.668 nan nan -0.1629 nan nan -10.944 nan nan 
49000.0 340.0 -7823.523 nan nan -0.1597 nan nan -10.86 nan nan 
50000.0 341.0 -7827.929 nan nan -0.1566 nan nan -10.616 nan nan 
51000.0 343.0 -7839.015 nan nan -0.1537 nan nan -10.437 nan nan 
52000.0 344.0 -7852.522 nan nan -0.151 nan nan -10.478 nan nan 
53000.0 345.0 -7866.508 nan nan -0.1484 nan nan -10.592 nan nan 
54000.0 347.0 -7885.094 nan nan -0.146 nan nan -10.481 nan nan 
55000.0 348.0 -7903.221 nan nan -0.1437 nan nan -10.588 nan nan 
56000.0 350.0 -7921.145 nan nan -0.1414 nan nan -10.529 nan nan 
57000.0 351.0 -7936.924 nan nan -0.1392 nan nan -10.656 nan nan 
58000.0 353.0 -7954.733 nan nan -0.1372 nan nan -10.626 nan nan 
59000.0 354.0 -7960.239 nan nan -0.1349 nan nan -10.468 nan nan 
60000.0 355.0 -7971.395 nan nan -0.1329 nan nan -10.456 nan nan 
61000.0 356.0 -7976.65 nan nan -0.1308 nan nan -10.479 nan nan 
62000.0 357.0 -7987.911 nan nan -0.1288 nan nan -10.354 nan nan 
63000.0 358.0 -7994.114 nan nan -0.1269 nan nan -10.362 nan nan 
64000.0 359.0 -7993.052 nan nan -0.1249 nan nan -10.316 nan nan 
65000.0 360.0 -8002.648 nan nan -0.1231 nan nan -9.954 nan nan 
66000.0 361.0 -8011.92 nan nan -0.1214 nan nan -9.965 nan nan 
67000.0 362.0 -8023.122 nan nan -0.1197 nan nan -9.947 nan nan 
68000.0 363.0 -8031.296 nan nan -0.1181 nan nan -9.965 nan nan 
69000.0 364.0 -8042.177 nan nan -0.1166 nan nan -9.941 nan nan 
70000.0 365.0 -8049.107 nan nan -0.115 nan nan -9.934 nan nan 
71000.0 366.0 -8059.956 nan nan -0.1135 nan nan -9.879 nan nan 
72000.0 367.0 -8067.121 nan nan -0.112 nan nan -9.911 nan nan 
73000.0 368.0 -8074.689 nan nan -0.1106 nan nan -9.849 nan nan 
74000.0 369.0 -8083.624 nan nan -0.1092 nan nan -9.825 nan nan 
75000.0 370.0 -8095.827 nan nan -0.1079 nan nan -9.767 nan nan 
76000.0 371.0 -8101.14 nan nan -0.1066 nan nan -9.828 nan nan 
77000.0 372.0 -8108.114 nan nan -0.1053 nan nan -9.746 nan nan 
78000.0 373.0 -8114.968 nan nan -0.104 nan nan -9.691 nan nan 
79000.0 374.0 -8120.818 nan nan -0.1028 nan nan -9.639 nan nan 
80000.0 375.0 -8132.836 nan nan -0.1017 nan nan -9.552 nan nan 
81000.0 376.0 -8145.804 nan nan -0.1006 nan nan -9.628 nan nan 
82000.0 377.0 -8152.6 nan nan -0.0994 nan nan -9.67 nan nan 
83000.0 378.0 -8161.56 nan nan -0.0983 nan nan -9.636 nan nan 
84000.0 379.0 -8173.626 nan nan -0.0973 nan nan -9.612 nan nan 
85000.0 380.0 -8177.983 nan nan -0.0962 nan nan -9.648 nan nan 
86000.0 381.0 -8188.251 nan nan -0.0952 nan nan -9.555 nan nan 
87000.0 382.0 -8201.283 nan nan -0.0943 nan nan -9.578 nan nan 
88000.0 383.0 -8209.47 nan nan -0.0933 nan nan -9.65 nan nan 
89000.0 384.0 -8214.054 nan nan -0.0923 nan nan -9.588 nan nan 
90000.0 385.0 -8225.812 nan nan -0.0914 nan nan -9.5 nan nan 
91000.0 386.0 -8233.313 nan nan -0.0905 nan nan -9.545 nan nan 
92000.0 387.0 -8245.08 nan nan -0.0896 nan nan -9.515 nan nan 
93000.0 388.0 -8252.616 nan nan -0.0887 nan nan -9.542 nan nan 
94000.0 389.0 -8257.759 nan nan -0.0878 nan nan -9.499 nan nan 
95000.0 390.0 -8262.983 nan nan -0.087 nan nan -9.439 nan nan 
96000.0 391.0 -8273.276 nan nan -0.0862 nan nan -9.326 nan nan 
97000.0 392.0 -8280.67 nan nan -0.0854 nan nan -9.355 nan nan 
98000.0 393.0 -8288.789 nan nan -0.0846 nan nan -9.311 nan nan 
99000.0 394.0 -8296.18 nan nan -0.0838 nan nan -9.301 nan nan 
100000.0 395.0 -8302.926 nan nan -0.083 nan nan -9.262 nan nan 
101000.0 396.0 -8314.736 nan nan -0.0823 nan nan -9.213 nan nan 
102000.0 397.0 -8323.493 nan nan -0.0816 nan nan -9.274 nan nan 
103000.0 399.0 -8332.886 nan nan -0.0809 nan nan -9.095 nan nan 
104000.0 400.0 -8343.287 nan nan -0.0802 nan nan -9.156 nan nan 
105000.0 402.0 -8349.903 nan nan -0.0795 nan nan -9.037 nan nan 
106000.0 403.0 -8358.844 nan nan -0.0789 nan nan -9.007 nan nan 
107000.0 404.0 -8365.141 nan nan -0.0782 nan nan -9.045 nan nan 
108000.0 405.0 -8369.894 nan nan -0.0775 nan nan -8.908 nan nan 
109000.0 406.0 -8375.425 nan nan -0.0768 nan nan -8.852 nan nan 
110000.0 407.0 -8382.707 nan nan -0.0762 nan nan -8.808 nan nan 
111000.0 408.0 -8392.883 nan nan -0.0756 nan nan -8.807 nan nan 
112000.0 409.0 -8397.71 nan nan -0.075 nan nan -8.818 nan nan 
113000.0 410.0 -8399.025 nan nan -0.0743 nan nan -8.613 nan nan 
114000.0 411.0 -8404.056 nan nan -0.0737 nan nan -8.579 nan nan 
115000.0 412.0 -8410.834 nan nan -0.0731 nan nan -8.532 nan nan 
116000.0 414.0 -8415.516 nan nan -0.0725 nan nan -8.221 nan nan 
117000.0 415.0 -8423.856 nan nan -0.072 nan nan -8.252 nan nan 
118000.0 417.0 -8430.72 nan nan -0.0714 nan nan -8.069 nan nan 
119000.0 418.0 -8438.15 nan nan -0.0709 nan nan -8.045 nan nan 
120000.0 419.0 -8447.598 nan nan -0.0704 nan nan -8.082 nan nan 
121000.0 420.0 -8457.919 nan nan -0.0699 nan nan -8.092 nan nan 
122000.0 421.0 -8463.333 nan nan -0.0694 nan nan -8.122 nan nan 
123000.0 422.0 -8467.527 nan nan -0.0688 nan nan -7.993 nan nan 
124000.0 423.0 -8480.198 nan nan -0.0684 nan nan -8.063 nan nan 
125000.0 424.0 -8488.113 nan nan -0.0679 nan nan -8.103 nan nan 
126000.0 425.0 -8496.2 nan nan -0.0674 nan nan -8.102 nan nan 
127000.0 426.0 -8507.994 nan nan -0.067 nan nan -8.095 nan nan 
128000.0 427.0 -8517.412 nan nan -0.0665 nan nan -7.96 nan nan 
129000.0 428.0 -8524.214 nan nan -0.0661 nan nan -8.03 nan nan 
130000.0 429.0 -8519.493 nan nan -0.0655 nan nan -7.978 nan nan 
131000.0 430.0 -8521.009 nan nan -0.065 nan nan -7.703 nan nan 
132000.0 431.0 -8531.756 nan nan -0.0646 nan nan -7.624 nan nan 
133000.0 432.0 -8535.052 nan nan -0.0642 nan nan -7.626 nan nan 
134000.0 434.0 -8538.624 nan nan -0.0637 nan nan -7.418 nan nan 
135000.0 436.0 -8544.531 nan nan -0.0633 nan nan -7.273 nan nan 
136000.0 437.0 -8548.053 nan nan -0.0629 nan nan -7.25 nan nan 
137000.0 439.0 -8549.401 nan nan -0.0624 nan nan -6.952 nan nan 
138000.0 440.0 -8557.082 nan nan -0.062 nan nan -6.936 nan nan 
139000.0 442.0 -8551.819 nan nan -0.0615 nan nan -6.633 nan nan 
140000.0 443.0 -8558.401 nan nan -0.0611 nan nan -6.624 nan nan 
141000.0 445.0 -8551.184 nan nan -0.0606 nan nan -6.222 nan nan 
142000.0 446.0 -8561.155 nan nan -0.0603 nan nan -6.321 nan nan 
143000.0 447.0 -8566.039 nan nan -0.0599 nan nan -6.372 nan nan 
144000.0 448.0 -8566.27 nan nan -0.0595 nan nan -6.342 nan nan 
145000.0 450.0 -8560.575 nan nan -0.059 nan nan -5.902 nan nan 
146000.0 451.0 -8565.435 nan nan -0.0587 nan nan -5.85 nan nan 
147000.0 452.0 -8573.597 nan nan -0.0583 nan nan -5.908 nan nan 
148000.0 453.0 -8588.874 nan nan -0.058 nan nan -5.967 nan nan 
149000.0 457.0 -8591.722 nan nan -0.0577 nan nan -5.614 nan nan 
150000.0 458.0 -8600.299 nan nan -0.0573 nan nan -5.571 nan nan 
151000.0 460.0 -8594.362 nan nan -0.0569 nan nan -5.359 nan nan 
152000.0 462.0 -8589.268 nan nan -0.0565 nan nan -4.975 nan nan 
153000.0 463.0 -8593.753 nan nan -0.0562 nan nan -5.007 nan nan 
154000.0 464.0 -8592.739 nan nan -0.0558 nan nan -4.91 nan nan 
155000.0 466.0 -8595.292 nan nan -0.0555 nan nan -4.787 nan nan 
156000.0 467.0 -8598.988 nan nan -0.0551 nan nan -4.771 nan nan 
157000.0 468.0 -8609.264 nan nan -0.0548 nan nan -4.811 nan nan 
158000.0 471.0 -8608.47 nan nan -0.0545 nan nan -4.554 nan nan 
159000.0 472.0 -8614.866 nan nan -0.0542 nan nan -4.573 nan nan 
160000.0 474.0 -8616.282 nan nan -0.0539 nan nan -4.495 nan nan 
161000.0 475.0 -8619.066 nan nan -0.0535 nan nan -4.507 nan nan 
162000.0 478.0 -8617.664 nan nan -0.0532 nan nan -4.132 nan nan 
163000.0 479.0 -8619.467 nan nan -0.0529 nan nan -4.132 nan nan 
164000.0 480.0 -8623.827 nan nan -0.0526 nan nan -4.164 nan nan 
165000.0 485.0 -8583.035 nan nan -0.052 nan nan -3.07 nan nan 
166000.0 488.0 -8570.965 nan nan -0.0516 nan nan -2.482 nan nan 
167000.0 489.0 -8578.327 nan nan -0.0514 nan nan -2.599 nan nan 
168000.0 490.0 -8583.902 nan nan -0.0511 nan nan -2.649 nan nan 
169000.0 492.0 -8587.713 nan nan -0.0508 nan nan -2.544 nan nan 
170000.0 493.0 -8599.714 nan nan -0.0506 nan nan -2.681 nan nan 
171000.0 494.0 -8589.892 nan nan -0.0502 nan nan -2.505 nan nan 
172000.0 495.0 -8584.183 nan nan -0.0499 nan nan -2.313 nan nan 
173000.0 497.0 -8584.583 nan nan -0.0496 nan nan -2.281 nan nan 
174000.0 498.0 -8590.344 nan nan -0.0494 nan nan -2.231 nan nan 
175000.0 499.0 -8592.614 nan nan -0.0491 nan nan -2.326 nan nan 
176000.0 500.0 -8590.223 nan nan -0.0488 nan nan -2.242 nan nan 
177000.0 501.0 -8585.485 nan nan -0.0485 nan nan -2.105 nan nan 
178000.0 503.0 -8581.74 nan nan -0.0482 nan nan -1.936 nan nan 
179000.0 504.0 -8582.016 nan nan -0.0479 nan nan -1.926 nan nan 
180000.0 505.0 -8585.22 nan nan -0.0477 nan nan -1.987 nan nan 
181000.0 507.0 -8573.204 nan nan -0.0474 nan nan -1.67 nan nan 
182000.0 508.0 -8569.394 nan nan -0.0471 nan nan -1.604 nan nan 
183000.0 509.0 -8579.498 nan nan -0.0469 nan nan -1.63 nan nan 
184000.0 510.0 -8578.683 nan nan -0.0466 nan nan -1.684 nan nan 
185000.0 512.0 -8562.746 nan nan -0.0463 nan nan -1.367 nan nan 
186000.0 514.0 -8564.893 nan nan -0.046 nan nan -1.284 nan nan 
187000.0 515.0 -8571.211 nan nan -0.0458 nan nan -1.459 nan nan 
188000.0 517.0 -8576.538 nan nan -0.0456 nan nan -1.326 nan nan 
189000.0 518.0 -8574.803 nan nan -0.0454 nan nan -1.283 nan nan 
190000.0 520.0 -8574.252 nan nan -0.0451 nan nan -1.266 nan nan 
191000.0 521.0 -8573.311 nan nan -0.0449 nan nan -1.262 nan nan 
192000.0 522.0 -8584.377 nan nan -0.0447 nan nan -1.146 nan nan 
193000.0 525.0 -8582.937 nan nan -0.0445 nan nan -1.245 nan nan 
194000.0 526.0 -8578.145 nan nan -0.0442 nan nan -1.234 nan nan 
195000.0 527.0 -8566.511 nan nan -0.0439 nan nan -0.929 nan nan 
196000.0 528.0 -8566.451 nan nan -0.0437 nan nan -0.91 nan nan 
197000.0 532.0 -8562.87 nan nan -0.0435 nan nan -0.736 nan nan 
198000.0 534.0 -8550.508 nan nan -0.0432 nan nan -0.418 nan nan 
199000.0 536.0 -8548.674 nan nan -0.043 nan nan -0.461 nan nan 
200000.0 539.0 -8539.245 nan nan -0.0427 nan nan -0.343 nan nan 
201000.0 540.0 -8537.896 nan nan -0.0425 nan nan -0.343 nan nan 
202000.0 541.0 -8545.546 nan nan -0.0423 nan nan -0.185 nan nan 
203000.0 543.0 -8537.87 nan nan -0.0421 nan nan -0.196 nan nan 
204000.0 544.0 -8533.795 nan nan -0.0418 nan nan -0.119 nan nan 
205000.0 545.0 -8534.708 nan nan -0.0416 nan nan -0.179 nan nan 
206000.0 546.0 -8540.635 nan nan -0.0415 nan nan -0.221 nan nan 
207000.0 548.0 -8548.97 nan nan -0.0413 nan nan -0.344 nan nan 
208000.0 549.0 -8554.861 nan nan -0.0411 nan nan -0.454 nan nan 
209000.0 550.0 -8552.37 nan nan -0.0409 nan nan -0.425 nan nan 
210000.0 552.0 -8552.374 nan nan -0.0407 nan nan -0.363 nan nan 
211000.0 555.0 -8553.558 nan nan -0.0405 nan nan -0.579 nan nan 
212000.0 557.0 -8567.668 nan nan -0.0404 nan nan -0.667 nan nan 
213000.0 558.0 -8573.707 nan nan -0.0403 nan nan -0.726 nan nan 
214000.0 559.0 -8569.057 nan nan -0.04 nan nan -0.709 nan nan 
215000.0 560.0 -8582.608 nan nan -0.0399 nan nan -0.805 nan nan 
216000.0 561.0 -8557.143 nan nan -0.0396 nan nan -0.36 nan nan 
217000.0 562.0 -8556.314 nan nan -0.0394 nan nan -0.396 nan nan 
218000.0 565.0 -8541.904 nan nan -0.0392 nan nan -0.201 nan nan 
219000.0 566.0 -8547.062 nan nan -0.039 nan nan -0.251 nan nan 
220000.0 568.0 -8535.508 nan nan -0.0388 nan nan 0.127 nan nan 
221000.0 569.0 -8513.505 nan nan -0.0385 nan nan 0.294 nan nan 
222000.0 571.0 -8484.274 nan nan -0.0382 nan nan 0.878 nan nan 
223000.0 574.0 -8449.845 nan nan -0.0379 nan nan 1.623 nan nan 
224000.0 576.0 -8428.935 nan nan -0.0376 nan nan 1.838 nan nan 
225000.0 579.0 -8403.129 nan nan -0.0373 nan nan 2.48 nan nan 
226000.0 582.0 -8353.004 nan nan -0.037 nan nan 3.263 nan nan 
227000.0 583.0 -8335.155 nan nan -0.0367 nan nan 3.425 nan nan 
228000.0 587.0 -8304.896 nan nan -0.0364 nan nan 3.846 nan nan 
229000.0 588.0 -8290.836 nan nan -0.0362 nan nan 3.876 nan nan 
230000.0 592.0 -8262.931 nan nan -0.0359 nan nan 4.299 nan nan 
231000.0 593.0 -8252.01 nan nan -0.0357 nan nan 4.399 nan nan 
232000.0 596.0 -8219.805 nan nan -0.0354 nan nan 4.638 nan nan 
233000.0 599.0 -8184.564 nan nan -0.0351 nan nan 4.99 nan nan 
234000.0 601.0 -8175.98 nan nan -0.0349 nan nan 5.255 nan nan 
235000.0 604.0 -8151.953 nan nan -0.0347 nan nan 5.435 nan nan 
236000.0 611.0 -8109.233 nan nan -0.0344 nan nan 5.476 nan nan 
237000.0 619.0 -8055.442 nan nan -0.034 nan nan 5.709 nan nan 
238000.0 621.0 -8039.449 nan nan -0.0338 nan nan 5.765 nan nan 
239000.0 629.0 -8013.161 nan nan -0.0335 nan nan 5.418 nan nan 
240000.0 632.0 -7999.22 nan nan -0.0333 nan nan 5.366 nan nan 
241000.0 639.0 -7978.95 nan nan -0.0331 nan nan 5.09 nan nan 
242000.0 647.0 -7959.671 nan nan -0.0329 nan nan 4.694 nan nan 
243000.0 657.0 -7918.394 nan nan -0.0326 nan nan 4.621 nan nan 
244000.0 666.0 -7884.421 nan nan -0.0323 nan nan 4.462 nan nan 
245000.0 675.0 -7843.598 nan nan -0.032 nan nan 4.363 nan nan 
246000.0 682.0 -7809.847 nan nan -0.0317 nan nan 4.418 nan nan 
247000.0 689.0 -7749.739 nan nan -0.0314 nan nan 4.831 nan nan 
248000.0 690.0 -7760.71 nan nan -0.0313 nan nan 4.664 nan nan 
249000.0 698.0 -7703.627 nan nan -0.0309 nan nan 4.96 nan nan 
250000.0 700.0 -7701.54 nan nan -0.0308 nan nan 5.06 nan nan 
251000.0 706.0 -7661.006 nan nan -0.0305 nan nan 5.217 nan nan 
252000.0 712.0 -7607.454 nan nan -0.0302 nan nan 5.589 nan nan 
253000.0 713.0 -7613.245 nan nan -0.0301 nan nan 5.356 nan nan 
254000.0 715.0 -7595.304 nan nan -0.0299 nan nan 5.481 nan nan 
255000.0 723.0 -7553.434 nan nan -0.0296 nan nan 5.555 nan nan 
256000.0 724.0 -7554.268 nan nan -0.0295 nan nan 5.331 nan nan 
257000.0 725.0 -7535.528 nan nan -0.0293 nan nan 5.646 nan nan 
258000.0 726.0 -7539.095 nan nan -0.0292 nan nan 5.479 nan nan 
259000.0 727.0 -7542.798 nan nan -0.0291 nan nan 5.265 nan nan 
260000.0 729.0 -7524.519 nan nan -0.0289 nan nan 5.347 nan nan 
261000.0 730.0 -7500.106 nan nan -0.0287 nan nan 5.642 nan nan 
262000.0 732.0 -7481.973 nan nan -0.0286 nan nan 5.908 nan nan 
263000.0 733.0 -7468.011 nan nan -0.0284 nan nan 5.78 nan nan 
264000.0 735.0 -7446.342 nan nan -0.0282 nan nan 6.19 nan nan 
265000.0 736.0 -7449.241 nan nan -0.0281 nan nan 6.107 nan nan 
266000.0 738.0 -7433.363 nan nan -0.0279 nan nan 6.057 nan nan 
267000.0 739.0 -7422.705 nan nan -0.0278 nan nan 6.092 nan nan 
268000.0 740.0 -7427.272 nan nan -0.0277 nan nan 6.141 nan nan 
269000.0 741.0 -7429.028 nan nan -0.0276 nan nan 5.961 nan nan 
270000.0 742.0 -7434.022 nan nan -0.0275 nan nan 5.776 nan nan 
271000.0 744.0 -7418.452 nan nan -0.0274 nan nan 5.748 nan nan 
272000.0 747.0 -7387.794 nan nan -0.0272 nan nan 5.859 nan nan 
273000.0 748.0 -7389.068 nan nan -0.0271 nan nan 5.673 nan nan 
274000.0 750.0 -7388.796 nan nan -0.027 nan nan 5.559 nan nan 
275000.0 752.0 -7359.274 nan nan -0.0268 nan nan 5.759 nan nan 
276000.0 754.0 -7343.208 nan nan -0.0266 nan nan 5.954 nan nan 
277000.0 758.0 -7288.311 nan nan -0.0263 nan nan 6.404 nan nan 
278000.0 760.0 -7264.549 nan nan -0.0261 nan nan 6.827 nan nan 
279000.0 762.0 -7237.939 nan nan -0.0259 nan nan 6.937 nan nan 
280000.0 763.0 -7237.517 nan nan -0.0258 nan nan 7.048 nan nan 
281000.0 766.0 -7214.252 nan nan -0.0257 nan nan 7.134 nan nan 
282000.0 768.0 -7193.435 nan nan -0.0255 nan nan 7.066 nan nan 
283000.0 770.0 -7165.068 nan nan -0.0253 nan nan 7.266 nan nan 
284000.0 772.0 -7142.979 nan nan -0.0252 nan nan 7.436 nan nan 
285000.0 776.0 -7116.888 nan nan -0.025 nan nan 7.589 nan nan 
286000.0 777.0 -7100.467 nan nan -0.0248 nan nan 7.759 nan nan 
287000.0 778.0 -7076.381 nan nan -0.0247 nan nan 7.942 nan nan 
288000.0 780.0 -7063.337 nan nan -0.0245 nan nan 8.003 nan nan 
289000.0 782.0 -7034.553 nan nan -0.0243 nan nan 8.057 nan nan 
290000.0 783.0 -7025.947 nan nan -0.0242 nan nan 8.185 nan nan 
291000.0 784.0 -7016.132 nan nan -0.0241 nan nan 8.224 nan nan 
292000.0 785.0 -7004.797 nan nan -0.024 nan nan 8.204 nan nan 
293000.0 787.0 -6976.156 nan nan -0.0238 nan nan 8.42 nan nan 
294000.0 788.0 -6960.535 nan nan -0.0237 nan nan 8.576 nan nan 
295000.0 790.0 -6932.62 nan nan -0.0235 nan nan 8.693 nan nan 
296000.0 792.0 -6908.553 nan nan -0.0233 nan nan 8.955 nan nan 
297000.0 793.0 -6903.567 nan nan -0.0232 nan nan 8.921 nan nan 
298000.0 794.0 -6895.508 nan nan -0.0231 nan nan 8.922 nan nan 
299000.0 797.0 -6860.454 nan nan -0.0229 nan nan 9.209 nan nan 
300000.0 798.0 -6837.878 nan nan -0.0228 nan nan 9.38 nan nan 
301000.0 800.0 -6818.539 nan nan -0.0227 nan nan 9.419 nan nan 
302000.0 802.0 -6782.18 nan nan -0.0225 nan nan 9.648 nan nan 
303000.0 804.0 -6760.545 nan nan -0.0223 nan nan 9.757 nan nan 
304000.0 807.0 -6718.838 nan nan -0.0221 nan nan 10.047 nan nan 
305000.0 810.0 -6666.81 nan nan -0.0219 nan nan 10.319 nan nan 
306000.0 811.0 -6650.529 nan nan -0.0217 nan nan 10.445 nan nan 
307000.0 814.0 -6614.014 nan nan -0.0215 nan nan 10.694 nan nan 
308000.0 817.0 -6576.902 nan nan -0.0214 nan nan 10.968 nan nan 
309000.0 819.0 -6530.179 nan nan -0.0211 nan nan 11.131 nan nan 
310000.0 824.0 -6477.884 nan nan -0.0209 nan nan 11.134 nan nan 
311000.0 826.0 -6448.008 nan nan -0.0207 nan nan 11.213 nan nan 
312000.0 829.0 -6415.41 nan nan -0.0206 nan nan 11.406 nan nan 
313000.0 832.0 -6359.647 nan nan -0.0203 nan nan 11.642 nan nan 
314000.0 833.0 -6351.978 nan nan -0.0202 nan nan 11.656 nan nan 
315000.0 836.0 -6310.915 nan nan -0.02 nan nan 11.775 nan nan 
316000.0 838.0 -6270.904 nan nan -0.0198 nan nan 11.953 nan nan 
317000.0 841.0 -6236.271 nan nan -0.0197 nan nan 12.006 nan nan 
318000.0 844.0 -6214.812 nan nan -0.0195 nan nan 11.933 nan nan 
319000.0 845.0 -6198.58 nan nan -0.0194 nan nan 11.763 nan nan 
320000.0 847.0 -6184.682 nan nan -0.0193 nan nan 11.782 nan nan 
321000.0 848.0 -6173.958 nan nan -0.0192 nan nan 11.761 nan nan 
322000.0 851.0 -6126.223 nan nan -0.019 nan nan 11.96 nan nan 
323000.0 853.0 -6093.467 nan nan -0.0189 nan nan 11.996 nan nan 
324000.0 856.0 -6055.264 nan nan -0.0187 nan nan 12.036 nan nan 
325000.0 859.0 -6015.898 nan nan -0.0185 nan nan 12.081 nan nan 
326000.0 862.0 -5975.208 nan nan -0.0183 nan nan 12.15 nan nan 
327000.0 865.0 -5930.543 nan nan -0.0181 nan nan 12.344 nan nan 
328000.0 866.0 -5912.169 nan nan -0.018 nan nan 12.391 nan nan 
329000.0 867.0 -5894.328 nan nan -0.0179 nan nan 12.456 nan nan 
330000.0 868.0 -5882.729 nan nan -0.0178 nan nan 12.582 nan nan 
331000.0 869.0 -5870.83 nan nan -0.0177 nan nan 12.565 nan nan 
332000.0 871.0 -5846.695 nan nan -0.0176 nan nan 12.519 nan nan 
333000.0 872.0 -5829.416 nan nan -0.0175 nan nan 12.577 nan nan 
334000.0 874.0 -5802.685 nan nan -0.0174 nan nan 12.645 nan nan 
335000.0 876.0 -5773.204 nan nan -0.0172 nan nan 12.701 nan nan 
336000.0 878.0 -5746.975 nan nan -0.0171 nan nan 12.755 nan nan 
337000.0 881.0 -5707.938 nan nan -0.0169 nan nan 12.857 nan nan 
338000.0 883.0 -5671.689 nan nan -0.0168 nan nan 13.119 nan nan 
339000.0 884.0 -5656.06 nan nan -0.0167 nan nan 13.018 nan nan 
340000.0 886.0 -5634.443 nan nan -0.0166 nan nan 12.965 nan nan 
341000.0 887.0 -5619.398 nan nan -0.0165 nan nan 12.957 nan nan 
342000.0 890.0 -5587.552 nan nan -0.0163 nan nan 13.021 nan nan 
343000.0 892.0 -5544.178 nan nan -0.0162 nan nan 13.074 nan nan 
344000.0 894.0 -5517.687 nan nan -0.016 nan nan 13.243 nan nan 
345000.0 897.0 -5479.754 nan nan -0.0159 nan nan 13.18 nan nan 
346000.0 898.0 -5466.437 nan nan -0.0158 nan nan 13.185 nan nan 
347000.0 901.0 -5419.679 nan nan -0.0156 nan nan 13.264 nan nan 
348000.0 903.0 -5385.854 nan nan -0.0155 nan nan 13.436 nan nan 
349000.0 905.0 -5365.031 nan nan -0.0154 nan nan 13.507 nan nan 
350000.0 908.0 -5319.344 nan nan -0.0152 nan nan 13.473 nan nan 
351000.0 910.0 -5295.691 nan nan -0.0151 nan nan 13.465 nan nan 
352000.0 913.0 -5271.07 nan nan -0.015 nan nan 13.25 nan nan 
353000.0 916.0 -5238.147 nan nan -0.0148 nan nan 13.164 nan nan 
354000.0 918.0 -5192.195 nan nan -0.0147 nan nan 13.278 nan nan 
355000.0 920.0 -5160.624 nan nan -0.0145 nan nan 13.385 nan nan 
356000.0 923.0 -5127.92 nan nan -0.0144 nan nan 13.443 nan nan 
357000.0 924.0 -5108.238 nan nan -0.0143 nan nan 13.435 nan nan 
358000.0 925.0 -5099.052 nan nan -0.0142 nan nan 13.511 nan nan 
359000.0 927.0 -5073.562 nan nan -0.0141 nan nan 13.268 nan nan 
360000.0 930.0 -5045.345 nan nan -0.014 nan nan 13.257 nan nan 
361000.0 933.0 -4992.562 nan nan -0.0138 nan nan 13.335 nan nan 
362000.0 935.0 -4972.117 nan nan -0.0137 nan nan 13.418 nan nan 
363000.0 936.0 -4944.671 nan nan -0.0136 nan nan 13.44 nan nan 
364000.0 938.0 -4913.181 nan nan -0.0135 nan nan 13.533 nan nan 
365000.0 939.0 -4901.263 nan nan -0.0134 nan nan 13.545 nan nan 
366000.0 942.0 -4858.359 nan nan -0.0133 nan nan 13.588 nan nan 
367000.0 943.0 -4843.253 nan nan -0.0132 nan nan 13.57 nan nan 
368000.0 944.0 -4829.876 nan nan -0.0131 nan nan 13.58 nan nan 
369000.0 947.0 -4790.766 nan nan -0.013 nan nan 13.555 nan nan 
370000.0 948.0 -4774.313 nan nan -0.0129 nan nan 13.542 nan nan 
371000.0 950.0 -4751.775 nan nan -0.0128 nan nan 13.599 nan nan 
372000.0 954.0 -4698.884 nan nan -0.0126 nan nan 13.705 nan nan 
373000.0 956.0 -4680.447 nan nan -0.0125 nan nan 13.569 nan nan 
374000.0 958.0 -4646.791 nan nan -0.0124 nan nan 13.454 nan nan 
375000.0 961.0 -4599.984 nan nan -0.0123 nan nan 13.498 nan nan 
376000.0 963.0 -4565.271 nan nan -0.0121 nan nan 13.745 nan nan 
377000.0 967.0 -4509.52 nan nan -0.012 nan nan 13.721 nan nan 
378000.0 969.0 -4476.064 nan nan -0.0118 nan nan 13.849 nan nan 
379000.0 971.0 -4456.147 nan nan -0.0118 nan nan 13.786 nan nan 
380000.0 973.0 -4417.713 nan nan -0.0116 nan nan 13.901 nan nan 
381000.0 974.0 -4407.33 nan nan -0.0116 nan nan 13.852 nan nan 
382000.0 976.0 -4383.046 nan nan -0.0115 nan nan 13.781 nan nan 
383000.0 978.0 -4363.241 nan nan -0.0114 nan nan 13.79 nan nan 
384000.0 980.0 -4330.0 nan nan -0.0113 nan nan 13.692 nan nan 
385000.0 983.0 -4283.433 nan nan -0.0111 nan nan 13.841 nan nan 
386000.0 985.0 -4249.954 nan nan -0.011 nan nan 13.893 nan nan 
387000.0 986.0 -4235.061 nan nan -0.0109 nan nan 13.931 nan nan 
388000.0 988.0 -4201.063 nan nan -0.0108 nan nan 14.038 nan nan 
389000.0 990.0 -4177.236 nan nan -0.0107 nan nan 14.074 nan nan 
390000.0 991.0 -4153.934 nan nan -0.0107 nan nan 14.135 nan nan 
391000.0 994.0 -4112.453 nan nan -0.0105 nan nan 14.193 nan nan 
392000.0 995.0 -4095.142 nan nan -0.0104 nan nan 14.226 nan nan 
393000.0 997.0 -4063.438 nan nan -0.0103 nan nan 14.276 nan nan 
394000.0 998.0 -4048.813 nan nan -0.0103 nan nan 14.274 nan nan 
395000.0 1000.0 -4019.486 nan nan -0.0102 nan nan 14.326 nan nan 
396000.0 1004.0 -3965.769 nan nan -0.01 nan nan 14.446 nan nan 
397000.0 1006.0 -3927.36 nan nan -0.0099 nan nan 14.469 nan nan 
398000.0 1009.0 -3907.491 nan nan -0.0098 nan nan 14.218 nan nan 
399000.0 1011.0 -3862.493 nan nan -0.0097 nan nan 14.308 nan nan 
400000.0 1014.0 -3834.787 nan nan -0.0096 nan nan 14.172 nan nan 
401000.0 1015.0 -3816.569 nan nan -0.0095 nan nan 14.185 nan nan 
402000.0 1017.0 -3790.845 nan nan -0.0094 nan nan 14.1 nan nan 
403000.0 1018.0 -3771.632 nan nan -0.0094 nan nan 14.084 nan nan 
404000.0 1020.0 -3743.612 nan nan -0.0093 nan nan 14.094 nan nan 
405000.0 1024.0 -3702.272 nan nan -0.0091 nan nan 14.135 nan nan 
406000.0 1026.0 -3661.727 nan nan -0.009 nan nan 14.048 nan nan 
407000.0 1027.0 -3644.135 nan nan -0.009 nan nan 14.063 nan nan 
408000.0 1031.0 -3597.006 nan nan -0.0088 nan nan 14.224 nan nan 
409000.0 1032.0 -3563.46 nan nan -0.0087 nan nan 14.275 nan nan 
410000.0 1035.0 -3535.291 nan nan -0.0086 nan nan 14.317 nan nan 
411000.0 1038.0 -3481.537 nan nan -0.0085 nan nan 14.37 nan nan 
412000.0 1039.0 -3463.078 nan nan -0.0084 nan nan 14.448 nan nan 
413000.0 1042.0 -3426.699 nan nan -0.0083 nan nan 14.194 nan nan 
414000.0 1045.0 -3380.198 nan nan -0.0082 nan nan 14.315 nan nan 
415000.0 1049.0 -3314.139 nan nan -0.008 nan nan 14.472 nan nan 
416000.0 1052.0 -3284.006 nan nan -0.0079 nan nan 14.435 nan nan 
417000.0 1053.0 -3265.945 nan nan -0.0078 nan nan 14.512 nan nan 
418000.0 1055.0 -3230.547 nan nan -0.0077 nan nan 14.539 nan nan 
419000.0 1057.0 -3185.661 nan nan -0.0076 nan nan 14.652 nan nan 
420000.0 1061.0 -3129.536 nan nan -0.0075 nan nan 14.685 nan nan 
421000.0 1065.0 -3083.615 nan nan -0.0073 nan nan 14.312 nan nan 
422000.0 1066.0 -3066.978 nan nan -0.0073 nan nan 14.398 nan nan 
423000.0 1069.0 -3033.962 nan nan -0.0072 nan nan 14.329 nan nan 
424000.0 1070.0 -3022.345 nan nan -0.0071 nan nan 14.327 nan nan 
425000.0 1071.0 -2998.517 nan nan -0.0071 nan nan 14.353 nan nan 
426000.0 1073.0 -2977.199 nan nan -0.007 nan nan 14.247 nan nan 
427000.0 1075.0 -2944.35 nan nan -0.0069 nan nan 14.246 nan nan 
428000.0 1077.0 -2918.859 nan nan -0.0068 nan nan 14.245 nan nan 
429000.0 1080.0 -2872.189 nan nan -0.0067 nan nan 14.262 nan nan 
430000.0 1083.0 -2832.09 nan nan -0.0066 nan nan 14.468 nan nan 
431000.0 1086.0 -2783.133 nan nan -0.0065 nan nan 14.645 nan nan 
432000.0 1087.0 -2758.9 nan nan -0.0064 nan nan 14.676 nan nan 
433000.0 1089.0 -2729.646 nan nan -0.0063 nan nan 14.573 nan nan 
434000.0 1090.0 -2709.27 nan nan -0.0062 nan nan 14.576 nan nan 
435000.0 1093.0 -2674.679 nan nan -0.0061 nan nan 14.734 nan nan 
436000.0 1094.0 -2646.971 nan nan -0.0061 nan nan 14.709 nan nan 
437000.0 1095.0 -2626.489 nan nan -0.006 nan nan 14.765 nan nan 
438000.0 1098.0 -2580.696 nan nan -0.0059 nan nan 14.884 nan nan 
439000.0 1099.0 -2567.681 nan nan -0.0058 nan nan 14.911 nan nan 
440000.0 1101.0 -2550.438 nan nan -0.0058 nan nan 14.826 nan nan 
441000.0 1104.0 -2495.464 nan nan -0.0057 nan nan 14.761 nan nan 
442000.0 1105.0 -2480.865 nan nan -0.0056 nan nan 14.793 nan nan 
443000.0 1107.0 -2457.225 nan nan -0.0055 nan nan 14.684 nan nan 
444000.0 1109.0 -2445.126 nan nan -0.0055 nan nan 14.714 nan nan 
445000.0 1110.0 -2437.519 nan nan -0.0055 nan nan 14.224 nan nan 
446000.0 1114.0 -2385.5 nan nan -0.0053 nan nan 14.119 nan nan 
447000.0 1117.0 -2348.678 nan nan -0.0053 nan nan 14.185 nan nan 
448000.0 1118.0 -2347.664 nan nan -0.0052 nan nan 13.841 nan nan 
449000.0 1119.0 -2333.187 nan nan -0.0052 nan nan 13.803 nan nan 
450000.0 1121.0 -2315.123 nan nan -0.0051 nan nan 13.839 nan nan 
451000.0 1122.0 -2293.611 nan nan -0.0051 nan nan 13.843 nan nan 
452000.0 1123.0 -2289.094 nan nan -0.0051 nan nan 13.78 nan nan 
453000.0 1124.0 -2257.801 nan nan -0.005 nan nan 13.861 nan nan 
454000.0 1125.0 -2248.155 nan nan -0.005 nan nan 13.857 nan nan 
455000.0 1127.0 -2227.797 nan nan -0.0049 nan nan 13.689 nan nan 
456000.0 1128.0 -2213.346 nan nan -0.0049 nan nan 13.688 nan nan 
457000.0 1130.0 -2178.951 nan nan -0.0048 nan nan 13.768 nan nan 
458000.0 1131.0 -2163.467 nan nan -0.0047 nan nan 13.808 nan nan 
459000.0 1133.0 -2134.337 nan nan -0.0046 nan nan 13.843 nan nan 
460000.0 1134.0 -2126.881 nan nan -0.0046 nan nan 13.932 nan nan 
461000.0 1136.0 -2095.277 nan nan -0.0045 nan nan 13.825 nan nan 
462000.0 1137.0 -2088.761 nan nan -0.0045 nan nan 13.836 nan nan 
463000.0 1140.0 -2045.603 nan nan -0.0044 nan nan 13.678 nan nan 
464000.0 1142.0 -2015.486 nan nan -0.0043 nan nan 13.831 nan nan 
465000.0 1144.0 -1983.701 nan nan -0.0043 nan nan 13.828 nan nan 
466000.0 1146.0 -1959.856 nan nan -0.0042 nan nan 13.81 nan nan 
467000.0 1147.0 -1943.052 nan nan -0.0042 nan nan 13.82 nan nan 
468000.0 1148.0 -1927.926 nan nan -0.0041 nan nan 13.821 nan nan 
469000.0 1152.0 -1885.894 nan nan -0.004 nan nan 13.892 nan nan 
470000.0 1154.0 -1842.789 nan nan -0.0039 nan nan 14.027 nan nan 
471000.0 1155.0 -1819.593 nan nan -0.0039 nan nan 14.068 nan nan 
472000.0 1158.0 -1774.113 nan nan -0.0038 nan nan 14.089 nan nan 
473000.0 1163.0 -1724.346 nan nan -0.0036 nan nan 13.882 nan nan 
474000.0 1164.0 -1714.556 nan nan -0.0036 nan nan 13.85 nan nan 
475000.0 1168.0 -1665.812 nan nan -0.0035 nan nan 13.646 nan nan 
476000.0 1169.0 -1647.135 nan nan -0.0035 nan nan 13.673 nan nan 
477000.0 1172.0 -1601.465 nan nan -0.0034 nan nan 13.721 nan nan 
478000.0 1173.0 -1586.805 nan nan -0.0033 nan nan 13.754 nan nan 
479000.0 1175.0 -1571.732 nan nan -0.0033 nan nan 13.761 nan nan 
480000.0 1176.0 -1560.7 nan nan -0.0033 nan nan 13.745 nan nan 
481000.0 1177.0 -1547.462 nan nan -0.0032 nan nan 13.689 nan nan 
482000.0 1179.0 -1504.955 nan nan -0.0031 nan nan 13.754 nan nan 
483000.0 1180.0 -1497.622 nan nan -0.0031 nan nan 13.667 nan nan 
484000.0 1181.0 -1480.931 nan nan -0.0031 nan nan 13.642 nan nan 
485000.0 1183.0 -1452.244 nan nan -0.003 nan nan 13.728 nan nan 
486000.0 1185.0 -1428.236 nan nan -0.0029 nan nan 13.689 nan nan 
487000.0 1186.0 -1408.296 nan nan -0.0029 nan nan 13.665 nan nan 
488000.0 1187.0 -1397.653 nan nan -0.0029 nan nan 13.721 nan nan 
489000.0 1190.0 -1352.538 nan nan -0.0028 nan nan 13.744 nan nan 
490000.0 1192.0 -1322.036 nan nan -0.0027 nan nan 13.758 nan nan 
491000.0 1194.0 -1305.426 nan nan -0.0027 nan nan 13.91 nan nan 
492000.0 1196.0 -1267.076 nan nan -0.0026 nan nan 14.051 nan nan 
493000.0 1199.0 -1207.902 nan nan -0.0025 nan nan 14.196 nan nan 
494000.0 1202.0 -1175.533 nan nan -0.0024 nan nan 14.24 nan nan 
495000.0 1203.0 -1148.421 nan nan -0.0023 nan nan 14.202 nan nan 
496000.0 1205.0 -1116.592 nan nan -0.0023 nan nan 14.239 nan nan 
497000.0 1206.0 -1098.553 nan nan -0.0022 nan nan 14.288 nan nan 
498000.0 1208.0 -1065.38 nan nan -0.0021 nan nan 14.39 nan nan 
499000.0 1209.0 -1051.257 nan nan -0.0021 nan nan 14.456 nan nan 
500000.0 1211.0 -1030.571 nan nan -0.0021 nan nan 14.358 nan nan 
