1000.0 12.0 -227.031 nan nan -0.227 nan nan -4.037 nan nan 
2000.0 25.0 -456.403 nan nan -0.2282 nan nan -7.198 nan nan 
3000.0 36.0 -770.287 nan nan -0.2568 nan nan -11.332 nan nan 
4000.0 48.0 -1069.47 nan nan -0.2674 nan nan -14.068 nan nan 
5000.0 61.0 -1295.321 nan nan -0.2591 nan nan -15.107 nan nan 
6000.0 74.0 -1529.858 nan nan -0.255 nan nan -15.879 nan nan 
7000.0 86.0 -1789.075 nan nan -0.2556 nan nan -17.093 nan nan 
8000.0 98.0 -2010.531 nan nan -0.2513 nan nan -17.194 nan nan 
9000.0 110.0 -2253.209 nan nan -0.2504 nan nan -17.991 nan nan 
10000.0 123.0 -2561.245 nan nan -0.2561 nan nan -19.424 nan nan 
11000.0 135.0 -2824.175 nan nan -0.2567 nan nan -19.764 nan nan 
12000.0 147.0 -3117.262 nan nan -0.2598 nan nan -20.985 nan nan 
13000.0 160.0 -3328.685 nan nan -0.2561 nan nan -19.993 nan nan 
14000.0 172.0 -3629.421 nan nan -0.2592 nan nan -20.458 nan nan 
15000.0 184.0 -3804.13 nan nan -0.2536 nan nan -19.5 nan nan 
16000.0 196.0 -4053.714 nan nan -0.2534 nan nan -20.015 nan nan 
17000.0 206.0 -4279.7 nan nan -0.2517 nan nan -19.783 nan nan 
18000.0 215.0 -4370.54 nan nan -0.2428 nan nan -18.447 nan nan 
19000.0 226.0 -4419.124 nan nan -0.2326 nan nan -15.952 nan nan 
20000.0 232.0 -4494.514 nan nan -0.2247 nan nan -15.503 nan nan 
21000.0 237.0 -4536.528 nan nan -0.216 nan nan -14.986 nan nan 
22000.0 247.0 -4533.998 nan nan -0.2061 nan nan -12.066 nan nan 
23000.0 255.0 -4588.844 nan nan -0.1995 nan nan -11.336 nan nan 
24000.0 262.0 -4651.026 nan nan -0.1938 nan nan -11.03 nan nan 
25000.0 269.0 -4756.663 nan nan -0.1903 nan nan -11.586 nan nan 
26000.0 277.0 -4854.389 nan nan -0.1867 nan nan -11.709 nan nan 
27000.0 285.0 -4962.471 nan nan -0.1838 nan nan -11.964 nan nan 
28000.0 291.0 -5033.017 nan nan -0.1798 nan nan -11.961 nan nan 
29000.0 298.0 -5084.143 nan nan -0.1753 nan nan -11.316 nan nan 
30000.0 306.0 -5146.553 nan nan -0.1716 nan nan -10.805 nan nan 
31000.0 312.0 -5198.52 nan nan -0.1677 nan nan -10.39 nan nan 
32000.0 317.0 -5239.566 nan nan -0.1637 nan nan -10.36 nan nan 
33000.0 324.0 -5306.472 nan nan -0.1608 nan nan -10.014 nan nan 
34000.0 327.0 -5314.242 nan nan -0.1563 nan nan -9.993 nan nan 
35000.0 332.0 -5359.526 nan nan -0.1531 nan nan -9.662 nan nan 
36000.0 337.0 -5397.02 nan nan -0.1499 nan nan -9.5 nan nan 
37000.0 344.0 -5361.736 nan nan -0.1449 nan nan -7.561 nan nan 
38000.0 348.0 -5373.681 nan nan -0.1414 nan nan -7.25 nan nan 
39000.0 352.0 -5413.696 nan nan -0.1388 nan nan -7.179 nan nan 
40000.0 357.0 -5454.664 nan nan -0.1364 nan nan -7.427 nan nan 
41000.0 361.0 -5448.623 nan nan -0.1329 nan nan -6.756 nan nan 
42000.0 365.0 -5425.802 nan nan -0.1292 nan nan -5.844 nan nan 
43000.0 369.0 -5477.665 nan nan -0.1274 nan nan -6.435 nan nan 
44000.0 370.0 -5474.028 nan nan -0.1244 nan nan -6.226 nan nan 
45000.0 374.0 -5500.158 nan nan -0.1222 nan nan -6.181 nan nan 
46000.0 378.0 -5485.062 nan nan -0.1192 nan nan -5.468 nan nan 
47000.0 382.0 -5492.247 nan nan -0.1169 nan nan -5.161 nan nan 
48000.0 384.0 -5495.472 nan nan -0.1145 nan nan -4.965 nan nan 
49000.0 387.0 -5505.539 nan nan -0.1124 nan nan -4.97 nan nan 
50000.0 390.0 -5506.866 nan nan -0.1101 nan nan -4.716 nan nan 
51000.0 393.0 -5533.983 nan nan -0.1085 nan nan -4.932 nan nan 
52000.0 396.0 -5539.476 nan nan -0.1065 nan nan -4.785 nan nan 
53000.0 399.0 -5548.374 nan nan -0.1047 nan nan -4.684 nan nan 
54000.0 401.0 -5557.491 nan nan -0.1029 nan nan -4.479 nan nan 
55000.0 403.0 -5570.402 nan nan -0.1013 nan nan -4.642 nan nan 
56000.0 404.0 -5586.894 nan nan -0.0998 nan nan -4.775 nan nan 
57000.0 406.0 -5606.269 nan nan -0.0984 nan nan -5.165 nan nan 
58000.0 407.0 -5610.13 nan nan -0.0967 nan nan -4.952 nan nan 
59000.0 408.0 -5609.083 nan nan -0.0951 nan nan -5.043 nan nan 
60000.0 409.0 -5604.159 nan nan -0.0934 nan nan -4.904 nan nan 
61000.0 411.0 -5604.085 nan nan -0.0919 nan nan -4.589 nan nan 
62000.0 412.0 -5608.154 nan nan -0.0905 nan nan -4.587 nan nan 
63000.0 413.0 -5612.897 nan nan -0.0891 nan nan -4.621 nan nan 
64000.0 414.0 -5627.068 nan nan -0.0879 nan nan -4.757 nan nan 
65000.0 415.0 -5628.746 nan nan -0.0866 nan nan -4.74 nan nan 
66000.0 416.0 -5638.61 nan nan -0.0854 nan nan -4.795 nan nan 
67000.0 417.0 -5639.519 nan nan -0.0842 nan nan -4.728 nan nan 
68000.0 418.0 -5641.889 nan nan -0.083 nan nan -4.683 nan nan 
69000.0 419.0 -5649.717 nan nan -0.0819 nan nan -4.776 nan nan 
70000.0 420.0 -5651.868 nan nan -0.0807 nan nan -4.711 nan nan 
71000.0 421.0 -5656.186 nan nan -0.0797 nan nan -4.708 nan nan 
72000.0 422.0 -5659.3 nan nan -0.0786 nan nan -4.677 nan nan 
73000.0 423.0 -5665.208 nan nan -0.0776 nan nan -4.687 nan nan 
74000.0 424.0 -5671.611 nan nan -0.0766 nan nan -4.757 nan nan 
75000.0 425.0 -5676.386 nan nan -0.0757 nan nan -4.77 nan nan 
76000.0 426.0 -5681.695 nan nan -0.0748 nan nan -4.761 nan nan 
77000.0 427.0 -5689.427 nan nan -0.0739 nan nan -4.809 nan nan 
78000.0 428.0 -5683.637 nan nan -0.0729 nan nan -4.6 nan nan 
79000.0 429.0 -5692.338 nan nan -0.0721 nan nan -4.717 nan nan 
80000.0 430.0 -5700.347 nan nan -0.0713 nan nan -4.753 nan nan 
81000.0 431.0 -5705.604 nan nan -0.0704 nan nan -4.783 nan nan 
82000.0 432.0 -5714.585 nan nan -0.0697 nan nan -4.823 nan nan 
83000.0 433.0 -5720.129 nan nan -0.0689 nan nan -4.843 nan nan 
84000.0 434.0 -5724.546 nan nan -0.0681 nan nan -4.718 nan nan 
85000.0 435.0 -5728.76 nan nan -0.0674 nan nan -4.744 nan nan 
86000.0 436.0 -5732.733 nan nan -0.0667 nan nan -4.739 nan nan 
87000.0 437.0 -5742.926 nan nan -0.066 nan nan -4.738 nan nan 
88000.0 438.0 -5745.397 nan nan -0.0653 nan nan -4.866 nan nan 
89000.0 439.0 -5752.237 nan nan -0.0646 nan nan -4.781 nan nan 
90000.0 440.0 -5762.196 nan nan -0.064 nan nan -4.857 nan nan 
91000.0 441.0 -5769.752 nan nan -0.0634 nan nan -4.923 nan nan 
92000.0 442.0 -5775.121 nan nan -0.0628 nan nan -5.003 nan nan 
93000.0 443.0 -5786.157 nan nan -0.0622 nan nan -5.016 nan nan 
94000.0 445.0 -5787.998 nan nan -0.0616 nan nan -4.979 nan nan 
95000.0 446.0 -5799.687 nan nan -0.061 nan nan -5.034 nan nan 
96000.0 447.0 -5806.076 nan nan -0.0605 nan nan -5.152 nan nan 
97000.0 448.0 -5818.395 nan nan -0.06 nan nan -5.188 nan nan 
98000.0 449.0 -5820.353 nan nan -0.0594 nan nan -5.326 nan nan 
99000.0 450.0 -5830.405 nan nan -0.0589 nan nan -5.252 nan nan 
100000.0 451.0 -5835.931 nan nan -0.0584 nan nan -5.347 nan nan 
101000.0 452.0 -5842.642 nan nan -0.0578 nan nan -5.341 nan nan 
102000.0 453.0 -5849.986 nan nan -0.0574 nan nan -5.384 nan nan 
103000.0 454.0 -5851.897 nan nan -0.0568 nan nan -5.38 nan nan 
104000.0 455.0 -5863.03 nan nan -0.0564 nan nan -5.36 nan nan 
105000.0 457.0 -5869.309 nan nan -0.0559 nan nan -5.301 nan nan 
106000.0 458.0 -5872.326 nan nan -0.0554 nan nan -5.44 nan nan 
107000.0 459.0 -5871.727 nan nan -0.0549 nan nan -5.33 nan nan 
108000.0 460.0 -5878.698 nan nan -0.0544 nan nan -5.254 nan nan 
109000.0 461.0 -5875.595 nan nan -0.0539 nan nan -5.277 nan nan 
110000.0 462.0 -5879.358 nan nan -0.0534 nan nan -5.035 nan nan 
111000.0 463.0 -5888.195 nan nan -0.053 nan nan -5.06 nan nan 
112000.0 464.0 -5893.999 nan nan -0.0526 nan nan -5.127 nan nan 
113000.0 465.0 -5901.897 nan nan -0.0522 nan nan -5.164 nan nan 
114000.0 466.0 -5908.714 nan nan -0.0518 nan nan -5.195 nan nan 
115000.0 467.0 -5913.625 nan nan -0.0514 nan nan -5.187 nan nan 
116000.0 468.0 -5924.663 nan nan -0.0511 nan nan -5.215 nan nan 
117000.0 469.0 -5934.002 nan nan -0.0507 nan nan -5.329 nan nan 
118000.0 470.0 -5942.876 nan nan -0.0504 nan nan -5.363 nan nan 
119000.0 471.0 -5945.487 nan nan -0.05 nan nan -5.453 nan nan 
120000.0 472.0 -5951.159 nan nan -0.0496 nan nan -5.373 nan nan 
121000.0 473.0 -5953.073 nan nan -0.0492 nan nan -5.404 nan nan 
122000.0 474.0 -5959.98 nan nan -0.0489 nan nan -5.383 nan nan 
123000.0 477.0 -5961.873 nan nan -0.0485 nan nan -5.205 nan nan 
124000.0 478.0 -5969.753 nan nan -0.0481 nan nan -5.185 nan nan 
125000.0 480.0 -5974.814 nan nan -0.0478 nan nan -5.124 nan nan 
126000.0 481.0 -5980.655 nan nan -0.0475 nan nan -5.004 nan nan 
127000.0 482.0 -5982.686 nan nan -0.0471 nan nan -5.026 nan nan 
128000.0 486.0 -5981.659 nan nan -0.0467 nan nan -4.693 nan nan 
129000.0 488.0 -5988.591 nan nan -0.0464 nan nan -4.611 nan nan 
130000.0 489.0 -5998.19 nan nan -0.0461 nan nan -4.691 nan nan 
131000.0 490.0 -6009.668 nan nan -0.0459 nan nan -4.781 nan nan 
132000.0 491.0 -6015.306 nan nan -0.0456 nan nan -4.83 nan nan 
133000.0 492.0 -6025.218 nan nan -0.0453 nan nan -4.878 nan nan 
134000.0 493.0 -6032.121 nan nan -0.045 nan nan -4.992 nan nan 
135000.0 494.0 -6039.929 nan nan -0.0447 nan nan -5.055 nan nan 
136000.0 495.0 -6045.502 nan nan -0.0445 nan nan -5.075 nan nan 
137000.0 496.0 -6047.608 nan nan -0.0441 nan nan -5.043 nan nan 
138000.0 497.0 -6060.119 nan nan -0.0439 nan nan -5.113 nan nan 
139000.0 498.0 -6063.154 nan nan -0.0436 nan nan -5.148 nan nan 
140000.0 501.0 -6063.698 nan nan -0.0433 nan nan -4.777 nan nan 
141000.0 502.0 -6072.923 nan nan -0.0431 nan nan -4.782 nan nan 
142000.0 503.0 -6081.472 nan nan -0.0428 nan nan -4.889 nan nan 
143000.0 504.0 -6080.183 nan nan -0.0425 nan nan -4.973 nan nan 
144000.0 505.0 -6090.005 nan nan -0.0423 nan nan -4.854 nan nan 
145000.0 506.0 -6099.044 nan nan -0.0421 nan nan -4.863 nan nan 
146000.0 508.0 -6097.125 nan nan -0.0418 nan nan -4.818 nan nan 
147000.0 509.0 -6101.198 nan nan -0.0415 nan nan -4.8 nan nan 
148000.0 510.0 -6102.972 nan nan -0.0412 nan nan -4.773 nan nan 
149000.0 512.0 -6106.187 nan nan -0.041 nan nan -4.591 nan nan 
150000.0 513.0 -6106.165 nan nan -0.0407 nan nan -4.549 nan nan 
151000.0 514.0 -6103.949 nan nan -0.0404 nan nan -4.368 nan nan 
152000.0 516.0 -6107.578 nan nan -0.0402 nan nan -4.292 nan nan 
153000.0 518.0 -6108.575 nan nan -0.0399 nan nan -4.037 nan nan 
154000.0 519.0 -6106.166 nan nan -0.0397 nan nan -3.945 nan nan 
155000.0 520.0 -6111.672 nan nan -0.0394 nan nan -4.0 nan nan 
156000.0 521.0 -6115.671 nan nan -0.0392 nan nan -3.989 nan nan 
157000.0 522.0 -6129.411 nan nan -0.039 nan nan -4.058 nan nan 
158000.0 523.0 -6135.902 nan nan -0.0388 nan nan -4.192 nan nan 
159000.0 526.0 -6131.565 nan nan -0.0386 nan nan -3.849 nan nan 
160000.0 527.0 -6140.006 nan nan -0.0384 nan nan -4.024 nan nan 
161000.0 528.0 -6144.022 nan nan -0.0382 nan nan -4.028 nan nan 
162000.0 529.0 -6150.997 nan nan -0.038 nan nan -4.054 nan nan 
163000.0 530.0 -6160.254 nan nan -0.0378 nan nan -4.145 nan nan 
164000.0 531.0 -6163.879 nan nan -0.0376 nan nan -4.256 nan nan 
165000.0 532.0 -6177.403 nan nan -0.0374 nan nan -4.28 nan nan 
166000.0 533.0 -6187.919 nan nan -0.0373 nan nan -4.404 nan nan 
167000.0 534.0 -6195.524 nan nan -0.0371 nan nan -4.512 nan nan 
168000.0 535.0 -6202.489 nan nan -0.0369 nan nan -4.625 nan nan 
169000.0 536.0 -6209.209 nan nan -0.0367 nan nan -4.694 nan nan 
170000.0 538.0 -6213.777 nan nan -0.0366 nan nan -4.46 nan nan 
171000.0 539.0 -6224.976 nan nan -0.0364 nan nan -4.569 nan nan 
172000.0 541.0 -6228.959 nan nan -0.0362 nan nan -4.555 nan nan 
173000.0 542.0 -6237.384 nan nan -0.0361 nan nan -4.667 nan nan 
174000.0 543.0 -6241.018 nan nan -0.0359 nan nan -4.686 nan nan 
175000.0 545.0 -6242.656 nan nan -0.0357 nan nan -4.545 nan nan 
176000.0 546.0 -6252.841 nan nan -0.0355 nan nan -4.572 nan nan 
177000.0 547.0 -6256.288 nan nan -0.0353 nan nan -4.67 nan nan 
178000.0 548.0 -6273.941 nan nan -0.0352 nan nan -4.762 nan nan 
179000.0 549.0 -6272.323 nan nan -0.035 nan nan -4.804 nan nan 
180000.0 550.0 -6281.716 nan nan -0.0349 nan nan -4.619 nan nan 
181000.0 551.0 -6288.505 nan nan -0.0347 nan nan -4.697 nan nan 
182000.0 552.0 -6295.208 nan nan -0.0346 nan nan -4.745 nan nan 
183000.0 554.0 -6303.118 nan nan -0.0344 nan nan -4.738 nan nan 
184000.0 555.0 -6307.395 nan nan -0.0343 nan nan -4.774 nan nan 
185000.0 557.0 -6317.731 nan nan -0.0341 nan nan -4.872 nan nan 
186000.0 561.0 -6320.478 nan nan -0.034 nan nan -4.546 nan nan 
187000.0 562.0 -6325.328 nan nan -0.0338 nan nan -4.553 nan nan 
188000.0 563.0 -6327.935 nan nan -0.0337 nan nan -4.44 nan nan 
189000.0 564.0 -6333.081 nan nan -0.0335 nan nan -4.422 nan nan 
190000.0 566.0 -6341.872 nan nan -0.0334 nan nan -4.401 nan nan 
191000.0 568.0 -6350.662 nan nan -0.0332 nan nan -4.397 nan nan 
192000.0 569.0 -6362.656 nan nan -0.0331 nan nan -4.592 nan nan 
193000.0 570.0 -6360.67 nan nan -0.033 nan nan -4.632 nan nan 
194000.0 571.0 -6368.38 nan nan -0.0328 nan nan -4.529 nan nan 
195000.0 572.0 -6375.128 nan nan -0.0327 nan nan -4.532 nan nan 
196000.0 574.0 -6376.73 nan nan -0.0325 nan nan -4.438 nan nan 
197000.0 575.0 -6382.589 nan nan -0.0324 nan nan -4.5 nan nan 
198000.0 576.0 -6389.839 nan nan -0.0323 nan nan -4.518 nan nan 
199000.0 577.0 -6392.465 nan nan -0.0321 nan nan -4.551 nan nan 
200000.0 579.0 -6396.832 nan nan -0.032 nan nan -4.376 nan nan 
201000.0 580.0 -6403.609 nan nan -0.0319 nan nan -4.486 nan nan 
202000.0 581.0 -6407.839 nan nan -0.0317 nan nan -4.432 nan nan 
203000.0 582.0 -6407.821 nan nan -0.0316 nan nan -4.471 nan nan 
204000.0 583.0 -6401.064 nan nan -0.0314 nan nan -4.191 nan nan 
205000.0 584.0 -6399.505 nan nan -0.0312 nan nan -4.165 nan nan 
206000.0 585.0 -6413.398 nan nan -0.0311 nan nan -4.303 nan nan 
207000.0 586.0 -6410.16 nan nan -0.031 nan nan -4.178 nan nan 
208000.0 587.0 -6421.79 nan nan -0.0309 nan nan -4.177 nan nan 
209000.0 588.0 -6426.447 nan nan -0.0307 nan nan -4.277 nan nan 
210000.0 589.0 -6423.717 nan nan -0.0306 nan nan -4.165 nan nan 
211000.0 590.0 -6435.476 nan nan -0.0305 nan nan -4.229 nan nan 
212000.0 591.0 -6434.866 nan nan -0.0304 nan nan -4.327 nan nan 
213000.0 592.0 -6444.071 nan nan -0.0303 nan nan -4.29 nan nan 
214000.0 593.0 -6441.661 nan nan -0.0301 nan nan -4.272 nan nan 
215000.0 594.0 -6440.736 nan nan -0.03 nan nan -4.13 nan nan 
216000.0 595.0 -6443.126 nan nan -0.0298 nan nan -4.04 nan nan 
217000.0 596.0 -6438.773 nan nan -0.0297 nan nan -3.903 nan nan 
218000.0 597.0 -6439.502 nan nan -0.0295 nan nan -3.827 nan nan 
219000.0 598.0 -6435.953 nan nan -0.0294 nan nan -3.659 nan nan 
220000.0 600.0 -6437.097 nan nan -0.0293 nan nan -3.502 nan nan 
221000.0 601.0 -6436.137 nan nan -0.0291 nan nan -3.444 nan nan 
