1000.0 10.0 -84.784 nan nan -0.0848 nan nan -1.608 nan nan 
2000.0 19.0 -256.517 nan nan -0.1283 nan nan -4.406 nan nan 
3000.0 29.0 -444.616 nan nan -0.1482 nan nan -7.083 nan nan 
4000.0 39.0 -591.404 nan nan -0.1479 nan nan -8.416 nan nan 
5000.0 51.0 -645.04 nan nan -0.129 nan nan -7.536 nan nan 
6000.0 61.0 -767.381 nan nan -0.1279 nan nan -8.297 nan nan 
7000.0 72.0 -880.063 nan nan -0.1257 nan nan -8.651 nan nan 
8000.0 82.0 -1041.003 nan nan -0.1301 nan nan -9.985 nan nan 
9000.0 93.0 -1197.421 nan nan -0.133 nan nan -10.776 nan nan 
10000.0 103.0 -1287.831 nan nan -0.1288 nan nan -10.461 nan nan 
11000.0 114.0 -1389.339 nan nan -0.1263 nan nan -9.97 nan nan 
12000.0 125.0 -1552.744 nan nan -0.1294 nan nan -11.098 nan nan 
13000.0 137.0 -1676.242 nan nan -0.1289 nan nan -11.037 nan nan 
14000.0 148.0 -1796.13 nan nan -0.1283 nan nan -10.996 nan nan 
15000.0 158.0 -1961.038 nan nan -0.1307 nan nan -12.006 nan nan 
16000.0 166.0 -2111.074 nan nan -0.1319 nan nan -13.007 nan nan 
17000.0 176.0 -2190.405 nan nan -0.1288 nan nan -12.058 nan nan 
18000.0 186.0 -2299.892 nan nan -0.1278 nan nan -11.903 nan nan 
19000.0 196.0 -2384.325 nan nan -0.1255 nan nan -11.296 nan nan 
20000.0 208.0 -2418.832 nan nan -0.1209 nan nan -9.57 nan nan 
21000.0 219.0 -2559.767 nan nan -0.1219 nan nan -10.228 nan nan 
22000.0 228.0 -2640.446 nan nan -0.12 nan nan -9.919 nan nan 
23000.0 235.0 -2699.6 nan nan -0.1174 nan nan -9.818 nan nan 
24000.0 244.0 -2743.874 nan nan -0.1143 nan nan -8.971 nan nan 
25000.0 251.0 -2820.451 nan nan -0.1128 nan nan -9.177 nan nan 
26000.0 260.0 -2871.603 nan nan -0.1104 nan nan -8.731 nan nan 
27000.0 267.0 -2963.956 nan nan -0.1098 nan nan -9.297 nan nan 
28000.0 276.0 -3080.267 nan nan -0.11 nan nan -9.802 nan nan 
29000.0 284.0 -3135.986 nan nan -0.1081 nan nan -9.491 nan nan 
30000.0 291.0 -3232.443 nan nan -0.1077 nan nan -9.963 nan nan 
31000.0 299.0 -3296.302 nan nan -0.1063 nan nan -9.703 nan nan 
32000.0 305.0 -3384.231 nan nan -0.1058 nan nan -10.254 nan nan 
33000.0 311.0 -3444.565 nan nan -0.1044 nan nan -10.204 nan nan 
34000.0 317.0 -3525.656 nan nan -0.1037 nan nan -10.582 nan nan 
35000.0 322.0 -3601.679 nan nan -0.1029 nan nan -11.042 nan nan 
36000.0 326.0 -3663.871 nan nan -0.1018 nan nan -11.013 nan nan 
37000.0 332.0 -3678.151 nan nan -0.0994 nan nan -10.153 nan nan 
38000.0 333.0 -3668.933 nan nan -0.0966 nan nan -10.386 nan nan 
39000.0 335.0 -3656.828 nan nan -0.0938 nan nan -9.52 nan nan 
40000.0 339.0 -3632.766 nan nan -0.0908 nan nan -8.258 nan nan 
41000.0 341.0 -3648.722 nan nan -0.089 nan nan -7.903 nan nan 
42000.0 342.0 -3620.065 nan nan -0.0862 nan nan -7.736 nan nan 
43000.0 346.0 -3634.134 nan nan -0.0845 nan nan -7.079 nan nan 
44000.0 351.0 -3648.729 nan nan -0.0829 nan nan -6.708 nan nan 
45000.0 353.0 -3671.785 nan nan -0.0816 nan nan -7.206 nan nan 
46000.0 355.0 -3675.973 nan nan -0.0799 nan nan -6.605 nan nan 
47000.0 359.0 -3654.53 nan nan -0.0778 nan nan -5.896 nan nan 
48000.0 361.0 -3682.941 nan nan -0.0767 nan nan -5.976 nan nan 
49000.0 364.0 -3684.226 nan nan -0.0752 nan nan -6.039 nan nan 
50000.0 367.0 -3694.788 nan nan -0.0739 nan nan -5.603 nan nan 
51000.0 371.0 -3737.867 nan nan -0.0733 nan nan -6.069 nan nan 
52000.0 374.0 -3766.877 nan nan -0.0724 nan nan -6.253 nan nan 
53000.0 377.0 -3778.053 nan nan -0.0713 nan nan -6.064 nan nan 
54000.0 379.0 -3790.755 nan nan -0.0702 nan nan -6.126 nan nan 
55000.0 380.0 -3776.193 nan nan -0.0687 nan nan -5.946 nan nan 
56000.0 383.0 -3781.519 nan nan -0.0675 nan nan -5.487 nan nan 
57000.0 384.0 -3783.744 nan nan -0.0664 nan nan -5.49 nan nan 
58000.0 385.0 -3777.869 nan nan -0.0651 nan nan -5.505 nan nan 
59000.0 386.0 -3779.404 nan nan -0.0641 nan nan -5.06 nan nan 
60000.0 387.0 -3783.751 nan nan -0.0631 nan nan -5.117 nan nan 
61000.0 388.0 -3776.234 nan nan -0.0619 nan nan -5.141 nan nan 
62000.0 390.0 -3766.76 nan nan -0.0608 nan nan -4.45 nan nan 
63000.0 391.0 -3775.757 nan nan -0.0599 nan nan -4.564 nan nan 
64000.0 392.0 -3773.711 nan nan -0.059 nan nan -4.443 nan nan 
65000.0 393.0 -3778.448 nan nan -0.0581 nan nan -4.333 nan nan 
66000.0 394.0 -3775.471 nan nan -0.0572 nan nan -4.333 nan nan 
67000.0 396.0 -3764.063 nan nan -0.0562 nan nan -4.004 nan nan 
68000.0 397.0 -3755.202 nan nan -0.0552 nan nan -3.623 nan nan 
69000.0 398.0 -3746.625 nan nan -0.0543 nan nan -3.446 nan nan 
70000.0 399.0 -3747.231 nan nan -0.0535 nan nan -3.276 nan nan 
71000.0 400.0 -3753.377 nan nan -0.0529 nan nan -3.374 nan nan 
72000.0 401.0 -3753.082 nan nan -0.0521 nan nan -3.337 nan nan 
73000.0 402.0 -3752.822 nan nan -0.0514 nan nan -3.261 nan nan 
74000.0 404.0 -3753.41 nan nan -0.0507 nan nan -3.141 nan nan 
75000.0 405.0 -3751.565 nan nan -0.05 nan nan -2.983 nan nan 
76000.0 406.0 -3757.538 nan nan -0.0494 nan nan -3.034 nan nan 
77000.0 407.0 -3759.068 nan nan -0.0488 nan nan -3.086 nan nan 
78000.0 408.0 -3766.431 nan nan -0.0483 nan nan -3.076 nan nan 
79000.0 409.0 -3766.828 nan nan -0.0477 nan nan -3.105 nan nan 
80000.0 410.0 -3760.32 nan nan -0.047 nan nan -2.95 nan nan 
81000.0 411.0 -3762.099 nan nan -0.0464 nan nan -2.889 nan nan 
82000.0 413.0 -3771.381 nan nan -0.046 nan nan -2.951 nan nan 
83000.0 414.0 -3788.946 nan nan -0.0456 nan nan -3.217 nan nan 
84000.0 415.0 -3790.541 nan nan -0.0451 nan nan -3.224 nan nan 
85000.0 416.0 -3798.774 nan nan -0.0447 nan nan -3.255 nan nan 
86000.0 417.0 -3802.695 nan nan -0.0442 nan nan -3.314 nan nan 
87000.0 419.0 -3805.691 nan nan -0.0437 nan nan -3.27 nan nan 
88000.0 420.0 -3810.253 nan nan -0.0433 nan nan -3.322 nan nan 
89000.0 421.0 -3817.33 nan nan -0.0429 nan nan -3.252 nan nan 
90000.0 422.0 -3819.874 nan nan -0.0424 nan nan -3.196 nan nan 
91000.0 425.0 -3825.074 nan nan -0.042 nan nan -3.217 nan nan 
92000.0 426.0 -3831.582 nan nan -0.0416 nan nan -3.265 nan nan 
93000.0 428.0 -3837.96 nan nan -0.0413 nan nan -3.347 nan nan 
94000.0 429.0 -3846.878 nan nan -0.0409 nan nan -3.281 nan nan 
95000.0 430.0 -3852.066 nan nan -0.0405 nan nan -3.347 nan nan 
96000.0 434.0 -3855.21 nan nan -0.0402 nan nan -3.196 nan nan 
97000.0 435.0 -3849.802 nan nan -0.0397 nan nan -3.055 nan nan 
98000.0 436.0 -3846.688 nan nan -0.0393 nan nan -2.901 nan nan 
99000.0 437.0 -3856.641 nan nan -0.039 nan nan -2.957 nan nan 
100000.0 438.0 -3861.155 nan nan -0.0386 nan nan -3.106 nan nan 
101000.0 439.0 -3862.527 nan nan -0.0382 nan nan -3.095 nan nan 
102000.0 441.0 -3870.87 nan nan -0.0379 nan nan -3.047 nan nan 
103000.0 442.0 -3873.978 nan nan -0.0376 nan nan -3.184 nan nan 
104000.0 444.0 -3881.998 nan nan -0.0373 nan nan -3.084 nan nan 
105000.0 445.0 -3893.384 nan nan -0.0371 nan nan -3.158 nan nan 
106000.0 449.0 -3897.922 nan nan -0.0368 nan nan -3.091 nan nan 
107000.0 450.0 -3904.997 nan nan -0.0365 nan nan -3.26 nan nan 
108000.0 452.0 -3914.487 nan nan -0.0362 nan nan -3.28 nan nan 
109000.0 453.0 -3924.551 nan nan -0.036 nan nan -3.415 nan nan 
110000.0 455.0 -3923.118 nan nan -0.0357 nan nan -3.256 nan nan 
111000.0 456.0 -3930.404 nan nan -0.0354 nan nan -3.305 nan nan 
112000.0 457.0 -3939.897 nan nan -0.0352 nan nan -3.414 nan nan 
113000.0 458.0 -3947.552 nan nan -0.0349 nan nan -3.466 nan nan 
114000.0 463.0 -3955.037 nan nan -0.0347 nan nan -3.351 nan nan 
115000.0 464.0 -3958.43 nan nan -0.0344 nan nan -3.252 nan nan 
116000.0 468.0 -3959.965 nan nan -0.0341 nan nan -3.183 nan nan 
117000.0 469.0 -3962.82 nan nan -0.0339 nan nan -3.194 nan nan 
118000.0 470.0 -3965.832 nan nan -0.0336 nan nan -3.223 nan nan 
119000.0 471.0 -3971.839 nan nan -0.0334 nan nan -3.201 nan nan 
120000.0 472.0 -3978.515 nan nan -0.0332 nan nan -3.289 nan nan 
121000.0 473.0 -3985.177 nan nan -0.0329 nan nan -3.374 nan nan 
122000.0 474.0 -3994.199 nan nan -0.0327 nan nan -3.484 nan nan 
123000.0 475.0 -3997.478 nan nan -0.0325 nan nan -3.449 nan nan 
124000.0 476.0 -4004.133 nan nan -0.0323 nan nan -3.552 nan nan 
125000.0 477.0 -4010.437 nan nan -0.0321 nan nan -3.441 nan nan 
126000.0 479.0 -4017.944 nan nan -0.0319 nan nan -3.426 nan nan 
127000.0 480.0 -4020.579 nan nan -0.0317 nan nan -3.49 nan nan 
128000.0 483.0 -4026.797 nan nan -0.0315 nan nan -3.434 nan nan 
129000.0 486.0 -4016.605 nan nan -0.0311 nan nan -3.098 nan nan 
130000.0 488.0 -4023.328 nan nan -0.0309 nan nan -3.037 nan nan 
131000.0 491.0 -4027.821 nan nan -0.0307 nan nan -2.867 nan nan 
132000.0 494.0 -4023.486 nan nan -0.0305 nan nan -2.74 nan nan 
133000.0 496.0 -4026.752 nan nan -0.0303 nan nan -2.699 nan nan 
134000.0 497.0 -4031.505 nan nan -0.0301 nan nan -2.768 nan nan 
135000.0 498.0 -4036.062 nan nan -0.0299 nan nan -2.822 nan nan 
136000.0 499.0 -4047.989 nan nan -0.0298 nan nan -3.004 nan nan 
137000.0 500.0 -4057.847 nan nan -0.0296 nan nan -2.975 nan nan 
138000.0 502.0 -4062.59 nan nan -0.0294 nan nan -3.048 nan nan 
139000.0 505.0 -4071.185 nan nan -0.0293 nan nan -2.996 nan nan 
140000.0 507.0 -4065.322 nan nan -0.029 nan nan -2.801 nan nan 
141000.0 509.0 -4058.442 nan nan -0.0288 nan nan -2.566 nan nan 
142000.0 510.0 -4064.236 nan nan -0.0286 nan nan -2.641 nan nan 
143000.0 511.0 -4076.474 nan nan -0.0285 nan nan -2.761 nan nan 
144000.0 512.0 -4082.939 nan nan -0.0284 nan nan -2.771 nan nan 
145000.0 514.0 -4073.883 nan nan -0.0281 nan nan -2.597 nan nan 
146000.0 515.0 -4081.842 nan nan -0.028 nan nan -2.519 nan nan 
147000.0 516.0 -4091.545 nan nan -0.0278 nan nan -2.619 nan nan 
148000.0 518.0 -4091.052 nan nan -0.0276 nan nan -2.639 nan nan 
149000.0 519.0 -4100.869 nan nan -0.0275 nan nan -2.784 nan nan 
150000.0 521.0 -4099.43 nan nan -0.0273 nan nan -2.698 nan nan 
151000.0 522.0 -4099.06 nan nan -0.0271 nan nan -2.571 nan nan 
152000.0 523.0 -4106.601 nan nan -0.027 nan nan -2.715 nan nan 
153000.0 525.0 -4096.239 nan nan -0.0268 nan nan -2.559 nan nan 
154000.0 526.0 -4106.907 nan nan -0.0267 nan nan -2.703 nan nan 
155000.0 528.0 -4096.663 nan nan -0.0264 nan nan -2.312 nan nan 
156000.0 529.0 -4100.835 nan nan -0.0263 nan nan -2.316 nan nan 
157000.0 530.0 -4097.874 nan nan -0.0261 nan nan -2.147 nan nan 
158000.0 531.0 -4105.142 nan nan -0.026 nan nan -2.26 nan nan 
159000.0 533.0 -4097.692 nan nan -0.0258 nan nan -2.114 nan nan 
160000.0 535.0 -4079.301 nan nan -0.0255 nan nan -1.712 nan nan 
161000.0 537.0 -4061.032 nan nan -0.0252 nan nan -1.301 nan nan 
162000.0 538.0 -4072.494 nan nan -0.0251 nan nan -1.401 nan nan 
163000.0 539.0 -4070.452 nan nan -0.025 nan nan -1.394 nan nan 
164000.0 540.0 -4068.536 nan nan -0.0248 nan nan -1.358 nan nan 
165000.0 542.0 -4058.752 nan nan -0.0246 nan nan -1.037 nan nan 
166000.0 544.0 -4056.316 nan nan -0.0244 nan nan -0.985 nan nan 
167000.0 545.0 -4047.117 nan nan -0.0242 nan nan -0.926 nan nan 
168000.0 546.0 -4035.989 nan nan -0.024 nan nan -0.701 nan nan 
169000.0 548.0 -4022.776 nan nan -0.0238 nan nan -0.276 nan nan 
170000.0 549.0 -4031.373 nan nan -0.0237 nan nan -0.371 nan nan 
171000.0 550.0 -4031.236 nan nan -0.0236 nan nan -0.551 nan nan 
172000.0 551.0 -4037.336 nan nan -0.0235 nan nan -0.584 nan nan 
173000.0 552.0 -4042.397 nan nan -0.0234 nan nan -0.678 nan nan 
174000.0 553.0 -4039.034 nan nan -0.0232 nan nan -0.585 nan nan 
175000.0 555.0 -4035.276 nan nan -0.0231 nan nan -0.41 nan nan 
176000.0 556.0 -4047.391 nan nan -0.023 nan nan -0.473 nan nan 
177000.0 558.0 -4035.823 nan nan -0.0228 nan nan -0.499 nan nan 
178000.0 559.0 -4041.076 nan nan -0.0227 nan nan -0.569 nan nan 
179000.0 562.0 -4015.663 nan nan -0.0224 nan nan 0.032 nan nan 
180000.0 563.0 -4002.658 nan nan -0.0222 nan nan 0.319 nan nan 
181000.0 564.0 -4010.793 nan nan -0.0222 nan nan 0.191 nan nan 
182000.0 565.0 -4006.217 nan nan -0.022 nan nan 0.126 nan nan 
183000.0 566.0 -4010.025 nan nan -0.0219 nan nan 0.241 nan nan 
184000.0 567.0 -4008.993 nan nan -0.0218 nan nan 0.144 nan nan 
185000.0 568.0 -4014.355 nan nan -0.0217 nan nan 0.177 nan nan 
186000.0 569.0 -4022.926 nan nan -0.0216 nan nan 0.038 nan nan 
187000.0 570.0 -4005.648 nan nan -0.0214 nan nan -0.118 nan nan 
188000.0 573.0 -4000.84 nan nan -0.0213 nan nan 0.263 nan nan 
189000.0 574.0 -4006.19 nan nan -0.0212 nan nan 0.094 nan nan 
190000.0 575.0 -4012.842 nan nan -0.0211 nan nan 0.067 nan nan 
191000.0 576.0 -4005.928 nan nan -0.021 nan nan -0.022 nan nan 
192000.0 577.0 -4008.834 nan nan -0.0209 nan nan 0.278 nan nan 
193000.0 578.0 -4004.473 nan nan -0.0207 nan nan 0.131 nan nan 
194000.0 579.0 -4004.974 nan nan -0.0206 nan nan 0.229 nan nan 
195000.0 580.0 -4005.834 nan nan -0.0205 nan nan 0.289 nan nan 
196000.0 581.0 -4006.765 nan nan -0.0204 nan nan 0.19 nan nan 
197000.0 583.0 -3991.909 nan nan -0.0203 nan nan 0.412 nan nan 
198000.0 584.0 -3984.613 nan nan -0.0201 nan nan 0.562 nan nan 
199000.0 585.0 -3988.833 nan nan -0.02 nan nan 0.51 nan nan 
200000.0 586.0 -3992.651 nan nan -0.02 nan nan 0.409 nan nan 
201000.0 587.0 -3999.166 nan nan -0.0199 nan nan 0.235 nan nan 
202000.0 588.0 -4006.743 nan nan -0.0198 nan nan 0.116 nan nan 
203000.0 589.0 -4014.1 nan nan -0.0198 nan nan -0.048 nan nan 
204000.0 590.0 -4024.844 nan nan -0.0197 nan nan -0.247 nan nan 
205000.0 592.0 -4013.776 nan nan -0.0196 nan nan -0.251 nan nan 
206000.0 593.0 -4010.144 nan nan -0.0195 nan nan 0.059 nan nan 
207000.0 595.0 -4003.312 nan nan -0.0193 nan nan -0.032 nan nan 
208000.0 596.0 -3998.391 nan nan -0.0192 nan nan 0.213 nan nan 
209000.0 599.0 -3986.316 nan nan -0.0191 nan nan 0.419 nan nan 
210000.0 600.0 -3993.045 nan nan -0.019 nan nan 0.615 nan nan 
211000.0 601.0 -3986.9 nan nan -0.0189 nan nan 0.408 nan nan 
212000.0 602.0 -3990.73 nan nan -0.0188 nan nan 0.522 nan nan 
213000.0 604.0 -3973.314 nan nan -0.0187 nan nan 0.827 nan nan 
214000.0 605.0 -3982.74 nan nan -0.0186 nan nan 0.677 nan nan 
215000.0 607.0 -3976.132 nan nan -0.0185 nan nan 0.512 nan nan 
216000.0 609.0 -3964.897 nan nan -0.0184 nan nan 0.887 nan nan 
217000.0 610.0 -3969.637 nan nan -0.0183 nan nan 0.807 nan nan 
218000.0 611.0 -3957.35 nan nan -0.0182 nan nan 0.656 nan nan 
219000.0 612.0 -3949.577 nan nan -0.018 nan nan 0.971 nan nan 
220000.0 613.0 -3952.962 nan nan -0.018 nan nan 1.123 nan nan 
221000.0 614.0 -3948.169 nan nan -0.0179 nan nan 0.964 nan nan 
222000.0 615.0 -3936.286 nan nan -0.0177 nan nan 1.098 nan nan 
223000.0 616.0 -3937.517 nan nan -0.0177 nan nan 1.299 nan nan 
224000.0 617.0 -3934.777 nan nan -0.0176 nan nan 1.223 nan nan 
225000.0 618.0 -3934.44 nan nan -0.0175 nan nan 1.308 nan nan 
226000.0 619.0 -3937.864 nan nan -0.0174 nan nan 1.247 nan nan 
227000.0 620.0 -3933.737 nan nan -0.0173 nan nan 1.15 nan nan 
228000.0 623.0 -3905.453 nan nan -0.0171 nan nan 1.538 nan nan 
229000.0 625.0 -3880.58 nan nan -0.0169 nan nan 2.032 nan nan 
230000.0 626.0 -3880.815 nan nan -0.0169 nan nan 1.965 nan nan 
231000.0 628.0 -3854.597 nan nan -0.0167 nan nan 2.348 nan nan 
232000.0 631.0 -3822.196 nan nan -0.0165 nan nan 2.926 nan nan 
233000.0 633.0 -3793.141 nan nan -0.0163 nan nan 3.358 nan nan 
234000.0 634.0 -3784.298 nan nan -0.0162 nan nan 3.499 nan nan 
235000.0 635.0 -3778.911 nan nan -0.0161 nan nan 3.531 nan nan 
236000.0 636.0 -3775.4 nan nan -0.016 nan nan 3.637 nan nan 
237000.0 639.0 -3756.944 nan nan -0.0159 nan nan 3.834 nan nan 
238000.0 640.0 -3762.454 nan nan -0.0158 nan nan 3.65 nan nan 
239000.0 642.0 -3740.64 nan nan -0.0157 nan nan 3.814 nan nan 
240000.0 645.0 -3694.325 nan nan -0.0154 nan nan 4.392 nan nan 
241000.0 648.0 -3671.117 nan nan -0.0152 nan nan 4.833 nan nan 
242000.0 649.0 -3645.398 nan nan -0.0151 nan nan 4.884 nan nan 
243000.0 650.0 -3642.472 nan nan -0.015 nan nan 5.135 nan nan 
244000.0 651.0 -3631.87 nan nan -0.0149 nan nan 5.089 nan nan 
245000.0 653.0 -3619.737 nan nan -0.0148 nan nan 5.317 nan nan 
246000.0 655.0 -3593.864 nan nan -0.0146 nan nan 5.629 nan nan 
247000.0 656.0 -3581.237 nan nan -0.0145 nan nan 5.786 nan nan 
248000.0 657.0 -3561.237 nan nan -0.0144 nan nan 5.863 nan nan 
249000.0 658.0 -3551.118 nan nan -0.0143 nan nan 6.046 nan nan 
250000.0 659.0 -3539.309 nan nan -0.0142 nan nan 6.009 nan nan 
251000.0 660.0 -3530.875 nan nan -0.0141 nan nan 6.166 nan nan 
252000.0 664.0 -3478.775 nan nan -0.0138 nan nan 6.541 nan nan 
253000.0 665.0 -3478.362 nan nan -0.0137 nan nan 6.727 nan nan 
254000.0 666.0 -3471.614 nan nan -0.0137 nan nan 6.525 nan nan 
255000.0 667.0 -3472.128 nan nan -0.0136 nan nan 6.622 nan nan 
256000.0 668.0 -3466.588 nan nan -0.0135 nan nan 6.451 nan nan 
257000.0 670.0 -3439.424 nan nan -0.0134 nan nan 6.589 nan nan 
258000.0 672.0 -3416.747 nan nan -0.0132 nan nan 6.897 nan nan 
259000.0 674.0 -3385.974 nan nan -0.0131 nan nan 7.209 nan nan 
260000.0 675.0 -3380.641 nan nan -0.013 nan nan 7.188 nan nan 
261000.0 677.0 -3358.723 nan nan -0.0129 nan nan 7.279 nan nan 
262000.0 678.0 -3343.129 nan nan -0.0128 nan nan 7.423 nan nan 
263000.0 681.0 -3302.279 nan nan -0.0126 nan nan 7.879 nan nan 
264000.0 683.0 -3271.358 nan nan -0.0124 nan nan 8.012 nan nan 
265000.0 686.0 -3245.706 nan nan -0.0122 nan nan 8.278 nan nan 
266000.0 688.0 -3224.741 nan nan -0.0121 nan nan 8.437 nan nan 
267000.0 689.0 -3206.942 nan nan -0.012 nan nan 8.46 nan nan 
268000.0 690.0 -3196.384 nan nan -0.0119 nan nan 8.366 nan nan 
269000.0 691.0 -3195.775 nan nan -0.0119 nan nan 8.516 nan nan 
270000.0 693.0 -3170.122 nan nan -0.0117 nan nan 8.512 nan nan 
271000.0 695.0 -3134.773 nan nan -0.0116 nan nan 8.705 nan nan 
272000.0 696.0 -3123.71 nan nan -0.0115 nan nan 8.885 nan nan 
273000.0 699.0 -3088.61 nan nan -0.0113 nan nan 9.173 nan nan 
274000.0 700.0 -3096.474 nan nan -0.0113 nan nan 8.862 nan nan 
275000.0 706.0 -3045.319 nan nan -0.0111 nan nan 8.793 nan nan 
276000.0 711.0 -2993.373 nan nan -0.0108 nan nan 9.032 nan nan 
277000.0 713.0 -2982.079 nan nan -0.0108 nan nan 8.962 nan nan 
278000.0 718.0 -2941.998 nan nan -0.0106 nan nan 8.819 nan nan 
279000.0 719.0 -2926.019 nan nan -0.0105 nan nan 8.962 nan nan 
280000.0 723.0 -2898.046 nan nan -0.0104 nan nan 8.82 nan nan 
281000.0 727.0 -2845.852 nan nan -0.0101 nan nan 9.071 nan nan 
282000.0 732.0 -2795.857 nan nan -0.0099 nan nan 9.209 nan nan 
283000.0 733.0 -2772.664 nan nan -0.0098 nan nan 9.355 nan nan 
284000.0 737.0 -2714.297 nan nan -0.0096 nan nan 9.85 nan nan 
285000.0 738.0 -2691.609 nan nan -0.0094 nan nan 9.961 nan nan 
286000.0 741.0 -2650.905 nan nan -0.0093 nan nan 10.011 nan nan 
287000.0 743.0 -2636.576 nan nan -0.0092 nan nan 10.273 nan nan 
288000.0 744.0 -2608.998 nan nan -0.0091 nan nan 10.43 nan nan 
289000.0 745.0 -2606.067 nan nan -0.009 nan nan 10.42 nan nan 
290000.0 746.0 -2598.841 nan nan -0.009 nan nan 10.132 nan nan 
291000.0 748.0 -2586.834 nan nan -0.0089 nan nan 10.243 nan nan 
292000.0 749.0 -2585.521 nan nan -0.0089 nan nan 9.948 nan nan 
293000.0 750.0 -2588.577 nan nan -0.0088 nan nan 9.845 nan nan 
294000.0 751.0 -2596.892 nan nan -0.0088 nan nan 9.524 nan nan 
295000.0 752.0 -2602.182 nan nan -0.0088 nan nan 9.164 nan nan 
296000.0 754.0 -2583.452 nan nan -0.0087 nan nan 9.054 nan nan 
297000.0 755.0 -2567.579 nan nan -0.0086 nan nan 8.981 nan nan 
298000.0 757.0 -2557.583 nan nan -0.0086 nan nan 9.113 nan nan 
299000.0 758.0 -2540.206 nan nan -0.0085 nan nan 9.27 nan nan 
300000.0 761.0 -2498.662 nan nan -0.0083 nan nan 9.531 nan nan 
301000.0 762.0 -2487.021 nan nan -0.0083 nan nan 9.349 nan nan 
302000.0 763.0 -2482.514 nan nan -0.0082 nan nan 9.358 nan nan 
303000.0 765.0 -2447.034 nan nan -0.0081 nan nan 9.452 nan nan 
304000.0 768.0 -2398.691 nan nan -0.0079 nan nan 9.88 nan nan 
305000.0 770.0 -2378.945 nan nan -0.0078 nan nan 10.126 nan nan 
306000.0 771.0 -2383.524 nan nan -0.0078 nan nan 9.94 nan nan 
307000.0 772.0 -2385.484 nan nan -0.0078 nan nan 9.64 nan nan 
308000.0 775.0 -2351.112 nan nan -0.0076 nan nan 9.603 nan nan 
309000.0 776.0 -2350.162 nan nan -0.0076 nan nan 9.549 nan nan 
310000.0 778.0 -2332.971 nan nan -0.0075 nan nan 9.427 nan nan 
311000.0 780.0 -2315.098 nan nan -0.0074 nan nan 9.611 nan nan 
312000.0 782.0 -2284.062 nan nan -0.0073 nan nan 9.757 nan nan 
313000.0 785.0 -2238.264 nan nan -0.0072 nan nan 9.962 nan nan 
314000.0 786.0 -2249.002 nan nan -0.0072 nan nan 9.593 nan nan 
315000.0 789.0 -2201.539 nan nan -0.007 nan nan 9.901 nan nan 
316000.0 790.0 -2201.294 nan nan -0.007 nan nan 9.975 nan nan 
317000.0 792.0 -2181.602 nan nan -0.0069 nan nan 9.784 nan nan 
318000.0 794.0 -2152.347 nan nan -0.0068 nan nan 9.863 nan nan 
319000.0 796.0 -2124.846 nan nan -0.0067 nan nan 10.068 nan nan 
320000.0 798.0 -2090.805 nan nan -0.0065 nan nan 10.33 nan nan 
321000.0 799.0 -2093.5 nan nan -0.0065 nan nan 10.055 nan nan 
322000.0 800.0 -2097.93 nan nan -0.0065 nan nan 9.755 nan nan 
323000.0 801.0 -2114.413 nan nan -0.0065 nan nan 9.456 nan nan 
324000.0 802.0 -2091.673 nan nan -0.0065 nan nan 9.513 nan nan 
325000.0 805.0 -2050.597 nan nan -0.0063 nan nan 9.809 nan nan 
326000.0 808.0 -2003.554 nan nan -0.0061 nan nan 10.047 nan nan 
327000.0 809.0 -1988.455 nan nan -0.0061 nan nan 10.058 nan nan 
328000.0 811.0 -1957.439 nan nan -0.006 nan nan 10.346 nan nan 
329000.0 813.0 -1921.629 nan nan -0.0058 nan nan 10.545 nan nan 
330000.0 815.0 -1894.524 nan nan -0.0057 nan nan 10.748 nan nan 
331000.0 818.0 -1868.425 nan nan -0.0056 nan nan 10.934 nan nan 
332000.0 819.0 -1846.0 nan nan -0.0056 nan nan 11.003 nan nan 
333000.0 821.0 -1821.088 nan nan -0.0055 nan nan 11.07 nan nan 
334000.0 823.0 -1801.288 nan nan -0.0054 nan nan 10.904 nan nan 
335000.0 826.0 -1771.76 nan nan -0.0053 nan nan 11.088 nan nan 
336000.0 828.0 -1740.608 nan nan -0.0052 nan nan 11.172 nan nan 
337000.0 829.0 -1730.591 nan nan -0.0051 nan nan 11.171 nan nan 
338000.0 830.0 -1713.246 nan nan -0.0051 nan nan 11.16 nan nan 
339000.0 831.0 -1708.848 nan nan -0.005 nan nan 11.139 nan nan 
340000.0 834.0 -1664.783 nan nan -0.0049 nan nan 11.239 nan nan 
341000.0 835.0 -1659.632 nan nan -0.0049 nan nan 11.127 nan nan 
342000.0 836.0 -1651.901 nan nan -0.0048 nan nan 11.092 nan nan 
343000.0 838.0 -1635.474 nan nan -0.0048 nan nan 11.09 nan nan 
344000.0 840.0 -1609.847 nan nan -0.0047 nan nan 11.055 nan nan 
345000.0 841.0 -1593.572 nan nan -0.0046 nan nan 11.051 nan nan 
346000.0 843.0 -1574.601 nan nan -0.0046 nan nan 11.173 nan nan 
347000.0 844.0 -1560.234 nan nan -0.0045 nan nan 11.194 nan nan 
348000.0 845.0 -1542.299 nan nan -0.0044 nan nan 11.283 nan nan 
349000.0 846.0 -1529.634 nan nan -0.0044 nan nan 11.342 nan nan 
350000.0 848.0 -1516.573 nan nan -0.0043 nan nan 11.231 nan nan 
351000.0 849.0 -1507.045 nan nan -0.0043 nan nan 11.206 nan nan 
352000.0 850.0 -1493.877 nan nan -0.0042 nan nan 11.262 nan nan 
353000.0 852.0 -1456.367 nan nan -0.0041 nan nan 11.38 nan nan 
354000.0 855.0 -1419.241 nan nan -0.004 nan nan 11.449 nan nan 
355000.0 856.0 -1412.524 nan nan -0.004 nan nan 11.366 nan nan 
356000.0 857.0 -1401.696 nan nan -0.0039 nan nan 11.424 nan nan 
357000.0 860.0 -1350.787 nan nan -0.0038 nan nan 11.611 nan nan 
358000.0 861.0 -1342.254 nan nan -0.0037 nan nan 11.65 nan nan 
359000.0 863.0 -1322.829 nan nan -0.0037 nan nan 11.614 nan nan 
360000.0 865.0 -1292.952 nan nan -0.0036 nan nan 11.758 nan nan 
361000.0 867.0 -1255.525 nan nan -0.0035 nan nan 11.95 nan nan 
362000.0 869.0 -1240.505 nan nan -0.0034 nan nan 11.978 nan nan 
363000.0 870.0 -1219.512 nan nan -0.0034 nan nan 12.008 nan nan 
364000.0 872.0 -1191.097 nan nan -0.0033 nan nan 11.974 nan nan 
365000.0 873.0 -1180.039 nan nan -0.0032 nan nan 12.003 nan nan 
366000.0 874.0 -1172.364 nan nan -0.0032 nan nan 12.005 nan nan 
367000.0 876.0 -1151.82 nan nan -0.0031 nan nan 11.94 nan nan 
368000.0 877.0 -1138.65 nan nan -0.0031 nan nan 11.892 nan nan 
369000.0 880.0 -1091.509 nan nan -0.003 nan nan 12.267 nan nan 
370000.0 881.0 -1071.884 nan nan -0.0029 nan nan 12.322 nan nan 
371000.0 883.0 -1055.411 nan nan -0.0028 nan nan 12.313 nan nan 
372000.0 886.0 -1006.501 nan nan -0.0027 nan nan 12.37 nan nan 
373000.0 889.0 -962.226 nan nan -0.0026 nan nan 12.672 nan nan 
374000.0 890.0 -935.548 nan nan -0.0025 nan nan 12.65 nan nan 
375000.0 892.0 -914.882 nan nan -0.0024 nan nan 12.789 nan nan 
376000.0 895.0 -863.965 nan nan -0.0023 nan nan 12.923 nan nan 
377000.0 897.0 -836.293 nan nan -0.0022 nan nan 13.141 nan nan 
378000.0 898.0 -809.417 nan nan -0.0021 nan nan 13.093 nan nan 
379000.0 901.0 -766.789 nan nan -0.002 nan nan 13.198 nan nan 
380000.0 903.0 -731.483 nan nan -0.0019 nan nan 13.403 nan nan 
381000.0 904.0 -717.927 nan nan -0.0019 nan nan 13.414 nan nan 
382000.0 906.0 -687.18 nan nan -0.0018 nan nan 13.404 nan nan 
383000.0 908.0 -688.557 nan nan -0.0018 nan nan 12.939 nan nan 
384000.0 911.0 -654.302 nan nan -0.0017 nan nan 13.03 nan nan 
385000.0 915.0 -595.452 nan nan -0.0015 nan nan 13.032 nan nan 
386000.0 917.0 -563.613 nan nan -0.0015 nan nan 13.093 nan nan 
387000.0 918.0 -546.357 nan nan -0.0014 nan nan 13.099 nan nan 
388000.0 920.0 -531.413 nan nan -0.0014 nan nan 13.162 nan nan 
389000.0 921.0 -536.711 nan nan -0.0014 nan nan 12.793 nan nan 
390000.0 922.0 -522.134 nan nan -0.0013 nan nan 12.595 nan nan 
391000.0 923.0 -523.902 nan nan -0.0013 nan nan 12.609 nan nan 
392000.0 925.0 -497.909 nan nan -0.0013 nan nan 12.325 nan nan 
393000.0 927.0 -483.329 nan nan -0.0012 nan nan 12.466 nan nan 
394000.0 929.0 -441.707 nan nan -0.0011 nan nan 12.566 nan nan 
395000.0 930.0 -445.188 nan nan -0.0011 nan nan 12.26 nan nan 
396000.0 932.0 -412.292 nan nan -0.001 nan nan 12.254 nan nan 
397000.0 934.0 -383.61 nan nan -0.001 nan nan 12.444 nan nan 
398000.0 936.0 -358.003 nan nan -0.0009 nan nan 12.616 nan nan 
399000.0 937.0 -341.079 nan nan -0.0009 nan nan 12.654 nan nan 
400000.0 938.0 -342.445 nan nan -0.0009 nan nan 12.299 nan nan 
401000.0 939.0 -333.441 nan nan -0.0008 nan nan 12.161 nan nan 
402000.0 940.0 -320.615 nan nan -0.0008 nan nan 12.198 nan nan 
403000.0 943.0 -277.455 nan nan -0.0007 nan nan 12.276 nan nan 
404000.0 945.0 -252.057 nan nan -0.0006 nan nan 12.378 nan nan 
405000.0 948.0 -224.761 nan nan -0.0006 nan nan 12.376 nan nan 
406000.0 950.0 -193.461 nan nan -0.0005 nan nan 12.45 nan nan 
407000.0 952.0 -156.126 nan nan -0.0004 nan nan 12.611 nan nan 
408000.0 954.0 -130.966 nan nan -0.0003 nan nan 12.533 nan nan 
409000.0 956.0 -104.652 nan nan -0.0003 nan nan 12.592 nan nan 
410000.0 958.0 -72.478 nan nan -0.0002 nan nan 12.705 nan nan 
411000.0 960.0 -47.785 nan nan -0.0001 nan nan 12.661 nan nan 
412000.0 962.0 -16.244 nan nan -0.0 nan nan 12.83 nan nan 
413000.0 964.0 7.192 nan nan 0.0 nan nan 12.798 nan nan 
414000.0 966.0 30.471 nan nan 0.0001 nan nan 12.855 nan nan 
415000.0 967.0 54.473 nan nan 0.0001 nan nan 12.891 nan nan 
416000.0 969.0 82.638 nan nan 0.0002 nan nan 12.983 nan nan 
417000.0 970.0 98.756 nan nan 0.0002 nan nan 12.957 nan nan 
418000.0 971.0 111.868 nan nan 0.0003 nan nan 13.029 nan nan 
419000.0 973.0 141.388 nan nan 0.0003 nan nan 13.061 nan nan 
420000.0 976.0 177.414 nan nan 0.0004 nan nan 13.209 nan nan 
421000.0 978.0 222.224 nan nan 0.0005 nan nan 13.38 nan nan 
422000.0 979.0 236.346 nan nan 0.0006 nan nan 13.345 nan nan 
423000.0 981.0 268.55 nan nan 0.0006 nan nan 13.591 nan nan 
424000.0 985.0 291.24 nan nan 0.0007 nan nan 13.105 nan nan 
425000.0 987.0 329.549 nan nan 0.0008 nan nan 13.238 nan nan 
426000.0 989.0 341.355 nan nan 0.0008 nan nan 13.066 nan nan 
427000.0 991.0 346.876 nan nan 0.0008 nan nan 12.645 nan nan 
428000.0 993.0 366.412 nan nan 0.0009 nan nan 12.477 nan nan 
429000.0 994.0 378.595 nan nan 0.0009 nan nan 12.452 nan nan 
430000.0 996.0 399.204 nan nan 0.0009 nan nan 12.518 nan nan 
431000.0 997.0 403.2 nan nan 0.0009 nan nan 12.346 nan nan 
432000.0 998.0 427.06 nan nan 0.001 nan nan 12.374 nan nan 
433000.0 1000.0 463.672 nan nan 0.0011 nan nan 12.441 nan nan 
434000.0 1001.0 468.134 nan nan 0.0011 nan nan 12.515 nan nan 
435000.0 1003.0 490.399 nan nan 0.0011 nan nan 12.45 nan nan 
436000.0 1006.0 527.813 nan nan 0.0012 nan nan 12.485 nan nan 
437000.0 1008.0 556.617 nan nan 0.0013 nan nan 12.433 nan nan 
438000.0 1010.0 580.4 nan nan 0.0013 nan nan 12.474 nan nan 
439000.0 1012.0 605.025 nan nan 0.0014 nan nan 12.298 nan nan 
440000.0 1013.0 610.175 nan nan 0.0014 nan nan 12.375 nan nan 
441000.0 1015.0 630.229 nan nan 0.0014 nan nan 12.249 nan nan 
442000.0 1016.0 631.039 nan nan 0.0014 nan nan 11.983 nan nan 
443000.0 1017.0 640.389 nan nan 0.0014 nan nan 11.928 nan nan 
444000.0 1019.0 665.709 nan nan 0.0015 nan nan 11.988 nan nan 
445000.0 1020.0 682.364 nan nan 0.0015 nan nan 12.02 nan nan 
446000.0 1021.0 694.916 nan nan 0.0016 nan nan 12.006 nan nan 
447000.0 1023.0 713.61 nan nan 0.0016 nan nan 11.957 nan nan 
448000.0 1025.0 737.635 nan nan 0.0016 nan nan 11.9 nan nan 
449000.0 1026.0 752.04 nan nan 0.0017 nan nan 12.012 nan nan 
450000.0 1027.0 767.129 nan nan 0.0017 nan nan 12.022 nan nan 
451000.0 1028.0 781.779 nan nan 0.0017 nan nan 11.997 nan nan 
452000.0 1029.0 799.549 nan nan 0.0018 nan nan 12.077 nan nan 
453000.0 1030.0 805.155 nan nan 0.0018 nan nan 12.192 nan nan 
454000.0 1032.0 826.11 nan nan 0.0018 nan nan 12.052 nan nan 
455000.0 1033.0 836.204 nan nan 0.0018 nan nan 11.957 nan nan 
456000.0 1035.0 854.609 nan nan 0.0019 nan nan 11.877 nan nan 
457000.0 1036.0 865.006 nan nan 0.0019 nan nan 11.834 nan nan 
458000.0 1039.0 903.765 nan nan 0.002 nan nan 11.842 nan nan 
459000.0 1042.0 931.953 nan nan 0.002 nan nan 11.893 nan nan 
460000.0 1043.0 938.297 nan nan 0.002 nan nan 11.776 nan nan 
461000.0 1045.0 956.165 nan nan 0.0021 nan nan 11.545 nan nan 
462000.0 1047.0 981.06 nan nan 0.0021 nan nan 11.644 nan nan 
463000.0 1048.0 982.009 nan nan 0.0021 nan nan 11.426 nan nan 
464000.0 1049.0 1007.756 nan nan 0.0022 nan nan 11.507 nan nan 
465000.0 1051.0 1035.666 nan nan 0.0022 nan nan 11.691 nan nan 
466000.0 1053.0 1053.285 nan nan 0.0023 nan nan 11.711 nan nan 
467000.0 1056.0 1096.539 nan nan 0.0023 nan nan 11.885 nan nan 
468000.0 1057.0 1117.702 nan nan 0.0024 nan nan 11.908 nan nan 
469000.0 1059.0 1132.245 nan nan 0.0024 nan nan 11.851 nan nan 
470000.0 1061.0 1148.799 nan nan 0.0024 nan nan 11.655 nan nan 
471000.0 1063.0 1166.948 nan nan 0.0025 nan nan 11.532 nan nan 
472000.0 1065.0 1188.953 nan nan 0.0025 nan nan 11.529 nan nan 
473000.0 1068.0 1219.162 nan nan 0.0026 nan nan 11.453 nan nan 
474000.0 1070.0 1239.239 nan nan 0.0026 nan nan 11.449 nan nan 
475000.0 1073.0 1273.897 nan nan 0.0027 nan nan 11.473 nan nan 
476000.0 1074.0 1277.957 nan nan 0.0027 nan nan 11.393 nan nan 
477000.0 1075.0 1282.501 nan nan 0.0027 nan nan 11.262 nan nan 
478000.0 1076.0 1285.733 nan nan 0.0027 nan nan 11.059 nan nan 
479000.0 1077.0 1297.494 nan nan 0.0027 nan nan 11.11 nan nan 
480000.0 1079.0 1315.91 nan nan 0.0027 nan nan 10.868 nan nan 
481000.0 1080.0 1325.364 nan nan 0.0028 nan nan 10.868 nan nan 
482000.0 1082.0 1347.037 nan nan 0.0028 nan nan 10.884 nan nan 
483000.0 1083.0 1362.528 nan nan 0.0028 nan nan 10.971 nan nan 
484000.0 1085.0 1382.712 nan nan 0.0029 nan nan 10.944 nan nan 
485000.0 1086.0 1390.241 nan nan 0.0029 nan nan 10.906 nan nan 
486000.0 1088.0 1417.76 nan nan 0.0029 nan nan 10.932 nan nan 
487000.0 1089.0 1427.154 nan nan 0.0029 nan nan 10.898 nan nan 
488000.0 1090.0 1437.445 nan nan 0.0029 nan nan 10.937 nan nan 
489000.0 1092.0 1456.325 nan nan 0.003 nan nan 10.9 nan nan 
490000.0 1095.0 1494.388 nan nan 0.003 nan nan 11.024 nan nan 
491000.0 1096.0 1513.331 nan nan 0.0031 nan nan 11.107 nan nan 
492000.0 1098.0 1530.731 nan nan 0.0031 nan nan 11.117 nan nan 
493000.0 1099.0 1541.319 nan nan 0.0031 nan nan 11.035 nan nan 
494000.0 1103.0 1574.487 nan nan 0.0032 nan nan 10.855 nan nan 
495000.0 1106.0 1594.577 nan nan 0.0032 nan nan 10.716 nan nan 
496000.0 1107.0 1590.875 nan nan 0.0032 nan nan 10.475 nan nan 
497000.0 1108.0 1597.843 nan nan 0.0032 nan nan 10.372 nan nan 
498000.0 1110.0 1632.499 nan nan 0.0033 nan nan 10.475 nan nan 
499000.0 1111.0 1644.753 nan nan 0.0033 nan nan 10.559 nan nan 
500000.0 1114.0 1675.04 nan nan 0.0034 nan nan 10.536 nan nan 
