1000.0 7.0 -340.761 nan nan -0.3408 nan nan -6.329 nan nan 
2000.0 14.0 -727.668 nan nan -0.3638 nan nan -12.758 nan nan 
3000.0 21.0 -1167.86 nan nan -0.3893 nan nan -19.381 nan nan 
4000.0 30.0 -1564.208 nan nan -0.3911 nan nan -23.431 nan nan 
5000.0 38.0 -1857.447 nan nan -0.3715 nan nan -25.378 nan nan 
6000.0 43.0 -2283.032 nan nan -0.3805 nan nan -30.958 nan nan 
7000.0 53.0 -2616.95 nan nan -0.3738 nan nan -31.366 nan nan 
8000.0 61.0 -2971.891 nan nan -0.3715 nan nan -32.943 nan nan 
9000.0 71.0 -3349.465 nan nan -0.3722 nan nan -34.282 nan nan 
10000.0 79.0 -3658.283 nan nan -0.3658 nan nan -34.155 nan nan 
11000.0 86.0 -4013.018 nan nan -0.3648 nan nan -36.527 nan nan 
12000.0 95.0 -4400.409 nan nan -0.3667 nan nan -38.175 nan nan 
13000.0 103.0 -4699.092 nan nan -0.3615 nan nan -38.069 nan nan 
14000.0 111.0 -5038.161 nan nan -0.3599 nan nan -38.408 nan nan 
15000.0 120.0 -5351.872 nan nan -0.3568 nan nan -36.765 nan nan 
16000.0 130.0 -5717.39 nan nan -0.3573 nan nan -37.965 nan nan 
17000.0 138.0 -6074.789 nan nan -0.3573 nan nan -38.854 nan nan 
18000.0 149.0 -6261.952 nan nan -0.3479 nan nan -34.561 nan nan 
19000.0 161.0 -6441.455 nan nan -0.339 nan nan -30.395 nan nan 
20000.0 172.0 -6588.356 nan nan -0.3294 nan nan -26.984 nan nan 
21000.0 184.0 -6663.516 nan nan -0.3173 nan nan -22.614 nan nan 
22000.0 197.0 -6825.508 nan nan -0.3103 nan nan -20.21 nan nan 
23000.0 208.0 -7018.744 nan nan -0.3052 nan nan -19.501 nan nan 
24000.0 220.0 -7153.523 nan nan -0.2981 nan nan -17.878 nan nan 
25000.0 221.0 -7165.299 nan nan -0.2866 nan nan -17.614 nan nan 
26000.0 233.0 -7322.604 nan nan -0.2816 nan nan -16.607 nan nan 
27000.0 246.0 -7447.937 nan nan -0.2758 nan nan -15.192 nan nan 
28000.0 256.0 -7568.694 nan nan -0.2703 nan nan -14.449 nan nan 
29000.0 268.0 -7698.55 nan nan -0.2655 nan nan -13.799 nan nan 
30000.0 280.0 -7769.451 nan nan -0.259 nan nan -12.066 nan nan 
31000.0 289.0 -7862.32 nan nan -0.2536 nan nan -11.705 nan nan 
32000.0 300.0 -7969.625 nan nan -0.2491 nan nan -11.392 nan nan 
33000.0 309.0 -8100.435 nan nan -0.2455 nan nan -11.946 nan nan 
34000.0 318.0 -8262.474 nan nan -0.243 nan nan -12.909 nan nan 
35000.0 326.0 -8433.31 nan nan -0.241 nan nan -14.084 nan nan 
36000.0 334.0 -8526.435 nan nan -0.2368 nan nan -13.775 nan nan 
37000.0 342.0 -8663.495 nan nan -0.2341 nan nan -13.638 nan nan 
38000.0 349.0 -8747.725 nan nan -0.2302 nan nan -13.81 nan nan 
39000.0 358.0 -8923.625 nan nan -0.2288 nan nan -14.833 nan nan 
40000.0 366.0 -9045.704 nan nan -0.2261 nan nan -14.935 nan nan 
41000.0 374.0 -9167.657 nan nan -0.2236 nan nan -15.107 nan nan 
42000.0 382.0 -9258.24 nan nan -0.2204 nan nan -14.497 nan nan 
43000.0 390.0 -9392.764 nan nan -0.2184 nan nan -14.776 nan nan 
44000.0 398.0 -9480.859 nan nan -0.2155 nan nan -14.175 nan nan 
45000.0 405.0 -9522.95 nan nan -0.2116 nan nan -13.107 nan nan 
46000.0 412.0 -9581.239 nan nan -0.2083 nan nan -12.507 nan nan 
47000.0 418.0 -9642.648 nan nan -0.2052 nan nan -12.149 nan nan 
48000.0 425.0 -9746.508 nan nan -0.2031 nan nan -12.597 nan nan 
49000.0 432.0 -9861.826 nan nan -0.2013 nan nan -12.919 nan nan 
50000.0 437.0 -9887.562 nan nan -0.1978 nan nan -12.308 nan nan 
51000.0 441.0 -9992.113 nan nan -0.1959 nan nan -13.466 nan nan 
52000.0 449.0 -10018.479 nan nan -0.1927 nan nan -11.888 nan nan 
53000.0 455.0 -10081.759 nan nan -0.1902 nan nan -11.798 nan nan 
54000.0 459.0 -10116.555 nan nan -0.1873 nan nan -11.529 nan nan 
55000.0 464.0 -10149.397 nan nan -0.1845 nan nan -10.516 nan nan 
56000.0 468.0 -10227.51 nan nan -0.1826 nan nan -11.223 nan nan 
57000.0 472.0 -10284.973 nan nan -0.1804 nan nan -11.886 nan nan 
58000.0 475.0 -10346.663 nan nan -0.1784 nan nan -12.392 nan nan 
59000.0 480.0 -10394.801 nan nan -0.1762 nan nan -11.895 nan nan 
60000.0 484.0 -10417.58 nan nan -0.1736 nan nan -11.68 nan nan 
61000.0 490.0 -10430.531 nan nan -0.171 nan nan -10.412 nan nan 
62000.0 493.0 -10539.626 nan nan -0.17 nan nan -12.04 nan nan 
63000.0 499.0 -10635.549 nan nan -0.1688 nan nan -12.387 nan nan 
64000.0 506.0 -10633.175 nan nan -0.1661 nan nan -10.785 nan nan 
65000.0 510.0 -10621.505 nan nan -0.1634 nan nan -9.864 nan nan 
66000.0 516.0 -10641.79 nan nan -0.1612 nan nan -9.084 nan nan 
67000.0 523.0 -10629.503 nan nan -0.1586 nan nan -7.736 nan nan 
68000.0 529.0 -10673.975 nan nan -0.157 nan nan -7.594 nan nan 
69000.0 533.0 -10696.29 nan nan -0.155 nan nan -7.148 nan nan 
70000.0 535.0 -10752.322 nan nan -0.1536 nan nan -7.783 nan nan 
71000.0 539.0 -10787.217 nan nan -0.1519 nan nan -7.936 nan nan 
72000.0 545.0 -10824.508 nan nan -0.1503 nan nan -8.107 nan nan 
73000.0 546.0 -10794.977 nan nan -0.1479 nan nan -7.855 nan nan 
74000.0 552.0 -10773.73 nan nan -0.1456 nan nan -6.161 nan nan 
75000.0 555.0 -10792.402 nan nan -0.1439 nan nan -5.8 nan nan 
76000.0 560.0 -10805.367 nan nan -0.1422 nan nan -5.557 nan nan 
77000.0 562.0 -10827.616 nan nan -0.1406 nan nan -5.803 nan nan 
78000.0 566.0 -10793.341 nan nan -0.1384 nan nan -4.88 nan nan 
79000.0 570.0 -10810.396 nan nan -0.1368 nan nan -4.999 nan nan 
80000.0 571.0 -10810.642 nan nan -0.1351 nan nan -4.845 nan nan 
81000.0 573.0 -10831.106 nan nan -0.1337 nan nan -4.568 nan nan 
82000.0 577.0 -10818.846 nan nan -0.1319 nan nan -4.016 nan nan 
83000.0 579.0 -10841.096 nan nan -0.1306 nan nan -4.387 nan nan 
84000.0 582.0 -10858.918 nan nan -0.1293 nan nan -4.761 nan nan 
85000.0 584.0 -10841.684 nan nan -0.1275 nan nan -4.236 nan nan 
86000.0 587.0 -10847.82 nan nan -0.1261 nan nan -3.868 nan nan 
87000.0 590.0 -10843.961 nan nan -0.1246 nan nan -3.908 nan nan 
88000.0 591.0 -10869.083 nan nan -0.1235 nan nan -3.54 nan nan 
89000.0 594.0 -10915.521 nan nan -0.1226 nan nan -4.83 nan nan 
90000.0 596.0 -10949.994 nan nan -0.1217 nan nan -5.358 nan nan 
91000.0 600.0 -10935.21 nan nan -0.1202 nan nan -4.544 nan nan 
92000.0 604.0 -10929.78 nan nan -0.1188 nan nan -4.19 nan nan 
93000.0 606.0 -10971.413 nan nan -0.118 nan nan -4.168 nan nan 
94000.0 609.0 -10994.555 nan nan -0.117 nan nan -5.231 nan nan 
95000.0 612.0 -11044.948 nan nan -0.1163 nan nan -5.724 nan nan 
96000.0 617.0 -11065.28 nan nan -0.1153 nan nan -5.685 nan nan 
97000.0 620.0 -11132.387 nan nan -0.1148 nan nan -6.354 nan nan 
98000.0 624.0 -11208.946 nan nan -0.1144 nan nan -7.577 nan nan 
99000.0 627.0 -11237.245 nan nan -0.1135 nan nan -7.683 nan nan 
100000.0 628.0 -11293.365 nan nan -0.1129 nan nan -7.878 nan nan 
101000.0 632.0 -11303.283 nan nan -0.1119 nan nan -8.51 nan nan 
102000.0 633.0 -11340.014 nan nan -0.1112 nan nan -8.043 nan nan 
103000.0 636.0 -11381.633 nan nan -0.1105 nan nan -9.105 nan nan 
104000.0 637.0 -11376.427 nan nan -0.1094 nan nan -8.731 nan nan 
105000.0 640.0 -11439.611 nan nan -0.1089 nan nan -9.086 nan nan 
106000.0 642.0 -11479.293 nan nan -0.1083 nan nan -9.907 nan nan 
107000.0 644.0 -11487.47 nan nan -0.1074 nan nan -9.466 nan nan 
108000.0 646.0 -11510.278 nan nan -0.1066 nan nan -9.937 nan nan 
109000.0 648.0 -11519.614 nan nan -0.1057 nan nan -9.408 nan nan 
110000.0 649.0 -11533.92 nan nan -0.1049 nan nan -9.641 nan nan 
111000.0 651.0 -11583.631 nan nan -0.1044 nan nan -9.433 nan nan 
112000.0 653.0 -11612.445 nan nan -0.1037 nan nan -10.58 nan nan 
113000.0 654.0 -11611.431 nan nan -0.1028 nan nan -10.375 nan nan 
114000.0 655.0 -11610.966 nan nan -0.1019 nan nan -10.15 nan nan 
115000.0 660.0 -11627.093 nan nan -0.1011 nan nan -9.632 nan nan 
116000.0 661.0 -11634.724 nan nan -0.1003 nan nan -9.004 nan nan 
117000.0 662.0 -11688.734 nan nan -0.0999 nan nan -9.679 nan nan 
118000.0 664.0 -11722.048 nan nan -0.0993 nan nan -10.378 nan nan 
119000.0 666.0 -11769.026 nan nan -0.0989 nan nan -10.608 nan nan 
120000.0 669.0 -11801.12 nan nan -0.0983 nan nan -10.342 nan nan 
121000.0 671.0 -11856.946 nan nan -0.098 nan nan -11.592 nan nan 
122000.0 673.0 -11865.093 nan nan -0.0973 nan nan -11.364 nan nan 
123000.0 676.0 -11869.848 nan nan -0.0965 nan nan -10.978 nan nan 
124000.0 677.0 -11888.928 nan nan -0.0959 nan nan -10.913 nan nan 
125000.0 680.0 -11915.96 nan nan -0.0953 nan nan -10.829 nan nan 
126000.0 681.0 -11950.648 nan nan -0.0948 nan nan -10.774 nan nan 
127000.0 686.0 -12006.428 nan nan -0.0945 nan nan -11.144 nan nan 
128000.0 687.0 -12054.097 nan nan -0.0942 nan nan -11.924 nan nan 
129000.0 689.0 -12085.154 nan nan -0.0937 nan nan -11.973 nan nan 
130000.0 693.0 -12138.392 nan nan -0.0934 nan nan -12.1 nan nan 
131000.0 694.0 -12170.343 nan nan -0.0929 nan nan -12.363 nan nan 
132000.0 696.0 -12196.731 nan nan -0.0924 nan nan -12.772 nan nan 
133000.0 697.0 -12208.167 nan nan -0.0918 nan nan -12.789 nan nan 
134000.0 700.0 -12227.4 nan nan -0.0912 nan nan -12.473 nan nan 
135000.0 701.0 -12273.376 nan nan -0.0909 nan nan -12.128 nan nan 
136000.0 705.0 -12329.829 nan nan -0.0907 nan nan -12.89 nan nan 
137000.0 707.0 -12381.833 nan nan -0.0904 nan nan -13.577 nan nan 
138000.0 710.0 -12415.778 nan nan -0.09 nan nan -13.554 nan nan 
139000.0 711.0 -12445.141 nan nan -0.0895 nan nan -13.659 nan nan 
140000.0 713.0 -12478.292 nan nan -0.0891 nan nan -13.12 nan nan 
141000.0 716.0 -12474.788 nan nan -0.0885 nan nan -13.089 nan nan 
142000.0 717.0 -12483.809 nan nan -0.0879 nan nan -12.997 nan nan 
143000.0 721.0 -12530.35 nan nan -0.0876 nan nan -12.85 nan nan 
144000.0 722.0 -12562.661 nan nan -0.0872 nan nan -13.342 nan nan 
145000.0 724.0 -12589.144 nan nan -0.0868 nan nan -13.082 nan nan 
146000.0 726.0 -12642.599 nan nan -0.0866 nan nan -13.528 nan nan 
147000.0 728.0 -12680.436 nan nan -0.0863 nan nan -13.885 nan nan 
148000.0 730.0 -12717.937 nan nan -0.0859 nan nan -14.199 nan nan 
149000.0 734.0 -12728.102 nan nan -0.0854 nan nan -13.47 nan nan 
150000.0 735.0 -12734.299 nan nan -0.0849 nan nan -13.215 nan nan 
151000.0 737.0 -12763.633 nan nan -0.0845 nan nan -12.925 nan nan 
152000.0 738.0 -12807.121 nan nan -0.0843 nan nan -13.549 nan nan 
153000.0 741.0 -12840.804 nan nan -0.0839 nan nan -13.459 nan nan 
154000.0 743.0 -12890.333 nan nan -0.0837 nan nan -13.968 nan nan 
155000.0 746.0 -12906.383 nan nan -0.0833 nan nan -13.617 nan nan 
156000.0 747.0 -12891.498 nan nan -0.0826 nan nan -13.051 nan nan 
157000.0 748.0 -12886.492 nan nan -0.0821 nan nan -12.69 nan nan 
158000.0 750.0 -12916.287 nan nan -0.0817 nan nan -12.759 nan nan 
159000.0 752.0 -12933.199 nan nan -0.0813 nan nan -12.458 nan nan 
160000.0 755.0 -12953.625 nan nan -0.081 nan nan -12.307 nan nan 
161000.0 756.0 -12942.361 nan nan -0.0804 nan nan -11.788 nan nan 
162000.0 757.0 -12947.518 nan nan -0.0799 nan nan -11.698 nan nan 
163000.0 758.0 -12968.426 nan nan -0.0796 nan nan -11.557 nan nan 
164000.0 760.0 -12971.447 nan nan -0.0791 nan nan -11.585 nan nan 
165000.0 761.0 -12981.55 nan nan -0.0787 nan nan -11.242 nan nan 
166000.0 763.0 -12977.357 nan nan -0.0782 nan nan -11.043 nan nan 
167000.0 765.0 -12968.028 nan nan -0.0777 nan nan -10.59 nan nan 
168000.0 767.0 -13001.669 nan nan -0.0774 nan nan -10.091 nan nan 
169000.0 770.0 -13047.939 nan nan -0.0772 nan nan -10.647 nan nan 
170000.0 771.0 -13081.914 nan nan -0.077 nan nan -10.941 nan nan 
171000.0 773.0 -13104.564 nan nan -0.0766 nan nan -11.648 nan nan 
172000.0 774.0 -13108.21 nan nan -0.0762 nan nan -11.082 nan nan 
173000.0 777.0 -13126.037 nan nan -0.0759 nan nan -10.84 nan nan 
174000.0 779.0 -13130.095 nan nan -0.0755 nan nan -10.292 nan nan 
175000.0 782.0 -13138.925 nan nan -0.0751 nan nan -10.132 nan nan 
176000.0 785.0 -13121.836 nan nan -0.0746 nan nan -9.263 nan nan 
177000.0 786.0 -13110.933 nan nan -0.0741 nan nan -8.857 nan nan 
178000.0 789.0 -13121.117 nan nan -0.0737 nan nan -8.366 nan nan 
179000.0 790.0 -13129.815 nan nan -0.0734 nan nan -8.471 nan nan 
180000.0 791.0 -13129.236 nan nan -0.0729 nan nan -8.419 nan nan 
181000.0 793.0 -13130.947 nan nan -0.0725 nan nan -8.086 nan nan 
182000.0 794.0 -13117.752 nan nan -0.0721 nan nan -7.744 nan nan 
183000.0 796.0 -13127.335 nan nan -0.0717 nan nan -7.581 nan nan 
184000.0 799.0 -13110.97 nan nan -0.0713 nan nan -6.833 nan nan 
185000.0 801.0 -13117.477 nan nan -0.0709 nan nan -6.563 nan nan 
186000.0 803.0 -13143.079 nan nan -0.0707 nan nan -6.95 nan nan 
187000.0 804.0 -13161.023 nan nan -0.0704 nan nan -6.582 nan nan 
188000.0 806.0 -13159.221 nan nan -0.07 nan nan -6.816 nan nan 
189000.0 809.0 -13186.841 nan nan -0.0698 nan nan -7.067 nan nan 
190000.0 810.0 -13187.481 nan nan -0.0694 nan nan -6.605 nan nan 
191000.0 811.0 -13180.882 nan nan -0.069 nan nan -6.667 nan nan 
192000.0 812.0 -13182.586 nan nan -0.0687 nan nan -6.232 nan nan 
193000.0 813.0 -13190.884 nan nan -0.0683 nan nan -6.303 nan nan 
194000.0 815.0 -13190.503 nan nan -0.068 nan nan -6.175 nan nan 
195000.0 816.0 -13205.606 nan nan -0.0677 nan nan -5.967 nan nan 
196000.0 820.0 -13233.692 nan nan -0.0675 nan nan -6.303 nan nan 
197000.0 821.0 -13218.527 nan nan -0.0671 nan nan -5.993 nan nan 
198000.0 824.0 -13219.997 nan nan -0.0668 nan nan -5.725 nan nan 
199000.0 826.0 -13245.239 nan nan -0.0666 nan nan -5.844 nan nan 
200000.0 827.0 -13257.446 nan nan -0.0663 nan nan -5.801 nan nan 
201000.0 828.0 -13250.424 nan nan -0.0659 nan nan -6.061 nan nan 
202000.0 830.0 -13243.23 nan nan -0.0656 nan nan -5.402 nan nan 
203000.0 832.0 -13243.372 nan nan -0.0652 nan nan -5.206 nan nan 
204000.0 833.0 -13243.453 nan nan -0.0649 nan nan -5.112 nan nan 
205000.0 834.0 -13264.256 nan nan -0.0647 nan nan -5.396 nan nan 
206000.0 835.0 -13280.265 nan nan -0.0645 nan nan -5.606 nan nan 
207000.0 837.0 -13288.428 nan nan -0.0642 nan nan -5.549 nan nan 
208000.0 839.0 -13296.286 nan nan -0.0639 nan nan -5.531 nan nan 
209000.0 840.0 -13300.138 nan nan -0.0636 nan nan -5.606 nan nan 
210000.0 842.0 -13303.583 nan nan -0.0634 nan nan -5.185 nan nan 
211000.0 843.0 -13311.158 nan nan -0.0631 nan nan -5.358 nan nan 
212000.0 844.0 -13320.286 nan nan -0.0628 nan nan -5.333 nan nan 
213000.0 845.0 -13331.8 nan nan -0.0626 nan nan -5.449 nan nan 
214000.0 847.0 -13330.251 nan nan -0.0623 nan nan -5.317 nan nan 
215000.0 848.0 -13359.618 nan nan -0.0621 nan nan -5.674 nan nan 
216000.0 849.0 -13382.29 nan nan -0.062 nan nan -5.689 nan nan 
217000.0 851.0 -13392.392 nan nan -0.0617 nan nan -5.949 nan nan 
218000.0 852.0 -13409.266 nan nan -0.0615 nan nan -6.205 nan nan 
219000.0 853.0 -13417.665 nan nan -0.0613 nan nan -6.386 nan nan 
220000.0 855.0 -13427.296 nan nan -0.061 nan nan -6.258 nan nan 
221000.0 856.0 -13445.71 nan nan -0.0608 nan nan -6.4 nan nan 
222000.0 857.0 -13463.154 nan nan -0.0606 nan nan -6.609 nan nan 
223000.0 858.0 -13485.259 nan nan -0.0605 nan nan -6.87 nan nan 
224000.0 859.0 -13496.776 nan nan -0.0603 nan nan -7.25 nan nan 
225000.0 861.0 -13530.59 nan nan -0.0601 nan nan -7.264 nan nan 
226000.0 862.0 -13536.987 nan nan -0.0599 nan nan -7.774 nan nan 
227000.0 864.0 -13571.87 nan nan -0.0598 nan nan -7.632 nan nan 
228000.0 865.0 -13580.154 nan nan -0.0596 nan nan -8.039 nan nan 
229000.0 866.0 -13587.004 nan nan -0.0593 nan nan -7.723 nan nan 
230000.0 867.0 -13595.815 nan nan -0.0591 nan nan -7.89 nan nan 
231000.0 868.0 -13584.905 nan nan -0.0588 nan nan -7.762 nan nan 
232000.0 871.0 -13598.547 nan nan -0.0586 nan nan -7.418 nan nan 
233000.0 874.0 -13628.543 nan nan -0.0585 nan nan -7.468 nan nan 
234000.0 875.0 -13634.889 nan nan -0.0583 nan nan -7.511 nan nan 
235000.0 876.0 -13629.068 nan nan -0.058 nan nan -7.22 nan nan 
236000.0 877.0 -13653.475 nan nan -0.0579 nan nan -7.521 nan nan 
237000.0 879.0 -13696.511 nan nan -0.0578 nan nan -8.108 nan nan 
238000.0 880.0 -13699.218 nan nan -0.0576 nan nan -7.885 nan nan 
239000.0 882.0 -13710.269 nan nan -0.0574 nan nan -7.948 nan nan 
240000.0 884.0 -13714.7 nan nan -0.0571 nan nan -7.607 nan nan 
241000.0 885.0 -13730.264 nan nan -0.057 nan nan -7.887 nan nan 
242000.0 886.0 -13745.388 nan nan -0.0568 nan nan -8.072 nan nan 
243000.0 887.0 -13760.42 nan nan -0.0566 nan nan -8.084 nan nan 
244000.0 888.0 -13759.845 nan nan -0.0564 nan nan -7.99 nan nan 
245000.0 889.0 -13769.775 nan nan -0.0562 nan nan -7.848 nan nan 
246000.0 891.0 -13784.313 nan nan -0.056 nan nan -7.878 nan nan 
247000.0 892.0 -13803.226 nan nan -0.0559 nan nan -8.014 nan nan 
248000.0 894.0 -13832.052 nan nan -0.0558 nan nan -8.306 nan nan 
249000.0 895.0 -13834.54 nan nan -0.0556 nan nan -8.483 nan nan 
250000.0 898.0 -13854.388 nan nan -0.0554 nan nan -8.214 nan nan 
251000.0 899.0 -13843.158 nan nan -0.0552 nan nan -7.831 nan nan 
252000.0 902.0 -13873.577 nan nan -0.0551 nan nan -7.963 nan nan 
253000.0 903.0 -13872.855 nan nan -0.0548 nan nan -7.65 nan nan 
254000.0 904.0 -13886.723 nan nan -0.0547 nan nan -7.738 nan nan 
255000.0 905.0 -13906.42 nan nan -0.0545 nan nan -8.083 nan nan 
256000.0 906.0 -13901.055 nan nan -0.0543 nan nan -7.899 nan nan 
257000.0 909.0 -13908.904 nan nan -0.0541 nan nan -7.782 nan nan 
258000.0 910.0 -13901.225 nan nan -0.0539 nan nan -7.39 nan nan 
259000.0 911.0 -13918.857 nan nan -0.0537 nan nan -7.402 nan nan 
260000.0 912.0 -13938.546 nan nan -0.0536 nan nan -7.382 nan nan 
261000.0 913.0 -13955.168 nan nan -0.0535 nan nan -7.69 nan nan 
262000.0 914.0 -13959.794 nan nan -0.0533 nan nan -7.892 nan nan 
263000.0 916.0 -13989.439 nan nan -0.0532 nan nan -7.963 nan nan 
264000.0 918.0 -14006.732 nan nan -0.0531 nan nan -8.27 nan nan 
265000.0 919.0 -14007.169 nan nan -0.0529 nan nan -8.147 nan nan 
266000.0 920.0 -14020.874 nan nan -0.0527 nan nan -8.207 nan nan 
267000.0 922.0 -14040.598 nan nan -0.0526 nan nan -8.231 nan nan 
268000.0 924.0 -14035.897 nan nan -0.0524 nan nan -7.705 nan nan 
269000.0 928.0 -14042.621 nan nan -0.0522 nan nan -7.084 nan nan 
270000.0 930.0 -14028.747 nan nan -0.052 nan nan -6.85 nan nan 
271000.0 931.0 -14039.45 nan nan -0.0518 nan nan -6.96 nan nan 
272000.0 932.0 -14036.787 nan nan -0.0516 nan nan -6.676 nan nan 
273000.0 934.0 -14046.13 nan nan -0.0515 nan nan -6.442 nan nan 
274000.0 935.0 -14036.599 nan nan -0.0512 nan nan -6.13 nan nan 
275000.0 938.0 -14028.786 nan nan -0.051 nan nan -5.642 nan nan 
276000.0 939.0 -14028.834 nan nan -0.0508 nan nan -5.582 nan nan 
277000.0 940.0 -14040.49 nan nan -0.0507 nan nan -5.636 nan nan 
278000.0 944.0 -14077.275 nan nan -0.0506 nan nan -5.904 nan nan 
279000.0 946.0 -14099.532 nan nan -0.0505 nan nan -6.115 nan nan 
280000.0 948.0 -14106.27 nan nan -0.0504 nan nan -5.887 nan nan 
281000.0 952.0 -14137.522 nan nan -0.0503 nan nan -6.054 nan nan 
282000.0 955.0 -14176.669 nan nan -0.0503 nan nan -6.482 nan nan 
283000.0 957.0 -14182.532 nan nan -0.0501 nan nan -6.533 nan nan 
284000.0 959.0 -14211.061 nan nan -0.05 nan nan -6.62 nan nan 
285000.0 962.0 -14227.135 nan nan -0.0499 nan nan -6.825 nan nan 
286000.0 963.0 -14247.324 nan nan -0.0498 nan nan -6.824 nan nan 
287000.0 967.0 -14263.314 nan nan -0.0497 nan nan -6.78 nan nan 
288000.0 969.0 -14259.411 nan nan -0.0495 nan nan -6.387 nan nan 
289000.0 971.0 -14267.649 nan nan -0.0494 nan nan -6.354 nan nan 
290000.0 973.0 -14294.044 nan nan -0.0493 nan nan -6.641 nan nan 
291000.0 974.0 -14322.184 nan nan -0.0492 nan nan -6.647 nan nan 
292000.0 976.0 -14335.581 nan nan -0.0491 nan nan -6.919 nan nan 
293000.0 978.0 -14330.278 nan nan -0.0489 nan nan -6.663 nan nan 
294000.0 979.0 -14326.246 nan nan -0.0487 nan nan -6.384 nan nan 
295000.0 981.0 -14329.847 nan nan -0.0486 nan nan -6.402 nan nan 
296000.0 982.0 -14333.623 nan nan -0.0484 nan nan -6.11 nan nan 
297000.0 983.0 -14338.518 nan nan -0.0483 nan nan -6.035 nan nan 
298000.0 984.0 -14349.27 nan nan -0.0482 nan nan -6.182 nan nan 
299000.0 987.0 -14380.88 nan nan -0.0481 nan nan -6.428 nan nan 
300000.0 988.0 -14380.276 nan nan -0.0479 nan nan -6.362 nan nan 
301000.0 989.0 -14391.758 nan nan -0.0478 nan nan -6.358 nan nan 
302000.0 990.0 -14447.013 nan nan -0.0478 nan nan -6.872 nan nan 
303000.0 994.0 -14497.222 nan nan -0.0478 nan nan -7.763 nan nan 
304000.0 997.0 -14542.958 nan nan -0.0478 nan nan -8.104 nan nan 
305000.0 998.0 -14572.579 nan nan -0.0478 nan nan -8.544 nan nan 
306000.0 1000.0 -14617.49 nan nan -0.0478 nan nan -9.117 nan nan 
307000.0 1003.0 -14673.145 nan nan -0.0478 nan nan -9.721 nan nan 
308000.0 1006.0 -14689.697 nan nan -0.0477 nan nan -9.459 nan nan 
309000.0 1008.0 -14717.69 nan nan -0.0476 nan nan -9.636 nan nan 
310000.0 1010.0 -14733.81 nan nan -0.0475 nan nan -9.853 nan nan 
311000.0 1011.0 -14742.646 nan nan -0.0474 nan nan -9.67 nan nan 
312000.0 1012.0 -14752.226 nan nan -0.0473 nan nan -9.602 nan nan 
313000.0 1013.0 -14746.627 nan nan -0.0471 nan nan -9.43 nan nan 
314000.0 1014.0 -14761.951 nan nan -0.047 nan nan -9.257 nan nan 
315000.0 1015.0 -14770.717 nan nan -0.0469 nan nan -9.531 nan nan 
316000.0 1017.0 -14793.036 nan nan -0.0468 nan nan -9.552 nan nan 
317000.0 1020.0 -14822.701 nan nan -0.0468 nan nan -9.586 nan nan 
318000.0 1021.0 -14808.958 nan nan -0.0466 nan nan -9.235 nan nan 
319000.0 1023.0 -14827.766 nan nan -0.0465 nan nan -9.141 nan nan 
320000.0 1024.0 -14832.177 nan nan -0.0464 nan nan -8.91 nan nan 
321000.0 1025.0 -14835.882 nan nan -0.0462 nan nan -8.885 nan nan 
322000.0 1027.0 -14875.816 nan nan -0.0462 nan nan -9.215 nan nan 
323000.0 1030.0 -14905.783 nan nan -0.0461 nan nan -9.432 nan nan 
324000.0 1032.0 -14916.395 nan nan -0.046 nan nan -9.129 nan nan 
325000.0 1033.0 -14917.842 nan nan -0.0459 nan nan -9.085 nan nan 
326000.0 1036.0 -14939.342 nan nan -0.0458 nan nan -9.0 nan nan 
327000.0 1038.0 -14958.448 nan nan -0.0457 nan nan -9.144 nan nan 
328000.0 1041.0 -14966.788 nan nan -0.0456 nan nan -8.577 nan nan 
329000.0 1043.0 -14995.514 nan nan -0.0456 nan nan -8.889 nan nan 
330000.0 1045.0 -14976.172 nan nan -0.0454 nan nan -7.979 nan nan 
331000.0 1046.0 -14982.567 nan nan -0.0453 nan nan -8.061 nan nan 
332000.0 1047.0 -14995.205 nan nan -0.0452 nan nan -8.054 nan nan 
333000.0 1050.0 -15032.892 nan nan -0.0451 nan nan -8.302 nan nan 
334000.0 1051.0 -15047.107 nan nan -0.0451 nan nan -8.297 nan nan 
335000.0 1052.0 -15064.383 nan nan -0.045 nan nan -8.398 nan nan 
336000.0 1054.0 -15063.793 nan nan -0.0448 nan nan -8.424 nan nan 
337000.0 1055.0 -15083.318 nan nan -0.0448 nan nan -8.192 nan nan 
338000.0 1056.0 -15094.161 nan nan -0.0447 nan nan -8.332 nan nan 
339000.0 1057.0 -15102.759 nan nan -0.0446 nan nan -8.571 nan nan 
340000.0 1059.0 -15096.808 nan nan -0.0444 nan nan -8.348 nan nan 
341000.0 1061.0 -15118.19 nan nan -0.0443 nan nan -8.317 nan nan 
342000.0 1062.0 -15108.35 nan nan -0.0442 nan nan -7.937 nan nan 
343000.0 1064.0 -15140.749 nan nan -0.0441 nan nan -8.268 nan nan 
344000.0 1065.0 -15163.383 nan nan -0.0441 nan nan -8.365 nan nan 
345000.0 1066.0 -15172.835 nan nan -0.044 nan nan -8.549 nan nan 
346000.0 1068.0 -15150.061 nan nan -0.0438 nan nan -8.007 nan nan 
347000.0 1070.0 -15167.561 nan nan -0.0437 nan nan -7.828 nan nan 
348000.0 1071.0 -15191.579 nan nan -0.0437 nan nan -7.967 nan nan 
349000.0 1072.0 -15191.114 nan nan -0.0435 nan nan -8.178 nan nan 
350000.0 1073.0 -15196.606 nan nan -0.0434 nan nan -7.787 nan nan 
351000.0 1075.0 -15228.111 nan nan -0.0434 nan nan -8.297 nan nan 
352000.0 1078.0 -15264.013 nan nan -0.0434 nan nan -8.536 nan nan 
353000.0 1079.0 -15276.697 nan nan -0.0433 nan nan -8.457 nan nan 
354000.0 1081.0 -15318.257 nan nan -0.0433 nan nan -8.922 nan nan 
355000.0 1082.0 -15330.598 nan nan -0.0432 nan nan -9.213 nan nan 
356000.0 1085.0 -15367.345 nan nan -0.0432 nan nan -9.262 nan nan 
357000.0 1086.0 -15378.499 nan nan -0.0431 nan nan -9.312 nan nan 
358000.0 1087.0 -15391.743 nan nan -0.043 nan nan -9.39 nan nan 
359000.0 1088.0 -15385.304 nan nan -0.0429 nan nan -9.073 nan nan 
360000.0 1089.0 -15396.795 nan nan -0.0428 nan nan -8.951 nan nan 
361000.0 1090.0 -15418.972 nan nan -0.0427 nan nan -9.313 nan nan 
362000.0 1091.0 -15405.648 nan nan -0.0426 nan nan -9.164 nan nan 
363000.0 1092.0 -15434.339 nan nan -0.0425 nan nan -9.223 nan nan 
364000.0 1094.0 -15462.955 nan nan -0.0425 nan nan -9.561 nan nan 
365000.0 1096.0 -15476.469 nan nan -0.0424 nan nan -9.46 nan nan 
366000.0 1097.0 -15479.563 nan nan -0.0423 nan nan -9.371 nan nan 
367000.0 1099.0 -15496.897 nan nan -0.0422 nan nan -9.277 nan nan 
368000.0 1100.0 -15543.114 nan nan -0.0422 nan nan -9.92 nan nan 
369000.0 1101.0 -15597.208 nan nan -0.0423 nan nan -10.755 nan nan 
370000.0 1102.0 -15623.959 nan nan -0.0422 nan nan -11.29 nan nan 
371000.0 1103.0 -15632.785 nan nan -0.0421 nan nan -11.244 nan nan 
372000.0 1104.0 -15671.603 nan nan -0.0421 nan nan -11.314 nan nan 
373000.0 1105.0 -15709.135 nan nan -0.0421 nan nan -11.552 nan nan 
374000.0 1107.0 -15743.994 nan nan -0.0421 nan nan -12.304 nan nan 
375000.0 1108.0 -15749.626 nan nan -0.042 nan nan -12.303 nan nan 
376000.0 1109.0 -15760.477 nan nan -0.0419 nan nan -12.046 nan nan 
377000.0 1110.0 -15783.052 nan nan -0.0419 nan nan -12.146 nan nan 
378000.0 1111.0 -15810.561 nan nan -0.0418 nan nan -12.505 nan nan 
379000.0 1112.0 -15808.915 nan nan -0.0417 nan nan -12.592 nan nan 
380000.0 1113.0 -15834.518 nan nan -0.0417 nan nan -12.303 nan nan 
381000.0 1114.0 -15862.432 nan nan -0.0416 nan nan -12.694 nan nan 
382000.0 1116.0 -15894.666 nan nan -0.0416 nan nan -12.837 nan nan 
383000.0 1117.0 -15914.479 nan nan -0.0416 nan nan -13.391 nan nan 
384000.0 1118.0 -15945.216 nan nan -0.0415 nan nan -13.212 nan nan 
385000.0 1121.0 -15967.98 nan nan -0.0415 nan nan -13.304 nan nan 
386000.0 1123.0 -15992.194 nan nan -0.0414 nan nan -13.195 nan nan 
387000.0 1124.0 -16004.333 nan nan -0.0414 nan nan -13.114 nan nan 
388000.0 1126.0 -16032.634 nan nan -0.0413 nan nan -13.268 nan nan 
389000.0 1127.0 -16052.846 nan nan -0.0413 nan nan -13.495 nan nan 
390000.0 1128.0 -16058.818 nan nan -0.0412 nan nan -13.331 nan nan 
391000.0 1129.0 -16071.542 nan nan -0.0411 nan nan -13.151 nan nan 
392000.0 1131.0 -16087.991 nan nan -0.041 nan nan -13.115 nan nan 
393000.0 1133.0 -16103.745 nan nan -0.041 nan nan -12.74 nan nan 
394000.0 1134.0 -16131.047 nan nan -0.0409 nan nan -12.982 nan nan 
395000.0 1135.0 -16146.324 nan nan -0.0409 nan nan -13.214 nan nan 
396000.0 1137.0 -16158.004 nan nan -0.0408 nan nan -12.964 nan nan 
397000.0 1138.0 -16182.071 nan nan -0.0408 nan nan -13.147 nan nan 
398000.0 1139.0 -16198.51 nan nan -0.0407 nan nan -13.186 nan nan 
399000.0 1140.0 -16205.516 nan nan -0.0406 nan nan -13.068 nan nan 
400000.0 1142.0 -16213.314 nan nan -0.0405 nan nan -12.728 nan nan 
