1000.0 8.0 -68.797 nan nan -0.0688 nan nan -1.148 nan nan 
2000.0 18.0 -233.349 nan nan -0.1167 nan nan -3.954 nan nan 
3000.0 28.0 -303.298 nan nan -0.1011 nan nan -4.44 nan nan 
4000.0 37.0 -406.95 nan nan -0.1017 nan nan -5.718 nan nan 
5000.0 47.0 -497.257 nan nan -0.0995 nan nan -6.099 nan nan 
6000.0 57.0 -598.221 nan nan -0.0997 nan nan -6.863 nan nan 
7000.0 67.0 -695.23 nan nan -0.0993 nan nan -7.515 nan nan 
8000.0 77.0 -764.431 nan nan -0.0956 nan nan -7.405 nan nan 
9000.0 86.0 -840.982 nan nan -0.0934 nan nan -7.459 nan nan 
10000.0 95.0 -927.314 nan nan -0.0927 nan nan -7.626 nan nan 
11000.0 103.0 -1052.634 nan nan -0.0957 nan nan -8.944 nan nan 
12000.0 113.0 -1149.192 nan nan -0.0958 nan nan -9.16 nan nan 
13000.0 123.0 -1250.456 nan nan -0.0962 nan nan -9.349 nan nan 
14000.0 134.0 -1382.29 nan nan -0.0987 nan nan -9.89 nan nan 
15000.0 144.0 -1503.304 nan nan -0.1002 nan nan -10.391 nan nan 
16000.0 152.0 -1676.12 nan nan -0.1048 nan nan -11.89 nan nan 
17000.0 162.0 -1840.121 nan nan -0.1082 nan nan -12.967 nan nan 
18000.0 172.0 -1914.121 nan nan -0.1063 nan nan -11.924 nan nan 
19000.0 182.0 -1981.937 nan nan -0.1043 nan nan -10.96 nan nan 
20000.0 192.0 -2061.841 nan nan -0.1031 nan nan -10.388 nan nan 
21000.0 201.0 -2119.838 nan nan -0.1009 nan nan -9.778 nan nan 
22000.0 208.0 -2202.992 nan nan -0.1001 nan nan -10.123 nan nan 
23000.0 217.0 -2241.772 nan nan -0.0975 nan nan -9.143 nan nan 
24000.0 222.0 -2278.522 nan nan -0.0949 nan nan -8.966 nan nan 
25000.0 229.0 -2306.231 nan nan -0.0922 nan nan -8.303 nan nan 
26000.0 236.0 -2389.317 nan nan -0.0919 nan nan -8.756 nan nan 
27000.0 242.0 -2432.001 nan nan -0.0901 nan nan -8.496 nan nan 
28000.0 249.0 -2552.421 nan nan -0.0912 nan nan -9.739 nan nan 
29000.0 256.0 -2623.057 nan nan -0.0905 nan nan -9.808 nan nan 
30000.0 262.0 -2678.845 nan nan -0.0893 nan nan -9.693 nan nan 
31000.0 268.0 -2732.699 nan nan -0.0882 nan nan -9.644 nan nan 
32000.0 274.0 -2778.276 nan nan -0.0868 nan nan -9.424 nan nan 
33000.0 280.0 -2862.585 nan nan -0.0867 nan nan -9.858 nan nan 
34000.0 285.0 -2938.687 nan nan -0.0864 nan nan -10.577 nan nan 
35000.0 290.0 -3017.899 nan nan -0.0862 nan nan -10.852 nan nan 
36000.0 296.0 -3110.021 nan nan -0.0864 nan nan -11.495 nan nan 
37000.0 300.0 -3145.102 nan nan -0.085 nan nan -11.327 nan nan 
38000.0 304.0 -3163.822 nan nan -0.0833 nan nan -10.785 nan nan 
39000.0 308.0 -3196.353 nan nan -0.082 nan nan -10.524 nan nan 
40000.0 312.0 -3202.621 nan nan -0.0801 nan nan -10.015 nan nan 
41000.0 315.0 -3246.831 nan nan -0.0792 nan nan -10.08 nan nan 
42000.0 319.0 -3243.15 nan nan -0.0772 nan nan -9.37 nan nan 
43000.0 320.0 -3234.054 nan nan -0.0752 nan nan -9.092 nan nan 
44000.0 324.0 -3252.13 nan nan -0.0739 nan nan -8.592 nan nan 
45000.0 326.0 -3273.651 nan nan -0.0727 nan nan -8.604 nan nan 
46000.0 328.0 -3281.526 nan nan -0.0713 nan nan -8.415 nan nan 
47000.0 330.0 -3283.081 nan nan -0.0699 nan nan -8.169 nan nan 
48000.0 332.0 -3297.071 nan nan -0.0687 nan nan -8.114 nan nan 
49000.0 333.0 -3307.762 nan nan -0.0675 nan nan -8.124 nan nan 
50000.0 335.0 -3312.098 nan nan -0.0662 nan nan -7.988 nan nan 
51000.0 337.0 -3322.559 nan nan -0.0651 nan nan -7.925 nan nan 
52000.0 340.0 -3355.601 nan nan -0.0645 nan nan -8.056 nan nan 
53000.0 341.0 -3355.175 nan nan -0.0633 nan nan -7.819 nan nan 
54000.0 343.0 -3372.869 nan nan -0.0625 nan nan -7.938 nan nan 
55000.0 344.0 -3379.484 nan nan -0.0614 nan nan -7.958 nan nan 
56000.0 345.0 -3377.046 nan nan -0.0603 nan nan -7.71 nan nan 
57000.0 347.0 -3379.254 nan nan -0.0593 nan nan -7.432 nan nan 
58000.0 349.0 -3396.729 nan nan -0.0586 nan nan -7.491 nan nan 
59000.0 351.0 -3416.807 nan nan -0.0579 nan nan -7.574 nan nan 
60000.0 352.0 -3426.022 nan nan -0.0571 nan nan -7.537 nan nan 
61000.0 353.0 -3441.586 nan nan -0.0564 nan nan -7.701 nan nan 
62000.0 354.0 -3443.58 nan nan -0.0555 nan nan -7.561 nan nan 
63000.0 355.0 -3449.615 nan nan -0.0548 nan nan -7.538 nan nan 
64000.0 356.0 -3458.078 nan nan -0.054 nan nan -7.575 nan nan 
65000.0 357.0 -3469.668 nan nan -0.0534 nan nan -7.589 nan nan 
66000.0 358.0 -3489.587 nan nan -0.0529 nan nan -7.859 nan nan 
67000.0 359.0 -3502.191 nan nan -0.0523 nan nan -7.884 nan nan 
68000.0 360.0 -3508.763 nan nan -0.0516 nan nan -8.002 nan nan 
69000.0 361.0 -3510.754 nan nan -0.0509 nan nan -7.906 nan nan 
70000.0 362.0 -3517.493 nan nan -0.0502 nan nan -7.826 nan nan 
71000.0 363.0 -3520.103 nan nan -0.0496 nan nan -7.747 nan nan 
72000.0 364.0 -3530.701 nan nan -0.049 nan nan -7.693 nan nan 
73000.0 365.0 -3535.802 nan nan -0.0484 nan nan -7.746 nan nan 
74000.0 366.0 -3536.715 nan nan -0.0478 nan nan -7.652 nan nan 
75000.0 367.0 -3543.831 nan nan -0.0473 nan nan -7.575 nan nan 
76000.0 368.0 -3546.03 nan nan -0.0467 nan nan -7.525 nan nan 
77000.0 369.0 -3549.185 nan nan -0.0461 nan nan -7.469 nan nan 
78000.0 370.0 -3552.012 nan nan -0.0455 nan nan -7.328 nan nan 
79000.0 371.0 -3555.772 nan nan -0.045 nan nan -7.255 nan nan 
80000.0 373.0 -3563.456 nan nan -0.0445 nan nan -7.173 nan nan 
81000.0 374.0 -3570.464 nan nan -0.0441 nan nan -7.164 nan nan 
82000.0 375.0 -3580.505 nan nan -0.0437 nan nan -7.131 nan nan 
83000.0 377.0 -3588.227 nan nan -0.0432 nan nan -7.071 nan nan 
84000.0 378.0 -3593.046 nan nan -0.0428 nan nan -6.956 nan nan 
85000.0 380.0 -3601.813 nan nan -0.0424 nan nan -6.942 nan nan 
86000.0 381.0 -3611.401 nan nan -0.042 nan nan -7.001 nan nan 
87000.0 382.0 -3624.406 nan nan -0.0417 nan nan -7.026 nan nan 
88000.0 383.0 -3627.434 nan nan -0.0412 nan nan -7.088 nan nan 
89000.0 385.0 -3633.335 nan nan -0.0408 nan nan -6.858 nan nan 
90000.0 387.0 -3633.774 nan nan -0.0404 nan nan -6.615 nan nan 
91000.0 388.0 -3637.545 nan nan -0.04 nan nan -6.552 nan nan 
92000.0 390.0 -3644.018 nan nan -0.0396 nan nan -6.417 nan nan 
93000.0 391.0 -3646.071 nan nan -0.0392 nan nan -6.328 nan nan 
94000.0 394.0 -3649.134 nan nan -0.0388 nan nan -6.014 nan nan 
95000.0 395.0 -3663.552 nan nan -0.0386 nan nan -5.958 nan nan 
96000.0 396.0 -3671.574 nan nan -0.0382 nan nan -6.109 nan nan 
97000.0 397.0 -3675.627 nan nan -0.0379 nan nan -6.053 nan nan 
98000.0 398.0 -3683.835 nan nan -0.0376 nan nan -6.068 nan nan 
99000.0 401.0 -3685.656 nan nan -0.0372 nan nan -5.859 nan nan 
100000.0 402.0 -3690.377 nan nan -0.0369 nan nan -5.922 nan nan 
101000.0 404.0 -3697.141 nan nan -0.0366 nan nan -5.781 nan nan 
102000.0 405.0 -3710.925 nan nan -0.0364 nan nan -5.824 nan nan 
103000.0 407.0 -3712.681 nan nan -0.036 nan nan -5.719 nan nan 
104000.0 409.0 -3728.04 nan nan -0.0358 nan nan -5.812 nan nan 
105000.0 413.0 -3741.985 nan nan -0.0356 nan nan -5.598 nan nan 
106000.0 414.0 -3750.006 nan nan -0.0354 nan nan -5.669 nan nan 
107000.0 415.0 -3760.668 nan nan -0.0351 nan nan -5.798 nan nan 
108000.0 417.0 -3776.532 nan nan -0.035 nan nan -5.874 nan nan 
109000.0 420.0 -3783.641 nan nan -0.0347 nan nan -5.619 nan nan 
110000.0 421.0 -3795.622 nan nan -0.0345 nan nan -5.637 nan nan 
111000.0 422.0 -3794.451 nan nan -0.0342 nan nan -5.606 nan nan 
112000.0 423.0 -3810.982 nan nan -0.034 nan nan -5.656 nan nan 
113000.0 426.0 -3810.942 nan nan -0.0337 nan nan -5.56 nan nan 
114000.0 427.0 -3815.803 nan nan -0.0335 nan nan -5.511 nan nan 
115000.0 429.0 -3829.855 nan nan -0.0333 nan nan -5.474 nan nan 
116000.0 432.0 -3838.39 nan nan -0.0331 nan nan -5.411 nan nan 
117000.0 433.0 -3841.465 nan nan -0.0328 nan nan -5.35 nan nan 
118000.0 436.0 -3855.064 nan nan -0.0327 nan nan -5.323 nan nan 
119000.0 437.0 -3862.141 nan nan -0.0325 nan nan -5.333 nan nan 
120000.0 438.0 -3868.73 nan nan -0.0322 nan nan -5.24 nan nan 
121000.0 441.0 -3885.113 nan nan -0.0321 nan nan -5.435 nan nan 
122000.0 443.0 -3897.95 nan nan -0.032 nan nan -5.42 nan nan 
123000.0 444.0 -3907.314 nan nan -0.0318 nan nan -5.479 nan nan 
124000.0 446.0 -3917.752 nan nan -0.0316 nan nan -5.453 nan nan 
125000.0 447.0 -3917.543 nan nan -0.0313 nan nan -5.414 nan nan 
126000.0 448.0 -3926.777 nan nan -0.0312 nan nan -5.359 nan nan 
127000.0 449.0 -3936.124 nan nan -0.031 nan nan -5.421 nan nan 
128000.0 451.0 -3948.775 nan nan -0.0308 nan nan -5.473 nan nan 
129000.0 452.0 -3962.65 nan nan -0.0307 nan nan -5.585 nan nan 
130000.0 454.0 -3964.609 nan nan -0.0305 nan nan -5.507 nan nan 
131000.0 457.0 -3964.941 nan nan -0.0303 nan nan -5.203 nan nan 
132000.0 458.0 -3967.721 nan nan -0.0301 nan nan -5.227 nan nan 
133000.0 459.0 -3956.674 nan nan -0.0297 nan nan -4.913 nan nan 
134000.0 461.0 -3960.25 nan nan -0.0296 nan nan -4.72 nan nan 
135000.0 462.0 -3961.97 nan nan -0.0293 nan nan -4.651 nan nan 
136000.0 463.0 -3962.631 nan nan -0.0291 nan nan -4.578 nan nan 
137000.0 464.0 -3972.963 nan nan -0.029 nan nan -4.565 nan nan 
138000.0 465.0 -3973.549 nan nan -0.0288 nan nan -4.649 nan nan 
139000.0 466.0 -3983.864 nan nan -0.0287 nan nan -4.597 nan nan 
140000.0 467.0 -3988.493 nan nan -0.0285 nan nan -4.662 nan nan 
141000.0 468.0 -4000.395 nan nan -0.0284 nan nan -4.771 nan nan 
142000.0 469.0 -4002.015 nan nan -0.0282 nan nan -4.723 nan nan 
143000.0 470.0 -4006.506 nan nan -0.028 nan nan -4.794 nan nan 
144000.0 471.0 -4004.289 nan nan -0.0278 nan nan -4.707 nan nan 
145000.0 472.0 -3987.117 nan nan -0.0275 nan nan -4.5 nan nan 
146000.0 473.0 -3979.244 nan nan -0.0273 nan nan -4.142 nan nan 
147000.0 474.0 -3974.839 nan nan -0.027 nan nan -3.872 nan nan 
148000.0 475.0 -3982.937 nan nan -0.0269 nan nan -3.718 nan nan 
149000.0 481.0 -3975.922 nan nan -0.0267 nan nan -3.278 nan nan 
150000.0 482.0 -3983.869 nan nan -0.0266 nan nan -3.281 nan nan 
151000.0 483.0 -3984.581 nan nan -0.0264 nan nan -3.604 nan nan 
152000.0 486.0 -3969.782 nan nan -0.0261 nan nan -2.933 nan nan 
153000.0 487.0 -3975.944 nan nan -0.026 nan nan -2.998 nan nan 
154000.0 488.0 -3959.456 nan nan -0.0257 nan nan -2.869 nan nan 
155000.0 490.0 -3954.825 nan nan -0.0255 nan nan -2.357 nan nan 
156000.0 492.0 -3945.014 nan nan -0.0253 nan nan -2.137 nan nan 
157000.0 493.0 -3942.713 nan nan -0.0251 nan nan -1.975 nan nan 
158000.0 496.0 -3924.978 nan nan -0.0248 nan nan -1.663 nan nan 
159000.0 497.0 -3935.588 nan nan -0.0248 nan nan -1.657 nan nan 
160000.0 498.0 -3943.284 nan nan -0.0246 nan nan -1.886 nan nan 
161000.0 502.0 -3916.479 nan nan -0.0243 nan nan -1.102 nan nan 
162000.0 504.0 -3902.411 nan nan -0.0241 nan nan -0.92 nan nan 
163000.0 506.0 -3901.223 nan nan -0.0239 nan nan -0.782 nan nan 
164000.0 508.0 -3909.711 nan nan -0.0238 nan nan -0.862 nan nan 
165000.0 509.0 -3906.067 nan nan -0.0237 nan nan -0.755 nan nan 
166000.0 511.0 -3887.053 nan nan -0.0234 nan nan -0.592 nan nan 
167000.0 512.0 -3889.361 nan nan -0.0233 nan nan -0.371 nan nan 
168000.0 514.0 -3868.221 nan nan -0.023 nan nan -0.173 nan nan 
169000.0 515.0 -3862.724 nan nan -0.0229 nan nan 0.015 nan nan 
170000.0 516.0 -3853.746 nan nan -0.0227 nan nan 0.152 nan nan 
171000.0 517.0 -3850.892 nan nan -0.0225 nan nan 0.317 nan nan 
172000.0 518.0 -3854.65 nan nan -0.0224 nan nan 0.337 nan nan 
173000.0 520.0 -3827.651 nan nan -0.0221 nan nan 0.553 nan nan 
174000.0 521.0 -3824.155 nan nan -0.022 nan nan 0.853 nan nan 
175000.0 523.0 -3811.81 nan nan -0.0218 nan nan 0.895 nan nan 
176000.0 524.0 -3803.58 nan nan -0.0216 nan nan 1.169 nan nan 
177000.0 526.0 -3792.141 nan nan -0.0214 nan nan 1.298 nan nan 
178000.0 527.0 -3792.979 nan nan -0.0213 nan nan 1.243 nan nan 
179000.0 528.0 -3778.575 nan nan -0.0211 nan nan 1.476 nan nan 
180000.0 530.0 -3769.705 nan nan -0.0209 nan nan 1.677 nan nan 
181000.0 531.0 -3766.729 nan nan -0.0208 nan nan 1.718 nan nan 
182000.0 532.0 -3764.825 nan nan -0.0207 nan nan 1.65 nan nan 
183000.0 533.0 -3760.513 nan nan -0.0205 nan nan 1.72 nan nan 
184000.0 534.0 -3760.968 nan nan -0.0204 nan nan 1.833 nan nan 
185000.0 535.0 -3762.754 nan nan -0.0203 nan nan 1.71 nan nan 
186000.0 537.0 -3743.998 nan nan -0.0201 nan nan 1.943 nan nan 
187000.0 538.0 -3736.112 nan nan -0.02 nan nan 1.859 nan nan 
188000.0 539.0 -3724.59 nan nan -0.0198 nan nan 2.155 nan nan 
189000.0 542.0 -3699.126 nan nan -0.0196 nan nan 2.742 nan nan 
190000.0 543.0 -3674.064 nan nan -0.0193 nan nan 2.977 nan nan 
191000.0 544.0 -3660.429 nan nan -0.0192 nan nan 3.161 nan nan 
192000.0 546.0 -3637.024 nan nan -0.0189 nan nan 3.518 nan nan 
193000.0 547.0 -3625.01 nan nan -0.0188 nan nan 3.508 nan nan 
194000.0 550.0 -3593.816 nan nan -0.0185 nan nan 4.09 nan nan 
195000.0 551.0 -3578.481 nan nan -0.0184 nan nan 4.281 nan nan 
196000.0 552.0 -3575.443 nan nan -0.0182 nan nan 4.327 nan nan 
197000.0 553.0 -3562.764 nan nan -0.0181 nan nan 4.446 nan nan 
198000.0 554.0 -3551.35 nan nan -0.0179 nan nan 4.573 nan nan 
199000.0 556.0 -3523.889 nan nan -0.0177 nan nan 4.948 nan nan 
200000.0 558.0 -3501.987 nan nan -0.0175 nan nan 5.24 nan nan 
201000.0 560.0 -3473.076 nan nan -0.0173 nan nan 5.532 nan nan 
202000.0 561.0 -3469.226 nan nan -0.0172 nan nan 5.662 nan nan 
203000.0 564.0 -3519.994 nan nan -0.0173 nan nan 4.213 nan nan 
204000.0 567.0 -3527.074 nan nan -0.0173 nan nan 3.946 nan nan 
205000.0 568.0 -3518.518 nan nan -0.0172 nan nan 3.855 nan nan 
206000.0 570.0 -3496.534 nan nan -0.017 nan nan 4.098 nan nan 
207000.0 571.0 -3478.225 nan nan -0.0168 nan nan 4.389 nan nan 
208000.0 574.0 -3454.119 nan nan -0.0166 nan nan 4.862 nan nan 
209000.0 576.0 -3439.206 nan nan -0.0165 nan nan 4.892 nan nan 
210000.0 577.0 -3415.896 nan nan -0.0163 nan nan 5.162 nan nan 
211000.0 581.0 -3381.3 nan nan -0.016 nan nan 5.602 nan nan 
212000.0 583.0 -3355.513 nan nan -0.0158 nan nan 5.874 nan nan 
213000.0 584.0 -3341.628 nan nan -0.0157 nan nan 5.932 nan nan 
214000.0 586.0 -3317.702 nan nan -0.0155 nan nan 6.076 nan nan 
215000.0 589.0 -3288.1 nan nan -0.0153 nan nan 6.352 nan nan 
216000.0 591.0 -3268.852 nan nan -0.0151 nan nan 6.438 nan nan 
217000.0 592.0 -3264.897 nan nan -0.015 nan nan 6.406 nan nan 
218000.0 594.0 -3236.009 nan nan -0.0148 nan nan 6.785 nan nan 
219000.0 595.0 -3221.265 nan nan -0.0147 nan nan 6.826 nan nan 
220000.0 597.0 -3193.308 nan nan -0.0145 nan nan 7.106 nan nan 
221000.0 598.0 -3182.794 nan nan -0.0144 nan nan 7.253 nan nan 
222000.0 601.0 -3140.83 nan nan -0.0141 nan nan 7.612 nan nan 
223000.0 603.0 -3110.637 nan nan -0.0139 nan nan 7.885 nan nan 
224000.0 604.0 -3093.881 nan nan -0.0138 nan nan 8.053 nan nan 
225000.0 607.0 -3067.977 nan nan -0.0136 nan nan 8.317 nan nan 
226000.0 609.0 -3028.535 nan nan -0.0134 nan nan 8.709 nan nan 
227000.0 611.0 -2999.331 nan nan -0.0132 nan nan 8.817 nan nan 
228000.0 613.0 -2974.683 nan nan -0.013 nan nan 9.033 nan nan 
229000.0 614.0 -2955.234 nan nan -0.0129 nan nan 9.205 nan nan 
230000.0 618.0 -2909.925 nan nan -0.0127 nan nan 9.583 nan nan 
231000.0 619.0 -2882.738 nan nan -0.0125 nan nan 9.535 nan nan 
232000.0 620.0 -2865.116 nan nan -0.0123 nan nan 9.709 nan nan 
233000.0 623.0 -2824.907 nan nan -0.0121 nan nan 10.064 nan nan 
234000.0 625.0 -2809.852 nan nan -0.012 nan nan 10.092 nan nan 
235000.0 627.0 -2779.519 nan nan -0.0118 nan nan 10.299 nan nan 
236000.0 628.0 -2750.017 nan nan -0.0117 nan nan 10.433 nan nan 
237000.0 630.0 -2728.0 nan nan -0.0115 nan nan 10.603 nan nan 
238000.0 631.0 -2719.604 nan nan -0.0114 nan nan 10.5 nan nan 
239000.0 633.0 -2688.601 nan nan -0.0112 nan nan 10.677 nan nan 
240000.0 635.0 -2656.849 nan nan -0.0111 nan nan 10.821 nan nan 
241000.0 638.0 -2624.044 nan nan -0.0109 nan nan 11.13 nan nan 
242000.0 639.0 -2594.756 nan nan -0.0107 nan nan 11.3 nan nan 
243000.0 642.0 -2537.487 nan nan -0.0104 nan nan 11.64 nan nan 
244000.0 644.0 -2506.932 nan nan -0.0103 nan nan 11.859 nan nan 
245000.0 647.0 -2473.829 nan nan -0.0101 nan nan 12.102 nan nan 
246000.0 649.0 -2430.237 nan nan -0.0099 nan nan 12.265 nan nan 
247000.0 651.0 -2393.329 nan nan -0.0097 nan nan 12.455 nan nan 
248000.0 654.0 -2350.329 nan nan -0.0095 nan nan 12.609 nan nan 
249000.0 655.0 -2335.341 nan nan -0.0094 nan nan 12.59 nan nan 
250000.0 658.0 -2303.682 nan nan -0.0092 nan nan 12.706 nan nan 
251000.0 661.0 -2249.217 nan nan -0.009 nan nan 12.816 nan nan 
252000.0 664.0 -2221.282 nan nan -0.0088 nan nan 12.906 nan nan 
253000.0 665.0 -2190.709 nan nan -0.0087 nan nan 12.877 nan nan 
254000.0 666.0 -2177.121 nan nan -0.0086 nan nan 12.943 nan nan 
255000.0 670.0 -2110.682 nan nan -0.0083 nan nan 13.149 nan nan 
256000.0 672.0 -2079.639 nan nan -0.0081 nan nan 13.24 nan nan 
257000.0 675.0 -2031.741 nan nan -0.0079 nan nan 13.454 nan nan 
258000.0 680.0 -1967.863 nan nan -0.0076 nan nan 13.64 nan nan 
259000.0 681.0 -1942.54 nan nan -0.0075 nan nan 13.656 nan nan 
260000.0 684.0 -1885.22 nan nan -0.0073 nan nan 13.832 nan nan 
261000.0 687.0 -1836.973 nan nan -0.007 nan nan 14.108 nan nan 
262000.0 691.0 -1782.884 nan nan -0.0068 nan nan 13.917 nan nan 
263000.0 694.0 -1733.777 nan nan -0.0066 nan nan 14.168 nan nan 
264000.0 698.0 -1680.029 nan nan -0.0064 nan nan 14.261 nan nan 
265000.0 699.0 -1655.01 nan nan -0.0062 nan nan 14.338 nan nan 
266000.0 702.0 -1617.976 nan nan -0.0061 nan nan 14.42 nan nan 
267000.0 703.0 -1588.996 nan nan -0.006 nan nan 14.504 nan nan 
268000.0 704.0 -1569.373 nan nan -0.0059 nan nan 14.559 nan nan 
269000.0 708.0 -1521.84 nan nan -0.0057 nan nan 14.703 nan nan 
270000.0 713.0 -1445.896 nan nan -0.0054 nan nan 14.669 nan nan 
271000.0 715.0 -1393.613 nan nan -0.0051 nan nan 14.785 nan nan 
272000.0 718.0 -1363.276 nan nan -0.005 nan nan 14.866 nan nan 
273000.0 723.0 -1284.967 nan nan -0.0047 nan nan 14.821 nan nan 
274000.0 726.0 -1218.81 nan nan -0.0044 nan nan 15.048 nan nan 
275000.0 729.0 -1184.983 nan nan -0.0043 nan nan 15.115 nan nan 
276000.0 731.0 -1136.222 nan nan -0.0041 nan nan 15.117 nan nan 
277000.0 734.0 -1097.549 nan nan -0.004 nan nan 15.13 nan nan 
278000.0 737.0 -1044.69 nan nan -0.0038 nan nan 15.262 nan nan 
279000.0 740.0 -994.788 nan nan -0.0036 nan nan 15.39 nan nan 
280000.0 743.0 -955.06 nan nan -0.0034 nan nan 15.254 nan nan 
281000.0 747.0 -899.364 nan nan -0.0032 nan nan 15.066 nan nan 
282000.0 750.0 -854.232 nan nan -0.003 nan nan 15.126 nan nan 
283000.0 751.0 -842.239 nan nan -0.003 nan nan 15.123 nan nan 
284000.0 752.0 -827.061 nan nan -0.0029 nan nan 15.113 nan nan 
285000.0 753.0 -808.763 nan nan -0.0028 nan nan 15.151 nan nan 
286000.0 755.0 -771.488 nan nan -0.0027 nan nan 15.167 nan nan 
287000.0 761.0 -683.999 nan nan -0.0024 nan nan 15.113 nan nan 
288000.0 763.0 -655.754 nan nan -0.0023 nan nan 15.149 nan nan 
289000.0 766.0 -623.616 nan nan -0.0022 nan nan 15.175 nan nan 
290000.0 767.0 -609.629 nan nan -0.0021 nan nan 15.163 nan nan 
291000.0 769.0 -571.006 nan nan -0.002 nan nan 15.027 nan nan 
292000.0 771.0 -539.453 nan nan -0.0018 nan nan 15.027 nan nan 
293000.0 772.0 -523.375 nan nan -0.0018 nan nan 15.093 nan nan 
294000.0 775.0 -475.512 nan nan -0.0016 nan nan 15.282 nan nan 
295000.0 777.0 -435.169 nan nan -0.0015 nan nan 15.383 nan nan 
296000.0 778.0 -416.029 nan nan -0.0014 nan nan 15.324 nan nan 
297000.0 779.0 -405.0 nan nan -0.0014 nan nan 15.355 nan nan 
298000.0 781.0 -370.831 nan nan -0.0012 nan nan 15.349 nan nan 
299000.0 782.0 -354.738 nan nan -0.0012 nan nan 15.362 nan nan 
300000.0 785.0 -313.443 nan nan -0.001 nan nan 15.337 nan nan 
301000.0 788.0 -264.805 nan nan -0.0009 nan nan 15.433 nan nan 
302000.0 792.0 -196.509 nan nan -0.0007 nan nan 15.451 nan nan 
303000.0 793.0 -179.672 nan nan -0.0006 nan nan 15.486 nan nan 
304000.0 797.0 -116.912 nan nan -0.0004 nan nan 15.451 nan nan 
305000.0 801.0 -53.813 nan nan -0.0002 nan nan 15.495 nan nan 
306000.0 803.0 -36.121 nan nan -0.0001 nan nan 15.577 nan nan 
307000.0 807.0 37.698 nan nan 0.0001 nan nan 15.755 nan nan 
308000.0 810.0 101.895 nan nan 0.0003 nan nan 15.862 nan nan 
309000.0 811.0 120.661 nan nan 0.0004 nan nan 15.855 nan nan 
310000.0 814.0 152.598 nan nan 0.0005 nan nan 15.83 nan nan 
311000.0 817.0 214.62 nan nan 0.0007 nan nan 15.886 nan nan 
312000.0 819.0 244.735 nan nan 0.0008 nan nan 15.768 nan nan 
313000.0 821.0 274.4 nan nan 0.0009 nan nan 15.772 nan nan 
314000.0 822.0 294.521 nan nan 0.0009 nan nan 15.778 nan nan 
315000.0 826.0 356.645 nan nan 0.0011 nan nan 15.859 nan nan 
316000.0 829.0 410.897 nan nan 0.0013 nan nan 15.973 nan nan 
317000.0 831.0 446.805 nan nan 0.0014 nan nan 16.001 nan nan 
318000.0 832.0 467.155 nan nan 0.0015 nan nan 16.046 nan nan 
319000.0 833.0 483.289 nan nan 0.0015 nan nan 16.116 nan nan 
320000.0 837.0 535.632 nan nan 0.0017 nan nan 16.169 nan nan 
321000.0 840.0 579.651 nan nan 0.0018 nan nan 16.12 nan nan 
322000.0 841.0 596.803 nan nan 0.0019 nan nan 16.099 nan nan 
323000.0 844.0 660.38 nan nan 0.002 nan nan 16.147 nan nan 
324000.0 848.0 726.805 nan nan 0.0022 nan nan 16.302 nan nan 
325000.0 850.0 768.832 nan nan 0.0024 nan nan 16.359 nan nan 
326000.0 855.0 812.483 nan nan 0.0025 nan nan 15.956 nan nan 
327000.0 856.0 850.311 nan nan 0.0026 nan nan 15.981 nan nan 
328000.0 859.0 905.83 nan nan 0.0028 nan nan 16.116 nan nan 
329000.0 861.0 924.979 nan nan 0.0028 nan nan 16.204 nan nan 
330000.0 862.0 938.826 nan nan 0.0028 nan nan 16.155 nan nan 
331000.0 864.0 985.668 nan nan 0.003 nan nan 16.13 nan nan 
332000.0 865.0 997.161 nan nan 0.003 nan nan 16.155 nan nan 
333000.0 868.0 1043.528 nan nan 0.0031 nan nan 16.012 nan nan 
334000.0 870.0 1076.938 nan nan 0.0032 nan nan 16.052 nan nan 
335000.0 874.0 1130.574 nan nan 0.0034 nan nan 16.157 nan nan 
336000.0 876.0 1138.228 nan nan 0.0034 nan nan 15.447 nan nan 
337000.0 878.0 1172.279 nan nan 0.0035 nan nan 15.434 nan nan 
338000.0 881.0 1209.267 nan nan 0.0036 nan nan 15.506 nan nan 
339000.0 883.0 1248.97 nan nan 0.0037 nan nan 15.43 nan nan 
340000.0 886.0 1291.423 nan nan 0.0038 nan nan 15.373 nan nan 
341000.0 888.0 1324.801 nan nan 0.0039 nan nan 15.428 nan nan 
342000.0 893.0 1395.872 nan nan 0.0041 nan nan 15.332 nan nan 
343000.0 897.0 1448.461 nan nan 0.0042 nan nan 15.361 nan nan 
344000.0 900.0 1502.143 nan nan 0.0044 nan nan 15.257 nan nan 
345000.0 902.0 1539.81 nan nan 0.0045 nan nan 15.355 nan nan 
346000.0 906.0 1597.137 nan nan 0.0046 nan nan 15.342 nan nan 
347000.0 907.0 1616.846 nan nan 0.0047 nan nan 15.363 nan nan 
348000.0 910.0 1658.699 nan nan 0.0048 nan nan 15.358 nan nan 
349000.0 911.0 1676.367 nan nan 0.0048 nan nan 15.297 nan nan 
350000.0 912.0 1695.586 nan nan 0.0048 nan nan 15.367 nan nan 
351000.0 914.0 1727.046 nan nan 0.0049 nan nan 15.491 nan nan 
352000.0 915.0 1744.077 nan nan 0.005 nan nan 15.545 nan nan 
353000.0 919.0 1804.438 nan nan 0.0051 nan nan 15.63 nan nan 
354000.0 922.0 1846.266 nan nan 0.0052 nan nan 15.654 nan nan 
355000.0 924.0 1879.785 nan nan 0.0053 nan nan 15.702 nan nan 
356000.0 926.0 1926.611 nan nan 0.0054 nan nan 15.719 nan nan 
357000.0 928.0 1942.565 nan nan 0.0054 nan nan 15.633 nan nan 
358000.0 931.0 1979.896 nan nan 0.0055 nan nan 15.529 nan nan 
359000.0 933.0 2022.722 nan nan 0.0056 nan nan 15.464 nan nan 
360000.0 935.0 2052.537 nan nan 0.0057 nan nan 15.478 nan nan 
361000.0 937.0 2083.076 nan nan 0.0058 nan nan 15.415 nan nan 
362000.0 938.0 2099.935 nan nan 0.0058 nan nan 15.428 nan nan 
363000.0 940.0 2126.687 nan nan 0.0059 nan nan 15.463 nan nan 
364000.0 942.0 2151.257 nan nan 0.0059 nan nan 15.343 nan nan 
365000.0 944.0 2185.274 nan nan 0.006 nan nan 15.26 nan nan 
366000.0 945.0 2201.198 nan nan 0.006 nan nan 15.271 nan nan 
367000.0 947.0 2235.007 nan nan 0.0061 nan nan 15.28 nan nan 
368000.0 950.0 2276.936 nan nan 0.0062 nan nan 15.536 nan nan 
369000.0 952.0 2322.267 nan nan 0.0063 nan nan 15.609 nan nan 
370000.0 953.0 2332.474 nan nan 0.0063 nan nan 15.599 nan nan 
371000.0 955.0 2347.99 nan nan 0.0063 nan nan 15.226 nan nan 
372000.0 957.0 2383.645 nan nan 0.0064 nan nan 15.223 nan nan 
373000.0 959.0 2413.574 nan nan 0.0065 nan nan 15.216 nan nan 
374000.0 961.0 2447.986 nan nan 0.0065 nan nan 15.374 nan nan 
375000.0 963.0 2461.309 nan nan 0.0066 nan nan 15.233 nan nan 
376000.0 966.0 2519.891 nan nan 0.0067 nan nan 15.279 nan nan 
377000.0 969.0 2532.954 nan nan 0.0067 nan nan 14.91 nan nan 
378000.0 970.0 2563.169 nan nan 0.0068 nan nan 14.866 nan nan 
379000.0 972.0 2583.628 nan nan 0.0068 nan nan 14.87 nan nan 
380000.0 973.0 2604.095 nan nan 0.0069 nan nan 14.86 nan nan 
381000.0 975.0 2640.339 nan nan 0.0069 nan nan 14.933 nan nan 
382000.0 976.0 2657.502 nan nan 0.007 nan nan 14.945 nan nan 
383000.0 979.0 2709.199 nan nan 0.0071 nan nan 15.053 nan nan 
384000.0 981.0 2732.36 nan nan 0.0071 nan nan 15.202 nan nan 
385000.0 983.0 2765.514 nan nan 0.0072 nan nan 14.973 nan nan 
386000.0 984.0 2774.548 nan nan 0.0072 nan nan 15.06 nan nan 
387000.0 985.0 2781.78 nan nan 0.0072 nan nan 14.858 nan nan 
388000.0 987.0 2811.055 nan nan 0.0072 nan nan 14.728 nan nan 
389000.0 990.0 2855.673 nan nan 0.0073 nan nan 14.746 nan nan 
390000.0 992.0 2887.223 nan nan 0.0074 nan nan 14.801 nan nan 
391000.0 995.0 2900.979 nan nan 0.0074 nan nan 14.583 nan nan 
392000.0 998.0 2954.232 nan nan 0.0075 nan nan 14.547 nan nan 
393000.0 1000.0 2998.217 nan nan 0.0076 nan nan 14.609 nan nan 
394000.0 1003.0 3045.974 nan nan 0.0077 nan nan 14.752 nan nan 
395000.0 1005.0 3078.952 nan nan 0.0078 nan nan 14.91 nan nan 
396000.0 1006.0 3085.852 nan nan 0.0078 nan nan 14.854 nan nan 
397000.0 1008.0 3102.205 nan nan 0.0078 nan nan 14.453 nan nan 
398000.0 1009.0 3121.443 nan nan 0.0078 nan nan 14.44 nan nan 
399000.0 1011.0 3127.046 nan nan 0.0078 nan nan 14.33 nan nan 
400000.0 1012.0 3144.399 nan nan 0.0079 nan nan 14.161 nan nan 
401000.0 1014.0 3164.568 nan nan 0.0079 nan nan 14.033 nan nan 
402000.0 1018.0 3227.307 nan nan 0.008 nan nan 14.11 nan nan 
403000.0 1019.0 3249.523 nan nan 0.0081 nan nan 14.166 nan nan 
404000.0 1023.0 3314.409 nan nan 0.0082 nan nan 14.402 nan nan 
405000.0 1024.0 3334.456 nan nan 0.0082 nan nan 14.459 nan nan 
406000.0 1025.0 3354.714 nan nan 0.0083 nan nan 14.582 nan nan 
407000.0 1026.0 3365.023 nan nan 0.0083 nan nan 14.612 nan nan 
408000.0 1028.0 3394.859 nan nan 0.0083 nan nan 14.582 nan nan 
409000.0 1030.0 3420.843 nan nan 0.0084 nan nan 14.574 nan nan 
410000.0 1032.0 3449.844 nan nan 0.0084 nan nan 14.515 nan nan 
411000.0 1035.0 3472.126 nan nan 0.0084 nan nan 14.327 nan nan 
412000.0 1037.0 3518.677 nan nan 0.0085 nan nan 14.426 nan nan 
413000.0 1040.0 3561.783 nan nan 0.0086 nan nan 14.513 nan nan 
414000.0 1043.0 3613.208 nan nan 0.0087 nan nan 14.583 nan nan 
415000.0 1044.0 3626.596 nan nan 0.0087 nan nan 14.623 nan nan 
416000.0 1045.0 3636.181 nan nan 0.0087 nan nan 14.556 nan nan 
417000.0 1047.0 3665.871 nan nan 0.0088 nan nan 14.476 nan nan 
418000.0 1050.0 3709.546 nan nan 0.0089 nan nan 14.54 nan nan 
419000.0 1053.0 3759.851 nan nan 0.009 nan nan 14.646 nan nan 
420000.0 1055.0 3797.683 nan nan 0.009 nan nan 14.727 nan nan 
421000.0 1057.0 3826.676 nan nan 0.0091 nan nan 14.826 nan nan 
422000.0 1059.0 3851.102 nan nan 0.0091 nan nan 14.777 nan nan 
423000.0 1061.0 3879.449 nan nan 0.0092 nan nan 14.79 nan nan 
424000.0 1063.0 3914.055 nan nan 0.0092 nan nan 14.751 nan nan 
425000.0 1064.0 3930.728 nan nan 0.0092 nan nan 14.773 nan nan 
426000.0 1065.0 3944.934 nan nan 0.0093 nan nan 14.77 nan nan 
427000.0 1069.0 3989.315 nan nan 0.0093 nan nan 14.79 nan nan 
428000.0 1072.0 4047.498 nan nan 0.0095 nan nan 14.953 nan nan 
429000.0 1076.0 4113.261 nan nan 0.0096 nan nan 15.162 nan nan 
430000.0 1078.0 4161.573 nan nan 0.0097 nan nan 15.175 nan nan 
431000.0 1080.0 4179.391 nan nan 0.0097 nan nan 15.278 nan nan 
432000.0 1082.0 4220.309 nan nan 0.0098 nan nan 15.263 nan nan 
433000.0 1086.0 4280.994 nan nan 0.0099 nan nan 15.452 nan nan 
434000.0 1089.0 4336.598 nan nan 0.01 nan nan 15.65 nan nan 
435000.0 1093.0 4410.121 nan nan 0.0101 nan nan 15.767 nan nan 
436000.0 1096.0 4469.776 nan nan 0.0103 nan nan 15.842 nan nan 
437000.0 1097.0 4487.216 nan nan 0.0103 nan nan 15.791 nan nan 
438000.0 1098.0 4501.937 nan nan 0.0103 nan nan 15.827 nan nan 
439000.0 1099.0 4517.826 nan nan 0.0103 nan nan 15.786 nan nan 
440000.0 1101.0 4545.595 nan nan 0.0103 nan nan 15.759 nan nan 
441000.0 1103.0 4576.777 nan nan 0.0104 nan nan 15.765 nan nan 
442000.0 1104.0 4595.226 nan nan 0.0104 nan nan 15.724 nan nan 
443000.0 1107.0 4638.187 nan nan 0.0105 nan nan 15.719 nan nan 
444000.0 1109.0 4670.004 nan nan 0.0105 nan nan 15.755 nan nan 
445000.0 1113.0 4731.181 nan nan 0.0106 nan nan 15.72 nan nan 
446000.0 1116.0 4763.807 nan nan 0.0107 nan nan 15.476 nan nan 
447000.0 1117.0 4784.806 nan nan 0.0107 nan nan 15.497 nan nan 
448000.0 1119.0 4819.064 nan nan 0.0108 nan nan 15.519 nan nan 
449000.0 1121.0 4847.807 nan nan 0.0108 nan nan 15.53 nan nan 
450000.0 1124.0 4896.944 nan nan 0.0109 nan nan 15.5 nan nan 
451000.0 1127.0 4912.184 nan nan 0.0109 nan nan 15.22 nan nan 
452000.0 1130.0 4974.668 nan nan 0.011 nan nan 15.345 nan nan 
453000.0 1133.0 5021.762 nan nan 0.0111 nan nan 15.372 nan nan 
454000.0 1134.0 5041.168 nan nan 0.0111 nan nan 15.375 nan nan 
455000.0 1135.0 5059.923 nan nan 0.0111 nan nan 15.469 nan nan 
456000.0 1137.0 5088.299 nan nan 0.0112 nan nan 15.445 nan nan 
457000.0 1138.0 5107.646 nan nan 0.0112 nan nan 15.451 nan nan 
458000.0 1142.0 5173.935 nan nan 0.0113 nan nan 15.523 nan nan 
459000.0 1145.0 5225.788 nan nan 0.0114 nan nan 15.636 nan nan 
460000.0 1146.0 5246.402 nan nan 0.0114 nan nan 15.683 nan nan 
461000.0 1149.0 5296.784 nan nan 0.0115 nan nan 15.745 nan nan 
462000.0 1150.0 5310.987 nan nan 0.0115 nan nan 15.814 nan nan 
463000.0 1151.0 5326.538 nan nan 0.0115 nan nan 15.782 nan nan 
464000.0 1152.0 5338.911 nan nan 0.0115 nan nan 15.757 nan nan 
465000.0 1155.0 5379.285 nan nan 0.0116 nan nan 15.581 nan nan 
466000.0 1157.0 5397.343 nan nan 0.0116 nan nan 15.593 nan nan 
467000.0 1160.0 5456.112 nan nan 0.0117 nan nan 15.83 nan nan 
468000.0 1161.0 5490.349 nan nan 0.0117 nan nan 15.802 nan nan 
469000.0 1163.0 5510.955 nan nan 0.0118 nan nan 15.856 nan nan 
470000.0 1165.0 5548.242 nan nan 0.0118 nan nan 15.848 nan nan 
471000.0 1167.0 5588.19 nan nan 0.0119 nan nan 15.962 nan nan 
472000.0 1170.0 5634.585 nan nan 0.0119 nan nan 16.054 nan nan 
473000.0 1171.0 5650.744 nan nan 0.0119 nan nan 16.061 nan nan 
474000.0 1172.0 5675.691 nan nan 0.012 nan nan 16.071 nan nan 
475000.0 1174.0 5715.243 nan nan 0.012 nan nan 16.197 nan nan 
476000.0 1175.0 5730.56 nan nan 0.012 nan nan 16.181 nan nan 
477000.0 1176.0 5748.999 nan nan 0.0121 nan nan 16.296 nan nan 
478000.0 1177.0 5762.977 nan nan 0.0121 nan nan 16.237 nan nan 
479000.0 1180.0 5813.542 nan nan 0.0121 nan nan 16.441 nan nan 
480000.0 1182.0 5841.361 nan nan 0.0122 nan nan 16.215 nan nan 
481000.0 1183.0 5865.782 nan nan 0.0122 nan nan 16.338 nan nan 
482000.0 1184.0 5881.343 nan nan 0.0122 nan nan 16.322 nan nan 
483000.0 1185.0 5899.503 nan nan 0.0122 nan nan 16.381 nan nan 
484000.0 1188.0 5929.793 nan nan 0.0123 nan nan 16.325 nan nan 
485000.0 1190.0 5978.466 nan nan 0.0123 nan nan 16.277 nan nan 
486000.0 1191.0 5994.363 nan nan 0.0123 nan nan 16.271 nan nan 
487000.0 1194.0 6028.419 nan nan 0.0124 nan nan 16.3 nan nan 
488000.0 1196.0 6063.051 nan nan 0.0124 nan nan 16.092 nan nan 
489000.0 1199.0 6110.75 nan nan 0.0125 nan nan 16.094 nan nan 
490000.0 1200.0 6132.195 nan nan 0.0125 nan nan 16.176 nan nan 
491000.0 1202.0 6165.244 nan nan 0.0126 nan nan 16.166 nan nan 
492000.0 1204.0 6192.555 nan nan 0.0126 nan nan 16.158 nan nan 
493000.0 1205.0 6211.719 nan nan 0.0126 nan nan 16.178 nan nan 
494000.0 1208.0 6253.391 nan nan 0.0127 nan nan 16.125 nan nan 
495000.0 1210.0 6296.017 nan nan 0.0127 nan nan 16.247 nan nan 
496000.0 1213.0 6351.185 nan nan 0.0128 nan nan 16.335 nan nan 
497000.0 1215.0 6379.111 nan nan 0.0128 nan nan 16.315 nan nan 
498000.0 1216.0 6386.509 nan nan 0.0128 nan nan 16.081 nan nan 
499000.0 1218.0 6423.767 nan nan 0.0129 nan nan 16.128 nan nan 
500000.0 1220.0 6446.531 nan nan 0.0129 nan nan 16.173 nan nan 
