1000.0 10.0 -197.079 nan nan -0.1971 nan nan -3.579 nan nan 
2000.0 20.0 -317.113 nan nan -0.1586 nan nan -5.09 nan nan 
3000.0 29.0 -453.705 nan nan -0.1512 nan nan -6.733 nan nan 
4000.0 41.0 -653.347 nan nan -0.1633 nan nan -8.886 nan nan 
5000.0 51.0 -797.78 nan nan -0.1596 nan nan -9.861 nan nan 
6000.0 62.0 -916.848 nan nan -0.1528 nan nan -10.1 nan nan 
7000.0 73.0 -1026.337 nan nan -0.1466 nan nan -9.845 nan nan 
8000.0 84.0 -1087.685 nan nan -0.136 nan nan -9.255 nan nan 
9000.0 96.0 -1139.001 nan nan -0.1266 nan nan -8.101 nan nan 
10000.0 106.0 -1222.254 nan nan -0.1222 nan nan -8.083 nan nan 
11000.0 117.0 -1348.558 nan nan -0.1226 nan nan -8.923 nan nan 
12000.0 127.0 -1429.93 nan nan -0.1192 nan nan -8.722 nan nan 
13000.0 134.0 -1510.353 nan nan -0.1162 nan nan -9.161 nan nan 
14000.0 138.0 -1534.169 nan nan -0.1096 nan nan -8.768 nan nan 
15000.0 149.0 -1664.965 nan nan -0.111 nan nan -9.416 nan nan 
16000.0 160.0 -1765.798 nan nan -0.1104 nan nan -9.411 nan nan 
17000.0 169.0 -1854.738 nan nan -0.1091 nan nan -9.462 nan nan 
18000.0 180.0 -1928.824 nan nan -0.1072 nan nan -8.807 nan nan 
19000.0 191.0 -2004.878 nan nan -0.1055 nan nan -8.644 nan nan 
20000.0 201.0 -2098.971 nan nan -0.1049 nan nan -8.585 nan nan 
21000.0 211.0 -2140.369 nan nan -0.1019 nan nan -7.91 nan nan 
22000.0 222.0 -2232.67 nan nan -0.1015 nan nan -8.076 nan nan 
23000.0 233.0 -2271.481 nan nan -0.0988 nan nan -7.212 nan nan 
24000.0 243.0 -2307.672 nan nan -0.0962 nan nan -6.547 nan nan 
25000.0 253.0 -2348.28 nan nan -0.0939 nan nan -6.127 nan nan 
26000.0 263.0 -2436.057 nan nan -0.0937 nan nan -6.428 nan nan 
27000.0 274.0 -2492.115 nan nan -0.0923 nan nan -6.285 nan nan 
28000.0 283.0 -2533.423 nan nan -0.0905 nan nan -5.893 nan nan 
29000.0 292.0 -2622.576 nan nan -0.0904 nan nan -6.461 nan nan 
30000.0 303.0 -2658.333 nan nan -0.0886 nan nan -5.967 nan nan 
31000.0 312.0 -2713.092 nan nan -0.0875 nan nan -5.959 nan nan 
32000.0 321.0 -2769.419 nan nan -0.0865 nan nan -5.987 nan nan 
33000.0 330.0 -2799.494 nan nan -0.0848 nan nan -5.594 nan nan 
34000.0 341.0 -2869.509 nan nan -0.0844 nan nan -5.678 nan nan 
35000.0 350.0 -2918.077 nan nan -0.0834 nan nan -5.599 nan nan 
36000.0 360.0 -3007.02 nan nan -0.0835 nan nan -6.306 nan nan 
37000.0 370.0 -3092.668 nan nan -0.0836 nan nan -6.832 nan nan 
38000.0 379.0 -3172.229 nan nan -0.0835 nan nan -7.163 nan nan 
39000.0 390.0 -3206.687 nan nan -0.0822 nan nan -6.336 nan nan 
40000.0 399.0 -3244.526 nan nan -0.0811 nan nan -6.001 nan nan 
41000.0 408.0 -3280.592 nan nan -0.08 nan nan -5.59 nan nan 
42000.0 417.0 -3363.743 nan nan -0.0801 nan nan -6.221 nan nan 
43000.0 426.0 -3441.737 nan nan -0.08 nan nan -6.664 nan nan 
44000.0 435.0 -3467.825 nan nan -0.0788 nan nan -6.024 nan nan 
45000.0 444.0 -3494.971 nan nan -0.0777 nan nan -5.493 nan nan 
46000.0 452.0 -3583.236 nan nan -0.0779 nan nan -6.297 nan nan 
47000.0 462.0 -3650.957 nan nan -0.0777 nan nan -6.495 nan nan 
48000.0 470.0 -3713.507 nan nan -0.0774 nan nan -6.697 nan nan 
49000.0 476.0 -3796.245 nan nan -0.0775 nan nan -7.442 nan nan 
50000.0 486.0 -3846.401 nan nan -0.0769 nan nan -7.076 nan nan 
51000.0 494.0 -3919.308 nan nan -0.0768 nan nan -7.306 nan nan 
52000.0 503.0 -4039.075 nan nan -0.0777 nan nan -8.433 nan nan 
53000.0 510.0 -4166.127 nan nan -0.0786 nan nan -9.108 nan nan 
54000.0 515.0 -4217.446 nan nan -0.0781 nan nan -9.825 nan nan 
55000.0 519.0 -4284.356 nan nan -0.0779 nan nan -9.863 nan nan 
56000.0 528.0 -4331.839 nan nan -0.0774 nan nan -9.511 nan nan 
57000.0 537.0 -4369.787 nan nan -0.0767 nan nan -8.587 nan nan 
58000.0 546.0 -4398.854 nan nan -0.0758 nan nan -7.645 nan nan 
59000.0 554.0 -4454.262 nan nan -0.0755 nan nan -7.529 nan nan 
60000.0 563.0 -4561.083 nan nan -0.076 nan nan -8.046 nan nan 
61000.0 567.0 -4566.162 nan nan -0.0749 nan nan -8.034 nan nan 
62000.0 573.0 -4572.016 nan nan -0.0737 nan nan -7.046 nan nan 
63000.0 582.0 -4618.505 nan nan -0.0733 nan nan -6.656 nan nan 
64000.0 591.0 -4657.457 nan nan -0.0728 nan nan -6.276 nan nan 
65000.0 600.0 -4709.244 nan nan -0.0724 nan nan -6.241 nan nan 
66000.0 609.0 -4716.453 nan nan -0.0715 nan nan -5.299 nan nan 
67000.0 618.0 -4787.692 nan nan -0.0715 nan nan -5.76 nan nan 
68000.0 627.0 -4849.88 nan nan -0.0713 nan nan -5.658 nan nan 
69000.0 635.0 -4930.637 nan nan -0.0715 nan nan -6.514 nan nan 
70000.0 642.0 -4994.897 nan nan -0.0714 nan nan -6.877 nan nan 
71000.0 650.0 -5025.538 nan nan -0.0708 nan nan -6.467 nan nan 
72000.0 659.0 -5028.998 nan nan -0.0698 nan nan -5.438 nan nan 
73000.0 667.0 -5079.741 nan nan -0.0696 nan nan -5.382 nan nan 
74000.0 676.0 -5106.729 nan nan -0.069 nan nan -5.044 nan nan 
75000.0 684.0 -5120.076 nan nan -0.0683 nan nan -4.611 nan nan 
76000.0 692.0 -5176.612 nan nan -0.0681 nan nan -4.924 nan nan 
77000.0 702.0 -5176.128 nan nan -0.0672 nan nan -4.024 nan nan 
78000.0 710.0 -5190.466 nan nan -0.0665 nan nan -3.662 nan nan 
79000.0 718.0 -5227.208 nan nan -0.0662 nan nan -3.71 nan nan 
80000.0 727.0 -5266.788 nan nan -0.0658 nan nan -3.839 nan nan 
81000.0 735.0 -5272.39 nan nan -0.0651 nan nan -3.419 nan nan 
82000.0 744.0 -5310.21 nan nan -0.0648 nan nan -3.488 nan nan 
83000.0 752.0 -5360.154 nan nan -0.0646 nan nan -3.804 nan nan 
84000.0 761.0 -5377.657 nan nan -0.064 nan nan -3.721 nan nan 
85000.0 769.0 -5394.321 nan nan -0.0635 nan nan -3.302 nan nan 
86000.0 776.0 -5433.197 nan nan -0.0632 nan nan -3.355 nan nan 
87000.0 784.0 -5432.104 nan nan -0.0624 nan nan -3.162 nan nan 
88000.0 791.0 -5469.232 nan nan -0.0622 nan nan -3.407 nan nan 
89000.0 798.0 -5479.807 nan nan -0.0616 nan nan -3.213 nan nan 
90000.0 806.0 -5518.923 nan nan -0.0613 nan nan -3.187 nan nan 
91000.0 814.0 -5562.603 nan nan -0.0611 nan nan -3.752 nan nan 
92000.0 820.0 -5596.781 nan nan -0.0608 nan nan -3.907 nan nan 
93000.0 826.0 -5622.257 nan nan -0.0605 nan nan -3.877 nan nan 
94000.0 832.0 -5626.838 nan nan -0.0599 nan nan -3.697 nan nan 
95000.0 835.0 -5636.441 nan nan -0.0593 nan nan -3.653 nan nan 
96000.0 841.0 -5689.12 nan nan -0.0593 nan nan -4.114 nan nan 
97000.0 846.0 -5722.379 nan nan -0.059 nan nan -4.417 nan nan 
98000.0 852.0 -5774.683 nan nan -0.0589 nan nan -4.848 nan nan 
99000.0 860.0 -5819.006 nan nan -0.0588 nan nan -4.974 nan nan 
100000.0 865.0 -5922.383 nan nan -0.0592 nan nan -6.209 nan nan 
101000.0 871.0 -5965.454 nan nan -0.0591 nan nan -6.592 nan nan 
102000.0 876.0 -6008.759 nan nan -0.0589 nan nan -6.717 nan nan 
103000.0 882.0 -6040.489 nan nan -0.0586 nan nan -6.55 nan nan 
104000.0 888.0 -6064.459 nan nan -0.0583 nan nan -6.34 nan nan 
105000.0 895.0 -6080.416 nan nan -0.0579 nan nan -5.814 nan nan 
106000.0 902.0 -6057.858 nan nan -0.0571 nan nan -4.665 nan nan 
107000.0 909.0 -6056.831 nan nan -0.0566 nan nan -4.027 nan nan 
108000.0 916.0 -6059.796 nan nan -0.0561 nan nan -3.552 nan nan 
109000.0 922.0 -6069.213 nan nan -0.0557 nan nan -3.334 nan nan 
110000.0 929.0 -6081.269 nan nan -0.0553 nan nan -3.132 nan nan 
111000.0 937.0 -6103.05 nan nan -0.055 nan nan -3.045 nan nan 
112000.0 946.0 -6091.838 nan nan -0.0544 nan nan -2.328 nan nan 
113000.0 950.0 -6094.95 nan nan -0.0539 nan nan -2.182 nan nan 
114000.0 958.0 -6130.162 nan nan -0.0538 nan nan -2.534 nan nan 
115000.0 966.0 -6115.187 nan nan -0.0532 nan nan -1.913 nan nan 
116000.0 972.0 -6144.614 nan nan -0.053 nan nan -2.221 nan nan 
117000.0 979.0 -6188.511 nan nan -0.0529 nan nan -2.71 nan nan 
118000.0 985.0 -6211.964 nan nan -0.0526 nan nan -2.67 nan nan 
119000.0 991.0 -6221.026 nan nan -0.0523 nan nan -2.768 nan nan 
120000.0 994.0 -6232.036 nan nan -0.0519 nan nan -2.763 nan nan 
121000.0 1001.0 -6216.649 nan nan -0.0514 nan nan -2.198 nan nan 
122000.0 1007.0 -6215.963 nan nan -0.051 nan nan -2.005 nan nan 
123000.0 1014.0 -6219.147 nan nan -0.0506 nan nan -1.833 nan nan 
124000.0 1022.0 -6258.935 nan nan -0.0505 nan nan -2.21 nan nan 
125000.0 1028.0 -6250.903 nan nan -0.05 nan nan -1.622 nan nan 
126000.0 1035.0 -6259.792 nan nan -0.0497 nan nan -1.826 nan nan 
127000.0 1041.0 -6260.588 nan nan -0.0493 nan nan -1.61 nan nan 
128000.0 1047.0 -6261.963 nan nan -0.0489 nan nan -1.282 nan nan 
129000.0 1052.0 -6312.326 nan nan -0.0489 nan nan -2.26 nan nan 
130000.0 1057.0 -6330.231 nan nan -0.0487 nan nan -2.528 nan nan 
131000.0 1063.0 -6420.326 nan nan -0.049 nan nan -3.706 nan nan 
132000.0 1069.0 -6430.217 nan nan -0.0487 nan nan -3.482 nan nan 
133000.0 1074.0 -6471.952 nan nan -0.0487 nan nan -3.947 nan nan 
134000.0 1079.0 -6474.167 nan nan -0.0483 nan nan -3.5 nan nan 
135000.0 1086.0 -6472.691 nan nan -0.0479 nan nan -2.91 nan nan 
136000.0 1092.0 -6493.539 nan nan -0.0477 nan nan -3.121 nan nan 
137000.0 1096.0 -6499.897 nan nan -0.0474 nan nan -3.124 nan nan 
138000.0 1100.0 -6511.548 nan nan -0.0472 nan nan -3.028 nan nan 
139000.0 1106.0 -6557.891 nan nan -0.0472 nan nan -3.593 nan nan 
140000.0 1111.0 -6598.404 nan nan -0.0471 nan nan -4.093 nan nan 
141000.0 1117.0 -6618.566 nan nan -0.0469 nan nan -3.892 nan nan 
142000.0 1122.0 -6610.402 nan nan -0.0466 nan nan -3.355 nan nan 
143000.0 1128.0 -6611.796 nan nan -0.0462 nan nan -3.093 nan nan 
144000.0 1134.0 -6654.311 nan nan -0.0462 nan nan -3.476 nan nan 
145000.0 1140.0 -6680.983 nan nan -0.0461 nan nan -3.609 nan nan 
146000.0 1144.0 -6675.118 nan nan -0.0457 nan nan -3.238 nan nan 
147000.0 1150.0 -6702.47 nan nan -0.0456 nan nan -3.363 nan nan 
148000.0 1155.0 -6688.024 nan nan -0.0452 nan nan -2.766 nan nan 
149000.0 1161.0 -6684.251 nan nan -0.0449 nan nan -2.294 nan nan 
150000.0 1169.0 -6693.492 nan nan -0.0446 nan nan -2.196 nan nan 
151000.0 1175.0 -6716.653 nan nan -0.0445 nan nan -2.473 nan nan 
152000.0 1182.0 -6706.938 nan nan -0.0441 nan nan -1.865 nan nan 
153000.0 1183.0 -6704.638 nan nan -0.0438 nan nan -1.751 nan nan 
154000.0 1189.0 -6710.939 nan nan -0.0436 nan nan -1.735 nan nan 
155000.0 1196.0 -6675.039 nan nan -0.0431 nan nan -0.806 nan nan 
156000.0 1203.0 -6670.625 nan nan -0.0428 nan nan -0.55 nan nan 
157000.0 1211.0 -6667.974 nan nan -0.0425 nan nan -0.464 nan nan 
158000.0 1219.0 -6668.511 nan nan -0.0422 nan nan -0.381 nan nan 
159000.0 1225.0 -6672.32 nan nan -0.042 nan nan -0.432 nan nan 
160000.0 1228.0 -6667.727 nan nan -0.0417 nan nan -0.383 nan nan 
161000.0 1233.0 -6713.822 nan nan -0.0417 nan nan -1.093 nan nan 
162000.0 1238.0 -6691.738 nan nan -0.0413 nan nan -0.665 nan nan 
163000.0 1244.0 -6686.131 nan nan -0.041 nan nan -0.445 nan nan 
164000.0 1249.0 -6669.216 nan nan -0.0407 nan nan -0.147 nan nan 
165000.0 1254.0 -6674.131 nan nan -0.0404 nan nan -0.163 nan nan 
166000.0 1260.0 -6685.082 nan nan -0.0403 nan nan -0.361 nan nan 
167000.0 1265.0 -6674.245 nan nan -0.04 nan nan -0.045 nan nan 
168000.0 1271.0 -6664.934 nan nan -0.0397 nan nan 0.101 nan nan 
169000.0 1276.0 -6678.519 nan nan -0.0395 nan nan -0.093 nan nan 
170000.0 1282.0 -6663.841 nan nan -0.0392 nan nan 0.132 nan nan 
171000.0 1289.0 -6666.746 nan nan -0.039 nan nan 0.07 nan nan 
172000.0 1294.0 -6678.161 nan nan -0.0388 nan nan -0.166 nan nan 
173000.0 1300.0 -6667.243 nan nan -0.0385 nan nan 0.159 nan nan 
174000.0 1301.0 -6664.212 nan nan -0.0383 nan nan 0.214 nan nan 
175000.0 1305.0 -6690.983 nan nan -0.0382 nan nan -0.478 nan nan 
176000.0 1310.0 -6721.288 nan nan -0.0382 nan nan -1.134 nan nan 
177000.0 1312.0 -6739.706 nan nan -0.0381 nan nan -1.243 nan nan 
178000.0 1317.0 -6786.03 nan nan -0.0381 nan nan -2.052 nan nan 
179000.0 1318.0 -6781.105 nan nan -0.0379 nan nan -1.915 nan nan 
180000.0 1324.0 -6783.041 nan nan -0.0377 nan nan -1.607 nan nan 
181000.0 1330.0 -6757.692 nan nan -0.0373 nan nan -0.99 nan nan 
182000.0 1336.0 -6739.037 nan nan -0.037 nan nan -0.582 nan nan 
183000.0 1341.0 -6732.146 nan nan -0.0368 nan nan -0.45 nan nan 
184000.0 1347.0 -6747.662 nan nan -0.0367 nan nan -0.59 nan nan 
185000.0 1354.0 -6698.521 nan nan -0.0362 nan nan 0.276 nan nan 
186000.0 1357.0 -6696.249 nan nan -0.036 nan nan 0.234 nan nan 
187000.0 1362.0 -6686.897 nan nan -0.0358 nan nan 0.495 nan nan 
188000.0 1369.0 -6670.805 nan nan -0.0355 nan nan 0.802 nan nan 
189000.0 1377.0 -6619.783 nan nan -0.035 nan nan 1.683 nan nan 
190000.0 1384.0 -6579.52 nan nan -0.0346 nan nan 2.165 nan nan 
191000.0 1391.0 -6544.619 nan nan -0.0343 nan nan 2.501 nan nan 
192000.0 1394.0 -6522.565 nan nan -0.034 nan nan 2.706 nan nan 
193000.0 1399.0 -6491.88 nan nan -0.0336 nan nan 3.028 nan nan 
194000.0 1406.0 -6457.109 nan nan -0.0333 nan nan 3.381 nan nan 
195000.0 1411.0 -6440.169 nan nan -0.033 nan nan 3.323 nan nan 
196000.0 1417.0 -6439.891 nan nan -0.0329 nan nan 3.067 nan nan 
197000.0 1422.0 -6467.192 nan nan -0.0328 nan nan 2.125 nan nan 
198000.0 1426.0 -6488.037 nan nan -0.0328 nan nan 1.66 nan nan 
199000.0 1431.0 -6465.238 nan nan -0.0325 nan nan 1.898 nan nan 
200000.0 1437.0 -6471.628 nan nan -0.0324 nan nan 1.548 nan nan 
201000.0 1438.0 -6472.204 nan nan -0.0322 nan nan 1.573 nan nan 
202000.0 1443.0 -6468.08 nan nan -0.032 nan nan 1.48 nan nan 
203000.0 1449.0 -6452.583 nan nan -0.0318 nan nan 1.523 nan nan 
204000.0 1454.0 -6412.116 nan nan -0.0314 nan nan 2.056 nan nan 
205000.0 1460.0 -6383.073 nan nan -0.0311 nan nan 2.512 nan nan 
206000.0 1466.0 -6360.043 nan nan -0.0309 nan nan 2.58 nan nan 
207000.0 1467.0 -6354.382 nan nan -0.0307 nan nan 2.623 nan nan 
208000.0 1473.0 -6344.463 nan nan -0.0305 nan nan 2.636 nan nan 
209000.0 1475.0 -6324.898 nan nan -0.0303 nan nan 2.729 nan nan 
210000.0 1478.0 -6314.317 nan nan -0.0301 nan nan 2.773 nan nan 
211000.0 1481.0 -6319.627 nan nan -0.03 nan nan 2.62 nan nan 
212000.0 1486.0 -6304.165 nan nan -0.0297 nan nan 2.647 nan nan 
213000.0 1488.0 -6304.032 nan nan -0.0296 nan nan 2.639 nan nan 
214000.0 1494.0 -6284.498 nan nan -0.0294 nan nan 2.675 nan nan 
215000.0 1500.0 -6252.816 nan nan -0.0291 nan nan 2.911 nan nan 
216000.0 1508.0 -6203.985 nan nan -0.0287 nan nan 3.46 nan nan 
217000.0 1515.0 -6158.124 nan nan -0.0284 nan nan 3.807 nan nan 
218000.0 1522.0 -6113.721 nan nan -0.028 nan nan 4.239 nan nan 
219000.0 1529.0 -6076.142 nan nan -0.0277 nan nan 4.399 nan nan 
220000.0 1536.0 -6025.826 nan nan -0.0274 nan nan 4.702 nan nan 
221000.0 1542.0 -6042.345 nan nan -0.0273 nan nan 3.872 nan nan 
222000.0 1547.0 -6027.561 nan nan -0.0272 nan nan 3.722 nan nan 
223000.0 1554.0 -6000.533 nan nan -0.0269 nan nan 3.833 nan nan 
224000.0 1560.0 -5976.858 nan nan -0.0267 nan nan 3.719 nan nan 
225000.0 1568.0 -5944.265 nan nan -0.0264 nan nan 3.925 nan nan 
226000.0 1575.0 -5919.406 nan nan -0.0262 nan nan 3.787 nan nan 
227000.0 1581.0 -5910.947 nan nan -0.026 nan nan 3.531 nan nan 
228000.0 1585.0 -5875.228 nan nan -0.0258 nan nan 3.728 nan nan 
229000.0 1588.0 -5865.81 nan nan -0.0256 nan nan 3.881 nan nan 
230000.0 1591.0 -5840.54 nan nan -0.0254 nan nan 3.963 nan nan 
231000.0 1594.0 -5833.214 nan nan -0.0253 nan nan 3.939 nan nan 
232000.0 1597.0 -5830.875 nan nan -0.0251 nan nan 3.824 nan nan 
233000.0 1604.0 -5793.968 nan nan -0.0249 nan nan 4.144 nan nan 
234000.0 1610.0 -5770.84 nan nan -0.0247 nan nan 4.082 nan nan 
235000.0 1614.0 -5759.973 nan nan -0.0245 nan nan 3.998 nan nan 
236000.0 1619.0 -5752.715 nan nan -0.0244 nan nan 3.696 nan nan 
237000.0 1625.0 -5706.951 nan nan -0.0241 nan nan 4.159 nan nan 
238000.0 1630.0 -5674.869 nan nan -0.0238 nan nan 4.342 nan nan 
239000.0 1631.0 -5668.795 nan nan -0.0237 nan nan 4.392 nan nan 
240000.0 1633.0 -5665.17 nan nan -0.0236 nan nan 4.173 nan nan 
241000.0 1637.0 -5644.532 nan nan -0.0234 nan nan 4.378 nan nan 
242000.0 1643.0 -5596.072 nan nan -0.0231 nan nan 4.802 nan nan 
243000.0 1649.0 -5568.671 nan nan -0.0229 nan nan 4.742 nan nan 
244000.0 1651.0 -5556.742 nan nan -0.0228 nan nan 4.716 nan nan 
245000.0 1658.0 -5515.987 nan nan -0.0225 nan nan 4.961 nan nan 
246000.0 1664.0 -5472.245 nan nan -0.0222 nan nan 5.127 nan nan 
247000.0 1671.0 -5440.82 nan nan -0.022 nan nan 5.162 nan nan 
248000.0 1674.0 -5409.66 nan nan -0.0218 nan nan 5.402 nan nan 
249000.0 1679.0 -5382.125 nan nan -0.0216 nan nan 5.425 nan nan 
250000.0 1682.0 -5347.355 nan nan -0.0214 nan nan 5.66 nan nan 
251000.0 1687.0 -5317.242 nan nan -0.0212 nan nan 5.867 nan nan 
252000.0 1694.0 -5292.969 nan nan -0.021 nan nan 5.564 nan nan 
253000.0 1701.0 -5245.449 nan nan -0.0207 nan nan 5.743 nan nan 
254000.0 1702.0 -5243.36 nan nan -0.0206 nan nan 5.671 nan nan 
255000.0 1708.0 -5207.721 nan nan -0.0204 nan nan 5.694 nan nan 
256000.0 1714.0 -5185.153 nan nan -0.0203 nan nan 5.549 nan nan 
257000.0 1718.0 -5164.798 nan nan -0.0201 nan nan 5.328 nan nan 
258000.0 1724.0 -5134.991 nan nan -0.0199 nan nan 5.33 nan nan 
259000.0 1726.0 -5137.47 nan nan -0.0198 nan nan 5.017 nan nan 
260000.0 1730.0 -5147.965 nan nan -0.0198 nan nan 4.567 nan nan 
261000.0 1735.0 -5116.763 nan nan -0.0196 nan nan 4.692 nan nan 
262000.0 1740.0 -5090.608 nan nan -0.0194 nan nan 4.785 nan nan 
263000.0 1744.0 -5055.956 nan nan -0.0192 nan nan 4.947 nan nan 
264000.0 1749.0 -5040.382 nan nan -0.0191 nan nan 4.854 nan nan 
265000.0 1753.0 -5053.145 nan nan -0.0191 nan nan 4.29 nan nan 
266000.0 1755.0 -5038.469 nan nan -0.0189 nan nan 4.089 nan nan 
267000.0 1756.0 -5055.945 nan nan -0.0189 nan nan 3.987 nan nan 
268000.0 1758.0 -5068.69 nan nan -0.0189 nan nan 3.55 nan nan 
269000.0 1759.0 -5082.033 nan nan -0.0189 nan nan 3.168 nan nan 
270000.0 1760.0 -5084.343 nan nan -0.0188 nan nan 3.14 nan nan 
271000.0 1762.0 -5065.269 nan nan -0.0187 nan nan 3.053 nan nan 
272000.0 1763.0 -5063.385 nan nan -0.0186 nan nan 3.277 nan nan 
273000.0 1766.0 -5051.877 nan nan -0.0185 nan nan 3.343 nan nan 
274000.0 1767.0 -5045.824 nan nan -0.0184 nan nan 3.414 nan nan 
275000.0 1770.0 -5016.54 nan nan -0.0182 nan nan 3.669 nan nan 
276000.0 1772.0 -5022.628 nan nan -0.0182 nan nan 3.532 nan nan 
277000.0 1777.0 -4984.415 nan nan -0.018 nan nan 3.865 nan nan 
278000.0 1779.0 -4969.641 nan nan -0.0179 nan nan 3.988 nan nan 
279000.0 1782.0 -4934.996 nan nan -0.0177 nan nan 4.264 nan nan 
280000.0 1783.0 -4934.286 nan nan -0.0176 nan nan 4.346 nan nan 
281000.0 1786.0 -4916.685 nan nan -0.0175 nan nan 4.518 nan nan 
282000.0 1791.0 -4893.566 nan nan -0.0174 nan nan 4.596 nan nan 
283000.0 1796.0 -4848.068 nan nan -0.0171 nan nan 4.854 nan nan 
284000.0 1797.0 -4837.957 nan nan -0.017 nan nan 4.987 nan nan 
285000.0 1798.0 -4833.454 nan nan -0.017 nan nan 5.0 nan nan 
286000.0 1799.0 -4819.516 nan nan -0.0169 nan nan 4.96 nan nan 
287000.0 1804.0 -4790.779 nan nan -0.0167 nan nan 5.131 nan nan 
288000.0 1809.0 -4749.83 nan nan -0.0165 nan nan 5.628 nan nan 
289000.0 1811.0 -4743.829 nan nan -0.0164 nan nan 5.537 nan nan 
290000.0 1816.0 -4709.94 nan nan -0.0162 nan nan 5.629 nan nan 
291000.0 1821.0 -4665.606 nan nan -0.016 nan nan 5.828 nan nan 
292000.0 1824.0 -4652.762 nan nan -0.0159 nan nan 5.862 nan nan 
293000.0 1827.0 -4645.01 nan nan -0.0159 nan nan 5.691 nan nan 
294000.0 1828.0 -4626.901 nan nan -0.0157 nan nan 5.723 nan nan 
295000.0 1829.0 -4622.258 nan nan -0.0157 nan nan 5.772 nan nan 
296000.0 1830.0 -4614.021 nan nan -0.0156 nan nan 5.886 nan nan 
297000.0 1832.0 -4613.331 nan nan -0.0155 nan nan 5.638 nan nan 
298000.0 1836.0 -4595.549 nan nan -0.0154 nan nan 5.74 nan nan 
299000.0 1837.0 -4582.594 nan nan -0.0153 nan nan 5.595 nan nan 
300000.0 1842.0 -4551.345 nan nan -0.0152 nan nan 5.85 nan nan 
301000.0 1845.0 -4551.087 nan nan -0.0151 nan nan 5.471 nan nan 
302000.0 1849.0 -4517.992 nan nan -0.015 nan nan 5.599 nan nan 
303000.0 1854.0 -4512.705 nan nan -0.0149 nan nan 5.166 nan nan 
304000.0 1859.0 -4495.105 nan nan -0.0148 nan nan 5.028 nan nan 
305000.0 1861.0 -4464.523 nan nan -0.0146 nan nan 5.226 nan nan 
306000.0 1865.0 -4441.729 nan nan -0.0145 nan nan 5.438 nan nan 
307000.0 1866.0 -4428.416 nan nan -0.0144 nan nan 5.496 nan nan 
308000.0 1870.0 -4391.805 nan nan -0.0143 nan nan 5.882 nan nan 
309000.0 1873.0 -4377.421 nan nan -0.0142 nan nan 5.85 nan nan 
310000.0 1878.0 -4368.822 nan nan -0.0141 nan nan 5.513 nan nan 
311000.0 1880.0 -4349.537 nan nan -0.014 nan nan 5.325 nan nan 
312000.0 1883.0 -4346.538 nan nan -0.0139 nan nan 5.455 nan nan 
313000.0 1884.0 -4343.648 nan nan -0.0139 nan nan 5.352 nan nan 
314000.0 1888.0 -4325.284 nan nan -0.0138 nan nan 5.243 nan nan 
315000.0 1892.0 -4303.98 nan nan -0.0137 nan nan 5.343 nan nan 
316000.0 1896.0 -4306.328 nan nan -0.0136 nan nan 4.893 nan nan 
317000.0 1900.0 -4304.473 nan nan -0.0136 nan nan 4.487 nan nan 
318000.0 1903.0 -4285.629 nan nan -0.0135 nan nan 4.434 nan nan 
319000.0 1904.0 -4272.639 nan nan -0.0134 nan nan 4.561 nan nan 
320000.0 1906.0 -4254.532 nan nan -0.0133 nan nan 4.915 nan nan 
321000.0 1907.0 -4245.485 nan nan -0.0132 nan nan 4.95 nan nan 
322000.0 1912.0 -4229.069 nan nan -0.0131 nan nan 4.836 nan nan 
323000.0 1913.0 -4215.376 nan nan -0.0131 nan nan 5.084 nan nan 
324000.0 1914.0 -4199.74 nan nan -0.013 nan nan 5.009 nan nan 
325000.0 1917.0 -4192.221 nan nan -0.0129 nan nan 5.041 nan nan 
326000.0 1920.0 -4172.741 nan nan -0.0128 nan nan 5.134 nan nan 
327000.0 1922.0 -4154.159 nan nan -0.0127 nan nan 5.216 nan nan 
328000.0 1925.0 -4159.243 nan nan -0.0127 nan nan 4.902 nan nan 
329000.0 1928.0 -4122.685 nan nan -0.0125 nan nan 5.17 nan nan 
330000.0 1931.0 -4115.442 nan nan -0.0125 nan nan 5.237 nan nan 
331000.0 1935.0 -4103.204 nan nan -0.0124 nan nan 5.065 nan nan 
332000.0 1939.0 -4069.63 nan nan -0.0123 nan nan 5.218 nan nan 
333000.0 1942.0 -4053.399 nan nan -0.0122 nan nan 5.276 nan nan 
334000.0 1946.0 -4025.363 nan nan -0.0121 nan nan 5.312 nan nan 
335000.0 1950.0 -4004.631 nan nan -0.012 nan nan 5.322 nan nan 
336000.0 1953.0 -4002.971 nan nan -0.0119 nan nan 5.193 nan nan 
337000.0 1954.0 -3999.198 nan nan -0.0119 nan nan 4.976 nan nan 
338000.0 1956.0 -3993.158 nan nan -0.0118 nan nan 4.969 nan nan 
339000.0 1958.0 -3977.665 nan nan -0.0117 nan nan 5.056 nan nan 
340000.0 1959.0 -3976.599 nan nan -0.0117 nan nan 5.003 nan nan 
341000.0 1960.0 -3969.466 nan nan -0.0116 nan nan 4.989 nan nan 
342000.0 1962.0 -3987.716 nan nan -0.0117 nan nan 4.561 nan nan 
343000.0 1963.0 -3972.187 nan nan -0.0116 nan nan 4.61 nan nan 
344000.0 1964.0 -3955.267 nan nan -0.0115 nan nan 4.702 nan nan 
345000.0 1965.0 -3942.607 nan nan -0.0114 nan nan 4.962 nan nan 
346000.0 1966.0 -3926.758 nan nan -0.0113 nan nan 5.105 nan nan 
347000.0 1968.0 -3899.158 nan nan -0.0112 nan nan 5.461 nan nan 
348000.0 1972.0 -3863.039 nan nan -0.0111 nan nan 5.97 nan nan 
349000.0 1973.0 -3857.749 nan nan -0.0111 nan nan 5.961 nan nan 
350000.0 1977.0 -3829.556 nan nan -0.0109 nan nan 5.909 nan nan 
351000.0 1979.0 -3809.753 nan nan -0.0109 nan nan 6.263 nan nan 
352000.0 1982.0 -3798.315 nan nan -0.0108 nan nan 6.106 nan nan 
353000.0 1983.0 -3787.839 nan nan -0.0107 nan nan 6.228 nan nan 
354000.0 1984.0 -3762.325 nan nan -0.0106 nan nan 6.115 nan nan 
355000.0 1985.0 -3748.922 nan nan -0.0106 nan nan 6.477 nan nan 
356000.0 1988.0 -3732.243 nan nan -0.0105 nan nan 6.592 nan nan 
357000.0 1992.0 -3707.737 nan nan -0.0104 nan nan 6.518 nan nan 
358000.0 1996.0 -3700.222 nan nan -0.0103 nan nan 6.075 nan nan 
359000.0 2000.0 -3686.415 nan nan -0.0103 nan nan 6.059 nan nan 
360000.0 2004.0 -3654.99 nan nan -0.0102 nan nan 6.059 nan nan 
361000.0 2007.0 -3639.703 nan nan -0.0101 nan nan 6.006 nan nan 
362000.0 2008.0 -3639.496 nan nan -0.0101 nan nan 6.001 nan nan 
363000.0 2009.0 -3618.499 nan nan -0.01 nan nan 6.194 nan nan 
364000.0 2012.0 -3598.961 nan nan -0.0099 nan nan 6.248 nan nan 
365000.0 2013.0 -3596.828 nan nan -0.0099 nan nan 6.296 nan nan 
366000.0 2014.0 -3589.793 nan nan -0.0098 nan nan 6.167 nan nan 
367000.0 2016.0 -3601.462 nan nan -0.0098 nan nan 5.804 nan nan 
368000.0 2017.0 -3583.417 nan nan -0.0097 nan nan 6.023 nan nan 
369000.0 2018.0 -3570.662 nan nan -0.0097 nan nan 6.202 nan nan 
370000.0 2020.0 -3552.827 nan nan -0.0096 nan nan 6.028 nan nan 
371000.0 2021.0 -3541.308 nan nan -0.0095 nan nan 6.165 nan nan 
372000.0 2023.0 -3537.722 nan nan -0.0095 nan nan 6.141 nan nan 
373000.0 2026.0 -3523.984 nan nan -0.0094 nan nan 6.112 nan nan 
374000.0 2027.0 -3509.401 nan nan -0.0094 nan nan 5.925 nan nan 
375000.0 2031.0 -3496.094 nan nan -0.0093 nan nan 6.087 nan nan 
376000.0 2032.0 -3472.017 nan nan -0.0092 nan nan 6.139 nan nan 
377000.0 2035.0 -3462.152 nan nan -0.0092 nan nan 6.228 nan nan 
378000.0 2037.0 -3452.301 nan nan -0.0091 nan nan 6.029 nan nan 
379000.0 2039.0 -3444.859 nan nan -0.0091 nan nan 6.147 nan nan 
380000.0 2042.0 -3435.951 nan nan -0.009 nan nan 5.9 nan nan 
381000.0 2043.0 -3426.989 nan nan -0.009 nan nan 5.998 nan nan 
382000.0 2046.0 -3439.647 nan nan -0.009 nan nan 5.428 nan nan 
383000.0 2048.0 -3441.714 nan nan -0.009 nan nan 5.079 nan nan 
384000.0 2049.0 -3427.182 nan nan -0.0089 nan nan 5.023 nan nan 
385000.0 2050.0 -3414.856 nan nan -0.0089 nan nan 5.212 nan nan 
386000.0 2055.0 -3393.194 nan nan -0.0088 nan nan 5.336 nan nan 
387000.0 2057.0 -3403.442 nan nan -0.0088 nan nan 4.889 nan nan 
388000.0 2059.0 -3399.595 nan nan -0.0088 nan nan 4.791 nan nan 
389000.0 2062.0 -3374.734 nan nan -0.0087 nan nan 4.803 nan nan 
390000.0 2064.0 -3366.543 nan nan -0.0086 nan nan 4.982 nan nan 
391000.0 2067.0 -3354.935 nan nan -0.0086 nan nan 4.907 nan nan 
392000.0 2068.0 -3355.756 nan nan -0.0086 nan nan 4.837 nan nan 
393000.0 2069.0 -3349.893 nan nan -0.0085 nan nan 4.861 nan nan 
394000.0 2070.0 -3347.505 nan nan -0.0085 nan nan 4.756 nan nan 
395000.0 2071.0 -3360.017 nan nan -0.0085 nan nan 4.794 nan nan 
396000.0 2073.0 -3352.679 nan nan -0.0085 nan nan 4.279 nan nan 
397000.0 2075.0 -3348.965 nan nan -0.0084 nan nan 4.321 nan nan 
398000.0 2076.0 -3344.384 nan nan -0.0084 nan nan 4.355 nan nan 
399000.0 2077.0 -3342.461 nan nan -0.0084 nan nan 4.19 nan nan 
400000.0 2079.0 -3330.707 nan nan -0.0083 nan nan 4.343 nan nan 
401000.0 2081.0 -3320.507 nan nan -0.0083 nan nan 4.259 nan nan 
402000.0 2082.0 -3317.476 nan nan -0.0083 nan nan 4.258 nan nan 
403000.0 2083.0 -3310.091 nan nan -0.0082 nan nan 4.285 nan nan 
404000.0 2085.0 -3292.711 nan nan -0.0082 nan nan 4.202 nan nan 
405000.0 2088.0 -3281.555 nan nan -0.0081 nan nan 4.546 nan nan 
406000.0 2090.0 -3277.328 nan nan -0.0081 nan nan 4.278 nan nan 
407000.0 2092.0 -3277.664 nan nan -0.0081 nan nan 4.188 nan nan 
408000.0 2093.0 -3261.759 nan nan -0.008 nan nan 4.334 nan nan 
409000.0 2096.0 -3231.848 nan nan -0.0079 nan nan 4.674 nan nan 
410000.0 2097.0 -3207.84 nan nan -0.0078 nan nan 4.874 nan nan 
411000.0 2098.0 -3193.052 nan nan -0.0078 nan nan 5.087 nan nan 
412000.0 2100.0 -3190.343 nan nan -0.0077 nan nan 5.203 nan nan 
413000.0 2101.0 -3186.555 nan nan -0.0077 nan nan 5.235 nan nan 
414000.0 2104.0 -3153.543 nan nan -0.0076 nan nan 5.391 nan nan 
415000.0 2106.0 -3148.548 nan nan -0.0076 nan nan 5.469 nan nan 
416000.0 2107.0 -3147.469 nan nan -0.0076 nan nan 5.405 nan nan 
417000.0 2109.0 -3114.281 nan nan -0.0075 nan nan 5.52 nan nan 
418000.0 2110.0 -3106.856 nan nan -0.0074 nan nan 5.675 nan nan 
419000.0 2111.0 -3097.437 nan nan -0.0074 nan nan 5.689 nan nan 
420000.0 2112.0 -3082.072 nan nan -0.0073 nan nan 5.82 nan nan 
421000.0 2114.0 -3076.679 nan nan -0.0073 nan nan 5.948 nan nan 
422000.0 2115.0 -3061.146 nan nan -0.0073 nan nan 6.134 nan nan 
423000.0 2116.0 -3040.305 nan nan -0.0072 nan nan 6.206 nan nan 
424000.0 2120.0 -3009.572 nan nan -0.0071 nan nan 6.451 nan nan 
425000.0 2122.0 -2992.505 nan nan -0.007 nan nan 6.421 nan nan 
426000.0 2123.0 -2973.341 nan nan -0.007 nan nan 6.592 nan nan 
427000.0 2124.0 -2981.789 nan nan -0.007 nan nan 6.751 nan nan 
428000.0 2125.0 -2979.374 nan nan -0.007 nan nan 6.398 nan nan 
429000.0 2127.0 -2976.543 nan nan -0.0069 nan nan 6.253 nan nan 
430000.0 2128.0 -2970.765 nan nan -0.0069 nan nan 6.38 nan nan 
431000.0 2129.0 -2966.538 nan nan -0.0069 nan nan 6.299 nan nan 
432000.0 2130.0 -2953.967 nan nan -0.0068 nan nan 5.992 nan nan 
433000.0 2131.0 -2955.036 nan nan -0.0068 nan nan 6.308 nan nan 
434000.0 2133.0 -2947.613 nan nan -0.0068 nan nan 6.176 nan nan 
435000.0 2135.0 -2940.523 nan nan -0.0068 nan nan 6.084 nan nan 
436000.0 2138.0 -2932.917 nan nan -0.0067 nan nan 5.879 nan nan 
437000.0 2139.0 -2924.675 nan nan -0.0067 nan nan 5.901 nan nan 
438000.0 2140.0 -2907.322 nan nan -0.0066 nan nan 5.808 nan nan 
