10000 50 126.224 568.0 7.281 0.4263 16 10320.0 463.3204 0.0 0.0 
20000 95 183.75 1092.0 9.986 0.6355 31 18815.0 521.0126 0.0 0.0 
30000 141 205.871 1614.0 11.003 0.7343 47 26809.0 555.223 0.0 0.0 
40000 190 203.285 2149.0 11.084 1.8222 63 35270.0 492.5224 1.18e-05 0.0011825 
50000 239 204.154 2564.0 9.466 2.5109 79 40951.0 367.2343 9.3e-06 0.0009286 
60000 288 205.502 3062.0 9.502 2.7991 96 47852.0 403.0933 7.7e-06 0.0007692 
70000 330 222.026 3476.0 9.65 3.1286 110 54180.0 443.7394 7e-06 0.0006959 
80000 377 215.494 3970.0 10.088 3.0748 125 61463.0 467.9485 6.3e-06 0.0006318 
90000 426 208.787 4662.0 12.4 2.994 142 70694.0 521.816 6.1e-06 0.0006143 
100000 475 207.505 5394.0 14.39 2.9805 158 80245.0 603.1084 6.2e-06 0.0006151 
110000 520 216.829 6096.0 15.084 3.1246 173 89760.0 637.5425 6.2e-06 0.000617 
120000 569 210.437 6854.0 15.6 3.0294 189 100541.0 747.2507 6.1e-06 0.0006105 
130000 614 216.687 7547.0 15.785 3.117 204 113366.0 1008.3232 6e-06 0.0005971 
140000 658 222.334 8430.0 18.299 3.196 219 126372.0 902.1412 6e-06 0.0006031 
150000 701 228.752 9452.0 21.84 3.3015 233 143599.0 1206.3927 6.3e-06 0.0006305 
160000 741 236.837 10447.0 22.743 3.4055 247 158919.0 1167.1333 6.4e-06 0.0006354 
170000 777 258.156 11385.0 24.661 3.7116 259 171123.0 1070.9422 6.4e-06 0.0006362 
180000 815 258.298 12433.0 26.023 3.7152 271 188125.0 1213.8384 6.2e-06 0.0006181 
190000 858 244.553 13540.0 26.13 3.5162 286 203912.0 1168.5347 6.2e-06 0.0006179 
200000 903 231.518 14806.0 27.133 3.3374 301 221997.0 1234.4688 5.8e-06 0.000583 
210000 940 251.64 16074.0 30.784 3.6118 313 240970.0 1412.4849 5.8e-06 0.0005774 
220000 978 254.557 17231.0 30.546 3.6597 326 258142.0 1386.0908 5.7e-06 0.0005737 
230000 1017 253.973 18527.0 31.437 3.6493 339 279643.0 1567.6218 5.7e-06 0.0005689 
240000 1052 270.13 19772.0 34.078 3.8703 350 300828.0 1839.8254 5.9e-06 0.0005868 
250000 1093 261.551 21101.0 34.059 3.7541 364 320767.0 1590.5419 5.7e-06 0.0005723 
260000 1130 262.136 22376.0 34.01 3.766 376 337220.0 1442.5161 5.9e-06 0.0005914 
270000 1165 271.962 23760.0 36.077 3.9141 388 361375.0 1765.2594 5.9e-06 0.0005873 
280000 1206 260.528 25161.0 35.616 3.7534 402 384614.0 1698.2837 5.7e-06 0.0005692 
290000 1250 242.171 26576.0 33.924 3.488 416 406510.0 1456.7964 5.5e-06 0.0005453 
300000 1291 241.102 27898.0 32.599 3.4731 430 425119.0 1381.7387 5.5e-06 0.0005497 
310000 1328 252.705 29212.0 34.208 3.635 442 446632.0 1493.9038 5.5e-06 0.0005457 
320000 1362 273.949 30467.0 35.348 3.9542 454 467658.0 1809.0173 5.5e-06 0.0005468 
330000 1396 278.588 31734.0 35.265 4.0221 465 486714.0 1703.3803 5.5e-06 0.0005524 
340000 1429 288.608 32956.0 36.179 4.1614 476 507231.0 1702.035 5.5e-06 0.0005517 
350000 1465 281.767 34335.0 37.019 4.0563 488 529495.0 1874.6919 5.4e-06 0.0005435 
360000 1500 287.984 35657.0 38.113 4.144 500 549090.0 1812.7937 5.4e-06 0.0005405 
370000 1534 288.562 36999.0 38.159 4.1502 511 569466.0 1760.7514 5.4e-06 0.0005386 
380000 1565 305.408 38335.0 40.847 4.3994 521 597815.0 2202.5387 5.3e-06 0.0005308 
390000 1597 305.425 39686.0 40.336 4.4063 532 621953.0 2233.507 5.4e-06 0.0005424 
400000 1629 305.647 41036.0 40.717 4.4004 543 641991.0 1989.0826 5.4e-06 0.0005369 
410000 1665 294.335 42438.0 40.353 4.2361 555 664045.0 2023.9973 5.5e-06 0.0005508 
420000 1701 281.977 43807.0 38.592 4.0653 567 688659.0 1952.331 5.2e-06 0.0005198 
430000 1734 293.053 45132.0 39.686 4.2251 578 709196.0 1860.7957 5.3e-06 0.0005342 
440000 1762 322.887 46467.0 43.366 4.6424 587 728448.0 1931.1301 5.4e-06 0.0005407 
450000 1796 309.781 47774.0 41.389 4.4709 598 746994.0 1754.0311 5.5e-06 0.0005532 
460000 1825 319.899 49114.0 42.794 4.5997 608 768375.0 2005.1959 5.5e-06 0.0005527 
470000 1855 329.078 50409.0 43.256 4.7396 618 791605.0 2335.3525 5.4e-06 0.0005362 
480000 1889 304.514 51781.0 41.156 4.3849 629 810521.0 1876.3419 5.4e-06 0.0005396 
490000 1920 314.984 53116.0 42.206 4.5325 640 832020.0 1983.0621 5.2e-06 0.0005153 
500000 1950 321.784 54411.0 42.437 4.6288 650 853950.0 2071.5284 5.4e-06 0.0005354 
510000 1979 327.938 55696.0 42.703 4.7152 659 871641.0 1920.6146 5.5e-06 0.000548 
520000 2011 317.485 57051.0 42.235 4.5647 670 892399.0 1953.7077 5.3e-06 0.0005346 
530000 2046 302.437 58501.0 41.892 4.3575 682 914024.0 1872.768 5.4e-06 0.0005396 
540000 2076 314.651 59870.0 43.084 4.5343 692 940554.0 2497.9978 5.3e-06 0.0005266 
550000 2111 303.296 61289.0 42.15 4.3643 703 965549.0 2196.9143 5.3e-06 0.0005333 
560000 2148 282.702 62679.0 38.974 4.07 716 988382.0 1867.0582 5.1e-06 0.0005144 
570000 2180 299.949 64052.0 41.661 4.3306 726 1011400.0 1959.1974 5.1e-06 0.0005081 
580000 2214 295.439 65501.0 41.022 4.2575 738 1033316.0 1970.8001 5.1e-06 0.0005079 
590000 2250 287.688 66917.0 40.35 4.1503 750 1053070.0 1756.6118 5.1e-06 0.0005129 
600000 2285 287.17 68320.0 40.881 4.1366 761 1076785.0 1809.9127 5.2e-06 0.0005225 
610000 2320 287.864 69727.0 40.387 4.1432 773 1098770.0 1868.4038 5.3e-06 0.0005319 
620000 2355 288.899 71091.0 39.667 4.151 785 1119525.0 1896.7169 5.2e-06 0.0005183 
630000 2386 309.048 72455.0 42.404 4.4509 795 1138724.0 1940.4867 5.3e-06 0.0005259 
640000 2418 307.2 73799.0 41.483 4.4237 806 1160732.0 2003.3491 5.3e-06 0.000526 
650000 2452 299.823 75198.0 40.995 4.319 817 1182018.0 1926.9824 5.3e-06 0.0005278 
660000 2484 306.631 76573.0 41.831 4.4283 828 1202406.0 1986.0419 5.2e-06 0.0005246 
670000 2514 315.851 77954.0 42.768 4.5555 838 1224316.0 2059.2551 5.1e-06 0.0005112 
680000 2544 324.095 79264.0 43.309 4.6601 848 1245866.0 2170.4554 5.2e-06 0.0005217 
690000 2577 312.415 80696.0 42.574 4.4876 859 1267693.0 1975.0416 5.2e-06 0.0005206 
700000 2610 313.555 82019.0 42.572 4.5113 870 1289580.0 2057.0603 5.3e-06 0.0005263 
710000 2644 301.493 83430.0 41.319 4.3467 881 1311126.0 1945.771 5.1e-06 0.0005118 
720000 2676 303.302 84790.0 41.483 4.3728 892 1332484.0 1963.0589 5.2e-06 0.0005238 
730000 2710 298.69 86288.0 42.915 4.2955 903 1353420.0 1842.4935 5.1e-06 0.0005113 
740000 2748 280.963 87693.0 39.85 4.0431 916 1374902.0 1793.0234 5e-06 0.0005042 
750000 2780 292.026 89092.0 41.346 4.1999 926 1394960.0 1875.3747 5e-06 0.0005027 
760000 2814 297.495 90484.0 41.675 4.2775 938 1418366.0 2075.4452 1e-05 0.0010029 
770000 2846 301.028 91934.0 43.159 4.336 948 1438434.0 1967.6183 5.8e-06 0.0005804 
780000 2878 308.994 93340.0 43.774 4.4612 959 1459392.0 1944.3457 5.3e-06 0.0005341 
790000 2910 306.316 94661.0 41.845 4.4043 970 1479640.0 1854.3594 5.2e-06 0.0005165 
800000 2944 299.941 96039.0 41.699 4.3177 981 1499716.0 1717.2961 5.1e-06 0.0005084 
810000 2980 291.102 97392.0 40.049 4.1827 993 1520070.0 1687.9339 5e-06 0.0005037 
820000 3015 287.773 98798.0 39.958 4.1449 1005 1541005.0 1800.9634 5.1e-06 0.0005096 
830000 3050 284.458 100198.0 39.993 4.0915 1016 1559820.0 1587.6564 5.1e-06 0.0005081 
840000 3081 300.546 101553.0 41.441 4.3065 1027 1580409.0 1916.6056 5.1e-06 0.0005131 
850000 3117 288.769 102985.0 40.475 4.143 1039 1602233.0 1824.4355 5e-06 0.0004976 
860000 3151 288.342 104470.0 41.226 4.1313 1050 1624879.0 1889.3389 5e-06 0.0005042 
870000 3183 298.54 105877.0 42.063 4.2786 1061 1647517.0 2059.6128 4.9e-06 0.000492 
880000 3214 311.954 107286.0 44.326 4.4787 1071 1672346.0 2263.2246 5e-06 0.000499 
890000 3249 299.932 108691.0 41.956 4.3258 1083 1695491.0 2088.3157 5e-06 0.0005046 
900000 3280 311.789 110064.0 43.349 4.4904 1093 1720250.0 2382.9529 5e-06 0.0004984 
910000 3313 309.162 111469.0 43.012 4.4627 1104 1740797.0 2050.9166 5e-06 0.0004978 
920000 3345 309.867 112851.0 42.882 4.472 1115 1762815.0 2049.4188 4.9e-06 0.0004947 
930000 3375 315.797 114251.0 43.305 4.5433 1125 1782315.0 1936.2298 4.9e-06 0.0004886 
940000 3408 313.283 115618.0 43.367 4.512 1136 1805402.0 2109.8285 5e-06 0.0004993 
950000 3437 326.769 117017.0 45.695 4.698 1145 1830043.0 2359.7736 5.1e-06 0.0005083 
960000 3469 319.109 118434.0 44.933 4.5947 1156 1850621.0 1965.2337 5e-06 0.0004987 
970000 3501 313.869 119751.0 42.408 4.5243 1167 1870079.0 1953.0595 5.1e-06 0.0005122 
980000 3530 330.704 121035.0 44.256 4.7602 1176 1889010.0 2037.9933 5.1e-06 0.0005081 
990000 3562 319.632 122513.0 44.747 4.6044 1187 1912168.0 2077.9175 5.1e-06 0.0005093 
1000000 3592 329.515 123846.0 44.88 4.7437 1197 1931288.0 2015.3563 5e-06 0.0005039 
1010000 3621 336.719 125171.0 45.057 4.845 1207 1950879.0 2001.7175 5e-06 0.0005036 
1020000 3648 352.347 126405.0 45.518 5.0729 1216 1969072.0 2025.4631 5e-06 0.0005033 
1030000 3678 340.516 127854.0 45.905 4.8934 1226 1991042.0 2090.485 4.9e-06 0.0004944 
1040000 3712 320.672 129326.0 45.281 4.6098 1237 2012398.0 2015.3046 5e-06 0.0004959 
1050000 3741 329.969 130644.0 45.061 4.7512 1247 2033339.0 2087.1546 4.8e-06 0.0004831 
1060000 3768 343.831 131932.0 45.41 4.9616 1256 2052432.0 2073.8118 4.9e-06 0.0004933 
1070000 3798 335.026 133296.0 44.331 4.8231 1266 2071552.0 1894.8094 5e-06 0.0005026 
1080000 3827 346.799 134556.0 45.462 4.9874 1275 2092483.0 2114.7869 5.1e-06 0.0005082 
1090000 3858 329.614 135999.0 44.748 4.7374 1286 2114972.0 2127.4975 5e-06 0.0004967 
1100000 3894 309.218 137342.0 42.068 4.4473 1298 2134046.0 1858.0006 4.9e-06 0.0004897 
1110000 3921 330.397 138618.0 42.998 4.7585 1307 2153199.0 1949.8895 4.9e-06 0.0004917 
1120000 3950 335.082 139876.0 43.619 4.8162 1316 2171560.0 1956.2276 5.1e-06 0.0005052 
1130000 3982 322.774 141251.0 42.916 4.6483 1327 2191178.0 1842.304 5.1e-06 0.0005065 
1140000 4014 314.821 142590.0 41.788 4.5344 1338 2209786.0 1757.0122 5e-06 0.0005012 
1150000 4043 336.629 143878.0 43.925 4.8439 1347 2229257.0 1896.8416 4.9e-06 0.0004917 
1160000 4071 346.601 145148.0 44.103 4.98 1357 2248769.0 2075.2966 5.1e-06 0.0005082 
1170000 4096 367.225 146373.0 46.307 5.2875 1365 2267874.0 2088.3254 5.1e-06 0.0005069 
1180000 4125 353.674 147672.0 44.818 5.0924 1375 2285095.0 1949.812 5e-06 0.0005016 
1190000 4157 336.278 149026.0 44.609 4.8362 1385 2304773.0 1852.5163 5.1e-06 0.0005069 
1200000 4185 346.465 150329.0 45.56 4.9784 1395 2322945.0 1978.599 5.1e-06 0.0005074 
1210000 4216 334.626 151635.0 43.607 4.8117 1405 2342154.0 1895.7787 4.9e-06 0.0004918 
1220000 4243 345.405 153001.0 45.599 4.9679 1414 2363167.0 2083.2409 4.9e-06 0.0004877 
1230000 4272 347.55 154271.0 44.758 5.0063 1424 2381528.0 1979.0861 4.8e-06 0.0004841 
1240000 4300 351.287 155578.0 45.576 5.0553 1433 2403250.0 2213.0715 4.9e-06 0.0004876 
1250000 4332 333.444 156958.0 44.518 4.8 1444 2426238.0 2156.8575 4.8e-06 0.0004788 
1260000 4362 332.689 158363.0 45.386 4.7881 1454 2447248.0 2117.18 4.7e-06 0.0004735 
1270000 4396 306.955 159829.0 43.217 4.4147 1465 2468854.0 1856.6645 4.7e-06 0.0004713 
1280000 4428 315.022 161226.0 44.109 4.5309 1476 2492122.0 2132.3601 4.7e-06 0.0004683 
1290000 4458 315.423 162708.0 44.665 4.5286 1486 2513412.0 2008.0488 4.7e-06 0.0004674 
1300000 4488 320.761 164063.0 44.75 4.5996 1496 2534622.0 2061.1675 4.7e-06 0.0004739 
1310000 4523 308.839 165503.0 44.29 4.4359 1507 2556517.0 2021.8235 4.7e-06 0.0004716 
1320000 4555 310.395 166910.0 43.728 4.4628 1518 2579765.0 2123.6159 4.6e-06 0.0004626 
1330000 4584 322.256 168271.0 44.28 4.644 1528 2600316.0 2105.0098 4.8e-06 0.0004785 
1340000 4614 325.713 169639.0 44.736 4.688 1538 2620896.0 2134.7321 4.7e-06 0.0004711 
1350000 4644 327.665 171036.0 45.078 4.7131 1548 2644436.0 2303.767 4.8e-06 0.000485 
1360000 4676 323.418 172433.0 45.348 4.6612 1558 2665404.0 2118.5471 4.8e-06 0.0004756 
1370000 4704 329.323 173792.0 45.29 4.7339 1568 2688476.0 2165.0452 4.9e-06 0.0004925 
1380000 4732 343.451 175116.0 46.713 4.9557 1577 2709828.0 2241.9059 4.9e-06 0.00049 
1390000 4764 326.112 176471.0 44.276 4.6971 1588 2729516.0 1968.598 4.9e-06 0.0004887 
1400000 4794 330.819 177775.0 44.212 4.753 1598 2748386.0 1964.3983 4.9e-06 0.0004916 
1410000 4821 342.201 179093.0 45.325 4.9131 1607 2768209.0 2001.5623 5e-06 0.0005002 
1420000 4850 345.261 180439.0 45.946 4.9607 1616 2787440.0 1875.4493 5.2e-06 0.0005165 
1430000 4882 328.235 181831.0 44.733 4.7096 1627 2806948.0 1885.2675 4.9e-06 0.0004916 
1440000 4907 352.318 183024.0 45.708 5.0659 1635 2823663.0 1987.2011 4.9e-06 0.0004867 
1450000 4937 341.93 184418.0 45.878 4.9204 1645 2846723.0 2169.3223 4.8e-06 0.0004785 
1460000 4963 363.165 185615.0 46.551 5.2339 1654 2864417.0 2038.0834 4.8e-06 0.0004753 
1470000 4990 362.063 186831.0 45.352 5.2145 1663 2884490.0 2183.7619 4.9e-06 0.0004903 
1480000 5014 381.521 188025.0 47.797 5.4994 1671 2904406.0 2333.4832 4.9e-06 0.0004898 
1490000 5040 378.983 189201.0 45.687 5.4615 1680 2921430.0 2102.1995 5e-06 0.0004962 
1500000 5070 362.641 190504.0 45.345 5.2264 1690 2940710.0 2033.7726 5e-06 0.0005011 
1510000 5096 367.73 191679.0 45.468 5.3016 1698 2956934.0 1952.4606 4.9e-06 0.0004934 
1520000 5121 372.692 192958.0 46.485 5.3722 1707 2976079.0 2106.6393 5.1e-06 0.0005125 
1530000 5151 355.962 194305.0 46.069 5.1337 1717 2994939.0 1988.512 5e-06 0.0005041 
1540000 5178 351.799 195680.0 46.306 5.0732 1726 3017512.0 2164.4593 5e-06 0.0004954 
1550000 5208 352.331 196958.0 46.031 5.0691 1736 3035732.0 2058.1589 4.9e-06 0.0004922 
1560000 5228 392.599 197942.0 47.304 5.6565 1742 3052812.0 2265.5371 4.9e-06 0.0004855 
1570000 5253 402.623 199039.0 45.867 5.8007 1751 3068277.0 2093.6735 5e-06 0.0004977 
1580000 5281 383.531 200397.0 47.281 5.5132 1760 3088019.0 2052.1649 4.9e-06 0.0004877 
1590000 5302 421.047 201410.0 48.035 6.0542 1767 3103768.0 2176.9748 4.9e-06 0.0004897 
1600000 5329 400.225 202682.0 47.945 5.742 1776 3121751.0 2058.4368 5e-06 0.0004979 
1610000 5356 386.17 203903.0 46.382 5.5477 1785 3139454.0 2023.4359 4.9e-06 0.0004863 
1620000 5388 351.632 205248.0 44.228 5.0547 1796 3157992.0 1853.3426 4.8e-06 0.000483 
1630000 5421 324.768 206677.0 42.885 4.6713 1807 3178089.0 1804.8372 4.9e-06 0.0004892 
1640000 5445 357.955 207893.0 44.709 5.1528 1815 3195615.0 1968.1519 4.9e-06 0.0004874 
1650000 5474 357.425 209150.0 45.907 5.137 1824 3216426.0 2128.7104 4.9e-06 0.0004921 
1660000 5503 352.075 210468.0 45.144 5.0546 1834 3235337.0 2090.312 5e-06 0.0004952 
1670000 5532 351.183 211733.0 44.438 5.0488 1844 3255348.0 2096.7977 5e-06 0.0005009 
1680000 5562 347.366 212986.0 43.613 4.9954 1854 3273668.0 1941.059 5e-06 0.0005022 
1690000 5592 338.854 214412.0 44.632 4.8722 1864 3297778.0 2155.183 5.1e-06 0.0005117 
1700000 5619 348.072 215717.0 45.623 5.008 1873 3317631.0 2179.2602 4.9e-06 0.0004875 
1710000 5652 326.742 217088.0 43.915 4.6935 1884 3337218.0 1901.0347 4.8e-06 0.0004816 
1720000 5684 321.216 218479.0 43.926 4.6122 1894 3356846.0 1896.754 4.9e-06 0.0004892 
1730000 5712 330.479 219827.0 44.971 4.7476 1904 3375848.0 1934.2406 4.9e-06 0.0004887 
1740000 5742 332.513 221203.0 45.54 4.7863 1914 3397238.0 2056.5883 4.9e-06 0.0004908 
1750000 5767 352.458 222461.0 46.659 5.0723 1922 3415193.0 2035.7304 5e-06 0.0005019 
1760000 5797 343.812 223784.0 45.959 4.9403 1932 3433723.0 1911.8006 5e-06 0.0004971 
1770000 5823 362.821 224934.0 45.204 5.2141 1941 3450707.0 2003.8828 5e-06 0.000501 
1780000 5849 372.038 226164.0 46.409 5.3448 1949 3468741.0 2006.915 5.1e-06 0.0005132 
1790000 5877 361.511 227480.0 45.92 5.1986 1959 3487163.0 1995.6756 5.1e-06 0.0005066 
1800000 5901 372.533 228641.0 45.201 5.3571 1967 3505939.0 2066.9435 5.2e-06 0.0005176 
1810000 5927 386.825 229814.0 46.954 5.5623 1975 3522853.0 2051.8457 5.1e-06 0.0005126 
1820000 5955 370.362 231098.0 45.833 5.3338 1985 3540875.0 1972.5446 5.1e-06 0.0005061 
1830000 5982 365.11 232390.0 45.391 5.2638 1994 3558978.0 1945.0059 5.1e-06 0.0005061 
1840000 6007 382.196 233560.0 47.418 5.5132 2002 3576103.0 1959.8396 5e-06 0.0004976 
1850000 6029 410.254 234584.0 47.281 5.9126 2009 3590661.0 2021.8461 5.1e-06 0.0005057 
1860000 6055 397.673 235821.0 46.834 5.7351 2018 3608175.0 1928.5843 5e-06 0.0005024 
1870000 6084 377.971 237111.0 46.274 5.444 2028 3626696.0 2030.6665 4.9e-06 0.0004937 
1880000 6114 348.842 238520.0 44.722 5.0116 2038 3647636.0 1975.2601 4.8e-06 0.000484 
1890000 6138 379.804 239809.0 48.896 5.4721 2046 3667282.0 2352.297 4.9e-06 0.0004865 
1900000 6163 386.327 240980.0 48.547 5.5651 2054 3685117.0 2178.6561 4.8e-06 0.0004835 
1910000 6188 394.373 242127.0 48.344 5.6762 2062 3702592.0 2170.347 4.9e-06 0.0004941 
1920000 6214 392.011 243386.0 48.61 5.6452 2071 3721206.0 2140.8437 4.7e-06 0.0004743 
1930000 6240 385.201 244621.0 47.183 5.5523 2080 3741410.0 2275.6573 4.7e-06 0.0004678 
1940000 6269 369.579 245936.0 47.366 5.3216 2089 3761271.0 2228.2458 4.7e-06 0.0004739 
1950000 6294 379.416 247150.0 47.142 5.463 2098 3780546.0 2265.0061 4.7e-06 0.0004723 
1960000 6321 374.219 248476.0 47.429 5.3827 2107 3801839.0 2376.1069 4.8e-06 0.0004794 
1970000 6350 362.059 249787.0 47.038 5.2136 2116 3819950.0 2026.4907 4.8e-06 0.0004754 
1980000 6378 360.879 251053.0 45.985 5.1907 2126 3839572.0 2131.0684 5e-06 0.0004967 
1990000 6400 388.166 252181.0 45.993 5.5818 2133 3854990.0 2089.33 5.1e-06 0.0005055 
2000000 6421 425.678 253201.0 48.613 6.1279 2140 3869049.0 2169.2159 5.3e-06 0.0005332 
2010000 6447 401.735 254404.0 46.393 5.7764 2149 3887233.0 2012.3179 5.3e-06 0.0005261 
2020000 6474 387.551 255737.0 46.73 5.5695 2158 3909626.0 2310.9674 5.2e-06 0.000516 
2030000 6500 389.192 256901.0 46.921 5.5843 2166 3925560.0 2091.9449 5.1e-06 0.0005133 
2040000 6528 371.467 258231.0 45.841 5.3338 2176 3944052.0 1962.9213 5e-06 0.0004983 
2050000 6551 395.553 259312.0 47.581 5.6786 2183 3959909.0 1994.5834 4.9e-06 0.0004922 
2060000 6580 375.169 260666.0 47.231 5.3862 2193 3978560.0 1959.1992 4.9e-06 0.0004855 
2070000 6609 360.491 261922.0 44.649 5.1567 2203 3996511.0 1881.4781 4.7e-06 0.0004716 
2080000 6636 365.3 263186.0 45.668 5.2427 2212 4015074.0 2036.2968 4.8e-06 0.0004751 
2090000 6661 378.368 264450.0 47.993 5.4359 2220 4035199.0 2143.7366 4.7e-06 0.0004715 
2100000 6693 348.442 265770.0 44.443 4.9994 2231 4053207.0 1877.1215 4.8e-06 0.0004756 
2110000 6719 363.863 267015.0 46.05 5.223 2239 4071781.0 2010.4041 4.9e-06 0.0004897 
2120000 6747 360.033 268280.0 45.519 5.1767 2249 4089423.0 1984.3915 4.8e-06 0.0004832 
2130000 6775 359.584 269642.0 47.039 5.1639 2258 4110315.0 2029.6111 4.8e-06 0.0004831 
2140000 6801 375.912 270929.0 48.108 5.3915 2267 4130099.0 2287.0513 4.9e-06 0.0004869 
2150000 6831 353.25 272233.0 45.239 5.0679 2277 4149059.0 1988.3629 4.8e-06 0.0004829 
2160000 6864 329.897 273597.0 43.909 4.742 2288 4168506.0 1844.6015 5e-06 0.0005016 
2170000 6888 362.612 274789.0 45.55 5.2027 2296 4186572.0 2086.2935 4.9e-06 0.0004898 
2180000 6911 389.326 275934.0 47.29 5.5934 2303 4204279.0 2169.4199 4.8e-06 0.0004784 
2190000 6938 381.017 277196.0 47.125 5.4752 2312 4224362.0 2206.718 4.8e-06 0.0004828 
2200000 6965 371.807 278453.0 46.197 5.3437 2321 4244025.0 2170.7698 5e-06 0.0004988 
2210000 6998 336.649 279770.0 42.972 4.8359 2332 4263642.0 1933.2654 4.8e-06 0.0004792 
2220000 7023 356.421 281066.0 45.316 5.1158 2341 4282307.0 2014.4365 4.8e-06 0.0004781 
2230000 7051 349.721 282372.0 44.634 5.0255 2350 4302759.0 2093.0092 4.8e-06 0.0004798 
2240000 7083 338.669 283739.0 45.026 4.8738 2361 4322377.0 1971.3391 4.7e-06 0.0004696 
2250000 7112 340.721 285049.0 44.943 4.8955 2370 4342948.0 2018.9758 4.7e-06 0.0004701 
2260000 7143 327.306 286360.0 43.014 4.7003 2381 4362927.0 1950.3666 4.8e-06 0.0004842 
2270000 7165 365.25 287455.0 44.842 5.2424 2388 4379165.0 2003.4924 4.9e-06 0.0004946 
2280000 7192 370.406 288691.0 46.042 5.3203 2397 4399508.0 2210.979 5e-06 0.0004983 
2290000 7219 363.044 290000.0 45.462 5.2084 2406 4419971.0 2234.1068 4.9e-06 0.000493 
2300000 7242 391.01 291051.0 46.086 5.6093 2414 4435008.0 2087.4927 4.9e-06 0.0004914 
2310000 7267 391.456 292270.0 47.026 5.6303 2422 4452013.0 2066.3115 4.9e-06 0.000493 
2320000 7294 382.665 293551.0 47.852 5.5108 2431 4471616.0 2114.8784 5e-06 0.000496 
2330000 7320 379.97 294780.0 47.061 5.4749 2440 4490140.0 2179.7839 4.8e-06 0.0004847 
2340000 7344 391.835 295883.0 46.398 5.6408 2448 4505586.0 2050.4609 4.8e-06 0.0004807 
2350000 7372 378.902 297212.0 47.567 5.4506 2457 4526538.0 2136.8599 4.8e-06 0.0004819 
2360000 7398 379.226 298384.0 46.049 5.4508 2466 4542542.0 2004.3472 4.9e-06 0.0004919 
2370000 7424 380.015 299582.0 46.693 5.4599 2474 4561476.0 2094.0696 4.8e-06 0.0004806 
2380000 7449 385.994 300812.0 46.595 5.553 2483 4579141.0 2083.9116 4.9e-06 0.0004914 
2390000 7475 385.891 302018.0 47.508 5.5604 2491 4597525.0 2103.5666 4.9e-06 0.0004883 
2400000 7505 370.303 303375.0 47.026 5.3246 2501 4620265.0 2316.0619 4.8e-06 0.0004759 
2410000 7533 361.283 304723.0 46.357 5.1922 2511 4640287.0 2212.6862 4.7e-06 0.0004695 
2420000 7560 363.133 306016.0 46.482 5.2172 2520 4657630.0 2011.9368 4.8e-06 0.0004802 
2430000 7582 405.388 307043.0 48.036 5.8156 2527 4672728.0 2006.8157 5e-06 0.0005007 
2440000 7608 393.808 308312.0 47.326 5.6572 2536 4690992.0 2091.9588 4.9e-06 0.0004918 
2450000 7635 387.651 309543.0 47.523 5.5652 2545 4708945.0 2089.2159 4.8e-06 0.0004843 
2460000 7656 410.258 310712.0 47.977 5.8903 2552 4726234.0 2122.5716 4.9e-06 0.0004875 
2470000 7681 413.286 311890.0 49.715 5.9266 2560 4746169.0 2295.4096 4.8e-06 0.0004776 
2480000 7703 421.159 312930.0 48.67 6.054 2567 4761057.0 2210.4183 4.8e-06 0.0004802 
2490000 7728 419.963 314072.0 47.699 6.0448 2576 4778062.0 2142.8173 4.9e-06 0.0004878 
2500000 7754 404.679 315384.0 48.829 5.8113 2584 4798866.0 2240.6415 4.8e-06 0.0004799 
2510000 7782 382.605 316727.0 47.892 5.4963 2594 4819368.0 2212.3036 4.8e-06 0.0004825 
2520000 7811 362.374 318073.0 47.373 5.2256 2603 4840059.0 2099.4625 4.7e-06 0.0004666 
2530000 7839 359.323 319329.0 45.674 5.176 2613 4861211.0 2143.7916 4.7e-06 0.0004747 
2540000 7867 362.789 320671.0 47.292 5.2199 2622 4881163.0 2128.4109 4.7e-06 0.0004694 
2550000 7891 381.533 321804.0 46.984 5.4767 2630 4898169.0 2186.1478 4.9e-06 0.0004875 
2560000 7917 378.224 323076.0 46.534 5.4375 2639 4916463.0 2019.5813 4.9e-06 0.0004869 
2570000 7945 374.887 324386.0 47.969 5.3843 2648 4935835.0 2030.6191 4.9e-06 0.0004872 
2580000 7974 360.94 325676.0 46.384 5.1921 2658 4955936.0 2194.1731 4.9e-06 0.0004868 
2590000 7999 374.914 326965.0 48.584 5.3847 2666 4974751.0 2093.5917 4.8e-06 0.00048 
2600000 8022 387.221 328254.0 48.778 5.5589 2674 4994288.0 2247.2771 5e-06 0.0004964 
2610000 8051 376.442 329544.0 48.902 5.4147 2683 5012729.0 2142.0889 4.8e-06 0.0004791 
2620000 8076 387.096 330688.0 47.399 5.5709 2692 5030104.0 2136.8114 4.9e-06 0.0004852 
2630000 8103 375.621 331984.0 47.101 5.4062 2701 5051027.0 2212.571 4.8e-06 0.0004751 
2640000 8130 371.091 333290.0 47.111 5.3489 2710 5071420.0 2188.6028 4.7e-06 0.0004733 
2650000 8156 375.21 334552.0 47.803 5.4088 2718 5090754.0 2221.6821 4.7e-06 0.0004676 
2660000 8185 366.248 335826.0 46.873 5.2777 2728 5109015.0 2021.1032 4.6e-06 0.0004646 
2670000 8212 363.704 337081.0 45.611 5.2439 2737 5125448.0 1946.8135 4.6e-06 0.0004639 
2680000 8236 387.029 338180.0 46.159 5.5774 2745 5141514.0 2064.7309 4.7e-06 0.0004732 
2690000 8261 385.994 339411.0 47.092 5.5594 2753 5161509.0 2110.1 4.8e-06 0.0004773 
2700000 8288 382.396 340699.0 47.659 5.5071 2762 5183592.0 2472.3453 4.7e-06 0.0004742 
2710000 8310 408.543 341986.0 51.451 5.8805 2770 5204940.0 2773.6097 5e-06 0.0004963 
2720000 8339 379.304 343310.0 49.016 5.4686 2779 5226991.0 2471.418 4.9e-06 0.0004874 
2730000 8367 370.027 344640.0 47.906 5.3319 2789 5248403.0 2388.3783 4.9e-06 0.0004865 
2740000 8399 346.829 346027.0 46.431 5.0002 2799 5270271.0 2248.2108 4.8e-06 0.0004773 
2750000 8423 373.63 347156.0 46.691 5.3917 2807 5286717.0 2165.5825 4.8e-06 0.0004783 
2760000 8447 386.177 348288.0 46.708 5.5628 2815 5303293.0 2034.1603 4.9e-06 0.0004878 
2770000 8466 430.549 349230.0 46.632 6.1924 2822 5318594.0 2193.6179 5e-06 0.0005038 
2780000 8482 484.727 350054.0 48.561 6.9829 2827 5330278.0 2184.2105 5e-06 0.0005008 
2790000 8501 501.602 351046.0 49.989 7.2332 2833 5345629.0 2335.9735 5.2e-06 0.0005194 
2800000 8523 479.866 352174.0 49.19 6.9069 2841 5361987.0 2270.8498 5e-06 0.000499 
2810000 8548 448.397 353361.0 48.665 6.4473 2849 5379632.0 2201.0186 5e-06 0.0005042 
2820000 8576 412.794 354602.0 47.501 5.937 2858 5398054.0 2109.2882 4.9e-06 0.0004866 
2830000 8604 384.82 355998.0 47.268 5.533 2868 5417966.0 2063.8249 4.9e-06 0.0004881 
2840000 8625 412.14 357036.0 47.74 5.9334 2875 5436315.0 2275.3645 5.2e-06 0.0005239 
2850000 8647 432.749 358087.0 47.79 6.2264 2882 5451963.0 2188.3151 5.1e-06 0.0005146 
2860000 8672 418.993 359198.0 47.232 6.0215 2890 5471008.0 2308.7715 5.4e-06 0.0005442 
2870000 8698 402.51 360503.0 48.423 5.7804 2899 5490162.0 2212.595 6e-06 0.0005967 
2880000 8721 419.846 361539.0 47.218 6.0147 2907 5505099.0 2152.4084 5.2e-06 0.0005228 
2890000 8747 406.389 362790.0 47.869 5.8264 2915 5523923.0 2057.4339 5e-06 0.0005036 
2900000 8775 378.876 364105.0 45.846 5.443 2925 5545995.0 2206.8388 5e-06 0.0004954 
2910000 8802 377.076 365333.0 46.139 5.4171 2934 5565308.0 2278.7523 4.9e-06 0.000494 
2920000 8827 388.68 366615.0 48.934 5.5978 2942 5586453.0 2452.1961 4.9e-06 0.0004908 
2930000 8851 398.627 367771.0 48.129 5.739 2950 5603139.0 2235.8365 4.9e-06 0.0004935 
2940000 8875 412.957 368953.0 49.553 5.9342 2958 5619935.0 2149.6008 4.9e-06 0.0004929 
2950000 8898 415.841 370106.0 49.053 5.9758 2966 5638352.0 2345.2265 5e-06 0.0004952 
2960000 8921 432.27 371360.0 52.376 6.2144 2973 5658399.0 2394.7012 5.1e-06 0.0005069 
2970000 8944 415.018 372537.0 51.747 5.9651 2981 5675416.0 2352.2664 5e-06 0.0004982 
2980000 8970 412.559 373829.0 49.599 5.938 2990 5694020.0 2173.4905 5.1e-06 0.0005131 
2990000 8997 399.537 375057.0 48.454 5.7436 2999 5712023.0 2114.102 5.2e-06 0.0005218 
3000000 9019 424.226 376181.0 50.432 6.096 3006 5730981.0 2426.491 5e-06 0.000496 
3010000 9041 435.428 377364.0 51.926 6.2635 3013 5750239.0 2525.9667 5e-06 0.0005027 
3020000 9065 431.204 378548.0 51.141 6.2004 3021 5769035.0 2458.716 5.1e-06 0.0005138 
3030000 9087 433.112 379755.0 50.75 6.2275 3029 5788513.0 2460.4518 5.1e-06 0.0005118 
3040000 9113 417.343 380974.0 50.458 5.9975 3037 5808297.0 2341.4922 4.9e-06 0.0004864 
3050000 9141 384.432 382326.0 47.611 5.5388 3047 5830389.0 2278.1723 5e-06 0.0004964 
3060000 9164 414.979 383362.0 48.396 5.981 3054 5845606.0 2247.9789 4.8e-06 0.0004776 
3070000 9192 386.097 384693.0 47.212 5.559 3064 5864328.0 2035.1757 4.8e-06 0.000478 
3080000 9212 428.064 385665.0 48.208 6.1624 3070 5880098.0 2216.7212 5e-06 0.000501 
3090000 9240 393.261 387032.0 47.028 5.6471 3080 5901520.0 2200.982 4.9e-06 0.0004869 
3100000 9261 420.316 388196.0 49.812 6.05 3087 5917939.0 2315.5229 5e-06 0.0004956 
3110000 9291 383.773 389489.0 47.633 5.5162 3097 5935419.0 2000.215 4.8e-06 0.0004799 
3120000 9319 374.273 390809.0 47.9 5.3802 3106 5954081.0 2014.0274 4.8e-06 0.0004836 
3130000 9345 360.542 392020.0 44.768 5.1798 3115 5969915.0 1763.7593 4.9e-06 0.0004913 
3140000 9370 392.381 393164.0 47.648 5.6246 3123 5986730.0 1934.7618 4.9e-06 0.0004929 
3150000 9394 398.688 394294.0 47.504 5.7204 3131 6002566.0 1944.3439 4.9e-06 0.000487 
3160000 9420 392.122 395452.0 45.601 5.6354 3140 6020050.0 1930.2346 4.9e-06 0.0004904 
3170000 9447 386.127 396700.0 46.337 5.5531 3149 6040143.0 2231.8727 4.9e-06 0.0004907 
3180000 9470 401.465 397860.0 47.505 5.77 3156 6057350.0 2237.354 5e-06 0.0004953 
3190000 9493 407.973 399053.0 48.534 5.8524 3164 6075827.0 2281.8114 4.8e-06 0.0004816 
3200000 9515 428.665 400076.0 48.887 6.1539 3171 6090535.0 2188.4868 4.9e-06 0.0004882 
3210000 9542 399.899 401375.0 48.223 5.7443 3180 6111068.0 2168.8608 4.9e-06 0.0004936 
3220000 9568 397.126 402658.0 49.134 5.717 3189 6131082.0 2219.6642 4.8e-06 0.0004826 
3230000 9592 406.838 403929.0 51.148 5.8499 3197 6149678.0 2317.0056 4.9e-06 0.0004884 
3240000 9616 412.117 405141.0 51.235 5.9205 3205 6165764.0 2202.7772 4.8e-06 0.0004752 
3250000 9639 425.117 406286.0 51.282 6.107 3213 6183551.0 2373.6022 4.9e-06 0.0004922 
3260000 9660 433.081 407625.0 53.099 6.2181 3220 6203330.0 2446.7028 5e-06 0.0004979 
3270000 9687 410.281 408834.0 50.706 5.9073 3229 6222043.0 2338.4151 4.9e-06 0.0004933 
3280000 9715 382.808 410183.0 49.69 5.512 3238 6240795.0 2056.4591 4.9e-06 0.0004876 
3290000 9738 402.03 411217.0 47.936 5.7868 3246 6254772.0 2028.4593 4.9e-06 0.0004931 
3300000 9763 394.24 412496.0 48.208 5.6817 3254 6274547.0 2182.0348 4.9e-06 0.0004876 
3310000 9786 411.713 413693.0 49.265 5.9257 3262 6292464.0 2273.4986 4.9e-06 0.0004854 
3320000 9812 395.25 414810.0 46.65 5.6811 3270 6309808.0 2169.0219 4.9e-06 0.0004897 
3330000 9834 413.945 415990.0 47.965 5.9557 3278 6327176.0 2139.2951 4.9e-06 0.0004862 
3340000 9860 412.651 417131.0 48.247 5.9401 3286 6344020.0 2128.9635 4.8e-06 0.0004833 
3350000 9888 385.332 418454.0 47.088 5.5459 3296 6364282.0 2135.3702 4.8e-06 0.0004822 
3360000 9912 398.271 419742.0 49.96 5.7372 3304 6384838.0 2423.0234 4.8e-06 0.0004834 
3370000 9938 384.852 421175.0 50.753 5.5436 3312 6407952.0 2421.3763 4.8e-06 0.0004839 
3380000 9966 373.462 422493.0 48.448 5.3778 3322 6427144.0 2225.0016 4.8e-06 0.000477 
3390000 9993 380.479 423692.0 47.543 5.4733 3331 6444107.0 2095.4415 4.7e-06 0.0004676 
3400000 10019 385.089 425013.0 49.839 5.5379 3339 6464691.0 2305.7397 4.8e-06 0.0004757 
3410000 10044 386.242 426300.0 48.787 5.5535 3348 6482036.0 2115.1219 4.7e-06 0.0004739 
3420000 10071 383.334 427550.0 48.592 5.5162 3357 6502799.0 2331.6861 4.7e-06 0.0004701 
3430000 10096 385.995 428746.0 47.784 5.5548 3365 6520774.0 2211.3709 4.6e-06 0.0004623 
3440000 10122 381.454 430040.0 47.979 5.4988 3374 6540778.0 2218.946 4.7e-06 0.000469 
3450000 10147 385.883 431332.0 49.256 5.5604 3382 6561143.0 2353.1937 4.7e-06 0.0004712 
3460000 10176 372.286 432642.0 47.967 5.3574 3392 6579744.0 2107.4256 4.8e-06 0.000476 
3470000 10203 371.186 433937.0 48.216 5.3342 3401 6598327.0 2100.2142 4.6e-06 0.000457 
3480000 10227 380.345 435197.0 47.563 5.4745 3409 6618113.0 2191.0703 4.7e-06 0.0004697 
3490000 10254 380.911 436405.0 47.624 5.469 3418 6635316.0 2144.4172 4.9e-06 0.000486 
3500000 10276 405.53 437551.0 49.929 5.8452 3425 6651384.0 2148.77 4.8e-06 0.0004753 
3510000 10302 394.51 438818.0 47.486 5.6774 3434 6671278.0 2229.1528 4.8e-06 0.0004753 
3520000 10330 384.881 440039.0 47.71 5.543 3443 6690890.0 2213.0913 4.8e-06 0.0004756 
3530000 10360 357.585 441393.0 46.721 5.1394 3453 6712790.0 2186.5103 4.7e-06 0.0004706 
3540000 10386 374.63 442471.0 45.082 5.3802 3462 6728144.0 2056.2048 4.8e-06 0.0004766 
3550000 10413 369.154 443806.0 45.705 5.303 3471 6748667.0 2152.3819 4.7e-06 0.0004735 
3560000 10440 368.355 445074.0 45.482 5.298 3480 6765270.0 1927.4618 4.8e-06 0.0004797 
3570000 10467 370.949 446284.0 46.278 5.3383 3489 6782743.0 2030.7566 4.8e-06 0.0004839 
3580000 10495 364.671 447667.0 47.783 5.2339 3498 6805305.0 2158.618 4.7e-06 0.00047 
3590000 10519 383.818 448849.0 48.728 5.518 3506 6823271.0 2233.5836 4.7e-06 0.000467 
3600000 10540 416.608 449888.0 49.47 5.9754 3513 6838810.0 2272.4079 4.7e-06 0.0004722 
3610000 10560 427.317 450955.0 48.205 6.1318 3520 6855210.0 2152.5121 4.8e-06 0.0004778 
3620000 10584 425.108 452333.0 51.759 6.1066 3528 6875276.0 2377.9538 4.9e-06 0.0004941 
3630000 10614 390.137 453609.0 48.919 5.6083 3538 6894126.0 2164.5208 4.7e-06 0.0004733 
3640000 10641 376.894 454945.0 48.305 5.4144 3547 6914039.0 2134.3239 4.6e-06 0.0004649 
3650000 10665 387.99 456142.0 48.076 5.5818 3555 6930925.0 2056.6093 4.7e-06 0.0004666 
3660000 10693 375.824 457443.0 47.891 5.4051 3564 6951677.0 2168.9992 4.6e-06 0.000461 
3670000 10716 396.4 458674.0 50.031 5.7024 3572 6968884.0 2281.027 4.8e-06 0.0004773 
3680000 10737 425.956 459807.0 51.637 6.12 3579 6985093.0 2335.4506 5e-06 0.000499 
3690000 10764 396.076 461140.0 49.0 5.7062 3588 7003566.0 2080.9702 5.1e-06 0.0005083 
3700000 10784 432.595 462083.0 49.802 6.2249 3594 7017526.0 2116.3723 5e-06 0.0005012 
3710000 10809 419.166 463272.0 47.456 6.0364 3603 7033761.0 1972.0877 5e-06 0.0005044 
3720000 10827 455.218 464177.0 47.664 6.5452 3609 7047513.0 2104.3699 5.1e-06 0.0005072 
3730000 10851 444.7 465279.0 47.157 6.4014 3617 7065719.0 2214.1393 5e-06 0.0004993 
3740000 10875 429.259 466413.0 46.52 6.181 3625 7081505.0 2097.3419 5e-06 0.0005023 
3750000 10897 450.779 467559.0 50.663 6.496 3632 7097543.0 2187.7971 5e-06 0.000502 
3760000 10924 419.265 468866.0 50.104 6.0242 3641 7115646.0 2082.2835 4.8e-06 0.0004835 
3770000 10948 421.865 470018.0 49.653 6.0599 3649 7132192.0 2084.8924 4.9e-06 0.0004923 
3780000 10972 417.37 471168.0 49.194 6.0132 3657 7147368.0 1977.5684 4.8e-06 0.0004786 
3790000 10995 427.648 472246.0 48.081 6.166 3665 7163785.0 2146.82 4.8e-06 0.0004806 
3800000 11016 430.694 473405.0 48.484 6.2055 3672 7180604.0 2170.7006 4.8e-06 0.0004801 
3810000 11041 430.244 474502.0 48.285 6.1912 3680 7196289.0 2115.1352 4.8e-06 0.0004838 
3820000 11066 418.379 475757.0 48.818 6.0251 3688 7214464.0 2235.4537 4.9e-06 0.0004891 
3830000 11091 405.455 477075.0 49.093 5.8345 3697 7234029.0 2163.4534 4.9e-06 0.0004871 
3840000 11112 429.814 478090.0 49.125 6.1804 3704 7249918.0 2293.7019 4.9e-06 0.0004859 
3850000 11136 418.411 479332.0 48.77 6.0381 3712 7268174.0 2197.3076 4.8e-06 0.0004811 
3860000 11160 417.687 480446.0 48.319 6.0212 3720 7283370.0 2089.8577 4.8e-06 0.0004829 
3870000 11184 411.705 481669.0 48.178 5.9259 3728 7301006.0 2093.3117 4.8e-06 0.0004837 
3880000 11207 419.313 482823.0 50.268 6.0345 3735 7317203.0 2118.7983 4.9e-06 0.000493 
3890000 11233 401.541 484201.0 50.825 5.7749 3744 7337857.0 2207.0367 4.8e-06 0.0004844 
3900000 11255 423.857 485319.0 50.808 6.0943 3751 7353445.0 2174.9086 4.9e-06 0.0004859 
3910000 11280 417.277 486479.0 49.111 6.0082 3760 7369460.0 2067.0442 4.9e-06 0.0004866 
3920000 11305 409.607 487767.0 50.108 5.8958 3768 7387735.0 2007.809 4.8e-06 0.0004832 
3930000 11329 411.281 489019.0 50.829 5.9188 3776 7406391.0 2166.0846 4.8e-06 0.0004819 
3940000 11352 404.276 490203.0 48.59 5.8121 3784 7423628.0 2134.2299 4.8e-06 0.0004833 
3950000 11378 401.566 491494.0 50.489 5.7737 3792 7444262.0 2342.6861 4.8e-06 0.000479 
3960000 11404 396.223 492775.0 50.229 5.7002 3801 7464536.0 2317.6628 4.7e-06 0.0004747 
3970000 11427 412.202 493929.0 50.806 5.9314 3809 7480733.0 2303.5989 4.8e-06 0.0004792 
3980000 11450 415.434 495103.0 50.689 5.9772 3816 7498010.0 2219.6729 4.7e-06 0.0004665 
3990000 11476 400.282 496412.0 49.223 5.7502 3825 7517104.0 2151.7954 4.8e-06 0.0004773 
4000000 11501 400.66 497592.0 49.243 5.7496 3833 7536829.0 2286.9909 4.7e-06 0.000475 
4010000 11525 406.785 498792.0 49.966 5.8476 3841 7554705.0 2242.6006 4.9e-06 0.0004854 
4020000 11549 410.952 499928.0 48.923 5.9081 3849 7573411.0 2377.6263 4.9e-06 0.0004941 
4030000 11574 401.688 501140.0 47.611 5.7748 3858 7590656.0 2124.1375 4.9e-06 0.0004933 
4040000 11599 402.037 502355.0 48.856 5.7828 3866 7608181.0 2102.0499 4.9e-06 0.0004875 
4050000 11623 412.305 503715.0 52.596 5.9336 3874 7628017.0 2367.7371 4.8e-06 0.000482 
4060000 11651 388.793 505031.0 50.426 5.5812 3883 7648119.0 2250.0992 4.8e-06 0.000477 
4070000 11676 384.668 506300.0 48.713 5.5263 3892 7667544.0 2226.3085 4.7e-06 0.0004679 
4080000 11701 390.555 507463.0 49.134 5.6109 3900 7684509.0 2094.8008 4.5e-06 0.0004543 
4090000 11729 381.861 508748.0 48.448 5.4957 3909 7705051.0 2182.2612 4.5e-06 0.0004501 
4100000 11754 382.64 510016.0 47.406 5.5048 3918 7722776.0 2109.4461 4.5e-06 0.0004535 
4110000 11775 415.719 511132.0 49.788 5.9675 3925 7738855.0 2196.3586 4.7e-06 0.000469 
4120000 11798 430.091 512341.0 52.219 6.1571 3932 7755922.0 2102.838 4.7e-06 0.0004729 
4130000 11824 409.971 513683.0 51.949 5.8677 3941 7776796.0 2213.9205 4.8e-06 0.0004752 
4140000 11850 389.373 514990.0 49.453 5.5924 3950 7797630.0 2295.2811 5.5e-06 0.0005522 
4150000 11877 387.189 516186.0 48.53 5.5564 3959 7814563.0 2177.2231 4.9e-06 0.000495 
4160000 11902 389.27 517417.0 48.082 5.5725 3967 7832318.0 2161.3176 4.8e-06 0.0004848 
4170000 11930 373.194 518778.0 48.544 5.3527 3976 7852950.0 2153.4453 4.9e-06 0.0004865 
4180000 11959 363.834 520145.0 48.479 5.2172 3986 7874091.0 2165.765 4.8e-06 0.0004753 
4190000 11986 360.375 521418.0 47.445 5.172 3995 7893154.0 2123.4168 4.8e-06 0.0004794 
4200000 12015 350.699 522711.0 45.643 5.0382 4005 7912855.0 1988.6103 4.8e-06 0.0004812 
4210000 12042 361.768 523956.0 46.393 5.1982 4014 7933298.0 2249.4366 4.7e-06 0.0004733 
4220000 12068 370.918 525248.0 47.774 5.3259 4022 7953462.0 2182.4214 4.8e-06 0.0004789 
4230000 12095 370.556 526551.0 47.958 5.3251 4031 7972295.0 2197.3267 4.7e-06 0.0004699 
4240000 12120 382.666 527754.0 47.359 5.4969 4040 7990800.0 2215.8376 4.6e-06 0.0004643 
4250000 12145 388.177 528954.0 47.367 5.5905 4048 8007545.0 2079.7918 4.6e-06 0.0004645 
4260000 12174 364.673 530333.0 46.771 5.2475 4058 8029996.0 2123.332 4.6e-06 0.0004601 
4270000 12196 397.249 531457.0 48.76 5.7136 4065 8046064.0 2238.204 4.7e-06 0.0004651 
4280000 12222 390.865 532707.0 47.672 5.624 4074 8064518.0 2142.4393 4.6e-06 0.000455 
4290000 12245 409.489 533787.0 48.192 5.9011 4081 8081565.0 2222.2411 4.7e-06 0.0004685 
4300000 12271 397.928 534993.0 47.156 5.7269 4090 8100099.0 2127.8725 4.6e-06 0.000462 
4310000 12296 395.279 536204.0 47.6 5.6863 4098 8117934.0 2125.3649 4.8e-06 0.0004803 
4320000 12321 392.329 537396.0 46.534 5.6443 4107 8136259.0 2118.5445 4.7e-06 0.0004706 
4330000 12342 419.412 538587.0 49.59 6.0144 4114 8158058.0 2546.9544 4.8e-06 0.0004805 
4340000 12367 417.058 539857.0 51.319 5.9878 4122 8175933.0 2344.4695 4.8e-06 0.000475 
4350000 12394 393.243 541230.0 51.152 5.6402 4131 8197276.0 2349.4727 4.9e-06 0.0004879 
4360000 12420 386.111 542449.0 48.602 5.545 4140 8215240.0 2167.7888 4.7e-06 0.0004734 
4370000 12439 437.23 543427.0 50.378 6.2877 4146 8228321.0 2135.9262 4.8e-06 0.0004843 
4380000 12466 411.949 544689.0 49.475 5.9251 4155 8247694.0 2168.8313 4.8e-06 0.0004795 
4390000 12487 432.629 545865.0 51.691 6.231 4162 8265823.0 2328.2777 4.9e-06 0.0004857 
4400000 12512 417.784 547048.0 49.581 6.005 4170 8281208.0 2106.5503 4.8e-06 0.0004829 
4410000 12537 409.275 548330.0 49.398 5.8873 4179 8301233.0 2210.1777 5.4e-06 0.0005353 
4420000 12564 390.627 549587.0 47.452 5.6158 4188 8321336.0 2135.9146 4.7e-06 0.000468 
4430000 12590 393.805 550760.0 48.026 5.6638 4196 8338620.0 2145.8078 4.7e-06 0.0004659 
4440000 12615 390.722 552033.0 47.126 5.6178 4205 8355765.0 2039.0219 4.7e-06 0.0004691 
4450000 12642 384.456 553263.0 47.051 5.5394 4214 8373628.0 2047.5389 4.7e-06 0.0004663 
4460000 12666 389.616 554486.0 47.34 5.6037 4222 8392674.0 2179.0344 4.7e-06 0.0004667 
4470000 12696 372.036 555724.0 45.917 5.3602 4232 8411434.0 2154.8515 4.6e-06 0.0004638 
4480000 12718 405.238 556966.0 50.343 5.8463 4239 8429892.0 2291.1366 4.8e-06 0.0004755 
4490000 12741 406.264 558122.0 48.328 5.8472 4247 8445979.0 2166.4035 4.7e-06 0.000467 
4500000 12763 418.789 559144.0 48.413 6.024 4254 8462047.0 2069.5825 4.7e-06 0.0004724 
4510000 12787 425.813 560310.0 49.808 6.1253 4262 8481693.0 2316.3467 4.7e-06 0.0004672 
4520000 12812 417.221 561446.0 48.382 6.0206 4270 8500388.0 2327.3262 4.7e-06 0.0004692 
4530000 12837 398.395 562696.0 46.788 5.7418 4279 8519373.0 2158.1013 4.7e-06 0.0004669 
4540000 12859 426.051 563729.0 48.403 6.1408 4286 8535101.0 2291.8615 4.7e-06 0.0004706 
4550000 12879 453.664 564642.0 47.914 6.5502 4293 8548891.0 2241.7431 4.7e-06 0.0004734 
4560000 12904 424.64 565873.0 47.393 6.1259 4301 8568876.0 2266.3642 4.8e-06 0.0004754 
4570000 12930 404.466 567095.0 46.271 5.8272 4310 8585660.0 2009.5095 4.7e-06 0.0004709 
4580000 12955 410.422 568234.0 47.439 5.9133 4318 8600955.0 1953.8965 4.8e-06 0.0004797 
4590000 12982 395.797 569426.0 46.287 5.6989 4327 8618428.0 1972.2689 4.7e-06 0.0004747 
4600000 13007 396.205 570611.0 46.904 5.7099 4335 8634783.0 1960.3286 4.7e-06 0.0004712 
4610000 13035 381.12 571920.0 46.435 5.4927 4345 8652755.0 1959.014 4.7e-06 0.0004667 
4620000 13056 415.094 573111.0 50.14 5.9742 4352 8669094.0 2184.7755 4.8e-06 0.0004821 
4630000 13078 432.502 574304.0 51.772 6.2195 4359 8685172.0 2266.7956 4.9e-06 0.0004901 
4640000 13103 414.21 575555.0 50.948 5.9621 4367 8704127.0 2161.6154 4.8e-06 0.00048 
4650000 13123 435.224 576610.0 51.848 6.2623 4374 8719417.0 2116.2723 4.9e-06 0.0004882 
4660000 13152 404.369 577826.0 47.537 5.8252 4384 8737588.0 2097.1774 4.8e-06 0.0004779 
4670000 13179 386.282 579113.0 47.067 5.5625 4393 8755621.0 2015.0859 4.9e-06 0.0004883 
4680000 13204 387.761 580374.0 47.624 5.5825 4401 8775096.0 2130.3214 5e-06 0.0004987 
4690000 13231 381.485 581646.0 47.643 5.4803 4410 8794399.0 2160.231 5e-06 0.0004983 
4700000 13254 397.403 582829.0 47.753 5.7175 4418 8811626.0 2109.193 5.1e-06 0.0005095 
4710000 13276 410.958 583916.0 47.318 5.927 4425 8828694.0 2166.2008 5e-06 0.0005018 
4720000 13306 376.377 585272.0 46.754 5.4211 4435 8848194.0 2042.8561 5e-06 0.0004988 
4730000 13330 391.557 586586.0 49.997 5.6391 4443 8867840.0 2198.1046 5e-06 0.0004994 
4740000 13354 403.84 587832.0 51.447 5.8131 4451 8886436.0 2353.5544 5e-06 0.0004958 
4750000 13379 397.808 588919.0 48.023 5.7329 4459 8903251.0 2246.315 4.8e-06 0.0004813 
4760000 13404 397.981 590162.0 47.993 5.7355 4468 8922016.0 2223.1853 4.7e-06 0.0004701 
4770000 13428 406.659 591289.0 48.065 5.8642 4476 8938742.0 2189.2116 4.6e-06 0.0004637 
4780000 13450 421.599 592454.0 50.02 6.0703 4483 8955560.0 2164.1513 5e-06 0.0005009 
4790000 13477 400.332 593681.0 47.084 5.7616 4492 8973223.0 2067.8571 5.1e-06 0.0005093 
4800000 13501 404.171 594893.0 48.504 5.8235 4500 8991199.0 2153.6577 4.8e-06 0.0004849 
4810000 13528 393.25 596147.0 48.459 5.6585 4509 9011102.0 2164.2838 4.8e-06 0.0004841 
4820000 13547 430.759 597242.0 51.047 6.2004 4515 9028273.0 2395.9798 4.9e-06 0.0004904 
4830000 13570 436.384 598470.0 52.158 6.2787 4523 9047210.0 2494.2455 4.9e-06 0.0004901 
4840000 13596 409.026 599699.0 49.262 5.8939 4532 9064994.0 2239.3047 4.9e-06 0.0004894 
4850000 13618 422.325 600847.0 49.978 6.0848 4539 9084522.0 2525.5237 5e-06 0.000498 
4860000 13644 404.533 602222.0 50.431 5.8248 4548 9106166.0 2458.1002 4.9e-06 0.000493 
4870000 13670 396.164 603437.0 49.481 5.7144 4556 9123240.0 2152.1439 4.8e-06 0.0004821 
4880000 13692 417.732 604607.0 49.648 6.0242 4564 9142808.0 2363.3714 4.8e-06 0.0004824 
4890000 13709 467.824 605518.0 51.839 6.7406 4569 9157241.0 2530.6484 4.9e-06 0.0004923 
4900000 13732 459.477 606815.0 53.126 6.6299 4577 9178938.0 2626.5539 4.9e-06 0.0004921 
4910000 13756 441.767 608170.0 54.06 6.3703 4585 9201734.0 2789.3879 4.8e-06 0.000485 
4920000 13782 420.264 609362.0 51.088 6.061 4594 9218618.0 2296.7462 4.9e-06 0.0004932 
4930000 13809 395.89 610660.0 49.447 5.7056 4603 9238381.0 2240.9481 4.8e-06 0.0004808 
4940000 13833 395.158 611899.0 48.676 5.6946 4611 9256677.0 2133.1914 4.7e-06 0.0004709 
4950000 13857 404.515 613127.0 49.87 5.8226 4619 9274743.0 2235.9431 4.8e-06 0.0004808 
4960000 13883 397.553 614385.0 49.98 5.7258 4627 9291787.0 2124.5648 4.9e-06 0.0004903 
4970000 13908 389.758 615687.0 49.01 5.6035 4636 9310442.0 2096.2711 4.9e-06 0.0004897 
4980000 13929 425.874 616744.0 50.626 6.1221 4643 9327931.0 2336.2026 5e-06 0.0005018 
4990000 13950 443.796 617950.0 52.546 6.3873 4650 9346930.0 2553.1624 4.9e-06 0.0004907 
5000000 13970 436.711 618885.0 50.198 6.2794 4656 9361130.0 2337.1939 5e-06 0.0005048 
5010000 13993 458.592 620026.0 51.044 6.5896 4664 9377827.0 2220.8181 4.9e-06 0.0004915 
5020000 14016 447.245 621102.0 48.532 6.4228 4672 9392844.0 2120.0644 4.7e-06 0.0004722 
5030000 14043 412.96 622319.0 46.789 5.9449 4681 9410037.0 1990.599 4.6e-06 0.0004636 
5040000 14070 393.499 623614.0 47.1 5.6602 4690 9431650.0 2196.4534 4.6e-06 0.0004604 
5050000 14095 394.711 624857.0 48.581 5.669 4698 9450695.0 2280.0776 4.5e-06 0.0004544 
5060000 14117 416.18 626150.0 52.844 5.9686 4705 9471863.0 2590.3371 4.6e-06 0.0004623 
5070000 14141 416.304 627314.0 51.028 5.9803 4713 9487539.0 2291.718 4.7e-06 0.0004691 
5080000 14164 423.77 628556.0 52.094 6.1004 4721 9505876.0 2377.3907 4.7e-06 0.0004713 
5090000 14187 424.205 629708.0 49.51 6.1189 4729 9523073.0 2175.335 4.7e-06 0.0004712 
5100000 14210 440.95 630837.0 51.617 6.3546 4736 9541980.0 2273.5152 4.8e-06 0.0004773 
5110000 14235 409.027 632090.0 48.47 5.8995 4745 9563575.0 2347.8381 4.7e-06 0.0004734 
5120000 14259 418.636 633238.0 48.622 6.0415 4753 9582511.0 2371.3011 4.9e-06 0.0004935 
5130000 14282 433.635 634296.0 49.071 6.2458 4760 9597278.0 2204.5216 4.9e-06 0.0004933 
5140000 14303 450.703 635304.0 48.739 6.4923 4767 9612207.0 2160.117 5.1e-06 0.0005084 
5150000 14328 419.043 636571.0 47.087 6.0333 4776 9629462.0 2013.4741 4.9e-06 0.0004924 
5160000 14352 428.451 637666.0 47.452 6.1646 4784 9645928.0 2068.6182 4.9e-06 0.0004892 
5170000 14375 431.728 638772.0 48.721 6.2138 4791 9662855.0 2125.1427 4.8e-06 0.0004808 
5180000 14397 443.452 639874.0 49.335 6.377 4799 9678623.0 2216.6584 4.9e-06 0.0004907 
5190000 14422 422.51 641147.0 49.251 6.0807 4807 9700888.0 2394.0486 4.8e-06 0.0004787 
5200000 14442 439.274 642315.0 50.747 6.3236 4814 9716778.0 2324.2308 4.9e-06 0.0004908 
5210000 14464 434.157 643394.0 51.166 6.2444 4821 9731956.0 2218.8682 4.8e-06 0.0004794 
5220000 14490 426.402 644588.0 49.663 6.1322 4830 9750030.0 2230.6483 4.8e-06 0.00048 
5230000 14513 435.448 645984.0 54.648 6.2518 4837 9774907.0 2489.6563 4.8e-06 0.0004816 
5240000 14537 423.273 647147.0 52.06 6.0752 4845 9791443.0 2493.6553 4.8e-06 0.0004821 
5250000 14563 406.769 648381.0 49.891 5.8395 4854 9807667.0 2099.4794 4.9e-06 0.0004858 
5260000 14586 413.294 649474.0 48.86 5.9354 4862 9822944.0 2026.3902 5e-06 0.0004958 
5270000 14610 412.824 650670.0 48.713 5.9493 4870 9841180.0 2180.6474 4.9e-06 0.0004924 
5280000 14637 392.879 651946.0 47.513 5.6599 4879 9859353.0 2046.4909 4.7e-06 0.0004722 
5290000 14658 422.504 652885.0 47.336 6.0724 4886 9872522.0 2018.514 4.7e-06 0.0004713 
5300000 14683 415.065 654112.0 48.242 5.965 4894 9891197.0 2114.8649 4.7e-06 0.0004741 
5310000 14708 406.474 655265.0 47.577 5.8479 4902 9909062.0 2175.9331 4.8e-06 0.0004843 
5320000 14736 382.32 656626.0 46.7 5.4878 4912 9927534.0 2014.6606 4.7e-06 0.0004709 
5330000 14763 382.461 657822.0 46.783 5.5012 4921 9944717.0 2007.8783 4.7e-06 0.0004728 
5340000 14787 390.702 659006.0 46.474 5.6318 4929 9963653.0 2187.0585 4.7e-06 0.0004685 
5350000 14812 395.449 660183.0 47.859 5.7074 4937 9981918.0 2178.4709 4.7e-06 0.0004663 
5360000 14833 432.346 661228.0 49.113 6.2323 4944 9999997.0 2449.0142 4.6e-06 0.0004619 
5370000 14859 404.978 662408.0 46.462 5.8353 4953 10017981.0 2204.9116 4.6e-06 0.0004571 
5380000 14886 388.934 663652.0 45.996 5.5938 4962 10037704.0 2174.0899 4.8e-06 0.0004756 
5390000 14912 384.772 664777.0 44.796 5.5358 4970 10055368.0 2113.3006 4.6e-06 0.0004596 
5400000 14934 401.665 665907.0 45.532 5.787 4978 10070786.0 2005.0167 4.6e-06 0.0004645 
5410000 14961 398.703 667039.0 45.627 5.7524 4987 10087799.0 2065.5396 4.6e-06 0.0004609 
5420000 14988 376.221 668385.0 45.271 5.4403 4996 10106992.0 2011.0995 4.6e-06 0.0004556 
5430000 15013 391.176 669542.0 47.632 5.6461 5004 10123727.0 2017.2777 4.6e-06 0.0004551 
5440000 15037 397.002 670900.0 50.248 5.7312 5012 10145163.0 2328.444 4.7e-06 0.0004702 
5450000 15063 397.067 672202.0 50.551 5.7216 5021 10164387.0 2321.4254 4.7e-06 0.0004672 
5460000 15083 426.579 673306.0 51.461 6.1546 5027 10181827.0 2502.1677 4.8e-06 0.0004816 
5470000 15110 404.978 674606.0 50.278 5.843 5036 10201490.0 2222.3947 4.8e-06 0.0004836 
5480000 15132 428.139 675748.0 50.905 6.1798 5044 10218158.0 2346.3387 5e-06 0.0005003 
5490000 15155 429.341 676915.0 51.003 6.1952 5051 10235795.0 2263.6908 4.9e-06 0.0004872 
5500000 15180 407.655 678112.0 48.094 5.8681 5060 10254490.0 2116.9269 4.9e-06 0.0004894 
5510000 15204 412.016 679394.0 50.3 5.9315 5068 10274176.0 2314.571 4.7e-06 0.0004677 
5520000 15229 413.133 680563.0 50.528 5.9399 5076 10291051.0 2124.8294 4.8e-06 0.0004788 
5530000 15254 400.899 681718.0 49.059 5.7629 5084 10307396.0 2075.3322 4.7e-06 0.0004727 
5540000 15271 459.743 682873.0 54.073 6.6084 5090 10325539.0 2676.5712 4.9e-06 0.0004932 
5550000 15291 468.116 683888.0 51.955 6.7253 5097 10340169.0 2402.9249 4.9e-06 0.0004906 
5560000 15315 446.252 685059.0 50.577 6.4134 5105 10356665.0 2191.6876 4.9e-06 0.0004862 
5570000 15342 417.801 686293.0 49.262 5.9962 5114 10377218.0 2338.8303 4.9e-06 0.0004934 
5580000 15364 431.318 687431.0 50.288 6.2023 5121 10394046.0 2269.3419 4.7e-06 0.0004667 
5590000 15387 427.932 688614.0 49.594 6.1514 5129 10411303.0 2271.2614 4.7e-06 0.0004694 
5600000 15410 430.751 689687.0 49.671 6.1823 5136 10427270.0 2237.662 4.7e-06 0.0004656 
5610000 15437 405.807 690989.0 49.21 5.8336 5145 10447663.0 2286.6142 4.6e-06 0.0004611 
5620000 15463 393.319 692266.0 48.045 5.6552 5154 10466797.0 2251.5186 4.6e-06 0.0004617 
5630000 15486 395.826 693478.0 48.186 5.6925 5162 10484084.0 2119.2 4.6e-06 0.0004592 
5640000 15508 423.112 694517.0 49.779 6.0886 5169 10500372.0 2243.8613 4.6e-06 0.0004615 
5650000 15529 432.921 695571.0 50.127 6.2345 5176 10518431.0 2371.2457 4.6e-06 0.0004647 
5660000 15550 457.99 696801.0 53.062 6.5957 5183 10538920.0 2793.1765 8.4e-06 0.0008388 
5670000 15576 418.923 698069.0 49.956 6.0359 5192 10556494.0 2248.1943 5.1e-06 0.0005134 
5680000 15599 434.177 699170.0 50.403 6.2475 5199 10572661.0 2230.3723 5e-06 0.0004967 
5690000 15624 419.86 700410.0 49.812 6.0399 5208 10591396.0 2260.4672 4.8e-06 0.0004816 
5700000 15648 408.057 701844.0 51.676 5.8558 5216 10613182.0 2415.6389 4.9e-06 0.0004866 
5710000 15671 424.134 702936.0 51.886 6.0779 5223 10630119.0 2424.5158 4.9e-06 0.0004864 
5720000 15695 423.038 704197.0 52.032 6.0658 5231 10649265.0 2357.1141 4.9e-06 0.0004863 
5730000 15720 406.828 705456.0 49.743 5.827 5240 10669220.0 2341.5423 4.9e-06 0.0004861 
5740000 15748 390.26 706689.0 48.288 5.5912 5249 10691482.0 2429.9739 4.9e-06 0.000487 
5750000 15774 385.876 707816.0 45.818 5.5363 5258 10708586.0 2126.9328 4.7e-06 0.000473 
5760000 15802 376.039 709196.0 47.671 5.4057 5267 10730158.0 2116.3317 4.7e-06 0.0004667 
5770000 15828 373.725 710439.0 46.527 5.3855 5276 10747442.0 2106.118 4.6e-06 0.0004591 
5780000 15849 404.781 711466.0 46.353 5.8397 5283 10762671.0 2009.187 4.7e-06 0.0004716 
5790000 15873 407.395 712737.0 48.724 5.8688 5291 10780807.0 2198.5522 4.9e-06 0.0004884 
5800000 15900 389.09 714052.0 48.435 5.604 5300 10799410.0 2164.0065 4.9e-06 0.000487 
5810000 15926 392.264 715253.0 49.115 5.645 5308 10816654.0 2138.998 4.8e-06 0.0004829 
5820000 15951 393.177 716508.0 48.855 5.6596 5317 10833749.0 2077.4132 4.8e-06 0.0004782 
5830000 15975 407.073 717582.0 47.905 5.8469 5325 10851795.0 2180.7428 4.8e-06 0.0004824 
5840000 16002 391.647 718820.0 46.566 5.6377 5334 10870558.0 2132.5417 4.9e-06 0.0004899 
5850000 16027 393.49 720013.0 47.393 5.6673 5342 10888243.0 2022.7637 4.7e-06 0.0004684 
5860000 16053 384.057 721187.0 44.988 5.5185 5351 10904307.0 1892.5512 4.7e-06 0.0004655 
5870000 16080 383.911 722363.0 45.613 5.5209 5360 10922390.0 2078.766 4.7e-06 0.0004692 
5880000 16107 369.756 723653.0 45.102 5.3295 5369 10941383.0 1989.8187 4.7e-06 0.0004738 
5890000 16131 387.619 724820.0 45.974 5.586 5377 10956999.0 1959.9204 4.8e-06 0.000482 
5900000 16156 394.436 725936.0 46.192 5.5489 5385 10972874.0 1985.282 4.8e-06 0.0004809 
5910000 16179 409.233 727135.0 48.266 5.0433 5393 10992181.0 2292.2704 4.9e-06 0.0004871 
5920000 16201 427.788 728313.0 50.307 4.8363 5400 11009539.0 2199.8556 4.9e-06 0.0004942 
5930000 16225 423.723 729430.0 49.119 4.51 5408 11026265.0 2158.2483 4.9e-06 0.0004879 
5940000 16250 399.896 730562.0 47.68 4.0973 5416 11044050.0 2152.9816 4.8e-06 0.0004842 
5950000 16275 414.35 731734.0 47.278 4.1408 5425 11063665.0 2337.0947 4.8e-06 0.0004789 
5960000 16300 408.216 732923.0 47.523 3.9981 5433 11082150.0 2248.6301 4.7e-06 0.0004739 
5970000 16320 430.612 734110.0 49.604 4.1847 5440 11102010.0 2472.65 4.8e-06 0.0004779 
5980000 16350 392.86 735420.0 48.239 3.8073 5450 11123630.0 2417.8195 4.7e-06 0.000475 
5990000 16374 393.569 736677.0 47.974 3.7949 5458 11145336.0 2469.0976 4.8e-06 0.0004779 
6000000 16401 382.701 737938.0 46.828 3.6749 5467 11163449.0 2170.5014 4.6e-06 0.0004647 
