10000 10 175.876 -1.0 -0.018 0.4392 0 0 0 
20000 20 326.631 -1.0 -0.014 0.8079 0 0 0 
30000 78 240.821 -43.0 -0.479 0.9252 0 0 0 
40000 88 379.695 -43.0 -0.392 1.6278 0 0 0 
50000 112 404.281 -55.0 -0.444 1.8322 0 0 0 
60000 129 445.451 -63.0 -0.454 2.0569 0 0 0 
70000 157 412.498 -76.0 -0.447 1.9504 0 0 0 
80000 175 453.052 -72.0 -0.242 2.1676 0 0 0 
90000 185 549.973 -71.0 -0.178 2.6406 0 0 0 
100000 203 559.302 -74.0 -0.185 2.7045 0 0 0 
110000 220 566.665 -86.0 -0.335 2.7555 0 0 0 
120000 231 628.905 -85.0 -0.245 3.0689 0 0 0 
130000 248 625.911 -90.0 -0.255 3.0715 0 0 0 
140000 263 644.449 -90.0 -0.188 3.1542 0 0 0 
150000 277 652.784 -91.0 -0.167 3.1846 0 0 0 
160000 287 715.838 -90.0 -0.118 3.4721 0 0 0 
170000 297 767.819 -90.0 -0.097 3.751 0 0 0 
180000 308 792.717 -90.0 -0.077 3.8388 0 0 0 
190000 319 828.45 -89.0 -0.043 4.0515 0 0 0 
200000 337 731.174 -93.0 -0.092 3.5646 0 0 0 
210000 349 764.944 -92.0 -0.055 3.7418 0 0 0 
220000 361 774.554 -92.0 -0.044 3.7984 0 0 0 
230000 383 660.883 -84.0 0.105 3.2398 0 0 0 
240000 396 682.224 -83.0 0.098 3.3732 0 0 0 
250000 410 692.222 -75.0 0.218 3.4281 0 0 0 
260000 422 713.672 -73.0 0.208 3.5259 0 0 0 
270000 438 686.412 -80.0 0.023 3.3702 0 0 0 
280000 459 612.996 -87.0 -0.099 3.0111 0 0 0 
290000 478 581.845 -87.0 -0.051 2.8449 0 0 0 
300000 530 322.749 -126.0 -0.529 1.5992 0 0 0 
310000 610 147.935 -177.0 -0.581 0.7505 0 0 0 
320000 671 123.278 -216.0 -0.659 0.6245 0 0 0 
330000 810 76.693 -337.0 -0.841 0.3963 0 0 0 
340000 820 245.591 -337.0 -0.687 1.2325 0 0 0 
350000 847 309.206 -330.0 -0.3 1.539 0 0 0 
360000 872 342.568 -322.0 -0.047 1.723 0 0 0 
370000 893 378.417 -313.0 0.116 1.9027 0 0 0 
380000 918 396.718 -305.0 0.197 1.9813 0 0 0 
390000 942 397.551 -289.0 0.386 1.9871 0 0 0 
400000 973 369.133 -298.0 0.096 1.8406 0 0 0 
410000 1006 325.676 -273.0 0.428 1.6169 0 0 0 
420000 1041 322.228 -255.0 0.464 1.591 0 0 0 
430000 1068 321.709 -243.0 0.474 1.5678 0 0 0 
440000 1108 285.957 -223.0 0.499 1.4049 0 0 0 
450000 1151 253.325 -196.0 0.568 1.2557 0 0 0 
460000 1206 207.345 -169.0 0.609 1.0381 0 0 0 
470000 1239 243.588 -143.0 0.689 1.2079 0 0 0 
480000 1276 255.01 -120.0 0.667 1.2732 0 0 0 
490000 1308 275.162 -100.0 0.676 1.3922 0 0 0 
500000 1342 273.209 -73.0 0.736 1.3689 0 0 0 
510000 1389 242.799 -38.0 0.716 1.229 0 0 0 
520000 1436 212.023 -7.0 0.715 1.0617 0 0 0 
530000 1497 170.117 39.0 0.745 0.8541 0 0 0 
540000 1609 85.554 133.0 0.853 0.4291 0 0 0 
550000 1767 61.809 259.0 0.758 0.3157 0 0 0 
560000 1914 58.269 390.0 0.952 0.3007 0 0 0 
570000 2036 87.836 484.0 0.767 0.4436 0 0 0 
580000 2173 58.953 607.0 0.91 0.3023 0 0 0 
590000 2371 50.135 805.0 0.998 0.263 0 0 0 
600000 2576 46.176 997.0 0.927 0.2315 0 0 0 
610000 2742 50.793 1154.0 0.984 0.2609 0 0 0 
620000 2970 41.29 1373.0 0.956 0.2155 0 0 0 
630000 3152 57.992 1541.0 0.906 0.2929 0 0 0 
640000 3365 44.334 1738.0 0.923 0.2255 0 0 0 
650000 3558 46.93 1929.0 0.998 0.2415 0 0 0 
660000 3774 51.257 2143.0 0.996 0.2602 0 0 0 
670000 3981 48.473 2350.0 1.0 0.2572 0 0 0 
680000 4189 53.365 2556.0 0.97 0.2747 0 0 0 
690000 4402 49.04 2767.0 0.982 0.2552 0 0 0 
700000 4634 40.813 2997.0 0.991 0.2179 0 0 0 
710000 4853 43.897 3214.0 0.993 0.2294 0 0 0 
720000 5103 40.385 3462.0 1.0 0.2026 0 0 0 
730000 5318 44.588 3676.0 0.998 0.235 0 0 0 
740000 5540 41.582 3898.0 1.0 0.2258 0 0 0 
750000 5751 41.772 4104.0 0.982 0.2128 0 0 0 
760000 5995 40.405 4346.0 0.98 0.2112 0 0 0 
770000 6235 40.718 4584.0 0.986 0.2171 0 0 0 
780000 6433 47.895 4780.0 0.994 0.2549 0 0 0 
790000 6660 40.772 5007.0 1.0 0.2094 0 0 0 
800000 6921 38.724 5264.0 0.997 0.1992 0 0 0 
810000 7160 43.694 5499.0 0.95 0.2267 0 0 0 
820000 7414 38.228 5747.0 0.979 0.2035 0 0 0 
830000 7650 38.056 5983.0 1.0 0.1964 0 0 0 
840000 7884 38.191 6217.0 1.0 0.1997 0 0 0 
850000 8136 38.45 6468.0 1.0 0.1934 0 0 0 
860000 8365 42.955 6693.0 0.998 0.2262 0 0 0 
870000 8613 36.822 6941.0 1.0 0.1901 0 0 0 
880000 8847 38.324 7174.0 0.999 0.2038 0 0 0 
890000 9076 43.194 7402.0 1.0 0.2333 0 0 0 
900000 9346 35.186 7670.0 1.0 0.1886 0 0 0 
910000 9555 39.106 7875.0 0.996 0.2007 0 0 0 
920000 9826 37.774 8144.0 0.973 0.1947 0 0 0 
930000 10097 36.331 8411.0 0.954 0.2018 0 0 0 
940000 10326 46.45 8635.0 0.985 0.2507 0 0 0 
950000 10584 38.412 8885.0 0.98 0.1981 0 0 0 
960000 10855 35.787 9152.0 0.999 0.1929 0 0 0 
970000 11133 33.952 9428.0 1.0 0.1748 0 0 0 
980000 11392 41.557 9687.0 1.0 0.2222 0 0 0 
990000 11661 37.879 9954.0 0.993 0.1981 0 0 0 
1000000 11932 36.252 10223.0 0.999 0.1948 0 0 0 
