10000 10 176.781 -8.0 -0.148 0.6199 0 0 0 0.0 0.0 
20000 20 320.744 -18.0 -0.304 1.1179 0 0 0 0.0 0.0 
30000 106 124.009 -90.0 -0.772 0.8089 0 0 0 0.0001754 0.0017541 
40000 154 216.465 -130.0 -0.797 1.8583 0 0 0 0.0001478 0.0014779 
50000 221 217.309 -185.0 -0.811 1.9603 0 0 0 0.0001427 0.0014269 
60000 231 360.484 -195.0 -0.846 3.2915 0 0 0 0.0001321 0.0013214 
70000 242 468.731 -202.0 -0.801 4.2949 0 0 0 0.0001395 0.0013954 
80000 252 565.915 -212.0 -0.837 5.1819 0 0 0 0.0001527 0.0015274 
90000 268 577.771 -220.0 -0.738 5.3112 0 0 0 0.0001485 0.0014853 
100000 299 479.438 -245.0 -0.764 4.4361 0 0 0 0.0001574 0.0015738 
110000 312 538.942 -248.0 -0.637 5.0029 0 0 0 0.0001561 0.0015615 
120000 328 554.53 -260.0 -0.676 5.1508 0 0 0 0.0001709 0.001709 
130000 351 523.302 -265.0 -0.493 4.8593 0 0 0 0.0001839 0.0018389 
140000 401 312.908 -291.0 -0.554 2.9048 0 0 0 0.0001854 0.001854 
150000 412 429.08 -298.0 -0.57 4.0103 0 0 0 0.0001855 0.0018552 
160000 437 405.65 -313.0 -0.593 3.7934 0 0 0 0.0001879 0.0018787 
170000 455 460.656 -309.0 -0.33 4.2998 0 0 0 0.0001887 0.0018874 
180000 470 517.586 -310.0 -0.256 4.8292 0 0 0 0.0001839 0.0018388 
190000 485 554.67 -313.0 -0.238 5.1758 0 0 0 0.0001852 0.0018521 
200000 501 567.643 -319.0 -0.277 5.3048 0 0 0 0.0001837 0.0018368 
210000 538 403.593 -312.0 -0.022 3.7566 0 0 0 0.0001781 0.0017811 
220000 568 365.921 -296.0 0.202 3.4033 0 0 0 0.0001705 0.0017052 
230000 584 432.482 -300.0 0.074 4.0225 0 0 0 0.0001642 0.0016421 
240000 608 430.282 -306.0 -0.057 4.0041 0 0 0 0.0001587 0.0015874 
250000 638 386.841 -302.0 0.045 3.5815 0 0 0 0.0001531 0.0015314 
260000 661 397.62 -299.0 0.056 3.7029 0 0 0 0.0001471 0.0014715 
270000 692 355.639 -304.0 -0.05 3.3036 0 0 0 0.0001401 0.0014012 
280000 759 201.493 -329.0 -0.31 1.8846 0 0 0 0.000134 0.0013399 
290000 813 210.216 -305.0 0.136 1.9668 0 0 0 0.0001255 0.0012553 
300000 892 139.175 -268.0 0.31 1.2997 0 0 0 0.000119 0.00119 
310000 931 190.984 -257.0 0.313 1.7819 0 0 0 0.0001163 0.0011629 
320000 997 155.418 -201.0 0.739 1.4645 0 0 0 0.0001108 0.0011079 
330000 1082 119.877 -132.0 0.821 1.1296 0 0 0 0.0001021 0.0010206 
340000 1140 150.888 -90.0 0.796 1.408 0 0 0 9.95e-05 0.0009946 
350000 1324 44.848 88.0 0.951 0.4328 0 0 0 9.47e-05 0.0009474 
360000 1548 50.957 308.0 0.977 0.4803 0 0 0 9.35e-05 0.0009346 
370000 1737 48.861 491.0 0.99 0.4644 0 0 0 9.2e-05 0.0009199 
380000 1987 36.853 733.0 0.94 0.3499 0 0 0 9.03e-05 0.0009028 
390000 2237 37.214 977.0 0.981 0.3511 0 0 0 8.53e-05 0.0008533 
400000 2468 41.985 1202.0 0.997 0.4031 0 0 0 8.41e-05 0.0008413 
410000 2705 44.393 1437.0 1.0 0.4226 0 0 0 8.1e-05 0.0008101 
420000 2908 50.539 1630.0 0.895 0.4744 0 0 0 7.81e-05 0.0007808 
430000 3154 36.228 1864.0 0.934 0.3477 0 0 0 7.49e-05 0.0007492 
440000 3389 43.677 2095.0 0.997 0.4163 0 0 0 7.21e-05 0.0007209 
450000 3629 42.754 2331.0 0.988 0.4086 0 0 0 6.9e-05 0.0006898 
460000 3860 44.624 2558.0 0.976 0.4273 0 0 0 6.49e-05 0.0006492 
470000 4092 50.02 2782.0 0.955 0.4811 0 0 0 6.37e-05 0.0006373 
480000 4287 59.244 2969.0 0.968 0.5704 0 0 0 6.32e-05 0.0006321 
490000 4461 67.454 3141.0 0.984 0.6412 0 0 0 6.32e-05 0.0006318 
500000 4613 65.798 3287.0 0.963 0.633 0 0 0 6.16e-05 0.0006161 
510000 4839 43.41 3507.0 0.968 0.4217 0 0 0 5.95e-05 0.0005954 
520000 5085 37.54 3747.0 0.995 0.3682 0 0 0 5.59e-05 0.0005588 
530000 5293 45.15 3947.0 0.961 0.4376 0 0 0 5.43e-05 0.0005432 
540000 5550 39.264 4194.0 0.964 0.3833 0 0 0 5.04e-05 0.0005035 
550000 5736 53.173 4372.0 0.933 0.5131 0 0 0 5.07e-05 0.0005071 
560000 5987 41.192 4621.0 0.997 0.4016 0 0 0 4.81e-05 0.0004809 
570000 6235 40.983 4867.0 0.996 0.3958 0 0 0 4.55e-05 0.0004545 
580000 6487 39.128 5115.0 0.999 0.3849 0 0 0 4.43e-05 0.0004432 
590000 6743 37.639 5361.0 0.99 0.3674 0 0 0 4.31e-05 0.0004307 
600000 6986 38.093 5602.0 1.0 0.3675 0 0 0 4.15e-05 0.0004153 
610000 7228 41.642 5844.0 1.0 0.3986 0 0 0 4.21e-05 0.0004211 
620000 7487 37.989 6101.0 0.977 0.3742 0 0 0 4.14e-05 0.0004143 
630000 7724 40.584 6334.0 0.996 0.3923 0 0 0 4.15e-05 0.000415 
640000 7965 37.956 6575.0 1.0 0.3707 0 0 0 4.04e-05 0.0004039 
650000 8192 62.177 6800.0 0.961 0.6081 0 0 0 3.79e-05 0.0003794 
660000 8454 38.274 7062.0 1.0 0.3788 0 0 0 3.78e-05 0.0003781 
670000 8675 45.201 7279.0 0.995 0.4352 0 0 0 3.8e-05 0.0003804 
680000 8930 38.197 7530.0 0.998 0.3706 0 0 0 3.65e-05 0.0003647 
690000 9188 40.31 7786.0 0.972 0.3945 0 0 0 3.47e-05 0.0003468 
700000 9445 39.114 8043.0 1.0 0.3831 0 0 0 3.37e-05 0.0003372 
710000 9687 41.125 8281.0 0.979 0.4001 0 0 0 3.37e-05 0.0003369 
720000 9945 39.811 8539.0 1.0 0.3832 0 0 0 3.24e-05 0.0003244 
730000 10171 41.189 8763.0 0.999 0.4 0 0 0 3.01e-05 0.0003015 
740000 10392 39.783 8980.0 0.994 0.3897 0 0 0 2.99e-05 0.0002991 
750000 10639 41.184 9227.0 1.0 0.3991 0 0 0 2.94e-05 0.0002937 
760000 10851 55.622 9435.0 0.966 0.5309 0 0 0 2.99e-05 0.0002992 
770000 11065 46.119 9647.0 0.996 0.4458 0 0 0 2.96e-05 0.0002959 
780000 11333 38.27 9915.0 1.0 0.3735 0 0 0 2.87e-05 0.0002873 
790000 11564 44.047 10142.0 0.974 0.4334 0 0 0 2.79e-05 0.0002791 
800000 11792 37.432 10364.0 0.97 0.3638 0 0 0 2.76e-05 0.0002764 
810000 12042 42.877 10614.0 1.0 0.4229 0 0 0 2.67e-05 0.0002673 
820000 12299 38.44 10869.0 0.997 0.376 0 0 0 2.66e-05 0.0002655 
830000 12568 36.208 11136.0 1.0 0.3489 0 0 0 2.55e-05 0.0002554 
840000 12800 41.671 11364.0 0.998 0.4123 0 0 0 2.42e-05 0.0002419 
850000 13001 39.757 11561.0 0.996 0.3878 0 0 0 2.62e-05 0.0002625 
860000 13223 38.912 11781.0 0.999 0.3754 0 0 0 2.62e-05 0.0002618 
870000 13482 35.666 12036.0 0.953 0.3428 0 0 0 2.5e-05 0.0002497 
880000 13747 37.907 12299.0 0.998 0.3676 0 0 0 2.62e-05 0.0002617 
890000 13981 39.791 12525.0 0.958 0.3881 0 0 0 2.42e-05 0.0002423 
900000 14218 39.927 12756.0 0.938 0.3899 0 0 0 2.49e-05 0.0002494 
910000 14488 40.269 13022.0 0.983 0.3907 0 0 0 2.38e-05 0.0002377 
920000 14735 38.287 13267.0 0.994 0.3739 0 0 0 2.43e-05 0.0002433 
930000 15014 36.583 13544.0 0.995 0.3589 0 0 0 2.34e-05 0.0002343 
940000 15289 34.916 13815.0 0.992 0.3339 0 0 0 2.32e-05 0.0002318 
950000 15544 38.348 14068.0 0.972 0.3809 0 0 0 2.2e-05 0.0002201 
960000 15805 39.954 14329.0 1.0 0.3941 0 0 0 2.26e-05 0.0002261 
970000 16086 36.119 14610.0 1.0 0.354 0 0 0 2.2e-05 0.0002202 
980000 16340 34.231 14862.0 0.999 0.3329 0 0 0 2.09e-05 0.0002093 
990000 16606 39.374 15126.0 1.0 0.3819 0 0 0 2.1e-05 0.0002102 
1000000 16860 35.942 15372.0 0.962 0.3519 0 0 0 2.09e-05 0.0002087 
