0 0 0.0 0.0 0.0 0.0 0 0 0 0.0 6.07e-05 
10000 10 182.927 0.0 0.0 0.5012 0 0 0 0.0 -0.0148957 
20000 20 332.392 0.0 0.0 0.9137 0 0 0 0.0 0.0026114 
30000 42 362.094 -13.0 -0.213 1.6558 0 0 0 0.0007405 0.0434019 
40000 53 479.157 -14.0 -0.189 2.683 0 0 0 0.0006578 -0.0076201 
50000 63 574.433 -14.0 -0.154 3.4805 0 0 0 0.0006314 -0.0248802 
60000 132 240.841 -64.0 -0.613 1.562 0 0 0 0.0006451 -0.0394821 
70000 175 269.159 -97.0 -0.671 1.8624 0 0 0 0.0006775 -0.0459836 
80000 186 395.468 -99.0 -0.575 2.7659 0 0 0 0.0006823 0.0625757 
90000 197 495.788 -101.0 -0.497 3.4905 0 0 0 0.0006833 0.11061 
100000 207 588.022 -101.0 -0.406 4.1381 0 0 0 0.00068 -0.0882194 
110000 217 663.384 -101.0 -0.332 4.6704 0 0 0 0.0006843 -0.0769964 
120000 227 724.96 -101.0 -0.271 5.1119 0 0 0 0.0006777 -0.0130409 
130000 237 775.272 -101.0 -0.221 5.4646 0 0 0 0.0006836 -0.0294721 
140000 247 816.381 -101.0 -0.181 5.7618 0 0 0 0.0006684 0.0655324 
150000 257 849.97 -101.0 -0.148 6.0042 0 0 0 0.0006758 -0.1018941 
160000 267 877.415 -101.0 -0.121 6.2204 0 0 0 0.000666 -0.011097 
170000 277 899.839 -101.0 -0.099 6.3833 0 0 0 0.000654 0.2028086 
180000 287 918.161 -101.0 -0.081 6.5231 0 0 0 0.0006681 0.0409667 
190000 297 928.229 -102.0 -0.083 6.5849 0 0 0 0.0006466 0.0071202 
200000 307 941.231 -103.0 -0.086 6.709 0 0 0 0.0006465 -0.0158153 
210000 317 951.982 -103.0 -0.07 6.7753 0 0 0 0.000582 0.1049115 
220000 327 960.766 -103.0 -0.057 6.8343 0 0 0 0.0005343 0.0174065 
230000 337 967.943 -103.0 -0.047 6.8821 0 0 0 0.0004865 0.0872691 
240000 347 973.807 -103.0 -0.038 6.9116 0 0 0 0.0004437 -0.0633217 
250000 357 978.598 -103.0 -0.031 6.9339 0 0 0 0.0003863 -0.0591625 
260000 368 967.063 -102.0 -0.005 6.8635 0 0 0 0.0003233 0.1630708 
270000 378 966.554 -103.0 -0.021 6.8527 0 0 0 0.0002801 -0.0353629 
280000 389 967.213 -104.0 -0.034 6.8541 0 0 0 0.0002371 -0.0632479 
290000 399 973.21 -104.0 -0.028 6.9042 0 0 0 0.0002087 -0.0403782 
300000 409 978.111 -104.0 -0.023 6.9546 0 0 0 0.0001972 0.0497822 
310000 419 974.475 -105.0 -0.036 6.954 0 0 0 0.0001846 0.0204681 
320000 429 979.145 -105.0 -0.029 7.0251 0 0 0 0.0001755 0.1441727 
330000 439 982.96 -105.0 -0.024 7.0812 0 0 0 0.0001674 -0.02519 
340000 449 986.077 -105.0 -0.02 7.1186 0 0 0 0.0001552 0.0383311 
350000 459 988.624 -105.0 -0.016 7.1463 0 0 0 0.0001495 0.1164614 
360000 469 990.705 -105.0 -0.013 7.1795 0 0 0 0.0001442 0.0086606 
370000 479 992.405 -105.0 -0.011 7.2143 0 0 0 0.000141 0.1371274 
380000 489 993.794 -105.0 -0.009 7.2241 0 0 0 0.000138 -0.035246 
390000 500 979.931 -104.0 0.013 7.1302 0 0 0 0.0001315 -0.0512103 
400000 510 983.602 -104.0 0.011 7.1594 0 0 0 0.0001275 -0.0729718 
410000 520 986.602 -104.0 0.009 7.202 0 0 0 0.0001237 -0.0223741 
420000 530 989.053 -104.0 0.007 7.2031 0 0 0 0.0001261 -0.0220802 
430000 540 991.055 -104.0 0.006 7.2177 0 0 0 0.0001187 -0.0711945 
440000 550 985.004 -103.0 0.021 7.198 0 0 0 0.0001153 0.0191858 
450000 560 987.747 -103.0 0.017 7.2112 0 0 0 0.0001099 0.0678353 
460000 570 989.989 -103.0 0.014 7.2436 0 0 0 0.0001084 -0.0640523 
470000 580 991.82 -103.0 0.012 7.2437 0 0 0 0.0001032 -0.0313565 
480000 590 993.316 -103.0 0.01 7.2768 0 0 0 0.0001019 0.0823768 
490000 600 994.539 -103.0 0.008 7.2824 0 0 0 0.0001001 0.0452662 
500000 610 994.351 -104.0 -0.011 7.2655 0 0 0 9.78e-05 -0.0502945 
510000 620 995.384 -104.0 -0.009 7.2643 0 0 0 9.42e-05 0.081799 
520000 630 996.229 -104.0 -0.008 7.2884 0 0 0 9.4e-05 -0.0250033 
530000 640 996.919 -104.0 -0.006 7.3326 0 0 0 9.29e-05 0.0743656 
540000 650 997.399 -105.0 -0.022 7.3181 0 0 0 8.82e-05 -0.0196034 
550000 660 997.875 -105.0 -0.018 7.3014 0 0 0 8.81e-05 -0.0631768 
560000 670 998.263 -105.0 -0.015 7.3105 0 0 0 8.42e-05 0.1327526 
570000 680 998.562 -104.0 0.008 7.3136 0 0 0 7.93e-05 0.0117324 
580000 690 998.825 -104.0 0.006 7.2995 0 0 0 7.67e-05 -0.0038383 
590000 700 999.04 -104.0 0.005 7.2991 0 0 0 7.6e-05 0.0878724 
600000 710 999.215 -104.0 0.004 7.296 0 0 0 7.49e-05 -0.023273 
610000 720 999.359 -104.0 0.003 7.327 0 0 0 7.08e-05 0.0128505 
620000 730 999.476 -104.0 0.003 7.332 0 0 0 6.99e-05 0.0103802 
630000 740 999.572 -104.0 0.002 7.3252 0 0 0 7.06e-05 -0.0015201 
640000 750 999.65 -104.0 0.002 7.3541 0 0 0 6.92e-05 -0.0810908 
650000 760 999.714 -104.0 0.002 7.3558 0 0 0 7.02e-05 -0.0616544 
660000 770 999.767 -104.0 0.001 7.3452 0 0 0 6.83e-05 0.0220127 
670000 780 999.809 -104.0 0.001 7.3495 0 0 0 6.89e-05 0.0215275 
680000 790 999.844 -104.0 0.001 7.3406 0 0 0 6.82e-05 -0.0576628 
690000 801 989.508 -103.0 0.019 7.2669 0 0 0 6.93e-05 0.0034973 
700000 811 991.427 -103.0 0.016 7.2795 0 0 0 6.84e-05 0.0085566 
710000 821 992.995 -103.0 0.013 7.2982 0 0 0 7e-05 -0.0781493 
720000 831 994.277 -103.0 0.01 7.3385 0 0 0 6.68e-05 -0.0170907 
730000 841 993.344 -104.0 -0.011 7.3366 0 0 0 6.75e-05 0.0664563 
740000 851 988.519 -105.0 -0.027 7.2909 0 0 0 6.69e-05 -0.0323627 
750000 861 990.619 -105.0 -0.022 7.3072 0 0 0 6.64e-05 -0.0276866 
760000 871 992.046 -106.0 -0.036 7.3219 0 0 0 6.61e-05 0.0599809 
770000 882 980.326 -107.0 -0.046 7.2141 0 0 0 6.56e-05 -0.0553693 
780000 893 972.774 -106.0 -0.021 7.1501 0 0 0 6.5e-05 -0.0583571 
790000 903 970.541 -107.0 -0.035 7.1306 0 0 0 6.43e-05 -0.0150063 
800000 913 975.93 -107.0 -0.028 7.1606 0 0 0 6.23e-05 -0.0344918 
810000 923 979.872 -108.0 -0.042 7.179 0 0 0 6.13e-05 -0.0589583 
820000 933 982.755 -109.0 -0.052 7.2099 0 0 0 6.32e-05 -0.0150952 
830000 944 979.773 -110.0 -0.061 7.1809 0 0 0 6.16e-05 -0.0127265 
840000 954 983.473 -110.0 -0.049 7.2009 0 0 0 5.9e-05 -0.0755988 
850000 964 986.496 -110.0 -0.04 7.2164 0 0 0 5.97e-05 0.000851 
860000 974 981.129 -111.0 -0.052 7.1875 0 0 0 5.9e-05 -0.0129673 
870000 984 984.581 -111.0 -0.043 7.2329 0 0 0 5.75e-05 -0.0339466 
880000 994 987.402 -111.0 -0.035 7.254 0 0 0 5.62e-05 0.132636 
890000 1004 989.706 -111.0 -0.028 7.2794 0 0 0 5.6e-05 -0.0341222 
900000 1014 991.589 -111.0 -0.023 7.3014 0 0 0 5.6e-05 0.0871516 
910000 1025 985.612 -112.0 -0.035 7.2638 0 0 0 5.35e-05 0.0407032 
920000 1035 985.986 -111.0 -0.011 7.2728 0 0 0 5.55e-05 -0.1043403 
930000 1045 988.55 -111.0 -0.009 7.2763 0 0 0 5.47e-05 0.0729673 
940000 1055 990.644 -111.0 -0.008 7.279 0 0 0 5.56e-05 -0.1129189 
950000 1065 992.356 -111.0 -0.006 7.2914 0 0 0 5.6e-05 -0.120359 
960000 1075 990.286 -112.0 -0.024 7.2792 0 0 0 5.65e-05 0.0212473 
970000 1085 992.063 -112.0 -0.019 7.3021 0 0 0 5.65e-05 -0.0704432 
980000 1095 993.515 -112.0 -0.016 7.3293 0 0 0 5.62e-05 0.0098445 
990000 1105 994.701 -112.0 -0.013 7.3222 0 0 0 5.57e-05 -0.0850901 
