10000 22 156.904 145.6 2.211 3.2386 22 36841.0 1414.4448 0.0 0.0 
20000 46 258.879 307.067 4.026 5.3775 46 77205.0 1716.1901 0.0 0.0 
30000 65 342.053 474.667 5.565 7.1196 65 114451.0 1882.4188 0.0 0.0 
40000 87 387.72 718.867 7.801 9.5983 87 148451.0 1587.2802 0.0312208 0.0858499 
50000 107 422.344 1438.2 17.27 11.8293 107 185184.0 1750.2518 0.0188245 0.0705963 
60000 121 486.658 2013.933 23.143 14.4971 121 208184.0 1748.5175 0.0141627 0.0581825 
70000 128 575.855 2512.267 28.522 17.5469 128 220821.0 1741.6231 0.0064442 0.047448 
80000 141 651.903 3163.2 34.146 20.2653 141 236956.0 1373.1926 0.0046808 0.0545508 
90000 165 549.118 4629.4 44.595 17.41 165 274838.0 1588.0154 0.0032414 0.0621744 
100000 187 521.702 6184.867 53.261 16.8227 187 317687.0 1791.4447 0.0033844 0.0698385 
110000 207 516.9 7472.4 57.233 16.8602 207 355471.0 1914.4501 0.0027896 0.0774619 
120000 226 525.698 8648.6 59.189 17.1983 226 387930.0 1742.617 0.0031906 0.0793718 
130000 234 642.342 9082.8 58.766 21.004 234 399162.0 1582.2629 0.0032604 0.0799983 
140000 243 720.147 9551.533 57.427 23.586 243 412059.0 1448.2426 0.0034655 0.0771223 
150000 251 788.982 10172.467 59.753 25.8647 251 428348.0 1723.3347 0.0023025 0.0785335 
160000 267 737.304 11251.267 62.576 24.2297 267 454947.0 1706.7632 0.0017175 0.079732 
170000 291 613.919 13033.933 66.61 20.1852 291 498984.0 1690.8864 0.0045006 0.0824014 
180000 320 500.695 15284.867 70.996 16.5122 320 556249.0 1972.4712 0.0038621 0.0820627 
190000 351 420.413 18088.067 81.137 13.895 351 624635.0 2402.0283 0.0023162 0.080663 
200000 386 349.235 21332.8 86.578 11.569 386 701087.0 2166.2228 0.0014366 0.0812588 
210000 417 342.388 24286.933 92.127 11.3501 417 771015.0 2476.0104 0.0017108 0.0812568 
220000 443 351.649 27329.333 100.357 11.6632 443 839802.0 2433.1713 0.001516 0.0818225 
230000 470 362.106 30166.267 102.96 12.0473 470 903298.0 2380.0401 0.0028792 0.0824882 
240000 503 333.728 33817.133 107.815 11.0618 503 982771.0 2411.439 0.0007527 0.0823329 
250000 536 321.717 37575.467 111.993 10.602 536 1063100.0 2550.807 0.0012521 0.0792541 
260000 562 344.513 40591.067 112.308 11.3499 562 1130285.0 2540.721 0.0029121 0.0772422 
270000 597 314.845 44136.8 106.882 10.4227 597 1209508.0 2296.4653 0.0012773 0.0764279 
280000 632 299.09 48104.933 109.756 9.9089 632 1296484.0 2287.2282 0.0023613 0.0749082 
290000 671 274.437 51768.6 101.12 9.0968 671 1380998.0 2114.085 0.0016742 0.0775835 
300000 701 298.515 55171.067 105.824 9.9189 701 1457328.0 2519.6495 0.0013195 0.0772949 
310000 731 320.141 58392.267 106.259 10.6158 731 1531535.0 2631.8362 0.0031605 0.0827374 
320000 761 332.573 61871.267 112.375 10.9872 761 1611434.0 2909.1283 0.0014729 0.0837265 
330000 793 326.917 65200.333 109.412 10.8051 793 1686951.0 2411.4981 0.0025798 0.0846172 
340000 814 372.405 68361.333 121.148 12.3662 814 1758991.0 3157.3836 0.0026645 0.0830539 
350000 836 407.516 71415.667 128.832 13.5747 836 1831562.0 3527.8265 0.0023186 0.0788873 
360000 856 443.77 74535.133 139.565 14.9733 856 1904093.0 3802.6782 0.0029322 0.0744061 
370000 878 444.816 77871.0 143.327 14.971 878 1980209.0 3425.5429 0.0024698 0.069313 
380000 891 513.85 79885.2 144.449 17.2798 891 2026167.0 3359.4146 0.0031451 0.0683489 
390000 909 522.687 82789.533 148.866 17.6162 909 2093674.0 3652.6545 0.0025753 0.0715456 
400000 927 538.391 85566.0 151.396 18.1308 927 2156804.0 3714.277 0.0023613 0.0759648 
410000 952 485.013 88850.6 144.764 16.2264 952 2231547.0 3034.4761 0.0030881 0.0812166 
420000 973 480.686 92127.6 148.765 16.127 973 2308210.0 3525.0046 0.00221 0.0834525 
430000 990 509.566 95392.2 159.5 17.05 990 2382160.0 4150.9839 0.0021429 0.0802446 
440000 1010 506.563 98768.8 161.96 16.8496 1010 2458117.0 3879.8619 0.0024651 0.0795065 
450000 1024 561.053 101292.533 168.088 18.7054 1024 2514841.0 4077.819 0.0033117 0.0725239 
460000 1038 591.972 103814.067 169.639 19.8423 1038 2573120.0 4032.983 0.001819 0.072089 
470000 1055 587.027 107102.267 175.912 19.778 1055 2647012.0 4342.3709 0.0016515 0.0697706 
480000 1071 605.655 110031.6 179.926 20.4529 1071 2715580.0 4309.5832 0.0012412 0.0733733 
490000 1088 601.823 113207.667 182.011 20.3751 1088 2787134.0 4340.9103 0.0008573 0.0772505 
500000 1102 633.963 115950.733 186.623 21.561 1102 2850753.0 4635.9284 0.0022439 0.078163 
510000 1120 610.147 119451.933 188.912 20.8065 1120 2928823.0 4368.8278 0.0016552 0.0720832 
520000 1134 621.871 122627.733 194.422 21.2942 1134 3002114.0 4703.988 0.0017253 0.069669 
530000 1151 624.269 126083.533 200.257 21.4747 1151 3078656.0 4803.3238 0.0010011 0.0630223 
540000 1177 528.085 130169.067 183.672 18.0197 1177 3168606.0 3606.3546 0.0009398 0.0715419 
550000 1198 503.769 134076.4 182.753 17.0078 1198 3252480.0 3883.3443 0.0024627 0.0772674 
560000 1217 507.666 137731.333 184.351 17.0867 1217 3333186.0 4100.9815 0.0015236 0.0828303 
570000 1234 533.129 141418.333 193.783 17.9098 1234 3414182.0 4670.4283 0.0023563 0.0840367 
580000 1242 643.284 142969.8 195.624 21.5486 1242 3448151.0 4579.3977 0.0018448 0.0784244 
590000 1250 702.495 144708.467 197.689 23.5718 1250 3486477.0 4552.6262 0.0020664 0.0751107 
600000 1269 666.671 148195.933 192.084 22.3158 1269 3561562.0 3791.3284 0.0034786 0.0727439 
610000 1273 733.448 149094.733 193.772 24.4917 1273 3580242.0 4029.9333 0.0013042 0.0747938 
620000 1295 690.711 152851.867 187.438 23.115 1295 3661376.0 4096.6799 0.0023454 0.0767991 
630000 1309 700.506 155690.2 192.074 23.4968 1309 3722657.0 4366.0564 0.0010899 0.0790383 
640000 1321 729.364 158376.2 199.374 24.4885 1321 3781650.0 4748.7249 0.0029003 0.0780986 
650000 1339 672.665 162300.933 203.292 22.7377 1339 3866674.0 4595.1548 0.0010844 0.0753343 
660000 1358 626.115 166010.6 201.289 21.2428 1358 3949501.0 4342.423 0.0002643 0.0745206 
670000 1375 609.948 169306.133 198.699 20.7158 1375 4020588.0 3975.207 0.0010305 0.0745565 
680000 1389 637.084 172262.4 201.394 21.7087 1389 4085488.0 4586.3138 0.0008313 0.0774897 
690000 1401 660.382 175089.733 207.731 22.5879 1401 4146939.0 4785.9408 0.0020085 0.0760939 
700000 1418 650.201 178586.2 206.93 22.2241 1418 4222998.0 4412.0741 0.0014543 0.0759202 
710000 1434 648.738 181963.467 209.301 22.2352 1434 4296001.0 4747.0254 0.001383 0.0739314 
720000 1449 647.466 185031.8 207.532 22.1526 1449 4362351.0 4461.9583 0.0017923 0.0752163 
730000 1464 646.696 187910.667 203.54 22.1258 1464 4427069.0 4369.8782 0.0048454 0.0745585 
740000 1479 656.587 191041.667 207.29 22.534 1479 4495580.0 4876.7663 0.0013397 0.0726707 
750000 1496 611.156 194523.867 203.943 21.0089 1496 4570445.0 4237.0815 0.0003519 0.0715006 
760000 1515 603.308 198356.533 205.9 20.738 1515 4652130.0 4513.7238 0.0017982 0.071882 
770000 1530 569.435 201573.933 205.127 19.5647 1530 4720870.0 4407.7023 0.0009585 0.0719731 
780000 1541 675.435 203962.333 209.625 23.0547 1541 4771754.0 4763.2912 0.0006434 0.0728846 
790000 1554 700.245 206253.933 202.602 23.8864 1554 4822398.0 4263.5864 0.0012992 0.0736706 
800000 1568 700.716 209326.933 206.897 23.9564 1568 4890173.0 4622.7576 0.0021106 0.0768357 
810000 1579 742.715 211753.667 210.342 25.3621 1579 4942104.0 4764.1295 0.0002648 0.0769782 
820000 1591 770.702 214250.267 209.983 26.2827 1591 4995832.0 4601.0156 0.0014224 0.07394 
830000 1608 709.325 218128.8 212.361 24.3705 1608 5083229.0 4781.8261 0.0004471 0.0677095 
840000 1625 657.191 221246.667 203.719 22.5349 1625 5149064.0 3792.1669 0.000399 0.0657533 
850000 1633 746.148 223029.267 206.664 25.43 1633 5185936.0 4247.2422 0.0014258 0.0637168 
860000 1642 785.177 225073.133 209.782 26.7577 1642 5228392.0 4536.6746 0.000488 0.0602523 
870000 1650 889.113 226848.8 213.08 30.1663 1650 5264733.0 4680.7255 0.0017987 0.0620605 
880000 1664 808.226 229717.2 208.099 27.4307 1664 5325154.0 4037.0707 0.0013172 0.06569 
890000 1676 803.194 232180.133 207.538 27.2594 1676 5376412.0 4200.4366 0.0008036 0.0703089 
900000 1684 905.182 233777.467 207.136 30.5133 1684 5410116.0 4296.9514 0.0018394 0.0710507 
910000 1692 958.71 235245.533 206.593 32.2024 1692 5440126.0 4158.0183 0.0005342 0.0703336 
920000 1703 950.42 237768.267 210.933 31.9652 1703 5495256.0 4725.8234 0.001955 0.0689774 
930000 1713 959.741 239919.333 211.561 32.2231 1713 5540139.0 4588.1525 0.00069 0.0704535 
940000 1726 901.372 243078.467 214.671 30.3454 1726 5607558.0 4646.1362 0.0001152 0.0729502 
950000 1744 802.158 246778.2 214.21 27.1166 1744 5687376.0 4700.9607 0.0011896 0.071064 
960000 1764 700.954 250875.667 210.284 23.7871 1764 5775487.0 4243.8236 0.0008544 0.0748323 
970000 1776 729.811 253442.0 210.522 24.7834 1776 5830808.0 4537.3517 0.000682 0.0759128 
980000 1792 700.756 257104.333 215.061 23.798 1792 5909973.0 4803.1676 0.0012314 0.0720279 
990000 1806 706.185 259926.533 213.43 23.9435 1806 5971569.0 4639.5994 0.000936 0.0742633 
1000000 1817 748.009 262226.533 212.912 25.2909 1817 6022659.0 4757.8399 0.0011686 0.0728089 
1010000 1824 810.114 263520.067 207.944 27.2722 1824 6049958.0 4192.7047 0.0010705 0.0733425 
1020000 1834 855.549 265838.4 210.063 28.7086 1834 6100375.0 4502.9041 0.0002214 0.076159 
1030000 1846 850.401 268296.4 210.209 28.4842 1846 6151694.0 4399.7327 0.0002885 0.0730666 
1040000 1862 791.222 271646.133 211.325 26.5501 1862 6224372.0 4646.9116 0.0006343 0.0763609 
1050000 1878 750.679 275036.8 212.073 25.2531 1878 6295900.0 4430.3389 0.0004649 0.07338 
1060000 1898 667.242 278600.0 201.133 22.4577 1898 6372428.0 4080.2609 0.0008375 0.069973 
1070000 1916 636.716 282317.8 202.987 21.5421 1916 6451759.0 4369.1197 0.0003826 0.0682697 
1080000 1934 607.92 286215.267 205.77 20.6726 1934 6535551.0 4382.1266 0.0005004 0.0701449 
1090000 1949 597.073 289634.533 209.864 20.3811 1949 6609011.0 4775.7554 0.0009906 0.0742339 
1100000 1960 665.604 292323.133 216.995 22.6929 1960 6666828.0 5091.2024 0.0008112 0.0718209 
1110000 1973 708.565 295228.867 222.437 24.1911 1973 6729024.0 5114.7123 0.0007222 0.0701154 
1120000 1983 754.907 297585.0 220.771 25.7369 1983 6780637.0 4919.1667 0.0011753 0.071404 
1130000 1995 768.753 300238.533 221.707 26.1662 1995 6836648.0 4756.7233 0.0004989 0.072395 
1140000 2015 687.005 304246.0 218.214 23.4694 2015 6921507.0 4519.6872 0.0009649 0.074124 
1150000 2026 701.94 307064.6 221.009 24.0155 2026 6980974.0 4722.4902 0.0016923 0.0714379 
1160000 2046 653.118 310801.067 212.831 22.2907 2046 7061626.0 4279.945 0.0006542 0.0719455 
1170000 2060 667.364 314190.467 218.031 22.7722 2060 7132071.0 4722.8695 0.0008704 0.0711346 
1180000 2073 686.849 317244.933 220.895 23.4386 2073 7195767.0 4672.6149 0.0006067 0.0733604 
1190000 2087 687.581 320420.933 222.175 23.508 2087 7264413.0 4788.9238 0.0003467 0.0717011 
1200000 2095 746.085 322412.533 225.568 25.4902 2095 7306897.0 5064.8099 0.0011668 0.0693294 
1210000 2113 719.853 326038.667 220.727 24.5881 2113 7383861.0 4646.3214 0.0017896 0.0693668 
1220000 2123 775.627 328220.8 222.504 26.4254 2123 7430102.0 4809.0035 0.0022541 0.0710172 
1230000 2132 786.958 330670.933 225.869 26.8655 2132 7481059.0 4960.4711 0.001189 0.073597 
1240000 2142 866.296 332725.733 226.075 29.4398 2142 7524366.0 4849.1297 0.0025623 0.0704877 
1250000 2162 742.083 337276.067 224.984 25.2673 2162 7618592.0 4712.8739 0.0004203 0.0734831 
1260000 2175 745.805 340607.0 232.034 25.4527 2175 7688349.0 5245.1773 0.0015762 0.0742622 
1270000 2193 689.506 344470.933 225.276 23.4631 2193 7769694.0 4346.1976 0.0010158 0.0753743 
1280000 2213 619.494 348908.733 224.501 21.0012 2213 7862116.0 4571.7361 0.001016 0.076846 
1290000 2226 659.047 351750.733 225.585 22.2628 2226 7920552.0 4764.0404 0.0020455 0.0763764 
1300000 2247 595.423 355883.2 216.87 20.1397 2247 8007734.0 4241.7016 0.0004046 0.0774697 
1310000 2259 621.958 358916.933 221.517 21.017 2259 8071161.0 4825.233 0.0017711 0.0776997 
1320000 2273 658.784 361863.467 219.714 22.3115 2273 8133783.0 4664.1109 0.0011519 0.0763662 
1330000 2280 724.143 363631.533 221.909 24.5252 2280 8171720.0 4840.191 0.0005705 0.0767413 
1340000 2294 751.885 366965.8 226.283 25.5034 2294 8243252.0 5092.105 0.0012557 0.0732136 
1350000 2303 811.553 368924.933 226.538 27.4958 2303 8285760.0 5070.4668 0.0001412 0.0686531 
1360000 2317 784.475 372199.933 227.762 26.6846 2317 8356573.0 5090.957 0.0009715 0.0679519 
1370000 2330 784.153 375334.867 232.767 26.6757 2330 8423381.0 5266.0461 0.0003912 0.0659792 
1380000 2339 835.411 377630.933 234.661 28.3081 2339 8472099.0 5261.4204 0.0002934 0.0661701 
1390000 2353 795.124 380356.267 224.229 26.8749 2353 8529068.0 4154.3475 0.0006205 0.0704127 
1400000 2364 783.627 382659.667 219.735 26.4308 2364 8577240.0 4066.1363 0.0014963 0.0732744 
1410000 2384 723.547 386801.0 219.882 24.3826 2384 8663443.0 4601.1398 0.0003206 0.0780873 
1420000 2396 734.213 389578.4 218.755 24.7541 2396 8721615.0 4377.5681 0.0008134 0.0816499 
1430000 2409 743.335 392509.0 219.912 25.1029 2409 8782889.0 4552.1217 0.0019991 0.0808182 
1440000 2426 694.887 396020.733 215.933 23.5168 2426 8856355.0 4225.4502 0.0003968 0.0792488 
1450000 2443 670.776 399933.333 221.22 22.7984 2443 8940427.0 4807.1606 0.0008235 0.0793325 
1460000 2457 680.546 403468.267 227.521 23.1035 2457 9013902.0 4946.7175 0.0003656 0.0814669 
1470000 2472 680.524 406972.8 229.672 23.1 2472 9088332.0 5064.3334 0.0004765 0.0817862 
1480000 2490 623.04 410868.733 223.639 21.2066 2490 9171439.0 4457.5982 0.0007006 0.0808626 
1490000 2504 659.376 413918.8 222.703 22.3684 2504 9236085.0 4595.6644 0.0006568 0.0779456 
1500000 2519 666.021 417604.467 229.142 22.6846 2519 9314987.0 5235.1284 0.0008925 0.0706795 
1510000 2534 644.276 421279.2 231.661 21.942 2534 9392866.0 4961.0968 0.0014654 0.0709432 
1520000 2545 723.473 423656.933 231.562 24.5456 2545 9441754.0 4786.9043 0.0022517 0.0649249 
1530000 2561 685.945 427321.267 229.83 23.3705 2561 9516967.0 4668.0063 0.0010327 0.0663329 
1540000 2579 650.479 431619.333 232.965 22.2431 2579 9608941.0 5160.9282 0.0018181 0.0686418 
1550000 2590 659.168 434012.8 227.219 22.4731 2590 9661370.0 4650.6063 0.0010716 0.0685254 
1560000 2606 685.54 437706.733 231.476 23.2304 2606 9737914.0 5064.1359 0.0003542 0.0734666 
1570000 2613 767.009 439360.733 229.324 25.7907 2613 9771964.0 4700.7606 0.0005752 0.0744243 
1580000 2626 784.474 442299.667 232.331 26.383 2626 9833789.0 4881.8435 0.0005005 0.0776334 
1590000 2641 752.476 445588.267 228.129 25.2436 2641 9902801.0 4813.2088 0.001625 0.0786526 
1600000 2655 726.23 448597.333 222.482 24.2961 2655 9968418.0 4550.6548 0.0007811 0.0812888 
1610000 2670 716.333 451665.333 219.74 23.955 2670 10035373.0 4666.1683 0.0024963 0.0831238 
1620000 2685 699.999 455179.467 222.986 23.3883 2685 10112251.0 5154.5444 0.0009721 0.08412 
1630000 2706 628.482 459481.267 218.684 21.0586 2706 10202378.0 4546.4742 0.0006195 0.0872696 
1640000 2724 602.568 463426.733 217.703 20.2399 2724 10285395.0 4469.3061 0.0003248 0.086871 
1650000 2738 625.098 466915.6 224.71 21.0537 2738 10360026.0 5231.7882 0.0013071 0.0870365 
1660000 2754 621.734 470664.733 226.467 21.0243 2754 10439115.0 4887.636 0.0008595 0.0840499 
1670000 2771 613.108 475068.133 235.587 20.8999 2771 10530137.0 5148.0108 0.0006359 0.0813354 
1680000 2790 593.841 479321.8 235.383 20.3951 2790 10620189.0 5170.6432 0.0011719 0.077444 
1690000 2809 572.062 483260.067 226.721 19.6832 2809 10703765.0 4339.7883 0.0015875 0.0762137 
1700000 2826 575.44 487186.4 227.925 19.8099 2826 10787387.0 4721.9255 0.0009272 0.0790182 
1710000 2841 599.498 490838.0 229.483 20.6071 2841 10862317.0 4868.5517 0.0010783 0.0812561 
1720000 2859 584.82 495098.333 231.619 20.1107 2859 10952139.0 5001.4318 0.0020303 0.0713692 
1730000 2874 610.572 498876.0 238.026 21.0317 2874 11029701.0 5242.9447 0.0003168 0.0629006 
1740000 2891 602.739 503003.2 239.377 20.7124 2891 11116105.0 5111.4022 0.0005612 0.0611256 
1750000 2914 544.63 507399.067 223.19 18.6072 2914 11209290.0 4761.2721 0.0002511 0.0631228 
1760000 2933 540.055 511763.4 225.495 18.5228 2933 11301720.0 4924.4783 0.0019103 0.0699549 
1770000 2947 582.988 515116.133 228.634 19.8599 2947 11374016.0 5061.761 0.0005068 0.0678593 
1780000 2965 571.202 519567.133 232.743 19.557 2965 11465768.0 4803.0727 0.0011321 0.0627253 
1790000 2982 584.307 523873.333 242.248 20.0863 2982 11556891.0 5396.1127 0.000349 0.0575125 
1800000 2996 603.953 527320.4 238.607 20.6264 2996 11629267.0 4822.392 0.0009078 0.0579078 
1810000 3014 593.706 531418.733 235.946 20.2903 3014 11716540.0 4792.5633 0.0006008 0.0493533 
1820000 3032 583.968 535967.867 242.066 20.0823 3032 11811250.0 5329.7918 0.0004895 0.0400885 
1830000 3044 636.087 538879.133 243.764 21.833 3044 11871969.0 5224.4587 0.0003764 0.0368574 
1840000 3064 589.903 543108.267 231.74 20.1739 3064 11962037.0 4545.4576 0.0023237 0.0443631 
1850000 3082 584.354 546740.333 225.119 19.9454 3082 12039532.0 4482.627 0.000718 0.0584883 
1860000 3101 562.379 550884.933 220.71 19.1302 3101 12127347.0 4462.4433 0.0005658 0.0673744 
1870000 3120 548.248 555194.667 222.183 18.7265 3120 12219758.0 4881.4501 0.0005755 0.068681 
1880000 3137 561.603 558960.067 223.505 19.1705 3137 12300808.0 4916.9442 0.0006113 0.0577514 
1890000 3152 589.465 562511.067 227.061 20.1388 3152 12375931.0 4923.4238 0.0016983 0.0452382 
1900000 3167 599.329 565927.933 224.722 20.3993 3167 12447803.0 4567.7826 0.0002182 0.0419707 
1910000 3186 578.03 570397.6 229.031 19.6381 3186 12540964.0 4957.4537 0.0010885 0.0363663 
1920000 3205 568.605 574754.267 231.863 19.3365 3205 12630537.0 4959.9318 0.0007914 0.0408627 
1930000 3225 543.104 579037.867 224.087 18.4698 3225 12720847.0 4441.0182 0.0006862 0.0463804 
1940000 3239 580.178 582539.6 228.271 19.7738 3239 12793757.0 4841.5379 0.0002958 0.0496912 
1950000 3251 612.699 585428.867 230.691 20.9034 3251 12855251.0 4979.7709 0.001482 0.0539736 
1960000 3261 702.881 587782.533 232.077 23.8263 3261 12904104.0 4917.694 0.0009809 0.0616276 
1970000 3278 676.039 591412.6 228.341 22.896 3278 12980510.0 4677.5151 0.0006153 0.0603731 
1980000 3294 654.907 595526.667 234.848 22.2927 3294 13068827.0 5201.1541 0.0003362 0.0532668 
1990000 3317 575.218 600059.667 220.212 19.6133 3317 13165390.0 4174.1197 0.0004792 0.0495805 
2000000 3337 556.758 604213.667 219.073 19.0102 3337 13252859.0 4613.9182 0.0006404 0.0463751 
2010000 3361 503.16 608828.133 209.212 17.1309 3361 13348661.0 4082.0075 0.0009465 0.0475402 
2020000 3378 526.9 612476.867 208.764 17.8332 3378 13425222.0 4346.9102 0.0017194 0.0512478 
2030000 3392 569.568 615900.733 217.402 19.2877 3392 13498697.0 5005.7045 0.0010735 0.0516683 
2040000 3401 621.712 617798.467 214.204 20.9548 3401 13538611.0 4607.9876 0.0005315 0.0558856 
2050000 3420 616.813 621601.467 210.912 20.8129 3420 13622430.0 4400.8569 0.0008327 0.0626702 
2060000 3435 632.601 624829.6 211.677 21.403 3435 13690599.0 4573.7804 0.0007537 0.0641141 
2070000 3445 696.324 627483.6 221.626 23.5616 3445 13745207.0 5159.8135 0.000822 0.0621397 
2080000 3458 710.964 630678.733 227.778 24.0448 3458 13810635.0 5039.2671 0.0008871 0.052982 
2090000 3473 686.044 634414.533 231.154 23.252 3473 13890399.0 5109.9126 0.0001863 0.0448781 
2100000 3487 703.834 637421.533 230.91 23.7778 3487 13951796.0 4733.8104 0.0008825 0.044423 
2110000 3508 613.647 641671.8 217.976 20.7182 3508 14040527.0 4180.2115 0.0022601 0.0539449 
2120000 3528 580.746 645881.267 217.784 19.7985 3528 14131261.0 4604.4562 0.0017629 0.0540478 
2130000 3547 561.533 650351.133 222.773 19.235 3547 14225442.0 4790.1086 0.0005332 0.0454528 
2140000 3562 596.542 653864.867 227.486 20.3778 3562 14299473.0 5115.4286 0.0004422 0.0371474 
2150000 3579 582.575 657629.0 223.031 19.7959 3579 14376374.0 4357.0928 0.000479 0.0428379 
2160000 3597 586.963 661769.933 226.873 20.0434 3597 14463649.0 5008.2095 0.0001722 0.0422386 
2170000 3615 579.632 665962.467 229.301 19.8213 3615 14551137.0 4994.0003 0.0003893 0.0387857 
2180000 3626 608.779 668746.867 231.88 20.7516 3626 14607898.0 5006.6043 0.0004106 0.0388177 
2190000 3641 651.092 672178.8 232.109 22.0851 3641 14680434.0 4927.5134 0.0005752 0.0387298 
2200000 3661 603.329 676353.4 225.643 20.4873 3661 14769290.0 4458.8705 0.0003258 0.0396423 
2210000 3679 584.573 680732.733 229.522 19.957 3679 14861893.0 5015.791 0.0003282 0.0365483 
2220000 3696 562.987 684561.267 227.479 19.2413 3696 14940823.0 4693.9042 0.0003919 0.0370611 
2230000 3707 662.107 686851.667 226.421 22.4491 3707 14988700.0 4563.7281 0.0003405 0.0404241 
2240000 3723 650.663 690430.8 225.299 22.0877 3723 15063458.0 4452.154 0.0014532 0.0446424 
2250000 3738 636.169 694175.533 229.402 21.6655 3738 15142710.0 5037.5596 0.0002613 0.0454505 
2260000 3753 656.729 697632.333 231.256 22.326 3753 15215317.0 4967.601 0.0003625 0.0425927 
2270000 3766 670.972 701037.067 234.872 22.8576 3766 15286194.0 5071.5654 0.0004288 0.0398028 
2280000 3780 679.715 704371.467 236.26 23.2016 3780 15355599.0 5136.9934 0.0008067 0.0468702 
2290000 3793 712.744 707708.667 242.58 24.3977 3793 15426475.0 5439.5145 0.0003128 0.0446883 
2300000 3812 659.335 711950.333 239.231 22.5725 3812 15516837.0 5013.8142 0.0002357 0.0487781 
2310000 3829 629.554 715993.533 234.686 21.5942 3829 15603312.0 4690.7111 0.0008411 0.0464204 
