0 0 0.0 0.0 0.0 0.0 0 0 0 0.0 0.0 0.0 0.0 
10000 10 182.927 0.0 0.0 0.489 0 0 0 0.0 0.0 0.0 0.0 
20000 20 318.318 2.0 0.034 0.8232 0 0 0 0.0 0.0 0.0 0.0 
30000 65 286.191 -30.0 -0.387 1.6504 0 0 0 0.0017437 0.0017436 0.0005114 0.0005287 
40000 212 112.642 -149.0 -0.75 0.9234 0 0 0 0.0014564 0.0014563 0.0003294 0.0006519 
50000 222 274.964 -149.0 -0.613 2.3115 0 0 0 0.0013197 0.0013196 0.0001981 0.0008188 
60000 233 404.472 -150.0 -0.509 3.3965 0 0 0 0.0012068 0.0012068 0.0001402 0.0010653 
70000 243 511.917 -151.0 -0.433 4.2932 0 0 0 0.0009897 0.0009896 9.27e-05 0.0011867 
80000 253 601.201 -151.0 -0.354 5.0636 0 0 0 0.0008644 0.0008644 6.98e-05 0.0013577 
90000 263 674.152 -151.0 -0.289 5.6781 0 0 0 0.000796 0.000796 5.68e-05 0.0015383 
100000 273 726.246 -152.0 -0.254 6.1449 0 0 0 0.000771 0.000771 4.47e-05 0.0016737 
110000 283 776.323 -152.0 -0.208 6.5697 0 0 0 0.0007192 0.0007192 3.57e-05 0.0018872 
120000 294 811.453 -152.0 -0.166 6.8642 0 0 0 0.0006769 0.0006769 2.9e-05 0.0020743 
130000 304 845.943 -152.0 -0.135 7.1538 0 0 0 0.0006505 0.0006505 2.63e-05 0.0021725 
140000 314 874.125 -152.0 -0.111 7.3917 0 0 0 0.0006221 0.0006221 2.04e-05 0.0023176 
150000 324 887.271 -153.0 -0.11 7.5052 0 0 0 0.0006308 0.0006308 1.75e-05 0.0025516 
160000 334 907.892 -153.0 -0.09 7.6299 0 0 0 0.0006002 0.0006002 1.54e-05 0.002718 
170000 344 920.972 -154.0 -0.09 7.7499 0 0 0 0.0005916 0.0005916 1.39e-05 0.0028656 
180000 354 935.429 -154.0 -0.074 7.8802 0 0 0 0.000591 0.000591 1.36e-05 0.0030523 
190000 364 947.241 -154.0 -0.06 8.006 0 0 0 0.0005727 0.0005727 1.14e-05 0.0031951 
200000 374 956.892 -154.0 -0.049 8.0893 0 0 0 0.0005653 0.0005653 1.22e-05 0.0033257 
210000 384 964.777 -154.0 -0.04 8.1658 0 0 0 0.0004539 0.0004539 9e-06 0.0033521 
220000 394 971.221 -154.0 -0.033 8.2375 0 0 0 0.0003474 0.0003474 6e-06 0.0033433 
230000 405 960.711 -156.0 -0.061 8.1442 0 0 0 0.0002521 0.0002521 3.7e-06 0.0032165 
240000 415 967.898 -156.0 -0.05 8.1909 0 0 0 0.0001806 0.0001806 2.6e-06 0.0032214 
250000 425 973.77 -156.0 -0.041 8.2471 0 0 0 0.0001686 0.0001686 2.8e-06 0.0032327 
260000 436 972.407 -155.0 -0.015 8.2484 0 0 0 0.0001533 0.0001533 2.3e-06 0.0031488 
270000 446 975.694 -156.0 -0.032 8.2641 0 0 0 0.0001474 0.0001474 2.4e-06 0.0031457 
280000 456 980.14 -156.0 -0.026 8.3111 0 0 0 0.000139 0.000139 2.2e-06 0.0030838 
290000 466 983.773 -156.0 -0.022 8.363 0 0 0 0.0001304 0.0001304 2.7e-06 0.0030692 
300000 476 986.742 -156.0 -0.018 8.4474 0 0 0 0.0001177 0.0001177 2e-06 0.0030044 
310000 486 989.167 -156.0 -0.014 8.4815 0 0 0 0.0001108 0.0001108 1.8e-06 0.0030117 
320000 496 991.149 -156.0 -0.012 8.5255 0 0 0 0.0001046 0.0001046 1.3e-06 0.0029695 
330000 506 992.768 -156.0 -0.01 8.5361 0 0 0 0.000103 0.000103 1.2e-06 0.0028948 
340000 516 985.409 -157.0 -0.027 8.4856 0 0 0 0.0001005 0.0001005 1.2e-06 0.0028663 
350000 526 988.078 -157.0 -0.022 8.5072 0 0 0 9.92e-05 9.92e-05 1.2e-06 0.0028789 
360000 537 983.477 -158.0 -0.035 8.4651 0 0 0 9.35e-05 9.35e-05 1.2e-06 0.0027869 
370000 547 986.5 -158.0 -0.028 8.497 0 0 0 8.15e-05 8.15e-05 1.4e-06 0.0027802 
380000 557 988.969 -158.0 -0.023 8.5177 0 0 0 6.69e-05 6.69e-05 1.1e-06 0.0027479 
390000 567 990.987 -158.0 -0.019 8.5446 0 0 0 6.06e-05 6.06e-05 1.7e-06 0.0026873 
400000 577 988.93 -157.0 0.003 8.5681 0 0 0 5.82e-05 5.82e-05 1.5e-06 0.0026636 
410000 587 989.653 -158.0 -0.016 8.5993 0 0 0 5.75e-05 5.75e-05 1.9e-06 0.0026441 
420000 597 991.546 -158.0 -0.013 8.6155 0 0 0 5.69e-05 5.69e-05 1.1e-06 0.002619 
430000 607 993.092 -158.0 -0.011 8.6298 0 0 0 5.58e-05 5.58e-05 1.2e-06 0.0026516 
440000 617 989.355 -160.0 -0.043 8.5978 0 0 0 5.27e-05 5.27e-05 1e-06 0.0026357 
450000 627 986.314 -159.0 -0.017 8.5619 0 0 0 5.09e-05 5.09e-05 1e-06 0.0025984 
460000 637 988.817 -159.0 -0.014 8.6002 0 0 0 4.85e-05 4.85e-05 1.5e-06 0.002553 
470000 647 990.863 -159.0 -0.011 8.6359 0 0 0 4.94e-05 4.94e-05 9e-07 0.0025603 
480000 657 992.534 -159.0 -0.009 8.661 0 0 0 4.95e-05 4.95e-05 1.2e-06 0.002566 
490000 667 993.9 -159.0 -0.007 8.6718 0 0 0 4.61e-05 4.61e-05 1.3e-06 0.0025366 
500000 677 995.016 -159.0 -0.006 8.6786 0 0 0 4.91e-05 4.91e-05 1.2e-06 0.0025333 
510000 687 995.928 -159.0 -0.005 8.6929 0 0 0 4.72e-05 4.72e-05 8e-07 0.0024971 
520000 697 996.673 -159.0 -0.004 8.6899 0 0 0 4.74e-05 4.74e-05 1.1e-06 0.0025017 
530000 707 997.281 -159.0 -0.003 8.7106 0 0 0 4.48e-05 4.48e-05 1.5e-06 0.0024577 
540000 717 997.779 -159.0 -0.003 8.7113 0 0 0 4.28e-05 4.28e-05 7e-07 0.0024733 
550000 728 992.038 -160.0 -0.02 8.6692 0 0 0 4.53e-05 4.53e-05 1.1e-06 0.0024611 
560000 738 993.495 -160.0 -0.017 8.6745 0 0 0 4.44e-05 4.44e-05 1.4e-06 0.0024474 
570000 748 994.685 -160.0 -0.014 8.6814 0 0 0 4.43e-05 4.43e-05 8e-07 0.0024348 
580000 758 988.174 -161.0 -0.028 8.6475 0 0 0 4.76e-05 4.76e-05 8e-07 0.0024211 
590000 768 990.337 -161.0 -0.023 8.6866 0 0 0 4.5e-05 4.5e-05 5e-07 0.002453 
600000 778 992.105 -161.0 -0.019 8.7068 0 0 0 4.4e-05 4.4e-05 1.2e-06 0.0023808 
610000 788 993.549 -161.0 -0.015 8.7064 0 0 0 4.35e-05 4.35e-05 1e-06 0.0023427 
620000 798 994.729 -161.0 -0.013 8.7236 0 0 0 4e-05 4e-05 1e-06 0.0023614 
630000 808 995.693 -161.0 -0.01 8.7311 0 0 0 4.02e-05 4.02e-05 6e-07 0.0023556 
640000 818 990.804 -160.0 0.01 8.6734 0 0 0 3.98e-05 3.98e-05 1e-06 0.002354 
650000 829 978.225 -160.0 0.008 8.573 0 0 0 3.91e-05 3.91e-05 1.4e-06 0.002356 
660000 840 976.648 -159.0 0.026 8.5555 0 0 0 4.18e-05 4.18e-05 6e-07 0.0023737 
670000 850 973.707 -160.0 0.003 8.5424 0 0 0 4.27e-05 4.27e-05 1e-06 0.0023788 
680000 860 971.919 -161.0 -0.015 8.5338 0 0 0 4.08e-05 4.08e-05 1.2e-06 0.0023616 
690000 870 977.056 -161.0 -0.012 8.5612 0 0 0 3.92e-05 3.92e-05 6e-07 0.002354 
700000 880 981.253 -161.0 -0.01 8.5941 0 0 0 3.89e-05 3.89e-05 7e-07 0.0023499 
710000 890 984.682 -161.0 -0.008 8.6416 0 0 0 3.91e-05 3.91e-05 5e-07 0.0023611 
720000 901 977.312 -160.0 0.012 8.566 0 0 0 3.77e-05 3.77e-05 4e-07 0.0023657 
730000 912 961.82 -162.0 -0.026 8.4489 0 0 0 3.98e-05 3.98e-05 1.2e-06 0.0023784 
740000 922 968.804 -162.0 -0.022 8.518 0 0 0 3.77e-05 3.77e-05 9e-07 0.0023335 
750000 932 974.511 -162.0 -0.018 8.553 0 0 0 3.97e-05 3.97e-05 6e-07 0.002335 
760000 942 979.173 -162.0 -0.014 8.6049 0 0 0 3.67e-05 3.67e-05 8e-07 0.0023211 
770000 952 982.983 -162.0 -0.012 8.639 0 0 0 3.74e-05 3.74e-05 5e-07 0.0023128 
780000 962 986.096 -162.0 -0.01 8.6647 0 0 0 3.7e-05 3.7e-05 6e-07 0.0023 
790000 972 988.639 -162.0 -0.008 8.6832 0 0 0 3.8e-05 3.8e-05 6e-07 0.0023102 
800000 982 990.718 -162.0 -0.006 8.7123 0 0 0 3.76e-05 3.76e-05 6e-07 0.0022963 
810000 992 992.416 -162.0 -0.005 8.7491 0 0 0 4.02e-05 4.02e-05 9e-07 0.0022849 
820000 1002 993.803 -162.0 -0.004 8.758 0 0 0 3.89e-05 3.89e-05 5e-07 0.0022688 
830000 1012 994.937 -162.0 -0.003 8.7829 0 0 0 3.71e-05 3.71e-05 4e-07 0.0022554 
840000 1023 985.55 -161.0 0.015 8.6869 0 0 0 3.6e-05 3.6e-05 9e-07 0.0022485 
850000 1033 988.194 -161.0 0.012 8.7105 0 0 0 3.7e-05 3.7e-05 1.3e-06 0.0022572 
860000 1043 990.353 -161.0 0.01 8.7275 0 0 0 3.69e-05 3.69e-05 7e-07 0.0022692 
870000 1053 992.118 -161.0 0.008 8.7542 0 0 0 3.49e-05 3.49e-05 4e-07 0.0022618 
880000 1063 986.458 -160.0 0.025 8.717 0 0 0 3.68e-05 3.68e-05 8e-07 0.0022508 
890000 1073 988.935 -160.0 0.021 8.7393 0 0 0 3.65e-05 3.65e-05 6e-07 0.0022507 
900000 1083 990.959 -160.0 0.017 8.7586 0 0 0 3.53e-05 3.53e-05 5e-07 0.0022291 
910000 1093 992.613 -160.0 0.014 8.776 0 0 0 3.62e-05 3.62e-05 5e-07 0.0021973 
920000 1103 992.421 -161.0 -0.008 8.7723 0 0 0 3.52e-05 3.52e-05 4e-07 0.0022105 
930000 1115 966.786 -163.0 -0.044 8.5512 0 0 0 3.53e-05 3.53e-05 6e-07 0.0021911 
940000 1125 972.862 -163.0 -0.036 8.5983 0 0 0 3.56e-05 3.56e-05 8e-07 0.0021918 
950000 1135 977.826 -163.0 -0.029 8.6351 0 0 0 3.42e-05 3.42e-05 5e-07 0.0021764 
960000 1145 981.882 -163.0 -0.024 8.689 0 0 0 3.33e-05 3.33e-05 6e-07 0.0021834 
970000 1155 985.197 -163.0 -0.02 8.7202 0 0 0 3.35e-05 3.35e-05 6e-07 0.002176 
980000 1165 987.905 -163.0 -0.016 8.7212 0 0 0 3.28e-05 3.28e-05 6e-07 0.0021575 
990000 1175 990.117 -163.0 -0.013 8.7416 0 0 0 3.33e-05 3.33e-05 8e-07 0.0021759 
