10000 55 118.247 127.0 1.487 0.3896 18 2780.0 114.0125 
20000 107 167.71 257.0 2.135 0.5914 35 6773.0 228.1213 
30000 158 185.412 394.0 2.487 0.6665 52 10097.0 206.1177 
40000 210 187.362 520.0 2.335 1.2482 70 13035.0 149.5859 
50000 260 200.172 687.0 3.19 1.6898 86 16715.0 242.4956 
60000 313 194.848 846.0 3.058 1.7659 104 19907.0 186.1384 
70000 367 197.428 1017.0 3.217 1.8355 122 23758.0 227.1297 
80000 428 176.674 1157.0 2.51 1.646 142 27072.0 156.7296 
90000 476 198.641 1284.0 2.65 1.8594 158 30619.0 184.8283 
100000 537 171.273 1413.0 2.192 1.603 179 33703.0 140.6942 
110000 597 170.529 1541.0 2.23 1.5993 199 36653.0 152.5415 
120000 667 147.574 1682.0 2.037 1.3997 222 39603.0 118.4781 
130000 727 166.142 1848.0 2.853 1.5687 242 43103.0 235.9448 
140000 784 174.367 2026.0 3.157 1.6453 261 46471.0 191.4858 
150000 832 192.359 2191.0 3.307 1.8237 277 50163.0 212.9407 
160000 890 179.428 2378.0 3.202 1.6976 296 53495.0 179.7307 
170000 942 182.485 2597.0 3.775 1.722 314 57783.0 226.4061 
180000 1002 170.421 2804.0 3.509 1.6106 334 61683.0 193.2788 
190000 1070 150.471 3007.0 2.996 1.4268 356 65260.0 154.6201 
200000 1135 149.871 3216.0 3.014 1.4194 378 69435.0 176.1875 
210000 1201 149.027 3455.0 3.4 1.4158 400 73979.0 198.0484 
220000 1285 124.669 3682.0 2.73 1.1784 428 78150.0 141.4953 
230000 1367 121.69 3911.0 2.701 1.1486 455 82803.0 170.216 
240000 1456 111.487 4158.0 2.699 1.0634 485 87479.0 151.6338 
250000 1534 123.832 4405.0 3.035 1.1691 511 92221.0 164.7408 
260000 1624 113.169 4645.0 2.757 1.0711 541 97256.0 164.3752 
270000 1706 117.725 4877.0 2.702 1.1208 568 101639.0 144.991 
280000 1792 114.371 5120.0 2.721 1.0908 597 106293.0 156.0689 
290000 1873 115.997 5423.0 3.243 1.1121 624 111967.0 174.8826 
300000 1950 129.772 5684.0 3.507 1.2347 650 116875.0 196.3061 
310000 2019 144.556 5946.0 3.777 1.3829 673 121961.0 224.6621 
320000 2079 161.289 6261.0 4.856 1.5382 693 127876.0 306.2913 
330000 2140 160.784 6567.0 4.783 1.5269 713 133330.0 265.7001 
340000 2200 164.817 6896.0 5.402 1.5487 733 139520.0 297.9339 
350000 2264 158.069 7224.0 5.123 1.4898 755 145501.0 285.739 
360000 2315 180.435 7550.0 5.753 1.6929 772 151550.0 324.369 
370000 2376 172.38 7873.0 5.584 1.6207 792 157109.0 292.4511 
380000 2423 190.444 8169.0 5.777 1.8011 808 162392.0 301.3358 
390000 2475 189.545 8489.0 6.07 1.7966 825 167925.0 308.8996 
400000 2524 202.766 8783.0 5.915 1.912 842 173426.0 330.0742 
410000 2572 202.694 9059.0 5.78 1.9122 859 178508.0 299.6804 
420000 2615 220.582 9340.0 6.198 2.0786 874 183735.0 334.9052 
430000 2649 248.388 9620.0 7.093 2.3513 886 188771.0 386.044 
440000 2697 222.502 9909.0 6.406 2.0982 902 194308.0 356.4658 
450000 2740 223.863 10209.0 6.527 2.1207 918 199900.0 353.1781 
460000 2782 226.676 10531.0 6.959 2.1596 934 205793.0 341.3101 
470000 2827 227.979 10846.0 7.214 2.1652 949 211593.0 392.5193 
480000 2873 219.05 11144.0 6.59 2.0663 965 216887.0 358.3111 
490000 2911 246.62 11479.0 8.052 2.3296 980 222864.0 402.7493 
500000 2951 249.224 11804.0 8.156 2.365 995 228784.0 381.0461 
510000 2986 267.018 12146.0 8.924 2.5188 1010 234459.0 390.4908 
520000 3025 260.409 12442.0 8.055 2.4715 1024 239835.0 372.9139 
530000 3062 262.058 12800.0 8.941 2.4831 1038 246603.0 452.3857 
540000 3100 260.452 13137.0 8.774 2.4607 1054 252990.0 403.8309 
550000 3139 255.638 13476.0 8.651 2.404 1068 259666.0 444.9821 
560000 3174 273.552 13828.0 9.466 2.5792 1083 265911.0 426.5062 
570000 3205 292.622 14173.0 10.069 2.7612 1097 272250.0 450.5268 
580000 3237 303.608 14530.0 10.706 2.8642 1109 279038.0 554.0433 
590000 3267 318.619 14884.0 11.237 3.0048 1123 285503.0 495.3673 
600000 3299 319.118 15240.0 11.325 3.0133 1136 291956.0 513.6837 
610000 3329 326.089 15612.0 11.839 3.0809 1150 298956.0 483.9539 
620000 3359 325.907 15966.0 11.692 3.0634 1162 305711.0 539.5923 
630000 3395 304.163 16305.0 10.662 2.8676 1175 311690.0 501.6122 
640000 3430 295.695 16652.0 10.148 2.7878 1188 318655.0 536.8557 
650000 3458 317.504 17030.0 11.466 2.9778 1200 325857.0 539.5515 
660000 3489 324.415 17388.0 11.549 3.0398 1214 332451.0 517.8474 
670000 3516 333.459 17775.0 12.249 3.1335 1228 339709.0 491.6766 
680000 3548 325.821 18124.0 11.875 3.0631 1243 346087.0 443.554 
690000 3576 337.32 18504.0 12.418 3.1759 1258 353509.0 483.9071 
700000 3608 328.293 18869.0 12.065 3.0766 1273 360257.0 492.053 
710000 3634 347.139 19261.0 13.226 3.2638 1288 367611.0 469.9239 
720000 3657 379.374 19639.0 14.237 3.5701 1299 374903.0 630.074 
730000 3683 367.235 20027.0 14.081 3.4561 1312 382257.0 570.7967 
740000 3710 367.815 20404.0 13.822 3.4617 1324 389495.0 607.9433 
750000 3739 365.949 20745.0 13.295 3.4426 1334 396151.0 676.4102 
760000 3765 370.443 21137.0 13.831 3.4933 1344 404060.0 753.5705 
770000 3795 353.699 21500.0 12.958 3.336 1355 410910.0 654.0599 
780000 3816 392.321 21866.0 14.481 3.6973 1364 417674.0 678.5768 
790000 3843 382.996 22209.0 13.709 3.6018 1377 424097.0 563.3697 
800000 3867 399.108 22551.0 14.155 3.7513 1388 430488.0 559.8004 
810000 3895 379.105 22858.0 12.6 3.5708 1398 436780.0 611.6237 
820000 3918 399.145 23190.0 13.439 3.7533 1407 443092.0 645.9932 
830000 3945 385.038 23534.0 13.098 3.6212 1419 449625.0 580.5181 
840000 3967 410.383 23890.0 14.186 3.854 1429 456898.0 643.3562 
850000 3994 388.971 24257.0 13.73 3.6586 1441 463436.0 564.1666 
860000 4021 382.662 24590.0 13.347 3.605 1451 469924.0 615.3928 
870000 4049 372.808 24922.0 12.691 3.5005 1463 476306.0 585.5193 
880000 4076 368.101 25307.0 13.282 3.4547 1475 484074.0 583.9114 
890000 4097 402.354 25673.0 14.361 3.7722 1487 490643.0 582.5959 
900000 4128 370.912 26011.0 13.008 3.4847 1499 497187.0 570.1696 
910000 4149 406.899 26365.0 14.353 3.8182 1510 503556.0 554.6885 
920000 4176 383.272 26710.0 13.29 3.5998 1521 509604.0 552.2695 
930000 4205 369.972 27049.0 12.693 3.4664 1532 516270.0 598.7058 
940000 4236 343.299 27403.0 11.903 3.2304 1543 523069.0 575.8973 
950000 4261 369.887 27752.0 12.902 3.4953 1554 529859.0 629.1431 
960000 4281 413.618 28132.0 14.96 3.9041 1565 537049.0 646.926 
970000 4301 429.353 28505.0 15.596 4.0615 1575 543924.0 650.5893 
980000 4324 438.906 28866.0 16.069 4.1319 1585 550416.0 624.4704 
990000 4350 416.838 29249.0 15.452 3.921 1597 558075.0 662.9535 
1000000 4372 433.681 29637.0 16.41 4.0798 1609 565813.0 623.0306 
1010000 4388 486.989 29986.0 17.841 4.5994 1618 572527.0 744.2493 
1020000 4411 464.777 30368.0 17.334 4.3855 1630 579959.0 661.1293 
1030000 4436 427.13 30767.0 16.353 4.0257 1640 587644.0 662.4174 
1040000 4459 433.264 31150.0 16.566 4.0718 1649 595141.0 713.3702 
1050000 4481 439.702 31520.0 16.58 4.1527 1660 601609.0 646.7095 
1060000 4507 410.355 31870.0 15.177 3.8724 1669 608118.0 638.1485 
1070000 4538 376.65 32242.0 13.876 3.557 1681 615297.0 666.958 
1080000 4554 442.838 32634.0 16.722 4.1579 1691 622711.0 711.7233 
1090000 4579 428.732 33012.0 16.174 4.0242 1701 630486.0 749.8104 
1100000 4601 437.14 33381.0 16.532 4.112 1711 638109.0 748.4668 
1110000 4624 432.503 33722.0 15.96 4.0715 1721 644421.0 655.5711 
1120000 4643 470.609 34111.0 17.532 4.4182 1733 651957.0 675.9842 
1130000 4663 482.526 34516.0 18.5 4.5365 1742 659887.0 808.8446 
1140000 4689 439.252 34914.0 16.918 4.1363 1754 667306.0 679.304 
1150000 4715 422.109 35253.0 15.667 3.9715 1765 673450.0 618.0257 
1160000 4736 441.564 35626.0 16.51 4.1481 1775 680394.0 632.1948 
1170000 4756 451.195 36000.0 16.924 4.2404 1785 687454.0 644.7579 
1180000 4774 493.263 36368.0 18.29 4.6488 1795 694616.0 755.7581 
1190000 4796 473.914 36754.0 17.677 4.4649 1805 702384.0 730.8846 
1200000 4816 481.82 37144.0 18.304 4.5289 1817 709299.0 626.2663 
1210000 4841 453.796 37504.0 16.867 4.2683 1829 716359.0 626.5868 
1220000 4866 431.167 37868.0 15.805 4.0646 1839 723649.0 655.1874 
1230000 4889 435.783 38252.0 16.435 4.1076 1849 730736.0 677.3344 
1240000 4915 416.871 38611.0 15.476 3.9246 1861 737205.0 590.4933 
1250000 4932 465.223 38969.0 16.883 4.3698 1870 744263.0 754.3611 
1260000 4951 476.157 39315.0 17.156 4.4704 1878 751329.0 830.5422 
1270000 4974 465.845 39679.0 16.686 4.3735 1889 758081.0 700.9907 
1280000 4999 448.003 40024.0 15.905 4.2123 1900 765146.0 708.145 
1290000 5016 484.746 40387.0 17.437 4.5561 1908 772019.0 763.354 
1300000 5041 447.494 40731.0 15.606 4.202 1917 778819.0 777.1633 
1310000 5062 452.712 41065.0 15.62 4.2413 1926 785143.0 728.2273 
1320000 5087 431.474 41418.0 15.071 4.0583 1935 791758.0 712.0406 
1330000 5110 426.209 41817.0 15.476 4.0111 1945 799010.0 725.6804 
1340000 5131 449.944 42161.0 16.011 4.2398 1955 805929.0 725.1177 
1350000 5153 447.099 42548.0 16.351 4.2171 1966 813672.0 703.921 
1360000 5173 455.429 42919.0 16.608 4.3116 1975 820837.0 715.8134 
1370000 5190 503.699 43301.0 18.799 4.7601 1983 827840.0 863.067 
1380000 5211 492.729 43698.0 18.857 4.647 1993 834979.0 749.4224 
1390000 5229 502.809 44097.0 19.353 4.7242 2001 842771.0 882.5055 
1400000 5245 546.892 44497.0 21.356 5.1483 2010 851030.0 887.5082 
1410000 5261 559.59 44874.0 21.467 5.2708 2020 858104.0 747.3955 
1420000 5280 548.174 45242.0 20.884 5.158 2030 864485.0 652.1254 
1430000 5298 561.888 45616.0 21.256 5.289 2040 871392.0 716.3009 
1440000 5315 568.866 46000.0 21.694 5.3642 2048 879135.0 869.5652 
1450000 5339 513.72 46361.0 19.322 4.8371 2058 886021.0 745.0674 
1460000 5354 548.745 46773.0 20.996 5.1647 2067 893846.0 817.8758 
1470000 5373 538.063 47184.0 21.058 5.0553 2076 901057.0 797.6692 
1480000 5396 504.065 47586.0 20.009 4.726 2087 908249.0 714.6699 
1490000 5419 472.788 47958.0 18.255 4.4427 2097 915331.0 709.5814 
1500000 5438 492.251 48345.0 19.131 4.6216 2108 922862.0 703.5266 
1510000 5459 487.458 48706.0 18.494 4.555 2117 930051.0 773.6096 
1520000 5477 499.612 49112.0 19.339 4.6685 2128 937698.0 722.9514 
1530000 5497 509.577 49485.0 19.591 4.7637 2139 944773.0 661.292 
1540000 5516 511.313 49873.0 19.712 4.7908 2149 952154.0 674.6708 
1550000 5537 506.195 50265.0 19.563 4.7506 2160 959743.0 743.7478 
1560000 5555 519.668 50655.0 20.118 4.8772 2170 967290.0 739.5025 
1570000 5574 509.722 51036.0 19.671 4.7753 2180 973966.0 672.1985 
1580000 5598 477.259 51411.0 18.182 4.475 2190 981062.0 728.4996 
1590000 5615 508.139 51800.0 19.443 4.7657 2198 988265.0 801.7682 
1600000 5626 577.323 52216.0 22.732 5.4081 2205 996129.0 923.6851 
1610000 5648 544.002 52602.0 21.257 5.1047 2216 1002992.0 758.8323 
1620000 5662 588.193 53030.0 23.76 5.5231 2225 1011248.0 774.7905 
1630000 5680 567.625 53415.0 22.488 5.3458 2235 1018610.0 762.5007 
1640000 5702 525.261 53809.0 21.043 4.9464 2246 1026723.0 739.1783 
1650000 5722 509.199 54207.0 20.03 4.7789 2255 1033888.0 780.309 
1660000 5749 457.777 54597.0 18.136 4.2914 2265 1041596.0 768.4422 
1670000 5766 478.707 55015.0 19.334 4.4781 2274 1049184.0 789.2805 
1680000 5788 477.56 55414.0 18.968 4.4759 2284 1056017.0 728.1494 
1690000 5810 464.135 55803.0 18.405 4.3604 2294 1062955.0 703.9323 
1700000 5825 515.725 56238.0 20.916 4.8483 2301 1071660.0 957.5259 
1710000 5847 495.058 56605.0 19.664 4.6481 2311 1078903.0 770.5342 
1720000 5867 496.73 57033.0 20.163 4.6716 2322 1086738.0 755.7817 
1730000 5890 473.65 57416.0 18.907 4.4569 2333 1094165.0 749.0465 
1740000 5911 470.901 57815.0 18.756 4.4367 2342 1101999.0 788.0271 
1750000 5929 496.088 58224.0 19.895 4.6585 2349 1109721.0 886.4027 
1760000 5948 496.523 58613.0 19.511 4.6644 2359 1116927.0 767.4594 
1770000 5966 514.791 59008.0 20.627 4.8493 2369 1124714.0 739.2729 
1780000 5985 517.839 59418.0 20.923 4.8856 2378 1132965.0 843.4244 
1790000 6001 537.912 59844.0 21.898 5.0682 2388 1140494.0 765.3796 
1800000 6017 568.784 60236.0 22.913 5.3576 2397 1148068.0 814.1775 
1810000 6037 550.988 60642.0 22.358 5.1739 2408 1155713.0 705.9295 
1820000 6052 572.56 61043.0 23.132 5.3683 2416 1163013.0 793.4989 
1830000 6074 531.4 61429.0 20.992 4.9817 2427 1170586.0 736.1346 
1840000 6098 492.03 61807.0 19.379 4.6194 2438 1177472.0 649.8182 
1850000 6121 465.089 62235.0 18.723 4.368 2449 1185724.0 723.6061 
1860000 6149 420.324 62610.0 16.508 3.9586 2460 1192541.0 652.9911 
1870000 6171 424.149 62976.0 16.24 3.9924 2469 1199974.0 714.9381 
1880000 6192 442.952 63362.0 16.914 4.1575 2478 1207513.0 779.4829 
1890000 6212 468.234 63766.0 18.337 4.4002 2488 1215108.0 811.1569 
1900000 6233 467.477 64153.0 18.076 4.3867 2497 1222802.0 813.0107 
1910000 6244 549.289 64582.0 22.208 5.1622 2506 1230981.0 835.5402 
1920000 6260 571.611 64996.0 23.127 5.3797 2515 1238555.0 836.8349 
1930000 6278 555.004 65420.0 22.799 5.2194 2523 1246362.0 861.8469 
1940000 6301 518.125 65836.0 21.432 4.8736 2534 1254004.0 768.7935 
1950000 6323 486.579 66239.0 20.045 4.5652 2545 1261392.0 662.1304 
1960000 6342 500.618 66628.0 20.445 4.6898 2555 1268593.0 670.6866 
1970000 6358 534.146 67031.0 21.465 4.9982 2563 1276207.0 819.4482 
1980000 6375 549.495 67438.0 22.2 5.1372 2574 1284530.0 757.2789 
1990000 6394 539.783 67846.0 21.881 5.0463 2586 1291591.0 637.1689 
2000000 6412 546.222 68249.0 22.086 5.1035 2596 1299383.0 721.2956 
2010000 6433 517.061 68647.0 20.775 4.8331 2606 1306827.0 681.5092 
2020000 6456 492.334 69057.0 19.855 4.6058 2617 1314919.0 757.6209 
2030000 6473 508.965 69445.0 20.377 4.7717 2625 1323147.0 903.8966 
2040000 6491 528.778 69860.0 21.289 4.9733 2634 1331274.0 887.8442 
2050000 6508 524.259 70286.0 21.436 4.9396 2642 1339412.0 912.3297 
2060000 6522 586.625 70703.0 24.251 5.5368 2653 1347233.0 784.3709 
2070000 6539 596.156 71106.0 24.483 5.6011 2663 1354946.0 832.9573 
2080000 6559 558.626 71514.0 22.886 5.2411 2672 1362391.0 813.5195 
2090000 6578 544.898 71931.0 22.405 5.1301 2683 1370527.0 742.5307 
2100000 6599 519.789 72352.0 21.462 4.8893 2694 1379031.0 763.4862 
2110000 6616 540.725 72753.0 22.185 5.0812 2704 1386254.0 719.6499 
2120000 6633 554.051 73155.0 22.786 5.1942 2713 1393817.0 765.0099 
2130000 6648 578.731 73579.0 23.781 5.4318 2724 1401362.0 699.0896 
2140000 6670 535.316 73985.0 21.93 5.0269 2735 1409375.0 699.4093 
2150000 6689 542.221 74385.0 22.151 5.0976 2743 1416911.0 785.0613 
2160000 6709 520.853 74797.0 21.136 4.8948 2753 1424671.0 811.0178 
2170000 6726 532.777 75188.0 21.536 5.0085 2763 1432239.0 747.3117 
2180000 6739 578.841 75609.0 23.437 5.4482 2771 1440006.0 817.4223 
2190000 6758 575.472 76024.0 23.674 5.4062 2781 1448137.0 842.954 
2200000 6772 598.918 76447.0 24.847 5.6242 2787 1455993.0 994.6313 
2210000 6786 630.528 76889.0 26.567 5.915 2795 1464344.0 968.475 
2220000 6803 606.968 77300.0 25.486 5.6907 2802 1472237.0 1077.1638 
2230000 6814 664.986 77738.0 27.98 6.2384 2809 1480191.0 1113.928 
2240000 6828 661.315 78158.0 27.852 6.2099 2817 1487682.0 961.3583 
2250000 6845 667.0 78571.0 28.233 6.27 2825 1495325.0 1016.8212 
2260000 6860 666.209 78988.0 27.894 6.268 2832 1502915.0 1106.5714 
2270000 6875 663.836 79382.0 27.622 6.2465 2838 1510455.0 1146.2961 
2280000 6895 615.783 79785.0 25.348 5.7934 2847 1518270.0 1010.7843 
2290000 6911 621.504 80206.0 25.777 5.8237 2855 1526829.0 1030.2694 
2300000 6928 610.569 80599.0 24.912 5.7154 2863 1533892.0 960.1017 
2310000 6942 633.212 80999.0 25.7 5.9146 2873 1541413.0 828.0664 
2320000 6959 610.509 81398.0 24.641 5.725 2880 1548911.0 869.7173 
2330000 6973 644.935 81810.0 26.126 6.0448 2888 1556227.0 932.4761 
2340000 6991 606.5 82217.0 24.634 5.6989 2896 1563754.0 863.9945 
2350000 7006 624.983 82667.0 26.023 5.884 2902 1572144.0 1148.8049 
2360000 7019 664.852 83067.0 27.398 6.2462 2910 1579966.0 1041.8385 
2370000 7031 690.707 83501.0 28.885 6.4777 2915 1588944.0 1319.9729 
2380000 7044 705.915 83910.0 29.303 6.6095 2923 1597056.0 1040.7939 
2390000 7058 720.804 84285.0 29.375 6.7501 2930 1604622.0 1216.5313 
2400000 7072 715.866 84704.0 29.259 6.7061 2939 1612678.0 987.8758 
2410000 7085 721.714 85124.0 29.653 6.7577 2948 1621150.0 932.9274 
2420000 7098 742.296 85550.0 31.022 6.9519 2954 1629372.0 1066.8056 
2430000 7112 720.743 85966.0 30.069 6.7509 2961 1637148.0 1107.733 
2440000 7123 757.258 86390.0 31.289 7.0951 2968 1645332.0 1084.5143 
2450000 7139 726.157 86783.0 29.86 6.8056 2977 1652601.0 955.7487 
2460000 7154 713.635 87168.0 28.832 6.6906 2984 1659641.0 1007.4614 
2470000 7171 686.781 87545.0 27.413 6.4283 2993 1666794.0 899.3739 
2480000 7187 669.218 87948.0 26.626 6.2527 3000 1675003.0 991.5102 
2490000 7201 685.217 88386.0 28.098 6.3969 3008 1683334.0 1045.6204 
2500000 7213 709.385 88812.0 29.35 6.6323 3017 1691377.0 883.2083 
2510000 7226 728.344 89224.0 30.142 6.8149 3026 1698919.0 880.5283 
2520000 7238 746.306 89616.0 30.423 7.0007 3032 1706237.0 1023.9109 
2530000 7254 706.082 90019.0 28.642 6.6156 3041 1714391.0 924.0692 
2540000 7269 694.491 90461.0 28.774 6.504 3050 1723261.0 964.1776 
2550000 7284 683.95 90870.0 28.532 6.4112 3058 1730741.0 882.266 
2560000 7297 688.634 91302.0 28.569 6.4621 3066 1738388.0 891.1019 
2570000 7312 691.361 91738.0 29.192 6.4906 3074 1746253.0 990.9257 
2580000 7327 682.658 92179.0 29.317 6.396 3082 1754968.0 970.3476 
2590000 7343 637.782 92605.0 27.041 5.9796 3091 1762822.0 874.1078 
2600000 7355 702.795 93001.0 29.415 6.5866 3099 1770070.0 946.0434 
2610000 7371 685.958 93412.0 28.602 6.4391 3108 1777594.0 911.9057 
2620000 7381 739.62 93862.0 31.518 6.9559 3115 1785959.0 1026.0744 
2630000 7398 696.937 94296.0 29.706 6.5481 3124 1793787.0 953.7486 
2640000 7420 605.484 94712.0 25.701 5.6869 3135 1801570.0 769.0273 
2650000 7437 609.616 95121.0 25.665 5.7328 3142 1808823.0 917.6092 
2660000 7449 643.363 95536.0 27.015 6.052 3147 1816971.0 1101.3034 
2670000 7461 682.476 95957.0 28.644 6.4271 3155 1825189.0 1130.7906 
2680000 7482 621.078 96345.0 25.521 5.8454 3166 1832558.0 830.2549 
2690000 7494 658.818 96758.0 26.978 6.1869 3172 1839751.0 982.3642 
2700000 7514 607.79 97175.0 25.144 5.7297 3181 1847431.0 863.6601 
2710000 7528 636.221 97601.0 26.52 5.9925 3189 1855972.0 924.7127 
2720000 7542 638.522 98008.0 26.594 6.0093 3198 1863588.0 845.9075 
2730000 7557 662.043 98437.0 27.736 6.222 3206 1871433.0 996.43 
2740000 7567 720.197 98874.0 30.308 6.7663 3213 1879733.0 1155.0797 
2750000 7584 684.959 99265.0 28.449 6.4423 3223 1887071.0 900.2942 
2760000 7600 642.462 99708.0 26.941 6.0378 3231 1895320.0 895.3843 
2770000 7614 666.619 100129.0 27.98 6.258 3239 1903356.0 969.0636 
2780000 7628 669.294 100553.0 28.215 6.2888 3246 1911597.0 1051.7331 
2790000 7641 703.475 100991.0 30.003 6.6024 3252 1920319.0 1253.4412 
2800000 7661 646.921 101412.0 27.525 6.0906 3261 1928259.0 1126.0233 
2810000 7675 661.03 101836.0 28.305 6.2103 3269 1936075.0 933.3609 
2820000 7688 674.055 102256.0 28.408 6.3267 3276 1943752.0 1015.5484 
2830000 7697 759.682 102706.0 32.586 7.1268 3282 1951978.0 1069.7664 
2840000 7710 769.131 103129.0 32.901 7.239 3290 1960520.0 1236.9672 
2850000 7724 741.371 103541.0 31.477 6.956 3296 1968701.0 1256.3205 
2860000 7736 770.516 103943.0 32.359 7.2132 3302 1976334.0 1231.4537 
2870000 7748 765.774 104385.0 32.315 7.174 3308 1984477.0 1243.4684 
2880000 7761 774.286 104812.0 32.805 7.2502 3314 1992684.0 1290.1604 
2890000 7774 766.105 105223.0 32.364 7.1752 3321 2000151.0 1170.248 
2900000 7786 776.595 105665.0 32.998 7.2723 3327 2008739.0 1293.4525 
2910000 7800 762.082 106073.0 32.122 7.1372 3333 2017235.0 1379.4631 
2920000 7813 762.014 106484.0 31.933 7.1267 3339 2025392.0 1264.9847 
2930000 7821 817.235 106898.0 34.275 7.6489 3344 2032874.0 1395.6442 
2940000 7832 857.619 107339.0 36.176 8.0369 3349 2040698.0 1525.9977 
2950000 7845 835.193 107804.0 35.939 7.825 3354 2049545.0 1618.029 
2960000 7856 855.178 108229.0 36.909 8.0181 3361 2057654.0 1412.7734 
2970000 7869 836.0 108670.0 36.259 7.841 3368 2066116.0 1372.2593 
2980000 7876 892.719 109101.0 38.35 8.3772 3373 2073909.0 1263.3487 
2990000 7890 868.187 109539.0 37.734 8.1601 3381 2081880.0 1259.7601 
3000000 7904 810.339 109962.0 35.04 7.6017 3388 2089801.0 1105.9784 
3010000 7913 862.234 110385.0 37.101 8.0856 3393 2097682.0 1202.5774 
3020000 7926 814.472 110801.0 34.498 7.6473 3400 2105814.0 1172.9574 
3030000 7934 886.399 111257.0 38.204 8.3168 3406 2114756.0 1246.9508 
3040000 7945 887.611 111672.0 38.312 8.352 3412 2122475.0 1376.7006 
3050000 7955 927.769 112130.0 40.219 8.7417 3417 2131150.0 1559.3148 
3060000 7968 894.054 112555.0 38.77 8.4061 3425 2139402.0 1232.2398 
3070000 7988 762.551 112979.0 32.907 7.1734 3435 2147362.0 933.0803 
3080000 8003 736.571 113439.0 32.256 6.921 3445 2155572.0 888.27 
3090000 8020 698.428 113863.0 30.299 6.5721 3454 2163175.0 899.6089 
3100000 8033 709.304 114310.0 31.033 6.6791 3460 2171447.0 1133.0054 
3110000 8047 689.106 114722.0 29.683 6.4917 3468 2179848.0 1002.699 
3120000 8062 686.717 115158.0 29.471 6.4625 3476 2187718.0 985.8304 
3130000 8075 716.547 115627.0 31.906 6.7261 3482 2196125.0 1041.6025 
3140000 8088 722.523 116045.0 31.455 6.7671 3490 2204377.0 1138.9793 
3150000 8100 751.151 116505.0 33.094 7.0306 3498 2213525.0 1156.5726 
3160000 8120 664.684 116942.0 29.246 6.2283 3508 2221305.0 921.7467 
3170000 8134 678.953 117395.0 30.145 6.3638 3518 2229686.0 890.3836 
3180000 8148 684.057 117838.0 30.388 6.4121 3526 2238092.0 1005.4078 
3190000 8162 687.31 118283.0 30.637 6.4517 3534 2246863.0 1065.3577 
3200000 8174 727.11 118724.0 32.278 6.836 3541 2254916.0 1120.3722 
3210000 8190 701.156 119118.0 30.273 6.5968 3548 2262580.0 1098.0653 
3220000 8204 704.407 119553.0 30.499 6.6304 3554 2270986.0 1088.6814 
3230000 8217 717.846 119996.0 31.135 6.7617 3563 2278778.0 1033.9042 
3240000 8228 753.196 120452.0 33.136 7.0968 3570 2287272.0 1139.9683 
3250000 8245 713.362 120888.0 31.467 6.7183 3580 2295720.0 940.0985 
3260000 8255 768.737 121325.0 33.753 7.2257 3587 2304480.0 1186.5376 
3270000 8268 768.009 121750.0 33.571 7.2223 3595 2312112.0 1035.0798 
3280000 8281 759.861 122191.0 33.187 7.1614 3603 2320279.0 1042.0975 
3290000 8296 732.797 122619.0 31.998 6.9018 3611 2329079.0 1100.6395 
3300000 8308 745.396 123055.0 32.367 7.0166 3616 2336872.0 1273.2427 
3310000 8323 739.973 123502.0 32.213 6.9789 3625 2344607.0 1037.6989 
3320000 8335 747.425 123925.0 32.347 7.0402 3632 2352155.0 1027.1129 
3330000 8347 770.883 124374.0 33.702 7.2479 3638 2360843.0 1146.7444 
3340000 8366 697.225 124790.0 30.004 6.5551 3646 2368329.0 1072.3882 
3350000 8382 674.192 125210.0 28.838 6.3375 3654 2376078.0 1032.8655 
3360000 8392 740.379 125640.0 31.877 6.9506 3660 2384058.0 1171.5614 
3370000 8406 718.936 126081.0 31.141 6.7328 3666 2391629.0 1152.0404 
3380000 8419 739.904 126530.0 32.189 6.9376 3674 2399896.0 1162.2819 
3390000 8432 744.769 126942.0 32.057 6.9938 3683 2407198.0 881.7562 
3400000 8444 772.425 127381.0 33.466 7.2638 3690 2415206.0 1007.4202 
3410000 8458 734.739 127808.0 31.487 6.9213 3697 2423612.0 1065.7708 
3420000 8470 765.67 128239.0 33.072 7.2054 3705 2431890.0 1102.1331 
3430000 8485 744.579 128677.0 32.08 7.0171 3713 2440675.0 1079.7079 
3440000 8495 775.988 129135.0 34.108 7.2938 3718 2449205.0 1187.5563 
3450000 8510 764.236 129577.0 33.455 7.1724 3724 2457050.0 1284.4471 
3460000 8521 781.146 130022.0 34.461 7.3318 3731 2465389.0 1261.2028 
3470000 8533 787.248 130451.0 34.492 7.3857 3737 2473192.0 1258.2022 
3480000 8544 816.212 130913.0 36.195 7.6538 3742 2481406.0 1469.3777 
3490000 8557 799.847 131368.0 35.575 7.507 3751 2489438.0 1143.8641 
3500000 8566 854.876 131789.0 37.632 8.0289 3757 2497214.0 1218.9093 
3510000 8578 861.243 132224.0 37.899 8.0939 3762 2505427.0 1322.9376 
3520000 8588 882.406 132661.0 38.732 8.2915 3768 2513372.0 1403.7192 
3530000 8602 835.004 133044.0 35.865 7.8401 3774 2520778.0 1265.9059 
3540000 8617 789.871 133486.0 33.991 7.4005 3782 2529148.0 1125.4303 
3550000 8630 788.509 133917.0 33.898 7.4016 3791 2537590.0 1038.5276 
3560000 8638 842.884 134389.0 36.991 7.9239 3797 2546697.0 1179.8983 
3570000 8651 825.09 134827.0 36.14 7.7576 3803 2554389.0 1221.0621 
3580000 8666 798.775 135268.0 34.946 7.5162 3811 2563424.0 1166.1927 
3590000 8680 773.201 135710.0 34.155 7.2883 3818 2571420.0 1117.2468 
3600000 8695 740.365 136150.0 32.403 6.9648 3826 2579670.0 1027.7079 
3610000 8706 770.697 136616.0 34.263 7.2441 3833 2588884.0 1079.5779 
3620000 8717 800.526 137066.0 35.765 7.5222 3840 2597558.0 1074.5677 
3630000 8730 790.654 137508.0 35.145 7.4281 3850 2605865.0 970.9728 
3640000 8741 791.455 137960.0 35.185 7.4351 3856 2614639.0 1124.1803 
3650000 8753 811.719 138400.0 36.146 7.6183 3862 2622787.0 1302.6164 
3660000 8765 834.619 138857.0 37.447 7.8111 3868 2631050.0 1365.3011 
3670000 8781 775.519 139244.0 33.802 7.2701 3875 2638299.0 1188.2786 
3680000 8794 778.911 139697.0 34.232 7.3025 3883 2646651.0 1155.6715 
3690000 8804 817.149 140147.0 36.093 7.6531 3888 2655421.0 1221.8706 
3700000 8818 783.41 140567.0 34.339 7.338 3896 2663112.0 1142.1403 
3710000 8831 790.136 140996.0 34.429 7.4158 3903 2670789.0 1160.5138 
3720000 8841 830.36 141427.0 36.188 7.811 3908 2678854.0 1281.5288 
3730000 8856 786.295 141865.0 34.237 7.3789 3919 2686579.0 872.6541 
3740000 8871 762.746 142288.0 32.959 7.1522 3929 2694649.0 879.8551 
3750000 8884 751.489 142707.0 32.284 7.0537 3935 2702776.0 1064.168 
3760000 8898 736.878 143129.0 31.335 6.9139 3943 2710617.0 994.4949 
3770000 8910 762.564 143537.0 32.258 7.1413 3951 2719050.0 1023.2366 
3780000 8923 774.388 143946.0 32.525 7.273 3959 2726322.0 972.4895 
3790000 8936 760.818 144397.0 32.596 7.1421 3968 2734639.0 900.7354 
3800000 8948 774.437 144817.0 32.778 7.2572 3974 2742752.0 1009.685 
3810000 8961 772.469 145266.0 33.195 7.2461 3981 2751609.0 1228.4154 
3820000 8976 730.865 145725.0 31.739 6.8543 3988 2759854.0 1113.9377 
3830000 8987 776.601 146192.0 34.508 7.2853 3996 2768303.0 1064.6947 
3840000 8999 790.572 146628.0 34.888 7.414 4003 2776526.0 1131.8354 
3850000 9008 847.441 147073.0 37.561 7.9409 4009 2784717.0 1274.926 
3860000 9020 842.499 147532.0 37.49 7.8938 4018 2793070.0 1082.0885 
3870000 9032 842.982 147996.0 37.892 7.8964 4025 2802263.0 1197.0755 
3880000 9047 794.35 148438.0 35.771 7.4398 4031 2810458.0 1282.4325 
3890000 9062 762.2 148857.0 33.463 7.1595 4037 2818338.0 1322.5175 
3900000 9074 770.019 149297.0 33.854 7.2311 4044 2827911.0 1335.6664 
3910000 9085 804.576 149756.0 35.738 7.5526 4051 2836565.0 1301.0216 
3920000 9097 813.49 150212.0 36.485 7.6432 4058 2844653.0 1148.4319 
3930000 9112 760.104 150670.0 33.966 7.1467 4065 2853933.0 1256.1673 
3940000 9125 773.125 151130.0 34.815 7.2668 4072 2862280.0 1244.4989 
3950000 9136 793.281 151542.0 35.048 7.438 4080 2869694.0 1045.5124 
3960000 9149 775.335 151967.0 33.918 7.283 4087 2877446.0 1035.6399 
3970000 9161 796.924 152415.0 35.373 7.4819 4094 2886074.0 1163.0032 
3980000 9174 780.751 152873.0 34.533 7.3172 4101 2894336.0 1138.117 
3990000 9189 760.62 153289.0 33.323 7.1389 4109 2901866.0 1043.2496 
4000000 9201 778.799 153762.0 34.727 7.3006 4115 2910414.0 1235.3086 
4010000 9215 751.412 154198.0 33.32 7.029 4122 2918620.0 1147.5456 
4020000 9226 793.738 154654.0 35.707 7.4385 4128 2927084.0 1271.7384 
4030000 9234 852.745 155113.0 38.232 7.9936 4132 2935446.0 1578.7812 
4040000 9246 836.695 155528.0 37.071 7.8417 4138 2943519.0 1387.5131 
4050000 9260 821.489 155989.0 36.567 7.6992 4145 2951910.0 1394.1994 
4060000 9273 810.49 156439.0 36.372 7.5997 4151 2960862.0 1307.9284 
4070000 9288 761.812 156857.0 33.685 7.1511 4157 2968572.0 1334.4113 
4080000 9300 778.842 157293.0 34.142 7.3204 4162 2976355.0 1478.6421 
4090000 9316 744.436 157700.0 32.173 6.9922 4168 2983864.0 1350.5454 
4100000 9330 739.739 158146.0 32.162 6.9477 4176 2991870.0 1182.4552 
4110000 9340 768.057 158575.0 33.083 7.2112 4182 3000035.0 1228.5613 
4120000 9355 731.555 158981.0 31.129 6.8518 4188 3007790.0 1223.1175 
4130000 9368 761.966 159407.0 32.567 7.115 4196 3015522.0 1129.582 
4140000 9379 782.701 159862.0 33.773 7.318 4202 3024121.0 1222.5675 
4150000 9391 783.238 160312.0 34.186 7.3094 4207 3032289.0 1243.3877 
4160000 9404 794.039 160778.0 35.111 7.4147 4213 3040516.0 1423.1329 
4170000 9412 842.514 161241.0 37.715 7.8576 4219 3049253.0 1337.8889 
4180000 9426 828.585 161697.0 37.154 7.7393 4228 3057284.0 1088.6473 
4190000 9436 862.24 162173.0 39.174 8.0761 4235 3066099.0 1195.3152 
4200000 9447 854.102 162631.0 38.893 8.0189 4241 3074683.0 1245.2877 
4210000 9459 868.981 163102.0 39.994 8.1766 4245 3083806.0 1464.4326 
4220000 9471 851.254 163563.0 39.091 8.011 4251 3091889.0 1466.105 
4230000 9483 858.039 164002.0 39.142 8.0901 4257 3100322.0 1485.8276 
4240000 9495 852.371 164457.0 38.887 8.0277 4263 3109450.0 1492.1664 
4250000 9516 715.167 164889.0 32.177 6.7327 4270 3117564.0 1278.3651 
4260000 9530 714.311 165312.0 31.728 6.7273 4276 3125630.0 1229.7969 
4270000 9544 714.506 165721.0 30.933 6.7112 4284 3133176.0 1134.0246 
4280000 9556 731.169 166146.0 31.612 6.876 4291 3141289.0 1112.0191 
4290000 9566 789.525 166584.0 34.307 7.4181 4295 3149884.0 1375.8693 
4300000 9577 805.984 167043.0 35.372 7.5868 4302 3158453.0 1338.3503 
4310000 9591 782.848 167448.0 33.854 7.3783 4309 3165824.0 1187.3441 
4320000 9600 837.979 167891.0 36.392 7.8964 4315 3173940.0 1278.1649 
4330000 9609 892.099 168359.0 39.28 8.3793 4322 3182256.0 1227.707 
4340000 9617 941.469 168823.0 41.981 8.8369 4327 3191143.0 1315.8846 
4350000 9628 917.425 169276.0 40.957 8.5869 4333 3199257.0 1379.0762 
4360000 9641 905.221 169714.0 40.276 8.4734 4340 3207764.0 1412.9166 
4370000 9654 861.063 170187.0 38.788 8.0643 4348 3216816.0 1237.8454 
4380000 9665 878.641 170616.0 39.374 8.2286 4352 3224535.0 1437.872 
4390000 9677 870.091 171072.0 38.862 8.152 4358 3233043.0 1512.7452 
4400000 9687 894.787 171532.0 40.231 8.377 4364 3241243.0 1457.0615 
4410000 9699 875.686 171983.0 39.399 8.2038 4370 3249576.0 1418.9763 
4420000 9709 882.589 172447.0 39.985 8.2597 4375 3257731.0 1439.0291 
4430000 9721 867.599 172857.0 38.837 8.133 4381 3265799.0 1365.2394 
4440000 9733 874.609 173338.0 39.401 8.1969 4387 3274397.0 1473.5776 
4450000 9744 873.858 173807.0 39.686 8.1803 4391 3282741.0 1590.9566 
4460000 9754 902.204 174272.0 41.16 8.4583 4396 3291796.0 1750.2887 
4470000 9768 854.803 174682.0 38.468 8.0245 4405 3299262.0 1173.7208 
4480000 9778 881.555 175154.0 39.824 8.28 4411 3308002.0 1362.9617 
4490000 9791 850.379 175619.0 38.764 7.9798 4419 3316324.0 1142.9087 
4500000 9800 892.628 176053.0 40.379 8.3836 4425 3324580.0 1237.3945 
4510000 9814 853.413 176521.0 38.841 8.0286 4432 3333011.0 1248.2378 
4520000 9821 926.806 176972.0 41.946 8.7359 4436 3340929.0 1484.0956 
4530000 9831 930.507 177410.0 41.862 8.7566 4441 3348639.0 1471.9855 
4540000 9841 944.167 177861.0 42.493 8.8868 4447 3357139.0 1455.3304 
4550000 9854 905.69 178286.0 40.33 8.5405 4453 3365146.0 1394.6604 
4560000 9865 906.949 178709.0 40.112 8.5412 4458 3373350.0 1424.0915 
4570000 9876 895.719 179182.0 40.112 8.446 4464 3381864.0 1453.885 
4580000 9888 889.659 179653.0 40.073 8.3729 4470 3390417.0 1440.6785 
4590000 9900 870.921 180132.0 39.766 8.1939 4475 3399225.0 1530.1482 
4600000 9915 824.282 180575.0 37.499 7.7648 4482 3407335.0 1421.3284 
4610000 9925 825.23 181002.0 37.442 7.7577 4488 3415800.0 1328.7202 
4620000 9937 846.101 181478.0 38.354 7.9487 4494 3424098.0 1392.7838 
4630000 9951 825.593 181916.0 37.284 7.7631 4500 3432409.0 1432.8585 
4640000 9965 787.216 182344.0 35.182 7.4039 4506 3440500.0 1262.9404 
4650000 9977 774.697 182792.0 34.675 7.274 4512 3448753.0 1261.659 
4660000 9989 815.796 183272.0 36.845 7.6541 4520 3457131.0 1229.4991 
4670000 9998 857.928 183712.0 38.689 8.057 4525 3465177.0 1389.3691 
4680000 10010 845.379 184136.0 37.553 7.9325 4532 3472780.0 1173.2245 
4690000 10026 794.463 184573.0 35.211 7.4767 4540 3480504.0 1067.7935 
4700000 10037 804.273 185010.0 35.56 7.5656 4546 3488638.0 1154.7217 
4710000 10049 804.486 185446.0 35.354 7.5685 4554 3496756.0 1049.2888 
4720000 10063 791.37 185916.0 35.337 7.4418 4561 3505217.0 1171.4768 
4730000 10078 743.875 186326.0 32.784 6.9848 4569 3512937.0 1007.7857 
4740000 10092 736.39 186779.0 32.217 6.9033 4577 3521483.0 1000.4477 
4750000 10104 754.136 187257.0 33.806 7.0872 4585 3530421.0 1067.7656 
4760000 10115 794.116 187755.0 36.708 7.4789 4591 3539700.0 1170.8941 
4770000 10129 775.741 188200.0 35.407 7.2971 4599 3547511.0 1130.3713 
4780000 10140 806.69 188671.0 37.164 7.5816 4607 3556405.0 1152.1827 
4790000 10149 837.218 189121.0 38.47 7.8764 4613 3565226.0 1257.1749 
4800000 10165 794.831 189550.0 36.027 7.4645 4622 3573125.0 1033.5934 
4810000 10178 779.792 189975.0 34.76 7.3338 4629 3580917.0 1063.3559 
4820000 10189 810.833 190405.0 35.896 7.6117 4635 3588936.0 1231.0598 
4830000 10201 815.393 190829.0 35.794 7.6584 4640 3597029.0 1342.6595 
4840000 10212 828.11 191273.0 36.558 7.7836 4646 3605343.0 1201.9642 
4850000 10223 844.114 191730.0 37.293 7.9283 4652 3613602.0 1374.4753 
4860000 10233 853.307 192185.0 37.931 8.0181 4659 3621597.0 1205.2507 
4870000 10248 821.02 192618.0 36.423 7.7052 4665 3629357.0 1114.2432 
4880000 10258 846.369 193073.0 37.806 7.9594 4671 3637582.0 1407.268 
4890000 10270 840.147 193558.0 37.967 7.8919 4677 3646640.0 1448.1067 
4900000 10283 835.688 193993.0 37.501 7.84 4684 3655332.0 1388.1504 
4910000 10294 832.908 194452.0 37.535 7.8139 4691 3663621.0 1236.6088 
4920000 10305 857.048 194903.0 38.739 8.0346 4700 3671905.0 1043.8623 
4930000 10315 889.8 195371.0 40.399 8.3369 4708 3680505.0 1085.6356 
4940000 10329 831.16 195811.0 37.458 7.7933 4715 3689141.0 1094.347 
4950000 10341 831.328 196239.0 37.124 7.7909 4721 3696864.0 1146.3008 
4960000 10355 794.4 196717.0 35.921 7.4504 4727 3705755.0 1305.5082 
4970000 10369 772.593 197154.0 34.605 7.2471 4733 3713626.0 1302.4774 
4980000 10380 822.585 197620.0 37.394 7.7079 4740 3722360.0 1370.0383 
4990000 10394 791.11 198070.0 35.889 7.4316 4747 3731151.0 1301.3658 
5000000 10411 716.334 198517.0 32.202 6.7332 4756 3739704.0 1042.3596 
5010000 10424 743.251 198965.0 33.543 6.9693 4764 3747531.0 943.6643 
5020000 10440 698.203 199421.0 31.468 6.5421 4774 3756075.0 926.0342 
5030000 10451 747.55 199860.0 33.874 7.0189 4781 3764084.0 1054.6525 
5040000 10464 747.618 200313.0 33.627 7.0336 4789 3772056.0 1000.1048 
5050000 10479 729.88 200737.0 32.322 6.8756 4798 3779481.0 923.7928 
5060000 10493 725.915 201172.0 31.956 6.8241 4806 3787267.0 954.9394 
5070000 10504 749.299 201599.0 32.814 7.0461 4813 3794681.0 974.5033 
5080000 10512 800.702 202086.0 35.526 7.5118 4819 3803153.0 1064.6076 
5090000 10523 854.66 202565.0 38.804 8.0196 4825 3812367.0 1398.0478 
5100000 10533 842.779 203014.0 38.106 7.904 4831 3820467.0 1268.0469 
5110000 10544 876.037 203485.0 40.235 8.2157 4837 3829261.0 1440.4797 
5120000 10558 849.681 203945.0 38.998 7.9755 4845 3837347.0 1216.9196 
5130000 10572 809.71 204394.0 36.99 7.5903 4854 3845593.0 1017.0534 
5140000 10585 802.444 204831.0 36.195 7.5349 4862 3854135.0 1065.7946 
5150000 10597 804.386 205294.0 36.519 7.5582 4870 3862423.0 1011.2594 
5160000 10609 799.834 205770.0 36.627 7.509 4877 3871251.0 1120.9713 
5170000 10622 809.311 206222.0 37.055 7.6027 4885 3879633.0 1181.8087 
5180000 10635 803.402 206674.0 36.854 7.5581 4893 3887935.0 1025.4185 
5190000 10644 846.833 207130.0 38.708 7.9701 4900 3896101.0 1120.6731 
5200000 10655 868.648 207572.0 39.502 8.1698 4906 3904015.0 1242.2214 
5210000 10666 865.689 208052.0 39.676 8.1247 4913 3912999.0 1240.407 
5220000 10680 812.578 208504.0 37.088 7.6197 4920 3921685.0 1143.4176 
5230000 10692 822.635 208967.0 37.558 7.7143 4927 3930818.0 1294.6819 
5240000 10704 836.068 209452.0 38.707 7.8347 4934 3939676.0 1348.1612 
5250000 10715 853.766 209946.0 40.18 8.0004 4941 3949120.0 1374.1632 
5260000 10727 830.621 210413.0 38.984 7.7918 4948 3957483.0 1209.2117 
5270000 10740 817.298 210883.0 38.499 7.6581 4955 3966485.0 1276.4515 
5280000 10750 860.804 211367.0 40.698 8.0661 4961 3975320.0 1434.0839 
5290000 10762 853.153 211810.0 39.933 7.9896 4968 3983478.0 1326.6065 
5300000 10776 828.146 212264.0 38.584 7.7453 4974 3992139.0 1332.7737 
5310000 10792 752.82 212688.0 34.686 7.0542 4981 4000088.0 1224.9175 
5320000 10803 793.991 213132.0 36.109 7.4799 4986 4008622.0 1412.2951 
5330000 10815 770.36 213600.0 35.045 7.2416 4993 4016990.0 1222.8799 
5340000 10825 820.218 214045.0 37.225 7.7172 5001 4025215.0 1082.9781 
5350000 10835 872.165 214525.0 39.86 8.2088 5006 4034275.0 1466.2275 
5360000 10848 846.673 214964.0 38.542 7.9701 5013 4042012.0 1307.4992 
5370000 10861 836.504 215423.0 37.996 7.8678 5021 4050779.0 1197.2352 
5380000 10875 779.814 215896.0 35.686 7.3426 5028 4059195.0 1125.4955 
5390000 10888 789.28 216358.0 36.172 7.4156 5034 4067572.0 1279.391 
5400000 10899 826.064 216813.0 37.834 7.7561 5040 4075651.0 1341.708 
5410000 10910 837.134 217240.0 37.894 7.8538 5045 4083560.0 1442.851 
5420000 10919 887.359 217687.0 40.309 8.3088 5052 4092261.0 1306.1507 
5430000 10928 893.272 218173.0 40.811 8.3773 5056 4101722.0 1572.6367 
5440000 10940 894.989 218648.0 41.282 8.4038 5062 4110500.0 1563.3134 
5450000 10951 903.796 219127.0 41.827 8.4689 5069 4119309.0 1401.4991 
5460000 10960 935.418 219571.0 43.172 8.7607 5076 4127955.0 1317.7275 
5470000 10972 924.199 219994.0 41.859 8.6583 5084 4135718.0 1104.956 
5480000 10985 864.847 220457.0 39.317 8.102 5091 4144490.0 1102.6412 
5490000 10993 939.225 220947.0 43.36 8.8095 5096 4153817.0 1327.4091 
5500000 11003 947.545 221394.0 43.535 8.8738 5104 4162037.0 1252.4827 
5510000 11015 921.599 221868.0 42.399 8.6106 5110 4170335.0 1286.6995 
5520000 11025 931.182 222340.0 43.017 8.6927 5115 4179260.0 1303.5726 
5530000 11036 943.523 222798.0 43.674 8.8126 5123 4187709.0 1307.8289 
5540000 11044 970.519 223287.0 45.216 9.0661 5129 4196851.0 1299.7892 
5550000 11055 971.569 223745.0 45.297 9.0724 5135 4205650.0 1417.5819 
5560000 11069 901.025 224234.0 42.21 8.4181 5143 4214576.0 1190.1248 
5570000 11080 895.482 224678.0 41.663 8.37 5151 4223105.0 1108.2833 
5580000 11093 866.034 225157.0 40.506 8.1044 5157 4231712.0 1290.4548 
5590000 11108 814.69 225617.0 37.889 7.6254 5165 4239952.0 1156.1367 
5600000 11123 765.265 226070.0 35.44 7.1668 5171 4248327.0 1222.4213 
5610000 11131 807.604 226591.0 38.044 7.6099 5177 4257674.0 1225.7546 
5620000 11141 868.416 227053.0 41.001 8.234 5184 4265849.0 1276.3085 
5630000 11152 830.806 227495.0 39.077 7.9011 5189 4274308.0 1283.4627 
5640000 11166 838.16 227965.0 39.101 8.0119 5198 4283414.0 1242.6718 
5650000 11177 838.169 228432.0 39.149 8.0528 5203 4291743.0 1244.6678 
5660000 11191 796.362 228883.0 36.735 7.6596 5212 4299574.0 1007.7046 
5670000 11206 783.584 229333.0 35.987 7.5582 5220 4307524.0 1106.8522 
5680000 11223 734.705 229779.0 33.579 7.0832 5227 4316082.0 1223.4135 
5690000 11231 803.036 230248.0 36.869 7.7364 5231 4325274.0 1446.0842 
5700000 11243 817.908 230719.0 37.904 7.8883 5238 4334062.0 1384.7279 
5710000 11253 845.317 231183.0 39.069 8.1534 5246 4343357.0 1262.654 
5720000 11266 809.866 231628.0 37.146 7.8098 5252 4351759.0 1179.4611 
5730000 11277 850.255 232111.0 39.526 8.1852 5257 4361538.0 1669.3456 
5740000 11288 867.802 232605.0 40.804 8.3684 5263 4370457.0 1620.5073 
5750000 11305 787.787 233075.0 37.045 7.6248 5270 4379020.0 1384.0092 
5760000 11316 808.243 233561.0 38.412 7.8251 5276 4387514.0 1388.9952 
5770000 11331 776.181 234015.0 36.472 7.5302 5282 4395449.0 1431.8816 
5780000 11344 768.427 234476.0 35.99 7.4592 5287 4403801.0 1487.926 
5790000 11359 743.456 234912.0 34.245 7.2113 5293 4411866.0 1447.0913 
5800000 11374 722.644 235376.0 33.412 7.0168 5299 4420576.0 1449.0775 
5810000 11388 722.668 235807.0 32.803 7.0034 5306 4428447.0 1290.4625 
5820000 11396 786.843 236288.0 36.041 7.6129 5311 4437724.0 1498.2013 
5830000 11404 858.958 236770.0 39.856 8.2957 5316 4446526.0 1591.0947 
5840000 11414 896.237 237265.0 42.48 8.6746 5320 4455571.0 1867.4045 
5850000 11426 880.704 237726.0 41.55 8.5211 5328 4463714.0 1396.957 
5860000 11433 942.367 238191.0 44.185 9.1183 5333 4472322.0 1420.6697 
5870000 11446 915.672 238665.0 43.025 8.8639 5341 4481059.0 1174.7961 
5880000 11457 901.872 239138.0 42.393 8.7533 5347 4489368.0 1259.0462 
5890000 11470 877.599 239607.0 41.256 8.5227 5353 4498225.0 1499.817 
5900000 11482 850.568 240056.0 39.549 8.2488 5359 4506718.0 1393.9994 
5910000 11494 851.176 240504.0 39.429 8.2457 5365 4515296.0 1448.5298 
5920000 11504 866.727 240950.0 39.865 8.4184 5372 4523636.0 1294.4392 
5930000 11517 864.737 241424.0 39.955 8.3884 5378 4532268.0 1438.1497 
5940000 11529 840.719 241871.0 38.387 8.152 5384 4540341.0 1284.2056 
5950000 11548 748.009 242326.0 34.128 7.2541 5393 4548367.0 1067.6491 
5960000 11560 763.768 242771.0 34.65 7.4097 5399 4556440.0 1188.2943 
5970000 11570 808.24 243279.0 37.676 7.8238 5404 4565725.0 1473.83 
5980000 11579 844.674 243745.0 39.443 8.1787 5410 4574091.0 1438.5988 
5990000 11590 874.884 244237.0 41.364 8.4588 5416 4583410.0 1494.9114 
6000000 11600 894.594 244729.0 42.485 8.6509 5424 4592780.0 1350.9019 
