1000 42 13.532 -4.0 -0.072 0.0128 0 0 0 
2000 84 19.199 -8.0 -0.069 0.0217 0 0 0 
3000 125 21.989 -17.0 -0.132 0.017 0 0 0 
4000 168 22.494 -16.0 -0.014 0.0138 0 0 0 
5000 207 24.439 -27.0 -0.169 0.013 0 0 0 
6000 251 23.017 -33.0 -0.114 0.011 0 0 0 
7000 295 23.153 -39.0 -0.14 0.0106 0 0 0 
8000 334 24.119 -52.0 -0.216 0.0108 0 0 0 
9000 379 23.161 -57.0 -0.148 0.0103 0 0 0 
10000 417 24.249 -73.0 -0.276 0.0107 0 0 0 
11000 458 24.368 -80.0 -0.187 0.0107 0 0 0 
12000 499 24.838 -95.0 -0.327 0.0109 0 0 0 
13000 537 25.753 -113.0 -0.398 0.0115 0 0 0 
14000 577 25.483 -123.0 -0.308 0.0113 0 0 0 
15000 620 23.931 -130.0 -0.224 0.0105 0 0 0 
16000 667 22.399 -135.0 -0.15 0.0099 0 0 0 
17000 708 23.338 -144.0 -0.178 0.0213 0 0 0 
18000 747 24.903 -157.0 -0.278 0.0328 0 0 0 
19000 791 24.223 -165.0 -0.254 0.0391 0 0 0 
20000 835 22.865 -171.0 -0.183 0.0385 0 0 0 
21000 880 22.374 -178.0 -0.173 0.058 0 0 0 
22000 921 23.645 -185.0 -0.168 0.0695 0 0 0 
23000 961 24.21 -191.0 -0.183 0.0943 0 0 0 
24000 1002 24.288 -200.0 -0.209 0.0725 0 0 0 
25000 1044 24.123 -206.0 -0.192 0.056 0 0 0 
26000 1085 24.474 -223.0 -0.313 0.0495 0 0 0 
27000 1129 23.159 -231.0 -0.199 0.0442 0 0 0 
28000 1172 23.508 -242.0 -0.25 0.0434 0 0 0 
29000 1208 25.497 -260.0 -0.371 0.0468 0 0 0 
30000 1251 23.744 -263.0 -0.173 0.0432 0 0 0 
31000 1291 24.713 -273.0 -0.23 0.0448 0 0 0 
32000 1333 24.186 -279.0 -0.179 0.0449 0 0 0 
33000 1378 23.124 -280.0 -0.097 0.0443 0 0 0 
34000 1422 22.823 -282.0 -0.071 0.0427 0 0 0 
35000 1468 22.87 -278.0 -0.006 0.0432 0 0 0 
36000 1520 20.431 -264.0 0.172 0.038 0 0 0 
37000 1565 22.129 -265.0 0.011 0.0408 0 0 0 
38000 1611 21.872 -267.0 -0.017 0.0406 0 0 0 
39000 1657 21.238 -265.0 0.041 0.0391 0 0 0 
40000 1700 22.25 -266.0 0.004 0.0409 0 0 0 
41000 1743 22.922 -273.0 -0.087 0.0583 0 0 0 
42000 1784 23.642 -278.0 -0.108 0.0654 0 0 0 
43000 1830 22.672 -278.0 -0.07 0.0523 0 0 0 
44000 1873 23.556 -285.0 -0.159 0.0496 0 0 0 
45000 1924 20.826 -270.0 0.122 0.0423 0 0 0 
46000 1965 23.355 -279.0 -0.089 0.0459 0 0 0 
47000 2012 21.857 -274.0 0.009 0.0421 0 0 0 
48000 2057 22.509 -279.0 -0.084 0.043 0 0 0 
49000 2104 22.07 -278.0 -0.021 0.0463 0 0 0 
50000 2155 19.918 -265.0 0.158 0.0476 0 0 0 
51000 2198 21.875 -272.0 -0.024 0.0632 0 0 0 
52000 2251 19.392 -267.0 0.103 0.0443 0 0 0 
53000 2301 19.209 -259.0 0.171 0.0389 0 0 0 
54000 2352 19.828 -248.0 0.192 0.0389 0 0 0 
55000 2399 20.236 -251.0 0.078 0.0387 0 0 0 
56000 2452 19.463 -252.0 0.01 0.0382 0 0 0 
57000 2506 18.821 -244.0 0.097 0.0368 0 0 0 
58000 2560 19.367 -230.0 0.161 0.0366 0 0 0 
59000 2612 19.21 -226.0 0.113 0.0361 0 0 0 
60000 2670 17.243 -208.0 0.276 0.0321 0 0 0 
61000 2733 15.489 -183.0 0.411 0.0334 0 0 0 
62000 2796 16.269 -164.0 0.298 0.0445 0 0 0 
63000 2860 15.854 -134.0 0.419 0.0423 0 0 0 
64000 2929 14.648 -95.0 0.561 0.0319 0 0 0 
65000 2990 16.266 -60.0 0.552 0.0321 0 0 0 
66000 3049 16.685 -39.0 0.406 0.0325 0 0 0 
67000 3116 14.853 -8.0 0.489 0.0375 0 0 0 
68000 3187 14.404 29.0 0.5 0.0544 0 0 0 
69000 3256 14.742 62.0 0.492 0.055 0 0 0 
70000 3329 14.316 99.0 0.471 0.0496 0 0 0 
71000 3413 12.747 155.0 0.589 0.0294 0 0 0 
72000 3484 13.401 184.0 0.48 0.0265 0 0 0 
73000 3541 16.486 193.0 0.242 0.0564 0 0 0 
74000 3607 14.782 223.0 0.414 0.0519 0 0 0 
75000 3686 13.206 268.0 0.507 0.0355 0 0 0 
76000 3757 13.999 297.0 0.422 0.0302 0 0 0 
77000 3831 13.547 335.0 0.481 0.0296 0 0 0 
78000 3902 14.025 368.0 0.491 0.028 0 0 0 
79000 3975 12.636 403.0 0.568 0.0272 0 0 0 
80000 4056 12.88 444.0 0.509 0.0269 0 0 0 
81000 4137 11.767 493.0 0.6 0.0238 0 0 0 
82000 4205 14.165 515.0 0.393 0.0284 0 0 0 
83000 4313 9.706 607.0 0.769 0.0189 0 0 0 
84000 4419 9.595 711.0 0.952 0.0185 0 0 0 
85000 4542 7.844 834.0 0.996 0.0152 0 0 0 
86000 4666 8.043 958.0 1.0 0.0155 0 0 0 
87000 4782 8.663 1072.0 0.967 0.0176 0 0 0 
88000 4872 10.59 1146.0 0.887 0.0205 0 0 0 
89000 4993 7.988 1261.0 0.964 0.0154 0 0 0 
90000 5087 10.907 1347.0 0.897 0.0211 0 0 0 
91000 5169 10.855 1407.0 0.809 0.0209 0 0 0 
92000 5278 9.659 1506.0 0.876 0.0193 0 0 0 
93000 5386 8.514 1608.0 0.94 0.017 0 0 0 
94000 5496 8.698 1710.0 0.951 0.0207 0 0 0 
95000 5636 6.878 1850.0 0.997 0.0166 0 0 0 
96000 5755 8.006 1967.0 0.992 0.0163 0 0 0 
97000 5873 8.527 2081.0 0.944 0.0169 0 0 0 
98000 5981 9.287 2179.0 0.892 0.018 0 0 0 
99000 6089 8.775 2269.0 0.875 0.0175 0 0 0 
100000 6196 9.404 2370.0 0.958 0.0184 0 0 0 
