10000 12 179.708 -10.8 -0.198 1.7489 0 0 0 0.0 0.0 
20000 22 329.762 -68.5 -1.212 3.2177 0 0 0 0.0 0.0 
30000 32 452.367 -77.7 -1.157 6.5101 0 0 0 0.0007215 0.0072153 
40000 104 169.181 -177.2 -1.258 2.8977 0 0 0 0.0005496 0.005496 
50000 197 144.987 -249.9 -0.647 3.0009 0 0 0 0.0005057 0.0050572 
60000 215 278.171 -260.9 -0.637 5.8988 0 0 0 0.0004552 0.0045517 
70000 272 219.54 -298.6 -0.561 4.7076 0 0 0 0.0004309 0.0043091 
80000 305 252.902 -348.0 -0.98 5.4454 0 0 0 0.0004381 0.0043811 
90000 345 252.818 -438.9 -1.867 5.4432 0 0 0 0.000448 0.0044804 
100000 370 315.227 -519.3 -2.411 6.7812 0 0 0 0.0004391 0.004391 
110000 407 294.914 -622.4 -2.86 6.3302 0 0 0 0.0004636 0.0046357 
120000 445 262.675 -721.8 -2.591 5.6641 0 0 0 0.0004588 0.004588 
130000 522 150.897 -825.2 -1.453 3.2638 0 0 0 0.0004622 0.0046218 
140000 579 173.813 -912.2 -1.65 3.7356 0 0 0 0.0004578 0.0045779 
150000 617 223.477 -968.9 -1.573 4.783 0 0 0 0.0004686 0.0046856 
160000 659 224.201 -1103.7 -2.168 4.8104 0 0 0 0.0004615 0.004615 
170000 729 173.883 -1211.0 -1.979 3.7519 0 0 0 0.000473 0.0047299 
180000 771 206.32 -1350.0 -2.465 4.4568 0 0 0 0.0004922 0.0049217 
190000 814 230.186 -1423.5 -2.02 4.8892 0 0 0 0.0004961 0.0049609 
200000 860 225.333 -1467.4 -1.292 4.7209 0 0 0 0.000501 0.0050097 
210000 928 157.88 -1557.3 -1.37 3.3117 0 0 0 0.0004593 0.0045932 
220000 987 172.872 -1625.5 -1.388 3.6662 0 0 0 0.000419 0.0041901 
230000 1036 194.823 -1718.1 -1.774 4.1512 0 0 0 0.0004053 0.0040532 
240000 1082 206.388 -1832.0 -2.19 4.402 0 0 0 0.0003876 0.0038757 
250000 1124 219.797 -1923.2 -2.235 4.6964 0 0 0 0.0003713 0.0037134 
260000 1177 187.713 -1975.9 -1.359 3.9924 0 0 0 0.0003708 0.0037083 
270000 1200 277.226 -2047.4 -2.004 5.8861 0 0 0 0.0004561 0.0045615 
280000 1225 340.82 -2242.2 -4.546 7.272 0 0 0 0.0004922 0.0049224 
290000 1295 174.861 -2301.3 -1.886 3.7813 0 0 0 0.0005155 0.0051551 
300000 1377 134.199 -2440.2 -2.062 2.9174 0 0 0 0.0005255 0.0052546 
310000 1416 206.189 -2558.5 -2.733 4.446 0 0 0 0.0005228 0.0052279 
320000 1446 252.289 -2682.0 -3.152 5.4233 0 0 0 0.0005234 0.0052341 
330000 1510 184.698 -2811.9 -2.559 3.9867 0 0 0 0.0005039 0.0050395 
340000 1562 179.956 -2963.1 -2.785 3.8804 0 0 0 0.0004727 0.0047267 
350000 1588 248.616 -3136.4 -3.855 5.352 0 0 0 0.00047 0.0047002 
360000 1631 255.818 -3190.7 -2.479 5.523 0 0 0 0.0004568 0.0045676 
370000 1665 266.808 -3383.3 -4.235 5.7758 0 0 0 0.0004447 0.0044472 
380000 1705 252.863 -3569.1 -4.722 5.4725 0 0 0 0.0004359 0.0043586 
390000 1732 303.775 -3713.2 -4.844 6.5547 0 0 0 0.0004315 0.0043154 
400000 1765 319.94 -3790.4 -3.854 6.9353 0 0 0 0.0004209 0.004209 
410000 1777 418.141 -3799.3 -3.2 9.0501 0 0 0 0.000417 0.00417 
420000 1806 395.13 -3805.1 -1.813 8.539 0 0 0 0.0004178 0.0041779 
430000 1842 325.735 -3817.7 -1.043 7.0376 0 0 0 0.0004096 0.0040963 
440000 1883 291.185 -3867.9 -1.333 6.2969 0 0 0 0.000414 0.0041401 
450000 1925 258.911 -3926.1 -1.218 5.6432 0 0 0 0.0004055 0.0040547 
460000 1949 307.415 -3951.0 -1.202 6.6771 0 0 0 0.0004019 0.004019 
470000 1981 305.313 -3938.5 -0.506 6.5835 0 0 0 0.0003853 0.0038527 
480000 2015 300.829 -3938.4 -0.184 6.4427 0 0 0 0.0003727 0.0037266 
490000 2034 366.312 -3926.0 0.088 7.8358 0 0 0 0.0003614 0.0036141 
500000 2053 407.391 -4014.7 -1.167 8.7339 0 0 0 0.0003513 0.0035129 
510000 2087 359.82 -4011.0 -0.757 7.7287 0 0 0 0.0003268 0.0032685 
520000 2123 327.021 -4047.4 -0.847 7.0239 0 0 0 0.0003288 0.003288 
530000 2156 309.244 -4064.8 -0.595 6.6353 0 0 0 0.0003198 0.0031979 
540000 2187 318.276 -4050.5 -0.134 6.8323 0 0 0 0.000303 0.0030301 
550000 2213 346.29 -4038.9 0.236 7.456 0 0 0 0.0002868 0.0028684 
560000 2258 271.469 -4061.6 -0.204 5.8529 0 0 0 0.000269 0.0026903 
570000 2307 231.203 -4037.3 0.2 4.9643 0 0 0 0.0002539 0.0025388 
580000 2347 249.645 -4145.9 -1.532 5.3129 0 0 0 0.0002373 0.0023731 
590000 2389 233.097 -4125.9 -0.392 4.9681 0 0 0 0.000226 0.0022596 
600000 2423 259.377 -4087.9 0.326 5.5175 0 0 0 0.0002219 0.0022193 
610000 2461 263.942 -4067.3 0.538 5.6531 0 0 0 0.0002118 0.0021177 
620000 2492 295.102 -4100.3 -0.169 6.3521 0 0 0 0.0002039 0.0020385 
630000 2536 256.573 -4089.4 0.095 5.5288 0 0 0 0.0001948 0.0019483 
640000 2560 319.595 -4153.3 -0.638 6.8297 0 0 0 0.0001822 0.0018223 
650000 2590 315.291 -4108.9 0.28 6.7238 0 0 0 0.0001649 0.0016485 
660000 2629 265.456 -4088.6 0.428 5.688 0 0 0 0.0001599 0.0015986 
670000 2681 209.896 -4076.9 0.282 4.5374 0 0 0 0.0001523 0.0015228 
680000 2718 235.047 -4093.1 -0.024 5.0905 0 0 0 0.0001478 0.0014775 
690000 2776 203.714 -4085.2 0.161 4.3942 0 0 0 0.0001428 0.0014282 
700000 2835 167.168 -4060.4 0.402 3.6201 0 0 0 0.0001426 0.0014262 
710000 2906 139.521 -4112.0 -0.495 3.0425 0 0 0 0.0001391 0.0013906 
720000 2976 132.724 -4076.3 0.284 2.9041 0 0 0 0.0001382 0.0013818 
730000 3028 164.899 -4066.3 0.136 3.5921 0 0 0 0.0001335 0.0013352 
740000 3082 199.114 -4025.4 0.689 4.3183 0 0 0 0.0001319 0.0013186 
750000 3113 246.988 -4010.8 0.654 5.3323 0 0 0 0.000131 0.0013096 
760000 3161 226.847 -3976.3 0.685 4.8972 0 0 0 0.0001295 0.0012949 
770000 3233 148.342 -3951.2 0.257 3.1938 0 0 0 0.0001295 0.0012954 
780000 3280 191.002 -3921.6 0.571 4.0203 0 0 0 0.0001252 0.0012517 
790000 3352 142.675 -3892.2 0.342 1.6714 0 0 0 0.0001224 0.0012243 
800000 3409 165.261 -3868.7 0.409 1.3595 0 0 0 0.0001213 0.0012126 
810000 3472 163.434 -3869.8 0.226 1.1989 0 0 0 0.0001216 0.0012164 
820000 3509 222.556 -3828.0 0.604 1.6768 0 0 0 0.0001208 0.0012077 
830000 3548 245.431 -3790.1 0.84 1.8742 0 0 0 0.0001199 0.0011986 
840000 3597 209.936 -3772.7 0.489 1.6136 0 0 0 0.0001179 0.0011794 
850000 3653 186.796 -3699.3 0.945 1.3627 0 0 0 0.0001174 0.0011739 
860000 3704 189.078 -3638.7 1.11 1.3299 0 0 0 0.0001158 0.0011577 
870000 3776 139.876 -3577.3 0.747 0.9745 0 0 0 0.0001159 0.0011594 
880000 3825 178.491 -3682.6 -1.845 1.2439 0 0 0 0.0001131 0.0011315 
890000 3883 179.895 -3643.4 -0.008 1.2413 0 0 0 0.0001156 0.0011563 
900000 3932 192.088 -3592.3 0.764 1.3423 0 0 0 0.000112 0.0011199 
910000 3979 202.072 -3555.8 0.729 1.4098 0 0 0 0.0001119 0.0011192 
920000 4046 153.181 -3493.7 0.803 1.0655 0 0 0 0.0001113 0.0011131 
930000 4099 187.404 -3456.5 0.918 1.3291 0 0 0 0.0001084 0.0010842 
940000 4170 151.056 -3430.0 0.456 1.0916 0 0 0 0.0001091 0.0010908 
950000 4225 178.277 -3425.3 0.454 1.3107 0 0 0 0.0001091 0.0010905 
960000 4286 154.517 -3382.4 0.707 1.1766 0 0 0 0.0001061 0.0010612 
970000 4355 139.421 -3330.7 0.845 1.0673 0 0 0 0.0001039 0.0010391 
980000 4408 166.469 -3320.3 0.575 1.2757 0 0 0 0.0001033 0.0010333 
990000 4465 173.695 -3294.2 0.401 1.323 0 0 0 0.0001034 0.0010338 
1000000 4529 151.809 -3212.1 0.978 1.1172 0 0 0 0.000101 0.0010105 
1010000 4601 143.036 -3088.9 1.709 1.0363 0 0 0 0.0001014 0.0010144 
1020000 4667 141.792 -3025.4 1.009 1.0517 0 0 0 9.74e-05 0.0009737 
1030000 4737 130.879 -2961.7 0.892 0.9989 0 0 0 9.78e-05 0.000978 
1040000 4801 140.196 -2893.0 0.984 1.0856 0 0 0 9.92e-05 0.0009923 
1050000 4858 166.834 -2816.3 1.258 1.2887 0 0 0 9.74e-05 0.0009741 
1060000 4941 130.95 -2684.4 1.625 1.0071 0 0 0 9.71e-05 0.0009706 
1070000 4997 155.16 -2619.0 1.349 1.1833 0 0 0 9.57e-05 0.0009569 
1080000 5070 137.073 -2545.5 0.965 1.0473 0 0 0 9.61e-05 0.0009605 
1090000 5134 150.901 -2436.2 1.45 1.0907 0 0 0 9.45e-05 0.000945 
1100000 5201 159.562 -2365.5 1.194 1.1762 0 0 0 9.57e-05 0.0009575 
1110000 5264 158.764 -2266.4 1.37 1.2006 0 0 0 9.59e-05 0.0009586 
1120000 5330 151.969 -2159.3 1.638 1.1681 0 0 0 9.74e-05 0.000974 
1130000 5396 151.647 -2062.5 1.616 1.1199 0 0 0 9.43e-05 0.0009428 
1140000 5452 165.992 -1948.9 1.834 1.1777 0 0 0 9.68e-05 0.000968 
1150000 5507 179.173 -1887.2 1.212 1.2599 0 0 0 9.29e-05 0.0009294 
1160000 5564 180.081 -1816.9 1.278 1.2574 0 0 0 9.32e-05 0.0009322 
1170000 5607 213.671 -1723.9 1.728 1.4663 0 0 0 9.2e-05 0.0009197 
1180000 5683 146.026 -1582.7 1.743 1.0145 0 0 0 9.33e-05 0.0009335 
1190000 5735 166.724 -1576.7 0.964 1.157 0 0 0 9.19e-05 0.000919 
1200000 5797 167.495 -1439.4 1.784 1.1622 0 0 0 9.18e-05 0.0009179 
1210000 5846 189.304 -1358.9 1.81 1.3654 0 0 0 9.11e-05 0.0009105 
1220000 5907 165.124 -1242.9 1.875 1.2604 0 0 0 9.39e-05 0.000939 
1230000 5966 169.646 -1092.5 2.459 1.3095 0 0 0 9.37e-05 0.0009368 
1240000 6027 166.609 -981.0 2.064 1.2888 0 0 0 9.09e-05 0.0009085 
1250000 6076 195.41 -888.6 1.885 1.4994 0 0 0 9.18e-05 0.0009185 
1260000 6127 191.338 -777.6 1.983 1.4746 0 0 0 9.36e-05 0.000936 
1270000 6174 205.353 -675.9 2.093 1.5684 0 0 0 9.09e-05 0.000909 
1280000 6248 143.715 -541.2 1.805 1.0802 0 0 0 9.12e-05 0.0009115 
1290000 6297 175.821 -439.0 1.994 1.3194 0 0 0 9.19e-05 0.0009191 
1300000 6354 178.096 -314.7 2.245 1.3236 0 0 0 8.91e-05 0.0008907 
1310000 6407 189.756 -167.2 2.646 1.4317 0 0 0 8.93e-05 0.0008931 
1320000 6455 195.374 -60.2 2.291 1.4858 0 0 0 9.14e-05 0.0009144 
1330000 6504 196.524 -32.5 1.278 1.499 0 0 0 8.86e-05 0.0008861 
1340000 6562 176.932 99.2 2.02 1.3379 0 0 0 8.92e-05 0.0008916 
1350000 6615 177.653 186.3 1.708 1.3434 0 0 0 9.02e-05 0.0009024 
1360000 6655 210.933 214.0 1.287 1.5641 0 0 0 9.17e-05 0.0009175 
1370000 6700 219.67 315.1 1.947 1.6799 0 0 0 8.93e-05 0.0008932 
1380000 6743 210.331 338.9 1.389 1.6168 0 0 0 8.91e-05 0.0008913 
1390000 6800 201.846 431.9 1.594 1.5514 0 0 0 9.1e-05 0.0009097 
1400000 6839 233.141 564.2 2.573 1.7788 0 0 0 8.72e-05 0.0008723 
1410000 6895 189.149 666.4 2.108 1.4343 0 0 0 8.79e-05 0.0008793 
1420000 6955 166.942 768.5 1.707 1.2804 0 0 0 8.71e-05 0.0008708 
1430000 6991 217.628 846.1 1.911 1.6393 0 0 0 8.96e-05 0.0008961 
1440000 7037 219.557 958.1 2.231 1.6679 0 0 0 8.79e-05 0.0008793 
1450000 7070 264.725 1045.8 2.499 1.9688 0 0 0 8.63e-05 0.0008625 
1460000 7119 217.161 1169.4 2.46 1.617 0 0 0 8.62e-05 0.0008617 
1470000 7172 195.475 1288.7 2.391 1.4283 0 0 0 8.54e-05 0.0008536 
1480000 7219 199.72 1387.8 2.177 1.4272 0 0 0 8.51e-05 0.0008511 
1490000 7273 189.135 1522.2 2.52 1.3873 0 0 0 8.55e-05 0.0008545 
1500000 7336 166.372 1649.5 2.197 1.2445 0 0 0 8.48e-05 0.0008476 
1510000 7397 160.328 1792.7 2.05 1.2107 0 0 0 8.46e-05 0.0008461 
1520000 7448 183.558 1799.9 0.951 1.4047 0 0 0 8.45e-05 0.0008445 
1530000 7504 171.652 1943.5 2.06 1.3086 0 0 0 8.45e-05 0.0008452 
1540000 7561 160.639 2047.1 1.875 1.2175 0 0 0 8.46e-05 0.0008464 
1550000 7619 178.236 2176.7 2.122 1.3537 0 0 0 8.35e-05 0.0008352 
1560000 7669 190.58 2314.6 2.256 1.4304 0 0 0 8.18e-05 0.000818 
1570000 7713 210.287 2453.0 2.768 1.6038 0 0 0 8.13e-05 0.0008134 
1580000 7763 193.696 2615.6 3.094 1.4798 0 0 0 8.13e-05 0.000813 
1590000 7816 199.194 2777.6 3.105 1.5279 0 0 0 8.21e-05 0.0008208 
1600000 7865 194.334 2903.6 2.643 1.4931 0 0 0 8.3e-05 0.0008302 
1610000 7916 195.701 3078.2 3.043 1.4876 0 0 0 8.25e-05 0.000825 
1620000 7969 191.961 3215.1 2.827 1.4535 0 0 0 8.01e-05 0.0008014 
1630000 8026 178.233 3351.8 2.474 1.3516 0 0 0 8.08e-05 0.0008083 
1640000 8079 194.594 3497.9 2.694 1.4672 0 0 0 8.05e-05 0.0008054 
1650000 8137 176.694 3657.0 2.761 1.3149 0 0 0 8.18e-05 0.0008185 
1660000 8182 210.474 3788.1 3.076 1.5953 0 0 0 8.18e-05 0.0008178 
1670000 8225 214.815 3922.2 2.77 1.6344 0 0 0 8.22e-05 0.0008217 
1680000 8257 251.739 4046.6 3.284 1.8914 0 0 0 8.27e-05 0.0008267 
1690000 8311 213.737 4186.3 3.02 1.6134 0 0 0 8.12e-05 0.0008116 
1700000 8349 230.527 4285.4 2.819 1.7531 0 0 0 7.97e-05 0.000797 
1710000 8388 248.421 4450.6 3.657 1.8965 0 0 0 8.08e-05 0.0008085 
1720000 8433 232.082 4614.4 3.503 1.7749 0 0 0 7.84e-05 0.0007843 
1730000 8473 247.252 4670.7 2.51 1.8989 0 0 0 7.92e-05 0.0007915 
1740000 8520 218.454 4823.5 2.839 1.6088 0 0 0 7.83e-05 0.0007825 
1750000 8573 205.582 5003.2 3.282 1.5467 0 0 0 8e-05 0.0008003 
1760000 8613 227.143 5185.1 3.872 1.7063 0 0 0 8e-05 0.0007998 
1770000 8649 249.791 5312.9 3.677 1.8826 0 0 0 7.95e-05 0.0007951 
1780000 8689 247.654 5481.7 3.906 1.8617 0 0 0 7.88e-05 0.0007883 
1790000 8727 263.244 5594.5 3.563 1.967 0 0 0 7.87e-05 0.0007865 
1800000 8779 211.694 5765.8 3.291 1.6001 0 0 0 8.06e-05 0.0008061 
1810000 8814 242.982 5909.4 3.675 1.8374 0 0 0 7.93e-05 0.0007932 
1820000 8851 255.979 6050.4 3.765 1.944 0 0 0 7.83e-05 0.0007834 
1830000 8899 218.283 6205.5 3.381 1.6648 0 0 0 7.83e-05 0.0007828 
1840000 8943 226.419 6303.4 2.797 1.7262 0 0 0 7.76e-05 0.0007763 
1850000 8993 210.324 6467.1 3.043 1.5972 0 0 0 7.63e-05 0.000763 
1860000 9038 217.63 6605.0 2.931 1.6464 0 0 0 7.74e-05 0.0007743 
1870000 9088 201.338 6760.3 3.067 1.5175 0 0 0 7.72e-05 0.0007725 
1880000 9140 205.496 6945.1 3.523 1.5353 0 0 0 7.83e-05 0.0007826 
1890000 9189 210.126 7116.4 3.448 1.5804 0 0 0 7.79e-05 0.0007793 
1900000 9232 233.104 7268.8 3.558 1.7039 0 0 0 7.67e-05 0.0007669 
1910000 9281 211.287 7485.4 4.086 1.5253 0 0 0 7.62e-05 0.000762 
1920000 9326 219.934 7664.3 4.088 1.6197 0 0 0 7.55e-05 0.0007551 
1930000 9375 206.734 7878.7 4.233 1.5114 0 0 0 7.78e-05 0.0007784 
1940000 9421 213.819 8026.7 3.64 1.568 0 0 0 7.83e-05 0.0007833 
1950000 9461 238.211 8140.2 3.288 1.7488 0 0 0 7.78e-05 0.0007777 
1960000 9512 210.745 8293.2 3.153 1.5767 0 0 0 7.72e-05 0.0007723 
1970000 9556 219.969 8455.0 3.481 1.6566 0 0 0 7.56e-05 0.0007558 
1980000 9602 220.192 8633.3 3.562 1.6619 0 0 0 7.5e-05 0.00075 
1990000 9658 196.695 8830.0 3.7 1.4903 0 0 0 7.57e-05 0.0007575 
2000000 9699 218.673 8986.1 3.697 1.6591 0 0 0 7.55e-05 0.0007548 
2010000 9749 193.449 9185.5 3.97 1.4578 0 0 0 7.66e-05 0.000766 
2020000 9797 214.181 9358.2 3.8 1.6325 0 0 0 7.54e-05 0.0007538 
2030000 9838 225.937 9528.5 3.941 1.7197 0 0 0 7.69e-05 0.0007692 
2040000 9876 247.622 9687.8 4.06 1.8332 0 0 0 7.49e-05 0.000749 
2050000 9922 232.639 9877.4 4.167 1.7374 0 0 0 7.56e-05 0.0007559 
2060000 9979 186.326 10055.1 3.263 1.418 0 0 0 7.46e-05 0.0007457 
2070000 10019 224.976 10195.7 3.414 1.7228 0 0 0 7.37e-05 0.0007374 
2080000 10059 246.353 10381.4 4.15 1.8066 0 0 0 7.4e-05 0.0007404 
2090000 10105 225.617 10523.0 3.635 1.6897 0 0 0 7.45e-05 0.0007455 
2100000 10143 240.544 10660.3 3.72 1.8306 0 0 0 7.59e-05 0.0007589 
2110000 10182 255.397 10825.6 4.015 1.8814 0 0 0 7.51e-05 0.0007511 
2120000 10225 239.522 10990.7 3.883 1.7696 0 0 0 7.59e-05 0.0007589 
2130000 10275 210.304 11171.3 3.783 1.5747 0 0 0 7.42e-05 0.0007422 
2140000 10318 224.156 11295.7 3.164 1.6624 0 0 0 7.3e-05 0.0007298 
2150000 10367 201.717 11435.9 2.832 1.5243 0 0 0 7.49e-05 0.0007492 
2160000 10415 205.122 11580.9 2.902 1.564 0 0 0 7.54e-05 0.000754 
2170000 10461 215.29 11734.7 3.225 1.6475 0 0 0 7.58e-05 0.0007584 
2180000 10510 200.468 11946.2 3.774 1.4872 0 0 0 7.47e-05 0.0007473 
2190000 10553 215.807 12074.3 3.328 1.5804 0 0 0 7.55e-05 0.000755 
2200000 10594 224.617 12257.7 3.821 1.6523 0 0 0 7.44e-05 0.0007444 
2210000 10629 250.84 12398.8 3.838 1.7941 0 0 0 7.38e-05 0.0007378 
2220000 10678 216.137 12584.4 3.747 1.5861 0 0 0 7.44e-05 0.0007437 
2230000 10711 256.679 12691.8 3.585 1.9386 0 0 0 7.46e-05 0.0007459 
2240000 10746 268.076 12866.0 4.266 1.9507 0 0 0 7.26e-05 0.0007255 
2250000 10792 235.297 13036.1 4.067 1.744 0 0 0 7.46e-05 0.000746 
2260000 10830 256.939 13228.0 4.576 1.9445 0 0 0 7.47e-05 0.000747 
2270000 10879 220.206 13412.7 4.166 1.6391 0 0 0 7.22e-05 0.0007224 
2280000 10923 217.426 13599.3 4.149 1.5801 0 0 0 7.39e-05 0.000739 
2290000 10972 212.334 13765.3 3.588 1.5699 0 0 0 7.35e-05 0.0007348 
2300000 11009 243.686 13913.5 3.804 1.8225 0 0 0 7.27e-05 0.0007268 
2310000 11051 240.446 14082.7 3.898 1.7666 0 0 0 7.32e-05 0.0007325 
2320000 11093 230.699 14234.5 3.618 1.681 0 0 0 7.32e-05 0.0007318 
2330000 11138 221.489 14388.8 3.571 1.6442 0 0 0 7.07e-05 0.0007074 
2340000 11169 266.926 14505.5 3.662 2.0089 0 0 0 7.2e-05 0.0007203 
2350000 11217 231.44 14696.0 3.764 1.7449 0 0 0 6.95e-05 0.000695 
2360000 11266 207.937 14883.7 3.834 1.5706 0 0 0 7.01e-05 0.0007013 
2370000 11305 226.595 15036.0 3.954 1.6843 0 0 0 7.05e-05 0.0007052 
2380000 11348 235.303 15183.5 3.739 1.7271 0 0 0 7e-05 0.0007001 
2390000 11393 222.944 15381.6 3.975 1.6231 0 0 0 7e-05 0.0006996 
2400000 11436 232.658 15594.4 4.632 1.6548 0 0 0 6.77e-05 0.0006771 
2410000 11480 228.648 15770.1 4.094 1.6199 0 0 0 6.97e-05 0.0006968 
2420000 11530 207.79 15941.8 3.624 1.5435 0 0 0 7.06e-05 0.000706 
2430000 11571 228.683 16104.7 3.754 1.6835 0 0 0 7.03e-05 0.0007033 
2440000 11618 213.076 16273.8 3.619 1.5652 0 0 0 6.97e-05 0.0006969 
2450000 11665 214.31 16435.1 3.569 1.5919 0 0 0 7.07e-05 0.0007071 
2460000 11720 181.65 16596.7 3.012 1.3503 0 0 0 6.71e-05 0.0006711 
2470000 11766 199.637 16759.6 3.212 1.5159 0 0 0 6.88e-05 0.0006877 
2480000 11826 172.163 16901.5 2.544 1.3158 0 0 0 6.96e-05 0.000696 
2490000 11880 170.577 17089.9 2.876 1.2918 0 0 0 6.84e-05 0.0006836 
2500000 11922 204.237 17208.9 2.85 1.536 0 0 0 6.87e-05 0.0006871 
2510000 11972 195.101 17411.1 3.537 1.4955 0 0 0 6.85e-05 0.0006854 
2520000 12017 210.046 17545.0 3.124 1.6163 0 0 0 6.82e-05 0.000682 
2530000 12051 231.613 17665.8 3.319 1.7861 0 0 0 6.78e-05 0.0006777 
2540000 12094 233.501 17834.4 3.562 1.8081 0 0 0 6.93e-05 0.0006928 
2550000 12150 193.868 17997.8 3.061 1.4982 0 0 0 6.93e-05 0.0006928 
2560000 12193 216.973 18210.1 4.226 1.6546 0 0 0 6.97e-05 0.000697 
2570000 12241 204.937 18412.7 4.199 1.5613 0 0 0 7.08e-05 0.0007084 
2580000 12282 234.261 18584.6 4.26 1.7862 0 0 0 6.95e-05 0.0006947 
2590000 12324 232.515 18756.6 4.021 1.7778 0 0 0 7.19e-05 0.0007192 
2600000 12363 257.182 18940.6 4.552 1.9591 0 0 0 7.05e-05 0.0007047 
2610000 12406 233.477 19162.6 4.864 1.784 0 0 0 6.87e-05 0.0006874 
2620000 12441 258.514 19338.4 5.001 1.9991 0 0 0 6.97e-05 0.0006967 
2630000 12488 226.844 19515.9 4.207 1.7674 0 0 0 6.9e-05 0.0006898 
2640000 12534 223.217 19695.6 4.034 1.7319 0 0 0 6.75e-05 0.000675 
2650000 12582 212.075 19891.8 4.086 1.6421 0 0 0 6.81e-05 0.0006814 
2660000 12632 198.888 20100.4 3.964 1.4905 0 0 0 6.79e-05 0.0006789 
2670000 12680 203.071 20297.5 4.023 1.5451 0 0 0 6.76e-05 0.0006762 
2680000 12714 245.182 20468.0 4.463 1.8779 0 0 0 6.9e-05 0.00069 
2690000 12762 228.874 20664.3 4.232 1.7583 0 0 0 6.79e-05 0.0006786 
2700000 12799 246.641 20840.4 4.421 1.8921 0 0 0 6.82e-05 0.0006821 
2710000 12846 225.412 21039.8 4.232 1.7083 0 0 0 6.75e-05 0.0006752 
2720000 12896 208.767 21267.5 4.505 1.5547 0 0 0 6.72e-05 0.000672 
2730000 12945 208.717 21466.8 4.265 1.5737 0 0 0 6.79e-05 0.0006793 
2740000 12986 224.138 21646.4 4.329 1.6662 0 0 0 6.76e-05 0.0006764 
2750000 13025 232.504 21773.4 3.684 1.7562 0 0 0 6.86e-05 0.0006862 
2760000 13069 228.588 21931.0 3.672 1.7303 0 0 0 6.81e-05 0.0006812 
2770000 13116 215.414 22142.9 4.125 1.6537 0 0 0 6.7e-05 0.0006705 
2780000 13159 225.72 22321.8 4.269 1.688 0 0 0 6.85e-05 0.0006853 
2790000 13204 224.113 22487.4 3.809 1.6633 0 0 0 6.54e-05 0.0006536 
2800000 13254 208.447 22693.3 3.98 1.5671 0 0 0 6.59e-05 0.0006592 
2810000 13291 235.899 22823.4 3.555 1.7728 0 0 0 6.57e-05 0.0006566 
2820000 13333 239.163 22986.0 3.791 1.8053 0 0 0 6.5e-05 0.0006503 
2830000 13375 245.282 23186.3 4.327 1.8485 0 0 0 6.4e-05 0.0006404 
2840000 13418 234.459 23345.7 3.925 1.7704 0 0 0 6.37e-05 0.000637 
2850000 13471 202.679 23520.5 3.612 1.5225 0 0 0 6.43e-05 0.0006434 
2860000 13509 229.857 23656.2 3.606 1.7273 0 0 0 6.42e-05 0.0006423 
2870000 13547 246.274 23791.4 3.51 1.8665 0 0 0 6.39e-05 0.0006386 
2880000 13584 258.05 23951.4 4.087 1.9783 0 0 0 6.45e-05 0.0006452 
2890000 13627 247.515 24129.4 4.181 1.878 0 0 0 6.26e-05 0.0006265 
2900000 13667 240.391 24288.9 4.07 1.8332 0 0 0 6.24e-05 0.0006244 
2910000 13713 234.358 24480.1 4.112 1.797 0 0 0 6.33e-05 0.0006333 
2920000 13758 228.808 24633.8 3.857 1.7689 0 0 0 6.28e-05 0.0006283 
2930000 13801 226.279 24776.0 3.587 1.7518 0 0 0 6.02e-05 0.0006017 
2940000 13849 215.452 24945.3 3.519 1.6786 0 0 0 6.31e-05 0.0006306 
2950000 13905 194.113 25121.3 3.293 1.5145 0 0 0 6.27e-05 0.0006274 
2960000 13943 242.301 25257.0 3.498 1.8802 0 0 0 6.32e-05 0.0006317 
2970000 13983 242.046 25445.5 4.219 1.8676 0 0 0 5.98e-05 0.0005977 
2980000 14029 224.13 25593.0 3.671 1.7314 0 0 0 6.3e-05 0.00063 
2990000 14073 228.151 25785.7 4.083 1.7559 0 0 0 6.16e-05 0.0006162 
3000000 14114 241.641 25940.6 3.867 1.8465 0 0 0 6.17e-05 0.0006169 
3010000 14154 237.715 26090.3 3.833 1.8074 0 0 0 6.31e-05 0.0006305 
3020000 14195 238.226 26267.2 3.983 1.808 0 0 0 6.09e-05 0.0006095 
3030000 14244 213.845 26430.4 3.572 1.6313 0 0 0 6.23e-05 0.0006232 
3040000 14286 217.187 26628.4 4.1 1.6557 0 0 0 6.11e-05 0.000611 
3050000 14337 204.872 26820.8 3.852 1.5644 0 0 0 6.27e-05 0.0006274 
3060000 14373 244.001 27000.9 4.468 1.8609 0 0 0 6.17e-05 0.0006166 
3070000 14408 267.127 27148.1 4.263 2.0331 0 0 0 6.25e-05 0.0006247 
3080000 14451 251.161 27303.8 3.867 1.9125 0 0 0 6.27e-05 0.0006274 
3090000 14489 260.16 27440.9 3.569 2.0042 0 0 0 6.16e-05 0.000616 
3100000 14532 239.89 27599.5 3.594 1.8523 0 0 0 6.24e-05 0.0006244 
3110000 14578 226.606 27761.8 3.509 1.7532 0 0 0 6.19e-05 0.0006195 
3120000 14623 220.409 27955.6 3.995 1.6981 0 0 0 6.01e-05 0.0006011 
3130000 14675 199.831 28176.9 4.116 1.5172 0 0 0 6.16e-05 0.0006158 
3140000 14730 192.332 28402.5 4.13 1.4398 0 0 0 6.02e-05 0.0006025 
3150000 14773 214.716 28585.9 4.284 1.6101 0 0 0 6.14e-05 0.0006142 
3160000 14825 200.223 28779.9 3.884 1.521 0 0 0 6.22e-05 0.0006216 
3170000 14875 199.996 28956.3 3.741 1.493 0 0 0 6.23e-05 0.000623 
3180000 14911 233.568 29122.0 4.366 1.7699 0 0 0 6.31e-05 0.0006313 
3190000 14954 235.491 29288.8 4.115 1.7776 0 0 0 6.06e-05 0.000606 
3200000 14993 253.626 29458.9 4.414 1.8494 0 0 0 6.19e-05 0.000619 
3210000 15039 224.936 29638.5 4.076 1.6243 0 0 0 6.04e-05 0.0006044 
3220000 15095 190.866 29842.1 3.623 1.3987 0 0 0 6.06e-05 0.000606 
3230000 15143 203.255 30011.4 3.537 1.5065 0 0 0 5.89e-05 0.0005895 
3240000 15181 234.632 30166.4 3.821 1.79 0 0 0 6.12e-05 0.0006117 
3250000 15226 229.864 30332.0 3.861 1.7414 0 0 0 5.89e-05 0.0005889 
3260000 15273 226.289 30489.3 3.526 1.7019 0 0 0 5.93e-05 0.0005934 
3270000 15326 199.942 30684.2 3.596 1.5291 0 0 0 5.92e-05 0.0005918 
3280000 15381 187.04 30877.0 3.431 1.4358 0 0 0 5.99e-05 0.0005991 
3290000 15422 222.134 31026.9 3.478 1.6718 0 0 0 6e-05 0.0006004 
3300000 15471 215.26 31227.4 3.919 1.5976 0 0 0 5.93e-05 0.0005935 
3310000 15510 232.25 31358.6 3.629 1.7514 0 0 0 6e-05 0.0006003 
3320000 15553 224.172 31524.4 3.693 1.6974 0 0 0 6.06e-05 0.0006057 
3330000 15590 238.347 31658.8 3.668 1.7949 0 0 0 5.9e-05 0.0005896 
3340000 15628 254.099 31831.2 4.282 1.8997 0 0 0 5.87e-05 0.0005873 
3350000 15667 253.258 31992.4 4.277 1.8994 0 0 0 5.81e-05 0.0005806 
3360000 15711 240.131 32165.2 3.983 1.7507 0 0 0 5.9e-05 0.0005898 
3370000 15754 233.451 32366.8 4.365 1.6877 0 0 0 5.72e-05 0.0005719 
3380000 15794 243.615 32523.2 4.046 1.8207 0 0 0 5.69e-05 0.0005691 
3390000 15836 233.977 32736.0 4.541 1.7801 0 0 0 5.85e-05 0.0005847 
3400000 15884 214.751 32928.1 4.213 1.5974 0 0 0 5.8e-05 0.0005804 
3410000 15926 224.867 33102.7 4.111 1.6819 0 0 0 5.88e-05 0.0005876 
3420000 15969 232.229 33271.5 4.026 1.7415 0 0 0 5.84e-05 0.0005836 
3430000 16006 242.897 33417.9 3.944 1.7729 0 0 0 5.87e-05 0.0005866 
3440000 16034 298.961 33568.1 4.583 2.2011 0 0 0 5.95e-05 0.0005954 
3450000 16079 256.328 33751.0 4.339 1.8936 0 0 0 5.98e-05 0.0005979 
3460000 16113 278.162 33879.6 4.112 2.0727 0 0 0 6.06e-05 0.0006058 
3470000 16158 245.224 34022.3 3.431 1.8167 0 0 0 5.98e-05 0.0005977 
3480000 16194 265.592 34195.0 4.122 1.9893 0 0 0 6.08e-05 0.0006081 
3490000 16235 257.489 34355.2 4.009 1.9394 0 0 0 6.08e-05 0.0006078 
3500000 16274 257.902 34487.3 3.773 1.9554 0 0 0 6.01e-05 0.0006015 
3510000 16321 232.308 34681.8 4.118 1.7738 0 0 0 6e-05 0.0006 
3520000 16359 245.115 34850.6 4.283 1.8197 0 0 0 6.24e-05 0.000624 
3530000 16401 239.078 35017.6 4.277 1.7898 0 0 0 6.16e-05 0.0006162 
3540000 16438 266.627 35182.0 4.35 2.0124 0 0 0 6.26e-05 0.0006255 
3550000 16477 255.659 35366.9 4.606 1.9438 0 0 0 6.26e-05 0.0006261 
3560000 16511 276.128 35512.9 4.47 2.1077 0 0 0 6.09e-05 0.0006093 
3570000 16559 246.951 35713.7 4.282 1.8737 0 0 0 6.02e-05 0.0006023 
3580000 16615 203.647 35919.4 3.964 1.5568 0 0 0 6.17e-05 0.0006169 
3590000 16661 209.507 36113.3 3.951 1.5527 0 0 0 6.15e-05 0.0006152 
3600000 16705 232.273 36299.6 4.315 1.6639 0 0 0 6.15e-05 0.0006154 
3610000 16742 250.705 36482.6 4.563 1.7731 0 0 0 5.92e-05 0.0005917 
3620000 16778 264.334 36630.8 4.36 1.9212 0 0 0 5.96e-05 0.0005956 
3630000 16812 278.276 36782.0 4.476 2.0629 0 0 0 5.94e-05 0.0005938 
3640000 16851 274.55 36925.8 4.18 2.0667 0 0 0 6.11e-05 0.0006108 
3650000 16888 275.851 37096.0 4.377 2.0866 0 0 0 6.22e-05 0.0006217 
3660000 16933 242.707 37269.7 4.142 1.8485 0 0 0 6.1e-05 0.0006097 
3670000 16976 233.301 37454.6 4.227 1.769 0 0 0 5.99e-05 0.0005995 
3680000 17015 250.006 37616.0 4.287 1.8986 0 0 0 6.01e-05 0.0006011 
3690000 17056 241.027 37821.2 4.557 1.7872 0 0 0 6.11e-05 0.0006112 
3700000 17104 220.069 38020.1 4.339 1.5625 0 0 0 6e-05 0.0006 
3710000 17146 221.764 38175.3 3.735 1.5457 0 0 0 5.9e-05 0.0005903 
3720000 17184 241.189 38355.2 4.207 1.7164 0 0 0 5.93e-05 0.0005927 
3730000 17226 237.025 38526.1 4.211 1.7518 0 0 0 5.92e-05 0.0005923 
3740000 17265 243.464 38682.6 3.938 1.8338 0 0 0 6.02e-05 0.0006015 
3750000 17307 244.557 38859.0 4.119 1.856 0 0 0 6.13e-05 0.000613 
3760000 17349 239.404 39037.8 4.145 1.8213 0 0 0 6.05e-05 0.0006048 
3770000 17391 235.604 39244.1 4.525 1.7916 0 0 0 6.2e-05 0.00062 
3780000 17436 224.251 39395.5 3.792 1.7146 0 0 0 6.1e-05 0.0006101 
3790000 17472 239.49 39584.8 4.475 1.835 0 0 0 6.12e-05 0.0006122 
3800000 17518 237.893 39777.1 4.401 1.8261 0 0 0 6.22e-05 0.0006223 
3810000 17555 246.519 39941.1 4.389 1.8976 0 0 0 6.08e-05 0.000608 
3820000 17600 229.851 40140.6 4.483 1.678 0 0 0 6.13e-05 0.0006128 
3830000 17649 216.154 40339.0 4.312 1.5143 0 0 0 6.24e-05 0.0006244 
3840000 17685 246.914 40485.6 4.193 1.7118 0 0 0 6.14e-05 0.0006138 
3850000 17728 236.111 40658.6 4.035 1.7044 0 0 0 6.3e-05 0.0006304 
3860000 17776 221.483 40808.8 3.452 1.6675 0 0 0 6.1e-05 0.0006098 
3870000 17819 223.093 40993.1 3.861 1.6938 0 0 0 6.21e-05 0.0006213 
3880000 17860 238.985 41149.9 3.898 1.8287 0 0 0 6.22e-05 0.0006225 
3890000 17892 263.813 41310.9 4.414 2.0154 0 0 0 6.33e-05 0.000633 
3900000 17933 254.886 41451.9 3.825 1.9391 0 0 0 6.22e-05 0.0006224 
3910000 17979 237.048 41663.6 4.422 1.8118 0 0 0 6.22e-05 0.0006217 
3920000 18017 240.55 41799.9 3.847 1.8482 0 0 0 6.25e-05 0.0006254 
3930000 18069 202.246 42020.5 4.002 1.5233 0 0 0 6.12e-05 0.0006121 
3940000 18117 208.431 42217.9 4.002 1.5774 0 0 0 6.25e-05 0.0006252 
3950000 18153 244.977 42368.0 4.113 1.8537 0 0 0 6.18e-05 0.0006184 
3960000 18206 214.047 42579.5 4.104 1.6328 0 0 0 6.1e-05 0.0006101 
3970000 18252 224.054 42729.7 3.549 1.6925 0 0 0 6.1e-05 0.0006098 
3980000 18289 257.09 42859.9 3.466 1.879 0 0 0 6.08e-05 0.0006078 
3990000 18328 258.929 43016.8 3.561 1.8879 0 0 0 6.21e-05 0.0006207 
4000000 18375 233.077 43226.0 4.133 1.7099 0 0 0 6.03e-05 0.0006031 
