0 0 0.0 0.0 0.0 0.0 0 0 0 
10000 10 180.252 -1.0 -0.018 0.3891 0 0 0 
20000 20 318.346 -2.0 -0.035 0.6673 0 0 0 
30000 50 354.868 -19.0 -0.25 1.2832 0 0 0 
40000 60 470.115 -20.0 -0.223 1.9674 0 0 0 
50000 72 533.573 -19.0 -0.158 2.4017 0 0 0 
60000 85 599.291 -20.0 -0.135 2.8204 0 0 0 
70000 96 657.473 -23.0 -0.161 3.1965 0 0 0 
80000 109 677.26 -28.0 -0.214 3.3357 0 0 0 
90000 120 728.692 -29.0 -0.192 3.6352 0 0 0 
100000 169 391.526 -63.0 -0.52 1.9868 0 0 0 
110000 183 473.582 -66.0 -0.444 2.4257 0 0 0 
120000 205 483.069 -79.0 -0.485 2.469 0 0 0 
130000 215 577.63 -79.0 -0.396 2.9629 0 0 0 
140000 225 654.893 -79.0 -0.324 3.3498 0 0 0 
150000 237 683.043 -76.0 -0.199 3.5173 0 0 0 
160000 272 471.936 -96.0 -0.392 2.4444 0 0 0 
170000 284 554.658 -97.0 -0.324 2.8943 0 0 0 
180000 300 580.29 -101.0 -0.304 3.0166 0 0 0 
190000 315 603.426 -105.0 -0.29 3.162 0 0 0 
200000 326 667.822 -104.0 -0.214 3.4577 0 0 0 
210000 356 509.684 -117.0 -0.29 2.6702 0 0 0 
220000 369 574.551 -117.0 -0.219 3.0165 0 0 0 
230000 379 638.468 -116.0 -0.161 3.361 0 0 0 
240000 389 704.602 -116.0 -0.131 3.6839 0 0 0 
250000 401 737.973 -114.0 -0.066 3.8641 0 0 0 
260000 415 732.314 -112.0 -0.007 3.8394 0 0 0 
270000 430 712.649 -107.0 0.076 3.743 0 0 0 
280000 463 508.438 -96.0 0.194 2.6873 0 0 0 
290000 495 421.906 -94.0 0.14 2.2306 0 0 0 
300000 524 382.417 -83.0 0.226 2.0312 0 0 0 
310000 556 358.848 -89.0 0.07 1.9379 0 0 0 
320000 576 398.948 -81.0 0.163 2.1351 0 0 0 
330000 593 462.708 -73.0 0.252 2.5097 0 0 0 
340000 614 467.159 -65.0 0.294 2.5173 0 0 0 
350000 631 493.695 -58.0 0.333 2.6831 0 0 0 
360000 645 557.948 -53.0 0.338 2.9944 0 0 0 
370000 663 546.901 -41.0 0.434 2.9271 0 0 0 
380000 689 491.341 -33.0 0.373 2.6202 0 0 0 
390000 718 419.257 -18.0 0.449 2.2501 0 0 0 
400000 749 372.185 0.0 0.542 1.9876 0 0 0 
410000 775 361.016 14.0 0.558 1.9352 0 0 0 
420000 829 233.462 41.0 0.553 1.2267 0 0 0 
430000 908 143.436 97.0 0.742 0.7758 0 0 0 
440000 1078 56.315 258.0 0.922 0.3029 0 0 0 
450000 1254 55.938 410.0 0.801 0.3086 0 0 0 
460000 1449 49.307 591.0 0.936 0.2621 0 0 0 
470000 1639 48.7 764.0 0.93 0.2574 0 0 0 
480000 1859 43.332 980.0 0.997 0.2323 0 0 0 
490000 2057 48.989 1176.0 0.991 0.2613 0 0 0 
500000 2300 39.77 1419.0 1.0 0.2144 0 0 0 
510000 2535 39.517 1652.0 0.992 0.2152 0 0 0 
520000 2781 39.763 1898.0 1.0 0.2147 0 0 0 
530000 3042 39.058 2155.0 0.998 0.2205 0 0 0 
540000 3299 39.812 2410.0 0.999 0.2206 0 0 0 
550000 3550 39.673 2659.0 0.997 0.2164 0 0 0 
560000 3788 47.49 2897.0 1.0 0.2556 0 0 0 
570000 3998 49.817 3104.0 0.992 0.2614 0 0 0 
580000 4230 40.54 3330.0 0.996 0.218 0 0 0 
590000 4479 41.644 3571.0 0.933 0.2243 0 0 0 
600000 4715 39.687 3799.0 0.981 0.2222 0 0 0 
610000 4915 51.239 3990.0 0.95 0.2823 0 0 0 
620000 5153 46.951 4212.0 0.91 0.2658 0 0 0 
630000 5380 43.728 4437.0 0.983 0.2374 0 0 0 
640000 5611 45.835 4667.0 1.0 0.2582 0 0 0 
650000 5848 46.199 4904.0 1.0 0.255 0 0 0 
660000 6087 44.776 5143.0 1.0 0.257 0 0 0 
670000 6307 46.761 5363.0 1.0 0.2478 0 0 0 
680000 6557 38.379 5613.0 1.0 0.2207 0 0 0 
690000 6794 39.05 5849.0 0.999 0.2173 0 0 0 
700000 7038 40.557 6093.0 1.0 0.2306 0 0 0 
710000 7297 40.186 6350.0 0.968 0.2175 0 0 0 
720000 7562 41.076 6613.0 0.999 0.2292 0 0 0 
730000 7788 44.234 6834.0 0.968 0.2427 0 0 0 
740000 8021 41.47 7061.0 0.984 0.225 0 0 0 
750000 8250 38.018 7281.0 0.995 0.204 0 0 0 
760000 8492 41.891 7521.0 0.962 0.2279 0 0 0 
770000 8701 42.027 7721.0 0.942 0.2285 0 0 0 
780000 8910 48.244 7924.0 0.959 0.2644 0 0 0 
790000 9131 58.266 8144.0 0.984 0.3076 0 0 0 
800000 9345 47.559 8357.0 0.992 0.2573 0 0 0 
810000 9583 39.47 8593.0 1.0 0.2126 0 0 0 
820000 9836 39.329 8846.0 1.0 0.2193 0 0 0 
830000 10074 39.141 9083.0 1.0 0.2231 0 0 0 
840000 10336 38.162 9345.0 1.0 0.209 0 0 0 
850000 10577 40.661 9582.0 0.987 0.2308 0 0 0 
860000 10806 43.846 9811.0 1.0 0.237 0 0 0 
870000 11039 40.726 10037.0 0.979 0.2302 0 0 0 
880000 11302 37.682 10298.0 0.99 0.2091 0 0 0 
890000 11549 40.551 10541.0 0.988 0.2256 0 0 0 
900000 11811 36.238 10799.0 0.986 0.199 0 0 0 
910000 12057 45.523 11045.0 1.0 0.248 0 0 0 
920000 12298 40.607 11284.0 0.999 0.2162 0 0 0 
930000 12558 39.149 11544.0 1.0 0.2199 0 0 0 
940000 12798 40.753 11783.0 0.998 0.2201 0 0 0 
950000 13020 42.999 12001.0 0.967 0.2394 0 0 0 
960000 13276 37.878 12255.0 0.998 0.2048 0 0 0 
970000 13539 41.504 12514.0 0.995 0.2288 0 0 0 
980000 13788 38.544 12759.0 0.952 0.2075 0 0 0 
990000 14064 36.673 13029.0 0.997 0.2005 0 0 0 
