0 0 0.0 0.0 0.0 0.0 0 0 0 0.0 0.0 0.0 0.0 
10000 10 182.927 0.0 0.0 0.4601 0 0 0 0.0 0.0 0.0 0.0 
20000 20 323.941 1.0 0.019 0.8149 0 0 0 0.0 0.0 0.0 0.0 
30000 115 168.996 -81.0 -0.724 1.1413 0 0 0 0.0016655 0.0016654 0.0004364 0.000507 
40000 125 321.009 -81.0 -0.592 2.4901 0 0 0 0.0014444 0.0014444 0.0002579 0.0007234 
50000 135 445.215 -81.0 -0.483 3.5651 0 0 0 0.0010775 0.0010775 0.0001561 0.0008525 
60000 145 534.1 -82.0 -0.414 4.3408 0 0 0 0.000879 0.0008789 0.0001014 0.001031 
70000 155 619.326 -82.0 -0.338 5.104 0 0 0 0.0008345 0.0008345 7.68e-05 0.0012112 
80000 165 688.961 -82.0 -0.277 5.7113 0 0 0 0.0007107 0.0007107 5.62e-05 0.0013579 
90000 175 745.859 -82.0 -0.226 6.2036 0 0 0 0.0006854 0.0006853 4.6e-05 0.0015332 
100000 185 791.167 -83.0 -0.202 6.6105 0 0 0 0.0006231 0.0006231 3.44e-05 0.0016706 
110000 195 829.369 -83.0 -0.165 6.9469 0 0 0 0.000619 0.000619 2.91e-05 0.0018183 
120000 206 860.802 -84.0 -0.152 7.2185 0 0 0 0.0006104 0.0006104 2.54e-05 0.0019712 
130000 216 874.442 -83.0 -0.107 7.3615 0 0 0 0.0005928 0.0005928 2e-05 0.0020876 
140000 226 897.41 -83.0 -0.087 7.5636 0 0 0 0.0005907 0.0005907 1.82e-05 0.0022633 
150000 236 916.176 -83.0 -0.071 7.7204 0 0 0 0.0006267 0.0006267 1.62e-05 0.0024083 
160000 246 931.51 -83.0 -0.058 7.8609 0 0 0 0.0005986 0.0005986 1.63e-05 0.0025619 
170000 256 941.886 -82.0 -0.03 7.9405 0 0 0 0.000611 0.000611 1.49e-05 0.0027567 
180000 266 952.516 -82.0 -0.025 8.0357 0 0 0 0.0005908 0.0005908 1.3e-05 0.0028883 
190000 276 961.202 -82.0 -0.02 8.1 0 0 0 0.0005941 0.0005941 1.25e-05 0.0029834 
200000 286 968.3 -82.0 -0.016 8.1719 0 0 0 0.000585 0.000585 1.06e-05 0.0031753 
210000 296 972.309 -83.0 -0.032 8.2333 0 0 0 0.0004453 0.0004453 8.5e-06 0.0031343 
220000 306 977.374 -83.0 -0.026 8.2684 0 0 0 0.0003182 0.0003182 5.7e-06 0.0031009 
230000 317 971.04 -82.0 -0.003 8.2009 0 0 0 0.0002532 0.0002532 4.7e-06 0.0031043 
240000 327 976.338 -82.0 -0.003 8.2573 0 0 0 0.0002216 0.0002216 3.7e-06 0.0030823 
250000 337 980.666 -82.0 -0.002 8.2989 0 0 0 0.000185 0.000185 3.2e-06 0.0030569 
260000 347 984.203 -82.0 -0.002 8.3413 0 0 0 0.0001656 0.0001656 2.5e-06 0.0030473 
270000 357 987.093 -82.0 -0.001 8.3802 0 0 0 0.0001538 0.0001538 2.6e-06 0.0029823 
280000 367 989.454 -82.0 -0.001 8.4081 0 0 0 0.0001442 0.0001442 2.2e-06 0.0029597 
290000 378 977.942 -82.0 0.002 8.3135 0 0 0 0.0001382 0.0001382 2.4e-06 0.0029228 
300000 388 981.977 -82.0 0.002 8.3643 0 0 0 0.0001389 0.0001389 2.8e-06 0.0028703 
310000 398 985.274 -82.0 0.001 8.4129 0 0 0 0.0001315 0.0001315 2.1e-06 0.0028738 
320000 408 987.968 -82.0 0.001 8.4399 0 0 0 0.0001207 0.0001207 2.1e-06 0.0028476 
330000 418 990.169 -82.0 0.001 8.4782 0 0 0 0.0001192 0.0001192 2.2e-06 0.0028331 
340000 428 991.967 -82.0 0.001 8.5475 0 0 0 0.0001087 0.0001087 1.6e-06 0.002744 
350000 438 993.437 -82.0 0.001 8.5647 0 0 0 0.0001085 0.0001085 2.3e-06 0.0027249 
360000 448 992.409 -83.0 -0.019 8.5603 0 0 0 0.0001042 0.0001042 1.8e-06 0.002705 
370000 458 993.798 -83.0 -0.015 8.5858 0 0 0 0.0001038 0.0001038 1.8e-06 0.0026772 
380000 468 994.932 -83.0 -0.012 8.5919 0 0 0 0.0001019 0.0001019 1.5e-06 0.0026348 
390000 478 995.859 -83.0 -0.01 8.5948 0 0 0 9.81e-05 9.81e-05 1.3e-06 0.0026056 
400000 488 996.617 -83.0 -0.008 8.5995 0 0 0 9.67e-05 9.67e-05 1.5e-06 0.002609 
410000 498 997.236 -83.0 -0.007 8.6281 0 0 0 9.42e-05 9.42e-05 1.5e-06 0.0025307 
420000 508 997.741 -83.0 -0.006 8.6224 0 0 0 9.18e-05 9.18e-05 1.8e-06 0.0024786 
430000 518 990.705 -85.0 -0.041 8.566 0 0 0 8.97e-05 8.97e-05 1.3e-06 0.0024745 
440000 528 992.405 -85.0 -0.033 8.5965 0 0 0 8.41e-05 8.41e-05 1.4e-06 0.0024211 
450000 538 993.794 -85.0 -0.027 8.5906 0 0 0 8.79e-05 8.79e-05 1.3e-06 0.0024174 
460000 548 994.93 -85.0 -0.022 8.5981 0 0 0 8.56e-05 8.56e-05 1e-06 0.002386 
470000 559 982.67 -84.0 0.0 8.4882 0 0 0 7.89e-05 7.89e-05 1.1e-06 0.0023583 
480000 569 985.84 -84.0 0.0 8.5404 0 0 0 7.95e-05 7.95e-05 1.2e-06 0.0023443 
490000 579 988.431 -84.0 0.0 8.5646 0 0 0 7.35e-05 7.35e-05 1.6e-06 0.0023268 
500000 589 990.547 -84.0 0.0 8.5817 0 0 0 7.24e-05 7.24e-05 1.4e-06 0.002281 
510000 599 992.276 -84.0 0.0 8.598 0 0 0 7.42e-05 7.42e-05 1.7e-06 0.0022995 
520000 609 993.689 -84.0 0.0 8.6045 0 0 0 7.35e-05 7.35e-05 1.1e-06 0.0022844 
530000 619 994.844 -84.0 0.0 8.6306 0 0 0 6.73e-05 6.73e-05 1.1e-06 0.0023032 
540000 629 995.787 -84.0 0.0 8.6408 0 0 0 6.94e-05 6.94e-05 1.2e-06 0.0023013 
550000 639 996.557 -84.0 0.0 8.6488 0 0 0 6.77e-05 6.77e-05 1e-06 0.0022774 
560000 649 997.187 -84.0 0.0 8.6813 0 0 0 6.52e-05 6.52e-05 1.4e-06 0.0022693 
570000 659 997.702 -84.0 0.0 8.6862 0 0 0 6.36e-05 6.36e-05 1.1e-06 0.0022319 
580000 670 983.667 -83.0 0.018 8.563 0 0 0 5.45e-05 5.45e-05 9e-07 0.0022265 
590000 680 986.655 -83.0 0.015 8.5824 0 0 0 5.28e-05 5.28e-05 1.9e-06 0.0022224 
600000 690 989.096 -83.0 0.012 8.5989 0 0 0 5.03e-05 5.03e-05 8e-07 0.002222 
610000 700 991.091 -83.0 0.01 8.6193 0 0 0 4.9e-05 4.9e-05 1.5e-06 0.0022194 
620000 710 992.721 -83.0 0.008 8.6509 0 0 0 4.78e-05 4.78e-05 8e-07 0.0022414 
630000 720 987.332 -84.0 -0.012 8.5949 0 0 0 4.68e-05 4.68e-05 7e-07 0.0021847 
640000 730 989.649 -84.0 -0.01 8.6206 0 0 0 4.4e-05 4.4e-05 9e-07 0.0021807 
650000 740 991.543 -84.0 -0.008 8.6403 0 0 0 4.44e-05 4.44e-05 1.1e-06 0.0021685 
660000 750 993.09 -84.0 -0.007 8.6763 0 0 0 4.29e-05 4.29e-05 1e-06 0.0021898 
670000 760 994.354 -84.0 -0.006 8.6831 0 0 0 4.25e-05 4.25e-05 9e-07 0.0021787 
680000 770 995.387 -84.0 -0.005 8.6993 0 0 0 4.29e-05 4.29e-05 9e-07 0.0021969 
690000 780 996.231 -84.0 -0.004 8.7126 0 0 0 4.16e-05 4.16e-05 1.1e-06 0.0021606 
700000 791 985.932 -83.0 0.016 8.6251 0 0 0 4.24e-05 4.24e-05 8e-07 0.0021607 
710000 801 988.506 -83.0 0.013 8.6403 0 0 0 3.76e-05 3.76e-05 1e-06 0.0021199 
720000 811 984.754 -84.0 -0.008 8.625 0 0 0 3.51e-05 3.51e-05 7e-07 0.0020859 
730000 821 987.543 -84.0 -0.007 8.6413 0 0 0 3.72e-05 3.72e-05 4e-07 0.002091 
740000 831 989.822 -84.0 -0.005 8.6622 0 0 0 3.75e-05 3.75e-05 7e-07 0.0020625 
750000 841 991.684 -84.0 -0.004 8.6778 0 0 0 3.8e-05 3.8e-05 1.2e-06 0.0020473 
760000 851 993.205 -84.0 -0.004 8.7017 0 0 0 3.67e-05 3.67e-05 7e-07 0.0020238 
770000 861 990.471 -85.0 -0.021 8.6598 0 0 0 3.73e-05 3.73e-05 6e-07 0.0020558 
780000 872 989.405 -86.0 -0.035 8.6602 0 0 0 3.55e-05 3.55e-05 1.1e-06 0.0020409 
790000 882 991.343 -86.0 -0.029 8.6806 0 0 0 3.56e-05 3.56e-05 4e-07 0.0020363 
800000 892 992.926 -86.0 -0.023 8.6844 0 0 0 3.61e-05 3.61e-05 8e-07 0.0020267 
810000 902 994.22 -86.0 -0.019 8.6935 0 0 0 3.26e-05 3.26e-05 8e-07 0.0020149 
820000 912 995.278 -86.0 -0.016 8.7046 0 0 0 3.07e-05 3.07e-05 7e-07 0.0020045 
830000 922 996.141 -86.0 -0.013 8.7032 0 0 0 3.03e-05 3.03e-05 6e-07 0.0019993 
840000 932 996.847 -86.0 -0.01 8.7063 0 0 0 2.86e-05 2.86e-05 8e-07 0.0019649 
850000 942 997.424 -86.0 -0.008 8.7234 0 0 0 3.17e-05 3.17e-05 8e-07 0.001957 
860000 952 997.895 -86.0 -0.007 8.7251 0 0 0 3.15e-05 3.15e-05 6e-07 0.0019578 
870000 962 995.5 -85.0 0.014 8.7132 0 0 0 2.75e-05 2.75e-05 6e-07 0.0019386 
880000 972 996.323 -85.0 0.012 8.7301 0 0 0 3.05e-05 3.05e-05 6e-07 0.0019069 
890000 982 994.487 -85.0 0.01 8.708 0 0 0 2.89e-05 2.89e-05 1e-06 0.0019164 
900000 992 995.495 -85.0 0.008 8.723 0 0 0 3.06e-05 3.06e-05 9e-07 0.0019342 
910000 1002 996.319 -85.0 0.007 8.7289 0 0 0 2.98e-05 2.98e-05 6e-07 0.0019312 
920000 1012 996.992 -85.0 0.005 8.741 0 0 0 3.09e-05 3.09e-05 6e-07 0.0019415 
930000 1023 978.289 -85.0 0.004 8.5675 0 0 0 2.89e-05 2.89e-05 7e-07 0.0019677 
940000 1033 982.261 -85.0 0.003 8.6054 0 0 0 2.85e-05 2.85e-05 6e-07 0.0019332 
950000 1043 985.506 -85.0 0.003 8.626 0 0 0 2.77e-05 2.77e-05 8e-07 0.0019516 
960000 1053 988.157 -85.0 0.002 8.6437 0 0 0 2.87e-05 2.87e-05 9e-07 0.001945 
970000 1063 990.323 -85.0 0.002 8.6689 0 0 0 2.61e-05 2.61e-05 5e-07 0.0019261 
980000 1073 992.094 -85.0 0.001 8.7086 0 0 0 2.81e-05 2.81e-05 5e-07 0.001924 
990000 1083 980.74 -84.0 0.021 8.5948 0 0 0 2.63e-05 2.63e-05 7e-07 0.0018978 
