10000 193 49.877 3537.968 17.547 0.0639 0 0 0 0.0 0.0 0.0 0.0 
20000 314 94.802 7113.516 34.537 0.1226 0 0 0 0.0 0.0 0.0 0.0 
30000 498 26.125 8334.713 0.354 0.0953 0 0 0 0.0006941 0.006941 0.0030515 0.0199003 
40000 524 199.736 9634.249 25.1 0.7736 0 0 0 0.0007333 0.0073322 0.0022289 0.0223706 
50000 534 346.126 11461.493 54.534 1.3502 0 0 0 0.0007115 0.0071147 0.0024388 0.0204009 
60000 578 253.098 15270.561 64.972 0.9874 0 0 0 0.0008156 0.0081562 0.0030059 0.0217587 
70000 657 204.772 19882.037 86.612 0.7997 0 0 0 0.0010279 0.0102787 0.0037574 0.0407627 
80000 667 350.241 24903.154 162.888 1.3718 0 0 0 0.0011065 0.0110647 0.0040698 0.031773 
90000 678 443.521 29513.05 205.087 1.7376 0 0 0 0.0010884 0.0108839 0.0038565 0.0288211 
100000 688 545.316 33719.735 248.124 2.1291 0 0 0 0.0011902 0.0119023 0.0044915 0.0412123 
110000 698 628.49 37533.706 269.657 2.452 0 0 0 0.0012579 0.0125788 0.0047821 0.0346873 
120000 708 696.45 42082.134 305.695 2.7202 0 0 0 0.0013485 0.0134848 0.0052351 0.0320513 
130000 718 751.977 46893.912 335.333 2.938 0 0 0 0.0014084 0.014084 0.0055159 0.0347791 
140000 729 785.268 51477.774 352.917 3.0632 0 0 0 0.001479 0.0147897 0.0058154 0.0276348 
150000 740 813.872 55703.208 360.029 3.1753 0 0 0 0.0015847 0.015847 0.0065311 0.0451338 
160000 751 837.359 60370.675 375.833 3.2643 0 0 0 0.0016824 0.0168237 0.0072726 0.0360772 
170000 763 835.865 64135.535 361.613 3.2651 0 0 0 0.0016847 0.0168472 0.007455 0.0346068 
180000 773 865.89 68112.89 368.556 3.3746 0 0 0 0.0017515 0.0175147 0.008114 0.0357862 
190000 783 890.422 74159.441 410.657 3.4697 0 0 0 0.0017375 0.0173748 0.0082136 0.0239391 
200000 793 910.467 80189.271 446.798 3.5505 0 0 0 0.0017687 0.0176872 0.0085428 0.0281764 
210000 803 926.845 85991.034 470.259 3.6179 0 0 0 0.0016869 0.0168692 0.0083662 0.0349999 
220000 813 940.227 91661.286 487.958 3.6666 0 0 0 0.0016503 0.0165024 0.0084751 0.0212324 
230000 823 951.161 96758.677 492.073 3.7063 0 0 0 0.0015194 0.0151938 0.0080297 0.0124928 
240000 833 960.095 102369.465 504.275 3.7396 0 0 0 0.0014202 0.0142017 0.0078964 0.0069858 
250000 843 967.395 107102.628 498.228 3.7677 0 0 0 0.0013719 0.0137192 0.0082031 0.0142638 
260000 857 905.561 110394.425 433.155 3.5298 0 0 0 0.0013161 0.013161 0.0080226 0.0135567 
270000 873 824.574 114571.531 383.063 3.2132 0 0 0 0.0011782 0.0117821 0.0072902 0.0054516 
280000 887 789.599 118240.766 349.858 3.0866 0 0 0 0.0011555 0.0115552 0.0078458 0.0126068 
290000 898 815.904 122604.501 361.025 3.1934 0 0 0 0.001118 0.0111799 0.0076517 0.004813 
300000 908 845.52 126085.748 359.19 3.3139 0 0 0 0.0010834 0.0108344 0.007764 -0.0038616 
310000 918 873.779 130220.185 366.443 3.4321 0 0 0 0.0010015 0.0100145 0.0077071 0.0043759 
320000 928 896.868 134767.933 383.241 3.523 0 0 0 0.000926 0.00926 0.0072835 0.0048855 
330000 939 902.803 138564.94 377.698 3.5432 0 0 0 0.0008402 0.008402 0.0070663 0.0042681 
340000 951 887.981 142819.475 368.887 3.4926 0 0 0 0.0008109 0.0081093 0.0073342 0.0008002 
350000 963 880.471 146667.723 364.202 3.4682 0 0 0 0.0007732 0.0077317 0.0074835 0.0054939 
360000 973 902.336 150911.819 374.843 3.5565 0 0 0 0.0007006 0.0070058 0.0069471 0.007413 
370000 985 891.406 155105.0 370.924 3.5166 0 0 0 0.0006265 0.0062652 0.0064612 0.0054838 
380000 995 911.271 158516.714 365.486 3.5894 0 0 0 0.0005897 0.0058972 0.0064306 0.0054273 
390000 1005 918.224 162624.271 366.663 3.6192 0 0 0 0.0005343 0.0053428 0.0059959 0.0027865 
400000 1015 933.183 167482.779 391.616 3.6773 0 0 0 0.0005092 0.0050922 0.0062043 0.0060015 
410000 1025 945.406 172271.194 403.273 3.7302 0 0 0 0.0004755 0.0047547 0.0058086 0.0048499 
420000 1035 955.393 177733.683 430.508 3.7659 0 0 0 0.0004716 0.0047156 0.0058967 0.0019363 
430000 1045 963.553 183723.507 460.854 3.7888 0 0 0 0.0004645 0.004645 0.005941 0.0055093 
440000 1055 970.22 189812.803 488.349 3.814 0 0 0 0.000456 0.0045597 0.0058817 0.0081177 
450000 1066 966.257 195787.842 503.601 3.7915 0 0 0 0.0004485 0.004485 0.0058525 0.0007446 
460000 1077 960.575 201410.094 509.189 3.7598 0 0 0 0.0004503 0.0045025 0.0061581 0.0026297 
470000 1087 967.787 208296.777 541.177 3.7851 0 0 0 0.0004458 0.0044577 0.0063545 0.0041907 
480000 1097 959.152 214891.554 550.405 3.7545 0 0 0 0.0004539 0.0045386 0.0063704 0.0087019 
490000 1107 966.624 221350.713 568.346 3.7827 0 0 0 0.00042 0.0041996 0.0062127 -0.0001528 
500000 1118 960.196 227878.495 576.529 3.7596 0 0 0 0.0004065 0.0040651 0.0062103 5.93e-05 
510000 1128 960.284 235184.877 599.825 3.7664 0 0 0 0.0004009 0.0040089 0.0060771 0.0050928 
520000 1140 940.111 242412.203 605.82 3.6814 0 0 0 0.0003922 0.0039219 0.0059499 0.0066679 
530000 1150 951.066 249811.815 630.868 3.7217 0 0 0 0.0004003 0.0040026 0.0062563 0.0074677 
540000 1160 960.017 257539.012 656.089 3.7545 0 0 0 0.0004071 0.0040714 0.0068198 0.0071093 
550000 1170 967.331 264995.046 673.263 3.785 0 0 0 0.0004056 0.0040564 0.0069241 0.0074542 
560000 1180 967.558 272246.704 677.223 3.7852 0 0 0 0.000397 0.00397 0.0069679 0.0023631 
570000 1190 973.493 279405.117 685.498 3.8051 0 0 0 0.0004049 0.0040493 0.0072092 0.0043349 
580000 1200 978.342 286720.433 692.772 3.8234 0 0 0 0.0004167 0.0041668 0.0074154 0.0095566 
590000 1210 982.304 294194.68 703.688 3.8362 0 0 0 0.0003906 0.0039059 0.006919 0.0113929 
600000 1220 985.541 301289.449 705.57 3.8505 0 0 0 0.0003932 0.0039316 0.0075403 0.007235 
610000 1230 988.186 308367.764 703.561 3.8624 0 0 0 0.0003886 0.0038858 0.00745 0.0050287 
620000 1240 990.347 315505.362 707.998 3.8743 0 0 0 0.0003826 0.0038259 0.00738 0.0001988 
630000 1250 992.113 322575.767 703.636 3.8802 0 0 0 0.0003828 0.0038277 0.0078018 -0.0008491 
640000 1260 993.555 329955.036 710.826 3.8933 0 0 0 0.0003747 0.0037474 0.0077292 -0.0007647 
650000 1270 994.734 336828.072 707.476 3.8934 0 0 0 0.0003686 0.0036858 0.0076626 0.0057188 
660000 1280 995.698 343938.392 709.291 3.8918 0 0 0 0.0003639 0.0036386 0.0081568 -0.0006925 
670000 1290 995.807 350921.287 706.455 3.8922 0 0 0 0.0003759 0.0037593 0.0085412 0.0074552 
680000 1300 996.574 358327.732 713.332 3.8922 0 0 0 0.0003909 0.0039089 0.0090838 0.0028546 
690000 1310 997.201 365141.282 707.768 3.9032 0 0 0 0.0004173 0.0041727 0.0095552 0.0102995 
700000 1320 997.713 371848.107 700.539 3.9079 0 0 0 0.0004211 0.0042115 0.0096695 0.0015619 
710000 1330 998.131 379230.312 705.331 3.9104 0 0 0 0.0004271 0.0042712 0.0096528 0.0075177 
720000 1340 998.473 386114.62 701.878 3.9098 0 0 0 0.0004156 0.0041558 0.0097765 0.0089754 
730000 1350 998.752 393690.356 709.816 3.907 0 0 0 0.0004214 0.0042144 0.0097252 0.0058678 
740000 1360 998.981 402509.546 743.416 3.9085 0 0 0 0.0004194 0.0041943 0.009643 0.0002046 
750000 1370 999.167 410501.302 753.312 3.9086 0 0 0 0.0004099 0.0040993 0.0093227 0.0069426 
760000 1380 999.319 418786.959 767.316 3.9077 0 0 0 0.0004171 0.0041712 0.0095522 0.0070699 
770000 1390 999.444 426406.7 767.155 3.9142 0 0 0 0.0004028 0.0040276 0.0090793 -0.0026373 
780000 1400 999.546 434942.908 779.637 3.9174 0 0 0 0.0004233 0.0042327 0.0098326 0.0053716 
790000 1410 999.629 443223.58 786.715 3.9125 0 0 0 0.0004175 0.0041748 0.0098046 0.0053177 
800000 1420 999.697 450709.244 782.258 3.9137 0 0 0 0.0004212 0.0042116 0.0098794 -0.0035158 
810000 1430 999.752 458287.734 778.092 3.9149 0 0 0 0.000426 0.0042598 0.0096563 0.0066214 
820000 1440 999.797 466787.545 794.832 3.9162 0 0 0 0.0004306 0.0043059 0.0098135 0.0045337 
830000 1450 999.835 474530.625 793.436 3.9162 0 0 0 0.0004293 0.0042929 0.0099721 0.0085901 
840000 1461 987.971 479944.907 733.956 3.8739 0 0 0 0.0004346 0.0043457 0.009419 0.0082492 
850000 1471 990.171 489147.037 766.506 3.8785 0 0 0 0.0004512 0.004512 0.0099891 0.0055916 
860000 1481 991.969 496379.553 760.081 3.8879 0 0 0 0.000461 0.0046096 0.0100888 0.0030865 
870000 1491 993.438 505666.206 787.036 3.8901 0 0 0 0.0004502 0.0045022 0.0100366 0.0111111 
880000 1501 994.639 514422.531 807.753 3.8895 0 0 0 0.0004436 0.0044363 0.0097891 0.0105425 
890000 1511 995.619 522044.0 795.207 3.8984 0 0 0 0.000441 0.0044096 0.0097102 0.0047123 
900000 1521 996.421 530558.579 807.618 3.8967 0 0 0 0.00044 0.0043997 0.0098343 0.0102678 
910000 1531 997.075 537329.011 788.768 3.8985 0 0 0 0.0004524 0.0045241 0.0099401 0.0144771 
920000 1541 997.61 544443.134 772.302 3.9023 0 0 0 0.0004676 0.0046764 0.0101082 0.0193962 
930000 1551 998.048 552183.057 771.061 3.9096 0 0 0 0.0004773 0.0047725 0.0105595 0.0098586 
940000 1561 998.405 558573.041 742.244 3.9161 0 0 0 0.0004724 0.0047242 0.0104536 0.0094276 
950000 1571 998.697 567694.82 776.487 3.9187 0 0 0 0.0005064 0.0050642 0.0110041 0.0065069 
960000 1581 998.935 576007.397 785.786 3.9263 0 0 0 0.0004951 0.0049514 0.0108683 0.0083734 
970000 1591 999.13 585431.817 812.877 3.9227 0 0 0 0.000486 0.0048598 0.0106791 0.0108894 
980000 1601 999.289 594746.47 837.978 3.9122 0 0 0 0.0005012 0.0050124 0.0110262 -0.0014331 
990000 1612 986.096 603977.292 843.273 3.8533 0 0 0 0.0005037 0.005037 0.0112511 0.0025871 
1000000 1622 988.64 613680.349 865.337 3.8619 0 0 0 0.0005288 0.0052879 0.0120037 0.0092997 
1010000 1632 990.718 622359.104 865.694 3.8696 0 0 0 0.0005292 0.0052923 0.0113552 0.0102461 
1020000 1642 992.416 631728.423 878.441 3.8816 0 0 0 0.0005301 0.0053015 0.0115911 0.0085594 
1030000 1652 993.803 641635.954 898.076 3.8822 0 0 0 0.0005428 0.005428 0.0116993 0.0175855 
1040000 1662 994.937 651909.935 921.545 3.8881 0 0 0 0.0005321 0.0053209 0.0118492 -0.0001572 
1050000 1672 995.863 660248.223 903.009 3.8955 0 0 0 0.0005472 0.0054721 0.0120129 0.015732 
1060000 1682 996.62 669618.384 909.785 3.8982 0 0 0 0.0005389 0.0053885 0.0118565 0.0097741 
1070000 1692 997.238 679250.987 920.303 3.9083 0 0 0 0.0005287 0.0052867 0.0118158 0.0112931 
1080000 1702 997.743 688462.32 921.774 3.9073 0 0 0 0.0005289 0.0052887 0.01171 0.0094502 
1090000 1712 998.156 698207.34 929.123 3.9128 0 0 0 0.0005371 0.0053711 0.0117805 0.0056923 
1100000 1722 998.493 706937.248 920.339 3.9168 0 0 0 0.0005546 0.0055458 0.0121177 0.0029508 
1110000 1732 998.769 717326.257 941.586 3.9206 0 0 0 0.00056 0.0055998 0.0123476 0.0150839 
1120000 1742 998.994 729161.483 986.389 3.9221 0 0 0 0.0005517 0.0055168 0.0122049 0.0066674 
1130000 1752 999.178 739576.103 997.146 3.9252 0 0 0 0.0005457 0.0054567 0.0122533 0.0077317 
1140000 1762 999.329 750730.52 1019.296 3.92 0 0 0 0.0005495 0.0054947 0.0121129 0.0060035 
1150000 1772 999.451 761935.115 1036.485 3.9215 0 0 0 0.0005613 0.0056133 0.0123912 0.0130062 
1160000 1782 999.552 770713.692 1008.407 3.9148 0 0 0 0.000557 0.0055702 0.0125157 0.0020121 
1170000 1792 999.634 780379.733 1001.659 3.908 0 0 0 0.000558 0.0055804 0.0125433 0.0093572 
1180000 1802 999.701 790056.18 994.308 3.9157 0 0 0 0.0005625 0.0056249 0.0128348 0.0073474 
1190000 1812 999.755 800593.326 1006.504 3.9126 0 0 0 0.0005567 0.005567 0.0124901 0.0052974 
1200000 1822 999.8 810658.987 1004.72 3.9156 0 0 0 0.0005501 0.0055007 0.0123739 0.0042142 
1210000 1832 999.837 823847.473 1063.6 3.9182 0 0 0 0.0005424 0.005424 0.0121888 0.0098178 
1220000 1842 999.867 836887.258 1108.558 3.9221 0 0 0 0.0005356 0.0053559 0.0122784 0.0112131 
1230000 1852 999.891 850281.212 1149.881 3.9237 0 0 0 0.0005418 0.0054177 0.0125409 0.0086882 
1240000 1862 999.911 863117.827 1173.484 3.9247 0 0 0 0.000534 0.0053399 0.0125048 0.0111365 
1250000 1872 999.927 875034.406 1174.9 3.9189 0 0 0 0.0005303 0.0053034 0.0124393 0.0112605 
1260000 1882 999.941 888490.914 1208.498 3.9129 0 0 0 0.000535 0.0053496 0.0126248 0.0117988 
1270000 1892 999.951 901375.786 1221.243 3.9115 0 0 0 0.0005324 0.0053244 0.0124196 0.0122544 
1280000 1902 999.96 911769.225 1187.856 3.9151 0 0 0 0.0005395 0.0053946 0.0127696 0.0115406 
1290000 1912 999.968 925462.661 1221.878 3.9102 0 0 0 0.0005326 0.0053262 0.0125926 0.0169461 
1300000 1922 999.974 939209.948 1250.582 3.9096 0 0 0 0.0005264 0.0052644 0.0123703 0.0128988 
1310000 1932 999.978 950340.984 1222.605 3.9068 0 0 0 0.0005108 0.0051077 0.0121317 0.0132496 
1320000 1942 999.982 963147.257 1232.209 3.9066 0 0 0 0.0005099 0.0050992 0.0119357 0.016271 
1330000 1952 999.986 977154.866 1263.333 3.9118 0 0 0 0.000503 0.0050298 0.0119499 0.0126439 
1340000 1962 999.988 990099.3 1267.714 3.914 0 0 0 0.0005 0.0050001 0.011869 0.0145357 
1350000 1972 999.99 1003165.405 1276.242 3.9108 0 0 0 0.000495 0.0049496 0.0118151 0.0135619 
1360000 1983 986.891 1012032.222 1187.179 3.8669 0 0 0 0.0004923 0.004923 0.0119852 0.0172166 
1370000 1993 973.166 1023755.048 1165.401 3.8101 0 0 0 0.0004857 0.0048572 0.0117868 0.0067801 
1380000 2004 969.293 1036637.155 1177.842 3.7908 0 0 0 0.0005004 0.0050042 0.0123178 0.0144916 
1390000 2014 974.91 1048298.31 1174.427 3.8145 0 0 0 0.0004926 0.0049262 0.0120718 0.0174041 
1400000 2024 979.5 1061515.681 1203.557 3.8345 0 0 0 0.0004783 0.0047832 0.011883 0.0057469 
1410000 2034 983.25 1073809.219 1207.687 3.8463 0 0 0 0.0004804 0.0048043 0.0118189 0.0133456 
1420000 2044 986.314 1086800.611 1224.063 3.8518 0 0 0 0.0004759 0.0047589 0.0117027 0.0183849 
1430000 2054 988.817 1100981.599 1259.285 3.8605 0 0 0 0.0004671 0.0046707 0.0115119 0.0102545 
1440000 2064 990.863 1116623.59 1315.462 3.8768 0 0 0 0.0004579 0.0045793 0.011267 0.0182282 
1450000 2074 992.534 1130604.882 1336.804 3.8799 0 0 0 0.0004412 0.0044116 0.0110421 0.010999 
1460000 2084 993.9 1143998.23 1334.136 3.8838 0 0 0 0.000442 0.0044202 0.0108489 0.0181358 
1470000 2094 995.016 1158039.787 1345.878 3.8879 0 0 0 0.0004513 0.0045129 0.0108999 0.0207295 
1480000 2104 995.928 1170392.506 1325.793 3.8922 0 0 0 0.0004462 0.0044616 0.0109049 0.0188958 
1490000 2114 996.673 1182723.522 1310.793 3.8998 0 0 0 0.000446 0.0044598 0.0106807 0.0174189 
1500000 2124 997.281 1194453.88 1288.123 3.8988 0 0 0 0.0004536 0.0045362 0.011022 0.0144056 
1510000 2134 997.779 1206676.149 1280.097 3.9043 0 0 0 0.0004666 0.0046657 0.0113608 0.0160986 
1520000 2144 998.185 1219358.098 1272.595 3.9055 0 0 0 0.0004577 0.0045774 0.0112625 0.0117942 
1530000 2154 998.517 1232687.913 1285.252 3.9052 0 0 0 0.000461 0.0046104 0.0113846 0.0082768 
1540000 2164 998.788 1247020.477 1310.703 3.8866 0 0 0 0.0004708 0.0047078 0.0116546 0.0141292 
1550000 2174 999.01 1258348.746 1278.187 3.8896 0 0 0 0.0004758 0.0047576 0.0114372 0.0116683 
1560000 2184 999.191 1272739.823 1307.693 3.8864 0 0 0 0.0004737 0.004737 0.0116605 0.0099792 
1570000 2195 984.116 1285900.694 1290.752 3.827 0 0 0 0.0004776 0.0047763 0.0118254 0.007313 
1580000 2205 987.021 1298545.514 1285.362 3.8411 0 0 0 0.0004717 0.0047167 0.0114445 0.0186264 
1590000 2215 989.396 1312531.328 1306.716 3.8466 0 0 0 0.0004692 0.0046921 0.0112439 0.0141973 
1600000 2225 991.335 1328370.386 1357.848 3.8606 0 0 0 0.0004445 0.0044447 0.0109416 0.0174659 
1610000 2235 992.92 1339185.659 1306.693 3.8693 0 0 0 0.0004448 0.0044485 0.011011 0.0208646 
1620000 2245 994.215 1354205.147 1341.865 3.8757 0 0 0 0.0004446 0.0044459 0.0111757 0.0234571 
1630000 2255 995.274 1369408.605 1373.697 3.8862 0 0 0 0.0004505 0.0045046 0.0111258 0.0223989 
1640000 2265 996.138 1384686.032 1402.755 3.8951 0 0 0 0.0004481 0.0044813 0.0110736 0.0103074 
1650000 2275 996.845 1399890.88 1423.492 3.8938 0 0 0 0.0004473 0.0044732 0.0109529 0.022851 
1660000 2285 997.422 1414010.788 1418.725 3.8942 0 0 0 0.0004493 0.0044929 0.0111882 0.0196841 
1670000 2295 997.893 1428285.66 1421.667 3.888 0 0 0 0.0004474 0.0044745 0.0110559 0.0130916 
1680000 2305 998.279 1444179.346 1451.995 3.8895 0 0 0 0.0004452 0.0044517 0.0109542 0.0175325 
1690000 2315 998.594 1456174.189 1408.231 3.8963 0 0 0 0.000447 0.0044702 0.0109837 0.0203539 
1700000 2325 998.851 1470354.274 1410.667 3.8962 0 0 0 0.0004412 0.0044115 0.0106201 0.015633 
1710000 2335 999.061 1486371.646 1445.47 3.9 0 0 0 0.0004334 0.0043341 0.0105496 0.0193355 
1720000 2345 999.233 1502588.863 1478.048 3.9032 0 0 0 0.0004426 0.0044262 0.0106486 0.0128358 
1730000 2355 999.373 1518239.989 1492.818 3.9037 0 0 0 0.0004413 0.004413 0.0105726 0.0121691 
1740000 2365 999.488 1534161.428 1510.96 3.8969 0 0 0 0.0004306 0.0043059 0.0102159 0.0178927 
1750000 2375 999.582 1550141.109 1524.921 3.8968 0 0 0 0.0004184 0.0041836 0.0102719 0.0186818 
1760000 2385 999.658 1566077.997 1537.924 3.8954 0 0 0 0.0004108 0.0041077 0.0101003 0.0092864 
1770000 2395 999.721 1580942.863 1527.646 3.8944 0 0 0 0.0003999 0.0039993 0.0099429 0.0231027 
1780000 2405 999.772 1595695.173 1518.264 3.8998 0 0 0 0.0003883 0.0038826 0.0095772 0.011155 
1790000 2415 999.813 1611882.645 1536.687 3.9059 0 0 0 0.0003883 0.0038834 0.0096074 0.0148212 
1800000 2425 999.848 1628266.191 1555.327 3.9043 0 0 0 0.0004007 0.004007 0.0097246 0.0192937 
1810000 2435 999.875 1645690.93 1588.962 3.9114 0 0 0 0.000398 0.00398 0.0096702 0.0207664 
1820000 2445 999.898 1662180.215 1600.129 3.9097 0 0 0 0.0004019 0.004019 0.0099013 0.022733 
1830000 2455 999.917 1678201.691 1600.356 3.9073 0 0 0 0.0004054 0.0040539 0.0099254 0.0130022 
1840000 2465 999.932 1695209.789 1618.126 3.9074 0 0 0 0.0003975 0.003975 0.0097065 0.0172327 
1850000 2475 999.945 1711544.832 1620.624 3.9084 0 0 0 0.0003995 0.0039947 0.0096969 0.0185562 
1860000 2485 999.955 1727599.097 1615.301 3.9082 0 0 0 0.000403 0.0040302 0.0098233 0.0132983 
1870000 2495 999.963 1744451.546 1627.918 3.9033 0 0 0 0.0004038 0.0040381 0.0097981 0.0133624 
1880000 2505 999.97 1760826.728 1629.681 3.9042 0 0 0 0.0004028 0.0040282 0.0098388 0.0211518 
1890000 2515 999.975 1775030.399 1592.503 3.8983 0 0 0 0.0004026 0.0040264 0.009824 0.0160843 
1900000 2525 999.98 1790915.907 1591.313 3.8974 0 0 0 0.0003922 0.0039216 0.0097279 0.0233784 
1910000 2535 999.983 1806602.419 1589.131 3.9004 0 0 0 0.0004 0.0039996 0.0096302 0.0129576 
1920000 2545 999.987 1824249.381 1622.648 3.9033 0 0 0 0.0003821 0.0038207 0.0093511 0.0150843 
1930000 2555 999.989 1841109.92 1634.733 3.9067 0 0 0 0.0003808 0.0038078 0.009199 0.013827 
1940000 2565 999.991 1856988.959 1622.729 3.9035 0 0 0 0.0003792 0.0037922 0.0092844 0.0101664 
1950000 2575 999.993 1871397.761 1590.13 3.9038 0 0 0 0.0003827 0.0038269 0.0090994 0.0141383 
1960000 2585 999.994 1886363.215 1571.805 3.8969 0 0 0 0.0003934 0.0039342 0.0093406 0.0113185 
1970000 2595 999.995 1900698.129 1547.157 3.8951 0 0 0 0.0003932 0.0039315 0.0091775 0.0125339 
1980000 2605 999.996 1915900.75 1540.9 3.9068 0 0 0 0.0003959 0.0039591 0.0092922 0.0158756 
1990000 2615 999.997 1932267.007 1558.776 3.9063 0 0 0 0.0003954 0.0039535 0.0091799 0.0143497 
2000000 2625 999.997 1948235.141 1566.23 3.9036 0 0 0 0.0003961 0.0039606 0.0093298 0.0178353 
2010000 2635 999.998 1964847.904 1584.31 3.9045 0 0 0 0.0004051 0.004051 0.0093669 0.0205448 
2020000 2645 999.998 1980433.123 1580.226 3.9068 0 0 0 0.0004015 0.0040153 0.0091964 0.0214482 
2030000 2655 999.999 1994145.46 1540.879 3.9077 0 0 0 0.000412 0.0041196 0.0096461 0.0191576 
2040000 2665 999.999 2007239.253 1501.948 3.9057 0 0 0 0.0004227 0.0042273 0.0095108 0.0193885 
2050000 2675 999.999 2022589.89 1506.586 3.9059 0 0 0 0.0004226 0.0042263 0.0096636 0.0176507 
2060000 2685 999.999 2039843.265 1546.699 3.9087 0 0 0 0.0004153 0.0041533 0.009333 0.0197721 
2070000 2695 999.999 2057865.499 1594.793 3.9068 0 0 0 0.0004131 0.0041312 0.0094741 0.0101954 
2080000 2705 999.999 2074400.598 1605.332 3.9064 0 0 0 0.0004074 0.0040736 0.0093133 0.0184004 
2090000 2715 1000.0 2091248.717 1619.556 3.9069 0 0 0 0.0004101 0.0041008 0.0093866 0.0151763 
2100000 2725 1000.0 2109496.442 1656.611 3.9026 0 0 0 0.0004039 0.004039 0.0093014 0.0150903 
2110000 2735 1000.0 2127518.344 1683.416 3.9024 0 0 0 0.0003968 0.0039678 0.0092345 0.0164259 
2120000 2745 995.971 2143386.385 1657.356 3.8826 0 0 0 0.000414 0.0041397 0.0096604 0.0194886 
2130000 2755 996.708 2157680.516 1618.764 3.8842 0 0 0 0.0004191 0.0041914 0.0098743 0.0182979 
2140000 2765 997.311 2173442.116 1609.885 3.8858 0 0 0 0.0004328 0.0043275 0.0101853 0.0163222 
2150000 2775 997.802 2185831.81 1537.797 3.8886 0 0 0 0.0004391 0.0043908 0.0103263 0.0183387 
2160000 2785 998.204 2202226.066 1557.379 3.89 0 0 0 0.0004429 0.0044286 0.0102617 0.0174421 
2170000 2795 998.533 2218465.588 1570.295 3.8887 0 0 0 0.0004396 0.0043955 0.0104841 0.0210738 
2180000 2805 998.801 2234597.868 1580.667 3.889 0 0 0 0.0004329 0.0043293 0.0102363 0.0152018 
2190000 2815 999.021 2251791.702 1604.884 3.8892 0 0 0 0.0004342 0.0043419 0.010261 0.0126189 
2200000 2825 999.2 2267761.376 1600.9 3.8877 0 0 0 0.0004412 0.0044121 0.0104144 0.0208021 
2210000 2835 999.346 2284684.144 1617.371 3.8881 0 0 0 0.0004294 0.0042944 0.0101614 0.0151456 
2220000 2845 999.466 2302153.149 1640.835 3.8884 0 0 0 0.0004341 0.0043408 0.0102876 0.01842 
2230000 2855 999.563 2318152.97 1634.954 3.8934 0 0 0 0.0004244 0.0042442 0.01011 0.0105461 
2240000 2865 999.643 2334929.988 1641.441 3.8968 0 0 0 0.0004174 0.0041742 0.0099059 0.0150432 
2250000 2875 999.709 2351797.169 1648.948 3.899 0 0 0 0.000419 0.0041901 0.0099536 0.0153959 
2260000 2885 999.762 2367038.264 1631.216 3.9005 0 0 0 0.0004265 0.0042654 0.0101373 0.0202606 
2270000 2895 999.805 2385089.103 1659.731 3.9083 0 0 0 0.0004264 0.0042636 0.0100559 0.0145938 
2280000 2905 999.841 2403375.278 1690.999 3.9076 0 0 0 0.0004171 0.0041712 0.0100162 0.0144603 
2290000 2915 999.87 2420907.388 1699.136 3.908 0 0 0 0.0004262 0.0042615 0.0099499 0.0260547 
2300000 2925 999.894 2437727.486 1696.486 3.9169 0 0 0 0.0004268 0.0042677 0.0100961 0.021701 
2310000 2935 999.913 2455736.598 1715.472 3.9118 0 0 0 0.0004364 0.0043643 0.0101432 0.0191409 
2320000 2945 999.929 2474350.557 1745.322 3.9104 0 0 0 0.0004292 0.0042922 0.0100321 0.0185592 
2330000 2955 999.942 2493077.269 1765.05 3.9033 0 0 0 0.0004182 0.0041816 0.0098343 0.0151833 
2340000 2965 999.953 2512126.6 1790.128 3.9006 0 0 0 0.0004174 0.0041743 0.0098525 0.0249802 
2350000 2975 999.961 2532118.966 1828.658 3.9037 0 0 0 0.0003989 0.0039891 0.0093125 0.0203775 
2360000 2985 999.968 2551586.492 1850.673 3.9026 0 0 0 0.0003847 0.0038473 0.0092883 0.0148788 
2370000 2995 999.974 2571059.666 1868.685 3.9018 0 0 0 0.00038 0.0037999 0.009168 0.0204794 
2380000 3005 999.979 2590566.438 1886.076 3.9022 0 0 0 0.000381 0.00381 0.0092053 0.020049 
2390000 3015 999.983 2607804.342 1864.006 3.9025 0 0 0 0.0003781 0.0037805 0.0090967 0.0194163 
2400000 3025 999.986 2626294.066 1853.353 3.9006 0 0 0 0.0003617 0.0036167 0.0089139 0.0096616 
2410000 3035 999.988 2643963.819 1839.692 3.9042 0 0 0 0.0003711 0.0037113 0.0090066 0.0202709 
2420000 3045 999.991 2659900.948 1805.077 3.9063 0 0 0 0.000374 0.0037405 0.0088956 0.0233171 
2430000 3055 999.992 2673426.816 1710.084 3.9041 0 0 0 0.0003594 0.0035937 0.0087157 0.0181632 
2440000 3065 999.994 2690358.872 1707.952 3.9069 0 0 0 0.0003615 0.0036153 0.0087302 0.0123005 
2450000 3075 999.995 2705953.225 1673.422 3.907 0 0 0 0.0003599 0.0035995 0.0085533 0.0171942 
2460000 3085 999.996 2723926.014 1694.476 3.9039 0 0 0 0.0003587 0.0035866 0.0085961 0.0196052 
2470000 3095 999.997 2741382.216 1704.667 3.9053 0 0 0 0.0003681 0.0036809 0.0088901 0.0246452 
2480000 3105 999.997 2760891.785 1748.143 3.8986 0 0 0 0.0003485 0.0034846 0.0083728 0.0175581 
2490000 3115 999.998 2779184.602 1762.953 3.8962 0 0 0 0.0003676 0.0036762 0.0089 0.0182562 
2500000 3125 999.998 2798159.061 1786.694 3.8935 0 0 0 0.0003381 0.0033811 0.0084029 0.0124555 
2510000 3135 999.998 2817340.413 1809.951 3.8914 0 0 0 0.0003311 0.0033113 0.0083499 0.0172404 
2520000 3145 999.999 2833964.043 1785.06 3.8961 0 0 0 0.0003272 0.0032725 0.0082928 0.0240041 
2530000 3155 999.999 2850837.115 1765.595 3.898 0 0 0 0.0003217 0.0032173 0.0081742 0.0218937 
2540000 3165 999.999 2870914.943 1812.448 3.8981 0 0 0 0.0003285 0.0032847 0.0083336 0.0135766 
2550000 3175 999.999 2891363.215 1856.528 3.8971 0 0 0 0.000334 0.0033398 0.0083192 0.0181789 
2560000 3185 999.999 2907559.821 1820.654 3.8982 0 0 0 0.0003427 0.0034274 0.0087843 0.0136953 
2570000 3195 1000.0 2919952.379 1708.654 3.9086 0 0 0 0.0003558 0.0035578 0.0090564 0.0181603 
2580000 3205 1000.0 2934486.415 1660.849 3.9115 0 0 0 0.0003596 0.0035959 0.0086853 0.0189605 
2590000 3215 1000.0 2950511.912 1649.657 3.9158 0 0 0 0.0003516 0.0035163 0.0089188 0.0077342 
2600000 3225 1000.0 2969768.799 1698.273 3.9124 0 0 0 0.0003566 0.0035663 0.0088021 0.0107078 
2610000 3235 1000.0 2989258.003 1745.669 3.9147 0 0 0 0.0003593 0.0035929 0.0088604 0.0095909 
2620000 3245 1000.0 3006612.353 1744.017 3.9155 0 0 0 0.0003589 0.003589 0.0089828 0.0193617 
2630000 3255 1000.0 3023040.578 1724.862 3.9161 0 0 0 0.0003592 0.0035924 0.0089645 0.013314 
2640000 3265 1000.0 3040875.348 1737.079 3.9132 0 0 0 0.000362 0.0036196 0.0090478 0.0119196 
2650000 3275 1000.0 3056854.851 1715.11 3.9107 0 0 0 0.0003612 0.0036122 0.0089591 0.0122204 
2660000 3285 1000.0 3076003.211 1749.914 3.9041 0 0 0 0.0003575 0.0035753 0.0090831 0.0118129 
2670000 3295 1000.0 3095098.638 1776.661 3.8964 0 0 0 0.0003593 0.003593 0.0089459 0.0132688 
2680000 3305 1000.0 3110523.97 1737.308 3.8916 0 0 0 0.000354 0.0035396 0.0089856 0.0099886 
2690000 3315 1000.0 3124646.963 1684.807 3.8911 0 0 0 0.0003683 0.0036827 0.0090545 0.0095429 
2700000 3325 1000.0 3137880.824 1615.855 3.8994 0 0 0 0.0003608 0.0036084 0.0090165 0.0142475 
2710000 3336 991.062 3150181.743 1531.445 3.8635 0 0 0 0.0003706 0.0037061 0.0092739 0.0204918 
2720000 3346 992.697 3166463.257 1547.854 3.87 0 0 0 0.0003774 0.0037737 0.0094903 0.0153433 
2730000 3356 994.033 3176999.46 1459.402 3.8791 0 0 0 0.0003735 0.0037346 0.0093641 0.0125953 
2740000 3366 995.125 3190019.759 1432.919 3.8854 0 0 0 0.0003741 0.0037411 0.0094947 0.0131091 
2750000 3376 996.016 3202329.654 1398.833 3.8882 0 0 0 0.0003915 0.0039151 0.0095718 0.018282 
2760000 3386 996.745 3216922.41 1411.825 3.8878 0 0 0 0.000394 0.0039396 0.0094524 0.0152742 
2770000 3396 997.341 3233317.754 1451.832 3.8929 0 0 0 0.0003688 0.0036884 0.0092662 0.0105715 
2780000 3406 983.822 3252567.594 1507.354 3.8395 0 0 0 0.000373 0.0037304 0.009433 0.0116709 
2790000 3416 986.781 3271446.112 1583.729 3.8496 0 0 0 0.000379 0.0037897 0.0095504 0.011157 
2800000 3426 989.199 3286338.88 1570.384 3.8608 0 0 0 0.0003877 0.0038769 0.0096516 0.0171794 
2810000 3436 991.175 3302591.9 1575.518 3.8701 0 0 0 0.000379 0.0037899 0.0094326 0.0081198 
2820000 3446 992.789 3321514.075 1630.131 3.8772 0 0 0 0.0003815 0.0038148 0.0096619 0.0161089 
2830000 3456 994.108 3337896.56 1629.064 3.882 0 0 0 0.0003795 0.0037945 0.0095267 0.0138018 
2840000 3467 988.991 3355974.005 1656.546 3.864 0 0 0 0.0003752 0.003752 0.0094025 0.0150674 
2850000 3477 991.005 3375483.98 1709.468 3.8673 0 0 0 0.0003812 0.0038116 0.0099509 0.0090279 
2860000 3487 992.65 3390637.777 1672.354 3.864 0 0 0 0.0003685 0.0036853 0.0093649 0.018275 
2870000 3497 993.995 3407201.594 1669.824 3.871 0 0 0 0.0003709 0.0037086 0.009507 0.0093903 
2880000 3507 995.093 3424033.856 1668.755 3.8778 0 0 0 0.0003691 0.0036914 0.0093159 0.0123153 
2890000 3517 995.991 3438228.548 1620.089 3.8886 0 0 0 0.0003831 0.0038313 0.0096648 0.0135066 
2900000 3527 996.724 3453958.267 1609.505 3.8878 0 0 0 0.0003767 0.0037672 0.0097283 0.0148085 
2910000 3537 997.323 3468411.53 1581.921 3.8915 0 0 0 0.0003849 0.0038485 0.0098194 0.0143233 
2920000 3547 997.813 3484053.849 1579.254 3.8957 0 0 0 0.0003739 0.0037394 0.0096086 0.0106089 
2930000 3557 998.213 3497159.018 1526.602 3.8984 0 0 0 0.0003817 0.0038167 0.0097182 0.0110409 
2940000 3567 998.54 3510531.21 1491.507 3.8993 0 0 0 0.0003726 0.0037262 0.0094486 0.0028386 
2950000 3577 998.807 3524175.409 1467.269 3.9024 0 0 0 0.0003754 0.0037536 0.0097826 0.0151485 
2960000 3587 999.025 3540526.238 1499.195 3.8958 0 0 0 0.0003714 0.0037138 0.009579 0.0178439 
2970000 3597 999.204 3556466.926 1519.864 3.8954 0 0 0 0.0003714 0.0037137 0.0096135 0.0128956 
2980000 3607 999.349 3575630.174 1594.393 3.892 0 0 0 0.0003743 0.0037435 0.0096215 0.0157382 
2990000 3617 999.468 3595540.832 1667.002 3.8917 0 0 0 0.0003682 0.0036821 0.0092402 0.0098566 
3000000 3627 999.566 3615833.811 1733.876 3.8904 0 0 0 0.0003536 0.003536 0.0092019 0.0170761 
3010000 3637 999.645 3636595.242 1796.354 3.8878 0 0 0 0.0003453 0.0034533 0.008873 0.0176536 
3020000 3647 999.71 3656996.831 1841.925 3.8909 0 0 0 0.0003526 0.003526 0.008902 0.0155714 
3030000 3657 999.763 3678211.271 1893.974 3.892 0 0 0 0.0003471 0.0034712 0.0089116 0.0123154 
3040000 3667 999.806 3698892.169 1925.449 3.8944 0 0 0 0.0003349 0.0033493 0.0085926 0.0114375 
3050000 3677 999.842 3719513.358 1950.65 3.8895 0 0 0 0.000325 0.0032495 0.0084226 0.0111447 
3060000 3687 999.871 3738402.276 1936.838 3.8922 0 0 0 0.0003329 0.0033291 0.0085908 0.0221267 
3070000 3697 999.894 3757861.033 1938.185 3.8857 0 0 0 0.0003246 0.0032465 0.0084513 0.0165116 
3080000 3707 999.914 3775026.113 1896.51 3.8868 0 0 0 0.00032 0.0032002 0.0082066 0.0170211 
3090000 3717 999.929 3794274.236 1902.269 3.889 0 0 0 0.0003234 0.0032345 0.0084121 0.0119692 
3100000 3727 999.942 3809408.529 1827.085 3.8919 0 0 0 0.0003215 0.0032147 0.0082378 0.0140872 
3110000 3737 999.953 3826353.108 1799.639 3.8928 0 0 0 0.0003163 0.0031633 0.0082709 0.0166599 
3120000 3747 999.962 3846906.781 1845.397 3.8989 0 0 0 0.0003106 0.0031063 0.0080493 0.015386 
3130000 3757 999.969 3865290.078 1846.098 3.8957 0 0 0 0.0003038 0.0030379 0.0079513 0.0182909 
3140000 3767 999.974 3880212.175 1783.204 3.9023 0 0 0 0.0002963 0.0029626 0.0079619 0.0202758 
3150000 3777 999.979 3897246.707 1767.061 3.8929 0 0 0 0.0002825 0.0028247 0.0076882 0.0114613 
3160000 3787 999.983 3916805.823 1801.845 3.8858 0 0 0 0.0002822 0.0028215 0.0077484 0.0184025 
3170000 3797 999.986 3934573.999 1797.323 3.8878 0 0 0 0.0002793 0.0027933 0.0076834 0.0226419 
3180000 3807 999.989 3954089.7 1824.527 3.8913 0 0 0 0.0002724 0.0027236 0.0073539 0.0167315 
3190000 3817 999.991 3972854.308 1830.813 3.8942 0 0 0 0.0002706 0.0027058 0.0075923 0.0178633 
3200000 3827 999.992 3988891.758 1791.835 3.895 0 0 0 0.0002666 0.002666 0.007441 0.010735 
3210000 3837 999.994 4005317.679 1763.736 3.9053 0 0 0 0.000276 0.0027599 0.0075192 0.0222362 
3220000 3847 999.995 4020883.583 1724.575 3.9116 0 0 0 0.0002795 0.0027952 0.0073735 0.0183976 
3230000 3857 999.996 4035745.434 1682.707 3.9099 0 0 0 0.0002901 0.0029014 0.0076817 0.0185227 
3240000 3867 999.997 4053239.262 1695.768 3.9126 0 0 0 0.0002801 0.002801 0.0074341 0.0191204 
3250000 3877 999.997 4070365.787 1702.499 3.9102 0 0 0 0.000289 0.0028902 0.0074772 0.0153468 
3260000 3887 999.998 4089997.694 1750.647 3.9096 0 0 0 0.0002819 0.0028192 0.0073006 0.0136495 
3270000 3897 999.998 4110438.809 1802.575 3.9051 0 0 0 0.0002765 0.0027654 0.007198 0.0125435 
3280000 3907 999.998 4131720.231 1861.838 3.9014 0 0 0 0.0002713 0.0027125 0.007117 0.0128851 
3290000 3917 999.999 4151550.6 1881.612 3.8988 0 0 0 0.0002646 0.0026459 0.0069887 0.0131641 
3300000 3927 999.999 4171636.297 1903.508 3.8995 0 0 0 0.000267 0.0026696 0.0072465 0.0170438 
3310000 3937 999.999 4190024.217 1892.752 3.8943 0 0 0 0.0002592 0.0025921 0.007051 0.018176 
3320000 3947 999.999 4203834.183 1796.743 3.8941 0 0 0 0.0002719 0.0027191 0.0072595 0.0178626 
3330000 3957 999.999 4222958.143 1818.812 3.8965 0 0 0 0.0002687 0.0026869 0.0071955 0.0061634 
3340000 3967 1000.0 4240582.438 1808.435 3.8975 0 0 0 0.0002732 0.0027321 0.0072456 0.0118163 
3350000 3977 1000.0 4259962.277 1832.218 3.8915 0 0 0 0.0002789 0.0027895 0.0074789 0.0094589 
3360000 3987 1000.0 4280186.091 1868.278 3.8942 0 0 0 0.0002828 0.0028275 0.0076821 0.019128 
3370000 3997 984.903 4297168.139 1799.894 3.8315 0 0 0 0.000292 0.0029205 0.0077645 0.0161139 
3380000 4007 987.665 4317232.14 1838.742 3.8397 0 0 0 0.0002897 0.0028969 0.0077387 0.0131191 
3390000 4017 989.921 4336256.429 1848.747 3.8486 0 0 0 0.0002964 0.0029642 0.0078543 0.0175825 
3400000 4027 991.765 4353856.56 1839.852 3.854 0 0 0 0.0003011 0.0030111 0.0079533 0.0153037 
3410000 4037 993.271 4369224.222 1777.167 3.8629 0 0 0 0.0003085 0.0030851 0.0082428 0.013834 
3420000 4047 994.502 4386920.173 1779.652 3.8711 0 0 0 0.0003127 0.0031271 0.0080986 0.0150197 
3430000 4057 995.508 4403710.873 1760.991 3.8701 0 0 0 0.0003205 0.003205 0.0083774 0.0160156 
3440000 4067 996.33 4421716.644 1765.504 3.876 0 0 0 0.0003227 0.0032271 0.0085448 0.01747 
3450000 4077 997.001 4442281.168 1820.655 3.8839 0 0 0 0.0003203 0.003203 0.0086034 0.0234719 
3460000 4087 997.55 4461363.857 1832.091 3.8898 0 0 0 0.000335 0.0033501 0.0089523 0.0221979 
3470000 4097 997.998 4480624.076 1848.64 3.8896 0 0 0 0.0003327 0.0033271 0.0088296 0.0172764 
3480000 4107 998.364 4499186.761 1850.617 3.8991 0 0 0 0.0003396 0.0033956 0.0088231 0.0198687 
3490000 4117 998.663 4518488.61 1867.712 3.9052 0 0 0 0.0003311 0.0033114 0.0086965 0.0144963 
3500000 4127 998.908 4538455.11 1894.516 3.9148 0 0 0 0.0003362 0.0033622 0.0086969 0.0203263 
3510000 4137 999.108 4559410.193 1928.409 3.908 0 0 0 0.0003456 0.0034564 0.0089908 0.0161848 
3520000 4147 999.271 4579191.62 1953.464 3.8987 0 0 0 0.0003278 0.0032776 0.0086218 0.0127875 
3530000 4158 983.471 4599041.569 1910.291 3.8386 0 0 0 0.0003293 0.0032931 0.0084839 0.0162696 
3540000 4168 986.495 4618147.345 1914.491 3.85 0 0 0 0.0003292 0.0032918 0.0084341 0.0172203 
3550000 4178 988.965 4634733.8 1887.911 3.8588 0 0 0 0.0003316 0.0033162 0.008699 0.0125649 
3560000 4188 990.984 4649070.915 1802.956 3.8669 0 0 0 0.0003367 0.0033665 0.0084629 0.0140994 
3570000 4199 978.624 4664843.51 1717.189 3.815 0 0 0 0.0003476 0.0034756 0.0087429 0.0216167 
3580000 4209 982.534 4681328.946 1715.211 3.8302 0 0 0 0.0003443 0.0034429 0.008858 0.0138977 
3590000 4219 985.729 4698271.642 1708.209 3.8398 0 0 0 0.0003452 0.0034522 0.0088898 0.0135157 
3600000 4229 988.34 4717064.393 1735.492 3.852 0 0 0 0.0003422 0.0034219 0.0088654 0.0111509 
3610000 4239 990.473 4735619.126 1756.533 3.8607 0 0 0 0.0003424 0.003424 0.008631 0.0172964 
3620000 4249 992.215 4753728.49 1775.318 3.8639 0 0 0 0.0003429 0.003429 0.0088314 0.0195488 
3630000 4259 993.639 4772129.102 1781.064 3.8723 0 0 0 0.0003373 0.0033733 0.00858 0.0172127 
3640000 4269 994.803 4790847.345 1807.103 3.8756 0 0 0 0.0003308 0.0033078 0.0084577 0.0166376 
3650000 4279 993.41 4811605.12 1845.843 3.8811 0 0 0 0.0003415 0.0034146 0.0086379 0.0222257 
3660000 4289 994.616 4832032.167 1881.066 3.8871 0 0 0 0.0003403 0.0034025 0.0084721 0.0141968 
3670000 4299 992.323 4850843.838 1874.399 3.8761 0 0 0 0.0003397 0.0033967 0.0083373 0.0120622 
3680000 4309 993.727 4871784.548 1919.634 3.8823 0 0 0 0.0003489 0.0034889 0.0085432 0.0202537 
3690000 4319 994.875 4894557.455 1978.0 3.8875 0 0 0 0.0003409 0.0034092 0.0084773 0.0154965 
3700000 4329 995.812 4917686.759 2038.75 3.8913 0 0 0 0.0003333 0.0033328 0.0082732 0.0110753 
3710000 4339 996.578 4939679.966 2069.316 3.8932 0 0 0 0.0003421 0.0034206 0.0085369 0.0204049 
3720000 4349 997.204 4961709.104 2092.655 3.8932 0 0 0 0.0003393 0.0033927 0.0086422 0.0182674 
3730000 4359 997.716 4982008.255 2081.345 3.8927 0 0 0 0.0003444 0.0034437 0.008599 0.0154051 
3740000 4369 998.134 5004564.527 2108.063 3.8997 0 0 0 0.0003468 0.0034684 0.0085596 0.0167353 
3750000 4379 998.475 5025656.159 2108.196 3.9011 0 0 0 0.0003342 0.0033421 0.0084822 0.0211792 
3760000 4389 998.754 5046158.72 2099.101 3.8946 0 0 0 0.0003296 0.0032961 0.0084608 0.01656 
3770000 4399 998.982 5065897.796 2074.246 3.8945 0 0 0 0.0003178 0.0031778 0.0081673 0.0188313 
3780000 4409 999.168 5087804.627 2096.143 3.8892 0 0 0 0.0003143 0.0031429 0.0081163 0.017991 
3790000 4419 999.32 5109087.168 2105.315 3.8942 0 0 0 0.000313 0.0031296 0.008084 0.017485 
3800000 4429 999.445 5131333.486 2125.521 3.892 0 0 0 0.0003096 0.0030965 0.0079119 0.0138036 
3810000 4439 999.546 5154301.23 2152.654 3.8892 0 0 0 0.0003165 0.0031652 0.0081438 0.0243662 
3820000 4449 999.629 5176827.943 2193.176 3.89 0 0 0 0.0003063 0.0030626 0.0079031 0.0153053 
3830000 4459 999.697 5197075.135 2140.17 3.8825 0 0 0 0.0003064 0.0030637 0.0080981 0.0193621 
3840000 4469 999.752 5220373.819 2175.351 3.8872 0 0 0 0.0002985 0.002985 0.0078312 0.020451 
3850000 4479 999.798 5241667.445 2170.868 3.8905 0 0 0 0.0002924 0.002924 0.0076998 0.0148084 
3860000 4489 999.835 5265506.086 2205.549 3.8938 0 0 0 0.0002886 0.0028864 0.0075435 0.0164089 
3870000 4499 999.865 5287276.762 2199.58 3.8884 0 0 0 0.0002791 0.0027909 0.0073916 0.0223893 
3880000 4509 999.89 5307324.677 2162.238 3.8989 0 0 0 0.0002785 0.0027851 0.0074409 0.0171251 
3890000 4519 999.91 5327399.253 2133.284 3.9025 0 0 0 0.0002803 0.0028027 0.0073515 0.021197 
3900000 4529 999.926 5347608.989 2114.008 3.9034 0 0 0 0.0002787 0.002787 0.0073901 0.0126965 
3910000 4539 999.94 5369126.973 2122.392 3.8996 0 0 0 0.0002742 0.0027418 0.0072088 0.0191348 
3920000 4549 999.951 5390066.084 2111.875 3.8982 0 0 0 0.0002788 0.0027877 0.007229 0.0218562 
3930000 4559 999.96 5409792.576 2083.313 3.9034 0 0 0 0.0002767 0.002767 0.0072418 0.0200644 
3940000 4569 999.967 5430013.312 2073.68 3.9013 0 0 0 0.0002769 0.0027695 0.0072268 0.02015 
3950000 4579 999.973 5452388.1 2107.124 3.8985 0 0 0 0.0002732 0.0027321 0.0072036 0.0113505 
3960000 4589 999.978 5471801.063 2078.628 3.8973 0 0 0 0.0002773 0.0027734 0.0072225 0.0135745 
3970000 4599 999.982 5492713.225 2078.283 3.8964 0 0 0 0.0002701 0.0027007 0.0070645 0.0082372 
3980000 4609 999.985 5512638.36 2082.436 3.8961 0 0 0 0.0002711 0.0027111 0.006922 0.0216535 
3990000 4619 999.988 5535253.603 2094.966 3.9003 0 0 0 0.0002661 0.0026608 0.0069124 0.0154616 
4000000 4629 999.99 5554784.236 2073.159 3.8985 0 0 0 0.0002666 0.0026659 0.0070326 0.0104745 
