10000 10 182.927 -13198.456 -241.157 0.1851 0 0 0 0.0 0.0 
20000 20 332.392 -26282.232 -436.933 0.3366 0 0 0 0.0 0.0 
30000 30 454.516 -39405.366 -596.785 5.1688 0 0 0 0.0002078 0.0020776 
40000 40 554.3 -52636.853 -730.172 9.1238 0 0 0 0.0001662 0.0016623 
50000 50 635.83 -65758.329 -834.686 12.4083 0 0 0 0.0001692 0.0016915 
60000 60 702.447 -77293.538 -892.446 15.155 0 0 0 0.0001505 0.0015052 
70000 70 756.877 -88603.749 -935.369 17.2086 0 0 0 0.0001406 0.0014065 
80000 80 801.351 -102005.06 -1009.045 18.919 0 0 0 0.0001495 0.0014952 
90000 90 837.689 -114548.53 -1054.428 20.3945 0 0 0 0.0001735 0.0017354 
100000 100 867.38 -121592.011 -985.772 21.5905 0 0 0 0.0001781 0.0017814 
110000 110 891.64 -131186.14 -982.274 22.4245 0 0 0 0.0001883 0.0018829 
120000 120 911.462 -141218.965 -986.558 23.0967 0 0 0 0.000202 0.0020198 
130000 130 927.658 -153363.754 -1026.48 23.7084 0 0 0 0.0001997 0.0019975 
140000 140 940.891 -163124.239 -1017.95 24.1945 0 0 0 0.0002019 0.0020187 
150000 150 951.704 -171871.62 -990.747 24.512 0 0 0 0.0001955 0.0019546 
160000 160 960.539 -180202.447 -961.265 24.831 0 0 0 0.0002059 0.0020589 
170000 170 967.757 -183191.766 -837.638 25.02 0 0 0 0.0002249 0.002249 
180000 180 973.655 -185408.928 -724.758 25.3009 0 0 0 0.0002381 0.0023807 
190000 190 978.474 -187170.182 -623.695 25.53 0 0 0 0.0002557 0.002557 
200000 200 982.412 -188629.168 -536.494 25.6409 0 0 0 0.0002412 0.0024118 
210000 210 985.629 -193312.738 -523.196 25.7703 0 0 0 0.0002098 0.0020978 
220000 220 988.258 -195392.48 -460.413 25.8457 0 0 0 0.0001814 0.0018135 
230000 230 990.406 -197159.017 -408.622 25.9237 0 0 0 0.0001576 0.0015759 
240000 240 992.161 -194950.124 -293.445 26.1294 0 0 0 0.0001426 0.0014263 
250000 250 993.595 -193326.668 -210.809 26.232 0 0 0 0.000145 0.0014496 
260000 260 994.767 -190017.994 -110.522 26.2344 0 0 0 0.0001261 0.0012605 
270000 270 995.724 -185748.984 -12.16 26.3338 0 0 0 0.0001082 0.0010824 
280000 280 996.506 -180799.431 81.064 26.396 0 0 0 0.0001002 0.0010022 
290000 290 997.145 -175069.373 170.795 26.3448 0 0 0 9.3e-05 0.0009302 
300000 300 997.667 -172036.192 194.827 26.3527 0 0 0 8.51e-05 0.0008506 
310000 310 998.094 -170315.493 188.235 26.3038 0 0 0 8.72e-05 0.0008717 
320000 320 998.443 -168954.281 177.902 26.3308 0 0 0 9.44e-05 0.0009436 
330000 330 998.728 -165108.481 218.123 26.3548 0 0 0 8.34e-05 0.0008335 
340000 340 998.96 -172496.904 44.664 26.3863 0 0 0 7.95e-05 0.0007954 
350000 350 999.151 -169684.893 90.578 26.3025 0 0 0 7.8e-05 0.00078 
360000 360 999.306 -164160.669 175.228 26.2889 0 0 0 7.78e-05 0.0007784 
370000 370 999.433 -159337.502 231.166 26.3625 0 0 0 6.56e-05 0.0006558 
380000 380 999.537 -154160.118 284.175 26.3089 0 0 0 5.8e-05 0.0005796 
390000 390 999.621 -148838.171 329.409 26.2704 0 0 0 5.03e-05 0.000503 
400000 400 999.691 -144542.401 347.373 26.2872 0 0 0 5.18e-05 0.0005182 
410000 410 999.747 -139979.045 367.874 26.2427 0 0 0 5.17e-05 0.000517 
420000 420 999.793 -135906.68 374.5 26.1259 0 0 0 5.38e-05 0.0005377 
430000 430 999.831 -132195.779 373.747 26.0473 0 0 0 5.77e-05 0.0005769 
440000 440 999.862 -126705.089 405.72 26.0035 0 0 0 5.5e-05 0.00055 
450000 450 999.887 -122760.182 404.418 26.0264 0 0 0 5.42e-05 0.000542 
460000 460 999.908 -117464.977 427.45 26.1486 0 0 0 5.49e-05 0.0005486 
470000 470 999.925 -111876.467 450.637 26.0757 0 0 0 5.14e-05 0.0005142 
480000 480 999.939 -105839.374 478.296 26.0405 0 0 0 5.41e-05 0.000541 
490000 490 999.95 -100075.502 495.946 25.9882 0 0 0 4.96e-05 0.000496 
500000 500 999.959 -94705.868 503.304 26.0541 0 0 0 5.08e-05 0.0005084 
510000 510 999.966 -88879.624 517.551 26.1021 0 0 0 5.14e-05 0.0005137 
520000 520 999.973 -83201.502 526.687 26.0531 0 0 0 4.62e-05 0.0004616 
530000 530 999.978 -81204.102 463.391 25.991 0 0 0 4.64e-05 0.0004636 
540000 540 999.982 -76300.986 468.279 26.0077 0 0 0 4.21e-05 0.0004205 
550000 550 999.985 -70240.272 493.573 25.9606 0 0 0 4.06e-05 0.0004063 
560000 560 999.988 -65365.858 491.531 26.0227 0 0 0 4.45e-05 0.0004453 
570000 570 999.99 -58970.805 518.641 26.1044 0 0 0 4.1e-05 0.0004099 
580000 580 999.992 -53040.786 531.956 26.1113 0 0 0 4.3e-05 0.00043 
590000 590 999.993 -47738.495 531.552 26.0667 0 0 0 4.07e-05 0.000407 
600000 600 999.995 -42627.507 528.303 26.0552 0 0 0 3.68e-05 0.0003682 
610000 610 999.996 -36655.842 540.931 26.0508 0 0 0 3.44e-05 0.0003445 
620000 620 999.996 -32181.129 523.014 26.0213 0 0 0 3.22e-05 0.0003216 
630000 630 999.997 -29061.27 485.617 26.0171 0 0 0 3.27e-05 0.000327 
640000 640 999.998 -26774.355 442.135 26.0019 0 0 0 2.81e-05 0.0002813 
650000 650 999.998 -23943.326 416.061 25.9772 0 0 0 2.75e-05 0.0002752 
660000 660 999.998 -18961.256 431.035 26.0095 0 0 0 2.83e-05 0.000283 
670000 670 999.999 -12528.272 469.757 26.007 0 0 0 2.39e-05 0.0002395 
680000 680 999.999 -8564.264 457.36 26.4949 0 0 0 2.59e-05 0.0002589 
690000 690 999.999 -2597.077 483.057 26.5581 0 0 0 2.59e-05 0.0002592 
700000 700 999.999 3639.979 508.576 26.6386 0 0 0 2.31e-05 0.0002315 
710000 710 999.999 8930.962 511.015 26.7428 0 0 0 2.59e-05 0.0002586 
720000 720 1000.0 15670.279 541.052 26.8725 0 0 0 2.34e-05 0.0002344 
730000 730 1000.0 21745.502 553.316 27.0384 0 0 0 2.62e-05 0.0002621 
740000 740 1000.0 28301.546 572.012 27.1174 0 0 0 2.86e-05 0.0002863 
750000 750 1000.0 34210.573 575.261 27.1295 0 0 0 2.5e-05 0.0002504 
760000 760 1000.0 39743.869 571.459 27.1358 0 0 0 2.44e-05 0.0002435 
770000 770 1000.0 44077.949 545.645 27.0713 0 0 0 2.28e-05 0.0002276 
780000 780 1000.0 50030.3 554.763 27.2345 0 0 0 2.38e-05 0.0002382 
790000 790 1000.0 55816.568 559.567 27.2392 0 0 0 2.78e-05 0.0002784 
800000 800 1000.0 62072.566 571.45 27.3465 0 0 0 2.81e-05 0.0002815 
810000 810 1000.0 68515.349 584.927 27.3137 0 0 0 2.78e-05 0.000278 
820000 820 1000.0 74807.401 593.375 27.2879 0 0 0 3.43e-05 0.0003428 
830000 830 1000.0 81556.437 608.302 27.3965 0 0 0 3.15e-05 0.0003147 
840000 840 1000.0 88044.11 615.682 27.4218 0 0 0 3.2e-05 0.0003205 
850000 850 1000.0 94320.007 617.44 27.4381 0 0 0 2.99e-05 0.0002994 
860000 860 1000.0 100539.598 617.582 27.3975 0 0 0 3.01e-05 0.0003005 
870000 870 1000.0 106835.097 619.748 27.3507 0 0 0 2.92e-05 0.0002923 
880000 880 1000.0 112730.072 613.819 27.3753 0 0 0 3.21e-05 0.0003209 
890000 890 1000.0 117803.755 596.231 27.4596 0 0 0 3.69e-05 0.0003691 
900000 900 1000.0 124955.356 617.772 27.4487 0 0 0 3.83e-05 0.0003826 
910000 910 1000.0 131754.619 629.79 27.4291 0 0 0 3.57e-05 0.0003568 
920000 920 1000.0 139091.754 648.736 27.3999 0 0 0 3.73e-05 0.0003731 
930000 930 1000.0 146569.469 667.158 27.4234 0 0 0 3.63e-05 0.0003626 
940000 940 1000.0 154513.036 690.435 27.3703 0 0 0 3.75e-05 0.0003748 
950000 950 1000.0 162665.21 713.187 27.4119 0 0 0 3.79e-05 0.0003792 
960000 960 1000.0 170195.91 720.261 27.4533 0 0 0 3.76e-05 0.000376 
970000 970 1000.0 177550.243 723.1 27.499 0 0 0 4.24e-05 0.0004237 
980000 980 1000.0 184798.948 723.528 27.3721 0 0 0 4.42e-05 0.0004419 
990000 990 1000.0 191693.97 717.331 27.3246 0 0 0 4.46e-05 0.0004459 
1000000 1000 1000.0 198948.928 718.806 27.2491 0 0 0 4.39e-05 0.0004391 
1010000 1010 1000.0 205795.086 712.201 27.2212 0 0 0 4.55e-05 0.0004547 
1020000 1020 1000.0 212432.048 704.073 27.1941 0 0 0 4.66e-05 0.0004661 
1030000 1030 1000.0 219715.474 708.273 27.132 0 0 0 4.63e-05 0.0004634 
1040000 1040 1000.0 226610.959 704.915 27.0907 0 0 0 4.81e-05 0.0004811 
1050000 1050 1000.0 233103.681 694.417 27.0332 0 0 0 5.11e-05 0.0005107 
1060000 1060 1000.0 241049.095 713.287 26.9678 0 0 0 5.03e-05 0.0005035 
1070000 1070 1000.0 249364.786 734.228 26.8834 0 0 0 4.91e-05 0.0004913 
1080000 1080 1000.0 257848.47 755.56 26.8423 0 0 0 5.12e-05 0.0005117 
1090000 1090 1000.0 266613.737 777.542 26.724 0 0 0 5.09e-05 0.0005089 
1100000 1100 1000.0 275787.188 802.868 26.7341 0 0 0 4.82e-05 0.0004815 
1110000 1110 1000.0 283867.386 803.546 26.6468 0 0 0 5.1e-05 0.0005095 
1120000 1120 1000.0 292797.18 820.064 26.6032 0 0 0 4.99e-05 0.000499 
1130000 1130 1000.0 300992.062 819.018 26.4382 0 0 0 4.96e-05 0.0004962 
1140000 1140 1000.0 309371.029 821.94 26.4439 0 0 0 5.16e-05 0.0005164 
1150000 1150 1000.0 317054.282 811.709 26.3724 0 0 0 5.3e-05 0.0005305 
1160000 1160 1000.0 323938.264 789.286 26.3102 0 0 0 4.91e-05 0.0004914 
1170000 1170 1000.0 332313.676 798.672 26.2174 0 0 0 4.78e-05 0.000478 
1180000 1180 1000.0 340511.622 802.451 26.2329 0 0 0 4.77e-05 0.000477 
1190000 1190 1000.0 348251.355 797.388 26.2489 0 0 0 4.57e-05 0.0004574 
1200000 1200 1000.0 357268.909 816.424 26.258 0 0 0 4.7e-05 0.0004697 
1210000 1210 1000.0 365947.7 826.228 26.1879 0 0 0 4.46e-05 0.0004458 
1220000 1220 1000.0 375466.796 849.252 26.2202 0 0 0 4.54e-05 0.0004539 
1230000 1230 1000.0 384850.521 865.553 26.2036 0 0 0 4.43e-05 0.0004435 
1240000 1240 1000.0 392075.688 839.567 26.1711 0 0 0 4.41e-05 0.000441 
1250000 1250 1000.0 399652.705 824.713 26.133 0 0 0 4.15e-05 0.0004148 
1260000 1260 1000.0 405133.646 770.999 26.0872 0 0 0 4.26e-05 0.0004259 
1270000 1270 1000.0 411453.759 745.49 26.0342 0 0 0 4.27e-05 0.0004271 
1280000 1280 1000.0 420964.75 783.104 26.1441 0 0 0 4.27e-05 0.0004269 
1290000 1290 1000.0 431319.947 828.915 26.0946 0 0 0 4.17e-05 0.0004169 
1300000 1300 1000.0 441191.927 858.09 26.11 0 0 0 3.94e-05 0.0003944 
1310000 1310 1000.0 450509.378 871.924 26.1006 0 0 0 4e-05 0.0004003 
1320000 1320 1000.0 460122.497 886.873 26.0965 0 0 0 3.96e-05 0.0003958 
1330000 1330 1000.0 469517.037 895.986 26.0843 0 0 0 3.83e-05 0.0003827 
1340000 1340 1000.0 479968.482 924.304 26.1178 0 0 0 4.01e-05 0.0004006 
1350000 1350 1000.0 492144.754 978.28 26.0258 0 0 0 4.11e-05 0.0004115 
1360000 1360 1000.0 503007.938 998.077 25.9925 0 0 0 4.57e-05 0.000457 
1370000 1370 1000.0 513592.589 1010.02 26.0789 0 0 0 4.37e-05 0.0004371 
1380000 1380 1000.0 524948.379 1033.65 24.7509 0 0 0 4.3e-05 0.00043 
1390000 1390 1000.0 535846.042 1043.271 25.0605 0 0 0 4.59e-05 0.0004586 
1400000 1400 1000.0 547127.627 1058.771 24.9529 0 0 0 4.69e-05 0.0004692 
1410000 1410 1000.0 557071.929 1047.282 25.1688 0 0 0 4.49e-05 0.0004487 
1420000 1420 1000.0 567902.823 1054.493 25.361 0 0 0 5.01e-05 0.0005007 
1430000 1430 1000.0 579098.064 1066.249 25.4172 0 0 0 4.85e-05 0.0004852 
1440000 1440 1000.0 590488.518 1079.837 25.6012 0 0 0 4.8e-05 0.0004798 
1450000 1450 1000.0 602768.411 1106.779 25.6505 0 0 0 4.79e-05 0.0004789 
1460000 1460 1000.0 613172.759 1094.21 25.6344 0 0 0 5.03e-05 0.0005032 
1470000 1470 1000.0 623862.311 1089.12 25.7052 0 0 0 5.01e-05 0.0005014 
1480000 1480 1000.0 636441.035 1120.542 25.7823 0 0 0 4.8e-05 0.0004802 
1490000 1490 1000.0 648825.915 1142.318 25.8165 0 0 0 4.77e-05 0.0004768 
1500000 1500 1000.0 662477.989 1183.52 25.8077 0 0 0 4.88e-05 0.0004885 
1510000 1510 1000.0 676555.211 1224.888 25.857 0 0 0 4.83e-05 0.0004834 
1520000 1520 1000.0 690138.411 1249.911 25.8199 0 0 0 4.91e-05 0.000491 
1530000 1530 1000.0 703568.201 1266.929 25.8781 0 0 0 4.64e-05 0.0004637 
1540000 1540 1000.0 716807.578 1278.318 25.8827 0 0 0 4.67e-05 0.0004666 
1550000 1550 1000.0 730603.273 1297.52 25.7724 0 0 0 4.8e-05 0.0004796 
1560000 1560 1000.0 745339.094 1329.534 26.4706 0 0 0 4.36e-05 0.0004356 
1570000 1570 1000.0 760664.108 1366.161 26.6398 0 0 0 4.38e-05 0.0004378 
1580000 1580 1000.0 777103.711 1417.165 26.7615 0 0 0 4.27e-05 0.0004274 
1590000 1590 1000.0 793539.898 1458.164 26.7974 0 0 0 4.05e-05 0.0004054 
1600000 1600 1000.0 807598.974 1447.363 26.8899 0 0 0 4.19e-05 0.0004187 
1610000 1610 1000.0 820717.963 1422.017 27.0174 0 0 0 4.05e-05 0.0004047 
1620000 1620 1000.0 835084.133 1426.031 27.124 0 0 0 3.99e-05 0.0003987 
1630000 1630 1000.0 849008.991 1419.254 27.1143 0 0 0 3.92e-05 0.0003923 
1640000 1640 1000.0 861859.925 1393.795 27.1546 0 0 0 3.68e-05 0.0003681 
1650000 1650 1000.0 874912.259 1377.527 27.1632 0 0 0 3.6e-05 0.0003604 
1660000 1660 1000.0 886902.615 1345.149 27.2208 0 0 0 3.62e-05 0.0003622 
1670000 1670 1000.0 900320.062 1344.837 27.2639 0 0 0 3.79e-05 0.0003793 
1680000 1680 1000.0 913943.228 1348.281 27.2801 0 0 0 3.59e-05 0.0003585 
1690000 1690 1000.0 927513.142 1350.3 27.2237 0 0 0 3.73e-05 0.0003732 
1700000 1700 1000.0 942518.097 1378.514 27.2557 0 0 0 3.73e-05 0.0003735 
1710000 1710 1000.0 958346.077 1416.863 27.3391 0 0 0 3.74e-05 0.0003738 
1720000 1720 1000.0 975345.669 1468.684 27.3883 0 0 0 3.73e-05 0.0003727 
1730000 1730 1000.0 993096.612 1524.907 27.479 0 0 0 3.81e-05 0.0003807 
1740000 1740 1000.0 1010153.022 1557.316 27.5359 0 0 0 3.83e-05 0.0003832 
1750000 1750 1000.0 1026923.568 1578.966 27.524 0 0 0 3.98e-05 0.0003982 
1760000 1760 1000.0 1042609.52 1576.666 27.5446 0 0 0 4.05e-05 0.0004048 
1770000 1770 1000.0 1057759.032 1566.527 24.4271 0 0 0 4.18e-05 0.0004179 
1780000 1780 1000.0 1075533.211 1604.631 21.2424 0 0 0 4.07e-05 0.0004072 
1790000 1790 1000.0 1091857.807 1610.155 18.6532 0 0 0 4.24e-05 0.0004238 
1800000 1800 1000.0 1108216.526 1615.454 16.5281 0 0 0 4.27e-05 0.0004272 
1810000 1810 1000.0 1125514.869 1636.867 14.7804 0 0 0 4.2e-05 0.0004198 
1820000 1820 1000.0 1143401.19 1664.553 13.3694 0 0 0 4.04e-05 0.0004041 
1830000 1830 1000.0 1161370.384 1688.735 12.2033 0 0 0 4.14e-05 0.000414 
1840000 1840 1000.0 1179298.465 1707.432 11.2253 0 0 0 4.16e-05 0.0004157 
1850000 1850 1000.0 1197213.504 1723.023 10.969 0 0 0 3.72e-05 0.000372 
1860000 1860 1000.0 1214504.499 1724.712 13.0064 0 0 0 3.64e-05 0.0003644 
1870000 1870 1000.0 1232417.593 1736.795 15.6323 0 0 0 3.62e-05 0.000362 
1880000 1880 1000.0 1249601.973 1733.457 17.6688 0 0 0 3.58e-05 0.0003579 
1890000 1890 1000.0 1265845.227 1712.98 14.9783 0 0 0 3.46e-05 0.0003465 
1900000 1900 1000.0 1282514.132 1704.743 12.7786 0 0 0 3.56e-05 0.0003556 
1910000 1910 1000.0 1299128.8 1697.436 10.9753 0 0 0 3.44e-05 0.0003436 
1920000 1920 1000.0 1315358.751 1683.601 9.4998 0 0 0 3.5e-05 0.00035 
1930000 1930 1000.0 1331004.253 1662.073 8.2905 0 0 0 3.69e-05 0.0003694 
1940000 1940 1000.0 1347337.804 1657.087 7.31 0 0 0 3.67e-05 0.0003673 
1950000 1950 1000.0 1364294.165 1663.972 6.5119 0 0 0 3.5e-05 0.0003498 
1960000 1960 1000.0 1381095.148 1666.916 5.859 0 0 0 3.37e-05 0.0003372 
1970000 1970 1000.0 1399646.955 1701.922 5.3458 0 0 0 3.36e-05 0.0003357 
1980000 1980 1000.0 1418383.639 1733.196 4.9238 0 0 0 3.31e-05 0.0003314 
1990000 1990 1000.0 1435914.23 1736.391 4.5591 0 0 0 3.3e-05 0.0003299 
2000000 2000 1000.0 1453415.971 1738.952 4.2686 0 0 0 3.19e-05 0.0003187 
2010000 2010 1000.0 1470284.221 1729.608 4.0212 0 0 0 3.2e-05 0.0003205 
2020000 2020 1000.0 1487174.783 1722.773 3.8147 0 0 0 3.26e-05 0.0003261 
2030000 2030 1000.0 1503260.125 1702.068 3.642 0 0 0 3.25e-05 0.0003249 
2040000 2040 1000.0 1520227.636 1700.889 3.5184 0 0 0 3.28e-05 0.0003276 
2050000 2050 1000.0 1537781.445 1710.53 3.3997 0 0 0 3.48e-05 0.000348 
2060000 2060 1000.0 1555110.98 1714.15 3.311 0 0 0 3.23e-05 0.000323 
2070000 2070 1000.0 1572577.318 1720.977 3.2378 0 0 0 3.37e-05 0.0003369 
2080000 2080 1000.0 1589852.439 1722.485 3.1948 0 0 0 3.39e-05 0.0003392 
2090000 2090 1000.0 1607386.534 1728.437 3.1645 0 0 0 3.28e-05 0.0003277 
2100000 2100 1000.0 1624404.448 1723.269 3.1391 0 0 0 3.22e-05 0.0003218 
2110000 2110 1000.0 1641343.252 1718.206 3.1207 0 0 0 3.22e-05 0.0003216 
2120000 2120 1000.0 1659042.438 1728.099 3.0779 0 0 0 3.15e-05 0.0003147 
2130000 2130 1000.0 1676260.707 1726.598 3.0394 0 0 0 3.14e-05 0.0003141 
2140000 2140 1000.0 1693579.191 1728.082 3.0099 0 0 0 3.01e-05 0.0003005 
2150000 2150 1000.0 1709801.727 1708.439 3.001 0 0 0 2.86e-05 0.0002862 
2160000 2160 1000.0 1726819.704 1706.786 2.9872 0 0 0 2.94e-05 0.0002944 
2170000 2170 1000.0 1743523.369 1700.215 2.9735 0 0 0 3.04e-05 0.0003039 
2180000 2180 1000.0 1761108.512 1711.195 2.9585 0 0 0 2.95e-05 0.0002955 
2190000 2190 1000.0 1779480.639 1733.631 2.9529 0 0 0 2.86e-05 0.0002862 
2200000 2200 1000.0 1797225.234 1740.435 2.9421 0 0 0 2.97e-05 0.0002971 
2210000 2210 1000.0 1816293.236 1771.03 2.9353 0 0 0 3e-05 0.0003004 
2220000 2220 1000.0 1834794.023 1785.662 2.9286 0 0 0 2.98e-05 0.0002977 
2230000 2230 1000.0 1853430.641 1799.659 2.9358 0 0 0 2.93e-05 0.0002928 
2240000 2240 1000.0 1871906.572 1808.682 2.942 0 0 0 2.85e-05 0.0002849 
2250000 2250 1000.0 1890537.521 1817.893 2.9468 0 0 0 2.81e-05 0.000281 
2260000 2260 1000.0 1908825.474 1819.295 2.9495 0 0 0 2.91e-05 0.000291 
2270000 2270 1000.0 1928129.7 1840.173 2.9277 0 0 0 2.8e-05 0.0002798 
2280000 2280 1000.0 1947998.731 1866.616 2.8921 0 0 0 2.85e-05 0.0002847 
2290000 2290 1000.0 1967163.633 1876.018 2.9088 0 0 0 2.9e-05 0.0002897 
2300000 2300 1000.0 1986098.959 1879.561 2.9284 0 0 0 2.91e-05 0.0002905 
2310000 2310 1000.0 2005391.538 1887.617 2.9448 0 0 0 2.83e-05 0.0002834 
2320000 2320 1000.0 2024185.916 1885.802 2.957 0 0 0 2.87e-05 0.000287 
2330000 2330 1000.0 2043281.711 1890.029 2.9638 0 0 0 3.07e-05 0.0003068 
2340000 2340 1000.0 2062928.976 1903.128 2.9487 0 0 0 2.9e-05 0.00029 
2350000 2350 1000.0 2081680.953 1897.993 2.9345 0 0 0 3.14e-05 0.0003143 
2360000 2360 1000.0 2099851.151 1883.696 2.941 0 0 0 3.05e-05 0.0003049 
2370000 2370 1000.0 2117192.944 1855.66 2.9242 0 0 0 3.48e-05 0.0003483 
2380000 2380 1000.0 2136713.825 1873.032 2.9238 0 0 0 3.36e-05 0.0003355 
2390000 2390 1000.0 2154595.503 1859.493 2.9272 0 0 0 3.74e-05 0.0003745 
2400000 2400 1000.0 2174346.094 1881.539 2.9425 0 0 0 3.61e-05 0.0003609 
2410000 2410 1000.0 2193760.385 1892.801 2.9557 0 0 0 3.71e-05 0.0003712 
2420000 2420 1000.0 2213228.071 1901.94 2.9758 0 0 0 3.69e-05 0.0003689 
2430000 2430 1000.0 2230684.725 1874.752 2.9724 0 0 0 4e-05 0.0004003 
2440000 2440 1000.0 2249293.047 1871.222 2.965 0 0 0 3.96e-05 0.0003962 
2450000 2450 1000.0 2266936.315 1851.512 2.9608 0 0 0 3.98e-05 0.0003984 
2460000 2460 1000.0 2284841.49 1840.564 2.9524 0 0 0 4.01e-05 0.0004012 
2470000 2470 1000.0 2303155.697 1838.7 2.9525 0 0 0 4.16e-05 0.0004163 
2480000 2480 1000.0 2320588.723 1821.421 2.9546 0 0 0 3.92e-05 0.0003916 
2490000 2490 1000.0 2337610.213 1798.731 2.9532 0 0 0 3.95e-05 0.0003947 
2500000 2500 1000.0 2354452.707 1777.831 2.9444 0 0 0 4.18e-05 0.0004177 
2510000 2510 1000.0 2372975.111 1791.775 2.9426 0 0 0 4.26e-05 0.0004262 
2520000 2520 1000.0 2391275.868 1797.769 2.9425 0 0 0 4.24e-05 0.000424 
2530000 2530 1000.0 2409108.741 1794.698 2.9434 0 0 0 4.17e-05 0.000417 
2540000 2540 1000.0 2427372.105 1800.359 2.9448 0 0 0 4.22e-05 0.000422 
2550000 2550 1000.0 2445997.069 1812.444 2.9227 0 0 0 4.46e-05 0.000446 
2560000 2560 1000.0 2465022.139 1828.492 2.9329 0 0 0 4.16e-05 0.0004159 
2570000 2570 1000.0 2485080.303 1860.875 2.9186 0 0 0 3.95e-05 0.0003946 
2580000 2580 1000.0 2505676.401 1898.532 2.9181 0 0 0 3.88e-05 0.0003883 
2590000 2590 1000.0 2526325.737 1928.976 2.9236 0 0 0 4e-05 0.0004 
2600000 2600 1000.0 2547733.252 1967.434 2.9226 0 0 0 4.03e-05 0.0004031 
2610000 2610 1000.0 2567302.38 1965.818 2.9231 0 0 0 3.95e-05 0.0003949 
2620000 2620 1000.0 2587007.074 1966.34 2.9298 0 0 0 3.97e-05 0.0003969 
2630000 2630 1000.0 2607821.983 1987.469 2.9353 0 0 0 3.77e-05 0.0003774 
2640000 2640 1000.0 2628468.949 2001.476 2.9272 0 0 0 3.66e-05 0.0003662 
2650000 2650 1000.0 2649460.808 2019.76 2.9195 0 0 0 3.67e-05 0.0003669 
2660000 2660 1000.0 2670577.35 2037.046 2.9167 0 0 0 3.53e-05 0.000353 
2670000 2670 1000.0 2692479.761 2064.527 2.914 0 0 0 3.73e-05 0.0003735 
2680000 2680 1000.0 2714487.336 2088.977 2.9036 0 0 0 3.56e-05 0.0003559 
2690000 2690 1000.0 2735835.583 2097.553 2.8995 0 0 0 3.39e-05 0.0003387 
2700000 2700 1000.0 2757337.324 2106.59 2.903 0 0 0 3.36e-05 0.0003358 
2710000 2710 1000.0 2777519.121 2090.844 2.916 0 0 0 3.24e-05 0.0003243 
2720000 2720 1000.0 2796653.737 2059.634 2.9082 0 0 0 3.34e-05 0.0003338 
2730000 2730 1000.0 2816752.773 2050.732 2.928 0 0 0 3.3e-05 0.0003299 
2740000 2740 1000.0 2836415.298 2034.058 2.9451 0 0 0 3.27e-05 0.0003272 
2750000 2750 1000.0 2856550.541 2032.116 2.9583 0 0 0 3.35e-05 0.0003353 
2760000 2760 1000.0 2876007.809 2015.831 2.9732 0 0 0 3.35e-05 0.000335 
2770000 2770 1000.0 2896065.598 2013.294 2.9821 0 0 0 3.56e-05 0.0003556 
2780000 2780 1000.0 2916847.431 2024.992 2.9887 0 0 0 3.48e-05 0.0003479 
2790000 2790 1000.0 2936903.071 2022.57 2.9983 0 0 0 3.53e-05 0.0003526 
2800000 2800 1000.0 2958120.855 2040.212 3.0034 0 0 0 3.46e-05 0.0003458 
2810000 2810 1000.0 2979320.137 2054.846 2.9975 0 0 0 3.45e-05 0.0003452 
2820000 2820 1000.0 3000275.319 2061.904 2.9922 0 0 0 3.37e-05 0.0003365 
2830000 2830 1000.0 3021243.466 2068.009 2.9888 0 0 0 3.44e-05 0.0003441 
2840000 2840 1000.0 3042463.214 2077.251 2.9874 0 0 0 3.48e-05 0.000348 
2850000 2850 1000.0 3060469.862 2027.64 2.9941 0 0 0 3.48e-05 0.0003475 
2860000 2860 1000.0 3078128.072 1978.839 3.0051 0 0 0 3.59e-05 0.0003587 
2870000 2870 1000.0 3096547.286 1954.47 3.0109 0 0 0 3.63e-05 0.0003627 
2880000 2880 1000.0 3117160.907 1974.309 3.0185 0 0 0 3.79e-05 0.000379 
2890000 2890 1000.0 3136897.549 1973.875 3.0241 0 0 0 3.93e-05 0.0003926 
2900000 2900 1000.0 3157435.407 1987.991 3.0287 0 0 0 3.87e-05 0.0003867 
2910000 2910 1000.0 3178418.085 2009.234 3.0331 0 0 0 3.86e-05 0.0003858 
2920000 2920 1000.0 3199134.656 2021.306 3.0285 0 0 0 3.94e-05 0.0003943 
2930000 2930 1000.0 3220127.843 2035.921 3.0258 0 0 0 3.89e-05 0.0003892 
2940000 2940 1000.0 3240418.976 2034.599 3.0293 0 0 0 3.92e-05 0.000392 
2950000 2950 1000.0 3262005.664 2058.536 3.0284 0 0 0 4.02e-05 0.0004019 
2960000 2960 1000.0 3283026.196 2066.137 3.0254 0 0 0 3.89e-05 0.0003895 
2970000 2970 1000.0 3303399.205 2060.534 3.0205 0 0 0 3.95e-05 0.0003948 
2980000 2980 1000.0 3323942.386 2059.864 3.0105 0 0 0 3.89e-05 0.0003891 
2990000 2990 1000.0 3344785.204 2064.08 3.0002 0 0 0 3.88e-05 0.0003885 
3000000 3000 1000.0 3364918.697 2053.637 2.9967 0 0 0 3.94e-05 0.000394 
3010000 3010 1000.0 3387090.854 2084.074 2.9872 0 0 0 3.94e-05 0.0003938 
3020000 3020 1000.0 3408681.263 2097.714 2.9757 0 0 0 3.98e-05 0.0003984 
3030000 3030 1000.0 3429481.611 2093.988 2.9633 0 0 0 3.89e-05 0.0003895 
3040000 3040 1000.0 3451073.31 2106.515 2.9545 0 0 0 4.25e-05 0.0004245 
3050000 3050 1000.0 3471711.867 2098.533 2.9437 0 0 0 4.02e-05 0.000402 
3060000 3060 1000.0 3493092.271 2105.941 2.9299 0 0 0 3.91e-05 0.000391 
3070000 3070 1000.0 3514265.102 2107.924 2.9314 0 0 0 3.81e-05 0.0003807 
3080000 3080 1000.0 3536149.849 2122.492 2.9401 0 0 0 3.68e-05 0.0003677 
3090000 3090 1000.0 3555903.388 2094.631 2.955 0 0 0 3.57e-05 0.0003571 
3100000 3100 1000.0 3573847.064 2041.238 2.9681 0 0 0 3.82e-05 0.0003818 
3110000 3110 1000.0 3593445.681 2026.862 2.9765 0 0 0 3.77e-05 0.0003767 
3120000 3120 1000.0 3613251.566 2018.908 2.9646 0 0 0 3.65e-05 0.0003646 
3130000 3130 1000.0 3634191.509 2032.557 2.9508 0 0 0 3.75e-05 0.0003748 
3140000 3140 1000.0 3654372.555 2029.536 2.9398 0 0 0 3.59e-05 0.0003592 
3150000 3150 1000.0 3671173.272 1964.049 2.9334 0 0 0 3.78e-05 0.0003785 
3160000 3160 1000.0 3688819.647 1930.853 2.9244 0 0 0 3.59e-05 0.0003586 
3170000 3170 1000.0 3707447.65 1919.309 2.9311 0 0 0 3.95e-05 0.0003953 
3180000 3180 1000.0 3727279.516 1930.908 2.9291 0 0 0 3.93e-05 0.000393 
3190000 3190 1000.0 3748333.56 1963.211 2.9341 0 0 0 3.97e-05 0.0003974 
3200000 3200 1000.0 3770238.88 2004.05 2.947 0 0 0 3.94e-05 0.0003937 
3210000 3210 1000.0 3792052.769 2036.554 2.9665 0 0 0 3.82e-05 0.0003823 
3220000 3220 1000.0 3812434.854 2036.501 2.9671 0 0 0 3.91e-05 0.0003909 
3230000 3230 1000.0 3833124.207 2041.813 2.9729 0 0 0 3.92e-05 0.0003921 
3240000 3240 1000.0 3852777.605 2025.965 2.9761 0 0 0 3.97e-05 0.0003967 
3250000 3250 1000.0 3870927.526 1987.134 2.9849 0 0 0 4e-05 0.0003997 
3260000 3260 1000.0 3890481.937 1982.874 2.9954 0 0 0 4.14e-05 0.000414 
3270000 3270 1000.0 3910996.136 1995.127 2.9911 0 0 0 4.17e-05 0.0004166 
3280000 3280 1000.0 3930227.389 1981.762 2.9944 0 0 0 4.36e-05 0.000436 
3290000 3290 1000.0 3949321.408 1968.422 2.9983 0 0 0 4.27e-05 0.0004265 
3300000 3300 1000.0 3968295.207 1955.547 3.0019 0 0 0 4.48e-05 0.0004483 
3310000 3310 1000.0 3986783.814 1936.712 3.0049 0 0 0 4.42e-05 0.0004424 
3320000 3320 1000.0 4005976.271 1932.965 3.0099 0 0 0 4.38e-05 0.0004385 
3330000 3330 1000.0 4025094.54 1929.616 3.0125 0 0 0 4.57e-05 0.0004565 
3340000 3340 1000.0 4044312.701 1928.145 3.0182 0 0 0 4.6e-05 0.0004595 
3350000 3350 1000.0 4061638.195 1891.737 3.022 0 0 0 4.5e-05 0.0004501 
3360000 3360 1000.0 4079645.346 1875.33 3.0184 0 0 0 4.6e-05 0.0004601 
3370000 3370 1000.0 4097692.19 1862.315 3.0087 0 0 0 4.68e-05 0.000468 
3380000 3380 1000.0 4116737.612 1869.779 3.0077 0 0 0 4.73e-05 0.0004732 
3390000 3390 1000.0 4135251.945 1866.809 3.0012 0 0 0 4.67e-05 0.0004675 
3400000 3400 1000.0 4153980.265 1867.492 2.9936 0 0 0 4.65e-05 0.0004649 
3410000 3410 1000.0 4172297.305 1861.152 2.9845 0 0 0 4.78e-05 0.0004784 
3420000 3420 1000.0 4190429.37 1851.566 2.9833 0 0 0 5.02e-05 0.0005018 
3430000 3430 1000.0 4208334.808 1840.101 2.9753 0 0 0 5.08e-05 0.0005081 
3440000 3440 1000.0 4227592.98 1856.467 2.959 0 0 0 5.15e-05 0.0005153 
3450000 3450 1000.0 4246209.845 1856.166 2.9571 0 0 0 5.09e-05 0.0005095 
3460000 3460 1000.0 4265368.969 1867.406 2.9485 0 0 0 5.27e-05 0.0005265 
3470000 3470 1000.0 4283558.123 1859.179 2.959 0 0 0 5.22e-05 0.0005219 
3480000 3480 1000.0 4302559.049 1866.756 2.9677 0 0 0 5.19e-05 0.0005192 
3490000 3490 1000.0 4321166.512 1865.74 2.9692 0 0 0 5.32e-05 0.0005316 
3500000 3500 1000.0 4340041.078 1869.248 2.9804 0 0 0 5.2e-05 0.0005204 
3510000 3510 1000.0 4358650.673 1867.429 2.984 0 0 0 5.47e-05 0.0005474 
3520000 3520 1000.0 4378132.025 1882.651 2.987 0 0 0 5.36e-05 0.000536 
3530000 3530 1000.0 4396395.722 1872.867 2.995 0 0 0 5.27e-05 0.0005275 
3540000 3540 1000.0 4414732.073 1865.923 2.9861 0 0 0 5.52e-05 0.0005518 
3550000 3550 1000.0 4431556.895 1831.943 2.9916 0 0 0 5.34e-05 0.000534 
3560000 3560 1000.0 4449136.92 1818.475 3.0046 0 0 0 5.45e-05 0.0005454 
3570000 3570 1000.0 4467515.917 1822.19 3.0018 0 0 0 5.54e-05 0.0005537 
3580000 3580 1000.0 4485624.386 1821.76 2.9991 0 0 0 5.57e-05 0.0005567 
3590000 3590 1000.0 4502211.466 1793.858 3.0075 0 0 0 5.6e-05 0.0005605 
3600000 3600 1000.0 4521747.741 1822.801 3.004 0 0 0 5.68e-05 0.0005677 
3610000 3610 1000.0 4539939.4 1822.067 2.9942 0 0 0 5.82e-05 0.0005824 
3620000 3620 1000.0 4558239.333 1823.681 2.9813 0 0 0 5.74e-05 0.000574 
3630000 3630 1000.0 4576944.335 1832.446 2.9658 0 0 0 5.86e-05 0.0005863 
3640000 3640 1000.0 4596141.866 1847.924 2.9539 0 0 0 5.75e-05 0.0005746 
3650000 3650 1000.0 4614781.369 1850.936 2.9467 0 0 0 5.7e-05 0.0005704 
3660000 3660 1000.0 4632508.381 1835.739 2.9533 0 0 0 6.07e-05 0.0006072 
3670000 3670 1000.0 4650754.054 1835.03 2.9671 0 0 0 5.96e-05 0.0005957 
3680000 3680 1000.0 4670083.571 1852.23 2.9743 0 0 0 5.92e-05 0.0005923 
3690000 3690 1000.0 4689017.611 1859.647 2.9539 0 0 0 6.09e-05 0.0006095 
3700000 3700 1000.0 4709695.353 1897.355 2.9672 0 0 0 5.82e-05 0.0005815 
3710000 3710 1000.0 4729982.502 1921.492 2.9735 0 0 0 6.11e-05 0.0006107 
3720000 3720 1000.0 4749273.993 1923.093 2.972 0 0 0 5.83e-05 0.0005828 
3730000 3730 1000.0 4769178.061 1935.232 2.9726 0 0 0 5.84e-05 0.0005838 
3740000 3740 1000.0 4787974.572 1924.788 2.9697 0 0 0 5.98e-05 0.0005976 
3750000 3750 1000.0 4807125.506 1923.965 2.9625 0 0 0 5.8e-05 0.0005802 
3760000 3760 1000.0 4824667.514 1893.879 2.9484 0 0 0 6.09e-05 0.0006089 
3770000 3770 1000.0 4843941.536 1900.013 2.939 0 0 0 5.81e-05 0.0005813 
3780000 3780 1000.0 4863266.791 1905.329 2.9402 0 0 0 5.96e-05 0.0005963 
3790000 3790 1000.0 4882763.016 1913.335 2.9437 0 0 0 6.02e-05 0.0006024 
3800000 3800 1000.0 4902039.896 1916.107 2.9479 0 0 0 5.85e-05 0.0005853 
3810000 3810 1000.0 4920577.4 1904.87 2.9402 0 0 0 5.96e-05 0.000596 
3820000 3820 1000.0 4938832.045 1890.893 2.9384 0 0 0 6.06e-05 0.0006064 
3830000 3830 1000.0 4957459.323 1885.984 2.9224 0 0 0 5.85e-05 0.000585 
3840000 3840 1000.0 4976115.032 1882.025 2.911 0 0 0 5.82e-05 0.0005816 
3850000 3850 1000.0 4993360.015 1853.247 2.9067 0 0 0 5.69e-05 0.0005686 
3860000 3860 1000.0 5011232.153 1841.347 2.921 0 0 0 5.75e-05 0.000575 
3870000 3870 1000.0 5030060.37 1849.008 2.9399 0 0 0 5.7e-05 0.0005699 
3880000 3880 1000.0 5049352.999 1863.832 2.9582 0 0 0 5.76e-05 0.0005761 
3890000 3890 1000.0 5069062.18 1883.532 2.9702 0 0 0 5.61e-05 0.0005614 
3900000 3900 1000.0 5088389.255 1893.168 2.9779 0 0 0 5.78e-05 0.0005779 
3910000 3910 1000.0 5108472.444 1914.707 2.9642 0 0 0 5.66e-05 0.0005663 
3920000 3920 1000.0 5128078.943 1923.232 2.97 0 0 0 5.6e-05 0.0005596 
3930000 3930 1000.0 5147130.604 1920.232 2.9727 0 0 0 5.61e-05 0.0005605 
3940000 3940 1000.0 5166120.985 1915.564 2.9696 0 0 0 5.71e-05 0.0005713 
3950000 3950 1000.0 5184732.412 1906.703 2.9694 0 0 0 5.57e-05 0.0005565 
3960000 3960 1000.0 5203542.307 1901.361 2.9669 0 0 0 5.63e-05 0.0005626 
3970000 3970 1000.0 5220385.659 1862.467 2.9642 0 0 0 5.53e-05 0.0005528 
3980000 3980 1000.0 5238321.505 1850.055 2.9612 0 0 0 5.59e-05 0.0005592 
3990000 3990 1000.0 5255044.896 1816.599 2.9559 0 0 0 5.81e-05 0.0005814 
4000000 4000 1000.0 5271283.416 1781.135 2.947 0 0 0 5.92e-05 0.0005919 
4010000 4010 1000.0 5287010.691 1743.32 2.9577 0 0 0 6.11e-05 0.0006115 
4020000 4020 1000.0 5304636.576 1746.24 2.9654 0 0 0 5.85e-05 0.0005846 
4030000 4030 1000.0 5323490.961 1772.264 2.9706 0 0 0 6.11e-05 0.0006113 
4040000 4040 1000.0 5342582.036 1796.484 2.987 0 0 0 5.95e-05 0.0005951 
4050000 4050 1000.0 5361016.983 1805.004 2.9678 0 0 0 5.84e-05 0.0005843 
4060000 4060 1000.0 5380847.649 1837.973 2.9636 0 0 0 5.82e-05 0.0005816 
4070000 4070 1000.0 5401645.071 1882.076 2.9656 0 0 0 5.69e-05 0.0005686 
4080000 4080 1000.0 5421220.132 1895.482 2.9641 0 0 0 5.56e-05 0.0005556 
4090000 4090 1000.0 5441290.729 1915.879 2.9617 0 0 0 5.79e-05 0.0005792 
4100000 4100 1000.0 5460693.183 1920.206 2.9518 0 0 0 5.85e-05 0.0005854 
4110000 4110 1000.0 5479822.861 1919.181 2.9427 0 0 0 5.88e-05 0.0005885 
4120000 4120 1000.0 5499187.862 1921.545 2.9369 0 0 0 5.71e-05 0.0005707 
4130000 4130 1000.0 5518055.448 1915.175 2.931 0 0 0 5.86e-05 0.0005858 
4140000 4140 1000.0 5536872.185 1908.681 2.9363 0 0 0 5.83e-05 0.0005825 
4150000 4150 1000.0 5555233.216 1895.834 2.9445 0 0 0 5.98e-05 0.0005982 
4160000 4160 1000.0 5573783.432 1888.191 2.9498 0 0 0 5.84e-05 0.0005842 
4170000 4170 1000.0 5592422.895 1884.05 2.9553 0 0 0 5.98e-05 0.0005985 
4180000 4180 1000.0 5609939.958 1860.002 2.9693 0 0 0 5.86e-05 0.000586 
4190000 4190 1000.0 5627874.398 1846.545 2.9516 0 0 0 5.96e-05 0.0005957 
4200000 4200 1000.0 5646393.203 1847.484 2.9555 0 0 0 6.15e-05 0.0006154 
4210000 4210 1000.0 5664709.166 1844.017 2.9611 0 0 0 5.94e-05 0.0005945 
4220000 4220 1000.0 5682300.747 1829.149 2.9682 0 0 0 5.73e-05 0.0005734 
4230000 4230 1000.0 5700627.42 1830.216 2.9614 0 0 0 5.94e-05 0.0005936 
4240000 4240 1000.0 5719546.742 1841.382 2.9698 0 0 0 5.76e-05 0.0005762 
4250000 4250 1000.0 5738197.692 1845.551 2.9783 0 0 0 5.67e-05 0.0005666 
4260000 4260 1000.0 5756870.972 1848.825 2.9882 0 0 0 5.84e-05 0.0005839 
4270000 4270 1000.0 5775120.191 1843.991 2.9958 0 0 0 5.9e-05 0.0005898 
4280000 4280 1000.0 5794100.65 1854.162 2.9741 0 0 0 5.75e-05 0.0005747 
4290000 4290 1000.0 5811826.351 1838.545 2.9754 0 0 0 5.99e-05 0.0005992 
4300000 4300 1000.0 5830276.367 1839.833 2.96 0 0 0 6e-05 0.0006004 
4310000 4310 1000.0 5848540.421 1837.864 2.951 0 0 0 5.94e-05 0.0005935 
4320000 4320 1000.0 5866857.942 1836.543 2.9482 0 0 0 5.92e-05 0.0005921 
4330000 4330 1000.0 5885255.188 1836.707 2.9622 0 0 0 6.11e-05 0.0006108 
4340000 4340 1000.0 5903881.817 1841.664 2.9726 0 0 0 6.23e-05 0.0006234 
4350000 4350 1000.0 5921506.358 1827.187 2.9924 0 0 0 5.99e-05 0.0005987 
4360000 4360 1000.0 5937460.915 1783.888 2.9981 0 0 0 6.06e-05 0.0006059 
4370000 4370 1000.0 5952997.695 1740.807 2.9906 0 0 0 6.42e-05 0.000642 
4380000 4380 1000.0 5970128.879 1736.675 3.0026 0 0 0 6.3e-05 0.0006295 
4390000 4390 1000.0 5988232.659 1751.013 3.0044 0 0 0 6.34e-05 0.0006338 
4400000 4400 1000.0 6006064.973 1756.738 3.0105 0 0 0 6.33e-05 0.0006326 
4410000 4410 1000.0 6023801.175 1760.005 2.9965 0 0 0 6.39e-05 0.0006385 
4420000 4420 1000.0 6042701.513 1784.171 2.9791 0 0 0 6.31e-05 0.0006314 
4430000 4430 1000.0 6061194.499 1795.732 2.9596 0 0 0 6.18e-05 0.0006179 
4440000 4440 1000.0 6078880.181 1790.475 2.9401 0 0 0 6.27e-05 0.0006266 
4450000 4450 1000.0 6096383.006 1783.173 2.9302 0 0 0 6.11e-05 0.0006108 
4460000 4460 1000.0 6113679.316 1773.589 2.9488 0 0 0 6.28e-05 0.0006277 
4470000 4470 1000.0 6131321.481 1771.731 2.9377 0 0 0 6.39e-05 0.0006386 
4480000 4480 1000.0 6147331.996 1739.786 2.9323 0 0 0 6.48e-05 0.000648 
4490000 4490 1000.0 6163917.789 1725.153 2.9522 0 0 0 6.22e-05 0.0006219 
4500000 4500 1000.0 6179110.232 1686.419 2.9585 0 0 0 6.6e-05 0.0006598 
4510000 4510 1000.0 6196279.647 1692.871 2.9561 0 0 0 6.58e-05 0.0006583 
4520000 4520 1000.0 6213922.955 1706.988 2.9541 0 0 0 6.59e-05 0.0006589 
4530000 4530 1000.0 6231341.105 1712.732 2.9507 0 0 0 6.68e-05 0.000668 
4540000 4540 1000.0 6248586.426 1714.989 2.9472 0 0 0 6.72e-05 0.0006722 
4550000 4550 1000.0 6266974.764 1737.221 2.9366 0 0 0 6.72e-05 0.0006721 
4560000 4560 1000.0 6283872.087 1728.008 2.9289 0 0 0 6.64e-05 0.0006641 
4570000 4570 1000.0 6301154.677 1728.576 2.9438 0 0 0 6.57e-05 0.0006572 
4580000 4580 1000.0 6317371.046 1708.043 2.9554 0 0 0 6.66e-05 0.0006658 
4590000 4590 1000.0 6334586.149 1710.011 2.9668 0 0 0 6.54e-05 0.0006538 
4600000 4600 1000.0 6351663.25 1709.679 2.9755 0 0 0 6.56e-05 0.0006561 
4610000 4610 1000.0 6368888.162 1712.364 2.9842 0 0 0 6.46e-05 0.0006456 
4620000 4620 1000.0 6385609.921 1704.709 2.9882 0 0 0 6.81e-05 0.0006813 
4630000 4630 1000.0 6402199.686 1696.852 2.9769 0 0 0 6.54e-05 0.0006542 
4640000 4640 1000.0 6419007.819 1694.535 2.9693 0 0 0 6.59e-05 0.0006592 
4650000 4650 1000.0 6436269.894 1700.596 2.9709 0 0 0 6.67e-05 0.0006667 
4660000 4660 1000.0 6453468.811 1703.948 2.968 0 0 0 6.62e-05 0.0006621 
4670000 4670 1000.0 6471114.653 1714.801 2.9564 0 0 0 6.26e-05 0.0006257 
4680000 4680 1000.0 6488814.452 1725.092 2.9401 0 0 0 6.29e-05 0.000629 
4690000 4690 1000.0 6505185.809 1710.121 2.9339 0 0 0 6.25e-05 0.0006254 
4700000 4700 1000.0 6523425.544 1731.156 2.923 0 0 0 6.17e-05 0.0006173 
4710000 4710 1000.0 6541742.856 1750.009 2.9092 0 0 0 6.18e-05 0.0006184 
4720000 4720 1000.0 6559998.737 1763.691 2.9004 0 0 0 5.83e-05 0.0005827 
4730000 4730 1000.0 6578138.748 1773.146 2.9034 0 0 0 5.75e-05 0.0005748 
4740000 4740 1000.0 6595894.16 1773.6 2.9078 0 0 0 5.73e-05 0.0005731 
4750000 4750 1000.0 6614290.333 1785.584 2.9056 0 0 0 5.9e-05 0.0005902 
4760000 4760 1000.0 6632560.121 1793.578 2.9204 0 0 0 5.87e-05 0.0005872 
4770000 4770 1000.0 6651071.67 1804.477 2.9163 0 0 0 5.72e-05 0.0005718 
4780000 4780 1000.0 6667995.884 1786.626 2.9242 0 0 0 5.6e-05 0.0005602 
4790000 4790 1000.0 6687697.913 1820.461 2.933 0 0 0 5.47e-05 0.0005468 
4800000 4800 1000.0 6706502.74 1830.799 2.9519 0 0 0 5.57e-05 0.0005571 
4810000 4810 1000.0 6725533.81 1843.367 2.9679 0 0 0 5.78e-05 0.0005778 
4820000 4820 1000.0 6743993.653 1844.095 2.9743 0 0 0 5.47e-05 0.0005469 
4830000 4830 1000.0 6763209.183 1858.765 2.9599 0 0 0 5.28e-05 0.000528 
4840000 4840 1000.0 6781671.194 1856.994 2.9541 0 0 0 5.13e-05 0.000513 
4850000 4850 1000.0 6799730.337 1848.035 2.9485 0 0 0 5.31e-05 0.0005311 
4860000 4860 1000.0 6818288.645 1849.094 2.9501 0 0 0 5.16e-05 0.0005163 
4870000 4870 1000.0 6835857.178 1832.664 2.9605 0 0 0 5.41e-05 0.0005405 
4880000 4880 1000.0 6853723.769 1824.024 2.9737 0 0 0 5.52e-05 0.0005517 
4890000 4890 1000.0 6872054.666 1825.44 2.9842 0 0 0 5.26e-05 0.000526 
4900000 4900 1000.0 6891268.029 1843.434 2.9901 0 0 0 5.24e-05 0.0005238 
4910000 4910 1000.0 6909276.756 1836.046 2.9837 0 0 0 5.16e-05 0.0005155 
4920000 4920 1000.0 6925938.657 1802.05 2.9815 0 0 0 5.2e-05 0.0005198 
4930000 4930 1000.0 6944256.314 1807.467 2.9805 0 0 0 5.18e-05 0.0005182 
4940000 4940 1000.0 6962640.815 1813.851 2.9784 0 0 0 5.18e-05 0.0005179 
4950000 4950 1000.0 6979270.604 1784.787 2.9619 0 0 0 5.05e-05 0.0005049 
4960000 4960 1000.0 6998461.588 1809.018 2.9484 0 0 0 5.06e-05 0.0005062 
4970000 4970 1000.0 7016972.518 1817.645 2.9487 0 0 0 5.11e-05 0.0005108 
4980000 4980 1000.0 7031390.92 1745.019 2.9717 0 0 0 5.04e-05 0.000504 
4990000 4990 1000.0 7045483.995 1682.712 2.983 0 0 0 5.07e-05 0.0005071 
5000000 5000 1000.0 7063285.993 1700.012 2.9963 0 0 0 5.1e-05 0.0005095 
5010000 5010 1000.0 7081086.984 1713.951 3.0103 0 0 0 5.3e-05 0.0005295 
5020000 5020 1000.0 7093427.045 1627.853 3.0189 0 0 0 5.24e-05 0.0005239 
5030000 5030 1000.0 7107311.135 1587.212 3.0247 0 0 0 5.22e-05 0.0005221 
5040000 5040 1000.0 7122706.177 1578.162 3.0262 0 0 0 5.39e-05 0.0005394 
5050000 5050 1000.0 7134880.947 1507.908 3.0305 0 0 0 5.22e-05 0.0005221 
5060000 5060 1000.0 7141628.56 1361.442 3.0397 0 0 0 5.19e-05 0.0005193 
5070000 5070 1000.0 7158185.441 1415.743 3.0256 0 0 0 5.29e-05 0.0005294 
5080000 5080 1000.0 7174941.447 1462.166 3.0261 0 0 0 5.15e-05 0.0005154 
5090000 5090 1000.0 7190969.652 1489.384 3.0177 0 0 0 5.27e-05 0.0005271 
5100000 5100 1000.0 7204864.291 1472.033 2.9988 0 0 0 5.23e-05 0.0005227 
5110000 5110 1000.0 7222673.326 1529.274 2.9887 0 0 0 5.35e-05 0.0005345 
5120000 5120 1000.0 7240984.47 1584.054 2.9835 0 0 0 5.23e-05 0.0005228 
5130000 5130 1000.0 7259555.818 1634.966 2.9777 0 0 0 5.07e-05 0.0005067 
5140000 5140 1000.0 7278487.995 1682.224 2.9693 0 0 0 5.29e-05 0.0005294 
5150000 5150 1000.0 7297039.673 1714.631 2.9782 0 0 0 5.06e-05 0.0005061 
5160000 5160 1000.0 7316190.74 1751.253 2.9839 0 0 0 5.03e-05 0.0005035 
5170000 5170 1000.0 7335306.937 1780.974 2.9836 0 0 0 5.26e-05 0.0005257 
5180000 5180 1000.0 7353883.312 1794.743 2.9819 0 0 0 5.07e-05 0.0005068 
5190000 5190 1000.0 7371939.86 1797.135 2.9791 0 0 0 5.01e-05 0.0005009 
5200000 5200 1000.0 7389273.211 1784.857 2.9755 0 0 0 5e-05 0.0005001 
5210000 5210 1000.0 7406003.94 1764.172 2.9598 0 0 0 5.1e-05 0.0005103 
5220000 5220 1000.0 7423845.445 1767.394 2.9506 0 0 0 5.11e-05 0.0005108 
5230000 5230 1000.0 7440919.816 1755.938 2.9438 0 0 0 5.21e-05 0.0005209 
5240000 5240 1000.0 7456159.019 1712.751 2.9437 0 0 0 5.44e-05 0.0005441 
5250000 5250 1000.0 7474349.558 1732.187 2.9326 0 0 0 5.47e-05 0.0005472 
5260000 5260 1000.0 7492340.323 1743.91 2.9336 0 0 0 5.22e-05 0.0005216 
5270000 5270 1000.0 7510692.373 1760.839 2.9249 0 0 0 5.21e-05 0.0005213 
5280000 5280 1000.0 7528550.683 1765.677 2.917 0 0 0 5.09e-05 0.0005089 
5290000 5290 1000.0 7546924.563 1778.186 2.9358 0 0 0 5e-05 0.0005003 
5300000 5300 1000.0 7565760.084 1797.802 2.9509 0 0 0 4.85e-05 0.0004849 
5310000 5310 1000.0 7583791.755 1798.835 2.9585 0 0 0 4.87e-05 0.0004867 
5320000 5320 1000.0 7602775.475 1816.509 2.9636 0 0 0 5.1e-05 0.0005102 
5330000 5330 1000.0 7617763.1 1759.3 2.969 0 0 0 5.17e-05 0.000517 
5340000 5340 1000.0 7635867.465 1769.459 2.9752 0 0 0 5.14e-05 0.0005137 
5350000 5350 1000.0 7652023.168 1739.108 2.99 0 0 0 5.32e-05 0.0005322 
5360000 5360 1000.0 7669853.548 1747.58 2.9885 0 0 0 5.26e-05 0.0005258 
5370000 5370 1000.0 7687598.016 1752.617 2.9995 0 0 0 5.37e-05 0.0005367 
5380000 5380 1000.0 7702420.056 1702.016 2.9877 0 0 0 5.57e-05 0.0005567 
5390000 5390 1000.0 7718891.041 1691.821 2.9945 0 0 0 5.29e-05 0.0005287 
5400000 5400 1000.0 7731189.206 1606.751 3.0049 0 0 0 5.52e-05 0.0005516 
5410000 5410 1000.0 7745070.528 1567.375 3.0039 0 0 0 5.42e-05 0.0005416 
5420000 5420 1000.0 7758867.945 1535.243 2.9863 0 0 0 6.08e-05 0.0006085 
5430000 5430 1000.0 7776748.333 1581.928 2.9863 0 0 0 6.47e-05 0.0006465 
5440000 5440 1000.0 7794264.671 1612.615 2.9834 0 0 0 5.95e-05 0.0005948 
5450000 5450 1000.0 7809317.536 1589.588 2.9702 0 0 0 6.34e-05 0.0006336 
5460000 5460 1000.0 7825156.899 1587.62 2.9792 0 0 0 6.09e-05 0.0006087 
5470000 5470 1000.0 7840441.459 1576.248 2.9872 0 0 0 5.69e-05 0.0005695 
5480000 5480 1000.0 7856762.512 1585.166 2.9869 0 0 0 5.8e-05 0.0005805 
5490000 5490 1000.0 7873964.583 1610.333 2.9762 0 0 0 5.9e-05 0.0005898 
5500000 5500 1000.0 7892123.274 1647.482 2.9757 0 0 0 6.13e-05 0.0006129 
5510000 5510 1000.0 7909909.536 1671.514 2.9736 0 0 0 5.89e-05 0.0005893 
5520000 5520 1000.0 7926916.348 1675.102 2.9736 0 0 0 5.97e-05 0.0005967 
5530000 5530 1000.0 7944333.33 1686.881 2.9715 0 0 0 6.16e-05 0.0006161 
5540000 5540 1000.0 7961869.797 1699.054 2.9706 0 0 0 6.35e-05 0.0006348 
5550000 5550 1000.0 7979492.269 1709.399 2.9583 0 0 0 5.92e-05 0.0005917 
5560000 5560 1000.0 7996010.668 1700.051 2.9303 0 0 0 6.08e-05 0.0006082 
5570000 5570 1000.0 8014239.785 1722.442 2.906 0 0 0 6.48e-05 0.0006484 
5580000 5580 1000.0 8032712.738 1744.602 2.9089 0 0 0 5.97e-05 0.0005965 
5590000 5590 1000.0 8050976.894 1759.661 2.909 0 0 0 5.98e-05 0.0005983 
5600000 5600 1000.0 8067849.557 1747.088 2.9216 0 0 0 6.42e-05 0.0006422 
5610000 5610 1000.0 8084752.74 1736.943 2.9265 0 0 0 5.93e-05 0.0005925 
5620000 5620 1000.0 8102128.564 1736.364 2.9347 0 0 0 5.52e-05 0.0005515 
5630000 5630 1000.0 8117417.512 1696.305 2.9478 0 0 0 5.35e-05 0.0005352 
5640000 5640 1000.0 8134161.287 1692.985 2.9582 0 0 0 5.46e-05 0.0005455 
5650000 5650 1000.0 8151519.032 1701.64 2.9672 0 0 0 5.49e-05 0.0005488 
5660000 5660 1000.0 8169951.809 1727.665 2.9437 0 0 0 5.59e-05 0.0005589 
5670000 5670 1000.0 8188363.333 1748.351 2.9261 0 0 0 5.4e-05 0.0005402 
5680000 5680 1000.0 8204139.466 1717.918 2.9289 0 0 0 5.44e-05 0.0005437 
5690000 5690 1000.0 8222986.091 1748.0 2.929 0 0 0 5.42e-05 0.0005418 
5700000 5700 1000.0 8241464.319 1766.055 2.9246 0 0 0 5.3e-05 0.00053 
5710000 5710 1000.0 8259150.732 1766.754 2.919 0 0 0 5.37e-05 0.0005373 
5720000 5720 1000.0 8277620.654 1781.113 2.9179 0 0 0 5.08e-05 0.0005083 
5730000 5730 1000.0 8296057.65 1792.676 2.9196 0 0 0 5.01e-05 0.0005012 
5740000 5740 1000.0 8314905.231 1809.483 2.9162 0 0 0 4.86e-05 0.0004857 
5750000 5750 1000.0 8334119.063 1830.023 2.9153 0 0 0 4.77e-05 0.0004772 
5760000 5760 1000.0 8353063.1 1842.126 2.9209 0 0 0 4.83e-05 0.0004834 
5770000 5770 1000.0 8368922.901 1793.306 2.9199 0 0 0 4.57e-05 0.000457 
5780000 5780 1000.0 8386562.393 1786.771 2.9181 0 0 0 4.66e-05 0.0004657 
5790000 5790 1000.0 8404665.488 1790.295 2.9238 0 0 0 4.38e-05 0.0004383 
5800000 5800 1000.0 8423610.547 1809.172 2.9416 0 0 0 4.62e-05 0.0004617 
5810000 5810 1000.0 8442468.094 1823.253 2.9555 0 0 0 4.43e-05 0.0004432 
5820000 5820 1000.0 8461675.605 1841.413 2.959 0 0 0 4.15e-05 0.0004146 
5830000 5830 1000.0 8480799.754 1854.683 2.9589 0 0 0 4.22e-05 0.0004224 
5840000 5840 1000.0 8498694.18 1843.951 2.9577 0 0 0 4.38e-05 0.000438 
5850000 5850 1000.0 8517651.147 1853.338 2.9528 0 0 0 4.06e-05 0.000406 
5860000 5860 1000.0 8535546.77 1841.989 2.9478 0 0 0 3.98e-05 0.0003985 
5870000 5870 1000.0 8553684.0 1837.842 2.9438 0 0 0 4.16e-05 0.0004163 
5880000 5880 1000.0 8572738.036 1849.48 2.9433 0 0 0 4.11e-05 0.0004105 
5890000 5890 1000.0 8591455.553 1853.879 2.9316 0 0 0 4.28e-05 0.0004278 
5900000 5900 1000.0 8610993.67 1872.908 2.9325 0 0 0 4.16e-05 0.0004164 
5910000 5910 1000.0 8630994.146 1896.197 2.938 0 0 0 4.07e-05 0.0004069 
5920000 5920 1000.0 8650116.803 1898.682 2.9377 0 0 0 4.12e-05 0.000412 
5930000 5930 1000.0 8668242.647 1883.339 2.94 0 0 0 4.28e-05 0.0004279 
5940000 5940 1000.0 8687175.082 1885.476 2.9383 0 0 0 3.98e-05 0.0003981 
5950000 5950 1000.0 8706547.949 1894.958 2.9379 0 0 0 4.17e-05 0.0004173 
5960000 5960 1000.0 8723681.104 1864.748 2.9392 0 0 0 4.21e-05 0.0004213 
5970000 5970 1000.0 8743495.688 1885.724 2.9378 0 0 0 4.33e-05 0.0004326 
5980000 5980 1000.0 8762257.155 1883.408 2.9382 0 0 0 4.22e-05 0.0004225 
5990000 5990 1000.0 8779496.774 1855.008 2.9355 0 0 0 4.19e-05 0.000419 
6000000 6000 1000.0 8798507.106 1861.509 2.9368 0 0 0 4.05e-05 0.0004046 
