10000 10 182.927 3790.665 69.582 0.2351 0 0 0 0.0 0.0 0.0 0.0 
20000 21 326.119 7761.582 126.912 0.4184 0 0 0 0.0 0.0 0.0 0.0 
30000 71 219.138 9289.715 61.249 0.5424 0 0 0 0.0006685 0.006685 0.0020475 0.0085098 
40000 85 338.767 10624.869 69.68 1.086 0 0 0 0.0006903 0.0069025 0.0020615 0.0049555 
50000 370 21.336 11305.847 0.769 0.0815 0 0 0 0.0007869 0.0078691 0.0025272 0.0240913 
60000 824 35.344 11770.33 6.326 0.1363 0 0 0 0.0007583 0.0075828 0.0026393 0.0590563 
70000 897 172.185 15815.909 70.373 0.6711 0 0 0 0.0009896 0.009896 0.0038979 0.0625958 
80000 907 323.615 19825.974 129.802 1.2566 0 0 0 0.0010315 0.0103149 0.0036619 0.0589219 
90000 917 447.344 23947.131 181.158 1.7229 0 0 0 0.001319 0.0131897 0.0044935 0.0642763 
100000 927 548.44 28317.755 229.601 2.1015 0 0 0 0.001458 0.0145793 0.0051968 0.0637094 
110000 937 631.042 32252.582 259.462 2.4257 0 0 0 0.0014887 0.0148865 0.0052445 0.0685796 
120000 947 691.572 37475.251 302.711 2.6583 0 0 0 0.0016562 0.0165619 0.0065787 0.0579352 
130000 958 736.472 43131.625 346.317 2.8311 0 0 0 0.0018423 0.0184219 0.0078153 0.0629167 
140000 968 784.678 48345.009 378.325 3.0163 0 0 0 0.0018878 0.0188781 0.0080693 0.0655782 
150000 978 824.067 53008.853 396.595 3.1868 0 0 0 0.0019992 0.0199922 0.0086661 0.0796277 
160000 988 856.25 57794.19 411.015 3.3222 0 0 0 0.0020412 0.0204115 0.0096198 0.0739661 
170000 998 882.545 63678.703 442.237 3.4395 0 0 0 0.0020921 0.0209204 0.0099981 0.0695364 
180000 1008 904.031 69286.724 463.561 3.5204 0 0 0 0.0020966 0.0209654 0.0099998 0.0527568 
190000 1018 921.586 75120.157 484.634 3.5961 0 0 0 0.0021375 0.0213745 0.0105291 0.0657179 
200000 1028 935.93 81042.845 505.427 3.6544 0 0 0 0.002089 0.0208901 0.0102349 0.0638447 
210000 1043 867.487 86294.659 467.257 3.3896 0 0 0 0.0020155 0.0201547 0.0107091 0.0645272 
220000 1056 840.895 91431.357 447.367 3.2774 0 0 0 0.001968 0.0196793 0.0116551 0.0645761 
230000 1066 869.999 96078.794 451.02 3.4119 0 0 0 0.0019317 0.0193172 0.0117759 0.0624053 
240000 1077 883.264 101135.622 455.835 3.4599 0 0 0 0.0018399 0.0183991 0.0115911 0.060065 
250000 1089 856.293 106257.207 439.344 3.3486 0 0 0 0.0017592 0.0175917 0.0117577 0.0449436 
260000 1120 628.501 110466.56 308.496 2.4664 0 0 0 0.0017098 0.0170982 0.0116956 0.0302461 
270000 1131 668.859 115904.792 337.925 2.6192 0 0 0 0.001528 0.0152803 0.0113638 0.010651 
280000 1142 718.882 120273.225 350.752 2.8246 0 0 0 0.0015081 0.0150814 0.0119743 0.0051053 
290000 1152 770.306 125062.797 373.236 3.0297 0 0 0 0.001325 0.0132502 0.0112032 0.0089454 
300000 1163 810.19 129948.212 393.522 3.1774 0 0 0 0.0012701 0.0127005 0.0115525 -0.0024386 
310000 1175 807.667 135530.158 404.781 3.1763 0 0 0 0.0011637 0.0116368 0.0112515 0.0127876 
320000 1185 842.85 141779.808 443.428 3.3029 0 0 0 0.0010786 0.0107856 0.0113501 0.0063993 
330000 1195 871.597 146817.046 457.833 3.4118 0 0 0 0.0009801 0.0098006 0.0108645 0.0156394 
340000 1206 881.767 151973.724 460.033 3.4577 0 0 0 0.0009099 0.0090987 0.0106682 0.0120766 
350000 1217 875.833 156352.919 439.787 3.4301 0 0 0 0.0008251 0.0082505 0.0102819 0.0077076 
360000 1227 898.546 162068.815 464.69 3.5238 0 0 0 0.0007377 0.007377 0.0099284 0.0115981 
370000 1237 917.105 168409.115 493.114 3.5979 0 0 0 0.0006708 0.006708 0.0096304 0.0089086 
380000 1247 932.269 174604.748 515.539 3.6455 0 0 0 0.0006315 0.0063152 0.0096366 0.0134831 
390000 1257 944.659 179925.512 524.464 3.7087 0 0 0 0.0005763 0.0057628 0.0092959 0.0122804 
400000 1267 954.782 186477.126 545.65 3.7435 0 0 0 0.0005271 0.0052715 0.0090335 0.005496 
410000 1277 963.054 192796.177 559.898 3.7711 0 0 0 0.0004952 0.004952 0.0087332 0.0030342 
420000 1288 952.444 199283.607 564.793 3.7302 0 0 0 0.0004513 0.0045128 0.0087664 0.0076424 
430000 1298 961.143 204839.912 565.371 3.7542 0 0 0 0.0004288 0.0042883 0.0089676 0.0030094 
440000 1308 968.251 209596.523 548.678 3.7859 0 0 0 0.0004039 0.0040394 0.0086593 0.0043124 
450000 1319 957.486 214793.116 536.635 3.7444 0 0 0 0.0003895 0.003895 0.0086182 0.0012221 
460000 1329 965.263 220024.459 529.959 3.7697 0 0 0 0.0003671 0.0036706 0.008391 0.0074445 
470000 1339 971.618 225032.109 528.423 3.8022 0 0 0 0.0003379 0.0033791 0.0076931 0.0054739 
480000 1357 854.577 228623.003 428.949 3.3373 0 0 0 0.0003196 0.0031963 0.007425 0.0065858 
490000 1370 826.5 233416.321 411.887 3.2311 0 0 0 0.0003158 0.0031582 0.0075641 0.006471 
500000 1381 853.764 237454.243 407.967 3.3389 0 0 0 0.0002896 0.0028965 0.0070797 0.0039212 
510000 1391 880.514 241192.573 401.784 3.4389 0 0 0 0.0002708 0.0027078 0.0066168 0.0091744 
520000 1401 902.371 246687.094 429.032 3.5355 0 0 0 0.0002604 0.0026038 0.0065282 9.79e-05 
530000 1411 920.23 251833.915 445.652 3.6055 0 0 0 0.0002423 0.0024233 0.0063219 -0.0063667 
540000 1421 934.822 257896.071 474.901 3.6625 0 0 0 0.0002416 0.0024159 0.0062288 0.0021159 
550000 1431 946.745 263848.754 497.014 3.7216 0 0 0 0.000234 0.0023403 0.0061753 7.52e-05 
560000 1441 956.487 269456.634 508.115 3.7515 0 0 0 0.0002278 0.0022783 0.0059606 0.0026431 
570000 1451 955.978 275473.959 519.038 3.7416 0 0 0 0.0002164 0.0021636 0.0057236 -0.0039298 
580000 1461 964.031 281762.619 539.379 3.7785 0 0 0 0.0002192 0.0021923 0.0057825 0.006843 
590000 1472 959.724 286874.618 528.191 3.7612 0 0 0 0.0002204 0.0022039 0.0058149 -0.00015 
600000 1483 942.533 292665.005 523.074 3.6977 0 0 0 0.0002149 0.0021492 0.005851 0.0042688 
610000 1494 941.274 298365.217 527.533 3.6892 0 0 0 0.0002226 0.0022256 0.0059179 0.0069633 
620000 1504 952.017 305040.412 551.813 3.7303 0 0 0 0.0002151 0.0021514 0.0060534 0.0024788 
630000 1515 945.215 311052.92 552.31 3.7104 0 0 0 0.0002087 0.0020865 0.0058377 0.0057845 
640000 1525 955.237 316690.785 554.293 3.7412 0 0 0 0.0002194 0.0021943 0.0057903 0.0038853 
650000 1535 963.425 322110.267 551.932 3.7716 0 0 0 0.0002193 0.0021929 0.005682 -0.0002271 
660000 1545 970.116 327671.331 552.47 3.8009 0 0 0 0.0002293 0.0022931 0.0060004 -0.002073 
670000 1555 975.582 332660.127 542.352 3.8098 0 0 0 0.0002289 0.0022888 0.0061642 5.44e-05 
680000 1565 980.049 338555.658 551.317 3.8333 0 0 0 0.0002318 0.0023176 0.006461 0.0035804 
690000 1575 971.979 344458.977 550.791 3.8061 0 0 0 0.0002314 0.0023136 0.0064193 0.0093104 
700000 1585 977.105 349802.945 547.372 3.8252 0 0 0 0.0002408 0.0024078 0.0066444 0.0038298 
710000 1595 981.293 355548.807 552.118 3.8531 0 0 0 0.000238 0.0023796 0.0068473 0.0007215 
720000 1605 984.715 361586.312 561.678 3.8565 0 0 0 0.0002401 0.0024013 0.0068199 0.0086461 
730000 1615 987.511 367842.928 574.196 3.8589 0 0 0 0.0002462 0.0024616 0.007135 -0.0010281 
740000 1625 989.796 373748.085 580.601 3.8816 0 0 0 0.0002607 0.0026067 0.0071141 0.0046107 
750000 1636 983.832 380679.897 592.287 3.8547 0 0 0 0.0002559 0.0025586 0.0069438 0.0010278 
760000 1646 986.789 387111.33 601.254 3.8762 0 0 0 0.0002636 0.0026362 0.0073962 0.0055932 
770000 1656 989.206 393735.4 612.659 3.8913 0 0 0 0.0002727 0.0027269 0.0075605 0.0020817 
780000 1667 976.605 401107.569 627.075 3.835 0 0 0 0.000274 0.0027397 0.0076817 0.0017354 
790000 1677 980.884 406737.563 615.978 3.8635 0 0 0 0.0002825 0.0028246 0.0079261 0.0068592 
800000 1687 969.731 412942.019 605.383 3.8116 0 0 0 0.0002807 0.002807 0.0080249 -0.0050914 
810000 1697 975.268 419912.276 622.592 3.8222 0 0 0 0.0002898 0.0028984 0.0083607 0.0041291 
820000 1707 979.792 426713.685 633.272 3.8542 0 0 0 0.0002901 0.0029009 0.0079957 -0.0009317 
830000 1717 983.489 433173.487 634.015 3.8589 0 0 0 0.0002938 0.0029381 0.008213 7.71e-05 
840000 1727 986.509 439996.522 645.594 3.874 0 0 0 0.0003013 0.0030128 0.0087615 0.0115829 
850000 1737 988.977 446551.823 648.536 3.8859 0 0 0 0.0002943 0.0029434 0.008349 0.0088216 
860000 1747 990.993 453915.596 659.713 3.8885 0 0 0 0.0002975 0.0029751 0.0083826 0.0064701 
870000 1757 992.641 460439.06 661.325 3.906 0 0 0 0.0003001 0.0030011 0.0084961 0.0068352 
880000 1767 993.987 467264.024 668.799 3.903 0 0 0 0.0003045 0.0030447 0.0087321 0.0066633 
890000 1778 990.14 475280.696 684.413 3.8791 0 0 0 0.0003008 0.0030076 0.0084458 0.0131126 
900000 1789 976.131 482655.873 685.107 3.8271 0 0 0 0.0003002 0.0030024 0.0087499 0.0091555 
910000 1799 980.497 490575.554 703.657 3.8334 0 0 0 0.0003217 0.0032171 0.0095215 0.0065565 
920000 1809 984.065 498795.812 722.882 3.8562 0 0 0 0.0003227 0.0032268 0.0100057 0.004731 
930000 1819 986.98 505884.002 723.23 3.8609 0 0 0 0.000337 0.0033697 0.0105332 0.0052662 
940000 1829 989.361 515161.973 760.214 3.8725 0 0 0 0.00033 0.0033004 0.0105508 0.0189238 
950000 1839 991.307 524010.849 781.496 3.8938 0 0 0 0.0003356 0.0033562 0.010583 0.0144775 
960000 1849 992.898 532218.385 789.831 3.8952 0 0 0 0.0003273 0.0032729 0.0106712 -0.0001006 
970000 1859 994.197 541658.556 817.55 3.9012 0 0 0 0.0003238 0.0032384 0.0105787 0.0043595 
980000 1869 990.675 552090.065 851.597 3.8931 0 0 0 0.0003152 0.0031517 0.0107273 -0.005041 
990000 1879 992.381 561816.617 875.846 3.8928 0 0 0 0.0003184 0.0031843 0.0108911 -0.0048479 
1000000 1889 993.774 571033.888 883.312 3.9036 0 0 0 0.0003083 0.0030829 0.0106908 0.003471 
1010000 1899 994.913 581296.682 913.617 3.9058 0 0 0 0.0003122 0.0031221 0.010971 0.012126 
1020000 1909 995.844 590256.036 908.024 3.9017 0 0 0 0.0003175 0.0031747 0.0110063 0.0108864 
1030000 1919 996.604 600354.1 928.816 3.9147 0 0 0 0.0003207 0.0032069 0.0112984 0.0043885 
1040000 1929 997.225 613310.105 994.025 3.9172 0 0 0 0.0003149 0.0031491 0.0119694 0.0142224 
1050000 1939 997.733 626145.131 1043.77 3.9179 0 0 0 0.0003113 0.0031128 0.0116471 0.0097936 
1060000 1949 998.148 640462.395 1114.927 3.9256 0 0 0 0.0003071 0.0030714 0.0117709 0.0028128 
1070000 1959 998.486 654104.723 1161.89 3.9153 0 0 0 0.0002991 0.0029907 0.0117581 0.0108105 
1080000 1969 998.763 665088.001 1154.2 3.9174 0 0 0 0.0002958 0.0029579 0.0118634 0.0113236 
1090000 1979 998.99 675396.358 1128.624 3.9226 0 0 0 0.0003012 0.0030118 0.0117223 0.0101359 
1100000 1989 999.174 685926.161 1115.379 3.9221 0 0 0 0.0003027 0.0030273 0.0121891 0.0065637 
1110000 1999 999.325 697407.515 1119.288 3.9376 0 0 0 0.0002859 0.0028591 0.0118127 0.0202852 
1120000 2009 999.449 708458.413 1116.864 3.9315 0 0 0 0.0002875 0.0028753 0.0119673 0.0022248 
1130000 2019 999.55 719671.52 1116.797 3.9301 0 0 0 0.0002719 0.0027185 0.0113523 0.0141235 
1140000 2029 999.632 732879.92 1155.056 3.9394 0 0 0 0.0002675 0.0026753 0.0112246 0.0126507 
1150000 2039 999.699 745521.726 1175.303 3.9313 0 0 0 0.000265 0.0026497 0.0112743 0.0107558 
1160000 2049 999.754 757204.657 1170.541 3.9224 0 0 0 0.0002574 0.0025737 0.0110038 0.005294 
1170000 2059 999.799 768932.461 1176.435 3.9216 0 0 0 0.0002584 0.002584 0.0108842 0.0137573 
1180000 2069 999.836 781306.477 1183.375 3.9048 0 0 0 0.0002637 0.0026374 0.0112815 0.0111743 
1190000 2079 999.866 794816.815 1213.823 3.9142 0 0 0 0.0002586 0.0025861 0.0111595 0.0171489 
1200000 2089 999.891 806872.187 1214.885 3.913 0 0 0 0.0002678 0.0026777 0.0114205 0.0195442 
1210000 2099 999.911 821416.076 1255.008 3.905 0 0 0 0.0002564 0.0025644 0.0112372 0.0127279 
1220000 2109 999.927 836236.137 1295.467 3.9131 0 0 0 0.0002509 0.0025091 0.0108749 0.0160618 
1230000 2119 999.94 850419.364 1319.901 3.9063 0 0 0 0.0002514 0.0025136 0.0107871 0.0188493 
1240000 2129 999.951 862063.699 1291.432 3.9092 0 0 0 0.000247 0.0024702 0.01061 0.0143607 
1250000 2141 966.415 872556.212 1205.417 3.7805 0 0 0 0.0002521 0.0025214 0.010759 0.0125225 
1260000 2151 957.487 883277.222 1170.724 3.7352 0 0 0 0.0002686 0.0026856 0.0110499 0.0250225 
1270000 2161 965.264 895083.421 1174.593 3.7735 0 0 0 0.0002648 0.0026483 0.010914 0.0120392 
1280000 2171 971.618 906019.135 1153.878 3.8024 0 0 0 0.0002758 0.0027575 0.0111056 0.0126314 
1290000 2181 976.81 917093.589 1147.755 3.8171 0 0 0 0.0002712 0.0027124 0.010644 0.0165474 
1300000 2191 981.052 930913.392 1175.232 3.8482 0 0 0 0.0002753 0.0027529 0.0107482 0.0196763 
1310000 2201 984.518 942962.579 1193.04 3.8522 0 0 0 0.0002755 0.002755 0.0107728 0.0122753 
1320000 2211 987.35 956712.344 1216.36 3.8565 0 0 0 0.0002687 0.0026874 0.0103567 0.0181523 
1330000 2221 989.664 973232.018 1298.509 3.8679 0 0 0 0.0002634 0.0026339 0.0103464 0.0150962 
1340000 2231 991.555 989451.912 1356.705 3.867 0 0 0 0.0002644 0.0026438 0.0101761 0.0162237 
1350000 2241 993.1 1006807.035 1423.787 3.8811 0 0 0 0.000258 0.0025801 0.0101441 0.0167564 
1360000 2251 994.362 1023506.295 1470.81 3.8752 0 0 0 0.0002509 0.0025086 0.0097234 0.0216684 
1370000 2261 995.393 1039353.283 1491.766 3.877 0 0 0 0.0002521 0.0025208 0.0097449 0.0109631 
1380000 2271 996.236 1057500.407 1550.87 3.8911 0 0 0 0.0002493 0.0024935 0.0099444 0.0120336 
1390000 2281 996.925 1075889.573 1600.844 3.8803 0 0 0 0.0002385 0.0023848 0.0094976 0.0132418 
1400000 2291 997.487 1094297.427 1646.413 3.8861 0 0 0 0.0002347 0.002347 0.0092413 0.009798 
1410000 2301 997.947 1111188.776 1652.519 3.8951 0 0 0 0.0002238 0.0022379 0.0089773 0.0159574 
1420000 2311 998.322 1128094.319 1668.418 3.8958 0 0 0 0.0002209 0.0022091 0.0088229 0.0145867 
1430000 2321 998.629 1143162.831 1645.869 3.9062 0 0 0 0.0002357 0.0023573 0.0092031 0.0116838 
1440000 2331 998.88 1158899.972 1626.621 3.9054 0 0 0 0.0002251 0.0022507 0.0086843 0.0146506 
1450000 2341 999.085 1176310.201 1638.828 3.9048 0 0 0 0.0002298 0.0022984 0.0090715 0.0107844 
1460000 2351 999.252 1195803.81 1696.513 3.9101 0 0 0 0.000214 0.0021396 0.0087935 0.0148131 
1470000 2361 999.389 1213970.029 1716.563 3.9057 0 0 0 0.0002029 0.0020285 0.0084122 0.0095963 
1480000 2371 999.501 1232211.496 1757.805 3.9037 0 0 0 0.0001991 0.0019906 0.0084083 0.0138164 
1490000 2381 999.592 1249845.385 1735.618 3.8989 0 0 0 0.0001864 0.0018638 0.0082762 0.0177669 
1500000 2391 999.667 1267183.335 1733.185 3.8996 0 0 0 0.0001835 0.0018354 0.008207 0.0139112 
1510000 2401 999.728 1284636.463 1736.382 3.8954 0 0 0 0.0001835 0.0018346 0.0083006 0.0204234 
1520000 2411 999.778 1301896.395 1734.957 3.9051 0 0 0 0.0001787 0.0017868 0.0082179 0.0122769 
1530000 2421 999.818 1320575.825 1762.468 3.9009 0 0 0 0.0001751 0.0017509 0.0080925 0.0099865 
1540000 2431 999.851 1338934.904 1771.942 3.886 0 0 0 0.0001793 0.0017934 0.0081712 0.0157907 
1550000 2441 999.879 1357621.985 1787.634 3.8898 0 0 0 0.0001824 0.0018242 0.0082519 0.0209503 
1560000 2451 999.901 1371190.351 1712.228 3.8876 0 0 0 0.0001837 0.0018371 0.0080353 0.0127187 
1570000 2461 999.919 1386679.561 1692.823 3.9113 0 0 0 0.0001847 0.0018466 0.0082768 0.0209823 
1580000 2471 999.934 1402881.058 1668.616 3.9054 0 0 0 0.0001907 0.0019068 0.0083258 0.0153549 
1590000 2481 999.946 1417091.432 1622.306 3.9149 0 0 0 0.0001931 0.0019305 0.0084419 0.0139154 
1600000 2491 999.956 1430450.767 1587.965 3.921 0 0 0 0.0002012 0.0020121 0.0084851 0.0160075 
1610000 2502 998.101 1443411.418 1518.703 3.9054 0 0 0 0.0002076 0.0020758 0.0086336 0.0145479 
1620000 2512 998.449 1456362.312 1478.644 3.9227 0 0 0 0.0002172 0.0021725 0.0084774 0.0154655 
1630000 2522 998.733 1472328.675 1500.971 3.9173 0 0 0 0.0002069 0.0020687 0.0083536 0.0205958 
1640000 2532 998.964 1487029.5 1498.601 3.9123 0 0 0 0.0002089 0.0020885 0.0085068 0.0199945 
1650000 2542 999.154 1502397.807 1506.804 3.9217 0 0 0 0.0002026 0.0020256 0.0082266 0.0184876 
1660000 2552 999.309 1517797.277 1512.69 3.9162 0 0 0 0.0002054 0.0020535 0.0081174 0.0126893 
1670000 2562 999.435 1533857.091 1527.844 3.9332 0 0 0 0.0002124 0.0021244 0.008529 0.0177145 
1680000 2572 999.538 1547690.741 1503.317 3.9288 0 0 0 0.0002153 0.0021528 0.0085546 0.010868 
1690000 2582 999.623 1564774.427 1540.342 3.9193 0 0 0 0.0002133 0.0021334 0.0085437 0.0134782 
1700000 2592 999.692 1580843.147 1551.435 3.9269 0 0 0 0.0002132 0.0021322 0.0084979 0.0143508 
1710000 2602 999.748 1594274.856 1512.994 3.9195 0 0 0 0.0002024 0.0020245 0.0082132 0.0139631 
1720000 2612 984.313 1608292.733 1470.894 3.8577 0 0 0 0.0002106 0.0021065 0.0083428 0.0160035 
1730000 2622 987.182 1622137.182 1447.88 3.8754 0 0 0 0.0002061 0.0020614 0.0079464 0.0091459 
1740000 2632 989.527 1634038.275 1422.736 3.8796 0 0 0 0.0002156 0.0021559 0.0082915 0.0179637 
1750000 2642 991.443 1647185.471 1391.993 3.8972 0 0 0 0.0002235 0.0022348 0.008404 0.0105932 
1760000 2652 993.008 1661292.257 1394.911 3.8914 0 0 0 0.0002097 0.0020969 0.0083429 0.0130918 
1770000 2662 994.287 1674911.533 1381.887 3.8887 0 0 0 0.0002195 0.0021949 0.0085269 0.0201758 
1780000 2672 995.332 1689489.152 1405.817 3.9053 0 0 0 0.0002106 0.0021058 0.0078646 0.0110574 
1790000 2682 996.186 1705077.056 1435.747 3.903 0 0 0 0.0002187 0.0021873 0.0082221 0.0136168 
1800000 2692 996.884 1721991.433 1473.341 3.919 0 0 0 0.0002097 0.0020967 0.0080252 0.0158608 
1810000 2702 997.454 1740501.619 1541.803 3.9169 0 0 0 0.0002028 0.0020277 0.007928 0.0147806 
1820000 2712 997.92 1757639.535 1576.09 3.9127 0 0 0 0.0002051 0.0020511 0.0079982 0.0085489 
1830000 2722 998.3 1774649.417 1598.935 3.907 0 0 0 0.0002026 0.0020255 0.0079149 0.0145406 
1840000 2732 998.611 1792651.867 1633.122 3.9171 0 0 0 0.0002003 0.0020034 0.0079768 0.0098684 
1850000 2742 998.865 1812941.695 1705.599 3.9209 0 0 0 0.0002036 0.0020356 0.00777 0.014107 
1860000 2752 999.073 1833143.97 1765.016 3.9167 0 0 0 0.0002 0.0020003 0.0080165 0.0066353 
1870000 2762 999.242 1849110.324 1757.443 3.9294 0 0 0 0.0002043 0.0020434 0.0078289 0.0090221 
1880000 2772 999.381 1868824.796 1776.27 3.9192 0 0 0 0.0002006 0.0020063 0.0079739 0.012724 
1890000 2782 999.494 1887137.977 1792.368 3.9198 0 0 0 0.0002011 0.0020113 0.007837 0.0124833 
1900000 2792 999.587 1903789.03 1763.863 3.9254 0 0 0 0.0001975 0.0019745 0.0080262 0.0056536 
1910000 2802 999.662 1923571.689 1804.988 3.9189 0 0 0 0.0001908 0.0019079 0.0078081 0.0043349 
1920000 2812 999.724 1941995.901 1828.798 3.9295 0 0 0 0.0001931 0.0019307 0.0079108 0.01807 
1930000 2822 999.775 1960902.716 1823.425 3.9223 0 0 0 0.0001923 0.0019229 0.0079532 0.0167737 
1940000 2832 999.816 1979131.126 1824.738 3.9225 0 0 0 0.0001927 0.0019267 0.0079199 0.0160454 
1950000 2842 999.849 1996027.356 1797.697 3.9335 0 0 0 0.0001895 0.001895 0.0079431 0.0132424 
1960000 2852 999.877 2012546.494 1774.512 3.928 0 0 0 0.0001933 0.0019332 0.0081087 0.0104771 
1970000 2862 999.9 2030134.518 1769.677 3.9418 0 0 0 0.0001923 0.0019228 0.0081439 0.0159664 
1980000 2872 999.918 2046410.339 1762.988 3.9288 0 0 0 0.0001898 0.0018985 0.0081791 0.0123502 
1990000 2882 999.933 2063482.992 1734.729 3.9271 0 0 0 0.0001958 0.0019581 0.0083418 0.0171265 
2000000 2892 999.945 2080272.479 1723.341 3.9405 0 0 0 0.0002014 0.0020137 0.0085959 0.018715 
2010000 2902 999.955 2098359.004 1762.465 3.9251 0 0 0 0.0001944 0.0019443 0.0083318 0.0117778 
2020000 2912 999.963 2112173.236 1670.787 3.9371 0 0 0 0.0002006 0.0020065 0.0083526 0.0076779 
2030000 2922 999.97 2132155.265 1730.172 3.938 0 0 0 0.0001971 0.0019711 0.0083705 0.0249683 
2040000 2932 999.976 2151642.88 1773.675 3.9283 0 0 0 0.0001997 0.0019968 0.0083522 0.0117388 
2050000 2942 999.98 2172465.783 1825.14 3.9424 0 0 0 0.0002014 0.0020142 0.0084705 0.0200782 
2060000 2952 999.984 2193128.33 1869.866 3.9308 0 0 0 0.0002057 0.0020574 0.0084168 0.0214016 
2070000 2962 999.987 2213758.917 1907.346 3.9327 0 0 0 0.0001938 0.0019379 0.0082117 0.0145802 
2080000 2972 999.989 2234099.0 1927.03 3.9268 0 0 0 0.0001962 0.0019625 0.0082779 0.0176131 
2090000 2982 999.991 2254522.09 1950.942 3.9156 0 0 0 0.0001914 0.0019143 0.0080166 0.0210421 
2100000 2992 999.993 2274768.928 1960.786 3.9287 0 0 0 0.0001978 0.0019785 0.0082266 0.0177151 
2110000 3002 999.994 2293423.081 1948.471 3.9142 0 0 0 0.000201 0.0020104 0.008416 0.0235113 
2120000 3012 999.995 2313554.665 1953.975 3.9253 0 0 0 0.0001956 0.0019564 0.0083042 0.0184566 
2130000 3022 999.996 2334245.866 1980.033 3.9276 0 0 0 0.0001954 0.0019541 0.0083276 0.0177027 
2140000 3032 999.997 2354943.52 1994.434 3.922 0 0 0 0.0001946 0.0019461 0.0082036 0.0171451 
2150000 3042 999.997 2374690.084 1990.578 3.9356 0 0 0 0.0001961 0.0019615 0.0084334 0.0168818 
2160000 3052 999.998 2395124.998 1998.458 3.9245 0 0 0 0.0001959 0.0019592 0.0084387 0.0178969 
2170000 3062 999.998 2415048.944 1998.413 3.9308 0 0 0 0.0001946 0.0019456 0.0082667 0.0155809 
2180000 3072 999.999 2433935.084 1989.08 3.9364 0 0 0 0.0001928 0.0019283 0.0083989 0.0242608 
2190000 3082 999.999 2451913.677 1949.949 3.9273 0 0 0 0.0001919 0.0019194 0.0082333 0.0205842 
2200000 3092 999.999 2467121.114 1867.333 3.9469 0 0 0 0.0001887 0.0018873 0.0083298 0.0173655 
2210000 3102 999.999 2483747.084 1830.828 3.9349 0 0 0 0.0002007 0.0020065 0.0084405 0.0166703 
2220000 3112 999.999 2500996.129 1823.733 3.9298 0 0 0 0.0001965 0.0019645 0.0082204 0.0228935 
2230000 3122 999.999 2516461.037 1757.416 3.9385 0 0 0 0.0002032 0.0020322 0.0087051 0.0176889 
2240000 3132 1000.0 2534625.767 1768.782 3.932 0 0 0 0.0002079 0.0020788 0.0088473 0.0230406 
2250000 3142 1000.0 2552745.969 1776.095 3.9467 0 0 0 0.0002133 0.0021325 0.0090079 0.0184234 
2260000 3152 999.37 2571819.53 1798.583 3.9322 0 0 0 0.000213 0.00213 0.0091834 0.0196916 
2270000 3162 999.485 2591821.353 1841.707 3.9271 0 0 0 0.0002116 0.0021163 0.0091095 0.0167316 
2280000 3172 999.58 2610617.339 1842.451 3.9313 0 0 0 0.0002198 0.0021983 0.0093406 0.0168123 
2290000 3183 991.292 2627751.433 1804.877 3.8882 0 0 0 0.0002359 0.002359 0.00985 0.0177876 
2300000 3193 992.885 2646994.526 1831.822 3.9068 0 0 0 0.0002382 0.0023819 0.0098901 0.0148679 
2310000 3203 994.186 2665735.298 1837.594 3.902 0 0 0 0.0002354 0.0023536 0.0097711 0.0120712 
2320000 3213 995.25 2683790.708 1829.677 3.8965 0 0 0 0.000236 0.00236 0.0098095 0.0166378 
2330000 3223 996.119 2702583.483 1839.615 3.9094 0 0 0 0.0002306 0.0023057 0.0095795 0.0172487 
2340000 3233 996.829 2721258.714 1843.598 3.904 0 0 0 0.0002319 0.0023191 0.0097466 0.0169166 
2350000 3243 997.409 2738668.942 1825.291 3.9205 0 0 0 0.0002411 0.002411 0.0098808 0.0195764 
2360000 3253 997.883 2758397.42 1853.125 3.9141 0 0 0 0.000235 0.0023498 0.0096311 0.0105135 
2370000 3263 998.27 2778642.664 1889.958 3.9039 0 0 0 0.0002427 0.0024273 0.0097409 0.016825 
2380000 3273 998.587 2798366.147 1901.082 3.9125 0 0 0 0.0002424 0.0024241 0.0100105 0.0137437 
2390000 3283 998.845 2817652.989 1903.43 3.901 0 0 0 0.0002396 0.0023955 0.0099518 0.0196045 
2400000 3293 999.056 2837212.415 1912.958 3.9051 0 0 0 0.0002411 0.0024108 0.0099051 0.0191657 
2410000 3303 999.229 2857410.15 1933.588 3.905 0 0 0 0.0002298 0.0022985 0.0097792 0.0142744 
2420000 3313 999.37 2875738.369 1923.649 3.8902 0 0 0 0.0002232 0.0022319 0.0096732 0.0127374 
2430000 3323 999.485 2891197.81 1849.583 3.9087 0 0 0 0.000228 0.0022805 0.0097463 0.0192921 
2440000 3333 999.579 2906183.221 1788.612 3.8993 0 0 0 0.0002296 0.0022962 0.0096793 0.0137365 
2450000 3343 999.656 2922229.678 1758.544 3.9073 0 0 0 0.0002306 0.0023061 0.0098658 0.0169327 
2460000 3353 999.719 2931861.659 1611.544 3.9182 0 0 0 0.0002348 0.0023481 0.0097718 0.0155106 
2470000 3363 999.771 2946508.404 1580.904 3.9091 0 0 0 0.0002448 0.0024481 0.0099922 0.0207406 
2480000 3373 999.813 2964945.723 1633.382 3.9205 0 0 0 0.0002451 0.0024513 0.0101289 0.0101448 
2490000 3383 999.847 2983545.435 1671.255 3.9059 0 0 0 0.0002425 0.002425 0.0098888 0.013577 
2500000 3393 999.875 3003670.494 1740.302 3.8986 0 0 0 0.0002352 0.0023524 0.0098545 0.0126637 
2510000 3403 999.898 3023416.1 1779.748 3.9118 0 0 0 0.0002389 0.0023895 0.0097695 0.0220719 
2520000 3413 999.916 3042007.923 1791.91 3.9023 0 0 0 0.0002418 0.0024183 0.0098223 0.0209696 
2530000 3423 999.932 3059491.832 1786.88 3.9103 0 0 0 0.0002499 0.0024989 0.0098227 0.017261 
2540000 3433 999.944 3079228.376 1825.176 3.9091 0 0 0 0.0002419 0.0024194 0.0099007 0.0149222 
2550000 3443 999.954 3097515.816 1827.103 3.9027 0 0 0 0.0002448 0.0024481 0.0098886 0.0199292 
2560000 3453 999.963 3117334.253 1845.798 3.9125 0 0 0 0.0002452 0.0024522 0.0098623 0.0170975 
2570000 3463 999.97 3134712.019 1826.669 3.9009 0 0 0 0.0002482 0.0024815 0.010041 0.0112948 
2580000 3473 999.975 3155122.398 1866.242 3.9097 0 0 0 0.0002458 0.0024577 0.0098207 0.0148916 
2590000 3483 999.98 3175234.505 1892.155 3.9089 0 0 0 0.0002397 0.002397 0.0097714 0.0094188 
2600000 3493 999.983 3195528.956 1919.688 3.9067 0 0 0 0.0002422 0.0024224 0.0097566 0.0192825 
2610000 3503 999.986 3215269.146 1926.218 3.9241 0 0 0 0.0002362 0.0023617 0.0097985 0.0122327 
2620000 3513 999.989 3236287.143 1959.471 3.9245 0 0 0 0.0002394 0.0023939 0.0097028 0.0242938 
2630000 3523 999.991 3257106.318 1983.707 3.9269 0 0 0 0.0002385 0.0023845 0.0096291 0.0127644 
2640000 3533 999.993 3277761.825 1994.982 3.9318 0 0 0 0.0002237 0.0022375 0.0091399 0.0241115 
2650000 3543 999.994 3298433.926 2011.007 3.9253 0 0 0 0.0002196 0.0021962 0.0092301 0.0189125 
2660000 3553 999.995 3319567.311 2026.106 3.9399 0 0 0 0.0002074 0.0020744 0.0088543 0.0147911 
2670000 3563 999.996 3340790.318 2045.713 3.9289 0 0 0 0.0002069 0.0020693 0.0091958 0.016605 
2680000 3573 999.997 3359743.678 2018.538 3.9296 0 0 0 0.0002077 0.0020773 0.0088687 0.020213 
2690000 3583 999.997 3378937.968 1997.434 3.9332 0 0 0 0.0002014 0.0020139 0.0087447 0.0208404 
2700000 3593 999.998 3400771.448 2033.208 3.9213 0 0 0 0.0001985 0.0019848 0.0087089 0.0180676 
2710000 3603 999.998 3419396.476 1997.419 3.9399 0 0 0 0.0002035 0.002035 0.0086347 0.0253009 
2720000 3613 999.999 3437886.493 1968.554 3.9373 0 0 0 0.0001996 0.0019963 0.0088087 0.0218538 
2730000 3623 999.999 3458002.781 1977.59 3.9115 0 0 0 0.0001972 0.0019721 0.0085954 0.0169924 
2740000 3633 999.999 3477917.266 1985.275 3.8629 0 0 0 0.0002009 0.0020093 0.0088285 0.0230137 
2750000 3643 999.999 3496642.589 1962.39 3.8069 0 0 0 0.0001959 0.0019592 0.009054 0.0212776 
2760000 3653 999.999 3516476.649 1969.433 3.7553 0 0 0 0.0001991 0.0019909 0.0090204 0.0138164 
2770000 3663 999.999 3533695.27 1923.962 3.7183 0 0 0 0.000205 0.0020495 0.0092392 0.0220356 
2780000 3673 1000.0 3551232.573 1892.75 3.6854 0 0 0 0.0002119 0.0021186 0.0095749 0.0174473 
2790000 3683 1000.0 3573009.877 1942.352 3.6758 0 0 0 0.0002022 0.0020217 0.0091735 0.0129952 
2800000 3693 1000.0 3594118.854 1982.561 3.6998 0 0 0 0.0002034 0.0020335 0.0092925 0.0114782 
2810000 3703 1000.0 3614372.674 1985.86 3.7096 0 0 0 0.0002087 0.0020866 0.00949 0.0166312 
2820000 3713 1000.0 3634062.435 1977.311 3.7403 0 0 0 0.0002057 0.0020566 0.0095904 0.0138803 
2830000 3723 1000.0 3656498.621 2025.623 3.7603 0 0 0 0.0002049 0.0020493 0.0095634 0.0220149 
2840000 3733 1000.0 3677668.072 2043.467 3.7778 0 0 0 0.0001995 0.0019949 0.0093873 0.0162565 
2850000 3743 1000.0 3698729.796 2051.92 3.784 0 0 0 0.0002019 0.002019 0.0095333 0.0153244 
2860000 3753 1000.0 3718035.114 2031.967 3.7897 0 0 0 0.0002012 0.0020118 0.009704 0.0187103 
2870000 3763 1000.0 3738699.381 2037.033 3.8062 0 0 0 0.0001969 0.0019688 0.0096118 0.0193385 
2880000 3773 1000.0 3757651.424 2010.823 3.8176 0 0 0 0.0002021 0.0020208 0.0096564 0.0188486 
2890000 3783 1000.0 3768946.764 1847.996 3.84 0 0 0 0.0002073 0.0020731 0.0097634 0.0196148 
2900000 3793 1000.0 3785746.852 1819.922 3.8599 0 0 0 0.0002041 0.0020413 0.0097336 0.0194392 
2910000 3803 1000.0 3801558.515 1786.423 3.8683 0 0 0 0.0002101 0.0021007 0.0100058 0.0175938 
2920000 3814 986.672 3817724.653 1721.823 3.8337 0 0 0 0.0002211 0.0022111 0.0102287 0.017788 
2930000 3824 989.11 3832463.694 1677.642 3.8522 0 0 0 0.0002149 0.0021492 0.0103779 0.0149601 
2940000 3834 982.324 3847057.462 1624.95 3.8302 0 0 0 0.0002255 0.0022546 0.0106179 0.0193893 
2950000 3844 985.558 3861881.907 1599.108 3.8679 0 0 0 0.0002343 0.0023435 0.0110331 0.0158887 
2960000 3854 988.2 3874902.095 1549.053 3.9167 0 0 0 0.000225 0.0022503 0.0106385 0.0133874 
2970000 3864 990.358 3887524.165 1501.353 3.9544 0 0 0 0.0002381 0.0023813 0.0110328 0.0238753 
2980000 3874 992.122 3903437.753 1504.683 3.974 0 0 0 0.0002318 0.0023184 0.0111008 0.0150873 
2990000 3884 993.563 3918653.41 1508.972 3.994 0 0 0 0.0002372 0.0023716 0.0112715 0.0097336 
3000000 3894 994.741 3932630.706 1488.914 4.0112 0 0 0 0.0002438 0.0024375 0.0111843 0.010135 
3010000 3904 995.703 3948994.731 1515.926 4.015 0 0 0 0.0002451 0.0024514 0.0117184 0.0140588 
3020000 3914 996.489 3966149.63 1556.645 4.0181 0 0 0 0.0002433 0.0024334 0.0114104 0.0137501 
3030000 3924 997.131 3982959.197 1570.983 4.0322 0 0 0 0.0002521 0.0025214 0.0114953 0.0175441 
3040000 3934 997.656 4000281.516 1602.745 4.0363 0 0 0 0.0002595 0.0025946 0.0119099 0.0096279 
3050000 3944 998.085 4015240.939 1590.71 4.0416 0 0 0 0.0002566 0.0025656 0.0118344 0.0100996 
3060000 3954 998.435 4029036.779 1541.738 4.0484 0 0 0 0.0002581 0.0025813 0.0119328 0.0110742 
3070000 3964 998.721 4044510.833 1548.878 4.0604 0 0 0 0.0002703 0.0027026 0.0120473 0.014768 
3080000 3974 998.955 4056737.478 1479.927 4.063 0 0 0 0.0002712 0.0027121 0.0120645 0.0050354 
3090000 3984 999.146 4071737.06 1492.597 4.0626 0 0 0 0.0002647 0.0026473 0.012031 0.0126645 
3100000 3994 999.302 4084811.737 1459.22 4.0623 0 0 0 0.0002751 0.0027514 0.0123763 0.0136427 
3110000 4004 999.43 4101334.079 1488.492 4.0629 0 0 0 0.0002727 0.0027271 0.0122456 0.0124844 
3120000 4014 999.534 4119078.236 1540.541 4.0649 0 0 0 0.0002721 0.0027212 0.012123 0.0127042 
3130000 4024 999.62 4137239.849 1594.414 4.057 0 0 0 0.0002581 0.0025807 0.0118082 0.0096621 
3140000 4034 999.689 4156672.578 1660.461 4.0522 0 0 0 0.0002535 0.0025349 0.011843 0.0106222 
3150000 4044 999.746 4174122.78 1668.447 4.0501 0 0 0 0.0002456 0.0024558 0.0115392 0.0138065 
3160000 4054 999.792 4192071.136 1692.163 4.0505 0 0 0 0.0002408 0.0024084 0.0112228 0.0129533 
3170000 4064 999.83 4209490.408 1699.763 4.0494 0 0 0 0.0002377 0.0023774 0.0113774 0.0102448 
3180000 4074 999.861 4228757.166 1741.233 4.0479 0 0 0 0.000225 0.0022499 0.0108151 0.0069051 
3190000 4084 999.887 4246262.398 1744.059 4.0493 0 0 0 0.0002334 0.0023336 0.0111774 0.0149834 
3200000 4094 999.907 4265854.911 1783.446 4.053 0 0 0 0.0002366 0.0023656 0.0113573 0.0130892 
3210000 4104 999.924 4285547.327 1815.514 4.0489 0 0 0 0.0002261 0.0022611 0.0111203 0.0143299 
3220000 4114 999.938 4305432.728 1849.561 4.0505 0 0 0 0.0002243 0.0022431 0.0108996 0.013767 
3230000 4124 999.95 4323131.03 1844.2 4.0496 0 0 0 0.0002236 0.0022362 0.0106967 0.0148673 
3240000 4134 999.959 4341370.703 1829.882 4.0533 0 0 0 0.0002213 0.0022127 0.0107897 0.0125026 
3250000 4144 999.966 4360201.006 1838.262 4.055 0 0 0 0.0002119 0.0021189 0.0104201 0.0142033 
3260000 4154 999.972 4377742.106 1828.8 4.0563 0 0 0 0.0002112 0.0021124 0.0104158 0.0143336 
3270000 4164 999.978 4394198.641 1787.64 4.0528 0 0 0 0.0002168 0.0021676 0.0103905 0.0184005 
3280000 4174 999.982 4407886.541 1709.586 4.054 0 0 0 0.000218 0.00218 0.0102507 0.0175912 
3290000 4184 999.985 4424511.816 1704.036 4.0587 0 0 0 0.0002167 0.0021667 0.0102477 0.0116469 
3300000 4194 999.988 4444680.589 1759.359 4.056 0 0 0 0.0002123 0.0021228 0.0101613 0.0151287 
3310000 4204 999.99 4460394.179 1726.677 4.0515 0 0 0 0.000215 0.0021503 0.0105285 0.0147443 
3320000 4214 999.992 4477343.058 1721.522 4.0531 0 0 0 0.0002149 0.0021486 0.0099939 0.0144075 
3330000 4224 999.993 4496327.222 1752.954 4.0498 0 0 0 0.0002174 0.0021739 0.0102467 0.0179693 
3340000 4234 999.995 4514945.841 1775.565 4.0489 0 0 0 0.0002119 0.0021191 0.0102283 0.0144538 
3350000 4244 999.996 4531439.208 1753.559 4.0487 0 0 0 0.0002084 0.0020837 0.0099585 0.0155685 
3360000 4254 999.996 4551039.051 1790.498 4.0435 0 0 0 0.0002027 0.0020271 0.0097736 0.0139857 
3370000 4264 999.997 4570648.859 1821.807 4.045 0 0 0 0.0002029 0.0020287 0.0097153 0.0123237 
3380000 4274 999.998 4590359.129 1850.811 4.0407 0 0 0 0.0001901 0.0019006 0.0090184 0.0137867 
3390000 4284 999.998 4607403.043 1823.496 4.0419 0 0 0 0.0001995 0.0019955 0.0093597 0.0184086 
3400000 4294 999.998 4624436.014 1799.206 4.046 0 0 0 0.0001896 0.0018964 0.0088997 0.0065099 
3410000 4304 999.999 4645041.469 1843.769 4.0431 0 0 0 0.0001898 0.0018985 0.0087407 0.0178557 
3420000 4314 999.999 4665331.196 1878.757 4.0513 0 0 0 0.0001914 0.0019143 0.008776 0.0144011 
3430000 4324 999.999 4684806.933 1890.44 4.0521 0 0 0 0.0001928 0.0019281 0.009045 0.0156562 
3440000 4334 999.999 4705735.474 1934.141 4.0502 0 0 0 0.0001871 0.0018709 0.0090637 0.0187083 
3450000 4344 999.999 4726348.083 1955.743 4.0485 0 0 0 0.0001934 0.0019335 0.0089782 0.0175045 
3460000 4354 1000.0 4747373.802 1977.163 4.0508 0 0 0 0.0001822 0.001822 0.0086544 0.0115997 
3470000 4364 1000.0 4766278.354 1963.514 4.0608 0 0 0 0.0001862 0.0018622 0.0087981 0.0190428 
3480000 4374 1000.0 4786975.973 1982.526 4.0554 0 0 0 0.0001828 0.0018282 0.0086236 0.017776 
3490000 4384 1000.0 4806549.176 1995.8 4.047 0 0 0 0.0001833 0.0018334 0.0087385 0.0145554 
3500000 4395 987.573 4824456.172 1924.687 3.9986 0 0 0 0.0001839 0.0018393 0.0087301 0.0139433 
3510000 4405 989.847 4843925.17 1927.964 4.0066 0 0 0 0.0001868 0.0018679 0.0087945 0.0171326 
3520000 4415 991.704 4864565.257 1953.414 4.0123 0 0 0 0.0001862 0.0018619 0.0089527 0.0177767 
3530000 4425 993.221 4879751.311 1876.541 4.0291 0 0 0 0.0001918 0.0019179 0.0089652 0.0092542 
3540000 4435 994.461 4895043.911 1811.387 4.0379 0 0 0 0.0001916 0.0019159 0.008631 0.0165469 
3550000 4445 995.475 4916575.916 1877.56 4.0478 0 0 0 0.0001876 0.0018761 0.0087076 0.0197797 
3560000 4455 996.302 4935887.886 1885.428 4.0508 0 0 0 0.000189 0.0018898 0.0086394 0.0171651 
3570000 4465 996.979 4955818.552 1910.547 4.0514 0 0 0 0.0001864 0.0018641 0.0084542 0.0182665 
3580000 4475 997.531 4971883.29 1852.43 4.0538 0 0 0 0.0001959 0.0019586 0.0089324 0.0170953 
3590000 4485 997.983 4992379.495 1883.739 4.0559 0 0 0 0.0001894 0.0018944 0.0086634 0.0155992 
3600000 4495 998.352 5011949.02 1897.827 4.059 0 0 0 0.0001962 0.0019616 0.0088162 0.0135497 
3610000 4505 998.653 5031562.62 1904.47 4.0647 0 0 0 0.0002027 0.0020268 0.0089254 0.0163834 
3620000 4515 998.9 5052055.378 1933.515 4.0582 0 0 0 0.0002086 0.0020863 0.008934 0.0180068 
3630000 4526 985.246 5072055.96 1917.887 3.9984 0 0 0 0.0002011 0.0020109 0.0088369 0.0163733 
3640000 4536 986.654 5093722.983 1963.172 4.0062 0 0 0 0.0002008 0.0020075 0.0090366 0.0183097 
3650000 4546 989.095 5115849.789 2007.712 4.0245 0 0 0 0.0001992 0.001992 0.0089303 0.013421 
3660000 4556 991.09 5138592.96 2056.307 4.0252 0 0 0 0.0002076 0.002076 0.0091606 0.0159903 
3670000 4566 992.72 5160249.082 2073.453 4.0303 0 0 0 0.0002153 0.0021527 0.0095104 0.0127578 
3680000 4576 994.052 5181090.985 2074.936 4.0353 0 0 0 0.0002015 0.0020146 0.0089879 0.01319 
3690000 4586 995.14 5203080.813 2097.776 4.034 0 0 0 0.0002098 0.0020978 0.0090868 0.0195131 
3700000 4596 996.029 5224854.002 2113.605 4.038 0 0 0 0.0002015 0.002015 0.0088472 0.0179219 
3710000 4606 996.755 5246433.066 2123.466 4.0338 0 0 0 0.0001995 0.0019952 0.0088339 0.0162697 
3720000 4616 997.349 5269062.402 2149.111 4.0384 0 0 0 0.0001922 0.0019216 0.008588 0.0139436 
3730000 4626 997.834 5290715.108 2152.355 4.0351 0 0 0 0.0001857 0.001857 0.0084454 0.0127573 
3740000 4636 998.23 5312733.645 2162.142 4.0404 0 0 0 0.0001858 0.0018584 0.0085169 0.0151249 
3750000 4646 983.006 5332929.292 2097.161 3.9831 0 0 0 0.0001855 0.0018548 0.00847 0.016315 
3760000 4657 970.915 5353094.408 2049.873 3.9357 0 0 0 0.0001879 0.0018791 0.0086687 0.0190911 
3770000 4667 976.236 5371159.362 2008.905 3.9567 0 0 0 0.0001925 0.0019245 0.0085726 0.0130602 
3780000 4677 980.583 5392995.481 2040.486 3.9786 0 0 0 0.0001847 0.0018472 0.0085878 0.0209307 
3790000 4687 984.135 5412346.939 2023.536 3.9899 0 0 0 0.0001839 0.0018391 0.0085973 0.0163952 
3800000 4697 987.037 5428943.766 1956.835 4.0021 0 0 0 0.0001952 0.0019518 0.0090881 0.0189707 
3810000 4707 989.408 5448979.783 1962.657 4.0108 0 0 0 0.0001866 0.0018658 0.0087357 0.0188142 
3820000 4717 991.346 5470370.737 1995.53 4.0193 0 0 0 0.0001861 0.0018609 0.0088487 0.0129005 
3830000 4727 992.929 5492101.242 2025.287 4.0289 0 0 0 0.0001854 0.0018536 0.0087311 0.0149982 
3840000 4737 994.222 5514002.125 2057.831 4.0304 0 0 0 0.0001801 0.0018013 0.0085791 0.0149707 
3850000 4747 995.279 5535767.982 2078.117 4.0349 0 0 0 0.000179 0.00179 0.0086385 0.0184426 
3860000 4757 996.143 5556474.516 2077.919 4.0426 0 0 0 0.000179 0.0017897 0.0085971 0.0195509 
3870000 4767 996.848 5573913.039 2023.003 4.0435 0 0 0 0.000184 0.0018401 0.0086176 0.0202123 
3880000 4777 997.425 5592820.522 1988.362 4.0581 0 0 0 0.0001788 0.0017881 0.0084901 0.0183088 
3890000 4787 997.896 5613562.434 2008.078 4.0641 0 0 0 0.0001793 0.0017928 0.0085841 0.0067636 
3900000 4797 998.281 5634274.946 2019.414 4.0661 0 0 0 0.0001861 0.0018611 0.0087409 0.0141712 
3910000 4807 998.595 5652569.576 1980.188 4.0665 0 0 0 0.0001903 0.0019029 0.0090436 0.0178627 
3920000 4817 998.852 5673145.841 1991.553 4.0572 0 0 0 0.000185 0.0018501 0.0088328 0.0159281 
3930000 4827 999.062 5695013.698 2031.329 4.0588 0 0 0 0.0001812 0.0018116 0.0087179 0.0095686 
3940000 4837 999.234 5714881.752 2022.055 4.058 0 0 0 0.000192 0.00192 0.0088571 0.0153349 
3950000 4847 996.056 5736105.236 2038.246 4.0386 0 0 0 0.0001841 0.0018406 0.0087874 0.0193622 
3960000 4857 996.777 5757638.565 2051.839 4.0376 0 0 0 0.0001947 0.0019468 0.0091207 0.0196631 
3970000 4867 997.367 5774410.607 1984.195 4.0414 0 0 0 0.0001876 0.0018763 0.0087621 0.0130745 
3980000 4877 997.848 5795536.501 2003.735 4.0428 0 0 0 0.0001955 0.0019554 0.0090613 0.0210304 
3990000 4887 998.242 5810813.722 1931.761 4.0536 0 0 0 0.0001918 0.001918 0.0087576 0.0138792 
4000000 4897 998.564 5826047.928 1843.404 4.0535 0 0 0 0.0001977 0.0019772 0.0088626 0.0135098 
