10000 15 172.771 4280.082 74.627 0.3628 0 0 0 0.0 0.0 
20000 28 306.839 8443.205 129.203 0.6472 0 0 0 0.0 0.0 
30000 51 366.949 10128.136 112.101 3.41 0 0 0 0.1591577 0.0143345 
40000 135 119.541 12418.007 30.633 1.533 0 0 0 0.1536953 0.0175789 
50000 471 77.917 14044.945 25.629 1.3186 0 0 0 0.1463984 0.020831 
60000 487 218.928 17753.773 76.636 3.7668 0 0 0 0.1442214 0.0247103 
70000 498 372.538 21788.382 141.164 6.4005 0 0 0 0.1518826 0.0278258 
80000 510 462.291 26686.272 195.114 7.9842 0 0 0 0.1474705 0.0316338 
90000 520 560.653 32039.027 253.937 9.6773 0 0 0 0.1430857 0.0349384 
100000 530 641.021 36604.101 295.434 11.0443 0 0 0 0.1358385 0.0382928 
110000 540 706.688 43084.941 354.759 12.1998 0 0 0 0.1356611 0.0411795 
120000 550 760.343 47898.893 383.047 13.1557 0 0 0 0.1352839 0.0448218 
130000 560 804.183 53689.138 415.254 13.8707 0 0 0 0.1342586 0.0468298 
140000 570 840.003 59660.274 451.846 14.5025 0 0 0 0.1247903 0.0505632 
150000 580 869.271 65086.257 467.724 15.0363 0 0 0 0.1256943 0.0535129 
160000 590 893.185 70339.093 478.455 15.4338 0 0 0 0.1252164 0.0570288 
170000 600 912.724 75586.061 489.191 15.7681 0 0 0 0.1198952 0.059231 
180000 610 928.689 81829.857 512.264 16.0142 0 0 0 0.1165463 0.0619814 
190000 620 941.734 88298.348 533.876 16.2591 0 0 0 0.1094375 0.0643602 
200000 631 940.705 94805.883 550.738 16.2707 0 0 0 0.1071257 0.0667839 
210000 642 932.744 100407.266 541.313 16.1416 0 0 0 0.1039516 0.063518 
220000 652 945.047 106202.388 545.618 16.3525 0 0 0 0.0998696 0.0605318 
230000 662 955.1 112519.24 563.417 16.4859 0 0 0 0.0975463 0.0588514 
240000 672 963.313 119288.796 584.033 16.6218 0 0 0 0.092269 0.0565421 
250000 682 970.024 126460.418 608.317 16.7695 0 0 0 0.0943994 0.0559334 
260000 692 975.508 132631.601 612.074 16.8186 0 0 0 0.0945719 0.0544595 
270000 702 979.988 137843.154 591.807 16.9441 0 0 0 0.0936941 0.052698 
280000 712 983.649 143732.66 596.371 17.0105 0 0 0 0.0927491 0.0510776 
290000 723 973.587 149269.971 578.685 16.8515 0 0 0 0.0824245 0.0500828 
300000 733 978.419 156325.337 602.334 16.9443 0 0 0 0.0857182 0.04934 
310000 743 982.366 162724.798 607.808 17.0088 0 0 0 0.0861319 0.0477716 
320000 753 985.592 168302.912 598.167 17.0691 0 0 0 0.0867127 0.0471471 
330000 763 988.228 174284.312 598.059 17.1081 0 0 0 0.0840736 0.0459269 
340000 773 990.381 180751.235 607.609 17.1322 0 0 0 0.0827462 0.0443036 
350000 783 992.141 187888.941 625.472 17.2246 0 0 0 0.078449 0.04368 
360000 793 993.578 195123.893 644.55 17.2946 0 0 0 0.0821529 0.0427391 
370000 803 980.622 200163.865 612.362 17.0893 0 0 0 0.0766024 0.0427472 
380000 813 984.167 206368.239 610.687 17.1282 0 0 0 0.0857072 0.0426353 
390000 823 987.063 212722.647 615.936 17.2088 0 0 0 0.0796256 0.0421025 
400000 833 989.43 219733.184 636.289 17.2046 0 0 0 0.0859937 0.0427313 
410000 843 991.363 227470.643 653.223 17.2221 0 0 0 0.08046 0.0426713 
420000 853 992.943 235748.997 687.14 17.254 0 0 0 0.0818967 0.0428533 
430000 863 994.234 243947.894 712.813 17.2622 0 0 0 0.0794462 0.0415944 
440000 873 995.289 251920.829 729.728 17.2215 0 0 0 0.0772151 0.0421184 
450000 883 996.151 260196.953 743.3 17.2351 0 0 0 0.072855 0.0404253 
460000 895 965.161 267618.707 724.181 16.6718 0 0 0 0.0768169 0.0409199 
470000 905 971.534 273655.131 699.256 16.8036 0 0 0 0.074298 0.0412116 
480000 915 976.741 281138.879 710.093 16.9089 0 0 0 0.0798453 0.0402673 
490000 925 980.996 289398.259 728.813 17.0336 0 0 0 0.0713053 0.0399175 
500000 935 984.472 298844.471 767.483 17.0752 0 0 0 0.0712102 0.0378753 
510000 945 987.313 307589.027 785.83 17.1414 0 0 0 0.0652503 0.0381944 
520000 955 989.634 317120.178 818.537 17.1395 0 0 0 0.0632946 0.0365438 
530000 965 991.53 326711.907 841.04 17.1987 0 0 0 0.0675516 0.0350108 
540000 975 993.079 335437.84 847.995 17.2141 0 0 0 0.0663428 0.0340045 
550000 985 994.345 344669.16 861.784 17.2124 0 0 0 0.063862 0.0338813 
560000 995 994.616 354721.596 886.175 17.2774 0 0 0 0.0572999 0.0316417 
570000 1005 995.601 364775.491 909.051 17.2854 0 0 0 0.0502598 0.0296566 
580000 1015 996.405 375957.122 948.697 17.2531 0 0 0 0.05017 0.0272287 
590000 1025 997.063 384758.065 933.428 17.3186 0 0 0 0.0473839 0.0259605 
600000 1035 997.6 395394.809 960.368 17.3062 0 0 0 0.0400506 0.0239231 
610000 1045 998.039 406401.798 986.708 17.3048 0 0 0 0.0430677 0.0227546 
620000 1055 998.398 417255.277 1008.726 17.3932 0 0 0 0.0394876 0.0215923 
630000 1065 998.691 428893.17 1030.087 17.3892 0 0 0 0.0387176 0.0211108 
640000 1075 998.93 441645.872 1078.642 17.3822 0 0 0 0.0380721 0.0193637 
650000 1085 999.126 453393.676 1094.295 17.4107 0 0 0 0.0327486 0.0187294 
660000 1095 999.286 465820.801 1121.714 17.3719 0 0 0 0.0344815 0.0171227 
670000 1105 999.417 476428.802 1112.634 17.3248 0 0 0 0.0283132 0.0164232 
680000 1115 999.523 488944.187 1135.051 17.2947 0 0 0 0.0273361 0.0148524 
690000 1125 999.61 502455.506 1177.569 17.3177 0 0 0 0.0262125 0.0142984 
700000 1135 999.682 513569.501 1171.137 17.2587 0 0 0 0.0259753 0.0140979 
710000 1145 999.74 524571.012 1150.612 17.2626 0 0 0 0.0230464 0.0130071 
720000 1155 999.788 536132.089 1152.246 17.3004 0 0 0 0.0258663 0.0131551 
730000 1165 999.826 545250.601 1117.906 17.3197 0 0 0 0.0281592 0.0137132 
740000 1175 999.858 555568.874 1098.769 17.3293 0 0 0 0.0248682 0.0139224 
750000 1185 999.884 566976.465 1104.391 17.347 0 0 0 0.026104 0.0133356 
760000 1195 999.905 578429.368 1117.091 17.3464 0 0 0 0.0294541 0.0148462 
770000 1205 999.923 591146.853 1140.152 17.3436 0 0 0 0.0260712 0.0134147 
780000 1215 999.937 603170.67 1156.045 17.3322 0 0 0 0.0280366 0.01393 
790000 1225 999.948 614539.079 1151.52 17.3167 0 0 0 0.0297393 0.0141468 
800000 1235 999.958 626135.405 1158.356 17.3491 0 0 0 0.0277366 0.0147809 
810000 1245 999.966 639524.097 1185.211 17.3371 0 0 0 0.0280433 0.0149316 
820000 1255 999.972 653224.78 1217.735 17.3474 0 0 0 0.0274913 0.0141903 
830000 1265 999.977 666437.362 1236.042 17.3499 0 0 0 0.0272788 0.0155098 
840000 1275 999.981 681550.414 1284.818 17.3256 0 0 0 0.0310672 0.0147762 
850000 1285 999.985 696236.588 1319.875 17.2969 0 0 0 0.0290807 0.0146142 
860000 1295 999.987 709202.721 1314.776 17.3486 0 0 0 0.0297163 0.0146365 
870000 1305 999.99 725876.225 1381.575 17.3585 0 0 0 0.0294338 0.0134195 
880000 1315 999.992 740037.956 1385.986 17.2679 0 0 0 0.0297834 0.0142244 
890000 1325 999.993 753769.533 1381.986 17.3232 0 0 0 0.03187 0.0143334 
900000 1335 999.994 766104.677 1361.866 17.2503 0 0 0 0.0309891 0.0135248 
910000 1345 999.995 781206.108 1394.253 17.2896 0 0 0 0.0321396 0.0129805 
920000 1355 999.996 795328.716 1400.582 17.2752 0 0 0 0.0313797 0.0124976 
930000 1365 999.997 811777.607 1432.637 17.2965 0 0 0 0.0281838 0.0115578 
940000 1375 999.998 827938.505 1462.841 17.2762 0 0 0 0.0275537 0.0105861 
950000 1385 999.998 842310.805 1464.089 17.2467 0 0 0 0.0247636 0.0108054 
960000 1395 999.998 854925.606 1418.052 17.2144 0 0 0 0.0260078 0.0096782 
970000 1405 999.999 867603.0 1400.571 17.1644 0 0 0 0.0256628 0.0102677 
980000 1415 999.999 882274.27 1403.493 17.199 0 0 0 0.0283167 0.0094766 
990000 1425 999.999 897731.529 1432.266 17.1941 0 0 0 0.0228713 0.0087732 
1000000 1435 999.999 911781.308 1425.048 17.2083 0 0 0 0.0232001 0.0083677 
1010000 1445 999.999 928107.682 1463.888 17.1999 0 0 0 0.022321 0.0078435 
1020000 1455 1000.0 942713.666 1463.115 17.2787 0 0 0 0.023113 0.0073266 
1030000 1465 1000.0 958283.911 1481.077 17.2602 0 0 0 0.021844 0.0073831 
1040000 1475 1000.0 974899.124 1513.681 17.2373 0 0 0 0.0208176 0.0071684 
1050000 1485 1000.0 993047.546 1568.889 17.1778 0 0 0 0.0212939 0.0074403 
1060000 1495 1000.0 1011676.719 1636.712 17.1476 0 0 0 0.0181262 0.0065436 
1070000 1505 1000.0 1029420.891 1659.88 17.1411 0 0 0 0.0177023 0.0063456 
1080000 1515 1000.0 1048603.555 1702.42 17.1679 0 0 0 0.0193271 0.0059802 
1090000 1525 1000.0 1063910.426 1666.401 17.1668 0 0 0 0.0186046 0.0052712 
1100000 1535 1000.0 1081078.776 1676.817 17.1921 0 0 0 0.0155591 0.0041629 
1110000 1545 1000.0 1098444.564 1691.059 17.2007 0 0 0 0.0161435 0.0043188 
1120000 1555 1000.0 1117618.903 1728.688 17.2091 0 0 0 0.0157524 0.0042861 
1130000 1565 1000.0 1136387.077 1756.192 17.2036 0 0 0 0.0135069 0.0034936 
1140000 1575 1000.0 1154399.77 1764.259 17.2436 0 0 0 0.01263 0.003634 
1150000 1585 1000.0 1171109.539 1748.667 17.2633 0 0 0 0.012698 0.0029111 
1160000 1595 1000.0 1186764.546 1716.165 17.2459 0 0 0 0.0104353 0.0026389 
1170000 1605 1000.0 1205200.943 1735.706 17.2528 0 0 0 0.0108433 0.0011884 
1180000 1615 1000.0 1223552.264 1754.967 17.2944 0 0 0 0.0087358 0.0009756 
1190000 1625 1000.0 1240900.125 1754.645 18.1004 0 0 0 0.0066725 0.0010449 
1200000 1635 1000.0 1255810.868 1705.32 18.0376 0 0 0 0.0091027 0.00109 
1210000 1645 1000.0 1271693.521 1684.416 18.0469 0 0 0 0.0085174 0.0009263 
1220000 1655 1000.0 1290521.57 1719.994 18.0237 0 0 0 0.0080974 0.0007125 
1230000 1666 984.48 1306780.81 1681.437 17.6928 0 0 0 0.0102998 0.0003654 
1240000 1676 987.319 1327053.264 1741.728 17.724 0 0 0 0.0084762 -4.6e-05 
1250000 1686 989.639 1346978.604 1786.491 16.8827 0 0 0 0.0085792 -0.0002135 
1260000 1696 991.534 1366841.568 1819.772 17.0595 0 0 0 0.006734 -0.0001343 
1270000 1706 993.083 1385448.604 1828.575 17.3375 0 0 0 0.0089232 6.32e-05 
1280000 1716 994.348 1404735.627 1849.374 17.559 0 0 0 0.008934 -0.0001062 
1290000 1726 995.382 1424587.717 1887.313 17.7081 0 0 0 0.0062252 -0.0004908 
1300000 1736 996.227 1443911.191 1885.416 17.8439 0 0 0 0.0064726 -0.0012071 
1310000 1746 996.917 1461340.389 1854.052 17.9229 0 0 0 0.007492 -0.0011158 
1320000 1756 997.481 1478555.897 1838.666 18.0503 0 0 0 0.0094198 -0.0004269 
1330000 1766 992.283 1496590.422 1812.917 17.9968 0 0 0 0.0085443 -0.000437 
1340000 1776 993.695 1516210.866 1842.751 18.1029 0 0 0 0.0090358 -0.0006699 
1350000 1786 994.848 1533134.722 1821.161 18.2198 0 0 0 0.0116188 6.63e-05 
1360000 1796 995.791 1550561.693 1798.757 18.2983 0 0 0 0.0086682 -0.0001297 
1370000 1807 987.025 1568826.114 1790.776 18.1906 0 0 0 0.0097364 0.0002378 
1380000 1817 989.399 1589424.153 1836.017 18.2635 0 0 0 0.0105262 -0.0001396 
1390000 1827 991.338 1610010.179 1877.043 18.3495 0 0 0 0.0094235 0.0005283 
1400000 1837 992.923 1629231.618 1886.056 18.4342 0 0 0 0.0080639 -0.000652 
1410000 1847 994.217 1648007.83 1883.802 18.4625 0 0 0 0.0070121 -0.0005403 
1420000 1858 981.913 1666795.809 1857.27 18.2813 0 0 0 0.0092423 -0.0004841 
1430000 1868 985.221 1686294.168 1873.587 18.3955 0 0 0 0.0070585 -0.0006462 
1440000 1878 987.925 1706218.542 1896.04 18.4409 0 0 0 0.0073519 -0.0006842 
1450000 1888 990.134 1723870.575 1871.964 18.5305 0 0 0 0.007877 0.0001575 
1460000 1898 991.939 1745022.233 1917.232 18.5988 0 0 0 0.0071031 -9.9e-05 
1470000 1908 993.413 1763996.69 1914.801 18.6657 0 0 0 0.0064304 0.0001252 
1480000 1918 994.618 1784738.788 1945.049 18.6854 0 0 0 0.006518 0.0004231 
1490000 1928 995.603 1805185.894 1963.072 18.7038 0 0 0 0.0073902 0.0001849 
1500000 1938 996.407 1826012.428 1984.859 18.7708 0 0 0 0.0062378 -5.56e-05 
1510000 1948 997.064 1847498.663 2016.162 18.8513 0 0 0 0.0073294 4.47e-05 
1520000 1958 997.601 1869087.537 2042.54 18.8829 0 0 0 0.0055136 -0.0002823 
1530000 1968 998.04 1890478.97 2059.412 18.8655 0 0 0 0.0059815 -0.0005427 
1540000 1978 998.399 1911303.229 2064.365 18.9128 0 0 0 0.0051625 0.0001159 
1550000 1988 998.692 1931431.084 2053.511 18.8815 0 0 0 0.0034662 0.0003421 
1560000 1998 998.931 1949008.772 1998.27 18.8676 0 0 0 0.0036416 -0.0001734 
1570000 2008 999.092 1967844.799 1979.071 18.8755 0 0 0 0.0041205 -0.0004307 
1580000 2018 999.258 1989340.902 2010.498 18.8422 0 0 0 0.0035117 -0.000114 
1590000 2028 999.394 2010414.005 2029.508 18.8575 0 0 0 0.0032717 -0.0005409 
1600000 2038 999.505 2030957.192 2034.631 18.8611 0 0 0 0.0029974 -5.85e-05 
1610000 2048 999.595 2051829.105 2044.102 18.8309 0 0 0 0.0025903 -0.0004246 
1620000 2058 999.669 2072231.397 2043.093 18.8626 0 0 0 0.0019966 -0.0009408 
1630000 2068 999.73 2092373.826 2037.188 18.8652 0 0 0 0.0025641 -0.0009931 
1640000 2078 999.779 2113102.33 2042.833 18.8744 0 0 0 0.0046038 -7.99e-05 
1650000 2088 999.82 2133257.296 2038.949 18.8472 0 0 0 0.0032096 -0.0004045 
1660000 2098 999.853 2154493.374 2054.82 18.9182 0 0 0 0.0037612 -0.0002431 
1670000 2108 999.88 2176130.477 2074.766 18.9085 0 0 0 0.003199 -0.0005236 
1680000 2118 999.902 2195678.886 2052.679 18.89 0 0 0 0.0048382 -8.64e-05 
1690000 2128 999.92 2214701.38 2023.379 18.8814 0 0 0 0.0068065 -8.35e-05 
1700000 2138 999.934 2236084.064 2045.365 18.922 0 0 0 0.0055857 -3.6e-06 
1710000 2148 999.946 2255304.675 2025.542 18.881 0 0 0 0.0044047 0.0007133 
1720000 2158 999.956 2273139.624 1982.006 18.9206 0 0 0 0.0046602 0.0004174 
1730000 2168 999.964 2289002.458 1907.845 18.9322 0 0 0 0.0065645 0.0019338 
1740000 2178 999.971 2308357.433 1911.617 18.8789 0 0 0 0.0081061 0.0015606 
1750000 2188 999.976 2326413.788 1891.816 18.9454 0 0 0 0.0102253 0.0024248 
1760000 2198 999.98 2339783.898 1789.18 19.0114 0 0 0 0.0121754 0.0029949 
1770000 2208 999.984 2358050.305 1792.151 18.9917 0 0 0 0.01285 0.0031479 
1780000 2218 999.987 2379305.263 1854.953 18.9315 0 0 0 0.01143 0.0036638 
1790000 2228 999.989 2401370.584 1917.834 18.9569 0 0 0 0.0114131 0.0037858 
1800000 2238 995.21 2419802.725 1891.151 18.8631 0 0 0 0.0123114 0.0039802 
1810000 2248 996.086 2441165.194 1937.115 18.8342 0 0 0 0.014104 0.0041078 
1820000 2258 996.802 2462836.047 1981.102 18.8266 0 0 0 0.0120588 0.0040945 
1830000 2268 997.387 2482031.504 1975.811 18.8755 0 0 0 0.0128699 0.004398 
1840000 2278 997.865 2502932.597 1991.626 18.8592 0 0 0 0.0129042 0.0046135 
1850000 2288 998.256 2523855.747 2011.7 18.7971 0 0 0 0.0118975 0.0039001 
1860000 2298 998.575 2543150.794 1994.769 18.7659 0 0 0 0.0126318 0.0048769 
1870000 2308 998.835 2564890.067 2029.176 18.7986 0 0 0 0.012618 0.0044333 
1880000 2318 999.048 2586563.681 2054.215 18.8258 0 0 0 0.0132549 0.0043631 
1890000 2328 999.223 2607820.517 2069.75 18.8443 0 0 0 0.0111243 0.0039858 
1900000 2338 999.365 2629144.662 2077.841 18.8878 0 0 0 0.0122564 0.0045698 
1910000 2348 999.481 2650133.71 2078.152 18.911 0 0 0 0.0105673 0.0045296 
1920000 2358 999.576 2672376.207 2106.56 18.9028 0 0 0 0.0115729 0.0039627 
1930000 2368 999.653 2694427.374 2127.197 18.9235 0 0 0 0.0114791 0.0034279 
1940000 2378 999.717 2711975.176 2057.893 18.8963 0 0 0 0.0120739 0.0039849 
1950000 2388 999.769 2722972.118 1881.097 18.909 0 0 0 0.0109703 0.0046826 
1960000 2398 999.811 2739312.803 1839.174 18.9583 0 0 0 0.010046 0.0042906 
1970000 2408 999.846 2758311.458 1850.991 18.9891 0 0 0 0.007877 0.0036945 
1980000 2418 999.874 2776509.937 1847.212 18.9598 0 0 0 0.0104793 0.0041653 
1990000 2428 999.897 2796229.181 1866.394 18.9411 0 0 0 0.0097735 0.0043892 
2000000 2438 999.916 2817069.963 1904.94 18.9242 0 0 0 0.0103497 0.0042549 
2010000 2448 999.931 2837861.518 1939.148 18.8902 0 0 0 0.0088336 0.0040933 
2020000 2458 999.944 2858113.217 1952.03 18.9339 0 0 0 0.0099049 0.0043457 
2030000 2468 999.954 2878515.475 1970.221 18.913 0 0 0 0.0106129 0.0042765 
2040000 2478 999.962 2897944.308 1960.423 18.8598 0 0 0 0.009275 0.0053919 
2050000 2488 992.581 2915890.508 1918.122 18.7197 0 0 0 0.0106486 0.004534 
2060000 2498 993.938 2934889.514 1914.103 18.7379 0 0 0 0.0088884 0.0049797 
2070000 2508 995.047 2954493.95 1917.816 18.7824 0 0 0 0.0093785 0.0052898 
2080000 2519 983.065 2971416.454 1857.023 18.6022 0 0 0 0.011172 0.0054637 
2090000 2529 986.163 2993044.045 1910.217 18.6938 0 0 0 0.0103687 0.005876 
2100000 2539 988.694 3014493.493 1952.428 18.7562 0 0 0 0.0103159 0.005369 
2110000 2549 990.762 3034495.544 1960.422 18.8198 0 0 0 0.0114742 0.0057877 
2120000 2559 992.452 3052143.357 1927.495 18.9038 0 0 0 0.0113344 0.0065446 
2130000 2569 993.833 3071072.824 1923.784 18.909 0 0 0 0.0114528 0.0069948 
2140000 2579 994.961 3086753.581 1854.063 18.9353 0 0 0 0.0116126 0.0074773 
2150000 2589 995.883 3108107.883 1904.179 18.9128 0 0 0 0.011182 0.0059567 
2160000 2599 996.636 3125535.986 1876.173 18.9055 0 0 0 0.0121458 0.0056783 
2170000 2609 997.251 3144376.791 1877.179 18.9209 0 0 0 0.0104708 0.0060674 
2180000 2619 997.754 3165351.213 1930.634 18.9534 0 0 0 0.0132223 0.0062727 
2190000 2629 998.165 3185248.939 1926.172 18.9809 0 0 0 0.0109224 0.0055497 
2200000 2639 998.501 3208004.636 1989.403 18.9928 0 0 0 0.0119124 0.005924 
2210000 2649 998.775 3227460.133 1984.091 18.9828 0 0 0 0.0117597 0.0057114 
2220000 2659 998.999 3245205.132 1940.674 18.981 0 0 0 0.0152479 0.0064606 
2230000 2669 999.182 3267111.727 1987.59 18.9824 0 0 0 0.0133634 0.0054466 
2240000 2679 999.332 3285148.638 1958.522 18.9739 0 0 0 0.0115197 0.0057785 
2250000 2689 999.454 3302574.153 1915.324 18.9879 0 0 0 0.0127656 0.0060632 
2260000 2699 999.554 3318528.904 1869.725 18.9924 0 0 0 0.0169212 0.0067073 
2270000 2709 999.635 3335998.775 1836.855 18.9598 0 0 0 0.0162573 0.0071508 
2280000 2719 999.702 3353375.189 1820.68 19.0103 0 0 0 0.0160035 0.0062899 
2290000 2729 999.757 3372652.621 1838.949 19.0047 0 0 0 0.0147984 0.0070395 
2300000 2739 999.801 3388767.702 1798.918 18.9434 0 0 0 0.0185312 0.0074517 
2310000 2749 999.838 3405623.278 1776.369 18.9638 0 0 0 0.020016 0.0078934 
2320000 2759 999.867 3423404.032 1787.779 18.987 0 0 0 0.016221 0.0078032 
2330000 2770 986.82 3441026.7 1755.258 18.7627 0 0 0 0.0182124 0.0084497 
2340000 2780 989.231 3460058.158 1785.225 18.8083 0 0 0 0.0163762 0.0077227 
2350000 2790 991.201 3479710.009 1820.408 18.8254 0 0 0 0.0176769 0.0077308 
2360000 2800 992.81 3501012.873 1875.396 18.8611 0 0 0 0.0158481 0.0077609 
2370000 2810 994.126 3521358.353 1905.106 18.8613 0 0 0 0.0150162 0.008166 
2380000 2820 995.2 3539193.231 1882.652 18.904 0 0 0 0.0172701 0.0079663 
2390000 2830 996.078 3559941.316 1916.161 18.8897 0 0 0 0.0158932 0.0081203 
2400000 2841 982.102 3575677.16 1826.25 18.6149 0 0 0 0.0162382 0.0082768 
2410000 2851 981.631 3588446.316 1723.579 18.645 0 0 0 0.0206705 0.0099307 
2420000 2861 984.992 3605105.894 1707.616 18.6937 0 0 0 0.0193193 0.0110174 
2430000 2871 987.737 3625446.019 1767.33 18.7504 0 0 0 0.0168677 0.0103745 
2440000 2881 989.98 3645519.445 1811.761 18.7875 0 0 0 0.0161563 0.0094024 
2450000 2891 991.813 3667043.696 1873.955 18.9249 0 0 0 0.0160006 0.0085597 
2460000 2901 993.311 3689541.585 1942.233 18.8758 0 0 0 0.016242 0.0084854 
2470000 2911 994.534 3710851.933 1974.509 18.8205 0 0 0 0.0144408 0.0083287 
2480000 2921 995.534 3732971.376 2018.013 18.8519 0 0 0 0.0146 0.0078076 
2490000 2931 996.351 3756582.106 2082.092 18.8505 0 0 0 0.0123383 0.0073362 
2500000 2941 997.019 3778872.705 2111.035 18.8052 0 0 0 0.0121326 0.0067384 
2510000 2951 997.564 3801872.24 2143.795 18.8366 0 0 0 0.0116584 0.0062693 
2520000 2961 998.01 3824210.18 2159.381 18.8255 0 0 0 0.0112298 0.0056375 
2530000 2971 998.374 3845144.313 2149.109 18.8485 0 0 0 0.0110727 0.0045245 
2540000 2981 998.671 3866982.448 2154.443 18.9499 0 0 0 0.0091779 0.004578 
2550000 2991 998.914 3886451.556 2115.077 18.9436 0 0 0 0.0081327 0.0040965 
2560000 3001 999.113 3906194.204 2090.139 19.0065 0 0 0 0.007622 0.0040731 
2570000 3011 999.275 3925418.308 2061.468 19.0233 0 0 0 0.0075437 0.0044353 
2580000 3021 999.408 3946207.49 2071.03 18.9686 0 0 0 0.0075796 0.0041345 
2590000 3032 983.181 3964839.718 1998.914 18.6503 0 0 0 0.0078405 0.0051144 
2600000 3042 986.258 3981868.865 1947.128 18.7334 0 0 0 0.0075288 0.0046966 
2610000 3052 988.772 4000420.381 1929.719 18.7839 0 0 0 0.0063773 0.0053548 
2620000 3062 990.826 4021029.916 1955.067 18.8223 0 0 0 0.0050788 0.0039485 
2630000 3072 992.504 4042504.483 1990.097 18.8635 0 0 0 0.004562 0.0042203 
2640000 3082 993.875 4063418.015 2005.306 18.8716 0 0 0 0.0048806 0.0047949 
2650000 3092 994.996 4083055.064 1998.825 18.9362 0 0 0 0.0056138 0.0049738 
2660000 3102 995.911 4102998.479 1996.601 18.9226 0 0 0 0.006502 0.0058958 
2670000 3112 992.474 4122983.894 1984.565 18.8339 0 0 0 0.0064079 0.0066932 
2680000 3122 993.85 4144663.573 2020.839 18.8121 0 0 0 0.0062312 0.0063644 
2690000 3132 994.975 4166094.082 2041.333 18.8568 0 0 0 0.0064227 0.0063502 
2700000 3142 995.894 4186781.427 2045.178 18.8751 0 0 0 0.0062079 0.0071869 
2710000 3152 996.645 4208158.944 2068.012 18.928 0 0 0 0.0051286 0.007206 
2720000 3162 997.259 4229551.893 2078.336 18.9147 0 0 0 0.0063683 0.0077376 
2730000 3172 997.76 4250884.544 2087.419 18.9597 0 0 0 0.006991 0.0079845 
2740000 3182 998.17 4273094.543 2114.807 18.9778 0 0 0 0.0059966 0.0082696 
2750000 3192 998.505 4292662.718 2092.453 18.9796 0 0 0 0.0053316 0.0092932 
2760000 3202 998.778 4313495.294 2083.356 18.9756 0 0 0 0.0056814 0.0092377 
2770000 3212 999.002 4334899.704 2096.655 18.958 0 0 0 0.0055156 0.0089412 
2780000 3222 999.184 4353840.016 2058.732 18.908 0 0 0 0.0065382 0.0095712 
2790000 3232 999.334 4371657.72 2008.866 18.8854 0 0 0 0.0061535 0.0088309 
2800000 3242 999.456 4390907.379 1993.804 18.9056 0 0 0 0.006774 0.0081994 
2810000 3252 999.555 4412768.258 2026.832 18.9204 0 0 0 0.0051967 0.0077234 
2820000 3262 999.637 4432808.564 2025.67 18.9354 0 0 0 0.0054039 0.008087 
2830000 3272 999.703 4456414.079 2084.002 18.9422 0 0 0 0.0059922 0.0075915 
2840000 3283 988.637 4478401.029 2082.04 18.7182 0 0 0 0.0052927 0.0078739 
2850000 3293 990.716 4499442.432 2086.063 18.7168 0 0 0 0.0046962 0.0075753 
2860000 3303 992.414 4518339.792 2054.028 18.8108 0 0 0 0.004197 0.0076952 
2870000 3313 993.802 4537902.22 2037.846 18.8036 0 0 0 0.0061706 0.0068445 
2880000 3323 994.936 4559498.67 2060.632 18.8119 0 0 0 0.0050256 0.007678 
2890000 3333 995.862 4581252.547 2082.135 18.8354 0 0 0 0.0060842 0.0076067 
2900000 3343 996.619 4602673.189 2093.04 18.8419 0 0 0 0.006229 0.0077526 
2910000 3353 997.237 4623196.457 2086.165 18.8624 0 0 0 0.0046667 0.0077633 
2920000 3363 997.743 4645148.346 2106.89 18.8757 0 0 0 0.0055049 0.007595 
2930000 3373 998.156 4664980.382 2085.921 18.8576 0 0 0 0.0052384 0.0077325 
2940000 3383 998.493 4682783.512 2031.541 18.8426 0 0 0 0.0070903 0.0082124 
2950000 3393 998.769 4702644.699 2022.953 18.8989 0 0 0 0.0057144 0.008359 
2960000 3403 998.994 4721259.355 1992.83 18.9414 0 0 0 0.0066194 0.008555 
2970000 3413 999.178 4739770.791 1965.447 18.9314 0 0 0 0.0087136 0.0088351 
2980000 3423 999.328 4759061.071 1958.624 18.9149 0 0 0 0.0077683 0.0081923 
2990000 3433 999.451 4774761.33 1891.777 18.888 0 0 0 0.0094654 0.0092424 
3000000 3443 999.552 4794747.01 1911.725 18.9294 0 0 0 0.0079981 0.0095408 
3010000 3453 999.634 4818231.162 1991.505 18.8628 0 0 0 0.0094183 0.0097858 
3020000 3463 999.701 4838299.775 1994.079 18.8062 0 0 0 0.0100282 0.0100594 
3030000 3473 999.755 4859568.414 2018.874 18.796 0 0 0 0.0096968 0.010358 
3040000 3483 999.8 4884805.406 2110.687 18.8374 0 0 0 0.0101554 0.009403 
3050000 3493 999.837 4904477.153 2082.874 18.8502 0 0 0 0.0125354 0.0098993 
3060000 3503 999.867 4927184.604 2116.869 18.9013 0 0 0 0.0087483 0.0098556 
3070000 3513 990.81 4949571.79 2119.181 18.7232 0 0 0 0.0086184 0.0087149 
3080000 3523 992.491 4968502.297 2070.096 18.7935 0 0 0 0.0114838 0.0093148 
3090000 3533 993.865 4992092.87 2124.04 18.7659 0 0 0 0.0110023 0.0096687 
3100000 3543 994.987 5015306.192 2162.803 18.8129 0 0 0 0.0111698 0.0090282 
3110000 3553 995.904 5038725.666 2196.034 18.7943 0 0 0 0.0111572 0.0086538 
3120000 3563 996.653 5062394.657 2228.507 18.8356 0 0 0 0.0101972 0.0081247 
3130000 3573 997.266 5086786.284 2265.638 18.8261 0 0 0 0.0104485 0.0078753 
3140000 3583 997.766 5109470.875 2269.458 18.8501 0 0 0 0.0099148 0.0068985 
3150000 3593 998.174 5133042.891 2283.399 18.878 0 0 0 0.0115388 0.0067092 
3160000 3603 998.508 5156704.942 2294.469 18.9116 0 0 0 0.0079074 0.0061634 
3170000 3613 998.781 5181271.545 2324.647 18.8824 0 0 0 0.0074685 0.0063351 
3180000 3623 999.004 5205175.998 2339.99 18.8798 0 0 0 0.0064846 0.0053821 
3190000 3633 999.186 5227660.7 2336.071 18.876 0 0 0 0.0063089 0.004222 
3200000 3643 999.335 5247886.21 2270.958 18.8479 0 0 0 0.0076363 0.0040093 
3210000 3653 999.457 5270318.489 2263.77 18.8295 0 0 0 0.0061519 0.0048996 
3220000 3663 999.556 5291445.547 2231.56 18.7643 0 0 0 0.0075998 0.0039171 
3230000 3673 999.637 5312303.418 2209.934 22.1898 0 0 0 0.0061414 0.0040515 
3240000 3683 999.704 5330232.799 2150.434 26.4189 0 0 0 0.0080736 0.0047229 
3250000 3693 999.758 5350065.231 2107.509 29.5853 0 0 0 0.0079788 0.0042552 
3260000 3703 999.802 5370261.133 2083.294 31.998 0 0 0 0.0072797 0.0050928 
3270000 3713 999.838 5388958.818 2046.101 34.0936 0 0 0 0.0076118 0.0049004 
3280000 3723 999.868 5409394.666 2047.319 35.7849 0 0 0 0.0072788 0.004918 
3290000 3733 999.892 5428812.332 2029.616 36.549 0 0 0 0.006257 0.0052222 
3300000 3744 984.29 5447953.462 1974.192 37.3484 0 0 0 0.0062525 0.0055925 
3310000 3754 987.164 5463280.318 1896.276 37.939 0 0 0 0.0093795 0.006765 
3320000 3765 974.414 5479930.417 1822.969 35.653 0 0 0 0.0082355 0.0070849 
3330000 3775 979.095 5496477.026 1792.195 36.8016 0 0 0 0.010622 0.0080168 
3340000 3785 982.919 5514006.513 1788.143 38.1879 0 0 0 0.0138236 0.009323 
3350000 3795 986.043 5536831.863 1880.116 38.0836 0 0 0 0.0136808 0.0090737 
3360000 3805 988.596 5559629.556 1951.074 39.2059 0 0 0 0.0123352 0.0087694 
3370000 3815 990.682 5582622.635 2015.401 39.8984 0 0 0 0.0125787 0.0086377 
3380000 3825 992.387 5605618.751 2069.425 40.5452 0 0 0 0.0124271 0.0090934 
3390000 3835 993.78 5628345.251 2104.169 41.0951 0 0 0 0.0118563 0.0087278 
3400000 3845 994.917 5650502.706 2129.942 40.7468 0 0 0 0.0101074 0.0080205 
3410000 3855 995.847 5669858.154 2092.315 41.203 0 0 0 0.0107346 0.0080248 
3420000 3865 996.607 5690674.25 2087.995 41.5234 0 0 0 0.0133931 0.0078729 
3430000 3875 997.228 5714169.732 2135.479 41.8064 0 0 0 0.0118887 0.0084945 
3440000 3885 997.735 5736016.515 2143.528 42.0751 0 0 0 0.0118432 0.0076978 
3450000 3895 998.149 5757997.278 2154.294 42.2478 0 0 0 0.0112769 0.0073693 
3460000 3905 998.488 5780891.381 2180.999 42.4319 0 0 0 0.0102012 0.0065894 
3470000 3915 998.764 5803172.152 2188.733 42.7648 0 0 0 0.0096587 0.0064414 
3480000 3925 998.99 5824582.708 2181.964 43.2612 0 0 0 0.0086171 0.0057661 
3490000 3935 999.175 5845753.508 2172.977 43.13 0 0 0 0.008131 0.0056256 
3500000 3945 999.326 5865870.106 2142.192 43.0146 0 0 0 0.0109454 0.0059393 
3510000 3955 999.449 5887025.373 2135.976 42.9241 0 0 0 0.0079478 0.0041086 
3520000 3965 999.55 5909172.307 2151.309 42.8484 0 0 0 0.0064686 0.0036313 
3530000 3975 999.632 5930486.075 2145.077 42.4974 0 0 0 0.0064908 0.003184 
3540000 3985 999.7 5950743.947 2128.197 42.4265 0 0 0 0.003573 0.0021338 
3550000 3995 999.755 5971721.408 2120.436 42.4115 0 0 0 0.0043123 0.0016277 
3560000 4005 999.799 5992878.516 2121.946 42.2324 0 0 0 0.0051543 0.0024275 
3570000 4015 999.836 6015854.156 2152.218 44.0188 0 0 0 0.0050805 0.0022885 
3580000 4025 999.866 6036740.357 2141.364 43.4455 0 0 0 0.005158 0.0027425 
3590000 4035 999.891 6058559.302 2147.868 46.9317 0 0 0 0.0061526 0.0026747 
3600000 4045 999.911 6078598.942 2123.058 45.0743 0 0 0 0.0060657 0.0031206 
3610000 4055 999.927 6100684.857 2134.656 47.4155 0 0 0 0.0056378 0.0030957 
3620000 4065 999.94 6123951.715 2171.156 50.2888 0 0 0 0.0052126 0.0022058 
3630000 4075 999.951 6143667.433 2133.163 52.0974 0 0 0 0.0066526 0.0029267 
3640000 4085 999.96 6165229.827 2139.136 43.9124 0 0 0 0.0068358 0.0027236 
3650000 4096 984.42 6187800.98 2127.197 43.3057 0 0 0 0.005577 0.0033017 
3660000 4106 987.27 6210831.488 2160.228 46.7277 0 0 0 0.0073039 0.0036272 
