10000 10 182.927 -14048.221 -257.014 0.1822 0 0 0 0.0 0.0 
20000 20 332.392 -27967.152 -464.678 0.3306 0 0 0 0.0 0.0 
30000 30 454.516 -40471.969 -607.174 0.7671 0 0 0 0.0001934 0.0019345 
40000 40 554.3 -53014.849 -725.356 1.1229 0 0 0 0.0001867 0.0018673 
50000 50 635.83 -58300.765 -689.736 1.4143 0 0 0 0.0001775 0.0017752 
60000 60 702.447 -62024.217 -633.214 1.6539 0 0 0 0.0001988 0.0019876 
70000 70 756.877 -65894.798 -588.965 1.8504 0 0 0 0.0002092 0.0020918 
80000 80 801.351 -62741.853 -422.03 2.0123 0 0 0 0.0001974 0.0019739 
90000 90 837.689 -58113.035 -259.764 2.1418 0 0 0 0.000201 0.0020099 
100000 100 867.38 -52799.689 -114.982 2.2471 0 0 0 0.000183 0.0018298 
110000 110 891.64 -47667.388 -0.402 2.3367 0 0 0 0.0001878 0.0018783 
120000 120 911.462 -43627.566 73.236 2.4089 0 0 0 0.0002021 0.002021 
130000 130 927.658 -42614.09 78.225 2.47 0 0 0 0.0002118 0.002118 
140000 140 940.891 -39379.348 122.659 2.5178 0 0 0 0.0002128 0.0021284 
150000 150 951.704 -33869.202 201.448 2.5661 0 0 0 0.0002078 0.0020785 
160000 160 960.539 -29078.44 251.8 2.5972 0 0 0 0.0002086 0.0020858 
170000 170 967.757 -23713.078 304.307 2.6219 0 0 0 0.0002059 0.0020591 
180000 180 973.655 -19021.556 333.609 2.6449 0 0 0 0.0002088 0.0020878 
190000 190 978.474 -14107.111 362.446 2.6667 0 0 0 0.0002072 0.0020725 
200000 200 982.412 -11127.549 350.266 2.6848 0 0 0 0.0002079 0.0020792 
210000 210 985.629 -6517.09 370.159 2.699 0 0 0 0.000194 0.0019398 
220000 220 988.258 -1635.789 392.153 2.7067 0 0 0 0.0001716 0.0017164 
230000 230 990.406 3806.358 419.911 2.7128 0 0 0 0.0001398 0.0013979 
240000 240 992.161 9222.108 442.35 2.7225 0 0 0 0.0001197 0.0011971 
250000 250 993.595 14438.985 456.851 2.7278 0 0 0 9.75e-05 0.0009746 
260000 260 994.767 20273.752 480.297 2.741 0 0 0 8.78e-05 0.0008782 
270000 270 995.724 27044.007 516.183 2.7519 0 0 0 7.94e-05 0.0007938 
280000 280 996.506 34152.66 551.752 2.7532 0 0 0 7.05e-05 0.0007052 
290000 290 997.145 41167.416 579.442 2.7558 0 0 0 6.64e-05 0.0006636 
300000 300 997.667 47067.448 582.859 2.7658 0 0 0 8.48e-05 0.0008479 
310000 310 998.094 53576.297 597.949 2.7692 0 0 0 9.26e-05 0.0009255 
320000 320 998.443 59508.448 595.53 2.7771 0 0 0 9.86e-05 0.0009856 
330000 330 998.728 68295.038 647.584 2.7745 0 0 0 8.93e-05 0.0008928 
340000 340 998.96 76748.955 683.109 2.7741 0 0 0 8.67e-05 0.0008669 
350000 350 999.151 83156.947 673.691 2.7711 0 0 0 9.18e-05 0.0009177 
360000 360 999.306 91191.603 697.06 2.7755 0 0 0 8.31e-05 0.0008313 
370000 370 999.433 99694.738 725.084 2.7787 0 0 0 8.2e-05 0.0008195 
380000 380 999.537 102822.82 645.039 2.78 0 0 0 7.49e-05 0.0007492 
390000 390 999.621 107138.758 606.917 2.7806 0 0 0 7.45e-05 0.0007454 
400000 400 999.691 115483.455 649.249 2.7763 0 0 0 7.62e-05 0.000762 
410000 410 999.747 123372.268 673.931 2.7775 0 0 0 7.2e-05 0.0007196 
420000 420 999.793 130448.421 681.617 2.7787 0 0 0 7.56e-05 0.0007562 
430000 430 999.831 139241.218 719.02 2.7804 0 0 0 7.63e-05 0.0007631 
440000 440 999.862 149511.935 775.642 2.7786 0 0 0 7.76e-05 0.0007761 
450000 450 999.887 158487.892 797.415 2.7845 0 0 0 7.49e-05 0.0007489 
460000 460 999.908 168786.753 840.346 2.7833 0 0 0 6.92e-05 0.0006922 
470000 470 999.925 177739.749 851.904 2.7906 0 0 0 7.25e-05 0.0007247 
480000 480 999.939 187823.983 880.966 2.7871 0 0 0 6.75e-05 0.0006747 
490000 490 999.95 197200.663 891.218 2.7884 0 0 0 7.11e-05 0.0007114 
500000 500 999.959 205312.678 876.757 2.7787 0 0 0 6.84e-05 0.0006841 
510000 510 999.966 215080.132 895.369 2.7762 0 0 0 5.83e-05 0.000583 
520000 520 999.973 225602.977 923.793 2.7758 0 0 0 5.12e-05 0.0005125 
530000 530 999.978 237209.117 966.59 2.7798 0 0 0 4.78e-05 0.0004781 
540000 540 999.982 248811.189 1001.675 2.7845 0 0 0 4.73e-05 0.0004734 
550000 550 999.985 258204.463 989.329 2.7845 0 0 0 4.59e-05 0.0004588 
560000 560 999.988 266008.059 951.7 2.7825 0 0 0 4.37e-05 0.0004366 
570000 570 999.99 274957.011 942.016 2.7916 0 0 0 4.57e-05 0.0004572 
580000 580 999.992 284298.722 940.583 2.7975 0 0 0 4.4e-05 0.0004396 
590000 590 999.993 293183.142 932.457 2.7951 0 0 0 4.72e-05 0.0004723 
600000 600 999.995 303457.773 949.536 2.7976 0 0 0 4.39e-05 0.000439 
610000 610 999.996 314101.442 970.556 2.8032 0 0 0 4.35e-05 0.0004349 
620000 620 999.996 324461.155 982.878 2.8034 0 0 0 4.21e-05 0.0004206 
630000 630 999.997 335855.018 1012.028 2.8075 0 0 0 4.28e-05 0.0004276 
640000 640 999.998 347723.817 1043.514 2.8186 0 0 0 4.32e-05 0.000432 
650000 650 999.998 359816.571 1073.187 2.8171 0 0 0 4.31e-05 0.0004315 
660000 660 999.998 372155.359 1102.454 2.8138 0 0 0 4.49e-05 0.0004486 
670000 670 999.999 383824.782 1113.289 2.8098 0 0 0 4.25e-05 0.0004253 
680000 680 999.999 394470.024 1105.515 2.8028 0 0 0 4.27e-05 0.0004275 
690000 690 999.999 404846.348 1094.083 2.8052 0 0 0 4.83e-05 0.0004835 
700000 700 999.999 415185.418 1083.404 2.8021 0 0 0 5.05e-05 0.0005052 
710000 710 999.999 426676.093 1095.887 2.7953 0 0 0 4.78e-05 0.0004783 
720000 720 1000.0 438966.628 1120.735 2.7978 0 0 0 4.52e-05 0.0004524 
730000 730 1000.0 451308.074 1141.727 2.8014 0 0 0 5.13e-05 0.0005132 
740000 740 1000.0 464209.133 1168.714 2.7931 0 0 0 4.89e-05 0.000489 
750000 750 1000.0 476796.748 1185.631 2.7919 0 0 0 5.02e-05 0.000502 
760000 760 1000.0 488730.662 1187.034 2.7931 0 0 0 4.58e-05 0.0004579 
770000 770 1000.0 501164.32 1196.253 2.793 0 0 0 4.71e-05 0.0004714 
780000 780 1000.0 512978.369 1194.18 2.7929 0 0 0 4.76e-05 0.0004765 
790000 790 1000.0 525963.978 1213.534 2.7914 0 0 0 4.67e-05 0.0004668 
800000 800 1000.0 538664.979 1223.653 2.795 0 0 0 4.92e-05 0.0004921 
810000 810 1000.0 549602.184 1200.827 2.8113 0 0 0 5.23e-05 0.0005232 
820000 820 1000.0 561485.196 1198.777 2.8131 0 0 0 4.99e-05 0.0004993 
830000 830 1000.0 574752.54 1222.668 2.8195 0 0 0 5.13e-05 0.0005129 
840000 840 1000.0 586341.678 1209.925 2.8171 0 0 0 5.02e-05 0.0005024 
850000 850 1000.0 598805.283 1217.689 2.8259 0 0 0 4.85e-05 0.0004845 
860000 860 1000.0 612385.23 1243.708 2.8172 0 0 0 4.87e-05 0.000487 
870000 870 1000.0 626334.224 1271.119 2.8159 0 0 0 4.62e-05 0.0004623 
880000 880 1000.0 639350.4 1276.214 2.8151 0 0 0 4.7e-05 0.0004698 
890000 890 1000.0 652514.895 1283.998 2.8212 0 0 0 4.78e-05 0.0004779 
900000 900 1000.0 665183.574 1281.409 2.8251 0 0 0 4.3e-05 0.0004302 
910000 910 1000.0 678967.274 1299.066 2.8211 0 0 0 4.35e-05 0.0004347 
920000 920 1000.0 693519.036 1327.418 2.8187 0 0 0 4.53e-05 0.0004529 
930000 930 1000.0 708166.028 1352.472 2.8175 0 0 0 4.26e-05 0.0004261 
940000 940 1000.0 721470.644 1348.214 2.8181 0 0 0 4.33e-05 0.0004328 
950000 950 1000.0 735757.152 1363.098 2.8162 0 0 0 4.36e-05 0.0004359 
960000 960 1000.0 750177.507 1377.566 2.8198 0 0 0 4.32e-05 0.0004322 
970000 970 1000.0 764589.984 1389.48 2.8192 0 0 0 4.58e-05 0.0004584 
980000 980 1000.0 778967.272 1397.888 2.8154 0 0 0 4.27e-05 0.0004271 
990000 990 1000.0 793432.926 1407.322 2.816 0 0 0 4.32e-05 0.0004324 
1000000 1000 1000.0 808387.355 1423.903 2.8183 0 0 0 4.18e-05 0.0004181 
1010000 1010 1000.0 823519.987 1440.096 2.8149 0 0 0 4.08e-05 0.000408 
1020000 1020 1000.0 838550.459 1451.513 2.8028 0 0 0 4.19e-05 0.0004193 
1030000 1030 1000.0 853145.74 1452.49 2.805 0 0 0 4.13e-05 0.0004129 
1040000 1040 1000.0 867608.314 1450.641 2.8094 0 0 0 4.17e-05 0.0004174 
1050000 1050 1000.0 882163.135 1451.065 2.8104 0 0 0 4.01e-05 0.0004008 
1060000 1060 1000.0 897005.089 1456.959 2.8136 0 0 0 3.94e-05 0.000394 
1070000 1070 1000.0 911487.241 1455.372 2.8133 0 0 0 4.13e-05 0.0004134 
1080000 1080 1000.0 927064.622 1474.779 2.8161 0 0 0 4.14e-05 0.0004136 
1090000 1090 1000.0 943468.236 1505.205 2.8142 0 0 0 4.13e-05 0.0004131 
1100000 1100 1000.0 959922.2 1531.028 2.8116 0 0 0 4.15e-05 0.0004154 
1110000 1110 1000.0 976758.426 1558.909 2.8217 0 0 0 3.97e-05 0.0003971 
1120000 1120 1000.0 993834.874 1586.299 2.8191 0 0 0 4.18e-05 0.0004177 
1130000 1130 1000.0 1010762.975 1605.549 2.8186 0 0 0 4.04e-05 0.0004043 
1140000 1140 1000.0 1026609.567 1601.133 2.8183 0 0 0 4.13e-05 0.000413 
1150000 1150 1000.0 1042016.607 1589.993 2.8207 0 0 0 4.11e-05 0.0004114 
1160000 1160 1000.0 1057487.496 1582.45 2.8159 0 0 0 4.02e-05 0.0004019 
1170000 1170 1000.0 1073283.367 1582.179 2.8165 0 0 0 4.05e-05 0.0004053 
1180000 1180 1000.0 1090254.245 1603.383 2.814 0 0 0 3.99e-05 0.0003995 
1190000 1190 1000.0 1107097.025 1618.312 2.807 0 0 0 3.89e-05 0.0003892 
1200000 1200 1000.0 1123469.186 1621.591 2.8053 0 0 0 3.89e-05 0.0003887 
1210000 1210 1000.0 1140480.251 1636.169 2.8046 0 0 0 4e-05 0.0004005 
1220000 1220 1000.0 1158537.901 1666.981 2.8088 0 0 0 3.83e-05 0.0003828 
1230000 1230 1000.0 1176713.686 1694.406 2.8086 0 0 0 3.86e-05 0.0003858 
1240000 1240 1000.0 1194353.645 1706.711 2.8059 0 0 0 3.77e-05 0.0003769 
1250000 1250 1000.0 1211707.781 1711.644 2.8109 0 0 0 3.62e-05 0.000362 
1260000 1260 1000.0 1228871.773 1712.702 2.8108 0 0 0 3.7e-05 0.0003699 
1270000 1270 1000.0 1246511.737 1722.262 2.8141 0 0 0 3.64e-05 0.0003638 
1280000 1280 1000.0 1264094.904 1729.458 2.8202 0 0 0 3.47e-05 0.0003474 
1290000 1290 1000.0 1282724.369 1754.286 2.8185 0 0 0 3.31e-05 0.0003307 
1300000 1300 1000.0 1301463.278 1776.525 2.8206 0 0 0 3.2e-05 0.0003198 
1310000 1310 1000.0 1319637.084 1784.084 2.8229 0 0 0 3.54e-05 0.0003537 
1320000 1320 1000.0 1337778.888 1789.267 2.8316 0 0 0 3.46e-05 0.0003457 
1330000 1330 1000.0 1355446.85 1785.552 2.824 0 0 0 3.35e-05 0.000335 
1340000 1340 1000.0 1373347.069 1786.247 2.8226 0 0 0 3.27e-05 0.0003268 
1350000 1350 1000.0 1390650.338 1775.695 2.8177 0 0 0 3.3e-05 0.0003298 
1360000 1360 1000.0 1408588.706 1778.679 2.8172 0 0 0 3.18e-05 0.000318 
1370000 1370 1000.0 1426616.613 1783.258 2.8123 0 0 0 3.13e-05 0.0003131 
1380000 1380 1000.0 1445105.504 1795.332 2.8066 0 0 0 3.12e-05 0.0003117 
1390000 1390 1000.0 1462334.518 1781.337 2.8088 0 0 0 3.2e-05 0.0003199 
1400000 1400 1000.0 1479005.36 1760.993 2.8076 0 0 0 3.05e-05 0.0003048 
1410000 1410 1000.0 1496833.136 1765.353 2.8121 0 0 0 3.11e-05 0.0003113 
1420000 1420 1000.0 1515946.122 1792.649 2.8137 0 0 0 3.11e-05 0.0003114 
1430000 1430 1000.0 1535714.318 1826.49 2.8154 0 0 0 3.12e-05 0.0003122 
1440000 1440 1000.0 1555239.759 1848.854 2.8204 0 0 0 2.94e-05 0.0002938 
1450000 1450 1000.0 1574344.468 1859.95 2.8226 0 0 0 3.03e-05 0.0003033 
1460000 1460 1000.0 1593805.624 1876.564 2.8182 0 0 0 2.92e-05 0.0002923 
1470000 1470 1000.0 1613283.06 1889.306 2.8142 0 0 0 2.89e-05 0.0002885 
1480000 1480 1000.0 1632713.29 1898.858 2.8178 0 0 0 2.81e-05 0.0002806 
1490000 1490 1000.0 1652169.478 1907.438 2.818 0 0 0 3e-05 0.0003005 
1500000 1500 1000.0 1671967.571 1920.745 2.8211 0 0 0 2.95e-05 0.0002946 
1510000 1510 1000.0 1692489.314 1944.785 2.8334 0 0 0 2.75e-05 0.0002752 
1520000 1520 1000.0 1712268.924 1950.912 2.8275 0 0 0 2.93e-05 0.0002929 
1530000 1530 1000.0 1731592.592 1947.817 2.8335 0 0 0 2.88e-05 0.0002881 
1540000 1540 1000.0 1751245.934 1950.431 2.8297 0 0 0 3.04e-05 0.0003039 
1550000 1550 1000.0 1770574.521 1947.264 2.824 0 0 0 3.07e-05 0.0003071 
1560000 1560 1000.0 1790501.488 1955.623 2.8173 0 0 0 2.87e-05 0.0002867 
1570000 1570 1000.0 1810195.116 1958.281 2.8171 0 0 0 2.85e-05 0.0002851 
1580000 1580 1000.0 1829460.466 1952.602 2.8222 0 0 0 2.85e-05 0.0002854 
1590000 1590 1000.0 1848832.099 1949.771 2.8258 0 0 0 3e-05 0.0002995 
1600000 1600 1000.0 1867825.186 1940.515 2.8234 0 0 0 2.76e-05 0.0002761 
1610000 1610 1000.0 1887070.175 1938.354 2.8213 0 0 0 2.84e-05 0.0002837 
1620000 1620 1000.0 1906058.704 1930.573 2.8271 0 0 0 2.71e-05 0.0002708 
1630000 1630 1000.0 1924812.394 1920.251 2.8217 0 0 0 2.77e-05 0.0002769 
1640000 1640 1000.0 1943032.624 1903.016 2.8246 0 0 0 3e-05 0.0003003 
1650000 1650 1000.0 1961877.211 1898.955 2.8291 0 0 0 2.82e-05 0.0002817 
1660000 1660 1000.0 1979024.905 1865.115 2.8269 0 0 0 2.96e-05 0.0002956 
1670000 1670 1000.0 1996592.416 1846.025 2.829 0 0 0 3.04e-05 0.0003045 
1680000 1680 1000.0 2015161.553 1848.248 2.8334 0 0 0 2.98e-05 0.0002983 
1690000 1690 1000.0 2033259.244 1842.006 2.8352 0 0 0 3.18e-05 0.0003177 
1700000 1700 1000.0 2052407.122 1855.504 2.8388 0 0 0 3.02e-05 0.0003017 
1710000 1710 1000.0 2070891.389 1853.679 2.8379 0 0 0 3.1e-05 0.0003101 
1720000 1720 1000.0 2089664.453 1857.974 2.8386 0 0 0 3.24e-05 0.0003242 
1730000 1730 1000.0 2108498.419 1862.94 2.8311 0 0 0 3.25e-05 0.000325 
1740000 1740 1000.0 2127698.329 1873.111 2.8297 0 0 0 3.25e-05 0.000325 
1750000 1750 1000.0 2146936.368 1882.697 2.8284 0 0 0 3.16e-05 0.0003161 
1760000 1760 1000.0 2166861.156 1902.954 2.8248 0 0 0 3.11e-05 0.0003112 
1770000 1770 1000.0 2187176.836 1926.373 2.8277 0 0 0 3.3e-05 0.0003297 
1780000 1780 1000.0 2206601.707 1929.055 2.8306 0 0 0 3.47e-05 0.0003471 
1790000 1790 1000.0 2225368.79 1919.92 2.828 0 0 0 3.1e-05 0.0003104 
1800000 1800 1000.0 2245071.119 1929.278 2.8279 0 0 0 3.27e-05 0.0003268 
1810000 1810 1000.0 2264434.198 1930.811 2.8235 0 0 0 3.14e-05 0.0003144 
1820000 1820 1000.0 2283249.176 1921.88 2.8268 0 0 0 3.29e-05 0.0003289 
1830000 1830 1000.0 2302348.461 1919.395 2.8249 0 0 0 3.34e-05 0.0003342 
1840000 1840 1000.0 2320768.965 1904.177 2.8223 0 0 0 3.37e-05 0.000337 
1850000 1850 1000.0 2339194.575 1892.685 2.8189 0 0 0 3.23e-05 0.0003229 
1860000 1860 1000.0 2358512.823 1899.326 2.8233 0 0 0 3.46e-05 0.0003463 
1870000 1870 1000.0 2377994.862 1907.994 2.8266 0 0 0 3.17e-05 0.0003175 
1880000 1880 1000.0 2397904.175 1923.332 2.8315 0 0 0 3.2e-05 0.0003195 
1890000 1890 1000.0 2417731.416 1933.706 2.8384 0 0 0 3.28e-05 0.0003285 
1900000 1900 1000.0 2437333.596 1938.388 2.8379 0 0 0 3.2e-05 0.0003204 
1910000 1910 1000.0 2457212.546 1947.955 2.834 0 0 0 3.13e-05 0.0003134 
1920000 1920 1000.0 2477733.357 1966.718 2.8295 0 0 0 3.21e-05 0.0003211 
1930000 1930 1000.0 2497652.527 1971.318 2.8318 0 0 0 3.03e-05 0.0003034 
1940000 1940 1000.0 2516801.653 1960.575 2.8351 0 0 0 3.02e-05 0.0003017 
1950000 1950 1000.0 2537363.334 1978.409 2.8402 0 0 0 2.93e-05 0.0002928 
1960000 1960 1000.0 2557860.07 1991.891 2.8428 0 0 0 3e-05 0.0002999 
1970000 1970 1000.0 2577710.778 1990.991 2.8408 0 0 0 3.09e-05 0.0003089 
1980000 1980 1000.0 2597442.737 1987.923 2.8424 0 0 0 3.08e-05 0.0003077 
1990000 1990 1000.0 2616837.733 1979.398 2.8441 0 0 0 2.93e-05 0.0002927 
2000000 2000 1000.0 2636385.505 1974.89 2.8475 0 0 0 3.09e-05 0.0003087 
2010000 2010 1000.0 2656213.19 1976.413 2.8523 0 0 0 2.85e-05 0.0002846 
2020000 2020 1000.0 2674870.621 1956.341 2.8526 0 0 0 2.8e-05 0.00028 
2030000 2030 1000.0 2695107.607 1968.756 2.8483 0 0 0 2.83e-05 0.0002829 
2040000 2040 1000.0 2715133.977 1975.093 2.8471 0 0 0 2.73e-05 0.000273 
2050000 2050 1000.0 2735615.869 1988.808 2.8441 0 0 0 2.67e-05 0.0002673 
2060000 2060 1000.0 2755969.457 1997.163 2.8522 0 0 0 2.66e-05 0.0002655 
2070000 2070 1000.0 2776396.271 2005.347 2.848 0 0 0 2.64e-05 0.0002636 
2080000 2080 1000.0 2796785.137 2011.387 2.8538 0 0 0 2.57e-05 0.0002567 
2090000 2090 1000.0 2817131.163 2015.506 2.8452 0 0 0 2.62e-05 0.0002621 
2100000 2100 1000.0 2837424.634 2018.215 2.8443 0 0 0 2.55e-05 0.0002555 
2110000 2110 1000.0 2857220.274 2010.718 2.8445 0 0 0 2.53e-05 0.000253 
2120000 2120 1000.0 2877635.621 2016.542 2.8434 0 0 0 2.43e-05 0.0002428 
2130000 2130 1000.0 2897453.37 2010.1 2.848 0 0 0 2.64e-05 0.0002644 
2140000 2140 1000.0 2916586.146 1992.395 2.8484 0 0 0 2.52e-05 0.000252 
2150000 2150 1000.0 2936950.032 1999.923 2.8531 0 0 0 2.59e-05 0.0002595 
2160000 2160 1000.0 2957158.726 2003.634 2.8536 0 0 0 2.46e-05 0.0002457 
2170000 2170 1000.0 2977767.148 2014.02 2.8551 0 0 0 2.57e-05 0.0002568 
2180000 2180 1000.0 2997936.403 2015.13 2.8488 0 0 0 2.61e-05 0.000261 
2190000 2190 1000.0 3018317.03 2019.421 2.8472 0 0 0 2.72e-05 0.0002719 
2200000 2200 1000.0 3038474.124 2018.747 2.8427 0 0 0 2.58e-05 0.0002579 
2210000 2210 1000.0 3058705.054 2019.801 2.8406 0 0 0 2.56e-05 0.0002563 
2220000 2220 1000.0 3078901.917 2019.626 2.8377 0 0 0 2.74e-05 0.000274 
2230000 2230 1000.0 3099419.242 2025.728 2.8394 0 0 0 2.52e-05 0.0002521 
2240000 2240 1000.0 3119813.377 2028.37 2.8412 0 0 0 2.59e-05 0.0002593 
2250000 2250 1000.0 3140004.235 2026.514 2.8519 0 0 0 2.69e-05 0.0002693 
2260000 2260 1000.0 3160258.902 2025.787 2.8537 0 0 0 2.68e-05 0.0002684 
2270000 2270 1000.0 3180488.59 2025.231 2.8475 0 0 0 2.8e-05 0.0002797 
2280000 2280 1000.0 3200462.017 2020.413 2.8406 0 0 0 2.71e-05 0.0002705 
2290000 2290 1000.0 3220241.55 2012.386 2.8369 0 0 0 2.69e-05 0.0002694 
2300000 2300 1000.0 3240345.793 2011.847 2.8327 0 0 0 2.66e-05 0.0002663 
2310000 2310 1000.0 3259934.472 2001.974 2.8309 0 0 0 2.83e-05 0.0002828 
2320000 2320 1000.0 3279859.327 1999.621 2.8337 0 0 0 2.66e-05 0.000266 
2330000 2330 1000.0 3300067.637 2003.336 2.843 0 0 0 2.77e-05 0.000277 
2340000 2340 1000.0 3319749.062 1997.64 2.8416 0 0 0 2.76e-05 0.0002763 
2350000 2350 1000.0 3340408.459 2010.066 2.8389 0 0 0 2.61e-05 0.0002609 
2360000 2360 1000.0 3360601.236 2011.651 2.8388 0 0 0 2.61e-05 0.0002612 
2370000 2370 1000.0 3379865.833 1995.334 2.8437 0 0 0 2.8e-05 0.0002802 
2380000 2380 1000.0 3399199.578 1984.071 2.8467 0 0 0 2.89e-05 0.0002893 
2390000 2390 1000.0 3418582.752 1975.929 2.8482 0 0 0 2.85e-05 0.0002849 
2400000 2400 1000.0 3438323.127 1975.481 2.8492 0 0 0 2.88e-05 0.0002884 
2410000 2410 1000.0 3457448.085 1963.434 2.8479 0 0 0 2.96e-05 0.0002957 
2420000 2420 1000.0 3476952.984 1961.305 2.8506 0 0 0 2.77e-05 0.0002768 
2430000 2430 1000.0 3496192.358 1954.707 2.8468 0 0 0 2.74e-05 0.0002737 
2440000 2440 1000.0 3516617.683 1970.644 2.8486 0 0 0 2.8e-05 0.0002799 
2450000 2450 1000.0 3537022.088 1983.254 2.8445 0 0 0 2.76e-05 0.000276 
2460000 2460 1000.0 3557519.776 1995.404 2.8437 0 0 0 2.71e-05 0.0002711 
2470000 2470 1000.0 3577692.739 1999.595 2.8421 0 0 0 2.76e-05 0.0002757 
2480000 2480 1000.0 3597769.927 2000.966 2.8464 0 0 0 2.72e-05 0.0002715 
2490000 2490 1000.0 3617789.015 2000.917 2.8486 0 0 0 2.61e-05 0.0002612 
2500000 2500 1000.0 3637505.044 1995.605 2.8459 0 0 0 2.62e-05 0.0002618 
2510000 2510 1000.0 3657145.659 1989.79 2.8449 0 0 0 2.74e-05 0.000274 
2520000 2520 1000.0 3676074.274 1972.143 2.8473 0 0 0 2.65e-05 0.0002653 
2530000 2530 1000.0 3694983.176 1957.489 2.8479 0 0 0 2.83e-05 0.0002825 
2540000 2540 1000.0 3714084.849 1949.189 2.8445 0 0 0 2.79e-05 0.000279 
2550000 2550 1000.0 3733310.217 1943.96 2.8377 0 0 0 2.73e-05 0.0002732 
2560000 2560 1000.0 3752371.658 1937.203 2.835 0 0 0 2.8e-05 0.0002796 
2570000 2570 1000.0 3771615.111 1934.882 2.8379 0 0 0 2.77e-05 0.0002769 
2580000 2580 1000.0 3790390.114 1925.171 2.8359 0 0 0 2.76e-05 0.0002761 
2590000 2590 1000.0 3810135.806 1934.402 2.8424 0 0 0 2.73e-05 0.0002727 
2600000 2600 1000.0 3829987.716 1943.741 2.854 0 0 0 2.8e-05 0.0002801 
2610000 2610 1000.0 3849435.173 1944.279 2.8538 0 0 0 2.76e-05 0.000276 
2620000 2620 1000.0 3868721.522 1941.235 2.8515 0 0 0 2.71e-05 0.0002705 
2630000 2630 1000.0 3888157.068 1941.522 2.8614 0 0 0 2.73e-05 0.000273 
2640000 2640 1000.0 3907485.763 1939.576 2.8606 0 0 0 2.69e-05 0.000269 
2650000 2650 1000.0 3927218.528 1945.646 2.8578 0 0 0 2.8e-05 0.0002796 
2660000 2660 1000.0 3946144.553 1935.423 2.8541 0 0 0 2.75e-05 0.0002746 
2670000 2670 1000.0 3965197.225 1929.955 2.8488 0 0 0 2.72e-05 0.0002725 
2680000 2680 1000.0 3984143.27 1923.597 2.8463 0 0 0 2.9e-05 0.0002903 
2690000 2690 1000.0 4003116.829 1918.643 2.8466 0 0 0 2.97e-05 0.0002969 
2700000 2700 1000.0 4021857.466 1910.129 2.847 0 0 0 3.06e-05 0.0003059 
2710000 2710 1000.0 4041253.224 1915.817 2.8517 0 0 0 2.96e-05 0.000296 
2720000 2720 1000.0 4060964.203 1925.852 2.8511 0 0 0 3.1e-05 0.0003104 
2730000 2730 1000.0 4081157.614 1943.191 2.8456 0 0 0 2.91e-05 0.000291 
2740000 2740 1000.0 4100840.363 1947.487 2.8423 0 0 0 2.82e-05 0.0002818 
2750000 2750 1000.0 4120463.236 1950.031 2.8497 0 0 0 2.86e-05 0.0002859 
2760000 2760 1000.0 4140240.089 1955.102 2.8455 0 0 0 2.95e-05 0.0002945 
2770000 2770 1000.0 4159307.702 1946.107 2.8458 0 0 0 2.88e-05 0.0002882 
2780000 2780 1000.0 4178927.094 1949.107 2.8447 0 0 0 2.83e-05 0.0002826 
2790000 2790 1000.0 4198382.433 1948.214 2.847 0 0 0 3.03e-05 0.0003026 
2800000 2800 1000.0 4217511.093 1941.51 2.8476 0 0 0 2.9e-05 0.0002903 
2810000 2810 1000.0 4236805.77 1939.415 2.8443 0 0 0 2.87e-05 0.0002873 
2820000 2820 1000.0 4256039.094 1936.374 2.8384 0 0 0 2.79e-05 0.0002789 
2830000 2830 1000.0 4275386.521 1935.723 2.8345 0 0 0 3.18e-05 0.0003182 
2840000 2840 1000.0 4296099.402 1960.714 2.8386 0 0 0 2.83e-05 0.0002832 
2850000 2850 1000.0 4315542.831 1957.607 2.8371 0 0 0 3.03e-05 0.0003033 
2860000 2860 1000.0 4335278.456 1961.105 2.8416 0 0 0 2.89e-05 0.0002891 
2870000 2870 1000.0 4354847.449 1960.19 2.8426 0 0 0 2.89e-05 0.0002888 
2880000 2880 1000.0 4374840.912 1967.058 2.8428 0 0 0 3e-05 0.0003004 
2890000 2890 1000.0 4394875.999 1974.173 2.8427 0 0 0 2.74e-05 0.0002735 
2900000 2900 1000.0 4414775.634 1976.451 2.8435 0 0 0 2.84e-05 0.0002836 
2910000 2910 1000.0 4434883.352 1982.673 2.8444 0 0 0 2.93e-05 0.0002927 
2920000 2920 1000.0 4454915.006 1986.313 2.8564 0 0 0 2.92e-05 0.0002922 
2930000 2930 1000.0 4474432.872 1979.783 2.8542 0 0 0 2.78e-05 0.0002781 
2940000 2940 1000.0 4494457.93 1984.663 2.8546 0 0 0 2.96e-05 0.0002963 
2950000 2950 1000.0 4514523.156 1988.579 2.8548 0 0 0 3.2e-05 0.0003203 
2960000 2960 1000.0 4534653.463 1993.047 2.8517 0 0 0 2.92e-05 0.0002917 
2970000 2970 1000.0 4555215.335 2004.592 2.8502 0 0 0 2.79e-05 0.0002792 
2980000 2980 1000.0 4575577.245 2010.441 2.8456 0 0 0 2.89e-05 0.0002885 
2990000 2990 1000.0 4595822.547 2012.613 2.843 0 0 0 2.85e-05 0.0002851 
3000000 3000 1000.0 4615787.316 2009.822 2.8405 0 0 0 2.67e-05 0.0002671 
3010000 3010 1000.0 4635818.966 2008.626 2.8398 0 0 0 2.67e-05 0.0002671 
3020000 3020 1000.0 4655966.197 2009.567 2.8419 0 0 0 2.54e-05 0.0002538 
3030000 3030 1000.0 4676219.468 2012.608 2.8411 0 0 0 2.59e-05 0.000259 
3040000 3040 1000.0 4696682.211 2018.754 2.8399 0 0 0 2.46e-05 0.0002461 
3050000 3050 1000.0 4716884.853 2019.015 2.8424 0 0 0 2.54e-05 0.000254 
3060000 3060 1000.0 4737354.937 2024.353 2.8451 0 0 0 2.39e-05 0.0002394 
3070000 3070 1000.0 4758014.638 2031.851 2.8448 0 0 0 2.42e-05 0.000242 
3080000 3080 1000.0 4778399.015 2033.0 2.8461 0 0 0 2.54e-05 0.0002542 
3090000 3090 1000.0 4799211.682 2042.101 2.8529 0 0 0 2.37e-05 0.0002374 
3100000 3100 1000.0 4819390.747 2037.026 2.8437 0 0 0 2.59e-05 0.0002595 
3110000 3110 1000.0 4839989.494 2041.352 2.8426 0 0 0 2.36e-05 0.0002355 
3120000 3120 1000.0 4860190.432 2037.243 2.8397 0 0 0 2.45e-05 0.0002446 
3130000 3130 1000.0 4880188.873 2030.234 2.8374 0 0 0 2.35e-05 0.0002354 
3140000 3140 1000.0 4899385.308 2009.799 2.8414 0 0 0 2.41e-05 0.0002409 
3150000 3150 1000.0 4918997.527 2001.636 2.8389 0 0 0 2.3e-05 0.0002298 
3160000 3160 1000.0 4938847.933 1998.693 2.839 0 0 0 2.52e-05 0.000252 
3170000 3170 1000.0 4958714.226 1997.073 2.8413 0 0 0 2.43e-05 0.0002433 
3180000 3180 1000.0 4979384.519 2009.98 2.8417 0 0 0 2.43e-05 0.0002426 
3190000 3190 1000.0 4999863.374 2016.793 2.8392 0 0 0 2.46e-05 0.0002461 
3200000 3200 1000.0 5020063.115 2017.082 2.834 0 0 0 2.37e-05 0.0002366 
3210000 3210 1000.0 5040321.436 2018.533 2.8348 0 0 0 2.37e-05 0.0002367 
3220000 3220 1000.0 5060438.578 2017.46 2.8368 0 0 0 2.42e-05 0.000242 
3230000 3230 1000.0 5080418.629 2013.754 2.8315 0 0 0 2.43e-05 0.0002433 
3240000 3240 1000.0 5100343.513 2009.87 2.8298 0 0 0 2.48e-05 0.0002484 
3250000 3250 1000.0 5120046.961 2002.474 2.8255 0 0 0 2.4e-05 0.0002397 
3260000 3260 1000.0 5139655.216 1995.02 2.8306 0 0 0 2.45e-05 0.0002455 
3270000 3270 1000.0 5159512.236 1993.501 2.826 0 0 0 2.45e-05 0.0002448 
3280000 3280 1000.0 5178731.289 1980.75 2.8315 0 0 0 2.54e-05 0.0002543 
3290000 3290 1000.0 5198894.861 1987.404 2.8314 0 0 0 2.42e-05 0.0002424 
3300000 3300 1000.0 5219341.373 1997.956 2.8322 0 0 0 2.4e-05 0.0002396 
3310000 3310 1000.0 5240114.264 2012.19 2.8332 0 0 0 2.47e-05 0.0002474 
3320000 3320 1000.0 5260518.24 2017.2 2.8328 0 0 0 2.33e-05 0.0002327 
3330000 3330 1000.0 5280498.619 2013.827 2.8368 0 0 0 2.5e-05 0.0002502 
3340000 3340 1000.0 5300999.842 2020.849 2.8353 0 0 0 2.47e-05 0.0002467 
3350000 3350 1000.0 5321355.757 2023.687 2.8347 0 0 0 2.41e-05 0.0002407 
3360000 3360 1000.0 5341212.895 2016.49 2.8318 0 0 0 2.37e-05 0.0002374 
3370000 3370 1000.0 5361684.529 2022.13 2.8335 0 0 0 2.36e-05 0.0002361 
3380000 3380 1000.0 5381650.341 2017.335 2.8459 0 0 0 2.36e-05 0.0002356 
3390000 3390 1000.0 5401144.257 2004.99 2.8463 0 0 0 2.35e-05 0.0002353 
3400000 3400 1000.0 5420508.346 1992.536 2.8454 0 0 0 2.28e-05 0.0002281 
3410000 3410 1000.0 5439672.0 1978.862 2.8443 0 0 0 2.27e-05 0.0002265 
3420000 3420 1000.0 5458286.597 1957.527 2.8421 0 0 0 2.35e-05 0.0002351 
3430000 3430 1000.0 5477410.454 1949.253 2.8454 0 0 0 2.34e-05 0.0002343 
3440000 3440 1000.0 5496587.022 1943.117 2.855 0 0 0 2.51e-05 0.0002508 
3450000 3450 1000.0 5515568.778 1935.045 2.8608 0 0 0 2.44e-05 0.0002439 
3460000 3460 1000.0 5534765.758 1932.564 2.8598 0 0 0 2.47e-05 0.0002475 
3470000 3470 1000.0 5554522.011 1940.866 2.8517 0 0 0 2.36e-05 0.0002362 
3480000 3480 1000.0 5574254.337 1946.885 2.8461 0 0 0 2.39e-05 0.0002387 
3490000 3490 1000.0 5593955.405 1950.811 2.8552 0 0 0 2.36e-05 0.0002359 
3500000 3500 1000.0 5613218.477 1946.172 2.8452 0 0 0 2.38e-05 0.0002382 
3510000 3510 1000.0 5632505.35 1942.94 2.8401 0 0 0 2.44e-05 0.0002438 
3520000 3520 1000.0 5652095.379 1946.146 2.8352 0 0 0 2.41e-05 0.0002408 
3530000 3530 1000.0 5671342.954 1942.109 2.8317 0 0 0 2.68e-05 0.0002682 
3540000 3540 1000.0 5690521.586 1938.411 2.828 0 0 0 2.53e-05 0.0002531 
3550000 3550 1000.0 5710253.985 1945.034 2.8274 0 0 0 2.44e-05 0.0002439 
3560000 3560 1000.0 5729916.549 1948.539 2.8321 0 0 0 2.48e-05 0.0002483 
3570000 3570 1000.0 5749643.401 1952.924 2.8369 0 0 0 2.62e-05 0.0002622 
3580000 3580 1000.0 5769031.169 1950.492 2.839 0 0 0 2.58e-05 0.0002584 
3590000 3590 1000.0 5788287.385 1945.821 2.8386 0 0 0 2.51e-05 0.0002515 
3600000 3600 1000.0 5807183.257 1935.624 2.8421 0 0 0 2.6e-05 0.0002596 
3610000 3610 1000.0 5826540.307 1935.734 2.8403 0 0 0 2.47e-05 0.0002474 
3620000 3620 1000.0 5846498.427 1946.823 2.8452 0 0 0 2.41e-05 0.000241 
3630000 3630 1000.0 5866598.37 1958.543 2.8488 0 0 0 2.31e-05 0.0002311 
3640000 3640 1000.0 5886268.01 1959.729 2.847 0 0 0 2.46e-05 0.0002458 
3650000 3650 1000.0 5906104.318 1964.085 2.8549 0 0 0 2.47e-05 0.0002467 
3660000 3660 1000.0 5925686.399 1963.388 2.8517 0 0 0 2.49e-05 0.0002491 
3670000 3670 1000.0 5945195.666 1961.064 2.8496 0 0 0 2.51e-05 0.000251 
3680000 3680 1000.0 5964462.669 1954.599 2.8522 0 0 0 2.52e-05 0.000252 
3690000 3690 1000.0 5983255.015 1940.813 2.8539 0 0 0 2.53e-05 0.0002534 
3700000 3700 1000.0 6002335.437 1935.194 2.8489 0 0 0 2.48e-05 0.0002481 
3710000 3710 1000.0 6021772.303 1936.732 2.852 0 0 0 2.5e-05 0.0002505 
3720000 3720 1000.0 6041399.542 1941.444 2.8537 0 0 0 2.74e-05 0.0002737 
3730000 3730 1000.0 6060779.301 1940.727 2.8524 0 0 0 2.59e-05 0.0002594 
3740000 3740 1000.0 6080622.596 1948.778 2.8487 0 0 0 2.54e-05 0.0002545 
3750000 3750 1000.0 6100509.995 1955.794 2.8531 0 0 0 2.46e-05 0.0002457 
3760000 3760 1000.0 6120639.41 1966.638 2.8485 0 0 0 2.55e-05 0.0002553 
3770000 3770 1000.0 6140170.784 1963.984 2.8428 0 0 0 2.49e-05 0.0002486 
3780000 3780 1000.0 6159363.007 1955.641 2.8459 0 0 0 2.44e-05 0.0002444 
3790000 3790 1000.0 6179393.996 1964.135 2.8561 0 0 0 2.45e-05 0.000245 
3800000 3800 1000.0 6199213.295 1967.597 2.8542 0 0 0 2.52e-05 0.0002516 
3810000 3810 1000.0 6219559.18 1979.898 2.8571 0 0 0 2.34e-05 0.0002342 
3820000 3820 1000.0 6239565.574 1984.013 2.8627 0 0 0 2.62e-05 0.0002623 
3830000 3830 1000.0 6260005.188 1995.076 2.8592 0 0 0 2.51e-05 0.0002509 
3840000 3840 1000.0 6280418.783 2003.622 2.8675 0 0 0 2.27e-05 0.0002275 
3850000 3850 1000.0 6301323.582 2019.216 2.8617 0 0 0 2.42e-05 0.0002424 
3860000 3860 1000.0 6321818.3 2024.72 2.8564 0 0 0 2.34e-05 0.000234 
3870000 3870 1000.0 6342200.12 2027.123 2.8531 0 0 0 2.37e-05 0.0002371 
3880000 3880 1000.0 6361270.99 2004.173 2.8522 0 0 0 2.47e-05 0.0002475 
3890000 3890 1000.0 6380933.26 1997.629 2.8457 0 0 0 2.31e-05 0.0002308 
3900000 3900 1000.0 6401356.348 2005.928 2.8424 0 0 0 2.29e-05 0.0002294 
3910000 3910 1000.0 6420992.362 1998.257 2.8412 0 0 0 2.24e-05 0.0002244 
3920000 3920 1000.0 6440793.28 1995.171 2.8405 0 0 0 2.47e-05 0.0002472 
3930000 3930 1000.0 6460666.968 1993.743 2.839 0 0 0 2.42e-05 0.0002422 
3940000 3940 1000.0 6480977.537 2000.515 2.8427 0 0 0 2.43e-05 0.0002426 
3950000 3950 1000.0 6500366.286 1988.974 2.8414 0 0 0 2.19e-05 0.0002189 
3960000 3960 1000.0 6519754.504 1979.857 2.838 0 0 0 2.32e-05 0.0002316 
3970000 3970 1000.0 6539675.753 1982.482 2.8378 0 0 0 2.33e-05 0.0002333 
3980000 3980 1000.0 6559799.785 1987.921 2.8432 0 0 0 2.45e-05 0.0002446 
3990000 3990 1000.0 6579368.789 1982.068 2.858 0 0 0 2.28e-05 0.0002276 
4000000 4000 1000.0 6598810.21 1975.221 2.8511 0 0 0 2.35e-05 0.0002354 
4010000 4010 1000.0 6618386.981 1971.904 2.8504 0 0 0 2.32e-05 0.0002323 
4020000 4020 1000.0 6638238.291 1974.732 2.8451 0 0 0 2.43e-05 0.0002431 
4030000 4030 1000.0 6658280.01 1980.312 2.8423 0 0 0 2.32e-05 0.0002323 
4040000 4040 1000.0 6677818.997 1975.167 2.8447 0 0 0 2.49e-05 0.0002487 
4050000 4050 1000.0 6697576.671 1975.161 2.8437 0 0 0 2.37e-05 0.0002375 
4060000 4060 1000.0 6717244.999 1973.588 2.8455 0 0 0 2.34e-05 0.0002343 
4070000 4070 1000.0 6736938.067 1972.417 2.8473 0 0 0 2.62e-05 0.0002619 
4080000 4080 1000.0 6756675.639 1972.69 2.8465 0 0 0 2.52e-05 0.0002517 
4090000 4090 1000.0 6776826.572 1980.724 2.8389 0 0 0 2.5e-05 0.0002505 
4100000 4100 1000.0 6797080.303 1988.85 2.8387 0 0 0 2.37e-05 0.0002373 
4110000 4110 1000.0 6817693.996 2002.522 2.8411 0 0 0 2.49e-05 0.0002492 
4120000 4120 1000.0 6837733.471 2002.812 2.8452 0 0 0 2.31e-05 0.0002314 
4130000 4130 1000.0 6858103.249 2009.187 2.8455 0 0 0 2.35e-05 0.0002351 
4140000 4140 1000.0 6878613.12 2016.539 2.8479 0 0 0 2.48e-05 0.0002482 
4150000 4150 1000.0 6898325.577 2008.338 2.8466 0 0 0 2.34e-05 0.0002336 
4160000 4160 1000.0 6918172.73 2003.545 2.851 0 0 0 2.38e-05 0.0002384 
4170000 4170 1000.0 6937948.984 1998.475 2.8489 0 0 0 2.38e-05 0.0002385 
4180000 4180 1000.0 6957706.95 1994.107 2.8448 0 0 0 2.5e-05 0.0002504 
4190000 4190 1000.0 6977802.289 1996.783 2.8401 0 0 0 2.43e-05 0.0002433 
4200000 4200 1000.0 6998016.041 2001.468 2.8446 0 0 0 2.3e-05 0.0002297 
4210000 4210 1000.0 7017900.414 1999.581 2.842 0 0 0 2.42e-05 0.0002417 
4220000 4220 1000.0 7037375.972 1990.344 2.8411 0 0 0 2.49e-05 0.0002491 
4230000 4230 1000.0 7056952.114 1984.461 2.8426 0 0 0 2.42e-05 0.0002421 
4240000 4240 1000.0 7076666.771 1981.943 2.8408 0 0 0 2.35e-05 0.000235 
4250000 4250 1000.0 7096648.097 1984.781 2.8405 0 0 0 2.47e-05 0.0002474 
4260000 4260 1000.0 7116983.91 1993.867 2.845 0 0 0 2.51e-05 0.0002509 
4270000 4270 1000.0 7136822.119 1992.021 2.8431 0 0 0 2.59e-05 0.0002585 
4280000 4280 1000.0 7156256.009 1982.917 2.8427 0 0 0 2.52e-05 0.000252 
4290000 4290 1000.0 7175962.841 1981.049 2.8385 0 0 0 2.57e-05 0.0002571 
4300000 4300 1000.0 7195743.558 1980.235 2.8483 0 0 0 2.65e-05 0.000265 
4310000 4310 1000.0 7213717.251 1945.384 2.8513 0 0 0 2.79e-05 0.0002787 
4320000 4320 1000.0 7231907.491 1922.449 2.8621 0 0 0 2.74e-05 0.0002743 
4330000 4330 1000.0 7251147.606 1923.259 2.8717 0 0 0 2.68e-05 0.0002679 
4340000 4340 1000.0 7270694.249 1928.433 2.8693 0 0 0 2.85e-05 0.0002851 
4350000 4350 1000.0 7291021.143 1947.921 2.8723 0 0 0 2.9e-05 0.0002898 
4360000 4360 1000.0 7311046.816 1958.005 2.8665 0 0 0 2.7e-05 0.0002704 
4370000 4370 1000.0 7331110.751 1966.776 2.8608 0 0 0 2.85e-05 0.0002846 
4380000 4380 1000.0 7350758.682 1966.551 2.8676 0 0 0 2.71e-05 0.0002708 
4390000 4390 1000.0 7370145.863 1962.03 2.8644 0 0 0 2.69e-05 0.0002694 
4400000 4400 1000.0 7389798.907 1962.408 2.8618 0 0 0 2.85e-05 0.0002846 
4410000 4410 1000.0 7409135.065 1957.188 2.8633 0 0 0 2.81e-05 0.0002806 
4420000 4420 1000.0 7428914.093 1961.282 2.8578 0 0 0 2.87e-05 0.0002871 
4430000 4430 1000.0 7447149.522 1936.428 2.8499 0 0 0 2.86e-05 0.0002857 
4440000 4440 1000.0 7466956.017 1944.417 2.8465 0 0 0 2.91e-05 0.0002906 
4450000 4450 1000.0 7486494.876 1945.416 2.8497 0 0 0 2.67e-05 0.0002666 
4460000 4460 1000.0 7506278.223 1951.02 2.8479 0 0 0 2.76e-05 0.0002763 
4470000 4470 1000.0 7525999.671 1955.127 2.844 0 0 0 2.65e-05 0.0002654 
4480000 4480 1000.0 7546259.356 1968.0 2.8423 0 0 0 2.62e-05 0.0002616 
4490000 4490 1000.0 7566149.497 1971.7 2.8403 0 0 0 2.62e-05 0.000262 
4500000 4500 1000.0 7586276.726 1979.414 2.8433 0 0 0 2.8e-05 0.00028 
4510000 4510 1000.0 7606548.475 1988.317 2.8445 0 0 0 2.69e-05 0.0002694 
4520000 4520 1000.0 7626187.676 1983.859 2.8442 0 0 0 2.6e-05 0.0002596 
4530000 4530 1000.0 7646431.822 1990.691 2.8506 0 0 0 2.62e-05 0.0002625 
4540000 4540 1000.0 7666494.301 1993.818 2.8491 0 0 0 2.65e-05 0.0002647 
4550000 4550 1000.0 7687010.382 2004.219 2.8573 0 0 0 2.68e-05 0.0002684 
4560000 4560 1000.0 7707419.579 2011.182 2.8597 0 0 0 2.56e-05 0.0002564 
4570000 4570 1000.0 7727160.984 2004.141 2.8621 0 0 0 2.56e-05 0.0002556 
4580000 4580 1000.0 7746806.586 1996.826 2.861 0 0 0 2.45e-05 0.0002454 
4590000 4590 1000.0 7766204.792 1986.227 2.8618 0 0 0 2.51e-05 0.0002508 
4600000 4600 1000.0 7785692.83 1979.551 2.8584 0 0 0 2.58e-05 0.0002581 
4610000 4610 1000.0 7805947.461 1988.151 2.853 0 0 0 2.37e-05 0.0002371 
4620000 4620 1000.0 7825110.996 1974.923 2.852 0 0 0 2.4e-05 0.0002403 
4630000 4630 1000.0 7842635.986 1933.948 2.8468 0 0 0 2.55e-05 0.0002545 
4640000 4640 1000.0 7861820.174 1930.885 2.8449 0 0 0 2.56e-05 0.0002555 
4650000 4650 1000.0 7880754.775 1923.819 2.842 0 0 0 2.63e-05 0.0002632 
4660000 4660 1000.0 7900263.727 1928.771 2.8411 0 0 0 2.6e-05 0.0002603 
4670000 4670 1000.0 7919165.356 1921.09 2.8423 0 0 0 2.63e-05 0.0002635 
4680000 4680 1000.0 7937640.029 1907.57 2.8444 0 0 0 2.72e-05 0.0002722 
4690000 4690 1000.0 7956364.154 1901.175 2.8474 0 0 0 2.53e-05 0.0002528 
4700000 4700 1000.0 7974997.265 1893.958 2.8432 0 0 0 2.73e-05 0.0002733 
4710000 4710 1000.0 7994017.5 1895.78 2.8464 0 0 0 2.79e-05 0.0002788 
4720000 4720 1000.0 8013550.336 1906.296 2.8445 0 0 0 2.69e-05 0.0002689 
4730000 4730 1000.0 8032883.569 1911.333 2.8462 0 0 0 2.67e-05 0.0002671 
4740000 4740 1000.0 8051702.543 1905.874 2.8419 0 0 0 2.77e-05 0.0002767 
4750000 4750 1000.0 8070808.822 1906.867 2.8401 0 0 0 2.91e-05 0.000291 
4760000 4760 1000.0 8089645.703 1902.658 2.8427 0 0 0 2.99e-05 0.0002987 
4770000 4770 1000.0 8108402.775 1898.276 2.8478 0 0 0 2.89e-05 0.0002891 
4780000 4780 1000.0 8127661.454 1902.969 2.8461 0 0 0 2.88e-05 0.0002884 
4790000 4790 1000.0 8146784.875 1904.594 2.8439 0 0 0 2.96e-05 0.0002961 
4800000 4800 1000.0 8166257.149 1912.744 2.8392 0 0 0 3.03e-05 0.0003033 
4810000 4810 1000.0 8185231.947 1910.103 2.8362 0 0 0 3e-05 0.0002998 
4820000 4820 1000.0 8205036.02 1922.966 2.8339 0 0 0 3e-05 0.0003002 
4830000 4830 1000.0 8223842.97 1914.831 2.8402 0 0 0 2.94e-05 0.0002938 
4840000 4840 1000.0 8243396.285 1922.356 2.8416 0 0 0 2.96e-05 0.0002965 
4850000 4850 1000.0 8262793.311 1925.455 2.8456 0 0 0 2.89e-05 0.0002894 
4860000 4860 1000.0 8281986.682 1924.096 2.8506 0 0 0 2.98e-05 0.0002984 
4870000 4870 1000.0 8302128.955 1940.57 2.8475 0 0 0 2.93e-05 0.0002933 
4880000 4880 1000.0 8321416.048 1938.933 2.8464 0 0 0 2.97e-05 0.0002967 
4890000 4890 1000.0 8341487.757 1951.643 2.8481 0 0 0 2.96e-05 0.0002959 
4900000 4900 1000.0 8361222.753 1955.878 2.8479 0 0 0 2.92e-05 0.0002919 
4910000 4910 1000.0 8380773.915 1955.79 2.8567 0 0 0 2.75e-05 0.0002746 
4920000 4920 1000.0 8399745.319 1945.097 2.8522 0 0 0 3.07e-05 0.0003071 
4930000 4930 1000.0 8418945.045 1940.135 2.8452 0 0 0 3.1e-05 0.0003097 
4940000 4940 1000.0 8438684.305 1946.526 2.842 0 0 0 2.92e-05 0.000292 
4950000 4950 1000.0 8458993.954 1962.113 2.8389 0 0 0 2.98e-05 0.000298 
4960000 4960 1000.0 8479723.546 1981.966 2.8406 0 0 0 2.96e-05 0.0002955 
4970000 4970 1000.0 8500123.535 1992.533 2.8431 0 0 0 2.99e-05 0.0002994 
4980000 4980 1000.0 8520496.207 2000.717 2.8389 0 0 0 3.02e-05 0.0003017 
4990000 4990 1000.0 8539816.264 1988.625 2.8481 0 0 0 2.85e-05 0.0002854 
5000000 5000 1000.0 8559641.698 1987.353 2.8482 0 0 0 3.07e-05 0.0003066 
5010000 5010 1000.0 8579845.751 1993.264 2.843 0 0 0 2.93e-05 0.0002935 
5020000 5020 1000.0 8599172.531 1982.144 2.8434 0 0 0 2.97e-05 0.000297 
5030000 5030 1000.0 8618925.827 1981.061 2.8494 0 0 0 2.94e-05 0.0002935 
5040000 5040 1000.0 8638390.474 1974.391 2.8506 0 0 0 3e-05 0.0003004 
5050000 5050 1000.0 8658439.662 1980.747 2.8574 0 0 0 3.11e-05 0.0003106 
5060000 5060 1000.0 8678576.697 1986.712 2.8571 0 0 0 2.99e-05 0.0002994 
5070000 5070 1000.0 8698159.705 1981.695 2.8517 0 0 0 3.04e-05 0.0003039 
5080000 5080 1000.0 8717523.909 1973.333 2.8497 0 0 0 3.01e-05 0.0003011 
5090000 5090 1000.0 8737384.199 1975.5 2.8455 0 0 0 3.12e-05 0.0003116 
5100000 5100 1000.0 8757917.091 1989.999 2.8422 0 0 0 3.02e-05 0.0003023 
5110000 5110 1000.0 8778582.882 2003.993 2.8398 0 0 0 3.12e-05 0.0003122 
5120000 5120 1000.0 8799427.169 2018.594 2.8423 0 0 0 2.96e-05 0.0002959 
5130000 5130 1000.0 8820174.306 2028.715 2.842 0 0 0 2.97e-05 0.0002973 
5140000 5140 1000.0 8841413.077 2046.228 2.8387 0 0 0 3.06e-05 0.0003062 
5150000 5150 1000.0 8860871.292 2028.707 2.8372 0 0 0 3.28e-05 0.000328 
5160000 5160 1000.0 8881738.247 2039.482 2.8399 0 0 0 3.18e-05 0.0003184 
5170000 5170 1000.0 8901843.558 2034.005 2.8474 0 0 0 3.17e-05 0.0003169 
5180000 5180 1000.0 8922529.608 2040.314 2.8457 0 0 0 3.27e-05 0.000327 
5190000 5190 1000.0 8941956.123 2021.779 2.8447 0 0 0 3.2e-05 0.0003202 
5200000 5200 1000.0 8961872.099 2016.091 2.8502 0 0 0 3.36e-05 0.0003357 
5210000 5210 1000.0 8982579.257 2025.788 2.8489 0 0 0 3.26e-05 0.0003261 
5220000 5220 1000.0 9002387.057 2017.74 2.8572 0 0 0 3.36e-05 0.0003363 
5230000 5230 1000.0 9022729.186 2021.158 2.8541 0 0 0 3.36e-05 0.000336 
5240000 5240 1000.0 9043465.242 2030.935 2.8531 0 0 0 3.35e-05 0.0003352 
5250000 5250 1000.0 9064523.072 2044.425 2.8498 0 0 0 3.31e-05 0.0003306 
5260000 5260 1000.0 9084777.137 2040.962 2.8522 0 0 0 3.59e-05 0.0003591 
5270000 5270 1000.0 9105585.426 2048.102 2.8525 0 0 0 3.54e-05 0.0003536 
5280000 5280 1000.0 9126031.31 2046.507 2.8566 0 0 0 3.59e-05 0.000359 
5290000 5290 1000.0 9147070.783 2056.974 2.8582 0 0 0 3.5e-05 0.0003497 
5300000 5300 1000.0 9168911.182 2080.037 2.8581 0 0 0 3.43e-05 0.000343 
5310000 5310 1000.0 9190534.739 2095.319 2.8535 0 0 0 3.38e-05 0.000338 
5320000 5320 1000.0 9212381.03 2111.663 2.845 0 0 0 3.24e-05 0.0003243 
5330000 5330 1000.0 9234164.734 2123.668 2.8433 0 0 0 3.33e-05 0.0003333 
5340000 5340 1000.0 9255811.932 2131.26 2.8529 0 0 0 3.33e-05 0.000333 
5350000 5350 1000.0 9277350.299 2135.41 2.8524 0 0 0 3.27e-05 0.0003273 
5360000 5360 1000.0 9299283.368 2145.821 2.8579 0 0 0 3.35e-05 0.0003354 
5370000 5370 1000.0 9320588.91 2143.173 2.8611 0 0 0 3.4e-05 0.0003396 
5380000 5380 1000.0 9342099.501 2144.428 2.8569 0 0 0 3.38e-05 0.0003378 
5390000 5390 1000.0 9363757.168 2148.163 2.8557 0 0 0 3.38e-05 0.0003381 
5400000 5400 1000.0 9385640.497 2155.42 2.8523 0 0 0 3.19e-05 0.0003186 
5410000 5410 1000.0 9406278.57 2138.861 2.8502 0 0 0 3.39e-05 0.0003393 
5420000 5420 1000.0 9427854.198 2142.373 2.8526 0 0 0 3.39e-05 0.0003385 
5430000 5430 1000.0 9448943.646 2136.469 2.8522 0 0 0 3.28e-05 0.0003285 
5440000 5440 1000.0 9470397.313 2138.147 2.8557 0 0 0 3.78e-05 0.0003782 
5450000 5450 1000.0 9492483.285 2151.308 2.8551 0 0 0 3.29e-05 0.0003286 
5460000 5460 1000.0 9514122.243 2153.321 2.8586 0 0 0 3.27e-05 0.0003272 
5470000 5470 1000.0 9535344.984 2146.941 2.8654 0 0 0 3.24e-05 0.0003242 
5480000 5480 1000.0 9557268.62 2155.115 2.863 0 0 0 3.27e-05 0.0003266 
5490000 5490 1000.0 9578717.166 2154.049 2.8634 0 0 0 3.43e-05 0.0003428 
5500000 5500 1000.0 9600342.691 2155.353 2.8564 0 0 0 3.38e-05 0.0003379 
5510000 5510 1000.0 9622449.46 2165.405 2.8517 0 0 0 3.23e-05 0.0003233 
5520000 5520 1000.0 9643940.887 2162.301 2.8486 0 0 0 3.37e-05 0.000337 
5530000 5530 1000.0 9665415.06 2159.818 2.8519 0 0 0 3.23e-05 0.0003235 
5540000 5540 1000.0 9687314.917 2165.442 2.8542 0 0 0 3.54e-05 0.0003536 
5550000 5550 1000.0 9709667.731 2178.455 2.8526 0 0 0 3.2e-05 0.0003204 
5560000 5560 1000.0 9731454.406 2179.202 2.8494 0 0 0 3.29e-05 0.0003289 
5570000 5570 1000.0 9753596.115 2185.116 2.852 0 0 0 3.38e-05 0.0003382 
5580000 5580 1000.0 9775606.289 2187.955 2.8575 0 0 0 3.34e-05 0.0003343 
5590000 5590 1000.0 9797606.039 2189.824 2.8554 0 0 0 3.38e-05 0.0003378 
5600000 5600 1000.0 9819495.177 2189.903 2.8548 0 0 0 3.33e-05 0.0003327 
5610000 5610 1000.0 9840647.848 2175.763 2.8513 0 0 0 3.71e-05 0.0003711 
5620000 5620 1000.0 9862078.338 2170.479 2.8535 0 0 0 3.35e-05 0.0003348 
5630000 5630 1000.0 9883598.424 2167.231 2.8506 0 0 0 3.21e-05 0.0003208 
5640000 5640 1000.0 9905414.5 2169.538 2.8536 0 0 0 3.47e-05 0.0003471 
5650000 5650 1000.0 9927794.86 2181.79 2.86 0 0 0 3.23e-05 0.0003232 
5660000 5660 1000.0 9950195.276 2191.848 2.8575 0 0 0 3.41e-05 0.0003409 
5670000 5670 1000.0 9971507.376 2180.669 2.8607 0 0 0 3.51e-05 0.0003508 
5680000 5680 1000.0 9992116.952 2159.738 2.8628 0 0 0 3.45e-05 0.0003455 
5690000 5690 1000.0 10012826.011 2143.342 2.858 0 0 0 3.51e-05 0.0003505 
5700000 5700 1000.0 10034173.285 2141.443 2.8528 0 0 0 3.49e-05 0.0003495 
5710000 5710 1000.0 10055473.802 2139.61 2.8606 0 0 0 3.35e-05 0.0003346 
5720000 5720 1000.0 10077081.308 2143.926 2.8614 0 0 0 3.4e-05 0.0003396 
5730000 5730 1000.0 10099579.084 2163.092 2.8593 0 0 0 3.6e-05 0.0003596 
5740000 5740 1000.0 10122472.146 2186.111 2.8612 0 0 0 3.75e-05 0.0003748 
5750000 5750 1000.0 10145463.05 2206.499 2.8639 0 0 0 3.4e-05 0.0003397 
5760000 5760 1000.0 10167508.251 2206.099 2.8586 0 0 0 3.4e-05 0.00034 
5770000 5770 1000.0 10188700.254 2189.773 2.8551 0 0 0 3.25e-05 0.0003253 
5780000 5780 1000.0 10210215.261 2183.321 2.8566 0 0 0 3.33e-05 0.0003327 
5790000 5790 1000.0 10232309.008 2188.147 2.8567 0 0 0 3.33e-05 0.000333 
5800000 5800 1000.0 10254361.04 2191.484 2.8566 0 0 0 3.48e-05 0.0003483 
5810000 5810 1000.0 10277112.849 2206.291 2.8505 0 0 0 3.23e-05 0.0003232 
5820000 5820 1000.0 10298943.867 2201.757 2.8495 0 0 0 3.29e-05 0.000329 
5830000 5830 1000.0 10321110.848 2204.325 2.8526 0 0 0 3.06e-05 0.0003064 
5840000 5840 1000.0 10343286.228 2207.137 2.8507 0 0 0 3.06e-05 0.0003055 
5850000 5850 1000.0 10365720.989 2213.418 2.8466 0 0 0 3.02e-05 0.000302 
5860000 5860 1000.0 10387781.111 2212.112 2.8551 0 0 0 2.97e-05 0.000297 
5870000 5870 1000.0 10409279.133 2201.253 2.8527 0 0 0 2.96e-05 0.000296 
5880000 5880 1000.0 10431369.23 2202.662 2.8479 0 0 0 3.01e-05 0.0003009 
5890000 5890 1000.0 10453627.571 2207.021 2.8454 0 0 0 2.86e-05 0.0002857 
5900000 5900 1000.0 10475988.133 2212.741 2.8507 0 0 0 2.94e-05 0.0002939 
5910000 5910 1000.0 10498136.394 2212.778 2.853 0 0 0 2.81e-05 0.000281 
5920000 5920 1000.0 10520227.086 2212.412 2.8529 0 0 0 2.76e-05 0.0002759 
5930000 5930 1000.0 10542674.586 2218.906 2.8492 0 0 0 2.76e-05 0.0002764 
5940000 5940 1000.0 10565425.724 2228.987 2.8466 0 0 0 2.75e-05 0.0002749 
5950000 5950 1000.0 10588043.596 2234.057 2.8534 0 0 0 2.76e-05 0.0002756 
5960000 5960 1000.0 10610423.655 2234.733 2.8483 0 0 0 2.88e-05 0.000288 
5970000 5970 1000.0 10631338.599 2209.063 2.8464 0 0 0 2.85e-05 0.0002853 
5980000 5980 1000.0 10652617.152 2193.303 2.8439 0 0 0 2.98e-05 0.0002976 
5990000 5990 1000.0 10673822.566 2179.278 2.8408 0 0 0 3.11e-05 0.000311 
6000000 6000 1000.0 10695027.143 2169.108 2.8389 0 0 0 3.12e-05 0.0003125 
