10000 15 168.25 4143.38 69.139 0.1871 0 0 0 0.0 0.0 
20000 28 306.406 7759.45 117.01 0.3416 0 0 0 0.0 0.0 
30000 38 433.283 9481.559 129.094 0.8073 0 0 0 0.0001772 0.0017723 
40000 48 536.951 11105.936 135.537 1.194 0 0 0 0.0002124 0.0021239 
50000 66 537.372 14380.278 147.596 1.3046 0 0 0 0.0002991 0.0029911 
60000 111 336.834 18598.788 108.926 0.8728 0 0 0 0.0003209 0.0032089 
70000 189 197.22 22774.644 73.847 0.5494 0 0 0 0.0003249 0.0032492 
80000 199 344.07 27633.81 149.024 0.9935 0 0 0 0.0003503 0.0035026 
90000 215 416.691 31941.532 179.448 1.2118 0 0 0 0.0003518 0.0035184 
100000 225 523.394 36781.803 233.129 1.5273 0 0 0 0.0003563 0.0035629 
110000 235 610.579 42489.881 299.275 1.7828 0 0 0 0.0003688 0.0036885 
120000 247 668.276 47865.82 334.272 1.9636 0 0 0 0.0003984 0.003984 
130000 257 723.406 53239.047 367.672 2.1192 0 0 0 0.0004297 0.0042971 
140000 267 774.003 58941.216 404.948 2.2654 0 0 0 0.0004402 0.0044018 
150000 277 815.344 65191.017 444.72 2.38 0 0 0 0.0004272 0.0042718 
160000 287 849.123 71543.144 478.676 2.4729 0 0 0 0.0004313 0.0043134 
170000 299 844.54 77244.262 479.412 2.462 0 0 0 0.0004035 0.0040346 
180000 309 866.813 82544.946 486.021 2.5231 0 0 0 0.0003939 0.0039386 
190000 320 884.949 87530.179 484.107 2.5775 0 0 0 0.0003851 0.0038507 
200000 333 856.426 92563.716 459.52 2.4908 0 0 0 0.0003685 0.0036849 
210000 343 882.69 97033.127 458.701 2.5726 0 0 0 0.0003266 0.0032655 
220000 353 904.149 101909.877 460.621 2.6375 0 0 0 0.0003218 0.0032179 
230000 363 921.683 106442.161 462.066 2.6859 0 0 0 0.0003101 0.0031012 
240000 373 936.009 112159.306 480.633 2.7209 0 0 0 0.0002694 0.0026936 
250000 383 947.715 117046.822 484.1 2.7529 0 0 0 0.0002544 0.0025436 
260000 393 957.279 122181.511 489.885 2.7923 0 0 0 0.0002417 0.0024168 
270000 403 965.094 127783.398 501.918 2.8208 0 0 0 0.000233 0.0023304 
280000 416 927.436 133005.98 483.297 2.7133 0 0 0 0.0002315 0.0023152 
290000 430 875.839 138259.135 456.747 2.5773 0 0 0 0.0002236 0.002236 
300000 441 883.783 143561.723 462.548 2.5974 0 0 0 0.0002243 0.0022435 
310000 451 889.107 149694.346 482.019 2.6088 0 0 0 0.0002103 0.0021033 
320000 461 909.393 155245.578 495.255 2.6679 0 0 0 0.0002005 0.0020051 
330000 473 897.637 159702.875 471.27 2.6356 0 0 0 0.0002045 0.0020446 
340000 483 916.362 165178.435 486.985 2.6882 0 0 0 0.000193 0.0019296 
350000 494 909.861 169596.829 463.501 2.669 0 0 0 0.0001981 0.0019814 
360000 504 925.645 175071.181 478.261 2.7141 0 0 0 0.0001957 0.0019573 
370000 514 939.247 180352.704 487.068 2.7561 0 0 0 0.0001971 0.0019709 
380000 524 950.36 187252.733 525.069 2.7871 0 0 0 0.0002032 0.0020321 
390000 534 959.441 193384.786 537.776 2.8136 0 0 0 0.0001986 0.0019859 
400000 544 966.86 198897.083 543.096 2.8383 0 0 0 0.0001878 0.0018777 
410000 555 961.454 204196.671 535.144 2.8236 0 0 0 0.0001827 0.001827 
420000 565 968.505 209652.921 535.89 2.8498 0 0 0 0.0001875 0.0018751 
430000 575 974.266 216060.708 553.69 2.8655 0 0 0 0.0001819 0.0018193 
440000 585 978.974 222458.604 568.596 2.8927 0 0 0 0.0001749 0.0017487 
450000 595 982.82 229822.69 601.912 2.8971 0 0 0 0.0001723 0.0017234 
460000 605 985.963 235858.555 602.8 2.9061 0 0 0 0.0001675 0.0016751 
470000 615 988.531 243204.472 623.276 2.9117 0 0 0 0.0001702 0.0017021 
480000 625 981.75 249971.872 635.855 2.8974 0 0 0 0.0001668 0.0016677 
490000 635 985.088 257124.139 643.664 2.9028 0 0 0 0.0001667 0.001667 
500000 645 987.816 263489.813 644.301 2.9204 0 0 0 0.0001616 0.0016162 
510000 655 990.045 270735.989 658.111 2.936 0 0 0 0.0001525 0.0015249 
520000 665 991.866 277274.4 653.93 2.9416 0 0 0 0.0001538 0.0015379 
530000 675 993.354 283864.521 652.039 2.9447 0 0 0 0.0001514 0.0015142 
540000 685 994.57 290889.344 664.82 2.9409 0 0 0 0.0001451 0.0014511 
550000 696 989.792 298727.025 681.892 2.9234 0 0 0 0.0001522 0.0015217 
560000 706 991.659 306001.126 689.15 2.9217 0 0 0 0.000147 0.0014702 
570000 716 993.185 313570.454 703.623 2.9201 0 0 0 0.0001495 0.0014953 
580000 726 994.432 321646.823 723.145 2.922 0 0 0 0.0001441 0.0014413 
590000 736 995.45 329375.174 730.673 2.9246 0 0 0 0.0001541 0.0015406 
600000 746 996.282 337982.423 755.306 2.9228 0 0 0 0.0001511 0.0015113 
610000 756 996.962 347131.382 784.582 2.9305 0 0 0 0.0001556 0.0015557 
620000 766 997.518 355362.889 790.385 2.9316 0 0 0 0.0001473 0.0014732 
630000 776 997.972 364596.076 815.787 2.9289 0 0 0 0.0001504 0.0015036 
640000 786 998.343 372479.62 809.153 2.9253 0 0 0 0.0001472 0.0014717 
650000 796 998.646 381388.201 823.691 2.9325 0 0 0 0.0001494 0.0014945 
660000 806 998.894 388361.054 800.826 2.9323 0 0 0 0.0001482 0.0014815 
670000 816 999.096 397244.76 817.621 2.946 0 0 0 0.0001493 0.001493 
680000 826 999.262 405437.999 816.69 2.9532 0 0 0 0.000153 0.0015299 
690000 836 999.397 414281.797 829.161 2.9567 0 0 0 0.0001529 0.0015287 
700000 846 999.507 425982.251 890.886 2.9491 0 0 0 0.0001626 0.0016257 
710000 856 999.597 436794.434 926.412 2.9502 0 0 0 0.0001592 0.0015923 
720000 866 999.671 447836.161 957.481 2.9488 0 0 0 0.0001574 0.0015745 
730000 876 999.731 457207.509 953.155 2.9485 0 0 0 0.000158 0.0015799 
740000 886 999.78 468160.26 977.415 2.9657 0 0 0 0.0001592 0.0015916 
750000 896 999.82 478786.008 991.919 2.9807 0 0 0 0.0001525 0.0015245 
760000 906 999.853 491211.733 1040.092 2.9774 0 0 0 0.0001489 0.001489 
770000 916 999.88 504659.703 1093.373 2.9719 0 0 0 0.000141 0.0014105 
780000 926 999.902 516394.745 1108.343 2.9692 0 0 0 0.0001413 0.0014127 
790000 936 999.92 527998.876 1119.843 2.9741 0 0 0 0.0001364 0.0013638 
800000 946 999.935 541812.186 1169.28 2.978 0 0 0 0.0001307 0.0013072 
810000 956 999.947 555932.573 1212.478 2.968 0 0 0 0.0001263 0.0012629 
820000 966 999.956 569562.937 1239.411 2.9749 0 0 0 0.0001258 0.0012581 
830000 976 999.964 581197.655 1225.381 2.9776 0 0 0 0.0001191 0.0011912 
840000 987 984.912 594789.534 1231.842 2.9236 0 0 0 0.0001178 0.0011776 
850000 997 987.672 607419.444 1236.798 2.9299 0 0 0 0.0001165 0.0011648 
860000 1007 989.927 620134.933 1242.913 2.9337 0 0 0 0.000112 0.0011196 
870000 1017 991.77 632764.929 1247.726 2.9393 0 0 0 0.0001106 0.0011059 
880000 1027 993.275 647433.966 1287.018 2.9415 0 0 0 0.0001109 0.0011088 
890000 1037 994.506 660254.235 1288.379 2.9515 0 0 0 0.0001026 0.001026 
900000 1047 995.511 672596.548 1278.587 2.9564 0 0 0 9.72e-05 0.000972 
910000 1057 996.332 687759.623 1322.511 2.9483 0 0 0 9.47e-05 0.0009467 
920000 1067 997.003 703448.576 1367.53 2.958 0 0 0 9.45e-05 0.0009452 
930000 1077 997.551 716646.436 1361.34 2.959 0 0 0 8.91e-05 0.0008912 
940000 1087 997.999 732581.399 1403.9 2.9514 0 0 0 8.51e-05 0.0008515 
950000 1097 998.365 748659.387 1440.939 2.9441 0 0 0 8.63e-05 0.000863 
960000 1107 998.664 764520.821 1467.526 2.9395 0 0 0 8.65e-05 0.0008654 
970000 1117 998.909 781312.481 1506.647 2.9529 0 0 0 8.39e-05 0.0008395 
980000 1127 999.108 799231.469 1558.919 2.952 0 0 0 8.08e-05 0.0008083 
990000 1137 999.271 816495.738 1590.363 2.9513 0 0 0 8.9e-05 0.0008897 
1000000 1147 999.405 831489.12 1572.589 2.9504 0 0 0 9e-05 0.0009001 
1010000 1157 999.514 846181.097 1555.136 2.9462 0 0 0 9.22e-05 0.0009225 
1020000 1167 999.603 860109.038 1525.326 2.9457 0 0 0 9.5e-05 0.0009498 
1030000 1177 999.675 873841.971 1496.314 2.94 0 0 0 0.0001036 0.001036 
1040000 1187 999.735 889129.616 1502.168 2.952 0 0 0 0.0001027 0.0010274 
1050000 1197 999.783 904517.823 1511.195 2.9453 0 0 0 0.0001023 0.0010227 
1060000 1207 999.823 919780.132 1517.913 2.9528 0 0 0 0.000108 0.0010803 
1070000 1217 999.855 937248.303 1559.72 2.9559 0 0 0 0.0001102 0.0011025 
1080000 1227 999.882 951173.858 1524.273 2.9485 0 0 0 0.0001183 0.0011826 
1090000 1237 999.903 964775.566 1492.023 2.953 0 0 0 0.0001161 0.001161 
1100000 1247 998.656 982351.394 1539.798 2.9446 0 0 0 0.0001141 0.0011413 
1110000 1257 998.901 1000710.652 1596.293 2.9474 0 0 0 0.0001208 0.0012076 
1120000 1267 999.102 1019172.014 1641.551 2.9487 0 0 0 0.0001195 0.0011945 
1130000 1277 999.267 1037357.871 1673.536 2.947 0 0 0 0.0001146 0.001146 
1140000 1287 999.401 1056076.74 1709.181 2.9444 0 0 0 0.000114 0.0011397 
1150000 1297 999.51 1073648.991 1717.617 2.9455 0 0 0 0.0001153 0.0011533 
1160000 1307 999.6 1091273.852 1726.265 2.9477 0 0 0 0.0001153 0.001153 
1170000 1317 999.673 1110377.275 1760.524 2.9513 0 0 0 0.0001113 0.0011132 
1180000 1327 999.733 1128553.675 1769.496 2.9518 0 0 0 0.0001139 0.0011394 
1190000 1337 999.782 1147541.045 1794.061 2.9484 0 0 0 0.0001083 0.0010831 
1200000 1347 999.822 1166744.109 1817.318 2.9443 0 0 0 0.0001059 0.0010594 
1210000 1357 999.854 1185518.887 1829.405 2.9435 0 0 0 9.92e-05 0.0009922 
1220000 1367 999.881 1202697.147 1804.804 2.9394 0 0 0 9.22e-05 0.0009218 
1230000 1377 999.903 1218340.41 1761.974 2.9528 0 0 0 8.99e-05 0.0008989 
1240000 1387 999.921 1236231.971 1764.676 2.9598 0 0 0 9.17e-05 0.0009171 
1250000 1397 999.935 1254845.607 1784.372 2.9574 0 0 0 8.25e-05 0.0008246 
1260000 1407 999.947 1272463.659 1779.968 2.952 0 0 0 8.12e-05 0.0008118 
1270000 1417 999.957 1289666.717 1769.308 2.9432 0 0 0 8.01e-05 0.0008007 
1280000 1427 999.965 1307248.708 1768.608 2.9404 0 0 0 7.63e-05 0.0007629 
1290000 1437 999.971 1324160.917 1754.242 2.9512 0 0 0 7.42e-05 0.0007418 
1300000 1447 999.976 1340742.504 1736.353 2.9653 0 0 0 6.98e-05 0.0006982 
1310000 1457 999.981 1357852.268 1733.619 2.965 0 0 0 7.44e-05 0.0007436 
1320000 1467 999.984 1375257.838 1734.716 2.961 0 0 0 7.91e-05 0.0007914 
1330000 1477 999.987 1393636.433 1752.118 2.9576 0 0 0 8.64e-05 0.000864 
1340000 1487 999.989 1413487.212 1794.235 2.9498 0 0 0 8.33e-05 0.0008327 
1350000 1497 999.991 1432871.371 1822.291 2.9486 0 0 0 8.44e-05 0.0008438 
1360000 1507 999.993 1451399.981 1828.039 2.9396 0 0 0 8.16e-05 0.0008158 
1370000 1517 999.994 1469460.373 1822.469 2.9464 0 0 0 8.46e-05 0.0008459 
1380000 1527 999.995 1486705.687 1803.555 2.9383 0 0 0 9.38e-05 0.0009378 
1390000 1537 999.996 1504902.738 1806.343 2.9438 0 0 0 9.55e-05 0.0009549 
1400000 1547 999.997 1521206.585 1775.019 2.9527 0 0 0 9.56e-05 0.0009562 
1410000 1557 999.997 1537669.933 1752.068 2.9563 0 0 0 0.0001054 0.0010537 
1420000 1567 999.998 1550907.01 1670.537 2.9608 0 0 0 0.0001047 0.0010465 
1430000 1577 999.998 1567886.935 1677.263 2.9676 0 0 0 0.0001106 0.0011057 
1440000 1587 988.875 1586280.874 1684.334 2.9283 0 0 0 0.0001122 0.0011224 
1450000 1597 990.91 1605545.76 1730.565 2.927 0 0 0 0.0001164 0.0011642 
1460000 1607 992.573 1625173.328 1769.003 2.9371 0 0 0 0.000116 0.0011601 
1470000 1617 993.931 1642573.852 1763.546 2.9334 0 0 0 0.0001231 0.0012313 
1480000 1627 995.042 1660686.386 1769.715 2.9306 0 0 0 0.00012 0.0011999 
1490000 1637 995.949 1681426.112 1826.219 2.9317 0 0 0 0.0001194 0.0011942 
1500000 1647 996.69 1701651.069 1859.37 2.9265 0 0 0 0.0001134 0.0011341 
1510000 1657 997.295 1718833.11 1838.785 2.9357 0 0 0 0.000125 0.0012495 
1520000 1667 997.79 1733470.106 1777.476 2.9337 0 0 0 0.0001206 0.0012058 
1530000 1677 998.194 1752573.756 1791.185 2.9366 0 0 0 0.0001167 0.0011672 
1540000 1687 998.525 1771148.782 1805.982 2.9348 0 0 0 0.0001251 0.0012514 
1550000 1697 998.794 1791312.302 1841.179 2.9283 0 0 0 0.0001223 0.0012231 
1560000 1707 999.015 1809383.962 1841.886 2.9309 0 0 0 0.0001207 0.0012072 
1570000 1717 999.195 1830848.898 1889.401 2.9308 0 0 0 0.0001248 0.0012481 
1580000 1727 999.342 1851016.848 1912.561 2.9376 0 0 0 0.0001244 0.0012443 
1590000 1737 999.463 1871014.496 1932.662 2.9368 0 0 0 0.0001283 0.0012834 
1600000 1747 999.561 1891838.48 1956.514 2.9393 0 0 0 0.0001241 0.0012414 
1610000 1757 999.641 1913042.654 1987.132 2.9323 0 0 0 0.0001183 0.0011826 
1620000 1767 999.707 1933310.154 1995.139 2.9265 0 0 0 0.0001195 0.0011947 
1630000 1777 999.761 1955908.081 2044.874 2.9211 0 0 0 0.0001173 0.0011727 
1640000 1787 995.295 1977825.021 2058.864 2.9133 0 0 0 0.0001104 0.001104 
1650000 1797 996.156 1999161.037 2075.823 2.9095 0 0 0 0.0001049 0.0010492 
1660000 1807 996.859 2020177.993 2078.433 2.9091 0 0 0 0.0001071 0.001071 
1670000 1817 997.434 2042006.245 2096.622 2.9085 0 0 0 0.0001033 0.0010326 
1680000 1827 997.903 2061955.732 2081.241 2.9288 0 0 0 0.0001014 0.0010144 
1690000 1837 998.287 2081432.845 2058.7 2.9309 0 0 0 0.0001018 0.0010178 
1700000 1847 998.6 2096168.332 1967.061 2.9493 0 0 0 0.0001065 0.0010653 
1710000 1857 998.856 2114306.137 1914.827 2.9483 0 0 0 0.0001055 0.0010552 
1720000 1867 999.065 2135077.456 1948.114 2.9598 0 0 0 0.0001047 0.0010472 
1730000 1877 999.236 2154320.56 1947.927 2.9618 0 0 0 0.0001059 0.001059 
1740000 1887 999.376 2173509.663 1937.853 2.963 0 0 0 0.0001029 0.0010287 
1750000 1897 999.49 2193329.81 1945.864 2.9536 0 0 0 0.0001004 0.001004 
1760000 1907 999.583 2214246.876 1971.933 2.9445 0 0 0 9.36e-05 0.0009362 
1770000 1917 999.66 2235520.947 1999.033 2.9408 0 0 0 9.62e-05 0.0009623 
1780000 1927 999.722 2256273.852 2012.257 2.9449 0 0 0 9.56e-05 0.0009563 
1790000 1937 999.773 2275526.647 1999.158 2.9376 0 0 0 9.09e-05 0.0009091 
1800000 1948 994.075 2293921.018 1958.248 2.9098 0 0 0 9.89e-05 0.0009894 
1810000 1958 995.159 2311384.241 1917.99 2.905 0 0 0 0.0001013 0.0010135 
1820000 1968 996.044 2329147.018 1892.493 2.9085 0 0 0 0.0001041 0.0010408 
1830000 1978 996.768 2349733.266 1922.817 2.9084 0 0 0 0.0001041 0.0010405 
1840000 1988 997.359 2371162.421 1961.425 2.9115 0 0 0 0.0001066 0.001066 
1850000 1998 997.842 2391657.671 1979.493 2.9176 0 0 0 0.0001128 0.0011284 
1860000 2008 998.237 2410682.091 1962.989 2.9245 0 0 0 0.0001096 0.0010958 
1870000 2018 998.559 2430743.175 1970.281 2.9241 0 0 0 0.000109 0.00109 
1880000 2028 998.823 2449918.456 1961.921 2.929 0 0 0 0.0001087 0.0010869 
1890000 2038 999.038 2468215.356 1942.691 2.9371 0 0 0 0.000114 0.0011396 
1900000 2048 999.214 2486711.293 1917.851 2.9342 0 0 0 0.0001129 0.0011286 
1910000 2058 999.358 2501464.688 1836.604 2.9315 0 0 0 0.0001173 0.0011734 
1920000 2068 999.475 2520665.494 1850.789 2.9241 0 0 0 0.000113 0.0011298 
1930000 2078 999.571 2538864.65 1847.919 2.9316 0 0 0 0.0001193 0.0011929 
1940000 2088 999.65 2555837.108 1823.157 2.9345 0 0 0 0.000121 0.0012096 
1950000 2098 999.714 2566500.92 1678.127 2.9473 0 0 0 0.0001291 0.0012908 
1960000 2108 999.766 2579982.106 1619.123 2.95 0 0 0 0.0001385 0.0013852 
1970000 2118 999.809 2598117.968 1653.232 2.9408 0 0 0 0.0001439 0.0014394 
1980000 2128 999.844 2614761.768 1660.938 2.9402 0 0 0 0.0001448 0.0014475 
1990000 2138 999.872 2632405.717 1674.845 2.9395 0 0 0 0.0001403 0.0014033 
2000000 2148 999.896 2648327.251 1658.271 2.9386 0 0 0 0.0001411 0.0014106 
2010000 2158 999.915 2665693.029 1673.425 2.9461 0 0 0 0.0001369 0.001369 
2020000 2168 999.93 2686038.675 1743.785 2.9442 0 0 0 0.000133 0.0013296 
2030000 2178 999.943 2708153.113 1826.866 2.9433 0 0 0 0.0001363 0.0013634 
2040000 2188 999.954 2729491.553 1883.889 2.9431 0 0 0 0.0001374 0.0013735 
2050000 2198 999.962 2750066.628 1913.554 2.9502 0 0 0 0.000137 0.0013701 
2060000 2208 999.969 2771038.108 1949.601 2.9475 0 0 0 0.0001383 0.0013832 
2070000 2218 991.655 2790423.402 1936.468 2.9272 0 0 0 0.0001368 0.0013681 
2080000 2229 980.314 2809696.63 1907.27 2.8844 0 0 0 0.0001391 0.0013906 
2090000 2239 983.915 2828121.537 1904.121 2.8929 0 0 0 0.0001424 0.0014236 
2100000 2249 986.857 2847405.011 1898.779 2.9212 0 0 0 0.0001435 0.0014352 
2110000 2259 989.261 2866490.444 1904.909 2.9307 0 0 0 0.0001387 0.001387 
2120000 2269 991.226 2885316.142 1894.503 2.9303 0 0 0 0.0001428 0.0014278 
2130000 2279 992.831 2904371.009 1903.448 2.9271 0 0 0 0.0001484 0.0014842 
2140000 2289 994.142 2916932.742 1781.981 2.9483 0 0 0 0.0001499 0.0014986 
2150000 2299 995.214 2929477.02 1683.625 2.9621 0 0 0 0.000152 0.0015205 
2160000 2309 996.089 2940571.249 1583.279 2.97 0 0 0 0.0001491 0.0014914 
2170000 2319 996.805 2960333.238 1644.909 2.9593 0 0 0 0.0001472 0.0014721 
2180000 2329 997.389 2979624.575 1692.244 2.9525 0 0 0 0.0001485 0.0014854 
2190000 2339 997.867 2997278.849 1708.676 2.9452 0 0 0 0.0001476 0.0014762 
2200000 2349 998.257 3015590.229 1726.953 2.945 0 0 0 0.0001515 0.0015153 
2210000 2359 998.576 3035488.901 1776.654 2.937 0 0 0 0.0001455 0.001455 
2220000 2369 998.836 3054397.662 1802.336 2.9399 0 0 0 0.0001455 0.0014552 
2230000 2379 999.049 3072955.76 1809.8 2.9426 0 0 0 0.0001519 0.0015186 
2240000 2389 999.223 3091910.415 1828.38 2.9383 0 0 0 0.0001497 0.0014967 
2250000 2399 999.365 3110585.148 1831.421 2.938 0 0 0 0.0001537 0.0015366 
2260000 2409 999.481 3128169.623 1824.041 2.9326 0 0 0 0.0001552 0.0015517 
2270000 2419 999.576 3147758.448 1845.956 2.9301 0 0 0 0.0001578 0.0015784 
2280000 2429 999.654 3169061.706 1898.454 2.9336 0 0 0 0.0001549 0.001549 
2290000 2439 999.717 3188345.732 1903.976 2.944 0 0 0 0.0001519 0.0015194 
2300000 2449 999.769 3205807.474 1880.457 2.9382 0 0 0 0.0001517 0.0015166 
2310000 2459 999.811 3225006.128 1887.912 2.9326 0 0 0 0.00016 0.0015996 
2320000 2469 999.846 3243454.558 1880.355 2.9287 0 0 0 0.000156 0.0015599 
2330000 2479 999.874 3260262.062 1842.564 2.9281 0 0 0 0.00016 0.0016003 
2340000 2489 999.897 3281474.243 1891.258 2.9353 0 0 0 0.0001514 0.0015143 
2350000 2499 999.916 3300813.961 1898.145 2.937 0 0 0 0.0001379 0.0013795 
2360000 2509 999.931 3320931.213 1918.438 2.9313 0 0 0 0.0001351 0.0013508 
2370000 2519 999.944 3342593.004 1963.531 2.9375 0 0 0 0.0001296 0.0012957 
2380000 2529 999.954 3365229.935 2020.536 2.9341 0 0 0 0.0001273 0.0012733 
2390000 2539 999.962 3385756.438 2027.121 2.9391 0 0 0 0.0001241 0.0012411 
2400000 2549 999.969 3406129.53 2026.377 2.9505 0 0 0 0.0001254 0.0012536 
2410000 2559 999.975 3427549.131 2050.333 2.9527 0 0 0 0.0001209 0.0012094 
2420000 2569 999.98 3449198.808 2071.741 2.9551 0 0 0 0.0001244 0.0012438 
2430000 2579 999.983 3468617.625 2046.248 2.967 0 0 0 0.0001223 0.0012229 
2440000 2589 999.986 3487694.396 2023.138 2.9635 0 0 0 0.0001227 0.0012272 
2450000 2599 999.989 3507832.933 2017.937 2.9588 0 0 0 0.000118 0.0011798 
2460000 2609 999.991 3523891.704 1950.955 2.9647 0 0 0 0.0001164 0.001164 
2470000 2619 999.993 3533150.109 1752.882 2.9655 0 0 0 0.0001213 0.0012132 
2480000 2629 999.994 3550706.112 1757.727 2.9568 0 0 0 0.0001284 0.0012842 
2490000 2639 999.995 3573388.359 1848.07 2.9542 0 0 0 0.0001216 0.0012159 
2500000 2649 999.996 3597175.213 1944.836 2.9584 0 0 0 0.0001157 0.0011574 
2510000 2659 999.997 3618223.878 1973.628 2.9719 0 0 0 0.0001151 0.0011508 
2520000 2669 999.997 3639625.186 2007.002 2.9622 0 0 0 0.000117 0.0011705 
2530000 2679 999.998 3658800.907 1991.424 2.9532 0 0 0 0.0001083 0.001083 
2540000 2689 999.998 3677658.437 1980.802 2.9436 0 0 0 0.0001156 0.0011564 
2550000 2699 999.999 3696796.042 1956.838 2.9464 0 0 0 0.0001111 0.0011115 
2560000 2709 999.999 3717476.814 1975.559 2.9417 0 0 0 0.0001094 0.0010936 
2570000 2719 999.999 3735692.345 1948.955 2.9374 0 0 0 0.0001148 0.0011485 
2580000 2729 999.999 3757935.636 2001.233 2.946 0 0 0 0.0001171 0.0011711 
2590000 2739 999.999 3779571.622 2028.501 2.9501 0 0 0 0.0001155 0.0011546 
2600000 2749 999.999 3801944.703 2067.091 2.954 0 0 0 0.0001151 0.0011511 
2610000 2759 1000.0 3824125.141 2094.465 2.9544 0 0 0 0.0001181 0.0011806 
2620000 2769 1000.0 3845574.655 2105.545 2.9605 0 0 0 0.0001115 0.001115 
2630000 2779 1000.0 3867643.206 2128.117 2.9654 0 0 0 0.0001149 0.0011488 
2640000 2789 1000.0 3888506.9 2117.547 2.9552 0 0 0 0.0001205 0.001205 
2650000 2799 1000.0 3911772.294 2155.862 2.946 0 0 0 0.0001143 0.0011434 
2660000 2809 1000.0 3933489.813 2159.93 2.9428 0 0 0 0.0001092 0.0010923 
2670000 2819 996.126 3953153.569 2112.675 2.9286 0 0 0 0.0001125 0.0011248 
2680000 2829 996.835 3971880.459 2066.486 2.9291 0 0 0 0.0001132 0.0011321 
2690000 2839 997.414 3984761.419 1920.343 2.9379 0 0 0 0.0001153 0.0011527 
2700000 2849 997.887 4000399.606 1867.549 2.9385 0 0 0 0.000119 0.0011898 
2710000 2859 998.273 4017006.3 1818.29 2.9339 0 0 0 0.0001205 0.0012055 
2720000 2869 998.589 4034249.186 1803.927 2.9319 0 0 0 0.0001222 0.0012216 
2730000 2879 998.847 4050262.131 1772.475 2.9264 0 0 0 0.0001275 0.001275 
2740000 2889 999.058 4067909.899 1767.038 2.9225 0 0 0 0.0001256 0.001256 
2750000 2899 999.23 4088697.587 1820.08 2.9203 0 0 0 0.0001193 0.001193 
2760000 2909 999.371 4109199.334 1861.063 2.9248 0 0 0 0.0001223 0.0012227 
2770000 2919 999.486 4126802.013 1841.879 2.9264 0 0 0 0.0001253 0.0012532 
2780000 2929 999.58 4144288.941 1838.4 2.9235 0 0 0 0.0001279 0.001279 
2790000 2939 999.657 4165017.839 1868.112 2.9247 0 0 0 0.0001289 0.0012886 
2800000 2949 999.72 4185548.038 1896.287 2.9234 0 0 0 0.0001342 0.0013421 
2810000 2959 999.771 4205076.623 1904.357 2.9249 0 0 0 0.0001331 0.0013307 
2820000 2969 999.813 4222957.076 1883.989 2.9237 0 0 0 0.0001346 0.001346 
2830000 2979 999.847 4245853.743 1957.543 2.9267 0 0 0 0.0001353 0.0013528 
2840000 2989 999.875 4266858.894 1988.209 2.9322 0 0 0 0.0001348 0.0013483 
2850000 2999 999.898 4285166.635 1963.66 2.9417 0 0 0 0.0001359 0.001359 
2860000 3009 999.917 4307164.03 2000.886 2.9328 0 0 0 0.0001338 0.0013385 
2870000 3019 999.932 4327727.822 2012.342 2.9475 0 0 0 0.0001328 0.0013279 
2880000 3029 999.944 4349041.792 2032.056 2.9417 0 0 0 0.0001352 0.0013521 
2890000 3039 999.955 4368848.792 2022.824 2.9358 0 0 0 0.0001344 0.0013436 
2900000 3049 999.963 4386223.274 1961.82 2.9342 0 0 0 0.0001358 0.0013581 
2910000 3059 999.97 4406187.913 1990.943 2.9268 0 0 0 0.0001328 0.0013282 
2920000 3069 999.975 4426138.471 1973.263 2.9313 0 0 0 0.0001333 0.0013328 
2930000 3079 999.98 4445115.562 1955.646 2.9279 0 0 0 0.0001287 0.0012875 
2940000 3089 999.983 4464679.681 1954.532 2.9258 0 0 0 0.0001334 0.0013338 
2950000 3099 999.986 4484781.463 1971.126 2.9294 0 0 0 0.0001319 0.0013192 
2960000 3109 999.989 4503517.058 1946.554 2.9351 0 0 0 0.0001312 0.0013122 
2970000 3119 999.991 4523328.824 1954.536 2.9291 0 0 0 0.000128 0.0012803 
2980000 3129 999.993 4544762.002 1991.534 2.9217 0 0 0 0.000121 0.0012098 
2990000 3139 999.994 4566055.342 2012.541 2.9274 0 0 0 0.0001237 0.001237 
3000000 3149 999.995 4587226.4 2033.722 2.9306 0 0 0 0.0001188 0.0011881 
3010000 3159 999.996 4608663.433 2052.804 2.9333 0 0 0 0.0001161 0.001161 
3020000 3169 999.997 4629515.405 2061.759 2.9273 0 0 0 0.0001148 0.0011485 
3030000 3179 999.997 4646977.518 2004.923 2.9282 0 0 0 0.0001202 0.0012017 
3040000 3189 999.998 4663463.057 1935.884 2.9295 0 0 0 0.0001259 0.0012588 
3050000 3199 999.998 4686264.892 1999.573 2.9282 0 0 0 0.000123 0.0012297 
3060000 3209 999.999 4707769.13 2040.15 2.9308 0 0 0 0.0001216 0.001216 
3070000 3219 999.999 4727961.314 2047.3 2.924 0 0 0 0.0001231 0.0012314 
3080000 3229 999.999 4750011.088 2054.62 2.9228 0 0 0 0.0001198 0.0011975 
3090000 3239 999.999 4772896.434 2101.764 2.9218 0 0 0 0.0001179 0.0011794 
3100000 3249 999.999 4795875.692 2135.504 2.9155 0 0 0 0.0001102 0.0011022 
3110000 3259 999.999 4816797.692 2129.732 2.9146 0 0 0 0.0001142 0.0011424 
3120000 3269 1000.0 4837092.385 2109.922 2.9138 0 0 0 0.0001125 0.0011249 
3130000 3279 1000.0 4854539.628 2042.857 2.9216 0 0 0 0.000111 0.0011096 
3140000 3289 1000.0 4875124.074 2046.214 2.9244 0 0 0 0.000106 0.0010602 
3150000 3299 1000.0 4893906.904 2021.09 2.9277 0 0 0 0.0001066 0.0010659 
3160000 3309 1000.0 4914860.0 2045.27 2.9299 0 0 0 0.0001106 0.0011056 
3170000 3319 1000.0 4935272.346 2037.451 2.9264 0 0 0 0.0001104 0.0011039 
3180000 3329 1000.0 4951464.4 1957.849 2.9309 0 0 0 0.0001185 0.0011848 
3190000 3339 1000.0 4973123.787 1994.672 2.9453 0 0 0 0.000113 0.0011302 
3200000 3349 1000.0 4993166.05 1998.743 2.9606 0 0 0 0.0001186 0.0011863 
3210000 3359 1000.0 5015102.804 2031.313 2.9598 0 0 0 0.0001215 0.0012146 
3220000 3369 1000.0 5035727.578 2038.149 2.9495 0 0 0 0.0001246 0.0012463 
3230000 3379 1000.0 5053954.725 1995.493 2.9407 0 0 0 0.0001237 0.0012369 
3240000 3389 1000.0 5071978.767 1961.053 2.9433 0 0 0 0.0001229 0.0012292 
3250000 3399 1000.0 5089672.76 1933.312 2.9538 0 0 0 0.0001261 0.0012608 
3260000 3409 1000.0 5110581.168 1953.903 2.9466 0 0 0 0.0001293 0.0012935 
3270000 3419 1000.0 5130426.154 1958.895 2.9509 0 0 0 0.0001303 0.0013031 
3280000 3429 1000.0 5151749.952 2007.968 2.9447 0 0 0 0.0001311 0.0013115 
3290000 3439 1000.0 5174018.396 2031.295 2.9504 0 0 0 0.0001324 0.0013241 
3300000 3449 1000.0 5196393.486 2074.33 2.9567 0 0 0 0.0001295 0.0012953 
3310000 3459 1000.0 5214878.019 2031.294 2.9538 0 0 0 0.0001326 0.0013255 
3320000 3469 1000.0 5231818.628 1970.804 2.9437 0 0 0 0.0001354 0.0013544 
3330000 3479 1000.0 5251619.852 1971.436 2.9455 0 0 0 0.0001338 0.001338 
3340000 3489 1000.0 5270767.121 1959.333 2.9377 0 0 0 0.0001365 0.0013649 
3350000 3499 1000.0 5290773.32 1970.764 2.9304 0 0 0 0.000136 0.0013599 
3360000 3509 1000.0 5312688.17 2008.211 2.9207 0 0 0 0.0001361 0.001361 
3370000 3519 1000.0 5335728.128 2062.735 2.923 0 0 0 0.0001368 0.0013683 
3380000 3529 1000.0 5355560.284 2059.495 2.9204 0 0 0 0.0001268 0.0012683 
3390000 3539 1000.0 5376966.899 2074.457 2.92 0 0 0 0.0001301 0.0013006 
3400000 3549 1000.0 5399569.898 2096.668 2.9156 0 0 0 0.0001259 0.0012594 
3410000 3559 1000.0 5422845.048 2143.506 2.9192 0 0 0 0.0001313 0.0013131 
3420000 3569 1000.0 5445826.045 2172.325 2.9216 0 0 0 0.0001267 0.0012669 
3430000 3579 1000.0 5469661.837 2209.059 2.9166 0 0 0 0.000122 0.00122 
3440000 3589 1000.0 5491880.815 2212.873 2.9123 0 0 0 0.0001177 0.0011767 
3450000 3599 1000.0 5514240.051 2214.815 2.9178 0 0 0 0.0001114 0.001114 
3460000 3609 1000.0 5536771.226 2219.167 2.9243 0 0 0 0.0001102 0.0011023 
3470000 3619 1000.0 5560053.781 2240.93 2.9284 0 0 0 0.0001087 0.0010873 
3480000 3629 1000.0 5581433.011 2224.108 2.9359 0 0 0 0.0001137 0.0011367 
3490000 3639 1000.0 5601042.945 2176.055 2.9325 0 0 0 0.000115 0.00115 
3500000 3649 1000.0 5622159.749 2163.538 2.9341 0 0 0 0.0001203 0.0012034 
3510000 3659 1000.0 5645363.18 2189.934 2.9447 0 0 0 0.0001128 0.0011277 
3520000 3669 1000.0 5668585.981 2214.683 2.9373 0 0 0 0.0001081 0.0010809 
3530000 3679 1000.0 5691959.961 2237.729 2.9332 0 0 0 0.0001086 0.0010858 
3540000 3689 1000.0 5714912.523 2247.396 2.9265 0 0 0 0.0001075 0.0010747 
3550000 3699 1000.0 5734328.628 2193.823 2.9249 0 0 0 0.0001098 0.0010984 
3560000 3709 1000.0 5755501.71 2181.497 2.9278 0 0 0 0.0001072 0.0010718 
3570000 3719 1000.0 5777005.812 2176.528 2.9212 0 0 0 0.0001093 0.0010929 
3580000 3729 1000.0 5799748.159 2196.763 2.9217 0 0 0 0.0001042 0.0010418 
3590000 3739 1000.0 5823966.97 2232.75 2.9245 0 0 0 0.0001049 0.0010489 
3600000 3750 988.905 5847009.088 2222.86 2.9013 0 0 0 0.0001097 0.0010967 
3610000 3760 990.935 5869766.437 2230.872 2.9042 0 0 0 0.0001069 0.0010693 
3620000 3770 992.593 5891253.113 2216.046 2.9005 0 0 0 0.0001123 0.0011231 
3630000 3780 993.948 5912113.314 2197.473 2.9177 0 0 0 0.0001123 0.0011228 
3640000 3790 995.055 5935270.982 2215.398 2.9109 0 0 0 0.0001153 0.0011535 
3650000 3800 995.96 5956837.301 2204.672 2.9354 0 0 0 0.0001161 0.0011613 
3660000 3810 996.699 5975246.172 2137.345 2.9354 0 0 0 0.0001258 0.0012585 
3670000 3820 997.303 5996207.609 2131.982 2.9353 0 0 0 0.0001275 0.0012752 
3680000 3830 997.796 6014317.104 2068.038 2.9425 0 0 0 0.0001316 0.0013159 
3690000 3840 998.199 6033664.967 2039.896 2.9331 0 0 0 0.000132 0.0013202 
3700000 3850 998.529 6055129.802 2063.66 2.9244 0 0 0 0.0001286 0.0012859 
3710000 3860 998.798 6075542.741 2057.994 2.934 0 0 0 0.0001324 0.0013241 
3720000 3870 999.018 6096636.146 2066.68 2.9258 0 0 0 0.0001296 0.0012957 
3730000 3880 999.197 6115543.654 2038.047 2.925 0 0 0 0.000134 0.0013397 
3740000 3890 999.344 6136904.48 2053.953 2.9197 0 0 0 0.0001302 0.0013021 
3750000 3900 999.464 6158747.214 2077.018 2.9143 0 0 0 0.0001315 0.0013148 
3760000 3910 999.562 6181899.038 2120.854 2.9305 0 0 0 0.0001357 0.0013569 
3770000 3920 999.642 6204503.742 2145.428 2.9502 0 0 0 0.0001384 0.0013838 
3780000 3930 999.708 6225480.342 2141.372 2.9567 0 0 0 0.0001361 0.0013609 
3790000 3940 999.761 6245589.791 2113.613 2.9489 0 0 0 0.0001419 0.0014188 
3800000 3950 999.805 6264618.358 2076.304 2.941 0 0 0 0.0001427 0.0014275 
3810000 3960 999.841 6284452.918 2056.246 2.9302 0 0 0 0.0001384 0.0013844 
3820000 3970 999.87 6302902.811 2020.081 2.9432 0 0 0 0.0001472 0.0014719 
3830000 3980 999.894 6322124.724 2000.708 2.9449 0 0 0 0.0001421 0.0014206 
3840000 3990 999.913 6339917.413 1958.24 2.947 0 0 0 0.0001509 0.001509 
3850000 4000 999.929 6355586.956 1891.087 2.9465 0 0 0 0.0001523 0.0015229 
3860000 4010 999.942 6369531.558 1798.266 2.9486 0 0 0 0.0001499 0.0014991 
3870000 4020 999.953 6386126.521 1768.49 2.9486 0 0 0 0.0001498 0.0014981 
3880000 4030 999.961 6405672.897 1803.209 2.9428 0 0 0 0.000145 0.00145 
3890000 4040 999.968 6425484.451 1835.469 2.9436 0 0 0 0.0001438 0.0014384 
3900000 4050 999.974 6446664.328 1883.71 2.9354 0 0 0 0.0001408 0.0014078 
3910000 4060 999.979 6468003.34 1930.549 2.9274 0 0 0 0.000141 0.0014101 
3920000 4070 999.983 6488439.69 1953.712 2.9357 0 0 0 0.0001459 0.0014589 
3930000 4080 999.986 6509937.035 1986.803 2.9327 0 0 0 0.0001421 0.0014206 
3940000 4090 999.988 6532192.997 2031.808 2.9289 0 0 0 0.0001436 0.0014362 
3950000 4100 999.991 6554411.763 2065.701 2.9344 0 0 0 0.0001422 0.0014218 
3960000 4110 999.992 6575375.229 2071.266 2.9397 0 0 0 0.0001422 0.0014224 
3970000 4120 999.994 6596487.413 2079.785 2.9304 0 0 0 0.000142 0.0014201 
3980000 4130 999.995 6613125.484 1998.522 2.9259 0 0 0 0.0001487 0.0014872 
3990000 4140 999.996 6632861.593 1997.597 2.9263 0 0 0 0.0001493 0.0014934 
4000000 4150 999.997 6653881.066 2012.112 2.9209 0 0 0 0.0001451 0.0014515 
