1000 12 16.938 -227.031 -4.037 0.017 0 0 0 0.0 0.0 0.0 
2000 25 31.264 -456.403 -7.198 0.0316 0 0 0 0.0 0.0 0.0 
3000 36 43.376 -770.287 -11.332 0.0443 0 0 0 0.0 0.0 0.0 
4000 48 51.564 -1069.47 -14.068 0.0529 0 0 0 0.0 0.0 0.0 
5000 61 57.365 -1295.321 -15.107 0.0601 0 0 0 0.0 0.0 0.0 
6000 74 62.734 -1529.858 -15.879 0.0658 0 0 0 0.0 0.0 0.0 
7000 86 66.942 -1789.075 -17.093 0.0704 0 0 0 0.0 0.0 0.0 
8000 98 69.538 -2010.531 -17.194 0.0745 0 0 0 0.0 0.0 0.0 
9000 110 72.64 -2253.209 -17.991 0.0844 0 0 0 0.0 0.0 0.0 
10000 123 74.804 -2561.245 -19.424 0.0888 0 0 0 0.0 0.0 0.0 
11000 135 76.007 -2824.175 -19.764 0.0877 0 0 0 0.0 0.0 0.0 
12000 147 77.915 -3117.262 -20.985 0.0882 0 0 0 0.0 0.0 0.0 
13000 160 77.831 -3328.685 -19.993 0.0908 0 0 0 0.0 0.0 0.0 
14000 172 77.863 -3629.421 -20.458 0.0913 0 0 0 0.0 0.0 0.0 
15000 184 79.371 -3804.13 -19.5 0.0903 0 0 0 0.0 0.0 0.0 
16000 196 81.292 -4053.714 -20.015 0.0903 0 0 0 0.0 0.0 0.0 
17000 206 82.815 -4279.7 -19.783 0.1525 0 0 0 0.0165487 0.1654874 0.0038604 
18000 215 87.354 -4370.54 -18.447 0.2696 0 0 0 0.0028568 0.0285678 0.0065134 
19000 226 89.855 -4419.124 -15.952 0.4052 0 0 0 0.0014889 0.0148892 0.0069887 
20000 232 91.675 -4494.514 -15.503 0.4788 0 0 0 0.001154 0.0115401 0.0070055 
21000 237 106.469 -4536.528 -14.986 0.8229 0 0 0 0.0009688 0.0096878 0.0069363 
22000 247 107.024 -4533.998 -12.066 1.1052 0 0 0 0.0007661 0.0076606 0.0068525 
23000 255 109.141 -4588.844 -11.336 1.1526 0 0 0 0.0006662 0.0066616 0.0068148 
24000 262 114.179 -4651.026 -11.03 1.2623 0 0 0 0.0005762 0.0057624 0.0069417 
25000 269 117.87 -4756.663 -11.586 1.2534 0 0 0 0.0005436 0.0054363 0.0067825 
26000 277 118.273 -4854.389 -11.709 1.214 0 0 0 0.0005093 0.0050931 0.0070061 
27000 285 120.025 -4962.471 -11.964 1.1869 0 0 0 0.0004769 0.0047692 0.0067769 
28000 291 123.058 -5033.017 -11.961 1.1851 0 0 0 0.0004219 0.004219 0.0069687 
29000 298 127.328 -5084.143 -11.316 1.1869 0 0 0 0.0004314 0.0043139 0.0067169 
30000 306 127.844 -5146.553 -10.805 1.1542 0 0 0 0.0003937 0.0039371 0.0070214 
31000 312 130.71 -5198.52 -10.39 1.1712 0 0 0 0.0003528 0.0035275 0.0068398 
32000 317 135.456 -5239.566 -10.36 1.2099 0 0 0 0.0003445 0.0034454 0.0066834 
33000 324 137.259 -5306.472 -10.014 1.2115 0 0 0 0.0003497 0.0034967 0.0069306 
34000 327 138.447 -5314.242 -9.993 1.2131 0 0 0 0.0003084 0.003084 0.0065825 
35000 332 155.118 -5359.526 -9.662 1.3904 0 0 0 0.0002967 0.0029666 0.0067843 
36000 337 160.009 -5397.02 -9.5 1.4522 0 0 0 0.0002869 0.0028694 0.0065418 
37000 344 158.099 -5361.736 -7.561 1.4057 0 0 0 0.0002826 0.0028259 0.0065778 
38000 348 164.984 -5373.681 -7.25 1.446 0 0 0 0.0002558 0.0025575 0.0063648 
39000 352 166.758 -5413.696 -7.179 1.4443 0 0 0 0.0002599 0.0025988 0.0063065 
40000 357 173.97 -5454.664 -7.427 1.4846 0 0 0 0.0002535 0.0025348 0.0061926 
41000 361 179.05 -5448.623 -6.756 1.5281 0 0 0 0.0002312 0.0023117 0.0060731 
42000 365 181.244 -5425.802 -5.844 1.5397 0 0 0 0.0002334 0.0023344 0.0059448 
43000 369 191.11 -5477.665 -6.435 1.6172 0 0 0 0.0002152 0.0021523 0.0058503 
44000 370 207.288 -5474.028 -6.226 1.828 0 0 0 0.0002066 0.002066 0.0059141 
45000 374 210.358 -5500.158 -6.181 1.8359 0 0 0 0.0001873 0.0018729 0.0059322 
46000 378 212.265 -5485.062 -5.468 1.8524 0 0 0 0.0001817 0.0018166 0.0058287 
47000 382 216.067 -5492.247 -5.161 1.9154 0 0 0 0.0001723 0.0017231 0.0060098 
48000 384 218.78 -5495.472 -4.965 1.9596 0 0 0 0.0001656 0.0016559 0.0059086 
49000 387 234.495 -5505.539 -4.97 2.1351 0 0 0 0.0001429 0.0014291 0.0058533 
50000 390 237.275 -5506.866 -4.716 2.1778 0 0 0 0.0001353 0.0013533 0.0057 
51000 393 240.393 -5533.983 -4.932 2.216 0 0 0 0.000137 0.00137 0.0056235 
52000 396 250.722 -5539.476 -4.785 2.3329 0 0 0 0.0001296 0.0012955 0.0056792 
53000 399 253.951 -5548.374 -4.684 2.3957 0 0 0 0.0001206 0.0012055 0.0056616 
54000 401 257.276 -5557.491 -4.479 2.4625 0 0 0 0.0001098 0.0010983 0.0056601 
55000 403 268.308 -5570.402 -4.642 2.5485 0 0 0 9.79e-05 0.0009789 0.0056802 
56000 404 277.801 -5586.894 -4.775 2.6254 0 0 0 9.09e-05 0.0009091 0.0056239 
57000 406 299.66 -5606.269 -5.165 2.8175 0 0 0 8.02e-05 0.0008019 0.0054232 
58000 407 301.527 -5610.13 -4.952 2.823 0 0 0 8.05e-05 0.0008046 0.0053956 
59000 408 309.597 -5609.083 -5.043 2.8913 0 0 0 7.8e-05 0.0007795 0.0055832 
60000 409 323.405 -5604.159 -4.904 3.0013 0 0 0 7.51e-05 0.0007506 0.0056179 
61000 411 347.658 -5604.085 -4.589 3.1946 0 0 0 6.74e-05 0.000674 0.0052944 
62000 412 360.705 -5608.154 -4.587 3.3015 0 0 0 6.46e-05 0.000646 0.0054638 
63000 413 373.491 -5612.897 -4.621 3.4439 0 0 0 5.92e-05 0.0005919 0.0054213 
64000 414 386.021 -5627.068 -4.757 3.5626 0 0 0 5.16e-05 0.0005159 0.0053351 
65000 415 398.3 -5628.746 -4.74 3.7026 0 0 0 4.95e-05 0.0004945 0.0056213 
66000 416 410.334 -5638.61 -4.795 3.7989 0 0 0 4.4e-05 0.0004404 0.0054862 
67000 417 422.128 -5639.519 -4.728 3.9252 0 0 0 3.9e-05 0.0003898 0.0058504 
68000 418 433.685 -5641.889 -4.683 4.0288 0 0 0 3.55e-05 0.0003552 0.0057033 
69000 419 445.011 -5649.717 -4.776 4.1489 0 0 0 3.24e-05 0.0003243 0.0057267 
70000 420 456.111 -5651.868 -4.711 4.2703 0 0 0 2.88e-05 0.0002884 0.0058441 
71000 421 466.989 -5656.186 -4.708 4.4956 0 0 0 2.73e-05 0.0002728 0.0057424 
72000 422 477.649 -5659.3 -4.677 4.6774 0 0 0 2.49e-05 0.0002489 0.0056759 
73000 423 488.096 -5665.208 -4.687 4.7657 0 0 0 2.3e-05 0.00023 0.0057088 
74000 424 498.334 -5671.611 -4.757 4.9174 0 0 0 1.9e-05 0.0001904 0.0054588 
75000 425 508.368 -5676.386 -4.77 5.0553 0 0 0 1.6e-05 0.0001597 0.0057058 
76000 426 518.2 -5681.695 -4.761 5.1549 0 0 0 1.38e-05 0.0001378 0.0053639 
77000 427 527.836 -5689.427 -4.809 5.2503 0 0 0 1.37e-05 0.0001367 0.0054427 
78000 428 536.96 -5683.637 -4.6 5.3175 0 0 0 1.86e-05 0.0001863 0.0053552 
79000 429 546.22 -5692.338 -4.717 5.3895 0 0 0 1.84e-05 0.0001837 0.0055355 
80000 430 555.296 -5700.347 -4.753 5.4626 0 0 0 1.65e-05 0.0001654 0.0054465 
81000 431 564.19 -5705.604 -4.783 5.5569 0 0 0 1.53e-05 0.000153 0.0050449 
82000 432 572.906 -5714.585 -4.823 5.6309 0 0 0 1.61e-05 0.0001612 0.0051457 
83000 433 581.448 -5720.129 -4.843 5.7128 0 0 0 1.38e-05 0.0001382 0.0052142 
84000 434 573.279 -5724.546 -4.718 5.624 0 0 0 1.36e-05 0.000136 0.0052017 
85000 435 581.814 -5728.76 -4.744 5.6942 0 0 0 1.49e-05 0.0001486 0.0047076 
86000 436 590.177 -5732.733 -4.739 5.7472 0 0 0 1.29e-05 0.0001294 0.0048904 
87000 437 598.374 -5742.926 -4.738 5.8082 0 0 0 1.28e-05 0.0001276 0.0050695 
88000 438 606.406 -5745.397 -4.866 5.8949 0 0 0 1.26e-05 0.0001262 0.0049364 
89000 439 614.278 -5752.237 -4.781 5.9391 0 0 0 1.25e-05 0.000125 0.0045966 
90000 440 621.993 -5762.196 -4.857 6.069 0 0 0 1.18e-05 0.0001182 0.0048622 
91000 441 629.553 -5769.752 -4.923 6.1486 0 0 0 1.16e-05 0.000116 0.004578 
92000 442 636.962 -5775.121 -5.003 6.2415 0 0 0 1.16e-05 0.0001163 0.0048961 
93000 443 644.222 -5786.157 -5.016 6.2908 0 0 0 1.14e-05 0.0001145 0.0047939 
94000 445 641.791 -5787.998 -4.979 6.2746 0 0 0 1.02e-05 0.0001021 0.0046698 
95000 446 648.955 -5799.687 -5.034 6.351 0 0 0 9.1e-06 9.07e-05 0.0045094 
96000 447 655.976 -5806.076 -5.152 6.4143 0 0 0 8.6e-06 8.56e-05 0.0048064 
97000 448 662.857 -5818.395 -5.188 6.4614 0 0 0 7.9e-06 7.9e-05 0.0046093 
98000 449 669.6 -5820.353 -5.326 6.5235 0 0 0 7.7e-06 7.73e-05 0.004561 
99000 450 676.208 -5830.405 -5.252 6.5682 0 0 0 7.5e-06 7.51e-05 0.0048473 
100000 451 682.683 -5835.931 -5.347 6.6226 0 0 0 7.1e-06 7.14e-05 0.0048433 
101000 452 689.03 -5842.642 -5.341 6.6734 0 0 0 6.4e-06 6.41e-05 0.0050208 
102000 453 695.249 -5849.986 -5.384 6.7305 0 0 0 6e-06 5.99e-05 0.0045716 
103000 454 701.344 -5851.897 -5.38 6.8294 0 0 0 6.5e-06 6.54e-05 0.0047528 
104000 455 707.317 -5863.03 -5.36 7.0421 0 0 0 6.2e-06 6.25e-05 0.0048126 
105000 457 702.208 -5869.309 -5.301 7.0546 0 0 0 6.4e-06 6.42e-05 0.0046839 
106000 458 708.163 -5872.326 -5.44 7.1145 0 0 0 6e-06 6.03e-05 0.0044948 
107000 459 714.0 -5871.727 -5.33 7.2415 0 0 0 6.6e-06 6.6e-05 0.004533 
108000 460 719.72 -5878.698 -5.254 7.2818 0 0 0 6.5e-06 6.51e-05 0.0045154 
109000 461 725.326 -5875.595 -5.277 7.3136 0 0 0 7.1e-06 7.08e-05 0.00486 
110000 462 728.299 -5879.358 -5.035 7.312 0 0 0 8.6e-06 8.55e-05 0.0047199 
111000 463 733.733 -5888.195 -5.06 7.3499 0 0 0 7.9e-06 7.85e-05 0.0047869 
112000 464 739.059 -5893.999 -5.127 7.454 0 0 0 6.6e-06 6.56e-05 0.004524 
113000 465 744.277 -5901.897 -5.164 7.4802 0 0 0 7.1e-06 7.09e-05 0.0047198 
114000 466 749.392 -5908.714 -5.195 7.5061 0 0 0 6.9e-06 6.88e-05 0.0044413 
115000 467 754.404 -5913.625 -5.187 7.528 0 0 0 6.7e-06 6.7e-05 0.0045656 
116000 468 759.316 -5924.663 -5.215 7.5759 0 0 0 6.2e-06 6.17e-05 0.0044795 
117000 469 764.13 -5934.002 -5.329 7.6365 0 0 0 6.2e-06 6.19e-05 0.0043101 
118000 470 768.847 -5942.876 -5.363 7.6627 0 0 0 6.2e-06 6.25e-05 0.0045824 
119000 471 773.47 -5945.487 -5.453 7.7134 0 0 0 6.1e-06 6.08e-05 0.0046249 
120000 472 778.001 -5951.159 -5.373 7.75 0 0 0 5.8e-06 5.8e-05 0.0044757 
121000 473 782.441 -5953.073 -5.404 7.7835 0 0 0 5.5e-06 5.49e-05 0.0045235 
122000 474 786.792 -5959.98 -5.383 7.8198 0 0 0 5.8e-06 5.75e-05 0.0044795 
123000 477 769.402 -5961.873 -5.205 7.6679 0 0 0 6.7e-06 6.73e-05 0.0049018 
124000 478 774.014 -5969.753 -5.185 7.725 0 0 0 5.6e-06 5.63e-05 0.0045444 
125000 480 765.923 -5974.814 -5.124 7.6042 0 0 0 6.1e-06 6.08e-05 0.0046213 
126000 481 754.564 -5980.655 -5.004 7.482 0 0 0 5.4e-06 5.39e-05 0.0044594 
127000 482 759.473 -5982.686 -5.026 7.5166 0 0 0 5.3e-06 5.34e-05 0.0045182 
128000 486 729.334 -5981.659 -4.693 7.24 0 0 0 7.1e-06 7.12e-05 0.0047938 
129000 488 723.093 -5988.591 -4.611 7.1401 0 0 0 6.4e-06 6.43e-05 0.0044655 
130000 489 728.631 -5998.19 -4.691 7.1799 0 0 0 6.9e-06 6.9e-05 0.0046223 
131000 490 734.058 -6009.668 -4.781 7.227 0 0 0 6.2e-06 6.23e-05 0.0044931 
132000 491 739.377 -6015.306 -4.83 7.2685 0 0 0 6.5e-06 6.54e-05 0.0046287 
133000 492 744.59 -6025.218 -4.878 7.3212 0 0 0 6.4e-06 6.4e-05 0.004629 
134000 493 749.698 -6032.121 -4.992 7.3449 0 0 0 5.9e-06 5.93e-05 0.0044927 
135000 494 754.704 -6039.929 -5.055 7.4182 0 0 0 6.4e-06 6.44e-05 0.0043337 
136000 495 759.61 -6045.502 -5.075 7.4479 0 0 0 5.7e-06 5.66e-05 0.0044837 
137000 496 764.417 -6047.608 -5.043 7.4767 0 0 0 6.2e-06 6.2e-05 0.0040776 
138000 497 769.129 -6060.119 -5.113 7.5447 0 0 0 5.9e-06 5.91e-05 0.004301 
139000 498 773.747 -6063.154 -5.148 7.6595 0 0 0 5.7e-06 5.69e-05 0.0044075 
140000 501 738.786 -6063.698 -4.777 7.3019 0 0 0 6.3e-06 6.27e-05 0.0041452 
141000 502 744.01 -6072.923 -4.782 7.3671 0 0 0 5.6e-06 5.62e-05 0.0042294 
142000 503 749.13 -6081.472 -4.889 7.4496 0 0 0 5.7e-06 5.73e-05 0.0044487 
143000 504 754.148 -6080.183 -4.973 7.4925 0 0 0 6e-06 5.99e-05 0.004463 
144000 505 759.065 -6090.005 -4.854 7.5159 0 0 0 6e-06 6.01e-05 0.0040703 
145000 506 763.883 -6099.044 -4.863 7.5562 0 0 0 5.7e-06 5.75e-05 0.0042212 
146000 508 756.714 -6097.125 -4.818 7.489 0 0 0 6e-06 5.98e-05 0.004228 
147000 509 761.579 -6101.198 -4.8 7.5284 0 0 0 6.1e-06 6.13e-05 0.0044516 
148000 510 766.348 -6102.972 -4.773 7.5693 0 0 0 6.1e-06 6.1e-05 0.0042376 
149000 512 760.52 -6106.187 -4.591 7.5198 0 0 0 6.3e-06 6.31e-05 0.0041656 
150000 513 763.17 -6106.165 -4.549 7.5283 0 0 0 1.08e-05 0.0001075 0.0041689 
151000 514 767.907 -6103.949 -4.368 7.5433 0 0 0 1.26e-05 0.0001255 0.0042328 
152000 516 762.337 -6107.578 -4.292 7.4516 0 0 0 1e-05 9.97e-05 0.0041401 
153000 518 739.521 -6108.575 -4.037 7.2138 0 0 0 1.08e-05 0.0001076 0.0042049 
154000 519 744.731 -6106.166 -3.945 7.2781 0 0 0 1.21e-05 0.0001211 0.004567 
155000 520 749.836 -6111.672 -4.0 7.3101 0 0 0 1.11e-05 0.0001115 0.0043347 
156000 521 754.84 -6115.671 -3.989 7.3528 0 0 0 1.23e-05 0.0001228 0.0042446 
157000 522 757.283 -6129.411 -4.058 7.4038 0 0 0 1.22e-05 0.000122 0.0041392 
158000 523 762.137 -6135.902 -4.192 7.4684 0 0 0 1.16e-05 0.0001159 0.0043426 
159000 526 746.145 -6131.565 -3.849 7.3729 0 0 0 1.21e-05 0.0001209 0.0042556 
160000 527 751.222 -6140.006 -4.024 7.4551 0 0 0 1.27e-05 0.0001271 0.0043486 
161000 528 756.197 -6144.022 -4.028 7.5396 0 0 0 1.34e-05 0.0001336 0.004393 
162000 529 761.073 -6150.997 -4.054 7.6516 0 0 0 1.29e-05 0.0001287 0.0041035 
163000 530 765.852 -6160.254 -4.145 7.736 0 0 0 1.2e-05 0.0001195 0.0045345 
164000 531 770.535 -6163.879 -4.256 7.788 0 0 0 1.16e-05 0.0001156 0.0041464 
165000 532 775.124 -6177.403 -4.28 7.8244 0 0 0 1.1e-05 0.0001104 0.0039921 
166000 533 779.622 -6187.919 -4.404 7.8431 0 0 0 1.08e-05 0.0001076 0.0039684 
167000 534 784.029 -6195.524 -4.512 7.9095 0 0 0 9.7e-06 9.66e-05 0.0040641 
168000 535 788.349 -6202.489 -4.625 7.9204 0 0 0 9.4e-06 9.42e-05 0.0041354 
169000 536 792.582 -6209.209 -4.694 7.9406 0 0 0 8.4e-06 8.36e-05 0.0041677 
170000 538 773.303 -6213.777 -4.46 7.7162 0 0 0 7.2e-06 7.18e-05 0.0042289 
171000 539 777.837 -6224.976 -4.569 7.7304 0 0 0 7.2e-06 7.16e-05 0.0042577 
172000 541 772.954 -6228.959 -4.555 7.6663 0 0 0 6.1e-06 6.07e-05 0.0042585 
173000 542 777.495 -6237.384 -4.667 7.6998 0 0 0 5.9e-06 5.92e-05 0.0040545 
174000 543 781.945 -6241.018 -4.686 7.7129 0 0 0 5.9e-06 5.91e-05 0.0041129 
175000 545 774.6 -6242.656 -4.545 7.6321 0 0 0 5.1e-06 5.15e-05 0.0039695 
176000 546 779.108 -6252.841 -4.572 7.6478 0 0 0 5.2e-06 5.19e-05 0.0041087 
177000 547 783.526 -6256.288 -4.67 7.6818 0 0 0 5e-06 5.04e-05 0.0041833 
178000 548 787.795 -6273.941 -4.762 7.7279 0 0 0 4.6e-06 4.6e-05 0.0041982 
179000 549 792.04 -6272.323 -4.804 7.7602 0 0 0 5e-06 5e-05 0.0040479 
180000 550 781.439 -6281.716 -4.619 7.6499 0 0 0 4.9e-06 4.94e-05 0.0039601 
181000 551 785.81 -6288.505 -4.697 7.6793 0 0 0 4.9e-06 4.94e-05 0.0038855 
182000 552 790.094 -6295.208 -4.745 7.6993 0 0 0 4.7e-06 4.67e-05 0.0043808 
183000 554 781.126 -6303.118 -4.738 7.576 0 0 0 5.1e-06 5.07e-05 0.0040941 
184000 555 785.504 -6307.395 -4.774 7.5965 0 0 0 5.6e-06 5.64e-05 0.0041243 
185000 557 786.218 -6317.731 -4.872 7.5831 0 0 0 5.7e-06 5.72e-05 0.0043763 
186000 561 747.304 -6320.478 -4.546 7.1649 0 0 0 5.4e-06 5.39e-05 0.0042421 
187000 562 752.358 -6325.328 -4.553 7.2151 0 0 0 5.7e-06 5.65e-05 0.0042004 
188000 563 741.591 -6327.935 -4.44 7.1021 0 0 0 5.8e-06 5.76e-05 0.0043052 
189000 564 746.759 -6333.081 -4.422 7.1491 0 0 0 5.7e-06 5.69e-05 0.0041612 
190000 566 740.107 -6341.872 -4.401 7.0765 0 0 0 5.7e-06 5.67e-05 0.0041939 
191000 568 733.679 -6350.662 -4.397 7.0018 0 0 0 5.5e-06 5.53e-05 0.0041271 
192000 569 737.325 -6362.656 -4.592 7.019 0 0 0 5.4e-06 5.42e-05 0.0041207 
193000 570 742.579 -6360.67 -4.632 7.0603 0 0 0 5.6e-06 5.57e-05 0.004168 
194000 571 747.727 -6368.38 -4.529 7.0911 0 0 0 6e-06 6.03e-05 0.003906 
195000 572 752.773 -6375.128 -4.532 7.1152 0 0 0 5.6e-06 5.61e-05 0.0041366 
196000 574 745.503 -6376.73 -4.438 7.0174 0 0 0 6.4e-06 6.36e-05 0.0041519 
197000 575 750.593 -6382.589 -4.5 7.0669 0 0 0 5.6e-06 5.63e-05 0.004232 
198000 576 755.581 -6389.839 -4.518 7.1101 0 0 0 5.4e-06 5.38e-05 0.0039896 
199000 577 760.469 -6392.465 -4.551 7.1807 0 0 0 5.1e-06 5.09e-05 0.0040446 
200000 579 754.635 -6396.832 -4.376 7.1205 0 0 0 5.2e-06 5.16e-05 0.0041999 
201000 580 759.542 -6403.609 -4.486 7.2012 0 0 0 5.1e-06 5.13e-05 0.0039495 
202000 581 764.351 -6407.839 -4.432 7.2431 0 0 0 5e-06 5.04e-05 0.0039948 
203000 582 769.064 -6407.821 -4.471 7.2859 0 0 0 5.1e-06 5.06e-05 0.0040269 
204000 583 773.683 -6401.064 -4.191 7.3091 0 0 0 6.6e-06 6.6e-05 0.0039753 
205000 584 778.209 -6399.505 -4.165 7.3905 0 0 0 6.1e-06 6.13e-05 0.0040616 
206000 585 782.265 -6413.398 -4.303 7.5341 0 0 0 1.33e-05 0.0001335 0.0040297 
207000 586 786.62 -6410.16 -4.178 7.6368 0 0 0 1.21e-05 0.0001213 0.003934 
208000 587 790.887 -6421.79 -4.177 7.7258 0 0 0 1.04e-05 0.0001037 0.003958 
209000 588 795.07 -6426.447 -4.277 7.8164 0 0 0 1.02e-05 0.0001025 0.0039589 
210000 589 799.168 -6423.717 -4.165 7.8264 0 0 0 1.2e-05 0.0001201 0.0040063 
211000 590 803.185 -6435.476 -4.229 7.88 0 0 0 9.7e-06 9.73e-05 0.0039333 
212000 591 807.121 -6434.866 -4.327 7.9953 0 0 0 1e-05 9.96e-05 0.0040933 
213000 592 810.979 -6444.071 -4.29 8.0184 0 0 0 1e-05 9.96e-05 0.0041228 
214000 593 814.759 -6441.661 -4.272 8.1593 0 0 0 1.03e-05 0.0001033 0.0041863 
215000 594 818.464 -6440.736 -4.13 8.2152 0 0 0 1.24e-05 0.0001236 0.0041353 
216000 595 822.095 -6443.126 -4.04 8.278 0 0 0 1.16e-05 0.0001157 0.0041965 
217000 596 825.653 -6438.773 -3.903 8.5265 0 0 0 1.22e-05 0.0001218 0.0040714 
218000 597 829.14 -6439.502 -3.827 8.5524 0 0 0 1.16e-05 0.000116 0.0040475 
219000 598 822.297 -6435.953 -3.659 8.4639 0 0 0 1.21e-05 0.0001209 0.0041546 
220000 600 808.007 -6437.097 -3.502 8.2776 0 0 0 1.31e-05 0.0001313 0.0040924 
221000 601 811.847 -6436.137 -3.444 8.2833 0 0 0 1.27e-05 0.0001271 0.0040225 
222000 602 815.61 -6437.954 -3.343 8.3817 0 0 0 1.31e-05 0.000131 0.0041571 
