1000 10 16.814 -113.077 -2.043 0.105 0 0 0 0.1205491 0.0101196 
2000 19 31.976 -169.606 -2.629 0.201 0 0 0 0.0624193 0.0341923 
3000 29 45.87 -209.321 -3.105 0.2901 0 0 0 0.0336059 0.0333909 
4000 39 55.041 -216.212 -2.628 0.3512 0 0 0 0.0199031 0.041334 
5000 47 65.897 -190.895 -1.764 0.5695 0 0 0 0.020075 0.0392279 
6000 54 73.861 -175.179 -1.478 0.7177 0 0 0 0.0236191 0.0307189 
7000 56 92.816 -168.746 -1.073 1.0953 0 0 0 0.034434 0.0369717 
8000 64 97.98 -138.283 -0.316 1.116 0 0 0 0.0229338 0.0401492 
9000 71 103.835 -101.005 0.438 1.1971 0 0 0 0.020702 0.0395343 
10000 73 104.677 -85.358 0.672 1.184 0 0 0 0.0245779 0.0309651 
11000 75 124.451 -77.676 0.798 1.4374 0 0 0 0.0201847 0.0419313 
12000 76 141.962 -79.437 0.787 1.6374 0 0 0 0.0158206 0.0478693 
13000 80 158.452 -61.308 1.067 1.8504 0 0 0 0.0132878 0.0646672 
14000 85 164.4 -40.111 1.378 1.867 0 0 0 0.0189456 0.0577131 
15000 88 163.169 -12.528 1.492 1.8971 0 0 0 0.0138997 0.0675913 
16000 92 179.979 13.422 2.152 2.1248 0 0 0 0.0119851 0.076081 
17000 93 196.38 28.534 2.507 2.3976 0 0 0 0.0091236 0.0579487 
18000 97 199.591 51.535 2.672 2.4169 0 0 0 0.0203699 0.0827466 
19000 100 197.234 81.828 3.151 2.3903 0 0 0 0.0105263 0.061789 
20000 101 213.289 94.102 3.142 2.6074 0 0 0 0.0112415 0.0583603 
21000 103 227.523 120.676 3.39 2.8252 0 0 0 0.0118755 0.0626228 
22000 105 245.593 118.266 3.456 3.3072 0 0 0 0.0115205 0.0841782 
23000 110 242.709 131.085 3.449 3.2771 0 0 0 0.0156886 0.1120299 
24000 113 237.325 171.196 3.841 3.1631 0 0 0 0.0142029 0.1009121 
25000 114 252.579 177.104 3.915 3.3439 0 0 0 0.0094331 0.1159936 
26000 115 267.527 199.079 4.084 3.5647 0 0 0 0.0096031 0.1419127 
27000 119 276.2 192.517 3.991 3.6799 0 0 0 0.0117689 0.1447449 
28000 120 273.976 218.449 4.15 3.6461 0 0 0 0.0114333 0.1920944 
29000 123 286.105 211.637 3.715 3.8266 0 0 0 0.0113491 0.1562147 
30000 125 298.056 226.255 4.049 4.1295 0 0 0 0.0112574 0.133434 
31000 126 312.094 233.958 4.108 4.4074 0 0 0 0.0079863 0.1302923 
32000 127 310.433 247.885 4.198 4.4183 0 0 0 0.0117267 0.1696971 
33000 129 321.159 270.299 4.508 4.6952 0 0 0 0.0083738 0.1452246 
34000 131 331.361 297.346 4.721 4.9674 0 0 0 0.0077282 0.1986684 
35000 132 344.734 290.416 4.926 5.2126 0 0 0 0.0096815 0.2035148 
36000 135 351.324 313.581 4.915 5.4105 0 0 0 0.0121105 0.1944526 
37000 137 359.371 317.832 4.774 5.6078 0 0 0 0.0151512 0.2044942 
38000 139 366.78 298.552 4.42 5.7913 0 0 0 0.00747 0.2724758 
39000 145 340.17 305.301 3.659 5.3143 0 0 0 0.0137175 0.2435959 
40000 147 349.259 304.549 3.857 5.4965 0 0 0 0.0074896 0.2740166 
41000 155 316.953 319.996 3.537 4.9592 0 0 0 0.0109969 0.2400923 
42000 156 312.974 324.612 3.555 4.8831 0 0 0 0.007031 0.272902 
43000 157 326.714 331.988 3.448 5.2132 0 0 0 0.008416 0.2622923 
44000 161 331.139 348.173 3.548 5.2474 0 0 0 0.0106925 0.237116 
