10000 13 175.843 3724.559 65.8 0.195 0 0 0 0.0 0.0 
20000 26 316.092 7887.163 125.75 0.3505 0 0 0 0.0 0.0 
30000 55 336.361 8615.675 82.012 0.6623 0 0 0 0.0002437 0.0024369 
40000 90 284.175 9480.684 49.317 0.6722 0 0 0 0.0002232 0.0022324 
50000 235 57.132 12227.569 12.509 0.1566 0 0 0 0.0003245 0.0032453 
60000 487 88.28 15612.17 36.23 0.2534 0 0 0 0.0003232 0.0032321 
70000 571 156.783 19023.004 51.315 0.458 0 0 0 0.000361 0.0036095 
80000 582 299.099 22292.498 97.026 0.875 0 0 0 0.0003691 0.0036906 
90000 592 427.082 27490.754 175.726 1.2481 0 0 0 0.0004012 0.004012 
100000 608 479.411 31866.924 201.34 1.3959 0 0 0 0.0004319 0.0043188 
110000 620 561.171 35417.22 223.409 1.6516 0 0 0 0.0004524 0.0045237 
120000 630 637.224 40122.7 266.943 1.8744 0 0 0 0.0004472 0.0044718 
130000 640 693.968 44656.845 295.806 2.0412 0 0 0 0.0004851 0.0048508 
140000 651 736.698 48957.312 315.587 2.159 0 0 0 0.0005025 0.0050253 
150000 667 713.015 52640.006 295.91 2.0837 0 0 0 0.0005116 0.0051164 
160000 678 750.269 57911.155 331.179 2.1863 0 0 0 0.0005163 0.005163 
170000 690 767.691 63101.248 353.076 2.234 0 0 0 0.000531 0.0053095 
180000 702 782.47 68823.033 380.741 2.2699 0 0 0 0.0005421 0.0054213 
190000 714 783.428 74048.014 386.636 2.2777 0 0 0 0.0005262 0.0052619 
200000 726 787.551 79043.391 390.267 2.288 0 0 0 0.0004971 0.0049713 
210000 736 826.414 83959.669 412.642 2.4017 0 0 0 0.0004619 0.0046187 
220000 746 858.167 89232.291 428.941 2.4945 0 0 0 0.0004161 0.0041608 
230000 756 884.112 94028.897 439.88 2.5674 0 0 0 0.0003857 0.0038571 
240000 766 905.311 100113.875 465.188 2.6284 0 0 0 0.0003485 0.0034848 
250000 776 922.632 106479.918 501.112 2.6811 0 0 0 0.0002944 0.0029444 
260000 786 936.785 111607.947 503.539 2.7212 0 0 0 0.0002655 0.0026552 
270000 796 948.349 117278.581 512.825 2.7589 0 0 0 0.0002402 0.0024023 
280000 806 957.797 123158.865 531.225 2.7898 0 0 0 0.0002161 0.0021608 
290000 816 965.517 129473.857 546.555 2.8153 0 0 0 0.0002017 0.0020167 
300000 826 971.825 134872.623 548.049 2.8273 0 0 0 0.0001947 0.0019473 
310000 836 976.979 140851.803 552.281 2.851 0 0 0 0.0001894 0.0018938 
320000 846 981.19 147241.695 569.023 2.8698 0 0 0 0.0001846 0.0018456 
330000 856 984.631 153098.206 574.217 2.8802 0 0 0 0.000175 0.0017502 
340000 867 972.865 159387.685 572.49 2.8517 0 0 0 0.000165 0.0016499 
350000 877 977.828 165966.382 589.307 2.8589 0 0 0 0.0001628 0.0016276 
360000 887 981.884 172422.541 598.727 2.8667 0 0 0 0.0001551 0.0015513 
370000 897 985.198 178879.811 608.819 2.8737 0 0 0 0.0001496 0.0014961 
380000 907 987.906 184750.182 605.583 2.8814 0 0 0 0.0001467 0.001467 
390000 917 990.118 191112.027 613.109 2.8895 0 0 0 0.0001423 0.0014228 
400000 927 991.926 197765.382 617.139 2.8921 0 0 0 0.000147 0.0014703 
410000 941 929.923 203747.378 577.35 2.711 0 0 0 0.0001585 0.0015846 
420000 951 942.742 209760.743 579.115 2.7459 0 0 0 0.0001575 0.0015748 
430000 961 953.216 215319.186 576.72 2.7884 0 0 0 0.0001602 0.0016019 
440000 971 961.774 221451.203 581.506 2.8119 0 0 0 0.0001672 0.0016721 
450000 982 952.604 227276.104 573.024 2.7834 0 0 0 0.0001686 0.0016862 
460000 993 933.303 232413.678 547.366 2.727 0 0 0 0.0001668 0.0016683 
470000 1005 916.602 238467.102 539.08 2.6806 0 0 0 0.000167 0.0016699 
480000 1015 931.858 244616.82 551.831 2.7241 0 0 0 0.0001743 0.0017433 
490000 1026 927.442 251600.969 568.51 2.7184 0 0 0 0.0001777 0.0017775 
500000 1036 940.715 257804.336 579.543 2.7587 0 0 0 0.0001818 0.0018185 
510000 1046 951.559 264455.263 594.101 2.7994 0 0 0 0.0001809 0.0018094 
520000 1056 960.421 271263.373 609.423 2.8173 0 0 0 0.0001771 0.0017706 
530000 1066 967.661 277935.288 622.049 2.8327 0 0 0 0.0001746 0.001746 
540000 1076 973.576 285545.649 646.933 2.8513 0 0 0 0.0001738 0.0017379 
550000 1086 976.151 293217.251 669.002 2.8706 0 0 0 0.0001742 0.0017421 
560000 1096 980.514 300880.949 681.826 2.8783 0 0 0 0.0001708 0.0017078 
570000 1106 984.078 308317.303 696.352 2.8973 0 0 0 0.0001689 0.0016895 
580000 1116 986.991 316502.709 717.077 2.8974 0 0 0 0.0001716 0.0017157 
590000 1126 989.371 324159.748 725.666 2.9166 0 0 0 0.0001717 0.0017171 
600000 1136 991.315 332984.976 756.046 2.9253 0 0 0 0.0001701 0.001701 
610000 1146 992.904 341369.876 767.725 2.9255 0 0 0 0.0001651 0.0016505 
620000 1156 990.9 349022.158 767.373 2.9216 0 0 0 0.0001616 0.0016158 
630000 1166 992.565 356731.92 769.553 2.919 0 0 0 0.000155 0.0015495 
640000 1176 993.925 363688.557 755.906 2.9182 0 0 0 0.0001513 0.0015128 
650000 1186 995.036 371363.974 756.8 2.9206 0 0 0 0.0001513 0.0015135 
660000 1198 964.872 378308.5 721.622 2.8288 0 0 0 0.0001525 0.0015245 
670000 1208 971.298 385742.307 725.234 2.8538 0 0 0 0.0001455 0.0014553 
680000 1218 976.548 394463.885 748.41 2.8732 0 0 0 0.000142 0.0014197 
690000 1228 980.838 403514.942 779.289 2.8926 0 0 0 0.0001352 0.0013525 
700000 1238 984.343 411708.925 785.884 2.8993 0 0 0 0.0001406 0.0014059 
710000 1248 987.207 419484.073 788.56 2.9022 0 0 0 0.0001337 0.0013369 
720000 1259 975.368 427628.242 777.78 2.8628 0 0 0 0.0001326 0.0013262 
730000 1269 979.874 435319.313 779.252 2.8785 0 0 0 0.0001323 0.0013227 
740000 1279 983.555 443589.553 788.509 2.8936 0 0 0 0.0001357 0.001357 
750000 1289 986.563 451853.458 792.731 2.9248 0 0 0 0.0001327 0.0013267 
760000 1299 989.021 458586.296 773.731 2.927 0 0 0 0.0001408 0.001408 
770000 1309 991.03 466140.526 767.754 2.9278 0 0 0 0.0001404 0.0014039 
780000 1319 992.671 473123.465 756.933 2.9285 0 0 0 0.0001382 0.0013824 
790000 1329 994.011 481064.509 761.814 2.9234 0 0 0 0.000138 0.0013799 
800000 1339 995.107 489701.323 780.503 2.9242 0 0 0 0.0001298 0.0012983 
810000 1349 996.002 498868.2 804.677 2.929 0 0 0 0.0001299 0.0012995 
820000 1359 996.733 507083.66 807.195 2.9311 0 0 0 0.0001285 0.001285 
830000 1369 997.331 515663.782 819.061 2.9402 0 0 0 0.0001303 0.0013026 
840000 1379 997.819 525992.932 856.58 2.9472 0 0 0 0.000131 0.0013101 
850000 1389 998.218 535596.078 874.518 2.9431 0 0 0 0.0001348 0.0013477 
860000 1399 998.544 544017.836 872.293 2.9399 0 0 0 0.0001365 0.0013646 
870000 1409 998.81 554716.098 907.768 2.9333 0 0 0 0.0001357 0.0013565 
880000 1419 999.028 568007.044 984.832 2.926 0 0 0 0.0001354 0.0013541 
890000 1429 999.206 579932.132 1021.974 2.9192 0 0 0 0.0001317 0.0013165 
900000 1439 999.351 590707.086 1031.526 2.9153 0 0 0 0.0001324 0.0013236 
910000 1449 999.47 601604.066 1042.024 2.9243 0 0 0 0.0001318 0.0013184 
920000 1459 999.567 615881.081 1110.043 2.9224 0 0 0 0.000131 0.0013097 
930000 1469 999.646 628939.115 1148.618 2.9241 0 0 0 0.0001341 0.0013405 
940000 1479 999.711 643037.209 1193.673 2.9198 0 0 0 0.0001339 0.0013385 
950000 1489 999.764 654615.341 1187.563 2.9243 0 0 0 0.0001316 0.0013161 
960000 1499 999.807 668192.443 1215.813 2.927 0 0 0 0.0001302 0.0013021 
970000 1509 999.842 682331.148 1253.13 2.9204 0 0 0 0.0001262 0.0012622 
980000 1519 999.871 693785.576 1236.503 2.9152 0 0 0 0.0001227 0.0012273 
990000 1529 999.895 704553.929 1204.309 2.9204 0 0 0 0.0001226 0.0012261 
1000000 1539 999.914 714490.7 1171.073 2.9261 0 0 0 0.0001285 0.0012854 
1010000 1549 999.93 725361.528 1152.596 2.9202 0 0 0 0.0001335 0.0013345 
1020000 1559 999.943 741475.477 1238.623 2.9299 0 0 0 0.0001283 0.0012833 
1030000 1569 999.953 758263.696 1319.054 2.93 0 0 0 0.00013 0.0012998 
1040000 1579 999.962 775584.145 1394.954 2.9257 0 0 0 0.0001282 0.0012816 
1050000 1589 999.969 791877.378 1438.869 2.9314 0 0 0 0.0001236 0.0012358 
1060000 1599 999.974 809923.731 1505.582 2.9324 0 0 0 0.0001202 0.001202 
1070000 1609 999.979 826238.863 1534.892 2.9372 0 0 0 0.0001198 0.0011984 
1080000 1619 999.983 844755.534 1588.625 2.9359 0 0 0 0.0001164 0.0011639 
1090000 1629 999.986 860378.601 1582.933 2.9363 0 0 0 0.0001202 0.0012018 
1100000 1639 999.989 879448.545 1642.256 2.9378 0 0 0 0.0001138 0.0011376 
1110000 1649 999.991 897198.693 1664.758 2.9369 0 0 0 0.0001141 0.0011413 
1120000 1659 999.992 913521.553 1663.686 2.9315 0 0 0 0.0001127 0.0011268 
1130000 1669 999.994 925002.973 1562.832 2.9267 0 0 0 0.0001121 0.0011211 
1140000 1679 992.731 935531.135 1467.784 2.9058 0 0 0 0.0001132 0.0011323 
1150000 1689 994.061 948978.487 1437.374 2.9189 0 0 0 0.0001113 0.0011133 
1160000 1699 995.147 961025.1 1403.598 2.9153 0 0 0 0.0001165 0.001165 
1170000 1709 996.035 970877.092 1309.989 2.9222 0 0 0 0.0001158 0.0011581 
1180000 1719 996.76 983066.681 1306.284 2.9183 0 0 0 0.0001163 0.0011628 
1190000 1729 997.353 997254.605 1319.004 2.9194 0 0 0 0.0001147 0.0011469 
1200000 1740 989.72 1011966.044 1344.227 2.8928 0 0 0 0.0001136 0.0011356 
1210000 1750 991.6 1025664.069 1349.764 2.8946 0 0 0 0.0001078 0.001078 
1220000 1760 993.137 1040849.558 1382.967 2.8975 0 0 0 0.0001092 0.0010921 
1230000 1770 994.392 1055955.323 1405.391 2.8987 0 0 0 0.0001106 0.0011063 
1240000 1780 995.418 1071418.02 1430.454 2.9154 0 0 0 0.0001055 0.0010547 
1250000 1790 996.256 1088841.195 1485.07 2.9164 0 0 0 0.0001071 0.0010712 
1260000 1800 996.941 1107472.307 1555.011 2.919 0 0 0 0.0001077 0.0010769 
1270000 1810 997.501 1121009.02 1516.112 2.9166 0 0 0 0.0001089 0.0010893 
1280000 1820 997.958 1136482.375 1520.894 2.9166 0 0 0 0.0001096 0.0010957 
1290000 1830 998.331 1155968.62 1603.134 2.9166 0 0 0 0.0001099 0.001099 
1300000 1840 998.637 1173813.917 1637.755 2.9175 0 0 0 0.0001096 0.0010965 
1310000 1850 998.886 1193281.584 1694.954 2.9304 0 0 0 0.0001093 0.0010932 
1320000 1860 999.09 1211588.386 1722.292 2.9264 0 0 0 0.0001127 0.0011267 
1330000 1870 999.256 1229375.12 1731.729 2.9289 0 0 0 0.000108 0.0010801 
1340000 1880 999.392 1247548.77 1749.872 2.9235 0 0 0 0.0001043 0.0010432 
1350000 1890 999.504 1266785.759 1777.4 2.9339 0 0 0 0.0001036 0.0010356 
1360000 1900 999.594 1286707.923 1817.977 2.9327 0 0 0 0.000102 0.00102 
1370000 1910 999.669 1303566.585 1793.305 2.9377 0 0 0 9.9e-05 0.00099 
1380000 1920 999.729 1322653.242 1813.855 2.9354 0 0 0 9.8e-05 0.0009797 
1390000 1930 999.779 1342502.801 1844.931 2.9383 0 0 0 9.36e-05 0.0009357 
1400000 1940 999.819 1361001.952 1847.681 2.9442 0 0 0 9.04e-05 0.0009035 
1410000 1950 999.852 1381216.854 1882.404 2.9305 0 0 0 8.9e-05 0.0008898 
1420000 1960 999.879 1398112.824 1844.497 2.9254 0 0 0 8.87e-05 0.0008873 
1430000 1970 999.901 1417944.883 1869.568 2.9182 0 0 0 8.81e-05 0.0008807 
1440000 1980 999.919 1437337.65 1882.012 2.9187 0 0 0 8.73e-05 0.0008726 
1450000 1990 999.934 1454455.412 1849.864 2.9321 0 0 0 9.13e-05 0.0009126 
1460000 2000 999.946 1470623.092 1808.033 2.9267 0 0 0 9.35e-05 0.0009345 
1470000 2010 999.956 1488553.825 1805.419 2.9248 0 0 0 9.2e-05 0.0009201 
1480000 2020 999.964 1506087.38 1797.171 2.9191 0 0 0 8.67e-05 0.0008666 
1490000 2030 999.971 1523466.926 1788.773 2.925 0 0 0 8.68e-05 0.0008678 
1500000 2040 999.976 1541412.985 1790.289 2.93 0 0 0 8.96e-05 0.0008965 
1510000 2050 999.98 1560305.758 1807.424 2.93 0 0 0 8.97e-05 0.0008967 
1520000 2060 999.984 1579234.592 1823.389 2.9302 0 0 0 9.2e-05 0.0009196 
1530000 2070 999.987 1596330.751 1800.03 2.9281 0 0 0 8.96e-05 0.0008963 
1540000 2080 999.989 1613358.275 1785.3 2.9255 0 0 0 8.79e-05 0.0008786 
1550000 2090 999.991 1631748.722 1797.563 2.9326 0 0 0 8.94e-05 0.0008936 
1560000 2100 999.993 1651578.798 1832.814 2.9261 0 0 0 8.8e-05 0.0008797 
1570000 2110 999.994 1672695.421 1883.449 2.9264 0 0 0 8.96e-05 0.0008965 
1580000 2120 999.995 1692720.23 1904.012 2.9284 0 0 0 9.13e-05 0.0009134 
1590000 2130 999.996 1708489.289 1843.505 2.9261 0 0 0 9.13e-05 0.0009132 
1600000 2140 999.997 1723240.508 1779.164 2.9263 0 0 0 9.38e-05 0.0009376 
1610000 2150 999.997 1739759.52 1757.753 2.9241 0 0 0 9.59e-05 0.0009592 
1620000 2160 999.998 1757434.914 1757.838 2.9244 0 0 0 9.57e-05 0.0009565 
1630000 2170 999.998 1776362.038 1782.002 2.9252 0 0 0 9.84e-05 0.0009841 
1640000 2180 999.999 1796940.211 1831.661 2.9234 0 0 0 9.6e-05 0.0009602 
1650000 2190 999.999 1816865.517 1862.293 2.9242 0 0 0 9.6e-05 0.0009603 
1660000 2200 999.999 1833532.351 1823.993 2.9374 0 0 0 9.22e-05 0.0009217 
1670000 2210 999.999 1848834.849 1770.216 2.9396 0 0 0 9.17e-05 0.0009171 
1680000 2220 999.999 1869409.269 1823.213 2.9308 0 0 0 9.33e-05 0.0009327 
1690000 2230 999.999 1886886.069 1808.164 2.9227 0 0 0 9.47e-05 0.0009468 
1700000 2240 1000.0 1904635.589 1805.72 2.9286 0 0 0 9.44e-05 0.0009439 
1710000 2250 1000.0 1924763.954 1842.126 2.9248 0 0 0 9.83e-05 0.0009831 
1720000 2260 1000.0 1940338.449 1790.205 2.9367 0 0 0 0.0001002 0.0010025 
1730000 2270 986.318 1958586.056 1769.906 2.8888 0 0 0 0.0001042 0.0010421 
1740000 2280 988.821 1977569.195 1818.671 2.8982 0 0 0 9.88e-05 0.0009876 
1750000 2290 990.866 1996627.357 1836.365 2.9031 0 0 0 0.0001027 0.0010267 
1760000 2300 992.537 2016200.422 1827.814 2.9086 0 0 0 0.0001028 0.0010281 
1770000 2310 993.902 2034335.099 1829.523 2.9151 0 0 0 0.000106 0.0010595 
1780000 2320 995.017 2053132.979 1835.877 2.917 0 0 0 0.0001051 0.0010509 
1790000 2330 995.929 2070587.954 1817.584 2.9183 0 0 0 0.0001075 0.0010746 
1800000 2340 996.674 2090825.563 1858.216 2.9111 0 0 0 0.0001049 0.0010489 
1810000 2350 997.282 2109802.504 1863.741 2.9207 0 0 0 0.0001048 0.001048 
1820000 2360 997.779 2120641.996 1726.811 2.9314 0 0 0 0.0001102 0.0011018 
1830000 2370 998.186 2132981.063 1627.866 2.9336 0 0 0 0.0001087 0.0010871 
1840000 2380 998.517 2153645.649 1704.615 2.934 0 0 0 0.0001102 0.0011023 
1850000 2390 998.789 2173857.2 1760.728 2.9251 0 0 0 0.0001118 0.0011179 
1860000 2400 999.01 2190754.283 1746.901 2.9181 0 0 0 0.0001119 0.001119 
1870000 2410 999.191 2208409.034 1759.035 2.9133 0 0 0 0.0001139 0.0011393 
1880000 2420 999.339 2227457.037 1796.283 2.9155 0 0 0 0.000115 0.0011498 
1890000 2430 999.46 2247843.529 1820.98 2.9129 0 0 0 0.0001137 0.0011372 
1900000 2440 999.559 2268524.5 1868.291 2.9104 0 0 0 0.0001126 0.0011265 
1910000 2450 999.64 2284444.609 1822.747 2.9167 0 0 0 0.0001143 0.0011429 
1920000 2460 999.705 2300378.338 1790.456 2.9226 0 0 0 0.0001162 0.0011625 
1930000 2471 993.561 2316307.998 1739.823 2.9012 0 0 0 0.0001174 0.0011736 
1940000 2481 994.739 2331774.172 1701.783 2.9028 0 0 0 0.0001161 0.0011611 
1950000 2491 995.701 2348688.998 1697.02 2.9013 0 0 0 0.0001166 0.0011657 
1960000 2501 996.488 2365335.638 1687.83 2.9039 0 0 0 0.0001144 0.0011444 
1970000 2511 997.13 2382016.764 1686.969 2.9191 0 0 0 0.0001161 0.0011613 
1980000 2521 997.655 2399637.082 1704.504 2.9243 0 0 0 0.000113 0.0011304 
1990000 2531 998.084 2413437.193 1643.061 2.9229 0 0 0 0.0001182 0.0011818 
2000000 2541 998.435 2430188.261 1656.928 2.9226 0 0 0 0.000117 0.0011698 
2010000 2551 998.721 2447232.213 1660.226 2.9289 0 0 0 0.0001174 0.0011735 
2020000 2561 998.955 2467144.205 1722.939 2.9313 0 0 0 0.0001115 0.001115 
2030000 2571 999.146 2488478.884 1795.354 2.9379 0 0 0 0.0001108 0.0011078 
2040000 2581 999.302 2510547.057 1872.743 2.9309 0 0 0 0.0001064 0.0010637 
2050000 2591 999.43 2530730.584 1895.743 2.931 0 0 0 0.0001094 0.0010942 
2060000 2601 999.534 2552821.67 1952.526 2.9363 0 0 0 0.0001055 0.0010548 
2070000 2611 999.619 2574765.18 1997.508 2.9333 0 0 0 0.000104 0.0010395 
2080000 2621 999.689 2594966.836 1999.306 2.9249 0 0 0 0.0001045 0.0010454 
2090000 2631 999.746 2614445.151 1990.296 2.9256 0 0 0 0.000102 0.0010202 
2100000 2641 999.792 2633935.131 1980.79 2.9273 0 0 0 0.0001038 0.0010381 
2110000 2651 999.83 2652994.976 1970.249 2.924 0 0 0 0.0001036 0.0010363 
2120000 2661 999.861 2672404.695 1962.172 2.9227 0 0 0 0.0001031 0.0010313 
2130000 2671 999.887 2693260.214 1987.077 2.9189 0 0 0 9.84e-05 0.000984 
2140000 2681 999.907 2712292.47 1966.413 2.9192 0 0 0 0.0001039 0.0010387 
2150000 2691 999.924 2734138.088 2006.595 2.9237 0 0 0 9.68e-05 0.0009677 
2160000 2701 999.938 2754362.677 2012.079 2.9172 0 0 0 9.81e-05 0.0009813 
2170000 2711 999.95 2774211.407 2007.363 2.9199 0 0 0 9.99e-05 0.000999 
2180000 2721 999.959 2796579.425 2048.938 2.916 0 0 0 9.66e-05 0.0009662 
2190000 2731 999.966 2817501.365 2057.823 2.9127 0 0 0 9.54e-05 0.0009545 
2200000 2741 999.972 2834461.19 1992.907 2.9106 0 0 0 9.44e-05 0.0009441 
2210000 2751 999.978 2852968.055 1966.778 2.9286 0 0 0 9.58e-05 0.0009577 
2220000 2761 999.982 2870859.129 1937.945 2.9308 0 0 0 9.86e-05 0.0009861 
2230000 2771 999.985 2890301.989 1934.441 2.9248 0 0 0 0.0001022 0.001022 
2240000 2781 999.988 2909242.811 1925.302 2.933 0 0 0 0.0001044 0.0010439 
2250000 2791 999.99 2928404.462 1925.956 2.9286 0 0 0 0.0001021 0.0010215 
2260000 2801 999.992 2947508.765 1921.991 2.9332 0 0 0 0.0001051 0.0010509 
2270000 2811 999.993 2965572.799 1903.417 2.9268 0 0 0 0.0001033 0.001033 
2280000 2821 999.995 2985739.181 1922.68 2.9272 0 0 0 0.0001043 0.0010427 
2290000 2831 999.996 3003764.693 1902.486 2.923 0 0 0 0.0001047 0.0010472 
2300000 2841 999.996 3024544.539 1935.605 2.9291 0 0 0 0.0001054 0.001054 
2310000 2851 999.997 3047642.327 2003.305 2.9378 0 0 0 0.0001022 0.0010217 
2320000 2861 999.998 3068818.281 2023.227 2.9371 0 0 0 0.0001034 0.0010337 
2330000 2871 999.998 3089727.572 2036.096 2.9328 0 0 0 0.000104 0.0010401 
2340000 2881 999.998 3109456.893 2027.067 2.9349 0 0 0 0.0001064 0.0010638 
2350000 2891 999.999 3130017.706 2030.578 2.9294 0 0 0 0.000106 0.0010597 
2360000 2901 999.999 3150260.087 2027.991 2.9268 0 0 0 0.0001077 0.0010768 
2370000 2911 989.023 3171029.409 2011.61 2.9036 0 0 0 0.000107 0.0010702 
2380000 2921 991.031 3190120.559 1991.249 2.9139 0 0 0 0.0001121 0.0011213 
2390000 2932 990.879 3212144.495 2028.825 2.9075 0 0 0 0.0001072 0.0010719 
2400000 2942 992.548 3232117.683 2022.732 2.9103 0 0 0 0.0001095 0.001095 
2410000 2952 993.911 3251697.905 2010.889 2.9109 0 0 0 0.0001101 0.0011011 
2420000 2962 995.025 3269975.245 1976.352 2.9234 0 0 0 0.0001099 0.0010985 
2430000 2972 995.935 3291350.027 2005.142 2.9241 0 0 0 0.0001064 0.0010641 
2440000 2982 996.679 3311475.92 2006.708 2.9217 0 0 0 0.0001068 0.0010678 
2450000 2992 997.286 3334312.452 2057.723 2.9244 0 0 0 0.0001004 0.0010043 
2460000 3002 997.783 3355981.306 2078.235 2.9186 0 0 0 0.000104 0.0010404 
2470000 3012 998.188 3378456.499 2109.554 2.9168 0 0 0 0.000103 0.0010305 
2480000 3022 998.52 3401110.627 2137.22 2.9276 0 0 0 0.000103 0.0010303 
2490000 3032 998.79 3423627.404 2157.939 2.9165 0 0 0 9.87e-05 0.000987 
2500000 3042 999.012 3443980.877 2135.865 2.9127 0 0 0 0.0001 0.0009999 
2510000 3052 999.192 3463897.442 2109.74 2.9067 0 0 0 0.0001017 0.0010166 
2520000 3062 999.34 3486138.282 2131.243 2.9007 0 0 0 0.0001035 0.0010351 
2530000 3072 999.461 3507865.015 2138.173 2.9018 0 0 0 0.0001037 0.0010368 
2540000 3082 999.56 3529323.964 2140.308 2.9026 0 0 0 9.96e-05 0.000996 
2550000 3092 999.64 3551090.413 2147.435 2.9041 0 0 0 9.81e-05 0.0009809 
2560000 3102 999.706 3573147.82 2157.94 2.9033 0 0 0 9.53e-05 0.0009534 
2570000 3112 999.76 3592846.749 2122.894 2.9063 0 0 0 9.27e-05 0.0009273 
2580000 3122 999.804 3613244.869 2108.921 2.9099 0 0 0 8.93e-05 0.0008926 
2590000 3132 999.84 3634903.934 2119.491 2.9186 0 0 0 9.12e-05 0.0009116 
2600000 3142 999.869 3655728.755 2111.767 2.9227 0 0 0 8.77e-05 0.0008771 
2610000 3152 999.893 3673419.13 2045.54 2.917 0 0 0 9.08e-05 0.000908 
2620000 3162 999.912 3687430.725 1928.345 2.9233 0 0 0 9.29e-05 0.0009288 
2630000 3172 989.804 3702678.435 1833.917 2.8953 0 0 0 9.31e-05 0.0009314 
2640000 3182 991.669 3717669.16 1771.765 2.9131 0 0 0 9.33e-05 0.0009327 
2650000 3192 993.193 3736177.755 1786.165 2.9133 0 0 0 9.5e-05 0.00095 
2660000 3202 994.438 3752707.701 1756.217 2.9083 0 0 0 9.93e-05 0.0009929 
2670000 3212 995.456 3767051.297 1699.222 2.9137 0 0 0 0.0001015 0.0010153 
2680000 3222 996.287 3786327.214 1738.724 2.915 0 0 0 0.0001046 0.001046 
2690000 3232 996.966 3799542.204 1660.386 2.9211 0 0 0 0.0001045 0.0010449 
2700000 3242 997.521 3816940.267 1669.39 2.9203 0 0 0 0.0001057 0.0010566 
2710000 3252 997.975 3835909.4 1712.908 2.9254 0 0 0 0.0001052 0.0010523 
2720000 3262 998.345 3855593.662 1758.987 2.9196 0 0 0 0.0001075 0.0010747 
2730000 3272 998.648 3877680.608 1840.487 2.92 0 0 0 0.0001078 0.0010777 
2740000 3282 998.895 3896303.446 1840.112 2.9144 0 0 0 0.0001057 0.0010571 
2750000 3292 999.097 3919562.931 1931.536 2.9093 0 0 0 0.000111 0.0011102 
2760000 3302 999.262 3942200.848 1990.895 2.9078 0 0 0 0.0001108 0.0011084 
2770000 3312 999.397 3964514.504 2035.296 2.9077 0 0 0 0.0001087 0.0010869 
2780000 3322 999.508 3985838.634 2052.19 2.9074 0 0 0 0.0001114 0.0011136 
2790000 3332 999.598 4002874.446 2008.563 2.9128 0 0 0 0.0001142 0.0011416 
2800000 3342 999.671 4017805.548 1908.023 2.9312 0 0 0 0.0001201 0.0012005 
2810000 3352 999.731 4033135.876 1832.339 2.9398 0 0 0 0.0001231 0.0012308 
2820000 3362 999.781 4050778.737 1828.361 2.9313 0 0 0 0.0001247 0.0012466 
2830000 3372 999.821 4067560.478 1793.248 2.929 0 0 0 0.0001262 0.0012616 
2840000 3382 999.853 4088792.164 1856.541 2.9214 0 0 0 0.000122 0.0012205 
2850000 3392 999.88 4110966.601 1920.913 2.9221 0 0 0 0.0001226 0.0012256 
2860000 3402 999.902 4132067.736 1957.691 2.9177 0 0 0 0.0001196 0.0011959 
2870000 3412 999.92 4154274.1 2005.09 2.9154 0 0 0 0.0001183 0.0011834 
2880000 3422 999.935 4176499.025 2045.661 2.9102 0 0 0 0.0001151 0.0011508 
2890000 3432 999.947 4197046.17 2059.055 2.9048 0 0 0 0.0001119 0.0011193 
2900000 3442 999.956 4217433.965 2055.675 2.9137 0 0 0 0.0001142 0.0011423 
2910000 3452 999.964 4234362.967 1982.356 2.9156 0 0 0 0.0001163 0.001163 
2920000 3462 999.971 4255986.477 2011.892 2.9219 0 0 0 0.0001161 0.0011606 
2930000 3472 999.976 4274890.462 1991.762 2.9361 0 0 0 0.0001184 0.0011844 
2940000 3482 999.981 4295395.209 2010.481 2.9426 0 0 0 0.0001171 0.0011707 
2950000 3492 999.984 4314760.826 1988.418 2.9407 0 0 0 0.0001196 0.0011964 
2960000 3502 999.987 4336089.458 2013.448 2.9295 0 0 0 0.0001219 0.0012188 
2970000 3512 999.989 4355389.295 1996.39 2.9297 0 0 0 0.0001202 0.001202 
2980000 3522 999.991 4372159.89 1946.183 2.9317 0 0 0 0.0001204 0.0012041 
2990000 3532 999.993 4392435.971 1955.137 2.9275 0 0 0 0.0001211 0.0012109 
3000000 3542 999.994 4412400.51 1964.497 2.9213 0 0 0 0.0001146 0.0011465 
3010000 3552 999.995 4432213.789 1964.93 2.9242 0 0 0 0.0001117 0.0011168 
3020000 3562 999.996 4451399.212 1959.11 2.9261 0 0 0 0.0001107 0.0011065 
3030000 3572 999.997 4469370.721 1923.002 2.9203 0 0 0 0.0001072 0.0010718 
3040000 3582 999.997 4483234.038 1826.168 2.9183 0 0 0 0.0001143 0.0011428 
3050000 3592 999.998 4502449.946 1852.711 2.9143 0 0 0 0.0001163 0.0011633 
3060000 3602 999.998 4521596.688 1857.011 2.9182 0 0 0 0.0001172 0.0011716 
3070000 3612 999.999 4540367.158 1866.832 2.9147 0 0 0 0.0001183 0.0011832 
3080000 3622 999.999 4552945.342 1748.608 2.9262 0 0 0 0.0001196 0.0011958 
3090000 3632 999.999 4574187.685 1816.884 2.9208 0 0 0 0.0001208 0.0012077 
3100000 3642 999.999 4594163.272 1852.611 2.9267 0 0 0 0.0001231 0.0012314 
3110000 3652 999.999 4615481.878 1898.006 2.9287 0 0 0 0.0001227 0.0012269 
3120000 3662 999.999 4633946.514 1890.652 2.9382 0 0 0 0.0001272 0.0012717 
3130000 3672 1000.0 4654829.978 1929.321 2.9328 0 0 0 0.0001224 0.0012238 
3140000 3682 1000.0 4675009.486 1944.541 2.9306 0 0 0 0.0001249 0.0012487 
3150000 3692 1000.0 4694518.678 1944.56 2.9322 0 0 0 0.0001263 0.0012634 
3160000 3702 1000.0 4713998.589 1947.842 2.931 0 0 0 0.0001242 0.0012419 
3170000 3712 1000.0 4733748.564 1951.572 2.9405 0 0 0 0.0001269 0.0012689 
3180000 3722 1000.0 4753765.753 1957.626 2.9377 0 0 0 0.0001272 0.0012724 
3190000 3732 1000.0 4774901.107 1990.875 2.9477 0 0 0 0.0001252 0.0012517 
3200000 3742 1000.0 4796121.245 2020.11 2.9392 0 0 0 0.0001247 0.0012472 
3210000 3752 1000.0 4815065.671 1989.717 2.936 0 0 0 0.0001266 0.0012655 
3220000 3762 1000.0 4834823.98 1988.25 2.933 0 0 0 0.0001245 0.0012449 
3230000 3772 1000.0 4854595.597 1985.787 2.9314 0 0 0 0.0001209 0.0012094 
3240000 3782 1000.0 4874935.611 1998.21 2.9246 0 0 0 0.0001181 0.0011808 
3250000 3792 1000.0 4896240.884 2020.085 2.9321 0 0 0 0.0001127 0.0011275 
3260000 3802 1000.0 4916905.663 2031.079 2.9416 0 0 0 0.0001175 0.0011751 
3270000 3812 1000.0 4936478.9 2013.835 2.9385 0 0 0 0.0001131 0.0011314 
3280000 3822 1000.0 4956618.835 2016.273 2.9354 0 0 0 0.0001138 0.001138 
3290000 3832 1000.0 4975517.592 1989.232 2.9385 0 0 0 0.0001145 0.0011447 
3300000 3842 1000.0 4992145.723 1945.891 2.9338 0 0 0 0.0001147 0.0011473 
3310000 3852 1000.0 5010350.887 1908.518 2.9288 0 0 0 0.0001145 0.0011447 
3320000 3862 1000.0 5030744.916 1933.256 2.9362 0 0 0 0.0001116 0.0011164 
3330000 3872 1000.0 5049960.337 1936.645 2.93 0 0 0 0.0001127 0.0011266 
3340000 3882 1000.0 5068649.945 1917.519 2.9268 0 0 0 0.0001139 0.0011386 
3350000 3892 1000.0 5087629.298 1919.439 2.9263 0 0 0 0.000114 0.0011396 
3360000 3902 1000.0 5101975.547 1831.953 2.9246 0 0 0 0.0001157 0.0011569 
3370000 3912 1000.0 5118163.747 1805.294 2.9223 0 0 0 0.000119 0.0011896 
3380000 3922 1000.0 5132900.537 1733.938 2.9301 0 0 0 0.0001244 0.0012442 
3390000 3932 1000.0 5147719.045 1686.199 2.9355 0 0 0 0.0001268 0.001268 
3400000 3942 1000.0 5168946.051 1770.547 2.9264 0 0 0 0.0001292 0.0012918 
3410000 3952 1000.0 5186116.394 1759.433 2.9213 0 0 0 0.0001298 0.0012984 
3420000 3962 1000.0 5201943.65 1725.781 2.9234 0 0 0 0.000132 0.0013201 
3430000 3972 1000.0 5221219.442 1759.632 2.9235 0 0 0 0.0001339 0.0013394 
3440000 3982 1000.0 5242842.253 1829.262 2.9196 0 0 0 0.0001358 0.0013585 
3450000 3992 1000.0 5263152.51 1868.532 2.939 0 0 0 0.0001376 0.0013765 
3460000 4002 1000.0 5284921.424 1926.63 2.9341 0 0 0 0.0001372 0.001372 
3470000 4012 1000.0 5302483.716 1903.916 2.93 0 0 0 0.000142 0.0014204 
3480000 4022 1000.0 5320810.011 1894.11 2.9232 0 0 0 0.0001372 0.0013717 
3490000 4032 1000.0 5338674.354 1870.157 2.9347 0 0 0 0.00014 0.0014004 
3500000 4042 1000.0 5357923.913 1876.183 2.9384 0 0 0 0.0001354 0.0013539 
3510000 4052 1000.0 5376803.542 1886.31 2.9491 0 0 0 0.0001393 0.0013929 
3520000 4062 1000.0 5394710.863 1858.975 2.941 0 0 0 0.0001417 0.0014168 
3530000 4072 1000.0 5411749.561 1845.584 2.9469 0 0 0 0.00014 0.0013997 
3540000 4085 944.274 5424800.445 1634.877 2.7788 0 0 0 0.000145 0.0014498 
3550000 4095 954.467 5445285.746 1711.448 2.806 0 0 0 0.0001416 0.0014163 
3560000 4105 962.797 5465103.622 1760.296 2.834 0 0 0 0.0001426 0.0014256 
3570000 4115 969.602 5483733.838 1785.461 2.8506 0 0 0 0.0001434 0.0014342 
3580000 4125 975.163 5500845.502 1764.186 2.8685 0 0 0 0.0001398 0.0013978 
3590000 4135 979.706 5519047.606 1778.506 2.8751 0 0 0 0.0001391 0.001391 
3600000 4145 983.418 5531641.41 1700.066 2.887 0 0 0 0.0001402 0.0014021 
3610000 4155 986.452 5544044.73 1615.7 2.9012 0 0 0 0.0001419 0.0014194 
3620000 4165 988.93 5559235.855 1577.398 2.9096 0 0 0 0.0001377 0.0013774 
3630000 4175 990.955 5567946.862 1471.597 2.9159 0 0 0 0.0001356 0.0013563 
3640000 4185 992.61 5580694.119 1436.73 2.9201 0 0 0 0.0001374 0.0013741 
3650000 4195 993.961 5597116.783 1451.488 2.9231 0 0 0 0.0001366 0.001366 
3660000 4205 995.066 5612580.538 1467.592 2.9259 0 0 0 0.0001377 0.001377 
3670000 4215 995.969 5631905.678 1552.069 2.9224 0 0 0 0.0001394 0.0013945 
3680000 4225 996.706 5652677.024 1647.848 2.9271 0 0 0 0.0001338 0.0013384 
3690000 4235 997.309 5673093.15 1721.742 2.9194 0 0 0 0.0001386 0.0013856 
3700000 4245 997.801 5692409.762 1764.727 2.9307 0 0 0 0.0001385 0.0013851 
3710000 4255 998.203 5704606.791 1667.416 2.9299 0 0 0 0.0001407 0.0014066 
3720000 4265 998.532 5719017.396 1632.204 2.9388 0 0 0 0.0001415 0.0014155 
3730000 4275 998.8 5736697.419 1658.654 2.9328 0 0 0 0.0001427 0.0014269 
3740000 4285 999.02 5751937.198 1642.44 2.9264 0 0 0 0.000147 0.0014696 
3750000 4295 999.199 5766749.52 1617.08 2.9242 0 0 0 0.0001484 0.0014836 
3760000 4305 999.346 5776788.934 1494.59 2.9248 0 0 0 0.0001486 0.0014864 
3770000 4315 999.465 5788707.905 1441.922 2.9257 0 0 0 0.000149 0.0014901 
3780000 4325 999.563 5806218.757 1488.806 2.9223 0 0 0 0.0001478 0.0014777 
3790000 4335 999.643 5826267.364 1581.347 2.9166 0 0 0 0.0001459 0.0014593 
3800000 4345 999.708 5846131.952 1652.416 2.9197 0 0 0 0.0001456 0.0014565 
3810000 4355 999.762 5859463.829 1619.91 2.9168 0 0 0 0.000151 0.0015096 
3820000 4365 999.805 5875022.934 1591.865 2.9159 0 0 0 0.000152 0.0015196 
3830000 4375 999.841 5894446.335 1654.838 2.9137 0 0 0 0.0001528 0.0015279 
3840000 4385 999.87 5914615.426 1719.707 2.9202 0 0 0 0.0001533 0.001533 
3850000 4395 999.894 5933204.753 1750.52 2.9205 0 0 0 0.0001509 0.0015092 
3860000 4405 999.913 5950531.995 1750.993 2.9271 0 0 0 0.0001552 0.0015522 
3870000 4415 999.929 5966912.273 1717.624 2.922 0 0 0 0.0001534 0.0015339 
3880000 4425 999.942 5983812.778 1725.183 2.924 0 0 0 0.0001634 0.0016342 
3890000 4435 999.953 6000846.696 1708.97 2.9208 0 0 0 0.0001593 0.0015932 
3900000 4445 999.961 6019216.974 1736.1 2.921 0 0 0 0.0001604 0.0016044 
3910000 4455 999.968 6038565.018 1769.403 2.9197 0 0 0 0.0001559 0.0015591 
3920000 4465 999.974 6059029.961 1825.945 2.9226 0 0 0 0.0001543 0.0015431 
3930000 4475 999.979 6080054.644 1873.347 2.9221 0 0 0 0.0001531 0.001531 
3940000 4485 999.983 6099186.07 1876.474 2.9205 0 0 0 0.0001502 0.0015016 
3950000 4495 999.986 6118803.515 1893.73 2.9215 0 0 0 0.0001523 0.0015229 
3960000 4505 999.988 6137784.723 1895.708 2.9263 0 0 0 0.0001493 0.001493 
3970000 4515 999.991 6154492.431 1870.996 2.9384 0 0 0 0.000148 0.0014801 
3980000 4525 999.992 6174002.797 1878.601 2.9373 0 0 0 0.0001511 0.0015107 
3990000 4535 999.994 6191473.593 1848.372 2.9314 0 0 0 0.0001482 0.0014824 
4000000 4545 999.995 6212033.814 1884.169 2.9355 0 0 0 0.0001498 0.0014981 
