10000 450 21.308 1799.18 3.907 0.0273 0 0 0 0.0 0.0 0.0 0.0 
20000 907 21.885 3562.672 3.988 0.028 0 0 0 0.0 0.0 0.0 0.0 
30000 1039 133.916 5040.345 24.411 0.541 0 0 0 0.000223 0.0022298 0.0015635 0.0001593 
40000 1094 162.028 7261.658 34.058 0.6564 0 0 0 0.0002487 0.0024874 0.0022299 0.0007885 
50000 1133 213.52 11226.932 70.21 0.8652 0 0 0 0.0002801 0.0028008 0.0025574 0.0010139 
60000 1271 98.952 15313.579 37.98 0.4046 0 0 0 0.0002648 0.0026476 0.0027204 0.0012834 
70000 1311 168.767 20074.298 76.008 0.6909 0 0 0 0.000286 0.0028601 0.0026252 0.0014824 
80000 1333 281.833 24790.815 129.616 1.1461 0 0 0 0.0003133 0.003133 0.0026932 0.0016993 
90000 1343 413.205 29798.932 198.9 1.684 0 0 0 0.0003294 0.0032936 0.0027453 0.0019916 
100000 1353 520.546 34484.265 249.114 2.1276 0 0 0 0.0003438 0.0034384 0.0027552 0.0025433 
110000 1363 608.251 38367.144 274.846 2.4822 0 0 0 0.0003674 0.0036744 0.0029047 0.0023623 
120000 1373 679.913 44108.089 326.155 2.7782 0 0 0 0.0003891 0.0038914 0.0033709 0.0026733 
130000 1383 738.465 50352.3 381.039 3.0196 0 0 0 0.0004254 0.0042535 0.0040634 0.003378 
140000 1393 786.307 56329.49 422.57 3.2082 0 0 0 0.0004745 0.0047447 0.0049631 0.0037484 
150000 1403 825.397 62165.373 452.212 3.3598 0 0 0 0.0004973 0.0049734 0.0056036 0.0041369 
160000 1413 857.337 68091.694 476.782 3.491 0 0 0 0.0004934 0.0049337 0.0057738 0.0043979 
170000 1423 883.434 72518.692 473.836 3.6073 0 0 0 0.0004808 0.0048083 0.0056964 0.0051223 
180000 1435 870.854 76266.26 437.647 3.5577 0 0 0 0.0004977 0.0049772 0.0061539 0.0053 
190000 1448 847.058 80965.636 418.545 3.4533 0 0 0 0.0005 0.0050001 0.0073114 0.0061269 
200000 1464 777.679 85522.574 377.354 3.1624 0 0 0 0.0004903 0.0049026 0.0076468 0.0062449 
210000 1482 723.793 90807.091 360.066 2.9379 0 0 0 0.0004466 0.0044661 0.0074147 0.0070019 
220000 1498 700.474 95595.805 345.217 2.845 0 0 0 0.0004178 0.0041782 0.0080692 0.0072917 
