0 0 0.0 0.0 0.0 0.0 0 0.0 0.0 0.0 0.0005113 
1000 5 13.913 44.0 0.64 0.6261 1 1105.0 14.7 0.0357933 0.0049826 
2000 10 36.027 96.0 1.758 1.7164 3 1710.0 132.637 0.0218732 0.0056928 
3000 13 54.173 178.0 3.298 2.5513 4 3407.0 256.0733 0.0211417 0.0051452 
4000 18 67.762 238.0 4.129 3.1694 6 4753.0 391.2494 0.0197794 0.0032566 
5000 22 82.684 303.0 5.073 3.9257 7 6099.0 463.8244 0.016064 0.0038359 
6000 27 93.654 357.0 5.612 4.3947 9 6914.0 472.7278 0.0150514 0.0042347 
7000 30 105.522 433.0 6.564 5.0221 10 8031.0 527.155 0.0149548 0.0036418 
8000 36 113.437 489.0 6.993 5.3494 12 8866.0 513.9256 0.0132825 0.0019436 
9000 40 124.794 549.0 7.646 5.947 13 9772.0 533.233 0.0138911 0.003518 
10000 45 132.726 599.0 7.939 6.2928 15 10937.0 569.3487 0.0115744 0.0034746 
11000 50 137.697 657.0 8.181 6.5803 16 11832.0 555.1139 0.0096299 0.0019957 
12000 55 143.168 720.0 8.459 6.7849 19 12768.0 517.535 0.0086973 0.0018866 
13000 59 152.449 754.0 8.675 7.2692 20 13414.0 516.4815 0.0083448 0.0022519 
14000 63 159.849 808.0 8.996 7.5781 21 14030.0 528.5334 0.0083231 0.0022679 
15000 67 161.985 869.0 9.13 7.6514 23 14946.0 497.042 0.008185 0.0024566 
16000 74 162.473 908.0 8.794 7.715 26 15430.0 429.3306 0.0064099 0.0020422 
17000 79 167.981 937.0 8.75 7.9334 27 16265.0 443.0976 0.0070179 0.0018148 
18000 83 168.36 986.0 8.595 8.0131 29 17061.0 448.139 0.0060731 0.0018207 
19000 88 175.45 1081.0 9.773 8.3051 30 18096.0 489.0251 0.0063836 0.0016149 
20000 93 176.647 1153.0 10.128 8.4064 33 19512.0 501.2363 0.005804 0.001614 
21000 99 176.977 1226.0 10.486 8.3803 35 20526.0 514.0314 0.0059962 0.0013874 
22000 103 183.809 1279.0 10.899 8.7456 36 21552.0 534.3283 0.00525 0.0013696 
23000 108 184.231 1318.0 10.454 8.7347 38 22257.0 530.0359 0.0051015 0.0012299 
24000 114 182.416 1358.0 10.059 8.6499 40 22751.0 479.1591 0.004681 0.0011285 
25000 118 186.923 1398.0 10.132 8.8684 41 23457.0 480.9432 0.005218 0.0013263 
26000 123 188.045 1451.0 10.039 8.8893 43 24112.0 469.694 0.0049344 0.0012649 
27000 129 184.057 1508.0 9.758 8.7438 45 25016.0 454.0821 0.0047752 0.0012314 
28000 133 187.924 1568.0 10.088 8.8743 47 25913.0 447.9365 0.0044664 0.0011357 
29000 138 189.247 1629.0 10.409 8.9934 48 26648.0 440.8429 0.0047871 0.0014947 
30000 142 195.875 1711.0 11.302 9.2644 50 27544.0 492.1127 0.0049007 0.0011077 
31000 148 192.897 1775.0 11.203 9.1753 52 28238.0 463.8413 0.0043621 0.0013797 
32000 154 190.948 1833.0 11.224 9.0305 54 28872.0 424.3415 0.0044036 0.0013078 
33000 161 184.363 1901.0 11.056 8.7769 56 29615.0 410.0466 0.0046152 0.0012074 
34000 167 178.017 1963.0 10.56 8.4361 58 30329.0 378.3677 0.0048756 0.0016701 
35000 173 180.387 2019.0 10.75 8.5442 60 30943.0 385.7079 0.0044919 0.0012076 
36000 177 185.735 2071.0 10.914 8.7937 62 32150.0 428.5534 0.0046256 0.0014694 
37000 182 187.73 2161.0 11.524 8.8552 64 33135.0 427.3582 0.004492 0.0010609 
38000 185 193.989 2245.0 12.518 9.2041 65 34372.0 506.3224 0.0044931 0.0010907 
39000 190 195.585 2314.0 12.57 9.2307 67 35147.0 510.4511 0.0040433 0.0010446 
40000 195 198.133 2402.0 13.27 9.3978 68 36683.0 581.206 0.0038134 0.0013729 
41000 197 201.088 2493.0 13.494 9.5076 69 37881.0 592.7854 0.0035836 0.0010932 
42000 203 204.545 2558.0 14.103 9.7053 71 39205.0 676.2862 0.0036006 0.0010759 
43000 207 202.705 2612.0 13.638 9.5906 72 40051.0 672.3576 0.0036916 0.00103 
44000 211 208.28 2720.0 14.517 9.8835 74 41438.0 649.8396 0.0035263 0.0012383 
45000 216 208.521 2806.0 15.064 9.8577 76 42383.0 664.9001 0.0039277 0.0008828 
46000 223 201.858 2874.0 14.569 9.5696 78 43126.0 614.1991 0.0035847 0.0009996 
47000 227 204.428 2980.0 15.498 9.659 79 45112.0 674.4792 0.0034681 0.0009193 
48000 232 200.889 3062.0 15.117 9.4427 81 46048.0 670.1581 0.0034666 0.0011224 
49000 235 212.147 3148.0 16.252 10.043 82 47785.0 789.8423 0.0033779 0.0010204 
50000 240 209.836 3228.0 16.031 9.8923 84 48630.0 733.2023 0.0034376 0.0008649 
51000 246 206.984 3334.0 16.567 9.8186 86 49784.0 722.9238 0.0030197 0.0007865 
52000 250 210.062 3423.0 16.992 9.9083 87 50971.0 735.5315 0.0032204 0.0009985 
53000 255 209.094 3503.0 16.9 9.919 89 51856.0 702.3105 0.0030051 0.0008409 
54000 259 208.901 3617.0 17.125 9.8839 90 53362.0 723.7794 0.0031708 0.0008499 
55000 265 206.894 3706.0 17.4 9.8345 92 54536.0 705.3913 0.0030688 0.0009135 
56000 270 206.544 3796.0 17.538 9.767 94 56922.0 825.997 0.0029241 0.0006808 
57000 274 209.22 3889.0 17.855 9.8934 96 58548.0 858.3876 0.0028167 0.0008206 
58000 277 214.831 3987.0 18.365 10.1627 97 59925.0 892.2488 0.0026553 0.0007014 
59000 283 211.778 4070.0 18.277 9.9874 99 60849.0 831.4515 0.002664 0.0007249 
60000 289 206.12 4175.0 18.197 9.8951 101 61984.0 782.1957 0.0026102 0.0005625 
61000 297 194.534 4259.0 17.052 9.5604 103 62896.0 683.4085 0.0024054 0.0005276 
62000 301 195.482 4338.0 16.873 9.7404 105 63852.0 658.7909 0.0024182 0.0007502 
63000 304 202.209 4406.0 17.201 10.2722 106 64829.0 670.6118 0.0024466 0.0006892 
64000 309 204.189 4514.0 17.538 10.503 107 65945.0 676.3506 0.0024845 0.0007655 
65000 314 205.046 4634.0 18.601 10.75 109 67190.0 690.674 0.0025251 0.0007138 
66000 320 201.601 4700.0 17.79 10.6521 111 68524.0 714.476 0.0022449 0.0006832 
67000 326 198.334 4806.0 17.809 10.6376 113 69728.0 694.0555 0.0022687 0.0006365 
68000 333 190.854 4882.0 16.883 10.3616 116 70542.0 595.0235 0.0022927 0.0005778 
69000 338 190.287 4983.0 17.095 10.3848 118 71637.0 587.699 0.0022247 0.0006808 
70000 343 191.984 5089.0 17.575 10.6007 119 73062.0 597.6291 0.0022438 0.0004854 
71000 348 193.032 5181.0 17.64 10.6839 121 74027.0 630.0096 0.002153 0.0006679 
72000 353 188.952 5299.0 17.377 10.5693 123 75243.0 602.7278 0.0021272 0.0005633 
73000 358 192.511 5341.0 17.062 10.7894 124 75938.0 596.155 0.0020741 0.0005145 
74000 363 195.636 5438.0 17.537 11.0603 126 76993.0 608.4155 0.0019542 0.0005173 
75000 367 199.04 5517.0 17.707 11.2904 127 78089.0 601.274 0.0021076 0.0005186 
76000 372 197.533 5613.0 17.454 11.233 130 79085.0 586.0457 0.0019454 0.0005866 
77000 378 194.818 5713.0 17.634 11.1559 132 80139.0 587.727 0.0019993 0.0006125 
78000 383 192.211 5815.0 17.596 10.8429 133 81294.0 571.6543 0.0022482 0.0006184 
79000 387 199.006 5886.0 17.642 11.0531 135 82080.0 592.47 0.0020598 0.0004841 
80000 392 200.145 6001.0 18.433 10.9294 137 83496.0 631.2107 0.0019334 0.0004968 
81000 396 197.36 6122.0 18.443 10.6571 138 85592.0 633.7896 0.0020588 0.0005867 
82000 401 201.176 6246.0 19.155 10.7441 140 86877.0 729.8996 0.0019945 0.0006036 
83000 404 203.026 6350.0 19.732 10.7396 141 88604.0 747.6096 0.0023381 0.0006546 
84000 409 212.29 6435.0 20.621 11.1061 143 90900.0 948.2738 0.0020354 0.0005932 
85000 411 223.66 6538.0 21.827 11.5418 143 92798.0 948.2738 0.002145 0.0004978 
86000 416 220.747 6610.0 21.03 11.3691 145 93833.0 1010.5318 0.0018917 0.0005669 
87000 421 216.213 6712.0 20.656 11.0334 147 95028.0 937.3608 0.0019134 0.0004671 
88000 425 218.583 6821.0 21.58 11.1176 148 96145.0 891.5247 0.0017333 0.0004085 
89000 428 227.173 6903.0 21.769 11.4446 149 97662.0 891.0722 0.0019392 0.0005473 
90000 434 219.334 7021.0 21.443 10.995 151 98986.0 920.1985 0.0018205 0.0005329 
91000 439 217.864 7130.0 21.337 10.8752 153 100161.0 880.6908 0.0019265 0.0004831 
92000 442 225.604 7238.0 22.544 11.2017 154 101429.0 863.5217 0.001896 0.0005149 
93000 447 222.765 7339.0 22.159 11.027 156 103104.0 906.4826 0.0017946 0.0005777 
94000 451 224.397 7428.0 22.128 11.0365 157 104580.0 888.5343 0.0018035 0.0004301 
95000 456 223.844 7529.0 22.108 11.0116 159 105675.0 887.1428 0.001778 0.000527 
96000 460 225.342 7641.0 22.608 11.0247 161 106862.0 882.7957 0.0016982 0.000496 
97000 464 224.636 7761.0 22.844 11.0235 162 108098.0 869.2161 0.0017001 0.0004893 
98000 469 224.505 7862.0 22.859 10.9429 164 109383.0 869.195 0.0019799 0.0005201 
99000 473 226.956 7985.0 23.445 11.0608 165 112159.0 861.9755 0.0018512 0.0004679 
100000 479 220.085 8109.0 23.082 10.6531 167 113444.0 961.1202 0.0015639 0.0004167 
101000 482 222.767 8202.0 23.444 10.7445 168 114731.0 946.7082 0.0017544 0.0004694 
102000 484 228.598 8319.0 23.548 11.0577 169 116329.0 1015.7373 0.0020146 0.0004876 
103000 488 231.864 8386.0 23.404 11.1532 170 117205.0 1007.8636 0.0018083 0.0004902 
104000 493 235.268 8495.0 24.063 11.3202 172 118371.0 949.3795 0.0016473 0.0004353 
105000 498 231.981 8590.0 23.74 11.1084 174 119496.0 925.4274 0.0018089 0.0005963 
106000 503 230.533 8701.0 23.737 11.0828 175 120971.0 933.5847 0.00154 0.0003645 
107000 509 223.183 8815.0 23.214 10.6609 177 122255.0 864.8336 0.001653 0.0003528 
108000 515 215.061 8935.0 22.541 10.3171 179 123500.0 832.2352 0.0016988 0.0005114 
109000 518 221.292 9068.0 23.854 10.5758 180 124947.0 845.7117 0.0016662 0.0005655 
110000 523 219.785 9203.0 24.111 10.5449 182 126342.0 862.2565 0.0017431 0.0004353 
111000 529 215.014 9298.0 23.457 10.2514 185 127427.0 768.032 0.0015939 0.0002621 
112000 533 217.397 9458.0 24.604 10.4036 186 129063.0 779.9288 0.0015332 0.0004371 
113000 537 219.996 9565.0 24.921 10.501 187 130209.0 794.6359 0.0016318 0.0003842 
114000 539 227.34 9682.0 25.709 10.8048 188 132187.0 824.8723 0.0016 0.000461 
115000 544 228.283 9750.0 25.066 10.885 190 132943.0 908.9766 0.0016685 0.0001887 
116000 548 230.282 9888.0 25.699 10.9391 191 134359.0 915.7789 0.0015809 0.0004608 
117000 553 225.402 9999.0 25.013 10.7617 193 135514.0 872.2109 0.001595 0.0004263 
118000 556 225.733 10146.0 25.346 10.7586 194 137091.0 884.6898 0.0015712 0.0003708 
119000 560 234.433 10253.0 26.78 11.1928 196 138278.0 895.3288 0.0013233 0.000167 
120000 564 235.115 10389.0 27.239 11.1833 197 139814.0 870.4959 0.0014732 0.000419 
121000 569 232.989 10488.0 26.816 11.1207 199 140849.0 894.6317 0.0014274 0.0003633 
122000 572 237.769 10618.0 27.515 11.3188 200 142406.0 946.8685 0.0015572 0.0004762 
123000 575 243.146 10734.0 28.074 11.8044 201 143944.0 1001.9816 0.0015177 0.0002068 
124000 581 234.884 10867.0 27.556 11.5846 203 145328.0 952.2351 0.0014217 0.0003385 
125000 585 231.308 11019.0 27.675 11.5922 204 147114.0 926.7116 0.0013907 0.0004087 
126000 589 238.826 11130.0 28.527 12.156 205 148300.0 980.7405 0.001405 0.0004144 
127000 591 246.782 11277.0 29.81 12.7431 207 150049.0 1021.2298 0.0011888 0.0002304 
128000 595 246.915 11383.0 29.598 12.8521 208 151775.0 1063.8068 0.001382 0.0004234 
129000 600 242.527 11519.0 29.337 12.7831 210 153310.0 1036.3135 0.0013163 0.000321 
130000 603 244.381 11649.0 29.502 13.0089 211 154637.0 1032.3822 0.0013041 0.0003788 
131000 607 247.797 11768.0 29.993 13.3047 213 156474.0 1036.1595 0.0011843 0.0002686 
132000 612 246.021 11898.0 30.237 13.3352 214 157819.0 1016.2436 0.0013975 0.0003289 
133000 617 240.574 12046.0 29.848 13.0987 216 159344.0 978.3873 0.0013736 0.0004153 
134000 621 238.654 12170.0 29.97 13.1166 217 160710.0 999.2486 0.0013931 0.0004331 
135000 625 239.612 12314.0 29.942 13.1872 219 162177.0 994.7213 0.0011702 0.0004218 
136000 630 235.007 12454.0 29.703 13.0559 220 163622.0 986.9492 0.0013734 0.0003819 
137000 636 230.174 12574.0 29.335 12.6771 222 164876.0 965.1589 0.001264 0.0003461 
138000 641 229.086 12698.0 28.962 12.4544 224 166801.0 972.8087 0.0013803 0.0003597 
139000 646 225.642 12849.0 29.029 12.1128 226 168347.0 935.005 0.0011628 0.0003506 
140000 649 231.657 12982.0 29.865 12.3535 227 170164.0 1002.2045 0.001317 0.0003064 
141000 652 233.32 13084.0 29.817 12.3158 228 171441.0 976.6841 0.0014262 0.0003541 
142000 655 242.413 13204.0 30.556 12.7248 229 173378.0 1026.7157 0.0013115 0.0002841 
143000 661 234.732 13306.0 29.172 12.1808 231 174443.0 1032.0697 0.0011332 0.0003574 
144000 666 230.587 13424.0 28.572 11.9472 233 175708.0 991.8064 0.0012594 0.0002812 
145000 669 235.531 13540.0 28.859 12.0812 234 177065.0 1013.3258 0.0012072 0.0003192 
146000 672 237.43 13699.0 29.263 12.1362 235 179352.0 1086.6932 0.0011997 0.0003568 
147000 675 243.448 13806.0 30.111 12.3662 236 181430.0 1153.8239 0.0011214 0.0003738 
148000 679 249.515 13932.0 31.198 12.6546 237 184136.0 1355.1415 0.0013355 0.0003429 
149000 682 250.944 14057.0 31.375 12.6363 238 185493.0 1344.3274 0.001223 0.0003564 
150000 687 249.493 14146.0 30.513 12.4947 240 186558.0 1264.1352 0.0014126 0.0003472 
151000 691 248.363 14315.0 31.206 12.4251 241 188315.0 1249.5216 0.001118 0.0003267 
152000 696 243.415 14430.0 30.386 12.0824 243 189740.0 1199.1425 0.0012718 0.0003389 
153000 699 247.326 14560.0 30.794 12.3035 244 191107.0 1199.9283 0.0012521 0.000273 
154000 703 247.813 14679.0 31.046 12.2204 245 192423.0 1175.6355 0.0012902 0.0003707 
155000 706 248.413 14872.0 31.706 12.2898 247 194451.0 1127.9947 0.0010783 0.0003385 
156000 709 254.475 14975.0 32.017 12.517 248 195548.0 1138.8952 0.0012535 0.0003567 
157000 712 256.961 15102.0 32.405 12.6361 249 197345.0 1172.7057 0.0012399 0.000375 
158000 715 258.321 15240.0 32.548 12.6591 250 199072.0 1196.1351 0.0012657 0.0003888 
159000 721 257.968 15333.0 32.614 12.6562 252 200277.0 1137.2995 0.0010691 0.0003682 
160000 725 254.891 15453.0 32.02 12.427 254 201513.0 1084.2426 0.0011806 0.0002985 
161000 727 264.13 15555.0 33.013 12.8471 254 202821.0 1084.2426 0.0012474 0.0003704 
162000 730 268.41 15677.0 33.479 13.0641 255 204158.0 1126.5183 0.0012572 0.000302 
163000 732 272.049 15849.0 33.91 13.2006 257 206007.0 1122.1098 0.0010455 0.0003448 
164000 735 274.165 15971.0 34.07 13.3293 258 207914.0 1132.5989 0.0010791 0.0003776 
165000 738 273.922 16097.0 34.203 13.259 259 209371.0 1195.039 0.0011886 0.0003727 
166000 742 283.399 16184.0 35.168 13.7342 260 210277.0 1214.2351 0.0012008 0.0003426 
167000 745 279.154 16372.0 35.219 13.4955 262 212345.0 1155.9604 0.0011948 0.000452 
168000 748 284.835 16472.0 35.562 13.8094 263 214082.0 1252.0644 0.0012303 0.000319 
169000 750 296.935 16532.0 36.609 14.3227 263 215250.0 1252.0644 0.0011415 0.0003381 
170000 754 292.241 16667.0 35.797 14.1029 265 216636.0 1285.2021 0.0011858 0.0003119 
171000 757 294.652 16813.0 37.024 14.191 266 218154.0 1280.5819 0.0011155 0.0004311 
172000 762 284.956 16968.0 35.876 13.7036 268 219749.0 1211.6014 0.0010747 0.0002908 
173000 766 285.417 17111.0 36.565 13.7288 269 221345.0 1216.1412 0.0011625 0.000289 
174000 769 286.743 17247.0 36.956 13.7416 270 222772.0 1194.2271 0.0011161 0.000289 
175000 774 280.388 17318.0 34.983 13.4775 272 225158.0 1292.944 0.0010533 0.0003319 
176000 777 282.685 17443.0 35.332 13.5282 273 226935.0 1341.3496 0.0010625 0.0001879 
177000 780 282.595 17587.0 35.338 13.5899 274 228632.0 1339.9146 0.0011997 0.0002396 
178000 783 282.667 17721.0 35.096 13.5403 275 230079.0 1307.6231 0.0011247 0.0002283 
179000 788 280.215 17838.0 35.385 13.4674 276 231325.0 1303.6608 0.0010142 0.0003577 
180000 790 288.003 17992.0 36.845 13.7807 277 233153.0 1320.9947 0.0010212 0.0003374 
181000 792 286.254 18123.0 35.897 13.6745 278 234741.0 1328.5953 0.0009873 0.0003314 
182000 795 290.71 18235.0 36.287 13.9134 279 236638.0 1416.4357 0.0010602 0.0002764 
183000 799 286.222 18383.0 36.116 13.6598 281 238315.0 1280.343 0.0010167 0.0003388 
184000 803 291.562 18512.0 37.595 13.9343 282 239681.0 1292.0087 0.0010911 0.0003312 
185000 807 288.165 18624.0 36.964 13.7404 283 242337.0 1285.5078 0.0010675 0.0003289 
186000 809 296.717 18743.0 37.793 14.2114 284 243585.0 1429.657 0.0010855 0.0003511 
187000 814 288.644 18880.0 36.774 13.7731 286 245311.0 1301.1522 0.0010169 0.0003648 
188000 816 292.867 18974.0 36.279 14.0356 287 246539.0 1364.737 0.0010372 0.0002883 
189000 819 295.078 19109.0 36.726 14.1007 288 248186.0 1390.9633 0.000993 0.0003148 
190000 822 296.665 19247.0 37.045 14.2268 289 250253.0 1444.5669 0.0011254 0.000313 
191000 825 301.413 19339.0 37.491 14.5852 290 252041.0 1503.1102 0.0010929 0.0003747 
192000 827 311.459 19509.0 39.836 15.3491 291 254109.0 1476.4992 0.0011699 0.0003795 
193000 831 307.31 19571.0 38.094 15.3213 292 254765.0 1471.5493 0.0010098 0.0002359 
194000 833 310.756 19712.0 38.9 15.6626 293 256853.0 1399.0944 0.0010016 0.000281 
195000 837 309.135 19813.0 38.175 15.8017 294 258760.0 1483.9849 0.0009587 0.0003009 
196000 840 311.388 19941.0 38.596 16.0354 295 260537.0 1506.2864 0.0011953 0.0003207 
197000 842 319.128 20046.0 39.128 16.628 296 261645.0 1523.3578 0.0009388 0.000249 
198000 845 317.99 20175.0 39.174 16.6507 297 263232.0 1500.722 0.0009798 0.0003195 
199000 851 300.135 20267.0 36.149 15.8932 300 264237.0 1274.4433 0.0010053 0.0003356 
200000 854 301.04 20395.0 36.201 16.0029 301 265624.0 1270.699 0.0010689 0.0003077 
201000 858 300.264 20526.0 36.679 16.1135 302 267430.0 1310.3291 0.0009747 0.0002735 
202000 861 302.733 20669.0 37.454 16.3818 303 269557.0 1277.9962 0.0009848 0.0002972 
203000 865 296.391 20792.0 36.721 16.0837 304 270854.0 1348.9966 0.0009721 0.0003221 
204000 869 295.077 20920.0 36.556 16.1661 306 273250.0 1425.7172 0.0010208 0.0002992 
205000 869 295.077 21053.0 36.556 16.1661 306 275630.0 1425.7172 0.0010151 0.0003623 
206000 875 297.019 21131.0 36.081 16.0431 308 276464.0 1441.161 0.0009864 0.000225 
207000 876 298.939 21304.0 36.779 16.0759 309 278594.0 1372.0449 0.0009961 0.0003296 
208000 879 303.424 21428.0 37.002 16.1355 310 280691.0 1420.5404 0.0011289 0.000332 
209000 882 305.333 21561.0 37.479 16.1703 311 282798.0 1546.1863 0.001012 0.0002962 
210000 885 313.106 21622.0 37.696 16.3795 312 283475.0 1532.2677 0.0009837 0.00022 
211000 889 307.124 21752.0 37.587 16.0417 313 284842.0 1454.9409 0.0009843 0.0003469 
212000 893 304.13 21901.0 37.375 15.7384 315 286498.0 1401.2322 0.0010062 0.0002635 
213000 897 303.33 22035.0 37.74 15.6567 316 288734.0 1468.8089 0.0009992 0.0002812 
214000 900 304.015 22162.0 37.803 15.5721 317 291361.0 1570.628 0.0008574 0.0002117 
215000 903 305.597 22293.0 38.36 15.6464 318 292959.0 1537.4652 0.0010481 0.0003168 
216000 907 302.578 22403.0 37.525 15.3632 320 294455.0 1486.5768 0.0010762 0.0003293 
217000 909 308.464 22543.0 38.79 15.6651 320 296273.0 1486.5768 0.000939 0.0003141 
218000 912 311.352 22673.0 39.068 15.6882 321 298110.0 1519.6192 0.0009503 0.0002415 
219000 914 317.919 22802.0 39.898 16.0285 322 299529.0 1559.4572 0.0009685 0.0003343 
220000 916 312.158 22956.0 38.807 15.7226 323 302057.0 1573.2115 0.0009817 0.0002651 
221000 919 314.889 23070.0 39.234 15.7555 324 303394.0 1637.5904 0.0009137 0.0002667 
222000 922 320.403 23172.0 39.331 16.0292 325 304521.0 1622.5313 0.0008607 0.0002658 
223000 924 335.411 23329.0 42.646 16.6725 326 307550.0 1619.2782 0.0010549 0.0002979 
224000 926 331.377 23452.0 41.354 16.5054 327 309068.0 1716.0504 0.0010077 0.0003284 
225000 929 336.618 23533.0 41.35 16.6595 328 309945.0 1704.1453 0.0008958 0.000293 
226000 932 332.765 23699.0 41.351 16.5151 329 311942.0 1688.4308 0.0009061 0.0003421 
227000 934 345.29 23859.0 44.565 17.0254 330 314591.0 1669.5877 0.0010372 0.0002765 
228000 937 345.33 23987.0 44.53 17.0539 331 316298.0 1725.329 0.0009902 0.0002824 
229000 939 339.607 24124.0 43.021 16.737 332 317996.0 1721.4961 0.0009457 0.0002376 
230000 943 343.392 24247.0 44.44 16.8927 333 319922.0 1722.0465 0.000822 0.0002308 
231000 948 330.846 24378.0 42.736 16.2047 335 321728.0 1730.1776 0.0009677 0.0003007 
232000 952 324.618 24533.0 42.378 15.8878 336 324734.0 1634.8599 0.000967 0.0002846 
233000 955 324.389 24662.0 42.167 15.8613 337 326091.0 1717.0739 0.0009334 0.0002698 
234000 959 319.915 24778.0 41.572 15.5775 338 327557.0 1704.0665 0.0009457 0.0002444 
235000 963 315.057 24921.0 41.217 15.358 340 331274.0 1496.6239 0.0009741 0.0002292 
236000 965 321.838 25059.0 42.179 15.6408 341 333302.0 1718.6615 0.0009057 0.0001888 
237000 968 320.159 25188.0 42.081 15.5885 342 334889.0 1745.4953 0.0008274 0.0002022 
238000 973 304.153 25312.0 38.891 14.778 344 336404.0 1575.5812 0.0008084 0.0002034 
239000 975 314.351 25468.0 41.723 15.282 345 338913.0 1607.0231 0.0009868 0.0002807 
240000 978 318.382 25615.0 42.403 15.4084 346 341090.0 1633.0208 0.0009604 0.000276 
241000 981 322.751 25753.0 43.093 15.6456 347 343757.0 1683.4187 0.0009807 0.0002704 
242000 984 323.435 25858.0 42.655 15.6306 348 344874.0 1791.7768 0.0008986 0.0002786 
243000 987 319.726 26004.0 42.651 15.4415 349 346662.0 1730.4992 0.0009505 0.0002479 
244000 991 318.548 26130.0 42.12 15.3927 351 348458.0 1727.8343 0.0008963 0.0001909 
245000 994 316.272 26283.0 42.095 15.2219 352 350295.0 1712.7509 0.0008688 0.0002289 
246000 997 316.316 26414.0 41.915 15.2753 353 352302.0 1730.1758 0.0008748 0.0002455 
247000 1001 313.776 26547.0 41.931 15.0859 355 354199.0 1621.8424 0.0008354 0.0002246 
248000 1004 312.483 26699.0 41.8 15.0911 356 356106.0 1618.3582 0.0008623 0.0002069 
249000 1008 309.977 26825.0 41.445 14.8927 357 357862.0 1628.2223 0.0008985 0.0002472 
250000 1010 307.246 27000.0 41.277 14.7974 358 360030.0 1598.1001 0.0009154 0.0002807 
251000 1014 306.949 27161.0 41.752 14.7633 360 361897.0 1506.7611 0.0008903 0.0001973 
252000 1017 309.289 27285.0 41.931 14.8974 361 363914.0 1573.785 0.0008261 0.0001623 
253000 1020 309.894 27426.0 41.963 14.8936 362 366181.0 1628.1065 0.0008166 0.0001573 
254000 1023 310.64 27574.0 42.264 14.8827 363 368668.0 1709.9958 0.0007924 0.0001756 
255000 1027 304.18 27709.0 41.407 14.5963 365 370705.0 1572.3966 0.0009059 0.0002169 
256000 1030 308.468 27829.0 41.76 14.7418 366 372962.0 1669.857 0.000819 0.0002112 
257000 1033 309.597 27969.0 41.977 14.8522 367 374709.0 1676.5713 0.0008277 0.0002542 
258000 1036 316.247 28045.0 42.179 15.3886 368 375807.0 1681.7141 0.0008346 0.000249 
259000 1038 319.359 28169.0 42.92 15.6842 368 377145.0 1681.7141 0.0008874 0.000237 
260000 1040 329.183 28316.0 44.12 16.4195 369 380693.0 1647.2427 0.0008582 0.0001939 
261000 1043 330.453 28445.0 44.144 16.612 370 382410.0 1837.2185 0.000826 0.000231 
262000 1046 331.192 28571.0 44.084 16.8664 372 384388.0 1839.7769 0.0006821 0.0002393 
263000 1049 329.736 28706.0 43.933 16.8879 373 386555.0 1864.4993 0.0008473 0.0001837 
264000 1052 331.074 28841.0 44.103 17.1714 374 388332.0 1863.7493 0.0007973 0.0002788 
265000 1055 329.298 28990.0 44.142 17.1969 375 389969.0 1829.0744 0.000838 0.0002164 
266000 1059 324.491 29163.0 44.353 17.0873 377 392426.0 1732.3803 0.000798 0.0001295 
267000 1062 325.535 29299.0 44.358 17.3061 378 394133.0 1729.8422 0.0008526 0.0002274 
268000 1064 329.67 29438.0 45.328 17.5939 378 395851.0 1729.8422 0.0008625 0.0002152 
269000 1069 315.742 29576.0 42.903 16.9983 380 397316.0 1641.4022 0.0007837 0.0002714 
270000 1073 313.351 29708.0 42.791 16.9295 382 398933.0 1536.2658 0.0008281 0.0001157 
271000 1076 313.969 29835.0 42.593 17.1099 383 402410.0 1722.3392 0.0008129 0.0002058 
272000 1079 316.113 29955.0 42.604 17.0554 384 404427.0 1762.8053 0.0008325 0.0002017 
273000 1082 317.239 30087.0 42.634 17.0382 385 406664.0 1810.2248 0.0007753 0.0002032 
274000 1086 310.13 30220.0 41.631 16.5029 387 408101.0 1585.7121 0.0007484 7.56e-05 
275000 1089 308.809 30377.0 41.546 16.3884 388 410098.0 1592.8409 0.0007719 0.0001937 
276000 1092 310.782 30509.0 41.835 16.3334 389 412425.0 1676.2568 0.0007669 0.0001502 
277000 1095 310.418 30653.0 41.777 16.2922 390 414202.0 1667.3311 0.0007644 0.000213 
278000 1099 307.888 30756.0 41.17 15.9973 392 416159.0 1559.9682 0.0007602 9.32e-05 
279000 1102 309.053 30882.0 41.151 16.01 393 417756.0 1562.6714 0.0007845 0.0001746 
280000 1105 308.11 31019.0 40.782 15.8741 394 419233.0 1523.1042 0.0008449 0.000217 
281000 1108 302.511 31181.0 40.101 15.5121 395 422980.0 1611.4938 0.0007893 0.000254 
282000 1112 306.989 31285.0 40.901 15.6733 397 424437.0 1586.14 0.000578 8.45e-05 
283000 1115 309.001 31408.0 41.033 15.6881 398 426094.0 1602.226 0.0008005 0.0001902 
284000 1116 320.201 31537.0 42.893 16.2343 398 427923.0 1602.226 0.0008311 0.000218 
285000 1118 315.783 31671.0 41.37 15.9821 399 430361.0 1640.7034 0.0007916 0.0002443 
286000 1122 323.263 31824.0 43.134 16.308 401 431998.0 1679.0997 0.0006376 8.97e-05 
287000 1125 323.688 31947.0 43.027 16.2193 402 433955.0 1709.8898 0.0007911 0.0001798 
288000 1128 327.393 32060.0 43.224 16.3993 403 435822.0 1752.6008 0.0007986 0.0002139 
289000 1130 333.01 32202.0 44.298 16.6051 403 438110.0 1752.6008 0.0008093 0.0001973 
290000 1132 337.184 32352.0 44.863 16.8106 405 439929.0 1770.7366 0.0007018 0.0001037 
291000 1135 338.299 32457.0 44.634 16.7824 406 441316.0 1752.363 0.0006775 0.0001484 
292000 1138 338.573 32588.0 44.75 16.7619 407 442963.0 1752.8267 0.0007006 0.000183 
293000 1141 339.392 32722.0 44.762 16.7714 408 444450.0 1729.244 0.0007416 0.0002268 
294000 1144 335.038 32874.0 44.273 16.494 409 446068.0 1676.1196 0.000647 0.0001223 
295000 1147 335.532 33000.0 44.361 16.537 410 447755.0 1691.2076 0.0007661 0.0001595 
296000 1150 337.252 33107.0 44.349 16.5524 411 449342.0 1708.7869 0.0007514 0.0001489 
297000 1153 336.952 33250.0 44.49 16.5493 412 451779.0 1781.6082 0.0007138 0.0001742 
298000 1157 326.769 33443.0 43.888 16.0063 414 453826.0 1591.9326 0.0005395 0.0001061 
299000 1160 324.523 33598.0 43.733 15.9409 415 456303.0 1645.4394 0.0006977 0.0001446 
300000 1163 323.022 33742.0 43.467 15.7991 416 458080.0 1611.5954 0.0007124 0.0001841 
301000 1166 324.027 33874.0 43.562 15.8234 417 461057.0 1777.1359 0.0006948 0.0001494 
302000 1170 321.342 34015.0 43.738 15.6719 419 462854.0 1650.1101 0.0004992 0.0001576 
303000 1173 314.942 34175.0 42.812 15.3194 420 465501.0 1576.7991 0.000707 0.0001906 
304000 1176 314.562 34330.0 42.994 15.3266 421 468248.0 1659.8192 0.0007006 0.0001777 
305000 1179 316.267 34473.0 43.33 15.3422 422 470405.0 1762.5372 0.0006412 0.0001679 
306000 1183 317.7 34589.0 43.739 15.4229 424 471882.0 1701.6852 0.0005501 0.0001245 
307000 1186 314.385 34746.0 43.152 15.2156 425 474179.0 1640.2167 0.000661 0.0002171 
308000 1189 315.25 34889.0 43.364 15.2961 426 477006.0 1758.895 0.0006009 0.0001882 
309000 1192 314.713 35030.0 43.435 15.2157 427 479373.0 1810.7055 0.0006299 0.000208 
310000 1196 314.315 35134.0 42.917 15.2298 429 480830.0 1703.9014 0.0005282 0.0001388 
311000 1199 315.852 35267.0 43.124 15.2475 430 482507.0 1710.2113 0.0006022 0.0001251 
312000 1202 315.246 35431.0 43.398 15.2325 431 484614.0 1727.8902 0.0006809 0.0001527 
313000 1205 316.728 35567.0 43.574 15.2774 432 486941.0 1797.8012 0.0006306 0.0001647 
314000 1209 311.068 35734.0 43.327 14.9838 434 488908.0 1630.9489 0.0005436 0.0001889 
315000 1214 304.732 35843.0 42.372 14.6958 435 490173.0 1590.554 0.0006346 0.0002498 
316000 1215 308.937 35992.0 42.465 14.8685 436 493712.0 1708.1986 0.0007568 0.0001935 
317000 1220 308.871 36111.0 42.829 14.8683 437 495177.0 1734.0788 0.0007134 0.0001539 
318000 1222 309.648 36307.0 43.504 14.8687 439 497456.0 1646.7338 0.0005791 0.0001634 
319000 1226 309.823 36450.0 44.064 14.9161 440 499512.0 1686.7604 0.0005767 0.0001728 
320000 1228 305.699 36602.0 43.031 14.6928 441 501730.0 1622.7844 0.0006113 0.0001945 
321000 1231 310.433 36717.0 43.235 14.9511 442 503177.0 1673.2059 0.0005963 0.0001805 
322000 1236 307.264 36866.0 43.627 14.7285 444 504933.0 1577.4268 0.0005885 0.0002056 
323000 1238 307.937 37027.0 43.338 14.7828 445 506951.0 1577.3841 0.0006926 0.0001888 
324000 1241 314.018 37099.0 43.365 15.237 446 508068.0 1601.3457 0.0007269 0.0001766 
325000 1243 314.271 37204.0 43.76 15.4243 446 510966.0 1601.3457 0.0007352 0.0002209 
326000 1247 312.019 37357.0 42.371 15.5066 448 512753.0 1663.52 0.0006812 0.0002174 
327000 1250 311.087 37507.0 42.378 15.6654 449 514590.0 1675.868 0.0006728 0.0001895 
328000 1253 314.314 37611.0 42.404 15.964 450 515747.0 1658.9812 0.0007098 0.0002029 
329000 1256 313.965 37763.0 42.43 16.1269 451 517644.0 1634.7831 0.0007 0.0002193 
330000 1259 321.307 37875.0 43.666 16.746 452 519082.0 1669.2048 0.0006763 0.0002566 
331000 1261 317.444 38042.0 43.214 16.5778 453 523120.0 1767.9843 0.0006771 0.0001818 
332000 1264 319.208 38176.0 43.247 16.7999 454 525117.0 1816.8859 0.000621 0.0001747 
333000 1267 323.896 38285.0 43.4 17.1834 455 526464.0 1840.8973 0.0005937 0.0001565 
334000 1271 322.682 38401.0 43.71 17.2896 456 528121.0 1866.6076 0.000553 0.0001997 
335000 1276 307.482 38558.0 41.371 16.5117 458 529776.0 1659.5821 0.0005671 0.0001459 
336000 1278 320.764 38617.0 42.383 17.3876 458 531164.0 1659.5821 0.00068 0.0001784 
337000 1282 314.317 38716.0 40.815 17.1851 460 532820.0 1696.7915 0.0006868 0.0001307 
338000 1285 315.205 38879.0 41.467 17.0577 461 534628.0 1656.1124 0.0005211 0.0002227 
339000 1288 318.051 39019.0 42.072 17.1424 462 536505.0 1602.2011 0.0006136 0.0001838 
340000 1289 316.67 39150.0 41.211 17.0278 463 538944.0 1579.681 0.0006785 0.0002125 
341000 1293 323.344 39246.0 41.895 17.1458 464 539980.0 1670.4129 0.0006477 0.0001695 
342000 1297 317.472 39411.0 41.761 16.7587 466 543067.0 1650.2645 0.0005802 0.000226 
343000 1299 317.277 39556.0 41.39 16.659 467 545225.0 1623.938 0.0007344 0.0002122 
344000 1302 323.58 39642.0 41.769 16.9185 468 546522.0 1701.2442 0.0007001 0.0002035 
345000 1306 319.511 39777.0 41.727 16.5728 469 549248.0 1779.8198 0.0006177 0.0001958 
346000 1309 313.349 39964.0 41.146 16.2695 471 552036.0 1603.584 0.0007397 0.0002679 
347000 1312 314.32 40104.0 41.435 16.1764 472 554443.0 1684.9256 0.0005847 0.0001906 
348000 1315 315.63 40240.0 41.671 16.1826 473 556810.0 1756.1331 0.0005875 0.000197 
349000 1318 317.336 40374.0 41.93 16.2021 474 559127.0 1823.2198 0.0005371 0.0001784 
350000 1322 320.436 40515.0 43.37 16.2913 475 560974.0 1883.6978 0.0005379 0.0001948 
351000 1324 315.52 40667.0 42.3 15.9976 476 562862.0 1859.028 0.0006172 0.0002053 
352000 1329 310.417 40765.0 41.47 15.6093 477 563967.0 1811.8252 0.0006555 0.0002156 
353000 1333 307.984 40909.0 41.328 15.4646 479 565523.0 1686.2084 0.0006036 0.0001878 
354000 1334 313.865 41123.0 42.962 15.7092 480 568673.0 1729.5876 0.0006153 0.000259 
355000 1337 317.05 41241.0 43.085 15.848 481 569920.0 1709.3288 0.0005669 0.0002012 
356000 1340 318.198 41373.0 43.204 15.8187 482 571387.0 1691.0959 0.0005516 0.0001741 
357000 1343 317.629 41516.0 43.122 15.831 483 573874.0 1693.6863 0.0005163 0.0001586 
358000 1345 322.847 41670.0 44.34 16.012 484 577213.0 1811.2177 0.0005059 0.000225 
359000 1348 327.936 41778.0 44.527 16.2706 485 578360.0 1885.7959 0.0005568 0.0001746 
360000 1351 328.459 41908.0 44.524 16.1933 486 580927.0 1963.9163 0.0005322 0.0001342 
361000 1354 329.171 42038.0 44.539 16.2352 487 582564.0 1938.2247 0.0005446 0.0001633 
362000 1355 336.328 42218.0 46.088 16.5459 488 585954.0 1936.4022 0.0005378 0.0001929 
363000 1358 336.625 42345.0 45.936 16.4796 489 587911.0 1967.462 0.0005077 0.0002094 
364000 1361 336.638 42479.0 45.734 16.5063 490 590168.0 1969.4158 0.0004744 0.0001591 
365000 1364 337.324 42609.0 45.76 16.4467 491 592435.0 2033.1742 0.0005527 0.0001711 
366000 1367 334.056 42760.0 45.664 16.3312 492 594873.0 2064.6568 0.0006684 0.0002775 
367000 1371 332.189 42881.0 45.629 16.1626 493 596429.0 2049.8911 0.0006639 0.0002149 
368000 1375 331.122 42998.0 45.452 16.1215 494 598095.0 1993.602 0.0006344 0.0001767 
369000 1378 331.546 43125.0 45.405 16.0854 495 600282.0 1959.9418 0.0006259 0.0001747 
370000 1380 327.047 43313.0 44.968 15.876 497 602671.0 1853.3829 0.0005652 0.0002445 
371000 1383 328.885 43446.0 44.883 15.9579 498 604918.0 1853.7446 0.0005776 0.0002224 
372000 1386 328.437 43589.0 44.919 15.8859 499 607635.0 1927.0701 0.0005521 0.0002096 
373000 1390 332.784 43717.0 46.298 16.0967 500 609221.0 1965.0631 0.0005925 0.0001893 
374000 1394 324.663 43761.0 43.214 15.7355 501 609728.0 1920.3568 0.0006386 0.000261 
375000 1397 327.865 43899.0 43.756 15.8444 502 612815.0 1937.0211 0.000711 0.0002332 
376000 1399 332.075 44034.0 44.701 16.0417 503 615253.0 1900.019 0.0006117 0.0001943 
377000 1402 332.311 44174.0 44.829 16.0667 504 616990.0 1954.7171 0.0006139 0.0001859 
378000 1405 321.424 44323.0 42.708 15.5094 506 619478.0 1755.6509 0.000673 0.0002914 
379000 1408 322.227 44452.0 42.695 15.6051 507 621685.0 1810.7858 0.0005667 0.0002091 
380000 1411 323.004 44591.0 42.765 15.5848 508 623312.0 1855.4072 0.0005488 0.0002069 
381000 1414 321.534 44728.0 42.728 15.5067 509 625989.0 1822.5665 0.0005722 0.000242 
382000 1417 322.623 44863.0 42.984 15.5707 510 627677.0 1914.1098 0.0005974 0.000236 
383000 1421 323.474 44964.0 42.914 15.6476 511 629123.0 1887.3988 0.0005877 0.0001928 
384000 1423 325.025 45096.0 42.529 15.671 512 631441.0 1849.359 0.0005292 0.0001655 
385000 1426 328.187 45222.0 42.759 15.7783 513 633198.0 1946.1231 0.0004955 0.0001763 
386000 1431 323.379 45322.0 42.427 15.5607 515 634314.0 1782.1697 0.0006167 0.0001762 
387000 1434 316.58 45519.0 41.868 15.2018 516 636391.0 1706.6527 0.0006153 0.0002031 
388000 1438 317.054 45621.0 42.008 15.2783 517 638307.0 1697.6874 0.000655 0.0001729 
389000 1440 313.165 45768.0 41.248 15.0627 518 641575.0 1768.6187 0.0005553 0.0001916 
390000 1444 320.327 45905.0 43.247 15.4284 519 643292.0 1831.5568 0.0005768 0.0002434 
391000 1447 322.948 46048.0 43.56 15.7591 520 646209.0 1819.1011 0.0006279 0.0001712 
392000 1449 321.313 46159.0 42.055 15.8211 521 647377.0 1931.891 0.0005937 0.0001345 
393000 1451 334.927 46202.0 43.197 16.7716 521 648465.0 1931.891 0.000599 0.0001647 
394000 1454 335.574 46377.0 44.002 16.9395 523 650443.0 1795.2617 0.0007075 0.0002189 
395000 1456 331.512 46503.0 42.376 16.8221 524 652041.0 1775.4356 0.0005853 0.0001863 
396000 1459 333.523 46627.0 42.58 17.1016 525 653588.0 1772.592 0.0005629 0.000173 
397000 1462 339.116 46702.0 42.829 17.6074 526 654445.0 1777.0328 0.0006147 0.0001487 
398000 1464 347.186 46882.0 45.437 18.161 527 657374.0 1712.3295 0.0006266 0.0002118 
399000 1468 341.895 47017.0 44.682 18.0623 528 660000.0 1765.7966 0.0006401 0.0002244 
400000 1470 345.482 47161.0 45.632 18.3862 529 662538.0 1851.9169 0.0006115 0.0001909 
401000 1474 340.862 47291.0 44.788 18.2251 530 664764.0 1920.4252 0.000586 0.0001515 
402000 1478 331.945 47421.0 43.583 17.8934 532 667631.0 1755.9744 0.0006537 0.0002061 
403000 1481 332.717 47546.0 43.688 17.9949 533 669848.0 1865.077 0.0006102 0.0001536 
404000 1484 333.543 47676.0 43.746 18.1804 534 672065.0 1900.2693 0.0006183 0.0001937 
405000 1488 326.201 47800.0 42.522 17.6342 536 673421.0 1863.4481 0.0005261 0.0001093 
406000 1492 319.867 47957.0 42.172 17.2075 538 675678.0 1726.293 0.0006735 0.0001767 
407000 1495 321.0 48085.0 42.298 17.1118 539 677065.0 1699.3637 0.0006166 0.0001325 
408000 1498 322.451 48218.0 42.527 17.11 540 679402.0 1771.1273 0.0005431 0.0001554 
409000 1500 327.897 48359.0 43.59 17.2541 540 681730.0 1771.1273 0.0005797 0.0001364 
410000 1503 326.944 48509.0 43.842 17.1477 542 683368.0 1652.9431 0.0006397 0.0002009 
411000 1506 330.238 48646.0 44.177 17.1687 543 684885.0 1642.3488 0.0006444 0.0002016 
412000 1508 323.607 48781.0 42.408 16.7899 544 686653.0 1629.8139 0.0005983 0.000186 
413000 1511 324.348 48919.0 42.624 16.8 545 689130.0 1650.5325 0.0005521 0.0001881 
414000 1514 334.51 49061.0 45.309 17.1267 546 690878.0 1732.3793 0.000729 0.0002094 
415000 1519 323.601 49163.0 42.903 16.5496 548 693363.0 1790.7572 0.0006615 0.0001522 
416000 1522 318.653 49331.0 42.388 16.2215 549 695910.0 1798.3815 0.0007044 0.0001802 
417000 1525 322.297 49433.0 42.397 16.3586 550 697417.0 1800.2433 0.0006646 0.0001495 
418000 1528 326.766 49583.0 43.798 16.4741 551 701005.0 1691.219 0.0006386 0.0001529 
419000 1530 333.196 49728.0 44.904 16.7878 552 703453.0 1859.7971 0.0006514 0.0002199 
420000 1533 333.59 49858.0 44.902 16.7105 553 705760.0 1918.5174 0.0005299 0.0001573 
421000 1536 333.714 49999.0 45.099 16.7302 554 708657.0 1965.3657 0.0005253 0.0001708 
422000 1539 333.643 50129.0 44.998 16.6413 555 710285.0 2050.7291 0.0005832 0.0001733 
423000 1542 334.175 50263.0 44.979 16.6722 556 712932.0 2008.3562 0.0005588 0.0001475 
424000 1544 340.167 50403.0 45.798 16.8732 557 718100.0 2072.2206 0.0006061 0.0001877 
425000 1547 339.923 50539.0 45.997 16.8271 558 720467.0 2383.6985 0.000553 0.0001794 
426000 1551 333.165 50663.0 44.788 16.4718 560 722584.0 2350.7058 0.0006273 0.0001809 
427000 1554 330.873 50829.0 44.785 16.2952 561 725641.0 2392.3352 0.0005152 0.0001491 
428000 1557 331.472 50956.0 44.783 16.3332 562 727828.0 2381.8017 0.0004751 0.0001848 
429000 1560 331.613 51091.0 44.807 16.2675 563 730105.0 2374.3215 0.0005097 0.0001532 
430000 1564 327.049 51223.0 44.22 16.0896 565 732742.0 2203.8004 0.000582 0.0001068 
431000 1567 324.653 51385.0 44.215 15.8936 566 735279.0 2210.1204 0.0005378 0.0001135 
432000 1570 323.738 51540.0 44.249 15.8917 567 738136.0 2256.8084 0.0005286 0.0001277 
433000 1574 321.615 51669.0 44.134 15.6957 569 740243.0 2061.7448 0.0005503 9.84e-05 
434000 1577 318.637 51824.0 43.765 15.595 570 742050.0 1996.2703 0.0006084 0.0001388 
435000 1580 322.394 51926.0 43.924 15.7189 571 744567.0 2088.3433 0.0006396 0.000154 
436000 1582 326.967 52066.0 44.913 15.9291 571 747355.0 2088.3433 0.0005143 0.0001423 
437000 1587 317.163 52207.0 43.399 15.4195 574 748921.0 1900.0792 0.0005058 0.0001216 
438000 1590 318.589 52329.0 43.227 15.4406 575 750898.0 1907.7713 0.0007179 0.0002063 
439000 1592 324.059 52452.0 43.933 15.7238 575 752456.0 1907.7713 0.0006298 0.0001713 
440000 1595 324.178 52585.0 43.96 15.6822 576 754883.0 1872.6942 0.0005119 0.0001357 
441000 1600 313.232 52714.0 42.202 15.1841 579 756439.0 1703.9111 0.0004929 7.26e-05 
442000 1603 309.798 52888.0 41.932 14.9721 580 758876.0 1713.22 0.0005845 0.0001704 
443000 1606 308.953 53014.0 41.387 14.9602 581 760523.0 1661.598 0.0005868 0.0001381 
444000 1609 306.893 53153.0 41.068 14.8438 582 762600.0 1631.1382 0.0004978 0.0001102 
445000 1613 311.563 53252.0 41.895 15.0872 584 764657.0 1674.6519 0.000496 5.82e-05 
446000 1615 318.893 53378.0 42.846 15.3855 584 767145.0 1674.6519 0.0005654 0.0001458 
447000 1618 318.897 53507.0 42.858 15.4025 585 769842.0 1762.8867 0.0005247 0.0001524 
448000 1620 327.655 53659.0 44.074 15.7942 586 772400.0 1873.298 0.000523 0.0001176 
449000 1623 327.222 53799.0 44.138 15.722 588 774708.0 1950.1014 0.0005378 9.7e-05 
450000 1626 321.125 53965.0 43.18 15.506 589 776705.0 1868.7913 0.0005748 0.0001988 
451000 1629 323.353 54084.0 43.273 15.5407 590 778862.0 1915.6121 0.0005078 0.0001166 
452000 1632 326.161 54195.0 43.478 15.7161 591 780749.0 1948.7509 0.0005027 0.0001283 
453000 1636 321.688 54319.0 42.951 15.4543 593 782716.0 1781.0183 0.0003921 5.62e-05 
454000 1639 322.856 54447.0 43.077 15.5459 594 785303.0 1871.6164 0.000588 0.0001082 
455000 1642 325.079 54576.0 43.198 15.5758 595 786930.0 1856.1548 0.0006257 0.0001597 
456000 1645 325.288 54714.0 43.308 15.6368 596 789127.0 1890.2393 0.0005704 0.0001728 
457000 1647 329.134 54877.0 44.3 15.7865 597 792136.0 1977.1154 0.0004327 7.72e-05 
458000 1650 326.29 55047.0 44.155 15.8073 598 794233.0 1946.1038 0.0005471 9.86e-05 
459000 1653 325.753 55188.0 44.094 15.9792 599 796690.0 1984.1935 0.0005505 0.0001353 
460000 1656 327.46 55310.0 44.21 16.3048 600 799267.0 2066.4741 0.0005568 0.0001454 
461000 1660 322.836 55426.0 43.454 16.2381 602 801734.0 1919.274 0.0004518 6.34e-05 
462000 1663 326.289 55532.0 43.548 16.6408 603 803711.0 1957.0466 0.0005522 0.0001157 
463000 1666 326.211 55672.0 43.675 16.7892 604 806208.0 2011.042 0.0005233 0.0001076 
464000 1669 316.909 55854.0 42.4 16.3931 605 808715.0 1879.6378 0.0005073 0.0001179 
465000 1673 317.718 55958.0 42.558 16.6585 607 812792.0 2021.5366 0.0005001 0.0001764 
466000 1677 315.117 56076.0 42.176 16.6207 608 814278.0 1959.0829 0.0005981 0.0001711 
467000 1681 310.742 56214.0 41.722 16.5644 609 815864.0 1841.8746 0.0005774 0.0001614 
468000 1684 311.453 56353.0 41.997 16.6555 610 818171.0 1784.3872 0.0005335 0.0001307 
469000 1688 303.573 56512.0 40.906 16.376 612 820058.0 1794.7836 0.0003735 6.85e-05 
470000 1691 305.835 56646.0 41.27 16.5621 613 822405.0 1860.0053 0.0005003 7.87e-05 
471000 1692 315.358 56762.0 43.225 17.1972 613 824984.0 1860.0053 0.0004919 0.0001134 
472000 1696 318.168 56907.0 42.974 17.2854 614 828630.0 1971.7047 0.0004839 0.000106 
473000 1698 320.584 57080.0 43.673 17.2981 616 830679.0 2074.6108 0.0004022 0.0001446 
474000 1702 315.447 57247.0 43.755 16.856 617 832825.0 1988.8497 0.0005972 0.0002066 
475000 1704 315.384 57394.0 43.256 16.8498 618 835293.0 1959.6648 0.0004805 0.0001568 
476000 1707 315.87 57541.0 43.442 16.7129 619 837880.0 2045.3983 0.0004427 0.0001459 
477000 1711 317.032 57657.0 43.667 16.6776 621 839157.0 1904.4026 0.0003299 8.95e-05 
478000 1714 318.036 57792.0 43.788 16.5922 622 841424.0 1945.6624 0.0004437 7.89e-05 
479000 1717 315.665 57951.0 43.54 16.4199 623 843931.0 1940.7961 0.0004676 0.0001306 
480000 1720 317.874 58086.0 43.866 16.4273 624 846488.0 2036.4165 0.0004856 0.0001374 
481000 1723 319.417 58225.0 44.152 16.4462 625 848836.0 2081.5749 0.0003957 8.4e-05 
482000 1726 320.583 58352.0 44.171 16.4169 626 851023.0 2101.1174 0.0005657 0.0001097 
483000 1729 321.894 58484.0 44.321 16.4024 627 853930.0 2192.7056 0.0005023 0.0001224 
484000 1732 322.136 58631.0 44.464 16.3761 628 856817.0 2258.1351 0.0004499 0.0001143 
485000 1734 327.501 58796.0 45.527 16.5493 629 859856.0 2315.2216 0.0003997 0.0001243 
486000 1737 325.611 58946.0 45.312 16.465 630 862083.0 2261.3994 0.00042 9.12e-05 
487000 1740 325.363 59093.0 45.336 16.3646 631 864560.0 2275.9595 0.0005067 0.0001847 
488000 1743 329.474 59185.0 45.403 16.5408 632 866647.0 2330.0635 0.0005798 0.0001395 
489000 1746 327.505 59355.0 45.502 16.3606 633 869685.0 2370.8572 0.0003696 8.11e-05 
490000 1749 328.316 59489.0 45.557 16.41 634 872292.0 2406.4715 0.0004424 0.0001076 
491000 1752 330.96 59596.0 45.625 16.4485 635 874669.0 2439.5243 0.0004595 0.0001046 
492000 1755 332.024 59722.0 45.672 16.5044 636 877326.0 2477.2719 0.0005056 0.0001231 
493000 1757 333.655 59928.0 46.705 16.5219 637 881595.0 2591.4447 0.0003701 0.0001058 
494000 1760 331.172 60090.0 46.597 16.3283 638 883562.0 2504.0002 0.0004495 0.0001066 
495000 1763 327.04 60246.0 46.166 16.1581 639 886409.0 2389.3002 0.0004338 0.0001065 
496000 1766 331.206 60371.0 46.418 16.2746 640 888386.0 2428.0702 0.0004611 0.0001318 
497000 1770 326.392 60487.0 45.469 16.0342 642 890433.0 2212.1668 0.000373 9.77e-05 
498000 1773 327.184 60621.0 45.503 16.0 643 893690.0 2342.6502 0.0003782 0.0001404 
499000 1776 332.959 60689.0 45.581 16.2955 644 895447.0 2363.0851 0.0004903 0.0001244 
500000 1779 325.203 60876.0 44.54 15.8799 645 898234.0 2236.4766 0.0004792 0.0001112 
501000 1784 319.023 60958.0 43.154 15.5902 646 899360.0 2248.629 0.0003824 0.000128 
502000 1786 326.806 61126.0 45.323 15.8958 647 902618.0 2155.4661 0.0004621 0.000123 
503000 1791 313.399 61245.0 42.741 15.2711 649 904483.0 2118.1575 0.0005305 0.0001123 
504000 1793 323.744 61358.0 43.892 15.693 649 906221.0 2118.1575 0.0005447 0.0001628 
505000 1796 316.153 61538.0 42.925 15.2774 651 908269.0 1984.7376 0.0003974 9.98e-05 
506000 1800 318.429 61656.0 43.645 15.4026 652 910235.0 2029.9638 0.0003993 0.0001133 
507000 1802 315.192 61829.0 43.017 15.2244 653 913133.0 1970.6674 0.0004085 0.0001049 
508000 1805 317.985 61949.0 43.139 15.4053 654 915020.0 2051.3007 0.0004211 9.7e-05 
509000 1808 318.741 62091.0 43.294 15.365 655 917248.0 2027.9706 0.0004412 0.000126 
510000 1811 322.046 62207.0 43.581 15.5744 656 918795.0 2072.8736 0.000437 0.0001342 
511000 1814 326.992 62286.0 43.771 15.7484 657 921042.0 2158.2862 0.0004522 0.000136 
512000 1817 326.947 62424.0 43.752 15.7894 658 922999.0 2133.1576 0.0004764 0.0001336 
513000 1819 332.926 62631.0 45.789 16.0112 659 926048.0 2138.8418 0.0004341 0.000162 
514000 1821 332.274 62789.0 45.486 15.9729 660 929246.0 2167.6576 0.0004693 0.0001351 
515000 1824 334.166 62911.0 45.561 16.0832 661 931043.0 2194.5919 0.0004961 0.0001224 
516000 1827 335.353 63035.0 45.573 16.1193 662 933490.0 2254.8327 0.0004467 8.35e-05 
517000 1829 338.495 63205.0 46.456 16.3137 663 936939.0 2279.2494 0.0003521 0.000115 
518000 1832 337.287 63352.0 46.415 16.1851 664 939136.0 2264.0245 0.0003659 0.000111 
519000 1834 351.379 63469.0 48.737 16.8965 664 941304.0 2264.0245 0.0005329 0.0001192 
520000 1836 358.736 63645.0 50.665 17.183 665 944592.0 2473.322 0.0004465 9.35e-05 
521000 1839 348.566 63828.0 49.204 16.7773 667 947140.0 2343.9208 0.0004387 0.0002017 
522000 1842 348.116 63968.0 49.039 16.7 668 949547.0 2352.2288 0.0004453 0.0001627 
523000 1845 347.113 64106.0 48.845 16.6976 669 953024.0 2466.7059 0.0004031 9.97e-05 
524000 1848 346.999 64244.0 48.84 16.6365 670 954981.0 2469.7353 0.0004155 0.0001068 
525000 1851 343.667 64404.0 48.715 16.5986 671 958029.0 2474.5618 0.0003774 0.0001637 
526000 1856 337.854 64495.0 47.807 16.5692 672 960164.0 2543.8056 0.0004534 0.0001512 
527000 1860 332.302 64635.0 46.864 16.5273 674 963680.0 2474.0125 0.000425 0.0001115 
528000 1863 331.759 64778.0 46.856 16.6985 675 966507.0 2509.3113 0.0003679 9.62e-05 
529000 1865 338.488 64964.0 48.637 17.1962 676 969076.0 2433.3801 0.0003557 0.0001948 
530000 1867 334.781 65140.0 47.849 17.0658 677 972014.0 2375.7421 0.0005517 0.0001878 
531000 1870 335.673 65272.0 47.822 17.3108 678 974311.0 2423.8679 0.0004628 0.000157 
532000 1873 338.814 65382.0 47.801 17.6736 679 976238.0 2436.1811 0.0004256 9.37e-05 
533000 1875 339.737 65573.0 48.633 17.7954 680 980327.0 2460.463 0.0004559 0.0001558 
534000 1879 339.932 65668.0 48.627 18.0166 681 982723.0 2571.1167 0.0004446 0.0001316 
535000 1882 341.635 65808.0 48.937 18.2294 682 985660.0 2435.705 0.0004884 0.0001048 
536000 1885 340.574 65955.0 48.917 18.2859 683 988137.0 2461.8345 0.0004735 9.39e-05 
537000 1887 337.582 66092.0 47.294 18.1516 684 991036.0 2495.4511 0.0004052 0.0001531 
538000 1891 338.164 66188.0 47.168 18.3443 685 992522.0 2560.606 0.0003886 0.0001163 
539000 1893 335.03 66360.0 46.715 18.1329 686 996700.0 2489.2454 0.0005421 0.000156 
540000 1896 337.138 66488.0 46.758 18.1431 687 998707.0 2574.0208 0.0003946 0.0001104 
541000 1900 328.587 66642.0 45.804 17.5325 689 1001354.0 2339.3869 0.0003822 0.0001642 
542000 1903 329.452 66773.0 45.803 17.5165 690 1003581.0 2288.1482 0.0005127 0.0001755 
543000 1906 328.271 66924.0 45.729 17.3281 691 1005238.0 2287.0334 0.0005177 0.0001634 
544000 1911 324.621 67041.0 45.726 17.0065 692 1007483.0 2214.03 0.0005327 0.0001444 
545000 1914 326.7 67193.0 46.394 16.9588 694 1009921.0 2078.3943 0.0005199 0.0001681 
546000 1918 321.59 67293.0 44.753 16.6672 695 1011217.0 2040.2549 0.0005106 0.0001809 
547000 1919 322.298 67461.0 44.558 16.6404 696 1016586.0 1998.9294 0.0004396 0.0001412 
548000 1922 325.131 67592.0 44.764 16.7385 697 1018813.0 2293.7365 0.0004034 0.0001112 
549000 1925 323.571 67745.0 44.901 16.5621 698 1020861.0 2308.1628 0.000474 0.0001775 
550000 1928 325.233 67877.0 44.914 16.5801 699 1022518.0 2259.0465 0.0003971 0.0001465 
551000 1931 327.211 68001.0 44.886 16.6086 700 1024445.0 2202.8419 0.0003481 0.0001451 
552000 1934 329.19 68127.0 44.994 16.6377 701 1026682.0 2266.2577 0.0003854 0.0001118 
553000 1936 344.201 68295.0 48.478 17.3201 702 1029581.0 2271.6319 0.0004882 0.0002211 
554000 1938 336.634 68425.0 46.636 16.9001 703 1031309.0 2229.1687 0.0005946 0.0002237 
555000 1941 340.967 68534.0 46.353 17.0946 704 1033086.0 2177.9519 0.0004666 0.0001487 
556000 1944 343.752 68642.0 46.567 17.1234 705 1034463.0 2208.8567 0.0004958 0.0001591 
557000 1947 343.323 68811.0 47.619 17.1186 706 1037611.0 2197.971 0.000544 0.0002077 
558000 1950 346.91 68954.0 48.312 17.177 707 1041148.0 2145.8739 0.0005549 0.0001391 
559000 1954 339.782 69062.0 46.688 16.8502 709 1043584.0 2299.2879 0.0005462 0.0001351 
560000 1955 351.206 69216.0 48.675 17.3288 709 1047523.0 2299.2879 0.0004854 0.0001431 
561000 1959 344.466 69351.0 47.68 17.02 711 1049170.0 2237.7532 0.000518 0.0001547 
562000 1962 343.463 69484.0 47.515 16.8853 712 1051517.0 2158.6779 0.0005485 0.0001793 
563000 1967 331.208 69574.0 44.782 16.3057 714 1053872.0 2194.5591 0.0005605 0.0001437 
564000 1970 331.782 69699.0 44.584 16.2496 715 1056229.0 2210.8032 0.0004666 0.0001401 
565000 1972 337.861 69892.0 46.537 16.5488 716 1058678.0 2042.7228 0.0004891 0.0001859 
566000 1974 330.594 70036.0 44.891 16.196 717 1061506.0 2036.1506 0.0004139 0.0001674 
567000 1978 338.031 70175.0 46.718 16.4601 718 1063822.0 2117.2355 0.0004266 0.0001156 
568000 1981 337.439 70331.0 47.041 16.4205 719 1066579.0 2142.2119 0.0005298 0.0001284 
569000 1984 338.361 70470.0 47.19 16.4121 720 1070147.0 2191.7908 0.0004743 0.0001496 
570000 1988 331.827 70595.0 45.996 16.1376 721 1071513.0 2337.3117 0.000467 0.0001702 
571000 1990 336.553 70743.0 46.973 16.3053 722 1074381.0 2236.2805 0.0003857 0.0001459 
572000 1993 338.158 70882.0 47.065 16.4057 723 1077088.0 2295.3525 0.0003684 0.0001045 
573000 1998 321.819 71020.0 44.535 15.5678 725 1078504.0 2203.9555 0.000442 0.0001618 
574000 2001 322.314 71166.0 44.704 15.61 726 1082061.0 2338.2599 0.0004151 0.0001387 
575000 2004 325.358 71276.0 44.923 15.7009 727 1084558.0 2392.1339 0.0005046 0.0001854 
576000 2007 325.32 71427.0 45.129 15.7292 728 1087955.0 2489.6206 0.000479 0.0001461 
577000 2008 323.674 71618.0 45.226 15.651 729 1091375.0 2290.6585 0.0005312 0.0001914 
578000 2011 325.773 71743.0 45.469 15.6837 730 1093322.0 2366.2926 0.0005066 0.0001655 
579000 2013 343.521 71788.0 46.706 16.5553 730 1094730.0 2366.2926 0.0004713 0.0002076 
580000 2014 342.051 71955.0 46.332 16.4662 731 1098809.0 2476.3634 0.0004043 0.0001372 
581000 2017 342.335 72112.0 46.607 16.4589 732 1101227.0 2626.527 0.0004724 0.000174 
582000 2020 345.393 72250.0 46.787 16.5978 733 1104804.0 2601.5743 0.0004452 0.0001706 
583000 2023 343.418 72398.0 46.803 16.4976 734 1108481.0 2705.1169 0.0003873 0.0001414 
584000 2027 349.646 72541.0 48.663 16.7729 735 1110837.0 2799.3052 0.000401 0.0001306 
585000 2030 347.658 72691.0 48.798 16.7246 736 1113475.0 2752.1747 0.0004731 0.0001645 
586000 2035 334.615 72827.0 46.734 16.0332 738 1116520.0 2766.4915 0.0004412 0.0001537 
587000 2037 340.235 72975.0 47.784 16.3542 738 1119438.0 2766.4915 0.000407 0.0001274 
588000 2040 340.971 73111.0 47.641 16.3296 739 1121755.0 2786.5424 0.0004015 0.0001275 
589000 2043 339.505 73248.0 47.488 16.269 740 1124353.0 2734.6881 0.000506 0.0001387 
590000 2047 330.507 73410.0 46.442 15.8401 742 1126239.0 2609.3274 0.0004461 0.0001224 
591000 2050 328.955 73572.0 46.418 15.8845 743 1129356.0 2639.0946 0.0004109 0.0001205 
592000 2052 337.801 73677.0 47.584 16.5738 743 1132034.0 2639.0946 0.0004499 0.0001397 
593000 2055 338.536 73823.0 47.65 16.8327 744 1134212.0 2690.9852 0.0004421 0.0001566 
594000 2056 340.285 73968.0 46.877 16.9621 745 1138371.0 2790.5867 0.0003695 0.0001548 
595000 2059 338.627 74109.0 46.851 17.0216 746 1141878.0 2785.228 0.000347 0.0001247 
596000 2062 339.772 74249.0 46.865 17.2802 747 1144585.0 2860.4052 0.0003852 0.0001319 
597000 2066 343.27 74397.0 48.536 17.719 749 1148252.0 2916.2282 0.0004403 0.0001511 
598000 2068 349.416 74542.0 49.458 18.1928 749 1150850.0 2916.2282 0.0003922 0.0001632 
599000 2071 344.223 74658.0 48.456 18.0225 750 1153017.0 2884.3054 0.0003651 0.0001579 
600000 2074 346.743 74801.0 48.796 18.3417 751 1155754.0 2813.5748 0.0003818 0.0001203 
601000 2076 335.646 74952.0 46.844 17.7657 753 1159363.0 2524.4256 0.000483 0.0001638 
602000 2079 341.511 75092.0 47.145 18.2073 754 1162470.0 2760.6831 0.0004797 0.0001566 
603000 2082 338.004 75238.0 47.026 18.1159 755 1166167.0 2675.3148 0.000405 0.0001559 
604000 2085 343.233 75359.0 47.242 18.5614 756 1168664.0 2844.4833 0.0004245 0.0001093 
605000 2087 357.501 75502.0 50.309 19.2009 757 1170733.0 2735.035 0.0005234 0.0001448 
606000 2090 356.05 75650.0 50.17 19.0576 758 1173620.0 2670.2315 0.000463 0.0001421 
607000 2092 350.471 75788.0 48.46 18.6817 759 1177298.0 2720.9083 0.0004669 0.000131 
608000 2096 355.348 75896.0 49.324 18.79 761 1179475.0 2715.7657 0.0005208 0.0001659 
609000 2098 355.033 76015.0 49.393 18.6795 761 1181573.0 2715.7657 0.0006074 0.0001701 
610000 2100 366.922 76166.0 50.789 19.1912 762 1185501.0 2656.8892 0.0005326 0.0001347 
611000 2102 364.022 76295.0 49.475 18.9656 763 1187039.0 2817.9002 0.0004276 0.0001107 
612000 2106 362.509 76391.0 49.256 18.7997 765 1188916.0 2560.4292 0.0004798 0.0001338 
613000 2108 366.165 76533.0 50.071 18.8628 765 1191734.0 2560.4292 0.0004921 0.0001596 
614000 2112 356.333 76666.0 48.286 18.2356 767 1193370.0 2465.1776 0.0004154 0.0001072 
615000 2115 355.426 76795.0 48.135 18.1433 768 1195667.0 2459.3599 0.000438 0.0001283 
616000 2118 355.221 76923.0 48.052 18.0208 769 1197945.0 2456.2239 0.0004278 0.0001201 
617000 2121 346.396 77120.0 47.189 17.5796 770 1200802.0 2377.3015 0.0004773 0.0001327 
618000 2124 346.403 77251.0 47.2 17.4879 771 1203329.0 2425.2714 0.0004232 0.0001237 
619000 2127 351.798 77353.0 47.982 17.7129 772 1205356.0 2471.4442 0.0004174 0.0001218 
620000 2131 343.233 77492.0 46.824 17.1967 774 1206943.0 2142.9998 0.0004355 9.3e-05 
621000 2134 337.199 77675.0 46.206 16.8882 775 1208920.0 2049.3998 0.0004968 0.0001373 
622000 2137 339.054 77789.0 46.283 16.9095 776 1211027.0 2090.1599 0.0004739 0.0001353 
623000 2139 349.428 77924.0 48.008 17.4159 776 1213415.0 2090.1599 0.0005165 0.0001625 
624000 2141 354.131 78100.0 49.441 17.5581 778 1217174.0 2314.6595 0.0004281 9.73e-05 
625000 2142 367.788 78245.0 51.412 18.1913 778 1220443.0 2314.6595 0.0005316 0.0001432 
626000 2145 365.303 78389.0 51.263 18.0249 779 1223290.0 2421.8935 0.0004796 0.0001257 
627000 2149 356.298 78516.0 49.87 17.5119 780 1225146.0 2461.4042 0.0004305 0.0001399 
628000 2152 354.653 78661.0 49.802 17.4589 781 1227553.0 2400.9638 0.0004282 7.98e-05 
629000 2153 351.12 78815.0 48.866 17.2645 782 1230122.0 2405.5674 0.000466 0.0001449 
630000 2156 354.879 78956.0 48.932 17.4054 783 1233019.0 2422.7106 0.0004267 0.0001348 
631000 2159 356.532 79083.0 49.053 17.4495 784 1235016.0 2489.1396 0.000358 0.000115 
632000 2162 362.195 79218.0 50.549 17.7291 785 1237974.0 2693.0256 0.0004467 5.5e-05 
633000 2165 360.071 79356.0 50.111 17.5698 786 1240121.0 2629.4231 0.0004628 0.0001108 
634000 2168 352.284 79542.0 49.297 17.1425 787 1242558.0 2505.1808 0.0004988 0.0001262 
635000 2171 355.566 79661.0 49.757 17.3211 788 1244435.0 2525.3627 0.0004325 0.0001065 
636000 2174 355.517 79796.0 49.869 17.2726 789 1248593.0 2711.6264 0.0004686 5.56e-05 
637000 2175 364.666 79925.0 51.651 17.718 789 1251982.0 2711.6264 0.0005141 0.0001219 
638000 2178 369.035 80062.0 51.644 17.8865 790 1253509.0 2850.1638 0.0004956 0.0001475 
639000 2180 364.25 80224.0 50.502 17.7131 791 1256467.0 2782.8474 0.000451 0.0001442 
640000 2184 361.764 80294.0 49.519 17.4917 793 1260284.0 2738.0364 0.0003795 5.61e-05 
641000 2187 359.823 80444.0 49.488 17.439 794 1262251.0 2660.9327 0.0005006 9.7e-05 
642000 2190 359.32 80571.0 49.365 17.3445 795 1264918.0 2679.5395 0.0004713 0.0001413 
643000 2193 358.259 80706.0 49.269 17.3257 796 1267585.0 2689.2855 0.0003882 0.000129 
644000 2194 368.634 80895.0 51.363 17.7776 797 1270495.0 2676.357 0.0004076 5.58e-05 
645000 2196 370.887 81048.0 52.174 17.8872 797 1273453.0 2676.357 0.0004228 9.86e-05 
646000 2197 371.089 81200.0 52.15 17.9234 798 1275962.0 2748.4213 0.0004465 9.88e-05 
647000 2200 372.576 81336.0 51.829 17.9131 799 1278719.0 2717.2791 0.0004441 0.0001244 
648000 2204 373.258 81491.0 52.677 17.9506 801 1280566.0 2590.9261 0.0003874 5.45e-05 
649000 2207 370.08 81645.0 52.367 17.7596 802 1283503.0 2616.5335 0.000397 8.17e-05 
650000 2210 368.764 81772.0 52.076 17.7346 803 1286170.0 2639.5802 0.0004681 0.0001372 
651000 2212 374.451 81894.0 53.056 17.9469 803 1288428.0 2639.5802 0.0004349 0.0001163 
652000 2214 378.047 82085.0 53.855 18.1673 805 1292557.0 2737.8899 0.0003693 5.36e-05 
653000 2217 376.396 82207.0 53.33 18.0474 806 1294694.0 2691.8009 0.0004957 0.0001036 
654000 2220 374.187 82342.0 52.96 17.995 807 1297441.0 2706.3208 0.0003845 0.0001167 
655000 2222 378.581 82470.0 53.808 18.1432 807 1300909.0 2706.3208 0.0003974 0.000143 
656000 2224 381.972 82664.0 54.557 18.3516 809 1303878.0 2770.8499 0.0003712 6.04e-05 
657000 2226 380.765 82756.0 54.657 18.3632 809 1305796.0 2770.8499 0.0005138 0.000124 
658000 2227 391.91 82882.0 54.103 19.0706 810 1307955.0 2736.4649 0.0004453 0.0001094 
659000 2229 399.583 83022.0 55.621 19.7154 810 1312563.0 2736.4649 0.000463 0.0001449 
660000 2233 390.886 83189.0 54.969 19.5273 812 1314880.0 3000.3666 0.00037 5.79e-05 
661000 2235 398.804 83281.0 55.72 20.0869 812 1316748.0 3000.3666 0.0004558 0.0001274 
662000 2238 394.838 83431.0 55.366 20.0701 813 1319205.0 2945.0299 0.0004674 0.0001338 
663000 2239 393.881 83612.0 54.939 20.0473 814 1322484.0 2929.2269 0.000416 0.0001247 
664000 2243 391.366 83780.0 55.602 20.177 816 1324851.0 2812.9038 0.0002973 4.97e-05 
665000 2246 390.972 83874.0 55.023 20.3511 817 1326318.0 2724.3134 0.0004288 7.42e-05 
666000 2248 397.014 84015.0 55.905 20.7561 817 1329246.0 2724.3134 0.0003906 0.0001051 
667000 2249 391.933 84169.0 54.787 20.5354 818 1332395.0 2760.5821 0.0003874 0.0001364 
668000 2253 391.764 84315.0 55.039 20.7277 820 1333882.0 2598.9015 0.0003174 5.71e-05 
669000 2256 390.507 84436.0 54.761 20.8339 821 1337229.0 2706.7113 0.000476 0.0001351 
670000 2258 396.509 84556.0 55.552 21.3032 821 1340257.0 2706.7113 0.0004353 0.0001165 
671000 2261 394.416 84699.0 55.111 21.0468 822 1342604.0 2770.7402 0.0004093 0.0001196 
672000 2263 392.406 84891.0 55.329 20.8243 824 1345273.0 2646.5296 0.0002728 6.93e-05 
673000 2266 391.555 84997.0 54.899 20.7046 825 1347140.0 2613.5766 0.0004036 0.000103 
674000 2268 395.929 85134.0 55.822 20.7871 825 1352918.0 2613.5766 0.0004773 0.0001735 
675000 2271 394.204 85298.0 55.939 20.6478 826 1355955.0 2979.9189 0.0004269 0.0001155 
676000 2273 392.86 85468.0 55.624 20.466 828 1357984.0 2793.9643 0.0003113 6.15e-05 
677000 2276 389.706 85593.0 54.889 20.2618 829 1359901.0 2717.2679 0.0004368 0.0001139 
678000 2278 397.616 85679.0 55.694 20.5072 829 1362379.0 2717.2679 0.0005156 0.0001238 
679000 2279 400.623 85860.0 55.8 20.6599 830 1365278.0 2840.2411 0.0004085 0.0001247 
680000 2281 408.805 86015.0 57.548 20.9735 831 1367397.0 2899.117 0.000374 0.0001345 
681000 2283 415.796 86091.0 58.248 21.2786 831 1369245.0 2899.117 0.0005411 0.0001138 
682000 2285 416.197 86234.0 58.262 21.2062 832 1372103.0 2873.9053 0.0005113 0.0001497 
683000 2289 406.781 86351.0 56.444 20.6562 833 1374169.0 2877.2148 0.000452 0.0001378 
684000 2292 403.158 86541.0 56.57 20.4031 835 1377177.0 2723.074 0.0003539 0.0001379 
685000 2294 401.024 86668.0 55.55 20.2365 836 1378775.0 2610.4666 0.0004419 0.0001199 
686000 2297 390.529 86826.0 54.299 19.7205 837 1381662.0 2461.1199 0.0004733 0.000153 
687000 2301 389.26 86925.0 53.914 19.511 838 1383378.0 2515.7079 0.0004948 0.0001617 
688000 2306 372.765 87065.0 51.707 18.6794 840 1384944.0 2241.7534 0.0004313 0.0001678 
689000 2308 370.464 87225.0 51.123 18.5103 841 1388022.0 2206.2781 0.0004119 0.0001417 
690000 2311 368.419 87364.0 50.844 18.406 842 1389749.0 2238.3503 0.0003675 0.0001269 
691000 2314 367.3 87493.0 50.546 18.2793 843 1391576.0 2193.2152 0.0003879 7.92e-05 
692000 2317 365.303 87638.0 50.409 18.1382 844 1394134.0 2231.6937 0.0003232 0.000102 
693000 2320 362.462 87790.0 50.152 17.9719 845 1397091.0 2250.2243 0.0003585 7.63e-05 
694000 2323 359.01 87927.0 49.626 17.7201 846 1399338.0 2219.9019 0.0003888 7.39e-05 
695000 2326 366.91 87969.0 49.75 18.0988 847 1401205.0 2385.6117 0.0004204 0.0001102 
696000 2327 371.731 88191.0 51.195 18.2889 848 1404985.0 2402.0505 0.0002565 6.45e-05 
697000 2330 364.561 88329.0 50.61 17.9713 849 1406902.0 2356.5455 0.0003517 0.0001053 
698000 2333 359.332 88485.0 49.765 17.6398 850 1410979.0 2242.5909 0.0004197 0.0001118 
699000 2336 360.926 88622.0 49.835 17.7242 851 1413746.0 2426.0318 0.0003691 9.88e-05 
700000 2340 359.893 88701.0 49.642 17.5696 852 1416203.0 2620.2287 0.0002867 0.0001107 
701000 2342 363.269 88855.0 49.642 17.7737 853 1418301.0 2568.9058 0.0003512 9.06e-05 
702000 2345 367.128 88964.0 50.318 17.8707 854 1420788.0 2640.7152 0.0003947 7e-05 
703000 2347 372.605 89117.0 51.383 18.163 854 1423746.0 2640.7152 0.0003801 0.00011 
704000 2349 369.098 89316.0 51.122 17.9679 856 1426405.0 2492.0093 0.0002613 6.88e-05 
705000 2352 368.102 89431.0 50.632 17.8598 857 1428132.0 2474.5084 0.000352 7.43e-05 
706000 2355 370.513 89519.0 50.519 17.9867 858 1430069.0 2504.7576 0.0004427 9.61e-05 
707000 2358 362.996 89707.0 49.894 17.5869 859 1432866.0 2444.9818 0.0003984 0.0001448 
708000 2361 359.67 89860.0 49.691 17.4618 860 1436134.0 2473.2836 0.0003213 0.0001258 
709000 2364 364.816 89931.0 49.767 17.6159 861 1438211.0 2584.6553 0.0003253 7.93e-05 
710000 2365 376.419 90062.0 51.872 18.2356 861 1441730.0 2584.6553 0.0003465 8.36e-05 
711000 2367 369.926 90208.0 49.778 17.8882 862 1445118.0 2701.8897 0.0003417 8.37e-05 
712000 2371 365.101 90346.0 49.176 17.6756 864 1447185.0 2519.5607 0.0002339 7.69e-05 
713000 2374 361.867 90503.0 49.128 17.457 865 1451082.0 2625.3046 0.0003224 6.76e-05 
714000 2377 366.298 90588.0 49.22 17.7151 866 1452279.0 2641.4742 0.0003763 8.45e-05 
715000 2380 367.818 90691.0 49.306 17.7121 867 1454546.0 2656.0267 0.0003947 0.0001029 
716000 2381 370.901 90925.0 50.64 17.8389 868 1457896.0 2518.4241 0.0002608 8.95e-05 
717000 2384 370.241 91059.0 50.562 17.8545 869 1460123.0 2572.2817 0.000313 0.0001022 
718000 2387 371.721 91158.0 50.472 17.8909 870 1461450.0 2521.7535 0.0003325 6.6e-05 
719000 2388 386.787 91263.0 52.563 18.6144 870 1463719.0 2521.7535 0.0004242 0.0001146 
720000 2391 375.099 91456.0 50.932 18.0141 872 1466597.0 2370.5503 0.0002418 8.48e-05 
721000 2394 371.541 91599.0 50.592 17.9083 873 1469334.0 2363.1953 0.0002817 7.97e-05 
722000 2397 374.899 91694.0 50.556 17.995 874 1470351.0 2414.5758 0.0003242 8.21e-05 
723000 2400 370.298 91858.0 50.32 17.8284 875 1473228.0 2415.8182 0.0003549 8.45e-05 
724000 2401 379.472 92042.0 52.333 18.3106 876 1479518.0 2704.2364 0.0002468 0.0001002 
725000 2404 382.131 92136.0 52.232 18.7358 877 1482295.0 2861.5127 0.0003295 0.0001006 
726000 2406 389.338 92227.0 53.163 19.3079 877 1483753.0 2861.5127 0.0003803 8.2e-05 
727000 2408 394.774 92381.0 54.138 19.7579 878 1486631.0 2783.0615 0.0003733 8.85e-05 
728000 2411 381.612 92556.0 52.074 19.1586 880 1489249.0 2571.1098 0.000326 0.0001642 
729000 2415 379.977 92666.0 51.897 19.3443 881 1490695.0 2558.6988 0.0003752 0.0001201 
730000 2417 376.57 92815.0 50.979 19.302 882 1493153.0 2507.5289 0.0003728 0.0001009 
731000 2420 376.918 92928.0 50.853 19.4562 883 1494710.0 2471.476 0.0003961 0.0001133 
732000 2422 377.062 93117.0 51.611 19.6245 884 1498169.0 2397.2284 0.000283 0.0001301 
733000 2425 377.379 93243.0 51.522 19.7646 885 1500346.0 2504.2056 0.0004387 9.29e-05 
734000 2428 378.069 93352.0 51.433 19.9724 886 1502913.0 2581.485 0.0004654 0.0001211 
735000 2431 376.904 93472.0 51.177 20.0686 887 1504690.0 2525.0365 0.0004062 8.94e-05 
736000 2432 380.406 93690.0 52.554 20.301 888 1508600.0 2428.5329 0.0003179 0.0001317 
737000 2435 380.389 93820.0 52.439 20.4615 889 1511217.0 2543.3796 0.0002992 7.59e-05 
738000 2438 382.458 93909.0 52.286 20.4579 890 1512404.0 2536.7416 0.0003581 7.03e-05 
739000 2440 388.584 94015.0 53.175 20.7137 890 1514622.0 2536.7416 0.0003845 7.94e-05 
740000 2443 385.158 94201.0 53.138 20.3816 892 1516620.0 2374.7907 0.0003723 0.000155 
741000 2445 382.247 94324.0 51.975 20.1328 893 1518258.0 2281.0116 0.0003953 0.0001059 
742000 2448 381.093 94454.0 51.593 20.0108 894 1520015.0 2249.6105 0.000373 6.79e-05 
743000 2451 379.854 94584.0 51.44 19.8382 895 1522082.0 2270.3494 0.000353 9.31e-05 
744000 2452 385.597 94783.0 53.151 20.1175 896 1527672.0 2337.3145 0.00024 0.0001077 
745000 2455 384.884 94920.0 53.042 19.9366 897 1530479.0 2541.283 0.00029 8.8e-05 
746000 2458 385.735 95030.0 52.939 19.9232 898 1533696.0 2725.8547 0.0002769 5.85e-05 
747000 2461 387.078 95114.0 52.678 19.8569 899 1536553.0 2802.9693 0.0003795 5.88e-05 
748000 2462 387.296 95332.0 53.384 19.9243 900 1539713.0 2633.6723 0.0003279 0.0001632 
749000 2466 388.947 95468.0 54.472 19.8365 901 1542089.0 2596.0051 0.0003665 0.0001011 
750000 2470 378.852 95624.0 53.347 19.3122 902 1545845.0 2577.1046 0.0003347 9.26e-05 
751000 2471 375.975 95780.0 52.5 19.1436 903 1548394.0 2714.0941 0.0003418 0.0001022 
752000 2474 374.602 95923.0 52.314 18.9555 904 1551212.0 2669.4847 0.0003389 0.0001388 
753000 2477 370.513 96076.0 51.889 18.7574 905 1554879.0 2680.2362 0.0002967 0.0001346 
754000 2481 374.74 96184.0 52.661 18.9159 906 1556225.0 2777.9126 0.0002951 0.0001007 
755000 2483 373.61 96305.0 51.575 18.7782 907 1557613.0 2685.8214 0.0003083 6.91e-05 
756000 2484 378.998 96507.0 53.303 18.9862 908 1564873.0 2921.2392 0.0003883 0.0001624 
757000 2487 379.478 96632.0 53.072 18.9903 909 1567050.0 2944.8153 0.0003665 9.61e-05 
758000 2490 379.709 96750.0 52.805 18.8946 910 1570087.0 3051.0338 0.0003259 8.01e-05 
759000 2493 380.927 96848.0 52.641 18.9562 911 1572764.0 3091.6304 0.0003143 7.91e-05 
760000 2495 388.507 97053.0 55.196 19.2273 912 1575943.0 2904.4674 0.0003551 0.0001308 
761000 2498 383.889 97201.0 54.725 19.0082 913 1578770.0 2846.7206 0.0003063 8.99e-05 
762000 2502 374.781 97334.0 53.35 18.4573 914 1581076.0 2906.7486 0.0003218 8.41e-05 
763000 2503 373.785 97488.0 52.483 18.3917 915 1585365.0 2855.7737 0.0003661 8.92e-05 
764000 2505 377.888 97634.0 53.462 18.5999 916 1588014.0 2957.0963 0.0003952 0.0001394 
765000 2508 376.4 97767.0 52.911 18.4601 917 1589871.0 2898.0867 0.0004613 0.0001602 
766000 2511 377.464 97890.0 52.704 18.513 918 1592108.0 2882.978 0.0004266 0.0001374 
767000 2515 376.595 97956.0 51.837 18.4656 919 1593694.0 2858.3802 0.0004461 0.0001571 
768000 2518 374.234 98115.0 51.892 18.2672 920 1596632.0 2709.4422 0.0004953 0.0001563 
769000 2521 366.964 98215.0 50.231 17.8662 921 1598069.0 2622.198 0.0004511 0.0001526 
770000 2524 367.304 98337.0 50.247 17.9127 922 1600306.0 2508.6782 0.0004633 0.0001269 
771000 2528 359.643 98452.0 48.572 17.4765 924 1603082.0 2505.6593 0.0004974 0.0001285 
772000 2531 352.638 98608.0 48.175 17.1706 925 1605590.0 2307.0934 0.0004937 0.0001495 
773000 2533 356.612 98743.0 48.348 17.3035 926 1607998.0 2315.0841 0.0004921 0.000148 
774000 2537 353.931 98873.0 48.152 17.1924 927 1609414.0 2294.2757 0.0004448 0.0001243 
775000 2541 343.925 99017.0 46.434 16.6486 929 1611250.0 2115.5933 0.000424 0.0001173 
776000 2544 346.125 99176.0 47.556 16.7864 930 1613488.0 1992.0339 0.0004588 0.0001257 
777000 2547 346.627 99302.0 47.373 16.7579 931 1616265.0 2131.5306 0.0004661 0.0001277 
778000 2548 345.595 99452.0 46.945 16.6843 932 1618934.0 2127.0775 0.0004913 0.0001435 
779000 2552 346.509 99575.0 47.134 16.7333 933 1620870.0 2099.0697 0.000453 0.0001149 
780000 2554 347.4 99693.0 47.268 16.7403 934 1623239.0 2077.0628 0.0004324 0.0001277 
781000 2557 357.121 99831.0 48.494 17.2252 935 1625576.0 2114.0565 0.0004554 0.0001258 
782000 2560 349.55 99958.0 47.178 16.8173 936 1627633.0 2136.3508 0.0004656 0.0001401 
783000 2563 352.541 100086.0 47.742 17.0183 937 1629300.0 2127.4158 0.0004194 0.000114 
784000 2568 332.167 100263.0 44.889 15.9894 939 1631416.0 1952.9268 0.0004299 0.0001348 
785000 2571 334.25 100377.0 44.93 16.1361 940 1633083.0 1972.3341 0.0004488 0.0001172 
786000 2575 333.348 100526.0 45.724 16.0254 941 1634729.0 1889.8007 0.0004832 0.0001201 
787000 2578 333.963 100660.0 45.708 16.096 942 1636376.0 1836.5206 0.0004623 0.0001135 
788000 2579 329.204 100805.0 44.874 15.8663 943 1638376.0 1810.7686 0.0004686 0.0001467 
789000 2582 332.483 100950.0 45.022 15.9565 944 1640583.0 1832.3917 0.0004385 0.0001287 
790000 2585 336.484 101070.0 45.318 16.2781 945 1642080.0 1877.8525 0.000434 0.0001345 
791000 2588 336.158 101205.0 45.174 16.4223 946 1644437.0 1898.7673 0.0004327 0.0001131 
792000 2590 351.328 101361.0 48.675 17.4598 947 1647026.0 1886.8905 0.0004287 0.0001459 
793000 2593 351.488 101510.0 48.753 17.7231 948 1649663.0 1941.9015 0.0004025 0.000125 
794000 2596 350.151 101658.0 48.781 17.7588 949 1653240.0 2016.4113 0.0003765 0.0001178 
795000 2599 350.526 101811.0 49.088 17.9793 950 1656717.0 2168.4702 0.0004229 0.0001291 
796000 2600 344.695 101968.0 48.146 17.6988 951 1660697.0 2299.5232 0.0003766 0.0001398 
797000 2603 347.404 102112.0 48.292 18.0324 952 1663484.0 2468.2709 0.0003578 0.0001438 
798000 2606 350.329 102230.0 48.373 18.3141 953 1664811.0 2508.1438 0.0004138 0.0001285 
799000 2609 352.388 102350.0 48.373 18.6049 954 1666408.0 2453.0294 0.00036 9.84e-05 
800000 2611 363.688 102510.0 51.061 19.3939 955 1669727.0 2303.7265 0.0004479 0.0001365 
801000 2613 356.331 102656.0 49.235 19.0112 956 1671745.0 2397.0538 0.0003984 0.0001298 
802000 2616 356.733 102792.0 49.162 19.1918 957 1674352.0 2361.0484 0.0003786 8.39e-05 
803000 2619 358.261 102917.0 49.23 19.3373 958 1675899.0 2403.6436 0.0003267 0.0001021 
804000 2623 357.759 103066.0 50.246 19.2641 960 1678586.0 2332.0513 0.0003777 0.0001083 
805000 2626 356.998 103209.0 50.056 19.0998 961 1681653.0 2406.5462 0.0003944 0.0001088 
806000 2628 361.728 103357.0 50.956 19.2652 961 1684091.0 2406.5462 0.000367 0.0001079 
807000 2632 353.758 103502.0 49.806 18.7 963 1686458.0 2405.4324 0.0003062 0.0001257 
808000 2634 357.947 103647.0 50.678 18.8844 963 1689136.0 2405.4324 0.0003793 0.0001116 
809000 2636 362.994 103797.0 51.551 19.023 964 1691774.0 2432.5892 0.0003909 0.000124 
810000 2638 354.459 103949.0 49.588 18.5407 965 1694442.0 2453.0302 0.0003792 0.0001242 
811000 2642 361.772 104094.0 51.538 18.7769 967 1696859.0 2468.7845 0.000318 0.0001023 
812000 2644 367.454 104229.0 52.149 19.0527 967 1699117.0 2468.7845 0.0004101 0.0001162 
813000 2647 354.963 104361.0 50.221 18.3556 968 1702344.0 2448.6061 0.0003825 0.0001251 
814000 2650 364.252 104504.0 51.492 18.7447 969 1704781.0 2525.4454 0.0003321 9.94e-05 
815000 2652 368.633 104663.0 52.57 18.8487 971 1707740.0 2531.6408 0.0003625 7.95e-05 
816000 2653 380.86 104796.0 54.059 19.4362 971 1710979.0 2531.6408 0.0004342 0.0001331 
817000 2656 378.777 104946.0 53.914 19.2594 972 1713826.0 2607.1767 0.0003907 0.0001093 
818000 2659 376.881 105087.0 53.638 19.0879 973 1716243.0 2632.1591 0.0003748 0.0001132 
819000 2663 366.008 105207.0 51.803 18.507 975 1718140.0 2532.3788 0.0003389 6.98e-05 
820000 2665 371.715 105357.0 52.712 18.6958 975 1720408.0 2532.3788 0.0003963 0.00012 
821000 2667 374.761 105512.0 53.525 18.8616 976 1724756.0 2506.841 0.0003646 9.72e-05 
822000 2669 367.039 105658.0 51.621 18.4403 977 1727354.0 2693.8569 0.0003397 0.0001339 
823000 2673 371.46 105800.0 53.059 18.6149 979 1729601.0 2631.1541 0.0003263 6.81e-05 
824000 2676 364.721 105983.0 52.264 18.2068 980 1732118.0 2557.7386 0.0003581 0.0001007 
825000 2679 359.477 106153.0 51.745 17.8772 981 1735395.0 2526.6648 0.0004101 0.0001021 
826000 2682 363.372 106273.0 52.43 18.0467 982 1737372.0 2609.6983 0.0004194 0.0001277 
827000 2685 362.756 106413.0 52.41 18.0132 983 1740780.0 2708.5285 0.0003545 4.91e-05 
828000 2688 358.415 106580.0 51.92 17.7432 984 1743417.0 2669.3756 0.000394 0.0001098 
829000 2691 360.042 106685.0 51.774 17.7853 985 1745624.0 2669.1381 0.0003785 0.0001132 
830000 2693 364.17 106831.0 52.508 17.9795 985 1747932.0 2669.1381 0.0003549 0.0001013 
831000 2696 362.146 106990.0 52.241 17.8116 987 1751110.0 2666.4318 0.000394 5.32e-05 
832000 2698 365.487 107125.0 52.976 18.0054 987 1753698.0 2666.4318 0.0004139 0.0001387 
833000 2700 373.585 107277.0 54.134 18.3267 988 1756846.0 2677.4886 0.0003518 0.0001194 
834000 2702 365.362 107421.0 51.971 17.8895 989 1759024.0 2725.4398 0.0003838 0.0001478 
835000 2706 368.301 107583.0 53.422 18.0247 991 1761521.0 2627.8362 0.0003466 3.93e-05 
836000 2709 366.717 107719.0 53.122 17.9774 992 1764028.0 2627.7526 0.0004014 9.1e-05 
837000 2712 363.456 107863.0 52.428 17.7487 993 1765895.0 2532.6773 0.0003986 8.42e-05 
838000 2715 363.916 107980.0 52.2 17.8018 994 1768562.0 2577.1096 0.000382 9.54e-05 
839000 2717 366.816 108163.0 53.113 17.8942 995 1771511.0 2583.2986 0.000379 4.86e-05 
840000 2717 366.816 108360.0 53.113 17.8942 995 1774741.0 2583.2986 0.0003941 9.53e-05 
841000 2720 383.188 108481.0 55.949 18.6583 996 1777058.0 2871.6688 0.000375 0.0001172 
842000 2723 382.64 108598.0 55.638 18.5703 997 1780655.0 2982.2019 0.0003689 0.0001017 
843000 2725 384.838 108781.0 56.375 18.72 998 1783174.0 2902.8817 0.000332 4.12e-05 
844000 2727 391.85 108900.0 57.142 18.9926 998 1786392.0 2902.8817 0.0003844 7.46e-05 
845000 2730 388.13 109049.0 56.666 18.8502 999 1788549.0 2968.2935 0.0003839 9.47e-05 
846000 2732 391.067 109201.0 57.362 18.9342 1000 1791117.0 2887.1642 0.0003562 0.0001761 
847000 2735 386.781 109365.0 56.623 18.7692 1002 1793405.0 2759.533 0.0002921 4.42e-05 
848000 2738 383.835 109505.0 56.098 18.5668 1003 1795362.0 2685.2797 0.0003143 6.46e-05 
849000 2741 382.591 109626.0 55.643 18.5564 1004 1797319.0 2639.4517 0.0003644 7.1e-05 
850000 2743 387.224 109773.0 56.399 18.7264 1004 1799737.0 2639.4517 0.0003689 0.0001095 
851000 2744 396.56 109962.0 58.231 19.1376 1005 1803137.0 2920.3066 0.0003194 5.03e-05 
852000 2747 393.518 110097.0 57.611 19.0065 1006 1806234.0 2948.9759 0.0003466 7.91e-05 
853000 2750 390.228 110224.0 56.796 18.7993 1007 1808421.0 2879.7783 0.0003377 7.2e-05 
854000 2753 386.565 110356.0 55.947 18.674 1008 1810858.0 2830.5005 0.0003509 9.81e-05 
855000 2757 374.447 110500.0 53.95 18.0419 1010 1812675.0 2432.8354 0.0003017 4.87e-05 
856000 2760 372.572 110619.0 53.276 18.1609 1011 1814162.0 2352.2518 0.0003812 5.86e-05 
857000 2763 373.299 110709.0 52.71 18.4267 1012 1816649.0 2407.7267 0.0003579 7e-05 
858000 2766 369.052 110849.0 51.895 18.4073 1013 1819716.0 2452.654 0.0003838 0.0001207 
859000 2769 364.371 111013.0 51.33 18.3325 1014 1822204.0 2416.1886 0.0003433 5.13e-05 
860000 2772 361.049 111174.0 51.034 18.3322 1015 1824441.0 2378.2697 0.0003513 6.61e-05 
861000 2775 360.93 111294.0 50.897 18.5356 1016 1826068.0 2336.1428 0.0003493 0.0001006 
862000 2778 358.959 111431.0 50.455 18.5512 1017 1828745.0 2364.2285 0.0003538 0.000103 
863000 2781 356.846 111567.0 50.036 18.6158 1018 1831143.0 2362.6056 0.0002572 7.23e-05 
864000 2784 353.922 111718.0 49.627 18.5668 1019 1833900.0 2358.0451 0.0003477 7.66e-05 
865000 2787 351.124 111877.0 49.401 18.5756 1020 1836577.0 2366.9406 0.0003488 7.95e-05 
866000 2790 350.842 112017.0 49.46 18.6595 1021 1838834.0 2388.9465 0.0003345 5.77e-05 
867000 2794 343.985 112154.0 48.487 18.4257 1023 1841311.0 2175.0767 0.0002581 5.83e-05 
868000 2797 346.894 112296.0 49.376 18.7559 1024 1843448.0 2226.269 0.0003156 5.65e-05 
869000 2800 342.485 112466.0 48.76 18.5538 1025 1845675.0 2169.3421 0.0003035 5.32e-05 
870000 2803 342.502 112596.0 48.644 18.5405 1026 1847442.0 2142.1079 0.0003041 6.53e-05 
871000 2805 347.305 112768.0 49.717 18.6582 1027 1849931.0 2153.7971 0.0002623 4.86e-05 
872000 2808 345.796 112922.0 49.675 18.5089 1028 1851938.0 2135.1174 0.0003185 4.5e-05 
873000 2811 348.929 113015.0 49.691 18.5022 1029 1853535.0 2149.3057 0.0003184 6.35e-05 
874000 2814 349.304 113150.0 49.749 18.4386 1030 1856022.0 2203.0751 0.0003833 8.11e-05 
875000 2817 342.521 113343.0 49.083 17.9875 1031 1858370.0 2127.5676 0.0002905 0.0001031 
876000 2820 346.529 113433.0 49.153 18.0687 1032 1860777.0 2232.5108 0.0003423 9.27e-05 
877000 2823 344.103 113582.0 48.754 17.8705 1033 1862794.0 2189.9597 0.0003544 8.25e-05 
878000 2826 343.646 113728.0 48.771 17.7171 1034 1865211.0 2216.6638 0.0003928 0.0001067 
879000 2828 345.582 113925.0 49.705 17.811 1035 1869430.0 2357.8974 0.000263 6.75e-05 
880000 2830 354.923 114005.0 50.795 18.1538 1035 1871278.0 2357.8974 0.0003782 0.0001278 
881000 2831 356.205 114186.0 50.739 18.2206 1036 1874027.0 2439.8077 0.0003831 0.0001318 
882000 2834 357.459 114322.0 50.445 18.203 1037 1875854.0 2431.5269 0.0003172 0.0001247 
883000 2837 360.63 114431.0 50.437 18.3342 1038 1877042.0 2388.1742 0.0002449 5.49e-05 
884000 2840 358.15 114589.0 50.355 18.0924 1039 1879469.0 2365.0568 0.0002807 4.78e-05 
885000 2843 363.763 114690.0 51.256 18.3536 1040 1881356.0 2442.2511 0.0003588 9.23e-05 
886000 2846 360.339 114860.0 51.125 18.0936 1041 1883803.0 2422.726 0.0003681 7.85e-05 
887000 2847 367.473 115082.0 53.062 18.3931 1042 1886823.0 2400.4534 0.0002282 5.24e-05 
888000 2850 363.854 115252.0 52.885 18.2211 1043 1889800.0 2418.1081 0.0002611 4.88e-05 
889000 2853 362.857 115390.0 52.678 18.0771 1044 1892187.0 2431.9972 0.0003349 7.54e-05 
890000 2855 370.81 115553.0 54.65 18.4744 1044 1894955.0 2431.9972 0.0003656 0.0001048 
891000 2857 373.111 115660.0 53.936 18.5204 1046 1896454.0 2366.5478 0.0002629 9.52e-05 
892000 2860 369.755 115829.0 53.612 18.3937 1047 1898751.0 2329.593 0.0003431 9.37e-05 
893000 2864 365.859 115964.0 53.552 18.0853 1048 1901027.0 2365.3337 0.0003968 0.0001319 
894000 2866 365.65 116105.0 52.668 18.0978 1049 1902995.0 2285.5003 0.000358 0.0001266 
895000 2867 378.637 116259.0 54.775 18.6601 1050 1905605.0 2325.9503 0.0002653 7.71e-05 
896000 2869 389.353 116425.0 57.526 19.1787 1050 1908203.0 2325.9503 0.0003233 9.07e-05 
897000 2871 396.664 116591.0 59.01 19.4559 1051 1912011.0 2533.0553 0.0003053 5.78e-05 
898000 2873 400.761 116745.0 59.712 19.6846 1052 1914509.0 2863.4497 0.0003578 0.0001182 
899000 2874 403.526 116968.0 60.937 19.7772 1053 1917719.0 2773.1048 0.000267 8.38e-05 
900000 2877 396.644 117123.0 59.952 19.387 1054 1920506.0 2717.4943 0.0002826 6.86e-05 
901000 2880 397.157 117227.0 59.216 19.4395 1055 1922133.0 2700.4449 0.0003016 6.18e-05 
902000 2883 395.114 117355.0 58.636 19.2543 1056 1924420.0 2686.1004 0.0003829 0.0001016 
903000 2886 395.875 117507.0 59.272 19.3231 1057 1927428.0 2714.4903 0.000369 0.0001475 
904000 2889 391.777 117657.0 58.686 19.0667 1058 1929835.0 2518.7413 0.0003773 0.0001145 
905000 2893 379.338 117800.0 56.535 18.4979 1060 1931431.0 2387.4105 0.0003868 0.0001202 
906000 2895 384.218 117932.0 57.257 18.6766 1060 1933599.0 2387.4105 0.0003697 9.81e-05 
907000 2899 375.31 118109.0 56.295 18.2631 1062 1937086.0 2277.7325 0.0003158 0.0001499 
908000 2900 373.323 118270.0 55.589 18.1465 1063 1939765.0 2313.6592 0.0004053 0.0001443 
909000 2903 372.033 118412.0 55.147 18.0331 1064 1941932.0 2314.9933 0.0003972 0.0001174 
910000 2906 370.573 118562.0 54.766 17.9888 1065 1945149.0 2339.194 0.0003361 0.0001129 
911000 2909 370.462 118698.0 54.512 17.9243 1066 1947067.0 2421.0746 0.0002739 9.41e-05 
912000 2912 367.259 118850.0 54.153 17.8177 1067 1949634.0 2364.6671 0.0003231 9.94e-05 
913000 2915 368.97 118968.0 54.003 17.8146 1068 1953821.0 2676.9004 0.0002923 5.95e-05 
914000 2918 369.393 119086.0 53.766 17.8665 1069 1956068.0 2676.9104 0.0002785 4.52e-05 
915000 2919 375.545 119301.0 55.591 18.1423 1070 1960428.0 2744.2193 0.0002449 0.0001151 
916000 2922 375.516 119426.0 55.194 18.1832 1071 1962295.0 2703.4974 0.0002579 7.31e-05 
917000 2925 375.0 119532.0 54.905 18.0732 1072 1965202.0 2779.8477 0.0002399 6.1e-05 
918000 2928 367.774 119722.0 53.892 17.7464 1073 1967559.0 2625.5629 0.0003059 6.28e-05 
919000 2931 364.826 119879.0 53.701 17.6076 1074 1969867.0 2591.8066 0.0002268 7.15e-05 
920000 2934 362.62 120029.0 53.408 17.4369 1075 1972124.0 2548.3259 0.0002374 6.97e-05 
921000 2937 361.916 120172.0 53.208 17.4588 1076 1974171.0 2521.1933 0.0002609 5.8e-05 
922000 2940 364.087 120319.0 53.815 17.7042 1077 1976508.0 2575.774 0.0003749 9.64e-05 
923000 2941 371.166 120525.0 55.699 18.2087 1078 1979688.0 2538.1966 0.0004246 9.32e-05 
924000 2944 371.268 120689.0 55.999 18.4865 1079 1985065.0 2821.0769 0.0003315 0.0001171 
925000 2947 370.949 120816.0 55.628 18.6081 1080 1987202.0 2835.6693 0.0002889 8.42e-05 
926000 2949 377.299 120984.0 57.223 19.1624 1080 1990610.0 2835.6693 0.0003089 9.73e-05 
927000 2951 375.578 121160.0 56.899 19.1434 1082 1993579.0 2783.1221 0.000229 7.68e-05 
928000 2954 373.281 121306.0 56.473 19.2188 1083 1995986.0 2722.5099 0.0002911 7.86e-05 
929000 2957 370.447 121454.0 56.093 19.1809 1084 1998273.0 2707.9589 0.0002691 9.61e-05 
930000 2960 367.836 121604.0 55.53 19.2118 1085 2000820.0 2640.863 0.0003071 8.56e-05 
931000 2963 364.988 121766.0 55.28 19.1876 1086 2003878.0 2725.5767 0.0002655 0.0001041 
932000 2966 366.487 121884.0 54.932 19.4181 1087 2005365.0 2660.719 0.0002764 8.86e-05 
933000 2969 367.437 121993.0 54.525 19.6372 1088 2006892.0 2609.3471 0.0003098 9.72e-05 
934000 2972 365.535 122136.0 54.163 19.5971 1089 2008789.0 2543.1124 0.0003727 9.32e-05 
935000 2973 370.624 122341.0 55.76 19.9966 1090 2012449.0 2524.8012 0.0003838 0.0001066 
936000 2976 367.873 122490.0 55.115 19.8331 1091 2015086.0 2475.0211 0.0002808 9.48e-05 
937000 2979 366.068 122642.0 54.834 19.6696 1092 2017743.0 2496.219 0.0002919 8.35e-05 
938000 2981 383.657 122798.0 58.521 20.3756 1092 2020021.0 2496.219 0.0004324 0.0001225 
939000 2985 373.248 122955.0 57.059 19.7403 1094 2021788.0 2493.8674 0.0003238 0.0001404 
940000 2986 370.843 123123.0 56.278 19.576 1095 2025907.0 2460.1806 0.0002655 0.0001094 
941000 2989 378.459 123288.0 57.936 19.8612 1096 2027944.0 2684.8626 0.000349 0.0001167 
942000 2991 385.438 123462.0 59.7 20.0775 1096 2030812.0 2684.8626 0.0004046 0.0001183 
943000 2992 387.11 123648.0 59.966 20.1103 1097 2034882.0 2979.1763 0.000277 9.97e-05 
944000 2995 381.71 123812.0 59.305 19.7861 1098 2037659.0 2886.9587 0.0003425 0.0001117 
945000 2998 391.523 123960.0 61.334 20.1887 1099 2040446.0 3121.9628 0.0003641 7.54e-05 
946000 3000 396.825 124142.0 62.583 20.3372 1099 2043394.0 3121.9628 0.0003504 0.0001266 
947000 3005 379.516 124297.0 59.881 19.4373 1102 2045710.0 2746.0879 0.0004097 0.0001586 
948000 3008 374.038 124439.0 58.689 19.0625 1103 2048137.0 2693.1791 0.0003963 0.0001124 
949000 3011 371.678 124553.0 57.486 18.8746 1104 2049814.0 2594.5612 0.0004068 0.0001258 
950000 3013 375.582 124659.0 57.388 19.0328 1104 2051292.0 2594.5612 0.0004247 0.0001335 
951000 3018 358.888 124818.0 54.635 18.0941 1107 2053538.0 2216.9521 0.0003681 0.0001076 
952000 3021 355.806 124989.0 54.345 17.9382 1108 2056015.0 2223.9569 0.0003513 0.0001074 
953000 3024 356.744 125135.0 54.65 17.8844 1109 2058132.0 2248.2612 0.0003255 0.0001087 
954000 3027 349.074 125323.0 53.464 17.5203 1110 2060439.0 2162.1351 0.0003401 8.75e-05 
955000 3028 355.633 125500.0 55.255 17.8067 1111 2063289.0 2160.9216 0.0003625 0.00015 
956000 3031 355.278 125655.0 54.78 17.6998 1112 2065216.0 2135.5294 0.000308 0.0001056 
957000 3035 360.277 125794.0 55.979 17.8958 1113 2067552.0 2103.6765 0.0002979 9.94e-05 
958000 3038 357.761 125941.0 55.485 17.7936 1114 2069489.0 2125.0088 0.0003048 9.6e-05 
959000 3042 348.089 126045.0 53.091 17.2504 1115 2071066.0 2110.3079 0.0003204 0.0001022 
960000 3045 347.635 126189.0 53.061 17.204 1116 2073083.0 2078.9772 0.000294 0.0001027 
961000 3048 348.854 126343.0 52.96 17.1915 1117 2075770.0 2043.7794 0.0003151 7.8e-05 
962000 3050 354.736 126522.0 54.427 17.4572 1118 2078208.0 2148.1015 0.0003551 0.0001082 
963000 3053 353.014 126666.0 54.101 17.3548 1119 2080296.0 2145.0913 0.0002776 0.0001313 
964000 3055 345.192 126827.0 52.175 16.9605 1120 2083044.0 2144.2822 0.0002819 0.0001054 
965000 3058 346.554 127005.0 52.885 17.0588 1121 2085291.0 2239.554 0.0002596 8.46e-05 
966000 3061 346.548 127144.0 52.578 16.9794 1122 2087148.0 2208.2986 0.0002528 6.62e-05 
967000 3064 355.298 127313.0 55.19 17.4106 1123 2090656.0 2247.3687 0.000247 0.0001177 
968000 3066 347.573 127463.0 53.083 17.02 1124 2094034.0 2285.3319 0.0003116 0.0001105 
969000 3068 368.171 127625.0 57.099 17.9933 1124 2096452.0 2285.3319 0.0003225 9.78e-05 
970000 3070 372.015 127781.0 57.778 18.1098 1125 2099150.0 2635.4987 0.0003253 0.0001043 
971000 3073 370.907 127936.0 57.633 18.0716 1126 2102628.0 2640.7488 0.0002864 0.0001311 
972000 3075 367.235 128125.0 56.98 17.8454 1127 2105676.0 2893.3739 0.000307 0.0001008 
973000 3078 363.606 128284.0 56.358 17.6314 1128 2107903.0 2793.7365 0.0002753 5.53e-05 
974000 3081 362.704 128427.0 56.021 17.6173 1129 2110340.0 2783.0629 0.0002447 6.84e-05 
975000 3083 376.602 128608.0 59.626 18.2044 1130 2113289.0 2717.7566 0.0002546 8.39e-05 
976000 3085 368.768 128754.0 57.265 17.8941 1131 2115397.0 2673.6809 0.0003051 0.0001102 
977000 3089 373.389 128907.0 58.624 18.0272 1132 2117993.0 2624.0128 0.0003293 0.0001177 
978000 3091 364.861 129082.0 56.96 17.6572 1133 2120391.0 2647.3116 0.0003302 9.39e-05 
979000 3095 367.87 129216.0 57.841 17.7437 1134 2122248.0 2594.4804 0.0003758 0.0001007 
980000 3098 366.255 129366.0 57.363 17.699 1135 2124405.0 2513.7324 0.0003632 0.0001163 
981000 3102 355.979 129514.0 55.506 17.167 1137 2126271.0 2401.9532 0.0003288 0.000114 
982000 3105 355.808 129615.0 54.521 17.1946 1138 2127968.0 2346.4579 0.0003672 8.66e-05 
983000 3108 355.077 129797.0 54.872 17.1014 1139 2130926.0 2138.8121 0.000297 9.1e-05 
984000 3109 354.935 129938.0 53.754 17.0803 1140 2132885.0 2193.6309 0.000261 0.0001051 
985000 3112 352.505 130093.0 53.513 17.0091 1141 2135192.0 2182.9678 0.0003527 0.0001056 
986000 3115 353.845 130228.0 53.29 17.02 1142 2137009.0 2192.371 0.0003131 8.11e-05 
987000 3117 368.185 130395.0 56.803 17.7237 1143 2139908.0 2228.1339 0.0003023 0.0001107 
988000 3120 367.692 130545.0 56.655 17.8695 1144 2142155.0 2212.0205 0.0003421 0.0001002 
989000 3123 365.718 130690.0 56.144 17.9947 1145 2144262.0 2215.5185 0.0003273 8.49e-05 
990000 3125 356.779 130845.0 54.099 17.5937 1146 2146850.0 2210.6666 0.0002679 7.39e-05 
991000 3130 352.038 130981.0 53.488 17.6757 1148 2148426.0 2082.54 0.0003906 0.0001154 
992000 3134 343.93 131103.0 51.956 17.4822 1149 2150182.0 2033.986 0.000401 0.0001396 
993000 3138 340.111 131220.0 50.656 17.4248 1151 2151878.0 1909.8586 0.0004472 0.0001005 
994000 3142 332.091 131386.0 49.496 17.1962 1152 2153934.0 1783.5728 0.0003829 0.0001055 
995000 3147 318.09 131539.0 47.463 16.5491 1154 2156050.0 1683.4039 0.0004247 8.55e-05 
996000 3150 322.35 131669.0 48.001 16.9794 1155 2157637.0 1659.7636 0.0004022 7.72e-05 
997000 3152 319.705 131813.0 46.707 16.8811 1156 2159675.0 1671.4872 0.0003785 9.98e-05 
998000 3155 324.145 131922.0 46.828 17.2806 1157 2161262.0 1730.0385 0.0003375 0.0001001 
999000 3157 332.459 132112.0 49.383 17.884 1158 2163901.0 1636.0346 0.0003546 0.0001256 
