10000 43 132.486 4644.955 61.859 0.1725 0 0 0 0.0 0.0 0.0 0.0 
20000 69 228.266 9024.47 102.286 0.2965 0 0 0 0.0 0.0 0.0 0.0 
30000 79 362.9 11298.937 123.961 0.9239 0 0 0 0.0006269 0.0062687 0.0019909 0.0030432 
40000 148 157.592 12780.435 40.573 0.4941 0 0 0 0.0006174 0.0061737 0.0019614 0.0035443 
50000 450 60.317 12853.434 3.636 0.2354 0 0 0 0.0006292 0.006292 0.0022681 0.0288195 
60000 491 175.382 13097.148 7.316 0.6883 0 0 0 0.000802 0.0080195 0.003282 0.032616 
70000 502 326.482 16127.862 61.135 1.2843 0 0 0 0.0008407 0.0084073 0.0028096 0.0346202 
80000 513 443.053 20085.853 121.753 1.7457 0 0 0 0.000982 0.00982 0.0038737 0.0394424 
90000 525 519.324 23361.018 151.765 2.0515 0 0 0 0.0010517 0.0105164 0.0035554 0.0315716 
100000 537 593.223 26639.874 179.479 2.343 0 0 0 0.0010574 0.0105742 0.0035861 0.0402792 
110000 592 352.534 31081.428 131.178 1.3934 0 0 0 0.0011208 0.0112082 0.004081 0.0302627 
120000 602 462.115 35363.05 181.162 1.8239 0 0 0 0.0012455 0.012455 0.0046507 0.0333492 
130000 613 559.871 39380.002 221.238 2.2051 0 0 0 0.0012847 0.0128469 0.0048482 0.0410059 
140000 623 640.382 44213.945 270.139 2.5205 0 0 0 0.0013679 0.013679 0.0052938 0.030719 
150000 633 706.166 48765.292 304.155 2.7756 0 0 0 0.0014669 0.0146691 0.0059507 0.0335649 
160000 643 759.916 53630.031 337.666 2.9901 0 0 0 0.0015133 0.0151324 0.0062472 0.0374933 
170000 653 803.834 59012.131 374.123 3.1592 0 0 0 0.0015195 0.0151952 0.0061567 0.0365174 
180000 663 839.718 63721.608 392.106 3.3051 0 0 0 0.0015695 0.0156946 0.0065118 0.0394252 
190000 673 869.038 68442.565 405.965 3.4177 0 0 0 0.001615 0.0161501 0.0069029 0.0374687 
200000 683 892.995 73916.533 432.114 3.5132 0 0 0 0.0016058 0.0160583 0.0069517 0.041188 
210000 693 912.569 78924.17 444.344 3.5868 0 0 0 0.0015683 0.0156833 0.0071354 0.0465164 
220000 703 928.562 82796.613 433.271 3.6491 0 0 0 0.0015599 0.0155991 0.0072893 0.0388576 
230000 713 941.63 85478.175 403.135 3.7052 0 0 0 0.0014999 0.0149985 0.0071647 0.0362425 
240000 723 949.053 89973.81 410.707 3.7356 0 0 0 0.0015722 0.0157212 0.0078175 0.0388323 
250000 733 958.373 94255.704 412.975 3.7781 0 0 0 0.0014677 0.0146771 0.007171 0.0124913 
260000 743 965.987 98975.266 424.691 3.8066 0 0 0 0.0013534 0.0135341 0.0068458 0.0079149 
270000 753 972.209 103693.891 432.304 3.8246 0 0 0 0.0013064 0.0130642 0.0067402 0.01388 
280000 763 977.293 108262.163 436.862 3.8429 0 0 0 0.0012605 0.0126051 0.0067067 0.0071851 
290000 773 981.447 113256.136 448.536 3.8572 0 0 0 0.0011824 0.0118238 0.0067146 0.0020725 
300000 783 982.948 117663.674 446.07 3.8631 0 0 0 0.0011607 0.0116071 0.0069099 0.0102362 
310000 794 969.466 122439.949 444.047 3.8104 0 0 0 0.0010901 0.0109012 0.007055 0.0042639 
320000 805 961.293 127147.243 442.377 3.7752 0 0 0 0.0010475 0.0104748 0.006954 0.0028929 
330000 815 968.374 131494.996 441.06 3.8141 0 0 0 0.0009824 0.0098239 0.0066653 0.0031316 
340000 826 943.256 135981.417 429.398 3.7158 0 0 0 0.0008826 0.0088256 0.0063043 0.0018012 
350000 838 923.68 140382.788 416.946 3.6419 0 0 0 0.0008128 0.0081283 0.0060535 0.013101 
360000 850 907.829 145608.813 423.247 3.5777 0 0 0 0.0007505 0.0075047 0.0057149 -0.0016588 
370000 862 889.265 150995.146 426.681 3.5045 0 0 0 0.0007499 0.0074991 0.0064367 -0.0040657 
380000 872 909.522 156168.501 443.758 3.5821 0 0 0 0.0007166 0.0071657 0.0061205 0.0118855 
390000 882 912.307 161832.917 457.966 3.5946 0 0 0 0.0006327 0.0063267 0.0057799 -0.0030828 
400000 892 928.349 167121.813 470.836 3.6635 0 0 0 0.0005711 0.0057108 0.0054378 -0.0033802 
410000 902 941.456 172110.958 478.069 3.7163 0 0 0 0.0005445 0.0054447 0.0053302 0.0058742 
420000 912 952.165 176823.044 476.126 3.7637 0 0 0 0.0005076 0.0050762 0.0049963 -0.003236 
430000 922 960.915 182416.802 490.478 3.803 0 0 0 0.0004783 0.0047833 0.005156 -0.0013856 
440000 933 959.588 188222.867 502.766 3.7954 0 0 0 0.000459 0.0045905 0.0053768 -0.0055604 
450000 943 966.981 192713.672 493.385 3.8229 0 0 0 0.0004372 0.0043724 0.0053072 0.0020626 
460000 953 973.021 198232.268 504.462 3.8433 0 0 0 0.0004347 0.0043466 0.0055565 0.004814 
470000 963 977.956 203267.733 504.588 3.8645 0 0 0 0.0004394 0.0043943 0.0058728 0.0039824 
480000 973 981.988 209289.122 522.049 3.8785 0 0 0 0.0004127 0.0041266 0.0057638 0.0035953 
490000 983 985.283 214072.658 515.188 3.8943 0 0 0 0.000438 0.0043801 0.0064437 0.0012349 
500000 993 987.975 219575.811 519.707 3.907 0 0 0 0.0004234 0.0042344 0.0063355 0.0013992 
510000 1003 990.175 225546.994 533.57 3.912 0 0 0 0.0004215 0.0042153 0.0065085 0.0039565 
520000 1013 991.972 230404.249 525.333 3.9215 0 0 0 0.0004236 0.0042356 0.006626 0.0041977 
530000 1023 993.441 236116.232 532.874 3.9323 0 0 0 0.0004294 0.0042942 0.0070858 0.0136162 
540000 1033 994.641 241583.848 536.021 3.9353 0 0 0 0.0004289 0.0042895 0.0074967 0.0015798 
550000 1043 995.621 246534.907 528.175 3.9363 0 0 0 0.0004165 0.0041655 0.0077101 0.0006664 
560000 1053 996.422 251676.159 527.283 3.9404 0 0 0 0.0004087 0.0040875 0.0076842 0.0022306 
570000 1064 980.671 257097.829 519.797 3.8766 0 0 0 0.0004159 0.0041588 0.0079309 0.0075479 
580000 1074 984.207 263471.371 542.342 3.8883 0 0 0 0.0004027 0.0040274 0.0081487 0.0054801 
590000 1084 987.096 270377.314 567.871 3.9001 0 0 0 0.0003902 0.0039021 0.0080789 -0.0026649 
600000 1094 989.456 276949.662 585.349 3.9053 0 0 0 0.0004035 0.0040349 0.0084663 0.0078322 
610000 1104 991.385 283573.625 599.908 3.915 0 0 0 0.000432 0.0043199 0.0091139 0.0035685 
620000 1115 975.942 289700.705 591.476 3.8524 0 0 0 0.0004193 0.0041928 0.008976 0.0087474 
630000 1125 980.343 295787.989 594.341 3.8678 0 0 0 0.0004234 0.0042344 0.0092776 -0.0005919 
640000 1135 983.939 302091.035 601.341 3.8855 0 0 0 0.0004258 0.0042582 0.0095437 0.0102618 
650000 1145 986.877 307747.505 594.356 3.8948 0 0 0 0.0004251 0.0042515 0.0095448 0.0047611 
660000 1155 989.277 314447.336 607.439 3.9003 0 0 0 0.000419 0.0041903 0.0094491 0.0058115 
670000 1165 991.239 321169.687 619.348 3.9081 0 0 0 0.0004063 0.0040633 0.0096246 0.0068775 
680000 1175 992.841 327171.571 616.4 3.914 0 0 0 0.0004041 0.0040412 0.0096115 0.0070966 
690000 1185 994.151 334639.04 640.002 3.9238 0 0 0 0.0003781 0.003781 0.00942 0.0058795 
700000 1195 995.221 341717.982 652.092 3.9298 0 0 0 0.0003652 0.0036522 0.009266 0.0061324 
710000 1205 996.095 348480.914 656.705 3.9325 0 0 0 0.0003599 0.0035988 0.0091647 0.003198 
720000 1215 996.809 355460.031 664.105 3.9404 0 0 0 0.0003573 0.0035725 0.0093776 0.0139631 
730000 1225 997.393 362403.33 669.084 3.9282 0 0 0 0.0003547 0.0035473 0.0093056 -0.0011017 
740000 1235 997.87 369317.984 673.435 3.9264 0 0 0 0.0003526 0.0035259 0.0091716 -0.0022665 
750000 1245 998.26 376976.282 689.249 3.9319 0 0 0 0.0003486 0.0034863 0.00892 0.0048393 
760000 1255 998.578 383615.985 685.885 3.9329 0 0 0 0.0003475 0.0034747 0.0092049 0.0015528 
770000 1265 991.384 392356.155 714.04 3.908 0 0 0 0.0003435 0.0034349 0.0094358 0.0059744 
780000 1275 992.96 400021.158 719.747 3.9099 0 0 0 0.0003415 0.003415 0.0093038 0.0045784 
790000 1285 994.248 409175.025 761.712 3.9169 0 0 0 0.0003542 0.0035422 0.0096739 -0.0034014 
800000 1295 995.3 416084.964 745.716 3.9216 0 0 0 0.0003496 0.0034962 0.0097152 0.0048748 
810000 1305 996.16 424089.121 755.493 3.9255 0 0 0 0.0003491 0.003491 0.009633 0.0048784 
820000 1315 996.862 431708.327 756.097 3.9254 0 0 0 0.0003741 0.0037407 0.0100308 0.0093669 
830000 1325 997.436 440221.203 776.124 3.9267 0 0 0 0.0003697 0.0036972 0.0101333 0.0119189 
840000 1335 997.905 449149.31 798.071 3.9289 0 0 0 0.000367 0.0036697 0.009923 0.0121514 
850000 1345 998.289 459514.871 835.099 3.9317 0 0 0 0.0003575 0.0035746 0.0100194 0.003664 
860000 1355 998.602 469210.853 860.294 3.9326 0 0 0 0.0003615 0.0036153 0.009996 0.0053108 
870000 1365 998.857 479097.454 881.194 3.933 0 0 0 0.0003712 0.003712 0.0102485 0.0079809 
880000 1376 991.064 488089.896 880.852 3.9042 0 0 0 0.0003784 0.0037835 0.0104195 0.008672 
890000 1386 992.699 499841.167 933.44 3.9085 0 0 0 0.0003748 0.0037484 0.0104278 0.0038962 
900000 1396 994.035 509259.755 935.413 3.9142 0 0 0 0.0003941 0.003941 0.0111928 0.0058498 
910000 1406 995.126 521493.994 988.716 3.9208 0 0 0 0.000391 0.0039103 0.0110371 0.0066271 
920000 1416 996.017 530221.133 966.044 3.9268 0 0 0 0.0003876 0.0038762 0.0112526 0.0126526 
930000 1426 996.746 538902.244 948.34 3.9375 0 0 0 0.0003878 0.0038778 0.0111493 0.0024843 
940000 1436 997.341 547603.082 935.068 3.9375 0 0 0 0.0003807 0.0038067 0.0107086 0.007587 
950000 1446 997.828 556286.815 922.923 3.9398 0 0 0 0.0003846 0.0038463 0.0108756 0.006132 
960000 1456 998.225 564457.998 903.87 3.9398 0 0 0 0.0003769 0.0037692 0.0107554 0.01014 
970000 1466 998.55 575570.181 942.177 3.9441 0 0 0 0.000388 0.0038798 0.0107381 0.0032844 
980000 1476 998.815 586664.073 975.136 3.9426 0 0 0 0.0003897 0.0038969 0.0108173 0.0127317 
990000 1486 999.032 598123.804 1005.688 3.9455 0 0 0 0.0003855 0.0038549 0.0109876 0.0136648 
1000000 1496 996.882 607035.069 979.571 3.9374 0 0 0 0.0003801 0.0038006 0.0109271 0.0113741 
1010000 1506 997.453 617273.808 987.981 3.9406 0 0 0 0.0003713 0.0037128 0.0106341 0.0020999 
1020000 1516 997.919 625937.332 966.726 3.9397 0 0 0 0.000375 0.0037497 0.0105546 0.0116426 
1030000 1526 998.299 635131.798 957.827 3.938 0 0 0 0.000368 0.0036796 0.010571 0.0091765 
1040000 1537 979.095 645592.508 954.312 3.8601 0 0 0 0.0003768 0.0037677 0.0108129 0.0099066 
1050000 1547 982.919 656677.023 982.721 3.8791 0 0 0 0.000386 0.0038601 0.0112307 0.0201923 
1060000 1557 986.044 668799.863 1024.804 3.8882 0 0 0 0.0003835 0.0038349 0.0109788 0.0107053 
1070000 1567 988.597 680025.23 1044.245 3.9002 0 0 0 0.0003808 0.0038082 0.0111612 0.008679 
1080000 1577 990.683 692745.306 1087.114 3.9133 0 0 0 0.0003815 0.0038146 0.0113402 0.008496 
1090000 1587 992.387 707179.624 1152.047 3.9133 0 0 0 0.0003563 0.0035632 0.0109104 0.0070877 
1100000 1597 993.78 720279.426 1181.561 3.9222 0 0 0 0.00036 0.0036001 0.0107694 0.0089907 
1110000 1607 994.917 736119.501 1254.59 3.9218 0 0 0 0.0003492 0.0034924 0.0106822 0.0062567 
1120000 1617 995.847 748656.962 1254.831 3.9234 0 0 0 0.0003566 0.0035659 0.0105108 0.0073218 
1130000 1627 996.607 756994.98 1179.528 3.9246 0 0 0 0.000358 0.00358 0.0106473 0.0079141 
1140000 1637 997.228 771395.265 1229.016 3.9312 0 0 0 0.0003721 0.0037208 0.0109925 0.0172923 
1150000 1647 997.735 783583.712 1225.289 3.9314 0 0 0 0.0003797 0.0037966 0.0109795 0.0092009 
1160000 1657 998.149 791754.421 1148.075 3.9335 0 0 0 0.0003893 0.0038932 0.011368 0.0159542 
1170000 1667 998.488 805367.052 1183.059 3.9356 0 0 0 0.0003913 0.0039128 0.011479 0.0141781 
1180000 1677 998.764 819982.028 1239.488 3.9392 0 0 0 0.0003912 0.0039115 0.0113155 0.0090828 
1190000 1687 998.99 834182.788 1268.883 3.9383 0 0 0 0.000403 0.0040303 0.0116876 0.0120795 
1200000 1697 999.175 849263.821 1312.921 3.942 0 0 0 0.0004031 0.0040308 0.0116447 0.0232261 
1210000 1708 984.273 861205.664 1273.007 3.8796 0 0 0 0.000404 0.0040404 0.011912 0.0189813 
1220000 1719 973.167 872626.267 1230.936 3.8363 0 0 0 0.0004046 0.0040457 0.0118768 0.0140458 
1230000 1729 978.075 886506.548 1257.9 3.8481 0 0 0 0.0004098 0.0040983 0.0120302 0.028915 
1240000 1739 982.086 899254.46 1259.3 3.8603 0 0 0 0.0003989 0.0039892 0.0117386 0.0173659 
1250000 1749 985.363 912918.052 1280.214 3.8775 0 0 0 0.0003832 0.0038318 0.0114532 0.0074945 
1260000 1759 988.04 926297.554 1291.749 3.8929 0 0 0 0.0003955 0.0039554 0.0115632 0.0127668 
1270000 1769 990.228 940930.636 1323.648 3.9026 0 0 0 0.0003866 0.0038656 0.0112957 0.0076519 
1280000 1779 992.016 956184.086 1360.023 3.9054 0 0 0 0.0003843 0.0038432 0.0113983 0.0267904 
1290000 1789 993.476 974222.211 1441.265 3.9138 0 0 0 0.0003802 0.0038019 0.0113589 0.0090818 
1300000 1799 994.67 990424.215 1472.571 3.914 0 0 0 0.0003806 0.0038059 0.0114606 0.0106203 
1310000 1809 995.645 1007472.401 1514.826 3.917 0 0 0 0.0003915 0.0039154 0.0115902 0.0186126 
1320000 1819 996.441 1025233.512 1563.028 3.9179 0 0 0 0.0003851 0.0038509 0.0115201 0.0137691 
1330000 1829 997.092 1041361.379 1570.592 3.9164 0 0 0 0.0003795 0.0037954 0.0112018 0.0227272 
1340000 1839 997.624 1055980.531 1552.01 3.9187 0 0 0 0.0003699 0.0036993 0.0111767 0.0161021 
1350000 1849 998.059 1073105.51 1581.622 3.9187 0 0 0 0.0003583 0.003583 0.0111703 0.0095644 
1360000 1859 998.414 1087418.878 1552.411 3.921 0 0 0 0.0003488 0.0034879 0.0107148 0.0171406 
1370000 1869 998.704 1104186.53 1576.822 3.9236 0 0 0 0.0003377 0.0033767 0.0107879 0.0162632 
1380000 1879 998.941 1122298.828 1619.93 3.918 0 0 0 0.0003346 0.0033458 0.0106276 0.0145654 
1390000 1889 999.135 1140241.069 1650.187 3.8932 0 0 0 0.0003219 0.0032188 0.010534 0.0214727 
1400000 1899 999.293 1156601.128 1648.046 3.8722 0 0 0 0.0003206 0.0032056 0.0105091 0.010056 
1410000 1909 999.422 1173212.77 1651.946 3.858 0 0 0 0.0003172 0.0031721 0.0106047 0.0217294 
1420000 1919 999.528 1190517.005 1667.63 3.8414 0 0 0 0.0003043 0.0030428 0.0103229 0.0116188 
1430000 1929 999.614 1208007.708 1682.352 3.8319 0 0 0 0.0002946 0.002946 0.0102133 0.014057 
1440000 1939 999.685 1225481.592 1693.779 3.8273 0 0 0 0.0002914 0.0029136 0.0101999 0.0108667 
1450000 1949 982.971 1241956.745 1657.921 3.7569 0 0 0 0.0002868 0.0028685 0.0100865 0.0195348 
1460000 1959 986.086 1260363.331 1685.264 3.7608 0 0 0 0.0002815 0.0028153 0.009893 0.0189545 
1470000 1969 988.631 1278356.971 1707.47 3.7641 0 0 0 0.0002692 0.0026924 0.0098489 0.0172558 
1480000 1979 990.711 1296036.727 1721.331 3.7616 0 0 0 0.0002654 0.0026542 0.0099557 0.0256048 
1490000 1989 992.41 1314127.221 1736.449 3.763 0 0 0 0.0002637 0.0026367 0.009787 0.0215496 
1500000 1999 993.798 1332624.971 1753.061 3.7665 0 0 0 0.0002628 0.0026282 0.0097851 0.0171649 
1510000 2009 994.933 1350865.709 1767.395 3.7734 0 0 0 0.0002592 0.0025922 0.0096453 0.0142173 
1520000 2019 995.86 1368547.238 1766.557 3.7771 0 0 0 0.0002603 0.0026034 0.0096438 0.0159734 
1530000 2029 996.617 1386144.287 1770.723 3.7808 0 0 0 0.0002622 0.0026221 0.0096046 0.017614 
1540000 2039 997.236 1402952.707 1753.333 3.7905 0 0 0 0.0002583 0.0025833 0.0094837 0.0165168 
1550000 2049 997.742 1419023.094 1730.063 3.7933 0 0 0 0.0002688 0.0026875 0.0097294 0.0254407 
1560000 2059 998.155 1433736.713 1678.357 3.7953 0 0 0 0.000265 0.0026501 0.0096608 0.0131293 
1570000 2069 998.492 1449257.672 1655.898 3.7958 0 0 0 0.0002766 0.0027657 0.0097597 0.0166837 
1580000 2079 998.768 1463638.875 1613.659 3.7962 0 0 0 0.0002795 0.0027946 0.0098029 0.0188098 
1590000 2090 984.006 1480708.094 1607.361 3.7379 0 0 0 0.0002816 0.0028159 0.0100284 0.018829 
1600000 2100 986.932 1497203.464 1608.666 3.7483 0 0 0 0.0002856 0.0028559 0.0098784 0.0257122 
1610000 2110 989.322 1514982.759 1636.068 3.7554 0 0 0 0.0002824 0.0028236 0.009904 0.0301069 
1620000 2121 976.001 1535077.116 1682.876 3.705 0 0 0 0.0002791 0.0027907 0.009721 0.017398 
1630000 2131 980.391 1552122.956 1688.401 3.7199 0 0 0 0.0002785 0.0027855 0.0097521 0.0137512 
1640000 2141 983.978 1571320.76 1732.157 3.7262 0 0 0 0.0002929 0.0029288 0.0099161 0.0283372 
1650000 2151 986.909 1590019.375 1755.089 3.7378 0 0 0 0.0002803 0.0028029 0.0096947 0.0227788 
1660000 2161 989.304 1606090.106 1726.588 3.7505 0 0 0 0.0002952 0.0029523 0.0102833 0.0205604 
1670000 2171 991.26 1623990.859 1739.71 3.7551 0 0 0 0.0002915 0.0029154 0.0103021 0.0162671 
1680000 2181 992.859 1641929.288 1754.036 3.7596 0 0 0 0.0002926 0.0029259 0.0102063 0.0171401 
1690000 2191 994.165 1660802.309 1773.997 3.7708 0 0 0 0.0002845 0.002845 0.0101155 0.0235144 
1700000 2201 995.233 1679032.616 1785.352 3.7756 0 0 0 0.000276 0.0027602 0.0099389 0.0156637 
1710000 2211 996.105 1697440.337 1793.158 3.777 0 0 0 0.000273 0.0027297 0.009752 0.0160559 
1720000 2221 996.817 1716732.839 1819.794 3.785 0 0 0 0.0002728 0.0027278 0.0096044 0.0210397 
1730000 2231 997.399 1735529.978 1827.237 3.7929 0 0 0 0.0002677 0.002677 0.0095641 0.0204989 
1740000 2241 997.875 1754902.882 1849.871 3.7967 0 0 0 0.0002681 0.0026808 0.0095194 0.0252383 
1750000 2251 998.264 1773926.931 1859.377 3.797 0 0 0 0.0002557 0.0025566 0.0093213 0.0158072 
1760000 2261 998.581 1792293.06 1862.975 3.7942 0 0 0 0.000253 0.00253 0.0091025 0.0239143 
1770000 2271 998.841 1810034.414 1844.556 3.793 0 0 0 0.0002509 0.0025092 0.0092683 0.0110056 
1780000 2281 999.053 1827366.56 1826.273 3.7954 0 0 0 0.0002577 0.0025769 0.0092311 0.0201688 
1790000 2291 995.275 1843258.86 1769.653 3.7796 0 0 0 0.000257 0.0025699 0.0094816 0.0169539 
1800000 2301 996.14 1860934.192 1769.779 3.7802 0 0 0 0.0002466 0.0024658 0.0092622 0.0141156 
1810000 2311 996.846 1878132.508 1759.384 3.7845 0 0 0 0.0002578 0.002578 0.0094808 0.0167093 
1820000 2321 997.423 1895321.755 1752.604 3.7842 0 0 0 0.0002571 0.0025712 0.0091457 0.0140475 
1830000 2331 997.894 1914547.869 1784.167 3.7837 0 0 0 0.0002498 0.0024984 0.0091018 0.0207946 
1840000 2341 998.279 1931938.555 1780.463 3.7893 0 0 0 0.0002591 0.0025913 0.0091489 0.0210165 
1850000 2352 996.037 1950777.94 1790.97 3.7769 0 0 0 0.000258 0.0025803 0.0092086 0.0229413 
1860000 2362 996.762 1970127.665 1816.118 3.7812 0 0 0 0.000241 0.0024099 0.0088618 0.0212733 
1870000 2372 997.354 1987143.303 1795.778 3.7822 0 0 0 0.0002454 0.0024544 0.0088365 0.0150692 
1880000 2382 997.838 2007451.264 1839.18 3.7813 0 0 0 0.0002347 0.0023474 0.0086401 0.0243926 
1890000 2392 998.234 2025836.287 1838.166 3.7824 0 0 0 0.0002371 0.0023705 0.0086832 0.0151328 
1900000 2402 998.557 2044330.425 1839.817 3.7862 0 0 0 0.0002461 0.0024611 0.009173 0.0148355 
1910000 2412 998.821 2064016.025 1862.899 3.7865 0 0 0 0.0002391 0.0023908 0.0088238 0.015293 
1920000 2422 999.037 2082838.001 1867.361 3.7856 0 0 0 0.0002389 0.0023886 0.0087523 0.0073258 
1930000 2432 999.213 2102246.227 1880.002 3.7883 0 0 0 0.000237 0.0023698 0.0088181 0.0131405 
1940000 2442 999.357 2122472.239 1905.925 3.7902 0 0 0 0.0002407 0.0024068 0.0089499 0.0114203 
1950000 2452 999.474 2139980.677 1876.465 3.7907 0 0 0 0.0002465 0.0024647 0.0090936 0.0144528 
1960000 2462 999.571 2157779.2 1860.08 3.792 0 0 0 0.0002464 0.0024644 0.0091378 0.014103 
1970000 2472 999.649 2177664.177 1883.338 3.7955 0 0 0 0.000245 0.00245 0.0090675 0.0213262 
1980000 2482 999.713 2195819.023 1873.678 3.7983 0 0 0 0.0002424 0.0024235 0.0089523 0.0182415 
1990000 2492 999.766 2216030.25 1900.525 3.8038 0 0 0 0.0002424 0.0024237 0.0090479 0.012711 
2000000 2502 999.809 2234827.77 1898.14 3.7988 0 0 0 0.0002472 0.0024723 0.0090952 0.0169513 
2010000 2512 999.844 2253827.081 1898.38 3.7928 0 0 0 0.0002434 0.002434 0.0089585 0.0170784 
2020000 2522 999.872 2271658.493 1878.474 3.7897 0 0 0 0.0002667 0.002667 0.0095126 0.0131041 
2030000 2532 999.896 2290633.353 1881.107 3.7911 0 0 0 0.0002601 0.0026014 0.0094987 0.0237605 
2040000 2542 999.915 2311051.107 1910.827 3.7886 0 0 0 0.0002637 0.0026373 0.0094599 0.0170038 
2050000 2552 999.93 2329524.922 1898.857 3.7901 0 0 0 0.000267 0.0026696 0.0094523 0.0166194 
2060000 2562 999.943 2344076.981 1816.785 3.7927 0 0 0 0.0002747 0.0027469 0.0094528 0.0195564 
2070000 2572 999.953 2363809.47 1846.115 3.7921 0 0 0 0.0002695 0.0026954 0.0093325 0.0158764 
2080000 2582 999.962 2383042.128 1860.435 3.7919 0 0 0 0.0002702 0.002702 0.0093463 0.0215094 
2090000 2592 999.969 2403004.715 1885.725 3.7986 0 0 0 0.0002738 0.0027379 0.0093077 0.0180691 
2100000 2602 999.975 2424013.476 1926.007 3.7961 0 0 0 0.0002702 0.0027015 0.0092911 0.0134484 
2110000 2612 999.979 2443811.408 1934.35 3.7917 0 0 0 0.0002688 0.0026883 0.0091536 0.0162808 
2120000 2622 999.983 2465426.26 1974.979 3.7979 0 0 0 0.0002703 0.0027031 0.0091498 0.019516 
2130000 2632 999.986 2485523.158 1979.838 3.797 0 0 0 0.0002643 0.0026425 0.009087 0.0156472 
2140000 2642 999.989 2505762.432 1987.291 3.8005 0 0 0 0.0002676 0.002676 0.0090056 0.0163687 
2150000 2652 999.991 2526514.653 2003.3 3.7988 0 0 0 0.0002619 0.0026189 0.0088294 0.0143456 
2160000 2662 999.992 2547253.38 2015.991 3.8014 0 0 0 0.0002586 0.002586 0.0088257 0.019113 
2170000 2672 999.994 2567600.101 2019.461 3.8078 0 0 0 0.0002657 0.0026569 0.0089816 0.0177043 
2180000 2682 999.995 2587082.374 2006.161 3.8076 0 0 0 0.0002615 0.0026149 0.0088945 0.0181442 
2190000 2692 999.996 2607435.859 2010.995 3.8086 0 0 0 0.0002692 0.0026918 0.0091697 0.0172672 
2200000 2702 999.997 2623273.615 1930.141 3.8123 0 0 0 0.0002877 0.0028766 0.0093257 0.0196845 
2210000 2712 999.997 2642267.818 1923.134 3.8071 0 0 0 0.0002802 0.0028024 0.0094276 0.0177638 
2220000 2722 999.998 2661735.36 1927.773 3.8067 0 0 0 0.0002732 0.002732 0.009022 0.0202704 
2230000 2732 999.998 2682042.214 1946.215 3.8079 0 0 0 0.0002603 0.0026027 0.0088221 0.0186054 
2240000 2742 999.998 2700409.654 1924.705 3.8009 0 0 0 0.0002616 0.0026158 0.0088719 0.0121097 
2250000 2752 999.999 2718657.14 1904.957 3.8037 0 0 0 0.0002737 0.0027367 0.0092351 0.0123057 
2260000 2762 999.999 2735613.572 1866.494 3.8024 0 0 0 0.0002759 0.0027587 0.0092752 0.0165678 
2270000 2772 999.999 2754671.12 1873.058 3.7998 0 0 0 0.0002787 0.0027868 0.0092594 0.0187637 
2280000 2782 999.999 2770567.257 1819.313 3.7995 0 0 0 0.0002756 0.0027565 0.0093294 0.0218995 
2290000 2792 999.999 2790593.925 1852.28 3.8016 0 0 0 0.000276 0.00276 0.0092942 0.0168179 
2300000 2802 1000.0 2807108.624 1814.524 3.803 0 0 0 0.0002877 0.0028773 0.009508 0.0130295 
2310000 2812 1000.0 2822393.978 1760.87 3.8 0 0 0 0.0002886 0.0028857 0.0095472 0.0180914 
2320000 2822 1000.0 2838169.646 1730.483 3.7948 0 0 0 0.0002859 0.0028593 0.0096119 0.0229438 
2330000 2832 1000.0 2856786.034 1753.299 3.8016 0 0 0 0.000294 0.0029399 0.0096676 0.0176541 
2340000 2842 1000.0 2876259.131 1789.629 3.8017 0 0 0 0.0002886 0.0028861 0.0097477 0.0144906 
2350000 2852 1000.0 2895915.361 1822.087 3.8045 0 0 0 0.0002989 0.0029893 0.0097646 0.0173614 
2360000 2862 1000.0 2915506.11 1848.535 3.8078 0 0 0 0.0002961 0.0029606 0.0098458 0.0154611 
2370000 2872 1000.0 2934935.752 1866.621 3.8036 0 0 0 0.0002967 0.002967 0.0096835 0.0090097 
2380000 2882 1000.0 2953026.03 1857.167 3.8042 0 0 0 0.0003002 0.003002 0.0097066 0.0145739 
2390000 2892 1000.0 2971621.901 1857.188 3.809 0 0 0 0.0003031 0.0030312 0.009787 0.0206118 
2400000 2902 1000.0 2990967.007 1870.817 3.8325 0 0 0 0.0002944 0.0029441 0.0099427 0.0243167 
2410000 2912 1000.0 3010850.722 1892.484 3.8383 0 0 0 0.0002933 0.0029332 0.0098564 0.0239772 
2420000 2922 1000.0 3029466.662 1886.633 3.8468 0 0 0 0.0002849 0.0028488 0.0097084 0.0148815 
2430000 2932 1000.0 3045890.774 1841.551 3.8485 0 0 0 0.0003042 0.003042 0.0101262 0.0176342 
2440000 2942 1000.0 3064261.463 1842.536 3.8617 0 0 0 0.0003063 0.0030631 0.0099161 0.0238006 
2450000 2952 1000.0 3080740.217 1808.744 3.8717 0 0 0 0.0003031 0.0030309 0.0098901 0.0217728 
2460000 2962 1000.0 3098964.49 1808.415 3.8802 0 0 0 0.0002988 0.0029875 0.0099179 0.0128841 
2470000 2972 1000.0 3117477.479 1816.059 3.8841 0 0 0 0.0003072 0.0030721 0.0099553 0.0179823 
2480000 2982 1000.0 3134334.404 1794.938 3.8936 0 0 0 0.0003004 0.0030042 0.0099195 0.0128217 
2490000 2992 1000.0 3151728.579 1783.027 3.8997 0 0 0 0.000304 0.00304 0.0100429 0.0135124 
2500000 3002 1000.0 3171452.903 1817.419 3.8976 0 0 0 0.0003059 0.0030588 0.0099493 0.0137395 
2510000 3012 1000.0 3191715.05 1855.705 3.8997 0 0 0 0.0003068 0.0030676 0.0098413 0.015678 
2520000 3022 1000.0 3210769.537 1864.088 3.9018 0 0 0 0.0002974 0.0029745 0.0097804 0.0162204 
2530000 3032 1000.0 3230502.121 1884.497 3.9095 0 0 0 0.0002987 0.0029868 0.0097927 0.015747 
2540000 3042 1000.0 3246747.914 1833.358 3.912 0 0 0 0.0003167 0.0031672 0.0101164 0.0228596 
2550000 3052 1000.0 3266044.476 1853.534 3.9123 0 0 0 0.0002993 0.0029935 0.0100143 0.0174848 
2560000 3062 1000.0 3286027.508 1880.325 3.9101 0 0 0 0.000298 0.0029797 0.0097544 0.0174722 
2570000 3072 1000.0 3303367.467 1852.124 3.9044 0 0 0 0.0003126 0.0031255 0.0100908 0.0166542 
2580000 3082 1000.0 3320745.42 1831.386 3.9083 0 0 0 0.0003137 0.0031375 0.01013 0.0222241 
2590000 3092 1000.0 3338071.214 1815.541 3.9128 0 0 0 0.0003086 0.0030863 0.0096234 0.0096164 
2600000 3102 1000.0 3356899.065 1827.784 3.9164 0 0 0 0.0003115 0.0031145 0.0097577 0.0215392 
2610000 3112 983.729 3370355.349 1700.591 3.8559 0 0 0 0.0003247 0.0032475 0.0099754 0.0158658 
2620000 3122 986.706 3389393.833 1740.395 3.8633 0 0 0 0.0003107 0.0031069 0.009635 0.0191075 
2630000 3132 989.138 3408953.651 1782.99 3.8676 0 0 0 0.0003071 0.0030708 0.0096315 0.0166976 
2640000 3142 991.125 3425957.937 1766.178 3.8777 0 0 0 0.0003113 0.0031125 0.0097006 0.0173197 
2650000 3153 975.684 3443239.449 1730.853 3.8213 0 0 0 0.0003112 0.0031123 0.0097109 0.0225576 
2660000 3163 980.132 3461147.174 1751.882 3.8419 0 0 0 0.0003051 0.0030509 0.009684 0.0172836 
2670000 3175 952.475 3475002.239 1631.281 3.7309 0 0 0 0.0003039 0.0030392 0.0097612 0.0146632 
2680000 3185 961.169 3490671.176 1609.2 3.7645 0 0 0 0.0002973 0.0029735 0.0094324 0.0139794 
2690000 3195 968.272 3509562.028 1663.575 3.7965 0 0 0 0.0003043 0.0030428 0.0094585 0.0103652 
2700000 3205 974.076 3526786.219 1670.769 3.818 0 0 0 0.0003046 0.0030457 0.0096603 0.0141561 
2710000 3215 978.818 3546640.891 1726.214 3.8361 0 0 0 0.0002905 0.0029047 0.0092116 0.0193649 
2720000 3225 982.693 3565388.221 1768.457 3.8529 0 0 0 0.0002933 0.0029326 0.0093433 0.0145644 
2730000 3235 985.859 3584806.645 1789.064 3.865 0 0 0 0.0002895 0.0028948 0.009236 0.021079 
2740000 3245 988.446 3605499.49 1842.641 3.8784 0 0 0 0.0002789 0.0027889 0.0091312 0.0124095 
2750000 3255 990.559 3626177.516 1879.562 3.8845 0 0 0 0.0002779 0.0027792 0.0089775 0.0093814 
2760000 3265 992.286 3646670.907 1910.48 3.8824 0 0 0 0.0002727 0.002727 0.0088091 0.0088459 
2770000 3275 993.697 3665975.307 1915.87 3.8884 0 0 0 0.0002766 0.0027656 0.0086591 0.0126559 
2780000 3285 994.85 3685804.697 1926.985 3.8952 0 0 0 0.0002727 0.0027266 0.0090061 0.0223933 
2790000 3295 995.792 3705966.416 1943.402 3.8951 0 0 0 0.0002664 0.0026641 0.0087405 0.0189145 
2800000 3305 996.562 3724596.56 1928.921 3.8982 0 0 0 0.0002614 0.0026145 0.0085587 0.0060062 
2810000 3315 997.191 3744238.265 1936.206 3.9024 0 0 0 0.0002518 0.0025185 0.0084096 0.0105775 
2820000 3325 997.705 3762521.375 1915.975 3.9081 0 0 0 0.0002599 0.0025989 0.008642 0.0198001 
2830000 3335 998.125 3782350.666 1930.166 3.9159 0 0 0 0.0002643 0.0026426 0.0086545 0.0207368 
2840000 3346 984.908 3801786.482 1903.738 3.8612 0 0 0 0.000257 0.0025702 0.0086735 0.0106078 
2850000 3356 987.668 3819459.005 1878.247 3.8728 0 0 0 0.0002586 0.0025858 0.0086783 0.0199504 
2860000 3366 989.924 3840243.206 1913.257 3.8738 0 0 0 0.0002503 0.002503 0.008279 0.0059283 
2870000 3376 991.767 3856475.729 1857.932 3.8783 0 0 0 0.0002485 0.0024854 0.0082083 0.0176421 
2880000 3386 993.273 3870721.246 1780.788 3.8842 0 0 0 0.0002666 0.0026658 0.0084971 0.0161664 
2890000 3396 994.504 3886347.543 1744.678 3.8867 0 0 0 0.000274 0.00274 0.0086505 0.0196457 
2900000 3406 995.509 3903834.147 1741.527 3.8918 0 0 0 0.0002749 0.0027486 0.0085512 0.0204494 
2910000 3416 996.331 3921664.894 1756.322 3.8973 0 0 0 0.0002866 0.0028659 0.0088096 0.018325 
2920000 3426 997.002 3935004.262 1674.203 3.9034 0 0 0 0.0002994 0.0029937 0.0089873 0.0116113 
2930000 3436 997.55 3952561.052 1692.435 3.9067 0 0 0 0.0003034 0.003034 0.0091144 0.0158752 
2940000 3446 997.998 3970647.629 1712.205 3.9063 0 0 0 0.000314 0.0031396 0.0091146 0.0179533 
2950000 3456 998.365 3989077.225 1734.459 3.9097 0 0 0 0.0003125 0.0031246 0.0091457 0.0233807 
2960000 3466 998.664 4008624.983 1773.197 3.9111 0 0 0 0.0003208 0.0032076 0.0091765 0.0152576 
2970000 3476 998.908 4026135.534 1773.183 3.9098 0 0 0 0.0003207 0.0032067 0.0092543 0.0143216 
2980000 3486 999.108 4044394.575 1783.782 3.919 0 0 0 0.0003213 0.0032128 0.00909 0.0105114 
2990000 3496 999.271 4064224.681 1818.595 3.9182 0 0 0 0.0003277 0.0032772 0.0093418 0.024397 
3000000 3506 999.404 4082070.717 1814.976 3.9179 0 0 0 0.0003246 0.0032461 0.0094253 0.0067811 
3010000 3516 999.513 4100606.157 1822.52 3.9167 0 0 0 0.000328 0.0032795 0.0094438 0.0177494 
3020000 3526 999.602 4118048.865 1809.632 3.9175 0 0 0 0.0003345 0.003345 0.0096111 0.0218174 
3030000 3536 999.675 4135251.098 1795.775 3.9187 0 0 0 0.0003292 0.003292 0.009307 0.0175204 
3040000 3546 999.735 4153807.054 1805.197 3.9244 0 0 0 0.0003346 0.0033457 0.0095223 0.0144352 
3050000 3556 999.783 4170925.387 1789.155 3.9271 0 0 0 0.0003349 0.0033495 0.0093016 0.0090092 
3060000 3566 999.823 4184844.603 1715.856 3.9221 0 0 0 0.0003491 0.0034912 0.0095647 0.0128881 
3070000 3576 999.855 4201846.978 1713.47 3.9282 0 0 0 0.000345 0.0034495 0.0094768 0.0183414 
3080000 3586 999.882 4216777.23 1671.681 3.9285 0 0 0 0.0003455 0.003455 0.0098477 0.0136283 
3090000 3596 999.903 4230913.546 1624.867 3.9296 0 0 0 0.0003505 0.0035052 0.0097709 0.011969 
3100000 3606 999.921 4244700.023 1586.318 3.9291 0 0 0 0.0003471 0.003471 0.009911 0.0112453 
3110000 3616 999.935 4261485.448 1600.316 3.9263 0 0 0 0.0003371 0.0033709 0.0095262 0.0097859 
3120000 3626 999.947 4280056.407 1648.354 3.9242 0 0 0 0.0003382 0.0033818 0.0098344 0.0148147 
3130000 3636 999.957 4294672.152 1616.855 3.9244 0 0 0 0.000326 0.0032603 0.0094292 0.019802 
3140000 3646 999.965 4312658.757 1646.6 3.9278 0 0 0 0.0003216 0.0032164 0.0093591 0.0225147 
3150000 3656 999.971 4328767.832 1638.692 3.926 0 0 0 0.0003255 0.0032549 0.0092688 0.0112825 
3160000 3666 999.976 4347746.481 1687.011 3.927 0 0 0 0.0003187 0.0031871 0.0092755 0.0137475 
3170000 3676 999.981 4367169.838 1731.486 3.9237 0 0 0 0.0003175 0.0031749 0.009378 0.0132711 
3180000 3686 999.984 4383652.179 1719.103 3.9268 0 0 0 0.0003251 0.0032506 0.0094682 0.0167139 
3190000 3696 999.987 4400853.799 1712.424 3.9262 0 0 0 0.0003307 0.0033066 0.0096179 0.0126189 
3200000 3706 999.99 4419267.682 1733.723 3.9245 0 0 0 0.0003356 0.0033556 0.0095762 0.0152593 
3210000 3716 999.991 4439288.079 1782.756 3.9283 0 0 0 0.0003408 0.0034084 0.0097269 0.0115553 
3220000 3726 999.993 4458210.309 1803.745 3.9289 0 0 0 0.0003417 0.0034168 0.0098175 0.0069828 
3230000 3736 999.994 4478340.412 1840.462 3.9286 0 0 0 0.0003423 0.0034232 0.0100224 0.0207135 
3240000 3746 999.995 4496418.557 1834.839 3.9314 0 0 0 0.0003385 0.0033848 0.0097067 0.0127242 
3250000 3756 999.996 4515966.573 1858.552 3.9265 0 0 0 0.0003443 0.0034434 0.0100562 0.0166184 
3260000 3766 999.997 4536993.329 1903.099 3.9308 0 0 0 0.00033 0.0033004 0.0097158 0.0177153 
3270000 3776 999.997 4553942.474 1862.062 3.9308 0 0 0 0.0003284 0.0032844 0.0098339 0.0158455 
3280000 3786 999.998 4572251.909 1855.591 3.9275 0 0 0 0.0003353 0.0033532 0.0100421 0.0137976 
3290000 3796 999.998 4587802.672 1800.303 3.926 0 0 0 0.0003405 0.0034048 0.0100684 0.0114975 
3300000 3806 999.999 4606755.116 1818.871 3.9244 0 0 0 0.0003345 0.0033451 0.0098404 0.0122372 
3310000 3816 999.999 4623821.327 1795.667 3.9206 0 0 0 0.0003328 0.0033282 0.0099359 0.0089482 
3320000 3826 999.999 4637650.529 1722.647 3.929 0 0 0 0.0003521 0.0035207 0.0102135 0.0155904 
3330000 3836 999.999 4653192.919 1690.935 3.9257 0 0 0 0.0003532 0.0035322 0.0103665 0.0147616 
3340000 3847 987.374 4669928.121 1669.772 3.8826 0 0 0 0.0003642 0.0036424 0.0106456 0.0187346 
3350000 3857 989.684 4687868.619 1691.313 3.893 0 0 0 0.0003812 0.0038121 0.0111449 0.0186116 
3360000 3867 991.571 4702308.896 1649.374 3.9058 0 0 0 0.000379 0.0037898 0.0108998 0.0080656 
3370000 3877 993.113 4718355.594 1641.68 3.9095 0 0 0 0.0003934 0.0039342 0.0112674 0.019524 
3380000 3887 994.373 4735288.895 1649.966 3.9142 0 0 0 0.0004006 0.0040059 0.0113717 0.0195522 
3390000 3897 995.402 4755461.389 1716.061 3.9136 0 0 0 0.0003816 0.0038161 0.0108934 0.0109166 
3400000 3907 996.243 4774544.464 1749.937 3.9072 0 0 0 0.0003805 0.0038052 0.0108181 0.0118457 
3410000 3917 996.047 4790396.786 1720.254 3.9057 0 0 0 0.0003981 0.0039811 0.0114337 0.0099097 
3420000 3927 996.77 4808062.614 1728.097 3.9062 0 0 0 0.0004064 0.004064 0.0112401 0.0134257 
3430000 3937 997.361 4827113.683 1760.666 3.9087 0 0 0 0.0004057 0.0040566 0.0113782 0.0170308 
3440000 3947 997.843 4846907.601 1800.428 3.908 0 0 0 0.0003954 0.0039537 0.0112435 0.0200584 
3450000 3957 998.238 4867423.771 1847.875 3.9111 0 0 0 0.0003973 0.003973 0.0110974 0.0227723 
3460000 3967 998.56 4886736.078 1862.881 3.9108 0 0 0 0.000402 0.00402 0.0111114 0.0150921 
3470000 3977 998.824 4903468.618 1826.801 3.9172 0 0 0 0.0003925 0.0039252 0.0109291 0.0191163 
3480000 3987 999.039 4922198.83 1833.577 3.9165 0 0 0 0.000394 0.0039402 0.0110527 0.0160942 
3490000 3997 999.215 4941798.509 1858.757 3.9156 0 0 0 0.0003874 0.0038736 0.0109565 0.0194403 
3500000 4007 999.358 4959223.779 1838.653 3.9131 0 0 0 0.0003822 0.0038219 0.0106857 0.0150649 
3510000 4017 999.476 4978754.198 1857.933 3.9226 0 0 0 0.0003715 0.0037153 0.0103159 0.0118193 
3520000 4027 999.572 4999020.653 1888.798 3.9225 0 0 0 0.0003708 0.0037085 0.0101428 0.0143167 
3530000 4037 999.65 5020423.795 1934.28 3.9193 0 0 0 0.0003714 0.0037143 0.0102284 0.0233747 
3540000 4047 999.714 5038437.3 1906.024 3.9222 0 0 0 0.0003616 0.0036157 0.0101874 0.0225217 
3550000 4057 999.766 5058492.614 1923.479 3.9223 0 0 0 0.0003526 0.0035262 0.0096868 0.0164938 
3560000 4067 999.809 5077107.717 1912.715 3.9238 0 0 0 0.0003497 0.003497 0.0097421 0.0130236 
3570000 4077 999.844 5097450.725 1933.619 3.9259 0 0 0 0.0003414 0.0034142 0.0094706 0.014754 
3580000 4087 999.873 5117421.895 1945.029 3.9312 0 0 0 0.0003255 0.0032553 0.0094609 0.0205829 
3590000 4097 999.896 5137482.751 1956.206 3.9292 0 0 0 0.0003254 0.003254 0.0095649 0.0104812 
3600000 4107 999.915 5156253.484 1942.504 3.9254 0 0 0 0.0003284 0.0032844 0.0094771 0.0126521 
3610000 4117 999.93 5177836.025 1981.218 3.9225 0 0 0 0.0003179 0.0031794 0.0091629 0.0197249 
3620000 4127 999.943 5196844.358 1968.827 3.9256 0 0 0 0.0003139 0.0031388 0.0089956 0.0174998 
3630000 4137 999.954 5216205.231 1961.232 3.924 0 0 0 0.0003207 0.0032069 0.0091128 0.0210879 
3640000 4147 999.962 5231680.583 1882.39 3.9197 0 0 0 0.0003278 0.0032776 0.0091889 0.0069012 
3650000 4157 999.969 5246188.473 1801.682 3.9304 0 0 0 0.0003401 0.0034014 0.0091505 0.0104661 
3660000 4167 999.975 5264445.546 1808.953 3.9274 0 0 0 0.000338 0.0033803 0.0091528 0.0180715 
3670000 4177 999.979 5281873.564 1792.013 3.9263 0 0 0 0.0003253 0.0032529 0.0088299 0.0086851 
3680000 4187 988.25 5299767.859 1767.382 3.8776 0 0 0 0.0003352 0.0033521 0.0089579 0.014311 
3690000 4198 978.25 5313955.038 1680.492 3.839 0 0 0 0.0003396 0.0033961 0.0091805 0.0134009 
3700000 4208 982.229 5328936.698 1642.424 3.857 0 0 0 0.0003378 0.0033776 0.0090729 0.0158011 
3710000 4218 985.48 5346466.764 1663.662 3.8736 0 0 0 0.0003464 0.003464 0.0091995 0.0172961 
3720000 4228 988.136 5360581.151 1622.038 3.8829 0 0 0 0.000356 0.0035597 0.0094526 0.0134773 
3730000 4238 990.306 5378918.8 1652.344 3.8858 0 0 0 0.0003563 0.003563 0.0094207 0.0170691 
3740000 4248 992.079 5399274.409 1721.491 3.893 0 0 0 0.0003567 0.0035672 0.0096193 0.0040475 
3750000 4258 993.528 5418724.307 1758.983 3.8914 0 0 0 0.0003627 0.0036271 0.009682 0.0177782 
3760000 4268 994.712 5439944.106 1826.051 3.8934 0 0 0 0.0003583 0.0035832 0.0097485 0.0123942 
3770000 4278 995.679 5460018.844 1862.924 3.8993 0 0 0 0.0003589 0.0035886 0.0094538 0.0129729 
3780000 4288 996.47 5479846.113 1884.284 3.9022 0 0 0 0.0003573 0.0035728 0.0097088 0.0237707 
3790000 4298 997.116 5501076.546 1930.308 3.9088 0 0 0 0.0003526 0.0035259 0.0095082 0.0104099 
3800000 4308 997.643 5520434.776 1932.425 3.9165 0 0 0 0.0003526 0.0035264 0.0095239 0.013691 
3810000 4318 998.074 5540930.101 1950.783 3.917 0 0 0 0.0003503 0.0035032 0.0095085 0.0120469 
3820000 4328 998.427 5561059.063 1963.518 3.9159 0 0 0 0.0003465 0.0034648 0.0093941 0.0163322 
3830000 4338 998.714 5580683.213 1964.087 3.9176 0 0 0 0.0003492 0.0034918 0.009625 0.0169931 
3840000 4348 998.95 5598603.902 1932.776 3.9212 0 0 0 0.0003515 0.0035154 0.0099368 0.0121515 
3850000 4358 999.142 5617166.338 1918.399 3.9256 0 0 0 0.0003517 0.0035169 0.0097818 0.0205236 
3860000 4368 999.299 5634257.69 1880.452 3.9258 0 0 0 0.0003553 0.0035527 0.0102371 0.0133808 
3870000 4378 999.427 5650958.537 1837.779 3.9218 0 0 0 0.0003554 0.0035544 0.0098924 0.0151681 
3880000 4388 999.532 5667893.817 1811.726 3.9193 0 0 0 0.0003592 0.0035917 0.0098079 0.0118073 
3890000 4398 999.617 5686032.363 1811.697 3.9259 0 0 0 0.0003596 0.0035957 0.0099971 0.0120922 
3900000 4408 999.687 5704581.67 1820.992 3.9277 0 0 0 0.0003551 0.0035506 0.0099096 0.0106996 
3910000 4418 999.745 5726019.177 1877.07 3.9281 0 0 0 0.0003503 0.0035027 0.0100087 0.0176502 
3920000 4428 999.791 5745464.101 1889.598 3.9236 0 0 0 0.0003363 0.0033634 0.009699 0.0163246 
3930000 4438 999.83 5762674.763 1858.004 3.9244 0 0 0 0.0003283 0.0032832 0.0095562 0.0175175 
3940000 4448 999.861 5780808.759 1849.327 3.9242 0 0 0 0.0003268 0.003268 0.0096987 0.0162245 
3950000 4458 999.886 5796828.478 1806.708 3.922 0 0 0 0.0003279 0.0032788 0.0095005 0.0211784 
3960000 4468 999.907 5815016.256 1808.651 3.915 0 0 0 0.0003281 0.0032813 0.0096228 0.0165595 
3970000 4478 999.924 5829968.531 1751.767 3.9195 0 0 0 0.0003408 0.0034076 0.0100928 0.0192192 
3980000 4488 999.938 5845018.833 1705.97 3.9182 0 0 0 0.0003385 0.0033851 0.0099718 0.0161625 
3990000 4498 994.509 5858055.094 1624.292 3.9003 0 0 0 0.0003598 0.0035978 0.0105525 0.0139937 
4000000 4508 995.514 5874036.343 1619.039 3.9013 0 0 0 0.0003615 0.0036148 0.0105482 0.0171563 
