10000 11 171.747 0.0 0.003 0.4365 0 0 0 
20000 24 308.757 -3.0 -0.054 0.7882 0 0 0 
30000 80 217.226 -41.0 -0.47 0.8443 0 0 0 
40000 132 246.931 -84.0 -0.65 1.1324 0 0 0 
50000 142 384.688 -84.0 -0.531 1.8086 0 0 0 
60000 152 497.245 -84.0 -0.434 2.3109 0 0 0 
70000 162 589.213 -84.0 -0.355 2.7405 0 0 0 
80000 174 636.375 -87.0 -0.334 2.9875 0 0 0 
90000 184 702.892 -87.0 -0.273 3.2956 0 0 0 
100000 194 757.241 -87.0 -0.223 3.5809 0 0 0 
110000 204 792.443 -88.0 -0.199 3.755 0 0 0 
120000 224 698.95 -99.0 -0.32 3.334 0 0 0 
130000 234 754.02 -99.0 -0.262 3.6158 0 0 0 
140000 244 791.392 -98.0 -0.194 3.831 0 0 0 
150000 254 829.552 -98.0 -0.159 4.0107 0 0 0 
160000 265 850.447 -97.0 -0.109 4.1444 0 0 0 
170000 275 877.804 -97.0 -0.089 4.2558 0 0 0 
180000 287 876.08 -98.0 -0.088 4.2526 0 0 0 
190000 297 888.357 -99.0 -0.09 4.3296 0 0 0 
200000 307 908.56 -100.0 -0.094 4.388 0 0 0 
210000 319 903.109 -102.0 -0.109 4.3946 0 0 0 
220000 329 915.633 -103.0 -0.109 4.4417 0 0 0 
230000 348 797.258 -106.0 -0.116 3.9255 0 0 0 
240000 359 819.079 -104.0 -0.057 4.0227 0 0 0 
250000 416 337.805 -141.0 -0.488 1.6607 0 0 0 
260000 430 438.186 -142.0 -0.379 2.1447 0 0 0 
270000 440 540.957 -142.0 -0.309 2.6238 0 0 0 
280000 451 616.439 -141.0 -0.231 2.9766 0 0 0 
290000 462 678.321 -141.0 -0.185 3.275 0 0 0 
300000 477 672.044 -142.0 -0.157 3.2299 0 0 0 
310000 496 612.327 -142.0 -0.102 2.9473 0 0 0 
320000 531 450.532 -144.0 -0.069 2.1922 0 0 0 
330000 569 341.52 -141.0 -0.036 1.6602 0 0 0 
340000 595 348.255 -145.0 -0.09 1.6983 0 0 0 
350000 634 305.585 -163.0 -0.236 1.4823 0 0 0 
360000 647 407.671 -158.0 -0.091 1.9665 0 0 0 
370000 662 477.967 -152.0 0.039 2.3056 0 0 0 
380000 679 510.356 -145.0 0.139 2.4725 0 0 0 
390000 692 565.11 -141.0 0.179 2.7177 0 0 0 
400000 705 615.904 -140.0 0.149 2.9835 0 0 0 
410000 722 606.604 -134.0 0.207 2.9263 0 0 0 
420000 736 626.757 -130.0 0.222 3.0453 0 0 0 
430000 755 603.665 -126.0 0.224 2.9299 0 0 0 
440000 768 625.298 -125.0 0.194 3.0515 0 0 0 
450000 780 668.115 -122.0 0.21 3.2508 0 0 0 
460000 797 656.992 -120.0 0.19 3.2134 0 0 0 
470000 810 681.777 -116.0 0.216 3.3465 0 0 0 
480000 831 602.603 -117.0 0.117 2.9423 0 0 0 
490000 850 582.555 -113.0 0.157 2.8184 0 0 0 
500000 866 590.795 -109.0 0.185 2.8694 0 0 0 
510000 889 525.836 -112.0 0.056 2.5492 0 0 0 
520000 907 535.665 -109.0 0.081 2.609 0 0 0 
530000 932 493.211 -113.0 -0.001 2.3999 0 0 0 
540000 954 464.968 -118.0 -0.079 2.3075 0 0 0 
550000 967 540.351 -117.0 -0.04 2.6704 0 0 0 
560000 983 568.352 -122.0 -0.12 2.8297 0 0 0 
570000 1002 559.665 -133.0 -0.259 2.761 0 0 0 
580000 1019 560.636 -130.0 -0.134 2.7739 0 0 0 
590000 1038 548.794 -132.0 -0.135 2.7234 0 0 0 
600000 1062 495.555 -137.0 -0.173 2.4546 0 0 0 
610000 1084 479.498 -146.0 -0.257 2.3883 0 0 0 
620000 1115 404.845 -146.0 -0.167 2.0145 0 0 0 
630000 1143 375.634 -155.0 -0.245 1.8729 0 0 0 
640000 1165 406.919 -163.0 -0.268 1.9969 0 0 0 
650000 1189 410.231 -172.0 -0.309 2.0238 0 0 0 
660000 1212 411.85 -175.0 -0.242 2.0106 0 0 0 
670000 1234 432.454 -178.0 -0.211 2.1358 0 0 0 
680000 1253 467.237 -184.0 -0.252 2.3057 0 0 0 
690000 1271 474.699 -180.0 -0.096 2.3818 0 0 0 
700000 1295 453.15 -167.0 0.166 2.2686 0 0 0 
710000 1320 431.167 -156.0 0.285 2.2101 0 0 0 
720000 1341 438.215 -144.0 0.39 2.2255 0 0 0 
730000 1368 407.879 -127.0 0.488 2.0701 0 0 0 
740000 1397 382.643 -105.0 0.612 1.9284 0 0 0 
750000 1435 316.522 -70.0 0.784 1.5675 0 0 0 
760000 1470 309.882 -45.0 0.732 1.5835 0 0 0 
770000 1507 274.041 -24.0 0.626 1.3747 0 0 0 
780000 1560 225.183 24.0 0.825 1.1327 0 0 0 
790000 1616 196.77 66.0 0.79 0.9935 0 0 0 
800000 1710 117.948 147.0 0.86 0.5944 0 0 0 
810000 1784 124.446 211.0 0.843 0.6322 0 0 0 
820000 1877 109.221 289.0 0.856 0.5535 0 0 0 
830000 1952 129.316 347.0 0.769 0.6641 0 0 0 
840000 2037 110.946 412.0 0.785 0.5586 0 0 0 
850000 2144 98.657 506.0 0.863 0.4983 0 0 0 
860000 2250 94.854 588.0 0.828 0.4877 0 0 0 
870000 2367 90.483 681.0 0.819 0.4657 0 0 0 
880000 2468 106.822 755.0 0.794 0.5439 0 0 0 
890000 2575 110.155 834.0 0.729 0.5767 0 0 0 
900000 2664 123.614 912.0 0.872 0.6298 0 0 0 
910000 2751 106.115 987.0 0.899 0.5514 0 0 0 
920000 2870 88.775 1088.0 0.82 0.451 0 0 0 
930000 2961 110.011 1150.0 0.681 0.5639 0 0 0 
940000 3073 94.609 1241.0 0.793 0.492 0 0 0 
950000 3189 90.074 1341.0 0.892 0.4524 0 0 0 
960000 3298 96.126 1447.0 0.95 0.4985 0 0 0 
970000 3379 116.592 1523.0 0.926 0.5923 0 0 0 
980000 3476 96.958 1617.0 0.96 0.4982 0 0 0 
990000 3562 117.735 1690.0 0.907 0.6007 0 0 0 
1000000 3683 83.002 1801.0 0.938 0.4286 0 0 0 
