10000.0 10.0 -10.0 nan nan -0.001 nan nan -0.183 nan nan 
20000.0 21.0 -17.0 nan nan -0.0008 nan nan -0.276 nan nan 
30000.0 64.0 -56.0 nan nan -0.0019 nan nan -0.653 nan nan 
40000.0 246.0 -210.0 nan nan -0.0052 nan nan -0.858 nan nan 
50000.0 256.0 -220.0 nan nan -0.0044 nan nan -0.884 nan nan 
60000.0 266.0 -230.0 nan nan -0.0038 nan nan -0.905 nan nan 
70000.0 279.0 -235.0 nan nan -0.0034 nan nan -0.783 nan nan 
80000.0 292.0 -240.0 nan nan -0.003 nan nan -0.691 nan nan 
90000.0 306.0 -246.0 nan nan -0.0027 nan nan -0.63 nan nan 
100000.0 322.0 -258.0 nan nan -0.0026 nan nan -0.656 nan nan 
110000.0 336.0 -264.0 nan nan -0.0024 nan nan -0.599 nan nan 
120000.0 349.0 -267.0 nan nan -0.0022 nan nan -0.517 nan nan 
130000.0 363.0 -277.0 nan nan -0.0021 nan nan -0.566 nan nan 
140000.0 400.0 -282.0 nan nan -0.002 nan nan -0.287 nan nan 
150000.0 415.0 -285.0 nan nan -0.0019 nan nan -0.268 nan nan 
160000.0 429.0 -287.0 nan nan -0.0018 nan nan -0.239 nan nan 
170000.0 446.0 -286.0 nan nan -0.0017 nan nan -0.153 nan nan 
180000.0 467.0 -287.0 nan nan -0.0016 nan nan -0.107 nan nan 
190000.0 487.0 -279.0 nan nan -0.0015 nan nan 0.062 nan nan 
200000.0 513.0 -269.0 nan nan -0.0013 nan nan 0.175 nan nan 
210000.0 531.0 -265.0 nan nan -0.0013 nan nan 0.194 nan nan 
220000.0 546.0 -266.0 nan nan -0.0012 nan nan 0.13 nan nan 
230000.0 570.0 -262.0 nan nan -0.0011 nan nan 0.154 nan nan 
240000.0 594.0 -258.0 nan nan -0.0011 nan nan 0.166 nan nan 
250000.0 636.0 -256.0 nan nan -0.001 nan nan 0.081 nan nan 
260000.0 673.0 -245.0 nan nan -0.0009 nan nan 0.206 nan nan 
270000.0 782.0 -204.0 nan nan -0.0008 nan nan 0.443 nan nan 
280000.0 921.0 -107.0 nan nan -0.0004 nan nan 0.81 nan nan 
290000.0 1098.0 48.0 nan nan 0.0002 nan nan 0.905 nan nan 
300000.0 1222.0 136.0 nan nan 0.0005 nan nan 0.726 nan nan 
310000.0 1367.0 257.0 nan nan 0.0008 nan nan 0.885 nan nan 
320000.0 1581.0 461.0 nan nan 0.0014 nan nan 0.982 nan nan 
330000.0 1786.0 662.0 nan nan 0.002 nan nan 0.994 nan nan 
340000.0 2002.0 874.0 nan nan 0.0026 nan nan 0.945 nan nan 
350000.0 2226.0 1092.0 nan nan 0.0031 nan nan 0.951 nan nan 
360000.0 2405.0 1267.0 nan nan 0.0035 nan nan 0.993 nan nan 
370000.0 2609.0 1469.0 nan nan 0.004 nan nan 0.964 nan nan 
380000.0 2762.0 1614.0 nan nan 0.0042 nan nan 0.94 nan nan 
390000.0 2963.0 1803.0 nan nan 0.0046 nan nan 0.95 nan nan 
400000.0 3177.0 2017.0 nan nan 0.005 nan nan 0.999 nan nan 
410000.0 3382.0 2214.0 nan nan 0.0054 nan nan 0.961 nan nan 
420000.0 3605.0 2435.0 nan nan 0.0058 nan nan 0.998 nan nan 
430000.0 3805.0 2627.0 nan nan 0.0061 nan nan 0.951 nan nan 
440000.0 3980.0 2796.0 nan nan 0.0064 nan nan 0.981 nan nan 
450000.0 4188.0 3002.0 nan nan 0.0067 nan nan 0.979 nan nan 
460000.0 4423.0 3235.0 nan nan 0.007 nan nan 0.983 nan nan 
470000.0 4660.0 3470.0 nan nan 0.0074 nan nan 0.999 nan nan 
480000.0 4852.0 3654.0 nan nan 0.0076 nan nan 0.954 nan nan 
490000.0 5068.0 3866.0 nan nan 0.0079 nan nan 0.958 nan nan 
500000.0 5254.0 4050.0 nan nan 0.0081 nan nan 0.995 nan nan 
510000.0 5465.0 4259.0 nan nan 0.0084 nan nan 0.989 nan nan 
520000.0 5682.0 4474.0 nan nan 0.0086 nan nan 0.996 nan nan 
530000.0 5924.0 4714.0 nan nan 0.0089 nan nan 0.977 nan nan 
540000.0 6155.0 4945.0 nan nan 0.0092 nan nan 1.0 nan nan 
550000.0 6390.0 5178.0 nan nan 0.0094 nan nan 0.981 nan nan 
560000.0 6633.0 5415.0 nan nan 0.0097 nan nan 0.965 nan nan 
570000.0 6889.0 5667.0 nan nan 0.0099 nan nan 0.999 nan nan 
580000.0 7139.0 5917.0 nan nan 0.0102 nan nan 1.0 nan nan 
590000.0 7346.0 6118.0 nan nan 0.0104 nan nan 0.978 nan nan 
600000.0 7580.0 6350.0 nan nan 0.0106 nan nan 0.998 nan nan 
610000.0 7816.0 6582.0 nan nan 0.0108 nan nan 0.993 nan nan 
620000.0 8022.0 6784.0 nan nan 0.0109 nan nan 0.989 nan nan 
630000.0 8245.0 6999.0 nan nan 0.0111 nan nan 0.985 nan nan 
640000.0 8496.0 7246.0 nan nan 0.0113 nan nan 0.983 nan nan 
650000.0 8733.0 7479.0 nan nan 0.0115 nan nan 0.983 nan nan 
660000.0 8960.0 7698.0 nan nan 0.0117 nan nan 0.947 nan nan 
670000.0 9207.0 7931.0 nan nan 0.0118 nan nan 0.966 nan nan 
680000.0 9408.0 8124.0 nan nan 0.0119 nan nan 0.983 nan nan 
690000.0 9649.0 8361.0 nan nan 0.0121 nan nan 0.994 nan nan 
700000.0 9859.0 8563.0 nan nan 0.0122 nan nan 0.945 nan nan 
710000.0 10055.0 8753.0 nan nan 0.0123 nan nan 0.97 nan nan 
720000.0 10296.0 8988.0 nan nan 0.0125 nan nan 0.983 nan nan 
