10000.0 10.0 -10.0 nan nan -0.001 nan nan -0.183 nan nan 
20000.0 20.0 -20.0 nan nan -0.001 nan nan -0.332 nan nan 
30000.0 176.0 -150.0 nan nan -0.005 nan nan -0.856 nan nan 
40000.0 227.0 -201.0 nan nan -0.005 nan nan -0.949 nan nan 
50000.0 249.0 -217.0 nan nan -0.0043 nan nan -0.853 nan nan 
60000.0 265.0 -227.0 nan nan -0.0038 nan nan -0.793 nan nan 
70000.0 278.0 -232.0 nan nan -0.0033 nan nan -0.696 nan nan 
80000.0 291.0 -239.0 nan nan -0.003 nan nan -0.654 nan nan 
90000.0 310.0 -246.0 nan nan -0.0027 nan nan -0.584 nan nan 
100000.0 325.0 -251.0 nan nan -0.0025 nan nan -0.524 nan nan 
110000.0 340.0 -264.0 nan nan -0.0024 nan nan -0.617 nan nan 
120000.0 365.0 -263.0 nan nan -0.0022 nan nan -0.351 nan nan 
130000.0 377.0 -271.0 nan nan -0.0021 nan nan -0.423 nan nan 
140000.0 393.0 -271.0 nan nan -0.0019 nan nan -0.303 nan nan 
150000.0 415.0 -265.0 nan nan -0.0018 nan nan -0.086 nan nan 
160000.0 433.0 -267.0 nan nan -0.0017 nan nan -0.094 nan nan 
170000.0 458.0 -262.0 nan nan -0.0015 nan nan 0.012 nan nan 
180000.0 498.0 -252.0 nan nan -0.0014 nan nan 0.172 nan nan 
190000.0 550.0 -264.0 nan nan -0.0014 nan nan -0.185 nan nan 
200000.0 591.0 -259.0 nan nan -0.0013 nan nan -0.024 nan nan 
210000.0 637.0 -227.0 nan nan -0.0011 nan nan 0.442 nan nan 
220000.0 676.0 -198.0 nan nan -0.0009 nan nan 0.605 nan nan 
230000.0 716.0 -172.0 nan nan -0.0007 nan nan 0.601 nan nan 
240000.0 739.0 -177.0 nan nan -0.0007 nan nan 0.299 nan nan 
250000.0 806.0 -142.0 nan nan -0.0006 nan nan 0.52 nan nan 
