10000.0 32.333333333333336 -49.3333 -193.1326 94.4659 -0.0049 -0.0193 0.0094 -0.6157 -1.9823 0.7509 
20000.0 68.0 -119.7667 -356.6675 117.1342 -0.006 -0.0178 0.0059 -1.248 -1.6822 -0.8138 
30000.0 170.33333333333334 -209.0667 -560.8843 142.7509 -0.007 -0.0187 0.0048 -1.1297 -1.9614 -0.2979 
40000.0 240.66666666666666 -284.5333 -539.4763 -29.5903 -0.0071 -0.0135 -0.0007 -1.2383 -1.8521 -0.6245 
50000.0 287.0 -333.4 -516.6359 -150.1641 -0.0067 -0.0103 -0.003 -1.154 -2.2537 -0.0543 
60000.0 320.0 -363.9667 -589.1438 -138.7896 -0.0061 -0.0098 -0.0023 -1.0507 -1.9436 -0.1577 
70000.0 368.0 -432.4667 -798.1221 -66.8112 -0.0062 -0.0114 -0.001 -1.4343 -3.9214 1.0527 
80000.0 391.0 -459.2667 -798.7385 -119.7948 -0.0057 -0.01 -0.0015 -1.342 -2.526 -0.158 
90000.0 414.3333333333333 -541.1 -1002.2932 -79.9068 -0.006 -0.0111 -0.0009 -2.118 -4.9314 0.6954 
100000.0 430.3333333333333 -594.1 -1098.6462 -89.5538 -0.0059 -0.011 -0.0009 -2.5507 -6.3224 1.2211 
110000.0 453.3333333333333 -691.0667 -1361.857 -20.2764 -0.0063 -0.0124 -0.0002 -3.1023 -7.8744 1.6697 
120000.0 475.0 -773.4667 -1562.1034 15.1701 -0.0064 -0.013 0.0001 -3.1573 -8.1703 1.8557 
130000.0 511.3333333333333 -844.3667 -1740.2267 51.4934 -0.0065 -0.0134 0.0004 -2.713 -8.2639 2.8379 
140000.0 541.6666666666666 -919.8667 -1968.3025 128.5692 -0.0066 -0.0141 0.0009 -2.675 -7.8879 2.5379 
150000.0 564.0 -981.2333 -2160.752 198.2853 -0.0065 -0.0144 0.0013 -2.6067 -7.8478 2.6344 
160000.0 590.3333333333334 -1069.6667 -2375.0245 235.6911 -0.0067 -0.0148 0.0015 -2.782 -7.4993 1.9353 
170000.0 625.3333333333334 -1139.8667 -2557.4025 277.6691 -0.0067 -0.015 0.0016 -2.555 -6.8275 1.7175 
180000.0 653.0 -1228.7667 -2798.5748 341.0414 -0.0068 -0.0155 0.0019 -2.5727 -6.3098 1.1645 
190000.0 681.3333333333334 -1298.3667 -3020.6729 423.9396 -0.0068 -0.0159 0.0022 -2.482 -6.7382 1.7742 
200000.0 712.3333333333334 -1354.4333 -3200.4407 491.5741 -0.0068 -0.016 0.0025 -1.859 -4.8867 1.1687 
210000.0 757.6666666666666 -1428.4 -3419.3426 562.5426 -0.0068 -0.0163 0.0027 -1.6583 -3.7366 0.42 
220000.0 794.3333333333334 -1474.2667 -3533.0315 584.4981 -0.0067 -0.0161 0.0027 -1.4093 -2.4884 -0.3302 
230000.0 832.3333333333334 -1526.4333 -3639.0824 586.2157 -0.0066 -0.0158 0.0025 -1.3863 -2.244 -0.5287 
240000.0 865.3333333333334 -1585.8333 -3780.2229 608.5562 -0.0066 -0.0158 0.0025 -1.4817 -3.0115 0.0482 
250000.0 904.3333333333334 -1649.5333 -3928.1029 629.0362 -0.0066 -0.0157 0.0025 -1.5607 -3.0138 -0.1076 
260000.0 943.6666666666666 -1682.4667 -4005.962 641.0287 -0.0065 -0.0154 0.0025 -1.1397 -1.7566 -0.5227 
270000.0 967.0 -1718.5 -4074.2985 637.2985 -0.0064 -0.0151 0.0024 -1.3247 -2.9049 0.2556 
280000.0 998.0 -1808.5333 -4255.8903 638.8236 -0.0065 -0.0152 0.0023 -2.315 -7.2035 2.5735 
290000.0 1036.0 -1848.7 -4306.397 608.997 -0.0064 -0.0148 0.0021 -1.5237 -3.0462 -0.0011 
300000.0 1084.6666666666667 -1910.2333 -4469.2492 648.7825 -0.0064 -0.0149 0.0022 -1.48 -3.2471 0.2871 
310000.0 1113.6666666666667 -1958.0667 -4600.2549 684.1215 -0.0063 -0.0148 0.0022 -1.5893 -4.336 1.1574 
320000.0 1137.0 -2003.5 -4732.3613 725.3613 -0.0063 -0.0148 0.0023 -1.6387 -5.0915 1.8142 
330000.0 1176.0 -2059.9667 -4894.1131 774.1798 -0.0062 -0.0148 0.0023 -1.467 -3.9997 1.0657 
340000.0 1205.3333333333333 -2121.0667 -5083.9859 841.8525 -0.0062 -0.015 0.0025 -1.5447 -4.3175 1.2282 
350000.0 1227.3333333333333 -2193.5 -5299.8633 912.8633 -0.0063 -0.0151 0.0026 -1.983 -6.0796 2.1136 
360000.0 1255.3333333333333 -2223.8333 -5356.7643 909.0977 -0.0062 -0.0149 0.0025 -1.5153 -3.9251 0.8944 
370000.0 1278.3333333333333 -2293.7 -5610.4567 1023.0567 -0.0062 -0.0152 0.0028 -2.0523 -6.8701 2.7655 
380000.0 1314.6666666666667 -2381.2667 -5853.7132 1091.1799 -0.0063 -0.0154 0.0029 -2.4093 -7.5891 2.7704 
390000.0 1336.3333333333333 -2432.1 -6045.4193 1181.2193 -0.0062 -0.0155 0.003 -2.307 -7.9928 3.3788 
400000.0 1361.0 -2463.2 -6151.2293 1224.8293 -0.0062 -0.0154 0.0031 -1.9073 -6.3542 2.5396 
410000.0 1383.0 -2486.2 -6174.7232 1202.3232 -0.0061 -0.0151 0.0029 -1.8683 -4.8444 1.1078 
420000.0 1404.6666666666667 -2490.8 -6173.1716 1191.5716 -0.0059 -0.0147 0.0028 -1.2533 -2.8787 0.372 
430000.0 1431.3333333333333 -2503.8667 -6186.5819 1178.8486 -0.0058 -0.0144 0.0027 -0.9667 -2.1076 0.1743 
440000.0 1461.3333333333333 -2530.7 -6247.1773 1185.7773 -0.0058 -0.0142 0.0027 -1.057 -2.4539 0.3399 
450000.0 1491.0 -2552.6333 -6320.2514 1214.9847 -0.0057 -0.014 0.0027 -0.9173 -2.5035 0.6688 
460000.0 1518.0 -2572.4333 -6358.2927 1213.426 -0.0056 -0.0138 0.0026 -0.962 -2.2295 0.3055 
470000.0 1538.3333333333333 -2578.5333 -6343.113 1186.0463 -0.0055 -0.0135 0.0025 -0.8313 -1.7475 0.0849 
480000.0 1568.6666666666667 -2595.0 -6329.3512 1139.3512 -0.0054 -0.0132 0.0024 -0.7817 -2.4352 0.8718 
490000.0 1588.3333333333333 -2592.1333 -6299.4425 1115.1759 -0.0053 -0.0129 0.0023 -0.5333 -2.4376 1.371 
500000.0 1611.6666666666667 -2626.3 -6421.9232 1169.3232 -0.0053 -0.0128 0.0023 -0.8827 -2.4035 0.6381 
510000.0 1635.3333333333333 -2631.3 -6412.7508 1150.1508 -0.0052 -0.0126 0.0023 -0.731 -1.9942 0.5322 
520000.0 1659.3333333333333 -2649.7333 -6462.2859 1162.8193 -0.0051 -0.0124 0.0022 -0.7667 -1.8769 0.3436 
530000.0 1686.0 -2663.3333 -6484.3196 1157.6529 -0.005 -0.0122 0.0022 -0.6717 -1.7795 0.4362 
540000.0 1709.3333333333333 -2658.3 -6453.7892 1137.1892 -0.0049 -0.012 0.0021 -0.4167 -1.7773 0.944 
550000.0 1733.0 -2668.1 -6425.518 1089.318 -0.0049 -0.0117 0.002 -0.42 -2.2724 1.4324 
560000.0 1760.6666666666667 -2693.4333 -6451.8842 1065.0176 -0.0048 -0.0115 0.0019 -0.7613 -2.3361 0.8135 
570000.0 1792.3333333333333 -2688.3333 -6401.0074 1024.3407 -0.0047 -0.0112 0.0018 -0.5117 -2.5878 1.5645 
580000.0 1817.0 -2724.8 -6536.2785 1086.6785 -0.0047 -0.0113 0.0019 -0.9933 -3.2001 1.2134 
590000.0 1840.6666666666667 -2744.8333 -6507.8428 1018.1762 -0.0047 -0.011 0.0017 -0.97 -2.5932 0.6532 
600000.0 1865.3333333333333 -2743.8667 -6455.8716 968.1383 -0.0046 -0.0108 0.0016 -0.6813 -3.0372 1.6746 
610000.0 1891.3333333333333 -2735.1 -6408.6665 938.4665 -0.0045 -0.0105 0.0015 -0.331 -2.8382 2.1762 
620000.0 1918.0 -2758.0333 -6430.7995 914.7328 -0.0044 -0.0104 0.0015 -0.7007 -2.8837 1.4823 
630000.0 1946.0 -2757.9 -6404.552 888.752 -0.0044 -0.0102 0.0014 -0.4893 -2.8587 1.8801 
640000.0 1967.0 -2780.5 -6486.7443 925.7443 -0.0043 -0.0101 0.0014 -0.695 -2.5386 1.1486 
650000.0 1990.6666666666667 -2772.5667 -6391.4115 846.2782 -0.0043 -0.0098 0.0013 -0.4503 -3.186 2.2853 
660000.0 2017.6666666666667 -2778.2 -6364.3696 807.9696 -0.0042 -0.0096 0.0012 -0.514 -3.0609 2.0329 
670000.0 2051.0 -2774.3 -6331.9359 783.3359 -0.0041 -0.0095 0.0012 -0.4127 -2.7721 1.9468 
680000.0 2081.3333333333335 -2785.4 -6327.6228 756.8228 -0.0041 -0.0093 0.0011 -0.5403 -2.9493 1.8687 
690000.0 2114.6666666666665 -2794.8 -6303.8106 714.2106 -0.0041 -0.0091 0.001 -0.575 -3.0754 1.9254 
700000.0 2149.0 -2823.0333 -6314.9502 668.8835 -0.004 -0.009 0.001 -1.039 -4.1739 2.0959 
710000.0 2198.3333333333335 -2845.6 -6385.442 694.242 -0.004 -0.009 0.001 -0.887 -2.0947 0.3207 
720000.0 2239.3333333333335 -2847.9 -6336.5415 640.7415 -0.004 -0.0088 0.0009 -0.6013 -2.7439 1.5412 
730000.0 2271.6666666666665 -2868.9 -6352.922 615.122 -0.0039 -0.0087 0.0008 -0.8843 -3.0837 1.3151 
740000.0 2310.3333333333335 -2866.2333 -6266.2381 533.7714 -0.0039 -0.0085 0.0007 -0.5253 -3.4502 2.3995 
750000.0 2341.6666666666665 -2866.0 -6239.9183 507.9183 -0.0038 -0.0083 0.0007 -0.3857 -3.0992 2.3279 
760000.0 2376.0 -2855.1333 -6175.0863 464.8196 -0.0038 -0.0081 0.0006 -0.2717 -2.9789 2.4356 
770000.0 2415.3333333333335 -2842.5667 -6115.1248 429.9914 -0.0037 -0.0079 0.0006 -0.2523 -2.6312 2.1266 
780000.0 2449.6666666666665 -2843.3667 -6072.89 386.1567 -0.0036 -0.0078 0.0005 -0.2577 -2.5862 2.0708 
790000.0 2492.3333333333335 -2842.8333 -5977.9843 292.3176 -0.0036 -0.0076 0.0004 -0.459 -3.5407 2.6227 
800000.0 2546.0 -2854.1667 -5842.5227 134.1894 -0.0036 -0.0073 0.0002 -0.492 -3.9783 2.9943 
810000.0 2645.6666666666665 -2897.7 -5662.7319 -132.6681 -0.0036 -0.007 -0.0002 -0.0017 -1.6688 1.6655 
820000.0 2761.6666666666665 -2946.6 -5351.255 -541.945 -0.0036 -0.0065 -0.0007 0.0517 -2.1529 2.2562 
830000.0 2867.6666666666665 -3011.4667 -5064.8048 -958.1286 -0.0036 -0.0061 -0.0012 0.0473 -2.1835 2.2782 
840000.0 2927.6666666666665 -3028.6333 -4960.5189 -1096.7477 -0.0036 -0.0059 -0.0013 -0.0867 -2.014 1.8407 
850000.0 2988.0 -3033.1667 -4736.3333 -1330.0 -0.0036 -0.0056 -0.0016 -0.1153 -3.3155 3.0848 
860000.0 3043.3333333333335 -3059.7 -4498.2642 -1621.1358 -0.0036 -0.0052 -0.0019 -0.2273 -4.0677 3.613 
870000.0 3098.3333333333335 -3062.3 -4336.0784 -1788.5216 -0.0035 -0.005 -0.0021 -0.359 -4.0998 3.3818 
880000.0 3141.6666666666665 -3119.0667 -4442.5435 -1795.5899 -0.0035 -0.005 -0.002 -1.3767 -4.5622 1.8088 
890000.0 3191.6666666666665 -3145.1333 -4262.9512 -2027.3155 -0.0035 -0.0048 -0.0023 -1.191 -7.1106 4.7286 
900000.0 3236.3333333333335 -3145.2667 -4123.2228 -2167.3105 -0.0035 -0.0046 -0.0024 -0.763 -6.7077 5.1817 
910000.0 3272.0 -3151.8333 -4025.273 -2278.3937 -0.0035 -0.0044 -0.0025 -0.6187 -5.6646 4.4273 
920000.0 3325.3333333333335 -3154.7333 -3889.2296 -2420.2371 -0.0034 -0.0042 -0.0026 -0.5407 -4.6815 3.6001 
930000.0 3371.0 -3190.6 -3772.5939 -2608.6061 -0.0034 -0.0041 -0.0028 -0.903 -7.2388 5.4328 
940000.0 3424.6666666666665 -3237.0 -3724.5823 -2749.4177 -0.0034 -0.004 -0.0029 -0.981 -5.6873 3.7253 
950000.0 3472.0 -3273.7333 -3804.6196 -2742.8471 -0.0034 -0.004 -0.0029 -0.9007 -5.5032 3.7018 
960000.0 3519.6666666666665 -3294.3667 -3849.2332 -2739.5001 -0.0034 -0.004 -0.0029 -0.4007 -3.4602 2.6589 
970000.0 3579.6666666666665 -3288.3333 -3922.0427 -2654.624 -0.0034 -0.004 -0.0027 -0.1317 -3.0529 2.7896 
980000.0 3635.6666666666665 -3406.1333 -4181.2672 -2630.9995 -0.0035 -0.0043 -0.0027 -1.3057 -5.8366 3.2252 
990000.0 3689.3333333333335 -3429.1333 -4286.8456 -2571.4211 -0.0035 -0.0043 -0.0026 -0.7073 -3.2517 1.8371 
1000000.0 3754.6666666666665 -3411.9 -4360.0341 -2463.7659 -0.0034 -0.0044 -0.0025 -0.049 -2.4377 2.3397 
1010000.0 3818.6666666666665 -3396.7333 -4584.3511 -2209.1156 -0.0034 -0.0045 -0.0022 0.1493 -3.635 3.9337 
1020000.0 3888.3333333333335 -3408.8333 -4780.6699 -2036.9968 -0.0033 -0.0047 -0.002 -0.1557 -3.1473 2.8359 
1030000.0 3948.0 -3423.7 -4963.4457 -1883.9543 -0.0033 -0.0048 -0.0018 -0.3537 -3.469 2.7616 
1040000.0 4010.3333333333335 -3398.5 -5031.2282 -1765.7718 -0.0033 -0.0048 -0.0017 0.2483 -1.4177 1.9144 
1050000.0 4061.0 -3390.2 -5222.0279 -1558.3721 -0.0032 -0.005 -0.0015 0.2777 -2.4361 2.9915 
1060000.0 4123.666666666667 -3370.8667 -5485.7357 -1255.9976 -0.0032 -0.0052 -0.0012 0.114 -4.3277 4.5557 
1070000.0 4185.0 -3367.0667 -5609.1153 -1125.018 -0.0031 -0.0052 -0.0011 0.2387 -2.4141 2.8915 
1080000.0 4259.0 -3337.7 -5694.1526 -981.2474 -0.0031 -0.0053 -0.0009 0.3397 -1.1887 1.8681 
1090000.0 4321.0 -3304.2 -5842.9909 -765.4091 -0.003 -0.0054 -0.0007 0.5313 -1.9546 3.0172 
1100000.0 4389.0 -3324.3333 -6057.2233 -591.4434 -0.003 -0.0055 -0.0005 0.298 -1.7607 2.3567 
1110000.0 4454.666666666667 -3270.3667 -6126.5767 -414.1567 -0.0029 -0.0055 -0.0004 0.671 -1.266 2.608 
1120000.0 4520.0 -3215.4333 -6230.4112 -200.4555 -0.0029 -0.0056 -0.0002 0.8553 -1.6265 3.3372 
1130000.0 4583.0 -3188.0 -6396.3528 20.3528 -0.0028 -0.0057 0.0 0.6153 -2.2349 3.4656 
1140000.0 4644.333333333333 -3206.6 -6582.4298 169.2298 -0.0028 -0.0058 0.0001 0.1467 -3.4849 3.7782 
1150000.0 4695.0 -3208.0667 -6708.5693 292.4359 -0.0028 -0.0058 0.0003 -0.0473 -2.8291 2.7344 
1160000.0 4748.0 -3195.3333 -6786.0643 395.3976 -0.0028 -0.0059 0.0003 0.057 -2.573 2.687 
1170000.0 4789.0 -3151.5 -6883.0697 580.0697 -0.0027 -0.0059 0.0005 0.5553 -2.2984 3.4091 
1180000.0 4847.333333333333 -3083.5667 -6975.0506 807.9173 -0.0026 -0.0059 0.0007 0.8147 -1.4722 3.1016 
1190000.0 4908.0 -3068.4333 -6969.2925 832.4259 -0.0026 -0.0059 0.0007 0.4477 -0.8404 1.7357 
1200000.0 4961.0 -3014.8 -7074.442 1044.842 -0.0025 -0.0059 0.0009 0.7523 -1.5361 3.0408 
1210000.0 5013.333333333333 -2972.3 -7131.3701 1186.7701 -0.0025 -0.0059 0.001 0.8177 -1.4565 3.0918 
1220000.0 5070.666666666667 -2911.7667 -7215.3114 1391.7781 -0.0024 -0.0059 0.0011 0.8593 -1.5405 3.2592 
1230000.0 5128.666666666667 -2835.9333 -7303.9838 1632.1171 -0.0023 -0.0059 0.0013 1.1753 -1.7325 4.0831 
1240000.0 5182.666666666667 -2777.1 -7350.4852 1796.2852 -0.0022 -0.0059 0.0014 1.0973 -1.0654 3.26 
1250000.0 5229.666666666667 -2738.3333 -7442.8987 1966.232 -0.0022 -0.006 0.0016 0.94 -1.3514 3.2314 
1260000.0 5280.666666666667 -2670.3 -7485.1855 2144.5855 -0.0021 -0.0059 0.0017 1.139 -1.182 3.46 
1270000.0 5331.666666666667 -2642.5333 -7584.292 2299.2253 -0.0021 -0.006 0.0018 0.8073 -1.9586 3.5732 
1280000.0 5395.666666666667 -2585.2667 -7686.7308 2516.1975 -0.002 -0.006 0.002 0.73 -1.5969 3.0569 
1290000.0 5441.333333333333 -2524.6 -7735.5831 2686.3831 -0.002 -0.006 0.0021 1.035 -1.1599 3.2299 
1300000.0 5494.333333333333 -2452.2 -7777.0118 2872.6118 -0.0019 -0.006 0.0022 1.2047 -1.059 3.4683 
1310000.0 5542.0 -2378.0333 -7907.602 3151.5354 -0.0018 -0.006 0.0024 1.4 -1.6695 4.4695 
1320000.0 5592.0 -2326.7333 -7991.8752 3338.4085 -0.0018 -0.0061 0.0025 1.2213 -1.6909 4.1336 
1330000.0 5637.333333333333 -2296.7 -7997.2703 3403.8703 -0.0017 -0.006 0.0026 0.9017 -1.0922 2.8956 
1340000.0 5699.0 -2233.4667 -8109.5823 3642.649 -0.0017 -0.0061 0.0027 0.9883 -1.6707 3.6474 
1350000.0 5754.333333333333 -2174.7333 -8150.1153 3800.6487 -0.0016 -0.006 0.0028 1.067 -1.046 3.18 
1360000.0 5796.666666666667 -2127.8 -8074.7055 3819.1055 -0.0016 -0.0059 0.0028 1.1227 0.3034 1.9419 
1370000.0 5846.333333333333 -2098.0 -8163.4821 3967.4821 -0.0015 -0.006 0.0029 0.523 -2.7753 3.8213 
1380000.0 5889.333333333333 -2052.1333 -8093.2594 3988.9928 -0.0015 -0.0059 0.0029 0.9163 -0.1007 1.9333 
1390000.0 5939.666666666667 -1999.1667 -8160.14 4161.8067 -0.0014 -0.0059 0.003 0.891 -0.7912 2.5732 
1400000.0 5988.333333333333 -1941.6333 -8293.8372 4410.5706 -0.0014 -0.0059 0.0032 0.9847 -2.8579 4.8272 
1410000.0 6040.333333333333 -1854.1667 -8261.3189 4552.9856 -0.0013 -0.0059 0.0032 1.346 -0.5482 3.2402 
1420000.0 6089.0 -1804.2667 -8290.4925 4681.9592 -0.0013 -0.0058 0.0033 0.887 -1.083 2.857 
1430000.0 6134.333333333333 -1719.9667 -8248.5399 4808.6065 -0.0012 -0.0058 0.0034 1.4523 0.2648 2.6399 
1440000.0 6183.333333333333 -1645.1667 -8285.4942 4995.1609 -0.0011 -0.0058 0.0035 1.461 -0.4064 3.3284 
1450000.0 6222.666666666667 -1573.1667 -8276.0407 5129.7074 -0.0011 -0.0057 0.0035 1.7227 -0.4079 3.8532 
1460000.0 6269.666666666667 -1527.6333 -8334.7315 5279.4649 -0.001 -0.0057 0.0036 1.332 -1.112 3.776 
1470000.0 6321.0 -1460.7667 -8391.6324 5470.099 -0.001 -0.0057 0.0037 1.3567 -1.0649 3.7782 
1480000.0 6374.333333333333 -1405.1 -8448.0149 5637.8149 -0.0009 -0.0057 0.0038 1.145 -1.1846 3.4746 
1490000.0 6425.333333333333 -1316.5 -8467.0723 5834.0723 -0.0009 -0.0057 0.0039 1.503 -0.7683 3.7743 
1500000.0 6483.666666666667 -1217.6333 -8468.2138 6032.9471 -0.0008 -0.0056 0.004 1.647 0.2325 3.0615 
1510000.0 6543.333333333333 -1109.6 -8452.2899 6233.0899 -0.0007 -0.0056 0.0041 1.644 0.7084 2.5796 
1520000.0 6592.0 -1063.2 -8356.3116 6229.9116 -0.0007 -0.0055 0.0041 1.303 0.4826 2.1234 
1530000.0 6648.666666666667 -960.9667 -8343.3156 6421.3823 -0.0006 -0.0055 0.0042 1.6133 0.6523 2.5743 
1540000.0 6701.0 -881.8 -8363.1719 6599.5719 -0.0006 -0.0054 0.0043 1.5167 0.3667 2.6666 
1550000.0 6755.0 -792.6 -8408.5329 6823.3329 -0.0005 -0.0054 0.0044 1.5423 -0.3287 3.4134 
1560000.0 6811.333333333333 -686.1333 -8351.9674 6979.7007 -0.0004 -0.0054 0.0045 1.7537 0.5421 2.9652 
1570000.0 6868.666666666667 -604.2 -8322.7882 7114.3882 -0.0004 -0.0053 0.0045 1.783 -0.3365 3.9025 
1580000.0 6928.0 -469.1 -8262.4822 7324.2822 -0.0003 -0.0052 0.0046 2.2033 0.2135 4.1932 
1590000.0 6987.666666666667 -353.4333 -8225.0458 7518.1792 -0.0002 -0.0052 0.0047 2.0803 -0.1298 4.2905 
1600000.0 7054.666666666667 -254.8 -8172.3206 7662.7206 -0.0002 -0.0051 0.0048 1.7707 -0.1197 3.6611 
1610000.0 7110.333333333333 -136.3 -8164.7551 7892.1551 -0.0001 -0.0051 0.0049 2.015 -0.2036 4.2336 
1620000.0 7172.333333333333 -33.5333 -8121.5727 8054.506 -0.0 -0.005 0.005 1.82 -0.3772 4.0172 
1630000.0 7221.666666666667 54.3333 -8100.8381 8209.5048 0.0 -0.005 0.005 1.72 -0.0756 3.5156 
1640000.0 7281.333333333333 171.4667 -8061.9993 8404.9326 0.0001 -0.0049 0.0051 1.8767 0.07 3.6833 
1650000.0 7334.666666666667 283.9 -8024.9678 8592.7678 0.0002 -0.0049 0.0052 2.1393 0.7486 3.53 
1660000.0 7383.333333333333 384.0 -8005.0162 8773.0162 0.0002 -0.0048 0.0053 2.1633 0.0828 4.2439 
1670000.0 7438.0 495.7667 -7958.8418 8950.3751 0.0003 -0.0048 0.0054 2.003 0.3529 3.6531 
1680000.0 7481.333333333333 576.9 -7927.6055 9081.4055 0.0003 -0.0047 0.0054 1.9683 -1.0042 4.9408 
1690000.0 7538.333333333333 684.8333 -7934.2554 9303.9221 0.0004 -0.0047 0.0055 2.135 -0.019 4.289 
1700000.0 7590.333333333333 773.6 -7865.8879 9413.0879 0.0005 -0.0046 0.0055 1.911 -0.2152 4.0372 
1710000.0 7638.333333333333 894.3 -7846.0897 9634.6897 0.0005 -0.0046 0.0056 2.4167 -0.4645 5.2979 
1720000.0 7690.0 1001.7 -7861.7589 9865.1589 0.0006 -0.0046 0.0057 2.2953 -0.5228 5.1135 
1730000.0 7739.666666666667 1087.9667 -7704.2148 9880.1481 0.0006 -0.0045 0.0057 2.115 1.1633 3.0667 
1740000.0 7791.333333333333 1191.4 -7679.937 10062.737 0.0007 -0.0044 0.0058 1.926 -0.0518 3.9038 
1750000.0 7847.333333333333 1320.7 -7666.7324 10308.1324 0.0008 -0.0044 0.0059 2.1973 -0.1377 4.5323 
1760000.0 7893.0 1438.7333 -7729.8766 10607.3433 0.0008 -0.0044 0.006 2.4577 -0.7852 5.7005 
1770000.0 7943.0 1534.1333 -7715.0528 10783.3194 0.0009 -0.0044 0.0061 2.2093 -0.9801 5.3988 
1780000.0 7986.333333333333 1640.5 -7751.8148 11032.8148 0.0009 -0.0044 0.0062 2.4297 -0.8352 5.6946 
1790000.0 8031.0 1728.9 -7708.2228 11166.0228 0.001 -0.0043 0.0062 2.2193 -0.698 5.1367 
1800000.0 8079.0 1840.6667 -7762.8277 11444.161 0.001 -0.0043 0.0064 2.302 -0.3444 4.9484 
1810000.0 8131.333333333333 1961.7 -7724.3075 11647.7075 0.0011 -0.0043 0.0064 2.4013 -0.619 5.4217 
1820000.0 8173.666666666667 2075.9667 -7669.9099 11821.8432 0.0011 -0.0042 0.0065 2.6087 -0.0133 5.2306 
1830000.0 8223.333333333334 2181.3 -7695.1772 12057.7772 0.0012 -0.0042 0.0066 2.2583 -0.2437 4.7604 
1840000.0 8269.333333333334 2278.4667 -7656.5921 12213.5254 0.0012 -0.0042 0.0066 2.1533 0.3572 3.9495 
1850000.0 8321.0 2403.8 -7635.6698 12443.2698 0.0013 -0.0041 0.0067 2.2693 0.4522 4.0864 
1860000.0 8369.333333333334 2517.8333 -7615.8897 12651.5563 0.0014 -0.0041 0.0068 2.3117 0.7328 3.8905 
1870000.0 8423.333333333334 2636.1 -7606.7458 12878.9458 0.0014 -0.0041 0.0069 2.206 0.2643 4.1477 
1880000.0 8477.0 2718.1333 -7810.5005 13246.7671 0.0014 -0.0042 0.007 1.947 -2.0212 5.9152 
1890000.0 8533.0 2834.2 -7816.8142 13485.2142 0.0015 -0.0041 0.0071 2.1047 -0.9877 5.1971 
1900000.0 8582.0 2950.2667 -7813.682 13714.2153 0.0016 -0.0041 0.0072 2.3583 -0.4131 5.1297 
1910000.0 8638.666666666666 3086.9667 -7867.0672 14041.0005 0.0016 -0.0041 0.0074 2.342 -1.7309 6.4149 
1920000.0 8696.0 3220.3 -7845.6338 14286.2338 0.0017 -0.0041 0.0074 2.5293 -0.8879 5.9465 
1930000.0 8742.666666666666 3359.9 -7856.7371 14576.5371 0.0017 -0.0041 0.0076 2.7773 -0.4023 5.9569 
1940000.0 8780.333333333334 3458.9667 -7851.49 14769.4233 0.0018 -0.004 0.0076 2.616 0.4123 4.8197 
1950000.0 8821.666666666666 3567.0 -7794.7009 14928.7009 0.0018 -0.004 0.0077 2.7063 1.4515 3.9612 
1960000.0 8867.333333333334 3680.2667 -7800.9844 15161.5177 0.0019 -0.004 0.0077 2.499 0.8225 4.1755 
1970000.0 8909.0 3794.1667 -7798.711 15387.0443 0.0019 -0.004 0.0078 2.6307 0.7 4.5614 
1980000.0 8948.666666666666 3914.5333 -7799.9223 15628.989 0.002 -0.0039 0.0079 2.746 0.973 4.519 
1990000.0 8991.0 4040.7333 -7848.2341 15929.7008 0.002 -0.0039 0.008 2.8487 0.905 4.7924 
2000000.0 9034.0 4175.1 -7772.8585 16123.0585 0.0021 -0.0039 0.0081 2.963 1.3592 4.5668 
2010000.0 9079.333333333334 4305.1 -7820.722 16430.922 0.0021 -0.0039 0.0082 2.8997 0.5965 5.2029 
2020000.0 9130.333333333334 4430.4 -7814.1645 16674.9645 0.0022 -0.0039 0.0083 2.7237 0.1208 5.3265 
2030000.0 9184.0 4571.9333 -7745.1689 16889.0356 0.0023 -0.0038 0.0083 2.819 0.3391 5.2989 
2040000.0 9222.666666666666 4696.1 -7712.176 17104.376 0.0023 -0.0038 0.0084 2.987 0.5936 5.3804 
2050000.0 9274.0 4839.6 -7644.2997 17323.4997 0.0024 -0.0037 0.0085 2.9057 0.1774 5.6339 
2060000.0 9325.0 4979.7 -7551.6284 17511.0284 0.0024 -0.0037 0.0085 2.677 1.3962 3.9578 
2070000.0 9375.666666666666 5107.2333 -7453.4656 17667.9322 0.0025 -0.0036 0.0085 2.6483 1.0002 4.2965 
2080000.0 9422.333333333334 5226.8 -7545.6417 17999.2417 0.0025 -0.0036 0.0087 2.599 -1.2452 6.4432 
2090000.0 9467.0 5356.9 -7432.0468 18145.8468 0.0026 -0.0036 0.0087 2.836 1.0121 4.6599 
2100000.0 9512.666666666666 5490.1 -7314.1968 18294.3968 0.0026 -0.0035 0.0087 2.9643 1.0387 4.89 
2110000.0 9556.666666666666 5605.9667 -7313.4223 18525.3557 0.0027 -0.0035 0.0088 2.8477 0.2552 5.4401 
2120000.0 9597.666666666666 5744.8667 -7224.1547 18713.8881 0.0027 -0.0034 0.0088 3.0843 1.2288 4.9398 
2130000.0 9638.0 5879.4 -7146.7541 18905.5541 0.0028 -0.0034 0.0089 3.1807 1.4406 4.9207 
2140000.0 9688.333333333334 6006.4333 -7018.4548 19031.3215 0.0028 -0.0033 0.0089 2.845 1.6669 4.0231 
2150000.0 9737.0 6114.7 -7081.346 19310.746 0.0028 -0.0033 0.009 2.429 -0.0258 4.8838 
2160000.0 9781.0 6227.7 -7035.252 19490.652 0.0029 -0.0033 0.009 2.4683 1.1854 3.7513 
2170000.0 9832.333333333334 6370.4333 -6947.5323 19688.399 0.0029 -0.0032 0.0091 2.666 1.3176 4.0144 
2180000.0 9885.333333333334 6532.9333 -6860.2545 19926.1212 0.003 -0.0031 0.0091 2.921 1.0497 4.7923 
2190000.0 9935.0 6653.3667 -6762.016 20068.7493 0.003 -0.0031 0.0092 2.621 0.9111 4.3309 
2200000.0 9986.333333333334 6811.0 -6653.2718 20275.2718 0.0031 -0.003 0.0092 2.915 0.9636 4.8664 
2210000.0 10026.0 6934.7667 -6596.2839 20465.8172 0.0031 -0.003 0.0093 3.0317 1.2713 4.792 
2220000.0 10077.333333333334 7090.5667 -6528.8056 20709.939 0.0032 -0.0029 0.0093 3.0153 1.4409 4.5898 
2230000.0 10120.333333333334 7231.9 -6376.5547 20840.3547 0.0032 -0.0029 0.0093 3.188 1.6898 4.6862 
2240000.0 10161.0 7391.3 -6228.0264 21010.6264 0.0033 -0.0028 0.0094 3.5363 1.9461 5.1266 
2250000.0 10205.0 7554.3333 -6105.013 21213.6796 0.0034 -0.0027 0.0094 3.7467 3.0491 4.4442 
2260000.0 10248.0 7701.0333 -6045.4701 21447.5367 0.0034 -0.0027 0.0095 3.5883 1.3672 5.8095 
2270000.0 10300.333333333334 7870.9 -5907.5092 21649.3092 0.0035 -0.0026 0.0095 3.3587 1.5437 5.1736 
2280000.0 10343.333333333334 8009.4 -5866.8795 21885.6795 0.0035 -0.0026 0.0096 3.2837 1.4216 5.1458 
2290000.0 10387.666666666666 8153.2333 -5784.147 22090.6137 0.0036 -0.0025 0.0096 3.169 2.1578 4.1802 
2300000.0 10428.333333333334 8285.0 -5653.8231 22223.8231 0.0036 -0.0025 0.0097 3.1957 1.3699 5.0215 
2310000.0 10473.333333333334 8429.9 -5563.3842 22423.1842 0.0036 -0.0024 0.0097 3.1937 1.6409 4.7464 
2320000.0 10518.0 8571.2333 -5474.8795 22617.3462 0.0037 -0.0024 0.0097 3.1413 2.0775 4.2052 
2330000.0 10564.333333333334 8725.5 -5359.5903 22810.5903 0.0037 -0.0023 0.0098 3.236 2.5093 3.9627 
2340000.0 10598.0 8846.9667 -5244.1824 22938.1157 0.0038 -0.0022 0.0098 3.4653 3.0324 3.8983 
2350000.0 10641.333333333334 9004.7667 -5157.3648 23166.8981 0.0038 -0.0022 0.0099 3.4673 2.8058 4.1288 
2360000.0 10684.0 9171.4333 -5075.935 23418.8016 0.0039 -0.0022 0.0099 3.6943 2.7662 4.6225 
2370000.0 10724.333333333334 9314.0 -4995.1874 23623.1874 0.0039 -0.0021 0.01 3.6247 2.8332 4.4161 
2380000.0 10767.0 9455.1667 -4878.414 23788.7474 0.004 -0.002 0.01 3.4897 2.4954 4.4839 
2390000.0 10810.666666666666 9625.2667 -4802.9153 24053.4486 0.004 -0.002 0.0101 3.635 2.2234 5.0466 
2400000.0 10851.666666666666 9793.9333 -4708.3491 24296.2158 0.0041 -0.002 0.0101 3.9157 2.2244 5.6069 
2410000.0 10893.333333333334 9962.1 -4615.5702 24539.7702 0.0041 -0.0019 0.0102 3.9203 2.6031 5.2376 
2420000.0 10937.333333333334 10111.5667 -4534.435 24757.5684 0.0042 -0.0019 0.0102 3.5023 2.7253 4.2793 
2430000.0 10985.333333333334 10264.9667 -4397.0684 24927.0017 0.0042 -0.0018 0.0103 3.299 2.3128 4.2852 
2440000.0 11034.666666666666 10419.6333 -4262.1813 25101.4479 0.0043 -0.0017 0.0103 3.1947 2.2063 4.183 
2450000.0 11076.666666666666 10564.9 -4166.8763 25296.6763 0.0043 -0.0017 0.0103 3.319 2.7664 3.8716 
2460000.0 11122.0 10698.1667 -4112.4734 25508.8067 0.0043 -0.0017 0.0104 3.0387 2.5903 3.487 
2470000.0 11163.666666666666 10843.6333 -4012.7833 25700.05 0.0044 -0.0016 0.0104 3.2027 3.0915 3.3138 
2480000.0 11214.0 10989.7333 -3851.5123 25830.979 0.0044 -0.0016 0.0104 2.95 1.9262 3.9738 
2490000.0 11261.666666666666 11157.2 -3739.6671 26054.0671 0.0045 -0.0015 0.0105 3.2403 2.2255 4.2552 
2500000.0 11309.0 11295.8 -3581.2902 26172.8902 0.0045 -0.0014 0.0105 3.1457 2.1401 4.1512 
2510000.0 11354.666666666666 11453.4667 -3518.9655 26425.8988 0.0046 -0.0014 0.0105 3.2943 2.029 4.5597 
2520000.0 11400.0 11608.3333 -3370.4256 26587.0922 0.0046 -0.0013 0.0106 3.3533 1.9613 4.7454 
2530000.0 11438.0 11738.9667 -3219.3552 26697.2885 0.0046 -0.0013 0.0106 3.4097 2.2137 4.6056 
2540000.0 11480.666666666666 11893.6333 -3138.8221 26926.0888 0.0047 -0.0012 0.0106 3.5173 2.884 4.1507 
2550000.0 11528.333333333334 12044.6667 -2977.1471 27066.4804 0.0047 -0.0012 0.0106 3.225 2.842 3.608 
2560000.0 11572.333333333334 12216.4667 -2900.9903 27333.9236 0.0048 -0.0011 0.0107 3.617 2.2837 4.9503 
2570000.0 11618.666666666666 12413.1 -2717.1862 27543.3862 0.0048 -0.0011 0.0107 4.0353 3.4613 4.6094 
2580000.0 11661.666666666666 12585.8 -2529.9399 27701.5399 0.0049 -0.001 0.0107 3.9957 3.2925 4.6988 
2590000.0 11705.0 12761.6 -2361.8016 27885.0016 0.0049 -0.0009 0.0108 3.9903 3.6241 4.3565 
2600000.0 11747.0 12920.6 -2242.3597 28083.5597 0.005 -0.0009 0.0108 3.872 2.2245 5.5195 
2610000.0 11792.666666666666 13118.8667 -2050.8762 28288.6095 0.005 -0.0008 0.0108 4.2133 2.5166 5.9101 
2620000.0 11834.333333333334 13295.6333 -1855.6507 28446.9174 0.0051 -0.0007 0.0109 4.289 2.6968 5.8812 
2630000.0 11882.333333333334 13479.8667 -1676.7693 28636.5027 0.0051 -0.0006 0.0109 4.0093 3.575 4.4436 
2640000.0 11929.666666666666 13648.6333 -1558.1798 28855.4465 0.0052 -0.0006 0.0109 3.8173 2.6473 4.9873 
2650000.0 11981.0 13831.0 -1420.3838 29082.3838 0.0052 -0.0005 0.011 3.6757 2.759 4.5924 
2660000.0 12025.0 13985.9333 -1368.7551 29340.6217 0.0053 -0.0005 0.011 3.5247 2.5141 4.5352 
2670000.0 12066.333333333334 14148.1333 -1259.1343 29555.401 0.0053 -0.0005 0.0111 3.6733 2.7081 4.6386 
2680000.0 12109.666666666666 14342.9667 -1000.5077 29686.4411 0.0054 -0.0004 0.0111 4.0947 2.8169 5.3724 
2690000.0 12156.333333333334 14528.8333 -801.0375 29858.7042 0.0054 -0.0003 0.0111 3.983 3.0234 4.9426 
2700000.0 12203.333333333334 14695.2667 -646.7124 30037.2457 0.0054 -0.0002 0.0111 3.7153 1.9138 5.5169 
2710000.0 12251.666666666666 14865.3333 -524.2788 30254.9455 0.0055 -0.0002 0.0112 3.595 1.5157 5.6743 
2720000.0 12295.0 15030.7667 -473.8679 30535.4013 0.0055 -0.0002 0.0112 3.7507 1.6648 5.8365 
2730000.0 12342.0 15214.7 -329.6846 30759.0846 0.0056 -0.0001 0.0113 3.889 2.6721 5.1059 
2740000.0 12388.0 15380.1 -196.4471 30956.6471 0.0056 -0.0001 0.0113 3.7877 2.1871 5.3882 
2750000.0 12425.0 15509.2333 -81.423 31099.8897 0.0056 -0.0 0.0113 3.5877 3.3769 3.7985 
2760000.0 12471.0 15661.3 52.4828 31270.1172 0.0057 0.0 0.0113 3.4733 3.0231 3.9236 
2770000.0 12513.333333333334 15826.2667 120.7839 31531.7494 0.0057 0.0 0.0114 3.5883 2.2443 4.9324 
2780000.0 12553.666666666666 15985.3333 211.5764 31759.0903 0.0058 0.0001 0.0114 3.8143 2.8287 4.8 
2790000.0 12599.0 16156.8333 357.9654 31955.7012 0.0058 0.0001 0.0115 3.7387 2.8794 4.5979 
2800000.0 12646.666666666666 16347.1 532.8499 32161.3501 0.0058 0.0002 0.0115 3.8263 3.2265 4.4262 
2810000.0 12688.333333333334 16503.5333 750.6009 32256.4657 0.0059 0.0003 0.0115 3.6967 3.2747 4.1187 
2820000.0 12731.0 16629.3333 782.351 32476.3157 0.0059 0.0003 0.0115 3.2767 1.6472 4.9061 
2830000.0 12777.666666666666 16807.8667 901.8329 32713.9004 0.0059 0.0003 0.0116 3.7157 1.7223 5.709 
2840000.0 12822.0 16961.9 1043.4562 32880.3438 0.006 0.0004 0.0116 3.52 2.5038 4.5362 
2850000.0 12873.333333333334 17125.4667 1187.8617 33063.0716 0.006 0.0004 0.0116 3.3533 2.7837 3.923 
2860000.0 12915.0 17266.1 1333.388 33198.812 0.006 0.0005 0.0116 3.3323 2.6673 3.9974 
2870000.0 12955.666666666666 17426.7333 1534.2128 33319.2539 0.0061 0.0005 0.0116 3.6773 3.3173 4.0373 
2880000.0 12993.0 17584.3 1675.5952 33493.0048 0.0061 0.0006 0.0116 4.056 3.4376 4.6744 
2890000.0 13032.333333333334 17734.9333 1761.1962 33708.6705 0.0061 0.0006 0.0117 3.919 3.1111 4.7269 
2900000.0 13074.333333333334 17900.9667 1890.9833 33910.95 0.0062 0.0007 0.0117 3.8803 3.2384 4.5223 
2910000.0 13119.0 18064.0667 1997.6514 34130.4819 0.0062 0.0007 0.0117 3.7497 2.9637 4.5356 
2920000.0 13159.0 18227.3667 2168.8828 34285.8505 0.0062 0.0007 0.0117 4.018 3.2063 4.8297 
2930000.0 13204.666666666666 18388.4667 2325.3152 34451.6181 0.0063 0.0008 0.0118 3.664 3.4866 3.8414 
2940000.0 13244.0 18524.7667 2393.0171 34656.5162 0.0063 0.0008 0.0118 3.5253 3.4263 3.6244 
2950000.0 13290.666666666666 18685.9333 2465.2323 34906.6344 0.0063 0.0008 0.0118 3.4617 3.0976 3.8257 
2960000.0 13329.0 18835.5667 2637.7191 35033.4142 0.0064 0.0009 0.0118 3.68 2.9833 4.3767 
2970000.0 13369.666666666666 18990.4667 2703.4712 35277.4622 0.0064 0.0009 0.0119 3.787 2.7921 4.7819 
2980000.0 13411.666666666666 19151.9667 2855.8351 35448.0982 0.0064 0.001 0.0119 3.827 3.4035 4.2505 
2990000.0 13453.333333333334 19316.3333 3011.3263 35621.3404 0.0065 0.001 0.0119 3.9197 2.2987 5.5406 
3000000.0 13500.0 19493.9667 3224.8445 35763.0888 0.0065 0.0011 0.0119 3.91 3.2833 4.5367 
3010000.0 13545.333333333334 19666.8667 3440.4008 35893.3325 0.0065 0.0011 0.0119 3.8837 3.3313 4.4361 
3020000.0 13585.0 19835.7667 3557.9779 36113.5554 0.0066 0.0012 0.012 4.0507 3.2217 4.8796 
3030000.0 13625.333333333334 19987.5333 3702.0833 36272.9834 0.0066 0.0012 0.012 3.8543 2.8842 4.8244 
3040000.0 13668.333333333334 20124.0667 3788.9286 36459.2047 0.0066 0.0012 0.012 3.476 1.5122 5.4398 
3050000.0 13709.666666666666 20287.4 3916.1402 36658.6598 0.0067 0.0013 0.012 3.669 3.0926 4.2454 
3060000.0 13751.666666666666 20444.0 4000.726 36887.274 0.0067 0.0013 0.0121 3.8523 2.5263 5.1783 
3070000.0 13792.333333333334 20598.0 4114.6637 37081.3363 0.0067 0.0013 0.0121 3.8147 2.0942 5.5351 
3080000.0 13836.666666666666 20769.7 4333.9577 37205.4423 0.0067 0.0014 0.0121 3.8003 3.2088 4.3918 
3090000.0 13872.666666666666 20907.9667 4456.1266 37359.8067 0.0068 0.0014 0.0121 3.7177 3.0715 4.3638 
3100000.0 13916.333333333334 21069.6333 4590.5309 37548.7358 0.0068 0.0015 0.0121 3.656 3.402 3.91 
3110000.0 13959.0 21231.4333 4733.6628 37729.2039 0.0068 0.0015 0.0121 3.7003 3.0102 4.3905 
3120000.0 14002.333333333334 21391.6 4822.7562 37960.4438 0.0069 0.0015 0.0122 3.6923 2.9793 4.4054 
3130000.0 14046.666666666666 21562.5333 4882.9324 38242.1343 0.0069 0.0016 0.0122 3.806 2.8477 4.7643 
3140000.0 14092.333333333334 21721.1 4864.2266 38577.9734 0.0069 0.0015 0.0123 3.593 2.2688 4.9172 
3150000.0 14137.333333333334 21891.5667 4959.5671 38823.5662 0.0069 0.0016 0.0123 3.695 2.0824 5.3076 
3160000.0 14185.333333333334 22070.5 5105.3118 39035.6882 0.007 0.0016 0.0124 3.7303 2.7827 4.6779 
3170000.0 14231.0 22247.7 5238.6496 39256.7504 0.007 0.0017 0.0124 3.803 3.5276 4.0784 
3180000.0 14265.333333333334 22411.4 5351.481 39471.319 0.007 0.0017 0.0124 4.365 4.083 4.647 
3190000.0 14304.666666666666 22558.9 5452.7924 39665.0076 0.0071 0.0017 0.0124 4.0567 2.8515 5.2618 
3200000.0 14344.0 22719.2333 5562.4163 39876.0504 0.0071 0.0017 0.0125 4.0873 3.3792 4.7955 
3210000.0 14389.333333333334 22889.7333 5682.5194 40096.9473 0.0071 0.0018 0.0125 3.856 3.1293 4.5827 
3220000.0 14434.333333333334 23046.6333 5718.4504 40374.8163 0.0072 0.0018 0.0125 3.6177 3.1108 4.1246 
3230000.0 14474.333333333334 23195.7 5773.6544 40617.7456 0.0072 0.0018 0.0126 3.674 2.5143 4.8337 
3240000.0 14513.0 23373.5 5977.6387 40769.3613 0.0072 0.0018 0.0126 4.1773 3.4107 4.944 
3250000.0 14551.666666666666 23512.4667 6069.9895 40954.9438 0.0072 0.0019 0.0126 3.9133 3.3273 4.4993 
3260000.0 14590.666666666666 23667.7667 6227.8469 41107.6865 0.0073 0.0019 0.0126 3.9857 2.7901 5.1813 
3270000.0 14631.666666666666 23825.6667 6310.6864 41340.6469 0.0073 0.0019 0.0126 3.9307 2.5926 5.2687 
3280000.0 14672.333333333334 23982.1333 6367.8398 41596.4268 0.0073 0.0019 0.0127 3.8443 2.9484 4.7402 
3290000.0 14715.333333333334 24143.2 6539.5354 41746.8646 0.0073 0.002 0.0127 3.7983 2.7714 4.8253 
3300000.0 14752.333333333334 24275.7667 6483.7355 42067.7979 0.0074 0.002 0.0127 3.6213 1.6876 5.555 
3310000.0 14790.666666666666 24409.9333 6573.0896 42246.7771 0.0074 0.002 0.0128 3.6063 1.5166 5.6961 
3320000.0 14832.0 24555.5 6652.9589 42458.0411 0.0074 0.002 0.0128 3.535 2.1752 4.8948 
3330000.0 14876.333333333334 24724.3 6919.977 42528.623 0.0074 0.0021 0.0128 3.7557 3.348 4.1634 
3340000.0 14915.0 24890.6 7049.558 42731.642 0.0075 0.0021 0.0128 4.0803 3.6005 4.5602 
3350000.0 14957.0 25053.2667 7180.9304 42925.6029 0.0075 0.0021 0.0128 3.9487 3.2359 4.6615 
3360000.0 15000.333333333334 25208.5 7241.819 43175.181 0.0075 0.0022 0.0128 3.7443 2.9908 4.4978 
3370000.0 15040.0 25366.4 7294.2584 43438.5416 0.0075 0.0022 0.0129 3.8533 2.0881 5.6185 
3380000.0 15076.666666666666 25528.1667 7465.439 43590.8943 0.0076 0.0022 0.0129 4.1317 3.3362 4.9271 
3390000.0 15118.666666666666 25706.2333 7563.1108 43849.3559 0.0076 0.0022 0.0129 4.2003 3.4648 4.9358 
3400000.0 15166.0 25893.6333 7739.818 44047.4486 0.0076 0.0023 0.013 4.1233 3.6871 4.5596 
3410000.0 15208.0 26057.3333 7894.0329 44220.6337 0.0076 0.0023 0.013 3.9773 3.1959 4.7588 
3420000.0 15252.666666666666 26234.1 8071.0449 44397.1551 0.0077 0.0024 0.013 4.014 3.2609 4.7671 
3430000.0 15288.666666666666 26379.6667 8181.2197 44578.1137 0.0077 0.0024 0.013 4.0063 3.8654 4.1473 
3440000.0 15323.333333333334 26515.8 8278.2555 44753.3445 0.0077 0.0024 0.013 3.981 2.6188 5.3432 
3450000.0 15367.0 26667.0 8370.4155 44963.5845 0.0077 0.0024 0.013 3.7557 2.4989 5.0124 
3460000.0 15407.0 26803.8333 8518.078 45089.5887 0.0077 0.0025 0.013 3.5767 2.2998 4.8536 
3470000.0 15449.0 26937.4 8622.7608 45252.0392 0.0078 0.0025 0.013 3.2887 2.782 3.7953 
3480000.0 15487.666666666666 27099.0333 8712.9578 45485.1088 0.0078 0.0025 0.0131 3.7153 2.8302 4.6004 
3490000.0 15532.666666666666 27261.2 8886.0424 45636.3576 0.0078 0.0025 0.0131 3.7313 2.6877 4.775 
3500000.0 15573.0 27399.4667 9071.7232 45727.2102 0.0078 0.0026 0.0131 3.636 1.9176 5.3544 
3510000.0 15619.0 27573.5667 9188.0839 45959.0494 0.0079 0.0026 0.0131 3.8573 3.2738 4.4409 
3520000.0 15659.666666666666 27693.7 9177.9688 46209.4312 0.0079 0.0026 0.0131 3.402 1.5009 5.3031 
3530000.0 15706.666666666666 27869.2333 9330.8409 46407.6258 0.0079 0.0026 0.0131 3.663 2.0026 5.3234 
3540000.0 15743.0 28010.3333 9397.1226 46623.5441 0.0079 0.0027 0.0132 3.7253 2.3477 5.1029 
3550000.0 15784.666666666666 28173.6333 9552.3391 46794.9275 0.0079 0.0027 0.0132 3.896 2.042 5.75 
3560000.0 15825.0 28323.6333 9692.8866 46954.3801 0.008 0.0027 0.0132 3.8887 2.6155 5.1618 
3570000.0 15870.666666666666 28476.1 9684.1682 47268.0318 0.008 0.0027 0.0132 3.3787 0.683 6.0743 
3580000.0 15916.333333333334 28635.8667 9729.5107 47542.2226 0.008 0.0027 0.0133 3.4493 2.1243 4.7744 
3590000.0 15958.666666666666 28800.2333 9825.6473 47774.8194 0.008 0.0027 0.0133 3.5823 2.7758 4.3889 
3600000.0 16005.666666666666 28968.8667 9959.7048 47978.0285 0.008 0.0028 0.0133 3.6527 2.1225 5.1828 
3610000.0 16042.666666666666 29113.3667 10021.2568 48205.4766 0.0081 0.0028 0.0134 3.7287 1.9226 5.5347 
3620000.0 16079.333333333334 29238.9667 10027.3731 48450.5603 0.0081 0.0028 0.0134 3.5117 1.3103 5.713 
3630000.0 16118.0 29388.6667 10127.3803 48649.953 0.0081 0.0028 0.0134 3.7027 1.9874 5.4179 
3640000.0 16156.666666666666 29530.2667 10217.6013 48842.9321 0.0081 0.0028 0.0134 3.7033 2.5209 4.8858 
3650000.0 16199.333333333334 29688.8667 10372.6416 49005.0917 0.0081 0.0028 0.0134 3.7173 2.1737 5.261 
3660000.0 16239.333333333334 29846.1667 10455.8537 49236.4796 0.0082 0.0029 0.0135 3.8517 3.1919 4.5114 
3670000.0 16281.333333333334 30003.7333 10529.7598 49477.7069 0.0082 0.0029 0.0135 3.8157 2.9175 4.7139 
3680000.0 16318.333333333334 30151.2 10601.8284 49700.5716 0.0082 0.0029 0.0135 3.9173 2.975 4.8597 
3690000.0 16364.333333333334 30331.4667 10710.2643 49952.669 0.0082 0.0029 0.0135 3.9183 2.5311 5.3056 
3700000.0 16407.333333333332 30485.8667 10775.3063 50196.4271 0.0082 0.0029 0.0136 3.751 2.4851 5.0169 
3710000.0 16447.333333333332 30617.0 10861.7253 50372.2747 0.0083 0.0029 0.0136 3.3447 1.9555 4.7339 
3720000.0 16487.0 30771.9333 10982.6255 50561.2412 0.0083 0.003 0.0136 3.695 2.3609 5.0291 
3730000.0 16530.333333333332 30938.7667 11122.9697 50754.5637 0.0083 0.003 0.0136 3.8107 2.9489 4.6725 
3740000.0 16575.0 31117.7333 11348.0794 50887.3872 0.0083 0.003 0.0136 3.9303 3.4866 4.3741 
3750000.0 16612.0 31240.9 11241.5019 51240.2981 0.0083 0.003 0.0137 3.7153 0.9249 6.5057 
3760000.0 16659.666666666668 31416.1 11403.9481 51428.2519 0.0084 0.003 0.0137 3.7713 2.0285 5.5142 
3770000.0 16700.333333333332 31582.4333 11476.8263 51688.0404 0.0084 0.003 0.0137 3.906 2.1569 5.6551 
3780000.0 16744.666666666668 31731.0333 11618.4965 51843.5702 0.0084 0.0031 0.0137 3.5533 3.039 4.0676 
3790000.0 16780.0 31848.2333 11685.5571 52010.9096 0.0084 0.0031 0.0137 3.3843 0.8607 5.908 
3800000.0 16827.333333333332 32043.9 11891.7593 52196.0407 0.0084 0.0031 0.0137 3.879 2.7543 5.0037 
3810000.0 16873.333333333332 32220.8 12055.215 52386.385 0.0085 0.0032 0.0137 3.945 2.7575 5.1325 
3820000.0 16917.333333333332 32370.3667 12081.2229 52659.5105 0.0085 0.0032 0.0138 3.6467 1.8414 5.452 
3830000.0 16962.333333333332 32511.4333 12176.8317 52846.035 0.0085 0.0032 0.0138 3.1477 -0.2861 6.5815 
3840000.0 17002.666666666668 32682.0667 12428.2085 52935.9248 0.0085 0.0032 0.0138 3.7223 2.2232 5.2214 
3850000.0 17041.0 32817.7333 12449.3414 53186.1252 0.0085 0.0032 0.0138 3.6323 2.6173 4.6474 
3860000.0 17089.333333333332 32959.2 12575.1066 53343.2934 0.0085 0.0033 0.0138 3.2093 2.6813 3.7374 
3870000.0 17134.0 33112.4667 12655.1829 53569.7504 0.0086 0.0033 0.0138 3.3023 2.0681 4.5366 
3880000.0 17178.666666666668 33264.9667 12738.3203 53791.613 0.0086 0.0033 0.0139 3.4253 1.8901 4.9605 
3890000.0 17219.333333333332 33415.6333 12872.4288 53958.8378 0.0086 0.0033 0.0139 3.586 1.6093 5.5627 
3900000.0 17266.333333333332 33574.6667 13030.934 54118.3994 0.0086 0.0033 0.0139 3.5087 2.7711 4.2463 
3910000.0 17310.0 33741.1 13122.1364 54360.0636 0.0086 0.0034 0.0139 3.704 2.1294 5.2786 
3920000.0 17350.333333333332 33870.4667 13216.2307 54524.7026 0.0086 0.0034 0.0139 3.414 2.454 4.374 
3930000.0 17396.0 34048.5333 13274.4624 54822.6043 0.0087 0.0034 0.0139 3.616 2.6393 4.5927 
3940000.0 17441.0 34221.0 13387.785 55054.215 0.0087 0.0034 0.014 3.6797 2.9476 4.4118 
3950000.0 17487.666666666668 34384.6 13564.6262 55204.5738 0.0087 0.0034 0.014 3.5423 2.276 4.8087 
3960000.0 17533.333333333332 34540.2 13540.8582 55539.5418 0.0087 0.0034 0.014 3.4127 1.4164 5.4089 
3970000.0 17580.666666666668 34688.1 13676.5798 55699.6202 0.0087 0.0034 0.014 3.3097 1.4938 5.1256 
3980000.0 17624.333333333332 34831.4667 13826.2415 55836.6918 0.0088 0.0035 0.014 3.3357 1.9883 4.683 
3990000.0 17673.333333333332 34984.6667 13938.423 56030.9103 0.0088 0.0035 0.014 3.0563 1.6062 4.5065 
4000000.0 17716.666666666668 35118.7 13879.3459 56358.0541 0.0088 0.0035 0.0141 3.0417 0.4174 5.666 
