10000.0 16.0 405.4 nan nan 0.0405 nan nan 6.813 nan nan 
20000.0 39.0 1038.333 nan nan 0.0519 nan nan 14.851 nan nan 
30000.0 54.0 1476.133 nan nan 0.0492 nan nan 18.513 nan nan 
40000.0 74.0 2195.333 nan nan 0.0549 nan nan 23.999 nan nan 
50000.0 87.0 2816.6 nan nan 0.0563 nan nan 29.043 nan nan 
60000.0 102.0 3535.4 nan nan 0.0589 nan nan 34.491 nan nan 
70000.0 116.0 4368.467 nan nan 0.0624 nan nan 41.249 nan nan 
80000.0 141.0 6106.2 nan nan 0.0763 nan nan 52.015 nan nan 
90000.0 163.0 7619.4 nan nan 0.0847 nan nan 57.87 nan nan 
100000.0 180.0 8932.533 nan nan 0.0893 nan nan 63.931 nan nan 
110000.0 196.0 10128.0 nan nan 0.0921 nan nan 66.313 nan nan 
120000.0 218.0 11626.6 nan nan 0.0969 nan nan 67.21 nan nan 
130000.0 242.0 13350.0 nan nan 0.1027 nan nan 68.614 nan nan 
140000.0 266.0 15069.333 nan nan 0.1076 nan nan 70.167 nan nan 
150000.0 288.0 16935.067 nan nan 0.1129 nan nan 74.254 nan nan 
160000.0 312.0 18900.333 nan nan 0.1181 nan nan 77.673 nan nan 
170000.0 331.0 20200.8 nan nan 0.1188 nan nan 75.076 nan nan 
180000.0 357.0 22000.8 nan nan 0.1222 nan nan 72.294 nan nan 
190000.0 381.0 23485.133 nan nan 0.1236 nan nan 67.726 nan nan 
200000.0 402.0 25361.133 nan nan 0.1268 nan nan 75.476 nan nan 
210000.0 424.0 27826.467 nan nan 0.1325 nan nan 87.855 nan nan 
220000.0 444.0 29962.733 nan nan 0.1362 nan nan 94.719 nan nan 
230000.0 478.0 33140.067 nan nan 0.1441 nan nan 94.466 nan nan 
240000.0 506.0 35785.667 nan nan 0.1491 nan nan 93.905 nan nan 
250000.0 534.0 38553.533 nan nan 0.1542 nan nan 96.589 nan nan 
260000.0 562.0 41268.4 nan nan 0.1587 nan nan 96.373 nan nan 
270000.0 594.0 44176.2 nan nan 0.1636 nan nan 92.1 nan nan 
280000.0 619.0 46882.267 nan nan 0.1674 nan nan 99.978 nan nan 
290000.0 651.0 50163.867 nan nan 0.173 nan nan 101.266 nan nan 
300000.0 680.0 53543.067 nan nan 0.1785 nan nan 107.236 nan nan 
310000.0 698.0 55953.2 nan nan 0.1805 nan nan 115.606 nan nan 
320000.0 727.0 59466.333 nan nan 0.1858 nan nan 117.849 nan nan 
330000.0 756.0 62866.667 nan nan 0.1905 nan nan 117.279 nan nan 
340000.0 782.0 66072.267 nan nan 0.1943 nan nan 118.956 nan nan 
350000.0 811.0 68926.933 nan nan 0.1969 nan nan 111.501 nan nan 
360000.0 838.0 72389.467 nan nan 0.2011 nan nan 118.912 nan nan 
370000.0 861.0 75599.667 nan nan 0.2043 nan nan 124.021 nan nan 
380000.0 881.0 78481.333 nan nan 0.2065 nan nan 133.028 nan nan 
390000.0 906.0 81653.667 nan nan 0.2094 nan nan 131.753 nan nan 
400000.0 928.0 84719.8 nan nan 0.2118 nan nan 132.651 nan nan 
410000.0 941.0 86758.467 nan nan 0.2116 nan nan 137.431 nan nan 
420000.0 960.0 89830.133 nan nan 0.2139 nan nan 145.571 nan nan 
430000.0 981.0 93002.8 nan nan 0.2163 nan nan 149.662 nan nan 
440000.0 998.0 95812.333 nan nan 0.2178 nan nan 151.916 nan nan 
450000.0 1014.0 98591.133 nan nan 0.2191 nan nan 156.515 nan nan 
460000.0 1037.0 101960.933 nan nan 0.2217 nan nan 153.681 nan nan 
470000.0 1055.0 104459.2 nan nan 0.2223 nan nan 150.139 nan nan 
480000.0 1069.0 106784.6 nan nan 0.2225 nan nan 151.633 nan nan 
490000.0 1083.0 109105.2 nan nan 0.2227 nan nan 156.232 nan nan 
500000.0 1097.0 111779.933 nan nan 0.2236 nan nan 165.797 nan nan 
510000.0 1110.0 114344.867 nan nan 0.2242 nan nan 172.603 nan nan 
520000.0 1119.0 116114.867 nan nan 0.2233 nan nan 175.881 nan nan 
530000.0 1136.0 119135.8 nan nan 0.2248 nan nan 176.95 nan nan 
540000.0 1148.0 121174.333 nan nan 0.2244 nan nan 177.457 nan nan 
550000.0 1172.0 124731.6 nan nan 0.2268 nan nan 165.688 nan nan 
560000.0 1189.0 127800.267 nan nan 0.2282 nan nan 170.444 nan nan 
570000.0 1203.0 130126.067 nan nan 0.2283 nan nan 169.572 nan nan 
580000.0 1222.0 133640.0 nan nan 0.2304 nan nan 174.571 nan nan 
590000.0 1238.0 135995.533 nan nan 0.2305 nan nan 164.295 nan nan 
600000.0 1257.0 139002.0 nan nan 0.2317 nan nan 162.797 nan nan 
610000.0 1274.0 142075.933 nan nan 0.2329 nan nan 168.867 nan nan 
620000.0 1286.0 144794.2 nan nan 0.2335 nan nan 179.598 nan nan 
630000.0 1300.0 147676.867 nan nan 0.2344 nan nan 185.861 nan nan 
640000.0 1313.0 150326.6 nan nan 0.2349 nan nan 191.611 nan nan 
650000.0 1327.0 153033.133 nan nan 0.2354 nan nan 191.282 nan nan 
660000.0 1343.0 156097.4 nan nan 0.2365 nan nan 190.831 nan nan 
670000.0 1359.0 159051.8 nan nan 0.2374 nan nan 187.852 nan nan 
680000.0 1373.0 161715.067 nan nan 0.2378 nan nan 188.394 nan nan 
690000.0 1385.0 163691.533 nan nan 0.2372 nan nan 184.547 nan nan 
700000.0 1407.0 167262.6 nan nan 0.2389 nan nan 177.477 nan nan 
710000.0 1430.0 171029.067 nan nan 0.2409 nan nan 170.349 nan nan 
720000.0 1454.0 174714.133 nan nan 0.2427 nan nan 163.279 nan nan 
730000.0 1474.0 177519.267 nan nan 0.2432 nan nan 157.459 nan nan 
740000.0 1496.0 181307.067 nan nan 0.245 nan nan 160.582 nan nan 
750000.0 1509.0 183954.467 nan nan 0.2453 nan nan 170.342 nan nan 
760000.0 1525.0 187005.4 nan nan 0.2461 nan nan 176.801 nan nan 
770000.0 1538.0 189306.133 nan nan 0.2459 nan nan 178.392 nan nan 
780000.0 1551.0 191946.333 nan nan 0.2461 nan nan 181.09 nan nan 
790000.0 1563.0 194364.667 nan nan 0.246 nan nan 186.403 nan nan 
800000.0 1579.0 197611.067 nan nan 0.247 nan nan 192.665 nan nan 
810000.0 1593.0 200989.667 nan nan 0.2481 nan nan 201.068 nan nan 
820000.0 1611.0 204738.333 nan nan 0.2497 nan nan 207.098 nan nan 
830000.0 1622.0 207307.2 nan nan 0.2498 nan nan 209.595 nan nan 
840000.0 1634.0 209790.933 nan nan 0.2498 nan nan 210.963 nan nan 
850000.0 1644.0 211865.067 nan nan 0.2493 nan nan 209.956 nan nan 
860000.0 1659.0 215130.867 nan nan 0.2502 nan nan 211.524 nan nan 
870000.0 1671.0 217703.133 nan nan 0.2502 nan nan 211.679 nan nan 
880000.0 1687.0 220376.133 nan nan 0.2504 nan nan 201.697 nan nan 
890000.0 1702.0 223635.467 nan nan 0.2513 nan nan 203.147 nan nan 
900000.0 1719.0 227040.8 nan nan 0.2523 nan nan 203.095 nan nan 
910000.0 1734.0 229894.6 nan nan 0.2526 nan nan 200.141 nan nan 
920000.0 1742.0 231565.667 nan nan 0.2517 nan nan 199.666 nan nan 
930000.0 1754.0 233742.267 nan nan 0.2513 nan nan 197.206 nan nan 
940000.0 1762.0 235486.0 nan nan 0.2505 nan nan 198.888 nan nan 
950000.0 1779.0 238500.933 nan nan 0.2511 nan nan 191.49 nan nan 
960000.0 1787.0 240385.6 nan nan 0.2504 nan nan 197.57 nan nan 
970000.0 1807.0 244066.533 nan nan 0.2516 nan nan 196.885 nan nan 
980000.0 1822.0 247061.533 nan nan 0.2521 nan nan 194.685 nan nan 
990000.0 1836.0 249534.4 nan nan 0.2521 nan nan 192.819 nan nan 
1000000.0 1848.0 251922.467 nan nan 0.2519 nan nan 192.277 nan nan 
1010000.0 1862.0 254386.4 nan nan 0.2519 nan nan 188.559 nan nan 
1020000.0 1878.0 257487.8 nan nan 0.2524 nan nan 190.688 nan nan 
1030000.0 1886.0 259152.6 nan nan 0.2516 nan nan 191.662 nan nan 
1040000.0 1890.0 260163.867 nan nan 0.2502 nan nan 195.75 nan nan 
1050000.0 1898.0 261427.467 nan nan 0.249 nan nan 193.457 nan nan 
1060000.0 1909.0 263174.333 nan nan 0.2483 nan nan 185.358 nan nan 
1070000.0 1924.0 265421.733 nan nan 0.2481 nan nan 173.629 nan nan 
1080000.0 1948.0 269142.667 nan nan 0.2492 nan nan 165.986 nan nan 
1090000.0 1961.0 271275.067 nan nan 0.2489 nan nan 168.212 nan nan 
1100000.0 1970.0 273010.867 nan nan 0.2482 nan nan 169.386 nan nan 
1110000.0 1980.0 274976.0 nan nan 0.2477 nan nan 176.235 nan nan 
1120000.0 1988.0 276652.067 nan nan 0.247 nan nan 180.699 nan nan 
1130000.0 2004.0 279964.2 nan nan 0.2478 nan nan 189.147 nan nan 
1140000.0 2026.0 284073.8 nan nan 0.2492 nan nan 189.936 nan nan 
1150000.0 2045.0 287324.933 nan nan 0.2498 nan nan 183.904 nan nan 
1160000.0 2064.0 291647.133 nan nan 0.2514 nan nan 195.258 nan nan 
1170000.0 2089.0 295736.933 nan nan 0.2528 nan nan 184.997 nan nan 
1180000.0 2101.0 298649.2 nan nan 0.2531 nan nan 195.956 nan nan 
1190000.0 2120.0 302631.667 nan nan 0.2543 nan nan 203.637 nan nan 
1200000.0 2128.0 304566.4 nan nan 0.2538 nan nan 206.51 nan nan 
1210000.0 2144.0 308249.933 nan nan 0.2548 nan nan 215.219 nan nan 
1220000.0 2158.0 311339.467 nan nan 0.2552 nan nan 217.246 nan nan 
1230000.0 2177.0 315602.667 nan nan 0.2566 nan nan 219.16 nan nan 
1240000.0 2189.0 318485.467 nan nan 0.2568 nan nan 220.76 nan nan 
1250000.0 2197.0 320372.133 nan nan 0.2563 nan nan 224.285 nan nan 
1260000.0 2211.0 323669.0 nan nan 0.2569 nan nan 226.418 nan nan 
1270000.0 2227.0 326547.6 nan nan 0.2571 nan nan 215.143 nan nan 
1280000.0 2247.0 331187.933 nan nan 0.2587 nan nan 219.683 nan nan 
1290000.0 2263.0 334481.533 nan nan 0.2593 nan nan 215.484 nan nan 
1300000.0 2277.0 337763.267 nan nan 0.2598 nan nan 221.065 nan nan 
1310000.0 2292.0 341308.733 nan nan 0.2605 nan nan 225.761 nan nan 
1320000.0 2310.0 345706.2 nan nan 0.2619 nan nan 229.656 nan nan 
1330000.0 2325.0 349057.133 nan nan 0.2624 nan nan 231.694 nan nan 
1340000.0 2333.0 351249.133 nan nan 0.2621 nan nan 234.147 nan nan 
1350000.0 2354.0 355674.2 nan nan 0.2635 nan nan 224.849 nan nan 
1360000.0 2375.0 360091.333 nan nan 0.2648 nan nan 220.026 nan nan 
1370000.0 2394.0 364182.333 nan nan 0.2658 nan nan 218.842 nan nan 
1380000.0 2410.0 367687.533 nan nan 0.2664 nan nan 221.196 nan nan 
1390000.0 2418.0 369322.667 nan nan 0.2657 nan nan 217.47 nan nan 
1400000.0 2434.0 372853.467 nan nan 0.2663 nan nan 218.037 nan nan 
1410000.0 2455.0 377291.067 nan nan 0.2676 nan nan 214.986 nan nan 
1420000.0 2470.0 380456.133 nan nan 0.2679 nan nan 215.372 nan nan 
1430000.0 2488.0 384024.667 nan nan 0.2685 nan nan 210.843 nan nan 
1440000.0 2496.0 385728.867 nan nan 0.2679 nan nan 210.421 nan nan 
1450000.0 2510.0 388498.6 nan nan 0.2679 nan nan 207.4 nan nan 
1460000.0 2526.0 392098.133 nan nan 0.2686 nan nan 208.073 nan nan 
1470000.0 2546.0 396115.467 nan nan 0.2695 nan nan 209.351 nan nan 
1480000.0 2567.0 400617.2 nan nan 0.2707 nan nan 210.629 nan nan 
1490000.0 2584.0 404576.133 nan nan 0.2715 nan nan 215.05 nan nan 
1500000.0 2596.0 407206.067 nan nan 0.2715 nan nan 217.715 nan nan 
1510000.0 2607.0 409650.0 nan nan 0.2713 nan nan 217.921 nan nan 
1520000.0 2629.0 414041.6 nan nan 0.2724 nan nan 211.866 nan nan 
1530000.0 2648.0 418091.8 nan nan 0.2733 nan nan 212.214 nan nan 
1540000.0 2663.0 421703.8 nan nan 0.2738 nan nan 216.861 nan nan 
1550000.0 2680.0 425251.267 nan nan 0.2744 nan nan 216.328 nan nan 
1560000.0 2698.0 428852.267 nan nan 0.2749 nan nan 211.844 nan nan 
1570000.0 2713.0 432007.6 nan nan 0.2752 nan nan 210.952 nan nan 
1580000.0 2725.0 434610.933 nan nan 0.2751 nan nan 208.104 nan nan 
1590000.0 2746.0 439088.8 nan nan 0.2762 nan nan 209.588 nan nan 
1600000.0 2766.0 443376.4 nan nan 0.2771 nan nan 214.884 nan nan 
1610000.0 2786.0 447748.6 nan nan 0.2781 nan nan 216.91 nan nan 
1620000.0 2802.0 451211.867 nan nan 0.2785 nan nan 215.535 nan nan 
1630000.0 2818.0 454801.533 nan nan 0.279 nan nan 216.091 nan nan 
1640000.0 2831.0 457815.2 nan nan 0.2792 nan nan 221.427 nan nan 
1650000.0 2843.0 460523.133 nan nan 0.2791 nan nan 220.336 nan nan 
1660000.0 2861.0 464399.467 nan nan 0.2798 nan nan 219.243 nan nan 
1670000.0 2883.0 468787.8 nan nan 0.2807 nan nan 215.276 nan nan 
1680000.0 2903.0 473330.533 nan nan 0.2817 nan nan 219.495 nan nan 
1690000.0 2925.0 478046.133 nan nan 0.2829 nan nan 217.303 nan nan 
1700000.0 2947.0 482629.8 nan nan 0.2839 nan nan 213.202 nan nan 
1710000.0 2956.0 484984.8 nan nan 0.2836 nan nan 218.08 nan nan 
1720000.0 2970.0 488115.467 nan nan 0.2838 nan nan 222.975 nan nan 
1730000.0 2985.0 491367.2 nan nan 0.284 nan nan 221.197 nan nan 
1740000.0 2997.0 494342.133 nan nan 0.2841 nan nan 221.897 nan nan 
1750000.0 3017.0 498879.267 nan nan 0.2851 nan nan 229.06 nan nan 
1760000.0 3029.0 501450.267 nan nan 0.2849 nan nan 224.869 nan nan 
1770000.0 3037.0 503365.867 nan nan 0.2844 nan nan 222.91 nan nan 
1780000.0 3047.0 505737.467 nan nan 0.2841 nan nan 226.513 nan nan 
1790000.0 3065.0 510047.4 nan nan 0.2849 nan nan 231.76 nan nan 
1800000.0 3088.0 514612.733 nan nan 0.2859 nan nan 219.245 nan nan 
1810000.0 3108.0 518699.8 nan nan 0.2866 nan nan 212.403 nan nan 
1820000.0 3123.0 522214.267 nan nan 0.2869 nan nan 218.351 nan nan 
1830000.0 3135.0 524825.0 nan nan 0.2868 nan nan 217.994 nan nan 
1840000.0 3156.0 529197.067 nan nan 0.2876 nan nan 215.245 nan nan 
1850000.0 3173.0 533309.067 nan nan 0.2883 nan nan 223.759 nan nan 
1860000.0 3195.0 537576.067 nan nan 0.289 nan nan 212.272 nan nan 
1870000.0 3219.0 541718.333 nan nan 0.2897 nan nan 198.508 nan nan 
1880000.0 3237.0 545354.6 nan nan 0.2901 nan nan 197.165 nan nan 
1890000.0 3254.0 549021.6 nan nan 0.2905 nan nan 204.628 nan nan 
1900000.0 3268.0 552159.4 nan nan 0.2906 nan nan 207.82 nan nan 
1910000.0 3285.0 555181.133 nan nan 0.2907 nan nan 199.973 nan nan 
1920000.0 3305.0 559247.333 nan nan 0.2913 nan nan 199.69 nan nan 
1930000.0 3328.0 563649.6 nan nan 0.292 nan nan 198.329 nan nan 
1940000.0 3340.0 566353.6 nan nan 0.2919 nan nan 202.594 nan nan 
1950000.0 3349.0 568553.267 nan nan 0.2916 nan nan 211.703 nan nan 
1960000.0 3365.0 572451.533 nan nan 0.2921 nan nan 219.546 nan nan 
1970000.0 3378.0 574735.8 nan nan 0.2917 nan nan 211.049 nan nan 
1980000.0 3392.0 578208.6 nan nan 0.292 nan nan 218.453 nan nan 
1990000.0 3410.0 581571.6 nan nan 0.2922 nan nan 210.097 nan nan 
2000000.0 3429.0 585613.133 nan nan 0.2928 nan nan 210.825 nan nan 
2010000.0 3446.0 589715.267 nan nan 0.2934 nan nan 220.477 nan nan 
2020000.0 3461.0 593385.733 nan nan 0.2938 nan nan 225.618 nan nan 
2030000.0 3475.0 596734.467 nan nan 0.294 nan nan 232.289 nan nan 
2040000.0 3489.0 600231.6 nan nan 0.2942 nan nan 232.073 nan nan 
2050000.0 3508.0 604645.667 nan nan 0.2949 nan nan 232.334 nan nan 
2060000.0 3526.0 609004.867 nan nan 0.2956 nan nan 233.425 nan nan 
2070000.0 3542.0 612568.467 nan nan 0.2959 nan nan 233.346 nan nan 
2080000.0 3562.0 616817.6 nan nan 0.2965 nan nan 226.083 nan nan 
2090000.0 3578.0 620651.733 nan nan 0.297 nan nan 230.506 nan nan 
2100000.0 3592.0 624387.333 nan nan 0.2973 nan nan 238.295 nan nan 
2110000.0 3604.0 627547.533 nan nan 0.2974 nan nan 240.592 nan nan 
2120000.0 3622.0 631808.733 nan nan 0.298 nan nan 239.723 nan nan 
2130000.0 3640.0 635822.733 nan nan 0.2985 nan nan 234.69 nan nan 
2140000.0 3659.0 640449.0 nan nan 0.2993 nan nan 239.739 nan nan 
2150000.0 3670.0 643290.667 nan nan 0.2992 nan nan 240.639 nan nan 
2160000.0 3680.0 646002.0 nan nan 0.2991 nan nan 246.585 nan nan 
2170000.0 3695.0 649094.4 nan nan 0.2991 nan nan 236.112 nan nan 
2180000.0 3706.0 651931.2 nan nan 0.2991 nan nan 241.61 nan nan 
2190000.0 3721.0 655151.267 nan nan 0.2992 nan nan 234.281 nan nan 
2200000.0 3740.0 659550.933 nan nan 0.2998 nan nan 236.355 nan nan 
2210000.0 3758.0 664308.267 nan nan 0.3006 nan nan 241.492 nan nan 
2220000.0 3773.0 667587.6 nan nan 0.3007 nan nan 240.231 nan nan 
2230000.0 3787.0 670959.867 nan nan 0.3009 nan nan 240.717 nan nan 
2240000.0 3801.0 674973.133 nan nan 0.3013 nan nan 250.023 nan nan 
2250000.0 3818.0 679256.533 nan nan 0.3019 nan nan 250.357 nan nan 
2260000.0 3836.0 683503.467 nan nan 0.3024 nan nan 243.83 nan nan 
2270000.0 3854.0 687750.267 nan nan 0.303 nan nan 240.369 nan nan 
2280000.0 3867.0 691236.0 nan nan 0.3032 nan nan 247.812 nan nan 
2290000.0 3884.0 694969.867 nan nan 0.3035 nan nan 241.345 nan nan 
2300000.0 3901.0 698518.267 nan nan 0.3037 nan nan 232.142 nan nan 
2310000.0 3919.0 702746.333 nan nan 0.3042 nan nan 231.049 nan nan 
2320000.0 3937.0 707195.733 nan nan 0.3048 nan nan 234.517 nan nan 
2330000.0 3956.0 711594.333 nan nan 0.3054 nan nan 235.818 nan nan 
2340000.0 3970.0 715125.333 nan nan 0.3056 nan nan 237.216 nan nan 
2350000.0 3987.0 718813.067 nan nan 0.3059 nan nan 234.006 nan nan 
2360000.0 4004.0 722375.267 nan nan 0.3061 nan nan 228.031 nan nan 
2370000.0 4022.0 726737.733 nan nan 0.3066 nan nan 231.656 nan nan 
2380000.0 4033.0 729385.133 nan nan 0.3065 nan nan 230.866 nan nan 
2390000.0 4055.0 733700.133 nan nan 0.307 nan nan 220.522 nan nan 
2400000.0 4063.0 735781.733 nan nan 0.3066 nan nan 227.682 nan nan 
2410000.0 4077.0 739221.067 nan nan 0.3067 nan nan 229.343 nan nan 
2420000.0 4081.0 740265.467 nan nan 0.3059 nan nan 232.232 nan nan 
2430000.0 4093.0 742664.4 nan nan 0.3056 nan nan 226.937 nan nan 
2440000.0 4117.0 747065.867 nan nan 0.3062 nan nan 210.245 nan nan 
2450000.0 4140.0 751513.267 nan nan 0.3067 nan nan 203.467 nan nan 
2460000.0 4154.0 754884.533 nan nan 0.3069 nan nan 211.544 nan nan 
2470000.0 4163.0 757455.467 nan nan 0.3067 nan nan 221.131 nan nan 
2480000.0 4178.0 761296.6 nan nan 0.307 nan nan 232.93 nan nan 
2490000.0 4198.0 765767.2 nan nan 0.3075 nan nan 229.736 nan nan 
2500000.0 4212.0 769126.867 nan nan 0.3077 nan nan 230.887 nan nan 
2510000.0 4230.0 772871.333 nan nan 0.3079 nan nan 223.7 nan nan 
2520000.0 4247.0 776863.667 nan nan 0.3083 nan nan 230.8 nan nan 
2530000.0 4263.0 780834.333 nan nan 0.3086 nan nan 231.726 nan nan 
2540000.0 4282.0 785177.267 nan nan 0.3091 nan nan 233.296 nan nan 
2550000.0 4296.0 789312.667 nan nan 0.3095 nan nan 246.325 nan nan 
2560000.0 4314.0 793812.467 nan nan 0.3101 nan nan 250.865 nan nan 
2570000.0 4332.0 798307.2 nan nan 0.3106 nan nan 248.567 nan nan 
2580000.0 4343.0 801019.533 nan nan 0.3105 nan nan 247.012 nan nan 
2590000.0 4352.0 803208.067 nan nan 0.3101 nan nan 247.254 nan nan 
2600000.0 4368.0 807002.533 nan nan 0.3104 nan nan 247.124 nan nan 
2610000.0 4386.0 811099.267 nan nan 0.3108 nan nan 239.576 nan nan 
2620000.0 4402.0 814859.133 nan nan 0.311 nan nan 236.178 nan nan 
2630000.0 4415.0 818276.8 nan nan 0.3111 nan nan 246.106 nan nan 
2640000.0 4433.0 822790.867 nan nan 0.3117 nan nan 247.081 nan nan 
2650000.0 4452.0 826714.0 nan nan 0.312 nan nan 235.617 nan nan 
2660000.0 4469.0 830980.733 nan nan 0.3124 nan nan 238.758 nan nan 
2670000.0 4485.0 835071.733 nan nan 0.3128 nan nan 243.387 nan nan 
2680000.0 4502.0 839399.867 nan nan 0.3132 nan nan 246.592 nan nan 
2690000.0 4515.0 842670.133 nan nan 0.3133 nan nan 246.962 nan nan 
2700000.0 4531.0 846638.2 nan nan 0.3136 nan nan 247.63 nan nan 
2710000.0 4548.0 850913.0 nan nan 0.314 nan nan 248.297 nan nan 
2720000.0 4564.0 854377.867 nan nan 0.3141 nan nan 239.508 nan nan 
2730000.0 4581.0 858717.733 nan nan 0.3145 nan nan 245.655 nan nan 
2740000.0 4595.0 862267.2 nan nan 0.3147 nan nan 245.859 nan nan 
2750000.0 4613.0 866517.867 nan nan 0.3151 nan nan 241.956 nan nan 
2760000.0 4630.0 870580.267 nan nan 0.3154 nan nan 240.461 nan nan 
2770000.0 4642.0 873610.733 nan nan 0.3154 nan nan 243.132 nan nan 
2780000.0 4661.0 877767.133 nan nan 0.3157 nan nan 236.189 nan nan 
2790000.0 4678.0 882374.733 nan nan 0.3163 nan nan 246.476 nan nan 
2800000.0 4696.0 886725.733 nan nan 0.3167 nan nan 247.837 nan nan 
2810000.0 4715.0 891087.867 nan nan 0.3171 nan nan 241.642 nan nan 
2820000.0 4732.0 895598.0 nan nan 0.3176 nan nan 245.951 nan nan 
2830000.0 4749.0 900015.0 nan nan 0.318 nan nan 248.95 nan nan 
2840000.0 4762.0 903161.533 nan nan 0.318 nan nan 248.647 nan nan 
2850000.0 4780.0 907454.6 nan nan 0.3184 nan nan 250.245 nan nan 
2860000.0 4797.0 911972.0 nan nan 0.3189 nan nan 251.787 nan nan 
2870000.0 4816.0 916512.8 nan nan 0.3193 nan nan 246.904 nan nan 
2880000.0 4830.0 919739.533 nan nan 0.3194 nan nan 245.794 nan nan 
2890000.0 4848.0 924000.533 nan nan 0.3197 nan nan 243.412 nan nan 
2900000.0 4862.0 927536.933 nan nan 0.3198 nan nan 244.254 nan nan 
2910000.0 4882.0 931698.133 nan nan 0.3202 nan nan 234.848 nan nan 
2920000.0 4903.0 936131.267 nan nan 0.3206 nan nan 224.963 nan nan 
2930000.0 4921.0 940427.067 nan nan 0.321 nan nan 227.193 nan nan 
2940000.0 4935.0 943861.333 nan nan 0.321 nan nan 231.447 nan nan 
2950000.0 4952.0 947998.8 nan nan 0.3214 nan nan 233.794 nan nan 
2960000.0 4966.0 951529.667 nan nan 0.3215 nan nan 240.726 nan nan 
2970000.0 4980.0 954966.933 nan nan 0.3215 nan nan 241.917 nan nan 
2980000.0 4995.0 958946.667 nan nan 0.3218 nan nan 246.883 nan nan 
2990000.0 5010.0 962548.533 nan nan 0.3219 nan nan 245.149 nan nan 
3000000.0 5028.0 966610.0 nan nan 0.3222 nan nan 241.1 nan nan 
3010000.0 5045.0 970991.333 nan nan 0.3226 nan nan 246.713 nan nan 
3020000.0 5059.0 974748.8 nan nan 0.3228 nan nan 249.812 nan nan 
3030000.0 5072.0 978023.8 nan nan 0.3228 nan nan 249.586 nan nan 
3040000.0 5084.0 981027.733 nan nan 0.3227 nan nan 247.027 nan nan 
3050000.0 5099.0 984821.333 nan nan 0.3229 nan nan 247.936 nan nan 
3060000.0 5109.0 987662.2 nan nan 0.3228 nan nan 254.419 nan nan 
3070000.0 5121.0 990550.867 nan nan 0.3227 nan nan 251.46 nan nan 
3080000.0 5131.0 993392.067 nan nan 0.3225 nan nan 257.897 nan nan 
3090000.0 5141.0 996068.467 nan nan 0.3224 nan nan 261.862 nan nan 
3100000.0 5152.0 999084.2 nan nan 0.3223 nan nan 261.812 nan nan 
3110000.0 5166.0 1002375.133 nan nan 0.3223 nan nan 256.265 nan nan 
3120000.0 5186.0 1006946.533 nan nan 0.3227 nan nan 248.05 nan nan 
3130000.0 5199.0 1010095.267 nan nan 0.3227 nan nan 245.004 nan nan 
3140000.0 5216.0 1014322.867 nan nan 0.323 nan nan 248.561 nan nan 
3150000.0 5232.0 1018841.533 nan nan 0.3234 nan nan 255.21 nan nan 
3160000.0 5250.0 1023085.933 nan nan 0.3238 nan nan 251.174 nan nan 
3170000.0 5267.0 1027478.2 nan nan 0.3241 nan nan 253.56 nan nan 
3180000.0 5283.0 1031580.6 nan nan 0.3244 nan nan 253.768 nan nan 
3190000.0 5295.0 1034463.533 nan nan 0.3243 nan nan 251.846 nan nan 
3200000.0 5308.0 1038167.4 nan nan 0.3244 nan nan 258.583 nan nan 
3210000.0 5321.0 1041364.333 nan nan 0.3244 nan nan 258.253 nan nan 
3220000.0 5338.0 1045963.333 nan nan 0.3248 nan nan 262.343 nan nan 
3230000.0 5351.0 1049374.133 nan nan 0.3249 nan nan 261.276 nan nan 
3240000.0 5369.0 1053773.933 nan nan 0.3252 nan nan 252.82 nan nan 
3250000.0 5385.0 1057738.333 nan nan 0.3255 nan nan 250.88 nan nan 
3260000.0 5394.0 1060104.733 nan nan 0.3252 nan nan 251.685 nan nan 
3270000.0 5407.0 1063480.933 nan nan 0.3252 nan nan 254.567 nan nan 
3280000.0 5425.0 1067235.667 nan nan 0.3254 nan nan 242.887 nan nan 
3290000.0 5442.0 1070773.733 nan nan 0.3255 nan nan 233.465 nan nan 
3300000.0 5453.0 1073311.4 nan nan 0.3252 nan nan 235.627 nan nan 
3310000.0 5463.0 1076056.533 nan nan 0.3251 nan nan 240.229 nan nan 
3320000.0 5470.0 1078083.4 nan nan 0.3247 nan nan 245.215 nan nan 
3330000.0 5481.0 1080788.067 nan nan 0.3246 nan nan 246.755 nan nan 
3340000.0 5497.0 1084736.2 nan nan 0.3248 nan nan 245.7 nan nan 
3350000.0 5515.0 1088656.8 nan nan 0.325 nan nan 238.8 nan nan 
3360000.0 5531.0 1092100.8 nan nan 0.325 nan nan 232.794 nan nan 
3370000.0 5541.0 1094779.533 nan nan 0.3249 nan nan 234.662 nan nan 
3380000.0 5557.0 1098394.467 nan nan 0.325 nan nan 235.154 nan nan 
3390000.0 5570.0 1101853.4 nan nan 0.325 nan nan 240.19 nan nan 
3400000.0 5581.0 1104648.333 nan nan 0.3249 nan nan 242.811 nan nan 
3410000.0 5600.0 1108907.133 nan nan 0.3252 nan nan 237.109 nan nan 
3420000.0 5611.0 1111412.733 nan nan 0.325 nan nan 236.899 nan nan 
3430000.0 5625.0 1114708.6 nan nan 0.325 nan nan 236.637 nan nan 
3440000.0 5643.0 1118954.6 nan nan 0.3253 nan nan 237.15 nan nan 
3450000.0 5657.0 1122443.933 nan nan 0.3253 nan nan 237.175 nan nan 
3460000.0 5674.0 1126690.6 nan nan 0.3256 nan nan 241.728 nan nan 
3470000.0 5684.0 1129100.467 nan nan 0.3254 nan nan 242.509 nan nan 
3480000.0 5697.0 1132173.467 nan nan 0.3253 nan nan 242.545 nan nan 
3490000.0 5711.0 1135722.267 nan nan 0.3254 nan nan 246.256 nan nan 
3500000.0 5721.0 1138515.0 nan nan 0.3253 nan nan 252.582 nan nan 
3510000.0 5740.0 1142947.2 nan nan 0.3256 nan nan 245.557 nan nan 
3520000.0 5755.0 1146143.0 nan nan 0.3256 nan nan 235.365 nan nan 
3530000.0 5773.0 1150728.8 nan nan 0.326 nan nan 244.058 nan nan 
3540000.0 5790.0 1154938.8 nan nan 0.3263 nan nan 243.165 nan nan 
3550000.0 5807.0 1159002.133 nan nan 0.3265 nan nan 238.425 nan nan 
3560000.0 5815.0 1161136.067 nan nan 0.3262 nan nan 243.462 nan nan 
3570000.0 5829.0 1164336.4 nan nan 0.3261 nan nan 243.828 nan nan 
3580000.0 5847.0 1168767.0 nan nan 0.3265 nan nan 244.175 nan nan 
3590000.0 5861.0 1172419.067 nan nan 0.3266 nan nan 248.576 nan nan 
3600000.0 5876.0 1176132.133 nan nan 0.3267 nan nan 245.248 nan nan 
3610000.0 5889.0 1179485.6 nan nan 0.3267 nan nan 246.562 nan nan 
3620000.0 5905.0 1183705.333 nan nan 0.327 nan nan 250.583 nan nan 
3630000.0 5923.0 1188210.4 nan nan 0.3273 nan nan 252.623 nan nan 
3640000.0 5940.0 1192385.933 nan nan 0.3276 nan nan 251.905 nan nan 
3650000.0 5958.0 1196545.333 nan nan 0.3278 nan nan 244.125 nan nan 
3660000.0 5968.0 1199134.067 nan nan 0.3276 nan nan 245.123 nan nan 
3670000.0 5983.0 1202641.267 nan nan 0.3277 nan nan 243.428 nan nan 
3680000.0 6000.0 1206672.867 nan nan 0.3279 nan nan 244.334 nan nan 
3690000.0 6015.0 1210000.6 nan nan 0.3279 nan nan 238.103 nan nan 
3700000.0 6028.0 1213388.6 nan nan 0.3279 nan nan 242.463 nan nan 
3710000.0 6041.0 1216913.2 nan nan 0.328 nan nan 248.222 nan nan 
3720000.0 6057.0 1221098.467 nan nan 0.3283 nan nan 251.75 nan nan 
3730000.0 6072.0 1224985.467 nan nan 0.3284 nan nan 254.869 nan nan 
3740000.0 6088.0 1228903.667 nan nan 0.3286 nan nan 250.821 nan nan 
3750000.0 6108.0 1233357.867 nan nan 0.3289 nan nan 241.14 nan nan 
3760000.0 6131.0 1237884.067 nan nan 0.3292 nan nan 222.64 nan nan 
3770000.0 6148.0 1242022.267 nan nan 0.3294 nan nan 229.102 nan nan 
3780000.0 6164.0 1246058.067 nan nan 0.3296 nan nan 233.713 nan nan 
3790000.0 6177.0 1248841.867 nan nan 0.3295 nan nan 234.356 nan nan 
3800000.0 6192.0 1252422.6 nan nan 0.3296 nan nan 233.151 nan nan 
3810000.0 6206.0 1255624.0 nan nan 0.3296 nan nan 235.216 nan nan 
3820000.0 6214.0 1257917.4 nan nan 0.3293 nan nan 237.267 nan nan 
3830000.0 6227.0 1261278.6 nan nan 0.3293 nan nan 241.394 nan nan 
3840000.0 6244.0 1265326.267 nan nan 0.3295 nan nan 242.201 nan nan 
3850000.0 6261.0 1269409.2 nan nan 0.3297 nan nan 243.803 nan nan 
3860000.0 6281.0 1273704.733 nan nan 0.33 nan nan 233.198 nan nan 
3870000.0 6299.0 1277701.933 nan nan 0.3302 nan nan 231.663 nan nan 
3880000.0 6317.0 1281695.2 nan nan 0.3303 nan nan 227.582 nan nan 
3890000.0 6329.0 1284486.733 nan nan 0.3302 nan nan 223.806 nan nan 
3900000.0 6348.0 1288561.8 nan nan 0.3304 nan nan 221.72 nan nan 
3910000.0 6362.0 1291388.733 nan nan 0.3303 nan nan 218.022 nan nan 
3920000.0 6379.0 1295036.6 nan nan 0.3304 nan nan 215.15 nan nan 
3930000.0 6397.0 1299103.467 nan nan 0.3306 nan nan 220.471 nan nan 
3940000.0 6413.0 1303092.333 nan nan 0.3307 nan nan 228.233 nan nan 
3950000.0 6428.0 1307083.467 nan nan 0.3309 nan nan 238.684 nan nan 
3960000.0 6446.0 1311372.133 nan nan 0.3312 nan nan 236.47 nan nan 
3970000.0 6464.0 1315560.133 nan nan 0.3314 nan nan 234.454 nan nan 
3980000.0 6478.0 1319174.867 nan nan 0.3315 nan nan 241.882 nan nan 
3990000.0 6496.0 1323794.6 nan nan 0.3318 nan nan 244.791 nan nan 
4000000.0 6513.0 1328390.6 nan nan 0.3321 nan nan 252.615 nan nan 
4010000.0 6529.0 1332767.4 nan nan 0.3324 nan nan 259.661 nan nan 
4020000.0 6545.0 1337154.933 nan nan 0.3326 nan nan 263.797 nan nan 
4030000.0 6559.0 1341486.933 nan nan 0.3329 nan nan 272.437 nan nan 
4040000.0 6575.0 1345939.867 nan nan 0.3332 nan nan 275.88 nan nan 
4050000.0 6592.0 1350198.133 nan nan 0.3334 nan nan 272.12 nan nan 
4060000.0 6608.0 1354463.133 nan nan 0.3336 nan nan 269.368 nan nan 
4070000.0 6616.0 1356246.333 nan nan 0.3332 nan nan 259.059 nan nan 
4080000.0 6632.0 1360281.533 nan nan 0.3334 nan nan 258.203 nan nan 
4090000.0 6647.0 1364224.6 nan nan 0.3336 nan nan 261.352 nan nan 
4100000.0 6661.0 1368187.467 nan nan 0.3337 nan nan 265.381 nan nan 
4110000.0 6679.0 1372793.2 nan nan 0.334 nan nan 265.833 nan nan 
4120000.0 6696.0 1377438.4 nan nan 0.3343 nan nan 263.51 nan nan 
4130000.0 6716.0 1382028.4 nan nan 0.3346 nan nan 252.149 nan nan 
4140000.0 6735.0 1386408.933 nan nan 0.3349 nan nan 245.321 nan nan 
4150000.0 6751.0 1390807.733 nan nan 0.3351 nan nan 255.134 nan nan 
4160000.0 6765.0 1394021.733 nan nan 0.3351 nan nan 249.645 nan nan 
4170000.0 6778.0 1397396.333 nan nan 0.3351 nan nan 251.706 nan nan 
4180000.0 6791.0 1400889.4 nan nan 0.3351 nan nan 252.703 nan nan 
4190000.0 6808.0 1405416.6 nan nan 0.3354 nan nan 257.072 nan nan 
4200000.0 6822.0 1409036.133 nan nan 0.3355 nan nan 260.108 nan nan 
4210000.0 6842.0 1413570.2 nan nan 0.3358 nan nan 245.649 nan nan 
4220000.0 6853.0 1416301.333 nan nan 0.3356 nan nan 249.041 nan nan 
4230000.0 6867.0 1420048.467 nan nan 0.3357 nan nan 254.12 nan nan 
4240000.0 6884.0 1424394.133 nan nan 0.3359 nan nan 254.611 nan nan 
4250000.0 6901.0 1428668.733 nan nan 0.3362 nan nan 250.095 nan nan 
4260000.0 6917.0 1432733.267 nan nan 0.3363 nan nan 251.539 nan nan 
4270000.0 6933.0 1436924.933 nan nan 0.3365 nan nan 257.163 nan nan 
4280000.0 6949.0 1440942.333 nan nan 0.3367 nan nan 253.087 nan nan 
4290000.0 6966.0 1444804.8 nan nan 0.3368 nan nan 246.972 nan nan 
4300000.0 6974.0 1446752.333 nan nan 0.3365 nan nan 244.2 nan nan 
4310000.0 6989.0 1450946.467 nan nan 0.3366 nan nan 254.505 nan nan 
4320000.0 7006.0 1455451.733 nan nan 0.3369 nan nan 257.128 nan nan 
4330000.0 7022.0 1459526.8 nan nan 0.3371 nan nan 254.375 nan nan 
4340000.0 7030.0 1462032.0 nan nan 0.3369 nan nan 262.738 nan nan 
4350000.0 7046.0 1466320.667 nan nan 0.3371 nan nan 267.39 nan nan 
4360000.0 7064.0 1471039.733 nan nan 0.3374 nan nan 265.838 nan nan 
4370000.0 7079.0 1474892.733 nan nan 0.3375 nan nan 260.69 nan nan 
4380000.0 7095.0 1478581.133 nan nan 0.3376 nan nan 251.714 nan nan 
4390000.0 7111.0 1482022.533 nan nan 0.3376 nan nan 247.549 nan nan 
4400000.0 7125.0 1486039.0 nan nan 0.3377 nan nan 251.438 nan nan 
4410000.0 7145.0 1490341.4 nan nan 0.3379 nan nan 244.046 nan nan 
4420000.0 7159.0 1494022.067 nan nan 0.338 nan nan 248.049 nan nan 
4430000.0 7174.0 1497683.667 nan nan 0.3381 nan nan 245.139 nan nan 
4440000.0 7188.0 1500999.133 nan nan 0.3381 nan nan 242.878 nan nan 
4450000.0 7203.0 1504728.6 nan nan 0.3381 nan nan 245.578 nan nan 
4460000.0 7216.0 1508468.733 nan nan 0.3382 nan nan 252.12 nan nan 
4470000.0 7231.0 1512303.667 nan nan 0.3383 nan nan 255.699 nan nan 
4480000.0 7242.0 1515530.6 nan nan 0.3383 nan nan 259.823 nan nan 
4490000.0 7255.0 1519045.6 nan nan 0.3383 nan nan 261.197 nan nan 
4500000.0 7270.0 1522541.067 nan nan 0.3383 nan nan 258.612 nan nan 
4510000.0 7283.0 1526191.333 nan nan 0.3384 nan nan 259.501 nan nan 
4520000.0 7296.0 1529321.0 nan nan 0.3383 nan nan 255.071 nan nan 
4530000.0 7312.0 1532915.667 nan nan 0.3384 nan nan 250.465 nan nan 
4540000.0 7330.0 1537811.2 nan nan 0.3387 nan nan 255.858 nan nan 
4550000.0 7342.0 1541345.667 nan nan 0.3388 nan nan 262.238 nan nan 
4560000.0 7361.0 1545783.2 nan nan 0.339 nan nan 256.557 nan nan 
4570000.0 7376.0 1549970.6 nan nan 0.3392 nan nan 260.322 nan nan 
4580000.0 7393.0 1554535.133 nan nan 0.3394 nan nan 260.266 nan nan 
4590000.0 7412.0 1558777.867 nan nan 0.3396 nan nan 250.838 nan nan 
4600000.0 7429.0 1563408.133 nan nan 0.3399 nan nan 255.372 nan nan 
4610000.0 7448.0 1567911.933 nan nan 0.3401 nan nan 250.53 nan nan 
4620000.0 7465.0 1571788.0 nan nan 0.3402 nan nan 242.765 nan nan 
4630000.0 7479.0 1575340.467 nan nan 0.3402 nan nan 242.561 nan nan 
4640000.0 7494.0 1579080.667 nan nan 0.3403 nan nan 245.667 nan nan 
4650000.0 7512.0 1583300.667 nan nan 0.3405 nan nan 241.414 nan nan 
4660000.0 7530.0 1587412.6 nan nan 0.3406 nan nan 238.045 nan nan 
4670000.0 7548.0 1591631.667 nan nan 0.3408 nan nan 239.329 nan nan 
4680000.0 7558.0 1594314.867 nan nan 0.3407 nan nan 243.665 nan nan 
4690000.0 7570.0 1597169.333 nan nan 0.3405 nan nan 242.757 nan nan 
4700000.0 7581.0 1600181.133 nan nan 0.3405 nan nan 248.709 nan nan 
4710000.0 7597.0 1604435.867 nan nan 0.3406 nan nan 249.53 nan nan 
4720000.0 7616.0 1608450.667 nan nan 0.3408 nan nan 241.902 nan nan 
4730000.0 7627.0 1611640.867 nan nan 0.3407 nan nan 246.19 nan nan 
4740000.0 7640.0 1615419.333 nan nan 0.3408 nan nan 259.078 nan nan 
4750000.0 7655.0 1619621.933 nan nan 0.341 nan nan 266.236 nan nan 
4760000.0 7672.0 1623924.8 nan nan 0.3412 nan nan 260.4 nan nan 
4770000.0 7690.0 1627952.0 nan nan 0.3413 nan nan 251.246 nan nan 
4780000.0 7710.0 1632711.267 nan nan 0.3416 nan nan 243.156 nan nan 
4790000.0 7728.0 1636520.2 nan nan 0.3417 nan nan 235.75 nan nan 
4800000.0 7739.0 1638874.333 nan nan 0.3414 nan nan 232.836 nan nan 
4810000.0 7756.0 1643030.6 nan nan 0.3416 nan nan 232.502 nan nan 
4820000.0 7774.0 1647247.067 nan nan 0.3418 nan nan 235.863 nan nan 
4830000.0 7794.0 1651969.6 nan nan 0.342 nan nan 237.145 nan nan 
4840000.0 7813.0 1656745.6 nan nan 0.3423 nan nan 238.27 nan nan 
4850000.0 7831.0 1661504.133 nan nan 0.3426 nan nan 248.205 nan nan 
4860000.0 7850.0 1665953.533 nan nan 0.3428 nan nan 245.782 nan nan 
4870000.0 7866.0 1670384.133 nan nan 0.343 nan nan 252.18 nan nan 
4880000.0 7882.0 1674312.667 nan nan 0.3431 nan nan 247.792 nan nan 
4890000.0 7897.0 1677510.6 nan nan 0.343 nan nan 243.209 nan nan 
4900000.0 7906.0 1679978.333 nan nan 0.3429 nan nan 244.595 nan nan 
4910000.0 7925.0 1684432.467 nan nan 0.3431 nan nan 241.91 nan nan 
4920000.0 7940.0 1688084.933 nan nan 0.3431 nan nan 242.088 nan nan 
4930000.0 7953.0 1691380.0 nan nan 0.3431 nan nan 246.541 nan nan 
4940000.0 7964.0 1694728.467 nan nan 0.3431 nan nan 254.706 nan nan 
4950000.0 7982.0 1699368.4 nan nan 0.3433 nan nan 260.271 nan nan 
4960000.0 7999.0 1703924.2 nan nan 0.3435 nan nan 261.015 nan nan 
4970000.0 8017.0 1708444.267 nan nan 0.3438 nan nan 258.268 nan nan 
4980000.0 8033.0 1712099.4 nan nan 0.3438 nan nan 251.142 nan nan 
4990000.0 8050.0 1716617.933 nan nan 0.344 nan nan 253.043 nan nan 
5000000.0 8069.0 1721178.533 nan nan 0.3442 nan nan 249.908 nan nan 
5010000.0 8091.0 1725987.333 nan nan 0.3445 nan nan 239.049 nan nan 
5020000.0 8108.0 1730462.467 nan nan 0.3447 nan nan 245.193 nan nan 
5030000.0 8127.0 1735094.8 nan nan 0.3449 nan nan 243.459 nan nan 
5040000.0 8144.0 1739148.267 nan nan 0.3451 nan nan 242.171 nan nan 
5050000.0 8160.0 1743244.4 nan nan 0.3452 nan nan 246.4 nan nan 
5060000.0 8168.0 1745323.733 nan nan 0.3449 nan nan 245.805 nan nan 
5070000.0 8175.0 1747180.8 nan nan 0.3446 nan nan 250.446 nan nan 
5080000.0 8192.0 1751309.533 nan nan 0.3447 nan nan 248.755 nan nan 
5090000.0 8210.0 1755684.4 nan nan 0.3449 nan nan 244.232 nan nan 
5100000.0 8224.0 1759373.733 nan nan 0.345 nan nan 251.126 nan nan 
5110000.0 8234.0 1762000.467 nan nan 0.3448 nan nan 252.431 nan nan 
5120000.0 8248.0 1765654.933 nan nan 0.3449 nan nan 257.602 nan nan 
5130000.0 8266.0 1770295.867 nan nan 0.3451 nan nan 253.844 nan nan 
5140000.0 8284.0 1775053.733 nan nan 0.3453 nan nan 259.49 nan nan 
5150000.0 8301.0 1779585.267 nan nan 0.3456 nan nan 261.736 nan nan 
5160000.0 8315.0 1783080.067 nan nan 0.3456 nan nan 260.368 nan nan 
5170000.0 8329.0 1786833.467 nan nan 0.3456 nan nan 257.743 nan nan 
5180000.0 8346.0 1791287.0 nan nan 0.3458 nan nan 262.721 nan nan 
5190000.0 8358.0 1794653.4 nan nan 0.3458 nan nan 263.623 nan nan 
5200000.0 8368.0 1797308.467 nan nan 0.3456 nan nan 267.868 nan nan 
5210000.0 8382.0 1801028.933 nan nan 0.3457 nan nan 266.546 nan nan 
5220000.0 8401.0 1805596.2 nan nan 0.3459 nan nan 259.039 nan nan 
5230000.0 8419.0 1810295.333 nan nan 0.3461 nan nan 258.673 nan nan 
5240000.0 8436.0 1814704.867 nan nan 0.3463 nan nan 257.183 nan nan 
5250000.0 8450.0 1817975.867 nan nan 0.3463 nan nan 251.248 nan nan 
5260000.0 8467.0 1822069.133 nan nan 0.3464 nan nan 251.278 nan nan 
5270000.0 8483.0 1826000.733 nan nan 0.3465 nan nan 250.867 nan nan 
5280000.0 8497.0 1830001.8 nan nan 0.3466 nan nan 256.682 nan nan 
5290000.0 8510.0 1832725.667 nan nan 0.3465 nan nan 248.114 nan nan 
5300000.0 8523.0 1836700.267 nan nan 0.3465 nan nan 257.032 nan nan 
5310000.0 8533.0 1839297.267 nan nan 0.3464 nan nan 259.741 nan nan 
5320000.0 8551.0 1843302.133 nan nan 0.3465 nan nan 247.104 nan nan 
5330000.0 8568.0 1847597.467 nan nan 0.3466 nan nan 251.122 nan nan 
5340000.0 8582.0 1851644.4 nan nan 0.3467 nan nan 256.612 nan nan 
5350000.0 8598.0 1855956.467 nan nan 0.3469 nan nan 261.41 nan nan 
5360000.0 8616.0 1860446.333 nan nan 0.3471 nan nan 258.287 nan nan 
5370000.0 8631.0 1864453.867 nan nan 0.3472 nan nan 259.415 nan nan 
5380000.0 8648.0 1867977.467 nan nan 0.3472 nan nan 247.083 nan nan 
5390000.0 8663.0 1871622.067 nan nan 0.3472 nan nan 246.807 nan nan 
5400000.0 8680.0 1875603.8 nan nan 0.3473 nan nan 243.265 nan nan 
5410000.0 8697.0 1880068.8 nan nan 0.3475 nan nan 248.159 nan nan 
5420000.0 8713.0 1884163.933 nan nan 0.3476 nan nan 247.652 nan nan 
5430000.0 8732.0 1888637.533 nan nan 0.3478 nan nan 243.618 nan nan 
5440000.0 8749.0 1893236.267 nan nan 0.348 nan nan 251.377 nan nan 
5450000.0 8767.0 1897145.867 nan nan 0.3481 nan nan 244.824 nan nan 
5460000.0 8783.0 1901234.0 nan nan 0.3482 nan nan 244.481 nan nan 
5470000.0 8798.0 1904522.533 nan nan 0.3482 nan nan 240.75 nan nan 
5480000.0 8815.0 1908635.533 nan nan 0.3483 nan nan 240.532 nan nan 
5490000.0 8832.0 1913017.067 nan nan 0.3485 nan nan 243.872 nan nan 
5500000.0 8846.0 1916429.6 nan nan 0.3484 nan nan 245.986 nan nan 
5510000.0 8859.0 1919601.6 nan nan 0.3484 nan nan 246.143 nan nan 
5520000.0 8872.0 1922872.0 nan nan 0.3483 nan nan 247.973 nan nan 
5530000.0 8888.0 1927156.6 nan nan 0.3485 nan nan 250.959 nan nan 
5540000.0 8904.0 1931463.467 nan nan 0.3486 nan nan 252.657 nan nan 
5550000.0 8919.0 1935781.067 nan nan 0.3488 nan nan 262.176 nan nan 
5560000.0 8942.0 1940764.4 nan nan 0.3491 nan nan 247.285 nan nan 
5570000.0 8957.0 1944728.067 nan nan 0.3491 nan nan 250.079 nan nan 
5580000.0 8972.0 1948339.4 nan nan 0.3492 nan nan 248.129 nan nan 
5590000.0 8989.0 1952874.2 nan nan 0.3494 nan nan 252.901 nan nan 
5600000.0 9006.0 1957076.933 nan nan 0.3495 nan nan 251.503 nan nan 
5610000.0 9025.0 1961469.333 nan nan 0.3496 nan nan 246.221 nan nan 
5620000.0 9041.0 1965136.533 nan nan 0.3497 nan nan 241.067 nan nan 
5630000.0 9054.0 1968397.067 nan nan 0.3496 nan nan 246.346 nan nan 
5640000.0 9069.0 1972099.133 nan nan 0.3497 nan nan 244.314 nan nan 
5650000.0 9086.0 1976137.867 nan nan 0.3498 nan nan 240.546 nan nan 
5660000.0 9102.0 1980223.333 nan nan 0.3499 nan nan 247.043 nan nan 
5670000.0 9120.0 1984256.533 nan nan 0.35 nan nan 242.531 nan nan 
5680000.0 9137.0 1988568.267 nan nan 0.3501 nan nan 243.696 nan nan 
5690000.0 9153.0 1992708.8 nan nan 0.3502 nan nan 247.672 nan nan 
5700000.0 9170.0 1997185.133 nan nan 0.3504 nan nan 248.91 nan nan 
5710000.0 9183.0 2000858.533 nan nan 0.3504 nan nan 256.264 nan nan 
5720000.0 9199.0 2005138.533 nan nan 0.3505 nan nan 263.331 nan nan 
5730000.0 9216.0 2009677.0 nan nan 0.3507 nan nan 265.17 nan nan 
5740000.0 9229.0 2013015.467 nan nan 0.3507 nan nan 259.529 nan nan 
5750000.0 9246.0 2017494.067 nan nan 0.3509 nan nan 260.521 nan nan 
5760000.0 9266.0 2021767.267 nan nan 0.351 nan nan 247.436 nan nan 
5770000.0 9284.0 2025937.733 nan nan 0.3511 nan nan 241.297 nan nan 
5780000.0 9303.0 2030692.267 nan nan 0.3513 nan nan 240.092 nan nan 
5790000.0 9318.0 2034482.133 nan nan 0.3514 nan nan 246.126 nan nan 
5800000.0 9336.0 2038890.4 nan nan 0.3515 nan nan 241.721 nan nan 
5810000.0 9351.0 2042546.667 nan nan 0.3516 nan nan 245.241 nan nan 
5820000.0 9370.0 2047120.733 nan nan 0.3517 nan nan 247.542 nan nan 
5830000.0 9387.0 2051061.2 nan nan 0.3518 nan nan 240.426 nan nan 
5840000.0 9404.0 2055162.533 nan nan 0.3519 nan nan 239.619 nan nan 
5850000.0 9421.0 2059336.4 nan nan 0.352 nan nan 240.369 nan nan 
5860000.0 9442.0 2064089.933 nan nan 0.3522 nan nan 236.691 nan nan 
5870000.0 9458.0 2068116.0 nan nan 0.3523 nan nan 242.669 nan nan 
5880000.0 9476.0 2072777.667 nan nan 0.3525 nan nan 245.928 nan nan 
5890000.0 9492.0 2077305.667 nan nan 0.3527 nan nan 255.19 nan nan 
5900000.0 9504.0 2080039.333 nan nan 0.3525 nan nan 252.376 nan nan 
5910000.0 9516.0 2083626.667 nan nan 0.3526 nan nan 258.37 nan nan 
5920000.0 9528.0 2086726.267 nan nan 0.3525 nan nan 259.299 nan nan 
5930000.0 9545.0 2090976.133 nan nan 0.3526 nan nan 258.106 nan nan 
5940000.0 9564.0 2095508.533 nan nan 0.3528 nan nan 248.897 nan nan 
5950000.0 9584.0 2100382.2 nan nan 0.353 nan nan 249.855 nan nan 
5960000.0 9601.0 2104823.933 nan nan 0.3532 nan nan 247.457 nan nan 
5970000.0 9615.0 2108682.933 nan nan 0.3532 nan nan 256.003 nan nan 
5980000.0 9632.0 2112890.733 nan nan 0.3533 nan nan 256.024 nan nan 
5990000.0 9642.0 2115526.267 nan nan 0.3532 nan nan 256.146 nan nan 
6000000.0 9654.0 2118977.667 nan nan 0.3532 nan nan 263.45 nan nan 
6010000.0 9667.0 2122670.333 nan nan 0.3532 nan nan 268.127 nan nan 
6020000.0 9679.0 2126370.267 nan nan 0.3532 nan nan 274.198 nan nan 
6030000.0 9694.0 2130468.467 nan nan 0.3533 nan nan 273.639 nan nan 
6040000.0 9711.0 2134592.0 nan nan 0.3534 nan nan 268.324 nan nan 
6050000.0 9726.0 2139182.733 nan nan 0.3536 nan nan 274.25 nan nan 
6060000.0 9742.0 2143857.0 nan nan 0.3538 nan nan 279.441 nan nan 
6070000.0 9760.0 2148588.933 nan nan 0.354 nan nan 278.964 nan nan 
6080000.0 9773.0 2152144.867 nan nan 0.354 nan nan 273.682 nan nan 
6090000.0 9790.0 2156779.467 nan nan 0.3542 nan nan 275.721 nan nan 
6100000.0 9803.0 2160670.067 nan nan 0.3542 nan nan 277.793 nan nan 
6110000.0 9819.0 2164743.533 nan nan 0.3543 nan nan 273.622 nan nan 
6120000.0 9837.0 2169583.667 nan nan 0.3545 nan nan 274.378 nan nan 
6130000.0 9855.0 2174342.267 nan nan 0.3547 nan nan 268.27 nan nan 
6140000.0 9872.0 2178986.6 nan nan 0.3549 nan nan 272.928 nan nan 
6150000.0 9892.0 2183645.533 nan nan 0.3551 nan nan 260.677 nan nan 
6160000.0 9906.0 2187056.4 nan nan 0.355 nan nan 254.335 nan nan 
6170000.0 9921.0 2191008.067 nan nan 0.3551 nan nan 259.121 nan nan 
6180000.0 9936.0 2195248.133 nan nan 0.3552 nan nan 264.411 nan nan 
6190000.0 9953.0 2199770.133 nan nan 0.3554 nan nan 265.95 nan nan 
6200000.0 9968.0 2204158.733 nan nan 0.3555 nan nan 272.568 nan nan 
6210000.0 9984.0 2208318.933 nan nan 0.3556 nan nan 268.421 nan nan 
6220000.0 9999.0 2212073.8 nan nan 0.3556 nan nan 264.696 nan nan 
6230000.0 10015.0 2216632.2 nan nan 0.3558 nan nan 267.117 nan nan 
6240000.0 10026.0 2219593.667 nan nan 0.3557 nan nan 267.664 nan nan 
6250000.0 10040.0 2223564.933 nan nan 0.3558 nan nan 271.877 nan nan 
6260000.0 10052.0 2227068.067 nan nan 0.3558 nan nan 274.367 nan nan 
6270000.0 10069.0 2231752.933 nan nan 0.3559 nan nan 275.369 nan nan 
6280000.0 10088.0 2236464.133 nan nan 0.3561 nan nan 265.534 nan nan 
6290000.0 10101.0 2240096.333 nan nan 0.3561 nan nan 267.482 nan nan 
6300000.0 10116.0 2244020.067 nan nan 0.3562 nan nan 265.226 nan nan 
6310000.0 10133.0 2248396.933 nan nan 0.3563 nan nan 267.008 nan nan 
6320000.0 10150.0 2252994.8 nan nan 0.3565 nan nan 269.733 nan nan 
6330000.0 10168.0 2257403.467 nan nan 0.3566 nan nan 260.552 nan nan 
6340000.0 10188.0 2261706.4 nan nan 0.3567 nan nan 246.521 nan nan 
6350000.0 10201.0 2265393.6 nan nan 0.3568 nan nan 253.213 nan nan 
6360000.0 10217.0 2269376.667 nan nan 0.3568 nan nan 249.054 nan nan 
6370000.0 10230.0 2272627.267 nan nan 0.3568 nan nan 253.707 nan nan 
6380000.0 10244.0 2275898.333 nan nan 0.3567 nan nan 244.645 nan nan 
6390000.0 10253.0 2278359.933 nan nan 0.3566 nan nan 251.919 nan nan 
6400000.0 10270.0 2283046.4 nan nan 0.3567 nan nan 258.611 nan nan 
6410000.0 10287.0 2286981.133 nan nan 0.3568 nan nan 253.591 nan nan 
6420000.0 10301.0 2290770.667 nan nan 0.3568 nan nan 254.023 nan nan 
6430000.0 10319.0 2295226.267 nan nan 0.357 nan nan 257.171 nan nan 
6440000.0 10332.0 2299196.867 nan nan 0.357 nan nan 264.422 nan nan 
6450000.0 10350.0 2303642.267 nan nan 0.3572 nan nan 260.517 nan nan 
6460000.0 10361.0 2306358.467 nan nan 0.357 nan nan 258.869 nan nan 
6470000.0 10372.0 2309285.933 nan nan 0.3569 nan nan 259.794 nan nan 
6480000.0 10388.0 2313567.933 nan nan 0.357 nan nan 262.043 nan nan 
6490000.0 10406.0 2318061.8 nan nan 0.3572 nan nan 260.036 nan nan 
6500000.0 10422.0 2322509.533 nan nan 0.3573 nan nan 264.94 nan nan 
6510000.0 10436.0 2326055.8 nan nan 0.3573 nan nan 259.951 nan nan 
6520000.0 10453.0 2330146.733 nan nan 0.3574 nan nan 255.977 nan nan 
6530000.0 10469.0 2334529.6 nan nan 0.3575 nan nan 257.379 nan nan 
6540000.0 10486.0 2338443.6 nan nan 0.3576 nan nan 250.985 nan nan 
6550000.0 10500.0 2342381.267 nan nan 0.3576 nan nan 259.668 nan nan 
6560000.0 10513.0 2345846.467 nan nan 0.3576 nan nan 260.1 nan nan 
6570000.0 10528.0 2349838.733 nan nan 0.3577 nan nan 262.576 nan nan 
6580000.0 10542.0 2353875.933 nan nan 0.3577 nan nan 270.19 nan nan 
6590000.0 10558.0 2357989.4 nan nan 0.3578 nan nan 265.922 nan nan 
6600000.0 10572.0 2361912.0 nan nan 0.3579 nan nan 266.643 nan nan 
6610000.0 10588.0 2365779.333 nan nan 0.3579 nan nan 261.522 nan nan 
6620000.0 10604.0 2370194.467 nan nan 0.358 nan nan 265.536 nan nan 
6630000.0 10620.0 2374805.667 nan nan 0.3582 nan nan 270.498 nan nan 
6640000.0 10637.0 2379577.8 nan nan 0.3584 nan nan 274.349 nan nan 
6650000.0 10654.0 2383989.4 nan nan 0.3585 nan nan 267.998 nan nan 
6660000.0 10671.0 2388516.733 nan nan 0.3586 nan nan 270.472 nan nan 
6670000.0 10686.0 2392252.8 nan nan 0.3587 nan nan 266.342 nan nan 
6680000.0 10702.0 2396769.6 nan nan 0.3588 nan nan 269.041 nan nan 
6690000.0 10720.0 2401390.8 nan nan 0.359 nan nan 262.021 nan nan 
6700000.0 10737.0 2405780.867 nan nan 0.3591 nan nan 265.232 nan nan 
6710000.0 10753.0 2410329.733 nan nan 0.3592 nan nan 269.326 nan nan 
6720000.0 10760.0 2412101.067 nan nan 0.3589 nan nan 268.016 nan nan 
6730000.0 10776.0 2416216.333 nan nan 0.359 nan nan 265.722 nan nan 
6740000.0 10791.0 2420540.133 nan nan 0.3591 nan nan 272.565 nan nan 
6750000.0 10808.0 2425093.533 nan nan 0.3593 nan nan 269.452 nan nan 
6760000.0 10825.0 2429388.733 nan nan 0.3594 nan nan 265.121 nan nan 
6770000.0 10841.0 2433668.2 nan nan 0.3595 nan nan 262.353 nan nan 
6780000.0 10858.0 2437978.133 nan nan 0.3596 nan nan 262.527 nan nan 
6790000.0 10874.0 2442195.067 nan nan 0.3597 nan nan 261.015 nan nan 
6800000.0 10891.0 2446449.867 nan nan 0.3598 nan nan 259.426 nan nan 
6810000.0 10907.0 2450901.533 nan nan 0.3599 nan nan 262.453 nan nan 
6820000.0 10921.0 2454805.267 nan nan 0.3599 nan nan 267.002 nan nan 
6830000.0 10938.0 2459294.933 nan nan 0.3601 nan nan 268.276 nan nan 
6840000.0 10954.0 2463578.933 nan nan 0.3602 nan nan 265.468 nan nan 
6850000.0 10971.0 2467761.4 nan nan 0.3603 nan nan 262.814 nan nan 
6860000.0 10984.0 2470784.133 nan nan 0.3602 nan nan 256.759 nan nan 
6870000.0 10997.0 2474198.6 nan nan 0.3601 nan nan 256.69 nan nan 
6880000.0 11012.0 2478376.733 nan nan 0.3602 nan nan 263.461 nan nan 
6890000.0 11029.0 2482718.133 nan nan 0.3603 nan nan 259.23 nan nan 
6900000.0 11044.0 2486544.2 nan nan 0.3604 nan nan 259.067 nan nan 
6910000.0 11059.0 2490022.6 nan nan 0.3604 nan nan 249.492 nan nan 
6920000.0 11079.0 2494537.6 nan nan 0.3605 nan nan 240.718 nan nan 
6930000.0 11100.0 2498900.267 nan nan 0.3606 nan nan 229.798 nan nan 
6940000.0 11116.0 2503270.8 nan nan 0.3607 nan nan 241.764 nan nan 
6950000.0 11134.0 2508184.733 nan nan 0.3609 nan nan 252.341 nan nan 
6960000.0 11151.0 2512794.067 nan nan 0.361 nan nan 254.942 nan nan 
6970000.0 11169.0 2517190.4 nan nan 0.3611 nan nan 252.025 nan nan 
6980000.0 11183.0 2521200.733 nan nan 0.3612 nan nan 259.766 nan nan 
6990000.0 11200.0 2525737.267 nan nan 0.3613 nan nan 262.108 nan nan 
7000000.0 11218.0 2530485.733 nan nan 0.3615 nan nan 266.18 nan nan 
7010000.0 11231.0 2534243.267 nan nan 0.3615 nan nan 267.681 nan nan 
7020000.0 11251.0 2539133.733 nan nan 0.3617 nan nan 259.353 nan nan 
7030000.0 11268.0 2543601.133 nan nan 0.3618 nan nan 262.512 nan nan 
7040000.0 11286.0 2548055.133 nan nan 0.3619 nan nan 257.81 nan nan 
7050000.0 11302.0 2552510.467 nan nan 0.3621 nan nan 262.812 nan nan 
7060000.0 11317.0 2556704.267 nan nan 0.3621 nan nan 264.683 nan nan 
7070000.0 11332.0 2560677.6 nan nan 0.3622 nan nan 267.728 nan nan 
7080000.0 11345.0 2564291.667 nan nan 0.3622 nan nan 267.356 nan nan 
7090000.0 11361.0 2568499.8 nan nan 0.3623 nan nan 270.171 nan nan 
7100000.0 11377.0 2572847.2 nan nan 0.3624 nan nan 268.219 nan nan 
7110000.0 11395.0 2577347.467 nan nan 0.3625 nan nan 265.035 nan nan 
7120000.0 11411.0 2581726.6 nan nan 0.3626 nan nan 265.249 nan nan 
7130000.0 11430.0 2586285.733 nan nan 0.3627 nan nan 258.392 nan nan 
7140000.0 11445.0 2590666.733 nan nan 0.3628 nan nan 262.477 nan nan 
7150000.0 11461.0 2594835.333 nan nan 0.3629 nan nan 265.272 nan nan 
7160000.0 11477.0 2599211.8 nan nan 0.363 nan nan 267.879 nan nan 
7170000.0 11496.0 2603977.667 nan nan 0.3632 nan nan 261.408 nan nan 
7180000.0 11516.0 2608452.933 nan nan 0.3633 nan nan 250.865 nan nan 
7190000.0 11533.0 2612470.2 nan nan 0.3633 nan nan 245.43 nan nan 
7200000.0 11553.0 2617003.467 nan nan 0.3635 nan nan 241.786 nan nan 
7210000.0 11571.0 2621287.6 nan nan 0.3636 nan nan 237.503 nan nan 
7220000.0 11588.0 2625484.533 nan nan 0.3636 nan nan 239.785 nan nan 
7230000.0 11603.0 2629613.733 nan nan 0.3637 nan nan 246.857 nan nan 
7240000.0 11616.0 2633022.4 nan nan 0.3637 nan nan 254.394 nan nan 
7250000.0 11633.0 2637532.533 nan nan 0.3638 nan nan 257.066 nan nan 
7260000.0 11651.0 2642324.733 nan nan 0.364 nan nan 258.828 nan nan 
7270000.0 11668.0 2646621.533 nan nan 0.364 nan nan 255.965 nan nan 
7280000.0 11684.0 2651111.333 nan nan 0.3642 nan nan 263.827 nan nan 
7290000.0 11700.0 2655317.2 nan nan 0.3642 nan nan 264.399 nan nan 
7300000.0 11715.0 2659624.467 nan nan 0.3643 nan nan 270.893 nan nan 
7310000.0 11732.0 2664042.733 nan nan 0.3644 nan nan 268.534 nan nan 
7320000.0 11748.0 2668010.733 nan nan 0.3645 nan nan 259.188 nan nan 
7330000.0 11766.0 2672418.133 nan nan 0.3646 nan nan 254.037 nan nan 
7340000.0 11784.0 2676924.4 nan nan 0.3647 nan nan 258.379 nan nan 
7350000.0 11801.0 2681189.467 nan nan 0.3648 nan nan 256.628 nan nan 
7360000.0 11819.0 2685734.4 nan nan 0.3649 nan nan 255.245 nan nan 
7370000.0 11834.0 2690012.0 nan nan 0.365 nan nan 263.892 nan nan 
7380000.0 11850.0 2694382.2 nan nan 0.3651 nan nan 264.711 nan nan 
7390000.0 11865.0 2698819.333 nan nan 0.3652 nan nan 269.403 nan nan 
7400000.0 11881.0 2703208.733 nan nan 0.3653 nan nan 272.123 nan nan 
7410000.0 11898.0 2707669.8 nan nan 0.3654 nan nan 266.629 nan nan 
7420000.0 11917.0 2712412.4 nan nan 0.3656 nan nan 261.473 nan nan 
7430000.0 11935.0 2716954.2 nan nan 0.3657 nan nan 259.699 nan nan 
7440000.0 11952.0 2721332.867 nan nan 0.3658 nan nan 259.773 nan nan 
7450000.0 11970.0 2725733.867 nan nan 0.3659 nan nan 257.678 nan nan 
7460000.0 11984.0 2729487.533 nan nan 0.3659 nan nan 257.181 nan nan 
7470000.0 11996.0 2733178.467 nan nan 0.3659 nan nan 265.999 nan nan 
7480000.0 12012.0 2737110.733 nan nan 0.3659 nan nan 263.605 nan nan 
7490000.0 12030.0 2741635.667 nan nan 0.366 nan nan 259.072 nan nan 
7500000.0 12048.0 2746046.267 nan nan 0.3661 nan nan 257.828 nan nan 
7510000.0 12061.0 2749610.933 nan nan 0.3661 nan nan 259.369 nan nan 
7520000.0 12074.0 2753198.4 nan nan 0.3661 nan nan 260.972 nan nan 
7530000.0 12090.0 2757306.333 nan nan 0.3662 nan nan 261.795 nan nan 
7540000.0 12105.0 2761613.2 nan nan 0.3663 nan nan 266.833 nan nan 
7550000.0 12118.0 2764876.2 nan nan 0.3662 nan nan 263.603 nan nan 
7560000.0 12134.0 2768865.067 nan nan 0.3663 nan nan 257.637 nan nan 
7570000.0 12147.0 2772416.333 nan nan 0.3662 nan nan 264.105 nan nan 
7580000.0 12163.0 2776818.2 nan nan 0.3663 nan nan 264.976 nan nan 
7590000.0 12178.0 2781209.6 nan nan 0.3664 nan nan 273.668 nan nan 
7600000.0 12194.0 2785617.933 nan nan 0.3665 nan nan 276.46 nan nan 
7610000.0 12207.0 2789326.267 nan nan 0.3665 nan nan 275.467 nan nan 
7620000.0 12223.0 2793560.267 nan nan 0.3666 nan nan 273.042 nan nan 
7630000.0 12240.0 2798281.533 nan nan 0.3667 nan nan 276.257 nan nan 
7640000.0 12256.0 2802646.267 nan nan 0.3668 nan nan 274.387 nan nan 
7650000.0 12273.0 2806953.867 nan nan 0.3669 nan nan 267.339 nan nan 
7660000.0 12291.0 2811429.667 nan nan 0.367 nan nan 262.204 nan nan 
7670000.0 12311.0 2815895.467 nan nan 0.3671 nan nan 247.609 nan nan 
7680000.0 12329.0 2820437.333 nan nan 0.3672 nan nan 251.56 nan nan 
7690000.0 12347.0 2824867.4 nan nan 0.3673 nan nan 246.773 nan nan 
7700000.0 12365.0 2829083.6 nan nan 0.3674 nan nan 241.267 nan nan 
7710000.0 12384.0 2833272.067 nan nan 0.3675 nan nan 236.165 nan nan 
7720000.0 12405.0 2837691.733 nan nan 0.3676 nan nan 230.155 nan nan 
7730000.0 12422.0 2841661.067 nan nan 0.3676 nan nan 227.672 nan nan 
7740000.0 12439.0 2846019.133 nan nan 0.3677 nan nan 235.95 nan nan 
7750000.0 12454.0 2849805.333 nan nan 0.3677 nan nan 239.319 nan nan 
7760000.0 12466.0 2852835.267 nan nan 0.3676 nan nan 243.121 nan nan 
7770000.0 12481.0 2856694.867 nan nan 0.3677 nan nan 248.746 nan nan 
7780000.0 12500.0 2861276.2 nan nan 0.3678 nan nan 246.955 nan nan 
7790000.0 12511.0 2864081.333 nan nan 0.3677 nan nan 247.918 nan nan 
7800000.0 12531.0 2868075.0 nan nan 0.3677 nan nan 234.151 nan nan 
7810000.0 12548.0 2872724.0 nan nan 0.3678 nan nan 245.595 nan nan 
7820000.0 12567.0 2877143.067 nan nan 0.3679 nan nan 243.348 nan nan 
7830000.0 12585.0 2881541.8 nan nan 0.368 nan nan 241.554 nan nan 
7840000.0 12600.0 2884890.267 nan nan 0.368 nan nan 236.512 nan nan 
7850000.0 12615.0 2888171.867 nan nan 0.3679 nan nan 233.359 nan nan 
7860000.0 12624.0 2890381.133 nan nan 0.3677 nan nan 234.388 nan nan 
7870000.0 12640.0 2894460.467 nan nan 0.3678 nan nan 241.971 nan nan 
7880000.0 12656.0 2898969.933 nan nan 0.3679 nan nan 251.091 nan nan 
7890000.0 12673.0 2903008.0 nan nan 0.3679 nan nan 245.73 nan nan 
7900000.0 12689.0 2906677.867 nan nan 0.3679 nan nan 245.646 nan nan 
7910000.0 12708.0 2911268.067 nan nan 0.368 nan nan 245.689 nan nan 
7920000.0 12723.0 2915504.0 nan nan 0.3681 nan nan 252.153 nan nan 
7930000.0 12737.0 2919202.4 nan nan 0.3681 nan nan 256.058 nan nan 
7940000.0 12751.0 2923105.133 nan nan 0.3681 nan nan 258.805 nan nan 
7950000.0 12768.0 2927293.933 nan nan 0.3682 nan nan 256.664 nan nan 
7960000.0 12782.0 2930642.467 nan nan 0.3682 nan nan 252.55 nan nan 
7970000.0 12797.0 2934800.067 nan nan 0.3682 nan nan 258.979 nan nan 
7980000.0 12814.0 2939420.133 nan nan 0.3683 nan nan 263.58 nan nan 
7990000.0 12831.0 2943788.2 nan nan 0.3684 nan nan 262.296 nan nan 
8000000.0 12851.0 2948486.8 nan nan 0.3686 nan nan 252.246 nan nan 
8010000.0 12869.0 2953363.733 nan nan 0.3687 nan nan 260.0 nan nan 
8020000.0 12886.0 2957677.4 nan nan 0.3688 nan nan 256.032 nan nan 
8030000.0 12904.0 2962294.733 nan nan 0.3689 nan nan 258.36 nan nan 
8040000.0 12922.0 2966620.867 nan nan 0.369 nan nan 252.863 nan nan 
8050000.0 12938.0 2970595.2 nan nan 0.369 nan nan 250.267 nan nan 
8060000.0 12953.0 2973855.2 nan nan 0.369 nan nan 241.884 nan nan 
8070000.0 12964.0 2977082.6 nan nan 0.3689 nan nan 248.721 nan nan 
8080000.0 12986.0 2981316.267 nan nan 0.369 nan nan 231.925 nan nan 
8090000.0 13002.0 2985725.467 nan nan 0.3691 nan nan 239.935 nan nan 
8100000.0 13014.0 2989093.867 nan nan 0.369 nan nan 249.626 nan nan 
8110000.0 13029.0 2993016.467 nan nan 0.3691 nan nan 250.866 nan nan 
8120000.0 13045.0 2997095.267 nan nan 0.3691 nan nan 251.937 nan nan 
8130000.0 13053.0 2999444.667 nan nan 0.3689 nan nan 260.832 nan nan 
8140000.0 13063.0 3002072.0 nan nan 0.3688 nan nan 264.237 nan nan 
8150000.0 13079.0 3006270.467 nan nan 0.3689 nan nan 263.267 nan nan 
8160000.0 13091.0 3009691.8 nan nan 0.3688 nan nan 265.21 nan nan 
8170000.0 13108.0 3013523.467 nan nan 0.3689 nan nan 254.017 nan nan 
8180000.0 13119.0 3016518.133 nan nan 0.3688 nan nan 257.019 nan nan 
8190000.0 13133.0 3020093.067 nan nan 0.3688 nan nan 257.707 nan nan 
8200000.0 13146.0 3023522.6 nan nan 0.3687 nan nan 258.064 nan nan 
8210000.0 13164.0 3027246.533 nan nan 0.3687 nan nan 244.243 nan nan 
8220000.0 13175.0 3030165.6 nan nan 0.3686 nan nan 246.254 nan nan 
8230000.0 13182.0 3031884.467 nan nan 0.3684 nan nan 245.672 nan nan 
8240000.0 13193.0 3035000.6 nan nan 0.3683 nan nan 252.937 nan nan 
8250000.0 13210.0 3039500.0 nan nan 0.3684 nan nan 254.665 nan nan 
8260000.0 13225.0 3043616.933 nan nan 0.3685 nan nan 260.37 nan nan 
8270000.0 13238.0 3046727.733 nan nan 0.3684 nan nan 258.597 nan nan 
8280000.0 13254.0 3051103.0 nan nan 0.3685 nan nan 264.25 nan nan 
8290000.0 13270.0 3055440.533 nan nan 0.3686 nan nan 262.523 nan nan 
8300000.0 13290.0 3059873.733 nan nan 0.3687 nan nan 249.795 nan nan 
8310000.0 13311.0 3064645.0 nan nan 0.3688 nan nan 244.512 nan nan 
8320000.0 13329.0 3068943.533 nan nan 0.3689 nan nan 242.078 nan nan 
8330000.0 13349.0 3073555.667 nan nan 0.369 nan nan 236.218 nan nan 
8340000.0 13368.0 3078084.2 nan nan 0.3691 nan nan 237.836 nan nan 
8350000.0 13384.0 3082403.133 nan nan 0.3692 nan nan 248.325 nan nan 
8360000.0 13402.0 3087116.867 nan nan 0.3693 nan nan 251.041 nan nan 
8370000.0 13422.0 3091568.533 nan nan 0.3694 nan nan 243.637 nan nan 
8380000.0 13439.0 3095443.267 nan nan 0.3694 nan nan 236.322 nan nan 
8390000.0 13459.0 3099591.2 nan nan 0.3694 nan nan 228.577 nan nan 
8400000.0 13474.0 3103555.467 nan nan 0.3695 nan nan 238.563 nan nan 
8410000.0 13490.0 3107644.6 nan nan 0.3695 nan nan 238.536 nan nan 
8420000.0 13502.0 3110490.267 nan nan 0.3694 nan nan 242.547 nan nan 
8430000.0 13517.0 3114591.4 nan nan 0.3695 nan nan 248.727 nan nan 
8440000.0 13535.0 3118834.533 nan nan 0.3695 nan nan 246.784 nan nan 
8450000.0 13553.0 3123536.667 nan nan 0.3696 nan nan 252.288 nan nan 
8460000.0 13570.0 3127827.2 nan nan 0.3697 nan nan 252.261 nan nan 
8470000.0 13583.0 3131425.067 nan nan 0.3697 nan nan 257.37 nan nan 
8480000.0 13597.0 3134966.2 nan nan 0.3697 nan nan 253.827 nan nan 
8490000.0 13612.0 3138789.8 nan nan 0.3697 nan nan 252.147 nan nan 
8500000.0 13628.0 3142404.133 nan nan 0.3697 nan nan 248.097 nan nan 
8510000.0 13640.0 3145676.8 nan nan 0.3696 nan nan 250.236 nan nan 
8520000.0 13660.0 3150340.533 nan nan 0.3698 nan nan 247.744 nan nan 
8530000.0 13679.0 3154852.667 nan nan 0.3699 nan nan 244.21 nan nan 
8540000.0 13697.0 3159761.8 nan nan 0.37 nan nan 250.811 nan nan 
8550000.0 13715.0 3164485.533 nan nan 0.3701 nan nan 256.84 nan nan 
8560000.0 13732.0 3168656.733 nan nan 0.3702 nan nan 255.462 nan nan 
8570000.0 13744.0 3171804.467 nan nan 0.3701 nan nan 252.981 nan nan 
8580000.0 13754.0 3174498.267 nan nan 0.37 nan nan 255.794 nan nan 
8590000.0 13768.0 3178293.333 nan nan 0.37 nan nan 258.145 nan nan 
8600000.0 13781.0 3181420.733 nan nan 0.3699 nan nan 257.386 nan nan 
8610000.0 13797.0 3185056.866 nan nan 0.3699 nan nan 252.055 nan nan 
8620000.0 13818.0 3189430.733 nan nan 0.37 nan nan 237.151 nan nan 
8630000.0 13841.0 3194291.266 nan nan 0.3701 nan nan 227.737 nan nan 
8640000.0 13855.0 3198303.333 nan nan 0.3702 nan nan 240.275 nan nan 
8650000.0 13874.0 3202925.333 nan nan 0.3703 nan nan 242.508 nan nan 
8660000.0 13891.0 3207307.333 nan nan 0.3704 nan nan 245.033 nan nan 
8670000.0 13901.0 3209961.266 nan nan 0.3702 nan nan 247.651 nan nan 
8680000.0 13920.0 3214655.0 nan nan 0.3704 nan nan 249.645 nan nan 
8690000.0 13932.0 3218235.2 nan nan 0.3703 nan nan 255.165 nan nan 
8700000.0 13942.0 3220802.6 nan nan 0.3702 nan nan 257.412 nan nan 
8710000.0 13957.0 3224222.6 nan nan 0.3702 nan nan 253.068 nan nan 
8720000.0 13969.0 3227646.933 nan nan 0.3701 nan nan 253.656 nan nan 
8730000.0 13987.0 3231758.133 nan nan 0.3702 nan nan 248.669 nan nan 
8740000.0 14006.0 3236311.133 nan nan 0.3703 nan nan 245.288 nan nan 
8750000.0 14023.0 3240501.066 nan nan 0.3703 nan nan 244.751 nan nan 
8760000.0 14042.0 3244801.0 nan nan 0.3704 nan nan 241.508 nan nan 
8770000.0 14060.0 3249185.533 nan nan 0.3705 nan nan 241.374 nan nan 
8780000.0 14076.0 3252824.466 nan nan 0.3705 nan nan 235.476 nan nan 
8790000.0 14096.0 3257859.0 nan nan 0.3706 nan nan 244.689 nan nan 
8800000.0 14114.0 3262464.866 nan nan 0.3707 nan nan 246.389 nan nan 
8810000.0 14135.0 3267091.133 nan nan 0.3708 nan nan 240.019 nan nan 
8820000.0 14154.0 3271893.8 nan nan 0.371 nan nan 242.826 nan nan 
8830000.0 14172.0 3276810.0 nan nan 0.3711 nan nan 249.012 nan nan 
8840000.0 14190.0 3281488.466 nan nan 0.3712 nan nan 256.091 nan nan 
8850000.0 14203.0 3285005.666 nan nan 0.3712 nan nan 255.632 nan nan 
8860000.0 14219.0 3289370.0 nan nan 0.3713 nan nan 261.566 nan nan 
8870000.0 14232.0 3293197.466 nan nan 0.3713 nan nan 266.023 nan nan 
8880000.0 14250.0 3297928.333 nan nan 0.3714 nan nan 267.326 nan nan 
8890000.0 14261.0 3301378.333 nan nan 0.3714 nan nan 274.459 nan nan 
8900000.0 14276.0 3305765.866 nan nan 0.3714 nan nan 280.794 nan nan 
8910000.0 14292.0 3310253.066 nan nan 0.3715 nan nan 280.513 nan nan 
8920000.0 14310.0 3315035.733 nan nan 0.3716 nan nan 275.39 nan nan 
8930000.0 14328.0 3319686.133 nan nan 0.3717 nan nan 272.522 nan nan 
8940000.0 14342.0 3323559.2 nan nan 0.3718 nan nan 270.876 nan nan 
8950000.0 14358.0 3327387.933 nan nan 0.3718 nan nan 262.732 nan nan 
8960000.0 14377.0 3331822.2 nan nan 0.3719 nan nan 252.354 nan nan 
8970000.0 14392.0 3335803.0 nan nan 0.3719 nan nan 255.742 nan nan 
8980000.0 14410.0 3340222.4 nan nan 0.372 nan nan 253.825 nan nan 
8990000.0 14423.0 3343813.266 nan nan 0.3719 nan nan 258.203 nan nan 
9000000.0 14441.0 3348467.666 nan nan 0.3721 nan nan 258.122 nan nan 
9010000.0 14460.0 3353028.4 nan nan 0.3721 nan nan 253.41 nan nan 
9020000.0 14471.0 3355782.333 nan nan 0.372 nan nan 253.272 nan nan 
9030000.0 14482.0 3358672.266 nan nan 0.3719 nan nan 255.367 nan nan 
9040000.0 14492.0 3360951.933 nan nan 0.3718 nan nan 251.431 nan nan 
9050000.0 14504.0 3364057.2 nan nan 0.3717 nan nan 253.021 nan nan 
9060000.0 14519.0 3367953.6 nan nan 0.3717 nan nan 254.758 nan nan 
9070000.0 14532.0 3371440.533 nan nan 0.3717 nan nan 254.924 nan nan 
9080000.0 14549.0 3375861.733 nan nan 0.3718 nan nan 260.658 nan nan 
9090000.0 14568.0 3380695.0 nan nan 0.3719 nan nan 254.975 nan nan 
9100000.0 14580.0 3383634.4 nan nan 0.3718 nan nan 254.835 nan nan 
9110000.0 14586.0 3385293.8 nan nan 0.3716 nan nan 256.261 nan nan 
9120000.0 14596.0 3387913.133 nan nan 0.3715 nan nan 256.394 nan nan 
9130000.0 14611.0 3391766.133 nan nan 0.3715 nan nan 257.3 nan nan 
9140000.0 14630.0 3396335.2 nan nan 0.3716 nan nan 255.263 nan nan 
9150000.0 14644.0 3399825.4 nan nan 0.3716 nan nan 254.068 nan nan 
9160000.0 14660.0 3404332.0 nan nan 0.3717 nan nan 260.592 nan nan 
9170000.0 14678.0 3408723.333 nan nan 0.3717 nan nan 256.754 nan nan 
9180000.0 14693.0 3412604.4 nan nan 0.3717 nan nan 254.61 nan nan 
9190000.0 14711.0 3417074.733 nan nan 0.3718 nan nan 252.517 nan nan 
9200000.0 14729.0 3421421.866 nan nan 0.3719 nan nan 247.484 nan nan 
9210000.0 14745.0 3425137.2 nan nan 0.3719 nan nan 246.919 nan nan 
9220000.0 14760.0 3429075.866 nan nan 0.3719 nan nan 245.976 nan nan 
9230000.0 14779.0 3433622.2 nan nan 0.372 nan nan 248.528 nan nan 
9240000.0 14796.0 3438194.933 nan nan 0.3721 nan nan 251.053 nan nan 
9250000.0 14814.0 3442784.133 nan nan 0.3722 nan nan 254.642 nan nan 
9260000.0 14831.0 3447099.2 nan nan 0.3723 nan nan 255.009 nan nan 
9270000.0 14849.0 3451538.733 nan nan 0.3723 nan nan 250.529 nan nan 
9280000.0 14864.0 3455581.2 nan nan 0.3724 nan nan 257.155 nan nan 
9290000.0 14878.0 3459152.066 nan nan 0.3724 nan nan 255.134 nan nan 
9300000.0 14895.0 3463578.4 nan nan 0.3724 nan nan 255.407 nan nan 
9310000.0 14912.0 3467808.0 nan nan 0.3725 nan nan 253.7 nan nan 
9320000.0 14927.0 3471757.066 nan nan 0.3725 nan nan 254.216 nan nan 
9330000.0 14941.0 3475042.4 nan nan 0.3725 nan nan 250.911 nan nan 
9340000.0 14956.0 3478627.0 nan nan 0.3724 nan nan 244.844 nan nan 
9350000.0 14975.0 3483111.2 nan nan 0.3725 nan nan 246.481 nan nan 
9360000.0 14992.0 3487427.8 nan nan 0.3726 nan nan 246.407 nan nan 
9370000.0 15010.0 3491050.866 nan nan 0.3726 nan nan 233.498 nan nan 
9380000.0 15026.0 3495281.2 nan nan 0.3726 nan nan 241.77 nan nan 
9390000.0 15043.0 3499458.2 nan nan 0.3727 nan nan 244.213 nan nan 
9400000.0 15061.0 3504112.0 nan nan 0.3728 nan nan 245.505 nan nan 
9410000.0 15080.0 3508664.6 nan nan 0.3729 nan nan 244.595 nan nan 
9420000.0 15095.0 3512658.466 nan nan 0.3729 nan nan 253.648 nan nan 
9430000.0 15113.0 3517413.333 nan nan 0.373 nan nan 251.943 nan nan 
9440000.0 15131.0 3522007.866 nan nan 0.3731 nan nan 254.127 nan nan 
9450000.0 15146.0 3526042.133 nan nan 0.3731 nan nan 257.977 nan nan 
9460000.0 15160.0 3529860.266 nan nan 0.3731 nan nan 262.119 nan nan 
9470000.0 15178.0 3534333.933 nan nan 0.3732 nan nan 258.01 nan nan 
9480000.0 15195.0 3538841.933 nan nan 0.3733 nan nan 259.416 nan nan 
9490000.0 15210.0 3542428.733 nan nan 0.3733 nan nan 257.73 nan nan 
9500000.0 15229.0 3546926.333 nan nan 0.3734 nan nan 248.875 nan nan 
9510000.0 15248.0 3550793.466 nan nan 0.3734 nan nan 236.886 nan nan 
9520000.0 15261.0 3554423.8 nan nan 0.3734 nan nan 244.885 nan nan 
9530000.0 15279.0 3559326.2 nan nan 0.3735 nan nan 252.888 nan nan 
9540000.0 15298.0 3564157.266 nan nan 0.3736 nan nan 256.093 nan nan 
9550000.0 15305.0 3566187.066 nan nan 0.3734 nan nan 256.559 nan nan 
9560000.0 15317.0 3568955.933 nan nan 0.3733 nan nan 252.029 nan nan 
9570000.0 15334.0 3573399.066 nan nan 0.3734 nan nan 256.495 nan nan 
9580000.0 15347.0 3576593.866 nan nan 0.3733 nan nan 253.178 nan nan 
9590000.0 15363.0 3580921.2 nan nan 0.3734 nan nan 257.063 nan nan 
9600000.0 15376.0 3584532.133 nan nan 0.3734 nan nan 260.94 nan nan 
9610000.0 15396.0 3588412.133 nan nan 0.3734 nan nan 241.813 nan nan 
9620000.0 15409.0 3591520.0 nan nan 0.3733 nan nan 240.596 nan nan 
9630000.0 15425.0 3595693.933 nan nan 0.3734 nan nan 244.175 nan nan 
9640000.0 15439.0 3599049.533 nan nan 0.3733 nan nan 243.871 nan nan 
9650000.0 15454.0 3603305.266 nan nan 0.3734 nan nan 252.956 nan nan 
9660000.0 15474.0 3607736.066 nan nan 0.3735 nan nan 245.287 nan nan 
9670000.0 15490.0 3611959.666 nan nan 0.3735 nan nan 247.152 nan nan 
9680000.0 15509.0 3616363.533 nan nan 0.3736 nan nan 242.08 nan nan 
9690000.0 15527.0 3620742.8 nan nan 0.3737 nan nan 243.514 nan nan 
9700000.0 15543.0 3624999.2 nan nan 0.3737 nan nan 249.537 nan nan 
9710000.0 15558.0 3628759.266 nan nan 0.3737 nan nan 249.196 nan nan 
9720000.0 15577.0 3633199.266 nan nan 0.3738 nan nan 245.218 nan nan 
9730000.0 15595.0 3637610.933 nan nan 0.3739 nan nan 246.598 nan nan 
9740000.0 15614.0 3641988.133 nan nan 0.3739 nan nan 244.644 nan nan 
9750000.0 15630.0 3646190.2 nan nan 0.374 nan nan 245.957 nan nan 
9760000.0 15646.0 3650280.933 nan nan 0.374 nan nan 251.88 nan nan 
9770000.0 15662.0 3654424.733 nan nan 0.374 nan nan 252.231 nan nan 
9780000.0 15676.0 3658354.866 nan nan 0.3741 nan nan 261.479 nan nan 
9790000.0 15689.0 3661988.6 nan nan 0.3741 nan nan 260.316 nan nan 
9800000.0 15704.0 3665950.333 nan nan 0.3741 nan nan 265.086 nan nan 
9810000.0 15716.0 3668845.6 nan nan 0.374 nan nan 260.206 nan nan 
9820000.0 15725.0 3671574.0 nan nan 0.3739 nan nan 263.831 nan nan 
9830000.0 15744.0 3676133.866 nan nan 0.374 nan nan 258.165 nan nan 
9840000.0 15759.0 3679863.066 nan nan 0.374 nan nan 254.068 nan nan 
9850000.0 15776.0 3684387.866 nan nan 0.374 nan nan 256.951 nan nan 
9860000.0 15792.0 3688373.4 nan nan 0.3741 nan nan 256.699 nan nan 
9870000.0 15810.0 3692845.333 nan nan 0.3741 nan nan 252.687 nan nan 
9880000.0 15826.0 3697086.6 nan nan 0.3742 nan nan 258.149 nan nan 
9890000.0 15845.0 3701793.066 nan nan 0.3743 nan nan 252.789 nan nan 
9900000.0 15854.0 3704033.8 nan nan 0.3741 nan nan 254.738 nan nan 
9910000.0 15868.0 3707465.6 nan nan 0.3741 nan nan 252.015 nan nan 
9920000.0 15882.0 3710780.2 nan nan 0.3741 nan nan 245.635 nan nan 
9930000.0 15899.0 3715068.4 nan nan 0.3741 nan nan 249.547 nan nan 
9940000.0 15912.0 3718296.866 nan nan 0.3741 nan nan 248.22 nan nan 
9950000.0 15925.0 3721194.0 nan nan 0.374 nan nan 244.835 nan nan 
9960000.0 15942.0 3724933.333 nan nan 0.374 nan nan 235.118 nan nan 
9970000.0 15960.0 3729298.266 nan nan 0.3741 nan nan 236.267 nan nan 
9980000.0 15975.0 3732986.4 nan nan 0.374 nan nan 242.218 nan nan 
9990000.0 15991.0 3736517.466 nan nan 0.374 nan nan 235.352 nan nan 
10000000.0 15997.0 3737859.866 nan nan 0.3738 nan nan 234.406 nan nan 
