10000.0 22.0 145.6 nan nan 0.0146 nan nan 2.211 nan nan 
20000.0 46.0 307.067 nan nan 0.0154 nan nan 4.026 nan nan 
30000.0 65.0 474.667 nan nan 0.0158 nan nan 5.565 nan nan 
40000.0 87.0 718.867 nan nan 0.018 nan nan 7.801 nan nan 
50000.0 107.0 1438.2 nan nan 0.0288 nan nan 17.27 nan nan 
60000.0 121.0 2013.933 nan nan 0.0336 nan nan 23.143 nan nan 
70000.0 128.0 2512.267 nan nan 0.0359 nan nan 28.522 nan nan 
80000.0 141.0 3163.2 nan nan 0.0395 nan nan 34.146 nan nan 
90000.0 165.0 4629.4 nan nan 0.0514 nan nan 44.595 nan nan 
100000.0 187.0 6184.867 nan nan 0.0618 nan nan 53.261 nan nan 
110000.0 207.0 7472.4 nan nan 0.0679 nan nan 57.233 nan nan 
120000.0 226.0 8648.6 nan nan 0.0721 nan nan 59.189 nan nan 
130000.0 234.0 9082.8 nan nan 0.0699 nan nan 58.766 nan nan 
140000.0 243.0 9551.533 nan nan 0.0682 nan nan 57.427 nan nan 
150000.0 251.0 10172.467 nan nan 0.0678 nan nan 59.753 nan nan 
160000.0 267.0 11251.267 nan nan 0.0703 nan nan 62.576 nan nan 
170000.0 291.0 13033.933 nan nan 0.0767 nan nan 66.61 nan nan 
180000.0 320.0 15284.867 nan nan 0.0849 nan nan 70.996 nan nan 
190000.0 351.0 18088.067 nan nan 0.0952 nan nan 81.137 nan nan 
200000.0 386.0 21332.8 nan nan 0.1067 nan nan 86.578 nan nan 
210000.0 417.0 24286.933 nan nan 0.1157 nan nan 92.127 nan nan 
220000.0 443.0 27329.333 nan nan 0.1242 nan nan 100.357 nan nan 
230000.0 470.0 30166.267 nan nan 0.1312 nan nan 102.96 nan nan 
240000.0 503.0 33817.133 nan nan 0.1409 nan nan 107.815 nan nan 
250000.0 536.0 37575.467 nan nan 0.1503 nan nan 111.993 nan nan 
260000.0 562.0 40591.067 nan nan 0.1561 nan nan 112.308 nan nan 
270000.0 597.0 44136.8 nan nan 0.1635 nan nan 106.882 nan nan 
280000.0 632.0 48104.933 nan nan 0.1718 nan nan 109.756 nan nan 
290000.0 671.0 51768.6 nan nan 0.1785 nan nan 101.12 nan nan 
300000.0 701.0 55171.067 nan nan 0.1839 nan nan 105.824 nan nan 
310000.0 731.0 58392.267 nan nan 0.1884 nan nan 106.259 nan nan 
320000.0 761.0 61871.267 nan nan 0.1933 nan nan 112.375 nan nan 
330000.0 793.0 65200.333 nan nan 0.1976 nan nan 109.412 nan nan 
340000.0 814.0 68361.333 nan nan 0.2011 nan nan 121.148 nan nan 
350000.0 836.0 71415.667 nan nan 0.204 nan nan 128.832 nan nan 
360000.0 856.0 74535.133 nan nan 0.207 nan nan 139.565 nan nan 
370000.0 878.0 77871.0 nan nan 0.2105 nan nan 143.327 nan nan 
380000.0 891.0 79885.2 nan nan 0.2102 nan nan 144.449 nan nan 
390000.0 909.0 82789.533 nan nan 0.2123 nan nan 148.866 nan nan 
400000.0 927.0 85566.0 nan nan 0.2139 nan nan 151.396 nan nan 
410000.0 952.0 88850.6 nan nan 0.2167 nan nan 144.764 nan nan 
420000.0 973.0 92127.6 nan nan 0.2194 nan nan 148.765 nan nan 
430000.0 990.0 95392.2 nan nan 0.2218 nan nan 159.5 nan nan 
440000.0 1010.0 98768.8 nan nan 0.2245 nan nan 161.96 nan nan 
450000.0 1024.0 101292.533 nan nan 0.2251 nan nan 168.088 nan nan 
460000.0 1038.0 103814.067 nan nan 0.2257 nan nan 169.639 nan nan 
470000.0 1055.0 107102.267 nan nan 0.2279 nan nan 175.912 nan nan 
480000.0 1071.0 110031.6 nan nan 0.2292 nan nan 179.926 nan nan 
490000.0 1088.0 113207.667 nan nan 0.231 nan nan 182.011 nan nan 
500000.0 1102.0 115950.733 nan nan 0.2319 nan nan 186.623 nan nan 
510000.0 1120.0 119451.933 nan nan 0.2342 nan nan 188.912 nan nan 
520000.0 1134.0 122627.733 nan nan 0.2358 nan nan 194.422 nan nan 
530000.0 1151.0 126083.533 nan nan 0.2379 nan nan 200.257 nan nan 
540000.0 1177.0 130169.067 nan nan 0.2411 nan nan 183.672 nan nan 
550000.0 1198.0 134076.4 nan nan 0.2438 nan nan 182.753 nan nan 
560000.0 1217.0 137731.333 nan nan 0.2459 nan nan 184.351 nan nan 
570000.0 1234.0 141418.333 nan nan 0.2481 nan nan 193.783 nan nan 
580000.0 1242.0 142969.8 nan nan 0.2465 nan nan 195.624 nan nan 
590000.0 1250.0 144708.467 nan nan 0.2453 nan nan 197.689 nan nan 
600000.0 1269.0 148195.933 nan nan 0.247 nan nan 192.084 nan nan 
610000.0 1273.0 149094.733 nan nan 0.2444 nan nan 193.772 nan nan 
620000.0 1295.0 152851.867 nan nan 0.2465 nan nan 187.438 nan nan 
630000.0 1309.0 155690.2 nan nan 0.2471 nan nan 192.074 nan nan 
640000.0 1321.0 158376.2 nan nan 0.2475 nan nan 199.374 nan nan 
650000.0 1339.0 162300.933 nan nan 0.2497 nan nan 203.292 nan nan 
660000.0 1358.0 166010.6 nan nan 0.2515 nan nan 201.289 nan nan 
670000.0 1375.0 169306.133 nan nan 0.2527 nan nan 198.699 nan nan 
680000.0 1389.0 172262.4 nan nan 0.2533 nan nan 201.394 nan nan 
690000.0 1401.0 175089.733 nan nan 0.2538 nan nan 207.731 nan nan 
700000.0 1418.0 178586.2 nan nan 0.2551 nan nan 206.93 nan nan 
710000.0 1434.0 181963.467 nan nan 0.2563 nan nan 209.301 nan nan 
720000.0 1449.0 185031.8 nan nan 0.257 nan nan 207.532 nan nan 
730000.0 1464.0 187910.667 nan nan 0.2574 nan nan 203.54 nan nan 
740000.0 1479.0 191041.667 nan nan 0.2582 nan nan 207.29 nan nan 
750000.0 1496.0 194523.867 nan nan 0.2594 nan nan 203.943 nan nan 
760000.0 1515.0 198356.533 nan nan 0.261 nan nan 205.9 nan nan 
770000.0 1530.0 201573.933 nan nan 0.2618 nan nan 205.127 nan nan 
780000.0 1541.0 203962.333 nan nan 0.2615 nan nan 209.625 nan nan 
790000.0 1554.0 206253.933 nan nan 0.2611 nan nan 202.602 nan nan 
800000.0 1568.0 209326.933 nan nan 0.2617 nan nan 206.897 nan nan 
810000.0 1579.0 211753.667 nan nan 0.2614 nan nan 210.342 nan nan 
820000.0 1591.0 214250.267 nan nan 0.2613 nan nan 209.983 nan nan 
830000.0 1608.0 218128.8 nan nan 0.2628 nan nan 212.361 nan nan 
840000.0 1625.0 221246.667 nan nan 0.2634 nan nan 203.719 nan nan 
850000.0 1633.0 223029.267 nan nan 0.2624 nan nan 206.664 nan nan 
860000.0 1642.0 225073.133 nan nan 0.2617 nan nan 209.782 nan nan 
870000.0 1650.0 226848.8 nan nan 0.2607 nan nan 213.08 nan nan 
880000.0 1664.0 229717.2 nan nan 0.261 nan nan 208.099 nan nan 
890000.0 1676.0 232180.133 nan nan 0.2609 nan nan 207.538 nan nan 
900000.0 1684.0 233777.467 nan nan 0.2598 nan nan 207.136 nan nan 
910000.0 1692.0 235245.533 nan nan 0.2585 nan nan 206.593 nan nan 
920000.0 1703.0 237768.267 nan nan 0.2584 nan nan 210.933 nan nan 
930000.0 1713.0 239919.333 nan nan 0.258 nan nan 211.561 nan nan 
940000.0 1726.0 243078.467 nan nan 0.2586 nan nan 214.671 nan nan 
950000.0 1744.0 246778.2 nan nan 0.2598 nan nan 214.21 nan nan 
960000.0 1764.0 250875.667 nan nan 0.2613 nan nan 210.284 nan nan 
970000.0 1776.0 253442.0 nan nan 0.2613 nan nan 210.522 nan nan 
980000.0 1792.0 257104.333 nan nan 0.2624 nan nan 215.061 nan nan 
990000.0 1806.0 259926.533 nan nan 0.2626 nan nan 213.43 nan nan 
1000000.0 1817.0 262226.533 nan nan 0.2622 nan nan 212.912 nan nan 
1010000.0 1824.0 263520.067 nan nan 0.2609 nan nan 207.944 nan nan 
1020000.0 1834.0 265838.4 nan nan 0.2606 nan nan 210.063 nan nan 
1030000.0 1846.0 268296.4 nan nan 0.2605 nan nan 210.209 nan nan 
1040000.0 1862.0 271646.133 nan nan 0.2612 nan nan 211.325 nan nan 
1050000.0 1878.0 275036.8 nan nan 0.2619 nan nan 212.073 nan nan 
1060000.0 1898.0 278600.0 nan nan 0.2628 nan nan 201.133 nan nan 
1070000.0 1916.0 282317.8 nan nan 0.2638 nan nan 202.987 nan nan 
1080000.0 1934.0 286215.267 nan nan 0.265 nan nan 205.77 nan nan 
1090000.0 1949.0 289634.533 nan nan 0.2657 nan nan 209.864 nan nan 
1100000.0 1960.0 292323.133 nan nan 0.2657 nan nan 216.995 nan nan 
1110000.0 1973.0 295228.867 nan nan 0.266 nan nan 222.437 nan nan 
1120000.0 1983.0 297585.0 nan nan 0.2657 nan nan 220.771 nan nan 
1130000.0 1995.0 300238.533 nan nan 0.2657 nan nan 221.707 nan nan 
1140000.0 2015.0 304246.0 nan nan 0.2669 nan nan 218.214 nan nan 
1150000.0 2026.0 307064.6 nan nan 0.267 nan nan 221.009 nan nan 
1160000.0 2046.0 310801.067 nan nan 0.2679 nan nan 212.831 nan nan 
1170000.0 2060.0 314190.467 nan nan 0.2685 nan nan 218.031 nan nan 
1180000.0 2073.0 317244.933 nan nan 0.2689 nan nan 220.895 nan nan 
1190000.0 2087.0 320420.933 nan nan 0.2693 nan nan 222.175 nan nan 
1200000.0 2095.0 322412.533 nan nan 0.2687 nan nan 225.568 nan nan 
1210000.0 2113.0 326038.667 nan nan 0.2695 nan nan 220.727 nan nan 
1220000.0 2123.0 328220.8 nan nan 0.269 nan nan 222.504 nan nan 
1230000.0 2132.0 330670.933 nan nan 0.2688 nan nan 225.869 nan nan 
1240000.0 2142.0 332725.733 nan nan 0.2683 nan nan 226.075 nan nan 
1250000.0 2162.0 337276.067 nan nan 0.2698 nan nan 224.984 nan nan 
1260000.0 2175.0 340607.0 nan nan 0.2703 nan nan 232.034 nan nan 
1270000.0 2193.0 344470.933 nan nan 0.2712 nan nan 225.276 nan nan 
1280000.0 2213.0 348908.733 nan nan 0.2726 nan nan 224.501 nan nan 
1290000.0 2226.0 351750.733 nan nan 0.2727 nan nan 225.585 nan nan 
1300000.0 2247.0 355883.2 nan nan 0.2738 nan nan 216.87 nan nan 
1310000.0 2259.0 358916.933 nan nan 0.274 nan nan 221.517 nan nan 
1320000.0 2273.0 361863.467 nan nan 0.2741 nan nan 219.714 nan nan 
1330000.0 2280.0 363631.533 nan nan 0.2734 nan nan 221.909 nan nan 
1340000.0 2294.0 366965.8 nan nan 0.2739 nan nan 226.283 nan nan 
1350000.0 2303.0 368924.933 nan nan 0.2733 nan nan 226.538 nan nan 
1360000.0 2317.0 372199.933 nan nan 0.2737 nan nan 227.762 nan nan 
1370000.0 2330.0 375334.867 nan nan 0.274 nan nan 232.767 nan nan 
1380000.0 2339.0 377630.933 nan nan 0.2736 nan nan 234.661 nan nan 
1390000.0 2353.0 380356.267 nan nan 0.2736 nan nan 224.229 nan nan 
1400000.0 2364.0 382659.667 nan nan 0.2733 nan nan 219.735 nan nan 
1410000.0 2384.0 386801.0 nan nan 0.2743 nan nan 219.882 nan nan 
1420000.0 2396.0 389578.4 nan nan 0.2744 nan nan 218.755 nan nan 
1430000.0 2409.0 392509.0 nan nan 0.2745 nan nan 219.912 nan nan 
1440000.0 2426.0 396020.733 nan nan 0.275 nan nan 215.933 nan nan 
1450000.0 2443.0 399933.333 nan nan 0.2758 nan nan 221.22 nan nan 
1460000.0 2457.0 403468.267 nan nan 0.2763 nan nan 227.521 nan nan 
1470000.0 2472.0 406972.8 nan nan 0.2769 nan nan 229.672 nan nan 
1480000.0 2490.0 410868.733 nan nan 0.2776 nan nan 223.639 nan nan 
1490000.0 2504.0 413918.8 nan nan 0.2778 nan nan 222.703 nan nan 
1500000.0 2519.0 417604.467 nan nan 0.2784 nan nan 229.142 nan nan 
1510000.0 2534.0 421279.2 nan nan 0.279 nan nan 231.661 nan nan 
1520000.0 2545.0 423656.933 nan nan 0.2787 nan nan 231.562 nan nan 
1530000.0 2561.0 427321.267 nan nan 0.2793 nan nan 229.83 nan nan 
1540000.0 2579.0 431619.333 nan nan 0.2803 nan nan 232.965 nan nan 
1550000.0 2590.0 434012.8 nan nan 0.28 nan nan 227.219 nan nan 
1560000.0 2606.0 437706.733 nan nan 0.2806 nan nan 231.476 nan nan 
1570000.0 2613.0 439360.733 nan nan 0.2798 nan nan 229.324 nan nan 
1580000.0 2626.0 442299.667 nan nan 0.2799 nan nan 232.331 nan nan 
1590000.0 2641.0 445588.267 nan nan 0.2802 nan nan 228.129 nan nan 
1600000.0 2655.0 448597.333 nan nan 0.2804 nan nan 222.482 nan nan 
1610000.0 2670.0 451665.333 nan nan 0.2805 nan nan 219.74 nan nan 
1620000.0 2685.0 455179.467 nan nan 0.281 nan nan 222.986 nan nan 
1630000.0 2706.0 459481.267 nan nan 0.2819 nan nan 218.684 nan nan 
1640000.0 2724.0 463426.733 nan nan 0.2826 nan nan 217.703 nan nan 
1650000.0 2738.0 466915.6 nan nan 0.283 nan nan 224.71 nan nan 
1660000.0 2754.0 470664.733 nan nan 0.2835 nan nan 226.467 nan nan 
1670000.0 2771.0 475068.133 nan nan 0.2845 nan nan 235.587 nan nan 
1680000.0 2790.0 479321.8 nan nan 0.2853 nan nan 235.383 nan nan 
1690000.0 2809.0 483260.067 nan nan 0.286 nan nan 226.721 nan nan 
1700000.0 2826.0 487186.4 nan nan 0.2866 nan nan 227.925 nan nan 
1710000.0 2841.0 490838.0 nan nan 0.287 nan nan 229.483 nan nan 
1720000.0 2859.0 495098.333 nan nan 0.2878 nan nan 231.619 nan nan 
1730000.0 2874.0 498876.0 nan nan 0.2884 nan nan 238.026 nan nan 
1740000.0 2891.0 503003.2 nan nan 0.2891 nan nan 239.377 nan nan 
1750000.0 2914.0 507399.067 nan nan 0.2899 nan nan 223.19 nan nan 
1760000.0 2933.0 511763.4 nan nan 0.2908 nan nan 225.495 nan nan 
1770000.0 2947.0 515116.133 nan nan 0.291 nan nan 228.634 nan nan 
1780000.0 2965.0 519567.133 nan nan 0.2919 nan nan 232.743 nan nan 
1790000.0 2982.0 523873.333 nan nan 0.2927 nan nan 242.248 nan nan 
1800000.0 2996.0 527320.4 nan nan 0.293 nan nan 238.607 nan nan 
1810000.0 3014.0 531418.733 nan nan 0.2936 nan nan 235.946 nan nan 
1820000.0 3032.0 535967.867 nan nan 0.2945 nan nan 242.066 nan nan 
1830000.0 3044.0 538879.133 nan nan 0.2945 nan nan 243.764 nan nan 
1840000.0 3064.0 543108.267 nan nan 0.2952 nan nan 231.74 nan nan 
1850000.0 3082.0 546740.333 nan nan 0.2955 nan nan 225.119 nan nan 
1860000.0 3101.0 550884.933 nan nan 0.2962 nan nan 220.71 nan nan 
1870000.0 3120.0 555194.667 nan nan 0.2969 nan nan 222.183 nan nan 
1880000.0 3137.0 558960.067 nan nan 0.2973 nan nan 223.505 nan nan 
1890000.0 3152.0 562511.067 nan nan 0.2976 nan nan 227.061 nan nan 
1900000.0 3167.0 565927.933 nan nan 0.2979 nan nan 224.722 nan nan 
1910000.0 3186.0 570397.6 nan nan 0.2986 nan nan 229.031 nan nan 
1920000.0 3205.0 574754.267 nan nan 0.2994 nan nan 231.863 nan nan 
1930000.0 3225.0 579037.867 nan nan 0.3 nan nan 224.087 nan nan 
1940000.0 3239.0 582539.6 nan nan 0.3003 nan nan 228.271 nan nan 
1950000.0 3251.0 585428.867 nan nan 0.3002 nan nan 230.691 nan nan 
1960000.0 3261.0 587782.533 nan nan 0.2999 nan nan 232.077 nan nan 
1970000.0 3278.0 591412.6 nan nan 0.3002 nan nan 228.341 nan nan 
1980000.0 3294.0 595526.667 nan nan 0.3008 nan nan 234.848 nan nan 
1990000.0 3317.0 600059.667 nan nan 0.3015 nan nan 220.212 nan nan 
2000000.0 3337.0 604213.667 nan nan 0.3021 nan nan 219.073 nan nan 
2010000.0 3361.0 608828.133 nan nan 0.3029 nan nan 209.212 nan nan 
2020000.0 3378.0 612476.867 nan nan 0.3032 nan nan 208.764 nan nan 
2030000.0 3392.0 615900.733 nan nan 0.3034 nan nan 217.402 nan nan 
2040000.0 3401.0 617798.467 nan nan 0.3028 nan nan 214.204 nan nan 
2050000.0 3420.0 621601.467 nan nan 0.3032 nan nan 210.912 nan nan 
2060000.0 3435.0 624829.6 nan nan 0.3033 nan nan 211.677 nan nan 
2070000.0 3445.0 627483.6 nan nan 0.3031 nan nan 221.626 nan nan 
2080000.0 3458.0 630678.733 nan nan 0.3032 nan nan 227.778 nan nan 
2090000.0 3473.0 634414.533 nan nan 0.3035 nan nan 231.154 nan nan 
2100000.0 3487.0 637421.533 nan nan 0.3035 nan nan 230.91 nan nan 
2110000.0 3508.0 641671.8 nan nan 0.3041 nan nan 217.976 nan nan 
2120000.0 3528.0 645881.267 nan nan 0.3047 nan nan 217.784 nan nan 
2130000.0 3547.0 650351.133 nan nan 0.3053 nan nan 222.773 nan nan 
2140000.0 3562.0 653864.867 nan nan 0.3055 nan nan 227.486 nan nan 
2150000.0 3579.0 657629.0 nan nan 0.3059 nan nan 223.031 nan nan 
2160000.0 3597.0 661769.933 nan nan 0.3064 nan nan 226.873 nan nan 
2170000.0 3615.0 665962.467 nan nan 0.3069 nan nan 229.301 nan nan 
2180000.0 3626.0 668746.867 nan nan 0.3068 nan nan 231.88 nan nan 
2190000.0 3641.0 672178.8 nan nan 0.3069 nan nan 232.109 nan nan 
2200000.0 3661.0 676353.4 nan nan 0.3074 nan nan 225.643 nan nan 
2210000.0 3679.0 680732.733 nan nan 0.308 nan nan 229.522 nan nan 
2220000.0 3696.0 684561.267 nan nan 0.3084 nan nan 227.479 nan nan 
2230000.0 3707.0 686851.667 nan nan 0.308 nan nan 226.421 nan nan 
2240000.0 3723.0 690430.8 nan nan 0.3082 nan nan 225.299 nan nan 
2250000.0 3738.0 694175.533 nan nan 0.3085 nan nan 229.402 nan nan 
2260000.0 3753.0 697632.333 nan nan 0.3087 nan nan 231.256 nan nan 
2270000.0 3766.0 701037.067 nan nan 0.3088 nan nan 234.872 nan nan 
2280000.0 3780.0 704371.467 nan nan 0.3089 nan nan 236.26 nan nan 
2290000.0 3793.0 707708.667 nan nan 0.309 nan nan 242.58 nan nan 
2300000.0 3812.0 711950.333 nan nan 0.3095 nan nan 239.231 nan nan 
2310000.0 3829.0 715993.533 nan nan 0.31 nan nan 234.686 nan nan 
2320000.0 3847.0 720137.267 nan nan 0.3104 nan nan 234.665 nan nan 
2330000.0 3863.0 723786.533 nan nan 0.3106 nan nan 232.988 nan nan 
2340000.0 3879.0 727590.933 nan nan 0.3109 nan nan 232.46 nan nan 
2350000.0 3894.0 730638.067 nan nan 0.3109 nan nan 228.586 nan nan 
2360000.0 3908.0 734339.6 nan nan 0.3112 nan nan 235.839 nan nan 
2370000.0 3922.0 737732.133 nan nan 0.3113 nan nan 235.397 nan nan 
2380000.0 3936.0 740964.4 nan nan 0.3113 nan nan 235.421 nan nan 
2390000.0 3950.0 744302.933 nan nan 0.3114 nan nan 238.056 nan nan 
2400000.0 3969.0 748821.533 nan nan 0.312 nan nan 236.921 nan nan 
2410000.0 3985.0 752931.8 nan nan 0.3124 nan nan 241.947 nan nan 
2420000.0 4002.0 757196.867 nan nan 0.3129 nan nan 246.346 nan nan 
2430000.0 4017.0 760843.667 nan nan 0.3131 nan nan 243.896 nan nan 
2440000.0 4033.0 765056.933 nan nan 0.3135 nan nan 249.975 nan nan 
2450000.0 4046.0 768105.0 nan nan 0.3135 nan nan 245.361 nan nan 
2460000.0 4062.0 772113.4 nan nan 0.3139 nan nan 244.843 nan nan 
2470000.0 4079.0 775857.4 nan nan 0.3141 nan nan 238.243 nan nan 
2480000.0 4097.0 779964.267 nan nan 0.3145 nan nan 236.712 nan nan 
2490000.0 4113.0 783793.2 nan nan 0.3148 nan nan 238.199 nan nan 
2500000.0 4130.0 787944.6 nan nan 0.3152 nan nan 240.845 nan nan 
2510000.0 4148.0 792357.133 nan nan 0.3157 nan nan 240.161 nan nan 
2520000.0 4166.0 796671.6 nan nan 0.3161 nan nan 239.236 nan nan 
2530000.0 4186.0 800931.6 nan nan 0.3166 nan nan 230.89 nan nan 
2540000.0 4201.0 804810.467 nan nan 0.3169 nan nan 236.65 nan nan 
2550000.0 4219.0 809087.8 nan nan 0.3173 nan nan 235.902 nan nan 
2560000.0 4238.0 813325.2 nan nan 0.3177 nan nan 235.594 nan nan 
2570000.0 4255.0 817518.867 nan nan 0.3181 nan nan 235.744 nan nan 
2580000.0 4274.0 821914.333 nan nan 0.3186 nan nan 236.253 nan nan 
2590000.0 4290.0 825648.0 nan nan 0.3188 nan nan 233.407 nan nan 
2600000.0 4307.0 830066.067 nan nan 0.3193 nan nan 239.504 nan nan 
2610000.0 4320.0 832817.133 nan nan 0.3191 nan nan 236.26 nan nan 
2620000.0 4335.0 836664.533 nan nan 0.3193 nan nan 242.087 nan nan 
2630000.0 4353.0 840953.267 nan nan 0.3198 nan nan 238.642 nan nan 
2640000.0 4367.0 844361.4 nan nan 0.3198 nan nan 239.576 nan nan 
2650000.0 4378.0 847078.2 nan nan 0.3197 nan nan 240.54 nan nan 
2660000.0 4397.0 851536.533 nan nan 0.3201 nan nan 239.338 nan nan 
2670000.0 4408.0 854502.267 nan nan 0.32 nan nan 246.394 nan nan 
2680000.0 4423.0 858032.267 nan nan 0.3202 nan nan 240.442 nan nan 
2690000.0 4435.0 860982.067 nan nan 0.3201 nan nan 245.035 nan nan 
2700000.0 4453.0 865576.667 nan nan 0.3206 nan nan 245.066 nan nan 
2710000.0 4467.0 869101.8 nan nan 0.3207 nan nan 248.568 nan nan 
2720000.0 4491.0 874138.133 nan nan 0.3214 nan nan 233.789 nan nan 
2730000.0 4509.0 878039.533 nan nan 0.3216 nan nan 229.702 nan nan 
2740000.0 4523.0 881384.267 nan nan 0.3217 nan nan 230.225 nan nan 
2750000.0 4533.0 883749.467 nan nan 0.3214 nan nan 231.826 nan nan 
2760000.0 4543.0 885999.667 nan nan 0.321 nan nan 228.596 nan nan 
2770000.0 4555.0 889153.0 nan nan 0.321 nan nan 236.574 nan nan 
2780000.0 4568.0 892270.4 nan nan 0.321 nan nan 238.492 nan nan 
2790000.0 4584.0 896299.733 nan nan 0.3213 nan nan 242.584 nan nan 
2800000.0 4599.0 899891.4 nan nan 0.3214 nan nan 242.793 nan nan 
2810000.0 4619.0 904278.733 nan nan 0.3218 nan nan 236.989 nan nan 
2820000.0 4639.0 909127.133 nan nan 0.3224 nan nan 234.636 nan nan 
2830000.0 4658.0 913565.933 nan nan 0.3228 nan nan 237.327 nan nan 
2840000.0 4676.0 918181.6 nan nan 0.3233 nan nan 243.008 nan nan 
2850000.0 4691.0 922313.733 nan nan 0.3236 nan nan 250.936 nan nan 
2860000.0 4704.0 925711.133 nan nan 0.3237 nan nan 253.518 nan nan 
2870000.0 4721.0 929748.533 nan nan 0.324 nan nan 246.747 nan nan 
2880000.0 4737.0 933638.6 nan nan 0.3242 nan nan 247.586 nan nan 
2890000.0 4756.0 938026.467 nan nan 0.3246 nan nan 244.116 nan nan 
2900000.0 4773.0 942152.333 nan nan 0.3249 nan nan 243.405 nan nan 
2910000.0 4786.0 945157.867 nan nan 0.3248 nan nan 241.441 nan nan 
2920000.0 4806.0 949246.333 nan nan 0.3251 nan nan 228.228 nan nan 
2930000.0 4824.0 953340.8 nan nan 0.3254 nan nan 226.04 nan nan 
2940000.0 4837.0 956648.533 nan nan 0.3254 nan nan 232.986 nan nan 
2950000.0 4855.0 960821.8 nan nan 0.3257 nan nan 233.172 nan nan 
2960000.0 4873.0 965100.4 nan nan 0.326 nan nan 235.158 nan nan 
2970000.0 4886.0 968215.2 nan nan 0.326 nan nan 234.247 nan nan 
2980000.0 4903.0 972612.867 nan nan 0.3264 nan nan 240.761 nan nan 
2990000.0 4920.0 976556.533 nan nan 0.3266 nan nan 240.934 nan nan 
3000000.0 4935.0 980047.333 nan nan 0.3267 nan nan 237.986 nan nan 
3010000.0 4950.0 983477.8 nan nan 0.3267 nan nan 235.501 nan nan 
3020000.0 4966.0 987274.467 nan nan 0.3269 nan nan 238.012 nan nan 
3030000.0 4985.0 991931.533 nan nan 0.3274 nan nan 235.905 nan nan 
3040000.0 5004.0 996419.933 nan nan 0.3278 nan nan 235.603 nan nan 
3050000.0 5021.0 1000231.867 nan nan 0.3279 nan nan 237.699 nan nan 
3060000.0 5034.0 1003653.8 nan nan 0.328 nan nan 240.855 nan nan 
3070000.0 5054.0 1008111.667 nan nan 0.3284 nan nan 235.331 nan nan 
3080000.0 5072.0 1012138.0 nan nan 0.3286 nan nan 233.998 nan nan 
3090000.0 5091.0 1016656.467 nan nan 0.329 nan nan 233.153 nan nan 
3100000.0 5111.0 1021146.467 nan nan 0.3294 nan nan 228.812 nan nan 
3110000.0 5129.0 1025322.333 nan nan 0.3297 nan nan 231.447 nan nan 
3120000.0 5147.0 1029456.0 nan nan 0.33 nan nan 230.389 nan nan 
3130000.0 5164.0 1033688.867 nan nan 0.3303 nan nan 233.79 nan nan 
3140000.0 5182.0 1038022.0 nan nan 0.3306 nan nan 238.216 nan nan 
3150000.0 5198.0 1042175.667 nan nan 0.3308 nan nan 241.669 nan nan 
3160000.0 5216.0 1046166.733 nan nan 0.3311 nan nan 234.469 nan nan 
3170000.0 5233.0 1050332.867 nan nan 0.3313 nan nan 238.037 nan nan 
3180000.0 5251.0 1054462.067 nan nan 0.3316 nan nan 233.68 nan nan 
3190000.0 5267.0 1058490.933 nan nan 0.3318 nan nan 241.959 nan nan 
3200000.0 5286.0 1062729.733 nan nan 0.3321 nan nan 236.259 nan nan 
3210000.0 5304.0 1067302.733 nan nan 0.3325 nan nan 238.907 nan nan 
3220000.0 5318.0 1070946.867 nan nan 0.3326 nan nan 244.608 nan nan 
3230000.0 5335.0 1075198.067 nan nan 0.3329 nan nan 246.645 nan nan 
3240000.0 5353.0 1079188.333 nan nan 0.3331 nan nan 240.613 nan nan 
3250000.0 5369.0 1083311.733 nan nan 0.3333 nan nan 242.887 nan nan 
3260000.0 5385.0 1086921.0 nan nan 0.3334 nan nan 241.336 nan nan 
3270000.0 5399.0 1090437.467 nan nan 0.3335 nan nan 243.155 nan nan 
3280000.0 5415.0 1094270.2 nan nan 0.3336 nan nan 242.987 nan nan 
3290000.0 5431.0 1098535.067 nan nan 0.3339 nan nan 248.426 nan nan 
3300000.0 5453.0 1103059.733 nan nan 0.3343 nan nan 234.003 nan nan 
3310000.0 5471.0 1107649.067 nan nan 0.3346 nan nan 239.048 nan nan 
3320000.0 5487.0 1111859.067 nan nan 0.3349 nan nan 244.905 nan nan 
3330000.0 5504.0 1115916.2 nan nan 0.3351 nan nan 245.717 nan nan 
3340000.0 5522.0 1119767.2 nan nan 0.3353 nan nan 233.794 nan nan 
3350000.0 5534.0 1122395.867 nan nan 0.335 nan nan 233.788 nan nan 
3360000.0 5549.0 1125993.4 nan nan 0.3351 nan nan 234.051 nan nan 
3370000.0 5564.0 1129523.933 nan nan 0.3352 nan nan 234.343 nan nan 
3380000.0 5585.0 1133664.933 nan nan 0.3354 nan nan 220.311 nan nan 
3390000.0 5605.0 1137633.933 nan nan 0.3356 nan nan 214.53 nan nan 
3400000.0 5623.0 1141598.8 nan nan 0.3358 nan nan 216.789 nan nan 
3410000.0 5638.0 1144881.067 nan nan 0.3357 nan nan 218.446 nan nan 
3420000.0 5650.0 1147635.867 nan nan 0.3356 nan nan 219.206 nan nan 
3430000.0 5670.0 1151994.8 nan nan 0.3359 nan nan 220.567 nan nan 
3440000.0 5687.0 1155442.6 nan nan 0.3359 nan nan 214.498 nan nan 
3450000.0 5708.0 1159975.0 nan nan 0.3362 nan nan 215.296 nan nan 
3460000.0 5726.0 1164260.133 nan nan 0.3365 nan nan 221.897 nan nan 
3470000.0 5738.0 1166972.0 nan nan 0.3363 nan nan 225.562 nan nan 
3480000.0 5750.0 1170330.933 nan nan 0.3363 nan nan 232.755 nan nan 
3490000.0 5766.0 1174543.733 nan nan 0.3365 nan nan 241.792 nan nan 
3500000.0 5781.0 1178317.133 nan nan 0.3367 nan nan 245.138 nan nan 
3510000.0 5797.0 1182346.6 nan nan 0.3369 nan nan 249.874 nan nan 
3520000.0 5813.0 1186580.867 nan nan 0.3371 nan nan 250.229 nan nan 
3530000.0 5827.0 1190140.867 nan nan 0.3372 nan nan 253.853 nan nan 
3540000.0 5846.0 1194743.867 nan nan 0.3375 nan nan 251.709 nan nan 
3550000.0 5864.0 1199079.6 nan nan 0.3378 nan nan 247.502 nan nan 
3560000.0 5879.0 1203174.2 nan nan 0.338 nan nan 252.402 nan nan 
3570000.0 5891.0 1205984.933 nan nan 0.3378 nan nan 249.134 nan nan 
3580000.0 5897.0 1207956.667 nan nan 0.3374 nan nan 253.973 nan nan 
3590000.0 5911.0 1210957.6 nan nan 0.3373 nan nan 248.578 nan nan 
3600000.0 5924.0 1214588.0 nan nan 0.3374 nan nan 253.951 nan nan 
3610000.0 5937.0 1217603.6 nan nan 0.3373 nan nan 250.523 nan nan 
3620000.0 5957.0 1221953.533 nan nan 0.3376 nan nan 238.461 nan nan 
3630000.0 5972.0 1225204.667 nan nan 0.3375 nan nan 230.903 nan nan 
3640000.0 5985.0 1228317.533 nan nan 0.3374 nan nan 232.935 nan nan 
3650000.0 6001.0 1231853.067 nan nan 0.3375 nan nan 232.467 nan nan 
3660000.0 6015.0 1235317.733 nan nan 0.3375 nan nan 234.799 nan nan 
3670000.0 6031.0 1239316.2 nan nan 0.3377 nan nan 237.508 nan nan 
3680000.0 6049.0 1243121.133 nan nan 0.3378 nan nan 232.706 nan nan 
3690000.0 6063.0 1246898.667 nan nan 0.3379 nan nan 237.441 nan nan 
3700000.0 6080.0 1250326.467 nan nan 0.3379 nan nan 232.043 nan nan 
3710000.0 6092.0 1253522.4 nan nan 0.3379 nan nan 237.282 nan nan 
3720000.0 6109.0 1257735.467 nan nan 0.3381 nan nan 242.732 nan nan 
3730000.0 6128.0 1261857.133 nan nan 0.3383 nan nan 231.42 nan nan 
3740000.0 6147.0 1266119.2 nan nan 0.3385 nan nan 231.033 nan nan 
3750000.0 6168.0 1270558.933 nan nan 0.3388 nan nan 224.543 nan nan 
3760000.0 6180.0 1273546.0 nan nan 0.3387 nan nan 227.418 nan nan 
3770000.0 6196.0 1277458.067 nan nan 0.3388 nan nan 230.659 nan nan 
3780000.0 6208.0 1280622.733 nan nan 0.3388 nan nan 238.591 nan nan 
3790000.0 6223.0 1284329.4 nan nan 0.3389 nan nan 244.344 nan nan 
3800000.0 6239.0 1289107.733 nan nan 0.3392 nan nan 259.094 nan nan 
3810000.0 6253.0 1292895.8 nan nan 0.3393 nan nan 259.028 nan nan 
3820000.0 6268.0 1296432.4 nan nan 0.3394 nan nan 253.668 nan nan 
3830000.0 6286.0 1300733.8 nan nan 0.3396 nan nan 246.531 nan nan 
3840000.0 6304.0 1304930.467 nan nan 0.3398 nan nan 244.479 nan nan 
3850000.0 6317.0 1307774.2 nan nan 0.3397 nan nan 239.308 nan nan 
3860000.0 6335.0 1312294.933 nan nan 0.34 nan nan 243.608 nan nan 
3870000.0 6353.0 1316682.933 nan nan 0.3402 nan nan 243.517 nan nan 
3880000.0 6372.0 1321311.933 nan nan 0.3405 nan nan 242.903 nan nan 
3890000.0 6385.0 1324739.267 nan nan 0.3405 nan nan 246.777 nan nan 
3900000.0 6400.0 1328305.6 nan nan 0.3406 nan nan 244.82 nan nan 
3910000.0 6417.0 1332452.6 nan nan 0.3408 nan nan 245.319 nan nan 
3920000.0 6435.0 1336622.2 nan nan 0.341 nan nan 239.014 nan nan 
3930000.0 6452.0 1341012.667 nan nan 0.3412 nan nan 246.438 nan nan 
3940000.0 6470.0 1345653.133 nan nan 0.3415 nan nan 248.62 nan nan 
3950000.0 6488.0 1349973.533 nan nan 0.3418 nan nan 246.23 nan nan 
3960000.0 6506.0 1353889.867 nan nan 0.3419 nan nan 240.309 nan nan 
3970000.0 6518.0 1357206.133 nan nan 0.3419 nan nan 245.412 nan nan 
3980000.0 6534.0 1361484.8 nan nan 0.3421 nan nan 250.94 nan nan 
3990000.0 6549.0 1365146.333 nan nan 0.3421 nan nan 250.856 nan nan 
4000000.0 6565.0 1369093.0 nan nan 0.3423 nan nan 248.066 nan nan 
4010000.0 6577.0 1372255.933 nan nan 0.3422 nan nan 251.187 nan nan 
4020000.0 6594.0 1376437.933 nan nan 0.3424 nan nan 248.35 nan nan 
4030000.0 6608.0 1380378.0 nan nan 0.3425 nan nan 256.554 nan nan 
4040000.0 6625.0 1384840.8 nan nan 0.3428 nan nan 258.296 nan nan 
4050000.0 6642.0 1388972.6 nan nan 0.343 nan nan 255.073 nan nan 
4060000.0 6658.0 1393298.4 nan nan 0.3432 nan nan 256.233 nan nan 
4070000.0 6675.0 1397289.6 nan nan 0.3433 nan nan 251.748 nan nan 
4080000.0 6692.0 1401132.2 nan nan 0.3434 nan nan 246.475 nan nan 
4090000.0 6709.0 1405398.0 nan nan 0.3436 nan nan 248.089 nan nan 
4100000.0 6726.0 1409518.733 nan nan 0.3438 nan nan 243.087 nan nan 
4110000.0 6742.0 1413336.267 nan nan 0.3439 nan nan 241.759 nan nan 
4120000.0 6760.0 1417660.267 nan nan 0.3441 nan nan 241.554 nan nan 
4130000.0 6775.0 1421806.2 nan nan 0.3443 nan nan 252.106 nan nan 
4140000.0 6790.0 1426010.933 nan nan 0.3444 nan nan 260.386 nan nan 
4150000.0 6805.0 1430209.933 nan nan 0.3446 nan nan 262.336 nan nan 
4160000.0 6822.0 1434121.533 nan nan 0.3447 nan nan 255.658 nan nan 
4170000.0 6836.0 1437708.267 nan nan 0.3448 nan nan 252.472 nan nan 
4180000.0 6852.0 1441550.2 nan nan 0.3449 nan nan 249.549 nan nan 
4190000.0 6867.0 1445135.933 nan nan 0.3449 nan nan 248.917 nan nan 
4200000.0 6883.0 1448952.067 nan nan 0.345 nan nan 245.67 nan nan 
4210000.0 6898.0 1452824.933 nan nan 0.3451 nan nan 244.748 nan nan 
4220000.0 6906.0 1454911.0 nan nan 0.3448 nan nan 248.355 nan nan 
4230000.0 6924.0 1458796.733 nan nan 0.3449 nan nan 238.275 nan nan 
4240000.0 6940.0 1462636.933 nan nan 0.345 nan nan 239.127 nan nan 
4250000.0 6959.0 1467296.533 nan nan 0.3452 nan nan 243.313 nan nan 
4260000.0 6978.0 1471588.2 nan nan 0.3454 nan nan 237.982 nan nan 
4270000.0 6993.0 1475471.867 nan nan 0.3455 nan nan 239.11 nan nan 
4280000.0 7006.0 1478513.867 nan nan 0.3454 nan nan 240.03 nan nan 
4290000.0 7023.0 1482096.933 nan nan 0.3455 nan nan 233.899 nan nan 
4300000.0 7041.0 1486507.4 nan nan 0.3457 nan nan 232.57 nan nan 
4310000.0 7058.0 1490865.933 nan nan 0.3459 nan nan 241.462 nan nan 
4320000.0 7075.0 1494910.533 nan nan 0.346 nan nan 240.173 nan nan 
4330000.0 7090.0 1499095.133 nan nan 0.3462 nan nan 250.97 nan nan 
4340000.0 7102.0 1502143.867 nan nan 0.3461 nan nan 252.985 nan nan 
4350000.0 7118.0 1506424.2 nan nan 0.3463 nan nan 258.373 nan nan 
4360000.0 7135.0 1510618.867 nan nan 0.3465 nan nan 254.628 nan nan 
4370000.0 7152.0 1515008.133 nan nan 0.3467 nan nan 253.09 nan nan 
4380000.0 7170.0 1519510.933 nan nan 0.3469 nan nan 252.511 nan nan 
4390000.0 7180.0 1522171.2 nan nan 0.3467 nan nan 253.546 nan nan 
4400000.0 7198.0 1526431.2 nan nan 0.3469 nan nan 252.742 nan nan 
4410000.0 7215.0 1530488.667 nan nan 0.347 nan nan 248.268 nan nan 
4420000.0 7238.0 1535302.867 nan nan 0.3474 nan nan 234.12 nan nan 
4430000.0 7255.0 1539516.733 nan nan 0.3475 nan nan 239.106 nan nan 
4440000.0 7272.0 1543626.867 nan nan 0.3477 nan nan 239.785 nan nan 
4450000.0 7285.0 1547251.4 nan nan 0.3477 nan nan 243.709 nan nan 
4460000.0 7301.0 1551035.733 nan nan 0.3478 nan nan 247.252 nan nan 
4470000.0 7314.0 1554353.733 nan nan 0.3477 nan nan 248.457 nan nan 
4480000.0 7330.0 1558676.333 nan nan 0.3479 nan nan 255.314 nan nan 
4490000.0 7349.0 1563322.8 nan nan 0.3482 nan nan 252.77 nan nan 
4500000.0 7362.0 1567202.933 nan nan 0.3483 nan nan 257.917 nan nan 
4510000.0 7379.0 1571126.533 nan nan 0.3484 nan nan 252.233 nan nan 
4520000.0 7391.0 1573814.267 nan nan 0.3482 nan nan 243.519 nan nan 
4530000.0 7403.0 1576500.533 nan nan 0.348 nan nan 239.839 nan nan 
4540000.0 7417.0 1580022.533 nan nan 0.348 nan nan 243.314 nan nan 
4550000.0 7433.0 1583988.467 nan nan 0.3481 nan nan 247.421 nan nan 
4560000.0 7450.0 1588342.733 nan nan 0.3483 nan nan 245.858 nan nan 
4570000.0 7464.0 1592000.2 nan nan 0.3484 nan nan 250.046 nan nan 
4580000.0 7479.0 1595511.067 nan nan 0.3484 nan nan 248.871 nan nan 
4590000.0 7493.0 1599283.2 nan nan 0.3484 nan nan 251.567 nan nan 
4600000.0 7507.0 1603241.933 nan nan 0.3485 nan nan 260.49 nan nan 
4610000.0 7522.0 1607088.267 nan nan 0.3486 nan nan 258.137 nan nan 
4620000.0 7535.0 1610893.333 nan nan 0.3487 nan nan 264.286 nan nan 
4630000.0 7549.0 1614589.067 nan nan 0.3487 nan nan 267.601 nan nan 
4640000.0 7564.0 1618515.6 nan nan 0.3488 nan nan 266.679 nan nan 
4650000.0 7574.0 1621195.267 nan nan 0.3486 nan nan 269.286 nan nan 
4660000.0 7586.0 1624313.333 nan nan 0.3486 nan nan 262.687 nan nan 
4670000.0 7601.0 1627708.667 nan nan 0.3485 nan nan 256.782 nan nan 
4680000.0 7618.0 1632161.533 nan nan 0.3488 nan nan 255.893 nan nan 
4690000.0 7628.0 1634821.267 nan nan 0.3486 nan nan 256.003 nan nan 
4700000.0 7638.0 1637107.8 nan nan 0.3483 nan nan 252.568 nan nan 
4710000.0 7653.0 1640717.667 nan nan 0.3483 nan nan 249.614 nan nan 
4720000.0 7662.0 1642670.333 nan nan 0.348 nan nan 246.48 nan nan 
4730000.0 7674.0 1646302.0 nan nan 0.3481 nan nan 255.188 nan nan 
4740000.0 7685.0 1649017.067 nan nan 0.3479 nan nan 255.57 nan nan 
4750000.0 7698.0 1652099.467 nan nan 0.3478 nan nan 250.926 nan nan 
4760000.0 7712.0 1655218.2 nan nan 0.3477 nan nan 246.054 nan nan 
4770000.0 7727.0 1659377.6 nan nan 0.3479 nan nan 252.029 nan nan 
4780000.0 7740.0 1662966.4 nan nan 0.3479 nan nan 256.712 nan nan 
4790000.0 7757.0 1667540.6 nan nan 0.3481 nan nan 258.88 nan nan 
4800000.0 7774.0 1671968.533 nan nan 0.3483 nan nan 259.78 nan nan 
4810000.0 7791.0 1676611.533 nan nan 0.3486 nan nan 263.496 nan nan 
4820000.0 7809.0 1681139.267 nan nan 0.3488 nan nan 263.559 nan nan 
4830000.0 7824.0 1685042.467 nan nan 0.3489 nan nan 259.402 nan nan 
4840000.0 7838.0 1688288.8 nan nan 0.3488 nan nan 254.68 nan nan 
4850000.0 7854.0 1692550.4 nan nan 0.349 nan nan 256.765 nan nan 
4860000.0 7871.0 1696427.6 nan nan 0.3491 nan nan 248.055 nan nan 
4870000.0 7887.0 1700693.067 nan nan 0.3492 nan nan 250.951 nan nan 
4880000.0 7905.0 1705194.933 nan nan 0.3494 nan nan 250.659 nan nan 
4890000.0 7922.0 1709188.4 nan nan 0.3495 nan nan 249.669 nan nan 
4900000.0 7936.0 1712259.133 nan nan 0.3494 nan nan 240.33 nan nan 
4910000.0 7955.0 1716824.0 nan nan 0.3497 nan nan 240.676 nan nan 
4920000.0 7971.0 1721007.867 nan nan 0.3498 nan nan 245.319 nan nan 
4930000.0 7981.0 1723865.133 nan nan 0.3497 nan nan 252.047 nan nan 
4940000.0 7998.0 1727837.333 nan nan 0.3498 nan nan 246.311 nan nan 
4950000.0 8008.0 1730371.533 nan nan 0.3496 nan nan 247.671 nan nan 
4960000.0 8022.0 1733394.2 nan nan 0.3495 nan nan 240.973 nan nan 
4970000.0 8036.0 1737102.467 nan nan 0.3495 nan nan 247.237 nan nan 
4980000.0 8047.0 1739917.933 nan nan 0.3494 nan nan 250.324 nan nan 
4990000.0 8054.0 1741785.867 nan nan 0.3491 nan nan 248.666 nan nan 
5000000.0 8061.0 1743433.467 nan nan 0.3487 nan nan 247.851 nan nan 
5010000.0 8077.0 1746810.133 nan nan 0.3487 nan nan 240.538 nan nan 
5020000.0 8089.0 1750163.867 nan nan 0.3486 nan nan 247.431 nan nan 
5030000.0 8104.0 1754323.267 nan nan 0.3488 nan nan 252.717 nan nan 
5040000.0 8117.0 1757652.933 nan nan 0.3487 nan nan 255.354 nan nan 
5050000.0 8133.0 1762031.067 nan nan 0.3489 nan nan 256.96 nan nan 
5060000.0 8148.0 1765629.267 nan nan 0.3489 nan nan 252.758 nan nan 
5070000.0 8159.0 1768741.4 nan nan 0.3489 nan nan 261.107 nan nan 
5080000.0 8174.0 1772451.0 nan nan 0.3489 nan nan 257.684 nan nan 
5090000.0 8187.0 1776265.267 nan nan 0.349 nan nan 263.552 nan nan 
5100000.0 8204.0 1780529.0 nan nan 0.3491 nan nan 259.512 nan nan 
5110000.0 8223.0 1784609.067 nan nan 0.3492 nan nan 246.892 nan nan 
5120000.0 8237.0 1787973.067 nan nan 0.3492 nan nan 242.381 nan nan 
5130000.0 8249.0 1790808.867 nan nan 0.3491 nan nan 241.894 nan nan 
5140000.0 8262.0 1793967.533 nan nan 0.349 nan nan 245.332 nan nan 
5150000.0 8276.0 1797069.4 nan nan 0.3489 nan nan 239.644 nan nan 
5160000.0 8285.0 1799358.867 nan nan 0.3487 nan nan 242.897 nan nan 
5170000.0 8292.0 1801708.067 nan nan 0.3485 nan nan 249.575 nan nan 
5180000.0 8305.0 1805001.6 nan nan 0.3485 nan nan 249.893 nan nan 
5190000.0 8318.0 1808187.067 nan nan 0.3484 nan nan 251.433 nan nan 
5200000.0 8330.0 1811050.267 nan nan 0.3483 nan nan 250.45 nan nan 
5210000.0 8346.0 1814241.6 nan nan 0.3482 nan nan 232.771 nan nan 
5220000.0 8358.0 1816596.8 nan nan 0.348 nan nan 229.57 nan nan 
5230000.0 8370.0 1819537.8 nan nan 0.3479 nan nan 229.745 nan nan 
5240000.0 8381.0 1822226.867 nan nan 0.3478 nan nan 231.863 nan nan 
5250000.0 8397.0 1825983.867 nan nan 0.3478 nan nan 235.058 nan nan 
5260000.0 8416.0 1830502.267 nan nan 0.348 nan nan 238.198 nan nan 
5270000.0 8429.0 1833774.2 nan nan 0.348 nan nan 237.677 nan nan 
5280000.0 8444.0 1836938.467 nan nan 0.3479 nan nan 233.236 nan nan 
5290000.0 8461.0 1841245.267 nan nan 0.3481 nan nan 237.668 nan nan 
5300000.0 8471.0 1843898.867 nan nan 0.3479 nan nan 244.247 nan nan 
5310000.0 8485.0 1847256.333 nan nan 0.3479 nan nan 244.541 nan nan 
5320000.0 8502.0 1851084.133 nan nan 0.3479 nan nan 239.111 nan nan 
5330000.0 8522.0 1855884.467 nan nan 0.3482 nan nan 239.503 nan nan 
5340000.0 8538.0 1860168.067 nan nan 0.3483 nan nan 243.427 nan nan 
5350000.0 8553.0 1863788.0 nan nan 0.3484 nan nan 246.057 nan nan 
5360000.0 8563.0 1866487.067 nan nan 0.3482 nan nan 247.745 nan nan 
5370000.0 8580.0 1870997.4 nan nan 0.3484 nan nan 255.263 nan nan 
5380000.0 8595.0 1874973.4 nan nan 0.3485 nan nan 259.401 nan nan 
5390000.0 8609.0 1878893.6 nan nan 0.3486 nan nan 262.938 nan nan 
5400000.0 8626.0 1883479.533 nan nan 0.3488 nan nan 263.654 nan nan 
5410000.0 8640.0 1887045.933 nan nan 0.3488 nan nan 261.172 nan nan 
5420000.0 8649.0 1889336.533 nan nan 0.3486 nan nan 263.868 nan nan 
5430000.0 8657.0 1891499.8 nan nan 0.3483 nan nan 262.592 nan nan 
5440000.0 8672.0 1894952.733 nan nan 0.3483 nan nan 256.024 nan nan 
5450000.0 8680.0 1897188.0 nan nan 0.3481 nan nan 254.666 nan nan 
5460000.0 8687.0 1898900.8 nan nan 0.3478 nan nan 258.596 nan nan 
5470000.0 8700.0 1902242.8 nan nan 0.3478 nan nan 257.784 nan nan 
5480000.0 8717.0 1906230.867 nan nan 0.3479 nan nan 250.753 nan nan 
5490000.0 8733.0 1909656.933 nan nan 0.3478 nan nan 238.878 nan nan 
5500000.0 8751.0 1914051.867 nan nan 0.348 nan nan 242.02 nan nan 
5510000.0 8765.0 1918199.133 nan nan 0.3481 nan nan 252.283 nan nan 
5520000.0 8778.0 1921749.4 nan nan 0.3481 nan nan 256.168 nan nan 
5530000.0 8794.0 1925684.467 nan nan 0.3482 nan nan 252.341 nan nan 
5540000.0 8810.0 1929809.067 nan nan 0.3483 nan nan 255.022 nan nan 
5550000.0 8829.0 1934217.4 nan nan 0.3485 nan nan 249.323 nan nan 
5560000.0 8846.0 1938327.933 nan nan 0.3486 nan nan 247.455 nan nan 
5570000.0 8860.0 1941846.533 nan nan 0.3486 nan nan 245.753 nan nan 
5580000.0 8872.0 1944948.933 nan nan 0.3486 nan nan 249.382 nan nan 
5590000.0 8887.0 1948593.6 nan nan 0.3486 nan nan 250.754 nan nan 
5600000.0 8901.0 1952364.4 nan nan 0.3486 nan nan 250.057 nan nan 
5610000.0 8914.0 1955716.133 nan nan 0.3486 nan nan 253.569 nan nan 
5620000.0 8929.0 1959575.867 nan nan 0.3487 nan nan 253.077 nan nan 
5630000.0 8946.0 1963499.933 nan nan 0.3488 nan nan 251.33 nan nan 
5640000.0 8964.0 1967490.533 nan nan 0.3488 nan nan 240.763 nan nan 
5650000.0 8979.0 1970884.8 nan nan 0.3488 nan nan 235.271 nan nan 
5660000.0 8996.0 1975071.733 nan nan 0.349 nan nan 234.92 nan nan 
5670000.0 9012.0 1979408.333 nan nan 0.3491 nan nan 245.133 nan nan 
5680000.0 9029.0 1983942.267 nan nan 0.3493 nan nan 253.073 nan nan 
5690000.0 9044.0 1987556.667 nan nan 0.3493 nan nan 250.388 nan nan 
5700000.0 9059.0 1991435.933 nan nan 0.3494 nan nan 251.896 nan nan 
5710000.0 9072.0 1994937.067 nan nan 0.3494 nan nan 254.471 nan nan 
5720000.0 9081.0 1996748.6 nan nan 0.3491 nan nan 250.378 nan nan 
5730000.0 9096.0 2000815.6 nan nan 0.3492 nan nan 250.843 nan nan 
5740000.0 9106.0 2003175.467 nan nan 0.349 nan nan 248.887 nan nan 
5750000.0 9118.0 2006366.2 nan nan 0.3489 nan nan 251.819 nan nan 
5760000.0 9126.0 2008527.733 nan nan 0.3487 nan nan 256.548 nan nan 
5770000.0 9138.0 2011642.267 nan nan 0.3486 nan nan 256.087 nan nan 
5780000.0 9148.0 2014322.8 nan nan 0.3485 nan nan 256.747 nan nan 
5790000.0 9158.0 2017148.0 nan nan 0.3484 nan nan 263.076 nan nan 
5800000.0 9166.0 2019255.2 nan nan 0.3481 nan nan 263.003 nan nan 
5810000.0 9180.0 2022939.6 nan nan 0.3482 nan nan 262.442 nan nan 
5820000.0 9194.0 2026934.0 nan nan 0.3483 nan nan 268.466 nan nan 
5830000.0 9208.0 2030796.4 nan nan 0.3483 nan nan 268.362 nan nan 
5840000.0 9226.0 2035343.933 nan nan 0.3485 nan nan 265.559 nan nan 
5850000.0 9240.0 2039040.667 nan nan 0.3486 nan nan 263.571 nan nan 
5860000.0 9256.0 2043174.733 nan nan 0.3487 nan nan 264.378 nan nan 
5870000.0 9268.0 2046214.933 nan nan 0.3486 nan nan 259.185 nan nan 
5880000.0 9277.0 2048533.2 nan nan 0.3484 nan nan 263.74 nan nan 
5890000.0 9291.0 2052592.0 nan nan 0.3485 nan nan 267.391 nan nan 
5900000.0 9310.0 2057316.2 nan nan 0.3487 nan nan 257.761 nan nan 
5910000.0 9323.0 2060083.267 nan nan 0.3486 nan nan 251.866 nan nan 
5920000.0 9337.0 2063829.467 nan nan 0.3486 nan nan 254.459 nan nan 
5930000.0 9355.0 2067858.6 nan nan 0.3487 nan nan 246.382 nan nan 
5940000.0 9370.0 2071984.8 nan nan 0.3488 nan nan 252.484 nan nan 
5950000.0 9386.0 2076344.8 nan nan 0.349 nan nan 259.314 nan nan 
5960000.0 9405.0 2080842.533 nan nan 0.3491 nan nan 250.328 nan nan 
5970000.0 9412.0 2082721.0 nan nan 0.3489 nan nan 254.616 nan nan 
5980000.0 9427.0 2086755.067 nan nan 0.349 nan nan 255.683 nan nan 
5990000.0 9442.0 2090616.8 nan nan 0.349 nan nan 256.1 nan nan 
6000000.0 9451.0 2092746.467 nan nan 0.3488 nan nan 251.953 nan nan 
6010000.0 9466.0 2096584.0 nan nan 0.3488 nan nan 254.361 nan nan 
6020000.0 9473.0 2098527.867 nan nan 0.3486 nan nan 254.199 nan nan 
6030000.0 9486.0 2101664.733 nan nan 0.3485 nan nan 254.42 nan nan 
6040000.0 9498.0 2104908.467 nan nan 0.3485 nan nan 256.18 nan nan 
6050000.0 9508.0 2107338.6 nan nan 0.3483 nan nan 254.053 nan nan 
6060000.0 9516.0 2109404.867 nan nan 0.3481 nan nan 253.598 nan nan 
6070000.0 9527.0 2112044.0 nan nan 0.3479 nan nan 251.34 nan nan 
6080000.0 9537.0 2114762.6 nan nan 0.3478 nan nan 253.892 nan nan 
6090000.0 9547.0 2117069.533 nan nan 0.3476 nan nan 251.315 nan nan 
6100000.0 9558.0 2119830.8 nan nan 0.3475 nan nan 247.851 nan nan 
6110000.0 9565.0 2121840.467 nan nan 0.3473 nan nan 253.855 nan nan 
6120000.0 9577.0 2124690.533 nan nan 0.3472 nan nan 255.941 nan nan 
6130000.0 9585.0 2127183.0 nan nan 0.347 nan nan 258.726 nan nan 
6140000.0 9595.0 2129447.2 nan nan 0.3468 nan nan 257.905 nan nan 
6150000.0 9608.0 2133129.0 nan nan 0.3469 nan nan 259.224 nan nan 
6160000.0 9622.0 2136541.4 nan nan 0.3468 nan nan 257.336 nan nan 
6170000.0 9639.0 2140601.8 nan nan 0.3469 nan nan 250.483 nan nan 
6180000.0 9652.0 2143890.0 nan nan 0.3469 nan nan 249.649 nan nan 
6190000.0 9663.0 2146634.2 nan nan 0.3468 nan nan 252.348 nan nan 
6200000.0 9675.0 2149353.8 nan nan 0.3467 nan nan 249.224 nan nan 
6210000.0 9693.0 2153663.267 nan nan 0.3468 nan nan 243.739 nan nan 
6220000.0 9706.0 2157255.467 nan nan 0.3468 nan nan 253.781 nan nan 
6230000.0 9711.0 2158763.733 nan nan 0.3465 nan nan 253.708 nan nan 
6240000.0 9725.0 2162617.533 nan nan 0.3466 nan nan 258.956 nan nan 
6250000.0 9740.0 2166810.867 nan nan 0.3467 nan nan 266.899 nan nan 
6260000.0 9754.0 2170309.333 nan nan 0.3467 nan nan 260.784 nan nan 
6270000.0 9774.0 2174904.067 nan nan 0.3469 nan nan 254.261 nan nan 
6280000.0 9788.0 2178445.0 nan nan 0.3469 nan nan 251.606 nan nan 
6290000.0 9804.0 2182773.267 nan nan 0.347 nan nan 255.317 nan nan 
6300000.0 9822.0 2187233.933 nan nan 0.3472 nan nan 256.551 nan nan 
6310000.0 9834.0 2190762.133 nan nan 0.3472 nan nan 260.337 nan nan 
6320000.0 9850.0 2194857.867 nan nan 0.3473 nan nan 259.742 nan nan 
6330000.0 9867.0 2199280.267 nan nan 0.3474 nan nan 263.287 nan nan 
6340000.0 9884.0 2203594.467 nan nan 0.3476 nan nan 257.9 nan nan 
6350000.0 9902.0 2207854.867 nan nan 0.3477 nan nan 254.578 nan nan 
6360000.0 9919.0 2211995.333 nan nan 0.3478 nan nan 248.876 nan nan 
6370000.0 9934.0 2215844.267 nan nan 0.3479 nan nan 253.363 nan nan 
6380000.0 9951.0 2220269.467 nan nan 0.348 nan nan 253.595 nan nan 
6390000.0 9966.0 2224342.0 nan nan 0.3481 nan nan 259.993 nan nan 
6400000.0 9979.0 2227727.667 nan nan 0.3481 nan nan 259.701 nan nan 
6410000.0 9996.0 2232409.867 nan nan 0.3483 nan nan 263.37 nan nan 
6420000.0 10008.0 2235656.867 nan nan 0.3482 nan nan 264.243 nan nan 
6430000.0 10022.0 2239917.667 nan nan 0.3484 nan nan 270.874 nan nan 
6440000.0 10032.0 2242181.267 nan nan 0.3482 nan nan 263.012 nan nan 
6450000.0 10046.0 2245628.067 nan nan 0.3482 nan nan 259.385 nan nan 
6460000.0 10062.0 2249794.4 nan nan 0.3483 nan nan 258.66 nan nan 
6470000.0 10079.0 2253555.533 nan nan 0.3483 nan nan 249.664 nan nan 
6480000.0 10097.0 2258233.933 nan nan 0.3485 nan nan 253.494 nan nan 
6490000.0 10112.0 2261920.333 nan nan 0.3485 nan nan 251.855 nan nan 
6500000.0 10121.0 2264792.667 nan nan 0.3484 nan nan 259.128 nan nan 
6510000.0 10129.0 2266636.8 nan nan 0.3482 nan nan 257.382 nan nan 
6520000.0 10139.0 2269137.267 nan nan 0.348 nan nan 253.96 nan nan 
6530000.0 10150.0 2271787.6 nan nan 0.3479 nan nan 251.693 nan nan 
6540000.0 10165.0 2275820.8 nan nan 0.348 nan nan 259.604 nan nan 
6550000.0 10176.0 2279373.4 nan nan 0.348 nan nan 267.195 nan nan 
6560000.0 10185.0 2281547.867 nan nan 0.3478 nan nan 266.815 nan nan 
6570000.0 10194.0 2284194.867 nan nan 0.3477 nan nan 266.23 nan nan 
6580000.0 10213.0 2288607.933 nan nan 0.3478 nan nan 260.362 nan nan 
6590000.0 10227.0 2292249.267 nan nan 0.3478 nan nan 259.145 nan nan 
6600000.0 10241.0 2295889.267 nan nan 0.3479 nan nan 255.84 nan nan 
6610000.0 10250.0 2298095.733 nan nan 0.3477 nan nan 259.129 nan nan 
6620000.0 10262.0 2301127.133 nan nan 0.3476 nan nan 253.257 nan nan 
6630000.0 10277.0 2304510.933 nan nan 0.3476 nan nan 247.776 nan nan 
6640000.0 10284.0 2306251.333 nan nan 0.3473 nan nan 249.522 nan nan 
6650000.0 10297.0 2309738.267 nan nan 0.3473 nan nan 252.613 nan nan 
6660000.0 10308.0 2312721.533 nan nan 0.3473 nan nan 254.486 nan nan 
6670000.0 10319.0 2315595.267 nan nan 0.3472 nan nan 255.865 nan nan 
6680000.0 10329.0 2317993.333 nan nan 0.347 nan nan 257.025 nan nan 
6690000.0 10336.0 2319820.933 nan nan 0.3468 nan nan 254.306 nan nan 
6700000.0 10352.0 2323649.733 nan nan 0.3468 nan nan 253.196 nan nan 
6710000.0 10365.0 2327004.133 nan nan 0.3468 nan nan 253.397 nan nan 
6720000.0 10381.0 2331073.667 nan nan 0.3469 nan nan 252.08 nan nan 
6730000.0 10397.0 2335123.6 nan nan 0.347 nan nan 252.839 nan nan 
6740000.0 10413.0 2339038.6 nan nan 0.347 nan nan 247.156 nan nan 
6750000.0 10433.0 2343431.133 nan nan 0.3472 nan nan 238.423 nan nan 
6760000.0 10446.0 2346651.4 nan nan 0.3471 nan nan 239.024 nan nan 
6770000.0 10461.0 2350380.333 nan nan 0.3472 nan nan 243.416 nan nan 
6780000.0 10474.0 2353599.8 nan nan 0.3471 nan nan 246.639 nan nan 
6790000.0 10488.0 2357142.8 nan nan 0.3471 nan nan 244.843 nan nan 
6800000.0 10499.0 2359605.133 nan nan 0.347 nan nan 241.611 nan nan 
6810000.0 10514.0 2363327.4 nan nan 0.347 nan nan 243.134 nan nan 
6820000.0 10529.0 2367426.067 nan nan 0.3471 nan nan 248.46 nan nan 
6830000.0 10545.0 2371488.933 nan nan 0.3472 nan nan 251.751 nan nan 
6840000.0 10561.0 2375896.0 nan nan 0.3474 nan nan 256.397 nan nan 
6850000.0 10577.0 2379926.067 nan nan 0.3474 nan nan 257.109 nan nan 
6860000.0 10592.0 2384028.533 nan nan 0.3475 nan nan 260.206 nan nan 
6870000.0 10609.0 2388325.933 nan nan 0.3476 nan nan 260.912 nan nan 
6880000.0 10623.0 2392509.8 nan nan 0.3477 nan nan 267.964 nan nan 
6890000.0 10640.0 2396961.133 nan nan 0.3479 nan nan 269.415 nan nan 
6900000.0 10656.0 2400962.667 nan nan 0.348 nan nan 260.173 nan nan 
6910000.0 10666.0 2403483.8 nan nan 0.3478 nan nan 262.063 nan nan 
6920000.0 10676.0 2406233.067 nan nan 0.3477 nan nan 264.871 nan nan 
6930000.0 10692.0 2410567.267 nan nan 0.3478 nan nan 264.903 nan nan 
6940000.0 10707.0 2414987.533 nan nan 0.348 nan nan 272.824 nan nan 
6950000.0 10725.0 2419590.533 nan nan 0.3481 nan nan 266.13 nan nan 
6960000.0 10743.0 2424076.0 nan nan 0.3483 nan nan 263.577 nan nan 
6970000.0 10758.0 2427837.533 nan nan 0.3483 nan nan 259.133 nan nan 
6980000.0 10770.0 2430976.067 nan nan 0.3483 nan nan 259.306 nan nan 
6990000.0 10786.0 2435198.4 nan nan 0.3484 nan nan 259.381 nan nan 
7000000.0 10803.0 2439576.067 nan nan 0.3485 nan nan 259.162 nan nan 
7010000.0 10818.0 2443398.533 nan nan 0.3486 nan nan 259.995 nan nan 
7020000.0 10831.0 2447091.267 nan nan 0.3486 nan nan 261.327 nan nan 
7030000.0 10840.0 2449498.733 nan nan 0.3484 nan nan 265.368 nan nan 
7040000.0 10855.0 2453676.067 nan nan 0.3485 nan nan 270.854 nan nan 
7050000.0 10870.0 2458282.467 nan nan 0.3487 nan nan 276.272 nan nan 
7060000.0 10888.0 2462750.2 nan nan 0.3488 nan nan 272.356 nan nan 
7070000.0 10900.0 2466364.533 nan nan 0.3488 nan nan 277.459 nan nan 
7080000.0 10917.0 2470998.2 nan nan 0.349 nan nan 276.484 nan nan 
7090000.0 10935.0 2475805.667 nan nan 0.3492 nan nan 271.56 nan nan 
7100000.0 10955.0 2480535.4 nan nan 0.3494 nan nan 262.065 nan nan 
7110000.0 10971.0 2485313.333 nan nan 0.3496 nan nan 270.032 nan nan 
7120000.0 10984.0 2489414.667 nan nan 0.3496 nan nan 279.551 nan nan 
7130000.0 11001.0 2494290.533 nan nan 0.3498 nan nan 283.079 nan nan 
7140000.0 11017.0 2498996.533 nan nan 0.35 nan nan 287.655 nan nan 
7150000.0 11034.0 2503445.4 nan nan 0.3501 nan nan 277.2 nan nan 
7160000.0 11050.0 2507874.2 nan nan 0.3503 nan nan 276.283 nan nan 
7170000.0 11067.0 2511981.067 nan nan 0.3503 nan nan 269.201 nan nan 
7180000.0 11086.0 2516297.2 nan nan 0.3505 nan nan 257.906 nan nan 
7190000.0 11100.0 2520766.867 nan nan 0.3506 nan nan 268.545 nan nan 
7200000.0 11114.0 2525060.267 nan nan 0.3507 nan nan 277.795 nan nan 
7210000.0 11132.0 2529728.667 nan nan 0.3509 nan nan 273.253 nan nan 
7220000.0 11147.0 2533933.067 nan nan 0.351 nan nan 272.696 nan nan 
7230000.0 11164.0 2538419.067 nan nan 0.3511 nan nan 271.949 nan nan 
7240000.0 11178.0 2542157.4 nan nan 0.3511 nan nan 271.058 nan nan 
7250000.0 11193.0 2546106.133 nan nan 0.3512 nan nan 267.315 nan nan 
7260000.0 11207.0 2550073.267 nan nan 0.3512 nan nan 272.706 nan nan 
7270000.0 11223.0 2554413.667 nan nan 0.3514 nan nan 272.635 nan nan 
7280000.0 11233.0 2557195.2 nan nan 0.3513 nan nan 273.738 nan nan 
7290000.0 11245.0 2560195.133 nan nan 0.3512 nan nan 270.508 nan nan 
7300000.0 11262.0 2564575.933 nan nan 0.3513 nan nan 265.644 nan nan 
7310000.0 11276.0 2567923.667 nan nan 0.3513 nan nan 256.994 nan nan 
7320000.0 11288.0 2571503.4 nan nan 0.3513 nan nan 266.004 nan nan 
7330000.0 11296.0 2573855.333 nan nan 0.3511 nan nan 270.22 nan nan 
7340000.0 11310.0 2577174.533 nan nan 0.3511 nan nan 265.669 nan nan 
7350000.0 11326.0 2581808.267 nan nan 0.3513 nan nan 270.083 nan nan 
7360000.0 11342.0 2586435.067 nan nan 0.3514 nan nan 274.531 nan nan 
7370000.0 11355.0 2590028.933 nan nan 0.3514 nan nan 273.87 nan nan 
7380000.0 11363.0 2591739.867 nan nan 0.3512 nan nan 269.817 nan nan 
7390000.0 11377.0 2595132.467 nan nan 0.3512 nan nan 261.968 nan nan 
7400000.0 11388.0 2597902.733 nan nan 0.3511 nan nan 259.712 nan nan 
7410000.0 11403.0 2602291.2 nan nan 0.3512 nan nan 267.029 nan nan 
7420000.0 11419.0 2606648.467 nan nan 0.3513 nan nan 269.229 nan nan 
7430000.0 11435.0 2611069.467 nan nan 0.3514 nan nan 269.758 nan nan 
7440000.0 11451.0 2615379.467 nan nan 0.3515 nan nan 269.642 nan nan 
7450000.0 11470.0 2620054.067 nan nan 0.3517 nan nan 262.565 nan nan 
7460000.0 11487.0 2624461.867 nan nan 0.3518 nan nan 260.382 nan nan 
7470000.0 11506.0 2629135.133 nan nan 0.352 nan nan 257.071 nan nan 
7480000.0 11525.0 2633761.6 nan nan 0.3521 nan nan 255.647 nan nan 
7490000.0 11541.0 2638262.467 nan nan 0.3522 nan nan 262.526 nan nan 
7500000.0 11555.0 2642137.933 nan nan 0.3523 nan nan 262.717 nan nan 
7510000.0 11569.0 2645442.533 nan nan 0.3523 nan nan 257.775 nan nan 
7520000.0 11578.0 2647852.4 nan nan 0.3521 nan nan 257.726 nan nan 
7530000.0 11586.0 2649820.867 nan nan 0.3519 nan nan 257.472 nan nan 
7540000.0 11599.0 2653303.067 nan nan 0.3519 nan nan 258.94 nan nan 
7550000.0 11610.0 2656437.733 nan nan 0.3518 nan nan 263.984 nan nan 
7560000.0 11624.0 2660427.0 nan nan 0.3519 nan nan 268.849 nan nan 
7570000.0 11642.0 2665303.0 nan nan 0.3521 nan nan 273.069 nan nan 
7580000.0 11659.0 2670067.933 nan nan 0.3523 nan nan 274.682 nan nan 
7590000.0 11664.0 2671385.133 nan nan 0.352 nan nan 272.822 nan nan 
7600000.0 11677.0 2674593.467 nan nan 0.3519 nan nan 268.264 nan nan 
7610000.0 11694.0 2679301.0 nan nan 0.3521 nan nan 270.132 nan nan 
7620000.0 11713.0 2683992.467 nan nan 0.3522 nan nan 265.137 nan nan 
7630000.0 11727.0 2687908.133 nan nan 0.3523 nan nan 265.991 nan nan 
7640000.0 11744.0 2692259.8 nan nan 0.3524 nan nan 264.629 nan nan 
7650000.0 11761.0 2696254.733 nan nan 0.3525 nan nan 254.836 nan nan 
7660000.0 11775.0 2700607.333 nan nan 0.3526 nan nan 268.341 nan nan 
7670000.0 11795.0 2705370.333 nan nan 0.3527 nan nan 259.944 nan nan 
7680000.0 11811.0 2709912.867 nan nan 0.3529 nan nan 264.58 nan nan 
7690000.0 11828.0 2714178.933 nan nan 0.3529 nan nan 262.865 nan nan 
7700000.0 11844.0 2718387.0 nan nan 0.353 nan nan 262.915 nan nan 
7710000.0 11860.0 2722858.733 nan nan 0.3532 nan nan 265.399 nan nan 
7720000.0 11872.0 2726431.933 nan nan 0.3532 nan nan 271.367 nan nan 
7730000.0 11889.0 2730900.533 nan nan 0.3533 nan nan 269.101 nan nan 
7740000.0 11906.0 2735426.467 nan nan 0.3534 nan nan 271.931 nan nan 
7750000.0 11922.0 2739719.267 nan nan 0.3535 nan nan 271.161 nan nan 
7760000.0 11938.0 2744287.333 nan nan 0.3536 nan nan 273.745 nan nan 
7770000.0 11947.0 2746890.333 nan nan 0.3535 nan nan 273.785 nan nan 
7780000.0 11962.0 2750721.667 nan nan 0.3536 nan nan 270.635 nan nan 
7790000.0 11974.0 2753760.867 nan nan 0.3535 nan nan 268.62 nan nan 
7800000.0 11990.0 2758302.2 nan nan 0.3536 nan nan 272.396 nan nan 
7810000.0 12002.0 2762094.067 nan nan 0.3537 nan nan 278.401 nan nan 
7820000.0 12016.0 2765856.733 nan nan 0.3537 nan nan 276.393 nan nan 
7830000.0 12033.0 2770214.933 nan nan 0.3538 nan nan 272.554 nan nan 
7840000.0 12049.0 2774477.533 nan nan 0.3539 nan nan 272.7 nan nan 
7850000.0 12061.0 2778047.333 nan nan 0.3539 nan nan 274.082 nan nan 
7860000.0 12073.0 2781334.4 nan nan 0.3539 nan nan 272.64 nan nan 
7870000.0 12090.0 2785890.6 nan nan 0.354 nan nan 271.739 nan nan 
7880000.0 12105.0 2790028.867 nan nan 0.3541 nan nan 274.365 nan nan 
7890000.0 12119.0 2793961.867 nan nan 0.3541 nan nan 273.743 nan nan 
7900000.0 12134.0 2798000.933 nan nan 0.3542 nan nan 275.537 nan nan 
7910000.0 12148.0 2801834.467 nan nan 0.3542 nan nan 274.978 nan nan 
7920000.0 12162.0 2805526.6 nan nan 0.3542 nan nan 272.248 nan nan 
7930000.0 12177.0 2809071.733 nan nan 0.3542 nan nan 263.528 nan nan 
7940000.0 12192.0 2813118.133 nan nan 0.3543 nan nan 262.64 nan nan 
7950000.0 12201.0 2815390.667 nan nan 0.3541 nan nan 259.844 nan nan 
7960000.0 12217.0 2818867.333 nan nan 0.3541 nan nan 250.602 nan nan 
7970000.0 12235.0 2822797.0 nan nan 0.3542 nan nan 239.324 nan nan 
7980000.0 12257.0 2827670.0 nan nan 0.3543 nan nan 234.215 nan nan 
7990000.0 12275.0 2832463.867 nan nan 0.3545 nan nan 246.263 nan nan 
8000000.0 12285.0 2835337.8 nan nan 0.3544 nan nan 255.143 nan nan 
8010000.0 12298.0 2839041.867 nan nan 0.3544 nan nan 261.302 nan nan 
8020000.0 12311.0 2842579.533 nan nan 0.3544 nan nan 262.653 nan nan 
8030000.0 12330.0 2847094.4 nan nan 0.3546 nan nan 254.482 nan nan 
8040000.0 12346.0 2851027.333 nan nan 0.3546 nan nan 249.122 nan nan 
8050000.0 12358.0 2854064.2 nan nan 0.3545 nan nan 249.284 nan nan 
8060000.0 12368.0 2856719.467 nan nan 0.3544 nan nan 254.128 nan nan 
8070000.0 12386.0 2861020.2 nan nan 0.3545 nan nan 246.693 nan nan 
8080000.0 12405.0 2865393.733 nan nan 0.3546 nan nan 245.048 nan nan 
8090000.0 12418.0 2868554.6 nan nan 0.3546 nan nan 243.582 nan nan 
8100000.0 12429.0 2871924.867 nan nan 0.3546 nan nan 253.333 nan nan 
8110000.0 12443.0 2875809.0 nan nan 0.3546 nan nan 261.053 nan nan 
8120000.0 12459.0 2880132.867 nan nan 0.3547 nan nan 265.041 nan nan 
8130000.0 12472.0 2883641.4 nan nan 0.3547 nan nan 266.036 nan nan 
8140000.0 12485.0 2887488.267 nan nan 0.3547 nan nan 271.564 nan nan 
8150000.0 12504.0 2892267.067 nan nan 0.3549 nan nan 264.906 nan nan 
8160000.0 12523.0 2897144.4 nan nan 0.355 nan nan 264.393 nan nan 
8170000.0 12540.0 2901574.4 nan nan 0.3551 nan nan 262.717 nan nan 
8180000.0 12559.0 2906179.467 nan nan 0.3553 nan nan 256.597 nan nan 
8190000.0 12574.0 2909854.933 nan nan 0.3553 nan nan 255.914 nan nan 
8200000.0 12590.0 2914292.6 nan nan 0.3554 nan nan 260.364 nan nan 
8210000.0 12601.0 2917212.333 nan nan 0.3553 nan nan 258.56 nan nan 
8220000.0 12619.0 2921824.8 nan nan 0.3555 nan nan 257.865 nan nan 
8230000.0 12636.0 2926179.267 nan nan 0.3556 nan nan 258.847 nan nan 
8240000.0 12655.0 2930828.8 nan nan 0.3557 nan nan 254.808 nan nan 
8250000.0 12668.0 2933960.0 nan nan 0.3556 nan nan 249.69 nan nan 
8260000.0 12679.0 2937100.067 nan nan 0.3556 nan nan 254.529 nan nan 
8270000.0 12688.0 2939639.333 nan nan 0.3555 nan nan 260.979 nan nan 
8280000.0 12700.0 2943089.667 nan nan 0.3554 nan nan 268.333 nan nan 
8290000.0 12710.0 2945917.2 nan nan 0.3554 nan nan 267.362 nan nan 
8300000.0 12729.0 2950566.8 nan nan 0.3555 nan nan 263.079 nan nan 
8310000.0 12747.0 2954758.133 nan nan 0.3556 nan nan 251.557 nan nan 
8320000.0 12763.0 2958637.2 nan nan 0.3556 nan nan 249.96 nan nan 
8330000.0 12777.0 2962834.4 nan nan 0.3557 nan nan 259.64 nan nan 
8340000.0 12790.0 2966467.667 nan nan 0.3557 nan nan 263.306 nan nan 
8350000.0 12807.0 2970981.733 nan nan 0.3558 nan nan 263.695 nan nan 
8360000.0 12822.0 2975054.067 nan nan 0.3559 nan nan 266.274 nan nan 
8370000.0 12839.0 2979114.533 nan nan 0.3559 nan nan 258.608 nan nan 
8380000.0 12856.0 2983423.533 nan nan 0.356 nan nan 259.224 nan nan 
8390000.0 12875.0 2988080.333 nan nan 0.3561 nan nan 254.183 nan nan 
8400000.0 12890.0 2991898.0 nan nan 0.3562 nan nan 252.023 nan nan 
8410000.0 12901.0 2994699.6 nan nan 0.3561 nan nan 255.114 nan nan 
8420000.0 12912.0 2997912.867 nan nan 0.356 nan nan 259.163 nan nan 
8430000.0 12928.0 3001646.267 nan nan 0.3561 nan nan 253.21 nan nan 
8440000.0 12945.0 3005880.0 nan nan 0.3561 nan nan 253.082 nan nan 
8450000.0 12963.0 3010064.8 nan nan 0.3562 nan nan 245.626 nan nan 
8460000.0 12980.0 3014285.733 nan nan 0.3563 nan nan 248.519 nan nan 
8470000.0 12996.0 3018356.667 nan nan 0.3564 nan nan 250.37 nan nan 
8480000.0 13013.0 3022530.6 nan nan 0.3564 nan nan 246.383 nan nan 
8490000.0 13026.0 3025921.533 nan nan 0.3564 nan nan 247.026 nan nan 
8500000.0 13037.0 3028813.333 nan nan 0.3563 nan nan 252.02 nan nan 
8510000.0 13057.0 3033494.533 nan nan 0.3565 nan nan 246.84 nan nan 
8520000.0 13075.0 3037590.667 nan nan 0.3565 nan nan 241.483 nan nan 
8530000.0 13094.0 3042338.667 nan nan 0.3567 nan nan 243.702 nan nan 
8540000.0 13109.0 3045866.8 nan nan 0.3567 nan nan 242.581 nan nan 
8550000.0 13124.0 3049831.267 nan nan 0.3567 nan nan 246.343 nan nan 
8560000.0 13138.0 3053713.2 nan nan 0.3567 nan nan 252.673 nan nan 
8570000.0 13157.0 3058070.067 nan nan 0.3568 nan nan 248.908 nan nan 
8580000.0 13173.0 3062198.0 nan nan 0.3569 nan nan 252.746 nan nan 
8590000.0 13187.0 3066057.133 nan nan 0.3569 nan nan 257.83 nan nan 
8600000.0 13203.0 3070583.4 nan nan 0.357 nan nan 261.507 nan nan 
8610000.0 13220.0 3074552.467 nan nan 0.3571 nan nan 254.615 nan nan 
8620000.0 13234.0 3078485.267 nan nan 0.3571 nan nan 261.205 nan nan 
8630000.0 13250.0 3082774.533 nan nan 0.3572 nan nan 260.838 nan nan 
8640000.0 13265.0 3086703.133 nan nan 0.3573 nan nan 262.734 nan nan 
8650000.0 13281.0 3090963.467 nan nan 0.3573 nan nan 264.507 nan nan 
8660000.0 13295.0 3094971.467 nan nan 0.3574 nan nan 271.141 nan nan 
8670000.0 13305.0 3097942.4 nan nan 0.3573 nan nan 271.111 nan nan 
8680000.0 13322.0 3102261.067 nan nan 0.3574 nan nan 268.748 nan nan 
8690000.0 13337.0 3106860.2 nan nan 0.3575 nan nan 277.502 nan nan 
8700000.0 13351.0 3110867.933 nan nan 0.3576 nan nan 279.186 nan nan 
8710000.0 13366.0 3115120.6 nan nan 0.3576 nan nan 278.313 nan nan 
8720000.0 13383.0 3119756.267 nan nan 0.3578 nan nan 277.674 nan nan 
8730000.0 13395.0 3122951.133 nan nan 0.3577 nan nan 278.579 nan nan 
8740000.0 13406.0 3126297.267 nan nan 0.3577 nan nan 280.758 nan nan 
8750000.0 13423.0 3131092.667 nan nan 0.3578 nan nan 282.88 nan nan 
8760000.0 13437.0 3134777.533 nan nan 0.3579 nan nan 277.61 nan nan 
8770000.0 13452.0 3139100.133 nan nan 0.3579 nan nan 277.197 nan nan 
8780000.0 13470.0 3143562.2 nan nan 0.358 nan nan 269.898 nan nan 
8790000.0 13487.0 3148092.467 nan nan 0.3581 nan nan 266.352 nan nan 
8800000.0 13502.0 3152068.0 nan nan 0.3582 nan nan 270.576 nan nan 
8810000.0 13514.0 3155469.333 nan nan 0.3582 nan nan 273.709 nan nan 
8820000.0 13530.0 3160016.267 nan nan 0.3583 nan nan 273.761 nan nan 
8830000.0 13545.0 3164417.467 nan nan 0.3584 nan nan 281.148 nan nan 
8840000.0 13559.0 3168581.867 nan nan 0.3584 nan nan 281.289 nan nan 
8850000.0 13574.0 3172229.733 nan nan 0.3584 nan nan 273.747 nan nan 
8860000.0 13583.0 3174744.267 nan nan 0.3583 nan nan 272.864 nan nan 
8870000.0 13597.0 3178290.333 nan nan 0.3583 nan nan 268.24 nan nan 
8880000.0 13614.0 3182444.8 nan nan 0.3584 nan nan 262.626 nan nan 
8890000.0 13630.0 3186931.2 nan nan 0.3585 nan nan 268.209 nan nan 
8900000.0 13643.0 3190712.2 nan nan 0.3585 nan nan 274.266 nan nan 
8910000.0 13658.0 3195049.266 nan nan 0.3586 nan nan 278.511 nan nan 
8920000.0 13673.0 3199072.266 nan nan 0.3586 nan nan 272.669 nan nan 
8930000.0 13684.0 3201661.666 nan nan 0.3585 nan nan 267.774 nan nan 
8940000.0 13694.0 3204365.6 nan nan 0.3584 nan nan 267.805 nan nan 
8950000.0 13710.0 3208499.6 nan nan 0.3585 nan nan 262.625 nan nan 
8960000.0 13727.0 3212991.266 nan nan 0.3586 nan nan 262.456 nan nan 
8970000.0 13745.0 3217924.266 nan nan 0.3587 nan nan 266.998 nan nan 
8980000.0 13760.0 3222444.133 nan nan 0.3588 nan nan 276.245 nan nan 
8990000.0 13777.0 3226412.4 nan nan 0.3589 nan nan 266.338 nan nan 
9000000.0 13792.0 3230357.466 nan nan 0.3589 nan nan 264.754 nan nan 
9010000.0 13812.0 3234615.466 nan nan 0.359 nan nan 243.294 nan nan 
9020000.0 13829.0 3238468.466 nan nan 0.359 nan nan 238.818 nan nan 
9030000.0 13844.0 3241610.6 nan nan 0.359 nan nan 235.241 nan nan 
9040000.0 13861.0 3245621.8 nan nan 0.359 nan nan 233.092 nan nan 
9050000.0 13877.0 3249840.6 nan nan 0.3591 nan nan 242.642 nan nan 
9060000.0 13894.0 3254209.2 nan nan 0.3592 nan nan 244.105 nan nan 
9070000.0 13905.0 3257424.133 nan nan 0.3591 nan nan 251.503 nan nan 
9080000.0 13923.0 3262017.866 nan nan 0.3593 nan nan 256.722 nan nan 
9090000.0 13938.0 3266372.8 nan nan 0.3593 nan nan 262.694 nan nan 
9100000.0 13953.0 3270331.8 nan nan 0.3594 nan nan 263.236 nan nan 
9110000.0 13970.0 3274385.6 nan nan 0.3594 nan nan 257.027 nan nan 
9120000.0 13989.0 3278667.133 nan nan 0.3595 nan nan 248.319 nan nan 
9130000.0 14004.0 3282652.733 nan nan 0.3595 nan nan 250.522 nan nan 
9140000.0 14021.0 3286790.333 nan nan 0.3596 nan nan 247.319 nan nan 
9150000.0 14037.0 3290156.333 nan nan 0.3596 nan nan 236.107 nan nan 
9160000.0 14053.0 3293774.933 nan nan 0.3596 nan nan 233.145 nan nan 
9170000.0 14070.0 3297823.333 nan nan 0.3596 nan nan 236.453 nan nan 
9180000.0 14080.0 3300718.2 nan nan 0.3596 nan nan 244.282 nan nan 
9190000.0 14095.0 3304659.933 nan nan 0.3596 nan nan 249.904 nan nan 
9200000.0 14104.0 3307043.4 nan nan 0.3595 nan nan 249.607 nan nan 
9210000.0 14119.0 3311156.866 nan nan 0.3595 nan nan 257.261 nan nan 
9220000.0 14128.0 3313855.0 nan nan 0.3594 nan nan 265.784 nan nan 
9230000.0 14144.0 3318020.0 nan nan 0.3595 nan nan 262.486 nan nan 
9240000.0 14161.0 3322378.733 nan nan 0.3596 nan nan 263.845 nan nan 
9250000.0 14178.0 3326833.2 nan nan 0.3597 nan nan 263.167 nan nan 
9260000.0 14192.0 3330694.0 nan nan 0.3597 nan nan 263.711 nan nan 
9270000.0 14201.0 3333491.333 nan nan 0.3596 nan nan 271.716 nan nan 
9280000.0 14217.0 3337841.933 nan nan 0.3597 nan nan 275.388 nan nan 
9290000.0 14229.0 3341529.4 nan nan 0.3597 nan nan 278.305 nan nan 
9300000.0 14243.0 3345374.8 nan nan 0.3597 nan nan 279.44 nan nan 
9310000.0 14259.0 3349948.866 nan nan 0.3598 nan nan 282.016 nan nan 
9320000.0 14276.0 3354406.333 nan nan 0.3599 nan nan 278.193 nan nan 
9330000.0 14293.0 3358795.2 nan nan 0.36 nan nan 272.803 nan nan 
9340000.0 14311.0 3363090.733 nan nan 0.3601 nan nan 259.296 nan nan 
9350000.0 14328.0 3367322.533 nan nan 0.3601 nan nan 256.387 nan nan 
9360000.0 14343.0 3371202.466 nan nan 0.3602 nan nan 256.556 nan nan 
9370000.0 14359.0 3375623.8 nan nan 0.3603 nan nan 259.477 nan nan 
9380000.0 14374.0 3379665.6 nan nan 0.3603 nan nan 264.287 nan nan 
9390000.0 14393.0 3384496.533 nan nan 0.3604 nan nan 259.762 nan nan 
9400000.0 14408.0 3388437.666 nan nan 0.3605 nan nan 258.419 nan nan 
9410000.0 14420.0 3391306.933 nan nan 0.3604 nan nan 259.2 nan nan 
9420000.0 14437.0 3395368.333 nan nan 0.3604 nan nan 247.888 nan nan 
9430000.0 14447.0 3398610.866 nan nan 0.3604 nan nan 260.992 nan nan 
9440000.0 14460.0 3401933.0 nan nan 0.3604 nan nan 261.23 nan nan 
9450000.0 14476.0 3406055.8 nan nan 0.3604 nan nan 264.101 nan nan 
9460000.0 14491.0 3410489.333 nan nan 0.3605 nan nan 268.698 nan nan 
9470000.0 14504.0 3414133.933 nan nan 0.3605 nan nan 270.336 nan nan 
9480000.0 14521.0 3418312.066 nan nan 0.3606 nan nan 267.264 nan nan 
9490000.0 14541.0 3423281.066 nan nan 0.3607 nan nan 258.746 nan nan 
9500000.0 14559.0 3428171.8 nan nan 0.3609 nan nan 265.795 nan nan 
9510000.0 14576.0 3432962.866 nan nan 0.361 nan nan 266.313 nan nan 
9520000.0 14591.0 3437037.866 nan nan 0.361 nan nan 266.928 nan nan 
9530000.0 14608.0 3441702.866 nan nan 0.3611 nan nan 270.135 nan nan 
9540000.0 14625.0 3446260.866 nan nan 0.3612 nan nan 269.775 nan nan 
9550000.0 14639.0 3449937.2 nan nan 0.3612 nan nan 265.327 nan nan 
9560000.0 14657.0 3454448.266 nan nan 0.3613 nan nan 265.703 nan nan 
9570000.0 14675.0 3459320.4 nan nan 0.3615 nan nan 264.662 nan nan 
9580000.0 14692.0 3463652.6 nan nan 0.3616 nan nan 262.641 nan nan 
9590000.0 14706.0 3467251.866 nan nan 0.3615 nan nan 261.972 nan nan 
9600000.0 14724.0 3472027.266 nan nan 0.3617 nan nan 262.445 nan nan 
9610000.0 14737.0 3475817.2 nan nan 0.3617 nan nan 265.788 nan nan 
9620000.0 14756.0 3480646.866 nan nan 0.3618 nan nan 266.279 nan nan 
9630000.0 14770.0 3484618.133 nan nan 0.3619 nan nan 269.07 nan nan 
9640000.0 14787.0 3489147.733 nan nan 0.3619 nan nan 266.61 nan nan 
9650000.0 14800.0 3492931.0 nan nan 0.362 nan nan 274.66 nan nan 
9660000.0 14812.0 3496496.066 nan nan 0.362 nan nan 276.504 nan nan 
9670000.0 14829.0 3501001.0 nan nan 0.362 nan nan 273.993 nan nan 
9680000.0 14840.0 3504148.0 nan nan 0.362 nan nan 276.84 nan nan 
9690000.0 14851.0 3506966.133 nan nan 0.3619 nan nan 272.231 nan nan 
9700000.0 14866.0 3511047.0 nan nan 0.362 nan nan 274.149 nan nan 
9710000.0 14882.0 3515370.533 nan nan 0.362 nan nan 273.895 nan nan 
9720000.0 14898.0 3519657.733 nan nan 0.3621 nan nan 273.175 nan nan 
9730000.0 14915.0 3524102.133 nan nan 0.3622 nan nan 268.549 nan nan 
9740000.0 14930.0 3527677.666 nan nan 0.3622 nan nan 262.549 nan nan 
9750000.0 14944.0 3531267.0 nan nan 0.3622 nan nan 258.132 nan nan 
9760000.0 14957.0 3534815.4 nan nan 0.3622 nan nan 260.899 nan nan 
9770000.0 14976.0 3539126.466 nan nan 0.3622 nan nan 252.821 nan nan 
9780000.0 14989.0 3542766.733 nan nan 0.3622 nan nan 256.989 nan nan 
9790000.0 15007.0 3547299.066 nan nan 0.3623 nan nan 258.457 nan nan 
9800000.0 15026.0 3551840.8 nan nan 0.3624 nan nan 251.385 nan nan 
9810000.0 15040.0 3556022.6 nan nan 0.3625 nan nan 264.42 nan nan 
9820000.0 15054.0 3560578.4 nan nan 0.3626 nan nan 276.421 nan nan 
9830000.0 15064.0 3563423.133 nan nan 0.3625 nan nan 279.319 nan nan 
9840000.0 15081.0 3568108.6 nan nan 0.3626 nan nan 277.189 nan nan 
9850000.0 15099.0 3572666.2 nan nan 0.3627 nan nan 270.858 nan nan 
9860000.0 15118.0 3577460.066 nan nan 0.3628 nan nan 265.399 nan nan 
9870000.0 15137.0 3582106.0 nan nan 0.3629 nan nan 257.621 nan nan 
9880000.0 15152.0 3586315.6 nan nan 0.363 nan nan 262.765 nan nan 
9890000.0 15165.0 3590290.133 nan nan 0.363 nan nan 273.454 nan nan 
9900000.0 15179.0 3594072.133 nan nan 0.363 nan nan 276.498 nan nan 
9910000.0 15194.0 3598528.8 nan nan 0.3631 nan nan 277.705 nan nan 
9920000.0 15211.0 3603164.333 nan nan 0.3632 nan nan 280.32 nan nan 
9930000.0 15228.0 3607691.733 nan nan 0.3633 nan nan 274.173 nan nan 
9940000.0 15243.0 3611830.266 nan nan 0.3634 nan nan 273.512 nan nan 
9950000.0 15258.0 3616041.733 nan nan 0.3634 nan nan 274.297 nan nan 
9960000.0 15269.0 3619093.6 nan nan 0.3634 nan nan 273.881 nan nan 
9970000.0 15285.0 3623363.6 nan nan 0.3634 nan nan 276.041 nan nan 
9980000.0 15299.0 3627420.133 nan nan 0.3635 nan nan 275.366 nan nan 
9990000.0 15313.0 3631430.733 nan nan 0.3635 nan nan 278.552 nan nan 
10000000.0 15327.0 3635017.866 nan nan 0.3635 nan nan 277.863 nan nan 
