10000.0 3.0 14.333 nan nan 0.0014 nan nan 0.156 nan nan 
20000.0 7.0 16.8 nan nan 0.0008 nan nan 0.314 nan nan 
30000.0 11.0 36.667 nan nan 0.0012 nan nan 0.605 nan nan 
40000.0 25.0 240.867 nan nan 0.006 nan nan 3.935 nan nan 
50000.0 53.0 1204.4 nan nan 0.0241 nan nan 17.976 nan nan 
60000.0 73.0 2248.467 nan nan 0.0375 nan nan 28.48 nan nan 
70000.0 88.0 2955.267 nan nan 0.0422 nan nan 33.491 nan nan 
80000.0 102.0 3778.267 nan nan 0.0472 nan nan 39.462 nan nan 
90000.0 123.0 4951.0 nan nan 0.055 nan nan 44.872 nan nan 
100000.0 143.0 6041.867 nan nan 0.0604 nan nan 48.775 nan nan 
110000.0 165.0 7415.867 nan nan 0.0674 nan nan 52.818 nan nan 
120000.0 176.0 8170.667 nan nan 0.0681 nan nan 56.203 nan nan 
130000.0 189.0 9247.8 nan nan 0.0711 nan nan 62.6 nan nan 
140000.0 208.0 10686.667 nan nan 0.0763 nan nan 66.333 nan nan 
150000.0 225.0 11838.2 nan nan 0.0789 nan nan 67.412 nan nan 
160000.0 248.0 13287.267 nan nan 0.083 nan nan 65.509 nan nan 
170000.0 271.0 14867.867 nan nan 0.0875 nan nan 65.802 nan nan 
180000.0 286.0 16065.467 nan nan 0.0893 nan nan 69.587 nan nan 
190000.0 305.0 17621.867 nan nan 0.0927 nan nan 74.106 nan nan 
200000.0 329.0 18941.8 nan nan 0.0947 nan nan 66.835 nan nan 
210000.0 359.0 20423.067 nan nan 0.0973 nan nan 58.84 nan nan 
220000.0 389.0 22027.067 nan nan 0.1001 nan nan 55.502 nan nan 
230000.0 420.0 23676.867 nan nan 0.1029 nan nan 54.033 nan nan 
240000.0 468.0 26103.333 nan nan 0.1088 nan nan 52.957 nan nan 
250000.0 520.0 28733.4 nan nan 0.1149 nan nan 50.652 nan nan 
260000.0 584.0 31782.733 nan nan 0.1222 nan nan 48.677 nan nan 
270000.0 620.0 34678.667 nan nan 0.1284 nan nan 65.216 nan nan 
280000.0 650.0 37476.667 nan nan 0.1338 nan nan 77.72 nan nan 
290000.0 678.0 40192.0 nan nan 0.1386 nan nan 86.735 nan nan 
300000.0 707.0 42954.267 nan nan 0.1432 nan nan 90.158 nan nan 
310000.0 728.0 45217.933 nan nan 0.1459 nan nan 97.74 nan nan 
320000.0 757.0 48177.067 nan nan 0.1506 nan nan 100.751 nan nan 
330000.0 786.0 51489.067 nan nan 0.156 nan nan 105.856 nan nan 
340000.0 816.0 54646.067 nan nan 0.1607 nan nan 105.734 nan nan 
350000.0 843.0 57681.2 nan nan 0.1648 nan nan 107.411 nan nan 
360000.0 872.0 60970.467 nan nan 0.1694 nan nan 112.198 nan nan 
370000.0 888.0 63295.867 nan nan 0.1711 nan nan 121.277 nan nan 
380000.0 917.0 66545.267 nan nan 0.1751 nan nan 118.564 nan nan 
390000.0 943.0 69753.2 nan nan 0.1789 nan nan 118.322 nan nan 
400000.0 966.0 72558.133 nan nan 0.1814 nan nan 119.869 nan nan 
410000.0 981.0 74268.467 nan nan 0.1811 nan nan 117.801 nan nan 
420000.0 999.0 76533.8 nan nan 0.1822 nan nan 120.781 nan nan 
430000.0 1021.0 79419.933 nan nan 0.1847 nan nan 125.796 nan nan 
440000.0 1035.0 81763.533 nan nan 0.1858 nan nan 134.163 nan nan 
450000.0 1047.0 83962.667 nan nan 0.1866 nan nan 143.268 nan nan 
460000.0 1062.0 86343.133 nan nan 0.1877 nan nan 150.695 nan nan 
470000.0 1073.0 88438.6 nan nan 0.1882 nan nan 155.927 nan nan 
480000.0 1082.0 89926.933 nan nan 0.1873 nan nan 157.434 nan nan 
490000.0 1098.0 92543.733 nan nan 0.1889 nan nan 159.591 nan nan 
500000.0 1116.0 95472.933 nan nan 0.1909 nan nan 162.193 nan nan 
510000.0 1131.0 98495.6 nan nan 0.1931 nan nan 169.903 nan nan 
520000.0 1144.0 100916.2 nan nan 0.1941 nan nan 174.701 nan nan 
530000.0 1162.0 103869.067 nan nan 0.196 nan nan 169.973 nan nan 
540000.0 1179.0 106963.933 nan nan 0.1981 nan nan 176.289 nan nan 
550000.0 1196.0 110342.733 nan nan 0.2006 nan nan 179.604 nan nan 
560000.0 1214.0 113621.6 nan nan 0.2029 nan nan 180.805 nan nan 
570000.0 1232.0 116783.333 nan nan 0.2049 nan nan 182.473 nan nan 
580000.0 1245.0 119550.533 nan nan 0.2061 nan nan 187.203 nan nan 
590000.0 1256.0 121815.933 nan nan 0.2065 nan nan 191.691 nan nan 
600000.0 1267.0 124259.4 nan nan 0.2071 nan nan 196.114 nan nan 
610000.0 1281.0 127251.667 nan nan 0.2086 nan nan 201.287 nan nan 
620000.0 1294.0 129859.6 nan nan 0.2095 nan nan 200.471 nan nan 
630000.0 1313.0 133274.933 nan nan 0.2115 nan nan 194.78 nan nan 
640000.0 1323.0 135522.667 nan nan 0.2118 nan nan 198.776 nan nan 
650000.0 1343.0 138978.8 nan nan 0.2138 nan nan 192.326 nan nan 
660000.0 1360.0 142433.333 nan nan 0.2158 nan nan 193.424 nan nan 
670000.0 1381.0 145456.6 nan nan 0.2171 nan nan 177.77 nan nan 
680000.0 1394.0 148442.8 nan nan 0.2183 nan nan 186.129 nan nan 
690000.0 1412.0 151804.8 nan nan 0.22 nan nan 188.995 nan nan 
700000.0 1432.0 155486.933 nan nan 0.2221 nan nan 186.86 nan nan 
710000.0 1449.0 158270.733 nan nan 0.2229 nan nan 181.789 nan nan 
720000.0 1464.0 161489.133 nan nan 0.2243 nan nan 187.668 nan nan 
730000.0 1483.0 165287.133 nan nan 0.2264 nan nan 191.367 nan nan 
740000.0 1504.0 169242.467 nan nan 0.2287 nan nan 189.95 nan nan 
750000.0 1523.0 172654.467 nan nan 0.2302 nan nan 186.286 nan nan 
760000.0 1540.0 176370.533 nan nan 0.2321 nan nan 194.92 nan nan 
770000.0 1565.0 180851.867 nan nan 0.2349 nan nan 188.535 nan nan 
780000.0 1589.0 185293.0 nan nan 0.2376 nan nan 188.079 nan nan 
790000.0 1608.0 189277.533 nan nan 0.2396 nan nan 195.069 nan nan 
800000.0 1622.0 192444.467 nan nan 0.2406 nan nan 202.806 nan nan 
810000.0 1642.0 196477.533 nan nan 0.2426 nan nan 203.809 nan nan 
820000.0 1657.0 199591.0 nan nan 0.2434 nan nan 203.938 nan nan 
830000.0 1673.0 202924.4 nan nan 0.2445 nan nan 201.693 nan nan 
840000.0 1687.0 205922.8 nan nan 0.2451 nan nan 207.342 nan nan 
850000.0 1698.0 208334.867 nan nan 0.2451 nan nan 207.704 nan nan 
860000.0 1715.0 211608.4 nan nan 0.2461 nan nan 204.878 nan nan 
870000.0 1734.0 215499.267 nan nan 0.2477 nan nan 206.085 nan nan 
880000.0 1758.0 220212.267 nan nan 0.2502 nan nan 201.895 nan nan 
890000.0 1777.0 224060.933 nan nan 0.2518 nan nan 200.235 nan nan 
900000.0 1792.0 227365.867 nan nan 0.2526 nan nan 208.482 nan nan 
910000.0 1802.0 229748.467 nan nan 0.2525 nan nan 213.504 nan nan 
920000.0 1820.0 233649.133 nan nan 0.254 nan nan 213.093 nan nan 
930000.0 1829.0 235434.467 nan nan 0.2532 nan nan 213.152 nan nan 
940000.0 1838.0 237282.867 nan nan 0.2524 nan nan 208.856 nan nan 
950000.0 1848.0 239335.8 nan nan 0.2519 nan nan 207.353 nan nan 
960000.0 1858.0 241447.733 nan nan 0.2515 nan nan 209.606 nan nan 
970000.0 1870.0 244271.667 nan nan 0.2518 nan nan 217.287 nan nan 
980000.0 1889.0 248339.467 nan nan 0.2534 nan nan 213.996 nan nan 
990000.0 1901.0 250833.933 nan nan 0.2534 nan nan 211.223 nan nan 
1000000.0 1911.0 252789.067 nan nan 0.2528 nan nan 210.773 nan nan 
1010000.0 1927.0 256547.467 nan nan 0.254 nan nan 218.036 nan nan 
1020000.0 1943.0 260026.067 nan nan 0.2549 nan nan 214.049 nan nan 
1030000.0 1964.0 264605.533 nan nan 0.2569 nan nan 218.061 nan nan 
1040000.0 1980.0 267904.467 nan nan 0.2576 nan nan 212.575 nan nan 
1050000.0 1998.0 272072.6 nan nan 0.2591 nan nan 221.468 nan nan 
1060000.0 2013.0 275769.267 nan nan 0.2602 nan nan 224.631 nan nan 
1070000.0 2031.0 279472.2 nan nan 0.2612 nan nan 221.397 nan nan 
1080000.0 2047.0 283462.267 nan nan 0.2625 nan nan 226.158 nan nan 
1090000.0 2062.0 286542.333 nan nan 0.2629 nan nan 225.119 nan nan 
1100000.0 2070.0 288672.067 nan nan 0.2624 nan nan 227.546 nan nan 
1110000.0 2083.0 291521.6 nan nan 0.2626 nan nan 227.541 nan nan 
1120000.0 2103.0 295891.667 nan nan 0.2642 nan nan 225.445 nan nan 
1130000.0 2122.0 300366.8 nan nan 0.2658 nan nan 229.76 nan nan 
1140000.0 2141.0 304811.0 nan nan 0.2674 nan nan 229.832 nan nan 
1150000.0 2159.0 308996.4 nan nan 0.2687 nan nan 228.272 nan nan 
1160000.0 2174.0 312351.467 nan nan 0.2693 nan nan 228.976 nan nan 
1170000.0 2194.0 316675.267 nan nan 0.2707 nan nan 223.339 nan nan 
1180000.0 2209.0 320109.267 nan nan 0.2713 nan nan 226.018 nan nan 
1190000.0 2218.0 322227.2 nan nan 0.2708 nan nan 225.597 nan nan 
1200000.0 2234.0 325845.333 nan nan 0.2715 nan nan 225.142 nan nan 
1210000.0 2247.0 329186.933 nan nan 0.2721 nan nan 231.419 nan nan 
1220000.0 2264.0 332816.2 nan nan 0.2728 nan nan 226.252 nan nan 
1230000.0 2283.0 336867.733 nan nan 0.2739 nan nan 224.358 nan nan 
1240000.0 2303.0 340724.733 nan nan 0.2748 nan nan 212.789 nan nan 
1250000.0 2314.0 343377.333 nan nan 0.2747 nan nan 218.663 nan nan 
1260000.0 2335.0 347916.467 nan nan 0.2761 nan nan 217.431 nan nan 
1270000.0 2358.0 352669.733 nan nan 0.2777 nan nan 212.066 nan nan 
1280000.0 2375.0 356824.067 nan nan 0.2788 nan nan 223.067 nan nan 
1290000.0 2395.0 361163.267 nan nan 0.28 nan nan 222.19 nan nan 
1300000.0 2412.0 365314.267 nan nan 0.281 nan nan 225.644 nan nan 
1310000.0 2430.0 369577.667 nan nan 0.2821 nan nan 231.58 nan nan 
1320000.0 2449.0 373883.4 nan nan 0.2832 nan nan 229.464 nan nan 
1330000.0 2468.0 377867.467 nan nan 0.2841 nan nan 220.989 nan nan 
1340000.0 2487.0 381957.067 nan nan 0.285 nan nan 220.154 nan nan 
1350000.0 2506.0 386618.267 nan nan 0.2864 nan nan 229.275 nan nan 
1360000.0 2519.0 389460.733 nan nan 0.2864 nan nan 225.127 nan nan 
1370000.0 2538.0 393905.4 nan nan 0.2875 nan nan 228.692 nan nan 
1380000.0 2556.0 398023.2 nan nan 0.2884 nan nan 229.788 nan nan 
1390000.0 2572.0 401800.133 nan nan 0.2891 nan nan 229.962 nan nan 
1400000.0 2590.0 405664.533 nan nan 0.2898 nan nan 228.556 nan nan 
1410000.0 2602.0 408857.667 nan nan 0.29 nan nan 235.911 nan nan 
1420000.0 2621.0 412984.067 nan nan 0.2908 nan nan 228.273 nan nan 
1430000.0 2631.0 415428.867 nan nan 0.2905 nan nan 229.919 nan nan 
1440000.0 2647.0 419351.8 nan nan 0.2912 nan nan 234.979 nan nan 
1450000.0 2667.0 423718.667 nan nan 0.2922 nan nan 232.799 nan nan 
1460000.0 2679.0 426904.4 nan nan 0.2924 nan nan 238.436 nan nan 
1470000.0 2686.0 428787.267 nan nan 0.2917 nan nan 241.239 nan nan 
1480000.0 2699.0 432078.0 nan nan 0.2919 nan nan 244.076 nan nan 
1490000.0 2707.0 434390.133 nan nan 0.2915 nan nan 249.773 nan nan 
1500000.0 2718.0 437040.4 nan nan 0.2914 nan nan 246.277 nan nan 
1510000.0 2728.0 439355.4 nan nan 0.291 nan nan 244.967 nan nan 
1520000.0 2740.0 442201.667 nan nan 0.2909 nan nan 243.054 nan nan 
1530000.0 2749.0 444550.467 nan nan 0.2906 nan nan 247.071 nan nan 
1540000.0 2760.0 447365.667 nan nan 0.2905 nan nan 249.792 nan nan 
1550000.0 2773.0 450701.333 nan nan 0.2908 nan nan 251.543 nan nan 
1560000.0 2787.0 454265.333 nan nan 0.2912 nan nan 252.07 nan nan 
1570000.0 2806.0 458839.933 nan nan 0.2923 nan nan 247.253 nan nan 
1580000.0 2821.0 462310.267 nan nan 0.2926 nan nan 244.684 nan nan 
1590000.0 2838.0 466843.267 nan nan 0.2936 nan nan 251.749 nan nan 
1600000.0 2853.0 470652.2 nan nan 0.2942 nan nan 248.845 nan nan 
1610000.0 2865.0 473443.867 nan nan 0.2941 nan nan 247.736 nan nan 
1620000.0 2873.0 475495.067 nan nan 0.2935 nan nan 250.365 nan nan 
1630000.0 2884.0 478215.533 nan nan 0.2934 nan nan 246.384 nan nan 
1640000.0 2898.0 481538.267 nan nan 0.2936 nan nan 245.235 nan nan 
1650000.0 2910.0 484086.733 nan nan 0.2934 nan nan 238.159 nan nan 
1660000.0 2925.0 488065.867 nan nan 0.294 nan nan 244.514 nan nan 
1670000.0 2941.0 491775.133 nan nan 0.2945 nan nan 242.247 nan nan 
1680000.0 2958.0 495672.333 nan nan 0.295 nan nan 237.321 nan nan 
1690000.0 2967.0 497985.467 nan nan 0.2947 nan nan 242.467 nan nan 
1700000.0 2981.0 501344.6 nan nan 0.2949 nan nan 241.909 nan nan 
1710000.0 2991.0 503840.2 nan nan 0.2946 nan nan 241.796 nan nan 
1720000.0 3005.0 506742.133 nan nan 0.2946 nan nan 235.801 nan nan 
1730000.0 3019.0 510077.4 nan nan 0.2948 nan nan 234.601 nan nan 
1740000.0 3030.0 512846.667 nan nan 0.2947 nan nan 237.984 nan nan 
1750000.0 3039.0 514974.933 nan nan 0.2943 nan nan 235.543 nan nan 
1760000.0 3061.0 519539.0 nan nan 0.2952 nan nan 228.5 nan nan 
1770000.0 3079.0 523782.267 nan nan 0.2959 nan nan 231.476 nan nan 
1780000.0 3096.0 527897.667 nan nan 0.2966 nan nan 233.49 nan nan 
1790000.0 3113.0 532031.333 nan nan 0.2972 nan nan 233.734 nan nan 
1800000.0 3134.0 536503.6 nan nan 0.2981 nan nan 229.364 nan nan 
1810000.0 3150.0 540066.267 nan nan 0.2984 nan nan 226.086 nan nan 
1820000.0 3166.0 543423.533 nan nan 0.2986 nan nan 222.906 nan nan 
1830000.0 3178.0 546765.0 nan nan 0.2988 nan nan 233.765 nan nan 
1840000.0 3195.0 551146.8 nan nan 0.2995 nan nan 238.251 nan nan 
1850000.0 3209.0 554819.2 nan nan 0.2999 nan nan 243.736 nan nan 
1860000.0 3225.0 558941.2 nan nan 0.3005 nan nan 246.339 nan nan 
1870000.0 3242.0 563251.2 nan nan 0.3012 nan nan 249.116 nan nan 
1880000.0 3262.0 567903.333 nan nan 0.3021 nan nan 243.57 nan nan 
1890000.0 3280.0 572493.667 nan nan 0.3029 nan nan 248.064 nan nan 
1900000.0 3296.0 576832.333 nan nan 0.3036 nan nan 252.695 nan nan 
1910000.0 3315.0 581235.267 nan nan 0.3043 nan nan 248.7 nan nan 
1920000.0 3334.0 585733.667 nan nan 0.3051 nan nan 244.064 nan nan 
1930000.0 3354.0 590215.933 nan nan 0.3058 nan nan 236.565 nan nan 
1940000.0 3374.0 594855.2 nan nan 0.3066 nan nan 234.447 nan nan 
1950000.0 3394.0 599464.067 nan nan 0.3074 nan nan 232.846 nan nan 
1960000.0 3412.0 603764.733 nan nan 0.308 nan nan 234.576 nan nan 
1970000.0 3430.0 608097.0 nan nan 0.3087 nan nan 236.962 nan nan 
1980000.0 3448.0 612446.667 nan nan 0.3093 nan nan 237.771 nan nan 
1990000.0 3462.0 616233.8 nan nan 0.3097 nan nan 244.898 nan nan 
2000000.0 3477.0 619768.6 nan nan 0.3099 nan nan 242.61 nan nan 
2010000.0 3492.0 623514.667 nan nan 0.3102 nan nan 243.303 nan nan 
2020000.0 3505.0 626384.6 nan nan 0.3101 nan nan 239.441 nan nan 
2030000.0 3524.0 630581.2 nan nan 0.3106 nan nan 233.583 nan nan 
2040000.0 3540.0 634826.6 nan nan 0.3112 nan nan 241.067 nan nan 
2050000.0 3555.0 638936.8 nan nan 0.3117 nan nan 252.035 nan nan 
2060000.0 3575.0 643518.333 nan nan 0.3124 nan nan 244.972 nan nan 
2070000.0 3589.0 647281.133 nan nan 0.3127 nan nan 251.182 nan nan 
2080000.0 3605.0 651090.533 nan nan 0.313 nan nan 246.433 nan nan 
2090000.0 3621.0 654611.267 nan nan 0.3132 nan nan 241.391 nan nan 
2100000.0 3636.0 658331.333 nan nan 0.3135 nan nan 244.525 nan nan 
2110000.0 3654.0 662867.733 nan nan 0.3142 nan nan 246.219 nan nan 
2120000.0 3670.0 666663.2 nan nan 0.3145 nan nan 240.754 nan nan 
2130000.0 3686.0 670755.333 nan nan 0.3149 nan nan 242.954 nan nan 
2140000.0 3699.0 673907.933 nan nan 0.3149 nan nan 246.777 nan nan 
2150000.0 3718.0 678593.133 nan nan 0.3156 nan nan 246.345 nan nan 
2160000.0 3733.0 682255.6 nan nan 0.3159 nan nan 246.098 nan nan 
2170000.0 3751.0 686789.8 nan nan 0.3165 nan nan 245.464 nan nan 
2180000.0 3770.0 691498.267 nan nan 0.3172 nan nan 249.707 nan nan 
2190000.0 3789.0 696084.467 nan nan 0.3178 nan nan 242.743 nan nan 
2200000.0 3805.0 699792.333 nan nan 0.3181 nan nan 243.996 nan nan 
2210000.0 3818.0 703305.4 nan nan 0.3182 nan nan 247.355 nan nan 
2220000.0 3836.0 707693.467 nan nan 0.3188 nan nan 245.613 nan nan 
2230000.0 3854.0 712267.533 nan nan 0.3194 nan nan 247.319 nan nan 
2240000.0 3872.0 716897.8 nan nan 0.32 nan nan 251.925 nan nan 
2250000.0 3890.0 721615.133 nan nan 0.3207 nan nan 252.899 nan nan 
2260000.0 3904.0 725303.2 nan nan 0.3209 nan nan 257.239 nan nan 
2270000.0 3921.0 729961.6 nan nan 0.3216 nan nan 261.012 nan nan 
2280000.0 3940.0 734341.267 nan nan 0.3221 nan nan 253.22 nan nan 
2290000.0 3956.0 738561.2 nan nan 0.3225 nan nan 254.808 nan nan 
2300000.0 3974.0 742742.0 nan nan 0.3229 nan nan 249.823 nan nan 
2310000.0 3992.0 747167.0 nan nan 0.3234 nan nan 246.996 nan nan 
2320000.0 4011.0 751483.267 nan nan 0.3239 nan nan 240.868 nan nan 
2330000.0 4029.0 755663.867 nan nan 0.3243 nan nan 240.458 nan nan 
2340000.0 4045.0 760140.8 nan nan 0.3248 nan nan 247.484 nan nan 
2350000.0 4062.0 763982.6 nan nan 0.3251 nan nan 243.347 nan nan 
2360000.0 4079.0 768107.533 nan nan 0.3255 nan nan 242.35 nan nan 
2370000.0 4092.0 771319.533 nan nan 0.3255 nan nan 242.745 nan nan 
2380000.0 4105.0 774729.867 nan nan 0.3255 nan nan 247.913 nan nan 
2390000.0 4116.0 777494.667 nan nan 0.3253 nan nan 250.479 nan nan 
2400000.0 4129.0 780909.4 nan nan 0.3254 nan nan 251.928 nan nan 
2410000.0 4148.0 785508.467 nan nan 0.3259 nan nan 250.89 nan nan 
2420000.0 4164.0 789945.067 nan nan 0.3264 nan nan 254.37 nan nan 
2430000.0 4182.0 794622.6 nan nan 0.327 nan nan 257.949 nan nan 
2440000.0 4200.0 799277.4 nan nan 0.3276 nan nan 258.762 nan nan 
2450000.0 4216.0 803704.667 nan nan 0.328 nan nan 260.432 nan nan 
2460000.0 4234.0 808245.933 nan nan 0.3286 nan nan 261.247 nan nan 
2470000.0 4251.0 812561.733 nan nan 0.329 nan nan 258.23 nan nan 
2480000.0 4270.0 816957.533 nan nan 0.3294 nan nan 248.674 nan nan 
2490000.0 4288.0 821347.667 nan nan 0.3299 nan nan 248.869 nan nan 
2500000.0 4305.0 825502.133 nan nan 0.3302 nan nan 245.83 nan nan 
2510000.0 4324.0 830277.2 nan nan 0.3308 nan nan 246.01 nan nan 
2520000.0 4343.0 834786.467 nan nan 0.3313 nan nan 242.854 nan nan 
2530000.0 4355.0 837663.733 nan nan 0.3311 nan nan 241.913 nan nan 
2540000.0 4363.0 839622.533 nan nan 0.3306 nan nan 244.233 nan nan 
2550000.0 4380.0 843828.8 nan nan 0.3309 nan nan 244.946 nan nan 
2560000.0 4397.0 848225.6 nan nan 0.3313 nan nan 246.193 nan nan 
2570000.0 4415.0 852877.533 nan nan 0.3319 nan nan 250.025 nan nan 
2580000.0 4432.0 857506.933 nan nan 0.3324 nan nan 256.367 nan nan 
2590000.0 4452.0 862071.733 nan nan 0.3328 nan nan 250.087 nan nan 
2600000.0 4469.0 866320.067 nan nan 0.3332 nan nan 248.831 nan nan 
2610000.0 4489.0 870723.333 nan nan 0.3336 nan nan 240.34 nan nan 
2620000.0 4508.0 874997.667 nan nan 0.334 nan nan 234.339 nan nan 
2630000.0 4519.0 877743.867 nan nan 0.3337 nan nan 235.481 nan nan 
2640000.0 4534.0 881403.867 nan nan 0.3339 nan nan 240.619 nan nan 
2650000.0 4551.0 885668.867 nan nan 0.3342 nan nan 244.34 nan nan 
2660000.0 4570.0 890623.6 nan nan 0.3348 nan nan 248.402 nan nan 
2670000.0 4589.0 895147.467 nan nan 0.3353 nan nan 244.054 nan nan 
2680000.0 4608.0 899586.667 nan nan 0.3357 nan nan 243.557 nan nan 
2690000.0 4622.0 903334.4 nan nan 0.3358 nan nan 247.919 nan nan 
2700000.0 4643.0 908010.533 nan nan 0.3363 nan nan 240.474 nan nan 
2710000.0 4662.0 912772.133 nan nan 0.3368 nan nan 239.993 nan nan 
2720000.0 4681.0 917367.4 nan nan 0.3373 nan nan 241.133 nan nan 
2730000.0 4697.0 921611.667 nan nan 0.3376 nan nan 250.059 nan nan 
2740000.0 4717.0 926207.0 nan nan 0.338 nan nan 242.741 nan nan 
2750000.0 4735.0 930751.2 nan nan 0.3385 nan nan 245.974 nan nan 
2760000.0 4753.0 935169.4 nan nan 0.3388 nan nan 245.121 nan nan 
2770000.0 4771.0 939721.867 nan nan 0.3392 nan nan 246.602 nan nan 
2780000.0 4790.0 944291.267 nan nan 0.3397 nan nan 245.958 nan nan 
2790000.0 4804.0 947910.733 nan nan 0.3398 nan nan 246.393 nan nan 
2800000.0 4824.0 952603.333 nan nan 0.3402 nan nan 242.978 nan nan 
2810000.0 4847.0 957474.267 nan nan 0.3407 nan nan 231.193 nan nan 
2820000.0 4866.0 962034.533 nan nan 0.3411 nan nan 234.878 nan nan 
2830000.0 4885.0 966783.133 nan nan 0.3416 nan nan 238.456 nan nan 
2840000.0 4905.0 971206.4 nan nan 0.342 nan nan 230.433 nan nan 
2850000.0 4924.0 975615.067 nan nan 0.3423 nan nan 232.327 nan nan 
2860000.0 4941.0 979798.8 nan nan 0.3426 nan nan 238.945 nan nan 
2870000.0 4955.0 983508.2 nan nan 0.3427 nan nan 242.534 nan nan 
2880000.0 4971.0 987547.6 nan nan 0.3429 nan nan 243.822 nan nan 
2890000.0 4985.0 991058.933 nan nan 0.3429 nan nan 247.09 nan nan 
2900000.0 5003.0 995159.733 nan nan 0.3432 nan nan 243.414 nan nan 
2910000.0 5022.0 999674.267 nan nan 0.3435 nan nan 241.416 nan nan 
2920000.0 5036.0 1003221.333 nan nan 0.3436 nan nan 241.526 nan nan 
2930000.0 5053.0 1007854.4 nan nan 0.344 nan nan 252.394 nan nan 
2940000.0 5071.0 1012548.2 nan nan 0.3444 nan nan 253.342 nan nan 
2950000.0 5089.0 1017081.6 nan nan 0.3448 nan nan 252.518 nan nan 
2960000.0 5108.0 1021811.333 nan nan 0.3452 nan nan 252.152 nan nan 
2970000.0 5127.0 1026338.933 nan nan 0.3456 nan nan 248.438 nan nan 
2980000.0 5144.0 1031063.2 nan nan 0.346 nan nan 255.426 nan nan 
2990000.0 5157.0 1033844.0 nan nan 0.3458 nan nan 246.933 nan nan 
3000000.0 5173.0 1037791.933 nan nan 0.3459 nan nan 248.621 nan nan 
3010000.0 5188.0 1041497.467 nan nan 0.346 nan nan 247.585 nan nan 
3020000.0 5207.0 1046066.467 nan nan 0.3464 nan nan 248.182 nan nan 
3030000.0 5225.0 1050506.533 nan nan 0.3467 nan nan 244.18 nan nan 
3040000.0 5243.0 1054992.0 nan nan 0.347 nan nan 246.304 nan nan 
3050000.0 5261.0 1059133.667 nan nan 0.3473 nan nan 243.185 nan nan 
3060000.0 5279.0 1063617.2 nan nan 0.3476 nan nan 245.523 nan nan 
3070000.0 5297.0 1068369.133 nan nan 0.348 nan nan 248.835 nan nan 
3080000.0 5311.0 1072227.2 nan nan 0.3481 nan nan 254.964 nan nan 
3090000.0 5330.0 1077116.267 nan nan 0.3486 nan nan 258.506 nan nan 
3100000.0 5348.0 1081747.067 nan nan 0.349 nan nan 255.752 nan nan 
3110000.0 5365.0 1085558.467 nan nan 0.3491 nan nan 247.959 nan nan 
3120000.0 5383.0 1090293.533 nan nan 0.3495 nan nan 251.516 nan nan 
3130000.0 5397.0 1094122.6 nan nan 0.3496 nan nan 257.202 nan nan 
3140000.0 5414.0 1098936.667 nan nan 0.35 nan nan 265.151 nan nan 
3150000.0 5434.0 1103952.2 nan nan 0.3505 nan nan 260.705 nan nan 
3160000.0 5449.0 1107966.4 nan nan 0.3506 nan nan 263.077 nan nan 
3170000.0 5463.0 1111144.0 nan nan 0.3505 nan nan 252.981 nan nan 
3180000.0 5479.0 1115461.8 nan nan 0.3508 nan nan 255.376 nan nan 
3190000.0 5498.0 1120160.933 nan nan 0.3511 nan nan 255.057 nan nan 
3200000.0 5514.0 1124214.533 nan nan 0.3513 nan nan 255.676 nan nan 
3210000.0 5528.0 1128031.533 nan nan 0.3514 nan nan 259.914 nan nan 
3220000.0 5541.0 1131723.333 nan nan 0.3515 nan nan 261.499 nan nan 
3230000.0 5560.0 1136111.667 nan nan 0.3517 nan nan 253.702 nan nan 
3240000.0 5574.0 1139845.933 nan nan 0.3518 nan nan 255.695 nan nan 
3250000.0 5590.0 1143899.667 nan nan 0.352 nan nan 253.779 nan nan 
3260000.0 5608.0 1148379.733 nan nan 0.3523 nan nan 255.994 nan nan 
3270000.0 5624.0 1152348.533 nan nan 0.3524 nan nan 253.794 nan nan 
3280000.0 5644.0 1156848.0 nan nan 0.3527 nan nan 245.985 nan nan 
3290000.0 5658.0 1160573.733 nan nan 0.3528 nan nan 247.339 nan nan 
3300000.0 5677.0 1165435.933 nan nan 0.3532 nan nan 251.889 nan nan 
3310000.0 5696.0 1169812.467 nan nan 0.3534 nan nan 245.712 nan nan 
3320000.0 5713.0 1174041.133 nan nan 0.3536 nan nan 246.104 nan nan 
3330000.0 5729.0 1178180.267 nan nan 0.3538 nan nan 248.019 nan nan 
3340000.0 5745.0 1182239.467 nan nan 0.354 nan nan 249.109 nan nan 
3350000.0 5757.0 1185510.8 nan nan 0.3539 nan nan 256.754 nan nan 
3360000.0 5774.0 1189942.2 nan nan 0.3541 nan nan 255.258 nan nan 
3370000.0 5791.0 1194216.933 nan nan 0.3544 nan nan 255.162 nan nan 
3380000.0 5808.0 1198386.4 nan nan 0.3546 nan nan 250.924 nan nan 
3390000.0 5824.0 1202046.267 nan nan 0.3546 nan nan 247.7 nan nan 
3400000.0 5841.0 1206189.667 nan nan 0.3548 nan nan 242.425 nan nan 
3410000.0 5857.0 1210215.8 nan nan 0.3549 nan nan 247.847 nan nan 
3420000.0 5874.0 1214664.6 nan nan 0.3552 nan nan 249.254 nan nan 
3430000.0 5892.0 1219172.6 nan nan 0.3554 nan nan 254.07 nan nan 
3440000.0 5907.0 1223444.8 nan nan 0.3557 nan nan 259.698 nan nan 
3450000.0 5924.0 1228132.333 nan nan 0.356 nan nan 262.779 nan nan 
3460000.0 5944.0 1232452.0 nan nan 0.3562 nan nan 247.245 nan nan 
3470000.0 5958.0 1236110.867 nan nan 0.3562 nan nan 252.916 nan nan 
3480000.0 5969.0 1238785.933 nan nan 0.356 nan nan 251.78 nan nan 
3490000.0 5988.0 1243749.933 nan nan 0.3564 nan nan 254.055 nan nan 
3500000.0 6002.0 1247424.333 nan nan 0.3564 nan nan 257.582 nan nan 
3510000.0 6019.0 1251988.6 nan nan 0.3567 nan nan 261.767 nan nan 
3520000.0 6035.0 1256477.267 nan nan 0.357 nan nan 261.726 nan nan 
3530000.0 6050.0 1260364.667 nan nan 0.357 nan nan 261.857 nan nan 
3540000.0 6065.0 1264188.467 nan nan 0.3571 nan nan 263.819 nan nan 
3550000.0 6081.0 1268454.333 nan nan 0.3573 nan nan 263.75 nan nan 
3560000.0 6098.0 1272752.2 nan nan 0.3575 nan nan 259.918 nan nan 
3570000.0 6110.0 1275935.667 nan nan 0.3574 nan nan 260.34 nan nan 
3580000.0 6127.0 1280077.8 nan nan 0.3576 nan nan 257.471 nan nan 
3590000.0 6142.0 1283793.533 nan nan 0.3576 nan nan 255.329 nan nan 
3600000.0 6155.0 1287129.0 nan nan 0.3575 nan nan 252.54 nan nan 
3610000.0 6165.0 1289618.933 nan nan 0.3572 nan nan 253.087 nan nan 
3620000.0 6179.0 1293486.667 nan nan 0.3573 nan nan 258.416 nan nan 
3630000.0 6197.0 1298110.8 nan nan 0.3576 nan nan 257.249 nan nan 
3640000.0 6218.0 1302693.933 nan nan 0.3579 nan nan 247.159 nan nan 
3650000.0 6235.0 1307042.4 nan nan 0.3581 nan nan 247.117 nan nan 
3660000.0 6250.0 1310987.4 nan nan 0.3582 nan nan 250.359 nan nan 
3670000.0 6264.0 1314560.0 nan nan 0.3582 nan nan 251.333 nan nan 
3680000.0 6281.0 1319131.067 nan nan 0.3585 nan nan 258.694 nan nan 
3690000.0 6295.0 1322794.067 nan nan 0.3585 nan nan 258.408 nan nan 
3700000.0 6308.0 1326288.067 nan nan 0.3585 nan nan 259.945 nan nan 
3710000.0 6326.0 1330857.933 nan nan 0.3587 nan nan 256.477 nan nan 
3720000.0 6343.0 1335209.533 nan nan 0.3589 nan nan 258.753 nan nan 
3730000.0 6361.0 1339571.2 nan nan 0.3591 nan nan 252.981 nan nan 
3740000.0 6378.0 1343805.6 nan nan 0.3593 nan nan 253.336 nan nan 
3750000.0 6389.0 1346615.867 nan nan 0.3591 nan nan 251.723 nan nan 
3760000.0 6397.0 1348843.933 nan nan 0.3587 nan nan 254.64 nan nan 
3770000.0 6410.0 1352041.267 nan nan 0.3586 nan nan 253.465 nan nan 
3780000.0 6427.0 1356375.533 nan nan 0.3588 nan nan 255.704 nan nan 
3790000.0 6446.0 1361074.067 nan nan 0.3591 nan nan 253.472 nan nan 
3800000.0 6463.0 1365684.867 nan nan 0.3594 nan nan 253.963 nan nan 
3810000.0 6478.0 1369525.533 nan nan 0.3595 nan nan 255.02 nan nan 
3820000.0 6492.0 1373156.0 nan nan 0.3595 nan nan 256.709 nan nan 
3830000.0 6511.0 1377491.733 nan nan 0.3597 nan nan 250.4 nan nan 
3840000.0 6524.0 1381216.333 nan nan 0.3597 nan nan 256.094 nan nan 
3850000.0 6535.0 1384061.133 nan nan 0.3595 nan nan 258.808 nan nan 
3860000.0 6553.0 1388620.133 nan nan 0.3597 nan nan 255.245 nan nan 
3870000.0 6570.0 1392892.4 nan nan 0.3599 nan nan 254.484 nan nan 
3880000.0 6585.0 1396641.333 nan nan 0.36 nan nan 252.235 nan nan 
3890000.0 6604.0 1401175.467 nan nan 0.3602 nan nan 247.601 nan nan 
3900000.0 6619.0 1405041.733 nan nan 0.3603 nan nan 248.249 nan nan 
3910000.0 6641.0 1410057.933 nan nan 0.3606 nan nan 243.875 nan nan 
3920000.0 6656.0 1414256.6 nan nan 0.3608 nan nan 251.541 nan nan 
3930000.0 6673.0 1418767.333 nan nan 0.361 nan nan 254.445 nan nan 
3940000.0 6691.0 1423485.933 nan nan 0.3613 nan nan 256.64 nan nan 
3950000.0 6707.0 1427497.667 nan nan 0.3614 nan nan 253.698 nan nan 
3960000.0 6724.0 1431744.133 nan nan 0.3616 nan nan 256.373 nan nan 
3970000.0 6743.0 1436099.267 nan nan 0.3617 nan nan 247.3 nan nan 
3980000.0 6758.0 1440048.6 nan nan 0.3618 nan nan 248.535 nan nan 
3990000.0 6771.0 1443626.067 nan nan 0.3618 nan nan 254.639 nan nan 
4000000.0 6785.0 1447343.0 nan nan 0.3618 nan nan 256.91 nan nan 
4010000.0 6802.0 1451484.333 nan nan 0.362 nan nan 256.262 nan nan 
4020000.0 6818.0 1455654.933 nan nan 0.3621 nan nan 254.916 nan nan 
4030000.0 6830.0 1458844.2 nan nan 0.362 nan nan 260.639 nan nan 
4040000.0 6849.0 1463447.533 nan nan 0.3622 nan nan 252.789 nan nan 
4050000.0 6869.0 1468190.533 nan nan 0.3625 nan nan 245.268 nan nan 
4060000.0 6886.0 1472302.133 nan nan 0.3626 nan nan 247.38 nan nan 
4070000.0 6900.0 1475946.2 nan nan 0.3626 nan nan 251.093 nan nan 
4080000.0 6911.0 1478861.867 nan nan 0.3625 nan nan 249.947 nan nan 
4090000.0 6929.0 1483350.4 nan nan 0.3627 nan nan 249.968 nan nan 
4100000.0 6944.0 1486939.467 nan nan 0.3627 nan nan 250.303 nan nan 
4110000.0 6958.0 1490640.867 nan nan 0.3627 nan nan 249.764 nan nan 
4120000.0 6973.0 1494200.533 nan nan 0.3627 nan nan 247.897 nan nan 
4130000.0 6991.0 1498821.4 nan nan 0.3629 nan nan 248.996 nan nan 
4140000.0 7011.0 1503780.533 nan nan 0.3632 nan nan 253.146 nan nan 
4150000.0 7030.0 1508423.533 nan nan 0.3635 nan nan 250.714 nan nan 
4160000.0 7045.0 1512502.533 nan nan 0.3636 nan nan 255.077 nan nan 
4170000.0 7064.0 1516884.2 nan nan 0.3638 nan nan 246.206 nan nan 
4180000.0 7085.0 1521533.333 nan nan 0.364 nan nan 238.029 nan nan 
4190000.0 7103.0 1525658.667 nan nan 0.3641 nan nan 236.469 nan nan 
4200000.0 7115.0 1528463.533 nan nan 0.3639 nan nan 235.194 nan nan 
4210000.0 7130.0 1532425.267 nan nan 0.364 nan nan 241.058 nan nan 
4220000.0 7148.0 1536806.667 nan nan 0.3642 nan nan 245.517 nan nan 
4230000.0 7165.0 1541086.533 nan nan 0.3643 nan nan 248.096 nan nan 
4240000.0 7184.0 1545574.067 nan nan 0.3645 nan nan 240.956 nan nan 
4250000.0 7203.0 1549715.933 nan nan 0.3646 nan nan 234.384 nan nan 
4260000.0 7221.0 1553907.2 nan nan 0.3648 nan nan 237.392 nan nan 
4270000.0 7239.0 1558333.733 nan nan 0.3649 nan nan 240.017 nan nan 
4280000.0 7256.0 1562646.8 nan nan 0.3651 nan nan 242.051 nan nan 
4290000.0 7274.0 1567573.067 nan nan 0.3654 nan nan 252.109 nan nan 
4300000.0 7291.0 1571716.933 nan nan 0.3655 nan nan 251.607 nan nan 
4310000.0 7309.0 1576027.133 nan nan 0.3657 nan nan 246.596 nan nan 
4320000.0 7326.0 1580373.667 nan nan 0.3658 nan nan 251.05 nan nan 
4330000.0 7338.0 1583632.0 nan nan 0.3657 nan nan 252.02 nan nan 
4340000.0 7355.0 1588101.533 nan nan 0.3659 nan nan 255.207 nan nan 
4350000.0 7372.0 1592360.6 nan nan 0.3661 nan nan 253.829 nan nan 
4360000.0 7391.0 1596653.933 nan nan 0.3662 nan nan 246.874 nan nan 
4370000.0 7409.0 1601372.4 nan nan 0.3664 nan nan 250.94 nan nan 
4380000.0 7427.0 1605813.867 nan nan 0.3666 nan nan 249.347 nan nan 
4390000.0 7445.0 1610420.467 nan nan 0.3668 nan nan 253.024 nan nan 
4400000.0 7462.0 1614589.867 nan nan 0.367 nan nan 249.031 nan nan 
4410000.0 7479.0 1619011.0 nan nan 0.3671 nan nan 250.935 nan nan 
4420000.0 7498.0 1623481.333 nan nan 0.3673 nan nan 246.866 nan nan 
4430000.0 7514.0 1627395.133 nan nan 0.3674 nan nan 245.923 nan nan 
4440000.0 7529.0 1631169.533 nan nan 0.3674 nan nan 247.069 nan nan 
4450000.0 7548.0 1635973.867 nan nan 0.3676 nan nan 248.241 nan nan 
4460000.0 7565.0 1640248.4 nan nan 0.3678 nan nan 253.053 nan nan 
4470000.0 7581.0 1644409.8 nan nan 0.3679 nan nan 250.35 nan nan 
4480000.0 7604.0 1649205.867 nan nan 0.3681 nan nan 237.061 nan nan 
4490000.0 7618.0 1652686.333 nan nan 0.3681 nan nan 241.884 nan nan 
4500000.0 7635.0 1657181.133 nan nan 0.3683 nan nan 245.241 nan nan 
4510000.0 7650.0 1660879.533 nan nan 0.3683 nan nan 246.806 nan nan 
4520000.0 7659.0 1663369.467 nan nan 0.368 nan nan 250.457 nan nan 
4530000.0 7672.0 1666606.267 nan nan 0.3679 nan nan 252.717 nan nan 
4540000.0 7686.0 1670408.467 nan nan 0.3679 nan nan 256.312 nan nan 
4550000.0 7700.0 1673882.333 nan nan 0.3679 nan nan 254.718 nan nan 
4560000.0 7721.0 1678569.6 nan nan 0.3681 nan nan 245.331 nan nan 
4570000.0 7736.0 1682966.667 nan nan 0.3683 nan nan 254.348 nan nan 
4580000.0 7751.0 1686874.6 nan nan 0.3683 nan nan 257.025 nan nan 
4590000.0 7770.0 1691198.333 nan nan 0.3685 nan nan 248.694 nan nan 
4600000.0 7788.0 1695585.0 nan nan 0.3686 nan nan 245.633 nan nan 
4610000.0 7804.0 1699368.733 nan nan 0.3686 nan nan 245.066 nan nan 
4620000.0 7822.0 1703674.133 nan nan 0.3688 nan nan 240.385 nan nan 
4630000.0 7837.0 1707676.933 nan nan 0.3688 nan nan 246.728 nan nan 
4640000.0 7854.0 1711688.2 nan nan 0.3689 nan nan 242.704 nan nan 
4650000.0 7866.0 1715069.533 nan nan 0.3688 nan nan 249.515 nan nan 
4660000.0 7879.0 1718538.0 nan nan 0.3688 nan nan 254.414 nan nan 
4670000.0 7896.0 1723005.333 nan nan 0.369 nan nan 261.208 nan nan 
4680000.0 7910.0 1726895.867 nan nan 0.369 nan nan 261.241 nan nan 
4690000.0 7925.0 1731292.533 nan nan 0.3691 nan nan 267.451 nan nan 
4700000.0 7941.0 1735445.8 nan nan 0.3692 nan nan 269.303 nan nan 
4710000.0 7954.0 1739300.067 nan nan 0.3693 nan nan 276.674 nan nan 
4720000.0 7971.0 1743911.2 nan nan 0.3695 nan nan 270.867 nan nan 
4730000.0 7986.0 1748070.067 nan nan 0.3696 nan nan 272.571 nan nan 
4740000.0 8004.0 1752811.6 nan nan 0.3698 nan nan 274.587 nan nan 
4750000.0 8015.0 1756441.067 nan nan 0.3698 nan nan 281.141 nan nan 
4760000.0 8031.0 1760346.2 nan nan 0.3698 nan nan 271.327 nan nan 
4770000.0 8045.0 1763676.933 nan nan 0.3697 nan nan 265.195 nan nan 
4780000.0 8058.0 1767135.333 nan nan 0.3697 nan nan 263.444 nan nan 
4790000.0 8075.0 1771579.8 nan nan 0.3698 nan nan 265.21 nan nan 
4800000.0 8085.0 1774282.4 nan nan 0.3696 nan nan 262.656 nan nan 
4810000.0 8100.0 1778355.333 nan nan 0.3697 nan nan 263.886 nan nan 
4820000.0 8118.0 1783149.733 nan nan 0.3699 nan nan 269.238 nan nan 
4830000.0 8136.0 1787946.867 nan nan 0.3702 nan nan 264.53 nan nan 
4840000.0 8155.0 1792507.0 nan nan 0.3704 nan nan 259.417 nan nan 
4850000.0 8171.0 1797131.533 nan nan 0.3705 nan nan 265.765 nan nan 
4860000.0 8190.0 1801866.2 nan nan 0.3708 nan nan 258.937 nan nan 
4870000.0 8205.0 1805511.933 nan nan 0.3707 nan nan 255.27 nan nan 
4880000.0 8222.0 1810085.267 nan nan 0.3709 nan nan 257.649 nan nan 
4890000.0 8239.0 1814681.0 nan nan 0.3711 nan nan 262.026 nan nan 
4900000.0 8256.0 1819157.667 nan nan 0.3713 nan nan 264.305 nan nan 
4910000.0 8272.0 1823423.667 nan nan 0.3714 nan nan 263.417 nan nan 
4920000.0 8288.0 1827251.867 nan nan 0.3714 nan nan 256.863 nan nan 
4930000.0 8304.0 1831275.733 nan nan 0.3715 nan nan 252.404 nan nan 
4940000.0 8316.0 1834354.133 nan nan 0.3713 nan nan 254.238 nan nan 
4950000.0 8333.0 1838372.267 nan nan 0.3714 nan nan 249.22 nan nan 
4960000.0 8348.0 1842066.0 nan nan 0.3714 nan nan 251.076 nan nan 
4970000.0 8363.0 1845752.867 nan nan 0.3714 nan nan 247.313 nan nan 
4980000.0 8381.0 1850192.933 nan nan 0.3715 nan nan 247.591 nan nan 
4990000.0 8391.0 1853113.867 nan nan 0.3714 nan nan 255.687 nan nan 
5000000.0 8405.0 1856927.933 nan nan 0.3714 nan nan 258.252 nan nan 
5010000.0 8425.0 1861571.333 nan nan 0.3716 nan nan 253.0 nan nan 
5020000.0 8440.0 1865405.933 nan nan 0.3716 nan nan 251.385 nan nan 
5030000.0 8454.0 1869086.8 nan nan 0.3716 nan nan 253.192 nan nan 
5040000.0 8472.0 1873681.933 nan nan 0.3718 nan nan 256.406 nan nan 
5050000.0 8487.0 1877297.333 nan nan 0.3717 nan nan 252.796 nan nan 
5060000.0 8503.0 1881816.867 nan nan 0.3719 nan nan 256.802 nan nan 
5070000.0 8516.0 1885403.2 nan nan 0.3719 nan nan 261.977 nan nan 
5080000.0 8533.0 1889731.4 nan nan 0.372 nan nan 258.874 nan nan 
5090000.0 8545.0 1892742.267 nan nan 0.3719 nan nan 258.838 nan nan 
5100000.0 8562.0 1897187.533 nan nan 0.372 nan nan 260.457 nan nan 
5110000.0 8579.0 1901520.2 nan nan 0.3721 nan nan 260.281 nan nan 
5120000.0 8599.0 1906229.133 nan nan 0.3723 nan nan 252.341 nan nan 
5130000.0 8618.0 1910912.733 nan nan 0.3725 nan nan 249.658 nan nan 
5140000.0 8640.0 1915668.6 nan nan 0.3727 nan nan 235.22 nan nan 
5150000.0 8662.0 1920452.533 nan nan 0.3729 nan nan 228.749 nan nan 
5160000.0 8678.0 1924966.667 nan nan 0.3731 nan nan 246.337 nan nan 
5170000.0 8695.0 1929342.4 nan nan 0.3732 nan nan 247.411 nan nan 
5180000.0 8712.0 1933792.067 nan nan 0.3733 nan nan 252.46 nan nan 
5190000.0 8730.0 1938585.267 nan nan 0.3735 nan nan 256.388 nan nan 
5200000.0 8746.0 1943127.267 nan nan 0.3737 nan nan 262.938 nan nan 
5210000.0 8764.0 1947502.533 nan nan 0.3738 nan nan 256.757 nan nan 
5220000.0 8780.0 1951678.467 nan nan 0.3739 nan nan 257.449 nan nan 
5230000.0 8799.0 1956133.6 nan nan 0.374 nan nan 251.769 nan nan 
5240000.0 8819.0 1960633.8 nan nan 0.3742 nan nan 242.3 nan nan 
5250000.0 8838.0 1965422.867 nan nan 0.3744 nan nan 247.258 nan nan 
5260000.0 8852.0 1969118.067 nan nan 0.3744 nan nan 246.861 nan nan 
5270000.0 8867.0 1973058.733 nan nan 0.3744 nan nan 253.752 nan nan 
5280000.0 8886.0 1977788.267 nan nan 0.3746 nan nan 250.179 nan nan 
5290000.0 8907.0 1982280.867 nan nan 0.3747 nan nan 239.614 nan nan 
5300000.0 8921.0 1986103.0 nan nan 0.3747 nan nan 249.057 nan nan 
5310000.0 8938.0 1990545.0 nan nan 0.3749 nan nan 251.259 nan nan 
5320000.0 8957.0 1995236.0 nan nan 0.375 nan nan 250.459 nan nan 
5330000.0 8974.0 1999453.933 nan nan 0.3751 nan nan 247.91 nan nan 
5340000.0 8990.0 2003804.133 nan nan 0.3752 nan nan 255.98 nan nan 
5350000.0 9006.0 2007885.933 nan nan 0.3753 nan nan 256.127 nan nan 
5360000.0 9016.0 2010652.867 nan nan 0.3751 nan nan 256.652 nan nan 
5370000.0 9029.0 2013969.133 nan nan 0.375 nan nan 254.366 nan nan 
5380000.0 9047.0 2018439.133 nan nan 0.3752 nan nan 254.013 nan nan 
5390000.0 9061.0 2022038.067 nan nan 0.3751 nan nan 253.914 nan nan 
5400000.0 9072.0 2024636.867 nan nan 0.3749 nan nan 250.434 nan nan 
5410000.0 9084.0 2027918.933 nan nan 0.3748 nan nan 254.266 nan nan 
5420000.0 9098.0 2031158.733 nan nan 0.3748 nan nan 252.711 nan nan 
5430000.0 9113.0 2035119.933 nan nan 0.3748 nan nan 250.652 nan nan 
5440000.0 9128.0 2038822.867 nan nan 0.3748 nan nan 250.769 nan nan 
5450000.0 9143.0 2042513.733 nan nan 0.3748 nan nan 249.849 nan nan 
5460000.0 9164.0 2047271.933 nan nan 0.375 nan nan 244.316 nan nan 
5470000.0 9178.0 2050983.867 nan nan 0.375 nan nan 244.889 nan nan 
5480000.0 9187.0 2052856.533 nan nan 0.3746 nan nan 242.489 nan nan 
5490000.0 9199.0 2055778.933 nan nan 0.3745 nan nan 241.62 nan nan 
5500000.0 9211.0 2058579.333 nan nan 0.3743 nan nan 237.731 nan nan 
5510000.0 9221.0 2061224.0 nan nan 0.3741 nan nan 241.877 nan nan 
5520000.0 9229.0 2063395.933 nan nan 0.3738 nan nan 245.956 nan nan 
5530000.0 9241.0 2066725.4 nan nan 0.3737 nan nan 253.986 nan nan 
5540000.0 9251.0 2069170.4 nan nan 0.3735 nan nan 254.439 nan nan 
5550000.0 9268.0 2073436.6 nan nan 0.3736 nan nan 253.512 nan nan 
5560000.0 9276.0 2075731.8 nan nan 0.3733 nan nan 259.457 nan nan 
5570000.0 9289.0 2078647.4 nan nan 0.3732 nan nan 247.872 nan nan 
5580000.0 9307.0 2083019.667 nan nan 0.3733 nan nan 248.638 nan nan 
5590000.0 9324.0 2087193.4 nan nan 0.3734 nan nan 246.272 nan nan 
5600000.0 9342.0 2091584.6 nan nan 0.3735 nan nan 245.525 nan nan 
5610000.0 9359.0 2095750.267 nan nan 0.3736 nan nan 245.12 nan nan 
5620000.0 9376.0 2099925.4 nan nan 0.3737 nan nan 247.367 nan nan 
5630000.0 9389.0 2103250.6 nan nan 0.3736 nan nan 251.977 nan nan 
5640000.0 9407.0 2107684.2 nan nan 0.3737 nan nan 249.95 nan nan 
5650000.0 9425.0 2112185.867 nan nan 0.3738 nan nan 249.294 nan nan 
5660000.0 9440.0 2116495.4 nan nan 0.3739 nan nan 259.281 nan nan 
5670000.0 9456.0 2120697.6 nan nan 0.374 nan nan 259.428 nan nan 
5680000.0 9471.0 2124367.2 nan nan 0.374 nan nan 254.556 nan nan 
5690000.0 9486.0 2128130.533 nan nan 0.374 nan nan 252.531 nan nan 
5700000.0 9503.0 2131738.4 nan nan 0.374 nan nan 244.273 nan nan 
5710000.0 9519.0 2135775.667 nan nan 0.374 nan nan 246.098 nan nan 
5720000.0 9533.0 2139376.4 nan nan 0.374 nan nan 248.095 nan nan 
5730000.0 9552.0 2143850.733 nan nan 0.3741 nan nan 245.049 nan nan 
5740000.0 9567.0 2147317.4 nan nan 0.3741 nan nan 241.782 nan nan 
5750000.0 9584.0 2151595.533 nan nan 0.3742 nan nan 243.072 nan nan 
5760000.0 9602.0 2156167.733 nan nan 0.3743 nan nan 245.048 nan nan 
5770000.0 9615.0 2159423.267 nan nan 0.3743 nan nan 246.6 nan nan 
5780000.0 9624.0 2161748.667 nan nan 0.374 nan nan 247.094 nan nan 
5790000.0 9633.0 2163832.667 nan nan 0.3737 nan nan 243.875 nan nan 
5800000.0 9645.0 2166746.133 nan nan 0.3736 nan nan 243.315 nan nan 
5810000.0 9655.0 2169240.467 nan nan 0.3734 nan nan 244.633 nan nan 
5820000.0 9667.0 2172113.133 nan nan 0.3732 nan nan 247.384 nan nan 
5830000.0 9676.0 2174323.4 nan nan 0.373 nan nan 247.015 nan nan 
5840000.0 9692.0 2178965.2 nan nan 0.3731 nan nan 253.879 nan nan 
5850000.0 9705.0 2182372.467 nan nan 0.3731 nan nan 258.42 nan nan 
5860000.0 9715.0 2184517.067 nan nan 0.3728 nan nan 252.191 nan nan 
5870000.0 9732.0 2189059.6 nan nan 0.3729 nan nan 255.737 nan nan 
5880000.0 9739.0 2191295.533 nan nan 0.3727 nan nan 260.261 nan nan 
5890000.0 9755.0 2195499.667 nan nan 0.3728 nan nan 264.507 nan nan 
5900000.0 9763.0 2197868.8 nan nan 0.3725 nan nan 267.34 nan nan 
5910000.0 9775.0 2200746.333 nan nan 0.3724 nan nan 262.968 nan nan 
5920000.0 9792.0 2205032.4 nan nan 0.3725 nan nan 259.105 nan nan 
5930000.0 9810.0 2209490.0 nan nan 0.3726 nan nan 253.842 nan nan 
5940000.0 9826.0 2213080.133 nan nan 0.3726 nan nan 245.35 nan nan 
5950000.0 9837.0 2215461.2 nan nan 0.3723 nan nan 241.526 nan nan 
5960000.0 9855.0 2219872.867 nan nan 0.3725 nan nan 241.171 nan nan 
5970000.0 9865.0 2222603.533 nan nan 0.3723 nan nan 246.234 nan nan 
5980000.0 9878.0 2226046.133 nan nan 0.3722 nan nan 248.985 nan nan 
5990000.0 9886.0 2228044.2 nan nan 0.372 nan nan 251.363 nan nan 
6000000.0 9889.0 2228942.4 nan nan 0.3715 nan nan 251.918 nan nan 
6010000.0 9900.0 2231150.333 nan nan 0.3712 nan nan 242.579 nan nan 
6020000.0 9913.0 2234447.133 nan nan 0.3712 nan nan 244.58 nan nan 
6030000.0 9925.0 2237836.6 nan nan 0.3711 nan nan 254.396 nan nan 
6040000.0 9940.0 2241435.467 nan nan 0.3711 nan nan 248.711 nan nan 
6050000.0 9957.0 2245836.4 nan nan 0.3712 nan nan 253.471 nan nan 
6060000.0 9976.0 2250453.333 nan nan 0.3714 nan nan 251.246 nan nan 
6070000.0 9991.0 2254153.133 nan nan 0.3714 nan nan 250.794 nan nan 
6080000.0 10006.0 2258715.533 nan nan 0.3715 nan nan 259.258 nan nan 
6090000.0 10021.0 2262815.4 nan nan 0.3716 nan nan 266.599 nan nan 
6100000.0 10037.0 2266331.867 nan nan 0.3715 nan nan 253.489 nan nan 
6110000.0 10050.0 2269964.2 nan nan 0.3715 nan nan 257.759 nan nan 
6120000.0 10068.0 2274238.6 nan nan 0.3716 nan nan 254.017 nan nan 
6130000.0 10078.0 2276975.267 nan nan 0.3714 nan nan 252.643 nan nan 
6140000.0 10097.0 2281682.467 nan nan 0.3716 nan nan 253.066 nan nan 
6150000.0 10110.0 2285517.2 nan nan 0.3716 nan nan 261.79 nan nan 
6160000.0 10122.0 2288920.733 nan nan 0.3716 nan nan 265.143 nan nan 
6170000.0 10128.0 2290561.667 nan nan 0.3712 nan nan 268.046 nan nan 
6180000.0 10135.0 2292676.8 nan nan 0.371 nan nan 270.372 nan nan 
6190000.0 10138.0 2293293.667 nan nan 0.3705 nan nan 268.12 nan nan 
6200000.0 10153.0 2296793.133 nan nan 0.3705 nan nan 263.119 nan nan 
6210000.0 10167.0 2300562.133 nan nan 0.3705 nan nan 261.65 nan nan 
6220000.0 10182.0 2304248.0 nan nan 0.3705 nan nan 260.178 nan nan 
6230000.0 10193.0 2307564.533 nan nan 0.3704 nan nan 266.052 nan nan 
6240000.0 10199.0 2309659.2 nan nan 0.3701 nan nan 272.173 nan nan 
6250000.0 10208.0 2311767.8 nan nan 0.3699 nan nan 268.856 nan nan 
6260000.0 10215.0 2313771.333 nan nan 0.3696 nan nan 268.308 nan nan 
6270000.0 10229.0 2317068.0 nan nan 0.3695 nan nan 262.571 nan nan 
6280000.0 10243.0 2321120.933 nan nan 0.3696 nan nan 269.021 nan nan 
6290000.0 10260.0 2325633.2 nan nan 0.3697 nan nan 270.246 nan nan 
6300000.0 10277.0 2330165.333 nan nan 0.3699 nan nan 269.602 nan nan 
6310000.0 10289.0 2333727.4 nan nan 0.3698 nan nan 271.414 nan nan 
6320000.0 10301.0 2336865.667 nan nan 0.3698 nan nan 269.858 nan nan 
6330000.0 10314.0 2339988.267 nan nan 0.3697 nan nan 266.741 nan nan 
6340000.0 10321.0 2342196.2 nan nan 0.3694 nan nan 268.775 nan nan 
6350000.0 10329.0 2344318.733 nan nan 0.3692 nan nan 267.817 nan nan 
6360000.0 10342.0 2347540.533 nan nan 0.3691 nan nan 264.119 nan nan 
6370000.0 10356.0 2351349.6 nan nan 0.3691 nan nan 268.051 nan nan 
6380000.0 10367.0 2354168.8 nan nan 0.369 nan nan 261.709 nan nan 
6390000.0 10377.0 2357187.4 nan nan 0.3689 nan nan 269.023 nan nan 
6400000.0 10389.0 2360297.067 nan nan 0.3688 nan nan 272.464 nan nan 
6410000.0 10407.0 2364809.6 nan nan 0.3689 nan nan 266.11 nan nan 
6420000.0 10421.0 2368950.467 nan nan 0.369 nan nan 268.305 nan nan 
6430000.0 10437.0 2373168.667 nan nan 0.3691 nan nan 272.531 nan nan 
6440000.0 10454.0 2377515.267 nan nan 0.3692 nan nan 264.192 nan nan 
6450000.0 10472.0 2381839.733 nan nan 0.3693 nan nan 260.223 nan nan 
6460000.0 10485.0 2385559.133 nan nan 0.3693 nan nan 260.249 nan nan 
6470000.0 10499.0 2389131.267 nan nan 0.3693 nan nan 259.532 nan nan 
6480000.0 10510.0 2392301.733 nan nan 0.3692 nan nan 264.874 nan nan 
6490000.0 10515.0 2393515.933 nan nan 0.3688 nan nan 267.831 nan nan 
6500000.0 10523.0 2395542.8 nan nan 0.3685 nan nan 261.991 nan nan 
6510000.0 10528.0 2396887.333 nan nan 0.3682 nan nan 263.242 nan nan 
6520000.0 10543.0 2400687.2 nan nan 0.3682 nan nan 261.446 nan nan 
6530000.0 10561.0 2404852.933 nan nan 0.3683 nan nan 253.463 nan nan 
6540000.0 10576.0 2408559.133 nan nan 0.3683 nan nan 250.176 nan nan 
6550000.0 10588.0 2411809.867 nan nan 0.3682 nan nan 255.53 nan nan 
6560000.0 10604.0 2416035.8 nan nan 0.3683 nan nan 259.527 nan nan 
6570000.0 10616.0 2419135.667 nan nan 0.3682 nan nan 256.872 nan nan 
6580000.0 10626.0 2422054.6 nan nan 0.3681 nan nan 260.936 nan nan 
6590000.0 10637.0 2424799.333 nan nan 0.368 nan nan 260.538 nan nan 
6600000.0 10645.0 2427129.267 nan nan 0.3677 nan nan 266.52 nan nan 
6610000.0 10653.0 2428946.267 nan nan 0.3675 nan nan 261.821 nan nan 
6620000.0 10668.0 2432361.4 nan nan 0.3674 nan nan 248.184 nan nan 
6630000.0 10680.0 2435481.6 nan nan 0.3673 nan nan 251.989 nan nan 
6640000.0 10692.0 2438885.467 nan nan 0.3673 nan nan 257.975 nan nan 
6650000.0 10710.0 2443037.733 nan nan 0.3674 nan nan 253.261 nan nan 
6660000.0 10724.0 2447290.733 nan nan 0.3675 nan nan 260.811 nan nan 
6670000.0 10738.0 2450341.2 nan nan 0.3674 nan nan 254.303 nan nan 
6680000.0 10749.0 2453683.467 nan nan 0.3673 nan nan 262.212 nan nan 
6690000.0 10767.0 2458234.067 nan nan 0.3674 nan nan 263.202 nan nan 
6700000.0 10783.0 2462869.333 nan nan 0.3676 nan nan 269.365 nan nan 
6710000.0 10801.0 2467579.733 nan nan 0.3677 nan nan 264.326 nan nan 
6720000.0 10819.0 2472307.933 nan nan 0.3679 nan nan 266.729 nan nan 
6730000.0 10834.0 2475728.4 nan nan 0.3679 nan nan 255.307 nan nan 
6740000.0 10845.0 2478920.067 nan nan 0.3678 nan nan 260.168 nan nan 
6750000.0 10861.0 2482764.333 nan nan 0.3678 nan nan 256.216 nan nan 
6760000.0 10868.0 2484365.8 nan nan 0.3675 nan nan 252.356 nan nan 
6770000.0 10885.0 2488596.867 nan nan 0.3676 nan nan 253.548 nan nan 
6780000.0 10906.0 2493363.067 nan nan 0.3678 nan nan 243.361 nan nan 
6790000.0 10924.0 2498049.6 nan nan 0.3679 nan nan 247.528 nan nan 
6800000.0 10938.0 2501651.667 nan nan 0.3679 nan nan 253.407 nan nan 
6810000.0 10954.0 2505788.667 nan nan 0.368 nan nan 253.1 nan nan 
6820000.0 10968.0 2509528.0 nan nan 0.368 nan nan 254.414 nan nan 
6830000.0 10979.0 2512230.0 nan nan 0.3678 nan nan 253.864 nan nan 
6840000.0 10990.0 2515282.2 nan nan 0.3677 nan nan 255.505 nan nan 
6850000.0 11007.0 2519620.0 nan nan 0.3678 nan nan 259.818 nan nan 
6860000.0 11019.0 2522621.933 nan nan 0.3677 nan nan 255.869 nan nan 
6870000.0 11034.0 2526844.933 nan nan 0.3678 nan nan 260.335 nan nan 
6880000.0 11051.0 2531498.6 nan nan 0.368 nan nan 265.845 nan nan 
6890000.0 11069.0 2536018.067 nan nan 0.3681 nan nan 260.932 nan nan 
6900000.0 11087.0 2540602.133 nan nan 0.3682 nan nan 258.413 nan nan 
6910000.0 11103.0 2544859.867 nan nan 0.3683 nan nan 260.384 nan nan 
6920000.0 11119.0 2548645.8 nan nan 0.3683 nan nan 256.632 nan nan 
6930000.0 11135.0 2553101.0 nan nan 0.3684 nan nan 263.6 nan nan 
6940000.0 11151.0 2557526.8 nan nan 0.3685 nan nan 264.393 nan nan 
6950000.0 11170.0 2561936.4 nan nan 0.3686 nan nan 257.414 nan nan 
6960000.0 11186.0 2566478.4 nan nan 0.3687 nan nan 262.051 nan nan 
6970000.0 11204.0 2571184.6 nan nan 0.3689 nan nan 259.79 nan nan 
6980000.0 11222.0 2575816.733 nan nan 0.369 nan nan 261.776 nan nan 
6990000.0 11241.0 2580668.333 nan nan 0.3692 nan nan 261.555 nan nan 
7000000.0 11258.0 2585245.2 nan nan 0.3693 nan nan 259.08 nan nan 
7010000.0 11271.0 2588743.667 nan nan 0.3693 nan nan 265.37 nan nan 
7020000.0 11284.0 2592580.867 nan nan 0.3693 nan nan 268.361 nan nan 
7030000.0 11298.0 2596220.067 nan nan 0.3693 nan nan 268.105 nan nan 
7040000.0 11313.0 2600575.867 nan nan 0.3694 nan nan 271.176 nan nan 
7050000.0 11331.0 2604888.933 nan nan 0.3695 nan nan 265.504 nan nan 
7060000.0 11346.0 2609141.733 nan nan 0.3696 nan nan 267.842 nan nan 
7070000.0 11355.0 2611995.733 nan nan 0.3694 nan nan 272.677 nan nan 
7080000.0 11371.0 2616253.4 nan nan 0.3695 nan nan 271.196 nan nan 
7090000.0 11380.0 2618776.867 nan nan 0.3694 nan nan 274.194 nan nan 
7100000.0 11395.0 2623146.667 nan nan 0.3695 nan nan 279.673 nan nan 
7110000.0 11411.0 2626887.8 nan nan 0.3695 nan nan 269.645 nan nan 
7120000.0 11429.0 2631120.6 nan nan 0.3695 nan nan 256.663 nan nan 
7130000.0 11446.0 2634804.6 nan nan 0.3695 nan nan 246.737 nan nan 
7140000.0 11462.0 2638937.2 nan nan 0.3696 nan nan 250.787 nan nan 
7150000.0 11480.0 2643451.933 nan nan 0.3697 nan nan 247.997 nan nan 
7160000.0 11496.0 2647852.067 nan nan 0.3698 nan nan 258.575 nan nan 
7170000.0 11513.0 2652457.867 nan nan 0.3699 nan nan 258.652 nan nan 
7180000.0 11531.0 2656994.133 nan nan 0.3701 nan nan 258.084 nan nan 
7190000.0 11547.0 2661272.467 nan nan 0.3701 nan nan 261.108 nan nan 
7200000.0 11562.0 2665374.2 nan nan 0.3702 nan nan 263.513 nan nan 
7210000.0 11577.0 2669808.733 nan nan 0.3703 nan nan 272.039 nan nan 
7220000.0 11586.0 2672673.2 nan nan 0.3702 nan nan 277.567 nan nan 
7230000.0 11596.0 2675405.467 nan nan 0.37 nan nan 275.35 nan nan 
7240000.0 11609.0 2678114.533 nan nan 0.3699 nan nan 263.388 nan nan 
7250000.0 11627.0 2682715.867 nan nan 0.37 nan nan 260.248 nan nan 
7260000.0 11642.0 2687121.133 nan nan 0.3701 nan nan 268.921 nan nan 
7270000.0 11657.0 2690765.2 nan nan 0.3701 nan nan 264.744 nan nan 
7280000.0 11673.0 2695116.667 nan nan 0.3702 nan nan 263.402 nan nan 
7290000.0 11689.0 2699415.0 nan nan 0.3703 nan nan 265.657 nan nan 
7300000.0 11708.0 2704131.2 nan nan 0.3704 nan nan 263.223 nan nan 
7310000.0 11724.0 2708437.333 nan nan 0.3705 nan nan 265.54 nan nan 
7320000.0 11737.0 2712076.733 nan nan 0.3705 nan nan 267.591 nan nan 
7330000.0 11745.0 2713948.533 nan nan 0.3703 nan nan 264.209 nan nan 
7340000.0 11761.0 2718199.267 nan nan 0.3703 nan nan 262.981 nan nan 
7350000.0 11773.0 2721798.467 nan nan 0.3703 nan nan 267.748 nan nan 
7360000.0 11788.0 2725868.533 nan nan 0.3704 nan nan 268.913 nan nan 
7370000.0 11802.0 2729371.0 nan nan 0.3703 nan nan 266.353 nan nan 
7380000.0 11820.0 2733981.533 nan nan 0.3705 nan nan 261.721 nan nan 
7390000.0 11834.0 2737516.133 nan nan 0.3704 nan nan 261.305 nan nan 
7400000.0 11852.0 2741992.733 nan nan 0.3705 nan nan 256.567 nan nan 
7410000.0 11868.0 2745965.533 nan nan 0.3706 nan nan 256.084 nan nan 
7420000.0 11881.0 2749927.067 nan nan 0.3706 nan nan 263.776 nan nan 
7430000.0 11887.0 2751696.6 nan nan 0.3703 nan nan 266.901 nan nan 
7440000.0 11893.0 2753344.4 nan nan 0.3701 nan nan 269.566 nan nan 
7450000.0 11911.0 2758022.467 nan nan 0.3702 nan nan 266.012 nan nan 
7460000.0 11930.0 2762452.533 nan nan 0.3703 nan nan 254.153 nan nan 
7470000.0 11945.0 2765922.733 nan nan 0.3703 nan nan 252.908 nan nan 
7480000.0 11958.0 2769790.267 nan nan 0.3703 nan nan 261.182 nan nan 
7490000.0 11975.0 2774233.467 nan nan 0.3704 nan nan 260.262 nan nan 
7500000.0 11988.0 2777653.333 nan nan 0.3704 nan nan 262.351 nan nan 
7510000.0 12001.0 2780352.667 nan nan 0.3702 nan nan 252.886 nan nan 
7520000.0 12014.0 2783934.267 nan nan 0.3702 nan nan 256.565 nan nan 
7530000.0 12028.0 2787163.333 nan nan 0.3701 nan nan 249.873 nan nan 
7540000.0 12047.0 2791240.933 nan nan 0.3702 nan nan 237.345 nan nan 
7550000.0 12060.0 2795004.533 nan nan 0.3702 nan nan 250.582 nan nan 
7560000.0 12071.0 2798258.8 nan nan 0.3701 nan nan 255.98 nan nan 
7570000.0 12083.0 2801672.933 nan nan 0.3701 nan nan 265.704 nan nan 
7580000.0 12098.0 2805463.667 nan nan 0.3701 nan nan 259.559 nan nan 
7590000.0 12116.0 2809686.0 nan nan 0.3702 nan nan 253.878 nan nan 
7600000.0 12134.0 2814217.733 nan nan 0.3703 nan nan 254.683 nan nan 
7610000.0 12151.0 2818244.733 nan nan 0.3703 nan nan 248.996 nan nan 
7620000.0 12160.0 2820642.133 nan nan 0.3702 nan nan 254.462 nan nan 
7630000.0 12173.0 2824389.0 nan nan 0.3702 nan nan 258.564 nan nan 
7640000.0 12191.0 2828943.867 nan nan 0.3703 nan nan 257.779 nan nan 
7650000.0 12207.0 2833265.2 nan nan 0.3704 nan nan 258.36 nan nan 
7660000.0 12223.0 2837587.6 nan nan 0.3704 nan nan 262.836 nan nan 
7670000.0 12235.0 2840692.133 nan nan 0.3704 nan nan 264.658 nan nan 
7680000.0 12246.0 2843505.267 nan nan 0.3702 nan nan 260.896 nan nan 
7690000.0 12259.0 2847124.467 nan nan 0.3702 nan nan 262.964 nan nan 
7700000.0 12275.0 2850640.467 nan nan 0.3702 nan nan 254.473 nan nan 
7710000.0 12291.0 2854820.867 nan nan 0.3703 nan nan 256.775 nan nan 
7720000.0 12303.0 2858299.267 nan nan 0.3702 nan nan 259.847 nan nan 
7730000.0 12315.0 2861761.2 nan nan 0.3702 nan nan 270.307 nan nan 
7740000.0 12325.0 2864810.0 nan nan 0.3701 nan nan 272.163 nan nan 
7750000.0 12332.0 2866383.133 nan nan 0.3699 nan nan 268.769 nan nan 
7760000.0 12347.0 2870300.667 nan nan 0.3699 nan nan 267.811 nan nan 
7770000.0 12365.0 2874614.933 nan nan 0.37 nan nan 258.083 nan nan 
7780000.0 12381.0 2878690.467 nan nan 0.37 nan nan 259.705 nan nan 
7790000.0 12397.0 2882932.533 nan nan 0.3701 nan nan 256.841 nan nan 
7800000.0 12408.0 2885962.867 nan nan 0.37 nan nan 262.051 nan nan 
7810000.0 12423.0 2889434.867 nan nan 0.37 nan nan 252.681 nan nan 
7820000.0 12434.0 2892222.733 nan nan 0.3698 nan nan 256.744 nan nan 
7830000.0 12445.0 2895397.733 nan nan 0.3698 nan nan 258.771 nan nan 
7840000.0 12459.0 2899125.2 nan nan 0.3698 nan nan 260.763 nan nan 
7850000.0 12474.0 2903029.867 nan nan 0.3698 nan nan 263.101 nan nan 
7860000.0 12490.0 2907522.867 nan nan 0.3699 nan nan 269.379 nan nan 
7870000.0 12506.0 2911922.467 nan nan 0.37 nan nan 269.002 nan nan 
7880000.0 12517.0 2915038.4 nan nan 0.3699 nan nan 270.432 nan nan 
7890000.0 12532.0 2919205.933 nan nan 0.37 nan nan 274.423 nan nan 
7900000.0 12543.0 2922037.4 nan nan 0.3699 nan nan 271.874 nan nan 
7910000.0 12554.0 2925115.067 nan nan 0.3698 nan nan 274.267 nan nan 
7920000.0 12564.0 2927737.867 nan nan 0.3697 nan nan 267.508 nan nan 
7930000.0 12568.0 2928941.867 nan nan 0.3693 nan nan 270.266 nan nan 
7940000.0 12583.0 2932677.067 nan nan 0.3694 nan nan 268.156 nan nan 
7950000.0 12600.0 2937291.733 nan nan 0.3695 nan nan 267.58 nan nan 
7960000.0 12608.0 2939415.6 nan nan 0.3693 nan nan 264.374 nan nan 
7970000.0 12618.0 2942031.4 nan nan 0.3691 nan nan 265.75 nan nan 
7980000.0 12632.0 2945992.467 nan nan 0.3692 nan nan 268.92 nan nan 
7990000.0 12644.0 2949083.933 nan nan 0.3691 nan nan 270.624 nan nan 
8000000.0 12656.0 2952519.867 nan nan 0.3691 nan nan 270.944 nan nan 
8010000.0 12670.0 2956785.467 nan nan 0.3691 nan nan 277.745 nan nan 
8020000.0 12684.0 2960899.2 nan nan 0.3692 nan nan 282.985 nan nan 
8030000.0 12694.0 2963623.733 nan nan 0.3691 nan nan 280.334 nan nan 
8040000.0 12707.0 2966486.933 nan nan 0.369 nan nan 267.242 nan nan 
8050000.0 12716.0 2969229.2 nan nan 0.3688 nan nan 270.933 nan nan 
8060000.0 12729.0 2972368.267 nan nan 0.3688 nan nan 268.547 nan nan 
8070000.0 12733.0 2973515.6 nan nan 0.3685 nan nan 271.061 nan nan 
8080000.0 12737.0 2974893.133 nan nan 0.3682 nan nan 272.135 nan nan 
8090000.0 12748.0 2977986.8 nan nan 0.3681 nan nan 273.847 nan nan 
8100000.0 12759.0 2980912.467 nan nan 0.368 nan nan 276.456 nan nan 
8110000.0 12776.0 2985513.133 nan nan 0.3681 nan nan 274.561 nan nan 
8120000.0 12788.0 2988373.333 nan nan 0.368 nan nan 267.503 nan nan 
8130000.0 12805.0 2992909.933 nan nan 0.3681 nan nan 266.864 nan nan 
8140000.0 12810.0 2994148.8 nan nan 0.3678 nan nan 266.888 nan nan 
8150000.0 12820.0 2997290.067 nan nan 0.3678 nan nan 269.924 nan nan 
8160000.0 12827.0 2999161.467 nan nan 0.3675 nan nan 269.155 nan nan 
8170000.0 12840.0 3002367.0 nan nan 0.3675 nan nan 263.643 nan nan 
8180000.0 12857.0 3006550.067 nan nan 0.3675 nan nan 261.615 nan nan 
8190000.0 12868.0 3009525.667 nan nan 0.3675 nan nan 260.829 nan nan 
8200000.0 12876.0 3011811.6 nan nan 0.3673 nan nan 263.785 nan nan 
8210000.0 12886.0 3014265.133 nan nan 0.3671 nan nan 265.42 nan nan 
8220000.0 12899.0 3018004.667 nan nan 0.3672 nan nan 266.07 nan nan 
8230000.0 12916.0 3022684.8 nan nan 0.3673 nan nan 268.867 nan nan 
8240000.0 12932.0 3026475.267 nan nan 0.3673 nan nan 260.356 nan nan 
8250000.0 12947.0 3030285.533 nan nan 0.3673 nan nan 257.909 nan nan 
8260000.0 12955.0 3032120.667 nan nan 0.3671 nan nan 254.961 nan nan 
8270000.0 12968.0 3035299.667 nan nan 0.367 nan nan 252.623 nan nan 
8280000.0 12983.0 3038884.6 nan nan 0.367 nan nan 245.777 nan nan 
8290000.0 12997.0 3042107.4 nan nan 0.367 nan nan 244.124 nan nan 
8300000.0 13004.0 3044091.4 nan nan 0.3668 nan nan 249.186 nan nan 
8310000.0 13019.0 3048228.133 nan nan 0.3668 nan nan 255.989 nan nan 
8320000.0 13031.0 3051634.467 nan nan 0.3668 nan nan 262.899 nan nan 
8330000.0 13044.0 3055093.6 nan nan 0.3668 nan nan 263.135 nan nan 
8340000.0 13058.0 3058824.467 nan nan 0.3668 nan nan 264.255 nan nan 
8350000.0 13069.0 3061604.6 nan nan 0.3667 nan nan 260.601 nan nan 
8360000.0 13079.0 3063979.2 nan nan 0.3665 nan nan 258.077 nan nan 
8370000.0 13088.0 3066512.0 nan nan 0.3664 nan nan 261.034 nan nan 
8380000.0 13098.0 3069190.467 nan nan 0.3663 nan nan 260.327 nan nan 
8390000.0 13113.0 3072881.6 nan nan 0.3663 nan nan 258.673 nan nan 
8400000.0 13126.0 3076401.4 nan nan 0.3662 nan nan 259.374 nan nan 
8410000.0 13139.0 3079612.4 nan nan 0.3662 nan nan 260.546 nan nan 
8420000.0 13153.0 3083145.333 nan nan 0.3662 nan nan 255.279 nan nan 
8430000.0 13164.0 3086097.8 nan nan 0.3661 nan nan 260.949 nan nan 
8440000.0 13177.0 3089505.067 nan nan 0.3661 nan nan 260.544 nan nan 
8450000.0 13186.0 3092326.733 nan nan 0.366 nan nan 266.837 nan nan 
8460000.0 13206.0 3097069.667 nan nan 0.3661 nan nan 258.755 nan nan 
8470000.0 13215.0 3099484.867 nan nan 0.3659 nan nan 262.201 nan nan 
8480000.0 13226.0 3102654.8 nan nan 0.3659 nan nan 264.456 nan nan 
8490000.0 13245.0 3106838.333 nan nan 0.3659 nan nan 251.37 nan nan 
8500000.0 13256.0 3109852.0 nan nan 0.3659 nan nan 252.911 nan nan 
8510000.0 13271.0 3113293.0 nan nan 0.3658 nan nan 249.357 nan nan 
8520000.0 13286.0 3117011.667 nan nan 0.3658 nan nan 251.515 nan nan 
8530000.0 13301.0 3120929.867 nan nan 0.3659 nan nan 253.538 nan nan 
8540000.0 13324.0 3125767.933 nan nan 0.366 nan nan 236.653 nan nan 
8550000.0 13343.0 3130312.467 nan nan 0.3661 nan nan 240.029 nan nan 
8560000.0 13360.0 3134825.333 nan nan 0.3662 nan nan 245.705 nan nan 
8570000.0 13377.0 3139041.067 nan nan 0.3663 nan nan 248.849 nan nan 
8580000.0 13393.0 3143667.267 nan nan 0.3664 nan nan 255.763 nan nan 
8590000.0 13407.0 3147183.8 nan nan 0.3664 nan nan 258.924 nan nan 
8600000.0 13421.0 3150990.933 nan nan 0.3664 nan nan 260.283 nan nan 
8610000.0 13431.0 3153670.467 nan nan 0.3663 nan nan 262.579 nan nan 
8620000.0 13438.0 3156030.267 nan nan 0.3661 nan nan 270.674 nan nan 
8630000.0 13446.0 3157958.2 nan nan 0.3659 nan nan 267.585 nan nan 
8640000.0 13463.0 3162369.133 nan nan 0.366 nan nan 262.839 nan nan 
8650000.0 13472.0 3164550.8 nan nan 0.3658 nan nan 265.053 nan nan 
8660000.0 13485.0 3168438.067 nan nan 0.3659 nan nan 267.786 nan nan 
8670000.0 13499.0 3171791.867 nan nan 0.3658 nan nan 263.103 nan nan 
8680000.0 13512.0 3175495.733 nan nan 0.3658 nan nan 264.288 nan nan 
8690000.0 13525.0 3179179.733 nan nan 0.3658 nan nan 271.355 nan nan 
8700000.0 13539.0 3183069.266 nan nan 0.3659 nan nan 274.392 nan nan 
8710000.0 13555.0 3187614.333 nan nan 0.366 nan nan 275.563 nan nan 
8720000.0 13564.0 3189935.266 nan nan 0.3658 nan nan 274.989 nan nan 
8730000.0 13582.0 3194216.0 nan nan 0.3659 nan nan 263.764 nan nan 
8740000.0 13599.0 3198719.333 nan nan 0.366 nan nan 263.475 nan nan 
8750000.0 13608.0 3201360.8 nan nan 0.3659 nan nan 264.96 nan nan 
8760000.0 13625.0 3205801.2 nan nan 0.366 nan nan 264.134 nan nan 
8770000.0 13642.0 3210180.6 nan nan 0.366 nan nan 266.049 nan nan 
8780000.0 13658.0 3214672.4 nan nan 0.3661 nan nan 267.439 nan nan 
8790000.0 13675.0 3219126.866 nan nan 0.3662 nan nan 266.433 nan nan 
8800000.0 13693.0 3223627.533 nan nan 0.3663 nan nan 261.14 nan nan 
8810000.0 13711.0 3228349.133 nan nan 0.3664 nan nan 259.406 nan nan 
8820000.0 13727.0 3232721.4 nan nan 0.3665 nan nan 266.377 nan nan 
8830000.0 13746.0 3237236.4 nan nan 0.3666 nan nan 253.512 nan nan 
8840000.0 13763.0 3241837.266 nan nan 0.3667 nan nan 261.735 nan nan 
8850000.0 13781.0 3246513.866 nan nan 0.3668 nan nan 262.479 nan nan 
8860000.0 13800.0 3251179.4 nan nan 0.367 nan nan 254.905 nan nan 
8870000.0 13815.0 3255606.533 nan nan 0.367 nan nan 262.873 nan nan 
8880000.0 13831.0 3259611.333 nan nan 0.3671 nan nan 260.813 nan nan 
8890000.0 13845.0 3263554.666 nan nan 0.3671 nan nan 264.459 nan nan 
8900000.0 13863.0 3268020.866 nan nan 0.3672 nan nan 259.599 nan nan 
8910000.0 13880.0 3272168.333 nan nan 0.3672 nan nan 256.337 nan nan 
8920000.0 13888.0 3274569.933 nan nan 0.3671 nan nan 261.692 nan nan 
8930000.0 13901.0 3277474.333 nan nan 0.367 nan nan 252.621 nan nan 
8940000.0 13915.0 3280662.466 nan nan 0.367 nan nan 251.302 nan nan 
8950000.0 13933.0 3285520.466 nan nan 0.3671 nan nan 255.745 nan nan 
8960000.0 13956.0 3290129.6 nan nan 0.3672 nan nan 236.069 nan nan 
8970000.0 13973.0 3294700.666 nan nan 0.3673 nan nan 245.303 nan nan 
8980000.0 13990.0 3299108.6 nan nan 0.3674 nan nan 244.678 nan nan 
8990000.0 14006.0 3303465.4 nan nan 0.3675 nan nan 253.207 nan nan 
9000000.0 14026.0 3307833.8 nan nan 0.3675 nan nan 243.788 nan nan 
9010000.0 14043.0 3311588.533 nan nan 0.3675 nan nan 234.955 nan nan 
9020000.0 14061.0 3315840.6 nan nan 0.3676 nan nan 233.494 nan nan 
9030000.0 14078.0 3320512.866 nan nan 0.3677 nan nan 246.172 nan nan 
9040000.0 14096.0 3324888.066 nan nan 0.3678 nan nan 246.577 nan nan 
9050000.0 14113.0 3329678.333 nan nan 0.3679 nan nan 256.429 nan nan 
9060000.0 14130.0 3334404.266 nan nan 0.368 nan nan 263.178 nan nan 
9070000.0 14142.0 3338138.266 nan nan 0.368 nan nan 268.833 nan nan 
9080000.0 14158.0 3342643.4 nan nan 0.3681 nan nan 273.23 nan nan 
9090000.0 14176.0 3346937.6 nan nan 0.3682 nan nan 264.584 nan nan 
9100000.0 14192.0 3351456.0 nan nan 0.3683 nan nan 268.793 nan nan 
9110000.0 14202.0 3354040.733 nan nan 0.3682 nan nan 265.121 nan nan 
9120000.0 14217.0 3357785.866 nan nan 0.3682 nan nan 262.696 nan nan 
9130000.0 14233.0 3362466.266 nan nan 0.3683 nan nan 271.965 nan nan 
9140000.0 14247.0 3366380.066 nan nan 0.3683 nan nan 272.528 nan nan 
9150000.0 14264.0 3371075.4 nan nan 0.3684 nan nan 271.225 nan nan 
9160000.0 14281.0 3375556.466 nan nan 0.3685 nan nan 271.894 nan nan 
9170000.0 14301.0 3380305.866 nan nan 0.3686 nan nan 256.946 nan nan 
9180000.0 14318.0 3384603.066 nan nan 0.3687 nan nan 256.903 nan nan 
9190000.0 14333.0 3388275.4 nan nan 0.3687 nan nan 253.956 nan nan 
9200000.0 14346.0 3391591.333 nan nan 0.3687 nan nan 255.925 nan nan 
9210000.0 14357.0 3394995.666 nan nan 0.3686 nan nan 266.475 nan nan 
9220000.0 14370.0 3398334.333 nan nan 0.3686 nan nan 262.871 nan nan 
9230000.0 14382.0 3401392.066 nan nan 0.3685 nan nan 261.448 nan nan 
9240000.0 14396.0 3405399.133 nan nan 0.3685 nan nan 268.896 nan nan 
9250000.0 14411.0 3409757.733 nan nan 0.3686 nan nan 272.336 nan nan 
9260000.0 14427.0 3414134.2 nan nan 0.3687 nan nan 274.68 nan nan 
9270000.0 14442.0 3418610.666 nan nan 0.3688 nan nan 281.734 nan nan 
9280000.0 14461.0 3423449.0 nan nan 0.3689 nan nan 272.45 nan nan 
9290000.0 14475.0 3427726.266 nan nan 0.369 nan nan 277.725 nan nan 
9300000.0 14486.0 3430659.6 nan nan 0.3689 nan nan 276.464 nan nan 
9310000.0 14500.0 3434181.2 nan nan 0.3689 nan nan 271.133 nan nan 
9320000.0 14516.0 3438070.0 nan nan 0.3689 nan nan 263.593 nan nan 
9330000.0 14531.0 3442101.533 nan nan 0.3689 nan nan 262.877 nan nan 
9340000.0 14546.0 3445666.933 nan nan 0.3689 nan nan 258.309 nan nan 
9350000.0 14563.0 3449766.933 nan nan 0.369 nan nan 249.801 nan nan 
9360000.0 14576.0 3453425.266 nan nan 0.369 nan nan 257.765 nan nan 
9370000.0 14591.0 3457322.333 nan nan 0.369 nan nan 257.696 nan nan 
9380000.0 14603.0 3460424.4 nan nan 0.3689 nan nan 261.255 nan nan 
9390000.0 14612.0 3463062.4 nan nan 0.3688 nan nan 262.941 nan nan 
9400000.0 14614.0 3463568.666 nan nan 0.3685 nan nan 262.858 nan nan 
9410000.0 14627.0 3466771.6 nan nan 0.3684 nan nan 260.209 nan nan 
9420000.0 14643.0 3470860.4 nan nan 0.3685 nan nan 258.97 nan nan 
9430000.0 14659.0 3475501.733 nan nan 0.3686 nan nan 267.264 nan nan 
9440000.0 14669.0 3478404.733 nan nan 0.3685 nan nan 273.264 nan nan 
9450000.0 14681.0 3481515.733 nan nan 0.3684 nan nan 269.042 nan nan 
9460000.0 14692.0 3484197.733 nan nan 0.3683 nan nan 265.308 nan nan 
9470000.0 14701.0 3486979.266 nan nan 0.3682 nan nan 269.466 nan nan 
9480000.0 14711.0 3489214.6 nan nan 0.3681 nan nan 266.118 nan nan 
9490000.0 14725.0 3492955.666 nan nan 0.3681 nan nan 261.913 nan nan 
9500000.0 14736.0 3495791.666 nan nan 0.368 nan nan 266.036 nan nan 
9510000.0 14751.0 3500062.866 nan nan 0.368 nan nan 270.626 nan nan 
9520000.0 14768.0 3504748.466 nan nan 0.3681 nan nan 270.995 nan nan 
9530000.0 14781.0 3508600.666 nan nan 0.3682 nan nan 274.343 nan nan 
9540000.0 14794.0 3512318.266 nan nan 0.3682 nan nan 274.252 nan nan 
9550000.0 14805.0 3515494.4 nan nan 0.3681 nan nan 278.414 nan nan 
9560000.0 14822.0 3519893.4 nan nan 0.3682 nan nan 274.709 nan nan 
9570000.0 14837.0 3524084.533 nan nan 0.3682 nan nan 272.425 nan nan 
9580000.0 14848.0 3526673.733 nan nan 0.3681 nan nan 269.074 nan nan 
9590000.0 14862.0 3530366.066 nan nan 0.3681 nan nan 267.461 nan nan 
9600000.0 14875.0 3533785.6 nan nan 0.3681 nan nan 267.285 nan nan 
9610000.0 14888.0 3537134.933 nan nan 0.3681 nan nan 263.522 nan nan 
9620000.0 14902.0 3541117.0 nan nan 0.3681 nan nan 268.928 nan nan 
9630000.0 14911.0 3543387.533 nan nan 0.368 nan nan 265.593 nan nan 
9640000.0 14931.0 3547472.733 nan nan 0.368 nan nan 248.76 nan nan 
9650000.0 14948.0 3552148.066 nan nan 0.3681 nan nan 254.137 nan nan 
9660000.0 14964.0 3555801.466 nan nan 0.3681 nan nan 248.533 nan nan 
9670000.0 14978.0 3559420.533 nan nan 0.3681 nan nan 250.735 nan nan 
9680000.0 14992.0 3563638.333 nan nan 0.3681 nan nan 262.659 nan nan 
9690000.0 15009.0 3567884.0 nan nan 0.3682 nan nan 256.836 nan nan 
9700000.0 15021.0 3570673.6 nan nan 0.3681 nan nan 250.993 nan nan 
9710000.0 15036.0 3574551.666 nan nan 0.3681 nan nan 255.465 nan nan 
9720000.0 15045.0 3576916.4 nan nan 0.368 nan nan 255.614 nan nan 
9730000.0 15052.0 3578720.533 nan nan 0.3678 nan nan 256.698 nan nan 
9740000.0 15069.0 3583020.0 nan nan 0.3679 nan nan 254.288 nan nan 
9750000.0 15085.0 3587245.8 nan nan 0.3679 nan nan 257.428 nan nan 
9760000.0 15101.0 3591969.133 nan nan 0.368 nan nan 268.17 nan nan 
9770000.0 15115.0 3595648.066 nan nan 0.368 nan nan 265.602 nan nan 
9780000.0 15129.0 3599509.866 nan nan 0.368 nan nan 266.045 nan nan 
9790000.0 15139.0 3602522.933 nan nan 0.368 nan nan 272.731 nan nan 
9800000.0 15148.0 3604712.066 nan nan 0.3678 nan nan 272.605 nan nan 
9810000.0 15163.0 3608741.0 nan nan 0.3679 nan nan 268.276 nan nan 
9820000.0 15176.0 3612248.066 nan nan 0.3678 nan nan 271.368 nan nan 
9830000.0 15182.0 3613937.266 nan nan 0.3676 nan nan 269.596 nan nan 
9840000.0 15196.0 3617367.666 nan nan 0.3676 nan nan 265.011 nan nan 
9850000.0 15215.0 3621584.266 nan nan 0.3677 nan nan 252.326 nan nan 
9860000.0 15232.0 3626119.266 nan nan 0.3678 nan nan 256.739 nan nan 
9870000.0 15249.0 3630587.666 nan nan 0.3678 nan nan 259.664 nan nan 
9880000.0 15266.0 3634997.666 nan nan 0.3679 nan nan 257.409 nan nan 
9890000.0 15282.0 3639314.266 nan nan 0.368 nan nan 258.195 nan nan 
9900000.0 15299.0 3643787.133 nan nan 0.3681 nan nan 260.251 nan nan 
9910000.0 15313.0 3647470.333 nan nan 0.3681 nan nan 265.119 nan nan 
9920000.0 15328.0 3652153.666 nan nan 0.3682 nan nan 272.074 nan nan 
9930000.0 15345.0 3656725.0 nan nan 0.3683 nan nan 271.033 nan nan 
9940000.0 15362.0 3661173.733 nan nan 0.3683 nan nan 269.409 nan nan 
9950000.0 15377.0 3665211.066 nan nan 0.3684 nan nan 273.182 nan nan 
9960000.0 15394.0 3669534.066 nan nan 0.3684 nan nan 267.963 nan nan 
9970000.0 15412.0 3674230.133 nan nan 0.3685 nan nan 265.831 nan nan 
9980000.0 15429.0 3678711.333 nan nan 0.3686 nan nan 262.163 nan nan 
9990000.0 15443.0 3682141.666 nan nan 0.3686 nan nan 259.125 nan nan 
10000000.0 15461.0 3686675.2 nan nan 0.3687 nan nan 257.643 nan nan 
