0 0 0.0 0.0 0.0 0.0 0 0 0 0.0 0.0 
10000 10 182.927 0.0 0.0 0.3714 0 0 0 0.0 0.0 
20000 20 332.392 0.0 0.0 0.6725 0 0 0 0.0 0.0 
30000 30 448.188 -1.0 -0.018 1.7063 0 0 0 0.0006888 6.89e-05 
40000 40 549.13 -1.0 -0.015 2.5726 0 0 0 0.0006148 6.15e-05 
50000 54 594.646 -8.0 -0.132 3.1345 0 0 0 0.0007691 7.69e-05 
60000 64 668.796 -8.0 -0.108 3.7477 0 0 0 0.000894 8.94e-05 
70000 74 729.383 -8.0 -0.088 4.2473 0 0 0 0.000865 8.65e-05 
80000 84 778.886 -8.0 -0.072 4.6734 0 0 0 0.0008075 8.07e-05 
90000 94 819.334 -8.0 -0.059 4.9996 0 0 0 0.0007756 7.76e-05 
100000 104 846.867 -9.0 -0.067 5.2535 0 0 0 0.0007344 7.34e-05 
110000 114 874.879 -9.0 -0.055 5.4973 0 0 0 0.0007113 7.11e-05 
120000 124 889.433 -10.0 -0.063 5.6158 0 0 0 0.0007097 7.1e-05 
130000 134 909.659 -10.0 -0.051 5.7895 0 0 0 0.0007001 7e-05 
140000 145 924.171 -9.0 -0.023 5.8949 0 0 0 0.0007024 7.02e-05 
150000 155 938.042 -9.0 -0.019 5.9996 0 0 0 0.0006953 6.95e-05 
160000 165 949.376 -9.0 -0.016 6.1022 0 0 0 0.0007061 7.06e-05 
170000 175 958.636 -9.0 -0.013 6.1666 0 0 0 0.000688 6.88e-05 
180000 185 966.203 -9.0 -0.01 6.2406 0 0 0 0.0007036 7.04e-05 
190000 195 972.385 -9.0 -0.009 6.2987 0 0 0 0.0007031 7.03e-05 
200000 205 977.437 -9.0 -0.007 6.3318 0 0 0 0.0006813 6.81e-05 
210000 215 981.564 -9.0 -0.006 6.3698 0 0 0 0.0006124 6.12e-05 
220000 225 984.937 -9.0 -0.005 6.3985 0 0 0 0.000525 5.25e-05 
230000 235 987.692 -9.0 -0.004 6.4211 0 0 0 0.0004615 4.62e-05 
240000 245 989.944 -9.0 -0.003 6.4571 0 0 0 0.0004075 4.07e-05 
250000 255 991.783 -9.0 -0.003 6.458 0 0 0 0.0003652 3.65e-05 
260000 265 993.286 -9.0 -0.002 6.4861 0 0 0 0.0003463 3.46e-05 
270000 275 987.399 -8.0 0.017 6.4732 0 0 0 0.0003262 3.26e-05 
280000 285 989.704 -8.0 0.014 6.4853 0 0 0 0.0003123 3.12e-05 
290000 296 977.015 -7.0 0.029 6.4253 0 0 0 0.0002914 2.91e-05 
300000 306 981.22 -7.0 0.023 6.4766 0 0 0 0.0002757 2.76e-05 
310000 316 984.655 -7.0 0.019 6.5042 0 0 0 0.0002637 2.64e-05 
320000 326 983.601 -8.0 -0.004 6.5151 0 0 0 0.0002531 2.53e-05 
330000 337 972.867 -7.0 0.016 6.45 0 0 0 0.000247 2.47e-05 
340000 347 976.518 -8.0 -0.007 6.4774 0 0 0 0.0002317 2.32e-05 
350000 357 980.813 -8.0 -0.006 6.5238 0 0 0 0.0002315 2.31e-05 
360000 367 979.473 -10.0 -0.039 6.5185 0 0 0 0.0002193 2.19e-05 
370000 378 973.02 -8.0 0.006 6.5014 0 0 0 0.0002198 2.2e-05 
380000 388 977.955 -8.0 0.005 6.5456 0 0 0 0.0002189 2.19e-05 
390000 398 981.138 -9.0 -0.014 6.5605 0 0 0 0.0002187 2.19e-05 
400000 408 981.526 -10.0 -0.03 6.5811 0 0 0 0.0002087 2.09e-05 
410000 418 984.905 -10.0 -0.024 6.6179 0 0 0 0.0002079 2.08e-05 
420000 428 987.666 -10.0 -0.02 6.6339 0 0 0 0.0002056 2.06e-05 
430000 438 989.923 -10.0 -0.016 6.666 0 0 0 0.0002015 2.01e-05 
440000 448 991.766 -10.0 -0.013 6.7018 0 0 0 0.0002011 2.01e-05 
450000 458 993.272 -10.0 -0.011 6.7049 0 0 0 0.0001965 1.97e-05 
460000 468 985.173 -11.0 -0.028 6.6646 0 0 0 0.0001878 1.88e-05 
470000 478 987.886 -11.0 -0.023 6.7024 0 0 0 0.0001934 1.93e-05 
480000 488 990.102 -11.0 -0.019 6.7084 0 0 0 0.0001935 1.94e-05 
490000 498 991.912 -11.0 -0.016 6.7301 0 0 0 0.0001893 1.89e-05 
500000 509 989.817 -10.0 0.007 6.7275 0 0 0 0.0001871 1.87e-05 
510000 519 983.747 -11.0 -0.014 6.6736 0 0 0 0.0001952 1.95e-05 
520000 529 986.72 -11.0 -0.011 6.6989 0 0 0 0.0001864 1.86e-05 
530000 539 989.149 -11.0 -0.009 6.7134 0 0 0 0.0001821 1.82e-05 
540000 549 991.134 -11.0 -0.007 6.7286 0 0 0 0.0001822 1.82e-05 
550000 560 977.719 -10.0 0.012 6.6452 0 0 0 0.0001792 1.79e-05 
560000 570 973.678 -11.0 -0.008 6.6188 0 0 0 0.0001785 1.79e-05 
570000 580 978.493 -11.0 -0.007 6.6499 0 0 0 0.0001752 1.75e-05 
580000 590 982.427 -11.0 -0.006 6.6872 0 0 0 0.0001717 1.72e-05 
590000 601 978.262 -13.0 -0.041 6.6562 0 0 0 0.0001673 1.67e-05 
600000 611 977.95 -12.0 -0.016 6.6654 0 0 0 0.0001676 1.68e-05 
610000 621 981.983 -12.0 -0.013 6.7045 0 0 0 0.0001618 1.62e-05 
620000 631 985.279 -12.0 -0.011 6.7159 0 0 0 0.0001614 1.61e-05 
630000 641 987.972 -12.0 -0.009 6.7375 0 0 0 0.0001513 1.51e-05 
640000 651 980.451 -11.0 0.009 6.6945 0 0 0 0.0001526 1.53e-05 
650000 662 982.083 -12.0 -0.009 6.6862 0 0 0 0.0001548 1.55e-05 
660000 672 978.344 -13.0 -0.027 6.6702 0 0 0 0.0001491 1.49e-05 
670000 682 982.305 -13.0 -0.022 6.7071 0 0 0 0.0001451 1.45e-05 
680000 692 985.542 -13.0 -0.018 6.7196 0 0 0 0.0001428 1.43e-05 
690000 702 988.187 -13.0 -0.015 6.7499 0 0 0 0.0001402 1.4e-05 
700000 713 980.252 -13.0 -0.011 6.7078 0 0 0 0.0001391 1.39e-05 
710000 723 983.864 -13.0 -0.009 6.7167 0 0 0 0.0001363 1.36e-05 
720000 733 986.816 -13.0 -0.007 6.7395 0 0 0 0.0001339 1.34e-05 
730000 743 983.605 -14.0 -0.024 6.7284 0 0 0 0.0001362 1.36e-05 
740000 753 986.604 -14.0 -0.02 6.7353 0 0 0 0.0001362 1.36e-05 
750000 763 989.055 -14.0 -0.016 6.7596 0 0 0 0.0001354 1.35e-05 
760000 773 985.417 -15.0 -0.031 6.7434 0 0 0 0.0001323 1.32e-05 
770000 784 980.439 -16.0 -0.043 6.6905 0 0 0 0.0001326 1.33e-05 
780000 794 984.017 -16.0 -0.035 6.7249 0 0 0 0.000131 1.31e-05 
790000 804 986.941 -16.0 -0.028 6.7602 0 0 0 0.0001252 1.25e-05 
800000 814 989.33 -16.0 -0.023 6.7594 0 0 0 0.000128 1.28e-05 
810000 824 980.814 -15.0 -0.001 6.7047 0 0 0 0.0001254 1.25e-05 
820000 834 984.324 -15.0 -0.001 6.7281 0 0 0 0.0001209 1.21e-05 
830000 844 987.191 -15.0 -0.001 6.7403 0 0 0 0.0001222 1.22e-05 
840000 854 984.915 -16.0 -0.017 6.7422 0 0 0 0.0001178 1.18e-05 
850000 865 976.945 -17.0 -0.033 6.6927 0 0 0 0.0001201 1.2e-05 
860000 875 981.163 -17.0 -0.027 6.7131 0 0 0 0.0001142 1.14e-05 
870000 885 984.608 -17.0 -0.022 6.7534 0 0 0 0.0001169 1.17e-05 
880000 895 987.424 -17.0 -0.018 6.765 0 0 0 0.0001168 1.17e-05 
890000 905 989.725 -17.0 -0.015 6.7766 0 0 0 0.0001137 1.14e-05 
900000 915 991.437 -18.0 -0.029 6.7972 0 0 0 0.0001172 1.17e-05 
910000 925 993.004 -18.0 -0.024 6.8014 0 0 0 0.0001144 1.14e-05 
920000 935 994.284 -18.0 -0.019 6.807 0 0 0 0.0001095 1.1e-05 
930000 945 995.329 -18.0 -0.016 6.8244 0 0 0 0.0001148 1.15e-05 
940000 955 996.184 -18.0 -0.013 6.8116 0 0 0 0.0001122 1.12e-05 
950000 965 996.882 -18.0 -0.01 6.816 0 0 0 0.000116 1.16e-05 
960000 975 997.452 -18.0 -0.009 6.8241 0 0 0 0.0001147 1.15e-05 
970000 985 997.918 -18.0 -0.007 6.8182 0 0 0 0.0001145 1.15e-05 
980000 995 997.395 -19.0 -0.023 6.8158 0 0 0 0.0001136 1.14e-05 
990000 1005 997.872 -19.0 -0.019 6.839 0 0 0 0.0001145 1.15e-05 
