0 0 0.0 0.0 0.0 0.0 0 0 0 0.0 0.0001376 
10000 10 182.927 0.0 0.0 0.4682 0 0 0 0.0 0.0101559 
20000 20 331.593 1.0 0.017 0.8874 0 0 0 0.0 -0.012826 
30000 37 403.868 -6.0 -0.095 1.817 0 0 0 0.0010226 0.0683321 
40000 47 512.917 -6.0 -0.078 2.7718 0 0 0 0.0010068 0.0617885 
50000 59 583.366 -3.0 -0.009 3.4794 0 0 0 0.0009649 0.1271864 
60000 75 598.535 -11.0 -0.15 3.7604 0 0 0 0.0010187 -0.0411388 
70000 143 273.652 -56.0 -0.506 1.8361 0 0 0 0.0010788 -0.0555568 
80000 169 317.304 -63.0 -0.415 2.1955 0 0 0 0.0010677 0.0251349 
90000 181 436.146 -62.0 -0.308 3.0539 0 0 0 0.0011131 -0.0054405 
100000 197 478.989 -66.0 -0.289 3.3646 0 0 0 0.0011566 0.023845 
110000 207 574.296 -66.0 -0.236 4.0496 0 0 0 0.0011948 0.0293357 
120000 218 638.529 -66.0 -0.189 4.502 0 0 0 0.0012616 -0.0305708 
130000 230 689.963 -68.0 -0.183 4.8936 0 0 0 0.0013284 0.023249 
140000 270 416.11 -87.0 -0.373 2.9716 0 0 0 0.001315 0.0173638 
150000 292 439.648 -88.0 -0.245 3.1493 0 0 0 0.0013725 -0.0511728 
160000 321 390.257 -107.0 -0.43 2.7822 0 0 0 0.0013824 0.1354511 
170000 362 292.886 -124.0 -0.409 2.082 0 0 0 0.0014629 -0.0537278 
180000 400 294.608 -150.0 -0.521 2.0824 0 0 0 0.001518 0.0084657 
190000 410 417.171 -149.0 -0.407 2.9361 0 0 0 0.0015917 0.0034757 
200000 423 489.089 -149.0 -0.315 3.4535 0 0 0 0.0016673 -0.0340744 
210000 477 289.258 -183.0 -0.57 2.0534 0 0 0 0.0016266 0.0256204 
220000 497 359.894 -176.0 -0.254 2.5646 0 0 0 0.0015542 0.0594398 
230000 519 382.01 -175.0 -0.167 2.7183 0 0 0 0.0015112 0.0673191 
240000 545 376.011 -165.0 0.059 2.6746 0 0 0 0.0015062 -0.0639284 
250000 572 373.053 -156.0 0.195 2.6709 0 0 0 0.001466 -0.092612 
260000 609 309.76 -128.0 0.497 2.2237 0 0 0 0.0014187 0.018833 
270000 652 268.092 -103.0 0.547 1.9406 0 0 0 0.0013613 0.0999286 
280000 694 235.457 -71.0 0.686 1.7077 0 0 0 0.001304 -0.0404433 
290000 756 192.587 -20.0 0.772 1.3918 0 0 0 0.0012662 0.014807 
300000 831 141.67 41.0 0.816 1.0254 0 0 0 0.0012221 -0.1104284 
310000 921 126.01 118.0 0.851 0.9102 0 0 0 0.0011743 -0.0913146 
320000 1048 66.708 240.0 0.961 0.4858 0 0 0 0.0011477 0.0318451 
330000 1187 80.982 369.0 0.96 0.5873 0 0 0 0.0011123 -0.0631059 
340000 1325 64.168 501.0 0.967 0.4749 0 0 0 0.0010722 -0.0750667 
350000 1492 58.035 665.0 0.971 0.4274 0 0 0 0.0010774 0.0379757 
360000 1647 72.865 810.0 0.916 0.5437 0 0 0 0.0010536 -0.0505377 
370000 1838 46.685 1001.0 0.998 0.3489 0 0 0 0.0010263 -0.0488578 
380000 2021 51.442 1183.0 0.997 0.3743 0 0 0 0.0009876 -0.039014 
390000 2224 45.781 1384.0 0.998 0.3353 0 0 0 0.0009612 0.0072364 
400000 2437 46.969 1591.0 0.954 0.3453 0 0 0 0.000941 0.0550437 
410000 2592 58.44 1739.0 0.933 0.4359 0 0 0 0.0009197 -0.0367379 
420000 2737 61.605 1874.0 0.962 0.4499 0 0 0 0.0009198 0.0255242 
430000 2932 50.116 2053.0 0.841 0.368 0 0 0 0.0009002 0.0584945 
440000 3129 48.718 2236.0 0.908 0.3585 0 0 0 0.0008821 -0.055101 
450000 3365 42.63 2472.0 0.999 0.3137 0 0 0 0.0008574 -0.0774926 
460000 3565 51.029 2671.0 0.999 0.3856 0 0 0 0.0008625 0.036969 
470000 3792 44.614 2893.0 0.993 0.3264 0 0 0 0.0008408 0.0237994 
480000 3999 54.676 3100.0 1.0 0.4066 0 0 0 0.0008327 0.0769502 
490000 4236 38.894 3333.0 0.944 0.295 0 0 0 0.0008118 -0.0355318 
500000 4452 49.414 3546.0 0.979 0.3629 0 0 0 0.0008218 -0.0211107 
510000 4676 40.9 3768.0 0.999 0.3028 0 0 0 0.0007999 -0.059242 
520000 4898 39.736 3984.0 0.993 0.2922 0 0 0 0.0007756 -0.025224 
530000 5099 48.696 4184.0 0.999 0.3616 0 0 0 0.0007527 -0.0175721 
540000 5329 41.025 4412.0 0.991 0.3059 0 0 0 0.0007339 -0.0430523 
550000 5557 40.85 4638.0 0.998 0.3049 0 0 0 0.0007435 -0.0046508 
560000 5806 44.98 4885.0 0.963 0.3339 0 0 0 0.0007053 -0.0005049 
570000 6040 44.715 5117.0 0.961 0.3317 0 0 0 0.000687 0.0120838 
580000 6264 42.228 5340.0 0.998 0.3144 0 0 0 0.000687 0.0324052 
590000 6453 46.625 5523.0 0.986 0.3456 0 0 0 0.0006681 -0.0673695 
600000 6690 43.557 5760.0 1.0 0.3286 0 0 0 0.0006547 -0.0148011 
610000 6905 46.711 5975.0 1.0 0.3431 0 0 0 0.0006489 0.0050108 
620000 7119 53.574 6186.0 0.949 0.3985 0 0 0 0.0006579 0.0942144 
630000 7315 50.697 6381.0 0.997 0.382 0 0 0 0.0006405 -0.0220927 
640000 7539 42.301 6605.0 1.0 0.3163 0 0 0 0.0006444 -0.0322032 
650000 7774 45.58 6840.0 1.0 0.3397 0 0 0 0.0006293 0.022068 
660000 7991 41.548 7055.0 0.99 0.3122 0 0 0 0.0006203 -0.0734257 
670000 8192 43.986 7254.0 0.999 0.3248 0 0 0 0.0006274 0.0090709 
680000 8433 39.507 7495.0 1.0 0.2935 0 0 0 0.0006361 -0.038904 
690000 8643 57.634 7704.0 0.98 0.4259 0 0 0 0.0006375 0.069573 
700000 8872 42.48 7931.0 0.999 0.3132 0 0 0 0.0006419 -0.0082553 
710000 9087 41.221 8143.0 0.998 0.3051 0 0 0 0.00064 -0.033602 
720000 9276 61.825 8329.0 0.977 0.4514 0 0 0 0.0006475 -0.0604622 
730000 9448 54.908 8499.0 0.998 0.409 0 0 0 0.0006555 -0.0159609 
740000 9648 47.119 8694.0 0.972 0.345 0 0 0 0.0006537 -0.016149 
750000 9857 48.072 8899.0 0.997 0.3606 0 0 0 0.0006642 -0.0149341 
760000 10066 45.648 9108.0 1.0 0.2876 0 0 0 0.0006752 -0.0786896 
770000 10273 47.449 9313.0 0.999 0.3208 0 0 0 0.0006893 0.1029696 
780000 10496 47.67 9534.0 0.977 0.3384 0 0 0 0.000693 -0.0303184 
790000 10746 41.328 9784.0 1.0 0.2891 0 0 0 0.0006752 0.0069121 
800000 10938 50.706 9976.0 1.0 0.3653 0 0 0 0.0006832 3.05e-05 
810000 11130 56.265 10168.0 1.0 0.4126 0 0 0 0.0006959 -0.0171558 
820000 11335 48.625 10370.0 0.996 0.3597 0 0 0 0.000707 -0.0279815 
830000 11542 49.4 10577.0 1.0 0.3609 0 0 0 0.0006935 0.0506854 
840000 11726 57.718 10760.0 0.996 0.4331 0 0 0 0.0006975 -0.0030556 
850000 11957 43.87 10991.0 1.0 0.3251 0 0 0 0.0007011 0.285015 
860000 12144 48.004 11175.0 0.976 0.3515 0 0 0 0.0007197 0.0132696 
870000 12345 50.433 11370.0 0.985 0.3684 0 0 0 0.0006909 0.0240479 
880000 12561 43.877 11586.0 1.0 0.3249 0 0 0 0.000711 0.0079575 
890000 12790 43.336 11813.0 0.987 0.3172 0 0 0 0.0007084 -0.0379596 
900000 13027 43.369 12048.0 0.999 0.3187 0 0 0 0.0007032 -0.0068717 
910000 13246 45.41 12264.0 0.998 0.3377 0 0 0 0.000722 -0.014139 
920000 13483 41.583 12499.0 0.999 0.3093 0 0 0 0.0007135 -0.0168181 
930000 13687 45.205 12703.0 1.0 0.3398 0 0 0 0.0007105 -0.0331435 
940000 13862 62.351 12878.0 1.0 0.4624 0 0 0 0.0007236 0.0202164 
950000 14094 41.122 13108.0 0.999 0.307 0 0 0 0.0007096 0.3286939 
960000 14317 44.112 13329.0 0.998 0.3276 0 0 0 0.0007135 0.1812369 
970000 14560 40.517 13568.0 0.991 0.3006 0 0 0 0.0007147 -0.0319507 
980000 14769 48.655 13766.0 0.946 0.3586 0 0 0 0.0007075 0.0602888 
990000 14972 49.006 13963.0 0.988 0.3682 0 0 0 0.0007149 -0.0305894 
