10000 16 161.605 405.4 6.813 1.4813 16 29443.0 1461.4856 
20000 39 271.299 1038.333 14.851 2.5027 39 69380.0 1771.67 
30000 54 364.495 1476.133 18.513 3.3607 54 100473.0 1984.7825 
40000 74 423.742 2195.333 23.999 5.0273 74 134558.0 1723.4146 
50000 87 481.566 2816.6 29.043 6.6941 87 156038.0 1575.6712 
60000 102 531.16 3535.4 34.491 8.1203 102 179511.0 1574.1361 
70000 116 593.06 4368.467 41.249 9.6271 116 205203.0 1880.7999 
80000 141 512.817 6106.2 52.015 9.6013 141 251785.0 1841.5183 
90000 163 491.744 7619.4 57.87 10.9752 163 293345.0 1897.9386 
100000 180 524.246 8932.533 63.931 12.8061 180 328061.0 2069.767 
110000 196 542.17 10128.0 66.313 14.0778 196 360380.0 2007.5781 
120000 218 511.104 11626.6 67.21 13.7995 218 402033.0 1819.729 
130000 242 465.544 13350.0 68.614 12.5995 242 445821.0 1687.7157 
140000 266 450.667 15069.333 70.167 12.2067 266 486950.0 1831.4122 
150000 288 448.223 16935.067 74.254 12.0884 288 531847.0 1926.1924 
160000 312 438.185 18900.333 77.673 11.8772 312 578369.0 1975.0938 
170000 331 464.851 20200.8 75.076 12.7494 331 609418.0 1685.6118 
180000 357 417.118 22000.8 72.294 11.5115 357 651536.0 1512.551 
190000 381 424.361 23485.133 67.726 11.6183 381 686470.0 1442.1316 
200000 402 446.613 25361.133 75.476 12.1548 402 728721.0 2004.6592 
210000 424 445.413 27826.467 87.855 12.0364 424 784761.0 2432.8316 
220000 444 468.329 29962.733 94.719 12.5996 444 831698.0 2361.0643 
230000 478 383.731 33140.067 94.466 10.4121 478 905320.0 2206.1716 
240000 506 370.162 35785.667 93.905 10.0904 506 969508.0 2227.4936 
250000 534 365.98 38553.533 96.589 9.9352 534 1035955.0 2410.6044 
260000 562 362.187 41268.4 96.373 9.837 562 1100638.0 2301.2965 
270000 594 328.895 44176.2 92.1 8.9098 594 1170459.0 2117.7285 
280000 619 362.079 46882.267 99.978 9.7779 619 1234692.0 2728.3104 
290000 651 338.064 50163.867 101.266 9.1217 651 1307537.0 2161.1731 
300000 680 337.749 53543.067 107.236 9.0633 680 1382719.0 2550.4838 
310000 698 398.502 55953.2 115.606 10.7129 698 1433577.0 2830.9951 
320000 727 374.58 59466.333 117.849 10.0921 727 1511004.0 2608.2228 
330000 756 361.572 62866.667 117.279 9.7701 756 1586354.0 2586.7854 
340000 782 350.735 66072.267 118.956 9.4783 782 1657981.0 2707.1597 
350000 811 361.42 68926.933 111.501 9.7638 811 1721915.0 2361.0295 
360000 838 368.41 72389.467 118.912 9.9351 838 1800583.0 3045.9003 
370000 861 380.008 75599.667 124.021 10.301 861 1874562.0 2921.2422 
380000 881 429.586 78481.333 133.028 11.7057 881 1938578.0 3323.8986 
390000 906 420.157 81653.667 131.753 11.4668 906 2010026.0 3104.0636 
400000 928 428.104 84719.8 132.651 11.7414 928 2082621.0 3105.1079 
410000 941 504.119 86758.467 137.431 13.7155 941 2129300.0 3313.4045 
420000 960 509.593 89830.133 145.571 13.982 960 2199289.0 3584.3689 
430000 981 505.122 93002.8 149.662 13.8522 981 2272403.0 3774.6198 
440000 998 526.026 95812.333 151.916 14.4807 998 2337247.0 3686.7513 
450000 1014 544.622 98591.133 156.515 15.0681 1014 2401844.0 3753.8738 
460000 1037 506.173 101960.933 153.681 13.9976 1037 2478022.0 3302.1587 
470000 1055 528.184 104459.2 150.139 14.6399 1055 2534653.0 3320.2962 
480000 1069 561.403 106784.6 151.633 15.5854 1069 2590219.0 3714.3289 
490000 1083 604.47 109105.2 156.232 16.7605 1083 2644209.0 3909.1059 
500000 1097 631.397 111779.933 165.797 17.5494 1097 2707193.0 4417.4688 
510000 1110 661.03 114344.867 172.603 18.3357 1110 2764573.0 4370.2242 
520000 1119 733.639 116114.867 175.881 20.1828 1119 2804850.0 4413.5877 
530000 1136 693.825 119135.8 176.95 19.0672 1136 2872686.0 4086.5691 
540000 1148 728.884 121174.333 177.457 20.0391 1148 2921158.0 4308.6864 
550000 1172 610.2 124731.6 165.688 16.7176 1172 2998717.0 3469.9948 
560000 1189 606.063 127800.267 170.444 16.5282 1189 3064284.0 3927.4563 
570000 1203 628.429 130126.067 169.572 17.0771 1203 3115667.0 3664.8161 
580000 1222 598.143 133640.0 174.571 16.3467 1222 3192984.0 4095.7876 
590000 1238 535.415 135995.533 164.295 14.6295 1238 3243833.0 3061.6692 
600000 1257 582.165 139002.0 162.797 15.8599 1257 3311006.0 3459.3184 
610000 1274 585.432 142075.933 168.867 16.0498 1274 3380544.0 3787.4499 
620000 1286 633.644 144794.2 179.598 17.5041 1286 3443262.0 4735.7418 
630000 1300 652.309 147676.867 185.861 17.9512 1300 3506181.0 4450.1245 
640000 1313 686.508 150326.6 191.611 18.8089 1313 3564889.0 4637.732 
650000 1327 686.519 153033.133 191.282 18.8025 1327 3626080.0 4488.5774 
660000 1343 669.227 156097.4 190.831 18.2428 1343 3691840.0 4090.7332 
670000 1359 643.655 159051.8 187.852 17.555 1359 3758019.0 3828.2587 
680000 1373 637.929 161715.067 188.394 17.4142 1373 3815565.0 3986.5834 
690000 1385 697.289 163691.533 184.547 18.8397 1385 3859000.0 3775.5798 
700000 1407 620.934 167262.6 177.477 16.7618 1407 3936222.0 3469.1495 
710000 1430 545.015 171029.067 170.349 14.7067 1430 4017200.0 3436.2412 
720000 1454 496.635 174714.133 163.279 13.2948 1454 4094182.0 3031.4635 
730000 1474 500.941 177519.267 157.459 13.3659 1474 4154324.0 3168.8984 
740000 1496 476.416 181307.067 160.582 12.8351 1496 4237218.0 3693.8324 
750000 1509 516.776 183954.467 170.342 14.0905 1509 4296615.0 4244.0398 
760000 1525 573.253 187005.4 176.801 15.652 1525 4364912.0 4235.3881 
770000 1538 620.221 189306.133 178.392 16.8391 1538 4416538.0 4088.9048 
780000 1551 622.849 191946.333 181.09 16.9777 1551 4475532.0 4156.8752 
790000 1563 689.762 194364.667 186.403 18.7856 1563 4531102.0 4675.3099 
800000 1579 676.867 197611.067 192.665 18.472 1579 4605060.0 4769.5914 
810000 1593 675.774 200989.667 201.068 18.5694 1593 4679557.0 5010.3559 
820000 1611 649.752 204738.333 207.098 17.9938 1611 4762135.0 4879.6691 
830000 1622 669.511 207307.2 209.595 18.5622 1622 4817832.0 4838.8025 
840000 1634 725.698 209790.933 210.963 19.9591 1634 4871921.0 4815.2986 
850000 1644 782.966 211865.067 209.956 21.4499 1644 4916110.0 4607.7837 
860000 1659 745.664 215130.867 211.524 20.4471 1659 4985142.0 4570.5757 
870000 1671 763.954 217703.133 211.679 20.8321 1671 5039644.0 4513.8458 
880000 1687 723.605 220376.133 201.697 19.6674 1687 5096355.0 3851.5305 
890000 1702 701.78 223635.467 203.147 19.1182 1702 5166952.0 4335.074 
900000 1719 675.664 227040.8 203.095 18.4282 1719 5239669.0 4381.5772 
910000 1734 682.074 229894.6 200.141 18.454 1734 5299688.0 4243.2068 
920000 1742 722.8 231565.667 199.666 19.4925 1742 5334015.0 4118.4504 
930000 1754 776.279 233742.267 197.206 20.9539 1754 5378883.0 3974.8797 
940000 1762 810.573 235486.0 198.888 21.919 1762 5416183.0 4298.9365 
950000 1779 758.719 238500.933 191.49 20.4636 1779 5479749.0 3598.7773 
960000 1787 804.429 240385.6 197.57 21.7697 1787 5518809.0 4263.3769 
970000 1807 739.617 244066.533 196.885 20.1159 1807 5598512.0 4242.0234 
980000 1822 713.177 247061.533 194.685 19.362 1822 5661664.0 3758.3321 
990000 1836 719.377 249534.4 192.819 19.4832 1836 5713526.0 3875.1934 
1000000 1848 703.555 251922.467 192.277 19.1119 1848 5762947.0 3966.7051 
1010000 1862 737.96 254386.4 188.559 19.9686 1862 5814784.0 3838.5245 
1020000 1878 706.878 257487.8 190.688 19.15 1878 5883127.0 4257.3591 
1030000 1886 784.779 259152.6 191.662 21.2848 1886 5918158.0 4258.3166 
1040000 1890 898.564 260163.867 195.75 24.3489 1890 5939368.0 4530.9622 
1050000 1898 977.428 261427.467 193.457 26.4708 1898 5965752.0 4089.3065 
1060000 1909 964.009 263174.333 185.358 25.9291 1909 6001743.0 3442.7155 
1070000 1924 837.451 265421.733 173.629 22.5043 1924 6050208.0 3188.6453 
1080000 1948 705.779 269142.667 165.986 19.0023 1948 6128822.0 3281.2562 
1090000 1961 723.344 271275.067 168.212 19.4102 1961 6173678.0 3548.5266 
1100000 1970 749.637 273010.867 169.386 20.0809 1970 6209196.0 3613.6294 
1110000 1980 836.834 274976.0 176.235 22.3187 1980 6249157.0 3942.9493 
1120000 1988 829.147 276652.067 180.699 22.1301 1988 6283165.0 4156.9396 
1130000 2004 826.622 279964.2 189.147 22.1932 2004 6351303.0 4172.9844 
1140000 2026 697.105 284073.8 189.936 18.731 2026 6438189.0 4184.6517 
1150000 2045 642.346 287324.933 183.904 17.1921 2045 6506074.0 3772.9258 
1160000 2064 600.013 291647.133 195.258 16.1261 2064 6595962.0 4692.5848 
1170000 2089 527.158 295736.933 184.997 14.1527 2089 6683565.0 3704.5742 
1180000 2101 588.075 298649.2 195.956 15.8797 2101 6743133.0 4515.8166 
1190000 2120 577.028 302631.667 203.637 15.834 2120 6827118.0 4789.3549 
1200000 2128 670.969 304566.4 206.51 18.3383 2128 6867464.0 4648.213 
1210000 2144 666.444 308249.933 215.219 18.2194 2144 6942406.0 4760.3892 
1220000 2158 678.533 311339.467 217.246 18.5762 2158 7007586.0 4881.6024 
1230000 2177 629.686 315602.667 219.16 17.2388 2177 7095995.0 4789.8455 
1240000 2189 638.462 318485.467 220.76 17.4926 2189 7155187.0 4852.3853 
1250000 2197 725.134 320372.133 224.285 19.7237 2197 7193109.0 4951.3905 
1260000 2211 744.104 323669.0 226.418 20.202 2211 7260090.0 4721.2286 
1270000 2227 721.214 326547.6 215.143 19.535 2227 7320575.0 3968.3756 
1280000 2247 645.232 331187.933 219.683 17.4132 2247 7415928.0 4770.1163 
1290000 2263 637.769 334481.533 215.484 17.2398 2263 7486709.0 4305.7651 
1300000 2277 656.901 337763.267 221.065 17.8754 2277 7556213.0 4804.2154 
1310000 2292 662.884 341308.733 225.761 18.058 2292 7629255.0 4877.9558 
1320000 2310 625.611 345706.2 229.656 17.2065 2310 7720147.0 4914.0358 
1330000 2325 643.823 349057.133 231.694 17.8093 2325 7788691.0 5003.2189 
1340000 2333 706.869 351249.133 234.147 19.5573 2333 7833382.0 4994.4221 
1350000 2354 634.547 355674.2 224.849 17.5518 2354 7923618.0 4339.331 
1360000 2375 581.602 360091.333 220.026 16.0152 2375 8016101.0 4229.6693 
1370000 2394 556.797 364182.333 218.842 15.2562 2394 8101719.0 4352.7581 
1380000 2410 592.634 367687.533 221.196 16.1378 2410 8173200.0 4664.3157 
1390000 2418 685.11 369322.667 217.47 18.546 2418 8207402.0 4313.0278 
1400000 2434 668.098 372853.467 218.037 18.0506 2434 8280612.0 4429.4433 
1410000 2455 597.747 377291.067 214.986 16.0713 2455 8372116.0 4207.1692 
1420000 2470 617.675 380456.133 215.372 16.6822 2470 8439538.0 4413.0272 
1430000 2488 602.602 384024.667 210.843 16.2946 2488 8512761.0 4138.6722 
1440000 2496 701.577 385728.867 210.421 18.8278 2496 8547504.0 4179.5848 
1450000 2510 696.517 388498.6 207.4 18.6862 2510 8605215.0 4133.8326 
1460000 2526 665.986 392098.133 208.073 17.7246 2526 8681394.0 4386.6027 
1470000 2546 620.406 396115.467 209.351 16.5016 2546 8765733.0 4322.8974 
1480000 2567 569.392 400617.2 210.629 15.1373 2567 8859506.0 4398.5698 
1490000 2584 567.317 404576.133 215.05 15.1702 2584 8942367.0 4524.5578 
1500000 2596 630.814 407206.067 217.715 16.8138 2596 8996745.0 4606.3458 
1510000 2607 685.028 409650.0 217.921 18.3017 2607 9050195.0 4724.7473 
1520000 2629 602.664 414041.6 211.866 16.1469 2629 9143784.0 4190.8108 
1530000 2648 578.607 418091.8 212.214 15.6087 2648 9228220.0 4423.2279 
1540000 2663 591.411 421703.8 216.861 15.9851 2663 9302043.0 4638.3824 
1550000 2680 595.301 425251.267 216.328 16.0552 2680 9376200.0 4589.2265 
1560000 2698 583.074 428852.267 211.844 15.7364 2698 9451274.0 4274.5486 
1570000 2713 603.332 432007.6 210.952 16.3072 2713 9517307.0 4302.3904 
1580000 2725 608.781 434610.933 208.104 16.3843 2725 9572196.0 4133.2706 
1590000 2746 585.639 439088.8 209.588 15.6902 2746 9664464.0 4273.2522 
1600000 2766 565.765 443376.4 214.884 15.1946 2766 9753165.0 4569.0068 
1610000 2786 544.383 447748.6 216.91 14.6959 2786 9843359.0 4753.9471 
1620000 2802 560.055 451211.867 215.535 15.2226 2802 9915097.0 4435.5196 
1630000 2818 569.558 454801.533 216.091 15.3358 2818 9988825.0 4457.7492 
1640000 2831 622.349 457815.2 221.427 16.7227 2831 10049947.0 4760.3111 
1650000 2843 662.1 460523.133 220.336 17.7455 2843 10105293.0 4488.8694 
1660000 2861 622.099 464399.467 219.243 16.7737 2861 10187819.0 4669.5742 
1670000 2883 576.279 468787.8 215.276 15.5677 2883 10280288.0 4594.6639 
1680000 2903 552.305 473330.533 219.495 14.9798 2903 10375623.0 4719.8001 
1690000 2925 516.552 478046.133 217.303 13.9143 2925 10472237.0 4302.1456 
1700000 2947 493.21 482629.8 213.202 13.2343 2947 10567310.0 4296.4098 
1710000 2956 582.21 484984.8 218.08 15.6727 2956 10616240.0 4666.0725 
1720000 2970 629.177 488115.467 222.975 16.8305 2970 10679701.0 4762.6958 
1730000 2985 639.512 491367.2 221.197 17.1558 2985 10747624.0 4602.9661 
1740000 2997 643.587 494342.133 221.897 17.309 2997 10809577.0 4644.4572 
1750000 3017 624.509 498879.267 229.06 16.8577 3017 10902188.0 4954.9045 
1760000 3029 665.394 501450.267 224.869 17.8674 3029 10954639.0 4548.6096 
1770000 3037 718.293 503365.867 222.91 19.2165 3037 10993981.0 4397.0255 
1780000 3047 799.184 505737.467 226.513 21.3433 3047 11041252.0 4780.4152 
1790000 3065 727.703 510047.4 231.76 19.5633 3065 11130305.0 4891.8619 
1800000 3088 618.132 514612.733 219.245 16.6226 3088 11225053.0 4073.5973 
1810000 3108 572.254 518699.8 212.403 15.4268 3108 11310473.0 4240.4829 
1820000 3123 599.284 522214.267 218.351 16.1955 3123 11383265.0 4848.9312 
1830000 3135 650.109 524825.0 217.994 17.6302 3135 11436702.0 4526.0683 
1840000 3156 593.178 529197.067 215.245 16.2212 3156 11527776.0 4261.4335 
1850000 3173 590.009 533309.067 223.759 16.1631 3173 11616767.0 5207.7909 
1860000 3195 539.496 537576.067 212.272 14.7061 3195 11705629.0 3961.9501 
1870000 3219 497.114 541718.333 198.508 13.5469 3219 11794068.0 3884.5668 
1880000 3237 492.485 545354.6 197.165 13.433 3237 11871156.0 3833.1106 
1890000 3254 534.566 549021.6 204.628 14.5777 3254 11949024.0 4496.6753 
1900000 3268 573.992 552159.4 207.82 15.6895 3268 12016578.0 4614.6463 
1910000 3285 579.167 555181.133 199.973 15.7488 3285 12080627.0 4012.636 
1920000 3305 552.494 559247.333 199.69 14.914 3305 12166023.0 4278.558 
1930000 3328 511.25 563649.6 198.329 13.7169 3328 12258396.0 4395.0257 
1940000 3340 580.703 566353.6 202.594 15.6167 3340 12315005.0 4533.7793 
1950000 3349 672.967 568553.267 211.703 18.0726 3349 12361256.0 5044.4011 
1960000 3365 658.513 572451.533 219.546 17.7468 3365 12444201.0 5011.4675 
1970000 3378 691.791 574735.8 211.049 18.5691 3378 12492493.0 4284.9582 
1980000 3392 691.63 578208.6 218.453 18.6368 3392 12564345.0 4942.9535 
1990000 3410 655.87 581571.6 210.097 17.6437 3410 12635282.0 4085.0238 
2000000 3429 614.691 585613.133 210.825 16.5489 3429 12720857.0 4634.2402 
2010000 3446 608.705 589715.267 220.477 16.5415 3446 12804942.0 5029.3226 
2020000 3461 621.95 593385.733 225.618 16.9851 3461 12882475.0 5033.81 
2030000 3475 655.432 596734.467 232.289 17.9179 3475 12951173.0 5284.7103 
2040000 3489 663.243 600231.6 232.073 18.1167 3489 13024459.0 4822.1599 
2050000 3508 618.994 604645.667 232.334 16.8811 3508 13115216.0 4706.5395 
2060000 3526 593.563 609004.867 233.425 16.197 3526 13205326.0 4623.2056 
2070000 3542 609.619 612568.467 233.346 16.5793 3542 13277719.0 4604.4612 
2080000 3562 571.878 616817.6 226.083 15.5517 3562 13366228.0 4278.5796 
2090000 3578 585.518 620651.733 230.506 16.0467 3578 13445727.0 4751.4249 
2100000 3592 616.296 624387.333 238.295 16.9643 3592 13523121.0 5362.7399 
2110000 3604 645.043 627547.533 240.592 17.7351 3604 13589977.0 5149.0307 
2120000 3622 626.338 631808.733 239.723 17.1919 3622 13679040.0 5086.8515 
2130000 3640 606.506 635822.733 234.69 16.6239 3640 13763077.0 4757.4688 
2140000 3659 586.128 640449.0 239.739 16.1567 3659 13859485.0 5046.3924 
2150000 3670 639.992 643290.667 240.639 17.5081 3670 13917599.0 4965.0519 
2160000 3680 707.711 646002.0 246.585 19.2649 3680 13973580.0 5455.5597 
2170000 3695 687.422 649094.4 236.112 18.5208 3695 14035609.0 4508.8405 
2180000 3706 748.803 651931.2 241.61 20.148 3706 14093633.0 5061.2981 
2190000 3721 712.056 655151.267 234.281 19.1349 3721 14159610.0 4641.5532 
2200000 3740 672.643 659550.933 236.355 18.1368 3740 14252324.0 5188.471 
2210000 3758 629.671 664308.267 241.492 17.1159 3758 14349657.0 5311.5291 
2220000 3773 644.892 667587.6 240.231 17.5285 3773 14419175.0 5097.5446 
2230000 3787 666.285 670959.867 240.717 18.0443 3787 14490996.0 5218.9208 
2240000 3801 674.76 674973.133 250.023 18.3984 3801 14574294.0 5622.9003 
2250000 3818 648.005 679256.533 250.357 17.7286 3818 14663752.0 5321.8749 
2260000 3836 605.173 683503.467 243.83 16.6234 3836 14751060.0 4667.8134 
2270000 3854 595.116 687750.267 240.369 16.3986 3854 14838791.0 4642.2787 
2280000 3867 632.9 691236.0 247.812 17.4534 3867 14911232.0 5507.7064 
2290000 3884 623.985 694969.867 241.345 17.1099 3884 14988829.0 4581.669 
2300000 3901 610.549 698518.267 232.142 16.6711 3901 15061003.0 4261.4364 
2310000 3919 589.296 702746.333 231.049 16.0137 3919 15148062.0 4619.4611 
2320000 3937 574.102 707195.733 234.517 15.6629 3937 15240366.0 4839.8094 
2330000 3956 565.172 711594.333 235.818 15.4878 3956 15332764.0 4962.6553 
2340000 3970 601.118 715125.333 237.216 16.3821 3970 15405591.0 4913.2466 
2350000 3987 598.849 718813.067 234.006 16.3112 3987 15482485.0 4881.0498 
2360000 4004 600.396 722375.267 228.031 16.2267 4004 15556539.0 4614.5531 
2370000 4022 584.343 726737.733 231.656 15.8234 4022 15645871.0 5021.7105 
2380000 4033 615.59 729385.133 230.866 16.6184 4033 15700821.0 4768.8406 
2390000 4055 585.225 733700.133 220.522 15.7536 4055 15791600.0 4582.6576 
2400000 4063 688.387 735781.733 227.682 18.5033 4063 15834007.0 5104.9599 
2410000 4077 679.147 739221.067 229.343 18.2911 4077 15906802.0 5030.0433 
2420000 4081 795.451 740265.467 232.232 21.3327 4081 15927554.0 5154.4767 
2430000 4093 832.376 742664.4 226.937 22.2603 4093 15977899.0 4549.1424 
2440000 4117 670.556 747065.867 210.245 17.9138 4117 16069927.0 3664.9284 
2450000 4140 583.1 751513.267 203.467 15.6578 4140 16162031.0 3807.7871 
2460000 4154 611.949 754884.533 211.544 16.5361 4154 16234004.0 4684.9719 
2470000 4163 683.706 757455.467 221.131 18.5294 4163 16286870.0 5162.8108 
2480000 4178 689.831 761296.6 232.93 18.7686 4178 16366794.0 5481.5901 
2490000 4198 626.166 765767.2 229.736 16.9995 4198 16459078.0 4733.7613 
2500000 4212 644.537 769126.867 230.887 17.5019 4212 16528130.0 4867.2545 
2510000 4230 616.522 772871.333 223.7 16.731 4230 16606214.0 4601.2831 
2520000 4247 615.703 776863.667 230.8 16.8509 4247 16691184.0 5170.0764 
2530000 4263 609.848 780834.333 231.726 16.6226 4263 16775875.0 5138.2802 
2540000 4282 589.315 785177.267 233.296 16.1605 4282 16866380.0 5055.9231 
2550000 4296 614.584 789312.667 246.325 16.917 4296 16952912.0 5871.1188 
2560000 4314 604.781 793812.467 250.865 16.6295 4314 17045874.0 5363.0279 
2570000 4332 585.434 798307.2 248.567 16.0046 4332 17138542.0 5005.9359 
2580000 4343 634.457 801019.533 247.012 17.3619 4343 17195272.0 5027.8173 
2590000 4352 724.512 803208.067 247.254 19.7349 4352 17239093.0 5023.7499 
2600000 4368 701.118 807002.533 247.124 19.1311 4368 17319170.0 5204.1263 
2610000 4386 655.008 811099.267 239.576 17.8725 4386 17407155.0 4870.0422 
2620000 4402 637.854 814859.133 236.178 17.4004 4402 17487220.0 4908.3884 
2630000 4415 680.507 818276.8 246.106 18.5353 4415 17557476.0 5539.1581 
2640000 4433 641.957 822790.867 247.081 17.5399 4433 17649584.0 5206.8504 
2650000 4452 606.984 826714.0 235.617 16.5451 4452 17732762.0 4634.1686 
2660000 4469 598.926 830980.733 238.758 16.4375 4469 17822468.0 5198.9708 
2670000 4485 606.85 835071.733 243.387 16.7616 4485 17909881.0 5478.697 
2680000 4502 601.313 839399.867 246.592 16.6663 4502 18000502.0 5446.0379 
2690000 4515 640.741 842670.133 246.962 17.6536 4515 18067593.0 5231.3933 
2700000 4531 635.066 846638.2 247.63 17.5492 4531 18151287.0 5262.2047 
2710000 4548 622.783 850913.0 248.297 17.2483 4548 18243283.0 5303.476 
2720000 4564 618.187 854377.867 239.508 17.0376 4564 18317388.0 4551.4545 
2730000 4581 614.142 858717.733 245.655 17.0035 4581 18409321.0 5404.0145 
2740000 4595 630.906 862267.2 245.859 17.3974 4595 18483327.0 5054.9628 
2750000 4613 604.848 866517.867 241.956 16.7 4613 18572266.0 4988.242 
2760000 4630 599.526 870580.267 240.461 16.6045 4630 18657801.0 5089.1148 
2770000 4642 647.22 873610.733 243.132 17.8295 4642 18722032.0 5307.2028 
2780000 4661 608.431 877767.133 236.189 16.8014 4661 18810588.0 4725.8431 
2790000 4678 601.996 882374.733 246.476 16.703 4678 18904947.0 5373.767 
2800000 4696 595.138 886725.733 247.837 16.5743 4696 18996326.0 5376.9368 
2810000 4715 573.784 891087.867 241.642 15.9008 4715 19086758.0 4748.1507 
2820000 4732 570.797 895598.0 245.951 15.9075 4732 19181717.0 5412.693 
2830000 4749 574.578 900015.0 248.95 15.9012 4749 19272562.0 5389.2368 
2840000 4762 628.401 903161.533 248.647 17.3594 4762 19338138.0 5348.4126 
2850000 4780 616.03 907454.6 250.245 16.9717 4780 19427505.0 5413.33 
2860000 4797 601.779 911972.0 251.787 16.6097 4797 19520851.0 5329.713 
2870000 4816 575.092 916512.8 246.904 15.8709 4816 19613978.0 4874.1576 
2880000 4830 616.49 919739.533 245.794 16.9026 4830 19681080.0 4893.9544 
2890000 4848 598.144 924000.533 243.412 16.4631 4848 19770008.0 4884.2744 
2900000 4862 624.053 927536.933 244.254 17.1561 4862 19843225.0 5119.4384 
2910000 4882 585.868 931698.133 234.848 15.9777 4882 19929211.0 4698.0284 
2920000 4903 545.337 936131.267 224.963 14.7815 4903 20020797.0 4442.1417 
2930000 4921 543.296 940427.067 227.193 14.8286 4921 20111261.0 4803.0294 
2940000 4935 579.624 943861.333 231.447 15.7676 4935 20183908.0 5011.5484 
2950000 4952 577.128 947998.8 233.794 15.757 4952 20271330.0 5016.3352 
2960000 4966 624.649 951529.667 240.726 17.0041 4966 20344713.0 5374.6326 
2970000 4980 643.937 954966.933 241.917 17.5442 4980 20416349.0 5144.1709 
2980000 4995 646.754 958946.667 246.883 17.6665 4995 20500905.0 5634.0934 
2990000 5010 649.848 962548.533 245.149 17.7996 5010 20575636.0 4864.7463 
3000000 5028 622.887 966610.0 241.1 17.1198 5028 20659515.0 4957.3421 
3010000 5045 614.114 970991.333 246.713 16.9227 5045 20750542.0 5316.9709 
3020000 5059 635.027 974748.8 249.812 17.4247 5059 20828014.0 5167.0142 
3030000 5072 654.216 978023.8 249.586 17.9044 5072 20895056.0 5005.0987 
3040000 5084 668.395 981027.733 247.027 18.2284 5084 20957150.0 4806.8769 
3050000 5099 671.034 984821.333 247.936 18.2466 5099 21034131.0 5008.8544 
3060000 5109 714.097 987662.2 254.419 19.4299 5109 21092208.0 5475.4308 
3070000 5121 759.94 990550.867 251.46 20.6367 5121 21150275.0 4903.57 
3080000 5131 811.286 993392.067 257.897 21.9937 5131 21207071.0 5440.9806 
3090000 5141 843.101 996068.467 261.862 22.8735 5141 21262027.0 5615.7345 
3100000 5152 843.859 999084.2 261.812 22.8946 5152 21326492.0 5606.4055 
3110000 5166 819.451 1002375.133 256.265 22.2284 5166 21394178.0 5023.0729 
3120000 5186 714.415 1006946.533 248.05 19.351 5186 21488055.0 4976.8083 
3130000 5199 721.387 1010095.267 245.004 19.5854 5199 21553390.0 4812.7775 
3140000 5216 685.878 1014322.867 248.561 18.7625 5216 21642125.0 5192.8862 
3150000 5232 664.15 1018841.533 255.21 18.321 5232 21734885.0 5513.3667 
3160000 5250 630.525 1023085.933 251.174 17.3802 5250 21823720.0 5013.5772 
3170000 5267 623.295 1027478.2 253.56 17.2449 5267 21915507.0 5416.0293 
3180000 5283 621.878 1031580.6 253.768 17.2219 5283 22001099.0 5351.9369 
3190000 5295 670.287 1034463.533 251.846 18.4805 5295 22060219.0 5213.9749 
3200000 5308 692.371 1038167.4 258.583 19.1041 5308 22138737.0 5766.6388 
3210000 5321 717.384 1041364.333 258.253 19.6967 5321 22206271.0 5543.6163 
3220000 5338 681.54 1045963.333 262.343 18.7903 5338 22300586.0 5510.0721 
3230000 5351 698.477 1049374.133 261.276 19.2052 5351 22371355.0 5316.8909 
3240000 5369 648.386 1053773.933 252.82 17.9679 5369 22462950.0 4611.3827 
3250000 5385 644.334 1057738.333 250.88 17.8359 5385 22545059.0 5239.2766 
3260000 5394 698.479 1060104.733 251.685 19.246 5394 22594345.0 5158.4044 
3270000 5407 695.506 1063480.933 254.567 19.207 5407 22664751.0 5458.0243 
3280000 5425 687.035 1067235.667 242.887 18.8732 5425 22742574.0 4715.7386 
3290000 5442 656.624 1070773.733 233.465 17.8532 5442 22815418.0 4667.5068 
3300000 5453 718.139 1073311.4 235.627 19.4524 5453 22867993.0 5032.3554 
3310000 5463 767.556 1076056.533 240.229 20.9102 5463 22925120.0 5309.423 
3320000 5470 849.184 1078083.4 245.215 23.0783 5470 22965889.0 5474.2343 
3330000 5481 865.845 1080788.067 246.755 23.5819 5481 23021430.0 5172.0678 
3340000 5497 795.524 1084736.2 245.7 21.6739 5497 23102437.0 4845.8548 
3350000 5515 724.958 1088656.8 238.8 19.7435 5515 23185773.0 4648.3732 
3360000 5531 697.74 1092100.8 232.794 18.9863 5531 23259008.0 4799.3151 
3370000 5541 737.346 1094779.533 234.662 19.9976 5541 23314348.0 4915.8799 
3380000 5557 715.101 1098394.467 235.154 19.3526 5557 23388582.0 4858.5497 
3390000 5570 720.862 1101853.4 240.19 19.5353 5570 23459567.0 5157.0571 
3400000 5581 755.245 1104648.333 242.811 20.4489 5581 23516527.0 5186.3886 
3410000 5600 684.299 1108907.133 237.109 18.7126 5600 23604221.0 4689.526 
3420000 5611 726.687 1111412.733 236.899 19.8442 5611 23656306.0 4725.3668 
3430000 5625 728.197 1114708.6 236.637 19.9405 5625 23725407.0 4876.6076 
3440000 5643 677.199 1118954.6 237.15 18.568 5643 23813299.0 5078.9696 
3450000 5657 680.408 1122443.933 237.175 18.6498 5657 23886005.0 4989.054 
3460000 5674 658.697 1126690.6 241.728 18.0606 5674 23973376.0 5192.4697 
3470000 5684 712.914 1129100.467 242.509 19.508 5684 24024121.0 5192.7593 
3480000 5697 739.804 1132173.467 242.545 20.2191 5697 24086745.0 4988.1501 
3490000 5711 737.833 1135722.267 246.256 20.1584 5711 24159533.0 5154.4369 
3500000 5721 788.306 1138515.0 252.582 21.4675 5721 24216558.0 5553.1639 
3510000 5740 702.96 1142947.2 245.557 19.1845 5740 24308168.0 4793.5177 
3520000 5755 694.969 1146143.0 235.365 19.047 5755 24374485.0 4275.8473 
3530000 5773 659.058 1150728.8 244.058 18.0751 5773 24468983.0 5555.3728 
3540000 5790 635.168 1154938.8 243.165 17.4747 5790 24557910.0 5183.1441 
3550000 5807 604.87 1159002.133 238.425 16.541 5807 24643312.0 4684.9716 
3560000 5815 709.107 1161136.067 243.462 19.4294 5815 24686479.0 5110.8467 
3570000 5829 722.733 1164336.4 243.828 19.7368 5829 24753094.0 5057.1929 
3580000 5847 670.707 1168767.0 244.175 18.4193 5847 24845910.0 5174.5393 
3590000 5861 666.264 1172419.067 248.576 18.2838 5861 24922125.0 5350.2917 
3600000 5876 671.513 1176132.133 245.248 18.3454 5876 24998064.0 4890.104 
3610000 5889 665.849 1179485.6 246.562 18.2438 5889 25067874.0 5012.9232 
3620000 5905 670.684 1183705.333 250.583 18.2919 5905 25155218.0 5142.5903 
3630000 5923 638.915 1188210.4 252.623 17.4707 5923 25249898.0 5482.0076 
3640000 5940 626.961 1192385.933 251.905 17.2543 5940 25337759.0 5350.1872 
3650000 5958 601.29 1196545.333 244.125 16.5009 5958 25424550.0 4704.7795 
3660000 5968 665.693 1199134.067 245.123 18.215 5968 25478837.0 5082.933 
3670000 5983 672.095 1202641.267 243.428 18.4275 5983 25551320.0 4832.1092 
3680000 6000 654.89 1206672.867 244.334 17.9698 6000 25635920.0 5167.6032 
3690000 6015 658.939 1210000.6 238.103 18.0399 6015 25706265.0 4845.1338 
3700000 6028 682.957 1213388.6 242.463 18.6676 6028 25776685.0 5330.5633 
3710000 6041 702.857 1216913.2 248.222 19.2762 6041 25849883.0 5516.0549 
3720000 6057 681.147 1221098.467 251.75 18.765 6057 25937672.0 5491.1752 
3730000 6072 678.268 1224985.467 254.869 18.7308 6072 26019722.0 5602.5981 
3740000 6088 659.889 1228903.667 250.821 18.2374 6088 26103767.0 5220.2139 
3750000 6108 605.609 1233357.867 241.14 16.7166 6108 26195759.0 4422.029 
3760000 6131 537.889 1237884.067 222.64 14.6888 6131 26290144.0 3869.0338 
3770000 6148 551.856 1242022.267 229.102 15.1244 6148 26377204.0 4901.0405 
3780000 6164 568.254 1246058.067 233.713 15.5581 6164 26460731.0 5015.5506 
3790000 6177 621.097 1248841.867 234.356 16.9203 6177 26519407.0 5000.6184 
3800000 6192 626.805 1252422.6 233.151 17.0819 6192 26593409.0 4913.5446 
3810000 6206 659.612 1255624.0 235.216 18.0556 6206 26660103.0 5153.5882 
3820000 6214 681.526 1257917.4 237.267 18.8048 6214 26707242.0 5098.0673 
3830000 6227 744.219 1261278.6 241.394 20.8347 6227 26777031.0 5231.4132 
3840000 6244 699.947 1265326.267 242.201 19.6759 6244 26859650.0 4970.2103 
3850000 6261 674.319 1269409.2 243.803 18.9141 6261 26944984.0 5120.2429 
3860000 6281 611.996 1273704.733 233.198 16.9781 6281 27033522.0 4333.8496 
3870000 6299 600.147 1277701.933 231.663 16.5477 6299 27118073.0 4820.6457 
3880000 6317 583.554 1281695.2 227.582 16.0293 6317 27202520.0 4417.1086 
3890000 6329 579.118 1284486.733 223.806 15.9462 6329 27264445.0 4680.1458 
3900000 6348 593.506 1288561.8 221.72 16.2844 6348 27351740.0 4571.3569 
3910000 6362 628.414 1291388.733 218.022 17.1688 6362 27411340.0 4384.5346 
3920000 6379 615.035 1295036.6 215.15 16.7301 6379 27486646.0 4177.9055 
3930000 6397 603.993 1299103.467 220.471 16.3787 6397 27571570.0 4910.2217 
3940000 6413 611.562 1303092.333 228.233 16.5802 6413 27655220.0 5219.2163 
3950000 6428 626.074 1307083.467 238.684 17.0424 6428 27738899.0 5387.8922 
3960000 6446 599.504 1311372.133 236.47 16.3528 6446 27829560.0 5178.7931 
3970000 6464 586.702 1315560.133 234.454 16.0225 6464 27916622.0 4701.6065 
3980000 6478 622.571 1319174.867 241.882 16.9717 6478 27991220.0 5270.2935 
3990000 6496 600.797 1323794.6 244.791 16.3448 6496 28086667.0 5250.5164 
4000000 6513 596.432 1328390.6 252.615 16.2761 6513 28181434.0 5499.0863 
4010000 6529 603.821 1332767.4 259.661 16.5636 6529 28273611.0 5786.7665 
4020000 6545 611.61 1337154.933 263.797 16.7955 6545 28365423.0 5841.9443 
4030000 6559 631.954 1341486.933 272.437 17.3739 6559 28456181.0 6180.0562 
4040000 6575 634.362 1345939.867 275.88 17.4928 6575 28547660.0 5925.0992 
4050000 6592 626.251 1350198.133 272.12 17.2734 6592 28635084.0 5537.8527 
4060000 6608 616.97 1354463.133 269.368 17.0086 6608 28723163.0 5395.7366 
4070000 6616 712.593 1356246.333 259.059 19.41 6616 28758157.0 4563.6789 
4080000 6632 693.269 1360281.533 258.203 18.7928 6632 28840538.0 5199.4594 
4090000 6647 692.61 1364224.6 261.352 18.7493 6647 28921150.0 5505.2866 
4100000 6661 693.173 1368187.467 265.381 18.7493 6661 29001910.0 5614.0499 
4110000 6679 659.635 1372793.2 265.833 17.7515 6679 29095763.0 5587.9809 
4120000 6696 629.061 1377438.4 263.51 16.9932 6696 29190290.0 5162.3748 
4130000 6716 584.079 1382028.4 252.149 15.6935 6716 29283527.0 4596.7743 
4140000 6735 565.262 1386408.933 245.321 15.2454 6735 29375244.0 4743.4363 
4150000 6751 586.941 1390807.733 255.134 16.0498 6751 29466733.0 5756.1436 
4160000 6765 618.618 1394021.733 249.645 16.8338 6765 29534803.0 5130.6571 
4170000 6778 654.731 1397396.333 251.706 17.8846 6778 29606766.0 5191.7607 
4180000 6791 670.339 1400889.4 252.703 18.32 6791 29679219.0 5347.9066 
4190000 6808 646.195 1405416.6 257.072 17.7809 6808 29772565.0 5486.8177 
4200000 6822 673.232 1409036.133 260.108 18.4729 6822 29847139.0 5445.7631 
4210000 6842 609.054 1413570.2 245.649 16.6901 6842 29940359.0 4621.282 
4220000 6853 678.833 1416301.333 249.041 18.4529 6853 29995597.0 4999.7655 
4230000 6867 685.749 1420048.467 254.12 18.5648 6867 30071490.0 5327.2733 
4240000 6884 658.088 1424394.133 254.611 17.8311 6884 30162056.0 5450.8345 
4250000 6901 625.369 1428668.733 250.095 16.9671 6901 30249658.0 4976.1335 
4260000 6917 627.689 1432733.267 251.539 17.0104 6917 30332076.0 5095.5873 
4270000 6933 631.852 1436924.933 257.163 17.2197 6933 30418749.0 5581.6411 
4280000 6949 625.93 1440942.333 253.087 17.1626 6949 30503004.0 5153.4251 
4290000 6966 614.602 1444804.8 246.972 16.7759 6966 30583670.0 5029.555 
4300000 6974 677.22 1446752.333 244.2 18.4234 6974 30623258.0 4880.5727 
4310000 6989 698.56 1450946.467 254.505 19.0706 6989 30709690.0 5660.1348 
4320000 7006 665.936 1455451.733 257.128 18.2216 7006 30802107.0 5523.2481 
4330000 7022 639.27 1459526.8 254.375 17.4703 7022 30884551.0 4862.6799 
4340000 7030 711.873 1462032.0 262.738 19.4669 7030 30934960.0 5612.1232 
4350000 7046 718.419 1466320.667 267.39 19.6977 7046 31023326.0 5666.95 
4360000 7064 669.201 1471039.733 265.838 18.4912 7064 31120060.0 5556.8493 
4370000 7079 659.254 1474892.733 260.69 18.1348 7079 31201578.0 5188.679 
4380000 7095 621.091 1478581.133 251.714 17.082 7095 31277232.0 4840.8178 
4390000 7111 657.784 1482022.533 247.549 18.04 7111 31348578.0 5090.6312 
4400000 7125 642.382 1486039.0 251.438 17.6175 7125 31430334.0 5220.2903 
4410000 7145 615.64 1490341.4 244.046 16.8408 7145 31517618.0 4598.0705 
4420000 7159 642.977 1494022.067 248.049 17.5623 7159 31591608.0 5225.394 
4430000 7174 648.44 1497683.667 245.139 17.6988 7174 31664672.0 4785.7905 
4440000 7188 660.765 1500999.133 242.878 18.0279 7188 31734223.0 4698.3653 
4450000 7203 664.16 1504728.6 245.578 18.0641 7203 31812952.0 5069.7022 
4460000 7216 683.35 1508468.733 252.12 18.5551 7216 31890909.0 5540.5939 
4470000 7231 682.186 1512303.667 255.699 18.5006 7231 31967904.0 5439.7355 
4480000 7242 719.546 1515530.6 259.823 19.5167 7242 32034126.0 5541.3538 
4490000 7255 727.535 1519045.6 261.197 19.7355 7255 32107343.0 5417.4597 
4500000 7270 722.373 1522541.067 258.612 19.6017 7270 32179105.0 5276.8263 
4510000 7283 710.584 1526191.333 259.501 19.3693 7283 32255316.0 5445.6828 
4520000 7296 733.845 1529321.0 255.071 19.9213 7296 32318777.0 4904.854 
4530000 7312 712.61 1532915.667 250.465 19.3556 7312 32392497.0 5079.9097 
4540000 7330 663.0 1537811.2 255.858 18.1728 7330 32492397.0 5331.5603 
4550000 7342 694.914 1541345.667 262.238 19.04 7342 32566136.0 5800.8789 
4560000 7361 647.358 1545783.2 256.557 17.6525 7361 32657761.0 5163.4349 
4570000 7376 648.06 1549970.6 260.322 17.7462 7376 32743950.0 5418.8435 
4580000 7393 626.786 1554535.133 260.266 17.1857 7393 32837265.0 5333.6338 
4590000 7412 598.985 1558777.867 250.838 16.3932 7412 32925214.0 4720.8995 
4600000 7429 589.684 1563408.133 255.372 16.14 7429 33019566.0 5246.6189 
4610000 7448 572.469 1567911.933 250.53 15.6623 7448 33112100.0 4725.5122 
4620000 7465 576.342 1571788.0 242.765 15.6976 7465 33190324.0 4367.4657 
4630000 7479 606.868 1575340.467 242.561 16.5119 7479 33263873.0 4760.9731 
4640000 7494 629.396 1579080.667 245.667 17.1442 7494 33339873.0 5004.5963 
4650000 7512 606.437 1583300.667 241.414 16.5025 7512 33426703.0 4823.6907 
4660000 7530 591.109 1587412.6 238.045 16.1614 7530 33512776.0 4767.3449 
4670000 7548 585.211 1591631.667 239.329 16.0502 7548 33599858.0 4871.7628 
4680000 7558 658.706 1594314.867 243.665 18.031 7558 33655434.0 5253.5514 
4690000 7570 691.585 1597169.333 242.757 18.8403 7570 33713756.0 4934.0442 
4700000 7581 738.579 1600181.133 248.709 20.098 7581 33776212.0 5388.1225 
4710000 7597 700.646 1604435.867 249.53 19.0526 7597 33863236.0 5254.7915 
4720000 7616 652.323 1608450.667 241.902 17.76 7616 33945643.0 4630.1727 
4730000 7627 685.909 1611640.867 246.19 18.6785 7627 34010922.0 5120.73 
4740000 7640 718.956 1615419.333 259.078 19.533 7640 34087021.0 5849.0049 
4750000 7655 708.712 1619621.933 266.236 19.3303 7655 34173824.0 5918.1002 
4760000 7672 671.776 1623924.8 260.4 18.3673 7672 34262397.0 5145.3979 
4770000 7690 641.803 1627952.0 251.246 17.4705 7690 34345394.0 4750.5379 
4780000 7710 588.418 1632711.267 243.156 16.086 7710 34443628.0 4703.8831 
4790000 7728 582.978 1636520.2 235.75 15.9307 7728 34525508.0 4639.8404 
4800000 7739 647.383 1638874.333 232.836 17.5692 7739 34576367.0 4717.8243 
4810000 7756 620.784 1643030.6 232.502 16.9173 7756 34663464.0 4995.5828 
4820000 7774 607.713 1647247.067 235.863 16.6392 7774 34750389.0 4944.1738 
4830000 7794 573.926 1651969.6 237.145 15.8059 7794 34846715.0 4881.0624 
4840000 7813 551.086 1656745.6 238.27 15.1929 7813 34944279.0 4976.7804 
4850000 7831 557.193 1661504.133 248.205 15.4496 7831 35041710.0 5579.8686 
4860000 7850 551.659 1665953.533 245.782 15.3378 7850 35135620.0 5056.7262 
4870000 7866 566.382 1670384.133 252.18 15.7421 7866 35225841.0 5339.0888 
4880000 7882 565.264 1674312.667 247.792 15.6632 7882 35307671.0 4968.2247 
4890000 7897 611.209 1677510.6 243.209 16.8411 7897 35373468.0 4768.8525 
4900000 7906 663.498 1679978.333 244.595 18.177 7906 35422303.0 4897.9562 
4910000 7925 639.769 1684432.467 241.91 17.498 7925 35512549.0 5158.2329 
4920000 7940 638.815 1688084.933 242.088 17.4168 7940 35587425.0 4958.7812 
4930000 7953 675.303 1691380.0 246.541 18.3979 7953 35654157.0 5165.2525 
4940000 7964 694.244 1694728.467 254.706 18.9499 7964 35722887.0 5762.0804 
4950000 7982 676.161 1699368.4 260.271 18.5312 7982 35818304.0 5502.499 
4960000 7999 648.998 1703924.2 261.015 17.7691 7999 35912510.0 5701.07 
4970000 8017 621.729 1708444.267 258.268 17.0562 8017 36005747.0 5222.7344 
4980000 8033 625.509 1712099.4 251.142 17.0647 8033 36081174.0 4713.3691 
4990000 8050 609.754 1716617.933 253.043 16.6993 8050 36175534.0 5144.5044 
5000000 8069 583.775 1721178.533 249.908 16.0243 8069 36268800.0 4831.319 
5010000 8091 537.825 1725987.333 239.049 14.6775 8091 36366872.0 4438.8357 
5020000 8108 550.526 1730462.467 245.193 15.0947 8108 36458954.0 5336.3237 
5030000 8127 539.067 1735094.8 243.459 14.7967 8127 36553500.0 5169.8553 
5040000 8144 555.341 1739148.267 242.171 15.1277 8144 36636763.0 4597.2614 
5050000 8160 576.063 1743244.4 246.4 15.7096 8160 36722164.0 5174.5337 
5060000 8168 646.903 1745323.733 245.805 17.6112 8168 36763931.0 4959.3407 
5070000 8175 779.15 1747180.8 250.446 21.0104 8175 36800770.0 5244.7901 
5080000 8192 725.302 1751309.533 248.755 19.6535 8192 36886182.0 5046.0004 
5090000 8210 667.194 1755684.4 244.232 18.0534 8210 36976853.0 4854.0592 
5100000 8224 682.72 1759373.733 251.126 18.4656 8224 37051986.0 5418.2454 
5110000 8234 735.298 1762000.467 252.431 19.8193 8234 37106480.0 5357.002 
5120000 8248 736.885 1765654.933 257.602 19.9457 8248 37181826.0 5577.0955 
5130000 8266 673.647 1770295.867 253.844 18.3083 8266 37276410.0 5075.8945 
5140000 8284 642.892 1775053.733 259.49 17.6708 8284 37373800.0 5649.9103 
5150000 8301 626.834 1779585.267 261.736 17.2553 8301 37467875.0 5801.2689 
5160000 8315 652.882 1783080.067 260.368 17.9182 8315 37540510.0 5205.4587 
5170000 8329 653.408 1786833.467 257.743 17.9359 8329 37618685.0 5106.509 
5180000 8346 645.641 1791287.0 262.721 17.6759 8346 37709827.0 5398.1661 
5190000 8358 684.158 1794653.4 263.623 18.6525 8358 37778890.0 5581.2571 
5200000 8368 749.776 1797308.467 267.868 20.3847 8368 37832999.0 5799.0021 
5210000 8382 744.635 1801028.933 266.546 20.2636 8382 37909860.0 5692.2928 
5220000 8401 676.312 1805596.2 259.039 18.3833 8401 38002949.0 5145.6007 
5230000 8419 638.033 1810295.333 258.673 17.4148 8419 38099712.0 5203.6397 
5240000 8436 620.07 1814704.867 257.183 16.9538 8436 38191262.0 5259.9848 
5250000 8450 642.04 1817975.867 251.248 17.5197 8450 38260328.0 4983.247 
5260000 8467 636.471 1822069.133 251.278 17.4212 8467 38346591.0 5410.4089 
5270000 8483 634.242 1826000.733 250.867 17.3049 8483 38428860.0 5351.8611 
5280000 8497 644.505 1830001.8 256.682 17.5889 8497 38511955.0 5628.3329 
5290000 8510 680.184 1832725.667 248.114 18.4831 8510 38568040.0 4686.133 
5300000 8523 680.086 1836700.267 257.032 18.5941 8523 38650780.0 5657.1468 
5310000 8533 750.958 1839297.267 259.741 20.5119 8533 38704621.0 5596.6987 
5320000 8551 685.321 1843302.133 247.104 18.7681 8551 38788751.0 4590.1223 
5330000 8568 664.045 1847597.467 251.122 18.2346 8568 38877408.0 5067.2095 
5340000 8582 668.607 1851644.4 256.612 18.3476 8582 38962661.0 5661.077 
5350000 8598 659.393 1855956.467 261.41 18.1614 8598 39051774.0 5728.4145 
5360000 8616 628.127 1860446.333 258.287 17.3299 8616 39144524.0 5414.6715 
5370000 8631 636.863 1864453.867 259.415 17.5762 8631 39227983.0 5525.2392 
5380000 8648 630.9 1867977.467 247.083 17.2921 8648 39301032.0 4930.7603 
5390000 8663 637.912 1871622.067 246.807 17.4257 8663 39374614.0 5138.1558 
5400000 8680 621.918 1875603.8 243.265 16.9448 8680 39453922.0 4596.579 
5410000 8697 611.121 1880068.8 248.159 16.7846 8697 39546263.0 5343.7075 
5420000 8713 607.176 1884163.933 247.652 16.68 8713 39631519.0 5045.8232 
5430000 8732 582.004 1888637.533 243.618 15.9854 8732 39723779.0 4811.4145 
5440000 8749 585.652 1893236.267 251.377 16.0822 8749 39817212.0 5322.5561 
5450000 8767 581.664 1897145.867 244.824 15.8645 8767 39897143.0 4731.9159 
5460000 8783 588.27 1901234.0 244.481 15.9585 8783 39981523.0 5053.0712 
5470000 8798 618.409 1904522.533 240.75 16.7879 8798 40051555.0 4865.9043 
5480000 8815 609.369 1908635.533 240.532 16.628 8815 40136306.0 4991.4344 
5490000 8832 598.322 1913017.067 243.872 16.3722 8832 40226639.0 5063.8628 
5500000 8846 627.934 1916429.6 245.986 17.1998 8846 40298252.0 5297.4125 
5510000 8859 658.494 1919601.6 246.143 17.9097 8859 40364212.0 5065.9762 
5520000 8872 686.73 1922872.0 247.973 18.6376 8872 40431244.0 5268.402 
5530000 8888 664.901 1927156.6 250.959 18.1483 8888 40520942.0 5229.2208 
5540000 8904 646.634 1931463.467 252.657 17.6665 8904 40608170.0 5220.6595 
5550000 8919 655.451 1935781.067 262.176 17.9496 8919 40697449.0 5721.1962 
5560000 8942 576.937 1940764.4 247.285 15.7414 8942 40797788.0 4463.5303 
5570000 8957 592.581 1944728.067 250.079 16.1547 8957 40878027.0 5204.2481 
5580000 8972 605.662 1948339.4 248.129 16.4985 8972 40950779.0 4974.4076 
5590000 8989 598.223 1952874.2 252.901 16.3721 8989 41043508.0 5179.0406 
5600000 9006 597.479 1957076.933 251.503 16.419 9006 41130775.0 5028.8244 
5610000 9025 577.148 1961469.333 246.221 15.8731 9025 41221457.0 4843.8255 
5620000 9041 591.745 1965136.533 241.067 16.2846 9041 41297273.0 4908.7564 
5630000 9054 627.333 1968397.067 246.346 17.214 9054 41364345.0 5384.4765 
5640000 9069 636.656 1972099.133 244.314 17.3818 9069 41439280.0 4914.5215 
5650000 9086 620.719 1976137.867 240.546 16.919 9086 41522851.0 4853.7247 
5660000 9102 627.703 1980223.333 247.043 17.1708 9102 41607292.0 5326.7938 
5670000 9120 609.515 1984256.533 242.531 16.6611 9120 41690985.0 5081.3705 
5680000 9137 599.955 1988568.267 243.696 16.4272 9137 41779090.0 4935.7489 
5690000 9153 606.521 1992708.8 247.672 16.6843 9153 41865402.0 5398.5573 
5700000 9170 593.865 1997185.133 248.91 16.4015 9170 41958037.0 5273.7334 
5710000 9183 615.252 2000858.533 256.264 16.9896 9183 42033512.0 5445.2119 
5720000 9199 641.975 2005138.533 263.331 17.6613 9199 42121425.0 5704.4271 
5730000 9216 627.418 2009677.0 265.17 17.2581 9216 42214602.0 5331.871 
5740000 9229 648.84 2013015.467 259.529 17.7139 9229 42282943.0 4946.0019 
5750000 9246 633.446 2017494.067 260.521 17.3686 9246 42375510.0 5407.99 
5760000 9266 595.281 2021767.267 247.436 16.3804 9266 42464588.0 4626.8141 
5770000 9284 581.298 2025937.733 241.297 16.0027 9284 42549635.0 4732.4976 
5780000 9303 557.361 2030692.267 240.092 15.2911 9303 42646295.0 4634.846 
5790000 9318 594.081 2034482.133 246.126 16.2889 9318 42723944.0 5222.6333 
5800000 9336 573.902 2038890.4 241.721 15.6978 9336 42816569.0 4956.2778 
5810000 9351 603.697 2042546.667 245.241 16.5073 9351 42892727.0 5210.6618 
5820000 9370 586.551 2047120.733 247.542 16.1148 9370 42985728.0 5357.8853 
5830000 9387 578.903 2051061.2 240.426 15.882 9387 43067464.0 4688.2045 
5840000 9404 580.772 2055162.533 239.619 15.9247 9404 43151846.0 4861.7912 
5850000 9421 579.792 2059336.4 240.369 15.9319 9421 43237392.0 4827.7899 
5860000 9442 548.006 2064089.933 236.691 15.0819 9442 43333892.0 4691.3107 
5870000 9458 568.689 2068116.0 242.669 15.6344 9458 43415528.0 5141.053 
5880000 9476 561.759 2072777.667 245.928 15.4028 9476 43509751.0 5120.1995 
5890000 9492 576.428 2077305.667 255.19 15.9098 9492 43602548.0 5686.781 
5900000 9504 635.414 2080039.333 252.376 17.4546 9504 43658489.0 5074.8676 
5910000 9516 656.379 2083626.667 258.37 18.0974 9516 43731277.0 5531.0041 
5920000 9528 706.774 2086726.267 259.299 19.4931 9528 43796034.0 5463.2345 
5930000 9545 677.064 2090976.133 258.106 18.6764 9545 43882974.0 5284.9467 
5940000 9564 621.114 2095508.533 248.897 17.1903 9564 43976109.0 4457.2344 
5950000 9584 586.637 2100382.2 249.855 16.2611 9584 44074710.0 4956.179 
5960000 9601 574.223 2104823.933 247.457 15.8988 9601 44165628.0 4782.6629 
5970000 9615 614.92 2108682.933 256.003 16.9399 9615 44243747.0 5473.8085 
5980000 9632 612.886 2112890.733 256.024 16.9807 9632 44331054.0 5242.5291 
5990000 9642 677.469 2115526.267 256.146 18.6498 9642 44385598.0 5259.1914 
6000000 9654 714.746 2118977.667 263.45 19.6723 9654 44458434.0 5884.1694 
6010000 9667 728.602 2122670.333 268.127 20.0282 9667 44534478.0 5971.7811 
6020000 9679 742.421 2126370.267 274.198 20.3796 9679 44610738.0 6120.5053 
6030000 9694 701.359 2130468.467 273.639 19.2093 9694 44695011.0 5504.8144 
6040000 9711 690.833 2134592.0 268.324 18.9117 9711 44779976.0 5228.1635 
6050000 9726 674.975 2139182.733 274.25 18.592 9726 44874812.0 5882.549 
6060000 9742 661.814 2143857.0 279.441 18.228 9742 44969432.0 6021.9063 
6070000 9760 639.128 2148588.933 278.964 17.61 9760 45066288.0 5770.3496 
6080000 9773 664.791 2152144.867 273.682 18.2053 9773 45138469.0 5335.6417 
6090000 9790 647.602 2156779.467 275.721 17.8209 9790 45233081.0 5790.8196 
6100000 9803 670.908 2160670.067 277.793 18.41 9803 45312109.0 5762.8939 
6110000 9819 660.963 2164743.533 273.622 18.1013 9819 45394101.0 5392.895 
6120000 9837 633.822 2169583.667 274.378 17.4595 9837 45492532.0 5740.3771 
6130000 9855 604.96 2174342.267 268.27 16.6831 9855 45589536.0 5286.9282 
6140000 9872 604.918 2178986.6 272.928 16.7063 9872 45683580.0 5725.3323 
6150000 9892 571.807 2183645.533 260.677 15.7793 9892 45779765.0 5105.0844 
6160000 9906 597.285 2187056.4 254.335 16.3686 9906 45848877.0 4888.6501 
6170000 9921 619.204 2191008.067 259.121 16.9914 9921 45930481.0 5451.5206 
6180000 9936 628.658 2195248.133 264.411 17.2411 9936 46017406.0 5602.2489 
6190000 9953 621.75 2199770.133 265.95 17.0821 9953 46110227.0 5498.7587 
6200000 9968 632.396 2204158.733 272.568 17.4737 9968 46200202.0 5867.3172 
6210000 9984 628.859 2208318.933 268.421 17.318 9984 46286315.0 5490.7265 
6220000 9999 638.849 2212073.8 264.696 17.6021 9999 46363900.0 5199.1262 
6230000 10015 622.962 2216632.2 267.117 17.1519 10015 46455720.0 5551.6999 
6240000 10026 686.156 2219593.667 267.664 18.8663 10026 46515236.0 5478.6873 
6250000 10040 674.726 2223564.933 271.877 18.6367 10040 46594828.0 5604.0076 
6260000 10052 718.896 2227068.067 274.367 19.8098 10052 46664970.0 5635.5276 
6270000 10069 679.316 2231752.933 275.369 18.8423 10069 46761189.0 5570.9304 
6280000 10088 630.304 2236464.133 265.534 17.4508 10088 46856656.0 4742.1037 
6290000 10101 657.711 2240096.333 267.482 18.2126 10101 46931107.0 5472.1274 
6300000 10116 628.998 2244020.067 265.226 17.4473 10116 47010836.0 5227.2235 
6310000 10133 651.167 2248396.933 267.008 17.9977 10133 47100160.0 5490.225 
6320000 10150 636.125 2252994.8 269.733 17.6642 10150 47193407.0 5725.7612 
6330000 10168 607.674 2257403.467 260.552 16.859 10168 47283990.0 5025.0387 
6340000 10188 575.566 2261706.4 246.521 15.9121 10188 47372316.0 4565.571 
6350000 10201 611.013 2265393.6 253.213 16.9011 10201 47447444.0 5330.174 
6360000 10217 591.599 2269376.667 249.054 16.3685 10217 47528961.0 4968.4278 
6370000 10230 654.827 2272627.267 253.707 18.0256 10230 47595322.0 5439.9898 
6380000 10244 639.91 2275898.333 244.645 17.5527 10244 47662053.0 4533.7909 
6390000 10253 743.93 2278359.933 251.919 20.2544 10253 47712027.0 5343.3443 
6400000 10270 696.491 2283046.4 258.611 19.1156 10270 47807456.0 5670.1151 
6410000 10287 673.057 2286981.133 253.591 18.4294 10287 47889477.0 5318.7246 
6420000 10301 668.361 2290770.667 254.023 18.3575 10301 47970573.0 5462.1717 
6430000 10319 649.347 2295226.267 257.171 17.9802 10319 48063593.0 5527.4085 
6440000 10332 668.024 2299196.867 264.422 18.5311 10332 48146826.0 6007.0914 
6450000 10350 634.564 2303642.267 260.517 17.6255 10350 48239688.0 5330.2003 
6460000 10361 687.283 2306358.467 258.869 18.9719 10361 48296507.0 5259.0241 
6470000 10372 728.576 2309285.933 259.794 19.9766 10372 48356697.0 5351.4537 
6480000 10388 697.976 2313567.933 262.043 19.2367 10388 48445684.0 5499.0604 
6490000 10406 656.826 2318061.8 260.036 18.187 10406 48539306.0 5559.2183 
6500000 10422 649.06 2322509.533 264.94 18.0458 10422 48631625.0 5891.7238 
6510000 10436 664.895 2326055.8 259.951 18.4198 10436 48704349.0 5224.8163 
6520000 10453 646.334 2330146.733 255.977 17.888 10453 48788560.0 5162.3272 
6530000 10469 628.249 2334529.6 257.379 17.4235 10469 48880133.0 5304.0328 
6540000 10486 621.437 2338443.6 250.985 17.2059 10486 48962261.0 4923.3337 
6550000 10500 650.089 2342381.267 259.668 18.0065 10500 49044870.0 5755.5847 
6560000 10513 674.585 2345846.467 260.1 18.6744 10513 49116528.0 5529.0987 
6570000 10528 676.185 2349838.733 262.576 18.7435 10528 49201050.0 5638.7239 
6580000 10542 687.445 2353875.933 270.19 19.0682 10542 49285533.0 5924.2886 
6590000 10558 669.449 2357989.4 265.922 18.5522 10558 49370010.0 5281.6089 
6600000 10572 673.669 2361912.0 266.643 18.6581 10572 49450627.0 5497.6273 
6610000 10588 662.382 2365779.333 261.522 18.3197 10588 49530570.0 5077.6113 
6620000 10604 652.695 2370194.467 265.536 18.128 10604 49621873.0 5702.5379 
6630000 10620 641.549 2374805.667 270.498 17.8751 10620 49715865.0 5768.8557 
6640000 10637 626.538 2379577.8 274.349 17.4711 10637 49812023.0 5617.0924 
6650000 10654 612.253 2383989.4 267.998 16.952 10654 49900828.0 5174.4446 
6660000 10671 611.528 2388516.733 270.472 16.9837 10671 49993817.0 5721.1829 
6670000 10686 624.877 2392252.8 266.342 17.3178 10686 50069188.0 5229.3221 
6680000 10702 619.938 2396769.6 269.041 17.1648 10702 50162011.0 5692.5084 
6690000 10720 594.307 2401390.8 262.021 16.4552 10720 50258312.0 5184.1708 
6700000 10737 600.292 2405780.867 265.232 16.5881 10737 50349289.0 5687.7055 
6710000 10753 605.16 2410329.733 269.326 16.7509 10753 50443009.0 5863.7494 
6720000 10760 679.107 2412101.067 268.016 18.6482 10760 50477709.0 5476.772 
6730000 10776 693.64 2416216.333 265.722 18.9967 10776 50562499.0 5356.1129 
6740000 10791 687.895 2420540.133 272.565 18.845 10791 50651363.0 5876.6947 
6750000 10808 653.596 2425093.533 269.452 17.9316 10808 50743978.0 5453.1327 
6760000 10825 639.383 2429388.733 265.121 17.5758 10825 50832556.0 5323.3921 
6770000 10841 626.004 2433668.2 262.353 17.1602 10841 50920112.0 5167.7884 
6780000 10858 621.39 2437978.133 262.527 17.0929 10858 51009831.0 5213.417 
6790000 10874 620.027 2442195.067 261.015 17.0967 10874 51097512.0 5248.4031 
6800000 10891 613.545 2446449.867 259.426 17.0298 10891 51186337.0 5273.0912 
6810000 10907 612.936 2450901.533 262.453 16.9922 10907 51278943.0 5665.107 
6820000 10921 637.386 2454805.267 267.002 17.5935 10921 51359855.0 5836.3578 
6830000 10938 628.786 2459294.933 268.276 17.4816 10938 51452076.0 5594.401 
6840000 10954 621.411 2463578.933 265.468 17.274 10954 51540280.0 5493.3759 
6850000 10971 617.798 2467761.4 262.814 17.1129 10971 51626223.0 5394.276 
6860000 10984 660.123 2470784.133 256.759 18.1175 10984 51687164.0 5057.1392 
6870000 10997 657.685 2474198.6 256.69 18.0539 10997 51758587.0 5225.9406 
6880000 11012 681.382 2478376.733 263.461 18.7448 11012 51845251.0 5631.7151 
6890000 11029 652.106 2482718.133 259.23 17.9715 11029 51934729.0 5296.6385 
6900000 11044 643.095 2486544.2 259.067 17.6729 11044 52013678.0 5359.3453 
6910000 11059 655.169 2490022.6 249.492 17.8637 11059 52086197.0 4569.1786 
6920000 11079 600.609 2494537.6 240.718 16.4077 11079 52180644.0 4410.203 
6930000 11100 558.884 2498900.267 229.798 15.3018 11100 52272196.0 4148.0075 
6940000 11116 577.6 2503270.8 241.764 15.8781 11116 52362728.0 5237.4026 
6950000 11134 572.329 2508184.733 252.341 15.7979 11134 52463480.0 5502.2454 
6960000 11151 571.232 2512794.067 254.942 15.7845 11151 52558377.0 5569.6115 
6970000 11169 566.531 2517190.4 252.025 15.6554 11169 52650192.0 5139.7255 
6980000 11183 602.485 2521200.733 259.766 16.6365 11183 52732605.0 5575.5374 
6990000 11200 595.751 2525737.267 262.108 16.5243 11200 52827116.0 5645.4437 
7000000 11218 593.291 2530485.733 266.18 16.4396 11218 52924683.0 5687.7264 
7010000 11231 625.611 2534243.267 267.681 17.2761 11231 53002427.0 5739.8153 
7020000 11251 582.894 2539133.733 259.353 16.0787 11251 53101559.0 5008.6936 
7030000 11268 589.308 2543601.133 262.512 16.3312 11268 53193099.0 5437.1869 
7040000 11286 577.068 2548055.133 257.81 15.9879 11286 53283564.0 4910.8485 
7050000 11302 589.411 2552510.467 262.812 16.3773 11302 53373827.0 5404.1243 
7060000 11317 602.613 2556704.267 264.683 16.748 11317 53461038.0 5658.449 
7070000 11332 626.257 2560677.6 267.728 17.4471 11332 53543481.0 5754.8785 
7080000 11345 626.488 2564291.667 267.356 17.4683 11345 53618553.0 5529.108 
7090000 11361 655.345 2568499.8 270.171 18.2438 11361 53705240.0 5657.9202 
7100000 11377 642.304 2572847.2 268.219 17.9245 11377 53796009.0 5673.9332 
7110000 11395 621.301 2577347.467 265.035 17.2871 11395 53889380.0 5575.8864 
7120000 11411 618.36 2581726.6 265.249 17.1552 11411 53980065.0 5366.1536 
7130000 11430 589.609 2586285.733 258.392 16.3712 11430 54073859.0 4782.7102 
7140000 11445 598.743 2590666.733 262.477 16.6203 11445 54164534.0 5404.6723 
7150000 11461 614.686 2594835.333 265.272 17.0979 11461 54251195.0 5671.8492 
7160000 11477 618.223 2599211.8 267.879 17.165 11477 54341798.0 5606.8218 
7170000 11496 586.593 2603977.667 261.408 16.2529 11496 54438844.0 5048.2599 
7180000 11516 561.726 2608452.933 250.865 15.594 11516 54532106.0 4833.7455 
7190000 11533 568.506 2612470.2 245.43 15.8291 11533 54615357.0 5036.7559 
7200000 11553 550.187 2617003.467 241.786 15.3257 11553 54709292.0 4846.9582 
7210000 11571 544.832 2621287.6 237.503 15.1108 11571 54796120.0 4662.5386 
7220000 11588 558.456 2625484.533 239.785 15.6756 11588 54884071.0 5052.2336 
7230000 11603 568.252 2629613.733 246.857 16.0042 11603 54969870.0 5552.1798 
7240000 11616 639.475 2633022.4 254.394 17.906 11616 55040205.0 5696.3392 
7250000 11633 625.04 2637532.533 257.066 17.4776 11633 55133022.0 5474.2809 
7260000 11651 600.111 2642324.733 258.828 16.83 11651 55230322.0 5217.5625 
7270000 11668 595.948 2646621.533 255.965 16.6141 11668 55319143.0 5182.1711 
7280000 11684 605.929 2651111.333 263.827 16.8124 11684 55411849.0 5758.3064 
7290000 11700 613.768 2655317.2 264.399 16.9968 11700 55499216.0 5558.1588 
7300000 11715 628.459 2659624.467 270.893 17.3974 11715 55589273.0 6001.1311 
7310000 11732 618.143 2664042.733 268.534 17.0694 11732 55681207.0 5492.2617 
7320000 11748 609.886 2668010.733 259.188 16.7066 11748 55762831.0 4906.6064 
7330000 11766 589.124 2672418.133 254.037 16.1526 11766 55853673.0 5124.273 
7340000 11784 593.757 2676924.4 258.379 16.3223 11784 55946089.0 5622.6299 
7350000 11801 592.128 2681189.467 256.628 16.3518 11801 56035775.0 5480.1386 
7360000 11819 581.496 2685734.4 255.245 16.1109 11819 56128982.0 5389.9456 
7370000 11834 604.239 2690012.0 263.892 16.7042 11834 56217237.0 5791.9223 
7380000 11850 607.932 2694382.2 264.711 16.7439 11850 56306116.0 5461.6096 
7390000 11865 616.731 2698819.333 269.403 17.0887 11865 56398955.0 5868.5978 
7400000 11881 622.178 2703208.733 272.123 17.2205 11881 56489734.0 5728.9984 
7410000 11898 604.86 2707669.8 266.629 16.7044 11898 56582082.0 5023.413 
7420000 11917 580.892 2712412.4 261.473 16.0337 11917 56679655.0 5050.3979 
7430000 11935 573.792 2716954.2 259.699 15.8422 11935 56773575.0 5249.0686 
7440000 11952 580.755 2721332.867 259.773 16.0571 11952 56863384.0 5395.5635 
7450000 11970 577.187 2725733.867 257.678 15.9902 11970 56953598.0 5252.1046 
7460000 11984 600.854 2729487.533 257.181 16.5804 11984 57030599.0 5099.0827 
7470000 11996 643.251 2733178.467 265.999 17.6871 11996 57104978.0 5721.4836 
7480000 12012 646.314 2737110.733 263.605 17.7637 12012 57184561.0 5426.6229 
7490000 12030 614.917 2741635.667 259.072 16.8902 12030 57277033.0 5192.8395 
7500000 12048 605.678 2746046.267 257.828 16.7457 12048 57367271.0 5200.126 
7510000 12061 637.524 2749610.933 259.369 17.5981 12061 57439879.0 5315.3499 
7520000 12074 667.896 2753198.4 260.972 18.4642 12074 57513170.0 5448.0018 
7530000 12090 658.849 2757306.333 261.795 18.2209 12090 57598005.0 5426.1205 
7540000 12105 658.627 2761613.2 266.833 18.2387 12105 57686165.0 5696.8917 
7550000 12118 684.423 2764876.2 263.603 18.9381 12118 57754516.0 5430.6781 
7560000 12134 648.907 2768865.067 257.637 18.006 12134 57836541.0 4904.7942 
7570000 12147 694.312 2772416.333 264.105 19.2715 12147 57910174.0 5602.6219 
7580000 12163 673.546 2776818.2 264.976 18.7587 12163 58001121.0 5474.1337 
7590000 12178 670.011 2781209.6 273.668 18.7024 12178 58091468.0 6063.1229 
7600000 12194 664.281 2785617.933 276.46 18.5649 12194 58183121.0 5859.3418 
7610000 12207 680.21 2789326.267 275.467 18.9402 12207 58259424.0 5705.8047 
7620000 12223 667.74 2793560.267 273.042 18.622 12223 58347635.0 5646.3225 
7630000 12240 647.908 2798281.533 276.257 18.1274 12240 58444797.0 5836.2157 
7640000 12256 638.993 2802646.267 274.387 17.7675 12256 58535270.0 5551.6169 
7650000 12273 621.365 2806953.867 267.339 17.3105 12273 58625120.0 5172.6168 
7660000 12291 604.222 2811429.667 262.204 16.8235 12291 58716498.0 5345.5792 
7670000 12311 565.884 2815895.467 247.609 15.648 12311 58808919.0 4572.0306 
7680000 12329 568.386 2820437.333 251.56 15.7726 12329 58902343.0 5181.5755 
7690000 12347 555.297 2824867.4 246.773 15.3854 12347 58994029.0 4765.3031 
7700000 12365 552.796 2829083.6 241.267 15.2364 12365 59082207.0 4774.7675 
7710000 12384 548.935 2833272.067 236.165 15.1852 12384 59169032.0 4560.5883 
7720000 12405 528.136 2837691.733 230.155 14.6303 12405 59259557.0 4629.1122 
7730000 12422 536.578 2841661.067 227.672 14.8951 12422 59342502.0 4467.5287 
7740000 12439 552.432 2846019.133 235.95 15.3502 12439 59432794.0 5275.9426 
7750000 12454 564.94 2849805.333 239.319 15.6763 12454 59511081.0 5355.0802 
7760000 12466 603.728 2852835.267 243.121 16.7922 12466 59573742.0 5338.6991 
7770000 12481 651.904 2856694.867 248.746 18.1396 12481 59651942.0 5534.496 
7780000 12500 612.106 2861276.2 246.955 17.0246 12500 59746135.0 5115.8819 
7790000 12511 663.031 2864081.333 247.918 18.3406 12511 59804475.0 5219.2734 
7800000 12531 612.664 2868075.0 234.151 16.9125 12531 59885853.0 4604.1624 
7810000 12548 605.007 2872724.0 245.595 16.8189 12548 59980731.0 5494.9951 
7820000 12567 582.43 2877143.067 243.348 16.2755 12567 60072160.0 5032.1254 
7830000 12585 567.263 2881541.8 241.554 15.7927 12585 60162381.0 5236.5715 
7840000 12600 592.945 2884890.267 236.512 16.3761 12600 60231327.0 4724.4691 
7850000 12615 617.649 2888171.867 233.359 16.8638 12615 60299283.0 4754.0234 
7860000 12624 697.021 2890381.133 234.388 18.9234 12624 60344726.0 4791.2233 
7870000 12640 681.139 2894460.467 241.971 18.5968 12640 60429724.0 5508.9758 
7880000 12656 660.401 2898969.933 251.091 18.0984 12656 60522524.0 5643.6555 
7890000 12673 636.155 2903008.0 245.73 17.3668 12673 60606052.0 4918.7234 
7900000 12689 641.069 2906677.867 245.646 17.5482 12689 60684498.0 5304.179 
7910000 12708 606.795 2911268.067 245.689 16.6928 12708 60780050.0 5282.5579 
7920000 12723 613.762 2915504.0 252.153 16.9413 12723 60868261.0 5445.2215 
7930000 12737 641.0 2919202.4 256.058 17.7038 12737 60944259.0 5516.6934 
7940000 12751 653.296 2923105.133 258.805 18.0572 12751 61025963.0 5500.5143 
7950000 12768 637.199 2927293.933 256.664 17.601 12768 61112623.0 5138.1 
7960000 12782 656.486 2930642.467 252.55 17.9946 12782 61181938.0 5110.2409 
7970000 12797 659.494 2934800.067 258.979 18.1802 12797 61267124.0 5610.4525 
7980000 12814 640.552 2939420.133 263.58 17.7177 12814 61362512.0 5624.4481 
7990000 12831 629.133 2943788.2 262.296 17.3839 12831 61453274.0 5549.4602 
8000000 12851 583.899 2948486.8 252.246 16.1509 12851 61549352.0 4854.9551 
8010000 12869 579.767 2953363.733 260.0 16.1873 12869 61649102.0 5738.6471 
8020000 12886 576.978 2957677.4 256.032 16.0745 12886 61738625.0 5334.6833 
8030000 12904 576.703 2962294.733 258.36 16.0987 12904 61834274.0 5364.7574 
8040000 12922 570.454 2966620.867 252.863 15.8998 12922 61924402.0 4971.3784 
8050000 12938 584.68 2970595.2 250.267 16.2516 12938 62006360.0 5011.7467 
8060000 12953 605.089 2973855.2 241.884 16.7488 12953 62072583.0 4397.6716 
8070000 12964 619.985 2977082.6 248.721 17.1912 12964 62139703.0 5271.9092 
8080000 12986 593.307 2981316.267 231.925 16.3735 12986 62228964.0 4052.7575 
8090000 13002 593.737 2985725.467 239.935 16.4399 13002 62320483.0 5129.3164 
8100000 13014 645.385 2989093.867 249.626 17.8982 13014 62390518.0 5690.4005 
8110000 13029 637.108 2993016.467 250.866 17.7058 13029 62473666.0 5573.0063 
8120000 13045 616.37 2997095.267 251.937 17.141 13045 62556389.0 5194.7918 
8130000 13053 743.531 2999444.667 260.832 20.577 13053 62604494.0 5866.879 
8140000 13063 791.818 3002072.0 264.237 21.8056 13063 62657942.0 5791.9484 
8150000 13079 744.613 3006270.467 263.267 20.5024 13079 62743824.0 5527.5312 
8160000 13091 762.211 3009691.8 265.21 20.9086 13091 62813973.0 5520.0287 
8170000 13108 708.671 3013523.467 254.017 19.4252 13108 62891362.0 4621.1448 
8180000 13119 744.497 3016518.133 257.019 20.404 13119 62952912.0 5269.9789 
8190000 13133 735.738 3020093.067 257.707 20.1933 13133 63026053.0 5279.5675 
8200000 13146 740.056 3023522.6 258.064 20.2895 13146 63095983.0 5254.5605 
8210000 13164 689.569 3027246.533 244.243 18.8376 13164 63171477.0 4253.6215 
8220000 13175 731.764 3030165.6 246.254 19.9351 13175 63230280.0 4858.5012 
8230000 13182 821.02 3031884.467 245.672 22.1336 13182 63264772.0 4832.6273 
8240000 13193 843.141 3035000.6 252.937 22.7797 13193 63329080.0 5557.5795 
8250000 13210 763.087 3039500.0 254.665 20.7837 13210 63421390.0 5512.6151 
8260000 13225 739.123 3043616.933 260.37 20.2545 13225 63506949.0 5739.8548 
8270000 13238 754.715 3046727.733 258.597 20.6628 13238 63570789.0 5354.7686 
8280000 13254 723.314 3051103.0 264.25 19.876 13254 63659972.0 5699.5876 
8290000 13270 689.365 3055440.533 262.523 19.0398 13270 63750330.0 5266.0938 
8300000 13290 624.584 3059873.733 249.795 17.1861 13290 63841861.0 4615.9883 
8310000 13311 580.824 3064645.0 244.512 16.0343 13311 63940083.0 4876.5201 
8320000 13329 568.622 3068943.533 242.078 15.7497 13329 64030156.0 5040.3792 
8330000 13349 543.505 3073555.667 236.218 15.0677 13349 64124690.0 4526.2359 
8340000 13368 538.657 3078084.2 237.836 14.9164 13368 64217775.0 4797.9801 
8350000 13384 565.483 3082403.133 248.325 15.7266 13384 64307352.0 5616.8509 
8360000 13402 560.55 3087116.867 251.041 15.6751 13402 64403543.0 5309.0033 
8370000 13422 543.804 3091568.533 243.637 15.1795 13422 64496221.0 4828.9988 
8380000 13439 550.788 3095443.267 236.322 15.2385 13439 64577331.0 4483.3033 
8390000 13459 537.509 3099591.2 228.577 14.7532 13459 64664608.0 4622.2852 
8400000 13474 573.105 3103555.467 238.563 15.7457 13474 64746683.0 5363.6917 
8410000 13490 574.598 3107644.6 238.536 15.791 13490 64831831.0 4938.8652 
8420000 13502 639.331 3110490.267 242.547 17.4966 13502 64891447.0 5235.3173 
8430000 13517 644.043 3114591.4 248.727 17.7136 13517 64977278.0 5365.9683 
8440000 13535 620.323 3118834.533 246.784 17.1352 13535 65065713.0 5182.9339 
8450000 13553 602.655 3123536.667 252.288 16.7526 13553 65161635.0 5555.0523 
8460000 13570 598.755 3127827.2 252.261 16.7003 13570 65250419.0 5482.2822 
8470000 13583 638.635 3131425.067 257.37 17.6959 13583 65324447.0 5616.8277 
8480000 13597 652.225 3134966.2 253.827 17.9992 13597 65398617.0 5013.83 
8490000 13612 653.112 3138789.8 252.147 17.972 13612 65478322.0 5039.5129 
8500000 13628 652.804 3142404.133 248.097 17.911 13628 65552452.0 5029.9578 
8510000 13640 655.278 3145676.8 250.236 17.9773 13640 65618420.0 5240.2564 
8520000 13660 631.38 3150340.533 247.744 17.2782 13660 65713267.0 5033.7547 
8530000 13679 593.123 3154852.667 244.21 16.3363 13679 65807025.0 4907.7644 
8540000 13697 578.077 3159761.8 250.811 16.0863 13697 65907035.0 5310.0012 
8550000 13715 577.87 3164485.533 256.84 16.0407 13715 66005212.0 5407.0025 
8560000 13732 585.969 3168656.733 255.462 16.2977 13732 66091570.0 5437.2346 
8570000 13744 608.766 3171804.467 252.981 16.9159 13744 66155567.0 5030.9565 
8580000 13754 677.901 3174498.267 255.794 18.7684 13754 66210583.0 5395.0748 
8590000 13768 692.577 3178293.333 258.145 19.1581 13768 66288376.0 5448.2514 
8600000 13781 728.768 3181420.733 257.386 20.1697 13781 66352723.0 5296.1829 
8610000 13797 680.761 3185056.866 252.055 18.8735 13797 66427808.0 5235.896 
8620000 13818 629.236 3189430.733 237.151 17.3564 13818 66517054.0 4345.9849 
8630000 13841 557.615 3194291.266 227.737 15.338 13841 66615789.0 4482.2335 
8640000 13855 593.462 3198303.333 240.275 16.3574 13855 66698765.0 5424.597 
8650000 13874 575.474 3202925.333 242.508 15.8737 13874 66793885.0 5096.4062 
8660000 13891 574.76 3207307.333 245.033 15.9237 13891 66884109.0 5154.9903 
8670000 13901 652.015 3209961.266 247.651 18.0229 13901 66938356.0 5182.1324 
8680000 13920 615.832 3214655.0 249.645 17.1068 13920 67034339.0 5011.4721 
8690000 13932 649.107 3218235.2 255.165 18.0264 13932 67107686.0 5503.6207 
8700000 13942 718.095 3220802.6 257.412 19.8608 13942 67159969.0 5466.3333 
8710000 13957 713.248 3224222.6 253.068 19.7023 13957 67230810.0 5098.73 
8720000 13969 724.135 3227646.933 253.656 19.9949 13969 67301058.0 5189.6221 
8730000 13987 676.813 3231758.133 248.669 18.6704 13987 67385053.0 4626.0736 
8740000 14006 628.464 3236311.133 245.288 17.3343 14006 67479752.0 4898.8566 
8750000 14023 609.043 3240501.066 244.751 16.8043 14023 67567521.0 5115.8824 
8760000 14042 593.384 3244801.0 241.508 16.3448 14042 67656505.0 4858.2227 
8770000 14060 580.549 3249185.533 241.374 16.0489 14060 67747979.0 5068.3268 
8780000 14076 592.955 3252824.466 235.476 16.3329 14076 67824301.0 4836.705 
8790000 14096 569.337 3257859.0 244.689 15.8275 14096 67925256.0 5176.6416 
8800000 14114 560.981 3262464.866 246.389 15.6795 14114 68019994.0 5189.9896 
8810000 14135 538.384 3267091.133 240.019 15.0661 14135 68115746.0 4983.3059 
8820000 14154 532.287 3271893.8 242.826 14.8378 14154 68213031.0 4866.9294 
8830000 14172 533.747 3276810.0 249.012 14.9324 14172 68313371.0 5221.4349 
8840000 14190 547.244 3281488.466 256.091 15.2896 14190 68408644.0 5526.1969 
8850000 14203 589.937 3285005.666 255.632 16.3496 14203 68481173.0 5350.6863 
8860000 14219 600.983 3289370.0 261.566 16.6518 14219 68571253.0 5663.668 
8870000 14232 639.354 3293197.466 266.023 17.7187 14232 68649255.0 5707.5385 
8880000 14250 617.257 3297928.333 267.326 17.1413 14250 68745801.0 5418.855 
8890000 14261 673.094 3301378.333 274.459 18.5897 14261 68817960.0 6005.7224 
8900000 14276 674.538 3305765.866 280.794 18.6649 14276 68908569.0 6156.9339 
8910000 14292 659.35 3310253.066 280.513 18.2908 14292 69000115.0 5917.7572 
8920000 14310 626.232 3315035.733 275.39 17.4513 14310 69096626.0 5223.1616 
8930000 14328 608.478 3319686.133 272.522 16.8915 14328 69190953.0 5262.9462 
8940000 14342 625.225 3323559.2 270.876 17.2639 14342 69271272.0 5321.6402 
8950000 14358 626.56 3327387.933 262.732 17.3163 14358 69349209.0 5072.001 
8960000 14377 590.717 3331822.2 252.354 16.2377 14377 69439833.0 4920.9602 
8970000 14392 607.033 3335803.0 255.742 16.6651 14392 69522419.0 5386.7741 
8980000 14410 596.062 3340222.4 253.825 16.3324 14410 69612856.0 5184.9894 
8990000 14423 629.577 3343813.266 258.203 17.2618 14423 69686787.0 5466.5255 
9000000 14441 611.512 3348467.666 258.122 16.8149 14441 69782040.0 5437.3385 
9010000 14460 585.685 3353028.4 253.41 16.1601 14460 69875746.0 5003.6637 
9020000 14471 635.89 3355782.333 253.272 17.5207 14471 69931699.0 5029.7067 
9030000 14482 694.565 3358672.266 255.367 18.9862 14482 69989738.0 5199.7627 
9040000 14492 761.252 3360951.933 251.431 20.6395 14492 70035891.0 4803.584 
9050000 14504 772.296 3364057.2 253.021 20.992 14504 70100076.0 5217.8113 
9060000 14519 743.399 3367953.6 254.758 20.2793 14519 70179685.0 5293.1485 
9070000 14532 743.837 3371440.533 254.924 20.2774 14532 70250879.0 5316.1415 
9080000 14549 706.959 3375861.733 260.658 19.454 14549 70342200.0 5579.3985 
9090000 14568 643.664 3380695.0 254.975 17.7306 14568 70440086.0 5067.4612 
9100000 14580 683.739 3383634.4 254.835 18.8057 14580 70499323.0 5052.3413 
9110000 14586 784.036 3385293.8 256.261 21.3713 14586 70531527.0 5151.5769 
9120000 14596 834.61 3387913.133 256.394 22.7129 14596 70584454.0 5220.5197 
9130000 14611 767.241 3391766.133 257.3 20.9828 14611 70663794.0 5400.9788 
9140000 14630 715.681 3396335.2 255.263 19.6813 14630 70758591.0 5288.2529 
9150000 14644 717.77 3399825.4 254.068 19.7308 14644 70831136.0 5229.7936 
9160000 14660 690.964 3404332.0 260.592 19.174 14660 70923846.0 5715.9494 
9170000 14678 651.228 3408723.333 256.754 18.1766 14678 71015543.0 5366.173 
9180000 14693 654.877 3412604.4 254.61 18.3293 14693 71094320.0 5112.6735 
9190000 14711 623.545 3417074.733 252.517 17.4808 14711 71186845.0 5016.4299 
9200000 14729 593.928 3421421.866 247.484 16.7327 14729 71277376.0 4728.4074 
9210000 14745 610.42 3425137.2 246.919 17.1533 14745 71354012.0 5085.4747 
9220000 14760 594.046 3429075.866 245.976 16.7024 14760 71436176.0 5045.2397 
9230000 14779 596.879 3433622.2 248.528 16.7778 14779 71528764.0 5219.1427 
9240000 14796 585.303 3438194.933 251.053 16.4471 14796 71622866.0 5362.32 
9250000 14814 583.48 3442784.133 254.642 16.3885 14814 71717777.0 5234.1628 
9260000 14831 585.368 3447099.2 255.009 16.3792 14831 71807556.0 5286.4783 
9270000 14849 573.414 3451538.733 250.529 16.0219 14849 71898714.0 4877.7773 
9280000 14864 598.431 3455581.2 257.155 16.664 14864 71982818.0 5381.0318 
9290000 14878 627.057 3459152.066 255.134 17.3193 14878 72055882.0 4914.7731 
9300000 14895 612.07 3463578.4 255.407 16.9472 14895 72147654.0 5358.9152 
9310000 14912 605.275 3467808.0 253.7 16.7716 14912 72234910.0 5209.5823 
9320000 14927 614.155 3471757.066 254.216 17.0273 14927 72316691.0 5226.4375 
9330000 14941 645.89 3475042.4 250.911 17.8883 14941 72384092.0 4881.3851 
9340000 14956 635.706 3478627.0 244.844 17.6353 14956 72456347.0 4528.3471 
9350000 14975 615.37 3483111.2 246.481 17.0817 14975 72548666.0 4961.4905 
9360000 14992 605.063 3487427.8 246.407 16.766 14992 72637039.0 5042.8736 
9370000 15010 591.562 3491050.866 233.498 16.3038 15010 72711380.0 4268.424 
9380000 15026 599.12 3495281.2 241.77 16.5549 15026 72798545.0 5132.7884 
9390000 15043 601.092 3499458.2 244.213 16.5346 15043 72883244.0 5127.7327 
9400000 15061 580.564 3504112.0 245.505 16.0376 15061 72978319.0 5236.3921 
9410000 15080 566.396 3508664.6 244.595 15.7179 15080 73072052.0 5149.9628 
9420000 15095 598.863 3512658.466 253.648 16.689 15095 73154318.0 5599.3914 
9430000 15113 575.236 3517413.333 251.943 16.0273 15113 73251518.0 5130.9537 
9440000 15131 573.313 3522007.866 254.127 15.9495 15131 73345869.0 5339.3151 
9450000 15146 597.14 3526042.133 257.977 16.6028 15146 73431408.0 5608.9673 
9460000 15160 627.001 3529860.266 262.119 17.3805 15160 73510424.0 5621.4396 
9470000 15178 605.851 3534333.933 258.01 16.8077 15178 73602706.0 5226.2431 
9480000 15195 599.088 3538841.933 259.416 16.6173 15195 73694403.0 5339.5679 
9490000 15210 625.763 3542428.733 257.73 17.3374 15210 73767857.0 5192.2048 
9500000 15229 583.517 3546926.333 248.875 16.1777 15229 73859144.0 4938.6705 
9510000 15248 572.102 3550793.466 236.886 15.7457 15248 73937738.0 4458.5387 
9520000 15261 613.942 3554423.8 244.885 16.8266 15261 74012111.0 5241.0369 
9530000 15279 595.242 3559326.2 252.888 16.4612 15279 74111007.0 5458.4857 
9540000 15298 577.894 3564157.266 256.093 16.0488 15298 74210155.0 5348.891 
9550000 15305 676.8 3566187.066 256.559 18.6132 15305 74251494.0 5372.3153 
9560000 15317 711.328 3568955.933 252.029 19.437 15317 74308545.0 5089.238 
9570000 15334 681.718 3573399.066 256.495 18.7526 15334 74400451.0 5590.4575 
9580000 15347 675.328 3576593.866 253.178 18.5075 15347 74466861.0 5213.7733 
9590000 15363 678.678 3580921.2 257.063 18.5844 15363 74554806.0 5233.7875 
9600000 15376 696.058 3584532.133 260.94 19.0118 15376 74628526.0 5493.3742 
9610000 15396 626.457 3588412.133 241.813 17.0878 15396 74710263.0 4459.0772 
9620000 15409 666.093 3591520.0 240.596 18.1583 15409 74776438.0 4933.6145 
9630000 15425 647.579 3595693.933 244.175 17.7119 15425 74865300.0 5170.7325 
9640000 15439 668.254 3599049.533 243.871 18.3451 15439 74935144.0 5181.3276 
9650000 15454 666.475 3603305.266 252.956 18.3616 15454 75024434.0 5732.1076 
9660000 15474 618.982 3607736.066 245.287 17.1045 15474 75116350.0 5002.4955 
9670000 15490 612.628 3611959.666 247.152 16.9216 15490 75204551.0 5073.9039 
9680000 15509 581.531 3616363.533 242.08 16.1675 15509 75296044.0 4875.1955 
9690000 15527 578.249 3620742.8 243.514 16.0341 15527 75387226.0 5133.7198 
9700000 15543 590.055 3624999.2 249.537 16.375 15543 75474987.0 5428.4312 
9710000 15558 576.698 3628759.266 249.196 16.0319 15558 75552340.0 5232.1295 
9720000 15577 589.106 3633199.266 245.218 16.3079 15577 75643307.0 5028.5547 
9730000 15595 580.765 3637610.933 246.598 16.1097 15595 75734221.0 5197.077 
9740000 15614 569.995 3641988.133 244.644 15.8553 15614 75825261.0 5056.5071 
9750000 15630 577.787 3646190.2 245.957 16.0433 15630 75912400.0 5238.2847 
9760000 15646 597.109 3650280.933 251.88 16.6139 15646 75998343.0 5703.0008 
9770000 15662 602.52 3654424.733 252.231 16.7779 15662 76083276.0 5274.2011 
9780000 15676 627.496 3658354.866 261.479 17.4703 15676 76165039.0 5857.7182 
9790000 15689 650.539 3661988.6 260.316 18.021 15689 76239266.0 5465.9074 
9800000 15704 665.581 3665950.333 265.086 18.582 15704 76320957.0 5658.665 
9810000 15716 705.619 3668845.6 260.206 19.535 15716 76380792.0 5186.1099 
9820000 15725 757.348 3671574.0 263.831 20.8926 15725 76437005.0 5544.4189 
9830000 15744 692.5 3676133.866 258.165 19.0442 15744 76530333.0 4931.4767 
9840000 15759 678.969 3679863.066 254.068 18.6659 15759 76606170.0 4987.0441 
9850000 15776 651.107 3684387.866 256.951 17.8822 15776 76698659.0 5295.979 
9860000 15792 643.807 3688373.4 256.699 17.7414 15792 76781980.0 5381.9631 
9870000 15810 617.092 3692845.333 252.687 16.9672 15810 76873830.0 5157.9017 
9880000 15826 623.831 3697086.6 258.149 17.2762 15826 76962921.0 5506.586 
9890000 15845 583.78 3701793.066 252.789 16.1678 15845 77057721.0 4796.336 
9900000 15854 652.746 3704033.8 254.738 17.9051 15854 77101953.0 5089.6012 
9910000 15868 685.469 3707465.6 252.015 18.8058 15868 77171981.0 5035.2412 
9920000 15882 653.093 3710780.2 245.635 17.9529 15882 77240519.0 4762.8858 
9930000 15899 664.816 3715068.4 249.547 18.2722 15899 77328441.0 5264.4622 
9940000 15912 680.296 3718296.866 248.22 18.6747 15912 77394888.0 5292.1646 
9950000 15925 716.967 3721194.0 244.835 19.611 15925 77453106.0 4897.3898 
9960000 15942 670.162 3724933.333 235.118 18.3613 15942 77529569.0 4221.1447 
9970000 15960 635.275 3729298.266 236.267 17.6545 15960 77619566.0 4831.7262 
9980000 15975 653.636 3732986.4 242.218 18.1791 15975 77694525.0 5136.0435 
9990000 15991 649.989 3736517.466 235.352 18.0112 15991 77766756.0 4421.4396 
10000000 15997 772.21 3737859.866 234.406 21.169 15997 77793678.0 4473.195 
