10000 12 169.712 5743.608 96.747 0.2178 0 0 0 0.0 0.0 0.0 0.0 
20000 24 321.211 10720.248 171.241 0.4135 0 0 0 0.0 0.0 0.0 0.0 
30000 34 445.38 12692.176 175.418 1.0478 0 0 0 0.0008259 0.008259 0.002158 0.0013109 
40000 188 45.964 13651.275 8.115 0.1462 0 0 0 0.000797 0.0079701 0.0024156 0.010896 
50000 297 142.767 15489.214 28.982 0.5529 0 0 0 0.0009192 0.0091919 0.0028751 0.0179664 
60000 318 254.248 18496.936 67.89 0.9853 0 0 0 0.0011818 0.011818 0.0037731 0.0157079 
70000 363 221.001 21301.892 60.71 0.8582 0 0 0 0.0013394 0.0133941 0.0050531 0.0251211 
80000 390 272.537 25062.343 88.969 1.0599 0 0 0 0.001377 0.0137697 0.0050804 0.0234289 
90000 465 218.926 28614.486 79.229 0.8578 0 0 0 0.001376 0.0137599 0.0051467 0.0294703 
100000 481 322.785 33279.271 132.81 1.2607 0 0 0 0.0013877 0.0138772 0.0054384 0.026639 
110000 491 446.666 37768.795 192.896 1.7426 0 0 0 0.0014332 0.0143315 0.0055817 0.0315668 
120000 506 513.105 41956.793 218.687 1.9955 0 0 0 0.0015893 0.0158923 0.0067058 0.0260206 
130000 520 555.343 46805.728 247.815 2.1582 0 0 0 0.0017148 0.0171475 0.0078013 0.0413917 
140000 533 613.406 51239.829 272.722 2.3811 0 0 0 0.00181 0.0180995 0.0078912 0.0305592 
150000 549 619.236 56027.638 280.021 2.4028 0 0 0 0.0018289 0.0182884 0.007931 0.021499 
160000 559 688.888 60339.023 307.697 2.6767 0 0 0 0.0018246 0.0182456 0.0080188 0.0384333 
170000 570 736.993 65553.804 343.041 2.8623 0 0 0 0.0019295 0.019295 0.0083632 0.0340903 
180000 580 785.104 68671.64 338.398 3.0496 0 0 0 0.0019263 0.019263 0.0087579 0.0275789 
190000 590 824.414 72848.046 353.273 3.2002 0 0 0 0.0019578 0.0195777 0.0090182 0.0338864 
200000 600 846.034 77281.203 365.081 3.287 0 0 0 0.0020305 0.0203048 0.0097549 0.0240309 
210000 612 852.422 82077.365 376.576 3.3063 0 0 0 0.0018731 0.0187307 0.0092143 0.0358264 
220000 624 841.818 86773.868 377.62 3.2658 0 0 0 0.0017844 0.0178441 0.0092033 0.0235128 
230000 637 811.052 91597.349 371.183 3.1441 0 0 0 0.0017414 0.0174141 0.0092918 0.0322541 
240000 648 837.492 97156.464 399.241 3.2447 0 0 0 0.0016699 0.0166994 0.0092742 0.0245473 
250000 659 859.528 101787.284 408.013 3.3275 0 0 0 0.0016336 0.0163359 0.0095828 0.020477 
260000 669 885.224 105510.299 401.033 3.4307 0 0 0 0.0014166 0.014166 0.0082983 0.0167254 
270000 679 906.22 110162.339 412.959 3.5163 0 0 0 0.0012792 0.0127918 0.0079275 0.0108524 
280000 689 923.375 114921.34 424.328 3.5793 0 0 0 0.0012548 0.0125479 0.0083841 0.0136903 
290000 699 937.392 119314.337 425.858 3.6331 0 0 0 0.0011946 0.0119463 0.0081223 0.0066828 
300000 709 948.844 123280.855 420.157 3.6773 0 0 0 0.0010832 0.0108323 0.0077683 0.009221 
310000 719 958.202 127818.236 426.85 3.7207 0 0 0 0.000974 0.0097405 0.0076098 0.0040018 
320000 731 919.598 133008.975 425.833 3.5694 0 0 0 0.0009244 0.0092436 0.0076603 0.0080526 
330000 742 922.278 137626.138 424.319 3.5878 0 0 0 0.0009106 0.0091061 0.0085282 0.0054552 
340000 752 936.495 143324.962 449.874 3.6379 0 0 0 0.0009214 0.0092143 0.0097489 0.00451 
350000 762 948.112 148924.966 473.386 3.6794 0 0 0 0.0008984 0.0089843 0.0105736 0.001772 
360000 772 957.604 154152.405 481.251 3.7102 0 0 0 0.0008685 0.0086845 0.0110796 0.0073203 
370000 782 965.359 159989.069 499.069 3.7483 0 0 0 0.0008268 0.0082681 0.011161 -0.0013594 
380000 792 971.696 166273.33 518.4 3.7722 0 0 0 0.000805 0.0080504 0.0118093 -0.0029997 
390000 803 968.573 171614.443 520.899 3.7602 0 0 0 0.0007675 0.0076752 0.0127302 0.0024605 
400000 813 961.396 177043.736 514.654 3.7282 0 0 0 0.0007287 0.0072872 0.0126585 0.0088059 
410000 825 942.498 182015.917 500.568 3.6611 0 0 0 0.0007136 0.0071357 0.0135879 0.0005367 
420000 835 948.01 187442.034 503.163 3.6799 0 0 0 0.0006788 0.0067875 0.0135797 -0.004051 
430000 845 957.52 192949.359 514.421 3.7228 0 0 0 0.0006675 0.0066755 0.0138605 0.0057853 
440000 855 964.291 197821.523 509.265 3.7595 0 0 0 0.0006483 0.0064831 0.0140491 0.0052073 
450000 865 970.823 204050.551 529.129 3.7848 0 0 0 0.0006399 0.0063995 0.014329 0.0068214 
460000 875 976.16 209658.208 531.076 3.8075 0 0 0 0.0006199 0.0061995 0.0143635 0.00126 
470000 885 980.521 214990.026 534.77 3.8199 0 0 0 0.0006071 0.0060715 0.0147781 0.0073485 
480000 896 976.76 219984.176 524.505 3.8063 0 0 0 0.0005995 0.0059946 0.0149796 0.0097205 
490000 906 981.011 224842.065 517.554 3.8161 0 0 0 0.0006019 0.0060195 0.0156724 -0.0005784 
500000 917 967.417 230064.439 509.02 3.7581 0 0 0 0.0005937 0.0059365 0.0154736 0.0093358 
510000 927 968.825 235974.84 521.569 3.7643 0 0 0 0.0005974 0.0059741 0.0161899 0.0142011 
520000 937 974.528 242159.52 539.121 3.7901 0 0 0 0.0005787 0.0057865 0.0161704 0.012083 
530000 948 966.428 248521.108 551.062 3.761 0 0 0 0.0005705 0.0057049 0.0162248 0.0185464 
540000 958 972.569 254228.926 554.15 3.7893 0 0 0 0.0005555 0.0055551 0.0156918 0.0018079 
550000 968 977.587 261127.576 577.965 3.8013 0 0 0 0.0005456 0.0054562 0.0154983 0.0015151 
560000 978 981.687 267577.939 590.096 3.8179 0 0 0 0.0005359 0.0053588 0.0150569 0.0034798 
570000 988 978.4 274408.149 602.603 3.8013 0 0 0 0.0005471 0.0054707 0.0155829 0.0102424 
580000 998 978.447 280524.571 600.626 3.8021 0 0 0 0.0005551 0.0055508 0.0159909 0.0042086 
590000 1009 972.962 287949.485 622.383 3.7848 0 0 0 0.0005494 0.0054945 0.0156853 0.0076498 
600000 1019 977.908 294971.568 640.035 3.7988 0 0 0 0.0005605 0.0056054 0.0164181 0.0090616 
610000 1029 981.949 302190.091 655.04 3.8099 0 0 0 0.0005368 0.0053684 0.0162234 0.0124531 
620000 1039 985.251 308797.263 655.95 3.8301 0 0 0 0.0005356 0.0053561 0.0165456 0.0171302 
630000 1049 982.897 317032.538 681.752 3.8213 0 0 0 0.0005117 0.005117 0.0162675 0.0123751 
640000 1060 972.668 324494.667 684.592 3.784 0 0 0 0.0005073 0.0050727 0.0163626 0.0107019 
650000 1070 971.931 330490.491 665.139 3.7784 0 0 0 0.0005043 0.0050433 0.0161207 0.0112843 
660000 1080 977.066 337209.481 665.281 3.7945 0 0 0 0.0004976 0.0049762 0.0158706 0.0090004 
670000 1091 970.591 343299.697 648.152 3.7675 0 0 0 0.0005153 0.0051535 0.0168184 0.0126242 
680000 1101 975.971 350265.816 658.157 3.7842 0 0 0 0.0004999 0.0049995 0.0163708 0.0058136 
690000 1111 980.366 358360.576 685.964 3.8037 0 0 0 0.0005184 0.0051843 0.0170031 0.0107927 
700000 1121 973.138 367026.013 705.484 3.7731 0 0 0 0.0005103 0.0051028 0.0166459 0.0142203 
710000 1131 978.052 375560.27 736.784 3.7892 0 0 0 0.0005135 0.0051349 0.0167444 0.0049612 
720000 1141 982.067 383856.026 752.041 3.8048 0 0 0 0.0005177 0.0051771 0.0170977 0.008739 
730000 1151 985.347 392655.974 775.124 3.822 0 0 0 0.0005148 0.0051484 0.0168916 0.0126254 
740000 1161 988.028 401535.376 796.401 3.8292 0 0 0 0.0005058 0.0050584 0.0169122 0.0148057 
750000 1171 990.218 410865.381 825.671 3.8393 0 0 0 0.0004973 0.0049726 0.0163838 0.0066764 
760000 1181 992.007 419678.682 832.119 3.8512 0 0 0 0.0004845 0.0048449 0.0165668 0.004537 
770000 1191 993.469 428665.379 851.565 3.8541 0 0 0 0.0004719 0.0047193 0.0160339 0.0042539 
780000 1201 994.664 437042.4 843.54 3.8568 0 0 0 0.000473 0.0047299 0.0162475 0.0081486 
790000 1211 995.64 445757.211 847.558 3.863 0 0 0 0.0004688 0.004688 0.0161834 0.0103489 
800000 1221 996.438 454889.153 860.771 3.8686 0 0 0 0.0004635 0.0046352 0.0167236 0.0141523 
810000 1231 997.089 462652.873 845.405 3.8737 0 0 0 0.0004522 0.004522 0.0162548 0.010201 
820000 1241 997.622 469431.609 819.481 3.8777 0 0 0 0.0004469 0.004469 0.0159635 0.0134784 
830000 1251 998.057 476753.485 801.432 3.8811 0 0 0 0.0004379 0.004379 0.0154286 0.0144296 
840000 1261 998.412 484688.477 799.647 3.8854 0 0 0 0.0004302 0.0043018 0.0152011 0.0115266 
850000 1271 998.703 493848.114 817.713 3.8871 0 0 0 0.0004475 0.0044749 0.0157786 0.011584 
860000 1281 998.94 503432.948 842.403 3.8835 0 0 0 0.0004263 0.0042633 0.0154975 0.0029694 
870000 1291 999.134 511945.456 846.2 3.89 0 0 0 0.0004289 0.0042887 0.0152853 0.0144864 
880000 1301 999.292 521143.475 855.156 3.8858 0 0 0 0.0004127 0.0041275 0.0150382 0.0113498 
890000 1311 999.422 530162.899 866.455 3.8812 0 0 0 0.0004042 0.0040417 0.0150587 0.0086881 
900000 1321 999.528 539880.414 885.948 3.8792 0 0 0 0.0004058 0.0040578 0.0149311 0.0085926 
910000 1331 999.614 550024.684 902.104 3.884 0 0 0 0.0004011 0.0040115 0.0147023 0.0104508 
920000 1341 999.685 559574.572 913.935 3.8837 0 0 0 0.0004006 0.0040058 0.0147286 0.015824 
930000 1351 999.742 569730.461 932.823 3.8868 0 0 0 0.0004086 0.0040857 0.0154056 0.0176095 
940000 1362 984.994 581383.306 960.436 3.8234 0 0 0 0.0004047 0.0040465 0.0151738 0.007681 
950000 1372 987.739 591676.212 972.573 3.8378 0 0 0 0.0003982 0.0039818 0.0151505 0.0191853 
960000 1382 989.982 600556.12 956.742 3.8495 0 0 0 0.0003948 0.003948 0.0151574 0.0064995 
970000 1392 991.814 608016.516 918.566 3.8624 0 0 0 0.0004026 0.0040265 0.0151936 0.0168216 
980000 1403 984.268 617885.942 923.68 3.8308 0 0 0 0.0004049 0.0040493 0.0152417 0.0133068 
990000 1413 987.146 627443.763 928.693 3.8428 0 0 0 0.000408 0.0040801 0.0148506 0.016011 
1000000 1423 989.497 637179.018 937.889 3.8546 0 0 0 0.0004017 0.0040165 0.0148797 0.0165194 
1010000 1433 991.418 646770.539 940.227 3.8607 0 0 0 0.0003971 0.0039711 0.0144124 0.00989 
1020000 1443 992.988 656757.027 950.9 3.8679 0 0 0 0.0004018 0.0040185 0.0147997 0.0095693 
1030000 1453 984.881 666379.782 939.42 3.8263 0 0 0 0.0004058 0.004058 0.0151997 0.0079348 
1040000 1463 987.647 678104.995 983.741 3.8364 0 0 0 0.0004183 0.0041828 0.0155942 0.014213 
1050000 1473 989.907 690147.308 1019.568 3.846 0 0 0 0.0004065 0.0040648 0.0151787 0.0131759 
1060000 1483 991.753 701792.835 1048.931 3.8536 0 0 0 0.000406 0.0040605 0.0153969 0.006978 
1070000 1493 993.262 714502.676 1089.116 3.8524 0 0 0 0.0004077 0.0040769 0.0153201 0.0061632 
1080000 1503 994.494 727709.082 1135.294 3.8519 0 0 0 0.0003964 0.0039641 0.0157596 0.0056289 
1090000 1513 990.428 740389.566 1146.778 3.836 0 0 0 0.0004031 0.0040305 0.0154648 0.0110149 
1100000 1523 992.179 754117.471 1192.381 3.8499 0 0 0 0.0003993 0.0039932 0.0159192 0.0144446 
1110000 1533 993.61 769197.667 1245.442 3.8539 0 0 0 0.0003893 0.0038929 0.0156187 0.0101587 
1120000 1543 994.779 784479.366 1297.269 3.8566 0 0 0 0.0003923 0.0039234 0.0160421 0.0100989 
1130000 1553 995.734 796347.711 1278.64 3.858 0 0 0 0.0003831 0.0038312 0.0153289 0.0111881 
1140000 1563 996.514 811667.332 1325.937 3.8579 0 0 0 0.0003798 0.0037982 0.0150294 0.0177754 
1150000 1574 990.368 827528.067 1366.089 3.8292 0 0 0 0.0003837 0.0038365 0.015179 0.009162 
1160000 1584 992.13 844508.65 1427.998 3.8411 0 0 0 0.0003699 0.003699 0.014616 0.0113712 
1170000 1594 993.57 856166.475 1377.975 3.8503 0 0 0 0.0003659 0.0036591 0.0146958 0.0164081 
1180000 1604 994.746 873126.233 1434.662 3.8563 0 0 0 0.0003565 0.0035654 0.0144661 0.0125298 
1190000 1614 995.707 891146.55 1501.68 3.8546 0 0 0 0.0003567 0.0035671 0.0143939 0.0163529 
1200000 1624 996.492 909323.024 1559.434 3.853 0 0 0 0.0003415 0.0034151 0.0144211 0.0107886 
1210000 1634 997.134 926529.137 1590.355 3.863 0 0 0 0.0003366 0.0033661 0.0141941 0.0146651 
1220000 1644 997.658 940947.694 1563.308 3.8616 0 0 0 0.0003352 0.0033515 0.014225 0.0203348 
1230000 1654 998.087 955735.1 1551.102 3.861 0 0 0 0.0003216 0.0032156 0.0141544 0.0193949 
1240000 1664 998.437 971499.594 1556.234 3.863 0 0 0 0.0003195 0.0031945 0.0141102 0.016754 
1250000 1674 998.723 987165.587 1556.152 3.8653 0 0 0 0.0003146 0.0031462 0.0140013 0.0184686 
1260000 1684 998.956 1002054.615 1541.794 3.8651 0 0 0 0.0003143 0.0031432 0.0140232 0.0181084 
1270000 1694 995.676 1015976.294 1512.114 3.8494 0 0 0 0.0003143 0.0031431 0.0138471 0.022672 
1280000 1704 996.467 1031325.585 1516.426 3.8522 0 0 0 0.0003122 0.0031216 0.0137217 0.0123108 
1290000 1714 997.113 1047800.278 1540.732 3.8564 0 0 0 0.0003041 0.0030409 0.0138168 0.0158411 
1300000 1724 997.641 1063990.042 1556.697 3.8547 0 0 0 0.0003064 0.0030636 0.0137982 0.0145719 
1310000 1734 991.014 1079930.228 1559.434 3.8256 0 0 0 0.0003041 0.0030411 0.0139126 0.015675 
1320000 1745 987.363 1094671.045 1527.501 3.8138 0 0 0 0.0003065 0.0030653 0.0137749 0.0186924 
1330000 1755 989.675 1109975.183 1528.244 3.8207 0 0 0 0.0002992 0.0029915 0.0139265 0.0154098 
1340000 1765 983.857 1126697.011 1544.905 3.7965 0 0 0 0.0002951 0.0029506 0.0139619 0.0197005 
1350000 1775 986.81 1143544.273 1564.383 3.8149 0 0 0 0.0002953 0.0029528 0.0137679 0.0204821 
1360000 1785 989.223 1159322.307 1567.046 3.8254 0 0 0 0.0002944 0.0029444 0.0138685 0.0196484 
1370000 1795 991.194 1176620.527 1599.108 3.8275 0 0 0 0.0002899 0.0028987 0.0138876 0.0228428 
1380000 1805 987.005 1192568.675 1591.124 3.8131 0 0 0 0.0002984 0.0029841 0.0138726 0.0140819 
1390000 1815 989.382 1209970.245 1607.377 3.8178 0 0 0 0.0002937 0.0029367 0.013665 0.0157041 
1400000 1825 991.324 1228166.011 1651.015 3.8257 0 0 0 0.0003007 0.0030067 0.0139107 0.0236588 
1410000 1835 992.911 1246777.324 1688.212 3.8313 0 0 0 0.0002958 0.002958 0.0136816 0.0215676 
1420000 1845 994.208 1264673.87 1704.556 3.8402 0 0 0 0.0002915 0.0029151 0.0135724 0.0182993 
1430000 1855 995.268 1281857.459 1705.824 3.8445 0 0 0 0.0002843 0.0028427 0.0132502 0.0127944 
1440000 1865 996.133 1300119.205 1726.717 3.8442 0 0 0 0.0002888 0.0028877 0.0131991 0.0210966 
1450000 1875 996.841 1316286.069 1709.068 3.8501 0 0 0 0.0002797 0.0027967 0.0128198 0.0153921 
1460000 1885 997.419 1333769.616 1711.081 3.8491 0 0 0 0.0002821 0.0028212 0.012772 0.0219287 
1470000 1895 997.891 1350800.597 1713.36 3.8532 0 0 0 0.0002782 0.0027824 0.0131511 0.0170927 
1480000 1905 998.277 1370243.609 1750.533 3.8546 0 0 0 0.0002714 0.0027142 0.0125241 0.0199136 
1490000 1915 998.592 1389530.962 1786.044 3.8578 0 0 0 0.000267 0.0026702 0.0125304 0.0263269 
1500000 1925 998.849 1408904.962 1810.886 3.8594 0 0 0 0.0002685 0.0026853 0.0123627 0.0270473 
1510000 1935 999.06 1426238.806 1796.266 3.861 0 0 0 0.0002645 0.0026453 0.0120491 0.0158139 
1520000 1945 999.232 1444440.11 1800.578 3.8612 0 0 0 0.0002632 0.0026319 0.0119605 0.0168465 
1530000 1955 999.372 1463348.672 1816.845 3.8582 0 0 0 0.0002569 0.0025686 0.0119731 0.0175908 
1540000 1965 999.487 1480440.785 1793.593 3.8591 0 0 0 0.000258 0.0025796 0.0117671 0.0189979 
1550000 1975 999.581 1498974.744 1803.761 3.8608 0 0 0 0.000264 0.0026405 0.012008 0.0245301 
1560000 1985 999.658 1516421.444 1796.777 3.8631 0 0 0 0.0002649 0.0026495 0.0120121 0.0200975 
1570000 1995 999.72 1534415.41 1797.605 3.8624 0 0 0 0.000267 0.0026699 0.0118836 0.0226369 
1580000 2005 999.771 1553159.155 1809.747 3.8597 0 0 0 0.0002567 0.0025666 0.0115391 0.0116045 
1590000 2015 999.813 1571881.466 1823.412 3.8612 0 0 0 0.0002557 0.0025568 0.0116506 0.0155687 
1600000 2025 999.847 1590911.06 1838.284 3.8701 0 0 0 0.0002547 0.0025469 0.011433 0.0174992 
1610000 2036 986.071 1609397.648 1814.303 3.8151 0 0 0 0.0002558 0.0025582 0.011537 0.0170639 
1620000 2046 988.619 1627178.238 1808.827 3.8185 0 0 0 0.0002548 0.0025483 0.0113068 0.0156645 
1630000 2056 990.701 1646781.95 1834.501 3.8291 0 0 0 0.0002498 0.0024976 0.0112691 0.0175439 
1640000 2066 992.402 1666382.152 1857.511 3.8419 0 0 0 0.0002563 0.0025631 0.0115207 0.0194968 
1650000 2076 993.792 1686971.002 1893.681 3.8464 0 0 0 0.0002592 0.0025916 0.0115412 0.014457 
1660000 2086 994.927 1706422.96 1907.448 3.8491 0 0 0 0.0002542 0.002542 0.0113493 0.0187427 
1670000 2096 995.855 1725687.087 1905.645 3.8546 0 0 0 0.0002551 0.0025512 0.0113134 0.0185647 
1680000 2106 996.614 1743185.793 1880.767 3.8623 0 0 0 0.0002492 0.0024921 0.0112543 0.0200174 
1690000 2116 997.233 1760932.861 1861.268 3.859 0 0 0 0.0002596 0.0025958 0.0115025 0.0149428 
1700000 2127 985.871 1779339.454 1834.099 3.8157 0 0 0 0.0002613 0.0026127 0.0115392 0.0144735 
1710000 2137 988.455 1798218.616 1847.71 3.8201 0 0 0 0.0002592 0.0025917 0.0114464 0.0192172 
1720000 2147 990.567 1816179.838 1839.999 3.8286 0 0 0 0.000257 0.0025703 0.0116555 0.0238317 
1730000 2157 992.293 1836435.85 1873.005 3.8363 0 0 0 0.0002626 0.0026261 0.0116039 0.0160431 
1740000 2167 993.703 1855991.088 1888.009 3.8462 0 0 0 0.0002589 0.0025894 0.0115093 0.0219566 
1750000 2177 994.855 1877109.776 1930.048 3.8422 0 0 0 0.0002623 0.0026229 0.0116071 0.0174093 
1760000 2187 995.796 1898043.546 1960.168 3.8448 0 0 0 0.0002484 0.0024838 0.0110463 0.0160918 
1770000 2197 996.565 1919292.112 1992.53 3.8465 0 0 0 0.0002504 0.0025039 0.0112198 0.01591 
1780000 2207 997.193 1939831.591 2000.577 3.8473 0 0 0 0.000238 0.0023803 0.0108879 0.0154139 
1790000 2217 997.707 1960024.774 2004.765 3.8542 0 0 0 0.0002485 0.0024852 0.0110345 0.0199766 
1800000 2227 998.126 1980256.665 2008.349 3.8532 0 0 0 0.0002454 0.0024542 0.0112526 0.0154413 
1810000 2237 998.469 2000620.023 2013.978 3.8515 0 0 0 0.0002437 0.0024369 0.0110602 0.0135605 
1820000 2247 998.749 2021129.169 2020.965 3.8534 0 0 0 0.0002406 0.0024059 0.0110346 0.0198572 
1830000 2257 998.978 2039692.704 1988.857 3.8572 0 0 0 0.0002449 0.0024494 0.0111633 0.0190412 
1840000 2267 999.165 2056889.096 1939.217 3.8646 0 0 0 0.000244 0.0024404 0.0113691 0.015776 
1850000 2277 999.318 2073853.25 1892.937 3.8622 0 0 0 0.0002512 0.0025123 0.0117565 0.0181956 
1860000 2287 999.442 2091459.357 1869.297 3.8632 0 0 0 0.0002535 0.0025351 0.0116608 0.0190709 
1870000 2297 999.544 2109428.378 1856.403 3.8603 0 0 0 0.0002562 0.0025619 0.011975 0.0169663 
1880000 2307 999.628 2128266.929 1862.07 3.8629 0 0 0 0.000257 0.0025701 0.0117825 0.023734 
1890000 2317 999.696 2148028.834 1883.067 3.8653 0 0 0 0.0002507 0.002507 0.0116072 0.0201168 
1900000 2327 999.751 2166648.576 1878.856 3.865 0 0 0 0.0002504 0.0025037 0.0116269 0.0184168 
1910000 2337 999.797 2184757.067 1868.081 3.8687 0 0 0 0.0002487 0.0024875 0.0115976 0.0210507 
1920000 2347 999.834 2204252.527 1881.138 3.8686 0 0 0 0.0002411 0.002411 0.0112504 0.0186982 
1930000 2357 999.864 2220825.886 1838.469 3.8663 0 0 0 0.0002401 0.0024012 0.0112958 0.0210802 
1940000 2367 999.889 2238887.686 1830.467 3.8665 0 0 0 0.0002452 0.0024516 0.0113429 0.0157459 
1950000 2377 999.91 2256800.732 1820.112 3.8718 0 0 0 0.0002462 0.0024619 0.0112399 0.0134413 
1960000 2387 999.926 2275214.105 1825.41 3.8751 0 0 0 0.0002506 0.0025058 0.0115926 0.0210952 
1970000 2397 999.94 2294514.545 1843.382 3.8737 0 0 0 0.00025 0.0024997 0.0112549 0.0135342 
1980000 2407 999.951 2311797.684 1820.854 3.8752 0 0 0 0.0002554 0.0025538 0.0116144 0.0188196 
1990000 2417 999.96 2330231.392 1827.598 3.8712 0 0 0 0.0002568 0.0025685 0.0116496 0.020241 
2000000 2427 999.967 2352024.675 1891.855 3.8624 0 0 0 0.0002517 0.002517 0.0115695 0.0210726 
2010000 2437 999.973 2373449.947 1937.105 3.8599 0 0 0 0.000252 0.00252 0.0115109 0.0201423 
2020000 2447 999.978 2391431.436 1910.039 3.8652 0 0 0 0.0002474 0.002474 0.0113078 0.0134873 
2030000 2457 999.982 2410868.856 1914.527 3.8615 0 0 0 0.0002511 0.0025107 0.0114858 0.0139093 
2040000 2467 999.985 2432751.298 1964.976 3.8601 0 0 0 0.0002459 0.0024591 0.0113196 0.012079 
2050000 2477 999.988 2454803.32 2010.667 3.8595 0 0 0 0.0002383 0.0023828 0.0112008 0.0120259 
2060000 2487 999.99 2474998.714 2012.2 3.8633 0 0 0 0.0002377 0.0023766 0.010834 0.0159756 
2070000 2497 999.992 2496196.072 2030.788 3.8632 0 0 0 0.0002346 0.0023457 0.0105672 0.0188063 
2080000 2507 999.993 2517118.275 2040.442 3.8611 0 0 0 0.0002336 0.0023356 0.010674 0.0179848 
2090000 2517 999.995 2538338.655 2055.662 3.8545 0 0 0 0.0002336 0.002336 0.0104511 0.0188982 
2100000 2527 999.996 2558666.96 2052.714 3.8565 0 0 0 0.0002296 0.0022964 0.0102704 0.015786 
2110000 2537 999.996 2579255.27 2051.287 3.8529 0 0 0 0.0002238 0.0022384 0.0102479 0.0183244 
2120000 2547 999.997 2600094.711 2058.241 3.8536 0 0 0 0.0002235 0.0022349 0.0099884 0.0165065 
2130000 2557 999.998 2621399.807 2071.207 3.8607 0 0 0 0.0002216 0.0022159 0.010051 0.0220559 
2140000 2567 999.998 2642258.194 2073.691 3.8645 0 0 0 0.0002173 0.002173 0.0100047 0.0160033 
2150000 2577 999.998 2662420.76 2065.898 3.8636 0 0 0 0.0002147 0.0021472 0.0101252 0.0165977 
2160000 2587 999.999 2683485.543 2072.053 3.8648 0 0 0 0.0002131 0.0021315 0.0100171 0.0149061 
2170000 2597 999.999 2698830.958 1976.158 3.8686 0 0 0 0.0002179 0.0021793 0.0100533 0.0192454 
2180000 2607 999.999 2715919.684 1920.85 3.8718 0 0 0 0.0002194 0.0021937 0.0101524 0.0115913 
2190000 2617 999.999 2736230.961 1943.152 3.8683 0 0 0 0.0002188 0.0021875 0.0101139 0.0146869 
2200000 2627 992.508 2752724.77 1888.011 3.8415 0 0 0 0.0002265 0.0022651 0.0103272 0.0166311 
2210000 2637 993.879 2771231.785 1867.88 3.851 0 0 0 0.0002189 0.002189 0.0099899 0.0164203 
2220000 2647 994.998 2789849.272 1866.221 3.8596 0 0 0 0.0002247 0.0022466 0.0101827 0.0247764 
2230000 2657 995.913 2807500.343 1849.479 3.8615 0 0 0 0.0002243 0.0022432 0.0104069 0.0150731 
2240000 2667 996.661 2826571.615 1859.596 3.8685 0 0 0 0.0002247 0.0022466 0.0103233 0.0101656 
2250000 2677 997.272 2846184.018 1880.069 3.8641 0 0 0 0.0002293 0.0022933 0.0104415 0.0156711 
2260000 2687 997.771 2866274.623 1899.422 3.8632 0 0 0 0.0002311 0.002311 0.0105072 0.0157469 
2270000 2698 989.978 2887196.975 1922.682 3.8347 0 0 0 0.0002363 0.0023634 0.010833 0.0164765 
2280000 2708 991.811 2907253.651 1937.648 3.8383 0 0 0 0.0002317 0.0023171 0.0107047 0.0185699 
2290000 2718 993.309 2927811.235 1960.114 3.8383 0 0 0 0.0002368 0.0023677 0.0104495 0.0192029 
2300000 2728 994.533 2946737.895 1945.724 3.8489 0 0 0 0.000236 0.0023596 0.0108161 0.0159255 
2310000 2738 995.533 2965543.749 1933.657 3.8488 0 0 0 0.0002388 0.0023876 0.0106502 0.0152856 
2320000 2748 996.35 2983304.865 1907.04 3.855 0 0 0 0.000239 0.00239 0.010581 0.013052 
2330000 2758 997.018 3001641.537 1893.515 3.8581 0 0 0 0.0002334 0.0023345 0.0105714 0.0155585 
2340000 2768 997.563 3022807.871 1935.193 3.8615 0 0 0 0.0002398 0.0023976 0.0105555 0.01779 
2350000 2778 998.009 3041939.33 1930.508 3.8567 0 0 0 0.0002403 0.0024035 0.0106759 0.0098278 
2360000 2788 998.373 3062886.804 1960.598 3.859 0 0 0 0.0002412 0.0024121 0.0108613 0.0147619 
2370000 2798 998.671 3084514.516 1998.58 3.8612 0 0 0 0.000243 0.0024301 0.0109805 0.0106461 
2380000 2808 998.914 3104752.299 2002.79 3.8691 0 0 0 0.000233 0.0023302 0.010811 0.016748 
2390000 2818 999.113 3121720.858 1949.653 3.8758 0 0 0 0.0002388 0.0023885 0.0108315 0.0181397 
2400000 2828 999.275 3137389.399 1881.867 3.8716 0 0 0 0.0002372 0.0023722 0.0109089 0.0157972 
2410000 2838 999.408 3155137.201 1859.24 3.8715 0 0 0 0.0002407 0.0024066 0.0109708 0.0149978 
2420000 2848 999.516 3175158.882 1886.409 3.8708 0 0 0 0.0002419 0.0024193 0.0109825 0.0172288 
2430000 2858 999.605 3197216.412 1943.758 3.8724 0 0 0 0.0002376 0.0023758 0.0108955 0.0183451 
2440000 2868 999.677 3219145.209 1990.475 3.868 0 0 0 0.0002336 0.002336 0.0108716 0.0190643 
2450000 2878 999.736 3239624.245 2000.161 3.8647 0 0 0 0.0002356 0.0023562 0.0108095 0.0217353 
2460000 2888 999.784 3259774.134 2004.334 3.8611 0 0 0 0.0002351 0.0023513 0.0109029 0.0162612 
2470000 2898 999.824 3282240.103 2048.927 3.8606 0 0 0 0.0002314 0.0023138 0.0108825 0.0184449 
2480000 2908 999.856 3304312.84 2077.641 3.8621 0 0 0 0.0002359 0.0023594 0.0106094 0.0167344 
2490000 2918 999.882 3326406.355 2105.081 3.8613 0 0 0 0.0002362 0.0023623 0.0106468 0.0189634 
2500000 2928 999.904 3347598.076 2104.049 3.8632 0 0 0 0.0002314 0.0023142 0.0104555 0.0130887 
2510000 2938 999.921 3369181.717 2113.635 3.8639 0 0 0 0.0002356 0.0023559 0.0106107 0.023423 
2520000 2948 999.936 3390177.516 2112.357 3.8606 0 0 0 0.000229 0.0022895 0.0102385 0.0239488 
2530000 2958 999.948 3412536.036 2134.695 3.8618 0 0 0 0.0002234 0.0022343 0.010063 0.0165991 
2540000 2968 999.957 3434659.503 2149.722 3.8667 0 0 0 0.0002296 0.0022959 0.010231 0.01935 
2550000 2978 999.965 3455188.648 2133.593 3.8689 0 0 0 0.0002286 0.0022858 0.0100844 0.0171865 
2560000 2988 999.971 3477394.966 2148.425 3.865 0 0 0 0.0002258 0.0022585 0.0099459 0.017891 
2570000 2998 999.977 3499192.117 2153.098 3.8655 0 0 0 0.0002214 0.002214 0.0099764 0.0222556 
2580000 3008 999.981 3518924.975 2123.235 3.8643 0 0 0 0.0002237 0.0022371 0.0098175 0.0190221 
2590000 3018 999.984 3539944.745 2118.088 3.8679 0 0 0 0.0002217 0.0022171 0.0097416 0.0215611 
2600000 3028 999.987 3561937.146 2131.65 3.8666 0 0 0 0.0002208 0.0022078 0.0098477 0.0187405 
2610000 3038 999.99 3578616.611 2050.862 3.8698 0 0 0 0.0002191 0.0021908 0.0099509 0.0200218 
2620000 3048 999.991 3600871.74 2082.069 3.865 0 0 0 0.0002167 0.0021667 0.0098474 0.0167282 
2630000 3058 999.993 3623203.736 2109.781 3.8654 0 0 0 0.000221 0.0022097 0.0099681 0.0202064 
2640000 3070 964.443 3642630.217 2005.213 3.7256 0 0 0 0.000227 0.0022702 0.010188 0.0256328 
2650000 3080 970.948 3663597.651 2021.407 3.7494 0 0 0 0.0002249 0.0022491 0.0100427 0.017901 
2660000 3090 976.262 3684705.928 2037.748 3.7774 0 0 0 0.000223 0.0022297 0.0099279 0.0122795 
2670000 3100 980.604 3706252.197 2058.817 3.7963 0 0 0 0.0002235 0.0022347 0.0100845 0.0217257 
2680000 3110 984.152 3727445.809 2070.804 3.8052 0 0 0 0.0002229 0.0022294 0.009878 0.0183635 
2690000 3120 987.051 3749589.485 2096.345 3.8122 0 0 0 0.0002251 0.0022511 0.0100313 0.0171974 
2700000 3130 989.42 3771368.043 2111.646 3.8268 0 0 0 0.0002257 0.0022567 0.0099869 0.0155568 
2710000 3140 991.355 3790571.278 2076.422 3.8348 0 0 0 0.0002207 0.0022071 0.0101812 0.0184619 
2720000 3150 992.937 3812179.488 2092.098 3.8408 0 0 0 0.0002281 0.0022812 0.0099937 0.0241221 
2730000 3160 994.229 3833920.963 2106.366 3.8434 0 0 0 0.0002252 0.0022519 0.0102518 0.0211794 
2740000 3170 995.284 3854838.199 2103.582 3.8502 0 0 0 0.0002281 0.002281 0.0101699 0.0158628 
2750000 3180 996.147 3875222.316 2093.095 3.8584 0 0 0 0.0002272 0.0022719 0.0102787 0.0220145 
2760000 3190 996.852 3894562.316 2066.039 3.8599 0 0 0 0.0002311 0.0023111 0.0102969 0.0175144 
2770000 3200 997.428 3915236.021 2065.502 3.8639 0 0 0 0.0002303 0.0023027 0.0103578 0.0152739 
2780000 3210 997.898 3935007.428 2045.515 3.8606 0 0 0 0.0002276 0.0022762 0.0102482 0.0193653 
2790000 3220 998.283 3956452.946 2064.065 3.8663 0 0 0 0.0002244 0.0022436 0.0100315 0.0192249 
2800000 3230 998.597 3978574.461 2091.773 3.8633 0 0 0 0.0002261 0.0022611 0.0100326 0.0198777 
2810000 3240 998.854 4000382.485 2108.156 3.8662 0 0 0 0.0002249 0.0022488 0.0100276 0.0150365 
2820000 3250 999.063 4021716.645 2112.431 3.8654 0 0 0 0.0002192 0.0021925 0.0099518 0.0152545 
2830000 3260 999.235 4042523.761 2107.106 3.8692 0 0 0 0.0002252 0.0022518 0.0101316 0.0179403 
2840000 3270 984.009 4058806.296 1992.035 3.813 0 0 0 0.0002267 0.0022671 0.0100472 0.0170763 
2850000 3280 986.934 4078173.865 1983.763 3.8296 0 0 0 0.0002216 0.0022163 0.0100061 0.0107419 
2860000 3293 943.818 4094643.718 1829.632 3.6598 0 0 0 0.0002283 0.002283 0.010108 0.0182692 
2870000 3304 941.282 4110244.143 1754.5 3.6492 0 0 0 0.0002315 0.0023149 0.0100705 0.0176707 
2880000 3317 906.926 4120933.846 1551.785 3.5174 0 0 0 0.0002295 0.0022947 0.0100867 0.0211805 
2890000 3327 923.952 4134376.803 1516.034 3.5858 0 0 0 0.000224 0.00224 0.00995 0.0176096 
2900000 3337 937.863 4155978.239 1633.339 3.6332 0 0 0 0.000225 0.0022505 0.0098433 0.0165081 
2910000 3347 949.23 4175739.688 1695.285 3.676 0 0 0 0.0002246 0.0022465 0.0100548 0.0202969 
2920000 3357 958.517 4196991.53 1775.314 3.7118 0 0 0 0.0002206 0.0022063 0.0097902 0.0185165 
2930000 3367 966.105 4213894.491 1759.819 3.7452 0 0 0 0.0002273 0.002273 0.0099589 0.0220136 
2940000 3377 972.306 4233105.063 1789.017 3.7687 0 0 0 0.0002297 0.0022968 0.0101756 0.0108349 
2950000 3387 977.372 4252428.078 1815.795 3.7878 0 0 0 0.0002249 0.0022489 0.0099486 0.0157703 
2960000 3397 981.511 4264367.653 1702.41 3.8103 0 0 0 0.0002353 0.0023531 0.0103057 0.0147577 
2970000 3407 984.893 4277624.417 1631.156 3.8215 0 0 0 0.0002361 0.0023607 0.0100566 0.0221295 
2980000 3417 987.657 4296836.813 1685.833 3.8317 0 0 0 0.0002297 0.0022973 0.0098583 0.0132103 
2990000 3427 989.915 4318009.555 1766.765 3.8384 0 0 0 0.0002329 0.0023294 0.0099406 0.0178945 
3000000 3437 991.759 4337858.147 1805.144 3.84 0 0 0 0.0002313 0.0023135 0.0098409 0.0125541 
3010000 3447 993.267 4359814.414 1876.062 3.8454 0 0 0 0.0002321 0.0023208 0.0097603 0.0157651 
3020000 3457 994.499 4382360.153 1944.745 3.8419 0 0 0 0.000233 0.0023302 0.0098507 0.0154733 
3030000 3467 995.505 4404460.026 1993.313 3.8484 0 0 0 0.0002317 0.0023171 0.0096316 0.0186658 
3040000 3477 996.327 4425151.482 2006.144 3.8498 0 0 0 0.0002286 0.0022864 0.0094561 0.0173773 
3050000 3487 996.999 4445093.67 2002.386 3.8481 0 0 0 0.0002281 0.0022812 0.0098478 0.0127968 
3060000 3497 997.548 4466674.997 2033.804 3.8465 0 0 0 0.0002306 0.0023056 0.0098859 0.0124934 
3070000 3507 997.997 4489169.751 2071.607 3.8491 0 0 0 0.0002298 0.0022983 0.0095633 0.0176626 
3080000 3517 998.363 4512645.956 2121.274 3.8434 0 0 0 0.0002283 0.0022829 0.0097679 0.0203975 
3090000 3527 998.662 4534414.319 2132.364 3.8505 0 0 0 0.000224 0.0022396 0.0098042 0.016083 
3100000 3537 998.907 4554956.373 2119.102 3.8528 0 0 0 0.0002336 0.0023361 0.0099871 0.0221076 
3110000 3547 999.107 4578209.123 2155.931 3.8553 0 0 0 0.0002255 0.0022549 0.009629 0.0135942 
3120000 3557 999.27 4599083.6 2145.843 3.8593 0 0 0 0.0002279 0.0022789 0.0097888 0.0135545 
3130000 3567 999.404 4618128.602 2096.288 3.8609 0 0 0 0.0002267 0.0022669 0.0095744 0.0140826 
3140000 3577 999.513 4640472.303 2122.624 3.8651 0 0 0 0.0002292 0.0022917 0.009695 0.0226885 
3150000 3587 999.602 4661214.375 2110.954 3.8671 0 0 0 0.0002201 0.0022007 0.0095243 0.0125627 
3160000 3597 999.675 4683842.776 2140.718 3.8636 0 0 0 0.000216 0.0021598 0.0096319 0.0194429 
3170000 3607 999.734 4706994.127 2171.895 3.8634 0 0 0 0.0002135 0.0021353 0.0094918 0.0185199 
3180000 3617 999.783 4724844.091 2099.465 3.8705 0 0 0 0.000214 0.0021399 0.0097271 0.0153161 
3190000 3627 999.823 4747393.461 2129.402 3.8759 0 0 0 0.0002133 0.0021329 0.0094672 0.0124462 
3200000 3637 999.855 4768953.456 2134.331 3.8763 0 0 0 0.000211 0.0021099 0.0094421 0.0158856 
3210000 3647 999.882 4791238.338 2151.899 3.8817 0 0 0 0.0002065 0.0020651 0.0093658 0.0177672 
3220000 3657 999.903 4812024.571 2138.017 3.8795 0 0 0 0.000207 0.0020698 0.0094255 0.0148845 
3230000 3667 999.921 4832033.154 2116.047 3.8748 0 0 0 0.0002166 0.0021657 0.00964 0.0164597 
3240000 3677 999.935 4853354.095 2118.957 3.8669 0 0 0 0.0002115 0.0021153 0.0093597 0.0185391 
3250000 3687 999.947 4873433.576 2097.657 3.873 0 0 0 0.0002086 0.0020858 0.0094024 0.0237323 
3260000 3697 999.957 4893991.067 2091.63 3.8739 0 0 0 0.0002083 0.0020834 0.0092857 0.0199216 
3270000 3707 999.965 4915552.811 2103.357 3.8722 0 0 0 0.0002153 0.002153 0.0095645 0.020465 
3280000 3717 999.971 4934318.831 2061.942 3.8728 0 0 0 0.000215 0.00215 0.0096644 0.0187261 
3290000 3727 999.976 4954666.583 2055.566 3.8689 0 0 0 0.0002155 0.0021551 0.0097389 0.0193214 
3300000 3737 999.981 4973961.398 2031.901 3.8685 0 0 0 0.0002177 0.0021769 0.0096918 0.0202 
3310000 3747 999.984 4992943.146 2005.566 3.8705 0 0 0 0.0002235 0.0022351 0.0097794 0.0180474 
3320000 3757 999.987 5013108.201 2006.378 3.8713 0 0 0 0.0002228 0.0022284 0.0098941 0.0142498 
3330000 3767 999.99 5032104.157 1990.004 3.8694 0 0 0 0.0002363 0.0023628 0.0100526 0.0178555 
3340000 3777 999.991 5050896.415 1968.827 3.8737 0 0 0 0.0002276 0.0022757 0.0098037 0.0168145 
3350000 3787 999.993 5070538.404 1967.245 3.8781 0 0 0 0.000228 0.00228 0.0101648 0.0146852 
3360000 3797 999.994 5090035.757 1964.155 3.8767 0 0 0 0.0002313 0.002313 0.0098811 0.0197431 
3370000 3807 999.995 5109571.693 1962.798 3.8768 0 0 0 0.0002348 0.0023481 0.0100036 0.0146381 
3380000 3817 999.996 5130494.303 1985.712 3.8681 0 0 0 0.0002311 0.0023113 0.0098725 0.0120313 
3390000 3827 999.997 5150403.031 1986.146 3.8708 0 0 0 0.0002357 0.0023569 0.0101109 0.0168889 
3400000 3837 999.997 5168841.98 1961.251 3.8763 0 0 0 0.0002393 0.0023929 0.0102012 0.0203136 
3410000 3847 999.998 5188416.315 1960.821 3.8761 0 0 0 0.0002421 0.0024207 0.0103924 0.0129479 
3420000 3857 999.998 5208098.629 1965.869 3.8766 0 0 0 0.0002376 0.0023756 0.01044 0.0156198 
3430000 3867 999.999 5224419.672 1907.334 3.8806 0 0 0 0.0002486 0.0024861 0.0106845 0.0188232 
3440000 3877 999.999 5245874.457 1951.386 3.8787 0 0 0 0.0002458 0.0024581 0.0106267 0.0135265 
3450000 3887 999.999 5265916.809 1962.898 3.8759 0 0 0 0.0002489 0.002489 0.0107704 0.0164161 
3460000 3897 999.999 5281439.921 1891.423 3.8829 0 0 0 0.0002536 0.0025362 0.0106226 0.0208053 
3470000 3907 999.999 5301768.19 1917.234 3.8846 0 0 0 0.0002504 0.0025045 0.010711 0.0198163 
3480000 3917 999.999 5321508.612 1926.949 3.8864 0 0 0 0.000256 0.0025597 0.0106728 0.0136548 
3490000 3927 1000.0 5338791.668 1891.067 3.8823 0 0 0 0.0002567 0.0025668 0.0109323 0.0171723 
3500000 3937 1000.0 5358093.464 1899.569 3.8817 0 0 0 0.0002606 0.0026058 0.0111678 0.0244086 
3510000 3947 1000.0 5377221.031 1899.726 3.8799 0 0 0 0.0002522 0.0025219 0.010962 0.0180746 
3520000 3957 1000.0 5399959.831 1969.138 3.8803 0 0 0 0.0002548 0.002548 0.0109312 0.0190009 
3530000 3967 1000.0 5420405.316 1980.035 3.8749 0 0 0 0.0002525 0.0025253 0.0107178 0.0207434 
3540000 3977 1000.0 5441166.643 1997.799 3.8803 0 0 0 0.0002526 0.0025263 0.0107143 0.0193393 
3550000 3987 1000.0 5461077.73 1999.721 3.884 0 0 0 0.0002499 0.002499 0.0107295 0.0131829 
3560000 3997 1000.0 5481899.262 2014.159 3.877 0 0 0 0.0002537 0.0025374 0.0106202 0.016395 
3570000 4007 1000.0 5502079.903 2014.901 3.8695 0 0 0 0.0002528 0.0025276 0.0108589 0.0229844 
3580000 4017 1000.0 5521210.396 1999.096 3.8681 0 0 0 0.0002594 0.002594 0.0111505 0.0177342 
3590000 4027 1000.0 5542748.722 2026.618 3.8657 0 0 0 0.0002607 0.0026073 0.0108149 0.0170874 
3600000 4037 1000.0 5560499.077 1978.933 3.8717 0 0 0 0.0002575 0.0025755 0.010821 0.0171666 
3610000 4047 1000.0 5582959.174 2027.137 3.8685 0 0 0 0.0002532 0.0025316 0.0107041 0.0159602 
3620000 4057 1000.0 5604512.172 2050.976 3.873 0 0 0 0.00026 0.0026005 0.0109839 0.0216888 
3630000 4067 1000.0 5626002.723 2069.748 3.8749 0 0 0 0.0002507 0.0025072 0.0106507 0.0183988 
3640000 4077 1000.0 5644833.717 2035.26 3.8691 0 0 0 0.0002581 0.0025813 0.0107387 0.0158656 
3650000 4087 1000.0 5664346.087 2020.82 3.8829 0 0 0 0.0002513 0.0025131 0.0105339 0.0127041 
3660000 4097 1000.0 5687273.074 2069.111 3.8867 0 0 0 0.0002498 0.0024978 0.0105775 0.0185273 
3670000 4107 1000.0 5704468.737 2005.16 3.8817 0 0 0 0.000248 0.00248 0.0103274 0.0163717 
3680000 4117 1000.0 5726980.517 2054.048 3.8818 0 0 0 0.000253 0.0025297 0.0104882 0.0148313 
3690000 4127 996.22 5745619.899 2017.376 3.8671 0 0 0 0.00025 0.0025 0.0104804 0.0165567 
3700000 4137 996.911 5765512.048 2004.885 3.8726 0 0 0 0.000249 0.0024899 0.0106377 0.0238616 
3710000 4147 997.476 5784734.508 1989.502 3.8787 0 0 0 0.0002499 0.0024994 0.0103177 0.0204507 
3720000 4157 997.938 5805673.958 2007.674 3.8799 0 0 0 0.0002469 0.0024694 0.0105894 0.0170908 
3730000 4167 998.315 5820232.986 1903.299 3.8797 0 0 0 0.0002527 0.0025275 0.010438 0.0240523 
3740000 4177 998.623 5840887.653 1934.941 3.8763 0 0 0 0.0002557 0.002557 0.010772 0.0193162 
3750000 4187 998.875 5861618.815 1963.69 3.8716 0 0 0 0.0002471 0.0024709 0.0104526 0.0197309 
3760000 4197 999.081 5884913.816 2026.15 3.8693 0 0 0 0.0002528 0.0025275 0.0104647 0.0184826 
3770000 4207 999.249 5898614.932 1913.649 3.8738 0 0 0 0.0002534 0.0025336 0.0103671 0.0162637 
3780000 4217 999.386 5908824.046 1753.555 3.8764 0 0 0 0.000244 0.0024403 0.0101143 0.0162429 
3790000 4227 999.499 5923859.536 1701.922 3.8853 0 0 0 0.000246 0.00246 0.0099434 0.013504 
3800000 4237 999.59 5940205.56 1693.843 3.8928 0 0 0 0.0002467 0.0024669 0.0097178 0.0171366 
3810000 4247 999.665 5963107.106 1801.894 3.8908 0 0 0 0.0002445 0.0024448 0.0101171 0.0184373 
3820000 4257 999.727 5982109.775 1822.189 3.8808 0 0 0 0.0002482 0.0024822 0.0098934 0.0117518 
3830000 4267 999.777 6002413.287 1863.15 3.8839 0 0 0 0.000239 0.0023896 0.009777 0.015729 
3840000 4277 999.817 6025275.723 1943.85 3.8817 0 0 0 0.0002383 0.0023828 0.0098026 0.0152639 
3850000 4287 999.851 6047380.305 1990.888 3.8866 0 0 0 0.0002431 0.0024315 0.0099696 0.0127916 
3860000 4297 999.878 6069794.016 2036.681 3.8853 0 0 0 0.0002421 0.0024214 0.0100525 0.0160556 
3870000 4307 999.9 6091253.81 2056.717 3.8762 0 0 0 0.000239 0.0023905 0.0100618 0.0149749 
3880000 4317 999.919 6109674.704 2024.544 3.8743 0 0 0 0.0002414 0.0024142 0.0100492 0.015546 
3890000 4327 999.934 6130600.207 2032.781 3.8763 0 0 0 0.0002339 0.0023388 0.0100625 0.012527 
3900000 4337 999.946 6152581.67 2062.535 3.8755 0 0 0 0.0002417 0.0024171 0.0102917 0.0094336 
3910000 4347 999.956 6175094.715 2095.478 3.8741 0 0 0 0.000235 0.00235 0.0099433 0.0173881 
3920000 4357 999.964 6197559.41 2125.879 3.8762 0 0 0 0.0002341 0.0023407 0.0100701 0.0164321 
3930000 4367 999.97 6219377.076 2134.772 3.8759 0 0 0 0.0002313 0.0023131 0.0099744 0.016618 
3940000 4377 999.976 6241454.178 2146.385 3.871 0 0 0 0.0002331 0.0023307 0.009928 0.0170822 
3950000 4387 999.98 6262553.423 2141.193 3.8731 0 0 0 0.0002298 0.0022978 0.0098139 0.0182558 
3960000 4397 999.984 6283732.304 2136.832 3.8739 0 0 0 0.0002333 0.002333 0.0100602 0.021668 
3970000 4407 999.987 6303309.849 2107.536 3.8758 0 0 0 0.0002316 0.0023158 0.0099426 0.0157713 
3980000 4417 999.989 6324114.347 2098.382 3.8763 0 0 0 0.0002362 0.0023625 0.01019 0.0190448 
3990000 4427 999.991 6344913.778 2094.11 3.8794 0 0 0 0.0002279 0.0022794 0.0099065 0.0172128 
4000000 4437 999.993 6366161.588 2099.307 3.8803 0 0 0 0.0002301 0.0023006 0.010355 0.0169775 
