10000 10 182.927 -14348.16 -262.522 0.1835 0 0 0 0.0 0.0 
20000 20 332.392 -28768.603 -478.288 0.3333 0 0 0 0.0 0.0 
30000 30 454.516 -39309.442 -582.036 0.79 0 0 0 0.0001685 0.0016849 
40000 40 554.3 -51729.805 -703.439 1.1617 0 0 0 0.0001696 0.0016964 
50000 50 635.83 -63632.916 -791.576 1.4651 0 0 0 0.0001574 0.0015737 
60000 60 702.447 -69338.803 -749.762 1.7078 0 0 0 0.0001591 0.0015909 
70000 70 756.877 -77488.641 -761.86 1.9208 0 0 0 0.0001642 0.001642 
80000 80 801.351 -86668.554 -793.108 2.0801 0 0 0 0.0001889 0.0018886 
90000 90 837.689 -90509.821 -719.406 2.2066 0 0 0 0.0001861 0.001861 
100000 100 867.38 -97639.556 -717.284 2.3195 0 0 0 0.0001943 0.0019433 
110000 110 891.64 -103397.288 -692.432 2.4075 0 0 0 0.0002368 0.0023677 
120000 120 911.462 -109591.421 -679.346 2.471 0 0 0 0.0002569 0.0025689 
130000 130 927.658 -112530.012 -607.799 2.5225 0 0 0 0.000252 0.0025203 
140000 140 940.891 -113776.052 -520.804 2.571 0 0 0 0.0002565 0.0025653 
150000 150 951.704 -115243.602 -451.81 2.5996 0 0 0 0.0002732 0.002732 
160000 160 960.539 -114916.196 -362.917 2.626 0 0 0 0.00028 0.0027998 
170000 170 967.757 -111133.397 -226.407 2.648 0 0 0 0.000264 0.0026404 
180000 180 973.655 -106004.108 -90.478 2.6699 0 0 0 0.0002482 0.0024819 
190000 190 978.474 -100485.222 27.639 2.6834 0 0 0 0.0002294 0.0022938 
200000 200 982.412 -96351.332 98.764 2.6976 0 0 0 0.0002065 0.0020654 
210000 210 985.629 -91182.416 175.321 2.7078 0 0 0 0.0001792 0.0017917 
220000 220 988.258 -86394.58 230.34 2.7219 0 0 0 0.0001536 0.001536 
230000 230 990.406 -84685.521 219.722 2.7284 0 0 0 0.0001469 0.0014692 
240000 240 992.161 -81335.223 240.654 2.7359 0 0 0 0.0001306 0.0013064 
250000 250 993.595 -75841.165 297.037 2.7505 0 0 0 0.0001124 0.0011235 
260000 260 994.767 -70474.102 340.857 2.7509 0 0 0 0.0001009 0.0010091 
270000 270 995.724 -65035.083 378.194 2.7496 0 0 0 9.56e-05 0.0009557 
280000 280 996.506 -59095.043 417.819 2.7506 0 0 0 9.25e-05 0.0009248 
290000 290 997.145 -53062.588 451.734 2.7581 0 0 0 8.2e-05 0.0008197 
300000 300 997.667 -47331.936 474.93 2.7598 0 0 0 9.22e-05 0.0009217 
310000 310 998.094 -40492.438 513.306 2.7582 0 0 0 8.37e-05 0.0008372 
320000 320 998.443 -34323.176 531.705 2.7612 0 0 0 6.83e-05 0.0006832 
330000 330 998.728 -27901.378 552.138 2.7634 0 0 0 6.56e-05 0.000656 
340000 340 998.96 -21086.868 575.956 2.7739 0 0 0 6.46e-05 0.0006459 
350000 350 999.151 -14610.106 588.392 2.7797 0 0 0 7.2e-05 0.0007196 
360000 360 999.306 -7341.427 613.571 2.7781 0 0 0 6.69e-05 0.0006687 
370000 370 999.433 -11.879 635.236 2.7862 0 0 0 6.55e-05 0.0006554 
380000 380 999.537 6035.692 633.16 2.7795 0 0 0 6.67e-05 0.0006674 
390000 390 999.621 13203.961 647.694 2.789 0 0 0 6.99e-05 0.0006989 
400000 400 999.691 19773.006 649.629 2.797 0 0 0 7.32e-05 0.0007318 
410000 410 999.747 27143.403 665.626 2.7996 0 0 0 7.54e-05 0.0007542 
420000 420 999.793 34210.234 673.057 2.7923 0 0 0 7.24e-05 0.000724 
430000 430 999.831 40124.805 657.592 2.7972 0 0 0 6.65e-05 0.0006653 
440000 440 999.862 48003.079 681.798 2.7956 0 0 0 6.22e-05 0.0006223 
450000 450 999.887 56191.273 707.309 2.7904 0 0 0 6.16e-05 0.0006161 
460000 460 999.908 64528.543 730.369 2.7891 0 0 0 6.1e-05 0.0006101 
470000 470 999.925 72493.177 742.721 2.7886 0 0 0 6.3e-05 0.0006295 
480000 480 999.939 80411.821 752.23 2.79 0 0 0 6.37e-05 0.0006375 
490000 490 999.95 87640.387 745.859 2.7869 0 0 0 6.36e-05 0.0006361 
500000 500 999.959 95806.635 759.306 2.7802 0 0 0 6.2e-05 0.0006203 
510000 510 999.966 102305.366 736.481 2.7766 0 0 0 8.07e-05 0.0008071 
520000 520 999.973 107420.66 697.927 2.7783 0 0 0 8.43e-05 0.0008434 
530000 530 999.978 115083.581 709.884 2.788 0 0 0 7.92e-05 0.0007919 
540000 540 999.982 122569.829 716.553 2.7864 0 0 0 7.74e-05 0.0007744 
550000 550 999.985 128647.201 692.875 2.785 0 0 0 7.41e-05 0.000741 
560000 560 999.988 132127.121 635.358 2.7839 0 0 0 7.59e-05 0.0007593 
570000 570 999.99 137784.995 626.005 2.7852 0 0 0 7.59e-05 0.0007586 
580000 580 999.992 140948.294 568.629 2.7893 0 0 0 7.25e-05 0.000725 
590000 590 999.993 148746.237 606.535 2.7904 0 0 0 6.51e-05 0.0006506 
600000 600 999.995 155118.458 613.097 2.7885 0 0 0 7.24e-05 0.0007241 
610000 610 999.996 164252.308 669.113 2.787 0 0 0 6.55e-05 0.0006546 
620000 620 999.996 174260.985 730.134 2.7863 0 0 0 6.23e-05 0.0006232 
630000 630 999.997 183336.451 762.761 2.7917 0 0 0 6.21e-05 0.0006214 
640000 640 999.998 192724.018 794.984 2.7893 0 0 0 6.19e-05 0.0006187 
650000 650 999.998 201881.761 816.599 2.786 0 0 0 6.3e-05 0.0006303 
660000 660 999.998 210445.356 823.928 2.783 0 0 0 5.75e-05 0.0005748 
670000 670 999.999 219463.723 838.312 2.7834 0 0 0 5.86e-05 0.0005857 
680000 680 999.999 228505.582 850.728 2.789 0 0 0 5.84e-05 0.000584 
690000 690 999.999 237542.101 860.518 2.7836 0 0 0 5.59e-05 0.000559 
700000 700 999.999 246767.613 871.56 2.789 0 0 0 5.88e-05 0.0005881 
710000 710 999.999 256631.265 892.366 2.7944 0 0 0 5.58e-05 0.0005579 
720000 720 1000.0 263342.11 853.03 2.7924 0 0 0 4.66e-05 0.0004659 
730000 730 1000.0 271938.096 855.026 2.7946 0 0 0 4.56e-05 0.0004555 
740000 740 1000.0 281204.35 867.944 2.794 0 0 0 4.87e-05 0.0004868 
750000 750 1000.0 290750.577 883.29 2.7932 0 0 0 4.58e-05 0.0004578 
760000 760 1000.0 301529.982 918.975 2.7931 0 0 0 4.77e-05 0.0004774 
770000 770 1000.0 311446.776 931.757 2.8034 0 0 0 4.61e-05 0.0004607 
780000 780 1000.0 319981.563 913.989 2.8 0 0 0 4.68e-05 0.0004684 
790000 790 1000.0 330644.251 942.607 2.7957 0 0 0 4.59e-05 0.0004592 
800000 800 1000.0 342205.224 982.29 2.7908 0 0 0 4.43e-05 0.0004429 
810000 810 1000.0 354553.088 1028.406 2.7996 0 0 0 4.79e-05 0.0004792 
820000 820 1000.0 366097.905 1051.356 2.8028 0 0 0 4.58e-05 0.0004584 
830000 830 1000.0 377862.285 1074.908 2.8048 0 0 0 4.66e-05 0.0004657 
840000 840 1000.0 389970.347 1099.828 2.8112 0 0 0 4.7e-05 0.0004697 
850000 850 1000.0 401892.323 1116.658 2.8119 0 0 0 4.76e-05 0.0004765 
860000 860 1000.0 414282.349 1138.977 2.8045 0 0 0 5.09e-05 0.0005089 
870000 870 1000.0 426706.585 1157.839 2.8049 0 0 0 5.08e-05 0.0005082 
880000 880 1000.0 438600.575 1162.773 2.8039 0 0 0 5.17e-05 0.0005168 
890000 890 1000.0 449417.035 1147.393 2.8022 0 0 0 5.33e-05 0.000533 
900000 900 1000.0 460895.951 1148.261 2.8045 0 0 0 5.3e-05 0.0005299 
910000 910 1000.0 472711.101 1155.39 2.8027 0 0 0 5.27e-05 0.0005275 
920000 920 1000.0 485067.139 1172.312 2.8119 0 0 0 4.92e-05 0.0004922 
930000 930 1000.0 498759.01 1208.097 2.8068 0 0 0 5.02e-05 0.0005015 
940000 940 1000.0 512257.216 1233.991 2.7984 0 0 0 5.18e-05 0.0005179 
950000 950 1000.0 526480.05 1268.674 2.7973 0 0 0 5.22e-05 0.0005218 
960000 960 1000.0 540404.031 1291.154 2.7961 0 0 0 5.13e-05 0.0005129 
970000 970 1000.0 554110.401 1305.54 2.7941 0 0 0 5.44e-05 0.0005438 
980000 980 1000.0 567056.304 1303.711 2.8033 0 0 0 5.44e-05 0.0005443 
990000 990 1000.0 580507.352 1311.452 2.8023 0 0 0 5.64e-05 0.000564 
1000000 1000 1000.0 593462.669 1307.892 2.8043 0 0 0 5.54e-05 0.0005535 
1010000 1010 1000.0 605848.729 1295.51 2.7998 0 0 0 5.6e-05 0.0005596 
1020000 1020 1000.0 619018.634 1298.944 2.8141 0 0 0 5.44e-05 0.0005435 
1030000 1030 1000.0 633071.457 1318.537 2.8112 0 0 0 5.54e-05 0.0005542 
1040000 1040 1000.0 646974.054 1331.425 2.8083 0 0 0 5.59e-05 0.0005592 
1050000 1050 1000.0 660548.534 1335.631 2.8026 0 0 0 5.62e-05 0.0005622 
1060000 1060 1000.0 674497.925 1346.641 2.7982 0 0 0 5.79e-05 0.0005787 
1070000 1070 1000.0 688790.24 1361.888 2.8056 0 0 0 5.6e-05 0.0005604 
1080000 1080 1000.0 703040.767 1372.862 2.8161 0 0 0 5.75e-05 0.0005755 
1090000 1090 1000.0 717266.157 1381.829 2.8184 0 0 0 6.05e-05 0.0006047 
1100000 1100 1000.0 731806.276 1394.949 2.827 0 0 0 6.1e-05 0.0006096 
1110000 1110 1000.0 745899.103 1397.765 2.8255 0 0 0 6.01e-05 0.0006015 
1120000 1120 1000.0 759849.59 1397.267 2.8166 0 0 0 6.5e-05 0.0006499 
1130000 1130 1000.0 773889.776 1397.949 2.8169 0 0 0 6.38e-05 0.0006377 
1140000 1140 1000.0 787827.441 1397.614 2.8119 0 0 0 6.43e-05 0.000643 
1150000 1150 1000.0 800344.505 1371.614 2.8055 0 0 0 6.78e-05 0.0006784 
1160000 1160 1000.0 813376.606 1359.454 2.7981 0 0 0 6.91e-05 0.0006913 
1170000 1170 1000.0 826012.979 1341.401 2.7955 0 0 0 6.84e-05 0.0006841 
1180000 1180 1000.0 839661.159 1345.895 2.7957 0 0 0 6.79e-05 0.0006791 
1190000 1190 1000.0 854642.313 1373.931 2.7946 0 0 0 6.89e-05 0.0006891 
1200000 1200 1000.0 869713.415 1397.775 2.7939 0 0 0 6.77e-05 0.0006775 
1210000 1210 1000.0 884676.255 1416.436 2.7962 0 0 0 6.89e-05 0.0006886 
1220000 1220 1000.0 899927.656 1436.508 2.7966 0 0 0 6.8e-05 0.0006798 
1230000 1230 1000.0 913551.629 1424.515 2.7927 0 0 0 6.83e-05 0.0006827 
1240000 1240 1000.0 927269.824 1414.371 2.7955 0 0 0 6.84e-05 0.0006838 
1250000 1250 1000.0 940554.881 1398.9 2.8024 0 0 0 7.05e-05 0.0007053 
1260000 1260 1000.0 954222.744 1392.782 2.7987 0 0 0 6.97e-05 0.0006968 
1270000 1270 1000.0 969436.094 1416.994 2.7947 0 0 0 7.1e-05 0.0007099 
1280000 1280 1000.0 984811.561 1438.503 2.8009 0 0 0 6.99e-05 0.0006993 
1290000 1290 1000.0 999639.303 1445.744 2.7937 0 0 0 7.04e-05 0.0007042 
1300000 1300 1000.0 1014743.723 1457.317 2.7953 0 0 0 7.02e-05 0.0007015 
1310000 1310 1000.0 1029517.532 1460.608 2.7998 0 0 0 6.76e-05 0.0006765 
1320000 1320 1000.0 1045229.678 1481.283 2.8018 0 0 0 6.77e-05 0.0006771 
1330000 1330 1000.0 1060863.138 1496.337 2.8073 0 0 0 6.63e-05 0.0006629 
1340000 1340 1000.0 1076411.606 1507.024 2.8128 0 0 0 6.48e-05 0.0006482 
1350000 1350 1000.0 1092194.732 1520.133 2.8067 0 0 0 6.24e-05 0.000624 
1360000 1360 1000.0 1107911.409 1529.336 2.7989 0 0 0 6.26e-05 0.0006257 
1370000 1370 1000.0 1124023.303 1544.204 2.7911 0 0 0 6.22e-05 0.0006222 
1380000 1380 1000.0 1139151.728 1538.963 2.7982 0 0 0 6.22e-05 0.000622 
1390000 1390 1000.0 1154388.225 1535.7 2.7958 0 0 0 6.07e-05 0.0006067 
1400000 1400 1000.0 1168311.393 1508.757 2.7972 0 0 0 6.22e-05 0.0006225 
1410000 1410 1000.0 1184563.246 1529.717 2.7982 0 0 0 6.06e-05 0.0006057 
1420000 1420 1000.0 1200781.396 1546.183 2.7982 0 0 0 5.92e-05 0.0005918 
1430000 1430 1000.0 1216540.194 1551.248 2.802 0 0 0 5.88e-05 0.0005885 
1440000 1440 1000.0 1232216.958 1555.14 2.8008 0 0 0 5.9e-05 0.0005903 
1450000 1450 1000.0 1248860.137 1575.283 2.8033 0 0 0 5.69e-05 0.0005692 
1460000 1460 1000.0 1264385.584 1571.187 2.8042 0 0 0 5.66e-05 0.000566 
1470000 1470 1000.0 1279184.561 1553.817 2.8037 0 0 0 5.59e-05 0.0005591 
1480000 1480 1000.0 1294115.313 1543.425 2.8009 0 0 0 5.68e-05 0.0005684 
1490000 1490 1000.0 1308982.021 1532.901 2.7986 0 0 0 5.71e-05 0.0005713 
1500000 1500 1000.0 1323762.558 1522.567 2.8017 0 0 0 5.66e-05 0.000566 
1510000 1510 1000.0 1336692.486 1481.955 2.7979 0 0 0 5.66e-05 0.0005662 
1520000 1520 1000.0 1350825.791 1470.548 2.8007 0 0 0 5.94e-05 0.000594 
1530000 1530 1000.0 1366528.492 1488.955 2.7996 0 0 0 5.88e-05 0.0005878 
1540000 1540 1000.0 1382254.73 1503.777 2.8074 0 0 0 5.92e-05 0.0005915 
1550000 1550 1000.0 1392173.39 1407.506 2.8078 0 0 0 5.87e-05 0.0005866 
1560000 1560 1000.0 1407086.833 1422.213 2.8067 0 0 0 5.8e-05 0.0005797 
1570000 1570 1000.0 1423301.557 1459.146 2.8043 0 0 0 5.7e-05 0.0005702 
1580000 1580 1000.0 1439496.682 1487.958 2.8006 0 0 0 5.87e-05 0.0005867 
1590000 1590 1000.0 1455116.172 1500.508 2.7987 0 0 0 5.73e-05 0.0005733 
1600000 1600 1000.0 1472167.57 1537.884 2.7972 0 0 0 5.84e-05 0.0005836 
1610000 1610 1000.0 1489653.046 1576.109 2.7992 0 0 0 5.51e-05 0.0005508 
1620000 1620 1000.0 1505553.396 1579.872 2.7985 0 0 0 5.54e-05 0.0005538 
1630000 1630 1000.0 1523455.027 1619.468 2.7947 0 0 0 5.67e-05 0.0005674 
1640000 1640 1000.0 1540724.68 1639.269 2.7956 0 0 0 5.6e-05 0.0005597 
1650000 1650 1000.0 1557782.937 1651.463 2.8004 0 0 0 5.71e-05 0.0005708 
1660000 1660 1000.0 1574717.796 1659.16 2.8054 0 0 0 5.62e-05 0.0005621 
1670000 1670 1000.0 1590715.453 1647.308 2.8029 0 0 0 5.73e-05 0.0005731 
1680000 1680 1000.0 1607130.147 1645.679 2.8042 0 0 0 5.57e-05 0.0005575 
1690000 1690 1000.0 1623455.086 1643.16 2.8004 0 0 0 5.34e-05 0.0005335 
1700000 1700 1000.0 1638537.882 1615.879 2.8002 0 0 0 5.46e-05 0.0005461 
1710000 1710 1000.0 1654261.444 1608.566 2.8065 0 0 0 5.28e-05 0.0005283 
1720000 1720 1000.0 1670794.481 1616.497 2.8028 0 0 0 5.47e-05 0.0005468 
1730000 1730 1000.0 1686876.546 1614.381 2.7979 0 0 0 5.54e-05 0.0005543 
1740000 1740 1000.0 1703731.312 1626.767 2.8067 0 0 0 5.55e-05 0.0005548 
1750000 1750 1000.0 1719948.996 1625.981 2.8075 0 0 0 5.41e-05 0.0005408 
1760000 1760 1000.0 1736213.372 1625.396 2.806 0 0 0 5.58e-05 0.0005581 
1770000 1770 1000.0 1753192.706 1639.011 2.805 0 0 0 5.38e-05 0.0005377 
1780000 1780 1000.0 1770784.298 1660.765 2.8073 0 0 0 5.28e-05 0.0005276 
1790000 1790 1000.0 1788359.469 1678.718 2.8066 0 0 0 5.4e-05 0.00054 
1800000 1800 1000.0 1804642.979 1668.278 2.8054 0 0 0 5.27e-05 0.0005274 
1810000 1810 1000.0 1821705.218 1674.969 2.809 0 0 0 5.23e-05 0.0005229 
1820000 1820 1000.0 1838921.92 1683.025 2.8093 0 0 0 5.41e-05 0.0005405 
1830000 1830 1000.0 1856902.923 1703.584 2.8123 0 0 0 5.29e-05 0.0005286 
1840000 1840 1000.0 1874024.095 1704.561 2.8041 0 0 0 5.14e-05 0.0005141 
1850000 1850 1000.0 1891626.906 1714.923 2.7974 0 0 0 5.43e-05 0.0005428 
1860000 1860 1000.0 1909489.17 1728.286 2.7992 0 0 0 5.37e-05 0.0005372 
1870000 1870 1000.0 1926922.747 1731.256 2.7981 0 0 0 5.37e-05 0.000537 
1880000 1880 1000.0 1943966.732 1726.584 2.804 0 0 0 5.37e-05 0.0005373 
1890000 1890 1000.0 1961369.811 1729.211 2.8023 0 0 0 5.38e-05 0.0005375 
1900000 1900 1000.0 1978775.372 1731.216 2.8033 0 0 0 5.25e-05 0.0005252 
1910000 1910 1000.0 1996167.342 1732.242 2.8037 0 0 0 5.24e-05 0.0005241 
1920000 1920 1000.0 2013338.369 1729.004 2.8118 0 0 0 5.38e-05 0.0005379 
1930000 1930 1000.0 2030908.756 1734.076 2.816 0 0 0 5.17e-05 0.0005169 
1940000 1940 1000.0 2048485.337 1738.477 2.8138 0 0 0 5.04e-05 0.0005037 
1950000 1950 1000.0 2065944.641 1739.635 2.8162 0 0 0 5.11e-05 0.0005113 
1960000 1960 1000.0 2083647.046 1744.458 2.8192 0 0 0 5e-05 0.0005005 
1970000 1970 1000.0 2101637.08 1753.847 2.8171 0 0 0 5.19e-05 0.0005186 
1980000 1980 1000.0 2116207.998 1698.456 2.8169 0 0 0 5.35e-05 0.0005349 
1990000 1990 1000.0 2134126.423 1716.051 2.8151 0 0 0 5.3e-05 0.0005302 
2000000 2000 1000.0 2152549.677 1739.671 2.8107 0 0 0 5.38e-05 0.0005384 
2010000 2010 1000.0 2168928.909 1718.953 2.817 0 0 0 5.4e-05 0.0005396 
2020000 2020 1000.0 2185860.541 1714.279 2.8121 0 0 0 5.33e-05 0.0005327 
2030000 2030 1000.0 2203015.54 1714.805 2.8077 0 0 0 5.58e-05 0.0005584 
2040000 2040 1000.0 2220165.891 1715.46 2.8082 0 0 0 5.21e-05 0.0005215 
2050000 2050 1000.0 2236871.793 1706.731 2.8136 0 0 0 5.38e-05 0.0005381 
2060000 2060 1000.0 2251650.219 1664.972 2.8089 0 0 0 5.49e-05 0.0005486 
2070000 2070 1000.0 2268507.056 1668.875 2.807 0 0 0 5.27e-05 0.0005267 
2080000 2080 1000.0 2285712.043 1678.43 2.8068 0 0 0 5.3e-05 0.00053 
2090000 2090 1000.0 2302682.312 1682.355 2.8076 0 0 0 5.43e-05 0.0005427 
2100000 2100 1000.0 2318941.48 1672.797 2.8078 0 0 0 5.56e-05 0.0005558 
2110000 2110 1000.0 2333108.287 1622.356 2.8092 0 0 0 5.98e-05 0.0005982 
2120000 2120 1000.0 2349286.576 1620.684 2.8124 0 0 0 5.49e-05 0.0005487 
2130000 2130 1000.0 2365088.198 1614.859 2.8135 0 0 0 5.62e-05 0.0005618 
2140000 2140 1000.0 2381512.119 1620.284 2.8066 0 0 0 5.56e-05 0.000556 
2150000 2150 1000.0 2398373.273 1632.2 2.8048 0 0 0 5.74e-05 0.0005736 
2160000 2160 1000.0 2414019.802 1621.744 2.8077 0 0 0 5.8e-05 0.0005799 
2170000 2170 1000.0 2430016.127 1615.987 2.8076 0 0 0 5.98e-05 0.0005975 
2180000 2180 1000.0 2446746.476 1626.941 2.8021 0 0 0 5.96e-05 0.0005962 
2190000 2190 1000.0 2463419.792 1633.424 2.8095 0 0 0 6.34e-05 0.0006343 
2200000 2200 1000.0 2480904.192 1655.1 2.8047 0 0 0 5.73e-05 0.0005735 
2210000 2210 1000.0 2497235.482 1651.126 2.8001 0 0 0 5.97e-05 0.0005966 
2220000 2220 1000.0 2513569.733 1648.144 2.7937 0 0 0 5.87e-05 0.0005875 
2230000 2230 1000.0 2528620.347 1623.549 2.797 0 0 0 6.04e-05 0.0006041 
2240000 2240 1000.0 2541430.337 1564.006 2.8008 0 0 0 5.95e-05 0.0005948 
2250000 2250 1000.0 2560106.285 1619.746 2.8045 0 0 0 5.83e-05 0.0005833 
2260000 2260 1000.0 2578685.141 1662.72 2.8028 0 0 0 5.9e-05 0.0005896 
2270000 2270 1000.0 2596930.171 1692.55 2.8039 0 0 0 5.73e-05 0.0005735 
2280000 2280 1000.0 2615758.666 1727.662 2.8022 0 0 0 5.83e-05 0.0005835 
2290000 2290 1000.0 2634188.742 1748.501 2.7988 0 0 0 5.95e-05 0.0005947 
2300000 2300 1000.0 2653040.353 1773.87 2.8023 0 0 0 5.64e-05 0.0005635 
2310000 2310 1000.0 2670776.619 1773.756 2.7979 0 0 0 5.36e-05 0.000536 
2320000 2320 1000.0 2688247.53 1769.418 2.7962 0 0 0 5.56e-05 0.0005561 
2330000 2330 1000.0 2706606.084 1781.238 2.7946 0 0 0 5.18e-05 0.0005175 
2340000 2340 1000.0 2724074.464 1774.648 2.7998 0 0 0 5.19e-05 0.0005185 
2350000 2350 1000.0 2741356.815 1765.636 2.798 0 0 0 5.12e-05 0.0005124 
2360000 2360 1000.0 2758945.205 1764.213 2.7982 0 0 0 5.15e-05 0.0005152 
2370000 2370 1000.0 2776527.062 1763.41 2.7983 0 0 0 5.09e-05 0.0005091 
2380000 2380 1000.0 2795217.637 1782.599 2.804 0 0 0 4.9e-05 0.0004902 
2390000 2390 1000.0 2813178.795 1784.36 2.8054 0 0 0 4.98e-05 0.0004982 
2400000 2400 1000.0 2830897.322 1782.092 2.8077 0 0 0 4.96e-05 0.0004957 
2410000 2410 1000.0 2849312.531 1793.21 2.8093 0 0 0 4.97e-05 0.0004973 
2420000 2420 1000.0 2866201.241 1773.09 2.8056 0 0 0 4.88e-05 0.0004877 
2430000 2430 1000.0 2884657.503 1787.083 2.8055 0 0 0 4.63e-05 0.0004626 
2440000 2440 1000.0 2903770.391 1809.25 2.8038 0 0 0 4.58e-05 0.0004578 
2450000 2450 1000.0 2922119.285 1813.463 2.8085 0 0 0 4.59e-05 0.0004588 
2460000 2460 1000.0 2941078.725 1827.602 2.8087 0 0 0 4.57e-05 0.0004566 
2470000 2470 1000.0 2959315.19 1827.328 2.8027 0 0 0 4.56e-05 0.0004562 
2480000 2480 1000.0 2977756.611 1830.504 2.8057 0 0 0 4.56e-05 0.0004558 
2490000 2490 1000.0 2996510.768 1838.383 2.8086 0 0 0 4.29e-05 0.0004289 
2500000 2500 1000.0 3014904.619 1838.862 2.8163 0 0 0 4.34e-05 0.000434 
2510000 2510 1000.0 3032841.582 1830.135 2.8148 0 0 0 4.47e-05 0.0004473 
2520000 2520 1000.0 3049667.559 1803.546 2.8127 0 0 0 4.44e-05 0.0004435 
2530000 2530 1000.0 3067222.222 1794.513 2.8092 0 0 0 4.63e-05 0.0004633 
2540000 2540 1000.0 3083959.147 1772.628 2.8035 0 0 0 4.57e-05 0.0004565 
2550000 2550 1000.0 3101108.244 1762.755 2.8093 0 0 0 4.64e-05 0.0004638 
2560000 2560 1000.0 3119365.054 1774.771 2.8128 0 0 0 4.43e-05 0.0004429 
2570000 2570 1000.0 3137372.436 1780.211 2.8106 0 0 0 4.6e-05 0.00046 
2580000 2580 1000.0 3155546.268 1786.77 2.8166 0 0 0 4.45e-05 0.0004447 
2590000 2590 1000.0 3173533.554 1788.561 2.811 0 0 0 4.62e-05 0.0004622 
2600000 2600 1000.0 3192316.816 1805.176 2.815 0 0 0 4.42e-05 0.0004421 
2610000 2610 1000.0 3210591.972 1809.356 2.8069 0 0 0 4.41e-05 0.0004408 
2620000 2620 1000.0 3228660.037 1808.643 2.8051 0 0 0 4.52e-05 0.000452 
2630000 2630 1000.0 3246678.348 1807.469 2.8104 0 0 0 4.57e-05 0.0004573 
2640000 2640 1000.0 3264453.697 1801.923 2.8124 0 0 0 4.93e-05 0.0004926 
2650000 2650 1000.0 3283006.352 1811.803 2.8099 0 0 0 4.6e-05 0.0004603 
2660000 2660 1000.0 3300845.719 1807.313 2.8078 0 0 0 4.73e-05 0.0004733 
2670000 2670 1000.0 3320111.645 1828.707 2.8088 0 0 0 4.75e-05 0.0004748 
2680000 2680 1000.0 3339601.309 1850.66 2.8096 0 0 0 4.72e-05 0.0004722 
2690000 2690 1000.0 3358082.139 1849.676 2.8083 0 0 0 5.16e-05 0.0005159 
2700000 2700 1000.0 3375519.059 1832.6 2.8118 0 0 0 5.11e-05 0.0005115 
2710000 2710 1000.0 3394899.006 1851.318 2.812 0 0 0 5.24e-05 0.0005239 
2720000 2720 1000.0 3412608.341 1837.991 2.8114 0 0 0 5.13e-05 0.0005134 
2730000 2730 1000.0 3431281.11 1843.323 2.8205 0 0 0 5.11e-05 0.0005111 
2740000 2740 1000.0 3450145.732 1851.51 2.8207 0 0 0 5.22e-05 0.0005216 
2750000 2750 1000.0 3468350.402 1846.762 2.817 0 0 0 4.86e-05 0.0004862 
2760000 2760 1000.0 3485910.367 1831.205 2.8149 0 0 0 5.07e-05 0.0005066 
2770000 2770 1000.0 3504207.436 1831.346 2.8187 0 0 0 4.78e-05 0.0004785 
2780000 2780 1000.0 3522264.838 1825.753 2.8137 0 0 0 4.96e-05 0.0004957 
2790000 2790 1000.0 3540792.319 1830.501 2.81 0 0 0 5.03e-05 0.0005025 
2800000 2800 1000.0 3558097.653 1812.084 2.8157 0 0 0 4.65e-05 0.0004653 
2810000 2810 1000.0 3576973.16 1825.493 2.8151 0 0 0 4.85e-05 0.0004845 
2820000 2820 1000.0 3594433.23 1810.311 2.8093 0 0 0 4.95e-05 0.0004951 
2830000 2830 1000.0 3611238.664 1787.265 2.8128 0 0 0 5.14e-05 0.0005142 
2840000 2840 1000.0 3628563.174 1776.75 2.8112 0 0 0 4.94e-05 0.0004938 
2850000 2850 1000.0 3646516.1 1780.753 2.8101 0 0 0 4.86e-05 0.0004855 
2860000 2860 1000.0 3664472.454 1783.636 2.8048 0 0 0 4.97e-05 0.0004969 
2870000 2870 1000.0 3682497.455 1787.897 2.8076 0 0 0 5.1e-05 0.0005096 
2880000 2880 1000.0 3700615.236 1792.1 2.8027 0 0 0 5.33e-05 0.000533 
2890000 2890 1000.0 3718562.323 1792.083 2.8004 0 0 0 5.21e-05 0.000521 
2900000 2900 1000.0 3736876.017 1799.643 2.8005 0 0 0 5.02e-05 0.0005019 
2910000 2910 1000.0 3754425.968 1791.336 2.8009 0 0 0 5.22e-05 0.0005221 
2920000 2920 1000.0 3772203.424 1788.868 2.7992 0 0 0 4.94e-05 0.0004937 
2930000 2930 1000.0 3787479.116 1742.297 2.7993 0 0 0 5.18e-05 0.0005177 
2940000 2940 1000.0 3802923.719 1705.527 2.7952 0 0 0 5.36e-05 0.0005359 
2950000 2950 1000.0 3818845.243 1684.53 2.795 0 0 0 5.22e-05 0.0005216 
2960000 2960 1000.0 3837123.733 1710.42 2.792 0 0 0 5.46e-05 0.0005458 
2970000 2970 1000.0 3855487.076 1733.595 2.7962 0 0 0 5.44e-05 0.0005441 
2980000 2980 1000.0 3873209.749 1740.124 2.7987 0 0 0 5.44e-05 0.0005436 
2990000 2990 1000.0 3891850.61 1763.577 2.7952 0 0 0 5.22e-05 0.0005221 
3000000 3000 1000.0 3910999.636 1792.004 2.8021 0 0 0 5.31e-05 0.0005311 
3010000 3010 1000.0 3930299.972 1816.931 2.8025 0 0 0 5.41e-05 0.000541 
3020000 3020 1000.0 3949504.221 1835.277 2.8035 0 0 0 5.33e-05 0.0005325 
3030000 3030 1000.0 3968392.669 1844.932 2.8043 0 0 0 5.11e-05 0.0005113 
3040000 3040 1000.0 3987921.694 1864.927 2.8166 0 0 0 5.02e-05 0.0005018 
3050000 3050 1000.0 4007784.697 1886.972 2.8132 0 0 0 4.77e-05 0.0004768 
3060000 3060 1000.0 4027742.933 1907.33 2.8135 0 0 0 4.87e-05 0.0004873 
3070000 3070 1000.0 4047905.472 1927.05 2.8134 0 0 0 5.09e-05 0.0005093 
3080000 3080 1000.0 4066194.7 1908.16 2.8161 0 0 0 4.68e-05 0.0004681 
3090000 3090 1000.0 4085511.558 1912.993 2.8136 0 0 0 4.63e-05 0.0004631 
3100000 3100 1000.0 4105357.669 1926.099 2.8198 0 0 0 4.6e-05 0.0004603 
3110000 3110 1000.0 4124787.859 1929.546 2.8204 0 0 0 4.55e-05 0.0004553 
3120000 3120 1000.0 4143919.292 1926.401 2.8161 0 0 0 4.39e-05 0.0004387 
3130000 3130 1000.0 4163236.891 1927.729 2.8101 0 0 0 4.02e-05 0.0004024 
3140000 3140 1000.0 4182823.477 1934.061 2.8118 0 0 0 4.11e-05 0.0004107 
3150000 3150 1000.0 4201280.414 1917.292 2.8101 0 0 0 4.06e-05 0.0004057 
3160000 3160 1000.0 4219321.558 1895.908 2.81 0 0 0 4.32e-05 0.0004317 
3170000 3170 1000.0 4237356.526 1879.543 2.8118 0 0 0 4.49e-05 0.000449 
3180000 3180 1000.0 4256815.566 1891.922 2.8089 0 0 0 4.44e-05 0.0004438 
3190000 3190 1000.0 4275886.993 1895.22 2.8162 0 0 0 4.05e-05 0.0004054 
3200000 3200 1000.0 4294631.453 1890.909 2.8156 0 0 0 4.29e-05 0.0004286 
3210000 3210 1000.0 4313504.092 1889.838 2.8165 0 0 0 4.14e-05 0.000414 
3220000 3220 1000.0 4332538.846 1891.412 2.8176 0 0 0 4.18e-05 0.0004179 
3230000 3230 1000.0 4349808.447 1861.07 2.8156 0 0 0 4.29e-05 0.0004294 
3240000 3240 1000.0 4368460.445 1862.338 2.8134 0 0 0 4.52e-05 0.0004518 
3250000 3250 1000.0 4387641.762 1872.651 2.814 0 0 0 4.58e-05 0.0004583 
3260000 3260 1000.0 4407193.996 1888.208 2.8158 0 0 0 4.6e-05 0.0004595 
3270000 3270 1000.0 4426553.022 1897.369 2.8228 0 0 0 4.58e-05 0.0004578 
3280000 3280 1000.0 4446888.707 1922.66 2.8221 0 0 0 4.58e-05 0.000458 
3290000 3290 1000.0 4467331.342 1944.831 2.8181 0 0 0 4.4e-05 0.0004396 
3300000 3300 1000.0 4487803.418 1963.94 2.8206 0 0 0 4.59e-05 0.0004591 
3310000 3310 1000.0 4507386.911 1962.994 2.829 0 0 0 4.63e-05 0.0004629 
3320000 3320 1000.0 4527671.662 1974.648 2.8283 0 0 0 4.69e-05 0.0004692 
3330000 3330 1000.0 4546314.602 1955.164 2.8273 0 0 0 4.59e-05 0.0004593 
3340000 3340 1000.0 4565406.633 1946.191 2.8266 0 0 0 4.58e-05 0.0004582 
3350000 3350 1000.0 4583807.104 1927.451 2.8277 0 0 0 4.49e-05 0.0004492 
3360000 3360 1000.0 4604067.184 1946.211 2.8314 0 0 0 4.61e-05 0.0004613 
3370000 3370 1000.0 4620325.005 1890.465 2.8319 0 0 0 4.56e-05 0.0004559 
3380000 3380 1000.0 4641028.402 1923.225 2.83 0 0 0 4.53e-05 0.0004528 
3390000 3390 1000.0 4660991.476 1936.594 2.8329 0 0 0 4.34e-05 0.0004339 
3400000 3400 1000.0 4680242.394 1934.274 2.8253 0 0 0 4.4e-05 0.00044 
3410000 3410 1000.0 4700175.323 1944.781 2.8201 0 0 0 4.21e-05 0.0004214 
3420000 3420 1000.0 4719695.724 1946.05 2.8216 0 0 0 4.16e-05 0.0004156 
3430000 3430 1000.0 4740666.655 1973.9 2.8177 0 0 0 3.99e-05 0.000399 
3440000 3440 1000.0 4760598.287 1977.694 2.8171 0 0 0 3.98e-05 0.0003983 
3450000 3450 1000.0 4780587.911 1981.852 2.8172 0 0 0 3.93e-05 0.0003932 
3460000 3460 1000.0 4800727.831 1987.866 2.8166 0 0 0 3.92e-05 0.0003917 
3470000 3470 1000.0 4820595.881 1987.669 2.8138 0 0 0 3.76e-05 0.0003755 
3480000 3480 1000.0 4841652.225 2008.986 2.8153 0 0 0 3.54e-05 0.0003545 
3490000 3490 1000.0 4861681.112 2007.811 2.8175 0 0 0 3.65e-05 0.0003651 
3500000 3500 1000.0 4882770.597 2026.92 2.8156 0 0 0 3.86e-05 0.0003856 
3510000 3510 1000.0 4903143.384 2028.69 2.8136 0 0 0 3.56e-05 0.0003557 
3520000 3520 1000.0 4924307.398 2044.781 2.8139 0 0 0 3.56e-05 0.0003557 
3530000 3530 1000.0 4945280.487 2054.801 2.8218 0 0 0 3.57e-05 0.0003571 
3540000 3540 1000.0 4966318.95 2063.437 2.8256 0 0 0 3.44e-05 0.0003441 
3550000 3550 1000.0 4986683.143 2058.536 2.829 0 0 0 3.34e-05 0.0003338 
3560000 3560 1000.0 5007211.255 2057.052 2.833 0 0 0 3.46e-05 0.0003457 
3570000 3570 1000.0 5028278.603 2066.114 2.8325 0 0 0 3.38e-05 0.000338 
3580000 3580 1000.0 5049373.704 2073.732 2.8297 0 0 0 3.32e-05 0.0003318 
3590000 3590 1000.0 5070241.876 2075.347 2.8268 0 0 0 3.26e-05 0.0003259 
3600000 3600 1000.0 5090998.647 2075.144 2.8259 0 0 0 3.17e-05 0.0003171 
3610000 3610 1000.0 5111503.748 2069.774 2.8233 0 0 0 3.09e-05 0.0003088 
3620000 3620 1000.0 5131470.22 2055.986 2.8221 0 0 0 2.89e-05 0.0002894 
3630000 3630 1000.0 5149220.055 2004.158 2.826 0 0 0 2.96e-05 0.0002963 
3640000 3640 1000.0 5167914.861 1979.264 2.82 0 0 0 2.97e-05 0.0002966 
3650000 3650 1000.0 5185718.137 1943.218 2.8188 0 0 0 3.11e-05 0.0003113 
3660000 3660 1000.0 5204581.984 1934.343 2.815 0 0 0 3.15e-05 0.0003154 
3670000 3670 1000.0 5224905.629 1952.045 2.8194 0 0 0 3.24e-05 0.0003241 
3680000 3680 1000.0 5243580.585 1937.589 2.8227 0 0 0 3.19e-05 0.000319 
3690000 3690 1000.0 5263146.499 1940.153 2.823 0 0 0 3.24e-05 0.0003243 
3700000 3700 1000.0 5281891.84 1928.997 2.8237 0 0 0 3.47e-05 0.0003471 
3710000 3710 1000.0 5300631.26 1920.038 2.8229 0 0 0 3.4e-05 0.0003403 
3720000 3720 1000.0 5319083.043 1905.742 2.8183 0 0 0 3.5e-05 0.0003503 
3730000 3730 1000.0 5336635.671 1878.972 2.8146 0 0 0 3.47e-05 0.0003468 
3740000 3740 1000.0 5355993.95 1889.807 2.8162 0 0 0 3.56e-05 0.0003557 
3750000 3750 1000.0 5375311.894 1898.232 2.8209 0 0 0 3.69e-05 0.0003685 
3760000 3760 1000.0 5394003.718 1893.702 2.8186 0 0 0 3.65e-05 0.0003645 
3770000 3770 1000.0 5413656.667 1907.056 2.8167 0 0 0 3.76e-05 0.0003756 
3780000 3780 1000.0 5434182.491 1933.472 2.8138 0 0 0 3.77e-05 0.0003771 
3790000 3790 1000.0 5454024.389 1942.147 2.811 0 0 0 4.02e-05 0.0004019 
3800000 3800 1000.0 5473406.071 1941.917 2.8104 0 0 0 3.82e-05 0.0003819 
3810000 3810 1000.0 5493186.499 1947.901 2.8108 0 0 0 3.73e-05 0.0003734 
3820000 3820 1000.0 5513299.452 1959.879 2.813 0 0 0 4.12e-05 0.0004119 
3830000 3830 1000.0 5531303.99 1931.358 2.8178 0 0 0 4.17e-05 0.0004173 
3840000 3840 1000.0 5550826.334 1936.095 2.8161 0 0 0 4.09e-05 0.0004095 
3850000 3850 1000.0 5569010.336 1914.535 2.8101 0 0 0 4.11e-05 0.0004107 
3860000 3860 1000.0 5588300.43 1916.565 2.8063 0 0 0 3.97e-05 0.0003967 
3870000 3870 1000.0 5607124.714 1910.806 2.801 0 0 0 4.28e-05 0.0004284 
3880000 3880 1000.0 5626146.796 1908.573 2.7982 0 0 0 4.11e-05 0.000411 
3890000 3890 1000.0 5645031.234 1905.029 2.7965 0 0 0 4.09e-05 0.0004095 
3900000 3900 1000.0 5664269.734 1908.497 2.7969 0 0 0 4.05e-05 0.0004052 
3910000 3910 1000.0 5683684.678 1914.347 2.7965 0 0 0 4.23e-05 0.0004231 
3920000 3920 1000.0 5702259.719 1903.627 2.796 0 0 0 3.95e-05 0.0003949 
3930000 3930 1000.0 5721578.357 1908.347 2.8017 0 0 0 4.03e-05 0.000403 
3940000 3940 1000.0 5741254.32 1919.611 2.8011 0 0 0 3.92e-05 0.0003923 
3950000 3950 1000.0 5760050.984 1912.02 2.8052 0 0 0 3.98e-05 0.0003975 
3960000 3960 1000.0 5779084.584 1911.168 2.8048 0 0 0 4.03e-05 0.0004034 
3970000 3970 1000.0 5798839.756 1922.432 2.8024 0 0 0 4.03e-05 0.000403 
3980000 3980 1000.0 5817626.134 1913.942 2.7985 0 0 0 3.93e-05 0.0003929 
3990000 3990 1000.0 5836622.597 1911.015 2.8048 0 0 0 4.01e-05 0.0004014 
4000000 4000 1000.0 5855587.959 1908.437 2.8063 0 0 0 4.34e-05 0.0004341 
4010000 4010 1000.0 5874052.958 1898.12 2.8027 0 0 0 4.1e-05 0.0004105 
4020000 4020 1000.0 5893462.663 1905.699 2.8033 0 0 0 4.14e-05 0.0004138 
4030000 4030 1000.0 5912684.55 1908.989 2.8021 0 0 0 3.85e-05 0.000385 
4040000 4040 1000.0 5931411.097 1901.888 2.8022 0 0 0 4e-05 0.0004002 
4050000 4050 1000.0 5949878.255 1892.716 2.8071 0 0 0 3.96e-05 0.0003955 
4060000 4060 1000.0 5968215.008 1882.298 2.8149 0 0 0 3.95e-05 0.0003954 
4070000 4070 1000.0 5987114.708 1883.798 2.8115 0 0 0 4.04e-05 0.0004043 
4080000 4080 1000.0 6006173.933 1887.729 2.8151 0 0 0 3.96e-05 0.000396 
4090000 4090 1000.0 6024228.063 1872.182 2.8184 0 0 0 3.99e-05 0.0003991 
4100000 4100 1000.0 6043164.405 1875.875 2.8151 0 0 0 3.98e-05 0.0003976 
4110000 4110 1000.0 6062051.948 1878.238 2.8127 0 0 0 4.02e-05 0.0004021 
4120000 4120 1000.0 6080797.223 1877.238 2.8129 0 0 0 3.99e-05 0.0003987 
4130000 4130 1000.0 6099317.305 1872.622 2.8096 0 0 0 4.06e-05 0.000406 
4140000 4140 1000.0 6117793.4 1868.224 2.8093 0 0 0 4.12e-05 0.0004115 
4150000 4150 1000.0 6136535.227 1869.094 2.8113 0 0 0 3.96e-05 0.0003962 
4160000 4160 1000.0 6154902.944 1862.521 2.8073 0 0 0 4.11e-05 0.0004106 
4170000 4170 1000.0 6172842.473 1849.775 2.8073 0 0 0 4.28e-05 0.0004284 
4180000 4180 1000.0 6190909.031 1842.506 2.8067 0 0 0 4.21e-05 0.0004209 
4190000 4190 1000.0 6209808.434 1850.664 2.8081 0 0 0 4.13e-05 0.000413 
4200000 4200 1000.0 6226725.489 1822.289 2.8073 0 0 0 4.68e-05 0.0004677 
4210000 4210 1000.0 6245745.498 1836.815 2.8054 0 0 0 4.52e-05 0.0004517 
4220000 4220 1000.0 6265353.967 1859.588 2.8046 0 0 0 4.45e-05 0.0004453 
4230000 4230 1000.0 6277428.05 1740.96 2.8017 0 0 0 4.31e-05 0.0004315 
4240000 4240 1000.0 6289127.885 1633.558 2.8063 0 0 0 4.83e-05 0.0004827 
4250000 4250 1000.0 6307733.517 1674.766 2.8005 0 0 0 4.57e-05 0.0004571 
4260000 4260 1000.0 6326113.512 1705.853 2.7968 0 0 0 4.43e-05 0.0004431 
4270000 4270 1000.0 6345449.104 1747.024 2.7929 0 0 0 4.43e-05 0.0004434 
4280000 4280 1000.0 6363905.45 1764.957 2.7961 0 0 0 4.38e-05 0.0004383 
4290000 4290 1000.0 6381220.452 1758.62 2.7999 0 0 0 4.74e-05 0.0004741 
4300000 4300 1000.0 6399103.624 1763.752 2.8023 0 0 0 4.49e-05 0.000449 
4310000 4310 1000.0 6418346.304 1793.038 2.8057 0 0 0 4.43e-05 0.0004435 
4320000 4320 1000.0 6436810.865 1802.867 2.7967 0 0 0 4.6e-05 0.00046 
4330000 4330 1000.0 6455111.661 1807.883 2.8062 0 0 0 4.3e-05 0.0004304 
4340000 4340 1000.0 6473220.514 1808.0 2.7994 0 0 0 4.53e-05 0.0004527 
4350000 4350 1000.0 6490679.259 1796.535 2.8081 0 0 0 4.71e-05 0.0004711 
4360000 4360 1000.0 6509386.679 1810.43 2.8078 0 0 0 4.64e-05 0.0004641 
4370000 4370 1000.0 6528440.48 1827.931 2.8123 0 0 0 4.39e-05 0.0004392 
4380000 4380 1000.0 6547338.285 1839.155 2.8088 0 0 0 4.43e-05 0.0004427 
4390000 4390 1000.0 6567174.625 1865.465 2.8057 0 0 0 4.7e-05 0.00047 
4400000 4400 1000.0 6585995.488 1869.394 2.8044 0 0 0 4.4e-05 0.0004398 
4410000 4410 1000.0 6606228.871 1897.525 2.8017 0 0 0 4.46e-05 0.0004455 
4420000 4420 1000.0 6626173.593 1915.32 2.8023 0 0 0 4.31e-05 0.0004312 
4430000 4430 1000.0 6646903.873 1944.438 2.8026 0 0 0 4.28e-05 0.0004282 
4440000 4440 1000.0 6665644.566 1930.148 2.8032 0 0 0 4.4e-05 0.0004399 
4450000 4450 1000.0 6685324.786 1937.589 2.8034 0 0 0 4.23e-05 0.0004232 
4460000 4460 1000.0 6705746.506 1956.396 2.8063 0 0 0 4.27e-05 0.0004266 
4470000 4470 1000.0 6726307.442 1974.58 2.8066 0 0 0 4.59e-05 0.0004592 
4480000 4480 1000.0 6746750.914 1987.104 2.8081 0 0 0 4.08e-05 0.0004078 
4490000 4490 1000.0 6766951.462 1993.474 2.8115 0 0 0 3.84e-05 0.0003843 
4500000 4500 1000.0 6786903.897 1993.698 2.8083 0 0 0 3.88e-05 0.0003882 
4510000 4510 1000.0 6807604.801 2007.62 2.8081 0 0 0 3.86e-05 0.0003862 
4520000 4520 1000.0 6828088.06 2015.33 2.8076 0 0 0 3.84e-05 0.0003838 
4530000 4530 1000.0 6848579.595 2021.251 2.8069 0 0 0 3.85e-05 0.0003849 
4540000 4540 1000.0 6868748.075 2020.545 2.8032 0 0 0 3.73e-05 0.0003731 
4550000 4550 1000.0 6888985.652 2021.474 2.8036 0 0 0 3.65e-05 0.0003646 
4560000 4560 1000.0 6910185.856 2039.493 2.8108 0 0 0 3.52e-05 0.0003523 
4570000 4570 1000.0 6930799.416 2043.706 2.8142 0 0 0 3.38e-05 0.000338 
4580000 4580 1000.0 6951526.597 2048.27 2.8114 0 0 0 3.32e-05 0.0003317 
4590000 4590 1000.0 6972828.614 2063.076 2.8092 0 0 0 3.32e-05 0.0003324 
4600000 4600 1000.0 6994207.206 2077.61 2.8105 0 0 0 3.24e-05 0.0003238 
4610000 4610 1000.0 7015579.675 2088.258 2.8086 0 0 0 3.28e-05 0.0003281 
4620000 4620 1000.0 7036369.118 2086.537 2.8064 0 0 0 3.22e-05 0.0003217 
4630000 4630 1000.0 7057205.493 2085.873 2.8221 0 0 0 3.21e-05 0.0003209 
4640000 4640 1000.0 7077690.996 2079.23 2.8264 0 0 0 3.12e-05 0.000312 
4650000 4650 1000.0 7097329.271 2057.499 2.8259 0 0 0 2.99e-05 0.0002992 
4660000 4660 1000.0 7116147.686 2025.145 2.8229 0 0 0 3.17e-05 0.0003174 
4670000 4670 1000.0 7135270.657 2004.549 2.8212 0 0 0 3.32e-05 0.0003316 
4680000 4680 1000.0 7153781.232 1977.073 2.815 0 0 0 3.41e-05 0.0003407 
4690000 4690 1000.0 7172892.3 1964.433 2.8182 0 0 0 3.38e-05 0.0003376 
4700000 4700 1000.0 7192395.398 1961.91 2.8206 0 0 0 3.54e-05 0.0003536 
4710000 4710 1000.0 7211973.747 1961.234 2.8222 0 0 0 3.45e-05 0.0003446 
4720000 4720 1000.0 7231032.412 1950.473 2.8193 0 0 0 3.57e-05 0.0003566 
4730000 4730 1000.0 7249840.972 1938.031 2.8183 0 0 0 3.47e-05 0.0003467 
4740000 4740 1000.0 7270251.605 1956.395 2.8172 0 0 0 3.56e-05 0.0003556 
4750000 4750 1000.0 7290739.23 1972.673 2.818 0 0 0 3.61e-05 0.0003614 
4760000 4760 1000.0 7310541.479 1974.606 2.822 0 0 0 3.62e-05 0.0003622 
4770000 4770 1000.0 7330197.162 1972.348 2.8269 0 0 0 3.77e-05 0.0003772 
4780000 4780 1000.0 7349681.233 1967.693 2.8274 0 0 0 3.79e-05 0.0003786 
4790000 4790 1000.0 7367283.3 1932.321 2.827 0 0 0 3.84e-05 0.0003835 
4800000 4800 1000.0 7388014.181 1957.552 2.822 0 0 0 4.01e-05 0.0004006 
4810000 4810 1000.0 7408521.593 1974.601 2.816 0 0 0 3.81e-05 0.0003808 
4820000 4820 1000.0 7429560.319 1998.071 2.828 0 0 0 3.82e-05 0.0003821 
4830000 4830 1000.0 7450484.754 2015.712 2.821 0 0 0 3.51e-05 0.0003514 
4840000 4840 1000.0 7471213.752 2026.522 2.8232 0 0 0 3.81e-05 0.0003814 
4850000 4850 1000.0 7492090.726 2037.042 2.8281 0 0 0 3.81e-05 0.0003805 
4860000 4860 1000.0 7512332.405 2034.925 2.8339 0 0 0 3.71e-05 0.0003715 
4870000 4870 1000.0 7534160.956 2062.143 2.8315 0 0 0 3.6e-05 0.0003598 
4880000 4880 1000.0 7555673.815 2078.688 2.8298 0 0 0 3.61e-05 0.0003607 
4890000 4890 1000.0 7575942.694 2067.807 2.8305 0 0 0 3.46e-05 0.0003456 
4900000 4900 1000.0 7593401.85 2011.192 2.8354 0 0 0 3.57e-05 0.0003566 
4910000 4910 1000.0 7613527.261 2010.705 2.8385 0 0 0 3.67e-05 0.0003666 
4920000 4920 1000.0 7633684.291 2011.814 2.8348 0 0 0 3.6e-05 0.00036 
4930000 4930 1000.0 7654216.512 2019.977 2.8263 0 0 0 3.59e-05 0.0003587 
4940000 4940 1000.0 7673404.948 2000.592 2.8245 0 0 0 3.55e-05 0.0003546 
4950000 4950 1000.0 7693075.257 1994.234 2.8186 0 0 0 3.56e-05 0.0003556 
4960000 4960 1000.0 7713025.742 1994.07 2.8156 0 0 0 3.48e-05 0.0003475 
4970000 4970 1000.0 7733262.943 2000.231 2.8092 0 0 0 3.43e-05 0.0003434 
4980000 4980 1000.0 7752052.948 1977.178 2.8098 0 0 0 3.62e-05 0.0003618 
4990000 4990 1000.0 7771655.183 1974.395 2.8066 0 0 0 3.44e-05 0.0003437 
5000000 5000 1000.0 7792376.691 1992.312 2.8045 0 0 0 3.37e-05 0.0003371 
5010000 5010 1000.0 7812158.045 1989.465 2.7998 0 0 0 3.47e-05 0.0003474 
5020000 5020 1000.0 7830660.371 1964.581 2.8058 0 0 0 3.51e-05 0.0003507 
5030000 5030 1000.0 7849610.395 1951.689 2.8101 0 0 0 3.51e-05 0.0003507 
5040000 5040 1000.0 7868479.354 1939.223 2.8085 0 0 0 3.55e-05 0.0003553 
5050000 5050 1000.0 7886377.779 1912.234 2.8151 0 0 0 3.7e-05 0.0003703 
5060000 5060 1000.0 7904153.103 1887.097 2.8142 0 0 0 3.58e-05 0.0003577 
5070000 5070 1000.0 7922241.783 1873.764 2.8125 0 0 0 3.72e-05 0.0003719 
5080000 5080 1000.0 7940229.09 1860.324 2.8158 0 0 0 3.84e-05 0.0003838 
5090000 5090 1000.0 7958939.906 1862.183 2.8155 0 0 0 3.9e-05 0.0003897 
5100000 5100 1000.0 7977972.805 1869.909 2.8206 0 0 0 3.86e-05 0.0003858 
5110000 5110 1000.0 7996416.182 1864.052 2.8188 0 0 0 3.76e-05 0.0003765 
5120000 5120 1000.0 8014070.949 1847.056 2.8235 0 0 0 3.85e-05 0.0003845 
5130000 5130 1000.0 8030780.864 1815.779 2.8237 0 0 0 3.84e-05 0.0003845 
5140000 5140 1000.0 8049803.856 1831.788 2.8357 0 0 0 4.06e-05 0.0004064 
5150000 5150 1000.0 8068887.224 1845.919 2.8356 0 0 0 3.97e-05 0.0003967 
5160000 5160 1000.0 8088512.745 1867.039 2.8414 0 0 0 4.11e-05 0.0004109 
5170000 5170 1000.0 8106824.242 1859.494 2.8346 0 0 0 4.22e-05 0.0004216 
5180000 5180 1000.0 8125894.839 1868.333 2.8275 0 0 0 4.23e-05 0.0004234 
5190000 5190 1000.0 8144049.341 1858.748 2.825 0 0 0 4.15e-05 0.0004146 
5200000 5200 1000.0 8162600.29 1857.555 2.832 0 0 0 4.21e-05 0.0004214 
5210000 5210 1000.0 8179567.372 1827.99 2.8338 0 0 0 4.21e-05 0.0004208 
5220000 5220 1000.0 8197019.44 1812.314 2.8328 0 0 0 4.31e-05 0.0004312 
5230000 5230 1000.0 8216721.845 1841.201 2.831 0 0 0 4.4e-05 0.0004404 
5240000 5240 1000.0 8236172.833 1860.808 2.8312 0 0 0 4.27e-05 0.0004271 
5250000 5250 1000.0 8255846.789 1880.675 2.8267 0 0 0 4.08e-05 0.0004084 
5260000 5260 1000.0 8275144.499 1889.576 2.8297 0 0 0 4.09e-05 0.0004089 
5270000 5270 1000.0 8294312.673 1894.793 2.8267 0 0 0 4.14e-05 0.0004138 
5280000 5280 1000.0 8313540.663 1899.569 2.8269 0 0 0 4.07e-05 0.0004069 
5290000 5290 1000.0 8333417.331 1915.864 2.8217 0 0 0 3.97e-05 0.0003973 
5300000 5300 1000.0 8353534.968 1933.862 2.8203 0 0 0 3.86e-05 0.0003863 
5310000 5310 1000.0 8372868.153 1933.82 2.817 0 0 0 4.07e-05 0.000407 
5320000 5320 1000.0 8391851.917 1927.234 2.8167 0 0 0 4.04e-05 0.0004043 
5330000 5330 1000.0 8410383.137 1912.807 2.8116 0 0 0 3.84e-05 0.0003839 
5340000 5340 1000.0 8429562.543 1912.607 2.8104 0 0 0 3.82e-05 0.0003823 
5350000 5350 1000.0 8449541.509 1927.528 2.8107 0 0 0 3.91e-05 0.0003906 
5360000 5360 1000.0 8468754.178 1926.039 2.8193 0 0 0 4.02e-05 0.000402 
5370000 5370 1000.0 8487415.232 1915.671 2.826 0 0 0 3.93e-05 0.000393 
5380000 5380 1000.0 8506007.634 1904.188 2.8245 0 0 0 3.92e-05 0.0003916 
5390000 5390 1000.0 8524687.311 1897.55 2.8283 0 0 0 3.84e-05 0.0003838 
5400000 5400 1000.0 8541886.607 1864.147 2.8276 0 0 0 4.06e-05 0.0004059 
5410000 5410 1000.0 8560394.831 1862.487 2.8264 0 0 0 3.87e-05 0.0003873 
5420000 5420 1000.0 8579524.406 1871.732 2.825 0 0 0 3.85e-05 0.0003845 
5430000 5430 1000.0 8598999.481 1885.718 2.8219 0 0 0 3.93e-05 0.0003928 
5440000 5440 1000.0 8618476.685 1897.233 2.8282 0 0 0 4.12e-05 0.0004117 
5450000 5450 1000.0 8637973.402 1907.299 2.8295 0 0 0 3.91e-05 0.0003909 
5460000 5460 1000.0 8657674.935 1918.536 2.8406 0 0 0 3.75e-05 0.0003754 
5470000 5470 1000.0 8676619.705 1915.137 2.8424 0 0 0 4.06e-05 0.0004057 
5480000 5480 1000.0 8696031.557 1920.277 2.8423 0 0 0 3.81e-05 0.0003808 
5490000 5490 1000.0 8714901.032 1913.62 2.8369 0 0 0 4.25e-05 0.0004253 
5500000 5500 1000.0 8734800.591 1927.912 2.8369 0 0 0 4.21e-05 0.0004208 
5510000 5510 1000.0 8753707.694 1921.612 2.8371 0 0 0 3.98e-05 0.0003977 
5520000 5520 1000.0 8773233.081 1926.571 2.834 0 0 0 4.16e-05 0.0004158 
5530000 5530 1000.0 8792894.206 1933.363 2.8301 0 0 0 4.07e-05 0.0004066 
5540000 5540 1000.0 8813364.511 1954.471 2.8224 0 0 0 4.03e-05 0.0004028 
5550000 5550 1000.0 8833347.223 1962.605 2.8237 0 0 0 3.83e-05 0.0003832 
5560000 5560 1000.0 8853088.55 1965.428 2.8197 0 0 0 3.79e-05 0.000379 
5570000 5570 1000.0 8870973.148 1934.881 2.8233 0 0 0 3.77e-05 0.0003772 
5580000 5580 1000.0 8891029.674 1948.193 2.8227 0 0 0 3.79e-05 0.0003791 
5590000 5590 1000.0 8912148.003 1978.138 2.8169 0 0 0 3.74e-05 0.0003743 
5600000 5600 1000.0 8931995.785 1979.083 2.8094 0 0 0 3.61e-05 0.0003611 
5610000 5610 1000.0 8952676.299 1995.257 2.8131 0 0 0 3.51e-05 0.0003512 
5620000 5620 1000.0 8972490.031 1992.827 2.8202 0 0 0 3.44e-05 0.000344 
5630000 5630 1000.0 8992427.591 1992.584 2.8197 0 0 0 3.56e-05 0.0003557 
5640000 5640 1000.0 9012477.079 1994.699 2.8342 0 0 0 3.52e-05 0.000352 
5650000 5650 1000.0 9029847.392 1947.039 2.835 0 0 0 3.56e-05 0.0003561 
5660000 5660 1000.0 9051276.124 1982.874 2.8339 0 0 0 3.44e-05 0.0003445 
5670000 5670 1000.0 9072377.344 2006.565 2.8321 0 0 0 3.33e-05 0.0003334 
5680000 5680 1000.0 9093454.271 2024.954 2.8279 0 0 0 3.09e-05 0.0003088 
5690000 5690 1000.0 9114476.267 2039.132 2.8232 0 0 0 3.18e-05 0.0003183 
5700000 5700 1000.0 9135048.982 2042.755 2.8195 0 0 0 2.92e-05 0.0002916 
5710000 5710 1000.0 9155215.954 2038.707 2.828 0 0 0 2.86e-05 0.0002859 
5720000 5720 1000.0 9174813.572 2023.949 2.8269 0 0 0 2.76e-05 0.0002756 
5730000 5730 1000.0 9195767.455 2036.793 2.8273 0 0 0 2.81e-05 0.0002808 
5740000 5740 1000.0 9216720.805 2047.55 2.8211 0 0 0 2.89e-05 0.0002892 
5750000 5750 1000.0 9237624.246 2055.441 2.8208 0 0 0 2.76e-05 0.0002755 
5760000 5760 1000.0 9257968.837 2050.863 2.8253 0 0 0 2.82e-05 0.000282 
5770000 5770 1000.0 9277115.305 2026.563 2.8297 0 0 0 2.85e-05 0.0002854 
5780000 5780 1000.0 9295997.379 2001.391 2.8347 0 0 0 2.73e-05 0.0002734 
5790000 5790 1000.0 9315707.986 1994.896 2.8401 0 0 0 2.74e-05 0.0002744 
5800000 5800 1000.0 9335200.528 1987.678 2.8469 0 0 0 2.77e-05 0.0002771 
5810000 5810 1000.0 9356117.421 2006.884 2.8442 0 0 0 2.73e-05 0.0002727 
5820000 5820 1000.0 9377428.149 2029.715 2.8381 0 0 0 2.62e-05 0.0002624 
5830000 5830 1000.0 9398746.059 2048.246 2.8314 0 0 0 2.72e-05 0.000272 
5840000 5840 1000.0 9420029.258 2062.422 2.8358 0 0 0 2.58e-05 0.0002576 
5850000 5850 1000.0 9441639.531 2080.141 2.8345 0 0 0 2.66e-05 0.0002656 
5860000 5860 1000.0 9463004.42 2090.978 2.8349 0 0 0 2.51e-05 0.0002512 
5870000 5870 1000.0 9485206.936 2114.598 2.8294 0 0 0 2.45e-05 0.0002453 
5880000 5880 1000.0 9504580.131 2082.099 2.837 0 0 0 3.01e-05 0.0003012 
5890000 5890 1000.0 9525586.662 2085.53 2.8337 0 0 0 3.04e-05 0.0003036 
5900000 5900 1000.0 9547051.159 2096.981 2.8373 0 0 0 3.2e-05 0.0003195 
5910000 5910 1000.0 9567699.321 2090.508 2.8433 0 0 0 3.01e-05 0.0003008 
5920000 5920 1000.0 9588153.168 2081.339 2.8401 0 0 0 3.05e-05 0.0003053 
5930000 5930 1000.0 9608354.696 2069.64 2.8395 0 0 0 2.72e-05 0.0002725 
5940000 5940 1000.0 9628658.409 2062.175 2.839 0 0 0 3.02e-05 0.0003023 
5950000 5950 1000.0 9649487.464 2065.819 2.8401 0 0 0 3.03e-05 0.0003032 
5960000 5960 1000.0 9669974.189 2063.016 2.8385 0 0 0 2.96e-05 0.0002956 
5970000 5970 1000.0 9690582.815 2062.81 2.8392 0 0 0 2.92e-05 0.0002921 
5980000 5980 1000.0 9709972.223 2039.929 2.839 0 0 0 2.76e-05 0.0002761 
5990000 5990 1000.0 9730210.34 2036.617 2.838 0 0 0 2.87e-05 0.0002874 
6000000 6000 1000.0 9749840.537 2022.801 2.8453 0 0 0 2.77e-05 0.0002768 
