10000.0 10.0 -14365.8037 -15177.5253 -13554.082 -1.4366 -1.5178 -1.3554 -262.8177 -277.6157 -248.0196 
20000.0 20.0 -28713.8973 -30504.8385 -26922.9562 -1.4357 -1.5252 -1.3461 -477.2107 -507.0954 -447.3259 
30000.0 30.0 -40752.5283 -44731.8681 -36773.1886 -1.3584 -1.4911 -1.2258 -609.0103 -678.4117 -539.609 
40000.0 40.0 -52087.8767 -54099.2161 -50076.5372 -1.3022 -1.3525 -1.2519 -704.7373 -754.4229 -655.0518 
50000.0 50.0 -61451.292 -68394.4628 -54508.1212 -1.229 -1.3679 -1.0902 -746.3637 -875.2179 -617.5095 
60000.0 60.0 -67231.4853 -78501.6605 -55961.3102 -1.1205 -1.3084 -0.9327 -714.7607 -890.7791 -538.7422 
70000.0 70.0 -74777.4463 -94364.2742 -55190.6184 -1.0682 -1.3481 -0.7884 -722.0183 -1015.835 -428.2016 
80000.0 80.0 -78979.208 -113927.3353 -44031.0807 -0.9872 -1.4241 -0.5504 -667.0777 -1194.3271 -139.8282 
90000.0 90.0 -80509.0683 -128781.954 -32236.1826 -0.8945 -1.4309 -0.3582 -573.3507 -1248.5051 101.8037 
100000.0 100.0 -82667.2653 -146922.2409 -18412.2897 -0.8267 -1.4692 -0.1841 -507.7113 -1353.2371 337.8145 
110000.0 110.0 -83680.8067 -161273.7563 -6087.8571 -0.7607 -1.4661 -0.0553 -433.6353 -1371.533 504.2623 
120000.0 120.0 -84669.975 -173639.6239 4299.6739 -0.7056 -1.447 0.0358 -372.678 -1354.2645 608.9085 
130000.0 130.0 -84126.635 -175431.6818 7178.4118 -0.6471 -1.3495 0.0552 -293.8163 -1155.0112 567.3785 
140000.0 140.0 -83927.3743 -181594.4489 13739.7003 -0.5995 -1.2971 0.0981 -237.2873 -1053.2511 578.6764 
150000.0 150.0 -82867.8007 -190080.3262 24344.7249 -0.5525 -1.2672 0.1623 -174.6307 -1013.4542 664.1928 
160000.0 160.0 -82958.9697 -199541.633 33623.6937 -0.5185 -1.2471 0.2101 -143.4413 -995.4659 708.5832 
170000.0 170.0 -79809.5993 -200765.5252 41146.3265 -0.4695 -1.181 0.242 -59.135 -841.8408 723.5708 
180000.0 180.0 -76694.726 -200774.096 47384.644 -0.4261 -1.1154 0.2632 8.0117 -710.4406 726.4639 
190000.0 190.0 -73844.8373 -202610.1829 54920.5083 -0.3887 -1.0664 0.2891 58.704 -660.3605 777.7685 
200000.0 200.0 -69941.9033 -196689.7252 56805.9186 -0.3497 -0.9834 0.284 119.371 -430.399 669.141 
210000.0 210.0 -64927.351 -190800.3965 60945.6945 -0.3092 -0.9086 0.2902 189.1877 -244.1747 622.55 
220000.0 220.0 -59953.583 -185595.7285 65688.5625 -0.2725 -0.8436 0.2986 245.554 -101.2691 592.3771 
230000.0 230.0 -55869.9347 -184278.2439 72538.3746 -0.2429 -0.8012 0.3154 275.3677 -38.323 589.0583 
240000.0 240.0 -51107.5 -180896.2704 78681.2704 -0.2129 -0.7537 0.3278 312.2133 31.7829 592.6437 
250000.0 250.0 -45855.88 -175570.4381 83858.6781 -0.1834 -0.7023 0.3354 351.0173 123.3192 578.7154 
260000.0 260.0 -40725.2753 -171967.3402 90516.7896 -0.1566 -0.6614 0.3481 380.4963 164.2847 596.7079 
270000.0 270.0 -34873.1697 -168091.9251 98345.5858 -0.1292 -0.6226 0.3642 417.827 204.9068 630.7472 
280000.0 280.0 -29704.377 -167226.2851 107817.5311 -0.1061 -0.5972 0.3851 435.4373 165.7026 705.1721 
290000.0 290.0 -24320.3723 -165556.2452 116915.5006 -0.0839 -0.5709 0.4032 454.963 149.6716 760.2544 
300000.0 300.0 -18922.6083 -161345.0564 123499.8397 -0.0631 -0.5378 0.4117 471.1053 188.6235 753.5872 
310000.0 310.0 -12978.344 -156873.0788 130916.3908 -0.0419 -0.506 0.4223 494.9203 213.3546 776.486 
320000.0 320.0 -7261.7333 -151762.5819 137239.1152 -0.0227 -0.4743 0.4289 508.3443 257.6583 759.0303 
330000.0 330.0 -272.196 -148706.0386 148161.6466 -0.0008 -0.4506 0.449 543.3743 272.9601 813.7886 
340000.0 340.0 6838.4227 -144572.4191 158249.2644 0.0201 -0.4252 0.4654 573.8117 299.5998 848.0235 
350000.0 350.0 12956.505 -139222.6678 165135.6778 0.037 -0.3978 0.4718 580.015 336.239 823.791 
360000.0 360.0 20004.5133 -134506.5415 174515.5682 0.0556 -0.3736 0.4848 602.7063 353.7246 851.688 
370000.0 370.0 27473.958 -129366.7092 184314.6252 0.0743 -0.3496 0.4981 629.2573 383.448 875.0666 
380000.0 380.0 32556.5697 -120115.4756 185228.6149 0.0857 -0.3161 0.4874 606.728 466.6654 746.7906 
390000.0 390.0 39072.3653 -108758.6508 186903.3815 0.1002 -0.2789 0.4792 615.0057 541.7531 688.2582 
400000.0 400.0 45787.155 -105749.73 197324.04 0.1145 -0.2644 0.4933 625.8873 524.5516 727.2231 
410000.0 410.0 52903.5643 -100513.5897 206320.7184 0.129 -0.2452 0.5032 641.3427 518.5591 764.1263 
420000.0 420.0 59801.92 -94092.3545 213696.1945 0.1424 -0.224 0.5088 650.886 536.581 765.191 
430000.0 430.0 66594.309 -91598.2718 224786.8898 0.1549 -0.213 0.5228 656.299 498.8608 813.7372 
440000.0 440.0 74678.219 -88509.9339 237866.3719 0.1697 -0.2012 0.5406 684.2253 460.0878 908.3628 
450000.0 450.0 83082.1977 -81348.4248 247512.8201 0.1846 -0.1808 0.55 713.2617 511.2006 915.3227 
460000.0 460.0 91223.3523 -78320.7076 260767.4123 0.1983 -0.1703 0.5669 731.338 461.7426 1000.9334 
470000.0 470.0 99168.4287 -72742.3671 271079.2244 0.211 -0.1548 0.5768 743.2457 473.9727 1012.5186 
480000.0 480.0 107369.5143 -68825.2421 283564.2708 0.2237 -0.1434 0.5908 757.8543 458.769 1056.9397 
490000.0 490.0 115152.6443 -64522.4016 294827.6902 0.235 -0.1317 0.6017 761.5757 457.1638 1065.9875 
500000.0 500.0 123296.6137 -56313.8247 302907.052 0.2466 -0.1126 0.6058 771.7953 525.1012 1018.4895 
510000.0 510.0 131297.8023 -51771.2867 314366.8913 0.2574 -0.1015 0.6164 776.2947 515.4834 1037.1059 
520000.0 520.0 138887.2023 -49990.9748 327765.3795 0.2671 -0.0961 0.6303 773.979 451.6676 1096.2904 
530000.0 530.0 148818.7543 -43104.8624 340742.3711 0.2808 -0.0813 0.6429 814.1133 478.7976 1149.4291 
540000.0 540.0 159198.3593 -34655.4813 353052.1999 0.2948 -0.0642 0.6538 855.0057 500.4236 1209.5877 
550000.0 550.0 168526.3717 -24793.5027 361846.246 0.3064 -0.0451 0.6579 867.6397 482.1259 1253.1534 
560000.0 560.0 176106.709 -17315.479 369528.897 0.3145 -0.0309 0.6599 849.4693 388.6901 1310.2486 
570000.0 570.0 184356.7123 -10579.6927 379293.1174 0.3234 -0.0186 0.6654 846.5147 370.7128 1322.3165 
580000.0 580.0 192053.7267 -6781.0383 390888.4916 0.3311 -0.0117 0.6739 832.32 262.0178 1402.6222 
590000.0 590.0 200866.787 1712.645 400020.929 0.3405 0.0029 0.678 841.5267 331.6939 1351.3595 
600000.0 600.0 210293.0477 8732.0073 411854.088 0.3505 0.0146 0.6864 860.502 321.3306 1399.6734 
610000.0 610.0 220895.7333 18834.5126 422956.9541 0.3621 0.0309 0.6934 897.376 395.8814 1398.8706 
620000.0 620.0 231802.095 30525.9874 433078.2026 0.3739 0.0492 0.6985 932.7733 478.6447 1386.902 
630000.0 630.0 242914.9707 40336.29 445493.6514 0.3856 0.064 0.7071 965.5463 508.4607 1422.632 
640000.0 640.0 253934.742 49053.6693 458815.8147 0.3968 0.0766 0.7169 990.042 556.3715 1423.7125 
650000.0 650.0 264376.182 55798.4076 472953.9564 0.4067 0.0858 0.7276 999.738 603.1831 1396.2929 
660000.0 660.0 274532.8173 61113.9773 487951.6573 0.416 0.0926 0.7393 1002.3347 617.567 1387.1024 
670000.0 670.0 284482.0443 67389.6752 501574.4134 0.4246 0.1006 0.7486 1000.389 642.8382 1357.9398 
680000.0 680.0 293723.9107 73871.1745 513576.6469 0.4319 0.1086 0.7553 987.3303 668.3965 1306.2641 
690000.0 690.0 304157.6977 83804.6356 524510.7597 0.4408 0.1215 0.7602 998.553 694.3789 1302.7271 
700000.0 700.0 314811.22 94364.6125 535257.8275 0.4497 0.1348 0.7647 1010.8577 711.0965 1310.6188 
710000.0 710.0 326320.2563 105048.523 547591.9897 0.4596 0.148 0.7713 1036.4273 724.9351 1347.9196 
720000.0 720.0 337072.6927 110676.9122 563468.4731 0.4682 0.1537 0.7826 1043.9947 630.5376 1457.4517 
730000.0 730.0 348134.3257 117909.0697 578359.5816 0.4769 0.1615 0.7923 1055.7407 622.4647 1489.0166 
740000.0 740.0 359593.461 125391.0176 593795.9044 0.4859 0.1694 0.8024 1072.196 632.5625 1511.8295 
750000.0 750.0 371112.0383 133694.9433 608529.1334 0.4948 0.1783 0.8114 1086.557 649.2171 1523.8969 
760000.0 760.0 382780.5517 144270.029 621291.0743 0.5037 0.1898 0.8175 1101.286 708.8456 1493.7264 
770000.0 770.0 394072.53 152623.458 635521.602 0.5118 0.1982 0.8254 1105.941 731.129 1480.753 
780000.0 780.0 404781.7943 159839.2222 649724.3665 0.519 0.2049 0.833 1098.4957 701.4701 1495.5212 
790000.0 790.0 416661.5827 168943.1685 664379.9968 0.5274 0.2139 0.841 1115.4417 742.4885 1488.3948 
800000.0 800.0 428924.5 179932.713 677916.287 0.5362 0.2249 0.8474 1135.6287 804.5434 1466.714 
810000.0 810.0 440606.2667 193365.113 687847.4203 0.544 0.2387 0.8492 1141.8213 897.7612 1385.8815 
820000.0 820.0 452488.5037 204979.0524 699997.955 0.5518 0.25 0.8537 1150.2533 937.4805 1363.0262 
830000.0 830.0 464824.146 215331.6283 714316.6637 0.56 0.2594 0.8606 1165.6527 968.3004 1363.0049 
840000.0 840.0 476671.438 227809.5442 725533.3318 0.5675 0.2712 0.8637 1168.7403 1019.5482 1317.9325 
850000.0 850.0 488883.2167 239378.1084 738388.3249 0.5752 0.2816 0.8687 1178.8747 1043.6644 1314.085 
860000.0 860.0 501992.686 251143.3608 752842.0112 0.5837 0.292 0.8754 1203.0957 1063.5288 1342.6626 
870000.0 870.0 514736.5307 261654.4921 767818.5692 0.5917 0.3008 0.8826 1215.9743 1075.1257 1356.8229 
880000.0 880.0 526931.2447 272257.8824 781604.6069 0.5988 0.3094 0.8882 1216.5383 1075.0643 1358.0124 
890000.0 890.0 538804.0327 281172.2078 796435.8575 0.6054 0.3159 0.8949 1211.2283 1040.4703 1381.9863 
900000.0 900.0 550204.358 290524.6085 809884.1075 0.6113 0.3228 0.8999 1198.965 1020.0438 1377.8862 
910000.0 910.0 562439.1307 299847.0114 825031.2499 0.6181 0.3295 0.9066 1203.5163 997.956 1409.0767 
920000.0 920.0 575329.7083 309538.8577 841120.559 0.6254 0.3365 0.9143 1219.806 987.7671 1451.8449 
930000.0 930.0 589203.7187 321968.1668 856439.2705 0.6336 0.3462 0.9209 1250.329 1029.4917 1471.1663 
940000.0 940.0 602526.761 335447.5526 869605.9694 0.641 0.3569 0.9251 1265.252 1084.977 1445.527 
950000.0 950.0 616347.8203 348754.7091 883940.9316 0.6488 0.3671 0.9305 1286.793 1115.2583 1458.3277 
960000.0 960.0 629995.005 361258.7301 898731.2799 0.6562 0.3763 0.9362 1300.6903 1120.3943 1480.9863 
970000.0 970.0 643468.2637 373254.8129 913681.7144 0.6634 0.3848 0.9419 1309.506 1115.5778 1503.4342 
980000.0 980.0 656811.0353 384529.1694 929092.9012 0.6702 0.3924 0.9481 1313.9133 1116.7552 1511.0715 
990000.0 990.0 669109.7367 393702.9109 944516.5625 0.6759 0.3977 0.9541 1298.609 1011.2676 1585.9504 
1000000.0 1000.0 681871.6283 402615.9922 961127.2644 0.6819 0.4026 0.9611 1294.915 957.2167 1632.6133 
1010000.0 1010.0 695030.1153 411750.5926 978309.6381 0.6881 0.4077 0.9686 1298.5197 950.5025 1646.5368 
1020000.0 1020.0 707996.0863 421026.7198 994965.4529 0.6941 0.4128 0.9755 1297.5963 913.5613 1681.6314 
1030000.0 1030.0 722298.8123 434660.6138 1009937.0108 0.7013 0.422 0.9805 1321.7487 1000.8839 1642.6134 
1040000.0 1040.0 736356.283 447889.3874 1024823.1786 0.708 0.4307 0.9854 1336.989 1061.3127 1612.6653 
1050000.0 1050.0 750583.9243 461177.3541 1039990.4946 0.7148 0.4392 0.9905 1352.3203 1124.9022 1579.7385 
1060000.0 1060.0 765221.1943 475078.1556 1055364.2331 0.7219 0.4482 0.9956 1372.604 1186.7126 1558.4954 
1070000.0 1070.0 780124.112 490423.7566 1069824.4674 0.7291 0.4583 0.9998 1394.1863 1262.4878 1525.8848 
1080000.0 1080.0 795201.9113 504135.2436 1086268.5791 0.7363 0.4668 1.0058 1414.99 1282.8231 1547.1569 
1090000.0 1090.0 810617.9547 517090.5902 1104145.3191 0.7437 0.4744 1.013 1438.0057 1282.9403 1593.0711 
1100000.0 1100.0 826229.6673 530567.5197 1121891.8149 0.7511 0.4823 1.0199 1460.6373 1291.3154 1629.9593 
1110000.0 1110.0 841743.9633 542875.2495 1140612.6771 0.7583 0.4891 1.0276 1477.2597 1277.0541 1677.4653 
1120000.0 1120.0 857239.6917 554622.6 1159856.7833 0.7654 0.4952 1.0356 1490.703 1255.8663 1725.5397 
1130000.0 1130.0 872581.5913 566348.7897 1178814.393 0.7722 0.5012 1.0432 1498.391 1240.133 1756.649 
1140000.0 1140.0 887555.9443 579141.7218 1195970.1669 0.7786 0.508 1.0491 1498.1193 1245.2771 1750.9615 
1150000.0 1150.0 901963.3953 590610.1622 1213316.6285 0.7843 0.5136 1.0551 1487.9307 1214.9609 1760.9004 
1160000.0 1160.0 916550.1333 602651.9118 1230448.3548 0.7901 0.5195 1.0607 1482.6943 1201.1477 1764.241 
1170000.0 1170.0 931215.452 614013.7607 1248417.1433 0.7959 0.5248 1.067 1479.5393 1170.8796 1788.1991 
1180000.0 1180.0 946590.6067 625460.9231 1267720.2902 0.8022 0.5301 1.0743 1490.428 1163.4746 1817.3814 
1190000.0 1190.0 962438.1983 638999.0539 1285877.3427 0.8088 0.537 1.0806 1507.708 1200.1033 1815.3127 
1200000.0 1200.0 977999.3933 652824.2025 1303174.5842 0.815 0.544 1.086 1516.452 1236.9356 1795.9684 
1210000.0 1210.0 993827.5107 666018.3403 1321636.681 0.8213 0.5504 1.0923 1528.8187 1255.6805 1801.9568 
1220000.0 1220.0 1010010.6783 678322.1765 1341699.1802 0.8279 0.556 1.0998 1545.1663 1257.5072 1832.8255 
1230000.0 1230.0 1025395.1443 687677.7842 1363112.5045 0.8337 0.5591 1.1082 1544.2657 1202.7267 1885.8047 
1240000.0 1240.0 1040794.7277 698060.3843 1383529.071 0.8394 0.563 1.1157 1543.13 1172.3763 1913.8837 
1250000.0 1250.0 1056062.1293 708377.86 1403746.3987 0.8448 0.5667 1.123 1540.148 1146.2856 1934.0104 
1260000.0 1260.0 1071242.739 719100.6188 1423384.8592 0.8502 0.5707 1.1297 1535.973 1132.113 1939.833 
1270000.0 1270.0 1087201.4487 731637.9907 1442764.9066 0.8561 0.5761 1.136 1547.309 1156.1732 1938.4448 
1280000.0 1280.0 1103164.8527 744386.3738 1461943.3315 0.8618 0.5816 1.1421 1556.16 1175.4652 1936.8548 
1290000.0 1290.0 1119151.8607 754988.3875 1483315.3339 0.8676 0.5853 1.1499 1563.8727 1150.2929 1977.4525 
1300000.0 1300.0 1135375.2067 766066.9503 1504683.463 0.8734 0.5893 1.1574 1574.5473 1138.1584 2010.9363 
1310000.0 1310.0 1151257.403 777200.4326 1525314.3734 0.8788 0.5933 1.1644 1576.7917 1129.752 2023.8314 
1320000.0 1320.0 1167577.861 789909.8281 1545245.8939 0.8845 0.5984 1.1706 1587.0887 1151.9793 2022.198 
1330000.0 1330.0 1183792.693 803180.5094 1564404.8766 0.8901 0.6039 1.1762 1593.5093 1180.353 2006.6657 
1340000.0 1340.0 1200015.371 815998.5506 1584032.1914 0.8955 0.609 1.1821 1598.8047 1195.5262 2002.0831 
1350000.0 1350.0 1216187.0553 829910.227 1602463.8836 0.9009 0.6147 1.187 1602.12 1228.5132 1975.7268 
1360000.0 1360.0 1232503.336 842957.6687 1622049.0033 0.9063 0.6198 1.1927 1607.4387 1238.5718 1976.3055 
1370000.0 1370.0 1248949.9067 856355.407 1641544.4063 0.9116 0.6251 1.1982 1614.1763 1248.6306 1979.7221 
1380000.0 1380.0 1265286.6103 868108.7386 1662464.482 0.9169 0.6291 1.2047 1617.8593 1235.276 2000.4426 
1390000.0 1390.0 1281324.288 881534.4355 1681114.1405 0.9218 0.6342 1.2094 1614.8773 1256.6268 1973.1279 
1400000.0 1400.0 1296738.917 893828.4957 1699649.3383 0.9262 0.6384 1.214 1601.376 1256.5163 1946.2357 
1410000.0 1410.0 1313427.3367 908206.5305 1718648.1429 0.9315 0.6441 1.2189 1613.7413 1286.9368 1940.5458 
1420000.0 1420.0 1330501.5207 921099.9939 1739903.0474 0.937 0.6487 1.2253 1630.9513 1282.9506 1978.952 
1430000.0 1430.0 1347699.3573 932822.5771 1762576.1376 0.9424 0.6523 1.2326 1647.0983 1260.8656 2033.3311 
1440000.0 1440.0 1364621.3077 944312.8875 1784929.7278 0.9477 0.6558 1.2395 1655.326 1238.8973 2071.7547 
1450000.0 1450.0 1381736.5313 957531.1543 1805941.9084 0.9529 0.6604 1.2455 1665.7243 1247.553 2083.8957 
1460000.0 1460.0 1398671.4797 969078.8591 1828264.1003 0.958 0.6638 1.2522 1671.2227 1229.4179 2113.0274 
1470000.0 1470.0 1414761.4957 978252.6823 1851270.3091 0.9624 0.6655 1.2594 1659.5647 1164.7968 2154.3326 
1480000.0 1480.0 1430803.3543 987452.1409 1874154.5677 0.9668 0.6672 1.2663 1648.9003 1108.9816 2188.819 
1490000.0 1490.0 1447279.6613 997586.9476 1896972.375 0.9713 0.6695 1.2731 1648.6423 1090.8558 2206.4289 
1500000.0 1500.0 1463680.559 1006859.6966 1920501.4214 0.9758 0.6712 1.2803 1646.7717 1056.511 2237.0324 
1510000.0 1510.0 1479891.2167 1013428.2947 1946354.1387 0.9801 0.6711 1.289 1642.8177 992.724 2292.9113 
1520000.0 1520.0 1496290.8913 1022417.0274 1970164.7552 0.9844 0.6726 1.2962 1643.201 979.5693 2306.8327 
1530000.0 1530.0 1512936.65 1033602.6228 1992270.6772 0.9888 0.6756 1.3021 1646.6443 998.4834 2294.8052 
1540000.0 1540.0 1529279.867 1043437.3066 2015122.4274 0.993 0.6776 1.3085 1644.518 985.7001 2303.3359 
1550000.0 1550.0 1543843.5467 1046876.6094 2040810.4839 0.996 0.6754 1.3167 1608.7737 876.2385 2341.3089 
1560000.0 1560.0 1560811.076 1057321.993 2064300.159 1.0005 0.6778 1.3233 1624.5753 906.5285 2342.6222 
1570000.0 1570.0 1578064.0227 1069506.4571 2086621.5882 1.0051 0.6812 1.3291 1643.1167 961.9338 2324.2995 
1580000.0 1580.0 1595170.8237 1082130.3117 2108211.3357 1.0096 0.6849 1.3343 1655.2517 1013.8842 2296.6191 
1590000.0 1590.0 1611905.796 1093384.2314 2130427.3606 1.0138 0.6877 1.3399 1658.4563 1031.0001 2285.9126 
1600000.0 1600.0 1629012.662 1106898.9627 2151126.3613 1.0181 0.6918 1.3445 1667.9023 1081.2155 2254.5891 
1610000.0 1610.0 1646464.0643 1120957.0364 2171971.0923 1.0226 0.6962 1.3491 1682.269 1128.6713 2235.8667 
1620000.0 1620.0 1663479.8177 1133736.9103 2193222.725 1.0268 0.6998 1.3538 1686.158 1158.8562 2213.4598 
1630000.0 1630.0 1681016.617 1149102.5458 2212930.6882 1.0313 0.705 1.3576 1698.903 1216.4295 2181.3765 
1640000.0 1640.0 1698230.752 1164410.7815 2232050.7225 1.0355 0.71 1.361 1703.3243 1264.6188 2142.0299 
1650000.0 1650.0 1715563.5827 1178727.6155 2252399.5498 1.0397 0.7144 1.3651 1708.6123 1288.3713 2128.8534 
1660000.0 1660.0 1732355.4303 1194890.7738 2269820.0869 1.0436 0.7198 1.3674 1703.1687 1342.8716 2063.4657 
1670000.0 1670.0 1748894.756 1209235.1801 2288554.3319 1.0472 0.7241 1.3704 1694.1133 1359.3753 2028.8514 
1680000.0 1680.0 1765987.059 1223213.7339 2308760.3841 1.0512 0.7281 1.3743 1696.726 1365.0218 2028.4302 
1690000.0 1690.0 1782923.061 1237669.6285 2328176.4935 1.055 0.7323 1.3776 1696.3407 1379.1873 2013.4941 
1700000.0 1700.0 1799558.914 1248852.3658 2350265.4622 1.0586 0.7346 1.3825 1689.398 1331.2658 2047.5302 
1710000.0 1710.0 1816166.2503 1261491.9617 2370840.539 1.0621 0.7377 1.3865 1684.163 1318.7694 2049.5566 
1720000.0 1720.0 1833212.3787 1275000.4169 2391424.3405 1.0658 0.7413 1.3904 1687.9317 1320.5615 2055.3019 
1730000.0 1730.0 1850000.7217 1287556.9846 2412444.4587 1.0694 0.7443 1.3945 1686.2687 1304.0011 2068.5363 
1740000.0 1740.0 1867288.568 1300968.8366 2433608.2994 1.0732 0.7477 1.3986 1693.8447 1304.1353 2083.5541 
1750000.0 1750.0 1884382.8113 1313570.522 2455195.1007 1.0768 0.7506 1.403 1696.864 1293.3472 2100.3808 
1760000.0 1760.0 1901680.841 1325374.9873 2477986.6947 1.0805 0.7531 1.4079 1702.734 1268.2967 2137.1713 
1770000.0 1770.0 1919373.913 1337688.86 2501058.966 1.0844 0.7558 1.413 1714.9487 1254.1314 2175.766 
1780000.0 1780.0 1936925.809 1351576.6664 2522274.9516 1.0882 0.7593 1.417 1722.1817 1265.0523 2179.311 
1790000.0 1790.0 1954232.75 1366092.6314 2542372.8686 1.0918 0.7632 1.4203 1724.003 1282.6779 2165.3281 
1800000.0 1800.0 1971394.43 1377955.8634 2564832.9966 1.0952 0.7655 1.4249 1721.8363 1258.491 2185.1817 
1810000.0 1810.0 1988721.1867 1391165.8863 2586276.487 1.0987 0.7686 1.4289 1723.7987 1258.1961 2189.4012 
1820000.0 1820.0 2005714.7563 1404602.4408 2606827.0718 1.102 0.7718 1.4323 1719.2547 1254.3254 2184.1839 
1830000.0 1830.0 2023048.7617 1418589.7083 2627507.815 1.1055 0.7752 1.4358 1721.6837 1251.4077 2191.9596 
1840000.0 1840.0 2039949.8287 1432500.1074 2647399.55 1.1087 0.7785 1.4388 1715.4287 1259.4504 2171.4069 
1850000.0 1850.0 2057230.624 1447558.3333 2666902.9147 1.112 0.7825 1.4416 1717.92 1287.4539 2148.3861 
1860000.0 1860.0 2074937.4523 1462049.4425 2687825.4621 1.1156 0.786 1.4451 1727.492 1299.6431 2155.3409 
1870000.0 1870.0 2092693.3947 1476235.5847 2709151.2046 1.1191 0.7894 1.4487 1736.2537 1315.697 2156.8103 
1880000.0 1880.0 2110445.2417 1489450.5725 2731439.9108 1.1226 0.7923 1.4529 1743.5737 1316.5644 2170.5829 
1890000.0 1890.0 2128495.5753 1503747.8719 2753243.2788 1.1262 0.7956 1.4567 1754.6107 1337.6652 2171.5561 
1900000.0 1900.0 2146392.7763 1518070.8635 2774714.6892 1.1297 0.799 1.4604 1760.9777 1352.1867 2169.7686 
1910000.0 1910.0 2164433.9437 1532231.395 2796636.4923 1.1332 0.8022 1.4642 1768.9343 1362.0659 2175.8027 
1920000.0 1920.0 2182395.0923 1544808.606 2819981.5787 1.1367 0.8046 1.4687 1773.7793 1339.2947 2208.2639 
1930000.0 1930.0 2200063.9973 1557859.053 2842268.9417 1.1399 0.8072 1.4727 1772.425 1318.4206 2226.4294 
1940000.0 1940.0 2217669.9963 1572297.3796 2863042.6131 1.1431 0.8105 1.4758 1770.0767 1330.8093 2209.3441 
1950000.0 1950.0 2235595.6013 1584722.9483 2886468.2544 1.1465 0.8127 1.4802 1774.2733 1304.2507 2244.296 
1960000.0 1960.0 2253456.579 1597126.2018 2909786.9562 1.1497 0.8149 1.4846 1776.376 1275.9183 2276.8337 
1970000.0 1970.0 2271336.19 1610949.3969 2931722.9831 1.153 0.8177 1.4882 1778.7263 1279.4563 2277.9964 
1980000.0 1980.0 2288114.979 1621272.8787 2954957.0793 1.1556 0.8188 1.4924 1759.8563 1252.0884 2267.6243 
1990000.0 1990.0 2305931.817 1635839.3247 2976024.3093 1.1588 0.822 1.4955 1764.053 1277.6396 2250.4664 
2000000.0 2000.0 2324095.742 1651170.078 2997021.406 1.162 0.8256 1.4985 1773.7903 1310.7547 2236.826 
2010000.0 2010.0 2341524.0063 1663465.7074 3019582.3052 1.1649 0.8276 1.5023 1767.454 1296.8984 2238.0096 
2020000.0 2020.0 2358580.5133 1677174.6906 3039986.336 1.1676 0.8303 1.5049 1756.311 1302.5152 2210.1068 
2030000.0 2030.0 2376654.3367 1690622.5929 3062686.0804 1.1708 0.8328 1.5087 1765.8797 1311.849 2219.9104 
2040000.0 2040.0 2394129.923 1702736.2127 3085523.6333 1.1736 0.8347 1.5125 1763.0507 1284.3425 2241.7588 
2050000.0 2050.0 2411997.3567 1715002.8945 3108991.8189 1.1766 0.8366 1.5166 1767.22 1274.4049 2260.0351 
2060000.0 2060.0 2429201.51 1725336.6125 3133066.4075 1.1792 0.8375 1.5209 1758.6627 1241.657 2275.6683 
2070000.0 2070.0 2446673.2503 1736561.8683 3156784.6323 1.182 0.8389 1.525 1756.1627 1212.1351 2300.1902 
2080000.0 2080.0 2462248.9797 1742184.2993 3182313.66 1.1838 0.8376 1.53 1722.1097 1051.1453 2393.0741 
2090000.0 2090.0 2479962.724 1754281.7613 3205643.6867 1.1866 0.8394 1.5338 1731.2463 1077.3182 2385.1745 
2100000.0 2100.0 2497677.567 1766439.2481 3228915.8859 1.1894 0.8412 1.5376 1738.9143 1110.8953 2366.9334 
2110000.0 2110.0 2514483.6357 1776726.3393 3252240.932 1.1917 0.8421 1.5413 1726.9633 1109.5335 2344.3932 
2120000.0 2120.0 2531473.097 1786421.1174 3276525.0766 1.1941 0.8427 1.5455 1720.9153 1074.0352 2367.7954 
2130000.0 2130.0 2548938.7757 1798791.5071 3299086.0442 1.1967 0.8445 1.5489 1726.1663 1110.6025 2341.7302 
2140000.0 2140.0 2566474.5073 1812868.1888 3320080.8259 1.1993 0.8471 1.5514 1731.1913 1167.1313 2295.2514 
2150000.0 2150.0 2584415.567 1825610.2435 3343220.8905 1.2021 0.8491 1.555 1742.5833 1187.1012 2298.0655 
2160000.0 2160.0 2602041.2743 1837625.7516 3366456.7971 1.2046 0.8508 1.5585 1746.8517 1194.3688 2299.3345 
2170000.0 2170.0 2619966.0103 1849729.7674 3390202.2532 1.2074 0.8524 1.5623 1754.726 1196.4429 2313.0091 
2180000.0 2180.0 2637633.0783 1862044.454 3413221.7027 1.2099 0.8541 1.5657 1757.166 1202.1927 2312.1393 
2190000.0 2190.0 2655789.4573 1875386.5297 3436192.385 1.2127 0.8563 1.569 1767.7517 1225.9179 2309.5854 
2200000.0 2200.0 2674172.933 1889955.6743 3458390.1917 1.2155 0.8591 1.572 1781.0117 1269.2661 2292.7572 
2210000.0 2210.0 2691239.8283 1900290.5074 3482189.1493 1.2178 0.8599 1.5757 1766.8003 1221.8493 2311.7513 
2220000.0 2220.0 2708808.0023 1912212.8103 3505403.1944 1.2202 0.8614 1.579 1765.1143 1216.9808 2313.2478 
2230000.0 2230.0 2725618.0737 1921058.6848 3530177.4625 1.2223 0.8615 1.583 1750.113 1156.5177 2343.7083 
2240000.0 2240.0 2742302.6623 1929596.3064 3555009.0182 1.2242 0.8614 1.5871 1736.5147 1105.1761 2367.8533 
2250000.0 2250.0 2761116.369 1945498.6843 3576734.0537 1.2272 0.8647 1.5897 1762.975 1195.3024 2330.6476 
2260000.0 2260.0 2780056.7013 1961638.6598 3598474.7428 1.2301 0.868 1.5922 1786.5613 1271.8017 2301.321 
2270000.0 2270.0 2798830.6803 1977299.4499 3620361.9108 1.233 0.8711 1.5949 1803.203 1325.5475 2280.8585 
2280000.0 2280.0 2817330.242 1992714.0718 3641946.4122 1.2357 0.874 1.5973 1811.9557 1360.77 2263.1413 
2290000.0 2290.0 2835771.5517 2008325.2059 3663217.8975 1.2383 0.877 1.5997 1817.8207 1393.5224 2242.119 
2300000.0 2300.0 2854437.5767 2023958.1654 3684916.9879 1.2411 0.88 1.6021 1826.8247 1416.8316 2236.8178 
2310000.0 2310.0 2872639.4947 2039191.7002 3706087.2892 1.2436 0.8828 1.6044 1825.775 1436.2612 2215.2888 
2320000.0 2320.0 2890767.4633 2053469.5342 3728065.3925 1.246 0.8851 1.6069 1823.1873 1434.0944 2212.2802 
2330000.0 2330.0 2909541.284 2069175.5078 3749907.0602 1.2487 0.8881 1.6094 1832.9033 1456.8937 2208.913 
2340000.0 2340.0 2927680.3563 2084002.928 3771357.7847 1.2511 0.8906 1.6117 1829.56 1460.7964 2198.3236 
2350000.0 2350.0 2945627.4893 2096152.8256 3795102.1531 1.2535 0.892 1.6149 1822.8657 1410.1265 2235.6049 
2360000.0 2360.0 2963539.699 2109197.9446 3817881.4534 1.2557 0.8937 1.6177 1817.1747 1384.5766 2249.7728 
2370000.0 2370.0 2981646.9587 2124818.0958 3838475.8215 1.2581 0.8965 1.6196 1815.9137 1419.0104 2212.8169 
2380000.0 2380.0 3000028.991 2141184.6579 3858873.3241 1.2605 0.8997 1.6214 1820.03 1450.1494 2189.9106 
2390000.0 2390.0 3018278.8297 2157006.7323 3879550.9271 1.2629 0.9025 1.6232 1820.8127 1471.8336 2169.7918 
2400000.0 2400.0 3036419.0993 2171717.8504 3901120.3483 1.2652 0.9049 1.6255 1819.6633 1469.7924 2169.5343 
2410000.0 2410.0 3054941.6943 2188950.8543 3920932.5343 1.2676 0.9083 1.6269 1825.6127 1515.5541 2135.6712 
2420000.0 2420.0 3072945.2627 2203713.0389 3942177.4864 1.2698 0.9106 1.629 1820.7127 1513.053 2128.3723 
2430000.0 2430.0 3091500.0483 2220803.1655 3962196.9312 1.2722 0.9139 1.6305 1827.4677 1547.7153 2107.2201 
2440000.0 2440.0 3110631.414 2237169.6005 3984093.2275 1.2748 0.9169 1.6328 1842.9537 1558.2285 2127.6788 
2450000.0 2450.0 3129510.2477 2252772.7784 4006247.7169 1.2774 0.9195 1.6352 1850.923 1557.441 2144.405 
2460000.0 2460.0 3148448.3823 2268374.1503 4028522.6143 1.2799 0.9221 1.6376 1858.5057 1549.5771 2167.4342 
2470000.0 2470.0 3167120.1183 2283822.2561 4050417.9806 1.2822 0.9246 1.6398 1860.26 1546.9219 2173.5981 
2480000.0 2480.0 3185805.0553 2299519.3056 4072090.8051 1.2846 0.9272 1.642 1861.6843 1547.1809 2176.1878 
2490000.0 2490.0 3204579.047 2315622.1166 4093535.9774 1.287 0.93 1.644 1864.345 1552.2889 2176.4011 
2500000.0 2500.0 3222852.898 2330799.465 4114906.331 1.2891 0.9323 1.646 1857.6957 1535.9413 2179.45 
2510000.0 2510.0 3241058.69 2345919.7196 4136197.6604 1.2913 0.9346 1.6479 1850.6127 1527.2963 2173.9291 
2520000.0 2520.0 3258726.5773 2360874.9643 4156578.1904 1.2931 0.9369 1.6494 1835.6447 1528.5676 2142.7217 
2530000.0 2530.0 3276526.737 2376290.3472 4176763.1268 1.2951 0.9392 1.6509 1825.6433 1529.1245 2122.1622 
2540000.0 2540.0 3294197.2333 2390881.6396 4197512.827 1.2969 0.9413 1.6526 1815.1833 1520.5661 2109.8006 
2550000.0 2550.0 3311826.7877 2405078.3719 4218575.2034 1.2988 0.9432 1.6543 1805.6213 1500.9214 2110.3212 
2560000.0 2560.0 3329801.2913 2420712.0744 4238890.5083 1.3007 0.9456 1.6558 1804.1893 1503.5673 2104.8114 
2570000.0 2570.0 3347594.4737 2435376.8805 4259812.0668 1.3026 0.9476 1.6575 1799.9167 1486.242 2113.5913 
2580000.0 2580.0 3365570.5787 2451625.901 4279515.2563 1.3045 0.9502 1.6587 1799.6787 1502.6707 2096.6866 
2590000.0 2590.0 3383725.9447 2466348.6434 4301103.246 1.3065 0.9523 1.6607 1802.4047 1490.2758 2114.5335 
2600000.0 2600.0 3402060.674 2481390.272 4322731.076 1.3085 0.9544 1.6626 1807.9783 1474.1514 2141.8052 
2610000.0 2610.0 3419854.9483 2495585.6976 4344124.1991 1.3103 0.9562 1.6644 1802.8203 1443.0249 2162.6157 
2620000.0 2620.0 3437456.9977 2509510.8922 4365403.1031 1.312 0.9578 1.6662 1794.86 1412.972 2176.748 
2630000.0 2630.0 3455442.3237 2524340.5944 4386544.053 1.3139 0.9598 1.6679 1795.4797 1416.9191 2174.0402 
2640000.0 2640.0 3473368.6413 2539221.9575 4407515.3251 1.3157 0.9618 1.6695 1795.0313 1427.1037 2162.959 
2650000.0 2650.0 3491606.9207 2554185.2386 4429028.6028 1.3176 0.9638 1.6713 1800.4393 1424.8151 2176.0635 
2660000.0 2660.0 3509177.6083 2568780.9135 4449574.3032 1.3192 0.9657 1.6728 1791.89 1414.7156 2169.0644 
2670000.0 2670.0 3527544.9187 2585586.7131 4469503.1242 1.3212 0.9684 1.674 1799.7533 1434.9942 2164.5124 
2680000.0 2680.0 3545945.6257 2602707.1887 4489184.0626 1.3231 0.9712 1.6751 1807.2377 1451.7578 2162.7176 
2690000.0 2690.0 3563844.708 2618198.7972 4509490.6188 1.3248 0.9733 1.6764 1803.8573 1447.8844 2159.8302 
2700000.0 2700.0 3581054.053 2632023.2036 4530084.9024 1.3263 0.9748 1.6778 1789.452 1424.0923 2154.8117 
2710000.0 2710.0 3599203.7723 2647304.5491 4551102.9955 1.3281 0.9769 1.6794 1793.619 1398.3972 2188.8408 
2720000.0 2720.0 3617158.2053 2661414.0116 4572902.399 1.3298 0.9785 1.6812 1794.1687 1401.1441 2187.1932 
2730000.0 2730.0 3635360.831 2675167.7874 4595553.8746 1.3316 0.9799 1.6834 1799.1043 1375.4326 2222.776 
2740000.0 2740.0 3653639.1623 2690267.6777 4617010.647 1.3334 0.9818 1.685 1804.4887 1378.6673 2230.31 
2750000.0 2750.0 3671766.7723 2705074.7708 4638458.7738 1.3352 0.9837 1.6867 1806.0577 1388.5636 2223.5517 
2760000.0 2760.0 3689702.896 2718983.2353 4660422.5567 1.3368 0.9851 1.6886 1803.997 1390.6716 2217.3224 
2770000.0 2770.0 3707820.1353 2734968.3992 4680671.8715 1.3386 0.9874 1.6898 1805.437 1419.7636 2191.1104 
2780000.0 2780.0 3725857.1527 2749491.0259 4702223.2794 1.3402 0.989 1.6914 1804.9733 1418.5214 2191.4253 
2790000.0 2790.0 3744105.011 2765015.4136 4723194.6084 1.342 0.991 1.6929 1808.461 1430.9308 2185.9912 
2800000.0 2800.0 3761888.5973 2779881.3761 4743895.8185 1.3435 0.9928 1.6942 1802.9323 1446.7747 2159.0899 
2810000.0 2810.0 3780461.193 2796801.966 4764120.42 1.3454 0.9953 1.6954 1812.8807 1481.773 2143.9884 
2820000.0 2820.0 3798249.9493 2811427.7693 4785072.1294 1.3469 0.997 1.6968 1806.568 1479.3639 2133.7721 
2830000.0 2830.0 3815939.26 2825565.5765 4806312.9435 1.3484 0.9984 1.6983 1799.7587 1476.4035 2123.1138 
2840000.0 2840.0 3833624.8263 2836568.5251 4830681.1276 1.3499 0.9988 1.7009 1794.3317 1401.0297 2187.6336 
2850000.0 2850.0 3851729.4183 2851714.4946 4851744.342 1.3515 1.0006 1.7024 1797.4907 1418.8131 2176.1682 
2860000.0 2860.0 3870055.5443 2866959.6268 4873151.4619 1.3532 1.0024 1.7039 1804.2913 1437.6968 2170.8858 
2870000.0 2870.0 3888269.6353 2882183.7035 4894355.5671 1.3548 1.0042 1.7054 1807.896 1451.8081 2163.9839 
2880000.0 2880.0 3906485.2897 2896448.6094 4916521.9699 1.3564 1.0057 1.7071 1810.1737 1440.8477 2179.4997 
2890000.0 2890.0 3924644.4267 2910455.0742 4938833.7791 1.358 1.0071 1.7089 1811.223 1427.9875 2194.4585 
2900000.0 2900.0 3942843.019 2924830.615 4960855.423 1.3596 1.0086 1.7106 1812.5403 1420.4002 2204.6805 
2910000.0 2910.0 3960764.2607 2937928.3482 4983600.1731 1.3611 1.0096 1.7126 1808.7957 1396.8306 2220.7607 
2920000.0 2920.0 3978374.235 2950083.1024 5006665.3676 1.3625 1.0103 1.7146 1799.9393 1350.0819 2249.7968 
2930000.0 2930.0 3995239.8583 2961310.306 5029169.4107 1.3636 1.0107 1.7164 1779.6527 1321.7917 2237.5136 
2940000.0 2940.0 4012241.465 2971834.962 5052647.968 1.3647 1.0108 1.7186 1765.396 1277.7514 2253.0406 
2950000.0 2950.0 4029972.436 2984677.9302 5075266.9418 1.3661 1.0118 1.7204 1766.68 1283.9718 2249.3882 
2960000.0 2960.0 4048425.1333 2999408.3273 5097441.9394 1.3677 1.0133 1.7221 1781.2087 1317.1949 2245.2225 
2970000.0 2970.0 4067208.3693 3014287.7981 5120128.9405 1.3694 1.0149 1.7239 1798.9417 1346.8308 2251.0526 
2980000.0 2980.0 4085832.1563 3029189.1779 5142475.1347 1.3711 1.0165 1.7257 1810.467 1374.0006 2246.9334 
2990000.0 2990.0 4104470.5187 3044227.2207 5164713.8166 1.3727 1.0181 1.7273 1820.4113 1395.5732 2245.2495 
3000000.0 3000.0 4123229.2103 3060205.5176 5186252.903 1.3744 1.0201 1.7288 1830.8767 1425.9056 2235.8478 
3010000.0 3010.0 4142023.04 3076119.275 5207926.805 1.3761 1.022 1.7302 1839.8463 1445.9397 2233.7529 
3020000.0 3020.0 4160980.0213 3092351.0671 5229608.9755 1.3778 1.024 1.7317 1849.8377 1469.84 2229.8353 
3030000.0 3030.0 4179821.778 3108009.1519 5251634.4041 1.3795 1.0257 1.7332 1856.0097 1480.0011 2232.0183 
3040000.0 3040.0 4198768.489 3123418.2035 5274118.7745 1.3812 1.0274 1.7349 1863.2077 1474.656 2251.7593 
3050000.0 3050.0 4218012.0113 3140363.0138 5295661.0089 1.383 1.0296 1.7363 1874.272 1497.9431 2250.6009 
3060000.0 3060.0 4237229.461 3156585.1636 5317873.7584 1.3847 1.0316 1.7379 1883.0307 1498.2178 2267.8435 
3070000.0 3070.0 4256484.0673 3172450.6521 5340517.4826 1.3865 1.0334 1.7396 1890.7227 1487.3757 2294.0697 
3080000.0 3080.0 4275457.14 3188396.5061 5362517.7739 1.3881 1.0352 1.7411 1891.5977 1518.06 2265.1354 
3090000.0 3090.0 4294966.077 3205003.2601 5384928.8939 1.39 1.0372 1.7427 1902.8157 1543.5031 2262.1283 
3100000.0 3100.0 4314191.755 3221919.6877 5406463.8223 1.3917 1.0393 1.744 1906.2327 1554.0458 2258.4195 
3110000.0 3110.0 4333242.92 3237370.0952 5429115.7448 1.3933 1.041 1.7457 1906.052 1537.2868 2274.8172 
3120000.0 3120.0 4352159.497 3253319.6412 5450999.3528 1.3949 1.0427 1.7471 1903.211 1538.0296 2268.3924 
3130000.0 3130.0 4371222.504 3270194.2178 5472250.7902 1.3966 1.0448 1.7483 1903.923 1556.7817 2251.0643 
3140000.0 3140.0 4389995.2133 3287790.3748 5492200.0519 1.3981 1.0471 1.7491 1899.185 1572.3574 2226.0126 
3150000.0 3150.0 4408561.1897 3304008.0383 5513114.3411 1.3995 1.0489 1.7502 1891.3877 1580.3082 2202.4672 
3160000.0 3160.0 4426946.9853 3319157.3516 5534736.6191 1.4009 1.0504 1.7515 1881.5687 1571.268 2191.8693 
3170000.0 3170.0 4445168.415 3333689.1484 5556647.6816 1.4023 1.0516 1.7529 1871.0853 1547.0983 2195.0724 
3180000.0 3180.0 4464337.45 3349362.8024 5579312.0976 1.4039 1.0533 1.7545 1879.5973 1539.366 2219.8286 
3190000.0 3190.0 4483410.258 3365234.5308 5601585.9852 1.4055 1.0549 1.756 1884.919 1543.8106 2226.0274 
3200000.0 3200.0 4502109.701 3380503.2424 5623716.1596 1.4069 1.0564 1.7574 1881.9963 1534.8249 2229.1678 
3210000.0 3210.0 4520867.2537 3395806.6133 5645927.8941 1.4084 1.0579 1.7589 1880.55 1525.6819 2235.4181 
3220000.0 3220.0 4539488.2953 3410894.2075 5668082.3832 1.4098 1.0593 1.7603 1876.8483 1508.127 2245.5697 
3230000.0 3230.0 4557665.7707 3425222.5906 5690108.9507 1.411 1.0604 1.7616 1865.9677 1504.7756 2227.1597 
3240000.0 3240.0 4576290.429 3440871.0179 5711709.8401 1.4124 1.062 1.7629 1865.5127 1510.7866 2220.2388 
3250000.0 3250.0 4594629.9703 3455843.1218 5733416.8189 1.4137 1.0633 1.7641 1859.853 1488.6443 2231.0617 
3260000.0 3260.0 4613193.4033 3471713.9476 5754672.859 1.4151 1.0649 1.7652 1859.6317 1482.7665 2236.4968 
3270000.0 3270.0 4632211.0247 3488703.1333 5775718.916 1.4166 1.0669 1.7663 1867.5 1511.5487 2223.4513 
3280000.0 3280.0 4651171.3833 3506634.7104 5795708.0563 1.418 1.0691 1.767 1872.791 1525.67 2219.912 
3290000.0 3290.0 4670456.146 3523526.3718 5817385.9202 1.4196 1.071 1.7682 1883.266 1522.8842 2243.6478 
3300000.0 3300.0 4689811.2977 3540001.5539 5839621.0414 1.4212 1.0727 1.7696 1893.1243 1512.8949 2273.3537 
3310000.0 3310.0 4709052.1137 3555601.1265 5862503.1009 1.4227 1.0742 1.7711 1898.593 1510.8166 2286.3694 
3320000.0 3320.0 4728345.8767 3571995.6649 5884696.0884 1.4242 1.0759 1.7725 1903.9647 1504.7812 2303.1481 
3330000.0 3330.0 4746442.0363 3585554.6217 5907329.4509 1.4254 1.0767 1.774 1886.6657 1459.478 2313.8533 
3340000.0 3340.0 4765340.8467 3600686.3493 5929995.3441 1.4267 1.078 1.7754 1887.112 1462.0633 2312.1607 
3350000.0 3350.0 4784285.2283 3616567.8455 5952002.6112 1.4281 1.0796 1.7767 1888.734 1496.4581 2281.0099 
3360000.0 3360.0 4803449.176 3633732.6007 5973165.7513 1.4296 1.0815 1.7777 1893.719 1506.6984 2280.7396 
3370000.0 3370.0 4821678.22 3647498.2315 5995858.2085 1.4308 1.0823 1.7792 1882.2203 1523.9856 2240.455 
3380000.0 3380.0 4841142.8687 3665353.5873 6016932.15 1.4323 1.0844 1.7802 1893.863 1544.9071 2242.8189 
3390000.0 3390.0 4860250.4233 3683250.531 6037250.3156 1.4337 1.0865 1.7809 1896.9997 1568.3282 2225.6712 
3400000.0 3400.0 4879412.006 3701910.1989 6056913.8131 1.4351 1.0888 1.7814 1900.3457 1619.5386 2181.1527 
3410000.0 3410.0 4898658.7813 3721091.5302 6076226.0324 1.4366 1.0912 1.7819 1904.7813 1655.7334 2153.8292 
3420000.0 3420.0 4916884.386 3737922.6124 6095846.1596 1.4377 1.093 1.7824 1890.1957 1624.8 2155.5914 
3430000.0 3430.0 4936476.607 3758066.1551 6114887.0589 1.4392 1.0956 1.7828 1902.773 1647.9167 2157.6293 
3440000.0 3440.0 4955614.4997 3776802.3406 6134426.6587 1.4406 1.0979 1.7833 1904.896 1662.2273 2147.5647 
3450000.0 3450.0 4974436.986 3794790.1533 6154083.8187 1.4419 1.0999 1.7838 1900.9623 1646.8786 2155.0461 
3460000.0 3460.0 4993455.7783 3812941.3821 6173970.1746 1.4432 1.102 1.7844 1901.3433 1638.891 2163.7957 
3470000.0 3470.0 5012590.6177 3830329.9003 6194851.335 1.4446 1.1038 1.7853 1903.543 1635.8776 2171.2084 
3480000.0 3480.0 5032310.5347 3849465.5015 6215155.5678 1.4461 1.1062 1.786 1915.872 1637.9174 2193.8266 
3490000.0 3490.0 5051642.4377 3867643.4828 6235641.3926 1.4475 1.1082 1.7867 1918.9003 1649.5048 2188.2958 
3500000.0 3500.0 5070936.7957 3886243.0625 6255630.5288 1.4488 1.1104 1.7873 1920.9527 1621.4362 2220.4692 
3510000.0 3510.0 5089701.0133 3903083.7684 6276318.2583 1.4501 1.112 1.7881 1912.817 1581.1647 2244.4693 
3520000.0 3520.0 5109088.1573 3921204.036 6296972.2787 1.4514 1.114 1.7889 1917.3973 1559.861 2274.9337 
3530000.0 3530.0 5128316.3677 3939593.118 6317039.6173 1.4528 1.116 1.7895 1918.2907 1546.0525 2290.5288 
3540000.0 3540.0 5147475.7853 3957835.5353 6337116.0353 1.4541 1.118 1.7901 1918.127 1529.5051 2306.7489 
3550000.0 3550.0 5166555.729 3974776.5079 6358334.9501 1.4554 1.1197 1.7911 1916.1317 1521.5511 2310.7122 
3560000.0 3560.0 5185299.7237 3990501.7571 6380097.6902 1.4565 1.1209 1.7922 1908.2757 1479.8374 2336.7139 
3570000.0 3570.0 5204579.8977 4007851.9555 6401307.8398 1.4579 1.1226 1.7931 1911.6077 1467.4894 2355.7259 
3580000.0 3580.0 5223531.055 4024697.6677 6422364.4423 1.4591 1.1242 1.794 1908.48 1437.0446 2379.9154 
3590000.0 3590.0 5242150.769 4040659.5386 6443641.9994 1.4602 1.1255 1.7949 1899.2207 1393.7757 2404.6656 
3600000.0 3600.0 5260257.7657 4055504.7168 6465010.8146 1.4612 1.1265 1.7958 1883.1783 1329.5492 2436.8075 
3610000.0 3610.0 5279356.358 4073235.1803 6485477.5357 1.4624 1.1283 1.7965 1887.768 1365.7619 2409.7741 
3620000.0 3620.0 5298428.346 4089719.6446 6507137.0474 1.4637 1.1298 1.7976 1891.0877 1397.4466 2384.7287 
3630000.0 3630.0 5316791.7797 4104299.6316 6529283.9277 1.4647 1.1307 1.7987 1880.9967 1445.5077 2316.4856 
3640000.0 3640.0 5335421.7613 4120427.991 6550415.5317 1.4658 1.132 1.7996 1877.4767 1480.8045 2274.1488 
3650000.0 3650.0 5353865.2073 4135917.8354 6571812.5792 1.4668 1.1331 1.8005 1871.6623 1517.9406 2225.3841 
3660000.0 3660.0 5372646.6353 4152754.7369 6592538.5337 1.4679 1.1346 1.8012 1873.324 1546.2992 2200.3488 
3670000.0 3670.0 5391892.7803 4170782.2498 6613003.3108 1.4692 1.1365 1.8019 1882.6813 1564.6334 2200.7293 
3680000.0 3680.0 5410543.897 4187957.8098 6633129.9842 1.4703 1.138 1.8025 1879.5577 1592.4964 2166.6189 
3690000.0 3690.0 5429136.2357 4205532.1404 6652740.3309 1.4713 1.1397 1.8029 1875.4483 1595.6255 2155.2711 
3700000.0 3700.0 5447588.5873 4222327.5282 6672849.6465 1.4723 1.1412 1.8035 1870.438 1605.0356 2135.8404 
3710000.0 3710.0 5466128.9487 4238624.7014 6693633.1959 1.4734 1.1425 1.8042 1867.797 1606.2845 2129.3095 
3720000.0 3720.0 5484532.3157 4254090.7548 6714973.8765 1.4743 1.1436 1.8051 1862.548 1596.1755 2128.9205 
3730000.0 3730.0 5502719.8103 4269802.6819 6735636.9388 1.4753 1.1447 1.8058 1854.627 1604.9496 2104.3044 
3740000.0 3740.0 5521408.6503 4285365.8946 6757451.406 1.4763 1.1458 1.8068 1857.422 1581.3218 2133.5222 
3750000.0 3750.0 5539807.9423 4299696.9629 6779918.9217 1.4773 1.1466 1.808 1854.4693 1534.2554 2174.6832 
3760000.0 3760.0 5558535.204 4315106.0141 6801964.3939 1.4783 1.1476 1.809 1858.2363 1535.7452 2180.7275 
3770000.0 3770.0 5577212.122 4331180.2298 6823244.0142 1.4794 1.1489 1.8099 1860.0667 1527.8063 2192.3271 
3780000.0 3780.0 5595980.4343 4347903.6742 6844057.1945 1.4804 1.1502 1.8106 1862.7967 1509.9365 2215.6568 
3790000.0 3790.0 5614975.4987 4363922.4201 6866028.5772 1.4815 1.1514 1.8116 1869.2483 1507.2556 2231.241 
3800000.0 3800.0 5633666.1103 4379503.0284 6887829.1923 1.4825 1.1525 1.8126 1869.287 1500.1586 2238.4154 
3810000.0 3810.0 5652765.0273 4395210.3545 6910319.7001 1.4837 1.1536 1.8137 1876.3717 1497.6786 2255.0647 
3820000.0 3820.0 5671787.503 4411214.6167 6932360.3893 1.4848 1.1548 1.8148 1881.3647 1490.4736 2272.2558 
3830000.0 3830.0 5690291.766 4425397.1725 6955186.3595 1.4857 1.1555 1.816 1876.0937 1492.9689 2259.2184 
3840000.0 3840.0 5709232.9093 4440457.6646 6978008.1541 1.4868 1.1564 1.8172 1879.721 1482.925 2276.517 
3850000.0 3850.0 5727852.8363 4453879.797 7001825.8756 1.4878 1.1569 1.8187 1876.5063 1466.5161 2286.4966 
3860000.0 3860.0 5746765.701 4468771.9255 7024759.4765 1.4888 1.1577 1.8199 1878.8557 1461.7066 2296.0048 
3870000.0 3870.0 5765153.395 4482111.1669 7048195.6231 1.4897 1.1582 1.8212 1871.7833 1429.3909 2314.1757 
3880000.0 3880.0 5783457.855 4498127.4771 7068788.2329 1.4906 1.1593 1.8219 1863.6397 1447.3464 2279.9329 
3890000.0 3890.0 5802067.1987 4514038.9904 7090095.4069 1.4915 1.1604 1.8226 1863.3967 1467.9583 2258.835 
3900000.0 3900.0 5821039.749 4529364.6938 7112714.8042 1.4926 1.1614 1.8238 1869.54 1473.3796 2265.7004 
3910000.0 3910.0 5839513.134 4544446.611 7134579.657 1.4935 1.1623 1.8247 1865.5973 1461.65 2269.5446 
3920000.0 3920.0 5857989.1367 4559679.3992 7156298.8741 1.4944 1.1632 1.8256 1862.2847 1470.5952 2253.9742 
3930000.0 3930.0 5876623.061 4574894.0573 7178352.0647 1.4953 1.1641 1.8266 1862.4917 1466.9892 2257.9941 
3940000.0 3940.0 5895181.068 4588512.3494 7201849.7866 1.4962 1.1646 1.8279 1860.889 1422.5051 2299.2729 
3950000.0 3950.0 5913453.6313 4603757.234 7223150.0286 1.4971 1.1655 1.8286 1854.5113 1430.602 2278.4207 
3960000.0 3960.0 5931725.7497 4618841.3501 7244610.1492 1.4979 1.1664 1.8294 1849.6677 1428.5478 2270.7876 
3970000.0 3970.0 5950389.0893 4633749.2994 7267028.8792 1.4988 1.1672 1.8305 1852.8157 1417.654 2287.9774 
3980000.0 3980.0 5968539.5343 4646720.4426 7290358.6261 1.4996 1.1675 1.8317 1845.2067 1381.1218 2309.2915 
3990000.0 3990.0 5986936.6423 4661888.9057 7311984.379 1.5005 1.1684 1.8326 1844.0473 1394.3066 2293.7881 
4000000.0 4000.0 6005193.2727 4676807.5818 7333578.9635 1.5013 1.1692 1.8334 1840.642 1397.4378 2283.8462 
4010000.0 4010.0 6023430.517 4691659.9747 7355201.0593 1.5021 1.17 1.8342 1837.8213 1409.7193 2265.9234 
4020000.0 4020.0 6041896.3933 4706134.6858 7377658.1009 1.503 1.1707 1.8352 1839.567 1398.1046 2281.0294 
4030000.0 4030.0 6060617.6813 4721323.1977 7399912.165 1.5039 1.1715 1.8362 1845.622 1410.4249 2280.8191 
4040000.0 4040.0 6078881.804 4736188.2984 7421575.3096 1.5047 1.1723 1.837 1841.8067 1415.8135 2267.7998 
4050000.0 4050.0 6097272.7437 4751226.6155 7443318.8718 1.5055 1.1731 1.8379 1841.605 1431.3406 2251.8694 
4060000.0 4060.0 6115546.881 4766090.6669 7465003.0951 1.5063 1.1739 1.8387 1839.1673 1440.722 2237.6127 
4070000.0 4070.0 6134113.7903 4781703.902 7486523.6787 1.5072 1.1749 1.8394 1842.1567 1456.3071 2228.0063 
4080000.0 4080.0 6152560.5533 4796599.6921 7508521.4145 1.508 1.1756 1.8403 1842.4727 1450.4993 2234.4461 
4090000.0 4090.0 6170843.277 4810530.2728 7531156.2812 1.5088 1.1762 1.8414 1839.6107 1442.3807 2236.8406 
4100000.0 4100.0 6189701.399 4825960.1467 7553442.6513 1.5097 1.1771 1.8423 1847.9683 1458.6796 2237.2571 
4110000.0 4110.0 6208126.419 4838764.5265 7577488.3115 1.5105 1.1773 1.8437 1846.8853 1416.0082 2277.7625 
4120000.0 4120.0 6226538.3043 4853001.6392 7600074.9695 1.5113 1.1779 1.8447 1845.7703 1411.2661 2280.2746 
4130000.0 4130.0 6245068.413 4867089.237 7623047.589 1.5121 1.1785 1.8458 1847.0437 1409.0171 2285.0703 
4140000.0 4140.0 6263724.0017 4881388.4591 7646059.5442 1.513 1.1791 1.8469 1850.2037 1412.8995 2287.5078 
4150000.0 4150.0 6282090.5477 4896227.3753 7667953.72 1.5138 1.1798 1.8477 1847.7383 1419.7882 2275.6885 
4160000.0 4160.0 6299939.1117 4908861.7796 7691016.4437 1.5144 1.18 1.8488 1835.9457 1382.9749 2288.9164 
4170000.0 4170.0 6318092.5567 4923242.3091 7712942.8042 1.5151 1.1806 1.8496 1831.8673 1394.0501 2269.6846 
4180000.0 4180.0 6336322.6243 4937892.384 7734752.8647 1.5159 1.1813 1.8504 1830.3377 1407.5869 2253.0884 
4190000.0 4190.0 6354763.1553 4951990.2108 7757536.0999 1.5166 1.1819 1.8514 1832.6277 1400.6945 2264.5609 
4200000.0 4200.0 6372265.6827 4963355.2068 7781176.1586 1.5172 1.1818 1.8527 1817.3327 1353.6364 2281.0289 
4210000.0 4210.0 6390114.5953 4975410.4945 7804818.6962 1.5178 1.1818 1.8539 1812.2133 1313.3935 2311.0331 
4220000.0 4220.0 6408621.4037 4990751.3897 7826491.4177 1.5186 1.1826 1.8546 1819.292 1336.4785 2302.1055 
4230000.0 4230.0 6425032.6877 5002692.8918 7847372.4835 1.5189 1.1827 1.8552 1786.9017 1342.0806 2231.7227 
4240000.0 4240.0 6441437.4693 5014489.0781 7868385.8606 1.5192 1.1827 1.8558 1759.0713 1278.328 2239.8146 
4250000.0 4250.0 6459676.3823 5028251.8843 7891100.8804 1.5199 1.1831 1.8567 1770.8307 1309.7564 2231.9049 
4260000.0 4260.0 6478170.3357 5042372.912 7913967.7594 1.5207 1.1837 1.8577 1785.4973 1333.0999 2237.8947 
4270000.0 4270.0 6496723.7227 5057253.6347 7936193.8106 1.5215 1.1844 1.8586 1797.9403 1364.9736 2230.9071 
4280000.0 4280.0 6514949.4757 5072388.554 7957510.3973 1.5222 1.1851 1.8592 1802.5857 1393.2703 2211.901 
4290000.0 4290.0 6533111.331 5087425.0888 7978797.5732 1.5229 1.1859 1.8599 1805.0693 1412.668 2197.4707 
4300000.0 4300.0 6551292.8527 5101952.6904 8000633.015 1.5236 1.1865 1.8606 1807.4297 1420.8154 2194.0439 
4310000.0 4310.0 6569162.915 5118574.4376 8019751.3924 1.5242 1.1876 1.8607 1803.1967 1461.9011 2144.4923 
4320000.0 4320.0 6587102.367 5135523.0001 8038681.7339 1.5248 1.1888 1.8608 1801.6393 1499.9951 2103.2836 
4330000.0 4330.0 6605033.35 5150012.1525 8060054.5475 1.5254 1.1894 1.8614 1800.378 1485.3889 2115.3671 
4340000.0 4340.0 6623209.6707 5164918.5086 8081500.8327 1.5261 1.1901 1.8621 1803.1647 1485.8045 2120.5248 
4350000.0 4350.0 6641589.202 5179257.0229 8103921.3811 1.5268 1.1906 1.863 1809.4377 1480.2795 2138.5958 
4360000.0 4360.0 6660163.773 5194218.955 8126108.591 1.5276 1.1913 1.8638 1818.533 1481.6785 2155.3875 
4370000.0 4370.0 6678946.118 5209696.3605 8148195.8755 1.5284 1.1922 1.8646 1829.4093 1489.9929 2168.8258 
4380000.0 4380.0 6697601.5143 5225767.5953 8169435.4334 1.5291 1.1931 1.8652 1835.9397 1507.4166 2164.4627 
4390000.0 4390.0 6716376.374 5242271.0644 8190481.6836 1.5299 1.1941 1.8657 1843.852 1520.0807 2167.6233 
4400000.0 4400.0 6734868.483 5257703.2453 8212033.7207 1.5307 1.1949 1.8664 1845.067 1519.1308 2171.0032 
4410000.0 4410.0 6753878.6777 5275007.1744 8232750.1809 1.5315 1.1961 1.8668 1855.3787 1536.9403 2173.8171 
4420000.0 4420.0 6772748.7157 5290861.6699 8254635.7614 1.5323 1.197 1.8676 1861.324 1525.2347 2197.4133 
4430000.0 4430.0 6791374.169 5308835.2035 8273913.1345 1.533 1.1984 1.8677 1861.6403 1522.4769 2200.8038 
4440000.0 4440.0 6809890.6447 5324046.6385 8295734.6508 1.5338 1.1991 1.8684 1859.1287 1522.3931 2195.8642 
4450000.0 4450.0 6828528.907 5339696.6644 8317361.1496 1.5345 1.1999 1.8691 1860.0863 1509.646 2210.5267 
4460000.0 4460.0 6847405.128 5355172.489 8339637.767 1.5353 1.2007 1.8699 1864.9067 1482.767 2247.0463 
4470000.0 4470.0 6866359.764 5371009.2225 8361710.3055 1.5361 1.2016 1.8706 1870.7227 1464.9903 2276.455 
4480000.0 4480.0 6885281.1467 5385476.2328 8385086.0605 1.5369 1.2021 1.8717 1874.813 1432.1264 2317.4996 
4490000.0 4490.0 6903899.1913 5399741.043 8408057.3397 1.5376 1.2026 1.8726 1872.4653 1397.8788 2347.0518 
4500000.0 4500.0 6922694.5853 5414366.5615 8431022.6092 1.5384 1.2032 1.8736 1873.9973 1389.3716 2358.6231 
4510000.0 4510.0 6941776.087 5429242.3926 8454309.7814 1.5392 1.2038 1.8746 1880.1667 1372.7396 2387.5938 
4520000.0 4520.0 6960567.864 5444593.5414 8476542.1866 1.5399 1.2046 1.8753 1880.251 1365.2717 2395.2303 
4530000.0 4530.0 6979272.9453 5458078.8305 8500467.0602 1.5407 1.2049 1.8765 1878.5673 1329.081 2428.0537 
4540000.0 4540.0 6998090.587 5472741.0366 8523440.1374 1.5414 1.2054 1.8774 1879.1733 1327.3991 2430.9475 
4550000.0 4550.0 7017051.9907 5486843.0919 8547260.8894 1.5422 1.2059 1.8785 1882.4537 1321.0094 2443.898 
4560000.0 4560.0 7036290.2633 5501574.5541 8571005.9726 1.543 1.2065 1.8796 1890.0767 1307.0349 2473.1184 
4570000.0 4570.0 7055160.6647 5516840.76 8593480.5693 1.5438 1.2072 1.8804 1889.6647 1309.909 2469.4203 
4580000.0 4580.0 7073807.1243 5531267.4679 8616346.7808 1.5445 1.2077 1.8813 1885.068 1290.0982 2480.0378 
4590000.0 4590.0 7092337.115 5545281.6194 8639392.6106 1.5452 1.2081 1.8822 1879.5443 1247.9443 2511.1444 
4600000.0 4600.0 7111478.333 5561623.6175 8661333.0485 1.546 1.209 1.8829 1886.2133 1261.6657 2510.7609 
4610000.0 4610.0 7130397.627 5575110.1878 8685685.0662 1.5467 1.2094 1.8841 1887.6503 1228.0427 2547.258 
4620000.0 4620.0 7148899.4097 5589955.2626 8707843.5567 1.5474 1.2099 1.8848 1880.5907 1219.8853 2541.296 
4630000.0 4630.0 7167059.495 5607272.7772 8726846.2128 1.548 1.2111 1.8848 1868.6073 1232.018 2505.1967 
4640000.0 4640.0 7185766.9993 5623200.5566 8748333.442 1.5487 1.2119 1.8854 1869.1047 1255.814 2482.3953 
4650000.0 4650.0 7204190.339 5639261.8019 8769118.8761 1.5493 1.2127 1.8858 1864.3057 1295.8609 2432.7504 
4660000.0 4660.0 7222436.5267 5653881.9382 8790991.1151 1.5499 1.2133 1.8865 1856.8523 1326.3967 2387.3079 
4670000.0 4670.0 7240760.97 5670055.7497 8811466.1903 1.5505 1.2141 1.8868 1851.8363 1363.1922 2340.4804 
4680000.0 4680.0 7258748.1537 5686363.4633 8831132.844 1.551 1.215 1.887 1842.1393 1402.5307 2281.748 
4690000.0 4690.0 7276794.202 5701760.1609 8851828.2431 1.5516 1.2157 1.8874 1835.0397 1407.1186 2262.9607 
4700000.0 4700.0 7295000.0837 5717713.4934 8872286.674 1.5521 1.2165 1.8877 1832.4913 1413.251 2251.7316 
4710000.0 4710.0 7313568.2477 5734229.5137 8892906.9816 1.5528 1.2175 1.8881 1837.176 1435.8889 2238.4631 
4720000.0 4720.0 7332006.29 5749394.4091 8914618.1709 1.5534 1.2181 1.8887 1838.0867 1445.7109 2230.4625 
4730000.0 4730.0 7350300.3517 5764649.6444 8935951.059 1.554 1.2187 1.8892 1836.4633 1455.4433 2217.4834 
4740000.0 4740.0 7368800.755 5780569.3026 8957032.2074 1.5546 1.2195 1.8897 1838.6727 1435.923 2241.4223 
4750000.0 4750.0 7387537.228 5796737.2516 8978337.2044 1.5553 1.2204 1.8902 1844.7973 1428.0687 2261.526 
4760000.0 4760.0 7405916.719 5812635.3616 8999198.0764 1.5559 1.2211 1.8906 1843.846 1426.3387 2261.3533 
4770000.0 4770.0 7424139.8793 5828171.916 9020107.8426 1.5564 1.2218 1.891 1839.7997 1418.6707 2260.9287 
4780000.0 4780.0 7442383.6987 5842721.6587 9042045.7386 1.557 1.2223 1.8916 1836.686 1404.7045 2268.6675 
4790000.0 4790.0 7459955.485 5856439.7535 9063471.2165 1.5574 1.2226 1.8922 1823.034 1411.018 2235.05 
4800000.0 4800.0 7478878.6187 5872259.1661 9085498.0713 1.5581 1.2234 1.8928 1835.7287 1404.3565 2267.1008 
4810000.0 4810.0 7497754.0093 5889300.217 9106207.8017 1.5588 1.2244 1.8932 1845.2627 1419.9088 2270.6165 
4820000.0 4820.0 7516800.496 5904525.8498 9129075.1422 1.5595 1.225 1.894 1856.0343 1396.8987 2315.17 
4830000.0 4830.0 7535872.6823 5922425.9893 9149319.3754 1.5602 1.2262 1.8943 1865.2183 1416.8597 2313.577 
4840000.0 4840.0 7555129.8137 5939492.7289 9170766.8984 1.561 1.2272 1.8948 1876.4847 1435.6094 2317.3599 
4850000.0 4850.0 7574165.9273 5955802.5778 9192529.2769 1.5617 1.228 1.8954 1881.0763 1428.3338 2333.8189 
4860000.0 4860.0 7593109.0027 5972826.2608 9213391.7445 1.5624 1.229 1.8958 1883.5133 1448.1358 2318.8909 
4870000.0 4870.0 7612781.337 5989164.9478 9236397.7262 1.5632 1.2298 1.8966 1898.7897 1432.361 2365.2183 
4880000.0 4880.0 7631963.346 6005721.6916 9258205.0004 1.5639 1.2307 1.8972 1902.6387 1413.9497 2391.3276 
4890000.0 4890.0 7651115.429 6021461.0415 9280769.8165 1.5646 1.2314 1.8979 1904.5853 1429.7538 2379.4169 
4900000.0 4900.0 7668970.2627 6035072.8501 9302867.6752 1.5651 1.2316 1.8985 1883.5913 1448.1147 2319.068 
4910000.0 4910.0 7687614.591 6049958.307 9325270.875 1.5657 1.2322 1.8992 1879.8173 1429.5965 2330.0382 
4920000.0 4920.0 7706251.0223 6066201.4519 9346300.5928 1.5663 1.233 1.8997 1876.8833 1432.0666 2321.7001 
4930000.0 4930.0 7724711.0097 6080687.1819 9368734.8374 1.5669 1.2334 1.9004 1871.2567 1392.742 2349.7713 
4940000.0 4940.0 7742791.4 6093511.2618 9392071.5382 1.5674 1.2335 1.9012 1859.5563 1364.467 2354.6457 
4950000.0 4950.0 7761961.213 6109338.9598 9414583.4662 1.5681 1.2342 1.9019 1870.0927 1403.3501 2336.8352 
4960000.0 4960.0 7781113.2227 6123752.7034 9438473.7419 1.5688 1.2346 1.9029 1878.1587 1405.2331 2351.0842 
4970000.0 4970.0 7800174.9287 6138269.5067 9462080.3506 1.5695 1.2351 1.9038 1883.484 1397.629 2369.339 
4980000.0 4980.0 7818835.8313 6152558.2956 9485113.3671 1.57 1.2355 1.9046 1880.065 1410.67 2349.46 
4990000.0 4990.0 7837468.5107 6168468.245 9506468.7763 1.5706 1.2362 1.9051 1877.2847 1428.4911 2326.0783 
5000000.0 5000.0 7856621.8213 6184299.3171 9528944.3255 1.5713 1.2369 1.9058 1884.0827 1429.0362 2339.1292 
5010000.0 5010.0 7875544.0463 6199136.0704 9551952.0222 1.572 1.2374 1.9066 1885.3167 1429.0053 2341.6281 
5020000.0 5020.0 7893943.0223 6215127.9821 9572758.0625 1.5725 1.2381 1.9069 1877.1777 1462.7532 2291.6021 
5030000.0 5030.0 7912565.2577 6230600.8754 9594529.6399 1.5731 1.2387 1.9075 1874.593 1478.0054 2271.1806 
5040000.0 5040.0 7930970.0317 6245886.5956 9616053.4677 1.5736 1.2393 1.9079 1868.1863 1484.3885 2251.9841 
5050000.0 5050.0 7949325.5987 6260535.7749 9638115.4224 1.5741 1.2397 1.9085 1862.4067 1490.7496 2234.0637 
5060000.0 5060.0 7967611.5677 6274782.1922 9660440.9431 1.5746 1.2401 1.9092 1855.973 1486.4246 2225.5214 
5070000.0 5070.0 7985535.9223 6288424.5706 9682647.2741 1.5751 1.2403 1.9098 1844.749 1463.3747 2226.1233 
5080000.0 5080.0 8003706.2833 6303833.8493 9703578.7174 1.5755 1.2409 1.9102 1839.59 1478.8327 2200.3473 
5090000.0 5090.0 8022020.1923 6317895.5331 9726144.8516 1.576 1.2412 1.9108 1838.0783 1463.1607 2212.996 
5100000.0 5100.0 8040783.761 6331990.228 9749577.294 1.5766 1.2416 1.9117 1845.174 1451.0771 2239.2709 
5110000.0 5110.0 8059571.8103 6346496.398 9772647.2227 1.5772 1.242 1.9125 1850.9177 1453.3383 2248.497 
5120000.0 5120.0 8078231.3847 6360817.6346 9795645.1347 1.5778 1.2423 1.9132 1853.9283 1453.1393 2254.7174 
5130000.0 5130.0 8096337.5027 6373869.511 9818805.4943 1.5782 1.2425 1.914 1846.1497 1425.2525 2267.0468 
5140000.0 5140.0 8115394.3907 6387560.4503 9843228.3311 1.5789 1.2427 1.915 1857.1253 1415.4624 2298.7883 
5150000.0 5150.0 8133875.376 6402981.4088 9864769.3432 1.5794 1.2433 1.9155 1855.8207 1438.1023 2273.5391 
5160000.0 5160.0 8153203.9587 6418184.662 9888223.2553 1.5801 1.2438 1.9163 1869.7523 1451.4499 2288.0548 
5170000.0 5170.0 8171761.474 6433171.745 9910351.203 1.5806 1.2443 1.9169 1866.7783 1460.1099 2273.4468 
5180000.0 5180.0 8190641.8473 6447378.2716 9933905.4231 1.5812 1.2447 1.9177 1870.91 1453.2511 2288.5689 
5190000.0 5190.0 8208797.169 6462386.7266 9955207.6114 1.5817 1.2452 1.9182 1860.5547 1462.2763 2258.8331 
5200000.0 5200.0 8227266.241 6477185.5541 9977346.9279 1.5822 1.2456 1.9187 1857.7123 1464.4732 2250.9515 
5210000.0 5210.0 8245459.5003 6490460.7415 10000458.2592 1.5826 1.2458 1.9195 1850.5703 1440.4646 2260.676 
5220000.0 5220.0 8263596.4887 6505189.2756 10022003.7017 1.5831 1.2462 1.9199 1843.6983 1444.5839 2242.8127 
5230000.0 5230.0 8282452.6563 6519465.6999 10045439.6128 1.5836 1.2466 1.9207 1851.5743 1442.5803 2260.5684 
5240000.0 5240.0 8301526.0417 6534019.3577 10069032.7257 1.5843 1.247 1.9216 1862.003 1443.829 2280.177 
5250000.0 5250.0 8320900.0887 6548903.6197 10092896.5576 1.5849 1.2474 1.9225 1875.9293 1451.3457 2300.513 
5260000.0 5260.0 8339963.114 6564766.3093 10115159.9187 1.5855 1.2481 1.923 1881.4313 1474.6414 2288.2213 
5270000.0 5270.0 8359076.767 6579624.9076 10138528.6264 1.5862 1.2485 1.9238 1886.8917 1476.257 2297.5263 
5280000.0 5280.0 8378329.166 6595947.7317 10160710.6003 1.5868 1.2492 1.9244 1893.5117 1505.7076 2281.3158 
5290000.0 5290.0 8397731.6373 6610788.1786 10184675.0961 1.5875 1.2497 1.9253 1902.0487 1498.936 2305.1613 
5300000.0 5300.0 8417564.8003 6625344.8786 10209784.722 1.5882 1.2501 1.9264 1917.0277 1489.6434 2344.4119 
5310000.0 5310.0 8437098.3827 6639917.0684 10234279.697 1.5889 1.2505 1.9274 1923.7483 1484.4987 2362.9979 
5320000.0 5320.0 8456640.469 6654351.0249 10258929.9131 1.5896 1.2508 1.9284 1929.3483 1479.0568 2379.6399 
5330000.0 5330.0 8475712.253 6667285.5412 10284138.9648 1.5902 1.2509 1.9295 1924.835 1445.1476 2404.5224 
5340000.0 5340.0 8495025.5963 6680962.2595 10309088.9331 1.5908 1.2511 1.9305 1925.507 1429.6337 2421.3803 
5350000.0 5350.0 8514689.9387 6695647.946 10333731.9313 1.5915 1.2515 1.9315 1932.7617 1435.7283 2429.795 
5360000.0 5360.0 8533610.784 6706794.8271 10360426.7409 1.5921 1.2513 1.9329 1925.209 1376.1446 2474.2734 
5370000.0 5370.0 8552358.3837 6719299.6447 10385417.1226 1.5926 1.2513 1.934 1916.147 1352.7734 2479.5206 
5380000.0 5380.0 8571403.5387 6732724.527 10410082.5503 1.5932 1.2514 1.935 1913.6433 1351.7183 2475.5684 
5390000.0 5390.0 8590116.99 6744181.7866 10436052.1934 1.5937 1.2512 1.9362 1905.3077 1311.4226 2499.1927 
5400000.0 5400.0 8609006.771 6757470.2999 10460543.2421 1.5943 1.2514 1.9371 1902.102 1314.2692 2489.9348 
5410000.0 5410.0 8627918.9287 6772540.4309 10483297.4264 1.5948 1.2519 1.9378 1900.299 1348.6131 2451.9849 
5420000.0 5420.0 8646971.378 6785261.5691 10508681.1869 1.5954 1.2519 1.9389 1901.2287 1335.2611 2467.1962 
5430000.0 5430.0 8666494.7063 6800957.9256 10532031.4871 1.596 1.2525 1.9396 1910.6737 1378.0509 2443.2965 
5440000.0 5440.0 8685891.4067 6815174.0424 10556608.7709 1.5967 1.2528 1.9406 1916.0337 1386.0796 2445.9877 
5450000.0 5450.0 8705548.8143 6828988.9034 10582108.7252 1.5973 1.253 1.9417 1925.3863 1385.2281 2465.5445 
5460000.0 5460.0 8725134.7937 6843366.3783 10606903.209 1.598 1.2534 1.9427 1931.1967 1394.4431 2467.9502 
5470000.0 5470.0 8744422.679 6858230.0641 10630615.2939 1.5986 1.2538 1.9434 1930.7753 1412.1216 2449.429 
5480000.0 5480.0 8763841.4373 6871452.3422 10656230.5325 1.5992 1.2539 1.9446 1932.96 1396.1557 2469.7643 
5490000.0 5490.0 8783220.9083 6886254.0802 10680187.7364 1.5999 1.2543 1.9454 1933.9463 1410.5976 2457.295 
5500000.0 5500.0 8803114.294 6901850.881 10704377.707 1.6006 1.2549 1.9463 1944.0023 1437.7786 2450.2261 
5510000.0 5510.0 8822643.6753 6915663.7393 10729623.6113 1.6012 1.2551 1.9473 1945.851 1427.9234 2463.7786 
5520000.0 5520.0 8842116.709 6930081.8535 10754151.5645 1.6018 1.2554 1.9482 1945.9273 1430.7814 2461.0732 
5530000.0 5530.0 8861777.103 6945249.3083 10778304.8977 1.6025 1.2559 1.9491 1949.5517 1446.1225 2452.9809 
5540000.0 5540.0 8881837.1333 6960312.4004 10803361.8663 1.6032 1.2564 1.9501 1959.983 1456.3012 2463.6648 
5550000.0 5550.0 8901883.7523 6974715.5534 10829051.9513 1.6039 1.2567 1.9512 1968.2027 1452.7189 2483.6864 
5560000.0 5560.0 8921545.957 6989030.6982 10854061.2158 1.6046 1.257 1.9522 1968.2927 1447.8865 2488.6989 
5570000.0 5570.0 8940810.0427 7002647.7583 10878972.3271 1.6052 1.2572 1.9531 1961.0587 1433.9667 2488.1507 
5580000.0 5580.0 8960806.5903 7017592.8915 10904020.2892 1.6059 1.2576 1.9541 1968.414 1446.3442 2490.4838 
5590000.0 5590.0 8981248.7503 7033451.5344 10929045.9663 1.6067 1.2582 1.9551 1982.234 1471.5633 2492.9047 
5600000.0 5600.0 9001318.701 7049254.2138 10953383.1882 1.6074 1.2588 1.956 1986.6567 1490.904 2482.4094 
5610000.0 5610.0 9021331.157 7065724.2 10976938.114 1.6081 1.2595 1.9567 1989.098 1517.5603 2460.6357 
5620000.0 5620.0 9041203.5157 7081800.0789 11000606.9524 1.6088 1.2601 1.9574 1988.966 1533.1914 2444.7406 
5630000.0 5630.0 9060955.276 7096971.4896 11024939.0624 1.6094 1.2606 1.9582 1986.3343 1529.0019 2443.6668 
5640000.0 5640.0 9080928.8933 7112299.3134 11049558.4733 1.6101 1.261 1.9591 1988.3013 1529.9315 2446.6712 
5650000.0 5650.0 9100221.569 7126011.3783 11074431.7597 1.6107 1.2612 1.9601 1977.2633 1502.2602 2452.2665 
5660000.0 5660.0 9120820.5753 7141256.7353 11100384.4153 1.6115 1.2617 1.9612 1992.1317 1507.0984 2477.165 
5670000.0 5670.0 9140732.347 7156417.9369 11125046.7571 1.6121 1.2622 1.9621 1992.2243 1505.3114 2479.1373 
5680000.0 5680.0 9160661.11 7173419.1662 11147903.0538 1.6128 1.2629 1.9627 1992.7153 1532.5092 2452.9215 
5690000.0 5690.0 9180720.4907 7190825.8437 11170615.1376 1.6135 1.2638 1.9632 1995.227 1562.3259 2428.1281 
5700000.0 5700.0 9200577.0407 7206210.9673 11194943.114 1.6141 1.2642 1.964 1993.515 1551.9862 2435.0438 
5710000.0 5710.0 9219811.9783 7219313.0391 11220310.9175 1.6147 1.2643 1.965 1980.787 1497.9528 2463.6212 
5720000.0 5720.0 9239686.0287 7235192.5312 11244179.5261 1.6153 1.2649 1.9658 1982.067 1519.114 2445.02 
5730000.0 5730.0 9260026.4217 7249517.6817 11270535.1616 1.6161 1.2652 1.9669 1991.316 1498.31 2484.322 
5740000.0 5740.0 9280431.8057 7263159.3409 11297704.2704 1.6168 1.2654 1.9682 2000.1113 1469.2384 2530.9843 
5750000.0 5750.0 9300927.5247 7277024.912 11324830.1373 1.6176 1.2656 1.9695 2009.143 1452.3963 2565.8897 
5760000.0 5760.0 9320811.8093 7291049.0727 11350574.546 1.6182 1.2658 1.9706 2004.8107 1438.8436 2570.7778 
5770000.0 5770.0 9339895.7857 7304839.4989 11374952.0725 1.6187 1.266 1.9714 1987.0283 1427.7727 2546.284 
5780000.0 5780.0 9358912.0637 7317809.4338 11400014.6935 1.6192 1.2661 1.9723 1972.034 1407.1628 2536.9052 
5790000.0 5790.0 9378528.7703 7331183.3038 11425874.2369 1.6198 1.2662 1.9734 1970.3727 1396.5013 2544.244 
5800000.0 5800.0 9398150.0717 7344920.7964 11451379.347 1.6204 1.2664 1.9744 1969.817 1395.6938 2543.9402 
5810000.0 5810.0 9418583.9653 7359078.6159 11478089.3148 1.6211 1.2666 1.9756 1983.214 1397.4427 2568.9853 
5820000.0 5820.0 9438950.3837 7374775.3547 11503125.4126 1.6218 1.2671 1.9765 1992.9467 1423.048 2562.8453 
5830000.0 5830.0 9459296.888 7389537.3251 11529056.4509 1.6225 1.2675 1.9775 2000.587 1426.0553 2575.1187 
5840000.0 5840.0 9479156.131 7402079.0265 11556233.2355 1.6231 1.2675 1.9788 1998.4117 1384.7534 2612.0699 
5850000.0 5850.0 9499855.3673 7417464.3951 11582246.3396 1.6239 1.2679 1.9799 2011.2283 1404.9611 2617.4956 
5860000.0 5860.0 9520272.9417 7432755.7882 11607790.0951 1.6246 1.2684 1.9809 2017.006 1418.8981 2615.1139 
5870000.0 5870.0 9540872.1243 7449338.3578 11632405.8909 1.6254 1.2691 1.9817 2025.087 1443.4832 2606.6908 
5880000.0 5880.0 9560756.189 7464321.7308 11657190.6472 1.626 1.2694 1.9825 2018.1903 1463.2568 2573.1239 
5890000.0 5890.0 9581333.908 7480252.6095 11682415.2065 1.6267 1.27 1.9834 2025.389 1483.8091 2566.9689 
5900000.0 5900.0 9602049.191 7496049.5477 11708048.8343 1.6275 1.2705 1.9844 2034.102 1494.9909 2573.2131 
5910000.0 5910.0 9622489.403 7512020.5701 11732958.2359 1.6282 1.2711 1.9853 2035.6303 1513.8768 2557.3839 
5920000.0 5920.0 9642932.979 7528367.3515 11757498.6065 1.6289 1.2717 1.9861 2036.9747 1536.8689 2537.0805 
5930000.0 5930.0 9663405.772 7544246.1812 11782565.3628 1.6296 1.2722 1.9869 2038.8717 1548.9332 2528.8102 
5940000.0 5940.0 9684089.4187 7560227.3356 11807951.5018 1.6303 1.2728 1.9879 2044.0863 1560.7312 2527.4415 
5950000.0 5950.0 9704874.8783 7576419.1854 11833330.5713 1.6311 1.2733 1.9888 2050.078 1572.2958 2527.8602 
5960000.0 5960.0 9724965.2563 7590386.4812 11859544.0315 1.6317 1.2736 1.9899 2043.5107 1542.5007 2544.5206 
5970000.0 5970.0 9745034.4103 7607752.6936 11882316.1271 1.6323 1.2743 1.9903 2037.125 1574.7908 2499.4592 
5980000.0 5980.0 9764896.9497 7624633.7664 11905160.1329 1.6329 1.275 1.9908 2027.507 1599.3831 2455.6309 
5990000.0 5990.0 9784904.465 7641411.3713 11928397.5587 1.6335 1.2757 1.9914 2022.316 1613.4787 2431.1533 
6000000.0 6000.0 9804764.6503 7658194.9835 11951334.3172 1.6341 1.2764 1.9919 2015.7497 1625.7331 2405.7663 
