0 0 0.0 0.0 0.0 0.0 0 0 0 0.0 0.0 
10000 10 178.428 -1.0 -0.019 0.3651 0 0 0 0.0 0.0 
20000 20 324.397 -2.0 -0.032 0.6647 0 0 0 0.0 0.0 
30000 35 404.885 -8.0 -0.138 1.5397 0 0 0 0.0005234 5.23e-05 
40000 68 352.113 -30.0 -0.391 1.7558 0 0 0 0.0005737 5.74e-05 
50000 79 465.175 -30.0 -0.315 2.5894 0 0 0 0.0006841 6.84e-05 
60000 89 563.009 -30.0 -0.257 3.3106 0 0 0 0.0007444 7.44e-05 
70000 99 642.946 -30.0 -0.21 3.9092 0 0 0 0.0007013 7.01e-05 
80000 110 702.336 -31.0 -0.188 4.3387 0 0 0 0.0006898 6.9e-05 
90000 120 756.787 -31.0 -0.154 4.746 0 0 0 0.0006762 6.76e-05 
100000 130 801.277 -31.0 -0.126 5.06 0 0 0 0.0006361 6.36e-05 
110000 140 837.629 -31.0 -0.103 5.3231 0 0 0 0.0006449 6.45e-05 
120000 150 856.492 -32.0 -0.101 5.4826 0 0 0 0.0006313 6.31e-05 
130000 162 864.61 -35.0 -0.134 5.5474 0 0 0 0.0006366 6.37e-05 
140000 172 889.376 -35.0 -0.109 5.7295 0 0 0 0.0006452 6.45e-05 
150000 182 903.022 -36.0 -0.107 5.8404 0 0 0 0.000667 6.67e-05 
160000 196 843.504 -40.0 -0.157 5.4499 0 0 0 0.0006852 6.85e-05 
170000 208 841.009 -41.0 -0.142 5.4497 0 0 0 0.00069 6.9e-05 
180000 219 861.577 -43.0 -0.15 5.585 0 0 0 0.0007155 7.15e-05 
190000 229 886.898 -43.0 -0.122 5.7525 0 0 0 0.0007051 7.05e-05 
200000 239 907.588 -43.0 -0.1 5.9012 0 0 0 0.0007291 7.29e-05 
210000 249 924.493 -43.0 -0.082 5.9965 0 0 0 0.0006787 6.79e-05 
220000 260 908.598 -44.0 -0.084 5.9124 0 0 0 0.0006571 6.57e-05 
230000 274 872.037 -44.0 -0.066 5.6948 0 0 0 0.0006648 6.65e-05 
240000 298 712.856 -53.0 -0.156 4.6482 0 0 0 0.0006378 6.38e-05 
250000 309 748.988 -51.0 -0.089 4.9059 0 0 0 0.0006103 6.1e-05 
260000 333 596.859 -63.0 -0.267 3.9184 0 0 0 0.0005971 5.97e-05 
270000 343 670.604 -63.0 -0.218 4.3961 0 0 0 0.0005693 5.69e-05 
280000 354 728.781 -63.0 -0.175 4.7837 0 0 0 0.000539 5.39e-05 
290000 364 778.394 -63.0 -0.143 5.0991 0 0 0 0.0005289 5.29e-05 
300000 374 818.932 -63.0 -0.117 5.3776 0 0 0 0.0005284 5.28e-05 
310000 384 841.666 -64.0 -0.115 5.5313 0 0 0 0.0005217 5.22e-05 
320000 400 794.861 -64.0 -0.089 5.2153 0 0 0 0.0005344 5.34e-05 
330000 425 633.165 -69.0 -0.098 4.1696 0 0 0 0.0005466 5.47e-05 
340000 436 688.201 -69.0 -0.078 4.5311 0 0 0 0.0005643 5.64e-05 
350000 447 735.171 -67.0 -0.028 4.8252 0 0 0 0.0005571 5.57e-05 
360000 463 700.903 -68.0 -0.035 4.6084 0 0 0 0.0005342 5.34e-05 
370000 486 597.195 -70.0 -0.056 3.9307 0 0 0 0.0005326 5.33e-05 
380000 519 431.403 -69.0 -0.038 2.8478 0 0 0 0.0005224 5.22e-05 
390000 592 201.408 -81.0 -0.102 1.3431 0 0 0 0.0005278 5.28e-05 
400000 618 282.53 -84.0 -0.109 1.8793 0 0 0 0.000524 5.24e-05 
410000 629 389.625 -83.0 -0.067 2.5982 0 0 0 0.0005216 5.22e-05 
420000 655 394.405 -88.0 -0.137 2.6381 0 0 0 0.0005138 5.14e-05 
430000 669 461.737 -87.0 -0.084 3.0759 0 0 0 0.0005037 5.04e-05 
440000 684 513.925 -83.0 0.01 3.4464 0 0 0 0.0004979 4.98e-05 
450000 695 592.435 -81.0 0.046 3.9803 0 0 0 0.0005142 5.14e-05 
460000 709 640.682 -78.0 0.084 4.2761 0 0 0 0.0005169 5.17e-05 
470000 722 661.814 -78.0 0.061 4.4263 0 0 0 0.000527 5.27e-05 
480000 733 711.773 -76.0 0.086 4.771 0 0 0 0.0005495 5.49e-05 
490000 748 692.263 -75.0 0.084 4.6196 0 0 0 0.0005636 5.64e-05 
500000 764 674.612 -75.0 0.062 4.506 0 0 0 0.0005606 5.61e-05 
510000 777 701.897 -78.0 -0.009 4.6752 0 0 0 0.0005244 5.24e-05 
520000 789 735.564 -80.0 -0.041 4.8896 0 0 0 0.0005077 5.08e-05 
530000 803 717.545 -80.0 -0.028 4.7728 0 0 0 0.0004883 4.88e-05 
540000 819 690.279 -79.0 -0.014 4.5649 0 0 0 0.0004793 4.79e-05 
550000 836 663.119 -80.0 -0.028 4.3988 0 0 0 0.0004763 4.76e-05 
560000 856 612.973 -85.0 -0.112 4.0729 0 0 0 0.0004838 4.84e-05 
570000 872 608.218 -80.0 0.009 4.0383 0 0 0 0.0004847 4.85e-05 
580000 912 393.788 -94.0 -0.209 2.6228 0 0 0 0.0005036 5.04e-05 
590000 939 374.73 -92.0 -0.076 2.5082 0 0 0 0.000507 5.07e-05 
600000 975 339.43 -65.0 0.35 2.2585 0 0 0 0.0005015 5.02e-05 
610000 1009 307.049 -55.0 0.295 2.0524 0 0 0 0.0004897 4.9e-05 
620000 1031 359.335 -50.0 0.267 2.4081 0 0 0 0.0004936 4.94e-05 
630000 1063 337.641 -54.0 0.07 2.2602 0 0 0 0.0004875 4.87e-05 
640000 1089 347.013 -59.0 -0.033 2.331 0 0 0 0.0004901 4.9e-05 
650000 1115 366.827 -58.0 0.009 2.4487 0 0 0 0.0004912 4.91e-05 
660000 1136 404.013 -49.0 0.144 2.6859 0 0 0 0.0004894 4.89e-05 
670000 1171 324.754 -35.0 0.253 2.1684 0 0 0 0.0004829 4.83e-05 
680000 1235 208.278 -14.0 0.293 1.3881 0 0 0 0.000485 4.85e-05 
690000 1328 120.655 51.0 0.664 0.8086 0 0 0 0.0004843 4.84e-05 
700000 1405 123.042 99.0 0.609 0.8312 0 0 0 0.0004786 4.79e-05 
710000 1488 102.406 164.0 0.788 0.6868 0 0 0 0.0004955 4.95e-05 
720000 1638 60.857 308.0 0.966 0.4148 0 0 0 0.0005101 5.1e-05 
730000 1798 68.279 458.0 0.925 0.4727 0 0 0 0.0005084 5.08e-05 
740000 1967 71.708 621.0 0.98 0.4816 0 0 0 0.0005065 5.07e-05 
750000 2153 50.314 805.0 0.979 0.3433 0 0 0 0.0005094 5.09e-05 
760000 2350 45.25 1002.0 1.0 0.3139 0 0 0 0.0004951 4.95e-05 
770000 2536 46.174 1187.0 0.999 0.3131 0 0 0 0.0005067 5.07e-05 
780000 2756 44.802 1405.0 0.999 0.3065 0 0 0 0.0004841 4.84e-05 
790000 2948 56.686 1597.0 1.0 0.39 0 0 0 0.0004828 4.83e-05 
800000 3159 43.614 1808.0 1.0 0.2995 0 0 0 0.0004823 4.82e-05 
810000 3392 43.041 2037.0 0.984 0.2929 0 0 0 0.0004795 4.8e-05 
820000 3607 49.581 2248.0 0.977 0.3439 0 0 0 0.000482 4.82e-05 
830000 3830 41.186 2465.0 0.952 0.2807 0 0 0 0.0004671 4.67e-05 
840000 4017 60.107 2646.0 0.912 0.4077 0 0 0 0.0004638 4.64e-05 
850000 4252 40.276 2875.0 0.988 0.282 0 0 0 0.0004444 4.44e-05 
860000 4467 46.029 3086.0 0.975 0.3157 0 0 0 0.0004411 4.41e-05 
870000 4686 44.902 3305.0 1.0 0.3057 0 0 0 0.0004227 4.23e-05 
880000 4920 42.569 3534.0 0.99 0.2951 0 0 0 0.0004057 4.06e-05 
890000 5146 54.474 3753.0 0.966 0.3715 0 0 0 0.0003912 3.91e-05 
900000 5310 57.887 3914.0 0.982 0.3939 0 0 0 0.000383 3.83e-05 
910000 5510 44.882 4111.0 0.996 0.3156 0 0 0 0.0003639 3.64e-05 
920000 5696 62.938 4290.0 0.902 0.4237 0 0 0 0.0003529 3.53e-05 
930000 5917 43.584 4506.0 0.983 0.2996 0 0 0 0.0003425 3.43e-05 
940000 6124 43.469 4694.0 0.958 0.309 0 0 0 0.0003376 3.38e-05 
950000 6328 42.852 4890.0 0.975 0.2932 0 0 0 0.0003178 3.18e-05 
960000 6545 40.025 5101.0 0.974 0.273 0 0 0 0.0003096 3.1e-05 
970000 6739 43.352 5288.0 0.959 0.3077 0 0 0 0.0003062 3.06e-05 
980000 6958 40.636 5502.0 0.998 0.2786 0 0 0 0.0003022 3.02e-05 
990000 7183 43.226 5727.0 1.0 0.2984 0 0 0 0.0002896 2.9e-05 
