10000 10 179.507 -10.0 -0.183 0.7814 0 0 0 0.0 0.0 
20000 20 329.598 -20.0 -0.332 1.4277 0 0 0 0.0 0.0 
30000 161 85.039 -137.0 -0.862 0.8879 0 0 0 0.0002033 0.0020334 
40000 188 206.891 -158.0 -0.832 2.4019 0 0 0 0.0001745 0.001745 
50000 199 355.68 -169.0 -0.866 4.2205 0 0 0 0.0001545 0.001545 
60000 210 466.142 -178.0 -0.858 5.5425 0 0 0 0.0001722 0.0017216 
70000 221 557.031 -187.0 -0.851 6.6292 0 0 0 0.0001716 0.0017163 
80000 287 239.114 -241.0 -0.842 2.8077 0 0 0 0.0001704 0.0017043 
90000 297 371.682 -251.0 -0.871 4.1487 0 0 0 0.0001574 0.0015743 
100000 363 177.726 -305.0 -0.808 1.9936 0 0 0 0.0001649 0.0016493 
110000 373 328.142 -315.0 -0.843 3.806 0 0 0 0.0001583 0.0015835 
120000 383 451.043 -325.0 -0.872 5.2617 0 0 0 0.0001522 0.0015222 
130000 393 551.462 -335.0 -0.895 6.467 0 0 0 0.0001497 0.0014969 
140000 403 633.512 -345.0 -0.914 7.4241 0 0 0 0.0001423 0.0014232 
150000 413 700.415 -355.0 -0.93 8.1832 0 0 0 0.0001378 0.0013777 
160000 424 734.729 -362.0 -0.866 8.5545 0 0 0 0.0001297 0.0012974 
170000 441 695.006 -367.0 -0.706 8.0751 0 0 0 0.0001368 0.0013684 
180000 453 722.847 -371.0 -0.619 8.4067 0 0 0 0.0001439 0.0014393 
190000 472 662.719 -366.0 -0.323 7.6971 0 0 0 0.0001522 0.0015219 
200000 519 362.76 -375.0 -0.266 4.215 0 0 0 0.000154 0.0015402 
210000 568 259.323 -372.0 -0.025 3.0122 0 0 0 0.0001498 0.001498 
220000 596 296.757 -354.0 0.285 3.4421 0 0 0 0.0001399 0.0013992 
230000 640 258.829 -336.0 0.326 2.9972 0 0 0 0.0001384 0.0013841 
240000 729 124.966 -371.0 -0.434 1.4625 0 0 0 0.0001377 0.0013767 
250000 782 157.41 -382.0 -0.176 1.8269 0 0 0 0.0001323 0.001323 
260000 845 140.153 -347.0 0.407 1.6466 0 0 0 0.0001251 0.0012512 
270000 917 127.672 -305.0 0.481 1.499 0 0 0 0.0001265 0.0012649 
280000 1007 111.819 -265.0 0.463 1.3169 0 0 0 0.000121 0.0012098 
290000 1114 86.926 -202.0 0.546 1.0236 0 0 0 0.0001185 0.0011848 
300000 1215 87.193 -177.0 0.269 1.0337 0 0 0 0.0001083 0.0010825 
310000 1347 72.702 -65.0 0.757 0.869 0 0 0 0.0001044 0.0010436 
320000 1530 51.094 98.0 0.933 0.6091 0 0 0 0.0001033 0.0010335 
330000 1741 47.124 307.0 0.996 0.5543 0 0 0 0.0001037 0.001037 
340000 1960 44.553 526.0 1.0 0.5338 0 0 0 0.0001059 0.0010592 
350000 2198 42.529 764.0 1.0 0.5109 0 0 0 0.000105 0.0010503 
360000 2432 40.993 998.0 1.0 0.4882 0 0 0 0.0001049 0.0010486 
370000 2689 39.498 1255.0 1.0 0.4743 0 0 0 0.0001017 0.0010168 
380000 2953 37.798 1517.0 0.999 0.455 0 0 0 0.0001 0.0010003 
390000 3148 44.468 1712.0 1.0 0.5367 0 0 0 9.43e-05 0.0009434 
400000 3382 42.656 1946.0 1.0 0.5133 0 0 0 8.89e-05 0.0008886 
410000 3596 43.171 2154.0 0.986 0.5201 0 0 0 8.5e-05 0.0008499 
420000 3845 37.017 2401.0 0.962 0.4512 0 0 0 7.82e-05 0.0007825 
430000 4066 42.448 2620.0 0.992 0.5086 0 0 0 7.76e-05 0.0007762 
440000 4310 39.296 2860.0 0.995 0.4747 0 0 0 7.62e-05 0.0007622 
450000 4550 44.148 3100.0 1.0 0.5367 0 0 0 7.01e-05 0.0007008 
460000 4777 36.469 3323.0 0.976 0.4392 0 0 0 6.86e-05 0.0006859 
470000 5003 47.167 3547.0 0.984 0.5651 0 0 0 6.52e-05 0.0006518 
480000 5227 46.402 3769.0 0.999 0.5609 0 0 0 6.16e-05 0.0006157 
490000 5447 42.081 3987.0 0.998 0.5137 0 0 0 5.81e-05 0.0005808 
500000 5682 44.111 4220.0 0.97 0.5333 0 0 0 5.85e-05 0.0005849 
510000 5893 41.652 4423.0 0.99 0.5048 0 0 0 5.77e-05 0.0005769 
520000 6141 38.551 4671.0 1.0 0.4666 0 0 0 5.54e-05 0.0005537 
530000 6389 39.361 4917.0 0.997 0.4775 0 0 0 5.59e-05 0.0005593 
540000 6638 40.132 5164.0 1.0 0.4817 0 0 0 5.35e-05 0.000535 
550000 6906 35.455 5432.0 1.0 0.43 0 0 0 5.17e-05 0.0005171 
560000 7151 41.082 5673.0 0.99 0.499 0 0 0 5.11e-05 0.0005112 
570000 7379 38.396 5897.0 0.992 0.463 0 0 0 5.01e-05 0.0005012 
580000 7638 37.478 6150.0 0.995 0.4568 0 0 0 4.72e-05 0.0004724 
590000 7910 38.69 6420.0 0.997 0.4669 0 0 0 4.7e-05 0.00047 
600000 8150 43.428 6658.0 0.988 0.5335 0 0 0 4.51e-05 0.000451 
610000 8407 38.631 6911.0 0.985 0.4701 0 0 0 4.55e-05 0.0004547 
620000 8662 41.627 7164.0 0.999 0.5173 0 0 0 4.36e-05 0.0004355 
630000 8922 40.217 7422.0 0.961 0.4963 0 0 0 4.38e-05 0.0004381 
640000 9178 38.001 7678.0 1.0 0.463 0 0 0 4.25e-05 0.0004246 
650000 9390 41.145 7888.0 0.997 0.5093 0 0 0 4.27e-05 0.0004272 
660000 9623 41.017 8117.0 0.988 0.5032 0 0 0 4.16e-05 0.0004158 
670000 9829 43.296 8317.0 0.983 0.5262 0 0 0 4.09e-05 0.0004092 
680000 10069 48.31 8555.0 0.971 0.5907 0 0 0 4.07e-05 0.0004069 
690000 10321 38.662 8807.0 1.0 0.4723 0 0 0 3.96e-05 0.0003959 
700000 10576 38.345 9062.0 1.0 0.4696 0 0 0 4.03e-05 0.0004029 
710000 10838 36.449 9322.0 0.99 0.4474 0 0 0 3.86e-05 0.000386 
720000 11072 46.976 9554.0 0.985 0.5727 0 0 0 3.8e-05 0.0003802 
730000 11310 44.047 9790.0 0.982 0.5405 0 0 0 3.79e-05 0.0003792 
740000 11564 38.685 10042.0 0.994 0.4734 0 0 0 3.84e-05 0.0003837 
750000 11823 42.251 10299.0 1.0 0.5174 0 0 0 3.69e-05 0.0003693 
760000 12088 36.781 10562.0 0.999 0.4498 0 0 0 3.9e-05 0.0003899 
770000 12313 44.495 10783.0 0.972 0.5358 0 0 0 3.87e-05 0.000387 
780000 12564 39.423 11032.0 0.997 0.4739 0 0 0 3.69e-05 0.0003687 
790000 12799 41.71 11265.0 0.996 0.5057 0 0 0 3.69e-05 0.0003688 
800000 13056 38.652 11520.0 0.998 0.4707 0 0 0 3.67e-05 0.000367 
810000 13291 46.054 11753.0 0.998 0.553 0 0 0 3.62e-05 0.0003619 
820000 13463 58.819 11923.0 0.995 0.72 0 0 0 3.79e-05 0.0003795 
830000 13723 40.739 12183.0 1.0 0.4975 0 0 0 3.56e-05 0.0003562 
840000 13975 34.954 12435.0 1.0 0.4308 0 0 0 3.54e-05 0.0003537 
850000 14219 45.704 12675.0 0.988 0.5539 0 0 0 3.51e-05 0.0003505 
860000 14461 40.978 12915.0 0.996 0.5025 0 0 0 3.51e-05 0.0003513 
870000 14719 38.242 13171.0 0.975 0.4664 0 0 0 3.56e-05 0.0003555 
880000 14982 37.52 13432.0 0.998 0.4601 0 0 0 3.33e-05 0.0003331 
890000 15236 40.364 13686.0 1.0 0.4838 0 0 0 3.37e-05 0.0003365 
900000 15475 37.702 13923.0 0.999 0.4698 0 0 0 3.45e-05 0.0003454 
910000 15720 41.745 14166.0 0.998 0.5193 0 0 0 3.34e-05 0.0003342 
920000 15986 38.99 14428.0 0.98 0.4731 0 0 0 3.43e-05 0.0003428 
930000 16243 39.966 14685.0 1.0 0.4869 0 0 0 3.31e-05 0.0003311 
940000 16465 51.237 14903.0 0.976 0.6228 0 0 0 3.41e-05 0.0003408 
950000 16705 41.526 15141.0 0.997 0.514 0 0 0 3.19e-05 0.0003194 
960000 16949 40.382 15381.0 0.994 0.4959 0 0 0 3.19e-05 0.0003193 
970000 17195 36.655 15625.0 0.999 0.4514 0 0 0 3.13e-05 0.0003135 
980000 17406 40.829 15832.0 0.997 0.498 0 0 0 2.98e-05 0.0002983 
990000 17672 37.743 16096.0 1.0 0.4627 0 0 0 3.03e-05 0.0003028 
1000000 17947 35.87 16371.0 1.0 0.4365 0 0 0 3.16e-05 0.000316 
