1000 10 17.929 -348.077 -6.307 0.0221 0 0 0 
2000 20 32.829 -576.981 -9.328 0.0384 0 0 0 
3000 31 43.473 -855.53 -12.13 0.0548 0 0 0 
4000 41 53.927 -1273.769 -17.44 0.0609 0 0 0 
5000 51 62.181 -1649.196 -21.669 0.0655 0 0 0 
6000 59 70.235 -1906.495 -22.053 0.0772 0 0 0 
7000 69 76.878 -2234.904 -24.917 0.0863 0 0 0 
8000 77 83.696 -2634.45 -28.165 0.09 0 0 0 
9000 86 89.233 -3012.92 -31.056 0.0912 0 0 0 
10000 95 92.398 -3364.878 -32.416 0.0908 0 0 0 
11000 104 96.017 -3693.118 -33.04 0.0913 0 0 0 
12000 111 101.828 -3994.323 -34.355 0.0946 0 0 0 
13000 121 101.254 -4388.263 -35.12 0.0919 0 0 0 
14000 130 101.81 -4743.722 -35.359 0.0904 0 0 0 
15000 140 102.431 -5077.761 -35.621 0.0892 0 0 0 
16000 149 104.048 -5360.516 -34.716 0.0896 0 0 0 
17000 158 104.769 -5708.092 -35.46 0.1021 0 0 0 
18000 166 108.185 -5851.278 -32.852 0.1255 0 0 0 
19000 177 105.756 -5994.32 -28.943 0.1382 0 0 0 
20000 186 106.079 -6083.553 -25.709 0.151 0 0 0 
21000 197 103.441 -6228.178 -23.239 0.1576 0 0 0 
22000 206 104.39 -6353.668 -21.689 0.1678 0 0 0 
23000 215 105.016 -6427.21 -19.439 0.1767 0 0 0 
24000 222 110.546 -6500.542 -18.263 0.1936 0 0 0 
25000 231 110.658 -6555.358 -16.26 0.1991 0 0 0 
26000 238 114.02 -6580.424 -14.551 0.2104 0 0 0 
27000 245 117.696 -6676.162 -14.194 0.2362 0 0 0 
28000 252 121.152 -6805.509 -15.0 0.245 0 0 0 
29000 259 123.532 -6919.993 -15.28 0.2511 0 0 0 
30000 266 127.459 -6968.853 -14.194 0.2612 0 0 0 
31000 273 127.773 -7085.089 -14.603 0.2634 0 0 0 
32000 279 132.926 -7193.614 -14.781 0.2783 0 0 0 
33000 283 140.769 -7242.743 -14.694 0.2996 0 0 0 
34000 288 146.991 -7347.359 -15.212 0.3166 0 0 0 
35000 291 151.992 -7389.412 -15.263 0.33 0 0 0 
36000 295 164.236 -7457.234 -15.35 0.3641 0 0 0 
37000 300 164.857 -7503.669 -14.306 0.3672 0 0 0 
38000 305 170.449 -7540.239 -13.721 0.4083 0 0 0 
39000 309 177.05 -7584.631 -13.588 0.4312 0 0 0 
40000 315 178.203 -7657.028 -13.572 0.45 0 0 0 
41000 319 182.318 -7698.412 -13.376 0.4591 0 0 0 
42000 323 188.359 -7742.821 -13.17 0.474 0 0 0 
43000 327 192.562 -7767.067 -12.68 0.4842 0 0 0 
44000 328 192.011 -7766.921 -12.727 0.4822 0 0 0 
45000 331 215.062 -7773.796 -11.883 0.5815 0 0 0 
46000 334 222.277 -7801.626 -11.732 0.6012 0 0 0 
47000 337 230.363 -7810.173 -11.238 0.6257 0 0 0 
48000 339 240.259 -7818.668 -10.944 0.6585 0 0 0 
49000 340 244.454 -7823.523 -10.86 0.6715 0 0 0 
50000 341 259.565 -7827.929 -10.616 0.7512 0 0 0 
51000 343 282.746 -7839.015 -10.437 0.8497 0 0 0 
52000 344 290.651 -7852.522 -10.478 0.8863 0 0 0 
53000 345 304.838 -7866.508 -10.592 0.9534 0 0 0 
54000 347 313.994 -7885.094 -10.481 0.9807 0 0 0 
55000 348 323.454 -7903.221 -10.588 1.0156 0 0 0 
56000 350 332.924 -7921.145 -10.529 1.0523 0 0 0 
57000 351 346.266 -7936.924 -10.656 1.1212 0 0 0 
58000 353 357.835 -7954.733 -10.626 1.1654 0 0 0 
59000 354 359.638 -7960.239 -10.468 1.1684 0 0 0 
60000 355 372.445 -7971.395 -10.456 1.2272 0 0 0 
61000 356 384.996 -7976.65 -10.479 1.3137 0 0 0 
62000 357 397.296 -7987.911 -10.354 1.36 0 0 0 
63000 358 409.35 -7994.114 -10.362 1.4344 0 0 0 
64000 359 421.163 -7993.052 -10.316 1.4844 0 0 0 
65000 360 425.94 -8002.648 -9.954 1.5017 0 0 0 
66000 361 437.421 -8011.92 -9.965 1.5516 0 0 0 
67000 362 448.673 -8023.122 -9.947 1.607 0 0 0 
68000 363 459.7 -8031.296 -9.965 1.6573 0 0 0 
69000 364 470.506 -8042.177 -9.941 1.6959 0 0 0 
70000 365 481.095 -8049.107 -9.934 1.7346 0 0 0 
71000 366 491.474 -8059.956 -9.879 1.7872 0 0 0 
72000 367 501.644 -8067.121 -9.911 1.8403 0 0 0 
73000 368 511.611 -8074.689 -9.849 1.8819 0 0 0 
74000 369 521.379 -8083.624 -9.825 1.9226 0 0 0 
75000 370 530.951 -8095.827 -9.767 1.955 0 0 0 
76000 371 540.332 -8101.14 -9.828 1.9867 0 0 0 
77000 372 549.526 -8108.114 -9.746 2.0314 0 0 0 
78000 373 558.535 -8114.968 -9.691 2.0615 0 0 0 
79000 374 567.364 -8120.818 -9.639 2.0918 0 0 0 
80000 375 576.017 -8132.836 -9.552 2.1197 0 0 0 
81000 376 584.497 -8145.804 -9.628 2.1561 0 0 0 
82000 377 592.807 -8152.6 -9.67 2.1944 0 0 0 
83000 378 600.951 -8161.56 -9.636 2.2284 0 0 0 
84000 379 608.932 -8173.626 -9.612 2.2674 0 0 0 
85000 380 616.753 -8177.983 -9.648 2.328 0 0 0 
86000 381 624.418 -8188.251 -9.555 2.3777 0 0 0 
87000 382 631.93 -8201.283 -9.578 2.4805 0 0 0 
88000 383 639.291 -8209.47 -9.65 2.5446 0 0 0 
89000 384 646.505 -8214.054 -9.588 2.5996 0 0 0 
90000 385 653.575 -8225.812 -9.5 2.6727 0 0 0 
91000 386 660.504 -8233.313 -9.545 2.7563 0 0 0 
92000 387 667.294 -8245.08 -9.515 2.8138 0 0 0 
93000 388 673.948 -8252.616 -9.542 2.8913 0 0 0 
94000 389 680.469 -8257.759 -9.499 2.8977 0 0 0 
95000 390 686.859 -8262.983 -9.439 2.9423 0 0 0 
96000 391 693.122 -8273.276 -9.326 2.9715 0 0 0 
97000 392 699.26 -8280.67 -9.355 2.9914 0 0 0 
98000 393 705.275 -8288.789 -9.311 3.0133 0 0 0 
99000 394 711.169 -8296.18 -9.301 3.0264 0 0 0 
100000 395 716.946 -8302.926 -9.262 3.0353 0 0 0 
101000 396 722.607 -8314.736 -9.213 3.0483 0 0 0 
102000 397 728.155 -8323.493 -9.274 3.0544 0 0 0 
103000 399 725.52 -8332.886 -9.095 3.0574 0 0 0 
104000 400 731.009 -8343.287 -9.156 3.0783 0 0 0 
105000 402 727.201 -8349.903 -9.037 3.0544 0 0 0 
106000 403 732.657 -8358.844 -9.007 3.0756 0 0 0 
107000 404 738.004 -8365.141 -9.045 3.1145 0 0 0 
108000 405 743.244 -8369.894 -8.908 3.1456 0 0 0 
109000 406 748.379 -8375.425 -8.852 3.1783 0 0 0 
110000 407 753.412 -8382.707 -8.808 3.1843 0 0 0 
111000 408 758.343 -8392.883 -8.807 3.1821 0 0 0 
112000 409 763.177 -8397.71 -8.818 3.1866 0 0 0 
113000 410 767.913 -8399.025 -8.613 3.2027 0 0 0 
114000 411 772.555 -8404.056 -8.579 3.2198 0 0 0 
115000 412 777.104 -8410.834 -8.532 3.2369 0 0 0 
116000 414 765.664 -8415.516 -8.221 3.1661 0 0 0 
117000 415 770.351 -8423.856 -8.252 3.1899 0 0 0 
118000 417 765.925 -8430.72 -8.069 3.169 0 0 0 
119000 418 770.606 -8438.15 -8.045 3.1887 0 0 0 
120000 419 775.194 -8447.598 -8.082 3.2059 0 0 0 
121000 420 779.69 -8457.919 -8.092 3.2314 0 0 0 
122000 421 784.096 -8463.333 -8.122 3.271 0 0 0 
123000 422 788.415 -8467.527 -7.993 3.2974 0 0 0 
124000 423 792.646 -8480.198 -8.063 3.3179 0 0 0 
125000 424 796.793 -8488.113 -8.103 3.3375 0 0 0 
126000 425 800.857 -8496.2 -8.102 3.3755 0 0 0 
127000 426 804.84 -8507.994 -8.095 3.3946 0 0 0 
128000 427 791.003 -8517.412 -7.96 3.3321 0 0 0 
129000 428 795.183 -8524.214 -8.03 3.3558 0 0 0 
130000 429 799.28 -8519.493 -7.978 3.3846 0 0 0 
131000 430 802.394 -8521.009 -7.703 3.4068 0 0 0 
132000 431 806.346 -8531.756 -7.624 3.4209 0 0 0 
133000 432 810.199 -8535.052 -7.626 3.4366 0 0 0 
134000 434 799.815 -8538.624 -7.418 3.378 0 0 0 
135000 436 790.743 -8544.531 -7.273 3.318 0 0 0 
136000 437 794.928 -8548.053 -7.25 3.3256 0 0 0 
137000 439 784.669 -8549.401 -6.952 3.2638 0 0 0 
138000 440 788.975 -8557.082 -6.936 3.2748 0 0 0 
139000 442 789.872 -8551.819 -6.633 3.2661 0 0 0 
140000 443 794.075 -8558.401 -6.624 3.2894 0 0 0 
141000 445 778.239 -8551.184 -6.222 3.2048 0 0 0 
142000 446 782.674 -8561.155 -6.321 3.2304 0 0 0 
143000 447 787.021 -8566.039 -6.372 3.2468 0 0 0 
144000 448 791.28 -8566.27 -6.342 3.2622 0 0 0 
145000 450 781.386 -8560.575 -5.902 3.2005 0 0 0 
146000 451 785.758 -8565.435 -5.85 3.2039 0 0 0 
147000 452 790.043 -8573.597 -5.908 3.2319 0 0 0 
148000 453 789.822 -8588.874 -5.967 3.2166 0 0 0 
149000 457 753.3 -8591.722 -5.614 3.0496 0 0 0 
150000 458 758.234 -8600.299 -5.571 3.0926 0 0 0 
151000 460 737.773 -8594.362 -5.359 2.9976 0 0 0 
152000 462 729.777 -8589.268 -4.975 2.9803 0 0 0 
153000 463 735.181 -8593.753 -5.007 3.0175 0 0 0 
154000 464 740.478 -8592.739 -4.91 3.0198 0 0 0 
155000 466 734.735 -8595.292 -4.787 2.9805 0 0 0 
156000 467 740.04 -8598.988 -4.771 3.0023 0 0 0 
157000 468 739.239 -8609.264 -4.811 2.9956 0 0 0 
158000 471 718.776 -8608.47 -4.554 2.9186 0 0 0 
159000 472 724.4 -8614.866 -4.573 2.9296 0 0 0 
160000 474 717.834 -8616.282 -4.495 2.8895 0 0 0 
161000 475 723.477 -8619.066 -4.507 2.8972 0 0 0 
162000 478 698.473 -8617.664 -4.132 2.7738 0 0 0 
163000 479 704.503 -8619.467 -4.132 2.7895 0 0 0 
164000 480 710.413 -8623.827 -4.164 2.8121 0 0 0 
165000 485 664.134 -8583.035 -3.07 2.6017 0 0 0 
166000 488 647.165 -8570.965 -2.482 2.5111 0 0 0 
167000 489 654.222 -8578.327 -2.599 2.5291 0 0 0 
168000 490 656.037 -8583.902 -2.649 2.5336 0 0 0 
169000 492 655.376 -8587.713 -2.544 2.5274 0 0 0 
170000 493 662.269 -8599.714 -2.681 2.5637 0 0 0 
171000 494 669.023 -8589.892 -2.505 2.6111 0 0 0 
172000 495 658.343 -8584.183 -2.313 2.5652 0 0 0 
173000 497 653.493 -8584.583 -2.281 2.5379 0 0 0 
174000 498 660.423 -8590.344 -2.231 2.5563 0 0 0 
175000 499 667.214 -8592.614 -2.326 2.5871 0 0 0 
176000 500 673.87 -8590.223 -2.242 2.63 0 0 0 
177000 501 678.273 -8585.485 -2.105 2.641 0 0 0 
178000 503 679.913 -8581.74 -1.936 2.6382 0 0 0 
179000 504 686.315 -8582.016 -1.926 2.6563 0 0 0 
180000 505 692.588 -8585.22 -1.987 2.688 0 0 0 
181000 507 686.862 -8573.204 -1.67 2.6593 0 0 0 
182000 508 689.945 -8569.394 -1.604 2.6546 0 0 0 
183000 509 696.146 -8579.498 -1.63 2.6819 0 0 0 
184000 510 702.223 -8578.683 -1.684 2.7508 0 0 0 
185000 512 699.715 -8562.746 -1.367 2.773 0 0 0 
186000 514 694.466 -8564.893 -1.284 2.7518 0 0 0 
187000 515 698.497 -8571.211 -1.459 2.7641 0 0 0 
188000 517 694.116 -8576.538 -1.326 2.7433 0 0 0 
189000 518 684.954 -8574.803 -1.283 2.7008 0 0 0 
190000 520 680.39 -8574.252 -1.266 2.6729 0 0 0 
191000 521 686.782 -8573.311 -1.262 2.7211 0 0 0 
192000 522 688.806 -8584.377 -1.146 2.72 0 0 0 
193000 525 683.32 -8582.937 -1.245 2.6867 0 0 0 
194000 526 689.533 -8578.145 -1.234 2.7026 0 0 0 
195000 527 683.343 -8566.511 -0.929 2.6705 0 0 0 
196000 528 689.676 -8566.451 -0.91 2.7084 0 0 0 
197000 532 667.975 -8562.87 -0.736 2.6216 0 0 0 
198000 534 654.177 -8550.508 -0.418 2.5738 0 0 0 
199000 536 652.632 -8548.674 -0.461 2.5531 0 0 0 
200000 539 632.606 -8539.245 -0.343 2.4533 0 0 0 
201000 540 639.954 -8537.896 -0.343 2.5304 0 0 0 
202000 541 632.395 -8545.546 -0.185 2.4935 0 0 0 
203000 543 634.512 -8537.87 -0.196 2.5313 0 0 0 
204000 544 641.822 -8533.795 -0.119 2.5711 0 0 0 
205000 545 648.986 -8534.708 -0.179 2.6134 0 0 0 
206000 546 653.786 -8540.635 -0.221 2.6172 0 0 0 
207000 548 659.916 -8548.97 -0.344 2.6422 0 0 0 
208000 549 666.718 -8554.861 -0.454 2.694 0 0 0 
209000 550 673.383 -8552.37 -0.425 2.7278 0 0 0 
210000 552 655.275 -8552.374 -0.363 2.641 0 0 0 
211000 555 643.046 -8553.558 -0.579 2.5975 0 0 0 
212000 557 641.161 -8567.668 -0.667 2.5885 0 0 0 
213000 558 648.338 -8573.707 -0.726 2.6218 0 0 0 
214000 559 655.371 -8569.057 -0.709 2.6544 0 0 0 
215000 560 662.264 -8582.608 -0.805 2.6826 0 0 0 
216000 561 653.578 -8557.143 -0.36 2.6414 0 0 0 
217000 562 660.507 -8556.314 -0.396 2.6712 0 0 0 
218000 565 649.576 -8541.904 -0.201 2.6173 0 0 0 
219000 566 656.584 -8547.062 -0.251 2.6493 0 0 0 
220000 568 655.973 -8535.508 0.127 2.6259 0 0 0 
221000 569 653.894 -8513.505 0.294 2.6043 0 0 0 
222000 571 653.013 -8484.274 0.878 2.5817 0 0 0 
223000 574 637.571 -8449.845 1.623 2.4942 0 0 0 
224000 576 623.735 -8428.935 1.838 2.4256 0 0 0 
225000 579 615.888 -8403.129 2.48 2.3681 0 0 0 
226000 582 599.193 -8353.004 3.263 2.2795 0 0 0 
227000 583 590.469 -8335.155 3.425 2.2416 0 0 0 
228000 587 570.912 -8304.896 3.846 2.1379 0 0 0 
229000 588 573.674 -8290.836 3.876 2.1426 0 0 0 
230000 592 561.739 -8262.931 4.299 2.0698 0 0 0 
231000 593 557.344 -8252.01 4.399 2.0472 0 0 0 
232000 596 549.373 -8219.805 4.638 2.0248 0 0 0 
233000 599 542.789 -8184.564 4.99 1.9859 0 0 0 
234000 601 543.335 -8175.98 5.255 1.9757 0 0 0 
235000 604 530.859 -8151.953 5.435 1.9128 0 0 0 
236000 611 479.216 -8109.233 5.476 1.7039 0 0 0 
237000 619 426.405 -8055.442 5.709 1.4922 0 0 0 
238000 621 414.884 -8039.449 5.765 1.4453 0 0 0 
239000 629 384.448 -8013.161 5.418 1.3391 0 0 0 
240000 632 367.912 -7999.22 5.366 1.274 0 0 0 
241000 639 351.017 -7978.95 5.09 1.1949 0 0 0 
242000 647 316.405 -7959.671 4.694 1.0569 0 0 0 
243000 657 277.681 -7918.394 4.621 0.9108 0 0 0 
244000 666 249.917 -7884.421 4.462 0.8023 0 0 0 
245000 675 224.981 -7843.598 4.363 0.7063 0 0 0 
246000 682 214.738 -7809.847 4.418 0.6578 0 0 0 
247000 689 205.143 -7749.739 4.831 0.6148 0 0 0 
248000 690 221.04 -7760.71 4.664 0.671 0 0 0 
249000 698 205.804 -7703.627 4.96 0.6114 0 0 0 
250000 700 219.354 -7701.54 5.06 0.6663 0 0 0 
251000 706 214.38 -7661.006 5.217 0.6423 0 0 0 
252000 712 207.901 -7607.454 5.589 0.612 0 0 0 
253000 713 223.743 -7613.245 5.356 0.6733 0 0 0 
254000 715 218.901 -7595.304 5.481 0.6557 0 0 0 
255000 723 218.942 -7553.434 5.555 0.6728 0 0 0 
256000 724 234.563 -7554.268 5.331 0.7331 0 0 0 
257000 725 249.872 -7535.528 5.646 0.7767 0 0 0 
258000 726 264.875 -7539.095 5.479 0.8323 0 0 0 
259000 727 279.577 -7542.798 5.265 0.8906 0 0 0 
260000 729 287.321 -7524.519 5.347 0.9247 0 0 0 
261000 730 301.575 -7500.106 5.642 0.9752 0 0 0 
262000 732 293.724 -7481.973 5.908 0.9465 0 0 0 
263000 733 307.85 -7468.011 5.78 1.005 0 0 0 
264000 735 317.659 -7446.342 6.19 1.0391 0 0 0 
265000 736 331.306 -7449.241 6.107 1.0956 0 0 0 
266000 738 341.106 -7433.363 6.057 1.1395 0 0 0 
267000 739 348.064 -7422.705 6.092 1.1663 0 0 0 
268000 740 361.103 -7427.272 6.141 1.2073 0 0 0 
269000 741 373.881 -7429.028 5.961 1.2493 0 0 0 
270000 742 386.403 -7434.022 5.776 1.3028 0 0 0 
271000 744 392.156 -7418.452 5.748 1.3335 0 0 0 
272000 747 400.757 -7387.794 5.859 1.3782 0 0 0 
273000 748 412.742 -7389.068 5.673 1.4286 0 0 0 
274000 750 418.577 -7388.796 5.559 1.4556 0 0 0 
275000 752 417.769 -7359.274 5.759 1.4448 0 0 0 
276000 754 423.605 -7343.208 5.954 1.4567 0 0 0 
277000 758 409.785 -7288.311 6.404 1.3919 0 0 0 
278000 760 405.224 -7264.549 6.827 1.3707 0 0 0 
279000 762 415.717 -7237.939 6.937 1.4084 0 0 0 
280000 763 420.503 -7237.517 7.048 1.423 0 0 0 
281000 766 426.189 -7214.252 7.134 1.4404 0 0 0 
282000 768 412.681 -7193.435 7.066 1.3913 0 0 0 
283000 770 424.379 -7165.068 7.266 1.4322 0 0 0 
284000 772 421.266 -7142.979 7.436 1.4162 0 0 0 
285000 776 420.375 -7116.888 7.589 1.4052 0 0 0 
286000 777 431.967 -7100.467 7.759 1.4414 0 0 0 
287000 778 438.988 -7076.381 7.942 1.456 0 0 0 
288000 780 432.56 -7063.337 8.003 1.4297 0 0 0 
289000 782 444.071 -7034.553 8.057 1.4721 0 0 0 
290000 783 455.189 -7025.947 8.185 1.5073 0 0 0 
291000 784 455.265 -7016.132 8.224 1.506 0 0 0 
292000 785 466.16 -7004.797 8.204 1.5574 0 0 0 
293000 787 478.6 -6976.156 8.42 1.6119 0 0 0 
294000 788 476.048 -6960.535 8.576 1.6007 0 0 0 
295000 790 487.857 -6932.62 8.693 1.6469 0 0 0 
296000 792 492.051 -6908.553 8.955 1.6737 0 0 0 
297000 793 494.17 -6903.567 8.921 1.6767 0 0 0 
298000 794 504.286 -6895.508 8.922 1.7175 0 0 0 
299000 797 504.552 -6860.454 9.209 1.7358 0 0 0 
300000 798 502.221 -6837.878 9.38 1.7333 0 0 0 
301000 800 512.653 -6818.539 9.419 1.7852 0 0 0 
302000 802 505.158 -6782.18 9.648 1.7516 0 0 0 
303000 804 511.594 -6760.545 9.757 1.7789 0 0 0 
304000 807 501.109 -6718.838 10.047 1.7309 0 0 0 
305000 810 489.89 -6666.81 10.319 1.6839 0 0 0 
306000 811 487.052 -6650.529 10.445 1.6714 0 0 0 
307000 814 491.869 -6614.014 10.694 1.6708 0 0 0 
308000 817 483.994 -6576.902 10.968 1.6335 0 0 0 
309000 819 475.845 -6530.179 11.131 1.6119 0 0 0 
310000 824 454.813 -6477.884 11.134 1.5316 0 0 0 
311000 826 450.831 -6448.008 11.213 1.5199 0 0 0 
312000 829 451.004 -6415.41 11.406 1.5073 0 0 0 
313000 832 441.102 -6359.647 11.642 1.4636 0 0 0 
314000 833 452.28 -6351.978 11.656 1.5062 0 0 0 
315000 836 448.436 -6310.915 11.775 1.49 0 0 0 
316000 838 445.879 -6270.904 11.953 1.4757 0 0 0 
317000 841 442.799 -6236.271 12.006 1.4579 0 0 0 
318000 844 438.824 -6214.812 11.933 1.4457 0 0 0 
319000 845 444.807 -6198.58 11.763 1.4649 0 0 0 
320000 847 451.328 -6184.682 11.782 1.4812 0 0 0 
321000 848 462.301 -6173.958 11.761 1.5207 0 0 0 
322000 851 454.29 -6126.223 11.96 1.4877 0 0 0 
323000 853 452.306 -6093.467 11.996 1.4836 0 0 0 
324000 856 444.496 -6055.264 12.036 1.4626 0 0 0 
325000 859 437.005 -6015.898 12.081 1.441 0 0 0 
326000 862 432.449 -5975.208 12.15 1.4264 0 0 0 
327000 865 423.834 -5930.543 12.344 1.3951 0 0 0 
328000 866 435.358 -5912.169 12.391 1.438 0 0 0 
329000 867 446.65 -5894.328 12.456 1.4812 0 0 0 
330000 868 456.357 -5882.729 12.582 1.5175 0 0 0 
331000 869 467.23 -5870.83 12.565 1.5881 0 0 0 
332000 871 474.868 -5846.695 12.519 1.6216 0 0 0 
333000 872 473.051 -5829.416 12.577 1.6178 0 0 0 
334000 874 482.578 -5802.685 12.645 1.6514 0 0 0 
335000 876 477.809 -5773.204 12.701 1.6323 0 0 0 
336000 878 488.027 -5746.975 12.755 1.6642 0 0 0 
337000 881 479.046 -5707.938 12.857 1.6269 0 0 0 
338000 883 473.685 -5671.689 13.119 1.6036 0 0 0 
339000 884 474.211 -5656.06 13.018 1.6027 0 0 0 
340000 886 490.992 -5634.443 12.965 1.6869 0 0 0 
341000 887 501.172 -5619.398 12.957 1.726 0 0 0 
342000 890 492.341 -5587.552 13.021 1.6844 0 0 0 
343000 892 489.367 -5544.178 13.074 1.6663 0 0 0 
344000 894 483.157 -5517.687 13.243 1.6371 0 0 0 
345000 897 481.114 -5479.754 13.18 1.64 0 0 0 
346000 898 482.732 -5466.437 13.185 1.6452 0 0 0 
347000 901 484.48 -5419.679 13.264 1.6483 0 0 0 
348000 903 477.492 -5385.854 13.436 1.6159 0 0 0 
349000 905 487.423 -5365.031 13.507 1.679 0 0 0 
350000 908 476.047 -5319.344 13.473 1.6428 0 0 0 
351000 910 472.726 -5295.691 13.465 1.6429 0 0 0 
352000 913 470.993 -5271.07 13.25 1.637 0 0 0 
353000 916 464.095 -5238.147 13.164 1.6042 0 0 0 
354000 918 456.779 -5192.195 13.278 1.571 0 0 0 
355000 920 459.827 -5160.624 13.385 1.5769 0 0 0 
356000 923 458.247 -5127.92 13.443 1.5594 0 0 0 
357000 924 469.082 -5108.238 13.435 1.6042 0 0 0 
358000 925 464.66 -5099.052 13.511 1.5856 0 0 0 
359000 927 470.799 -5073.562 13.268 1.6354 0 0 0 
360000 930 473.471 -5045.345 13.257 1.6374 0 0 0 
361000 933 462.034 -4992.562 13.335 1.5891 0 0 0 
362000 935 466.138 -4972.117 13.418 1.5931 0 0 0 
363000 936 466.155 -4944.671 13.44 1.5903 0 0 0 
364000 938 470.915 -4913.181 13.533 1.6064 0 0 0 
365000 939 471.117 -4901.263 13.545 1.6035 0 0 0 
366000 942 478.33 -4858.359 13.588 1.6206 0 0 0 
367000 943 478.703 -4843.253 13.57 1.6197 0 0 0 
368000 944 489.129 -4829.876 13.58 1.6567 0 0 0 
369000 947 487.242 -4790.766 13.555 1.6656 0 0 0 
370000 948 497.497 -4774.313 13.542 1.7289 0 0 0 
371000 950 492.98 -4751.775 13.599 1.707 0 0 0 
372000 954 481.688 -4698.884 13.705 1.6505 0 0 0 
373000 956 483.464 -4680.447 13.569 1.6518 0 0 0 
374000 958 473.202 -4646.791 13.454 1.6122 0 0 0 
375000 961 468.123 -4599.984 13.498 1.5991 0 0 0 
376000 963 473.528 -4565.271 13.745 1.6053 0 0 0 
377000 967 456.318 -4509.52 13.721 1.5337 0 0 0 
378000 969 448.676 -4476.064 13.849 1.5029 0 0 0 
379000 971 460.009 -4456.147 13.786 1.5441 0 0 0 
380000 973 457.355 -4417.713 13.901 1.5285 0 0 0 
381000 974 468.208 -4407.33 13.852 1.559 0 0 0 
382000 976 470.516 -4383.046 13.781 1.56 0 0 0 
383000 978 476.524 -4363.241 13.79 1.582 0 0 0 
384000 980 473.96 -4330.0 13.692 1.5664 0 0 0 
385000 983 461.894 -4283.433 13.841 1.518 0 0 0 
386000 985 458.346 -4249.954 13.893 1.5033 0 0 0 
387000 986 469.179 -4235.061 13.931 1.537 0 0 0 
388000 988 471.361 -4201.063 14.038 1.536 0 0 0 
389000 990 482.955 -4177.236 14.074 1.5921 0 0 0 
390000 991 478.576 -4153.934 14.135 1.5741 0 0 0 
391000 994 483.747 -4112.453 14.193 1.5887 0 0 0 
392000 995 480.532 -4095.142 14.226 1.5753 0 0 0 
393000 997 488.463 -4063.438 14.276 1.6288 0 0 0 
394000 998 498.694 -4048.813 14.274 1.6636 0 0 0 
395000 1000 504.345 -4019.486 14.326 1.6744 0 0 0 
396000 1004 486.868 -3965.769 14.446 1.6035 0 0 0 
397000 1006 482.705 -3927.36 14.469 1.5849 0 0 0 
398000 1009 479.076 -3907.491 14.218 1.5647 0 0 0 
399000 1011 477.157 -3862.493 14.308 1.5648 0 0 0 
400000 1014 468.795 -3834.787 14.172 1.5336 0 0 0 
401000 1015 479.419 -3816.569 14.185 1.5872 0 0 0 
402000 1017 476.032 -3790.845 14.1 1.5705 0 0 0 
403000 1018 486.511 -3771.632 14.084 1.6065 0 0 0 
404000 1020 482.976 -3743.612 14.094 1.5905 0 0 0 
405000 1024 474.791 -3702.272 14.135 1.5655 0 0 0 
406000 1026 465.6 -3661.727 14.048 1.5354 0 0 0 
407000 1027 476.288 -3644.135 14.063 1.5721 0 0 0 
408000 1031 468.114 -3597.006 14.224 1.5333 0 0 0 
409000 1032 462.812 -3563.46 14.275 1.5129 0 0 0 
410000 1035 471.199 -3535.291 14.317 1.5354 0 0 0 
411000 1038 461.339 -3481.537 14.37 1.4941 0 0 0 
412000 1039 460.773 -3463.078 14.448 1.4895 0 0 0 
413000 1042 454.8 -3426.699 14.194 1.4673 0 0 0 
414000 1045 457.069 -3380.198 14.315 1.4799 0 0 0 
415000 1049 440.936 -3314.139 14.472 1.4254 0 0 0 
416000 1052 436.399 -3284.006 14.435 1.401 0 0 0 
417000 1053 447.671 -3265.945 14.512 1.4474 0 0 0 
418000 1055 449.009 -3230.547 14.539 1.4443 0 0 0 
419000 1057 442.431 -3185.661 14.652 1.4171 0 0 0 
420000 1061 432.393 -3129.536 14.685 1.3806 0 0 0 
421000 1065 416.892 -3083.615 14.312 1.323 0 0 0 
422000 1066 423.354 -3066.978 14.398 1.3434 0 0 0 
423000 1069 426.314 -3033.962 14.329 1.3515 0 0 0 
424000 1070 437.787 -3022.345 14.327 1.3852 0 0 0 
425000 1071 446.472 -2998.517 14.353 1.4125 0 0 0 
426000 1073 441.305 -2977.199 14.247 1.3923 0 0 0 
427000 1075 450.329 -2944.35 14.246 1.4305 0 0 0 
428000 1077 454.156 -2918.859 14.245 1.4476 0 0 0 
429000 1080 446.309 -2872.189 14.262 1.4158 0 0 0 
430000 1083 442.59 -2832.09 14.468 1.3976 0 0 0 
431000 1086 436.645 -2783.133 14.645 1.3732 0 0 0 
432000 1087 433.152 -2758.9 14.676 1.3767 0 0 0 
433000 1089 437.13 -2729.646 14.573 1.4001 0 0 0 
434000 1090 444.147 -2709.27 14.576 1.426 0 0 0 
435000 1093 454.177 -2674.679 14.734 1.4588 0 0 0 
436000 1094 451.514 -2646.971 14.709 1.4471 0 0 0 
437000 1095 459.743 -2626.489 14.765 1.4793 0 0 0 
438000 1098 462.533 -2580.696 14.884 1.4819 0 0 0 
439000 1099 473.282 -2567.681 14.911 1.5163 0 0 0 
440000 1101 479.583 -2550.438 14.826 1.5431 0 0 0 
441000 1104 466.277 -2495.464 14.761 1.4934 0 0 0 
442000 1105 464.171 -2480.865 14.793 1.4833 0 0 0 
443000 1107 467.97 -2457.225 14.684 1.5044 0 0 0 
444000 1109 477.179 -2445.126 14.714 1.5395 0 0 0 
445000 1110 476.475 -2437.519 14.224 1.5343 0 0 0 
446000 1114 474.959 -2385.5 14.119 1.5298 0 0 0 
447000 1117 467.11 -2348.678 14.185 1.4994 0 0 0 
448000 1118 472.648 -2347.664 13.841 1.5147 0 0 0 
449000 1119 482.155 -2333.187 13.803 1.5571 0 0 0 
450000 1121 489.181 -2315.123 13.839 1.5919 0 0 0 
451000 1122 499.398 -2293.611 13.843 1.6212 0 0 0 
452000 1123 509.41 -2289.094 13.78 1.6694 0 0 0 
453000 1124 505.902 -2257.801 13.861 1.6545 0 0 0 
454000 1125 515.784 -2248.155 13.857 1.6811 0 0 0 
455000 1127 526.779 -2227.797 13.689 1.7148 0 0 0 
456000 1128 536.244 -2213.346 13.688 1.7517 0 0 0 
457000 1130 530.138 -2178.951 13.768 1.7317 0 0 0 
458000 1131 537.716 -2163.467 13.808 1.7617 0 0 0 
459000 1133 542.922 -2134.337 13.843 1.7856 0 0 0 
460000 1134 538.924 -2126.881 13.932 1.7699 0 0 0 
461000 1136 546.562 -2095.277 13.825 1.8124 0 0 0 
462000 1137 543.311 -2088.761 13.836 1.7986 0 0 0 
463000 1140 541.038 -2045.603 13.678 1.7808 0 0 0 
464000 1142 538.515 -2015.486 13.831 1.7638 0 0 0 
465000 1144 539.247 -1983.701 13.828 1.7597 0 0 0 
466000 1146 540.392 -1959.856 13.81 1.7624 0 0 0 
467000 1147 536.485 -1943.052 13.82 1.7569 0 0 0 
468000 1148 545.755 -1927.926 13.821 1.8077 0 0 0 
469000 1152 538.166 -1885.894 13.892 1.7876 0 0 0 
470000 1154 535.645 -1842.789 14.027 1.7725 0 0 0 
471000 1155 534.372 -1819.593 14.068 1.7658 0 0 0 
472000 1158 530.388 -1774.113 14.089 1.7542 0 0 0 
473000 1163 501.29 -1724.346 13.882 1.6507 0 0 0 
474000 1164 511.264 -1714.556 13.85 1.6905 0 0 0 
475000 1168 489.042 -1665.812 13.646 1.616 0 0 0 
476000 1169 499.262 -1647.135 13.673 1.6715 0 0 0 
477000 1172 488.906 -1601.465 13.721 1.6262 0 0 0 
478000 1173 499.127 -1586.805 13.754 1.6858 0 0 0 
479000 1175 502.082 -1571.732 13.761 1.705 0 0 0 
480000 1176 512.04 -1560.7 13.745 1.7424 0 0 0 
481000 1177 521.12 -1547.462 13.689 1.7744 0 0 0 
482000 1179 517.212 -1504.955 13.754 1.7608 0 0 0 
483000 1180 526.868 -1497.622 13.667 1.8219 0 0 0 
484000 1181 534.751 -1480.931 13.642 1.8523 0 0 0 
485000 1183 530.027 -1452.244 13.728 1.8388 0 0 0 
486000 1185 533.338 -1428.236 13.689 1.8825 0 0 0 
487000 1186 528.271 -1408.296 13.665 1.8637 0 0 0 
488000 1187 537.705 -1397.653 13.721 1.9194 0 0 0 
489000 1190 537.718 -1352.538 13.744 1.9208 0 0 0 
490000 1192 530.236 -1322.036 13.758 1.8937 0 0 0 
491000 1194 540.498 -1305.426 13.91 1.95 0 0 0 
492000 1196 538.042 -1267.076 14.051 1.9467 0 0 0 
493000 1199 523.874 -1207.902 14.196 1.8934 0 0 0 
494000 1202 515.614 -1175.533 14.24 1.8795 0 0 0 
495000 1203 517.842 -1148.421 14.202 1.8781 0 0 0 
496000 1205 519.625 -1116.592 14.239 1.8672 0 0 0 
497000 1206 525.432 -1098.553 14.288 1.8936 0 0 0 
498000 1208 521.315 -1065.38 14.39 1.8736 0 0 0 
499000 1209 530.889 -1051.257 14.456 1.9088 0 0 0 
500000 1211 528.396 -1030.571 14.358 1.8975 0 0 0 
