1000 8 16.689 -68.797 -1.148 0.0249 0 0 0 0.0 0.0 
2000 18 32.721 -233.349 -3.954 0.0461 0 0 0 0.0 0.0 
3000 28 45.181 -303.298 -4.44 0.0671 0 0 0 0.0 0.0 
4000 37 56.322 -406.95 -5.718 0.0756 0 0 0 0.0 0.0 
5000 47 63.601 -497.257 -6.099 0.0993 0 0 0 0.0 0.0 
6000 57 70.701 -598.221 -6.863 0.103 0 0 0 0.0 0.0 
7000 67 76.242 -695.23 -7.515 0.1024 0 0 0 0.0 0.0 
8000 77 80.802 -764.431 -7.405 0.1025 0 0 0 0.0 0.0 
9000 86 84.733 -840.982 -7.459 0.1025 0 0 0 0.0 0.0 
10000 95 88.055 -927.314 -7.626 0.1052 0 0 0 0.0 0.0 
11000 103 94.703 -1052.634 -8.944 0.1098 0 0 0 0.0 0.0 
12000 113 95.627 -1149.192 -9.16 0.1083 0 0 0 0.0 0.0 
13000 123 96.651 -1250.456 -9.349 0.1064 0 0 0 0.0 0.0 
14000 134 95.942 -1382.29 -9.89 0.1037 0 0 0 0.0 0.0 
15000 144 97.272 -1503.304 -10.391 0.1029 0 0 0 0.0 0.0 
16000 152 99.562 -1676.12 -11.89 0.1115 0 0 0 0.0 0.0 
17000 162 100.323 -1840.121 -12.967 0.1571 0 0 0 0.0120657 0.1206573 
18000 172 100.529 -1914.121 -11.924 0.1824 0 0 0 0.0023609 0.0236087 
19000 182 100.861 -1981.937 -10.96 0.2099 0 0 0 0.0012402 0.0124017 
20000 192 100.293 -2061.841 -10.388 0.2505 0 0 0 0.0009492 0.0094918 
21000 201 101.056 -2119.838 -9.778 0.27 0 0 0 0.000776 0.0077601 
22000 208 106.226 -2202.992 -10.123 0.3123 0 0 0 0.0006287 0.0062874 
23000 217 107.841 -2241.772 -9.143 0.3321 0 0 0 0.0005673 0.0056727 
24000 222 117.624 -2278.522 -8.966 0.3715 0 0 0 0.0005221 0.0052207 
25000 229 121.299 -2306.231 -8.303 0.399 0 0 0 0.0004855 0.004855 
26000 236 123.611 -2389.317 -8.756 0.4093 0 0 0 0.0004752 0.0047519 
27000 242 126.521 -2432.001 -8.496 0.42 0 0 0 0.00044 0.0044004 
28000 249 130.327 -2552.421 -9.739 0.4466 0 0 0 0.0003772 0.0037724 
29000 256 132.019 -2623.057 -9.808 0.4601 0 0 0 0.0003563 0.0035627 
30000 262 133.57 -2678.845 -9.693 0.4643 0 0 0 0.0003559 0.0035585 
31000 268 139.848 -2732.699 -9.644 0.5169 0 0 0 0.000323 0.0032298 
32000 274 141.014 -2778.276 -9.424 0.5141 0 0 0 0.0003048 0.0030477 
33000 280 144.724 -2862.585 -9.858 0.5553 0 0 0 0.0002869 0.0028687 
34000 285 149.658 -2938.687 -10.577 0.605 0 0 0 0.0002789 0.0027894 
35000 290 150.304 -3017.899 -10.852 0.5976 0 0 0 0.0002618 0.0026183 
36000 296 154.838 -3110.021 -11.495 0.6039 0 0 0 0.0002443 0.0024431 
37000 300 165.638 -3145.102 -11.327 0.6422 0 0 0 0.0002485 0.0024848 
38000 304 171.268 -3163.822 -10.785 0.6511 0 0 0 0.0002353 0.0023529 
39000 308 174.962 -3196.353 -10.524 0.6533 0 0 0 0.0002385 0.0023846 
40000 312 177.397 -3202.621 -10.015 0.6528 0 0 0 0.0002137 0.0021372 
41000 315 188.384 -3246.831 -10.08 0.6931 0 0 0 0.0001963 0.0019631 
42000 319 196.439 -3243.15 -9.37 0.7164 0 0 0 0.0001907 0.0019069 
43000 320 196.491 -3234.054 -9.092 0.7147 0 0 0 0.000225 0.0022497 
44000 324 216.512 -3252.13 -8.592 0.8397 0 0 0 0.0002051 0.0020505 
45000 326 223.365 -3273.651 -8.604 0.8893 0 0 0 0.0001849 0.0018493 
46000 328 229.345 -3281.526 -8.415 0.9158 0 0 0 0.0001794 0.0017938 
47000 330 246.183 -3283.081 -8.169 0.9882 0 0 0 0.000173 0.0017301 
48000 332 254.835 -3297.071 -8.114 1.0209 0 0 0 0.0001595 0.0015948 
49000 333 261.038 -3307.762 -8.124 1.0704 0 0 0 0.0001588 0.0015876 
50000 335 278.841 -3312.098 -7.988 1.1567 0 0 0 0.0001389 0.0013892 
51000 337 290.58 -3322.559 -7.925 1.2118 0 0 0 0.0001417 0.0014173 
52000 340 294.401 -3355.601 -8.056 1.208 0 0 0 0.0001233 0.0012326 
53000 341 308.513 -3355.175 -7.819 1.2557 0 0 0 0.0001124 0.0011243 
54000 343 315.442 -3372.869 -7.938 1.2726 0 0 0 0.0001082 0.0010818 
55000 344 317.953 -3379.484 -7.958 1.2798 0 0 0 9.85e-05 0.0009854 
56000 345 331.594 -3377.046 -7.71 1.3553 0 0 0 9.1e-05 0.0009103 
57000 347 345.194 -3379.254 -7.432 1.4095 0 0 0 8.18e-05 0.0008178 
58000 349 348.951 -3396.729 -7.491 1.432 0 0 0 8.16e-05 0.0008157 
59000 351 361.744 -3416.807 -7.574 1.5011 0 0 0 6.91e-05 0.0006906 
60000 352 364.809 -3426.022 -7.537 1.5138 0 0 0 6.13e-05 0.0006131 
61000 353 374.413 -3441.586 -7.701 1.5916 0 0 0 6.03e-05 0.000603 
62000 354 386.925 -3443.58 -7.561 1.6836 0 0 0 5.42e-05 0.0005423 
63000 355 399.186 -3449.615 -7.538 1.7551 0 0 0 4.64e-05 0.000464 
64000 356 411.203 -3458.078 -7.575 1.891 0 0 0 4.15e-05 0.0004149 
65000 357 422.978 -3469.668 -7.589 1.9357 0 0 0 3.69e-05 0.0003693 
66000 358 434.039 -3489.587 -7.859 1.9753 0 0 0 3.54e-05 0.0003537 
67000 359 445.358 -3502.191 -7.884 2.0419 0 0 0 3.11e-05 0.0003114 
68000 360 456.451 -3508.763 -8.002 2.1102 0 0 0 3.05e-05 0.000305 
69000 361 467.322 -3510.754 -7.906 2.1572 0 0 0 3.37e-05 0.0003368 
70000 362 477.976 -3517.493 -7.826 2.2075 0 0 0 3.13e-05 0.0003126 
71000 363 488.416 -3520.103 -7.747 2.2579 0 0 0 2.89e-05 0.000289 
72000 364 498.648 -3530.701 -7.693 2.2981 0 0 0 2.74e-05 0.0002735 
73000 365 508.675 -3535.802 -7.746 2.3591 0 0 0 2.7e-05 0.00027 
74000 366 518.501 -3536.715 -7.652 2.4141 0 0 0 2.55e-05 0.0002555 
75000 367 528.131 -3543.831 -7.575 2.4806 0 0 0 2.17e-05 0.0002173 
76000 368 537.569 -3546.03 -7.525 2.5354 0 0 0 1.86e-05 0.0001861 
77000 369 546.817 -3549.185 -7.469 2.6485 0 0 0 1.83e-05 0.0001831 
78000 370 555.881 -3552.012 -7.328 2.6784 0 0 0 1.74e-05 0.0001739 
79000 371 564.763 -3555.772 -7.255 2.758 0 0 0 1.69e-05 0.000169 
80000 373 570.339 -3563.456 -7.173 2.7672 0 0 0 1.63e-05 0.0001628 
81000 374 578.932 -3570.464 -7.164 2.8188 0 0 0 1.63e-05 0.0001632 
82000 375 587.353 -3580.505 -7.131 2.8488 0 0 0 1.57e-05 0.0001568 
83000 377 588.714 -3588.227 -7.071 2.868 0 0 0 1.45e-05 0.0001446 
84000 378 582.14 -3593.046 -6.956 2.8293 0 0 0 1.58e-05 0.0001582 
85000 380 588.627 -3601.813 -6.942 2.8462 0 0 0 1.32e-05 0.0001317 
86000 381 596.854 -3611.401 -7.001 2.8934 0 0 0 1.27e-05 0.0001272 
87000 382 604.917 -3624.406 -7.026 2.9419 0 0 0 1.32e-05 0.0001323 
88000 383 612.819 -3627.434 -7.088 2.9862 0 0 0 1.21e-05 0.0001215 
89000 385 604.618 -3633.335 -6.858 2.9227 0 0 0 1.32e-05 0.0001323 
90000 387 605.095 -3633.774 -6.615 2.9153 0 0 0 1.26e-05 0.0001264 
91000 388 612.993 -3637.545 -6.552 2.9449 0 0 0 1.24e-05 0.0001243 
92000 390 611.379 -3644.018 -6.417 2.9476 0 0 0 1.19e-05 0.000119 
93000 391 619.151 -3646.071 -6.328 2.9893 0 0 0 1.23e-05 0.0001231 
94000 394 594.051 -3649.134 -6.014 2.8609 0 0 0 1.28e-05 0.0001278 
95000 395 595.73 -3663.552 -5.958 2.8672 0 0 0 1.28e-05 0.0001279 
96000 396 603.815 -3671.574 -6.109 2.9295 0 0 0 1.25e-05 0.0001249 
97000 397 611.739 -3675.627 -6.053 2.9784 0 0 0 1.16e-05 0.0001157 
98000 398 619.504 -3683.835 -6.068 3.0341 0 0 0 1.13e-05 0.0001126 
99000 401 611.662 -3685.656 -5.859 2.9798 0 0 0 1.12e-05 0.0001121 
100000 402 619.429 -3690.377 -5.922 3.0035 0 0 0 1.08e-05 0.0001077 
101000 404 619.46 -3697.141 -5.781 2.9908 0 0 0 1.16e-05 0.0001158 
102000 405 617.37 -3710.925 -5.824 2.9727 0 0 0 1.13e-05 0.0001133 
103000 407 618.422 -3712.681 -5.719 2.9611 0 0 0 1.08e-05 0.000108 
104000 409 617.253 -3728.04 -5.812 2.9597 0 0 0 1.09e-05 0.0001087 
105000 413 589.021 -3741.985 -5.598 2.804 0 0 0 1.09e-05 0.0001089 
106000 414 597.24 -3750.006 -5.669 2.8727 0 0 0 1.07e-05 0.0001069 
107000 415 605.295 -3760.668 -5.798 2.9407 0 0 0 1e-05 9.95e-05 
108000 417 601.351 -3776.532 -5.874 2.9203 0 0 0 1.01e-05 0.0001012 
109000 420 575.025 -3783.641 -5.619 2.7756 0 0 0 1.1e-05 0.0001098 
110000 421 583.524 -3795.622 -5.637 2.8162 0 0 0 1.04e-05 0.0001042 
111000 422 591.854 -3794.451 -5.606 2.8472 0 0 0 1.05e-05 0.0001046 
112000 423 600.017 -3810.982 -5.656 2.898 0 0 0 9.9e-06 9.88e-05 
113000 426 592.627 -3810.942 -5.56 2.8426 0 0 0 1.3e-05 0.0001296 
114000 427 588.355 -3815.803 -5.511 2.8129 0 0 0 1.18e-05 0.0001176 
115000 429 593.616 -3829.855 -5.474 2.8084 0 0 0 1.11e-05 0.0001106 
116000 432 585.145 -3838.39 -5.411 2.762 0 0 0 1.15e-05 0.0001148 
117000 433 582.122 -3841.465 -5.35 2.7351 0 0 0 1.1e-05 0.0001099 
118000 436 578.318 -3855.064 -5.323 2.7092 0 0 0 1.07e-05 0.0001067 
119000 437 586.752 -3862.141 -5.333 2.7802 0 0 0 1.06e-05 0.0001056 
120000 438 580.636 -3868.73 -5.24 2.7428 0 0 0 9.6e-06 9.61e-05 
121000 441 579.066 -3885.113 -5.435 2.7561 0 0 0 9.8e-06 9.82e-05 
122000 443 576.396 -3897.95 -5.42 2.7297 0 0 0 9.3e-06 9.27e-05 
123000 444 584.868 -3907.314 -5.479 2.7633 0 0 0 9.4e-06 9.45e-05 
124000 446 570.724 -3917.752 -5.453 2.6811 0 0 0 1e-05 0.0001003 
125000 447 579.31 -3917.543 -5.414 2.7506 0 0 0 8.9e-06 8.94e-05 
126000 448 587.723 -3926.777 -5.359 2.7797 0 0 0 9.9e-06 9.86e-05 
127000 449 595.969 -3936.124 -5.421 2.8058 0 0 0 8.9e-06 8.95e-05 
128000 451 594.209 -3948.775 -5.473 2.7939 0 0 0 1.05e-05 0.0001054 
129000 452 597.024 -3962.65 -5.585 2.7889 0 0 0 9.5e-06 9.46e-05 
130000 454 596.542 -3964.609 -5.507 2.7867 0 0 0 9.7e-06 9.69e-05 
131000 457 588.759 -3964.941 -5.203 2.7327 0 0 0 9.2e-06 9.2e-05 
132000 458 596.984 -3967.721 -5.227 2.7857 0 0 0 9.3e-06 9.25e-05 
133000 459 605.044 -3956.674 -4.913 2.82 0 0 0 1.62e-05 0.0001621 
134000 461 603.345 -3960.25 -4.72 2.8748 0 0 0 1.34e-05 0.0001343 
135000 462 611.278 -3961.97 -4.651 2.9357 0 0 0 1.27e-05 0.0001274 
136000 463 604.732 -3962.631 -4.578 2.911 0 0 0 1.18e-05 0.0001179 
137000 464 612.637 -3972.963 -4.565 2.9735 0 0 0 1.29e-05 0.000129 
138000 465 620.385 -3973.549 -4.649 3.0094 0 0 0 1.06e-05 0.000106 
139000 466 627.977 -3983.864 -4.597 3.0711 0 0 0 1.13e-05 0.0001135 
140000 467 635.417 -3988.493 -4.662 3.0871 0 0 0 1.16e-05 0.0001163 
141000 468 641.869 -4000.395 -4.771 3.1135 0 0 0 1.18e-05 0.0001175 
142000 469 649.032 -4002.015 -4.723 3.129 0 0 0 1.12e-05 0.0001122 
143000 470 656.051 -4006.506 -4.794 3.153 0 0 0 1.11e-05 0.0001112 
144000 471 662.93 -4004.289 -4.707 3.2076 0 0 0 1.18e-05 0.0001175 
145000 472 666.711 -3987.117 -4.5 3.2289 0 0 0 1.92e-05 0.0001917 
146000 473 673.377 -3979.244 -4.142 3.259 0 0 0 1.95e-05 0.0001945 
147000 474 679.91 -3974.839 -3.872 3.2724 0 0 0 3.11e-05 0.0003109 
148000 475 686.312 -3982.937 -3.718 3.2801 0 0 0 2.84e-05 0.000284 
149000 481 642.95 -3975.922 -3.278 3.0325 0 0 0 2.56e-05 0.0002564 
150000 482 636.291 -3983.869 -3.281 2.9915 0 0 0 2.21e-05 0.0002212 
151000 483 642.465 -3984.581 -3.604 3.0087 0 0 0 3.03e-05 0.0003027 
152000 486 636.066 -3969.782 -2.933 2.9452 0 0 0 3.45e-05 0.0003449 
153000 487 640.264 -3975.944 -2.998 2.9472 0 0 0 3.25e-05 0.0003252 
154000 488 647.459 -3959.456 -2.869 2.9763 0 0 0 2.97e-05 0.0002969 
155000 490 644.2 -3954.825 -2.357 2.9524 0 0 0 2.71e-05 0.0002706 
156000 492 626.245 -3945.014 -2.137 2.8581 0 0 0 3.12e-05 0.0003123 
157000 493 633.72 -3942.713 -1.975 2.8854 0 0 0 3.16e-05 0.0003155 
158000 496 624.769 -3924.978 -1.663 2.8541 0 0 0 2.9e-05 0.0002904 
159000 497 632.274 -3935.588 -1.657 2.8977 0 0 0 2.93e-05 0.0002931 
160000 498 631.028 -3943.284 -1.886 2.8856 0 0 0 2.85e-05 0.0002852 
161000 502 615.374 -3916.479 -1.102 2.7944 0 0 0 3.44e-05 0.0003438 
162000 504 605.692 -3902.411 -0.92 2.7388 0 0 0 3.41e-05 0.000341 
163000 506 600.497 -3901.223 -0.782 2.7006 0 0 0 3.41e-05 0.0003413 
164000 508 602.344 -3909.711 -0.862 2.6985 0 0 0 3.2e-05 0.0003197 
165000 509 592.378 -3906.067 -0.755 2.655 0 0 0 3.09e-05 0.0003093 
166000 511 604.939 -3887.053 -0.592 2.7386 0 0 0 3.22e-05 0.0003219 
167000 512 600.841 -3889.361 -0.371 2.7291 0 0 0 2.7e-05 0.0002703 
168000 514 598.247 -3868.221 -0.173 2.735 0 0 0 2.45e-05 0.0002447 
169000 515 606.282 -3862.724 0.015 2.7546 0 0 0 2.52e-05 0.000252 
170000 516 614.157 -3853.746 0.152 2.79 0 0 0 2.31e-05 0.0002312 
171000 517 616.554 -3850.892 0.317 2.8302 0 0 0 2.28e-05 0.0002276 
172000 518 624.223 -3854.65 0.337 2.9055 0 0 0 1.87e-05 0.0001874 
173000 520 629.383 -3827.651 0.553 2.9148 0 0 0 2.01e-05 0.0002009 
174000 521 629.176 -3824.155 0.853 2.9074 0 0 0 1.84e-05 0.0001843 
175000 523 632.86 -3811.81 0.895 2.9277 0 0 0 1.92e-05 0.0001917 
176000 524 631.883 -3803.58 1.169 2.9275 0 0 0 1.82e-05 0.0001823 
177000 526 636.861 -3792.141 1.298 2.941 0 0 0 1.75e-05 0.0001745 
178000 527 644.123 -3792.979 1.243 2.9638 0 0 0 1.33e-05 0.0001335 
179000 528 647.921 -3778.575 1.476 2.9619 0 0 0 1.18e-05 0.0001182 
180000 530 639.436 -3769.705 1.677 2.9132 0 0 0 1.15e-05 0.0001152 
181000 531 645.268 -3766.729 1.718 2.9539 0 0 0 1.06e-05 0.0001059 
182000 532 652.362 -3764.825 1.65 3.0022 0 0 0 1.04e-05 0.0001036 
183000 533 656.475 -3760.513 1.72 3.0235 0 0 0 9.2e-06 9.25e-05 
184000 534 660.286 -3760.968 1.833 3.0397 0 0 0 9.1e-06 9.07e-05 
185000 535 667.08 -3762.754 1.71 3.0548 0 0 0 8.2e-06 8.23e-05 
186000 537 670.304 -3743.998 1.943 3.0571 0 0 0 9.1e-06 9.15e-05 
187000 538 676.897 -3736.112 1.859 3.1066 0 0 0 8e-06 8.01e-05 
188000 539 682.239 -3724.59 2.155 3.1204 0 0 0 8.4e-06 8.38e-05 
189000 542 669.404 -3699.126 2.742 3.0423 0 0 0 9e-06 8.98e-05 
190000 543 667.916 -3674.064 2.977 3.0283 0 0 0 8e-06 7.99e-05 
191000 544 664.518 -3660.429 3.161 3.0124 0 0 0 7.3e-06 7.34e-05 
192000 546 670.263 -3637.024 3.518 3.0502 0 0 0 7.5e-06 7.46e-05 
193000 547 676.858 -3625.01 3.508 3.0967 0 0 0 8.2e-06 8.19e-05 
194000 550 658.37 -3593.816 4.09 2.9838 0 0 0 9.2e-06 9.24e-05 
195000 551 665.203 -3578.481 4.281 3.0194 0 0 0 1.06e-05 0.0001063 
196000 552 669.559 -3575.443 4.327 3.0377 0 0 0 1.1e-05 0.0001102 
197000 553 667.468 -3562.764 4.446 3.0142 0 0 0 8.9e-06 8.89e-05 
198000 554 674.118 -3551.35 4.573 3.0605 0 0 0 9.9e-06 9.89e-05 
199000 556 675.043 -3523.889 4.948 3.072 0 0 0 1.03e-05 0.000103 
200000 558 669.242 -3501.987 5.24 3.0282 0 0 0 1.01e-05 0.0001014 
201000 560 662.286 -3473.076 5.532 2.9952 0 0 0 1.08e-05 0.0001077 
202000 561 662.2 -3469.226 5.662 2.9918 0 0 0 1.1e-05 0.00011 
203000 564 651.729 -3519.994 4.213 2.9243 0 0 0 3e-05 0.0003001 
204000 567 624.292 -3527.074 3.946 2.8108 0 0 0 2.53e-05 0.0002527 
205000 568 631.806 -3518.518 3.855 2.8695 0 0 0 2.08e-05 0.0002084 
206000 570 634.807 -3496.534 4.098 2.8582 0 0 0 2.04e-05 0.0002042 
207000 571 637.411 -3478.225 4.389 2.8556 0 0 0 2.03e-05 0.0002028 
208000 574 627.723 -3454.119 4.862 2.7966 0 0 0 2.08e-05 0.0002081 
209000 576 621.907 -3439.206 4.892 2.7501 0 0 0 1.96e-05 0.0001959 
210000 577 626.889 -3415.896 5.162 2.7589 0 0 0 2.02e-05 0.0002017 
211000 581 601.216 -3381.3 5.602 2.6189 0 0 0 1.97e-05 0.0001966 
212000 583 596.532 -3355.513 5.874 2.6319 0 0 0 1.89e-05 0.0001885 
213000 584 599.741 -3341.628 5.932 2.6728 0 0 0 2.03e-05 0.0002031 
214000 586 598.402 -3317.702 6.076 2.7868 0 0 0 2.03e-05 0.0002032 
215000 589 583.945 -3288.1 6.352 2.8496 0 0 0 1.99e-05 0.0001992 
216000 591 579.017 -3268.852 6.438 2.8296 0 0 0 1.91e-05 0.0001913 
217000 592 587.097 -3264.897 6.406 2.8692 0 0 0 1.83e-05 0.0001831 
218000 594 579.479 -3236.009 6.785 2.8184 0 0 0 1.85e-05 0.0001845 
219000 595 580.39 -3221.265 6.826 2.8184 0 0 0 1.69e-05 0.0001693 
220000 597 584.726 -3193.308 7.106 2.809 0 0 0 1.4e-05 0.0001397 
221000 598 581.772 -3182.794 7.253 2.787 0 0 0 1.24e-05 0.0001242 
222000 601 581.206 -3140.83 7.612 2.7717 0 0 0 1.32e-05 0.0001315 
223000 603 577.882 -3110.637 7.885 2.7465 0 0 0 1.17e-05 0.0001169 
224000 604 573.465 -3093.881 8.053 2.7163 0 0 0 1.2e-05 0.0001197 
225000 607 575.602 -3067.977 8.317 2.7032 0 0 0 1.18e-05 0.0001176 
226000 609 571.636 -3028.535 8.709 2.6654 0 0 0 1.06e-05 0.0001063 
227000 611 566.239 -2999.331 8.817 2.6227 0 0 0 9.2e-06 9.18e-05 
228000 613 565.018 -2974.683 9.033 2.5924 0 0 0 8.4e-06 8.37e-05 
229000 614 563.618 -2955.234 9.205 2.5735 0 0 0 8.3e-06 8.33e-05 
230000 618 550.714 -2909.925 9.583 2.4827 0 0 0 8.1e-06 8.07e-05 
231000 619 551.859 -2882.738 9.535 2.4788 0 0 0 9.1e-06 9.09e-05 
232000 620 551.122 -2865.116 9.709 2.466 0 0 0 8.9e-06 8.88e-05 
233000 623 552.716 -2824.907 10.064 2.4675 0 0 0 8.4e-06 8.41e-05 
234000 625 552.674 -2809.852 10.092 2.4911 0 0 0 7.5e-06 7.53e-05 
235000 627 550.023 -2779.519 10.299 2.515 0 0 0 7.7e-06 7.66e-05 
236000 628 550.163 -2750.017 10.433 2.5446 0 0 0 7.6e-06 7.58e-05 
237000 630 552.517 -2728.0 10.603 2.5868 0 0 0 7.3e-06 7.33e-05 
238000 631 561.186 -2719.604 10.5 2.6537 0 0 0 7.4e-06 7.41e-05 
239000 633 561.034 -2688.601 10.677 2.7503 0 0 0 6.8e-06 6.8e-05 
240000 635 555.983 -2656.849 10.821 2.7065 0 0 0 7.1e-06 7.09e-05 
241000 638 549.487 -2624.044 11.13 2.6703 0 0 0 7.3e-06 7.25e-05 
242000 639 547.557 -2594.756 11.3 2.6733 0 0 0 7e-06 7.01e-05 
243000 642 540.555 -2537.487 11.64 2.7934 0 0 0 8.7e-06 8.68e-05 
244000 644 539.514 -2506.932 11.859 2.8916 0 0 0 8.3e-06 8.28e-05 
245000 647 531.405 -2473.829 12.102 2.8773 0 0 0 7.5e-06 7.52e-05 
246000 649 527.255 -2430.237 12.265 2.8664 0 0 0 7.9e-06 7.92e-05 
247000 651 525.192 -2393.329 12.455 2.8867 0 0 0 7.6e-06 7.57e-05 
248000 654 514.92 -2350.329 12.609 2.8031 0 0 0 7.1e-06 7.09e-05 
249000 655 517.501 -2335.341 12.59 2.8189 0 0 0 6.9e-06 6.88e-05 
250000 658 516.922 -2303.682 12.706 2.7824 0 0 0 6.9e-06 6.93e-05 
251000 661 501.446 -2249.217 12.816 2.6683 0 0 0 7.1e-06 7.08e-05 
252000 664 495.863 -2221.282 12.906 2.5952 0 0 0 6.7e-06 6.68e-05 
253000 665 492.626 -2190.709 12.877 2.5657 0 0 0 6.7e-06 6.7e-05 
254000 666 497.634 -2177.121 12.943 2.5638 0 0 0 7.3e-06 7.34e-05 
255000 670 490.68 -2110.682 13.149 2.501 0 0 0 7.4e-06 7.42e-05 
256000 672 486.98 -2079.639 13.24 2.4631 0 0 0 6.6e-06 6.56e-05 
257000 675 480.862 -2031.741 13.454 2.4568 0 0 0 6.3e-06 6.34e-05 
258000 680 459.079 -1967.863 13.64 2.3563 0 0 0 6.8e-06 6.76e-05 
259000 681 453.777 -1942.54 13.656 2.3228 0 0 0 6.7e-06 6.71e-05 
260000 684 459.242 -1885.22 13.832 2.3393 0 0 0 6e-06 6.01e-05 
261000 687 451.561 -1836.973 14.108 2.2832 0 0 0 6.7e-06 6.66e-05 
262000 691 433.142 -1782.884 13.917 2.1761 0 0 0 7.6e-06 7.63e-05 
263000 694 429.318 -1733.777 14.168 2.1276 0 0 0 7.7e-06 7.74e-05 
264000 698 419.256 -1680.029 14.261 2.0477 0 0 0 8e-06 8.03e-05 
265000 699 416.471 -1655.01 14.338 2.0242 0 0 0 8.5e-06 8.5e-05 
266000 702 425.465 -1617.976 14.42 2.0239 0 0 0 8.2e-06 8.17e-05 
267000 703 435.235 -1588.996 14.504 2.0438 0 0 0 7.9e-06 7.9e-05 
268000 704 444.351 -1569.373 14.559 2.0623 0 0 0 8e-06 7.96e-05 
269000 708 433.656 -1521.84 14.703 1.977 0 0 0 9.3e-06 9.34e-05 
270000 713 411.294 -1445.896 14.669 1.8451 0 0 0 1e-05 9.98e-05 
271000 715 408.466 -1393.613 14.785 1.8129 0 0 0 1.05e-05 0.0001045 
272000 718 410.402 -1363.276 14.866 1.8156 0 0 0 9.3e-06 9.34e-05 
273000 723 389.144 -1284.967 14.821 1.7055 0 0 0 1.13e-05 0.0001127 
274000 726 381.7 -1218.81 15.048 1.6746 0 0 0 1.17e-05 0.0001168 
275000 729 382.979 -1184.983 15.115 1.6725 0 0 0 1.06e-05 0.0001062 
276000 731 382.645 -1136.222 15.117 1.72 0 0 0 1.06e-05 0.0001062 
277000 734 380.805 -1097.549 15.13 1.7055 0 0 0 1.3e-05 0.0001302 
278000 737 378.831 -1044.69 15.262 1.6776 0 0 0 1.28e-05 0.0001283 
279000 740 376.248 -994.788 15.39 1.6672 0 0 0 1.08e-05 0.0001083 
280000 743 374.286 -955.06 15.254 1.6448 0 0 0 1.22e-05 0.0001219 
281000 747 362.288 -899.364 15.066 1.5728 0 0 0 1.2e-05 0.0001201 
282000 750 363.201 -854.232 15.126 1.5682 0 0 0 1.3e-05 0.0001296 
283000 751 375.937 -842.239 15.123 1.6096 0 0 0 1.15e-05 0.0001154 
284000 752 388.418 -827.061 15.113 1.6583 0 0 0 1.21e-05 0.0001214 
285000 753 400.65 -808.763 15.151 1.7179 0 0 0 1.02e-05 0.0001018 
286000 755 401.491 -771.488 15.167 1.7149 0 0 0 9.7e-06 9.67e-05 
287000 761 377.133 -683.999 15.113 1.5921 0 0 0 9.3e-06 9.29e-05 
288000 763 378.648 -655.754 15.149 1.5977 0 0 0 9.2e-06 9.15e-05 
289000 766 381.707 -623.616 15.175 1.6149 0 0 0 9.8e-06 9.76e-05 
290000 767 394.073 -609.629 15.163 1.6597 0 0 0 8.9e-06 8.92e-05 
291000 769 388.73 -571.006 15.027 1.6267 0 0 0 8.2e-06 8.2e-05 
292000 771 399.495 -539.453 15.027 1.6595 0 0 0 8.8e-06 8.76e-05 
293000 772 411.505 -523.375 15.093 1.7046 0 0 0 7.8e-06 7.75e-05 
294000 775 408.625 -475.512 15.282 1.6795 0 0 0 7.5e-06 7.49e-05 
295000 777 404.904 -435.169 15.383 1.658 0 0 0 7.7e-06 7.75e-05 
296000 778 409.626 -416.029 15.324 1.6843 0 0 0 7.8e-06 7.79e-05 
297000 779 421.434 -405.0 15.355 1.7442 0 0 0 6.7e-06 6.73e-05 
298000 781 436.847 -370.831 15.349 1.8216 0 0 0 6.4e-06 6.44e-05 
299000 782 434.05 -354.738 15.362 1.8069 0 0 0 6.3e-06 6.31e-05 
300000 785 443.218 -313.443 15.337 1.827 0 0 0 6.2e-06 6.19e-05 
301000 788 437.134 -264.805 15.433 1.8107 0 0 0 5.8e-06 5.83e-05 
302000 792 420.985 -196.509 15.451 1.7326 0 0 0 6.2e-06 6.24e-05 
303000 793 432.566 -179.672 15.486 1.9161 0 0 0 5.7e-06 5.68e-05 
304000 797 417.028 -116.912 15.451 2.009 0 0 0 5.7e-06 5.66e-05 
305000 801 402.463 -53.813 15.495 1.9814 0 0 0 6.4e-06 6.36e-05 
306000 803 412.425 -36.121 15.577 2.0768 0 0 0 7e-06 6.99e-05 
307000 807 400.25 37.698 15.755 1.9765 0 0 0 6.4e-06 6.4e-05 
308000 810 394.062 101.895 15.862 1.9151 0 0 0 6.3e-06 6.31e-05 
309000 811 394.62 120.661 15.855 1.9097 0 0 0 6.8e-06 6.84e-05 
310000 814 404.361 152.598 15.83 1.9207 0 0 0 6.3e-06 6.3e-05 
311000 817 397.371 214.62 15.886 1.8672 0 0 0 6.1e-06 6.1e-05 
312000 819 389.374 244.735 15.768 1.8539 0 0 0 6.5e-06 6.5e-05 
313000 821 403.776 274.4 15.772 1.8956 0 0 0 6.8e-06 6.83e-05 
314000 822 401.421 294.521 15.778 1.8773 0 0 0 6.8e-06 6.85e-05 
315000 826 403.853 356.645 15.859 1.879 0 0 0 8e-06 8.03e-05 
316000 829 398.39 410.897 15.973 1.8359 0 0 0 8.7e-06 8.71e-05 
317000 831 394.829 446.805 16.001 1.8037 0 0 0 8.6e-06 8.59e-05 
318000 832 401.272 467.155 16.046 1.8224 0 0 0 8.3e-06 8.31e-05 
319000 833 413.247 483.289 16.116 1.8528 0 0 0 7.7e-06 7.67e-05 
320000 837 418.031 535.632 16.169 1.8366 0 0 0 7e-06 7.04e-05 
321000 840 412.835 579.651 16.12 1.7935 0 0 0 6.8e-06 6.78e-05 
322000 841 424.579 596.803 16.099 1.8302 0 0 0 6.1e-06 6.05e-05 
323000 844 414.874 660.38 16.147 1.7733 0 0 0 7e-06 6.96e-05 
324000 848 404.763 726.805 16.302 1.7349 0 0 0 6.8e-06 6.8e-05 
325000 850 399.747 768.832 16.359 1.7269 0 0 0 6.2e-06 6.21e-05 
326000 855 390.929 812.483 15.956 1.6895 0 0 0 7.5e-06 7.47e-05 
327000 856 388.53 850.311 15.981 1.6759 0 0 0 6.6e-06 6.56e-05 
328000 859 395.432 905.83 16.116 1.6855 0 0 0 6.4e-06 6.41e-05 
329000 861 403.317 924.979 16.204 1.7122 0 0 0 5.5e-06 5.54e-05 
330000 862 415.251 938.826 16.155 1.7654 0 0 0 6.6e-06 6.63e-05 
331000 864 415.344 985.668 16.13 1.7985 0 0 0 6.6e-06 6.64e-05 
332000 865 422.037 997.161 16.155 1.8436 0 0 0 5e-06 5.03e-05 
333000 868 421.016 1043.528 16.012 1.8387 0 0 0 5.2e-06 5.24e-05 
334000 870 421.321 1076.938 16.052 1.8295 0 0 0 5.5e-06 5.55e-05 
335000 874 414.596 1130.574 16.157 1.7777 0 0 0 5.3e-06 5.31e-05 
336000 876 414.976 1138.228 15.447 1.7621 0 0 0 1.23e-05 0.0001229 
337000 878 416.515 1172.279 15.434 1.7539 0 0 0 9.1e-06 9.08e-05 
338000 881 415.638 1209.267 15.506 1.7322 0 0 0 1.09e-05 0.0001088 
339000 883 414.876 1248.97 15.43 1.7207 0 0 0 1.08e-05 0.0001084 
340000 886 409.854 1291.423 15.373 1.6867 0 0 0 9.5e-06 9.46e-05 
341000 888 415.925 1324.801 15.428 1.707 0 0 0 1.12e-05 0.0001118 
342000 893 391.664 1395.872 15.332 1.5904 0 0 0 1.03e-05 0.0001031 
343000 897 385.244 1448.461 15.361 1.5499 0 0 0 9.7e-06 9.72e-05 
344000 900 378.636 1502.143 15.257 1.5157 0 0 0 1.11e-05 0.0001113 
345000 902 374.119 1539.81 15.355 1.5164 0 0 0 9.4e-06 9.38e-05 
346000 906 375.044 1597.137 15.342 1.5426 0 0 0 9.3e-06 9.26e-05 
347000 907 372.563 1616.846 15.363 1.5342 0 0 0 1.01e-05 0.0001011 
348000 910 378.882 1658.699 15.358 1.5653 0 0 0 9.1e-06 9.09e-05 
349000 911 387.944 1676.367 15.297 1.6097 0 0 0 9.4e-06 9.45e-05 
350000 912 396.585 1695.586 15.367 1.6652 0 0 0 9.7e-06 9.68e-05 
351000 914 413.441 1727.046 15.491 1.7151 0 0 0 9.9e-06 9.91e-05 
352000 915 425.172 1744.077 15.545 1.7528 0 0 0 1.01e-05 0.0001006 
353000 919 412.379 1804.438 15.63 1.6819 0 0 0 7.7e-06 7.75e-05 
354000 922 409.127 1846.266 15.654 1.655 0 0 0 7.3e-06 7.34e-05 
355000 924 412.828 1879.785 15.702 1.6666 0 0 0 7.3e-06 7.34e-05 
356000 926 410.067 1926.611 15.719 1.6611 0 0 0 7.5e-06 7.52e-05 
357000 928 418.969 1942.565 15.633 1.7127 0 0 0 6.9e-06 6.9e-05 
358000 931 414.382 1979.896 15.529 1.6793 0 0 0 7.9e-06 7.91e-05 
359000 933 413.478 2022.722 15.464 1.677 0 0 0 7.3e-06 7.28e-05 
360000 935 408.917 2052.537 15.478 1.6485 0 0 0 7.3e-06 7.32e-05 
361000 937 417.964 2083.076 15.415 1.6757 0 0 0 6.3e-06 6.28e-05 
362000 938 429.605 2099.935 15.428 1.713 0 0 0 6e-06 5.97e-05 
363000 940 430.241 2126.687 15.463 1.7061 0 0 0 6.3e-06 6.32e-05 
364000 942 440.283 2151.257 15.343 1.7732 0 0 0 6.8e-06 6.79e-05 
365000 944 430.652 2185.274 15.26 1.7333 0 0 0 6.3e-06 6.32e-05 
366000 945 442.039 2201.198 15.271 1.8007 0 0 0 6.5e-06 6.53e-05 
367000 947 454.674 2235.007 15.28 1.8554 0 0 0 5.9e-06 5.91e-05 
368000 950 450.105 2276.936 15.536 1.827 0 0 0 5.8e-06 5.83e-05 
369000 952 444.619 2322.267 15.609 1.7988 0 0 0 5.9e-06 5.94e-05 
370000 953 455.727 2332.474 15.599 1.8474 0 0 0 6.2e-06 6.22e-05 
371000 955 462.06 2347.99 15.226 1.8814 0 0 0 8e-06 8e-05 
372000 957 455.642 2383.645 15.223 1.8496 0 0 0 7.9e-06 7.92e-05 
373000 959 455.782 2413.574 15.216 1.8502 0 0 0 7.5e-06 7.49e-05 
374000 961 463.343 2447.986 15.374 1.9223 0 0 0 7.5e-06 7.53e-05 
375000 963 470.835 2461.309 15.233 1.9713 0 0 0 6.5e-06 6.45e-05 
376000 966 459.196 2519.891 15.279 1.9156 0 0 0 6.3e-06 6.34e-05 
377000 969 455.431 2532.954 14.91 1.8886 0 0 0 9.2e-06 9.15e-05 
378000 970 460.022 2563.169 14.866 1.9372 0 0 0 8.8e-06 8.8e-05 
379000 972 466.226 2583.628 14.87 1.977 0 0 0 8.2e-06 8.21e-05 
380000 973 465.061 2604.095 14.86 1.9686 0 0 0 7.9e-06 7.9e-05 
381000 975 473.705 2640.339 14.933 2.0313 0 0 0 6.9e-06 6.91e-05 
382000 976 484.231 2657.502 14.945 2.0977 0 0 0 6.4e-06 6.44e-05 
383000 979 472.16 2709.199 15.053 2.0326 0 0 0 6.8e-06 6.78e-05 
384000 981 472.323 2732.36 15.202 2.0381 0 0 0 6.7e-06 6.7e-05 
385000 983 470.052 2765.514 14.973 2.0238 0 0 0 7.2e-06 7.2e-05 
386000 984 480.651 2774.548 15.06 2.0849 0 0 0 9.1e-06 9.09e-05 
387000 985 491.038 2781.78 14.858 2.1499 0 0 0 1.16e-05 0.0001162 
388000 987 496.871 2811.055 14.728 2.1751 0 0 0 1.16e-05 0.0001156 
389000 990 489.149 2855.673 14.746 2.1249 0 0 0 1.18e-05 0.0001179 
390000 992 487.235 2887.223 14.801 2.1325 0 0 0 9.8e-06 9.83e-05 
391000 995 486.282 2900.979 14.583 2.1964 0 0 0 1.06e-05 0.0001062 
392000 998 476.365 2954.232 14.547 2.1763 0 0 0 1.08e-05 0.0001077 
393000 1000 467.999 2998.217 14.609 2.1458 0 0 0 9.6e-06 9.56e-05 
394000 1003 465.304 3045.974 14.752 2.1231 0 0 0 9.7e-06 9.65e-05 
395000 1005 463.594 3078.952 14.91 2.1057 0 0 0 1.21e-05 0.0001214 
396000 1006 464.082 3085.852 14.854 2.1042 0 0 0 1.69e-05 0.0001692 
397000 1008 478.504 3102.205 14.453 2.1588 0 0 0 1.32e-05 0.0001319 
398000 1009 488.934 3121.443 14.44 2.231 0 0 0 1.25e-05 0.0001248 
399000 1011 493.661 3127.046 14.33 2.252 0 0 0 1.32e-05 0.0001315 
400000 1012 497.788 3144.399 14.161 2.2687 0 0 0 1.34e-05 0.0001337 
401000 1014 496.85 3164.568 14.033 2.2531 0 0 0 1.37e-05 0.0001366 
402000 1018 483.028 3227.307 14.11 2.1662 0 0 0 1.17e-05 0.0001167 
403000 1019 478.948 3249.523 14.166 2.1414 0 0 0 1.12e-05 0.0001116 
404000 1023 472.643 3314.409 14.402 2.0995 0 0 0 9.8e-06 9.83e-05 
405000 1024 483.19 3334.456 14.459 2.1463 0 0 0 1.07e-05 0.0001071 
406000 1025 491.586 3354.714 14.582 2.1958 0 0 0 1.03e-05 0.0001031 
407000 1026 501.755 3365.023 14.612 2.2301 0 0 0 9.2e-06 9.16e-05 
408000 1028 499.272 3394.859 14.582 2.2359 0 0 0 8.2e-06 8.19e-05 
409000 1030 502.125 3420.843 14.574 2.2707 0 0 0 8e-06 7.97e-05 
410000 1032 499.469 3449.844 14.515 2.2528 0 0 0 7.7e-06 7.65e-05 
411000 1035 497.008 3472.126 14.327 2.2442 0 0 0 7.5e-06 7.48e-05 
412000 1037 490.294 3518.677 14.426 2.2035 0 0 0 6.3e-06 6.26e-05 
413000 1040 485.593 3561.783 14.513 2.1892 0 0 0 5.8e-06 5.81e-05 
414000 1043 475.602 3613.208 14.583 2.1485 0 0 0 5.5e-06 5.54e-05 
415000 1044 473.47 3626.596 14.623 2.1376 0 0 0 5.8e-06 5.82e-05 
416000 1045 484.0 3636.181 14.556 2.1866 0 0 0 5.9e-06 5.88e-05 
417000 1047 496.134 3665.871 14.476 2.2216 0 0 0 5.9e-06 5.93e-05 
418000 1050 483.819 3709.546 14.54 2.1466 0 0 0 5.2e-06 5.19e-05 
419000 1053 480.387 3759.851 14.646 2.1027 0 0 0 5.3e-06 5.31e-05 
420000 1055 472.577 3797.683 14.727 2.0544 0 0 0 5.2e-06 5.17e-05 
421000 1057 477.456 3826.676 14.826 2.0631 0 0 0 4.7e-06 4.69e-05 
422000 1059 482.969 3851.102 14.777 2.0671 0 0 0 4.3e-06 4.32e-05 
423000 1061 484.251 3879.449 14.79 2.0626 0 0 0 4.5e-06 4.48e-05 
424000 1063 476.365 3914.055 14.751 2.0209 0 0 0 4.5e-06 4.52e-05 
425000 1064 478.258 3930.728 14.773 2.0255 0 0 0 4e-06 3.96e-05 
426000 1065 488.692 3944.934 14.77 2.0586 0 0 0 4.3e-06 4.3e-05 
427000 1069 486.948 3989.315 14.79 2.0532 0 0 0 3.9e-06 3.89e-05 
428000 1072 477.162 4047.498 14.953 2.0026 0 0 0 4e-06 4.03e-05 
429000 1076 459.948 4113.261 15.162 1.9063 0 0 0 4.7e-06 4.65e-05 
430000 1078 457.424 4161.573 15.175 1.9024 0 0 0 4.5e-06 4.48e-05 
431000 1080 463.822 4179.391 15.278 1.921 0 0 0 4.5e-06 4.52e-05 
432000 1082 463.889 4220.309 15.263 1.9174 0 0 0 4.4e-06 4.39e-05 
433000 1086 449.302 4280.994 15.452 1.8421 0 0 0 4.4e-06 4.39e-05 
434000 1089 441.763 4336.598 15.65 1.7932 0 0 0 4.9e-06 4.93e-05 
435000 1093 426.793 4410.121 15.767 1.7135 0 0 0 5.3e-06 5.28e-05 
436000 1096 417.373 4469.776 15.842 1.6619 0 0 0 5.6e-06 5.56e-05 
437000 1097 429.026 4487.216 15.791 1.7084 0 0 0 5.4e-06 5.42e-05 
438000 1098 425.505 4501.937 15.827 1.6896 0 0 0 6e-06 6.02e-05 
439000 1099 436.995 4517.826 15.786 1.7353 0 0 0 5.6e-06 5.62e-05 
440000 1101 444.35 4545.595 15.759 1.753 0 0 0 5.4e-06 5.43e-05 
441000 1103 450.854 4576.777 15.765 1.7703 0 0 0 5.7e-06 5.69e-05 
442000 1104 452.717 4595.226 15.724 1.7703 0 0 0 5.9e-06 5.86e-05 
443000 1107 456.691 4638.187 15.719 1.7679 0 0 0 5.8e-06 5.77e-05 
444000 1109 455.859 4670.004 15.755 1.756 0 0 0 5.7e-06 5.67e-05 
445000 1113 447.311 4731.181 15.72 1.7034 0 0 0 5.3e-06 5.35e-05 
446000 1116 440.34 4763.807 15.476 1.6637 0 0 0 6.6e-06 6.61e-05 
447000 1117 448.334 4784.806 15.497 1.6907 0 0 0 5.7e-06 5.7e-05 
448000 1119 446.983 4819.064 15.519 1.6984 0 0 0 5.9e-06 5.86e-05 
449000 1121 446.727 4847.807 15.53 1.6923 0 0 0 4.7e-06 4.7e-05 
450000 1124 445.998 4896.944 15.5 1.6892 0 0 0 5.2e-06 5.22e-05 
451000 1127 444.597 4912.184 15.22 1.6951 0 0 0 4.9e-06 4.94e-05 
452000 1130 436.086 4974.668 15.345 1.6483 0 0 0 6.5e-06 6.49e-05 
453000 1133 429.13 5021.762 15.372 1.6121 0 0 0 7.6e-06 7.63e-05 
454000 1134 440.547 5041.168 15.375 1.6672 0 0 0 7.4e-06 7.4e-05 
455000 1135 442.276 5059.923 15.469 1.6695 0 0 0 6.8e-06 6.81e-05 
456000 1137 453.112 5088.299 15.445 1.7084 0 0 0 6.9e-06 6.86e-05 
457000 1138 464.049 5107.646 15.451 1.7582 0 0 0 6.8e-06 6.78e-05 
458000 1142 447.526 5173.935 15.523 1.6937 0 0 0 6.3e-06 6.29e-05 
459000 1145 439.455 5225.788 15.636 1.6484 0 0 0 7e-06 7.01e-05 
460000 1146 440.506 5246.402 15.683 1.6456 0 0 0 6.3e-06 6.27e-05 
461000 1149 442.98 5296.784 15.745 1.6391 0 0 0 5.8e-06 5.82e-05 
462000 1150 440.741 5310.987 15.814 1.6266 0 0 0 5.7e-06 5.69e-05 
463000 1151 451.526 5326.538 15.782 1.6619 0 0 0 5.2e-06 5.15e-05 
464000 1152 462.495 5338.911 15.757 1.6976 0 0 0 4.9e-06 4.95e-05 
465000 1155 464.864 5379.285 15.581 1.7033 0 0 0 5.2e-06 5.22e-05 
466000 1157 475.255 5397.343 15.593 1.7415 0 0 0 5.4e-06 5.43e-05 
467000 1160 466.003 5456.112 15.83 1.6952 0 0 0 4.5e-06 4.51e-05 
468000 1161 462.283 5490.349 15.802 1.6787 0 0 0 4.8e-06 4.77e-05 
469000 1163 476.976 5510.955 15.856 1.7353 0 0 0 4.2e-06 4.19e-05 
470000 1165 475.431 5548.242 15.848 1.7232 0 0 0 3.4e-06 3.38e-05 
471000 1167 470.385 5588.19 15.962 1.6968 0 0 0 3.6e-06 3.65e-05 
472000 1170 469.938 5634.585 16.054 1.6923 0 0 0 3.5e-06 3.5e-05 
473000 1171 480.539 5650.744 16.061 1.7325 0 0 0 3.5e-06 3.49e-05 
474000 1172 481.208 5675.691 16.071 1.733 0 0 0 3.9e-06 3.86e-05 
475000 1174 487.427 5715.243 16.197 1.7515 0 0 0 3.1e-06 3.09e-05 
476000 1175 497.678 5730.56 16.181 1.79 0 0 0 3e-06 2.96e-05 
477000 1176 507.725 5748.999 16.296 1.8213 0 0 0 3e-06 2.95e-05 
478000 1177 517.57 5762.977 16.237 1.8663 0 0 0 2.9e-06 2.94e-05 
479000 1180 510.969 5813.542 16.441 1.8293 0 0 0 4.5e-06 4.52e-05 
480000 1182 508.703 5841.361 16.215 1.8176 0 0 0 4.4e-06 4.41e-05 
481000 1183 518.529 5865.782 16.338 1.8612 0 0 0 4.7e-06 4.68e-05 
482000 1184 515.798 5881.343 16.322 1.8478 0 0 0 4.9e-06 4.92e-05 
483000 1185 525.482 5899.503 16.381 1.8901 0 0 0 4.6e-06 4.64e-05 
484000 1188 530.22 5929.793 16.325 1.8999 0 0 0 3.8e-06 3.78e-05 
485000 1190 518.728 5978.466 16.277 1.8528 0 0 0 4.6e-06 4.55e-05 
486000 1191 528.353 5994.363 16.271 1.8962 0 0 0 4.1e-06 4.15e-05 
487000 1194 526.334 6028.419 16.3 1.8793 0 0 0 4.9e-06 4.95e-05 
488000 1196 521.799 6063.051 16.092 1.8584 0 0 0 6e-06 5.97e-05 
489000 1199 511.611 6110.75 16.094 1.8117 0 0 0 6.2e-06 6.18e-05 
490000 1200 520.878 6132.195 16.176 1.8436 0 0 0 6.8e-06 6.83e-05 
491000 1202 516.056 6165.244 16.166 1.8217 0 0 0 5.6e-06 5.63e-05 
492000 1204 520.401 6192.555 16.158 1.8324 0 0 0 5.6e-06 5.63e-05 
493000 1205 529.993 6211.719 16.178 1.8643 0 0 0 5.2e-06 5.17e-05 
494000 1208 519.55 6253.391 16.125 1.8222 0 0 0 5.7e-06 5.67e-05 
495000 1210 517.292 6296.017 16.247 1.8077 0 0 0 5.4e-06 5.38e-05 
496000 1213 499.935 6351.185 16.335 1.7385 0 0 0 5.5e-06 5.5e-05 
497000 1215 505.217 6379.111 16.315 1.7618 0 0 0 5e-06 5e-05 
498000 1216 515.113 6386.509 16.081 1.8047 0 0 0 5.7e-06 5.71e-05 
499000 1218 508.704 6423.767 16.128 1.7796 0 0 0 6e-06 5.96e-05 
500000 1220 516.168 6446.531 16.173 1.8053 0 0 0 5.3e-06 5.33e-05 
