10000 10 182.927 5798.763 106.261 0.1997 0 0 0 0.0 0.0 
20000 20 332.392 11297.748 187.706 0.3637 0 0 0 0.0 0.0 
30000 30 439.78 13666.877 193.113 0.7907 0 0 0 0.0001725 0.0017251 
40000 47 485.166 15595.409 170.684 1.0639 0 0 0 0.0002444 0.0024438 
50000 77 425.937 18956.45 146.259 1.0441 0 0 0 0.0002799 0.0027985 
60000 87 530.949 23767.733 204.494 1.3804 0 0 0 0.0003316 0.0033164 
70000 254 44.205 27716.513 13.969 0.1236 0 0 0 0.0003746 0.0037461 
80000 341 105.143 32835.654 52.2 0.3112 0 0 0 0.0003703 0.0037033 
90000 387 160.935 37655.944 77.488 0.4771 0 0 0 0.0003605 0.0036052 
100000 402 297.504 42443.739 142.564 0.8689 0 0 0 0.0004406 0.004406 
110000 412 426.009 46821.08 196.433 1.2407 0 0 0 0.000427 0.0042704 
120000 422 531.008 52418.482 262.274 1.5558 0 0 0 0.0004268 0.004268 
130000 432 616.799 57327.886 304.14 1.8026 0 0 0 0.000441 0.0044101 
140000 442 686.897 61286.013 320.944 2.0026 0 0 0 0.0004228 0.0042275 
150000 452 744.172 64852.473 327.071 2.1743 0 0 0 0.0004153 0.0041526 
160000 462 790.97 70087.57 362.862 2.3162 0 0 0 0.0004249 0.0042491 
170000 472 829.207 75145.269 389.613 2.4282 0 0 0 0.0004223 0.0042226 
180000 482 860.45 80752.305 420.482 2.5184 0 0 0 0.0004168 0.0041682 
190000 492 874.664 85803.95 429.809 2.5524 0 0 0 0.0004012 0.004012 
200000 502 897.591 90500.308 435.343 2.6166 0 0 0 0.0003889 0.0038892 
210000 515 880.564 94682.587 416.719 2.5622 0 0 0 0.0003621 0.0036208 
220000 525 902.412 99891.928 435.217 2.6247 0 0 0 0.0003373 0.0033726 
230000 535 920.263 105798.272 463.717 2.6705 0 0 0 0.0003222 0.0032216 
240000 545 934.849 111370.813 480.857 2.7103 0 0 0 0.000294 0.0029405 
250000 558 880.263 116636.184 453.15 2.5514 0 0 0 0.0002532 0.0025322 
260000 569 888.495 121840.102 463.273 2.5726 0 0 0 0.000242 0.0024203 
270000 581 887.054 126805.424 455.392 2.5662 0 0 0 0.0002297 0.0022968 
280000 591 907.715 132292.863 472.149 2.6327 0 0 0 0.000226 0.0022599 
290000 601 924.596 138320.612 495.33 2.6966 0 0 0 0.0002198 0.0021976 
300000 611 938.39 143418.903 498.548 2.7364 0 0 0 0.0002235 0.0022349 
310000 621 949.66 149229.983 513.56 2.7647 0 0 0 0.0002147 0.0021471 
320000 631 958.869 154592.233 517.941 2.7933 0 0 0 0.0002133 0.0021327 
330000 641 966.393 159411.179 510.551 2.8272 0 0 0 0.0002104 0.0021038 
340000 651 972.54 165292.642 524.285 2.8464 0 0 0 0.0002133 0.0021329 
350000 661 975.198 168889.7 494.262 2.854 0 0 0 0.0002176 0.0021764 
360000 671 968.068 173590.64 484.47 2.8367 0 0 0 0.0002163 0.0021626 
370000 681 973.909 178096.716 478.061 2.8486 0 0 0 0.0002147 0.0021469 
380000 692 975.528 183163.948 481.108 2.8702 0 0 0 0.0002028 0.0020275 
390000 702 980.005 188731.231 495.011 2.8781 0 0 0 0.0002049 0.0020485 
400000 712 982.288 194068.855 500.957 2.8761 0 0 0 0.0002089 0.0020893 
410000 724 940.943 198850.316 472.221 2.7539 0 0 0 0.0002064 0.002064 
420000 734 951.746 204201.352 487.593 2.7932 0 0 0 0.000212 0.0021195 
430000 744 960.573 209313.977 491.73 2.8193 0 0 0 0.000209 0.00209 
440000 754 967.785 214612.395 501.273 2.8389 0 0 0 0.0002128 0.0021283 
450000 764 973.678 220321.186 511.394 2.871 0 0 0 0.0002079 0.0020787 
460000 774 978.493 226639.517 526.098 2.8865 0 0 0 0.0002087 0.0020873 
470000 784 982.427 232909.714 550.569 2.898 0 0 0 0.0002118 0.0021183 
480000 795 977.325 239688.386 568.571 2.8795 0 0 0 0.0002153 0.0021527 
490000 805 981.473 245356.822 570.687 2.8956 0 0 0 0.0002085 0.0020853 
500000 815 984.862 251676.161 578.96 2.9094 0 0 0 0.0002036 0.0020355 
510000 825 987.631 258510.712 598.144 2.9135 0 0 0 0.0002002 0.0020017 
520000 836 973.676 263629.308 573.308 2.8814 0 0 0 0.0001958 0.001958 
530000 847 956.567 269066.38 556.065 2.8567 0 0 0 0.0001952 0.0019518 
540000 860 922.206 274297.663 525.833 2.7518 0 0 0 0.0001916 0.0019162 
550000 870 936.437 279537.764 525.42 2.782 0 0 0 0.0001941 0.0019411 
560000 880 948.064 285741.106 543.139 2.8108 0 0 0 0.000195 0.0019497 
570000 890 957.565 292081.343 559.787 2.8332 0 0 0 0.0001957 0.0019571 
580000 900 965.327 297885.495 564.027 2.8638 0 0 0 0.0001981 0.0019806 
590000 912 921.319 303583.809 534.729 2.7247 0 0 0 0.0002001 0.0020006 
600000 922 935.712 309249.984 538.214 2.7609 0 0 0 0.0001913 0.0019127 
610000 932 947.472 315490.696 554.714 2.794 0 0 0 0.0001873 0.0018735 
620000 942 957.081 322825.814 586.653 2.8334 0 0 0 0.0001777 0.0017765 
630000 952 964.932 330147.522 613.107 2.856 0 0 0 0.0001767 0.001767 
640000 962 971.347 337643.888 640.439 2.8702 0 0 0 0.0001735 0.0017349 
650000 973 969.127 344086.861 635.979 2.883 0 0 0 0.0001696 0.0016963 
660000 983 974.775 349570.331 620.682 2.8952 0 0 0 0.0001708 0.0017077 
670000 993 979.389 355275.919 611.588 2.9036 0 0 0 0.0001653 0.0016534 
680000 1004 968.948 360021.686 577.537 2.8832 0 0 0 0.0001626 0.0016257 
690000 1014 974.628 365054.724 563.984 2.8916 0 0 0 0.0001618 0.0016176 
700000 1024 979.27 371554.98 580.389 2.894 0 0 0 0.0001593 0.0015928 
710000 1034 983.062 377829.98 589.776 2.906 0 0 0 0.0001564 0.0015639 
720000 1044 986.16 386171.669 634.12 2.9178 0 0 0 0.0001548 0.0015481 
730000 1054 988.692 392748.97 637.789 2.9315 0 0 0 0.0001581 0.0015807 
740000 1064 990.76 399132.205 637.536 2.9361 0 0 0 0.0001631 0.0016314 
750000 1074 992.451 405612.065 639.954 2.9334 0 0 0 0.0001569 0.0015694 
760000 1084 989.657 412366.012 645.023 2.9314 0 0 0 0.0001553 0.0015528 
770000 1094 991.549 420016.394 666.075 2.9336 0 0 0 0.0001636 0.0016357 
780000 1104 993.095 426576.845 664.934 2.9398 0 0 0 0.0001611 0.0016108 
790000 1114 994.358 433774.013 672.285 2.9415 0 0 0 0.0001616 0.0016165 
800000 1124 995.39 443082.925 719.509 2.9434 0 0 0 0.0001575 0.0015754 
810000 1134 996.233 452579.087 762.003 2.9382 0 0 0 0.0001624 0.0016244 
820000 1144 996.922 461745.084 789.806 2.9318 0 0 0 0.0001684 0.0016845 
830000 1154 997.485 469916.351 795.161 2.9519 0 0 0 0.0001708 0.0017085 
840000 1164 997.945 477287.68 784.959 2.9471 0 0 0 0.0001698 0.0016981 
850000 1174 998.321 483436.179 750.68 2.9629 0 0 0 0.0001759 0.0017587 
860000 1184 998.628 490424.732 742.85 2.9617 0 0 0 0.0001723 0.0017233 
870000 1195 983.711 501119.945 792.25 2.9076 0 0 0 0.0001831 0.0018313 
880000 1205 986.691 509727.769 805.631 2.9134 0 0 0 0.0001896 0.0018965 
890000 1215 989.125 519256.888 831.61 2.9255 0 0 0 0.0001853 0.0018533 
900000 1225 991.114 526836.363 819.364 2.9313 0 0 0 0.0001913 0.001913 
910000 1235 992.74 539315.383 897.405 2.944 0 0 0 0.0001919 0.0019186 
920000 1245 994.068 553063.557 984.225 2.9411 0 0 0 0.000196 0.0019595 
930000 1255 995.153 565207.006 1024.089 2.9536 0 0 0 0.0001954 0.0019544 
940000 1265 996.04 576118.924 1037.141 2.9475 0 0 0 0.000195 0.0019496 
950000 1275 996.764 589542.326 1091.881 2.9395 0 0 0 0.0001916 0.0019155 
960000 1285 997.356 602162.408 1125.554 2.9474 0 0 0 0.000194 0.0019404 
970000 1295 997.84 614667.876 1146.479 2.9485 0 0 0 0.0001921 0.0019208 
980000 1305 998.235 627719.988 1173.983 2.9501 0 0 0 0.0001886 0.001886 
990000 1315 998.558 641753.475 1215.909 2.9423 0 0 0 0.0001938 0.0019383 
1000000 1325 998.822 657517.702 1281.983 2.945 0 0 0 0.0001889 0.0018886 
1010000 1335 999.037 672230.987 1317.65 2.9376 0 0 0 0.0001895 0.0018948 
1020000 1345 999.213 686518.273 1337.375 2.9408 0 0 0 0.0001906 0.0019058 
1030000 1355 999.357 700093.044 1341.807 2.9478 0 0 0 0.0001961 0.0019605 
1040000 1365 999.475 715501.49 1377.253 2.9452 0 0 0 0.0001905 0.0019047 
1050000 1375 999.571 730811.351 1404.853 2.9459 0 0 0 0.0001906 0.0019061 
1060000 1385 984.357 745102.367 1381.343 2.8991 0 0 0 0.0001924 0.0019239 
1070000 1395 987.218 758121.058 1375.89 2.903 0 0 0 0.0001916 0.0019163 
1080000 1405 989.556 771995.545 1370.225 2.9083 0 0 0 0.000189 0.0018902 
1090000 1415 991.467 784300.491 1360.642 2.9076 0 0 0 0.0001892 0.001892 
1100000 1425 993.028 797272.377 1355.871 2.9187 0 0 0 0.0001901 0.0019006 
1110000 1435 994.303 810738.365 1338.658 2.9274 0 0 0 0.0001889 0.0018885 
1120000 1445 995.345 824486.412 1337.654 2.9278 0 0 0 0.0001929 0.0019285 
1130000 1456 985.39 840379.957 1382.647 2.8917 0 0 0 0.0001949 0.0019487 
1140000 1466 988.062 857783.173 1439.335 2.9052 0 0 0 0.0001907 0.0019068 
1150000 1476 990.246 871724.135 1430.816 2.9078 0 0 0 0.0001945 0.0019449 
1160000 1487 977.059 888235.269 1450.551 2.8618 0 0 0 0.0002 0.0020002 
1170000 1497 981.256 904851.106 1491.164 2.8731 0 0 0 0.0001955 0.0019546 
1180000 1507 984.685 921292.134 1515.996 2.8888 0 0 0 0.0001992 0.0019918 
1190000 1517 987.486 939122.101 1565.426 2.8962 0 0 0 0.0001931 0.0019311 
1200000 1527 989.775 956244.83 1594.333 2.8924 0 0 0 0.0001955 0.0019551 
1210000 1537 991.646 975134.552 1650.134 2.8952 0 0 0 0.0001912 0.0019124 
1220000 1547 993.174 991609.286 1648.306 2.8988 0 0 0 0.0001919 0.0019193 
1230000 1557 994.423 1009266.445 1670.361 2.9001 0 0 0 0.0001877 0.0018769 
1240000 1567 995.443 1026344.487 1675.673 2.9048 0 0 0 0.0001874 0.0018739 
1250000 1577 996.277 1045108.726 1712.707 2.9039 0 0 0 0.0001825 0.0018245 
1260000 1587 996.958 1064844.681 1761.286 2.9048 0 0 0 0.0001783 0.0017827 
1270000 1597 997.514 1085433.358 1815.847 2.8989 0 0 0 0.0001709 0.0017088 
1280000 1607 997.969 1105207.195 1845.413 2.9184 0 0 0 0.0001701 0.0017006 
1290000 1617 998.34 1123157.282 1836.335 2.9088 0 0 0 0.0001666 0.0016658 
1300000 1627 998.644 1142481.083 1854.845 2.9024 0 0 0 0.0001652 0.0016522 
1310000 1637 998.892 1162580.298 1882.846 2.9064 0 0 0 0.0001564 0.0015639 
1320000 1647 999.095 1181389.522 1883.551 2.9085 0 0 0 0.0001609 0.001609 
1330000 1657 999.26 1201725.522 1914.121 2.9097 0 0 0 0.00015 0.0015003 
1340000 1667 999.396 1219505.153 1886.152 2.9115 0 0 0 0.0001539 0.0015393 
1350000 1677 999.506 1239677.927 1909.816 2.9121 0 0 0 0.0001486 0.0014861 
1360000 1687 999.597 1257298.285 1882.239 2.9183 0 0 0 0.0001478 0.0014779 
1370000 1697 999.67 1276783.502 1893.893 2.9162 0 0 0 0.0001467 0.0014671 
1380000 1707 999.731 1294817.471 1876.28 2.925 0 0 0 0.0001464 0.001464 
1390000 1717 999.78 1314862.124 1898.459 2.922 0 0 0 0.0001453 0.0014529 
1400000 1727 999.82 1334222.616 1908.695 2.9268 0 0 0 0.0001443 0.0014426 
1410000 1737 999.853 1354773.084 1934.327 2.9328 0 0 0 0.0001432 0.0014322 
1420000 1747 999.88 1371050.859 1884.353 2.9359 0 0 0 0.0001453 0.0014527 
1430000 1757 999.902 1390358.714 1886.826 2.9277 0 0 0 0.0001398 0.0013981 
1440000 1767 999.92 1411096.296 1923.157 2.9243 0 0 0 0.0001404 0.001404 
1450000 1777 999.935 1429401.22 1908.386 2.9248 0 0 0 0.0001427 0.0014271 
1460000 1787 999.946 1449184.04 1920.287 2.9362 0 0 0 0.0001434 0.0014339 
1470000 1797 999.956 1468734.807 1927.985 2.9334 0 0 0 0.0001409 0.0014086 
1480000 1807 999.964 1487950.807 1927.042 2.9249 0 0 0 0.0001426 0.0014255 
1490000 1817 999.971 1504230.184 1871.799 2.92 0 0 0 0.0001554 0.0015539 
1500000 1827 999.976 1523804.947 1886.812 2.9181 0 0 0 0.0001511 0.001511 
1510000 1837 999.981 1544304.958 1915.472 2.9177 0 0 0 0.0001517 0.0015171 
1520000 1847 999.984 1563584.279 1925.702 2.9237 0 0 0 0.0001534 0.0015338 
1530000 1857 999.987 1583695.965 1937.502 2.9297 0 0 0 0.0001582 0.0015823 
1540000 1867 999.989 1604673.797 1974.008 2.932 0 0 0 0.0001496 0.0014962 
1550000 1877 999.991 1622289.613 1928.648 2.9301 0 0 0 0.0001543 0.0015428 
1560000 1887 999.993 1642760.21 1949.251 2.9379 0 0 0 0.0001546 0.001546 
1570000 1897 999.994 1660492.733 1919.488 2.938 0 0 0 0.0001507 0.0015066 
1580000 1907 999.995 1678402.553 1898.946 2.9311 0 0 0 0.0001545 0.0015453 
1590000 1917 999.996 1695692.75 1868.32 2.9264 0 0 0 0.0001536 0.001536 
1600000 1927 999.997 1710882.359 1802.565 2.9333 0 0 0 0.000163 0.0016298 
1610000 1937 999.997 1728752.627 1799.831 2.9393 0 0 0 0.0001619 0.0016189 
1620000 1947 999.998 1746660.321 1800.524 2.9395 0 0 0 0.0001633 0.0016333 
1630000 1957 999.998 1764252.496 1789.644 2.9371 0 0 0 0.000165 0.0016495 
1640000 1967 996.491 1776295.494 1681.029 2.9247 0 0 0 0.000178 0.0017798 
1650000 1977 997.133 1792131.001 1659.737 2.939 0 0 0 0.0001833 0.0018335 
1660000 1987 997.657 1810213.311 1687.404 2.943 0 0 0 0.0001778 0.0017777 
1670000 1997 998.086 1828767.494 1714.322 2.9456 0 0 0 0.0001802 0.0018015 
1680000 2007 998.436 1849951.459 1790.293 2.9469 0 0 0 0.0001746 0.001746 
1690000 2017 998.722 1868478.979 1799.232 2.9476 0 0 0 0.0001736 0.0017363 
1700000 2027 998.956 1887550.74 1834.116 2.9543 0 0 0 0.0001734 0.0017345 
1710000 2037 999.147 1906426.838 1834.175 2.9459 0 0 0 0.0001748 0.0017481 
1720000 2047 999.303 1926838.402 1872.286 2.9413 0 0 0 0.000174 0.0017402 
1730000 2057 999.43 1944289.793 1849.96 2.9501 0 0 0 0.0001785 0.0017846 
1740000 2067 999.535 1963850.411 1862.725 2.9408 0 0 0 0.0001747 0.0017467 
1750000 2077 999.62 1982999.845 1875.458 2.9562 0 0 0 0.000181 0.0018099 
1760000 2087 999.689 2003319.583 1901.787 2.9541 0 0 0 0.0001761 0.001761 
1770000 2097 999.746 2020666.468 1870.504 2.9488 0 0 0 0.0001801 0.001801 
1780000 2107 999.793 2040485.822 1891.195 2.9519 0 0 0 0.0001804 0.0018037 
1790000 2117 999.831 2061631.401 1932.241 2.9551 0 0 0 0.0001777 0.0017774 
1800000 2127 999.862 2080533.687 1937.678 2.9495 0 0 0 0.0001718 0.0017176 
1810000 2137 999.887 2096888.478 1871.403 2.9518 0 0 0 0.0001687 0.0016867 
1820000 2147 999.908 2117756.292 1908.56 2.9503 0 0 0 0.0001681 0.0016814 
1830000 2157 999.924 2134110.674 1855.136 2.9482 0 0 0 0.000164 0.0016403 
1840000 2167 999.938 2153863.899 1883.357 2.9597 0 0 0 0.0001574 0.0015738 
1850000 2177 999.95 2165929.801 1750.074 2.9502 0 0 0 0.0001553 0.0015533 
1860000 2187 999.959 2182581.527 1742.691 2.9632 0 0 0 0.0001508 0.0015077 
1870000 2197 999.966 2200364.82 1742.663 2.9584 0 0 0 0.0001512 0.0015116 
1880000 2207 999.972 2215738.518 1703.105 2.9619 0 0 0 0.000154 0.0015399 
1890000 2217 999.978 2233642.81 1726.562 2.9528 0 0 0 0.0001556 0.0015562 
1900000 2227 999.982 2251601.992 1730.783 2.9424 0 0 0 0.0001586 0.0015864 
1910000 2238 985.956 2269082.062 1715.699 2.8934 0 0 0 0.0001581 0.0015809 
1920000 2248 988.525 2285207.301 1694.795 2.8981 0 0 0 0.0001659 0.0016592 
1930000 2258 990.624 2304147.609 1730.312 2.9134 0 0 0 0.0001663 0.0016635 
1940000 2268 992.339 2321307.554 1732.687 2.9275 0 0 0 0.000168 0.0016804 
1950000 2278 993.741 2340130.426 1754.037 2.9226 0 0 0 0.0001683 0.0016829 
1960000 2288 994.886 2358825.633 1772.787 2.9273 0 0 0 0.0001707 0.0017065 
1970000 2298 993.136 2376629.791 1766.34 2.9299 0 0 0 0.0001724 0.001724 
1980000 2308 994.392 2394619.668 1775.86 2.9347 0 0 0 0.0001678 0.0016778 
1990000 2318 995.418 2414681.348 1817.366 2.9446 0 0 0 0.0001714 0.0017137 
2000000 2328 996.256 2435467.873 1865.228 2.9426 0 0 0 0.0001704 0.0017038 
2010000 2338 996.941 2456237.239 1903.487 2.938 0 0 0 0.0001719 0.0017185 
2020000 2348 997.5 2476666.022 1930.964 2.941 0 0 0 0.0001701 0.0017011 
2030000 2358 997.958 2495326.892 1920.648 2.9371 0 0 0 0.0001711 0.0017112 
2040000 2368 998.331 2513836.76 1915.222 2.9315 0 0 0 0.0001685 0.0016845 
2050000 2378 998.636 2533743.252 1922.722 2.9342 0 0 0 0.0001677 0.0016767 
2060000 2388 998.886 2553528.564 1935.962 2.9272 0 0 0 0.0001666 0.0016663 
2070000 2398 999.09 2574670.881 1966.499 2.9239 0 0 0 0.0001664 0.0016642 
2080000 2408 999.256 2596804.944 2011.675 2.9198 0 0 0 0.0001592 0.0015922 
2090000 2418 999.392 2618835.093 2046.424 2.9151 0 0 0 0.0001603 0.0016032 
2100000 2428 999.503 2639528.719 2055.396 2.9268 0 0 0 0.0001563 0.0015628 
2110000 2438 999.594 2659895.716 2046.884 2.924 0 0 0 0.0001514 0.0015141 
2120000 2448 999.669 2681021.473 2060.3 2.9256 0 0 0 0.00015 0.0015005 
2130000 2458 999.729 2698976.667 2015.734 2.9265 0 0 0 0.000148 0.00148 
2140000 2468 999.779 2718238.491 1998.949 2.9367 0 0 0 0.000146 0.0014596 
2150000 2478 999.819 2735640.836 1946.758 2.936 0 0 0 0.0001495 0.0014945 
2160000 2488 999.852 2754980.714 1943.739 2.9309 0 0 0 0.0001501 0.001501 
2170000 2498 999.879 2775020.063 1953.837 2.9359 0 0 0 0.0001537 0.0015374 
2180000 2508 999.901 2794244.742 1948.979 2.9399 0 0 0 0.0001507 0.0015072 
2190000 2518 999.919 2812511.756 1926.853 2.952 0 0 0 0.0001569 0.0015695 
2200000 2528 999.934 2831504.595 1925.575 2.9463 0 0 0 0.000154 0.00154 
2210000 2538 999.946 2852145.153 1945.85 2.9467 0 0 0 0.0001564 0.0015642 
2220000 2548 999.956 2872497.25 1960.03 2.9508 0 0 0 0.0001547 0.0015471 
2230000 2558 999.964 2891908.356 1964.997 2.9496 0 0 0 0.0001537 0.0015371 
2240000 2568 999.971 2911268.769 1953.537 2.943 0 0 0 0.0001546 0.0015465 
2250000 2578 999.976 2933055.715 2002.159 2.9408 0 0 0 0.0001546 0.0015456 
2260000 2588 999.98 2950910.223 1959.493 2.9339 0 0 0 0.000155 0.0015497 
2270000 2598 999.984 2967581.049 1913.244 2.9397 0 0 0 0.0001565 0.0015655 
2280000 2608 999.987 2979393.286 1772.126 2.9404 0 0 0 0.000163 0.0016298 
2290000 2618 999.989 2995919.629 1751.471 2.9403 0 0 0 0.0001686 0.0016864 
2300000 2628 999.991 3005042.128 1599.934 2.939 0 0 0 0.0001738 0.0017384 
2310000 2638 999.993 3021955.554 1613.413 2.9443 0 0 0 0.0001756 0.0017559 
2320000 2648 999.994 3034535.303 1544.22 2.9443 0 0 0 0.0001757 0.0017566 
2330000 2658 999.995 3048561.347 1527.99 2.9516 0 0 0 0.0001749 0.001749 
2340000 2668 999.996 3063799.125 1527.738 2.9433 0 0 0 0.0001803 0.001803 
2350000 2678 999.997 3080882.445 1555.998 2.9425 0 0 0 0.0001833 0.0018326 
2360000 2688 999.997 3099650.192 1615.501 2.9445 0 0 0 0.0001809 0.0018093 
2370000 2698 999.998 3118479.533 1663.445 2.9392 0 0 0 0.0001832 0.0018322 
2380000 2708 999.998 3136688.587 1699.308 2.9384 0 0 0 0.0001849 0.0018494 
2390000 2718 999.999 3155137.594 1718.413 2.9408 0 0 0 0.0001801 0.0018013 
2400000 2728 999.999 3175819.564 1783.067 2.9381 0 0 0 0.0001778 0.0017775 
2410000 2738 999.999 3195706.67 1818.951 2.9343 0 0 0 0.0001799 0.0017993 
2420000 2748 999.999 3214604.829 1829.073 2.9313 0 0 0 0.0001792 0.0017924 
2430000 2758 999.999 3234547.103 1860.875 2.9362 0 0 0 0.0001785 0.0017855 
2440000 2768 999.999 3254883.383 1893.848 2.9356 0 0 0 0.000183 0.0018303 
2450000 2778 1000.0 3276531.269 1942.556 2.9444 0 0 0 0.0001791 0.0017906 
2460000 2788 1000.0 3297404.275 1969.27 2.949 0 0 0 0.0001788 0.0017878 
2470000 2798 1000.0 3315891.693 1944.168 2.943 0 0 0 0.0001788 0.0017877 
2480000 2808 1000.0 3338068.214 1993.594 2.9368 0 0 0 0.000178 0.0017798 
2490000 2818 1000.0 3360503.139 2038.334 2.9381 0 0 0 0.000172 0.0017197 
2500000 2828 1000.0 3382282.957 2063.886 2.9364 0 0 0 0.0001666 0.0016665 
2510000 2838 1000.0 3402608.493 2061.709 2.9279 0 0 0 0.0001714 0.0017142 
2520000 2848 1000.0 3421312.359 2025.667 2.9257 0 0 0 0.0001641 0.0016407 
2530000 2858 1000.0 3440601.937 2005.421 2.9252 0 0 0 0.000162 0.0016202 
2540000 2868 1000.0 3460597.473 2015.894 2.9212 0 0 0 0.0001541 0.0015407 
2550000 2878 1000.0 3480326.716 1997.831 2.9286 0 0 0 0.0001542 0.0015421 
2560000 2888 1000.0 3500641.233 2005.339 2.937 0 0 0 0.000148 0.0014801 
2570000 2898 1000.0 3523143.983 2048.913 2.9425 0 0 0 0.0001465 0.0014649 
2580000 2908 1000.0 3543812.164 2065.192 2.9417 0 0 0 0.0001465 0.0014654 
2590000 2918 1000.0 3560112.345 1978.269 2.9475 0 0 0 0.0001526 0.0015258 
2600000 2928 1000.0 3581793.777 2016.802 2.946 0 0 0 0.0001482 0.0014819 
2610000 2938 1000.0 3602151.875 2015.193 2.9406 0 0 0 0.000153 0.0015302 
2620000 2948 994.692 3623970.911 2034.547 2.9227 0 0 0 0.0001504 0.0015042 
2630000 2958 995.663 3644385.445 2050.453 2.924 0 0 0 0.000153 0.0015296 
2640000 2968 996.456 3665081.301 2042.404 2.9212 0 0 0 0.0001552 0.0015523 
2650000 2978 997.104 3684122.469 2016.2 2.916 0 0 0 0.0001544 0.0015442 
2660000 2988 997.634 3702783.992 1989.311 2.9116 0 0 0 0.0001589 0.0015893 
2670000 2998 998.067 3723602.051 2005.503 2.9062 0 0 0 0.0001608 0.0016082 
2680000 3008 998.42 3743072.813 1989.499 2.9187 0 0 0 0.000161 0.0016102 
2690000 3018 998.709 3758426.259 1911.506 2.9225 0 0 0 0.0001641 0.001641 
2700000 3028 998.946 3778800.58 1932.529 2.9224 0 0 0 0.0001655 0.0016552 
2710000 3038 999.138 3799078.999 1947.128 2.9193 0 0 0 0.0001666 0.0016657 
2720000 3048 999.296 3817236.915 1933.822 2.9155 0 0 0 0.000166 0.0016597 
2730000 3059 983.292 3834907.909 1862.967 2.8694 0 0 0 0.0001654 0.0016542 
2740000 3069 986.349 3855254.105 1895.64 2.878 0 0 0 0.0001699 0.0016985 
2750000 3079 988.846 3875609.852 1923.006 2.9031 0 0 0 0.0001687 0.0016872 
2760000 3089 990.886 3896487.293 1949.897 2.9023 0 0 0 0.0001649 0.001649 
2770000 3099 992.553 3917549.423 1981.418 2.905 0 0 0 0.0001644 0.001644 
2780000 3109 993.916 3939556.601 2019.53 2.902 0 0 0 0.000162 0.0016203 
2790000 3119 995.029 3961646.366 2051.836 2.8995 0 0 0 0.00016 0.0016003 
2800000 3129 995.938 3982427.116 2059.097 2.9019 0 0 0 0.0001627 0.0016269 
2810000 3139 996.681 4004623.39 2088.212 2.9113 0 0 0 0.0001634 0.0016341 
2820000 3149 997.288 4026281.319 2106.592 2.9192 0 0 0 0.0001563 0.0015629 
2830000 3159 997.784 4046912.11 2094.946 2.9217 0 0 0 0.0001608 0.001608 
2840000 3169 998.19 4068060.441 2100.377 2.9159 0 0 0 0.0001602 0.0016024 
2850000 3179 998.521 4088148.997 2085.931 2.92 0 0 0 0.0001602 0.0016025 
2860000 3189 998.791 4110934.985 2122.035 2.9249 0 0 0 0.0001571 0.0015705 
2870000 3199 999.012 4133862.675 2152.924 2.9162 0 0 0 0.0001528 0.001528 
2880000 3209 999.193 4156309.332 2171.251 2.9299 0 0 0 0.0001544 0.0015438 
2890000 3220 987.783 4177312.386 2132.643 2.8886 0 0 0 0.0001518 0.0015182 
2900000 3230 990.018 4199697.4 2150.122 2.8968 0 0 0 0.0001481 0.0014814 
2910000 3240 991.844 4219568.166 2123.851 2.8971 0 0 0 0.000153 0.0015303 
2920000 3250 993.336 4238596.862 2083.766 2.8989 0 0 0 0.0001462 0.0014623 
2930000 3260 994.555 4261168.749 2114.674 2.9161 0 0 0 0.0001453 0.0014528 
2940000 3270 995.551 4284656.927 2157.753 2.9131 0 0 0 0.0001421 0.0014213 
2950000 3280 996.365 4306219.728 2156.746 2.9156 0 0 0 0.0001438 0.001438 
2960000 3291 980.618 4329929.439 2159.141 2.8725 0 0 0 0.0001463 0.0014626 
2970000 3301 984.164 4348881.644 2114.018 2.8936 0 0 0 0.0001405 0.0014052 
2980000 3311 987.061 4372074.26 2152.326 2.9109 0 0 0 0.0001415 0.0014148 
2990000 3321 989.428 4393031.597 2142.052 2.9181 0 0 0 0.000139 0.0013899 
3000000 3331 991.362 4415158.791 2154.68 2.9157 0 0 0 0.000135 0.0013501 
3010000 3341 992.942 4436451.685 2148.304 2.9117 0 0 0 0.0001361 0.0013608 
3020000 3351 994.233 4459345.405 2174.254 2.9217 0 0 0 0.0001374 0.0013742 
3030000 3361 995.288 4478592.879 2130.456 2.9169 0 0 0 0.0001412 0.0014117 
3040000 3371 996.15 4496001.265 2054.029 2.9219 0 0 0 0.0001396 0.0013962 
3050000 3381 996.854 4512091.972 1969.347 2.9224 0 0 0 0.0001414 0.0014144 
3060000 3391 997.43 4531255.618 1961.57 2.9337 0 0 0 0.0001451 0.0014508 
3070000 3401 997.9 4550787.494 1961.833 2.9259 0 0 0 0.0001486 0.0014862 
3080000 3411 998.284 4568705.6 1927.499 2.919 0 0 0 0.0001489 0.0014887 
3090000 3421 998.598 4588403.426 1936.445 2.9192 0 0 0 0.0001545 0.0015453 
3100000 3431 998.854 4607397.931 1927.318 2.9152 0 0 0 0.0001532 0.0015323 
3110000 3441 999.064 4628696.306 1962.41 2.9115 0 0 0 0.000152 0.0015203 
3120000 3451 999.235 4647412.744 1950.358 2.9112 0 0 0 0.000152 0.0015204 
3130000 3461 999.375 4668589.655 1979.193 2.918 0 0 0 0.0001597 0.0015969 
3140000 3471 990.948 4688429.083 1958.748 2.8947 0 0 0 0.0001586 0.0015857 
3150000 3481 992.604 4708797.233 1975.949 2.9072 0 0 0 0.0001568 0.0015683 
3160000 3491 993.957 4731568.568 2030.803 2.9154 0 0 0 0.0001608 0.001608 
3170000 3501 995.062 4754588.979 2081.207 2.9125 0 0 0 0.0001564 0.0015638 
3180000 3511 995.966 4772835.962 2036.418 2.9181 0 0 0 0.0001581 0.0015809 
3190000 3521 996.704 4794656.22 2058.509 2.9135 0 0 0 0.0001633 0.0016327 
3200000 3531 997.307 4816618.436 2082.656 2.9105 0 0 0 0.0001603 0.0016031 
3210000 3541 997.799 4837374.737 2083.659 2.9189 0 0 0 0.0001616 0.0016157 
3220000 3551 998.202 4857847.31 2077.313 2.9222 0 0 0 0.000162 0.0016196 
3230000 3561 998.531 4876589.535 2041.055 2.9186 0 0 0 0.000167 0.0016703 
3240000 3571 998.8 4893127.888 1972.558 2.9214 0 0 0 0.0001665 0.0016648 
3250000 3581 999.019 4910567.396 1930.825 2.9255 0 0 0 0.0001652 0.0016524 
3260000 3591 999.199 4929348.179 1922.494 2.9307 0 0 0 0.0001684 0.001684 
3270000 3601 999.345 4947442.081 1914.231 2.9306 0 0 0 0.0001696 0.0016963 
3280000 3611 999.465 4966105.404 1894.234 2.9355 0 0 0 0.0001717 0.0017172 
3290000 3621 999.563 4986367.785 1919.004 2.9353 0 0 0 0.0001633 0.0016326 
3300000 3631 999.643 5005875.337 1926.054 2.9332 0 0 0 0.0001618 0.0016181 
3310000 3641 999.708 5026650.975 1954.823 2.9253 0 0 0 0.0001664 0.0016642 
3320000 3651 999.762 5046617.916 1957.967 2.9202 0 0 0 0.0001658 0.0016581 
3330000 3661 999.805 5066548.225 1962.012 2.9228 0 0 0 0.0001614 0.0016139 
3340000 3671 999.841 5085886.888 1958.406 2.9266 0 0 0 0.0001627 0.0016272 
3350000 3681 999.87 5102783.916 1911.658 2.9193 0 0 0 0.0001608 0.0016081 
3360000 3691 999.894 5122027.082 1910.702 2.9153 0 0 0 0.0001616 0.0016161 
3370000 3701 999.913 5142573.471 1938.43 2.9185 0 0 0 0.0001623 0.001623 
3380000 3711 999.929 5162650.95 1952.773 2.922 0 0 0 0.0001609 0.0016094 
3390000 3721 999.942 5182525.162 1955.637 2.9215 0 0 0 0.0001607 0.0016066 
3400000 3731 999.953 5203212.058 1976.719 2.9165 0 0 0 0.0001634 0.0016338 
3410000 3741 999.961 5224230.676 2003.935 2.9265 0 0 0 0.0001635 0.0016347 
3420000 3751 999.968 5244827.477 2008.404 2.9339 0 0 0 0.0001643 0.0016426 
3430000 3761 999.974 5264534.568 2012.0 2.9317 0 0 0 0.0001634 0.0016341 
3440000 3771 999.979 5282873.972 1972.731 2.9301 0 0 0 0.0001603 0.0016031 
3450000 3781 999.983 5300393.945 1937.238 2.9345 0 0 0 0.0001602 0.0016016 
3460000 3791 999.986 5321047.58 1956.192 2.9312 0 0 0 0.0001551 0.0015508 
3470000 3801 999.988 5341605.313 1973.504 2.9338 0 0 0 0.0001556 0.0015561 
3480000 3811 999.991 5361199.424 1969.588 2.9322 0 0 0 0.0001576 0.0015762 
3490000 3821 999.992 5378573.6 1924.566 2.9395 0 0 0 0.0001572 0.0015721 
3500000 3831 999.994 5399700.405 1958.005 2.9302 0 0 0 0.000154 0.0015399 
3510000 3841 999.995 5420262.723 1974.794 2.9277 0 0 0 0.0001565 0.0015647 
3520000 3852 984.447 5439817.314 1944.903 2.8974 0 0 0 0.0001603 0.001603 
3530000 3862 987.292 5458898.792 1939.608 2.8959 0 0 0 0.0001576 0.0015763 
3540000 3872 989.617 5475936.566 1893.818 2.8966 0 0 0 0.0001591 0.0015914 
3550000 3882 991.516 5491570.377 1839.309 2.8965 0 0 0 0.0001586 0.0015856 
3560000 3892 993.068 5506866.618 1780.33 2.9057 0 0 0 0.0001591 0.0015905 
3570000 3902 994.336 5521514.369 1724.225 2.9065 0 0 0 0.0001627 0.0016273 
3580000 3912 995.372 5533231.55 1624.893 2.9102 0 0 0 0.0001648 0.0016484 
3590000 3922 996.219 5548210.127 1611.005 2.9132 0 0 0 0.0001629 0.0016288 
3600000 3932 996.91 5563689.766 1601.064 2.9206 0 0 0 0.0001634 0.0016339 
3610000 3942 997.476 5581689.024 1631.976 2.9255 0 0 0 0.0001655 0.0016547 
3620000 3952 997.937 5598989.963 1644.964 2.9208 0 0 0 0.0001657 0.0016573 
3630000 3963 983.024 5618063.038 1669.367 2.8908 0 0 0 0.0001662 0.0016618 
3640000 3973 986.129 5638231.876 1732.544 2.8937 0 0 0 0.000169 0.0016898 
3650000 3983 988.667 5658708.791 1789.213 2.9056 0 0 0 0.0001682 0.0016823 
3660000 3993 990.74 5678620.733 1826.943 2.9033 0 0 0 0.0001659 0.0016595 
3670000 4003 992.434 5698800.061 1861.232 2.9038 0 0 0 0.0001666 0.0016663 
3680000 4013 993.818 5717687.467 1864.589 2.9086 0 0 0 0.0001679 0.0016794 
3690000 4023 994.949 5737971.238 1893.891 2.9113 0 0 0 0.0001628 0.0016284 
3700000 4033 995.873 5757352.872 1900.177 2.9057 0 0 0 0.0001682 0.0016817 
3710000 4043 996.628 5778162.813 1933.274 2.9175 0 0 0 0.0001693 0.0016932 
3720000 4053 997.245 5799155.178 1962.622 2.9158 0 0 0 0.0001679 0.0016785 
3730000 4063 997.749 5819018.578 1966.774 2.9285 0 0 0 0.000167 0.00167 
3740000 4073 998.16 5838834.976 1970.003 2.9218 0 0 0 0.0001663 0.001663 
3750000 4083 998.497 5858762.882 1974.787 2.9194 0 0 0 0.000167 0.0016699 
3760000 4093 998.772 5876386.749 1934.096 2.9248 0 0 0 0.0001642 0.001642 
3770000 4103 998.997 5894496.195 1910.043 2.9216 0 0 0 0.0001652 0.0016516 
3780000 4113 999.18 5912836.477 1896.192 2.9276 0 0 0 0.0001623 0.0016229 
3790000 4123 999.33 5931766.489 1894.894 2.9299 0 0 0 0.0001643 0.0016432 
3800000 4133 999.453 5952224.054 1922.372 2.9332 0 0 0 0.000164 0.0016397 
3810000 4143 999.553 5973159.588 1952.556 2.9319 0 0 0 0.0001646 0.0016461 
3820000 4153 999.635 5993418.489 1977.774 2.9328 0 0 0 0.0001622 0.001622 
3830000 4163 999.701 6012828.504 1964.537 2.9317 0 0 0 0.0001611 0.0016109 
3840000 4173 999.756 6033820.545 1992.133 2.9287 0 0 0 0.0001609 0.0016089 
3850000 4183 999.801 6054897.001 2007.889 2.9279 0 0 0 0.0001637 0.0016365 
3860000 4193 999.837 6074819.234 2004.612 2.932 0 0 0 0.0001657 0.0016567 
3870000 4203 999.867 6093486.775 1981.23 2.9326 0 0 0 0.0001663 0.0016633 
3880000 4213 999.891 6113349.357 1981.158 2.9346 0 0 0 0.0001674 0.0016741 
3890000 4223 999.911 6133259.94 1980.468 2.9339 0 0 0 0.0001683 0.0016831 
3900000 4233 999.927 6154736.464 2010.991 2.9468 0 0 0 0.0001666 0.001666 
3910000 4243 999.941 6174742.308 2010.761 2.9405 0 0 0 0.0001697 0.0016969 
3920000 4253 999.952 6193004.936 1978.537 2.9382 0 0 0 0.0001684 0.0016844 
3930000 4263 999.96 6212649.008 1973.455 2.9392 0 0 0 0.0001711 0.0017108 
3940000 4273 999.968 6233671.154 1995.272 2.9333 0 0 0 0.0001706 0.0017058 
3950000 4283 999.974 6254249.162 2008.714 2.9248 0 0 0 0.0001683 0.0016835 
3960000 4293 999.978 6271724.719 1959.121 2.9428 0 0 0 0.0001705 0.0017052 
3970000 4303 999.982 6288646.09 1908.19 2.9371 0 0 0 0.0001755 0.0017548 
3980000 4314 986.298 6304454.689 1822.107 2.8889 0 0 0 0.000178 0.0017804 
3990000 4324 988.804 6324846.262 1862.04 2.8917 0 0 0 0.0001737 0.0017374 
4000000 4334 990.852 6346039.404 1909.718 2.8966 0 0 0 0.0001751 0.0017512 
