10000 10 182.927 -15147.771 -277.137 0.1944 0 0 0 0.0 0.0 
20000 20 332.392 -30183.549 -501.267 0.3533 0 0 0 0.0 0.0 
30000 30 454.516 -43607.771 -654.492 3.604 0 0 0 0.0002171 0.0021713 
40000 40 554.3 -57566.897 -790.022 6.2644 0 0 0 0.0001497 0.001497 
50000 50 635.83 -69549.261 -864.757 8.4078 0 0 0 0.0001604 0.0016036 
60000 60 702.447 -82679.44 -945.336 10.2203 0 0 0 0.000202 0.0020202 
70000 70 756.877 -89934.951 -904.926 11.7036 0 0 0 0.0002334 0.0023338 
80000 80 801.351 -104241.613 -1003.103 12.8926 0 0 0 0.0002271 0.0022713 
90000 90 837.689 -115940.121 -1031.652 13.8505 0 0 0 0.0002382 0.0023825 
100000 100 867.38 -126536.186 -1035.588 14.6695 0 0 0 0.0002494 0.002494 
110000 110 891.64 -138893.099 -1070.901 15.3161 0 0 0 0.0002646 0.0026458 
120000 120 911.462 -143063.437 -949.637 15.8158 0 0 0 0.000282 0.0028202 
130000 130 927.658 -144778.758 -807.284 16.2627 0 0 0 0.0003081 0.003081 
140000 140 940.891 -147178.833 -703.935 16.6149 0 0 0 0.0003199 0.0031989 
150000 150 951.704 -147846.369 -587.16 16.893 0 0 0 0.0003237 0.0032368 
160000 160 960.539 -147698.509 -477.006 17.0835 0 0 0 0.0003392 0.003392 
170000 170 967.757 -146687.26 -370.509 18.0841 0 0 0 0.0003484 0.0034844 
180000 180 973.655 -145232.968 -276.479 18.3681 0 0 0 0.0003316 0.0033157 
190000 190 978.474 -142472.262 -175.116 18.6352 0 0 0 0.000334 0.0033402 
200000 200 982.412 -141424.208 -124.218 18.8677 0 0 0 0.0003201 0.0032007 
210000 210 985.629 -138224.063 -42.835 18.9833 0 0 0 0.0002797 0.0027974 
220000 220 988.258 -134076.373 40.699 19.1485 0 0 0 0.0002469 0.0024693 
230000 230 990.406 -130234.109 103.376 19.2713 0 0 0 0.0001992 0.0019921 
240000 240 992.161 -125191.882 177.189 19.3563 0 0 0 0.0001821 0.0018208 
250000 250 993.595 -120283.108 235.077 17.9152 0 0 0 0.0001833 0.0018335 
260000 260 994.767 -114798.052 292.29 15.9651 0 0 0 0.0001574 0.001574 
270000 270 995.724 -109439.345 336.759 14.2785 0 0 0 0.0001304 0.0013042 
280000 280 996.506 -104284.835 369.33 12.9066 0 0 0 0.0001099 0.0010991 
290000 290 997.145 -98426.596 409.493 11.7851 0 0 0 0.0001046 0.0010455 
300000 300 997.667 -92928.928 434.928 10.842 0 0 0 9.71e-05 0.0009706 
310000 310 998.094 -86821.428 466.942 10.0956 0 0 0 9.53e-05 0.0009534 
320000 320 998.443 -81730.698 474.368 9.5733 0 0 0 8.7e-05 0.0008697 
330000 330 998.728 -77091.936 473.012 9.0818 0 0 0 8.29e-05 0.0008291 
340000 340 998.96 -71376.577 490.938 8.7067 0 0 0 7.62e-05 0.0007625 
350000 350 999.151 -66520.653 489.84 8.8746 0 0 0 7.14e-05 0.0007142 
360000 360 999.306 -62538.119 474.622 9.4815 0 0 0 6.98e-05 0.0006982 
370000 370 999.433 -57396.761 480.343 9.9538 0 0 0 6.42e-05 0.0006415 
380000 380 999.537 -51072.685 507.78 10.3036 0 0 0 6.11e-05 0.0006108 
390000 390 999.621 -44880.587 528.472 10.5986 0 0 0 5.34e-05 0.0005342 
400000 400 999.691 -38077.387 556.274 10.8687 0 0 0 5.66e-05 0.0005659 
410000 410 999.747 -31527.545 574.307 11.1205 0 0 0 5.14e-05 0.0005138 
420000 420 999.793 -25064.576 586.785 11.2946 0 0 0 4.77e-05 0.0004774 
430000 430 999.831 -17815.175 612.139 11.4411 0 0 0 4.72e-05 0.0004725 
440000 440 999.862 -10875.022 627.688 11.6247 0 0 0 4.67e-05 0.0004669 
450000 450 999.887 -3427.227 648.138 11.7398 0 0 0 4.49e-05 0.0004492 
460000 460 999.908 3136.44 648.47 11.8333 0 0 0 4.44e-05 0.0004442 
470000 470 999.925 8165.288 620.782 11.8866 0 0 0 4.65e-05 0.0004647 
480000 480 999.939 9181.339 524.72 11.9543 0 0 0 4.64e-05 0.0004636 
490000 490 999.95 16020.336 553.836 11.9945 0 0 0 4.74e-05 0.0004738 
500000 500 999.959 21656.725 556.002 11.6223 0 0 0 4.59e-05 0.0004586 
510000 510 999.966 29652.824 600.996 10.6871 0 0 0 4.84e-05 0.000484 
520000 520 999.973 38546.374 654.417 9.974 0 0 0 4.82e-05 0.0004823 
530000 530 999.978 48848.808 723.461 10.095 0 0 0 4.67e-05 0.0004673 
540000 540 999.982 59179.984 780.801 10.3612 0 0 0 5.13e-05 0.0005133 
550000 550 999.985 70085.609 837.374 10.4573 0 0 0 5.28e-05 0.0005276 
560000 560 999.988 81117.659 886.039 10.7736 0 0 0 5.06e-05 0.0005064 
570000 570 999.99 92154.058 925.459 10.9787 0 0 0 5.54e-05 0.000554 
580000 580 999.992 102595.944 947.446 11.2012 0 0 0 5.45e-05 0.0005452 
590000 590 999.993 113463.519 973.526 11.4017 0 0 0 5.3e-05 0.0005299 
600000 600 999.995 124823.741 1004.078 11.558 0 0 0 4.96e-05 0.0004961 
610000 610 999.996 135052.34 1006.08 11.6816 0 0 0 5.55e-05 0.0005555 
620000 620 999.996 145838.382 1019.237 11.778 0 0 0 6.04e-05 0.0006036 
630000 630 999.997 155584.049 1012.047 11.8888 0 0 0 6.56e-05 0.0006557 
640000 640 999.998 167348.532 1042.052 11.9435 0 0 0 6.57e-05 0.0006568 
650000 650 999.998 177032.309 1028.68 11.9135 0 0 0 6.58e-05 0.0006578 
660000 660 999.998 187509.558 1031.898 11.7166 0 0 0 6.76e-05 0.0006759 
670000 670 999.999 197123.797 1018.358 11.7845 0 0 0 6.97e-05 0.0006971 
680000 680 999.999 206907.643 1012.131 11.8472 0 0 0 6.76e-05 0.0006764 
690000 690 999.999 217459.551 1019.745 11.9158 0 0 0 6.58e-05 0.0006583 
700000 700 999.999 229003.644 1044.571 11.9616 0 0 0 6.6e-05 0.0006597 
710000 710 999.999 240387.058 1062.122 12.0088 0 0 0 6.8e-05 0.0006798 
720000 720 1000.0 253048.205 1099.338 12.0362 0 0 0 6.38e-05 0.0006381 
730000 730 1000.0 261054.558 1043.559 12.0856 0 0 0 6.86e-05 0.0006856 
740000 740 1000.0 269045.636 991.332 12.1159 0 0 0 6.3e-05 0.0006298 
750000 750 1000.0 277435.214 962.72 12.1369 0 0 0 6.69e-05 0.0006686 
760000 760 1000.0 282481.13 883.447 12.1519 0 0 0 6.69e-05 0.0006694 
770000 770 1000.0 293246.465 922.073 12.1653 0 0 0 6.61e-05 0.0006612 
780000 780 1000.0 305483.552 979.5 12.1431 0 0 0 6.42e-05 0.000642 
790000 790 1000.0 316393.222 996.025 12.1465 0 0 0 7.26e-05 0.0007262 
800000 800 1000.0 330189.453 1065.998 12.1534 0 0 0 6.8e-05 0.0006805 
810000 810 1000.0 344577.481 1134.038 12.11 0 0 0 6.71e-05 0.0006713 
820000 820 1000.0 358382.308 1179.077 12.0928 0 0 0 6.06e-05 0.000606 
830000 830 1000.0 371578.877 1205.414 12.0594 0 0 0 6.07e-05 0.0006073 
840000 840 1000.0 385408.945 1237.7 12.0407 0 0 0 6.37e-05 0.000637 
850000 850 1000.0 399455.179 1268.476 12.0404 0 0 0 6.14e-05 0.0006142 
860000 860 1000.0 411773.372 1263.212 11.9762 0 0 0 5.84e-05 0.0005838 
870000 870 1000.0 425748.708 1287.801 11.9488 0 0 0 5.49e-05 0.000549 
880000 880 1000.0 440580.87 1324.486 11.9649 0 0 0 5.42e-05 0.0005421 
890000 890 1000.0 456404.987 1371.91 11.9758 0 0 0 5.49e-05 0.000549 
900000 900 1000.0 470651.655 1381.024 12.0002 0 0 0 5.14e-05 0.0005144 
910000 910 1000.0 486580.128 1420.016 11.9642 0 0 0 5.23e-05 0.0005229 
920000 920 1000.0 502228.683 1447.269 11.9734 0 0 0 5.02e-05 0.0005016 
930000 930 1000.0 518101.135 1472.774 11.9421 0 0 0 5.27e-05 0.0005267 
940000 940 1000.0 533824.424 1491.42 11.9271 0 0 0 5.38e-05 0.0005379 
950000 950 1000.0 549663.962 1508.423 11.8945 0 0 0 5.13e-05 0.0005125 
960000 960 1000.0 565924.173 1530.036 11.8959 0 0 0 5.13e-05 0.0005126 
970000 970 1000.0 582150.665 1546.69 11.9202 0 0 0 4.88e-05 0.0004884 
980000 980 1000.0 598603.953 1565.519 11.9308 0 0 0 4.89e-05 0.0004893 
990000 990 1000.0 615373.714 1586.055 11.9212 0 0 0 4.68e-05 0.0004679 
1000000 1000 1000.0 632006.127 1600.388 11.9345 0 0 0 4.62e-05 0.0004625 
1010000 1010 1000.0 647475.476 1590.847 11.9258 0 0 0 4.54e-05 0.0004543 
1020000 1020 1000.0 663268.478 1589.127 11.9081 0 0 0 4.71e-05 0.0004714 
1030000 1030 1000.0 679545.362 1596.319 11.9002 0 0 0 4.75e-05 0.0004749 
1040000 1040 1000.0 695901.224 1603.726 11.9026 0 0 0 4.46e-05 0.0004461 
1050000 1050 1000.0 712008.715 1605.258 11.9248 0 0 0 4.5e-05 0.0004497 
1060000 1060 1000.0 727598.14 1596.772 11.9127 0 0 0 4.21e-05 0.0004211 
1070000 1070 1000.0 743900.351 1602.708 11.9083 0 0 0 4.2e-05 0.0004199 
1080000 1080 1000.0 760214.71 1607.157 11.9176 0 0 0 3.98e-05 0.0003981 
1090000 1090 1000.0 776647.092 1613.93 11.9176 0 0 0 4.28e-05 0.0004278 
1100000 1100 1000.0 793755.239 1631.864 11.8793 0 0 0 4.1e-05 0.0004098 
1110000 1110 1000.0 810399.075 1637.472 11.8668 0 0 0 4e-05 0.0003996 
1120000 1120 1000.0 827434.738 1649.863 11.8676 0 0 0 4.2e-05 0.0004201 
1130000 1130 1000.0 844462.317 1659.586 11.8704 0 0 0 4.13e-05 0.0004128 
1140000 1140 1000.0 861131.43 1660.785 11.8393 0 0 0 4.37e-05 0.0004365 
1150000 1150 1000.0 877514.186 1656.602 11.8801 0 0 0 4.22e-05 0.0004224 
1160000 1160 1000.0 892691.008 1630.351 11.9203 0 0 0 4.51e-05 0.0004506 
1170000 1170 1000.0 909498.218 1638.614 11.9314 0 0 0 4.37e-05 0.0004368 
1180000 1180 1000.0 926916.536 1657.943 11.948 0 0 0 4.5e-05 0.0004502 
1190000 1190 1000.0 944275.639 1671.832 11.9491 0 0 0 4.52e-05 0.0004524 
1200000 1200 1000.0 961752.769 1685.32 11.943 0 0 0 4.56e-05 0.0004558 
1210000 1210 1000.0 980200.925 1714.268 11.9323 0 0 0 4.64e-05 0.0004637 
1220000 1220 1000.0 998226.362 1730.018 11.9624 0 0 0 4.62e-05 0.000462 
1230000 1230 1000.0 1015928.512 1737.13 11.9473 0 0 0 4.56e-05 0.0004556 
1240000 1240 1000.0 1033292.989 1736.615 11.939 0 0 0 4.58e-05 0.0004581 
1250000 1250 1000.0 1050897.529 1741.215 11.9036 0 0 0 4.78e-05 0.0004783 
1260000 1260 1000.0 1069235.276 1757.922 11.9305 0 0 0 4.71e-05 0.0004706 
1270000 1270 1000.0 1087284.458 1765.984 11.9449 0 0 0 4.91e-05 0.000491 
1280000 1280 1000.0 1104399.371 1755.347 11.9705 0 0 0 4.87e-05 0.0004867 
1290000 1290 1000.0 1122372.467 1762.925 11.9708 0 0 0 4.77e-05 0.0004772 
1300000 1300 1000.0 1140319.296 1769.352 11.9702 0 0 0 4.76e-05 0.0004764 
1310000 1310 1000.0 1158745.467 1781.803 12.0029 0 0 0 4.69e-05 0.0004687 
1320000 1320 1000.0 1177128.424 1792.638 11.9934 0 0 0 4.81e-05 0.0004811 
1330000 1330 1000.0 1195319.113 1797.483 11.9644 0 0 0 4.66e-05 0.0004662 
1340000 1340 1000.0 1213320.78 1798.476 11.9587 0 0 0 4.55e-05 0.0004551 
1350000 1350 1000.0 1231115.575 1794.952 11.9334 0 0 0 4.72e-05 0.0004717 
1360000 1360 1000.0 1249011.845 1793.77 11.9613 0 0 0 4.54e-05 0.0004543 
1370000 1370 1000.0 1266597.684 1787.054 11.9719 0 0 0 4.58e-05 0.0004576 
1380000 1380 1000.0 1284088.869 1779.83 11.9566 0 0 0 4.38e-05 0.0004385 
1390000 1390 1000.0 1302010.946 1782.324 11.9482 0 0 0 4.34e-05 0.0004342 
1400000 1400 1000.0 1319316.687 1773.226 11.9387 0 0 0 4.34e-05 0.0004336 
1410000 1410 1000.0 1336589.349 1764.016 11.9451 0 0 0 4.6e-05 0.0004596 
1420000 1420 1000.0 1354225.93 1763.54 11.9336 0 0 0 4.58e-05 0.0004577 
1430000 1430 1000.0 1370820.71 1744.016 11.9326 0 0 0 4.66e-05 0.0004663 
1440000 1440 1000.0 1388414.039 1747.53 11.9534 0 0 0 4.7e-05 0.0004698 
1450000 1450 1000.0 1405902.22 1747.409 11.9214 0 0 0 4.65e-05 0.0004655 
1460000 1460 1000.0 1423451.4 1748.803 11.9086 0 0 0 4.8e-05 0.0004798 
1470000 1470 1000.0 1441164.92 1753.294 11.9057 0 0 0 4.53e-05 0.0004534 
1480000 1480 1000.0 1459417.192 1766.387 11.8782 0 0 0 4.65e-05 0.000465 
1490000 1490 1000.0 1477223.203 1768.78 11.8542 0 0 0 4.55e-05 0.0004554 
1500000 1500 1000.0 1495417.552 1777.884 11.8404 0 0 0 4.5e-05 0.0004497 
1510000 1510 1000.0 1512605.459 1766.685 11.8211 0 0 0 4.43e-05 0.0004434 
1520000 1520 1000.0 1530050.178 1762.36 11.8411 0 0 0 4.59e-05 0.0004595 
1530000 1530 1000.0 1547761.25 1763.837 11.8422 0 0 0 4.57e-05 0.0004573 
1540000 1540 1000.0 1566243.811 1779.673 11.8176 0 0 0 4.66e-05 0.0004663 
1550000 1550 1000.0 1584509.29 1788.114 11.8488 0 0 0 4.41e-05 0.0004406 
1560000 1560 1000.0 1602766.904 1795.067 11.8608 0 0 0 4.6e-05 0.0004601 
1570000 1570 1000.0 1619747.147 1776.745 11.8619 0 0 0 4.55e-05 0.0004551 
1580000 1580 1000.0 1637210.444 1771.228 11.8752 0 0 0 4.63e-05 0.0004632 
1590000 1590 1000.0 1654617.333 1765.725 11.859 0 0 0 4.68e-05 0.0004682 
1600000 1600 1000.0 1672909.709 1777.355 11.8298 0 0 0 4.52e-05 0.0004522 
1610000 1610 1000.0 1690917.144 1781.273 12.5032 0 0 0 4.45e-05 0.000445 
1620000 1620 1000.0 1708535.918 1778.495 12.4443 0 0 0 4.53e-05 0.0004529 
1630000 1630 1000.0 1726539.314 1782.68 12.38 0 0 0 4.58e-05 0.0004581 
1640000 1640 1000.0 1745122.821 1796.844 12.3458 0 0 0 4.55e-05 0.000455 
1650000 1650 1000.0 1763579.022 1805.763 12.3258 0 0 0 4.45e-05 0.0004448 
1660000 1660 1000.0 1781990.05 1811.992 12.3034 0 0 0 4.49e-05 0.0004492 
1670000 1670 1000.0 1800262.568 1814.676 12.3182 0 0 0 4.44e-05 0.000444 
1680000 1680 1000.0 1818794.728 1821.963 12.308 0 0 0 4.49e-05 0.000449 
1690000 1690 1000.0 1837744.735 1835.454 12.3138 0 0 0 4.29e-05 0.0004291 
1700000 1700 1000.0 1856436.773 1841.589 12.2867 0 0 0 4.47e-05 0.0004469 
1710000 1710 1000.0 1875681.468 1857.042 12.2872 0 0 0 4.14e-05 0.0004144 
1720000 1720 1000.0 1894748.753 1865.83 12.246 0 0 0 4.13e-05 0.0004134 
1730000 1730 1000.0 1913133.22 1860.937 12.2664 0 0 0 4.23e-05 0.000423 
1740000 1740 1000.0 1931389.056 1854.466 12.2323 0 0 0 4.49e-05 0.0004486 
1750000 1750 1000.0 1949895.931 1854.256 12.2433 0 0 0 4.15e-05 0.0004146 
1760000 1760 1000.0 1968708.159 1859.628 12.2314 0 0 0 4.37e-05 0.0004373 
1770000 1770 1000.0 1987703.177 1867.206 12.2041 0 0 0 4.49e-05 0.000449 
1780000 1780 1000.0 2007004.74 1878.193 12.188 0 0 0 4.17e-05 0.0004175 
1790000 1790 1000.0 2026186.727 1885.104 12.1532 0 0 0 4.11e-05 0.0004107 
1800000 1800 1000.0 2044750.435 1879.987 12.1905 0 0 0 4.09e-05 0.0004093 
1810000 1810 1000.0 2064156.491 1891.21 12.1779 0 0 0 4.02e-05 0.0004016 
1820000 1820 1000.0 2083881.677 1906.12 12.1837 0 0 0 3.91e-05 0.0003905 
1830000 1830 1000.0 2103265.906 1912.026 12.1732 0 0 0 4.02e-05 0.0004017 
1840000 1840 1000.0 2122913.627 1921.102 12.1729 0 0 0 3.86e-05 0.0003864 
1850000 1850 1000.0 2142408.585 1926.241 12.1909 0 0 0 4.01e-05 0.0004013 
1860000 1860 1000.0 2162559.115 1942.659 12.2006 0 0 0 3.78e-05 0.0003779 
1870000 1870 1000.0 2182085.35 1944.165 12.1574 0 0 0 3.97e-05 0.0003965 
1880000 1880 1000.0 2200216.064 1919.876 12.1562 0 0 0 4.33e-05 0.0004331 
1890000 1890 1000.0 2218167.525 1897.794 12.1717 0 0 0 4.3e-05 0.0004303 
1900000 1900 1000.0 2237032.245 1896.063 12.2041 0 0 0 4.14e-05 0.000414 
1910000 1910 1000.0 2255559.699 1889.451 12.1802 0 0 0 4.26e-05 0.0004261 
1920000 1920 1000.0 2275171.49 1901.755 12.1964 0 0 0 4.28e-05 0.0004278 
1930000 1930 1000.0 2294809.923 1913.627 12.2025 0 0 0 4.23e-05 0.0004231 
1940000 1940 1000.0 2313975.629 1914.273 12.1957 0 0 0 4.22e-05 0.0004224 
1950000 1950 1000.0 2334641.106 1942.567 12.2098 0 0 0 4.12e-05 0.0004117 
1960000 1960 1000.0 2355313.924 1965.643 12.1895 0 0 0 4.03e-05 0.0004027 
1970000 1970 1000.0 2376929.156 2001.092 12.2098 0 0 0 4.3e-05 0.0004304 
1980000 1980 1000.0 2397824.895 2016.549 12.1834 0 0 0 3.94e-05 0.0003944 
1990000 1990 1000.0 2418500.058 2026.053 12.1911 0 0 0 3.86e-05 0.0003862 
2000000 2000 1000.0 2438761.755 2026.061 12.1952 0 0 0 3.81e-05 0.0003807 
2010000 2010 1000.0 2457388.391 1995.891 12.2079 0 0 0 4.15e-05 0.000415 
2020000 2020 1000.0 2477984.271 2007.724 12.205 0 0 0 3.94e-05 0.0003942 
2030000 2030 1000.0 2498452.181 2015.303 12.1877 0 0 0 3.9e-05 0.00039 
2040000 2040 1000.0 2518840.239 2018.353 11.8462 0 0 0 3.87e-05 0.0003865 
2050000 2050 1000.0 2539661.654 2030.397 11.5902 0 0 0 3.93e-05 0.0003926 
2060000 2060 1000.0 2561693.6 2062.385 11.3532 0 0 0 3.76e-05 0.0003761 
2070000 2070 1000.0 2584396.498 2100.568 11.1516 0 0 0 3.75e-05 0.0003753 
2080000 2080 1000.0 2606935.177 2128.342 10.9718 0 0 0 3.52e-05 0.0003522 
2090000 2090 1000.0 2629518.874 2152.158 10.8375 0 0 0 3.43e-05 0.0003426 
2100000 2100 1000.0 2652023.135 2169.797 10.7614 0 0 0 3.34e-05 0.0003343 
2110000 2110 1000.0 2674672.892 2187.368 10.6721 0 0 0 3.04e-05 0.0003036 
2120000 2120 1000.0 2696869.897 2193.456 10.6037 0 0 0 2.81e-05 0.0002813 
2130000 2130 1000.0 2719615.108 2208.152 10.5414 0 0 0 2.66e-05 0.0002655 
2140000 2140 1000.0 2740905.273 2193.45 10.4933 0 0 0 2.73e-05 0.0002729 
2150000 2150 1000.0 2763294.281 2202.288 10.4454 0 0 0 2.59e-05 0.000259 
2160000 2160 1000.0 2785759.092 2210.354 10.395 0 0 0 2.58e-05 0.0002581 
2170000 2170 1000.0 2808258.46 2217.4 10.3636 0 0 0 2.58e-05 0.0002578 
2180000 2180 1000.0 2830642.792 2221.213 10.3313 0 0 0 2.64e-05 0.0002639 
2190000 2190 1000.0 2853084.015 2225.587 10.3205 0 0 0 2.43e-05 0.0002426 
2200000 2200 1000.0 2875620.658 2230.606 10.2663 0 0 0 2.39e-05 0.0002391 
2210000 2210 1000.0 2898068.386 2233.546 10.2488 0 0 0 2.39e-05 0.0002387 
2220000 2220 1000.0 2920437.381 2234.159 10.2444 0 0 0 2.18e-05 0.0002183 
2230000 2230 1000.0 2942652.717 2231.906 10.2263 0 0 0 2.2e-05 0.0002204 
2240000 2240 1000.0 2965512.485 2241.549 10.192 0 0 0 2.15e-05 0.0002151 
2250000 2250 1000.0 2988303.255 2247.91 10.1718 0 0 0 1.98e-05 0.0001982 
2260000 2260 1000.0 3009558.852 2224.599 10.1116 0 0 0 1.91e-05 0.0001913 
2270000 2270 1000.0 3031567.304 2220.5 10.0999 0 0 0 1.99e-05 0.0001989 
2280000 2280 1000.0 3053905.197 2222.995 10.0866 0 0 0 1.8e-05 0.0001796 
2290000 2290 1000.0 3076738.726 2234.114 10.0715 0 0 0 1.96e-05 0.0001961 
2300000 2300 1000.0 3099372.632 2239.439 10.0394 0 0 0 1.82e-05 0.0001817 
2310000 2310 1000.0 3122302.868 2249.498 10.0253 0 0 0 1.89e-05 0.0001889 
2320000 2320 1000.0 3145069.941 2254.127 9.9853 0 0 0 1.89e-05 0.0001888 
2330000 2330 1000.0 3168052.964 2262.534 9.9959 0 0 0 1.93e-05 0.0001929 
2340000 2340 1000.0 3190946.867 2267.357 10.0244 0 0 0 1.86e-05 0.0001857 
2350000 2350 1000.0 3213084.533 2257.336 10.0079 0 0 0 1.86e-05 0.0001857 
2360000 2360 1000.0 3235805.156 2260.229 9.9963 0 0 0 1.9e-05 0.0001904 
2370000 2370 1000.0 3258729.091 2265.55 9.9726 0 0 0 1.94e-05 0.0001942 
2380000 2380 1000.0 3281216.526 2262.833 9.9679 0 0 0 1.84e-05 0.0001843 
2390000 2390 1000.0 3304720.727 2279.278 9.9515 0 0 0 1.75e-05 0.0001752 
2400000 2400 1000.0 3328224.701 2291.945 9.9415 0 0 0 1.92e-05 0.0001925 
2410000 2410 1000.0 3351354.679 2295.633 9.9718 0 0 0 1.92e-05 0.0001924 
2420000 2420 1000.0 3374371.792 2297.095 9.9558 0 0 0 1.91e-05 0.0001906 
2430000 2430 1000.0 3396612.893 2283.364 9.9587 0 0 0 1.91e-05 0.0001915 
2440000 2440 1000.0 3419289.77 2280.259 9.9342 0 0 0 1.9e-05 0.0001899 
2450000 2450 1000.0 3441199.363 2264.434 9.9738 0 0 0 2.04e-05 0.0002036 
2460000 2460 1000.0 3462415.32 2237.584 9.9791 0 0 0 2.07e-05 0.0002074 
2470000 2470 1000.0 3484275.764 2228.198 9.9399 0 0 0 1.9e-05 0.0001897 
2480000 2480 1000.0 3507104.438 2238.06 9.927 0 0 0 1.92e-05 0.0001922 
2490000 2490 1000.0 3529062.066 2229.937 9.9472 0 0 0 1.93e-05 0.0001925 
2500000 2500 1000.0 3551537.436 2233.254 9.9417 0 0 0 1.96e-05 0.0001961 
2510000 2510 1000.0 3574784.049 2250.199 9.9509 0 0 0 1.93e-05 0.0001932 
2520000 2520 1000.0 3598414.626 2270.675 9.9292 0 0 0 1.89e-05 0.0001895 
2530000 2530 1000.0 3621595.555 2279.384 9.908 0 0 0 2.01e-05 0.0002009 
2540000 2540 1000.0 3645320.607 2296.247 9.9106 0 0 0 2.04e-05 0.0002035 
2550000 2550 1000.0 3668222.078 2295.213 9.9135 0 0 0 1.93e-05 0.0001929 
2560000 2560 1000.0 3690922.66 2291.135 9.9326 0 0 0 1.98e-05 0.0001981 
2570000 2570 1000.0 3714214.775 2298.073 9.9417 0 0 0 2.13e-05 0.0002132 
2580000 2580 1000.0 3737716.564 2307.516 10.5369 0 0 0 2e-05 0.0002004 
2590000 2590 1000.0 3761435.082 2319.561 10.4595 0 0 0 1.97e-05 0.0001974 
2600000 2600 1000.0 3784533.805 2317.246 10.4069 0 0 0 1.99e-05 0.0001989 
2610000 2610 1000.0 3807646.37 2316.58 10.3161 0 0 0 1.97e-05 0.0001971 
2620000 2620 1000.0 3830390.351 2308.811 10.2643 0 0 0 1.98e-05 0.0001982 
2630000 2630 1000.0 3851639.406 2274.904 10.2759 0 0 0 2e-05 0.0002003 
2640000 2640 1000.0 3873470.291 2258.204 10.2945 0 0 0 2e-05 0.0001998 
2650000 2650 1000.0 3896044.516 2258.396 10.2866 0 0 0 1.87e-05 0.0001871 
2660000 2660 1000.0 3918592.397 2257.902 10.2961 0 0 0 1.79e-05 0.0001793 
2670000 2670 1000.0 3942028.928 2273.787 10.2788 0 0 0 1.84e-05 0.0001837 
2680000 2680 1000.0 3963935.155 2257.731 10.2506 0 0 0 1.89e-05 0.0001888 
2690000 2690 1000.0 3985591.203 2239.643 10.2337 0 0 0 1.88e-05 0.0001885 
2700000 2700 1000.0 4007916.256 2239.032 10.2115 0 0 0 1.89e-05 0.0001886 
2710000 2710 1000.0 4030506.442 2243.196 10.2204 0 0 0 1.92e-05 0.0001917 
2720000 2720 1000.0 4053421.978 2251.742 10.2002 0 0 0 1.87e-05 0.0001868 
2730000 2730 1000.0 4076745.311 2266.565 10.2039 0 0 0 1.83e-05 0.0001829 
2740000 2740 1000.0 4099245.037 2263.639 10.1684 0 0 0 1.96e-05 0.0001963 
2750000 2750 1000.0 4122295.727 2271.682 10.1569 0 0 0 1.81e-05 0.0001807 
2760000 2760 1000.0 4145201.092 2275.775 10.142 0 0 0 1.94e-05 0.0001942 
2770000 2770 1000.0 4167667.219 2270.932 10.1106 0 0 0 2.04e-05 0.0002039 
2780000 2780 1000.0 4190418.641 2271.455 10.1069 0 0 0 1.88e-05 0.0001879 
2790000 2790 1000.0 4213650.904 2280.78 10.0948 0 0 0 1.96e-05 0.000196 
2800000 2800 1000.0 4236292.882 2277.827 10.0797 0 0 0 1.94e-05 0.0001939 
2810000 2810 1000.0 4259136.265 2278.418 10.0555 0 0 0 2.05e-05 0.0002046 
2820000 2820 1000.0 4282325.173 2285.805 10.0242 0 0 0 2.09e-05 0.0002088 
2830000 2830 1000.0 4305060.663 2283.237 10.0127 0 0 0 1.79e-05 0.0001794 
2840000 2840 1000.0 4328763.338 2299.122 9.9907 0 0 0 1.92e-05 0.0001918 
2850000 2850 1000.0 4352036.52 2304.195 9.976 0 0 0 1.93e-05 0.0001927 
2860000 2860 1000.0 4375014.617 2303.35 9.9773 0 0 0 1.89e-05 0.0001894 
2870000 2870 1000.0 4398302.717 2308.01 9.9791 0 0 0 1.78e-05 0.0001784 
2880000 2880 1000.0 4420919.252 2299.663 9.9699 0 0 0 1.8e-05 0.0001801 
2890000 2890 1000.0 4443956.646 2300.86 9.9558 0 0 0 1.82e-05 0.0001823 
2900000 2900 1000.0 4466690.055 2295.529 9.9498 0 0 0 1.81e-05 0.0001807 
2910000 2910 1000.0 4490108.895 2304.083 9.9364 0 0 0 1.71e-05 0.0001706 
2920000 2920 1000.0 4512545.093 2293.556 9.9206 0 0 0 1.88e-05 0.0001884 
2930000 2930 1000.0 4535469.333 2292.934 9.9217 0 0 0 1.69e-05 0.0001691 
2940000 2940 1000.0 4558685.333 2298.045 9.9164 0 0 0 1.83e-05 0.000183 
2950000 2950 1000.0 4581185.409 2289.134 9.9315 0 0 0 1.72e-05 0.000172 
2960000 2960 1000.0 4604604.16 2299.017 9.9423 0 0 0 1.76e-05 0.0001762 
2970000 2970 1000.0 4627611.695 2299.374 9.9464 0 0 0 1.72e-05 0.0001723 
2980000 2980 1000.0 4650600.403 2299.276 9.9125 0 0 0 1.74e-05 0.0001736 
2990000 2990 1000.0 4673646.812 2300.448 9.8772 0 0 0 1.79e-05 0.0001793 
3000000 3000 1000.0 4696099.886 2290.305 9.8741 0 0 0 1.85e-05 0.0001847 
3010000 3010 1000.0 4719164.442 2293.431 9.8804 0 0 0 1.89e-05 0.0001894 
3020000 3020 1000.0 4742683.483 2304.237 9.8809 0 0 0 1.77e-05 0.0001773 
3030000 3030 1000.0 4765876.022 2307.193 9.888 0 0 0 2.02e-05 0.0002019 
3040000 3040 1000.0 4789330.059 2314.627 9.878 0 0 0 1.77e-05 0.0001769 
3050000 3050 1000.0 4812442.122 2313.944 9.8961 0 0 0 1.89e-05 0.0001891 
3060000 3060 1000.0 4835707.02 2316.811 9.8848 0 0 0 1.83e-05 0.0001831 
3070000 3070 1000.0 4859031.175 2319.294 9.8774 0 0 0 1.83e-05 0.0001826 
3080000 3080 1000.0 4881555.678 2306.543 9.8708 0 0 0 1.82e-05 0.0001819 
3090000 3090 1000.0 4905099.51 2315.731 9.8734 0 0 0 1.86e-05 0.0001864 
3100000 3100 1000.0 4928286.532 2316.051 9.8676 0 0 0 1.86e-05 0.0001857 
3110000 3110 1000.0 4951354.201 2313.912 9.9053 0 0 0 1.8e-05 0.0001796 
3120000 3120 1000.0 4974555.873 2314.898 9.8878 0 0 0 1.9e-05 0.00019 
3130000 3130 1000.0 4997117.786 2303.792 9.8826 0 0 0 1.96e-05 0.0001961 
3140000 3140 1000.0 5020386.576 2308.312 9.8731 0 0 0 1.95e-05 0.0001949 
3150000 3150 1000.0 5043601.63 2310.32 9.873 0 0 0 1.94e-05 0.0001936 
3160000 3160 1000.0 5066865.975 2313.542 9.8826 0 0 0 2.1e-05 0.0002102 
3170000 3170 1000.0 5090588.395 2324.356 9.8796 0 0 0 1.95e-05 0.0001946 
3180000 3180 1000.0 5114114.411 2329.516 9.881 0 0 0 1.88e-05 0.0001884 
3190000 3190 1000.0 5137676.859 2334.073 9.8576 0 0 0 1.93e-05 0.0001928 
3200000 3200 1000.0 5160239.105 2319.088 9.8549 0 0 0 1.87e-05 0.0001874 
3210000 3210 1000.0 5183567.272 2321.777 9.8559 0 0 0 2.04e-05 0.0002044 
3220000 3220 1000.0 5205902.375 2305.001 9.8737 0 0 0 2.09e-05 0.0002094 
3230000 3230 1000.0 5229169.57 2308.78 9.8952 0 0 0 1.92e-05 0.0001916 
3240000 3240 1000.0 5252046.465 2304.989 9.8927 0 0 0 1.93e-05 0.0001933 
3250000 3250 1000.0 5274170.24 2288.386 9.8992 0 0 0 2.08e-05 0.000208 
3260000 3260 1000.0 5296613.137 2280.565 9.9074 0 0 0 2.04e-05 0.0002036 
3270000 3270 1000.0 5319333.223 2279.204 9.9179 0 0 0 1.96e-05 0.0001963 
3280000 3280 1000.0 5341091.615 2258.565 9.9035 0 0 0 2.19e-05 0.0002193 
3290000 3290 1000.0 5363300.791 2253.392 9.9135 0 0 0 1.93e-05 0.0001933 
3300000 3300 1000.0 5386647.79 2268.227 9.9151 0 0 0 1.96e-05 0.0001957 
3310000 3310 1000.0 5409551.262 2272.412 9.931 0 0 0 1.98e-05 0.0001977 
3320000 3320 1000.0 5431964.991 2267.064 9.9161 0 0 0 2.11e-05 0.0002109 
3330000 3330 1000.0 5454150.336 2257.772 9.9106 0 0 0 2.15e-05 0.000215 
3340000 3340 1000.0 5476722.798 2257.885 9.8999 0 0 0 2.02e-05 0.0002015 
3350000 3350 1000.0 5499493.62 2261.936 9.8971 0 0 0 2.06e-05 0.000206 
3360000 3360 1000.0 5522217.063 2264.228 9.9177 0 0 0 2.2e-05 0.0002201 
3370000 3370 1000.0 5545514.419 2276.323 9.8975 0 0 0 2.06e-05 0.0002059 
3380000 3380 1000.0 5568260.235 2276.133 9.9101 0 0 0 2.13e-05 0.0002127 
3390000 3390 1000.0 5591729.429 2288.893 9.9298 0 0 0 2.09e-05 0.0002091 
3400000 3400 1000.0 5614367.568 2284.325 9.9231 0 0 0 2.08e-05 0.0002084 
3410000 3410 1000.0 5636788.162 2275.876 9.9319 0 0 0 2.2e-05 0.0002198 
3420000 3420 1000.0 5659398.304 2273.521 9.9293 0 0 0 2.09e-05 0.0002088 
3430000 3430 1000.0 5682214.455 2275.122 9.9285 0 0 0 2.2e-05 0.0002199 
3440000 3440 1000.0 5704780.511 2271.245 9.9403 0 0 0 2.09e-05 0.0002088 
3450000 3450 1000.0 5726986.543 2262.424 9.9174 0 0 0 2.51e-05 0.0002513 
3460000 3460 1000.0 5747813.477 2228.938 9.8979 0 0 0 2.83e-05 0.0002827 
3470000 3470 1000.0 5770008.294 2227.743 9.8875 0 0 0 2.66e-05 0.0002663 
3480000 3480 1000.0 5793333.491 2246.901 9.9083 0 0 0 2.51e-05 0.0002512 
3490000 3490 1000.0 5816582.681 2261.451 9.9224 0 0 0 2.61e-05 0.0002614 
3500000 3500 1000.0 5839726.291 2271.245 9.9248 0 0 0 2.52e-05 0.0002521 
3510000 3510 1000.0 5863239.914 2285.659 9.9372 0 0 0 2.63e-05 0.0002633 
3520000 3520 1000.0 5886862.745 2299.887 10.5754 0 0 0 2.57e-05 0.0002574 
3530000 3530 1000.0 5910557.231 2312.484 10.5087 0 0 0 2.38e-05 0.0002381 
3540000 3540 1000.0 5933907.679 2316.852 10.4785 0 0 0 2.41e-05 0.0002407 
3550000 3550 1000.0 5957803.635 2330.108 10.4116 0 0 0 2.6e-05 0.0002599 
3560000 3560 1000.0 5981506.688 2337.406 10.3552 0 0 0 2.53e-05 0.0002533 
3570000 3570 1000.0 6004777.25 2335.719 10.3267 0 0 0 2.39e-05 0.0002395 
3580000 3580 1000.0 6027564.523 2325.235 10.3702 0 0 0 2.41e-05 0.0002414 
3590000 3590 1000.0 6050034.752 2310.132 10.3366 0 0 0 2.48e-05 0.0002484 
3600000 3600 1000.0 6072152.598 2292.582 10.3319 0 0 0 2.51e-05 0.0002512 
3610000 3610 1000.0 6094702.734 2285.908 10.304 0 0 0 2.47e-05 0.0002473 
3620000 3620 1000.0 6117241.298 2279.902 10.2717 0 0 0 2.53e-05 0.0002526 
3630000 3630 1000.0 6139896.93 2277.315 10.2817 0 0 0 2.42e-05 0.0002421 
3640000 3640 1000.0 6163035.933 2283.743 10.301 0 0 0 2.41e-05 0.0002406 
3650000 3650 1000.0 6185622.897 2278.869 10.2927 0 0 0 2.39e-05 0.0002391 
3660000 3660 1000.0 6208516.772 2280.714 10.2893 0 0 0 2.08e-05 0.0002083 
3670000 3670 1000.0 6230822.616 2271.607 10.2421 0 0 0 1.96e-05 0.0001957 
3680000 3680 1000.0 6253121.904 2264.257 10.2503 0 0 0 1.94e-05 0.0001939 
3690000 3690 1000.0 6275690.314 2263.168 10.2725 0 0 0 1.92e-05 0.0001915 
3700000 3700 1000.0 6298344.335 2263.858 10.254 0 0 0 1.91e-05 0.0001911 
3710000 3710 1000.0 6321624.763 2276.088 10.22 0 0 0 1.96e-05 0.0001958 
3720000 3720 1000.0 6345199.646 2291.076 10.2088 0 0 0 1.88e-05 0.0001883 
3730000 3730 1000.0 6368642.14 2300.963 10.2215 0 0 0 1.83e-05 0.0001826 
3740000 3740 1000.0 6391757.79 2302.875 10.1941 0 0 0 1.83e-05 0.000183 
3750000 3750 1000.0 6414545.578 2298.505 10.1951 0 0 0 1.91e-05 0.0001914 
3760000 3760 1000.0 6437631.854 2299.908 10.1946 0 0 0 2.03e-05 0.0002032 
3770000 3770 1000.0 6461045.765 2307.542 10.2024 0 0 0 1.92e-05 0.0001918 
3780000 3780 1000.0 6482802.739 2284.386 10.2115 0 0 0 1.93e-05 0.0001927 
3790000 3790 1000.0 6505413.945 2280.769 10.2262 0 0 0 2.12e-05 0.0002117 
3800000 3800 1000.0 6528320.799 2282.555 10.2099 0 0 0 1.94e-05 0.0001944 
3810000 3810 1000.0 6550605.328 2270.658 10.1951 0 0 0 2.13e-05 0.000213 
3820000 3820 1000.0 6573608.024 2276.14 10.1847 0 0 0 2.08e-05 0.0002078 
3830000 3830 1000.0 6596363.441 2276.014 10.1692 0 0 0 2.15e-05 0.0002146 
3840000 3840 1000.0 6619820.064 2288.773 10.1494 0 0 0 2.14e-05 0.0002138 
3850000 3850 1000.0 6642168.621 2278.435 10.1461 0 0 0 2.08e-05 0.0002084 
3860000 3860 1000.0 6663582.923 2252.882 10.1218 0 0 0 2.25e-05 0.0002249 
3870000 3870 1000.0 6685895.345 2249.393 10.0921 0 0 0 2.26e-05 0.0002263 
3880000 3880 1000.0 6708392.318 2249.476 10.0741 0 0 0 2.17e-05 0.0002165 
3890000 3890 1000.0 6730208.717 2236.97 10.0543 0 0 0 2.34e-05 0.0002342 
3900000 3900 1000.0 6752293.167 2231.523 10.0091 0 0 0 2.37e-05 0.0002367 
3910000 3910 1000.0 6770584.471 2163.79 9.9821 0 0 0 2.49e-05 0.000249 
3920000 3920 1000.0 6792444.824 2167.882 9.9692 0 0 0 2.61e-05 0.0002605 
3930000 3930 1000.0 6815394.389 2191.466 9.9631 0 0 0 2.72e-05 0.0002724 
3940000 3940 1000.0 6837803.5 2201.561 9.956 0 0 0 2.62e-05 0.0002619 
3950000 3950 1000.0 6860483.668 2213.54 9.9345 0 0 0 2.56e-05 0.0002558 
3960000 3960 1000.0 6883977.214 2238.518 9.9084 0 0 0 2.63e-05 0.0002635 
3970000 3970 1000.0 6906394.163 2239.045 9.9695 0 0 0 2.68e-05 0.0002675 
3980000 3980 1000.0 6929334.84 2248.774 9.9525 0 0 0 2.77e-05 0.000277 
3990000 3990 1000.0 6952932.649 2268.949 9.9412 0 0 0 2.57e-05 0.0002572 
4000000 4000 1000.0 6976294.593 2281.24 9.936 0 0 0 2.61e-05 0.0002611 
4010000 4010 1000.0 6999355.033 2285.695 9.9452 0 0 0 2.46e-05 0.0002457 
4020000 4020 1000.0 7022330.64 2287.97 9.9393 0 0 0 2.54e-05 0.0002543 
4030000 4030 1000.0 7045579.869 2294.617 9.9248 0 0 0 2.55e-05 0.000255 
4040000 4040 1000.0 7068774.197 2298.975 9.9145 0 0 0 2.5e-05 0.0002497 
4050000 4050 1000.0 7092157.792 2306.025 9.9339 0 0 0 2.63e-05 0.0002633 
4060000 4060 1000.0 7115832.742 2317.068 9.9256 0 0 0 2.36e-05 0.0002359 
4070000 4070 1000.0 7139420.825 2324.829 9.9125 0 0 0 2.37e-05 0.0002365 
4080000 4080 1000.0 7163223.274 2334.736 9.9177 0 0 0 2.54e-05 0.0002541 
4090000 4090 1000.0 7186663.011 2336.164 9.9179 0 0 0 2.38e-05 0.0002377 
4100000 4100 1000.0 7210470.926 2344.119 9.9232 0 0 0 2.14e-05 0.0002141 
4110000 4110 1000.0 7234491.648 2354.63 9.9141 0 0 0 2.21e-05 0.0002209 
4120000 4120 1000.0 7258308.853 2359.426 9.9242 0 0 0 2.08e-05 0.0002077 
4130000 4130 1000.0 7282008.829 2361.977 9.9176 0 0 0 2.26e-05 0.0002258 
4140000 4140 1000.0 7305602.029 2361.06 9.9377 0 0 0 2.02e-05 0.0002019 
4150000 4150 1000.0 7328532.325 2348.276 9.929 0 0 0 2.04e-05 0.0002043 
4160000 4160 1000.0 7351431.801 2338.086 9.9503 0 0 0 2.15e-05 0.0002149 
4170000 4170 1000.0 7374173.724 2325.874 9.9635 0 0 0 2.12e-05 0.0002121 
4180000 4180 1000.0 7396650.769 2311.428 9.9447 0 0 0 2.09e-05 0.0002089 
4190000 4190 1000.0 7419430.655 2305.303 9.9683 0 0 0 1.93e-05 0.0001931 
4200000 4200 1000.0 7441862.524 2293.878 9.9651 0 0 0 2.09e-05 0.0002095 
4210000 4210 1000.0 7464658.864 2291.761 9.9393 0 0 0 2.04e-05 0.000204 
4220000 4220 1000.0 7487253.826 2285.657 9.9299 0 0 0 2.07e-05 0.0002072 
4230000 4230 1000.0 7510196.318 2287.83 9.934 0 0 0 2.09e-05 0.0002091 
4240000 4240 1000.0 7532595.687 2279.584 9.9386 0 0 0 2.15e-05 0.0002151 
4250000 4250 1000.0 7555330.003 2278.585 9.9527 0 0 0 2.25e-05 0.0002251 
4260000 4260 1000.0 7578917.333 2293.292 9.961 0 0 0 2.27e-05 0.0002274 
4270000 4270 1000.0 7601901.294 2294.224 9.9353 0 0 0 2.17e-05 0.0002167 
4280000 4280 1000.0 7624380.874 2285.82 9.9356 0 0 0 2.19e-05 0.0002192 
4290000 4290 1000.0 7647657.501 2293.88 9.9183 0 0 0 2.09e-05 0.0002093 
4300000 4300 1000.0 7671739.397 2314.643 9.8948 0 0 0 2.19e-05 0.0002194 
4310000 4310 1000.0 7695981.499 2335.049 9.8854 0 0 0 2.16e-05 0.0002165 
4320000 4320 1000.0 7719888.745 2344.718 9.9105 0 0 0 2.21e-05 0.0002207 
4330000 4330 1000.0 7743331.479 2344.663 9.9084 0 0 0 2.18e-05 0.0002181 
4340000 4340 1000.0 7766957.233 2347.721 9.894 0 0 0 2.1e-05 0.0002104 
4350000 4350 1000.0 7790483.169 2348.707 9.9156 0 0 0 2.07e-05 0.0002072 
4360000 4360 1000.0 7813644.481 2342.269 9.9208 0 0 0 2.07e-05 0.0002066 
4370000 4370 1000.0 7836017.615 2323.105 9.9003 0 0 0 2.14e-05 0.0002141 
4380000 4380 1000.0 7859184.854 2321.082 9.889 0 0 0 2.18e-05 0.0002182 
4390000 4390 1000.0 7878480.978 2251.06 9.8896 0 0 0 2.13e-05 0.0002127 
4400000 4400 1000.0 7902120.573 2271.232 9.9124 0 0 0 2.16e-05 0.0002157 
4410000 4410 1000.0 7925716.988 2287.486 9.9135 0 0 0 2.18e-05 0.0002184 
4420000 4420 1000.0 7949902.752 2311.394 9.9254 0 0 0 2.12e-05 0.0002121 
4430000 4430 1000.0 7974607.401 2340.17 9.9214 0 0 0 2.06e-05 0.0002063 
4440000 4440 1000.0 7998917.236 2356.952 9.9215 0 0 0 2.01e-05 0.0002009 
4450000 4450 1000.0 8022885.274 2364.864 10.5442 0 0 0 2.07e-05 0.0002073 
4460000 4460 1000.0 8047601.262 2384.759 10.4991 0 0 0 2.05e-05 0.0002045 
4470000 4470 1000.0 8072262.601 2399.74 10.4346 0 0 0 1.95e-05 0.0001947 
4480000 4480 1000.0 8097032.573 2413.684 10.4192 0 0 0 2.04e-05 0.0002036 
4490000 4490 1000.0 8120743.66 2405.761 10.3782 0 0 0 1.9e-05 0.0001903 
4500000 4500 1000.0 8144706.977 2403.94 10.3628 0 0 0 2.04e-05 0.0002036 
4510000 4510 1000.0 8168707.291 2403.179 10.3363 0 0 0 2.03e-05 0.0002025 
4520000 4520 1000.0 8192614.935 2401.257 10.3123 0 0 0 2.12e-05 0.0002117 
4530000 4530 1000.0 8216614.348 2400.389 10.2807 0 0 0 2.09e-05 0.0002087 
4540000 4540 1000.0 8240632.98 2400.261 10.2809 0 0 0 2.12e-05 0.0002124 
4550000 4550 1000.0 8264698.537 2401.229 10.2748 0 0 0 1.97e-05 0.0001971 
4560000 4560 1000.0 8288324.691 2394.42 10.2851 0 0 0 2.14e-05 0.000214 
4570000 4570 1000.0 8312007.896 2389.93 10.2943 0 0 0 2.07e-05 0.0002067 
4580000 4580 1000.0 8335840.519 2388.867 10.2763 0 0 0 2.13e-05 0.0002126 
4590000 4590 1000.0 8359872.988 2391.554 10.2714 0 0 0 2.07e-05 0.0002072 
4600000 4600 1000.0 8383432.715 2385.122 10.2443 0 0 0 1.97e-05 0.0001975 
4610000 4610 1000.0 8407450.757 2388.307 10.2632 0 0 0 2.01e-05 0.0002014 
4620000 4620 1000.0 8431437.78 2390.072 10.2629 0 0 0 2.04e-05 0.0002036 
4630000 4630 1000.0 8455042.378 2384.406 10.2439 0 0 0 1.86e-05 0.0001862 
4640000 4640 1000.0 8478227.247 2372.541 10.226 0 0 0 1.99e-05 0.0001994 
4650000 4650 1000.0 8501532.204 2364.81 10.2308 0 0 0 1.96e-05 0.0001962 
4660000 4660 1000.0 8523966.982 2343.072 10.222 0 0 0 2.16e-05 0.0002155 
4670000 4670 1000.0 8547055.022 2336.018 10.2211 0 0 0 2.11e-05 0.0002114 
4680000 4680 1000.0 8569511.202 2319.47 10.229 0 0 0 2.15e-05 0.0002149 
4690000 4690 1000.0 8592335.937 2313.064 10.215 0 0 0 2.17e-05 0.0002168 
4700000 4700 1000.0 8614541.414 2296.535 10.1882 0 0 0 2.46e-05 0.0002459 
4710000 4710 1000.0 8638644.143 2317.649 10.194 0 0 0 2.09e-05 0.0002089 
4720000 4720 1000.0 8662650.153 2333.266 10.1824 0 0 0 2.15e-05 0.000215 
4730000 4730 1000.0 8686894.109 2350.189 10.198 0 0 0 2.23e-05 0.0002227 
4740000 4740 1000.0 8711397.005 2368.548 10.1923 0 0 0 2.04e-05 0.0002037 
4750000 4750 1000.0 8735702.713 2379.969 10.1591 0 0 0 2.03e-05 0.0002025 
4760000 4760 1000.0 8759309.165 2375.649 10.1111 0 0 0 2.03e-05 0.0002031 
4770000 4770 1000.0 8783253.622 2379.095 10.1007 0 0 0 2.12e-05 0.0002121 
4780000 4780 1000.0 8807286.56 2383.292 10.0701 0 0 0 2.09e-05 0.000209 
4790000 4790 1000.0 8831686.607 2393.868 10.0259 0 0 0 2.08e-05 0.000208 
4800000 4800 1000.0 8856118.343 2403.014 9.9815 0 0 0 2.02e-05 0.0002016 
4810000 4810 1000.0 8880461.69 2408.03 9.9536 0 0 0 1.93e-05 0.0001929 
4820000 4820 1000.0 8903946.992 2396.891 9.9462 0 0 0 2.05e-05 0.0002053 
4830000 4830 1000.0 8927431.423 2387.634 9.9382 0 0 0 1.99e-05 0.0001995 
4840000 4840 1000.0 8951112.92 2384.199 9.9212 0 0 0 2.03e-05 0.0002034 
4850000 4850 1000.0 8975368.874 2392.213 9.9342 0 0 0 2.1e-05 0.00021 
4860000 4860 1000.0 8999471.59 2395.283 9.9306 0 0 0 1.98e-05 0.0001977 
4870000 4870 1000.0 9023318.773 2392.51 9.9368 0 0 0 1.87e-05 0.0001874 
4880000 4880 1000.0 9046687.424 2382.068 9.9559 0 0 0 1.85e-05 0.0001846 
4890000 4890 1000.0 9069988.848 2372.673 9.9568 0 0 0 1.93e-05 0.0001929 
4900000 4900 1000.0 9093372.547 2367.097 9.9895 0 0 0 1.9e-05 0.0001902 
4910000 4910 1000.0 9116645.763 2359.308 9.9876 0 0 0 1.8e-05 0.0001798 
4920000 4920 1000.0 9140448.208 2363.279 9.9934 0 0 0 1.75e-05 0.0001753 
4930000 4930 1000.0 9164278.196 2366.723 9.9808 0 0 0 1.78e-05 0.0001784 
4940000 4940 1000.0 9188388.736 2374.565 9.9846 0 0 0 1.81e-05 0.0001807 
4950000 4950 1000.0 9212572.795 2382.71 9.9768 0 0 0 1.81e-05 0.0001811 
4960000 4960 1000.0 9236252.9 2379.62 9.9732 0 0 0 1.78e-05 0.0001779 
4970000 4970 1000.0 9259836.946 2375.992 9.9557 0 0 0 1.89e-05 0.0001886 
4980000 4980 1000.0 9283814.291 2379.854 9.9412 0 0 0 1.85e-05 0.000185 
4990000 4990 1000.0 9308050.223 2387.641 9.9384 0 0 0 1.89e-05 0.0001888 
5000000 5000 1000.0 9331890.614 2387.209 9.9327 0 0 0 1.83e-05 0.0001834 
5010000 5010 1000.0 9355233.811 2377.884 9.9475 0 0 0 1.85e-05 0.0001851 
5020000 5020 1000.0 9379224.237 2381.655 9.9626 0 0 0 1.92e-05 0.0001915 
5030000 5030 1000.0 9402996.985 2381.151 9.9808 0 0 0 1.84e-05 0.0001839 
5040000 5040 1000.0 9426523.701 2376.302 9.9609 0 0 0 1.86e-05 0.0001862 
5050000 5050 1000.0 9450149.768 2373.49 9.9598 0 0 0 1.88e-05 0.0001882 
5060000 5060 1000.0 9472845.061 2354.916 9.9396 0 0 0 1.9e-05 0.0001903 
5070000 5070 1000.0 9496502.578 2356.861 9.9671 0 0 0 1.93e-05 0.0001926 
5080000 5080 1000.0 9519560.504 2346.962 9.9607 0 0 0 1.84e-05 0.0001836 
5090000 5090 1000.0 9543118.211 2348.881 9.9461 0 0 0 1.93e-05 0.0001934 
5100000 5100 1000.0 9566410.023 2345.515 9.9537 0 0 0 2e-05 0.0001998 
5110000 5110 1000.0 9589830.606 2345.11 9.9672 0 0 0 1.89e-05 0.0001888 
5120000 5120 1000.0 9613251.969 2344.607 9.9716 0 0 0 2.02e-05 0.0002023 
5130000 5130 1000.0 9637566.322 2360.674 9.9636 0 0 0 1.9e-05 0.0001901 
5140000 5140 1000.0 9661750.095 2371.033 9.9585 0 0 0 1.78e-05 0.0001775 
5150000 5150 1000.0 9685408.748 2369.914 9.9763 0 0 0 1.86e-05 0.0001861 
5160000 5160 1000.0 9708756.151 2363.659 9.9951 0 0 0 1.98e-05 0.0001977 
5170000 5170 1000.0 9731777.354 2352.524 9.9619 0 0 0 1.91e-05 0.000191 
5180000 5180 1000.0 9755807.799 2362.224 9.9512 0 0 0 1.86e-05 0.0001856 
5190000 5190 1000.0 9778783.731 2350.676 9.9748 0 0 0 1.88e-05 0.0001883 
5200000 5200 1000.0 9802392.797 2353.521 9.9577 0 0 0 1.92e-05 0.0001918 
5210000 5210 1000.0 9825816.023 2350.992 9.9467 0 0 0 1.75e-05 0.0001745 
5220000 5220 1000.0 9847882.662 2323.907 9.9361 0 0 0 2.01e-05 0.0002009 
5230000 5230 1000.0 9871383.314 2328.633 9.9457 0 0 0 1.95e-05 0.0001954 
5240000 5240 1000.0 9895367.492 2341.983 9.9572 0 0 0 2.01e-05 0.0002011 
5250000 5250 1000.0 9919446.073 2353.979 9.9697 0 0 0 1.86e-05 0.0001865 
5260000 5260 1000.0 9942976.124 2353.7 9.974 0 0 0 2.04e-05 0.0002041 
5270000 5270 1000.0 9967445.54 2370.91 9.9726 0 0 0 1.84e-05 0.0001837 
5280000 5280 1000.0 9992214.711 2390.212 9.9817 0 0 0 1.96e-05 0.0001964 
5290000 5290 1000.0 10016739.697 2401.823 9.9679 0 0 0 1.91e-05 0.0001911 
5300000 5300 1000.0 10041702.026 2419.38 9.9832 0 0 0 1.96e-05 0.0001957 
5310000 5310 1000.0 10066427.244 2428.627 9.9622 0 0 0 1.95e-05 0.0001952 
5320000 5320 1000.0 10090021.122 2415.574 9.9781 0 0 0 1.86e-05 0.0001864 
5330000 5330 1000.0 10113659.485 2405.835 9.9743 0 0 0 2.01e-05 0.0002008 
5340000 5340 1000.0 10137233.439 2397.147 9.9732 0 0 0 1.98e-05 0.0001979 
5350000 5350 1000.0 10160120.407 2376.149 9.9659 0 0 0 2.09e-05 0.0002088 
5360000 5360 1000.0 10181752.321 2338.022 9.9576 0 0 0 2.1e-05 0.0002103 
5370000 5370 1000.0 10204874.907 2333.449 9.9538 0 0 0 2.04e-05 0.0002039 
5380000 5380 1000.0 10226970.134 2311.617 9.9699 0 0 0 2.09e-05 0.0002091 
5390000 5390 1000.0 10250775.579 2324.629 10.5441 0 0 0 2.19e-05 0.0002194 
5400000 5400 1000.0 10274703.861 2337.592 10.4476 0 0 0 2.13e-05 0.000213 
5410000 5410 1000.0 10298590.852 2346.447 10.4095 0 0 0 2.11e-05 0.0002106 
5420000 5420 1000.0 10322151.482 2348.042 10.3946 0 0 0 2.13e-05 0.000213 
5430000 5430 1000.0 10345750.986 2350.284 10.3807 0 0 0 2.13e-05 0.0002133 
5440000 5440 1000.0 10368787.721 2341.57 10.3576 0 0 0 1.99e-05 0.0001995 
5450000 5450 1000.0 10391881.621 2335.388 10.3414 0 0 0 2.35e-05 0.0002349 
5460000 5460 1000.0 10414375.703 2319.885 10.3219 0 0 0 2.1e-05 0.0002098 
5470000 5470 1000.0 10437007.156 2310.542 10.2841 0 0 0 2.15e-05 0.0002154 
5480000 5480 1000.0 10460647.182 2319.712 10.2829 0 0 0 2.09e-05 0.0002087 
5490000 5490 1000.0 10484486.34 2331.587 10.2815 0 0 0 2.22e-05 0.000222 
5500000 5500 1000.0 10507816.832 2331.927 10.297 0 0 0 2.47e-05 0.0002466 
5510000 5510 1000.0 10530946.213 2328.317 10.3037 0 0 0 2.38e-05 0.000238 
5520000 5520 1000.0 10554078.61 2324.894 10.3138 0 0 0 2.39e-05 0.0002387 
5530000 5530 1000.0 10576050.463 2301.442 10.3159 0 0 0 2.35e-05 0.000235 
5540000 5540 1000.0 10598523.838 2291.32 10.3235 0 0 0 2.3e-05 0.0002296 
5550000 5550 1000.0 10620559.611 2275.691 10.3045 0 0 0 2.41e-05 0.0002412 
5560000 5560 1000.0 10643095.542 2271.524 10.2971 0 0 0 2.49e-05 0.0002493 
5570000 5570 1000.0 10665630.381 2268.52 10.2927 0 0 0 2.63e-05 0.0002628 
5580000 5580 1000.0 10688233.732 2266.273 10.2666 0 0 0 2.53e-05 0.0002533 
5590000 5590 1000.0 10709580.818 2242.278 10.2308 0 0 0 2.45e-05 0.0002448 
5600000 5600 1000.0 10731264.971 2229.151 10.1944 0 0 0 2.62e-05 0.000262 
5610000 5610 1000.0 10755023.094 2256.069 10.1508 0 0 0 2.69e-05 0.0002685 
5620000 5620 1000.0 10778335.124 2269.942 10.127 0 0 0 3.12e-05 0.0003122 
5630000 5630 1000.0 10800994.469 2269.425 10.0901 0 0 0 2.66e-05 0.0002655 
5640000 5640 1000.0 10823800.301 2271.379 10.0786 0 0 0 2.62e-05 0.0002617 
5650000 5650 1000.0 10846784.282 2276.724 10.0852 0 0 0 2.82e-05 0.0002819 
5660000 5660 1000.0 10869968.767 2284.632 10.0845 0 0 0 2.84e-05 0.0002837 
5670000 5670 1000.0 10892950.488 2287.711 10.0737 0 0 0 2.52e-05 0.0002515 
5680000 5680 1000.0 10916221.132 2294.744 10.0488 0 0 0 2.66e-05 0.0002655 
5690000 5690 1000.0 10939678.03 2304.129 10.0231 0 0 0 2.82e-05 0.0002819 
5700000 5700 1000.0 10963833.001 2324.411 10.0344 0 0 0 2.58e-05 0.0002584 
5710000 5710 1000.0 10988228.124 2345.796 10.0255 0 0 0 2.71e-05 0.0002713 
5720000 5720 1000.0 11012424.354 2358.751 10.0143 0 0 0 2.75e-05 0.000275 
5730000 5730 1000.0 11036337.155 2364.647 9.9755 0 0 0 2.8e-05 0.00028 
5740000 5740 1000.0 11060450.096 2373.233 9.9663 0 0 0 2.41e-05 0.0002405 
5750000 5750 1000.0 11085080.731 2389.955 9.9495 0 0 0 2.41e-05 0.0002408 
5760000 5760 1000.0 11109520.39 2400.16 9.9433 0 0 0 2.33e-05 0.0002327 
5770000 5770 1000.0 11133734.197 2403.784 9.9586 0 0 0 2.21e-05 0.0002207 
5780000 5780 1000.0 11157267.51 2394.35 9.9543 0 0 0 2.23e-05 0.0002233 
5790000 5790 1000.0 11180908.307 2388.5 9.965 0 0 0 2.39e-05 0.0002389 
5800000 5800 1000.0 11204596.123 2384.836 9.9841 0 0 0 2.19e-05 0.0002186 
5810000 5810 1000.0 11227845.691 2373.364 9.9589 0 0 0 2.29e-05 0.0002295 
5820000 5820 1000.0 11250586.887 2354.712 9.9558 0 0 0 2.19e-05 0.0002191 
5830000 5830 1000.0 11273584.213 2344.335 9.9698 0 0 0 2.32e-05 0.0002319 
5840000 5840 1000.0 11297663.478 2356.148 9.9523 0 0 0 2.16e-05 0.0002158 
5850000 5850 1000.0 11321827.254 2367.183 9.9322 0 0 0 2.22e-05 0.0002222 
5860000 5860 1000.0 11345826.687 2372.832 9.9175 0 0 0 2.17e-05 0.000217 
5870000 5870 1000.0 11370603.168 2392.031 9.8957 0 0 0 2.2e-05 0.0002198 
5880000 5880 1000.0 11394261.566 2387.191 9.8797 0 0 0 2.09e-05 0.0002095 
5890000 5890 1000.0 11417904.836 2382.779 9.8906 0 0 0 2.17e-05 0.0002168 
5900000 5900 1000.0 11441038.878 2370.273 9.922 0 0 0 2.25e-05 0.0002253 
5910000 5910 1000.0 11464491.19 2366.543 9.9094 0 0 0 2.22e-05 0.0002221 
5920000 5920 1000.0 11488058.394 2365.268 9.9028 0 0 0 2.27e-05 0.0002267 
5930000 5930 1000.0 11511005.672 2351.474 9.9152 0 0 0 2.28e-05 0.0002278 
5940000 5940 1000.0 11533752.123 2337.947 9.9269 0 0 0 2.33e-05 0.0002332 
5950000 5950 1000.0 11554353.006 2284.073 9.9247 0 0 0 3.82e-05 0.0003824 
5960000 5960 1000.0 11577975.285 2298.332 9.9279 0 0 0 3.35e-05 0.0003345 
5970000 5970 1000.0 11601498.419 2308.552 9.9422 0 0 0 3.01e-05 0.000301 
5980000 5980 1000.0 11624729.516 2310.691 9.9334 0 0 0 3.18e-05 0.0003183 
5990000 5990 1000.0 11647994.943 2313.842 9.8948 0 0 0 3.15e-05 0.000315 
6000000 6000 1000.0 11671856.725 2327.195 9.874 0 0 0 3.23e-05 0.0003231 
