10000 12 166.402 -68.0 -1.114 0.6333 0 0 0 0.0 0.0 
20000 27 297.155 -148.9 -2.486 1.1119 0 0 0 0.0 0.0 
30000 170 118.049 -271.3 -0.94 0.8554 0 0 0 0.0006596 0.0065961 
40000 180 279.382 -282.3 -0.969 2.0865 0 0 0 0.0004983 0.0049833 
50000 191 409.343 -291.3 -0.941 3.067 0 0 0 0.0004112 0.0041121 
60000 201 513.579 -298.3 -0.896 3.8294 0 0 0 0.0003571 0.0035712 
70000 211 596.074 -326.2 -1.252 4.4357 0 0 0 0.0003527 0.0035265 
80000 221 669.963 -335.2 -1.188 5.0003 0 0 0 0.0003233 0.0032333 
90000 231 730.336 -344.2 -1.137 5.446 0 0 0 0.0003258 0.0032578 
100000 241 779.665 -353.2 -1.092 5.8104 0 0 0 0.0003078 0.0030778 
110000 252 812.232 -373.2 -1.254 5.9795 0 0 0 0.0003085 0.0030848 
120000 361 175.303 -535.8 -1.962 1.26 0 0 0 0.0003152 0.0031521 
130000 380 286.111 -553.3 -1.66 2.0194 0 0 0 0.000315 0.0031498 
140000 423 255.51 -585.5 -1.134 1.8517 0 0 0 0.0003168 0.0031676 
150000 487 195.038 -691.7 -1.697 1.4466 0 0 0 0.0003222 0.0032221 
160000 514 261.209 -772.9 -2.11 1.9277 0 0 0 0.0003245 0.0032451 
170000 564 197.219 -849.9 -1.587 1.4678 0 0 0 0.0003737 0.0037367 
180000 643 134.299 -1028.5 -1.523 1.0134 0 0 0 0.0004468 0.0044675 
190000 696 154.417 -1202.2 -2.074 1.1689 0 0 0 0.0004464 0.0044635 
200000 727 226.183 -1245.3 -1.801 1.7027 0 0 0 0.000434 0.0043404 
210000 793 174.542 -1323.6 -1.426 1.2879 0 0 0 0.0004011 0.0040113 
220000 814 276.948 -1414.0 -2.376 1.9437 0 0 0 0.0003722 0.0037225 
230000 843 307.696 -1495.1 -2.454 2.1726 0 0 0 0.0003691 0.0036909 
240000 905 182.699 -1596.7 -1.735 1.3316 0 0 0 0.0003652 0.003652 
250000 988 138.495 -1721.1 -1.502 0.9884 0 0 0 0.0003562 0.003562 
260000 1054 157.5 -1835.9 -1.692 1.0848 0 0 0 0.0003373 0.0033732 
270000 1087 227.324 -1988.8 -3.217 1.629 0 0 0 0.0003251 0.0032512 
280000 1108 314.138 -2131.7 -4.407 2.2984 0 0 0 0.0002815 0.0028154 
290000 1134 345.218 -2205.9 -3.788 2.5446 0 0 0 0.0002651 0.002651 
300000 1165 326.813 -2288.8 -3.148 2.3627 0 0 0 0.0002532 0.0025318 
310000 1183 396.327 -2403.4 -3.937 2.882 0 0 0 0.0002379 0.0023789 
320000 1206 404.503 -2485.8 -3.836 2.9751 0 0 0 0.0002218 0.0022182 
330000 1232 395.633 -2572.1 -3.687 2.9313 0 0 0 0.0002169 0.0021695 
340000 1259 367.976 -2675.1 -3.562 2.7257 0 0 0 0.0002045 0.0020452 
350000 1284 383.686 -2781.1 -3.855 2.7762 0 0 0 0.0001993 0.0019928 
360000 1306 400.843 -2901.3 -4.375 2.9319 0 0 0 0.0001944 0.0019441 
370000 1324 437.571 -3073.7 -5.921 3.2319 0 0 0 0.0001878 0.0018783 
380000 1342 488.768 -3180.8 -5.914 3.6033 0 0 0 0.0001787 0.0017875 
390000 1361 494.597 -3359.5 -7.038 3.66 0 0 0 0.0001701 0.0017008 
400000 1392 409.151 -3458.5 -5.059 3.0434 0 0 0 0.0001691 0.0016907 
410000 1413 419.028 -3601.4 -5.462 3.1163 0 0 0 0.0001633 0.0016326 
420000 1433 442.749 -3805.1 -7.136 3.2919 0 0 0 0.0001531 0.0015312 
430000 1459 425.017 -3860.7 -5.269 3.165 0 0 0 0.0001516 0.0015163 
440000 1482 428.599 -4044.9 -6.272 3.1085 0 0 0 0.0001468 0.0014684 
450000 1508 409.632 -4134.7 -5.107 2.9524 0 0 0 0.0001449 0.0014489 
460000 1524 455.661 -4262.3 -5.756 3.2111 0 0 0 0.0001377 0.0013766 
470000 1543 483.785 -4369.9 -5.672 3.4549 0 0 0 0.0001338 0.0013381 
480000 1567 442.81 -4500.6 -5.373 3.2177 0 0 0 0.0001293 0.0012928 
490000 1596 394.831 -4603.7 -4.575 2.8939 0 0 0 0.0001262 0.0012617 
500000 1625 371.752 -4687.7 -3.671 2.7194 0 0 0 0.0001165 0.0011653 
510000 1653 354.304 -4804.5 -3.78 2.5912 0 0 0 0.00011 0.0011001 
520000 1693 283.568 -4869.0 -2.564 2.0728 0 0 0 0.0001082 0.0010821 
530000 1721 320.11 -4893.0 -1.796 2.3356 0 0 0 0.0001027 0.0010269 
540000 1760 273.484 -4947.2 -1.539 1.9786 0 0 0 9.85e-05 0.000985 
550000 1778 363.072 -4981.5 -1.665 2.6758 0 0 0 9.23e-05 0.0009234 
560000 1809 338.253 -5044.7 -1.61 2.4983 0 0 0 8.73e-05 0.0008732 
570000 1843 317.63 -5154.1 -2.488 2.3834 0 0 0 8.18e-05 0.0008184 
580000 1873 333.402 -5201.6 -2.112 2.506 0 0 0 7.81e-05 0.000781 
590000 1910 300.119 -5245.3 -1.585 2.2654 0 0 0 7.37e-05 0.0007372 
600000 1948 273.613 -5292.8 -1.43 2.0482 0 0 0 7e-05 0.0006996 
610000 1980 282.607 -5314.5 -1.065 2.1164 0 0 0 6.78e-05 0.0006785 
620000 2020 267.124 -5365.5 -1.03 1.9559 0 0 0 6.53e-05 0.0006531 
630000 2052 294.803 -5405.0 -1.302 2.1043 0 0 0 6.09e-05 0.0006088 
640000 2076 324.098 -5436.4 -1.108 2.2464 0 0 0 5.85e-05 0.0005853 
650000 2101 350.02 -5452.7 -1.108 2.402 0 0 0 5.75e-05 0.0005747 
660000 2134 316.471 -5543.6 -1.868 2.1806 0 0 0 5.59e-05 0.0005588 
670000 2183 243.203 -5566.2 -0.937 1.7447 0 0 0 5.47e-05 0.0005465 
680000 2219 243.876 -5582.1 -0.693 1.8054 0 0 0 5.25e-05 0.0005245 
690000 2272 209.964 -5636.6 -0.945 1.5588 0 0 0 4.96e-05 0.0004962 
700000 2306 256.116 -5745.9 -2.342 1.9183 0 0 0 4.88e-05 0.0004876 
710000 2339 297.149 -5779.6 -1.703 2.1779 0 0 0 4.63e-05 0.0004626 
720000 2358 376.39 -5803.6 -1.534 2.6352 0 0 0 4.05e-05 0.0004052 
730000 2389 341.32 -5823.1 -1.12 2.3634 0 0 0 2.94e-05 0.0002936 
740000 2423 318.776 -5842.0 -0.824 2.298 0 0 0 2.43e-05 0.0002433 
750000 2462 281.582 -5863.7 -0.716 2.0398 0 0 0 2.13e-05 0.0002126 
760000 2490 299.532 -5898.2 -0.925 2.2006 0 0 0 2.04e-05 0.000204 
770000 2518 311.789 -5910.4 -0.724 2.3224 0 0 0 1.81e-05 0.0001809 
780000 2551 308.769 -5933.8 -0.721 2.2913 0 0 0 1.74e-05 0.0001738 
790000 2583 319.125 -5974.9 -0.909 2.3134 0 0 0 1.66e-05 0.0001664 
800000 2610 343.494 -6184.7 -3.332 2.5221 0 0 0 1.62e-05 0.0001622 
810000 2638 351.906 -6239.0 -2.856 2.6119 0 0 0 1.46e-05 0.0001456 
820000 2654 426.476 -6244.1 -2.189 3.1711 0 0 0 1.48e-05 0.0001477 
830000 2684 392.171 -6281.6 -1.544 2.9185 0 0 0 1.48e-05 0.000148 
840000 2699 449.145 -6330.0 -2.083 3.3145 0 0 0 1.33e-05 0.000133 
850000 2725 431.205 -6397.4 -2.356 3.1813 0 0 0 1.36e-05 0.0001361 
860000 2744 459.694 -6407.0 -1.771 3.409 0 0 0 1.31e-05 0.0001308 
870000 2776 382.534 -6441.8 -1.403 2.8621 0 0 0 1.2e-05 0.0001203 
880000 2810 331.343 -6466.5 -1.099 2.449 0 0 0 1.19e-05 0.0001192 
