1000 8 13.168 -62.894 -1.271 0.0751 0 0 0 
2000 11 36.735 -69.929 -1.245 0.2352 0 0 0 
3000 19 48.566 -125.357 -1.909 0.3298 0 0 0 
4000 29 58.967 -231.506 -3.701 0.3885 0 0 0 
5000 38 66.175 -293.105 -4.117 0.4347 0 0 0 
6000 44 78.335 -398.737 -5.726 0.5145 0 0 0 
7000 51 86.834 -500.75 -6.567 0.5715 0 0 0 
8000 58 94.353 -631.11 -8.534 0.6311 0 0 0 
9000 64 102.418 -701.887 -8.826 0.7321 0 0 0 
10000 70 107.84 -768.785 -8.976 0.774 0 0 0 
11000 76 115.48 -820.395 -8.927 0.8387 0 0 0 
12000 84 116.843 -854.224 -8.357 0.8631 0 0 0 
13000 92 119.391 -906.127 -8.167 0.9014 0 0 0 
14000 96 129.905 -967.426 -8.64 1.0052 0 0 0 
15000 102 133.696 -1054.235 -9.376 1.0452 0 0 0 
16000 108 136.983 -1073.683 -8.625 1.0589 0 0 0 
17000 115 137.271 -1119.833 -8.544 1.049 0 0 0 
18000 120 143.007 -1164.121 -8.382 1.1085 0 0 0 
19000 121 160.146 -1171.135 -8.473 1.256 0 0 0 
20000 129 156.966 -1171.571 -7.222 1.2409 0 0 0 
21000 136 154.77 -1246.475 -7.62 1.2816 0 0 0 
22000 141 155.598 -1287.318 -7.637 1.279 0 0 0 
23000 147 159.423 -1289.816 -6.855 1.3839 0 0 0 
24000 152 164.595 -1299.479 -6.387 1.4859 0 0 0 
25000 157 167.451 -1323.609 -6.264 1.5485 0 0 0 
26000 163 166.634 -1333.058 -5.765 1.555 0 0 0 
27000 168 169.98 -1329.27 -5.028 1.6266 0 0 0 
28000 173 172.934 -1334.369 -4.678 1.6343 0 0 0 
29000 178 174.456 -1358.814 -4.751 1.6227 0 0 0 
30000 183 177.432 -1351.188 -3.984 1.6751 0 0 0 
31000 188 178.141 -1366.43 -3.916 1.6415 0 0 0 
32000 194 177.42 -1362.131 -3.44 1.8326 0 0 0 
33000 200 177.731 -1341.072 -2.656 1.9306 0 0 0 
34000 205 180.199 -1319.325 -2.003 1.9788 0 0 0 
35000 209 181.344 -1321.484 -1.947 1.9515 0 0 0 
36000 215 183.0 -1317.496 -1.578 1.9683 0 0 0 
37000 220 183.257 -1312.994 -1.464 1.9563 0 0 0 
38000 225 186.182 -1315.101 -1.301 1.9747 0 0 0 
39000 229 189.065 -1300.185 -0.979 2.0045 0 0 0 
40000 235 189.339 -1303.891 -0.846 1.9903 0 0 0 
41000 240 189.206 -1302.829 -0.702 1.9979 0 0 0 
42000 244 192.951 -1314.715 -1.018 2.03 0 0 0 
43000 249 195.768 -1328.578 -1.093 2.0091 0 0 0 
44000 252 194.813 -1323.212 -0.965 1.987 0 0 0 
45000 253 201.897 -1307.758 -0.932 2.0723 0 0 0 
