0 0 0.0 0.0 0.0 0.0 0 0 0 
10000 10 172.072 -1.0 -0.017 0.3595 0 0 0 
20000 21 313.619 1.0 0.023 0.6428 0 0 0 
30000 32 433.684 0.0 0.001 1.3999 0 0 0 
40000 47 500.115 -6.0 -0.098 1.9639 0 0 0 
50000 58 588.614 -7.0 -0.096 2.5548 0 0 0 
60000 73 608.447 -10.0 -0.125 2.8281 0 0 0 
70000 106 436.045 -24.0 -0.294 2.1001 0 0 0 
80000 117 527.846 -26.0 -0.273 2.6042 0 0 0 
90000 129 591.716 -26.0 -0.214 2.9627 0 0 0 
100000 140 646.926 -28.0 -0.208 3.2876 0 0 0 
110000 152 684.103 -31.0 -0.216 3.5057 0 0 0 
120000 171 644.064 -35.0 -0.21 3.3211 0 0 0 
130000 198 531.409 -39.0 -0.197 2.772 0 0 0 
140000 208 611.723 -40.0 -0.179 3.2234 0 0 0 
150000 220 655.262 -36.0 -0.068 3.4508 0 0 0 
160000 234 672.191 -31.0 0.04 3.547 0 0 0 
170000 248 679.905 -32.0 0.01 3.5901 0 0 0 
180000 259 739.31 -33.0 -0.012 3.8859 0 0 0 
190000 269 786.997 -33.0 -0.01 4.1199 0 0 0 
200000 279 825.961 -33.0 -0.008 4.3277 0 0 0 
210000 289 857.797 -33.0 -0.007 4.5144 0 0 0 
220000 299 878.091 -32.0 0.013 4.607 0 0 0 
230000 309 900.392 -32.0 0.011 4.712 0 0 0 
240000 319 918.613 -32.0 0.009 4.7992 0 0 0 
250000 329 933.501 -32.0 0.007 4.8553 0 0 0 
260000 339 945.665 -32.0 0.006 4.9207 0 0 0 
270000 387 468.528 -67.0 -0.487 2.4679 0 0 0 
280000 421 395.301 -85.0 -0.498 2.0883 0 0 0 
290000 431 505.917 -85.0 -0.407 2.6763 0 0 0 
300000 445 556.999 -88.0 -0.359 2.9743 0 0 0 
310000 455 632.214 -87.0 -0.273 3.3914 0 0 0 
320000 468 657.761 -91.0 -0.284 3.5341 0 0 0 
330000 478 720.366 -91.0 -0.232 3.845 0 0 0 
340000 491 732.197 -95.0 -0.246 3.9033 0 0 0 
350000 505 743.118 -94.0 -0.166 3.9577 0 0 0 
360000 516 776.891 -96.0 -0.168 4.11 0 0 0 
370000 531 753.014 -102.0 -0.226 3.9571 0 0 0 
380000 543 755.614 -107.0 -0.266 3.9676 0 0 0 
390000 555 786.27 -107.0 -0.206 4.1344 0 0 0 
400000 571 734.651 -108.0 -0.168 3.8961 0 0 0 
410000 583 757.835 -104.0 -0.061 3.9859 0 0 0 
420000 598 733.068 -107.0 -0.105 3.8634 0 0 0 
430000 615 684.505 -101.0 0.028 3.6004 0 0 0 
440000 630 686.419 -100.0 0.043 3.6308 0 0 0 
450000 644 685.31 -103.0 -0.017 3.6386 0 0 0 
460000 656 721.105 -100.0 0.042 3.8417 0 0 0 
470000 675 641.924 -102.0 -0.016 3.3966 0 0 0 
480000 688 677.906 -100.0 0.024 3.609 0 0 0 
490000 701 705.876 -101.0 -0.003 3.7743 0 0 0 
500000 720 635.377 -96.0 0.078 3.412 0 0 0 
510000 735 648.71 -94.0 0.088 3.4567 0 0 0 
520000 773 443.358 -100.0 -0.028 2.3557 0 0 0 
530000 798 439.302 -103.0 -0.062 2.3186 0 0 0 
540000 820 444.246 -111.0 -0.16 2.3437 0 0 0 
550000 840 448.581 -112.0 -0.108 2.3547 0 0 0 
560000 889 299.77 -134.0 -0.313 1.5721 0 0 0 
570000 915 336.74 -139.0 -0.276 1.7693 0 0 0 
580000 934 395.794 -146.0 -0.307 2.1018 0 0 0 
590000 965 353.1 -150.0 -0.224 1.872 0 0 0 
600000 1002 307.852 -153.0 -0.176 1.6273 0 0 0 
610000 1038 308.604 -162.0 -0.208 1.6462 0 0 0 
620000 1072 307.956 -159.0 -0.058 1.6417 0 0 0 
630000 1106 292.045 -166.0 -0.134 1.5422 0 0 0 
640000 1139 298.282 -177.0 -0.254 1.5793 0 0 0 
650000 1161 357.286 -188.0 -0.339 1.9077 0 0 0 
660000 1181 403.812 -196.0 -0.366 2.1672 0 0 0 
670000 1220 309.152 -222.0 -0.545 1.6507 0 0 0 
680000 1266 255.261 -257.0 -0.675 1.3663 0 0 0 
690000 1293 303.645 -269.0 -0.574 1.6166 0 0 0 
700000 1325 302.467 -285.0 -0.554 1.621 0 0 0 
710000 1361 289.904 -313.0 -0.677 1.5292 0 0 0 
720000 1390 315.665 -323.0 -0.538 1.6722 0 0 0 
730000 1416 338.844 -331.0 -0.426 1.8012 0 0 0 
740000 1436 399.027 -343.0 -0.48 2.098 0 0 0 
750000 1465 384.6 -351.0 -0.389 2.0147 0 0 0 
760000 1499 320.292 -370.0 -0.479 1.684 0 0 0 
770000 1543 270.603 -397.0 -0.563 1.4302 0 0 0 
780000 1573 306.708 -417.0 -0.612 1.654 0 0 0 
790000 1608 293.58 -433.0 -0.538 1.5859 0 0 0 
800000 1633 322.57 -447.0 -0.558 1.7329 0 0 0 
810000 1673 293.334 -460.0 -0.396 1.5721 0 0 0 
820000 1706 300.515 -475.0 -0.451 1.5791 0 0 0 
830000 1739 311.754 -481.0 -0.311 1.6588 0 0 0 
840000 1777 273.422 -494.0 -0.33 1.466 0 0 0 
850000 1804 314.877 -503.0 -0.327 1.6825 0 0 0 
860000 1838 314.694 -517.0 -0.377 1.6586 0 0 0 
870000 1868 316.421 -513.0 -0.152 1.6927 0 0 0 
880000 1915 262.851 -512.0 -0.048 1.4091 0 0 0 
890000 1971 187.135 -516.0 -0.041 1.0129 0 0 0 
900000 2011 216.603 -503.0 0.135 1.1614 0 0 0 
910000 2046 258.344 -495.0 0.225 1.4026 0 0 0 
920000 2103 195.564 -475.0 0.324 1.0613 0 0 0 
930000 2146 214.346 -462.0 0.309 1.1579 0 0 0 
940000 2196 220.532 -445.0 0.344 1.1897 0 0 0 
950000 2262 171.476 -434.0 0.221 0.9334 0 0 0 
960000 2303 198.565 -412.0 0.421 1.0598 0 0 0 
970000 2376 152.652 -363.0 0.644 0.8283 0 0 0 
980000 2424 177.871 -342.0 0.523 0.9401 0 0 0 
990000 2523 98.192 -279.0 0.676 0.5448 0 0 0 
